# ------------------------------------------------------------------------
#                  Input Arguments
# ------------------------------------------------------------------------
# Begin_Input_Arguments
{ 'all_b_mode': ['Beta_k'],
  'args_mk_solver': { 'torch': "<module 'torch' from "
                               "'/home/rafael/anaconda3/lib/python3.9/site-packages/torch/__init__.py'>",
                      'y_grid': [0.0, 0.000309700312, 0.000638645973, 0.00098802599, 0.00135910194, 0.00175321227, 0.00217177688, 0.00261630193, 0.00308838486, 0.00358971984, 0.00412210331, 0.00468744001, 0.00528774917, 0.00592517114, 0.00660197432, 0.0073205624, 0.00808348206, 0.00889343092, 0.00975326602, 0.0106660126, 0.0116348733, 0.0126632377, 0.0137546927, 0.0149130326, 0.0161422702, 0.0174466482, 0.0188306506, 0.0202990157, 0.0218567475, 0.02350913, 0.0252617393, 0.0271204584, 0.0290914903, 0.0311813732, 0.033396994, 0.0357456039, 0.0382348325, 0.0408727029, 0.0436676462, 0.0466285159, 0.0497646022, 0.0530856456, 0.0566018496, 0.0603238931, 0.0642629411, 0.068430655, 0.0728392004, 0.0775012535, 0.0824300053, 0.0876391634, 0.0931429507, 0.0989561006, 0.105093849, 0.111571922, 0.118406518, 0.125614286, 0.133212296, 0.141218006, 0.14964922, 0.158524039, 0.167860801, 0.177678022, 0.187994313, 0.1988283, 0.21019853, 0.222123362, 0.234620856, 0.247708641, 0.261403784, 0.275722637, 0.290680679, 0.306292354, 0.322570888, 0.339528108, 0.357174255, 0.375517785, 0.394565175, 0.414320726, 0.43478637, 0.45596148, 0.47784269, 0.500423731, 0.523695275, 0.547644806, 0.572256506, 0.597511177, 0.623386184, 0.649855436, 0.676889401, 0.704455158, 0.73251649, 0.761034018, 0.789965372, 0.819265404, 0.848886442, 0.878778572, 0.908889961, 0.939167201, 0.969555687, 1.0],
                      'Ret': 395,
                      'cp': 1.0,
                      'A_sca_rho': 1.0,
                      'A_sca_mu': 0.002531645569620253,
                      'A_sca_k': 0.002531645569620253,
                      'b_exp_rho': -1,
                      'b_exp_mu': -0.5,
                      'b_exp_k': -0.5,
                      'tensor_device': 'cpu',
                      'as_tensor': '<function '
                                   'Build_arguments_fi_run._mk_args_MK_solver.<locals>.<lambda> '
                                   'at 0x7fa53911dd30>',
                      'ref_dns': { 'u_dns': [1.7432837480471617e-17, 0.12027669467947424, 0.2488704548628635, 0.3863349433875872, 0.5332491379304491, 0.6902150327759791, 0.8578541928576389, 1.0368028272611538, 1.2277049993610252, 1.4312036009758828, 1.6479291069988276, 1.8785525145637678, 2.123856504257327, 2.3846508052574347, 2.661754117339089, 2.955965402380132, 3.267909043635591, 3.598033615182029, 3.9466188672728326, 4.313738981955232, 4.699239957261714, 5.102628186236999, 5.523054593649455, 5.959514864796417, 6.410581579933639, 6.874420974390492, 7.3489060439416605, 7.8313991644538765, 8.319344111899058, 8.809945397579833, 9.30022340247517, 9.787023784880818, 10.267687122050237, 10.73993889265944, 11.20108108373553, 11.648662922544139, 12.081548813185062, 12.49859300575985, 12.898698379044216, 13.281925175043767, 13.64721262226022, 13.994405567396186, 14.325911384829688, 14.639438426467267, 14.937749392707852, 15.221353957236095, 15.489845772699685, 15.745368785155058, 15.989078647750949, 16.22178190881966, 16.443774134853506, 16.657162970665787, 16.86272845398083, 17.061674199253165, 17.255556101485585, 17.444878613676202, 17.630944155582498, 17.815524900439982, 17.997843165609503, 18.17878060109179, 18.358751641110455, 18.538478437519416, 18.719534450971462, 18.901309533711856, 19.084181616754428, 19.267441331838, 19.45268652380836, 19.639647295514653, 19.82983581416468, 20.021548534728968, 20.214400515870782, 20.408332158967784, 20.604943523472592, 20.804007856438286, 21.00453843351122, 21.207929422672436, 21.412148994020875, 21.618653711912835, 21.82465320228124, 22.03203893224057, 22.239503361803532, 22.44739275113946, 22.65348629046666, 22.858234819421035, 23.06042103843732, 23.257375459412703, 23.44769077862449, 23.631546690878206, 23.809304708949625, 23.979585266964207, 24.142451347310015, 24.294975416609937, 24.43479630211543, 24.559727738592134, 24.66811799193461, 24.7580203923182, 24.827183806158867, 24.875874616258976, 24.90524993626688, 24.915193092289936],
                                   'T_dns': [1.0, 1.0053373339184222, 1.0110474839151784, 1.0171552986529768, 1.0236866875504866, 1.0306684877123666, 1.038128271203646, 1.0460940758450252, 1.054594040041861, 1.063655922094632, 1.0733065124127457, 1.0835749490591766, 1.094497173292773, 1.1061110330858208, 1.1184554629002064, 1.131568718412909, 1.1454765790898511, 1.1601931407875716, 1.175722503124559, 1.1920617189046383, 1.209211495674859, 1.2271639613839003, 1.2458943266464262, 1.2653469068916698, 1.285434841299312, 1.3060639735188233, 1.3271604321695156, 1.3486317788272908, 1.3703426138701373, 1.3921222985605914, 1.4138466582727693, 1.4354281003295732, 1.4567400794771388, 1.4776273562317386, 1.4979634987912438, 1.5176653393303337, 1.5367302813499373, 1.5551162984117564, 1.5727431089012218, 1.589612329702312, 1.6057016906417023, 1.621001924649821, 1.635589682014747, 1.6495032206456117, 1.662747761231781, 1.675348566809943, 1.687352645660501, 1.6988369510779742, 1.709881223589422, 1.7204333734871373, 1.7305249057505396, 1.74031382341605, 1.7497744487102764, 1.7588298276066614, 1.7678316588648897, 1.7765796525065665, 1.7851761847264773, 1.7936497087833922, 1.8019895128792023, 1.810162657030067, 1.8182232193972256, 1.8261494925035997, 1.834045176806869, 1.8419069260732779, 1.8497309876970767, 1.8575407339600873, 1.8652723658450434, 1.872991395874166, 1.8806510581838018, 1.888303165770126, 1.8960307999376667, 1.903609694529181, 1.9112893880531754, 1.9189727568067925, 1.926570399479897, 1.9342711709286557, 1.9419181456540462, 1.949547824495566, 1.9570595814127558, 1.964437237660621, 1.9717744719306045, 1.979047406051728, 1.9862166411531146, 1.9932507531285724, 2.000170954313582, 2.0069746746085175, 2.0133496910705393, 2.0195220892134005, 2.0252625206193966, 2.030811238190491, 2.0358599912750557, 2.0405877381272206, 2.0448952467596273, 2.048766839092658, 2.0521514761477153, 2.0550515802961793, 2.057282275427125, 2.0588082674660337, 2.0597550500933735, 2.060118600748105],
                                   'mu_dns': [0.002531645569620253, 0.0025249163757530796, 0.0025177762235844884, 0.002510205469177133, 0.0025021847713437282, 0.002493695407338433, 0.00248471965390931, 0.002475241244878254, 0.0024652459163109555, 0.0024547220465672755, 0.002443661362540815, 0.0024320551915190175, 0.002419889762429199, 0.00240715215238648, 0.0023938313861418, 0.002379920433659149, 0.002365428349258079, 0.0023503782393331416, 0.0023348043247142882, 0.0023187478998018428, 0.002302246231452505, 0.00228534414098153, 0.002268100531030247, 0.002250598890694744, 0.002232944201872561, 0.002215239462412331, 0.002197562278659529, 0.002179998575599579, 0.002162660373511192, 0.0021456763255603456, 0.002129127892974737, 0.0021130617199596733, 0.00209754781564134, 0.0020826699122229544, 0.0020684845857539044, 0.0020550145280502155, 0.002042227311093239, 0.002030118869363477, 0.002018710346372041, 0.0020079703378388775, 0.00199788493473346, 0.001988433810653222, 0.001979546570190397, 0.0019711801651611867, 0.0019633137967077336, 0.0019559165213849784, 0.0019489467620861802, 0.0019423480549879124, 0.001936064994779644, 0.0019301185074816138, 0.0019244825491567333, 0.0019190625017558886, 0.0019138675069052457, 0.0019089343519811679, 0.0019040679847862406, 0.00189937432244464, 0.0018947955763466517, 0.0018903146001769077, 0.001885935236138076, 0.0018816727851909583, 0.0018774972285162247, 0.0018734182253795973, 0.0018693812819422103, 0.001865387507194614, 0.001861438183440456, 0.0018575209955521723, 0.0018536672468523138, 0.0018498436078857724, 0.0018460726706647562, 0.0018423283865583362, 0.0018385701734369086, 0.0018349065478140297, 0.0018312164463289034, 0.001827546768617689, 0.001823939642793739, 0.001820305263536403, 0.001816717687263673, 0.0018131592824952847, 0.0018096762239227177, 0.001806274810052685, 0.0018029109837838825, 0.0017995951152714777, 0.0017963443662274649, 0.0017931719467923967, 0.0017900672465447972, 0.0017870304727232603, 0.0017841990269131251, 0.001781470357967369, 0.0017789438546022547, 0.0017765119179165155, 0.001774307754158442, 0.0017722511549488056, 0.0017703835747903312, 0.001768710020597735, 0.0017672508417897015, 0.001766003422744849, 0.0017650457311990519, 0.0017643914825596005, 0.001763985927731215, 0.0017638302749125323],
                                   'rho_dns': [1.0, 0.9946910019767999, 0.9890732294071906, 0.9831340418953766, 0.9768613894870852, 0.9702440813142185, 0.9632721001235824, 0.9559369688545546, 0.9482321746862007, 0.940153652349083, 0.9317003003662432, 0.922871095228123, 0.9136615647818621, 0.9040683711563811, 0.894090138740933, 0.8837289187373067, 0.8729990802557999, 0.8619254543438966, 0.8505408353947763, 0.838882739157902, 0.8269851912397687, 0.8148870334101709, 0.8026362899425828, 0.79029710710441, 0.7779468611487178, 0.7656592787761998, 0.7534884070988276, 0.7414922410248665, 0.7297445105175475, 0.7183276936472945, 0.7072902808439308, 0.6966562795938025, 0.6864642595396466, 0.6767606161205697, 0.6675730088262718, 0.6589067919553646, 0.6507322801770733, 0.6430387238699139, 0.6358317479442895, 0.629084199533902, 0.6227806857451587, 0.616902413743911, 0.6114002863897888, 0.6062431327709699, 0.6014141310641066, 0.5968907126617331, 0.5926443429426442, 0.5886380087067588, 0.5848359442773323, 0.5812488965923193, 0.5778593516204228, 0.57460900818285, 0.571502230322931, 0.568559836946111, 0.565664719819585, 0.5628793499852964, 0.5601687993351866, 0.5575224611043402, 0.5549421863183928, 0.5524365427141776, 0.5499874764175096, 0.5476002945569522, 0.5452428395144725, 0.5429155978754467, 0.5406191530829055, 0.5383462024372957, 0.536114734936825, 0.5339052823215337, 0.531730751246182, 0.5295759802384061, 0.5274175926007508, 0.525317770167865, 0.523207006877484, 0.5211121400514405, 0.519057076902024, 0.5169905931648113, 0.5149547637926808, 0.5129394557216077, 0.5109706467281508, 0.5090516412684504, 0.5071573926103626, 0.5052936058742709, 0.5034697521310876, 0.5016930250398336, 0.49995726507446436, 0.498262390976638, 0.49668470630567885, 0.4951666561812641, 0.4937631491319776, 0.49241405660677146, 0.4911929132089784, 0.49005489022381593, 0.48902260474448045, 0.48809848974462716, 0.4872934632862449, 0.48660579110908614, 0.48607816824377387, 0.48571788631429613, 0.48549462226329665, 0.4854089466678584]},
                      'case': 'T61_CReStar_tauCPrStar',
                      'constant_Sq_heat': 0.04443037974683545,
                      'use_visc_heating': False,
                      'Pr_turb': 1.0,
                      'fprint': '<function '
                                'Build_arguments_fi_run._mk_args_MK_solver.<locals>.<lambda> '
                                'at 0x7fa52fab6310>',
                      'compressible_correction': False,
                      'bool_solve_energy': False,
                      'output_last': False},
  'u_imp': 10,
  'k_imp': 1,
  'e_imp': 0,
  'solve_sparse_adj': True,
  'all_ref_beta_distrib': {'K': [1.0, 0.99956616, 0.99912785, 0.99869294, 0.99826684, 0.99785653, 0.99747116, 0.99712223, 0.99682364, 0.99659179, 0.99644558, 0.99640652, 0.99649868, 0.9967489, 0.99718686, 0.9978453, 0.99876028, 0.99997144, 1.00152225, 1.00346005, 1.00583492, 1.00869634, 1.01208648, 1.01603178, 1.02053782, 1.02558975, 1.03115485, 1.03718271, 1.04360546, 1.05033936, 1.05729109, 1.06436134, 1.07144286, 1.07842106, 1.08517801, 1.09159367, 1.09755151, 1.10292901, 1.10759695, 1.11143304, 1.1143117, 1.11610915, 1.11671392, 1.11601533, 1.11390686, 1.11029212, 1.105086, 1.09821909, 1.08963582, 1.07927196, 1.06705938, 1.05292086, 1.03677597, 1.01861619, 0.99857973, 0.97698939, 0.95438921, 0.93151514, 0.90924013, 0.88849725, 0.87018687, 0.85511974, 0.84394528, 0.83714097, 0.83498994, 0.83758182, 0.84483331, 0.85649393, 0.8721842, 0.89141225, 0.91360085, 0.93811253, 0.96425689, 0.99131724, 1.01856295, 1.04527004, 1.07073792, 1.09430945, 1.11538951, 1.13346122, 1.14810142, 1.15900463, 1.16600457, 1.16908602, 1.16839118, 1.16422961, 1.15705981, 1.14744755, 1.13602947, 1.1234812, 1.11048049, 1.09767099, 1.08562461, 1.07480445, 1.06553012, 1.05797184, 1.0521704, 1.04808557, 1.04565307, 1.02240212], 'E': [1.0, 1.0, 1.0, 1.0, 1.0, 1.0, 1.0, 1.0, 1.0, 1.0, 1.0, 1.0, 1.0, 1.0, 1.0, 1.0, 1.0, 1.0, 1.0, 1.0, 1.0, 1.0, 1.0, 1.0, 1.0, 1.0, 1.0, 1.0, 1.0, 1.0, 1.0, 1.0, 1.0, 1.0, 1.0, 1.0, 1.0, 1.0, 1.0, 1.0, 1.0, 1.0, 1.0, 1.0, 1.0, 1.0, 1.0, 1.0, 1.0, 1.0, 1.0, 1.0, 1.0, 1.0, 1.0, 1.0, 1.0, 1.0, 1.0, 1.0, 1.0, 1.0, 1.0, 1.0, 1.0, 1.0, 1.0, 1.0, 1.0, 1.0, 1.0, 1.0, 1.0, 1.0, 1.0, 1.0, 1.0, 1.0, 1.0, 1.0, 1.0, 1.0, 1.0, 1.0, 1.0, 1.0, 1.0, 1.0, 1.0, 1.0, 1.0, 1.0, 1.0, 1.0, 1.0, 1.0, 1.0, 1.0, 1.0, 1.0]},
  'all_ref_delta_distrib': {'K': [-0.0, 0.01482958884160091, 0.03026396038067402, 0.046124606757439554, 0.06232652570333494, 0.0787313425901736, 0.0951121571533912, 0.11112714451591918, 0.12629052847535885, 0.13993247001820333, 0.15115178848828797, 0.15875075907118844, 0.16116211349390963, 0.1563517342138004, 0.14171361730341053, 0.1139495869428775, 0.06894777149993364, 0.0016724497833343404, -0.0939141523899933, -0.22486954531741496, -0.3991482981405461, -0.62522224849892, -0.911202056655544, -1.2633107236940802, -1.6840688937855883, -2.170914208838579, -2.7155471759328185, -3.303932352611484, -3.9171619593889417, -4.533142158653023, -5.128850158387436, -5.682515382258945, -6.175225542938257, -6.5919514160596515, -6.92201544552499, -7.158938652006049, -7.300163064130845, -7.346188157839867, -7.299913604362235, -7.166391523255724, -6.9519938551406035, -6.664100935608198, -6.310962894907484, -5.90115939280317, -5.443469762943079, -4.9467093942161515, -4.419541582752768, -3.8704447391271217, -3.3075198694537984, -2.7377905623975085, -2.1670061079057557, -1.5996638607404317, -1.0397096471565563, -0.49227005327705575, 0.03512604170532329, 0.5323609669609186, 0.9873087310354512, 1.3873929314256566, 1.721304535716655, 1.9804939287926318, 2.16019759938529, 2.259658136162303, 2.2819855770483137, 2.2334942558862694, 2.1229508877214753, 1.9607097586056714, 1.757954974232499, 1.5259687598652305, 1.2756672912478124, 1.0171179820279739, 0.7593360254441857, 0.5102233539319114, 0.2762936583299865, 0.06289356706505722, -0.12591201050043813, -0.28726745097854806, -0.41948549853908135, -0.5219628591634591, -0.595137890231735, -0.6403346688466263, -0.6596219352090293, -0.6558048879637384, -0.6322821600683892, -0.5928694925408039, -0.5416014342887525, -0.4825896703714818, -0.41984221355836876, -0.35681139171229254, -0.29646175191268254, -0.24100579689545074, -0.19202164304069008, -0.15032667964366456, -0.11613317595233327, -0.08911260230346615, -0.0685441557308871, -0.05348895683640098, -0.04297257386043315, -0.03612418214131498, -0.03227827353467992, -0.015506038951423773], 'E': [-0.0, -0.0, -0.0, -0.0, -0.0, -0.0, -0.0, -0.0, -0.0, -0.0, -0.0, -0.0, -0.0, -0.0, -0.0, -0.0, -0.0, -0.0, -0.0, -0.0, -0.0, -0.0, -0.0, -0.0, -0.0, -0.0, -0.0, -0.0, -0.0, -0.0, -0.0, -0.0, -0.0, -0.0, -0.0, -0.0, -0.0, -0.0, -0.0, -0.0, -0.0, -0.0, -0.0, -0.0, -0.0, -0.0, -0.0, -0.0, -0.0, -0.0, -0.0, -0.0, -0.0, -0.0, -0.0, -0.0, -0.0, -0.0, -0.0, -0.0, -0.0, -0.0, -0.0, -0.0, -0.0, -0.0, -0.0, -0.0, -0.0, -0.0, -0.0, -0.0, -0.0, -0.0, -0.0, -0.0, -0.0, -0.0, -0.0, -0.0, -0.0, -0.0, -0.0, -0.0, -0.0, -0.0, -0.0, -0.0, -0.0, -0.0, -0.0, -0.0, -0.0, -0.0, -0.0, -0.0, -0.0, -0.0, -0.0, -0.0]},
  'fname_print': '/media/rafael/DATA/Dropbox/20220924_FIML_solver/data/output/field_inversion/Beta_k/u_imp_10/FI_run_T61_CReStar_tauCPrStar_u_imp_10_k_imp_1_e_imp_0/FI_run_T61_CReStar_tauCPrStar_u_imp_10_k_imp_1_e_imp_0.log',
  'folder': '/media/rafael/DATA/Dropbox/20220924_FIML_solver/data/output/field_inversion/Beta_k/u_imp_10/FI_run_T61_CReStar_tauCPrStar_u_imp_10_k_imp_1_e_imp_0',
  'iters_limit': 15000}
# End_Input_Arguments

# ------------------------------------------------------------------------
#                  Iterations
# ------------------------------------------------------------------------

iter:      0 (Jcost: 2.547808e+00) (lr = 1.000e-03) (elapsed time:  0.001) (secs/iter:   None) (n_accepted: 0%) (u_error:  7.778034 %) (beta_change: 16.908602 %) (delta_change:  6.520514 %) (delta_peak/R:  0.000000 %)
-> Saved file: /media/rafael/DATA/Dropbox/20220924_FIML_solver/data/output/field_inversion/Beta_k/u_imp_10/FI_run_T61_CReStar_tauCPrStar_u_imp_10_k_imp_1_e_imp_0/FI_run_T61_CReStar_tauCPrStar_u_imp_10_k_imp_1_e_imp_0_state_iter_0.dat
iter:    100 (Jcost: 1.032510e-01) (lr = 2.373e-02) (elapsed time: 183.983) (secs/iter:  1.840) (n_accepted: 83%) (u_error:  1.547605 %) (beta_change:  6.975938 %) (delta_change:  0.738857 %) (delta_peak/R:  6.620873 %)
iter:    200 (Jcost: 1.004140e-01) (lr = 6.759e-01) (elapsed time: 347.328) (secs/iter:  1.633) (n_accepted: 83%) (u_error:  1.551269 %) (beta_change:  2.107112 %) (delta_change:  0.274022 %) (delta_peak/R:  6.462368 %)
iter:    300 (Jcost: 9.990375e-02) (lr = 2.417e-01) (elapsed time: 504.734) (secs/iter:  1.574) (n_accepted: 78%) (u_error:  1.536618 %) (beta_change:  0.833558 %) (delta_change:  0.250325 %) (delta_peak/R:  6.334450 %)
iter:    400 (Jcost: 9.971314e-02) (lr = 3.603e-02) (elapsed time: 657.492) (secs/iter:  1.528) (n_accepted: 77%) (u_error:  1.539635 %) (beta_change:  1.974007 %) (delta_change:  0.296476 %) (delta_peak/R:  6.305811 %)
iter:    500 (Jcost: 9.962611e-02) (lr = 1.289e-02) (elapsed time: 807.014) (secs/iter:  1.495) (n_accepted: 78%) (u_error:  1.537188 %) (beta_change:  2.937576 %) (delta_change:  0.352439 %) (delta_peak/R:  6.325973 %)
-> Saved file: /media/rafael/DATA/Dropbox/20220924_FIML_solver/data/output/field_inversion/Beta_k/u_imp_10/FI_run_T61_CReStar_tauCPrStar_u_imp_10_k_imp_1_e_imp_0/FI_run_T61_CReStar_tauCPrStar_u_imp_10_k_imp_1_e_imp_0_state_iter_500.dat
iter:    600 (Jcost: 9.956326e-02) (lr = 1.106e-02) (elapsed time: 955.984) (secs/iter:  1.490) (n_accepted: 79%) (u_error:  1.537455 %) (beta_change:  3.663168 %) (delta_change:  0.385452 %) (delta_peak/R:  6.301253 %)
iter:    700 (Jcost: 9.951949e-02) (lr = 5.469e-02) (elapsed time: 1100.268) (secs/iter:  1.443) (n_accepted: 81%) (u_error:  1.539194 %) (beta_change:  4.220857 %) (delta_change:  0.403555 %) (delta_peak/R:  6.312306 %)
iter:    800 (Jcost: 9.947875e-02) (lr = 6.490e-01) (elapsed time: 1234.843) (secs/iter:  1.346) (n_accepted: 82%) (u_error:  1.537656 %) (beta_change:  4.722435 %) (delta_change:  0.416571 %) (delta_peak/R:  6.304654 %)
iter:    900 (Jcost: 9.944915e-02) (lr = 2.321e-01) (elapsed time: 1375.085) (secs/iter:  1.402) (n_accepted: 78%) (u_error:  1.536945 %) (beta_change:  5.098851 %) (delta_change:  0.423812 %) (delta_peak/R:  6.306564 %)
iter:   1000 (Jcost: 9.942675e-02) (lr = 8.302e-02) (elapsed time: 1509.859) (secs/iter:  1.348) (n_accepted: 78%) (u_error:  1.536422 %) (beta_change:  5.385141 %) (delta_change:  0.428563 %) (delta_peak/R:  6.307146 %)
-> Saved file: /media/rafael/DATA/Dropbox/20220924_FIML_solver/data/output/field_inversion/Beta_k/u_imp_10/FI_run_T61_CReStar_tauCPrStar_u_imp_10_k_imp_1_e_imp_0/FI_run_T61_CReStar_tauCPrStar_u_imp_10_k_imp_1_e_imp_0_state_iter_1000.dat
iter:   1100 (Jcost: 9.940475e-02) (lr = 1.237e-02) (elapsed time: 1652.268) (secs/iter:  1.424) (n_accepted: 77%) (u_error:  1.536116 %) (beta_change:  5.726526 %) (delta_change:  0.444070 %) (delta_peak/R:  6.306194 %)
iter:   1200 (Jcost: 9.939104e-02) (lr = 1.468e-01) (elapsed time: 1784.159) (secs/iter:  1.319) (n_accepted: 82%) (u_error:  1.536314 %) (beta_change:  6.077016 %) (delta_change:  0.455068 %) (delta_peak/R:  6.305925 %)
iter:   1300 (Jcost: 9.937655e-02) (lr = 2.188e-02) (elapsed time: 1921.031) (secs/iter:  1.369) (n_accepted: 77%) (u_error:  1.535944 %) (beta_change:  6.474036 %) (delta_change:  0.467458 %) (delta_peak/R:  6.306234 %)
iter:   1400 (Jcost: 9.936338e-02) (lr = 1.878e-02) (elapsed time: 2056.724) (secs/iter:  1.357) (n_accepted: 79%) (u_error:  1.535754 %) (beta_change:  6.864997 %) (delta_change:  0.480395 %) (delta_peak/R:  6.305963 %)
iter:   1500 (Jcost: 9.935150e-02) (lr = 3.869e-02) (elapsed time: 2185.043) (secs/iter:  1.283) (n_accepted: 80%) (u_error:  1.534640 %) (beta_change:  7.248799 %) (delta_change:  0.491972 %) (delta_peak/R:  6.307072 %)
-> Saved file: /media/rafael/DATA/Dropbox/20220924_FIML_solver/data/output/field_inversion/Beta_k/u_imp_10/FI_run_T61_CReStar_tauCPrStar_u_imp_10_k_imp_1_e_imp_0/FI_run_T61_CReStar_tauCPrStar_u_imp_10_k_imp_1_e_imp_0_state_iter_1500.dat
iter:   1600 (Jcost: 9.934365e-02) (lr = 4.591e-01) (elapsed time: 2322.143) (secs/iter:  1.371) (n_accepted: 82%) (u_error:  1.535220 %) (beta_change:  7.514269 %) (delta_change:  0.499322 %) (delta_peak/R:  6.306190 %)
iter:   1700 (Jcost: 9.933596e-02) (lr = 3.941e-01) (elapsed time: 2453.671) (secs/iter:  1.315) (n_accepted: 79%) (u_error:  1.535112 %) (beta_change:  7.813922 %) (delta_change:  0.506443 %) (delta_peak/R:  6.306143 %)
iter:   1800 (Jcost: 9.932994e-02) (lr = 2.447e-02) (elapsed time: 2588.560) (secs/iter:  1.349) (n_accepted: 76%) (u_error:  1.535128 %) (beta_change:  8.068282 %) (delta_change:  0.511864 %) (delta_peak/R:  6.305979 %)
iter:   1900 (Jcost: 9.932227e-02) (lr = 2.101e-02) (elapsed time: 2714.868) (secs/iter:  1.263) (n_accepted: 79%) (u_error:  1.534392 %) (beta_change:  8.420355 %) (delta_change:  0.518576 %) (delta_peak/R:  6.306608 %)
iter:   2000 (Jcost: 9.931711e-02) (lr = 5.983e-01) (elapsed time: 2832.475) (secs/iter:  1.176) (n_accepted: 83%) (u_error:  1.534955 %) (beta_change:  8.670167 %) (delta_change:  0.522797 %) (delta_peak/R:  6.305836 %)
-> Saved file: /media/rafael/DATA/Dropbox/20220924_FIML_solver/data/output/field_inversion/Beta_k/u_imp_10/FI_run_T61_CReStar_tauCPrStar_u_imp_10_k_imp_1_e_imp_0/FI_run_T61_CReStar_tauCPrStar_u_imp_10_k_imp_1_e_imp_0_state_iter_2000.dat
iter:   2100 (Jcost: 9.931289e-02) (lr = 8.916e-02) (elapsed time: 2924.302) (secs/iter:  0.918) (n_accepted: 77%) (u_error:  1.534715 %) (beta_change:  8.890367 %) (delta_change:  0.526134 %) (delta_peak/R:  6.305992 %)
iter:   2200 (Jcost: 9.930930e-02) (lr = 3.189e-02) (elapsed time: 3035.421) (secs/iter:  1.111) (n_accepted: 78%) (u_error:  1.534479 %) (beta_change:  9.087951 %) (delta_change:  0.528830 %) (delta_peak/R:  6.306158 %)
iter:   2300 (Jcost: 9.930527e-02) (lr = 9.082e-01) (elapsed time: 3129.592) (secs/iter:  0.942) (n_accepted: 83%) (u_error:  1.535085 %) (beta_change:  9.320756 %) (delta_change:  0.531690 %) (delta_peak/R:  6.305352 %)
iter:   2400 (Jcost: 9.930280e-02) (lr = 5.640e-02) (elapsed time: 3229.030) (secs/iter:  0.994) (n_accepted: 76%) (u_error:  1.534742 %) (beta_change:  9.469880 %) (delta_change:  0.533315 %) (delta_peak/R:  6.305669 %)
iter:   2500 (Jcost: 9.929960e-02) (lr = 2.017e-02) (elapsed time: 3322.090) (secs/iter:  0.931) (n_accepted: 78%) (u_error:  1.534581 %) (beta_change:  9.673527 %) (delta_change:  0.535307 %) (delta_peak/R:  6.305753 %)
-> Saved file: /media/rafael/DATA/Dropbox/20220924_FIML_solver/data/output/field_inversion/Beta_k/u_imp_10/FI_run_T61_CReStar_tauCPrStar_u_imp_10_k_imp_1_e_imp_0/FI_run_T61_CReStar_tauCPrStar_u_imp_10_k_imp_1_e_imp_0_state_iter_2500.dat
iter:   2600 (Jcost: 9.929716e-02) (lr = 5.745e-01) (elapsed time: 3424.712) (secs/iter:  1.026) (n_accepted: 83%) (u_error:  1.534577 %) (beta_change:  9.835549 %) (delta_change:  0.536699 %) (delta_peak/R:  6.305680 %)
iter:   2700 (Jcost: 9.929548e-02) (lr = 4.931e-01) (elapsed time: 3523.934) (secs/iter:  0.992) (n_accepted: 79%) (u_error:  1.535571 %) (beta_change:  9.960504 %) (delta_change:  0.537675 %) (delta_peak/R:  6.304491 %)
iter:   2800 (Jcost: 9.929400e-02) (lr = 7.349e-02) (elapsed time: 3618.904) (secs/iter:  0.950) (n_accepted: 77%) (u_error:  1.534613 %) (beta_change: 10.056086 %) (delta_change:  0.538328 %) (delta_peak/R:  6.305537 %)
iter:   2900 (Jcost: 9.929128e-02) (lr = 1.095e-02) (elapsed time: 3703.683) (secs/iter:  0.848) (n_accepted: 77%) (u_error:  1.534579 %) (beta_change: 10.256625 %) (delta_change:  0.539560 %) (delta_peak/R:  6.305484 %)
iter:   3000 (Jcost: 9.928963e-02) (lr = 5.415e-02) (elapsed time: 3762.225) (secs/iter:  0.585) (n_accepted: 81%) (u_error:  1.534113 %) (beta_change: 10.385600 %) (delta_change:  0.540212 %) (delta_peak/R:  6.305957 %)
-> Saved file: /media/rafael/DATA/Dropbox/20220924_FIML_solver/data/output/field_inversion/Beta_k/u_imp_10/FI_run_T61_CReStar_tauCPrStar_u_imp_10_k_imp_1_e_imp_0/FI_run_T61_CReStar_tauCPrStar_u_imp_10_k_imp_1_e_imp_0_state_iter_3000.dat
iter:   3100 (Jcost: 9.928799e-02) (lr = 6.426e-01) (elapsed time: 3818.717) (secs/iter:  0.565) (n_accepted: 82%) (u_error:  1.534358 %) (beta_change: 10.513782 %) (delta_change:  0.540775 %) (delta_peak/R:  6.305621 %)
iter:   3200 (Jcost: 9.928673e-02) (lr = 2.298e-01) (elapsed time: 3874.638) (secs/iter:  0.559) (n_accepted: 78%) (u_error:  1.534597 %) (beta_change: 10.616035 %) (delta_change:  0.541157 %) (delta_peak/R:  6.305306 %)
iter:   3300 (Jcost: 9.928559e-02) (lr = 8.220e-02) (elapsed time: 3931.693) (secs/iter:  0.571) (n_accepted: 78%) (u_error:  1.534524 %) (beta_change: 10.710919 %) (delta_change:  0.541452 %) (delta_peak/R:  6.305348 %)
iter:   3400 (Jcost: 9.928439e-02) (lr = 7.056e-02) (elapsed time: 4020.726) (secs/iter:  0.890) (n_accepted: 79%) (u_error:  1.534380 %) (beta_change: 10.813001 %) (delta_change:  0.541712 %) (delta_peak/R:  6.305468 %)
iter:   3500 (Jcost: 9.928336e-02) (lr = 8.373e-01) (elapsed time: 4087.171) (secs/iter:  0.664) (n_accepted: 82%) (u_error:  1.534804 %) (beta_change: 10.903926 %) (delta_change:  0.541903 %) (delta_peak/R:  6.304946 %)
-> Saved file: /media/rafael/DATA/Dropbox/20220924_FIML_solver/data/output/field_inversion/Beta_k/u_imp_10/FI_run_T61_CReStar_tauCPrStar_u_imp_10_k_imp_1_e_imp_0/FI_run_T61_CReStar_tauCPrStar_u_imp_10_k_imp_1_e_imp_0_state_iter_3500.dat
iter:   3600 (Jcost: 9.928259e-02) (lr = 5.199e-02) (elapsed time: 4143.663) (secs/iter:  0.565) (n_accepted: 76%) (u_error:  1.534456 %) (beta_change: 10.970527 %) (delta_change:  0.542004 %) (delta_peak/R:  6.305314 %)
iter:   3700 (Jcost: 9.928168e-02) (lr = 7.748e-03) (elapsed time: 4226.647) (secs/iter:  0.830) (n_accepted: 77%) (u_error:  1.534402 %) (beta_change: 11.051881 %) (delta_change:  0.542099 %) (delta_peak/R:  6.305341 %)
iter:   3800 (Jcost: 9.928086e-02) (lr = 3.831e-02) (elapsed time: 4317.430) (secs/iter:  0.908) (n_accepted: 81%) (u_error:  1.534179 %) (beta_change: 11.126908 %) (delta_change:  0.542151 %) (delta_peak/R:  6.305564 %)
iter:   3900 (Jcost: 9.928023e-02) (lr = 1.894e-01) (elapsed time: 4398.472) (secs/iter:  0.810) (n_accepted: 81%) (u_error:  1.534377 %) (beta_change: 11.184122 %) (delta_change:  0.542176 %) (delta_peak/R:  6.305315 %)
iter:   4000 (Jcost: 9.927944e-02) (lr = 6.775e-02) (elapsed time: 4481.327) (secs/iter:  0.829) (n_accepted: 78%) (u_error:  1.534379 %) (beta_change: 11.256961 %) (delta_change:  0.542177 %) (delta_peak/R:  6.305282 %)
-> Saved file: /media/rafael/DATA/Dropbox/20220924_FIML_solver/data/output/field_inversion/Beta_k/u_imp_10/FI_run_T61_CReStar_tauCPrStar_u_imp_10_k_imp_1_e_imp_0/FI_run_T61_CReStar_tauCPrStar_u_imp_10_k_imp_1_e_imp_0_state_iter_4000.dat
iter:   4100 (Jcost: 9.927875e-02) (lr = 2.423e-02) (elapsed time: 4559.333) (secs/iter:  0.780) (n_accepted: 78%) (u_error:  1.534388 %) (beta_change: 11.321598 %) (delta_change:  0.542152 %) (delta_peak/R:  6.305244 %)
iter:   4200 (Jcost: 9.927802e-02) (lr = 2.080e-02) (elapsed time: 4648.495) (secs/iter:  0.892) (n_accepted: 79%) (u_error:  1.534519 %) (beta_change: 11.390948 %) (delta_change:  0.542100 %) (delta_peak/R:  6.305065 %)
iter:   4300 (Jcost: 9.927749e-02) (lr = 2.468e-01) (elapsed time: 4742.698) (secs/iter:  0.942) (n_accepted: 82%) (u_error:  1.534865 %) (beta_change: 11.443666 %) (delta_change:  0.542043 %) (delta_peak/R:  6.304650 %)
iter:   4400 (Jcost: 9.927707e-02) (lr = 2.119e-01) (elapsed time: 4831.786) (secs/iter:  0.891) (n_accepted: 79%) (u_error:  1.534371 %) (beta_change: 11.479231 %) (delta_change:  0.541985 %) (delta_peak/R:  6.305197 %)
iter:   4500 (Jcost: 9.927651e-02) (lr = 7.578e-02) (elapsed time: 4923.330) (secs/iter:  0.915) (n_accepted: 78%) (u_error:  1.534337 %) (beta_change: 11.532385 %) (delta_change:  0.541893 %) (delta_peak/R:  6.305212 %)
-> Saved file: /media/rafael/DATA/Dropbox/20220924_FIML_solver/data/output/field_inversion/Beta_k/u_imp_10/FI_run_T61_CReStar_tauCPrStar_u_imp_10_k_imp_1_e_imp_0/FI_run_T61_CReStar_tauCPrStar_u_imp_10_k_imp_1_e_imp_0_state_iter_4500.dat
iter:   4600 (Jcost: 9.927608e-02) (lr = 8.992e-01) (elapsed time: 5016.329) (secs/iter:  0.930) (n_accepted: 82%) (u_error:  1.534343 %) (beta_change: 11.572040 %) (delta_change:  0.541954 %) (delta_peak/R:  6.305189 %)
iter:   4700 (Jcost: 9.927572e-02) (lr = 9.694e-03) (elapsed time: 5108.860) (secs/iter:  0.925) (n_accepted: 74%) (u_error:  1.534332 %) (beta_change: 11.605721 %) (delta_change:  0.542000 %) (delta_peak/R:  6.305186 %)
iter:   4800 (Jcost: 9.927533e-02) (lr = 1.997e-02) (elapsed time: 5201.931) (secs/iter:  0.931) (n_accepted: 80%) (u_error:  1.534348 %) (beta_change: 11.641871 %) (delta_change:  0.542037 %) (delta_peak/R:  6.305152 %)
iter:   4900 (Jcost: 9.927487e-02) (lr = 9.874e-02) (elapsed time: 5282.335) (secs/iter:  0.804) (n_accepted: 81%) (u_error:  1.534157 %) (beta_change: 11.684167 %) (delta_change:  0.542061 %) (delta_peak/R:  6.305351 %)
iter:   5000 (Jcost: 9.927450e-02) (lr = 1.172e+00) (elapsed time: 5368.388) (secs/iter:  0.861) (n_accepted: 82%) (u_error:  1.534071 %) (beta_change: 11.717491 %) (delta_change:  0.542067 %) (delta_peak/R:  6.305433 %)
-> Saved file: /media/rafael/DATA/Dropbox/20220924_FIML_solver/data/output/field_inversion/Beta_k/u_imp_10/FI_run_T61_CReStar_tauCPrStar_u_imp_10_k_imp_1_e_imp_0/FI_run_T61_CReStar_tauCPrStar_u_imp_10_k_imp_1_e_imp_0_state_iter_5000.dat
iter:   5100 (Jcost: 9.927418e-02) (lr = 4.191e-01) (elapsed time: 5456.634) (secs/iter:  0.882) (n_accepted: 78%) (u_error:  1.534317 %) (beta_change: 11.744735 %) (delta_change:  0.542067 %) (delta_peak/R:  6.305140 %)
iter:   5200 (Jcost: 9.927384e-02) (lr = 1.084e-02) (elapsed time: 5575.529) (secs/iter:  1.189) (n_accepted: 75%) (u_error:  1.534332 %) (beta_change: 11.779818 %) (delta_change:  0.542053 %) (delta_peak/R:  6.305109 %)
iter:   5300 (Jcost: 9.927352e-02) (lr = 1.287e-01) (elapsed time: 5680.977) (secs/iter:  1.054) (n_accepted: 82%) (u_error:  1.534219 %) (beta_change: 11.831164 %) (delta_change:  0.542026 %) (delta_peak/R:  6.305224 %)
iter:   5400 (Jcost: 9.927332e-02) (lr = 1.105e-01) (elapsed time: 5796.106) (secs/iter:  1.151) (n_accepted: 79%) (u_error:  1.534332 %) (beta_change: 11.862328 %) (delta_change:  0.542008 %) (delta_peak/R:  6.305087 %)
iter:   5500 (Jcost: 9.927308e-02) (lr = 1.646e-02) (elapsed time: 5915.968) (secs/iter:  1.199) (n_accepted: 77%) (u_error:  1.534448 %) (beta_change: 11.899358 %) (delta_change:  0.541980 %) (delta_peak/R:  6.304946 %)
-> Saved file: /media/rafael/DATA/Dropbox/20220924_FIML_solver/data/output/field_inversion/Beta_k/u_imp_10/FI_run_T61_CReStar_tauCPrStar_u_imp_10_k_imp_1_e_imp_0/FI_run_T61_CReStar_tauCPrStar_u_imp_10_k_imp_1_e_imp_0_state_iter_5500.dat
iter:   5600 (Jcost: 9.927288e-02) (lr = 3.391e-02) (elapsed time: 6019.094) (secs/iter:  1.031) (n_accepted: 80%) (u_error:  1.534331 %) (beta_change: 11.931826 %) (delta_change:  0.541949 %) (delta_peak/R:  6.305071 %)
iter:   5700 (Jcost: 9.927263e-02) (lr = 2.911e-02) (elapsed time: 6131.076) (secs/iter:  1.120) (n_accepted: 79%) (u_error:  1.534316 %) (beta_change: 11.981706 %) (delta_change:  0.541909 %) (delta_peak/R:  6.305077 %)
iter:   5800 (Jcost: 9.927235e-02) (lr = 2.499e-02) (elapsed time: 6240.763) (secs/iter:  1.097) (n_accepted: 79%) (u_error:  1.534247 %) (beta_change: 12.070397 %) (delta_change:  0.541852 %) (delta_peak/R:  6.305144 %)
iter:   5900 (Jcost: 9.927216e-02) (lr = 7.116e-01) (elapsed time: 6350.119) (secs/iter:  1.094) (n_accepted: 83%) (u_error:  1.534281 %) (beta_change: 12.129504 %) (delta_change:  0.541812 %) (delta_peak/R:  6.305097 %)
iter:   6000 (Jcost: 9.927197e-02) (lr = 6.108e-01) (elapsed time: 6461.148) (secs/iter:  1.110) (n_accepted: 79%) (u_error:  1.534310 %) (beta_change: 12.193910 %) (delta_change:  0.541766 %) (delta_peak/R:  6.305055 %)
-> Saved file: /media/rafael/DATA/Dropbox/20220924_FIML_solver/data/output/field_inversion/Beta_k/u_imp_10/FI_run_T61_CReStar_tauCPrStar_u_imp_10_k_imp_1_e_imp_0/FI_run_T61_CReStar_tauCPrStar_u_imp_10_k_imp_1_e_imp_0_state_iter_6000.dat
iter:   6100 (Jcost: 9.927181e-02) (lr = 2.185e-01) (elapsed time: 6570.325) (secs/iter:  1.092) (n_accepted: 78%) (u_error:  1.534311 %) (beta_change: 12.247064 %) (delta_change:  0.541726 %) (delta_peak/R:  6.305048 %)
iter:   6200 (Jcost: 9.927159e-02) (lr = 3.256e-02) (elapsed time: 6682.769) (secs/iter:  1.124) (n_accepted: 77%) (u_error:  1.534254 %) (beta_change: 12.322641 %) (delta_change:  0.541665 %) (delta_peak/R:  6.305103 %)
iter:   6300 (Jcost: 9.927139e-02) (lr = 1.165e-02) (elapsed time: 6792.124) (secs/iter:  1.094) (n_accepted: 78%) (u_error:  1.534283 %) (beta_change: 12.392910 %) (delta_change:  0.541607 %) (delta_peak/R:  6.305063 %)
iter:   6400 (Jcost: 9.927122e-02) (lr = 7.960e-01) (elapsed time: 6903.291) (secs/iter:  1.112) (n_accepted: 84%) (u_error:  1.534380 %) (beta_change: 12.455116 %) (delta_change:  0.541556 %) (delta_peak/R:  6.304945 %)
iter:   6500 (Jcost: 9.927110e-02) (lr = 1.186e-01) (elapsed time: 7015.369) (secs/iter:  1.121) (n_accepted: 77%) (u_error:  1.534297 %) (beta_change: 12.499715 %) (delta_change:  0.541516 %) (delta_peak/R:  6.305034 %)
-> Saved file: /media/rafael/DATA/Dropbox/20220924_FIML_solver/data/output/field_inversion/Beta_k/u_imp_10/FI_run_T61_CReStar_tauCPrStar_u_imp_10_k_imp_1_e_imp_0/FI_run_T61_CReStar_tauCPrStar_u_imp_10_k_imp_1_e_imp_0_state_iter_6500.dat
iter:   6600 (Jcost: 9.927095e-02) (lr = 1.768e-02) (elapsed time: 7134.008) (secs/iter:  1.186) (n_accepted: 77%) (u_error:  1.534269 %) (beta_change: 12.557725 %) (delta_change:  0.541464 %) (delta_peak/R:  6.305060 %)
iter:   6700 (Jcost: 9.927085e-02) (lr = 2.098e-01) (elapsed time: 7242.010) (secs/iter:  1.080) (n_accepted: 82%) (u_error:  1.534293 %) (beta_change: 12.598391 %) (delta_change:  0.541428 %) (delta_peak/R:  6.305028 %)
iter:   6800 (Jcost: 9.927071e-02) (lr = 1.801e-01) (elapsed time: 7348.332) (secs/iter:  1.063) (n_accepted: 79%) (u_error:  1.534300 %) (beta_change: 12.654959 %) (delta_change:  0.541377 %) (delta_peak/R:  6.305014 %)
iter:   6900 (Jcost: 9.927054e-02) (lr = 2.684e-02) (elapsed time: 7459.546) (secs/iter:  1.112) (n_accepted: 77%) (u_error:  1.534331 %) (beta_change: 12.723975 %) (delta_change:  0.541314 %) (delta_peak/R:  6.304971 %)
iter:   7000 (Jcost: 9.927042e-02) (lr = 2.304e-02) (elapsed time: 7572.750) (secs/iter:  1.132) (n_accepted: 79%) (u_error:  1.534278 %) (beta_change: 12.777065 %) (delta_change:  0.541264 %) (delta_peak/R:  6.305026 %)
-> Saved file: /media/rafael/DATA/Dropbox/20220924_FIML_solver/data/output/field_inversion/Beta_k/u_imp_10/FI_run_T61_CReStar_tauCPrStar_u_imp_10_k_imp_1_e_imp_0/FI_run_T61_CReStar_tauCPrStar_u_imp_10_k_imp_1_e_imp_0_state_iter_7000.dat
iter:   7100 (Jcost: 9.927029e-02) (lr = 1.977e-02) (elapsed time: 7689.404) (secs/iter:  1.167) (n_accepted: 79%) (u_error:  1.534443 %) (beta_change: 12.831462 %) (delta_change:  0.541216 %) (delta_peak/R:  6.304833 %)
iter:   7200 (Jcost: 9.927017e-02) (lr = 1.352e+00) (elapsed time: 7791.285) (secs/iter:  1.019) (n_accepted: 84%) (u_error:  1.534280 %) (beta_change: 12.886243 %) (delta_change:  0.541162 %) (delta_peak/R:  6.305013 %)
iter:   7300 (Jcost: 9.927006e-02) (lr = 2.014e-01) (elapsed time: 7900.675) (secs/iter:  1.094) (n_accepted: 77%) (u_error:  1.534308 %) (beta_change: 12.934373 %) (delta_change:  0.541117 %) (delta_peak/R:  6.304977 %)
iter:   7400 (Jcost: 9.926994e-02) (lr = 7.204e-02) (elapsed time: 8004.373) (secs/iter:  1.037) (n_accepted: 78%) (u_error:  1.534323 %) (beta_change: 12.990202 %) (delta_change:  0.541065 %) (delta_peak/R:  6.304954 %)
iter:   7500 (Jcost: 9.926983e-02) (lr = 1.074e-02) (elapsed time: 8118.344) (secs/iter:  1.140) (n_accepted: 77%) (u_error:  1.534303 %) (beta_change: 13.043175 %) (delta_change:  0.541016 %) (delta_peak/R:  6.304973 %)
-> Saved file: /media/rafael/DATA/Dropbox/20220924_FIML_solver/data/output/field_inversion/Beta_k/u_imp_10/FI_run_T61_CReStar_tauCPrStar_u_imp_10_k_imp_1_e_imp_0/FI_run_T61_CReStar_tauCPrStar_u_imp_10_k_imp_1_e_imp_0_state_iter_7500.dat
iter:   7600 (Jcost: 9.926972e-02) (lr = 2.212e-02) (elapsed time: 8233.122) (secs/iter:  1.148) (n_accepted: 80%) (u_error:  1.534303 %) (beta_change: 13.092681 %) (delta_change:  0.540969 %) (delta_peak/R:  6.304968 %)
iter:   7700 (Jcost: 9.926963e-02) (lr = 1.094e-01) (elapsed time: 8317.300) (secs/iter:  0.842) (n_accepted: 81%) (u_error:  1.534198 %) (beta_change: 13.138362 %) (delta_change:  0.540925 %) (delta_peak/R:  6.305082 %)
iter:   7800 (Jcost: 9.926953e-02) (lr = 2.253e-01) (elapsed time: 8391.695) (secs/iter:  0.744) (n_accepted: 80%) (u_error:  1.534272 %) (beta_change: 13.186449 %) (delta_change:  0.540882 %) (delta_peak/R:  6.304994 %)
iter:   7900 (Jcost: 9.926943e-02) (lr = 8.058e-02) (elapsed time: 8473.678) (secs/iter:  0.820) (n_accepted: 78%) (u_error:  1.534310 %) (beta_change: 13.236730 %) (delta_change:  0.540836 %) (delta_peak/R:  6.304946 %)
iter:   8000 (Jcost: 9.926933e-02) (lr = 3.984e-01) (elapsed time: 8552.088) (secs/iter:  0.784) (n_accepted: 81%) (u_error:  1.534234 %) (beta_change: 13.288245 %) (delta_change:  0.540788 %) (delta_peak/R:  6.305029 %)
-> Saved file: /media/rafael/DATA/Dropbox/20220924_FIML_solver/data/output/field_inversion/Beta_k/u_imp_10/FI_run_T61_CReStar_tauCPrStar_u_imp_10_k_imp_1_e_imp_0/FI_run_T61_CReStar_tauCPrStar_u_imp_10_k_imp_1_e_imp_0_state_iter_8000.dat
iter:   8100 (Jcost: 9.926926e-02) (lr = 3.420e-01) (elapsed time: 8636.212) (secs/iter:  0.841) (n_accepted: 79%) (u_error:  1.534298 %) (beta_change: 13.325591 %) (delta_change:  0.540755 %) (delta_peak/R:  6.304953 %)
iter:   8200 (Jcost: 9.926918e-02) (lr = 2.936e-01) (elapsed time: 8719.055) (secs/iter:  0.828) (n_accepted: 79%) (u_error:  1.534278 %) (beta_change: 13.369987 %) (delta_change:  0.540715 %) (delta_peak/R:  6.304972 %)
iter:   8300 (Jcost: 9.926910e-02) (lr = 1.050e-01) (elapsed time: 8799.647) (secs/iter:  0.806) (n_accepted: 78%) (u_error:  1.534291 %) (beta_change: 13.409131 %) (delta_change:  0.540681 %) (delta_peak/R:  6.304953 %)
iter:   8400 (Jcost: 9.926900e-02) (lr = 1.565e-02) (elapsed time: 8880.265) (secs/iter:  0.806) (n_accepted: 77%) (u_error:  1.534284 %) (beta_change: 13.468433 %) (delta_change:  0.540628 %) (delta_peak/R:  6.304956 %)
iter:   8500 (Jcost: 9.926892e-02) (lr = 3.224e-02) (elapsed time: 8962.835) (secs/iter:  0.826) (n_accepted: 80%) (u_error:  1.534431 %) (beta_change: 13.510602 %) (delta_change:  0.540593 %) (delta_peak/R:  6.304785 %)
-> Saved file: /media/rafael/DATA/Dropbox/20220924_FIML_solver/data/output/field_inversion/Beta_k/u_imp_10/FI_run_T61_CReStar_tauCPrStar_u_imp_10_k_imp_1_e_imp_0/FI_run_T61_CReStar_tauCPrStar_u_imp_10_k_imp_1_e_imp_0_state_iter_8500.dat
iter:   8600 (Jcost: 9.926886e-02) (lr = 3.825e-01) (elapsed time: 9050.561) (secs/iter:  0.877) (n_accepted: 82%) (u_error:  1.534268 %) (beta_change: 13.543404 %) (delta_change:  0.540563 %) (delta_peak/R:  6.304968 %)
iter:   8700 (Jcost: 9.926879e-02) (lr = 3.284e-01) (elapsed time: 9133.013) (secs/iter:  0.825) (n_accepted: 79%) (u_error:  1.534291 %) (beta_change: 13.584406 %) (delta_change:  0.540528 %) (delta_peak/R:  6.304939 %)
iter:   8800 (Jcost: 9.926872e-02) (lr = 8.496e-03) (elapsed time: 9217.669) (secs/iter:  0.847) (n_accepted: 75%) (u_error:  1.534287 %) (beta_change: 13.625038 %) (delta_change:  0.540493 %) (delta_peak/R:  6.304940 %)
iter:   8900 (Jcost: 9.926865e-02) (lr = 2.420e-01) (elapsed time: 9298.062) (secs/iter:  0.804) (n_accepted: 83%) (u_error:  1.534190 %) (beta_change: 13.664674 %) (delta_change:  0.540459 %) (delta_peak/R:  6.305046 %)
iter:   9000 (Jcost: 9.926859e-02) (lr = 4.985e-01) (elapsed time: 9382.575) (secs/iter:  0.845) (n_accepted: 80%) (u_error:  1.534312 %) (beta_change: 13.697606 %) (delta_change:  0.540433 %) (delta_peak/R:  6.304906 %)
-> Saved file: /media/rafael/DATA/Dropbox/20220924_FIML_solver/data/output/field_inversion/Beta_k/u_imp_10/FI_run_T61_CReStar_tauCPrStar_u_imp_10_k_imp_1_e_imp_0/FI_run_T61_CReStar_tauCPrStar_u_imp_10_k_imp_1_e_imp_0_state_iter_9000.dat
iter:   9100 (Jcost: 9.926852e-02) (lr = 1.783e-01) (elapsed time: 9463.412) (secs/iter:  0.808) (n_accepted: 78%) (u_error:  1.534309 %) (beta_change: 13.738735 %) (delta_change:  0.540400 %) (delta_peak/R:  6.304905 %)
iter:   9200 (Jcost: 9.926847e-02) (lr = 2.657e-02) (elapsed time: 9549.163) (secs/iter:  0.858) (n_accepted: 77%) (u_error:  1.534203 %) (beta_change: 13.774612 %) (delta_change:  0.540369 %) (delta_peak/R:  6.305023 %)
iter:   9300 (Jcost: 9.926840e-02) (lr = 7.567e-01) (elapsed time: 9627.257) (secs/iter:  0.781) (n_accepted: 83%) (u_error:  1.534297 %) (beta_change: 13.817068 %) (delta_change:  0.540336 %) (delta_peak/R:  6.304913 %)
iter:   9400 (Jcost: 9.926834e-02) (lr = 1.128e-01) (elapsed time: 9710.922) (secs/iter:  0.837) (n_accepted: 77%) (u_error:  1.534285 %) (beta_change: 13.849107 %) (delta_change:  0.540311 %) (delta_peak/R:  6.304924 %)
iter:   9500 (Jcost: 9.926828e-02) (lr = 9.680e-02) (elapsed time: 9788.078) (secs/iter:  0.772) (n_accepted: 79%) (u_error:  1.534271 %) (beta_change: 13.888943 %) (delta_change:  0.540280 %) (delta_peak/R:  6.304937 %)
-> Saved file: /media/rafael/DATA/Dropbox/20220924_FIML_solver/data/output/field_inversion/Beta_k/u_imp_10/FI_run_T61_CReStar_tauCPrStar_u_imp_10_k_imp_1_e_imp_0/FI_run_T61_CReStar_tauCPrStar_u_imp_10_k_imp_1_e_imp_0_state_iter_9500.dat
iter:   9600 (Jcost: 9.926822e-02) (lr = 1.443e-02) (elapsed time: 9874.765) (secs/iter:  0.867) (n_accepted: 77%) (u_error:  1.534280 %) (beta_change: 13.925201 %) (delta_change:  0.540252 %) (delta_peak/R:  6.304923 %)
iter:   9700 (Jcost: 9.926816e-02) (lr = 2.972e-02) (elapsed time: 9958.226) (secs/iter:  0.835) (n_accepted: 80%) (u_error:  1.534363 %) (beta_change: 13.960661 %) (delta_change:  0.540226 %) (delta_peak/R:  6.304825 %)
iter:   9800 (Jcost: 9.926811e-02) (lr = 6.123e-02) (elapsed time: 10039.615) (secs/iter:  0.814) (n_accepted: 80%) (u_error:  1.534339 %) (beta_change: 13.997679 %) (delta_change:  0.540198 %) (delta_peak/R:  6.304850 %)
iter:   9900 (Jcost: 9.926805e-02) (lr = 7.265e-01) (elapsed time: 10120.322) (secs/iter:  0.807) (n_accepted: 82%) (u_error:  1.534315 %) (beta_change: 14.030404 %) (delta_change:  0.540174 %) (delta_peak/R:  6.304875 %)
iter:  10000 (Jcost: 9.926800e-02) (lr = 2.599e-01) (elapsed time: 10193.381) (secs/iter:  0.731) (n_accepted: 78%) (u_error:  1.534309 %) (beta_change: 14.066358 %) (delta_change:  0.540147 %) (delta_peak/R:  6.304878 %)
-> Saved file: /media/rafael/DATA/Dropbox/20220924_FIML_solver/data/output/field_inversion/Beta_k/u_imp_10/FI_run_T61_CReStar_tauCPrStar_u_imp_10_k_imp_1_e_imp_0/FI_run_T61_CReStar_tauCPrStar_u_imp_10_k_imp_1_e_imp_0_state_iter_10000.dat
iter:  10100 (Jcost: 9.926793e-02) (lr = 3.873e-02) (elapsed time: 10279.869) (secs/iter:  0.865) (n_accepted: 77%) (u_error:  1.534264 %) (beta_change: 14.109980 %) (delta_change:  0.540115 %) (delta_peak/R:  6.304926 %)
iter:  10200 (Jcost: 9.926787e-02) (lr = 1.385e-02) (elapsed time: 10345.161) (secs/iter:  0.653) (n_accepted: 78%) (u_error:  1.534281 %) (beta_change: 14.151816 %) (delta_change:  0.540086 %) (delta_peak/R:  6.304904 %)
iter:  10300 (Jcost: 9.926783e-02) (lr = 1.704e-09) (elapsed time: 10410.746) (secs/iter:  0.656) (n_accepted: 61%) (u_error:  1.534293 %) (beta_change: 14.174390 %) (delta_change:  0.540071 %) (delta_peak/R:  6.304887 %)
iter:  10304 (Jcost: 9.926783e-02) (lr = 5.324e-11) (elapsed time: 10410.829) (secs/iter:  0.021) (n_accepted: 0%) (u_error:  1.534293 %) (beta_change: 14.174390 %) (delta_change:  0.540071 %) (delta_peak/R:  6.304887 %)
-> Saved file: /media/rafael/DATA/Dropbox/20220924_FIML_solver/data/output/field_inversion/Beta_k/u_imp_10/FI_run_T61_CReStar_tauCPrStar_u_imp_10_k_imp_1_e_imp_0/FI_run_T61_CReStar_tauCPrStar_u_imp_10_k_imp_1_e_imp_0_state_iter_10304.dat
