# ------------------------------------------------------------------------
#                  Input Arguments
# ------------------------------------------------------------------------
# Begin_Input_Arguments
{ 'all_b_mode': ['Beta_k', 'Beta_e'],
  'args_mk_solver': { 'torch': "<module 'torch' from "
                               "'/home/rafael/anaconda3/lib/python3.9/site-packages/torch/__init__.py'>",
                      'y_grid': [0.0, 0.000309700312, 0.000638645973, 0.00098802599, 0.00135910194, 0.00175321227, 0.00217177688, 0.00261630193, 0.00308838486, 0.00358971984, 0.00412210331, 0.00468744001, 0.00528774917, 0.00592517114, 0.00660197432, 0.0073205624, 0.00808348206, 0.00889343092, 0.00975326602, 0.0106660126, 0.0116348733, 0.0126632377, 0.0137546927, 0.0149130326, 0.0161422702, 0.0174466482, 0.0188306506, 0.0202990157, 0.0218567475, 0.02350913, 0.0252617393, 0.0271204584, 0.0290914903, 0.0311813732, 0.033396994, 0.0357456039, 0.0382348325, 0.0408727029, 0.0436676462, 0.0466285159, 0.0497646022, 0.0530856456, 0.0566018496, 0.0603238931, 0.0642629411, 0.068430655, 0.0728392004, 0.0775012535, 0.0824300053, 0.0876391634, 0.0931429507, 0.0989561006, 0.105093849, 0.111571922, 0.118406518, 0.125614286, 0.133212296, 0.141218006, 0.14964922, 0.158524039, 0.167860801, 0.177678022, 0.187994313, 0.1988283, 0.21019853, 0.222123362, 0.234620856, 0.247708641, 0.261403784, 0.275722637, 0.290680679, 0.306292354, 0.322570888, 0.339528108, 0.357174255, 0.375517785, 0.394565175, 0.414320726, 0.43478637, 0.45596148, 0.47784269, 0.500423731, 0.523695275, 0.547644806, 0.572256506, 0.597511177, 0.623386184, 0.649855436, 0.676889401, 0.704455158, 0.73251649, 0.761034018, 0.789965372, 0.819265404, 0.848886442, 0.878778572, 0.908889961, 0.939167201, 0.969555687, 1.0],
                      'Ret': 395,
                      'cp': 1.0,
                      'A_sca_rho': 1.0,
                      'A_sca_mu': 0.002531645569620253,
                      'A_sca_k': 0.002531645569620253,
                      'b_exp_rho': -1,
                      'b_exp_mu': -0.5,
                      'b_exp_k': 0,
                      'tensor_device': 'cpu',
                      'as_tensor': '<function '
                                   'Build_arguments_fi_run._mk_args_MK_solver.<locals>.<lambda> '
                                   'at 0x7f75899ebb80>',
                      'ref_dns': { 'u_dns': [3.403553984282554e-17, 0.12047328224576392, 0.2492775578529058, 0.3869654536059302, 0.5341141835388468, 0.6913230380309244, 0.859209674441393, 1.03840486535322, 1.2295453082230883, 1.4332641078107287, 1.6501789560325701, 1.880946998422529, 2.126338642327626, 2.38714950699949, 2.6641815433491987, 2.958213825658367, 3.269846917577157, 3.5995010196342907, 3.94742224749573, 4.313651324202478, 4.698015096704779, 5.100006186102139, 5.518763891827045, 5.953268357573341, 6.402078228553112, 6.863352446505142, 7.334967557305022, 7.81430070030658, 8.298821141621938, 8.785771783658591, 9.27219337985077, 9.75493340719527, 10.231276944789833, 10.698889395493337, 11.155331447721387, 11.598487254657961, 12.027233607433066, 12.440329786053884, 12.836340671848578, 13.214445042279788, 13.574957616279535, 13.91823849645652, 14.243856224259293, 14.553634284003987, 14.847415884284624, 15.125767448951773, 15.389589937146486, 15.640680090790221, 15.879854747052503, 16.108079849462804, 16.32717139847753, 16.53626973735336, 16.73806706870899, 16.933431355871598, 17.123251204014565, 17.307988379688194, 17.48919193573984, 17.667207688936315, 17.84314547440831, 18.018027894604106, 18.191950919290587, 18.365494748376243, 18.540098557335103, 18.716861958806174, 18.89460525747938, 19.073638791607866, 19.254286222418376, 19.435968097227335, 19.620118238538403, 19.805157725576056, 19.9913966125671, 20.17925252038889, 20.368054057544825, 20.558606982852474, 20.75048545152099, 20.943832629451872, 21.13781802554145, 21.33207683018978, 21.527570107743223, 21.722842903627445, 21.918884250962215, 22.11279343761243, 22.305451841636728, 22.496177053773756, 22.685537607042548, 22.873523660072223, 23.057274868099974, 23.23807091371253, 23.41221368642968, 23.57847282210627, 23.736614547000464, 23.883361706062338, 24.020113886172474, 24.14297702379754, 24.25207917073632, 24.34261882734868, 24.415465499156717, 24.466487532175748, 24.496884468559344, 24.50746213468257],
                                   'T_dns': [1.0, 1.0053426563464145, 1.0110385865263813, 1.017108901317047, 1.02357522311719, 1.0304594796243112, 1.0377836285893098, 1.0455692957180693, 1.0538373050180088, 1.0626070805613286, 1.071895938332503, 1.0817233672636288, 1.092116801013168, 1.1031055647706083, 1.1147200671975095, 1.1269902380149417, 1.1399337268847884, 1.1535571610430615, 1.1678584504002327, 1.1828288512844771, 1.1984608400476047, 1.214738718800999, 1.2316348450071997, 1.2491085670047017, 1.2671018395401885, 1.2855413240171536, 1.3043417974022018, 1.3234045700005328, 1.3426679858493196, 1.3620814678889805, 1.3815186902931798, 1.4007924850439804, 1.4198265916069148, 1.4386243343945673, 1.4570656648615747, 1.4750015077351333, 1.492387904997916, 1.5092174795774242, 1.5254834677368927, 1.5411129554483063, 1.5560618796318746, 1.570371606440853, 1.5841327859844991, 1.5972711402648008, 1.6097622823649922, 1.621740085027946, 1.6331876308905469, 1.6441078433965812, 1.654703173107605, 1.664820386693435, 1.6746000364751477, 1.6841130362639587, 1.6931971624295217, 1.7021120395687073, 1.7107561595639882, 1.7192036293183015, 1.7273911120991257, 1.7354459779738116, 1.7434475541519177, 1.751215597058139, 1.7589751737817472, 1.7667100140347263, 1.7742746801033593, 1.7817962038244666, 1.789384916773024, 1.7968510994281697, 1.8043648561366628, 1.8118766517889175, 1.8192705263735118, 1.826677704206109, 1.8340841092212703, 1.8414432379546193, 1.8487420020332395, 1.8560431404541708, 1.863410048675208, 1.8706704092791446, 1.8778469465485272, 1.8850991206235415, 1.8921570726108878, 1.899196531554627, 1.9062869362563775, 1.9131612244553953, 1.9199152258954122, 1.9265500155090345, 1.9329258598996497, 1.939287442012318, 1.9453203528665193, 1.9511797892879066, 1.9567487974118596, 1.9620039868887653, 1.9668710338217874, 1.9714111737842437, 1.975497451153465, 1.979172581226056, 1.982401552565981, 1.9850554732549874, 1.9871190215593835, 1.9885949080661114, 1.9895553099588197, 1.9899185907121122],
                                   'mu_dns': [0.002531645569620253, 0.002524909692109797, 0.002517787302085833, 0.0025102627223965637, 0.002502321008040688, 0.0024939482926257207, 0.002485132200980336, 0.002475862339277017, 0.0024661308741404024, 0.0024559332089433765, 0.0024452687163811194, 0.002434135771404892, 0.0024225255167615554, 0.002410429127266468, 0.0023978388626555137, 0.00238474983423201, 0.0023711722446947674, 0.0023571289649129915, 0.002342652115838058, 0.0023277800927988266, 0.0023125491956434846, 0.002297002496077384, 0.0022811924246294198, 0.00226518048214559, 0.002249039813965453, 0.0022328517214182772, 0.002216701415884551, 0.002200678443367176, 0.00218483471359092, 0.0021692088236267455, 0.0021538949696635083, 0.002139025701037817, 0.0021246395007870613, 0.002110713088992077, 0.0020973134510950584, 0.002084522908259784, 0.0020723449353123972, 0.002060757984065153, 0.002049741771636351, 0.0020393213627804886, 0.002029501948525909, 0.0020202340527605282, 0.002011440142605449, 0.002003150510041076, 0.001995363532180889, 0.001987981225764241, 0.00198100176887234, 0.0019744118721508144, 0.0019680804827644917, 0.001962091298027905, 0.001956353610614556, 0.0019508203871515255, 0.0019455802024357942, 0.0019404784880661732, 0.0019355698483667647, 0.0019308086897384814, 0.0019262274343585816, 0.0019217520576924375, 0.0019173370326056125, 0.001913079844127884, 0.0019088554816131952, 0.001904672314055568, 0.001900607667116212, 0.0018965918924822224, 0.0018925659326468312, 0.0018886298936971586, 0.0018846934643215886, 0.0018807825644394888, 0.0018769567374271694, 0.0018731473420773327, 0.0018693614410001818, 0.0018656223511371824, 0.001861936005618708, 0.0018582702374212508, 0.0018545933055722514, 0.0018509908252871098, 0.001847450488704642, 0.0018438933963618586, 0.0018404512218325726, 0.0018370371969546498, 0.0018336175985214297, 0.0018303203962742767, 0.0018270981504327475, 0.0018239492919162354, 0.001820938617055892, 0.001817949486643158, 0.0018151283462519486, 0.001812400861586111, 0.0018098199306897655, 0.0018073945217753685, 0.0018051569265223196, 0.0018030770993192485, 0.0018012113193451526, 0.001799538205581967, 0.0017980720481987264, 0.0017968696796245474, 0.001795936446517653, 0.0017952698727618543, 0.0017948365124274485, 0.0017946726717244267],
                                   'rho_dns': [1.0, 0.9946857359401912, 0.9890819334954302, 0.9831788894041801, 0.9769677669166374, 0.9704408759135137, 0.9635919978419102, 0.9564167617539174, 0.9489130772258164, 0.9410816267775517, 0.9329263823460809, 0.9244507701905714, 0.9156529769272752, 0.9065315523160749, 0.897086209737011, 0.8873191322059544, 0.8772439804310384, 0.8668837867520903, 0.8562681544645188, 0.8454308490311708, 0.8344035671288839, 0.8232222983614488, 0.8119289609690723, 0.8005709242695762, 0.7892025477311945, 0.777882423005374, 0.766670210209973, 0.7556268299720299, 0.7447857627792018, 0.7341704762710326, 0.7238410938818239, 0.7138816139269931, 0.7043113616207396, 0.6951084978142271, 0.6863108671873088, 0.6779654086832096, 0.6700670761610041, 0.6625950292332928, 0.6555298835742445, 0.6488817036186049, 0.6426479647689686, 0.636791951598282, 0.6312602130625842, 0.6260677819760875, 0.6212097344775924, 0.6166216209564604, 0.6122995184911599, 0.6082326071348754, 0.6043379962352742, 0.6006653978968501, 0.5971575171495231, 0.5937843710410335, 0.5905986746192793, 0.5875053913920889, 0.584536840279368, 0.5816646631885718, 0.5789076909078222, 0.5762207597885195, 0.5735761868021547, 0.5710319173035556, 0.568512856182062, 0.5660238477486459, 0.5636105904085525, 0.5612314123543362, 0.5588512514140331, 0.5565291416290644, 0.5542116366315771, 0.551913950109502, 0.5496708628558804, 0.5474419475846228, 0.5452312655522585, 0.5430523077706966, 0.5409083576292439, 0.5387805801514406, 0.5366505352436788, 0.5345677116822231, 0.5325247629142486, 0.5304760842863404, 0.5284973507089201, 0.5265384510687944, 0.5245799994642095, 0.522695101289575, 0.5208563307963865, 0.519062568814638, 0.5173504171815034, 0.5156533159222346, 0.5140541497581382, 0.5125104336822571, 0.5110518025219557, 0.5096829602195372, 0.5084217433701894, 0.5072508532456165, 0.5062016148976118, 0.5052616479663036, 0.5044386686973786, 0.5037642592225665, 0.5032411190021492, 0.502867625751134, 0.5026248805421238, 0.5025331210369466]},
                      'case': 'T31_CReStar_tau',
                      'constant_Sq_heat': 0.04443037974683545,
                      'use_visc_heating': False,
                      'Pr_turb': 1.0,
                      'fprint': '<function '
                                'Build_arguments_fi_run._mk_args_MK_solver.<locals>.<lambda> '
                                'at 0x7f75899eb430>',
                      'compressible_correction': False,
                      'bool_solve_energy': False,
                      'output_last': False},
  'u_imp': 100,
  'k_imp': 1,
  'e_imp': 1,
  'solve_sparse_adj': True,
  'all_ref_beta_distrib': {'K': [1.0, 0.99985417, 0.99966547, 0.99942909, 0.99914217, 0.99880279, 0.99841015, 0.99796493, 0.99746983, 0.99693008, 0.99635406, 0.99575397, 0.99514646, 0.99455341, 0.99400272, 0.99352909, 0.993175, 0.99299153, 0.99303909, 0.99338777, 0.99411676, 0.99531192, 0.99705973, 0.99943703, 1.00249942, 1.00627283, 1.01074898, 1.01588233, 1.02158945, 1.02775104, 1.03421421, 1.04079717, 1.04730272, 1.0535284, 1.0592655, 1.0643101, 1.06847877, 1.07161277, 1.07358414, 1.07429575, 1.07368955, 1.07174998, 1.06850206, 1.06399357, 1.05830846, 1.05157147, 1.04392656, 1.03554566, 1.02663348, 1.0174115, 1.00814551, 0.99913816, 0.99072941, 0.98326893, 0.97709423, 0.97250023, 0.96972329, 0.96891541, 0.97014203, 0.97338359, 0.97851037, 0.98530487, 0.99344259, 1.00247848, 1.0118897, 1.02111391, 1.02957979, 1.03675298, 1.04216827, 1.04550602, 1.0466437, 1.04565807, 1.04283022, 1.03860973, 1.03356099, 1.02832695, 1.02362831, 1.02020648, 1.01864354, 1.01934892, 1.02253207, 1.02827361, 1.03643863, 1.04632466, 1.05651667, 1.0650208, 1.06990433, 1.06974553, 1.06409484, 1.05374666, 1.04021106, 1.02535133, 1.01088166, 0.99811585, 0.98799033, 0.98096407, 0.97693441, 0.97520878, 0.97482061, 0.98742093], 'E': [1.0, 1.0000648, 1.00010406, 1.00014872, 1.00019868, 1.00025345, 1.0003121, 1.00037301, 1.00043375, 1.00049083, 1.0005394, 1.00057296, 1.00058287, 1.0005579, 1.00048361, 1.00034187, 1.0001108, 0.99976595, 0.99928356, 0.99864492, 0.99783515, 0.99682536, 0.99554151, 0.9938593, 0.99165757, 0.98886567, 0.98543291, 0.98129978, 0.97640988, 0.97072179, 0.96421748, 0.95690953, 0.94884113, 0.94009014, 0.93078688, 0.92112174, 0.91134791, 0.90179916, 0.89290832, 0.88523791, 0.87950222, 0.87659719, 0.87764002, 0.88403944, 0.89750488, 0.92005246, 0.9540477, 1.00222745, 1.0678412, 1.15382327, 1.25861911, 1.37138503, 1.47444566, 1.5522107, 1.59673064, 1.60780107, 1.58980043, 1.54885177, 1.49103191, 1.42167253, 1.3452721, 1.26557953, 1.18586827, 1.1091002, 1.03791559, 0.97459802, 0.92105325, 0.87870244, 0.84839079, 0.83021849, 0.8234281, 0.82650752, 0.83733466, 0.85344747, 0.87232962, 0.89162981, 0.90933427, 0.92390961, 0.93450033, 0.94085754, 0.9432029, 0.94201087, 0.93803007, 0.93253125, 0.92729438, 0.92434996, 0.92529079, 0.93094637, 0.94109614, 0.95443304, 0.96921722, 0.98367462, 0.99642864, 1.00664513, 1.01392288, 1.01829527, 1.02021934, 1.02053311, 1.02016818, 1.00996332]},
  'all_ref_delta_distrib': {'K': [-0.0, 0.004328073001577876, 0.01012846516811817, 0.017666372169391233, 0.027188364786133675, 0.03895671937376556, 0.053248592873589545, 0.07034763734164756, 0.09052554332011882, 0.11401773419199103, 0.14098503961221404, 0.17145783705224155, 0.2052602557844587, 0.2419026711966172, 0.28043832015821285, 0.3192792280791369, 0.35596049519991874, 0.38686575269359813, 0.40692745716610224, 0.40934785738637397, 0.3854152575370749, 0.3245315081317032, 0.21462999920578438, 0.043208973567825645, -0.20090590990205734, -0.5253023219557122, -0.9317555786502961, -1.4145192586466167, -1.959583780725156, -2.545257939575996, -3.143995407373396, -3.7250891323520636, -4.257861209908784, -4.714533486199362, -5.072185836344816, -5.3142839080882025, -5.431531003848226, -5.421809668574944, -5.289828813455143, -5.046176726126867, -4.706255218378547, -4.288935130232108, -3.815210426662, -3.3064779098721515, -2.7836313851630985, -2.266108975944827, -1.7706155027789174, -1.3106765857302585, -0.8964067430649769, -0.5343014094845678, -0.22788144120176207, 0.022007752388124486, 0.21664423468060995, 0.359094099538913, 0.45352551299334704, 0.5047345939809537, 0.5177337959691746, 0.49765368390036396, 0.44959454738242804, 0.37859347885601247, 0.28983611175550117, 0.18854616844004388, 0.08026209596390489, -0.02900115648569382, -0.13318675202600933, -0.2266097637818379, -0.3041884859123893, -0.36191904365769756, -0.3971536621415037, -0.40916707148263887, -0.3994773569915102, -0.37150135020920155, -0.3301684347341264, -0.2811818329777809, -0.23025367630313048, -0.18261317593216012, -0.1427838300306191, -0.11419374673390381, -0.09833089361885797, -0.09503984448070378, -0.10283970804716693, -0.11963052286663016, -0.14254078579460394, -0.16699636385936237, -0.18705022926165304, -0.19667204500208485, -0.1922694243563172, -0.17345090713603195, -0.14327122772813605, -0.107344325527381, -0.07135955708745356, -0.0397854125046086, -0.01505359092522045, 0.0022956008719784817, 0.012920924064384028, 0.018223800678448605, 0.019927113481614373, 0.019748614869523038, 0.019034746801429105, 0.009339359741067078], 'E': [-0.0, -0.04251493233652883, -0.09297226204920711, -0.152213302990907, -0.22095965678533128, -0.29963659861925085, -0.388256388176, -0.4860129939639507, -0.5909300489545851, -0.6992175971241495, -0.8043593701292838, -0.8959422478116098, -0.9578197621070292, -0.9658289476049517, -0.884500466094875, -0.6628265220079892, -0.22874292590297282, 0.5176880330428512, 1.7122260459109016, 3.535058878215021, 6.21934988149436, 10.057584879241274, 15.40160585970403, 22.647197850078605, 32.19227757005342, 44.37071920319116, 59.3794160838964, 77.20937988949618, 97.59350058927117, 119.98609173287198, 143.57940886552484, 167.3563859212496, 190.17607522254494, 210.86513286219784, 228.29099365169336, 241.43737731249527, 249.46874571193334, 251.76592476746976, 247.95790099560844, 237.93182712541198, 221.84014577102562, 200.09143527267844, 173.33376941315888, 142.40885872805174, 108.32943907938038, 72.23161993888903, 35.28108305953142, -1.4463682014817114, -37.128137582471474, -70.84541479800677, -100.30335073468318, -121.68281085365356, -132.09803988058337, -131.6956146711633, -123.0734562958771, -109.54665222423657, -93.90171485275422, -78.00755860804263, -62.93055106307182, -49.192404473023394, -36.97667134966195, -26.30580641167115, -17.137956557352872, -9.413057675666359, -3.072858075133361, 1.9388214107493005, 5.681095493055309, 8.22761263396791, 9.679020834378479, 10.174426375434322, 9.896561942342277, 9.056174080254587, 7.871798365597921, 6.544403286053388, 5.237578210662433, 4.068203757471083, 3.103866634083646, 2.368472961491587, 1.8493866454498737, 1.5114585461873993, 1.3109983634082802, 1.2062821232236487, 1.158576257342053, 1.1296820158847407, 1.085336408879809, 1.000869840615424, 0.8698783155065972, 0.7018142032879887, 0.517945386248022, 0.3435431108703001, 0.1973049292871546, 0.08830995266870931, 0.016220049691146862, -0.02529100731078599, -0.04453866540765723, -0.049685504786227595, -0.047516237435112206, -0.04302133262466795, -0.03923444825182645, -0.01889519134623288]},
  'fname_print': '/media/rafael/DATA/Dropbox/20220924_FIML_solver/data/output/field_inversion/Beta_k__1__Beta_e__1/u_imp_100/FI_run_T31_CReStar_tau_u_imp_100_k_imp_1_e_imp_1/FI_run_T31_CReStar_tau_u_imp_100_k_imp_1_e_imp_1.log',
  'folder': '/media/rafael/DATA/Dropbox/20220924_FIML_solver/data/output/field_inversion/Beta_k__1__Beta_e__1/u_imp_100/FI_run_T31_CReStar_tau_u_imp_100_k_imp_1_e_imp_1',
  'iters_limit': 15000}
# End_Input_Arguments

# ------------------------------------------------------------------------
#                  Iterations
# ------------------------------------------------------------------------

iter:      0 (Jcost: 2.244199e+01) (lr = 1.000e-03) (elapsed time:  0.002) (secs/iter:   None) (n_accepted: 0%) (u_error:  6.993763 %) (beta_change: 34.104841 %) (delta_change:  5.121258 %) (delta_peak/R:  0.000000 %)
-> Saved file: /media/rafael/DATA/Dropbox/20220924_FIML_solver/data/output/field_inversion/Beta_k__1__Beta_e__1/u_imp_100/FI_run_T31_CReStar_tau_u_imp_100_k_imp_1_e_imp_1/FI_run_T31_CReStar_tau_u_imp_100_k_imp_1_e_imp_1_state_iter_0.dat
iter:    100 (Jcost: 2.101925e-01) (lr = 9.889e-03) (elapsed time: 91.883) (secs/iter:  0.919) (n_accepted: 82%) (u_error:  0.742451 %) (beta_change: 30.668344 %) (delta_change:  3.460893 %) (delta_peak/R:  6.623964 %)
iter:    200 (Jcost: 1.320348e-01) (lr = 8.488e-03) (elapsed time: 168.165) (secs/iter:  0.763) (n_accepted: 79%) (u_error:  0.481302 %) (beta_change: 30.005713 %) (delta_change:  2.539449 %) (delta_peak/R:  6.471182 %)
iter:    300 (Jcost: 1.185299e-01) (lr = 3.036e-03) (elapsed time: 242.993) (secs/iter:  0.748) (n_accepted: 78%) (u_error:  0.428294 %) (beta_change: 29.667589 %) (delta_change:  2.213191 %) (delta_peak/R:  6.312429 %)
iter:    400 (Jcost: 1.124701e-01) (lr = 4.525e-04) (elapsed time: 318.769) (secs/iter:  0.758) (n_accepted: 77%) (u_error:  0.386425 %) (beta_change: 29.366846 %) (delta_change:  2.111178 %) (delta_peak/R:  6.160204 %)
iter:    500 (Jcost: 1.090762e-01) (lr = 3.093e-02) (elapsed time: 424.132) (secs/iter:  1.054) (n_accepted: 84%) (u_error:  0.377847 %) (beta_change: 29.120001 %) (delta_change:  2.035242 %) (delta_peak/R:  6.053971 %)
-> Saved file: /media/rafael/DATA/Dropbox/20220924_FIML_solver/data/output/field_inversion/Beta_k__1__Beta_e__1/u_imp_100/FI_run_T31_CReStar_tau_u_imp_100_k_imp_1_e_imp_1/FI_run_T31_CReStar_tau_u_imp_100_k_imp_1_e_imp_1_state_iter_500.dat
iter:    600 (Jcost: 1.064210e-01) (lr = 1.106e-02) (elapsed time: 526.058) (secs/iter:  1.019) (n_accepted: 78%) (u_error:  0.373193 %) (beta_change: 28.893864 %) (delta_change:  1.967370 %) (delta_peak/R:  5.946618 %)
iter:    700 (Jcost: 1.044266e-01) (lr = 1.648e-03) (elapsed time: 630.305) (secs/iter:  1.042) (n_accepted: 77%) (u_error:  0.370788 %) (beta_change: 28.698880 %) (delta_change:  1.929206 %) (delta_peak/R:  5.850176 %)
iter:    800 (Jcost: 1.027979e-01) (lr = 5.896e-04) (elapsed time: 699.015) (secs/iter:  0.687) (n_accepted: 78%) (u_error:  0.368703 %) (beta_change: 28.515297 %) (delta_change:  1.892841 %) (delta_peak/R:  5.767432 %)
iter:    900 (Jcost: 1.012485e-01) (lr = 2.915e-03) (elapsed time: 768.650) (secs/iter:  0.696) (n_accepted: 81%) (u_error:  0.365924 %) (beta_change: 28.294351 %) (delta_change:  1.876276 %) (delta_peak/R:  5.690641 %)
iter:   1000 (Jcost: 1.004398e-01) (lr = 1.043e-03) (elapsed time: 880.824) (secs/iter:  1.122) (n_accepted: 78%) (u_error:  0.366313 %) (beta_change: 28.182290 %) (delta_change:  1.869814 %) (delta_peak/R:  5.663126 %)
-> Saved file: /media/rafael/DATA/Dropbox/20220924_FIML_solver/data/output/field_inversion/Beta_k__1__Beta_e__1/u_imp_100/FI_run_T31_CReStar_tau_u_imp_100_k_imp_1_e_imp_1/FI_run_T31_CReStar_tau_u_imp_100_k_imp_1_e_imp_1_state_iter_1000.dat
iter:   1100 (Jcost: 9.946530e-02) (lr = 8.950e-04) (elapsed time: 996.146) (secs/iter:  1.153) (n_accepted: 79%) (u_error:  0.365064 %) (beta_change: 28.008623 %) (delta_change:  1.858273 %) (delta_peak/R:  5.615193 %)
iter:   1200 (Jcost: 9.857982e-02) (lr = 2.549e-02) (elapsed time: 1101.357) (secs/iter:  1.052) (n_accepted: 83%) (u_error:  0.364232 %) (beta_change: 27.820826 %) (delta_change:  1.843803 %) (delta_peak/R:  5.571081 %)
iter:   1300 (Jcost: 9.787275e-02) (lr = 2.188e-02) (elapsed time: 1212.129) (secs/iter:  1.108) (n_accepted: 79%) (u_error:  0.363297 %) (beta_change: 27.645044 %) (delta_change:  1.828743 %) (delta_peak/R:  5.534220 %)
iter:   1400 (Jcost: 9.725942e-02) (lr = 7.826e-03) (elapsed time: 1337.526) (secs/iter:  1.254) (n_accepted: 78%) (u_error:  0.362639 %) (beta_change: 27.469925 %) (delta_change:  1.815823 %) (delta_peak/R:  5.502386 %)
iter:   1500 (Jcost: 9.671534e-02) (lr = 1.166e-03) (elapsed time: 1474.116) (secs/iter:  1.366) (n_accepted: 77%) (u_error:  0.361985 %) (beta_change: 27.293214 %) (delta_change:  1.802055 %) (delta_peak/R:  5.473825 %)
-> Saved file: /media/rafael/DATA/Dropbox/20220924_FIML_solver/data/output/field_inversion/Beta_k__1__Beta_e__1/u_imp_100/FI_run_T31_CReStar_tau_u_imp_100_k_imp_1_e_imp_1/FI_run_T31_CReStar_tau_u_imp_100_k_imp_1_e_imp_1_state_iter_1500.dat
iter:   1600 (Jcost: 9.626543e-02) (lr = 2.403e-03) (elapsed time: 1585.242) (secs/iter:  1.111) (n_accepted: 80%) (u_error:  0.360743 %) (beta_change: 27.121317 %) (delta_change:  1.787855 %) (delta_peak/R:  5.446815 %)
iter:   1700 (Jcost: 9.592885e-02) (lr = 4.950e-03) (elapsed time: 1674.216) (secs/iter:  0.890) (n_accepted: 80%) (u_error:  0.361097 %) (beta_change: 26.995487 %) (delta_change:  1.776923 %) (delta_peak/R:  5.433016 %)
iter:   1800 (Jcost: 9.549789e-02) (lr = 1.770e-03) (elapsed time: 1778.833) (secs/iter:  1.046) (n_accepted: 78%) (u_error:  0.360670 %) (beta_change: 26.808079 %) (delta_change:  1.760149 %) (delta_peak/R:  5.411179 %)
iter:   1900 (Jcost: 9.513778e-02) (lr = 2.638e-04) (elapsed time: 1887.089) (secs/iter:  1.083) (n_accepted: 77%) (u_error:  0.360406 %) (beta_change: 26.636113 %) (delta_change:  1.744218 %) (delta_peak/R:  5.393571 %)
iter:   2000 (Jcost: 9.480191e-02) (lr = 1.304e-03) (elapsed time: 1993.206) (secs/iter:  1.061) (n_accepted: 81%) (u_error:  0.359421 %) (beta_change: 26.455971 %) (delta_change:  1.728416 %) (delta_peak/R:  5.374360 %)
-> Saved file: /media/rafael/DATA/Dropbox/20220924_FIML_solver/data/output/field_inversion/Beta_k__1__Beta_e__1/u_imp_100/FI_run_T31_CReStar_tau_u_imp_100_k_imp_1_e_imp_1/FI_run_T31_CReStar_tau_u_imp_100_k_imp_1_e_imp_1_state_iter_2000.dat
iter:   2100 (Jcost: 9.444961e-02) (lr = 3.715e-02) (elapsed time: 2099.554) (secs/iter:  1.063) (n_accepted: 83%) (u_error:  0.359274 %) (beta_change: 26.261757 %) (delta_change:  1.712186 %) (delta_peak/R:  5.358521 %)
iter:   2200 (Jcost: 9.418552e-02) (lr = 3.189e-02) (elapsed time: 2195.017) (secs/iter:  0.955) (n_accepted: 79%) (u_error:  0.359350 %) (beta_change: 26.105437 %) (delta_change:  1.698791 %) (delta_peak/R:  5.347595 %)
iter:   2300 (Jcost: 9.395807e-02) (lr = 4.753e-03) (elapsed time: 2301.814) (secs/iter:  1.068) (n_accepted: 77%) (u_error:  0.359092 %) (beta_change: 25.960701 %) (delta_change:  1.686213 %) (delta_peak/R:  5.337095 %)
iter:   2400 (Jcost: 9.374131e-02) (lr = 2.350e-02) (elapsed time: 2403.010) (secs/iter:  1.012) (n_accepted: 81%) (u_error:  0.359137 %) (beta_change: 25.815262 %) (delta_change:  1.673373 %) (delta_peak/R:  5.328296 %)
iter:   2500 (Jcost: 9.351037e-02) (lr = 2.017e-02) (elapsed time: 2508.154) (secs/iter:  1.051) (n_accepted: 79%) (u_error:  0.358699 %) (beta_change: 25.653913 %) (delta_change:  1.658993 %) (delta_peak/R:  5.317548 %)
-> Saved file: /media/rafael/DATA/Dropbox/20220924_FIML_solver/data/output/field_inversion/Beta_k__1__Beta_e__1/u_imp_100/FI_run_T31_CReStar_tau_u_imp_100_k_imp_1_e_imp_1/FI_run_T31_CReStar_tau_u_imp_100_k_imp_1_e_imp_1_state_iter_2500.dat
iter:   2600 (Jcost: 9.332461e-02) (lr = 1.252e-03) (elapsed time: 2618.151) (secs/iter:  1.100) (n_accepted: 76%) (u_error:  0.358579 %) (beta_change: 25.517780 %) (delta_change:  1.646721 %) (delta_peak/R:  5.309869 %)
iter:   2700 (Jcost: 9.304582e-02) (lr = 4.480e-04) (elapsed time: 2720.625) (secs/iter:  1.025) (n_accepted: 78%) (u_error:  0.358423 %) (beta_change: 25.303119 %) (delta_change:  1.627187 %) (delta_peak/R:  5.298771 %)
iter:   2800 (Jcost: 9.282492e-02) (lr = 3.062e-02) (elapsed time: 2818.012) (secs/iter:  0.974) (n_accepted: 84%) (u_error:  0.358047 %) (beta_change: 25.124440 %) (delta_change:  1.610805 %) (delta_peak/R:  5.289703 %)
iter:   2900 (Jcost: 9.264420e-02) (lr = 2.628e-02) (elapsed time: 2920.425) (secs/iter:  1.024) (n_accepted: 79%) (u_error:  0.357961 %) (beta_change: 24.972382 %) (delta_change:  1.596761 %) (delta_peak/R:  5.283246 %)
iter:   3000 (Jcost: 9.249233e-02) (lr = 6.800e-04) (elapsed time: 3027.559) (secs/iter:  1.071) (n_accepted: 75%) (u_error:  0.357501 %) (beta_change: 24.836803 %) (delta_change:  1.584574 %) (delta_peak/R:  5.276445 %)
-> Saved file: /media/rafael/DATA/Dropbox/20220924_FIML_solver/data/output/field_inversion/Beta_k__1__Beta_e__1/u_imp_100/FI_run_T31_CReStar_tau_u_imp_100_k_imp_1_e_imp_1/FI_run_T31_CReStar_tau_u_imp_100_k_imp_1_e_imp_1_state_iter_3000.dat
iter:   3100 (Jcost: 9.230821e-02) (lr = 1.401e-03) (elapsed time: 3141.439) (secs/iter:  1.139) (n_accepted: 80%) (u_error:  0.357368 %) (beta_change: 24.671661 %) (delta_change:  1.570703 %) (delta_peak/R:  5.270009 %)
iter:   3200 (Jcost: 9.215869e-02) (lr = 1.662e-02) (elapsed time: 3247.699) (secs/iter:  1.063) (n_accepted: 82%) (u_error:  0.357578 %) (beta_change: 24.536414 %) (delta_change:  1.559256 %) (delta_peak/R:  5.266108 %)
iter:   3300 (Jcost: 9.197572e-02) (lr = 5.946e-03) (elapsed time: 3353.132) (secs/iter:  1.054) (n_accepted: 78%) (u_error:  0.357403 %) (beta_change: 24.361669 %) (delta_change:  1.544443 %) (delta_peak/R:  5.259818 %)
iter:   3400 (Jcost: 9.181949e-02) (lr = 5.104e-03) (elapsed time: 3461.389) (secs/iter:  1.083) (n_accepted: 79%) (u_error:  0.357341 %) (beta_change: 24.207841 %) (delta_change:  1.531341 %) (delta_peak/R:  5.254881 %)
iter:   3500 (Jcost: 9.165310e-02) (lr = 3.169e-04) (elapsed time: 3566.603) (secs/iter:  1.052) (n_accepted: 76%) (u_error:  0.357121 %) (beta_change: 24.039070 %) (delta_change:  1.516938 %) (delta_peak/R:  5.249189 %)
-> Saved file: /media/rafael/DATA/Dropbox/20220924_FIML_solver/data/output/field_inversion/Beta_k__1__Beta_e__1/u_imp_100/FI_run_T31_CReStar_tau_u_imp_100_k_imp_1_e_imp_1/FI_run_T31_CReStar_tau_u_imp_100_k_imp_1_e_imp_1_state_iter_3500.dat
iter:   3600 (Jcost: 9.154241e-02) (lr = 9.026e-03) (elapsed time: 3674.917) (secs/iter:  1.083) (n_accepted: 83%) (u_error:  0.357222 %) (beta_change: 23.923961 %) (delta_change:  1.507070 %) (delta_peak/R:  5.246327 %)
iter:   3700 (Jcost: 9.140133e-02) (lr = 1.345e-03) (elapsed time: 3778.175) (secs/iter:  1.033) (n_accepted: 77%) (u_error:  0.356989 %) (beta_change: 23.774618 %) (delta_change:  1.494282 %) (delta_peak/R:  5.241511 %)
iter:   3800 (Jcost: 9.125004e-02) (lr = 1.155e-03) (elapsed time: 3880.351) (secs/iter:  1.022) (n_accepted: 79%) (u_error:  0.356832 %) (beta_change: 23.609832 %) (delta_change:  1.480143 %) (delta_peak/R:  5.236736 %)
iter:   3900 (Jcost: 9.109196e-02) (lr = 4.130e-04) (elapsed time: 3967.602) (secs/iter:  0.873) (n_accepted: 78%) (u_error:  0.356773 %) (beta_change: 23.433521 %) (delta_change:  1.464993 %) (delta_peak/R:  5.232205 %)
iter:   4000 (Jcost: 9.094984e-02) (lr = 1.176e-02) (elapsed time: 4072.001) (secs/iter:  1.044) (n_accepted: 83%) (u_error:  0.356211 %) (beta_change: 23.261525 %) (delta_change:  1.450257 %) (delta_peak/R:  5.226226 %)
-> Saved file: /media/rafael/DATA/Dropbox/20220924_FIML_solver/data/output/field_inversion/Beta_k__1__Beta_e__1/u_imp_100/FI_run_T31_CReStar_tau_u_imp_100_k_imp_1_e_imp_1/FI_run_T31_CReStar_tau_u_imp_100_k_imp_1_e_imp_1_state_iter_4000.dat
iter:   4100 (Jcost: 9.084516e-02) (lr = 1.010e-02) (elapsed time: 4180.245) (secs/iter:  1.082) (n_accepted: 79%) (u_error:  0.356610 %) (beta_change: 23.148403 %) (delta_change:  1.440490 %) (delta_peak/R:  5.225057 %)
iter:   4200 (Jcost: 9.071065e-02) (lr = 8.667e-03) (elapsed time: 4283.365) (secs/iter:  1.031) (n_accepted: 79%) (u_error:  0.356478 %) (beta_change: 22.987855 %) (delta_change:  1.426702 %) (delta_peak/R:  5.221085 %)
iter:   4300 (Jcost: 9.057387e-02) (lr = 3.100e-03) (elapsed time: 4390.934) (secs/iter:  1.076) (n_accepted: 78%) (u_error:  0.356555 %) (beta_change: 22.820961 %) (delta_change:  1.412359 %) (delta_peak/R:  5.217833 %)
iter:   4400 (Jcost: 9.043991e-02) (lr = 1.109e-03) (elapsed time: 4496.440) (secs/iter:  1.055) (n_accepted: 78%) (u_error:  0.356463 %) (beta_change: 22.654037 %) (delta_change:  1.398045 %) (delta_peak/R:  5.214120 %)
iter:   4500 (Jcost: 9.032789e-02) (lr = 3.965e-04) (elapsed time: 4601.148) (secs/iter:  1.047) (n_accepted: 78%) (u_error:  0.356304 %) (beta_change: 22.511869 %) (delta_change:  1.386507 %) (delta_peak/R:  5.210773 %)
-> Saved file: /media/rafael/DATA/Dropbox/20220924_FIML_solver/data/output/field_inversion/Beta_k__1__Beta_e__1/u_imp_100/FI_run_T31_CReStar_tau_u_imp_100_k_imp_1_e_imp_1/FI_run_T31_CReStar_tau_u_imp_100_k_imp_1_e_imp_1_state_iter_4500.dat
iter:   4600 (Jcost: 9.023773e-02) (lr = 4.705e-03) (elapsed time: 4707.985) (secs/iter:  1.068) (n_accepted: 82%) (u_error:  0.356304 %) (beta_change: 22.395169 %) (delta_change:  1.377060 %) (delta_peak/R:  5.208536 %)
iter:   4700 (Jcost: 9.012624e-02) (lr = 5.584e-02) (elapsed time: 4810.260) (secs/iter:  1.023) (n_accepted: 82%) (u_error:  0.356707 %) (beta_change: 22.236267 %) (delta_change:  1.364574 %) (delta_peak/R:  5.206966 %)
iter:   4800 (Jcost: 9.003217e-02) (lr = 8.321e-03) (elapsed time: 4918.357) (secs/iter:  1.081) (n_accepted: 77%) (u_error:  0.356159 %) (beta_change: 22.122955 %) (delta_change:  1.356100 %) (delta_peak/R:  5.203005 %)
iter:   4900 (Jcost: 8.992827e-02) (lr = 2.976e-03) (elapsed time: 5025.675) (secs/iter:  1.073) (n_accepted: 78%) (u_error:  0.356159 %) (beta_change: 21.981437 %) (delta_change:  1.345456 %) (delta_peak/R:  5.200485 %)
iter:   5000 (Jcost: 8.980882e-02) (lr = 4.435e-04) (elapsed time: 5104.898) (secs/iter:  0.792) (n_accepted: 77%) (u_error:  0.355983 %) (beta_change: 21.816630 %) (delta_change:  1.333074 %) (delta_peak/R:  5.197019 %)
-> Saved file: /media/rafael/DATA/Dropbox/20220924_FIML_solver/data/output/field_inversion/Beta_k__1__Beta_e__1/u_imp_100/FI_run_T31_CReStar_tau_u_imp_100_k_imp_1_e_imp_1/FI_run_T31_CReStar_tau_u_imp_100_k_imp_1_e_imp_1_state_iter_5000.dat
iter:   5100 (Jcost: 8.969103e-02) (lr = 3.032e-02) (elapsed time: 5204.642) (secs/iter:  0.997) (n_accepted: 84%) (u_error:  0.355669 %) (beta_change: 21.647575 %) (delta_change:  1.320388 %) (delta_peak/R:  5.193077 %)
iter:   5200 (Jcost: 8.959919e-02) (lr = 4.518e-03) (elapsed time: 5293.999) (secs/iter:  0.894) (n_accepted: 77%) (u_error:  0.355866 %) (beta_change: 21.518733 %) (delta_change:  1.310683 %) (delta_peak/R:  5.191634 %)
iter:   5300 (Jcost: 8.950400e-02) (lr = 1.616e-03) (elapsed time: 5398.405) (secs/iter:  1.044) (n_accepted: 78%) (u_error:  0.355821 %) (beta_change: 21.381149 %) (delta_change:  1.300261 %) (delta_peak/R:  5.189239 %)
iter:   5400 (Jcost: 8.941400e-02) (lr = 5.780e-04) (elapsed time: 5500.225) (secs/iter:  1.018) (n_accepted: 78%) (u_error:  0.355761 %) (beta_change: 21.249827 %) (delta_change:  1.290262 %) (delta_peak/R:  5.186924 %)
iter:   5500 (Jcost: 8.934045e-02) (lr = 2.858e-03) (elapsed time: 5597.142) (secs/iter:  0.969) (n_accepted: 81%) (u_error:  0.355796 %) (beta_change: 21.140689 %) (delta_change:  1.281950 %) (delta_peak/R:  5.185322 %)
-> Saved file: /media/rafael/DATA/Dropbox/20220924_FIML_solver/data/output/field_inversion/Beta_k__1__Beta_e__1/u_imp_100/FI_run_T31_CReStar_tau_u_imp_100_k_imp_1_e_imp_1/FI_run_T31_CReStar_tau_u_imp_100_k_imp_1_e_imp_1_state_iter_5500.dat
iter:   5600 (Jcost: 8.923829e-02) (lr = 1.022e-03) (elapsed time: 5697.717) (secs/iter:  1.006) (n_accepted: 78%) (u_error:  0.355702 %) (beta_change: 20.987588 %) (delta_change:  1.270313 %) (delta_peak/R:  5.182621 %)
iter:   5700 (Jcost: 8.915480e-02) (lr = 2.911e-02) (elapsed time: 5794.325) (secs/iter:  0.966) (n_accepted: 83%) (u_error:  0.355774 %) (beta_change: 20.858963 %) (delta_change:  1.260531 %) (delta_peak/R:  5.180908 %)
iter:   5800 (Jcost: 8.907916e-02) (lr = 3.138e-04) (elapsed time: 5897.830) (secs/iter:  1.035) (n_accepted: 74%) (u_error:  0.355584 %) (beta_change: 20.743553 %) (delta_change:  1.251788 %) (delta_peak/R:  5.178520 %)
iter:   5900 (Jcost: 8.899595e-02) (lr = 8.937e-03) (elapsed time: 6000.854) (secs/iter:  1.030) (n_accepted: 83%) (u_error:  0.355871 %) (beta_change: 20.606439 %) (delta_change:  1.241362 %) (delta_peak/R:  5.177489 %)
iter:   6000 (Jcost: 8.891977e-02) (lr = 1.841e-02) (elapsed time: 6100.932) (secs/iter:  1.001) (n_accepted: 80%) (u_error:  0.355369 %) (beta_change: 20.491816 %) (delta_change:  1.232729 %) (delta_peak/R:  5.174086 %)
-> Saved file: /media/rafael/DATA/Dropbox/20220924_FIML_solver/data/output/field_inversion/Beta_k__1__Beta_e__1/u_imp_100/FI_run_T31_CReStar_tau_u_imp_100_k_imp_1_e_imp_1/FI_run_T31_CReStar_tau_u_imp_100_k_imp_1_e_imp_1_state_iter_6000.dat
iter:   6100 (Jcost: 8.883685e-02) (lr = 1.143e-03) (elapsed time: 6203.939) (secs/iter:  1.030) (n_accepted: 76%) (u_error:  0.355351 %) (beta_change: 20.358662 %) (delta_change:  1.222658 %) (delta_peak/R:  5.172112 %)
iter:   6200 (Jcost: 8.875066e-02) (lr = 4.089e-04) (elapsed time: 6302.010) (secs/iter:  0.981) (n_accepted: 78%) (u_error:  0.355373 %) (beta_change: 20.218190 %) (delta_change:  1.212046 %) (delta_peak/R:  5.170205 %)
iter:   6300 (Jcost: 8.868689e-02) (lr = 2.022e-03) (elapsed time: 6387.398) (secs/iter:  0.854) (n_accepted: 81%) (u_error:  0.355339 %) (beta_change: 20.112723 %) (delta_change:  1.204094 %) (delta_peak/R:  5.168614 %)
iter:   6400 (Jcost: 8.860897e-02) (lr = 7.231e-04) (elapsed time: 6488.640) (secs/iter:  1.012) (n_accepted: 78%) (u_error:  0.355262 %) (beta_change: 19.982182 %) (delta_change:  1.194270 %) (delta_peak/R:  5.166549 %)
iter:   6500 (Jcost: 8.852858e-02) (lr = 8.581e-03) (elapsed time: 6589.495) (secs/iter:  1.009) (n_accepted: 82%) (u_error:  0.354979 %) (beta_change: 19.841753 %) (delta_change:  1.183739 %) (delta_peak/R:  5.163661 %)
-> Saved file: /media/rafael/DATA/Dropbox/20220924_FIML_solver/data/output/field_inversion/Beta_k__1__Beta_e__1/u_imp_100/FI_run_T31_CReStar_tau_u_imp_100_k_imp_1_e_imp_1/FI_run_T31_CReStar_tau_u_imp_100_k_imp_1_e_imp_1_state_iter_6500.dat
iter:   6600 (Jcost: 8.845455e-02) (lr = 1.768e-02) (elapsed time: 6687.436) (secs/iter:  0.979) (n_accepted: 80%) (u_error:  0.355179 %) (beta_change: 19.718219 %) (delta_change:  1.174447 %) (delta_peak/R:  5.162694 %)
iter:   6700 (Jcost: 8.838405e-02) (lr = 2.634e-03) (elapsed time: 6789.848) (secs/iter:  1.024) (n_accepted: 77%) (u_error:  0.355114 %) (beta_change: 19.595187 %) (delta_change:  1.165235 %) (delta_peak/R:  5.160838 %)
iter:   6800 (Jcost: 8.831291e-02) (lr = 2.261e-03) (elapsed time: 6890.869) (secs/iter:  1.010) (n_accepted: 79%) (u_error:  0.355107 %) (beta_change: 19.469639 %) (delta_change:  1.155845 %) (delta_peak/R:  5.159167 %)
iter:   6900 (Jcost: 8.824504e-02) (lr = 8.088e-04) (elapsed time: 6991.563) (secs/iter:  1.007) (n_accepted: 78%) (u_error:  0.355127 %) (beta_change: 19.348116 %) (delta_change:  1.146770 %) (delta_peak/R:  5.157658 %)
iter:   7000 (Jcost: 8.816658e-02) (lr = 6.943e-04) (elapsed time: 7074.340) (secs/iter:  0.828) (n_accepted: 79%) (u_error:  0.354935 %) (beta_change: 19.205458 %) (delta_change:  1.136161 %) (delta_peak/R:  5.155164 %)
-> Saved file: /media/rafael/DATA/Dropbox/20220924_FIML_solver/data/output/field_inversion/Beta_k__1__Beta_e__1/u_imp_100/FI_run_T31_CReStar_tau_u_imp_100_k_imp_1_e_imp_1/FI_run_T31_CReStar_tau_u_imp_100_k_imp_1_e_imp_1_state_iter_7000.dat
iter:   7100 (Jcost: 8.808892e-02) (lr = 4.746e-02) (elapsed time: 7177.492) (secs/iter:  1.032) (n_accepted: 84%) (u_error:  0.354953 %) (beta_change: 19.063166 %) (delta_change:  1.125581 %) (delta_peak/R:  5.153420 %)
iter:   7200 (Jcost: 8.802826e-02) (lr = 7.072e-03) (elapsed time: 7279.079) (secs/iter:  1.016) (n_accepted: 77%) (u_error:  0.354958 %) (beta_change: 18.950253 %) (delta_change:  1.117203 %) (delta_peak/R:  5.152022 %)
iter:   7300 (Jcost: 8.796766e-02) (lr = 2.530e-03) (elapsed time: 7384.138) (secs/iter:  1.051) (n_accepted: 78%) (u_error:  0.354866 %) (beta_change: 18.835949 %) (delta_change:  1.108749 %) (delta_peak/R:  5.150282 %)
iter:   7400 (Jcost: 8.790380e-02) (lr = 9.047e-04) (elapsed time: 7482.998) (secs/iter:  0.989) (n_accepted: 78%) (u_error:  0.354834 %) (beta_change: 18.714278 %) (delta_change:  1.099761 %) (delta_peak/R:  5.148669 %)
iter:   7500 (Jcost: 8.783375e-02) (lr = 3.236e-04) (elapsed time: 7583.606) (secs/iter:  1.006) (n_accepted: 78%) (u_error:  0.354832 %) (beta_change: 18.579193 %) (delta_change:  1.089800 %) (delta_peak/R:  5.147014 %)
-> Saved file: /media/rafael/DATA/Dropbox/20220924_FIML_solver/data/output/field_inversion/Beta_k__1__Beta_e__1/u_imp_100/FI_run_T31_CReStar_tau_u_imp_100_k_imp_1_e_imp_1/FI_run_T31_CReStar_tau_u_imp_100_k_imp_1_e_imp_1_state_iter_7500.dat
iter:   7600 (Jcost: 8.777370e-02) (lr = 3.840e-03) (elapsed time: 7690.605) (secs/iter:  1.070) (n_accepted: 82%) (u_error:  0.354981 %) (beta_change: 18.459719 %) (delta_change:  1.080993 %) (delta_peak/R:  5.146083 %)
iter:   7700 (Jcost: 8.771111e-02) (lr = 1.899e-02) (elapsed time: 7786.260) (secs/iter:  0.957) (n_accepted: 81%) (u_error:  0.354666 %) (beta_change: 18.337450 %) (delta_change:  1.072342 %) (delta_peak/R:  5.143528 %)
iter:   7800 (Jcost: 8.765597e-02) (lr = 2.829e-03) (elapsed time: 7890.976) (secs/iter:  1.047) (n_accepted: 77%) (u_error:  0.354703 %) (beta_change: 18.227748 %) (delta_change:  1.064655 %) (delta_peak/R:  5.142349 %)
iter:   7900 (Jcost: 8.759941e-02) (lr = 4.217e-04) (elapsed time: 7995.331) (secs/iter:  1.044) (n_accepted: 77%) (u_error:  0.354752 %) (beta_change: 18.113220 %) (delta_change:  1.056638 %) (delta_peak/R:  5.141167 %)
iter:   8000 (Jcost: 8.754695e-02) (lr = 2.882e-02) (elapsed time: 8097.006) (secs/iter:  1.017) (n_accepted: 84%) (u_error:  0.354840 %) (beta_change: 18.004111 %) (delta_change:  1.049007 %) (delta_peak/R:  5.140189 %)
-> Saved file: /media/rafael/DATA/Dropbox/20220924_FIML_solver/data/output/field_inversion/Beta_k__1__Beta_e__1/u_imp_100/FI_run_T31_CReStar_tau_u_imp_100_k_imp_1_e_imp_1/FI_run_T31_CReStar_tau_u_imp_100_k_imp_1_e_imp_1_state_iter_8000.dat
iter:   8100 (Jcost: 8.749718e-02) (lr = 1.031e-02) (elapsed time: 8201.289) (secs/iter:  1.043) (n_accepted: 78%) (u_error:  0.354663 %) (beta_change: 17.903403 %) (delta_change:  1.041999 %) (delta_peak/R:  5.138407 %)
iter:   8200 (Jcost: 8.744689e-02) (lr = 1.536e-03) (elapsed time: 8303.821) (secs/iter:  1.025) (n_accepted: 77%) (u_error:  0.354632 %) (beta_change: 17.798543 %) (delta_change:  1.034696 %) (delta_peak/R:  5.137086 %)
iter:   8300 (Jcost: 8.738737e-02) (lr = 5.494e-04) (elapsed time: 8400.061) (secs/iter:  0.962) (n_accepted: 78%) (u_error:  0.354565 %) (beta_change: 17.673101 %) (delta_change:  1.025975 %) (delta_peak/R:  5.135412 %)
iter:   8400 (Jcost: 8.733418e-02) (lr = 1.132e-03) (elapsed time: 8498.164) (secs/iter:  0.981) (n_accepted: 80%) (u_error:  0.354770 %) (beta_change: 17.555726 %) (delta_change:  1.017797 %) (delta_peak/R:  5.134782 %)
iter:   8500 (Jcost: 8.728366e-02) (lr = 3.224e-02) (elapsed time: 8594.388) (secs/iter:  0.962) (n_accepted: 83%) (u_error:  0.354449 %) (beta_change: 17.450561 %) (delta_change:  1.010537 %) (delta_peak/R:  5.132485 %)
-> Saved file: /media/rafael/DATA/Dropbox/20220924_FIML_solver/data/output/field_inversion/Beta_k__1__Beta_e__1/u_imp_100/FI_run_T31_CReStar_tau_u_imp_100_k_imp_1_e_imp_1/FI_run_T31_CReStar_tau_u_imp_100_k_imp_1_e_imp_1_state_iter_8500.dat
iter:   8600 (Jcost: 8.723367e-02) (lr = 2.767e-02) (elapsed time: 8693.346) (secs/iter:  0.990) (n_accepted: 79%) (u_error:  0.354473 %) (beta_change: 17.341938 %) (delta_change:  1.003010 %) (delta_peak/R:  5.131342 %)
iter:   8700 (Jcost: 8.717897e-02) (lr = 4.124e-03) (elapsed time: 8793.210) (secs/iter:  0.999) (n_accepted: 77%) (u_error:  0.354446 %) (beta_change: 17.221545 %) (delta_change:  0.994685 %) (delta_peak/R:  5.129904 %)
iter:   8800 (Jcost: 8.712401e-02) (lr = 1.475e-03) (elapsed time: 8890.339) (secs/iter:  0.971) (n_accepted: 78%) (u_error:  0.354450 %) (beta_change: 17.099039 %) (delta_change:  0.986226 %) (delta_peak/R:  5.128557 %)
iter:   8900 (Jcost: 8.707269e-02) (lr = 1.266e-03) (elapsed time: 8995.125) (secs/iter:  1.048) (n_accepted: 79%) (u_error:  0.354497 %) (beta_change: 16.982475 %) (delta_change:  0.978185 %) (delta_peak/R:  5.127433 %)
iter:   9000 (Jcost: 8.702473e-02) (lr = 1.087e-03) (elapsed time: 9098.340) (secs/iter:  1.032) (n_accepted: 79%) (u_error:  0.354234 %) (beta_change: 16.873601 %) (delta_change:  0.970721 %) (delta_peak/R:  5.125335 %)
-> Saved file: /media/rafael/DATA/Dropbox/20220924_FIML_solver/data/output/field_inversion/Beta_k__1__Beta_e__1/u_imp_100/FI_run_T31_CReStar_tau_u_imp_100_k_imp_1_e_imp_1/FI_run_T31_CReStar_tau_u_imp_100_k_imp_1_e_imp_1_state_iter_9000.dat
iter:   9100 (Jcost: 8.698063e-02) (lr = 3.095e-02) (elapsed time: 9205.610) (secs/iter:  1.073) (n_accepted: 83%) (u_error:  0.354457 %) (beta_change: 16.771642 %) (delta_change:  0.963689 %) (delta_peak/R:  5.124991 %)
iter:   9200 (Jcost: 8.693535e-02) (lr = 1.107e-02) (elapsed time: 9301.052) (secs/iter:  0.954) (n_accepted: 78%) (u_error:  0.354262 %) (beta_change: 16.668107 %) (delta_change:  0.956607 %) (delta_peak/R:  5.123198 %)
iter:   9300 (Jcost: 8.688301e-02) (lr = 1.650e-03) (elapsed time: 9400.232) (secs/iter:  0.992) (n_accepted: 77%) (u_error:  0.354247 %) (beta_change: 16.545440 %) (delta_change:  0.948206 %) (delta_peak/R:  5.121824 %)
iter:   9400 (Jcost: 8.683437e-02) (lr = 5.901e-04) (elapsed time: 9497.728) (secs/iter:  0.975) (n_accepted: 78%) (u_error:  0.354239 %) (beta_change: 16.430131 %) (delta_change:  0.940322 %) (delta_peak/R:  5.120562 %)
iter:   9500 (Jcost: 8.679193e-02) (lr = 1.216e-03) (elapsed time: 9576.374) (secs/iter:  0.786) (n_accepted: 80%) (u_error:  0.354005 %) (beta_change: 16.325685 %) (delta_change:  0.933220 %) (delta_peak/R:  5.118642 %)
-> Saved file: /media/rafael/DATA/Dropbox/20220924_FIML_solver/data/output/field_inversion/Beta_k__1__Beta_e__1/u_imp_100/FI_run_T31_CReStar_tau_u_imp_100_k_imp_1_e_imp_1/FI_run_T31_CReStar_tau_u_imp_100_k_imp_1_e_imp_1_state_iter_9500.dat
iter:   9600 (Jcost: 8.675001e-02) (lr = 3.462e-02) (elapsed time: 9681.498) (secs/iter:  1.051) (n_accepted: 83%) (u_error:  0.354378 %) (beta_change: 16.223622 %) (delta_change:  0.926219 %) (delta_peak/R:  5.118847 %)
iter:   9700 (Jcost: 8.670931e-02) (lr = 1.238e-02) (elapsed time: 9778.820) (secs/iter:  0.973) (n_accepted: 78%) (u_error:  0.354133 %) (beta_change: 16.127979 %) (delta_change:  0.919740 %) (delta_peak/R:  5.116995 %)
iter:   9800 (Jcost: 8.667042e-02) (lr = 4.429e-03) (elapsed time: 9877.731) (secs/iter:  0.989) (n_accepted: 78%) (u_error:  0.354115 %) (beta_change: 16.032289 %) (delta_change:  0.913240 %) (delta_peak/R:  5.115929 %)
iter:   9900 (Jcost: 8.662367e-02) (lr = 6.600e-04) (elapsed time: 9971.485) (secs/iter:  0.938) (n_accepted: 77%) (u_error:  0.354201 %) (beta_change: 15.914985 %) (delta_change:  0.905273 %) (delta_peak/R:  5.115002 %)
iter:  10000 (Jcost: 8.657812e-02) (lr = 1.880e-02) (elapsed time: 10066.924) (secs/iter:  0.954) (n_accepted: 83%) (u_error:  0.354199 %) (beta_change: 15.799964 %) (delta_change:  0.897485 %) (delta_peak/R:  5.113804 %)
-> Saved file: /media/rafael/DATA/Dropbox/20220924_FIML_solver/data/output/field_inversion/Beta_k__1__Beta_e__1/u_imp_100/FI_run_T31_CReStar_tau_u_imp_100_k_imp_1_e_imp_1/FI_run_T31_CReStar_tau_u_imp_100_k_imp_1_e_imp_1_state_iter_10000.dat
iter:  10100 (Jcost: 8.654733e-02) (lr = 1.614e-02) (elapsed time: 10165.663) (secs/iter:  0.987) (n_accepted: 79%) (u_error:  0.354034 %) (beta_change: 15.723763 %) (delta_change:  0.892354 %) (delta_peak/R:  5.112447 %)
iter:  10200 (Jcost: 8.650296e-02) (lr = 2.405e-03) (elapsed time: 10260.944) (secs/iter:  0.953) (n_accepted: 77%) (u_error:  0.354030 %) (beta_change: 15.610366 %) (delta_change:  0.884701 %) (delta_peak/R:  5.111269 %)
iter:  10300 (Jcost: 8.645933e-02) (lr = 8.601e-04) (elapsed time: 10339.167) (secs/iter:  0.782) (n_accepted: 78%) (u_error:  0.354008 %) (beta_change: 15.497708 %) (delta_change:  0.877115 %) (delta_peak/R:  5.110040 %)
iter:  10400 (Jcost: 8.641705e-02) (lr = 7.383e-04) (elapsed time: 10438.488) (secs/iter:  0.993) (n_accepted: 79%) (u_error:  0.353954 %) (beta_change: 15.387575 %) (delta_change:  0.869716 %) (delta_peak/R:  5.108734 %)
iter:  10500 (Jcost: 8.638278e-02) (lr = 3.650e-03) (elapsed time: 10536.359) (secs/iter:  0.979) (n_accepted: 81%) (u_error:  0.353781 %) (beta_change: 15.295656 %) (delta_change:  0.863567 %) (delta_peak/R:  5.107210 %)
-> Saved file: /media/rafael/DATA/Dropbox/20220924_FIML_solver/data/output/field_inversion/Beta_k__1__Beta_e__1/u_imp_100/FI_run_T31_CReStar_tau_u_imp_100_k_imp_1_e_imp_1/FI_run_T31_CReStar_tau_u_imp_100_k_imp_1_e_imp_1_state_iter_10500.dat
iter:  10600 (Jcost: 8.635098e-02) (lr = 1.805e-02) (elapsed time: 10634.981) (secs/iter:  0.986) (n_accepted: 81%) (u_error:  0.353887 %) (beta_change: 15.213079 %) (delta_change:  0.858020 %) (delta_peak/R:  5.106742 %)
iter:  10700 (Jcost: 8.631788e-02) (lr = 6.455e-03) (elapsed time: 10732.703) (secs/iter:  0.977) (n_accepted: 78%) (u_error:  0.353915 %) (beta_change: 15.124520 %) (delta_change:  0.852090 %) (delta_peak/R:  5.105948 %)
iter:  10800 (Jcost: 8.628084e-02) (lr = 5.541e-03) (elapsed time: 10829.695) (secs/iter:  0.970) (n_accepted: 79%) (u_error:  0.353866 %) (beta_change: 15.024818 %) (delta_change:  0.845434 %) (delta_peak/R:  5.104783 %)
iter:  10900 (Jcost: 8.624047e-02) (lr = 1.982e-03) (elapsed time: 10924.187) (secs/iter:  0.945) (n_accepted: 78%) (u_error:  0.353829 %) (beta_change: 14.915024 %) (delta_change:  0.838116 %) (delta_peak/R:  5.103563 %)
iter:  11000 (Jcost: 8.620685e-02) (lr = 2.352e-02) (elapsed time: 11022.384) (secs/iter:  0.982) (n_accepted: 82%) (u_error:  0.353735 %) (beta_change: 14.822329 %) (delta_change:  0.831957 %) (delta_peak/R:  5.102321 %)
-> Saved file: /media/rafael/DATA/Dropbox/20220924_FIML_solver/data/output/field_inversion/Beta_k__1__Beta_e__1/u_imp_100/FI_run_T31_CReStar_tau_u_imp_100_k_imp_1_e_imp_1/FI_run_T31_CReStar_tau_u_imp_100_k_imp_1_e_imp_1_state_iter_11000.dat
iter:  11100 (Jcost: 8.617877e-02) (lr = 8.412e-03) (elapsed time: 11127.217) (secs/iter:  1.048) (n_accepted: 78%) (u_error:  0.353796 %) (beta_change: 14.745073 %) (delta_change:  0.826814 %) (delta_peak/R:  5.101770 %)
iter:  11200 (Jcost: 8.614742e-02) (lr = 5.223e-04) (elapsed time: 11225.374) (secs/iter:  0.982) (n_accepted: 76%) (u_error:  0.353744 %) (beta_change: 14.657734 %) (delta_change:  0.821024 %) (delta_peak/R:  5.100732 %)
iter:  11300 (Jcost: 8.611017e-02) (lr = 1.076e-03) (elapsed time: 11320.801) (secs/iter:  0.954) (n_accepted: 80%) (u_error:  0.353661 %) (beta_change: 14.552606 %) (delta_change:  0.814069 %) (delta_peak/R:  5.099415 %)
iter:  11400 (Jcost: 8.608077e-02) (lr = 1.277e-02) (elapsed time: 11416.302) (secs/iter:  0.955) (n_accepted: 82%) (u_error:  0.353665 %) (beta_change: 14.469597 %) (delta_change:  0.808578 %) (delta_peak/R:  5.098623 %)
iter:  11500 (Jcost: 8.605078e-02) (lr = 4.567e-03) (elapsed time: 11502.077) (secs/iter:  0.858) (n_accepted: 78%) (u_error:  0.353675 %) (beta_change: 14.384154 %) (delta_change:  0.802934 %) (delta_peak/R:  5.097825 %)
-> Saved file: /media/rafael/DATA/Dropbox/20220924_FIML_solver/data/output/field_inversion/Beta_k__1__Beta_e__1/u_imp_100/FI_run_T31_CReStar_tau_u_imp_100_k_imp_1_e_imp_1/FI_run_T31_CReStar_tau_u_imp_100_k_imp_1_e_imp_1_state_iter_11500.dat
iter:  11600 (Jcost: 8.602107e-02) (lr = 1.634e-03) (elapsed time: 11609.203) (secs/iter:  1.071) (n_accepted: 78%) (u_error:  0.353658 %) (beta_change: 14.298730 %) (delta_change:  0.797304 %) (delta_peak/R:  5.096940 %)
iter:  11700 (Jcost: 8.599123e-02) (lr = 1.402e-03) (elapsed time: 11706.690) (secs/iter:  0.975) (n_accepted: 79%) (u_error:  0.353842 %) (beta_change: 14.208574 %) (delta_change:  0.791346 %) (delta_peak/R:  5.096706 %)
iter:  11800 (Jcost: 8.596425e-02) (lr = 1.664e-02) (elapsed time: 11802.893) (secs/iter:  0.962) (n_accepted: 82%) (u_error:  0.353602 %) (beta_change: 14.133448 %) (delta_change:  0.786439 %) (delta_peak/R:  5.095158 %)
iter:  11900 (Jcost: 8.593532e-02) (lr = 5.951e-03) (elapsed time: 11899.445) (secs/iter:  0.966) (n_accepted: 78%) (u_error:  0.353635 %) (beta_change: 14.048369 %) (delta_change:  0.780851 %) (delta_peak/R:  5.094459 %)
iter:  12000 (Jcost: 8.590668e-02) (lr = 8.869e-04) (elapsed time: 11999.659) (secs/iter:  1.002) (n_accepted: 77%) (u_error:  0.353546 %) (beta_change: 13.963459 %) (delta_change:  0.775299 %) (delta_peak/R:  5.093339 %)
-> Saved file: /media/rafael/DATA/Dropbox/20220924_FIML_solver/data/output/field_inversion/Beta_k__1__Beta_e__1/u_imp_100/FI_run_T31_CReStar_tau_u_imp_100_k_imp_1_e_imp_1/FI_run_T31_CReStar_tau_u_imp_100_k_imp_1_e_imp_1_state_iter_12000.dat
iter:  12100 (Jcost: 8.587369e-02) (lr = 3.172e-04) (elapsed time: 12099.159) (secs/iter:  0.995) (n_accepted: 78%) (u_error:  0.353559 %) (beta_change: 13.865119 %) (delta_change:  0.768865 %) (delta_peak/R:  5.092450 %)
iter:  12200 (Jcost: 8.584407e-02) (lr = 9.034e-03) (elapsed time: 12194.450) (secs/iter:  0.953) (n_accepted: 83%) (u_error:  0.353375 %) (beta_change: 13.775241 %) (delta_change:  0.762888 %) (delta_peak/R:  5.090949 %)
iter:  12300 (Jcost: 8.582292e-02) (lr = 3.231e-03) (elapsed time: 12291.403) (secs/iter:  0.970) (n_accepted: 78%) (u_error:  0.353563 %) (beta_change: 13.715211 %) (delta_change:  0.758854 %) (delta_peak/R:  5.091016 %)
iter:  12400 (Jcost: 8.579108e-02) (lr = 1.156e-03) (elapsed time: 12386.788) (secs/iter:  0.954) (n_accepted: 78%) (u_error:  0.353514 %) (beta_change: 13.620468 %) (delta_change:  0.752543 %) (delta_peak/R:  5.089933 %)
iter:  12500 (Jcost: 8.575965e-02) (lr = 2.381e-03) (elapsed time: 12484.817) (secs/iter:  0.980) (n_accepted: 80%) (u_error:  0.353408 %) (beta_change: 13.525543 %) (delta_change:  0.746242 %) (delta_peak/R:  5.088659 %)
-> Saved file: /media/rafael/DATA/Dropbox/20220924_FIML_solver/data/output/field_inversion/Beta_k__1__Beta_e__1/u_imp_100/FI_run_T31_CReStar_tau_u_imp_100_k_imp_1_e_imp_1/FI_run_T31_CReStar_tau_u_imp_100_k_imp_1_e_imp_1_state_iter_12500.dat
iter:  12600 (Jcost: 8.573429e-02) (lr = 2.825e-02) (elapsed time: 12587.588) (secs/iter:  1.028) (n_accepted: 82%) (u_error:  0.353527 %) (beta_change: 13.448715 %) (delta_change:  0.741125 %) (delta_peak/R:  5.088336 %)
iter:  12700 (Jcost: 8.571238e-02) (lr = 1.011e-02) (elapsed time: 12685.418) (secs/iter:  0.978) (n_accepted: 78%) (u_error:  0.353461 %) (beta_change: 13.382311 %) (delta_change:  0.736732 %) (delta_peak/R:  5.087477 %)
iter:  12800 (Jcost: 8.568410e-02) (lr = 6.275e-04) (elapsed time: 12780.590) (secs/iter:  0.952) (n_accepted: 76%) (u_error:  0.353416 %) (beta_change: 13.295491 %) (delta_change:  0.730994 %) (delta_peak/R:  5.086497 %)
iter:  12900 (Jcost: 8.565641e-02) (lr = 1.293e-03) (elapsed time: 12874.192) (secs/iter:  0.936) (n_accepted: 80%) (u_error:  0.353545 %) (beta_change: 13.207543 %) (delta_change:  0.725170 %) (delta_peak/R:  5.086111 %)
iter:  13000 (Jcost: 8.562568e-02) (lr = 3.682e-02) (elapsed time: 12971.287) (secs/iter:  0.971) (n_accepted: 83%) (u_error:  0.353457 %) (beta_change: 13.113137 %) (delta_change:  0.718963 %) (delta_peak/R:  5.084919 %)
-> Saved file: /media/rafael/DATA/Dropbox/20220924_FIML_solver/data/output/field_inversion/Beta_k__1__Beta_e__1/u_imp_100/FI_run_T31_CReStar_tau_u_imp_100_k_imp_1_e_imp_1/FI_run_T31_CReStar_tau_u_imp_100_k_imp_1_e_imp_1_state_iter_13000.dat
iter:  13100 (Jcost: 8.560253e-02) (lr = 1.317e-02) (elapsed time: 13094.798) (secs/iter:  1.235) (n_accepted: 78%) (u_error:  0.353330 %) (beta_change: 13.040907 %) (delta_change:  0.714231 %) (delta_peak/R:  5.083807 %)
iter:  13200 (Jcost: 8.557797e-02) (lr = 4.710e-03) (elapsed time: 13196.089) (secs/iter:  1.013) (n_accepted: 78%) (u_error:  0.353314 %) (beta_change: 12.963107 %) (delta_change:  0.709127 %) (delta_peak/R:  5.083024 %)
iter:  13300 (Jcost: 8.555453e-02) (lr = 1.684e-03) (elapsed time: 13293.611) (secs/iter:  0.975) (n_accepted: 78%) (u_error:  0.353319 %) (beta_change: 12.888380 %) (delta_change:  0.704232 %) (delta_peak/R:  5.082345 %)
iter:  13400 (Jcost: 8.553466e-02) (lr = 8.329e-03) (elapsed time: 13389.278) (secs/iter:  0.957) (n_accepted: 81%) (u_error:  0.353296 %) (beta_change: 12.824576 %) (delta_change:  0.700062 %) (delta_peak/R:  5.081674 %)
iter:  13500 (Jcost: 8.550998e-02) (lr = 5.172e-04) (elapsed time: 13487.671) (secs/iter:  0.984) (n_accepted: 76%) (u_error:  0.353270 %) (beta_change: 12.744794 %) (delta_change:  0.694858 %) (delta_peak/R:  5.080849 %)
-> Saved file: /media/rafael/DATA/Dropbox/20220924_FIML_solver/data/output/field_inversion/Beta_k__1__Beta_e__1/u_imp_100/FI_run_T31_CReStar_tau_u_imp_100_k_imp_1_e_imp_1/FI_run_T31_CReStar_tau_u_imp_100_k_imp_1_e_imp_1_state_iter_13500.dat
iter:  13600 (Jcost: 8.548282e-02) (lr = 1.065e-03) (elapsed time: 13585.692) (secs/iter:  0.980) (n_accepted: 80%) (u_error:  0.353189 %) (beta_change: 12.655726 %) (delta_change:  0.689067 %) (delta_peak/R:  5.079746 %)
iter:  13700 (Jcost: 8.546123e-02) (lr = 1.264e-02) (elapsed time: 13680.692) (secs/iter:  0.950) (n_accepted: 82%) (u_error:  0.353290 %) (beta_change: 12.585339 %) (delta_change:  0.684477 %) (delta_peak/R:  5.079450 %)
iter:  13800 (Jcost: 8.543997e-02) (lr = 7.851e-04) (elapsed time: 13780.004) (secs/iter:  0.993) (n_accepted: 76%) (u_error:  0.353255 %) (beta_change: 12.515269 %) (delta_change:  0.680039 %) (delta_peak/R:  5.078687 %)
iter:  13900 (Jcost: 8.542442e-02) (lr = 6.739e-04) (elapsed time: 13878.352) (secs/iter:  0.983) (n_accepted: 79%) (u_error:  0.353197 %) (beta_change: 12.463628 %) (delta_change:  0.676777 %) (delta_peak/R:  5.078015 %)
iter:  14000 (Jcost: 8.540451e-02) (lr = 3.332e-03) (elapsed time: 13969.094) (secs/iter:  0.907) (n_accepted: 81%) (u_error:  0.353172 %) (beta_change: 12.397119 %) (delta_change:  0.672573 %) (delta_peak/R:  5.077324 %)
-> Saved file: /media/rafael/DATA/Dropbox/20220924_FIML_solver/data/output/field_inversion/Beta_k__1__Beta_e__1/u_imp_100/FI_run_T31_CReStar_tau_u_imp_100_k_imp_1_e_imp_1/FI_run_T31_CReStar_tau_u_imp_100_k_imp_1_e_imp_1_state_iter_14000.dat
iter:  14100 (Jcost: 8.538126e-02) (lr = 2.860e-03) (elapsed time: 14066.947) (secs/iter:  0.979) (n_accepted: 79%) (u_error:  0.353216 %) (beta_change: 12.319014 %) (delta_change:  0.667634 %) (delta_peak/R:  5.076767 %)
iter:  14200 (Jcost: 8.535562e-02) (lr = 1.023e-03) (elapsed time: 14157.560) (secs/iter:  0.906) (n_accepted: 78%) (u_error:  0.353201 %) (beta_change: 12.232149 %) (delta_change:  0.662158 %) (delta_peak/R:  5.075930 %)
iter:  14300 (Jcost: 8.533631e-02) (lr = 1.214e-02) (elapsed time: 14254.054) (secs/iter:  0.965) (n_accepted: 82%) (u_error:  0.353158 %) (beta_change: 12.166458 %) (delta_change:  0.658028 %) (delta_peak/R:  5.075190 %)
iter:  14400 (Jcost: 8.531675e-02) (lr = 3.141e-04) (elapsed time: 14355.051) (secs/iter:  1.010) (n_accepted: 75%) (u_error:  0.353143 %) (beta_change: 12.099359 %) (delta_change:  0.653811 %) (delta_peak/R:  5.074536 %)
iter:  14500 (Jcost: 8.529266e-02) (lr = 8.945e-03) (elapsed time: 14450.180) (secs/iter:  0.951) (n_accepted: 83%) (u_error:  0.353232 %) (beta_change: 12.014568 %) (delta_change:  0.648476 %) (delta_peak/R:  5.074082 %)
-> Saved file: /media/rafael/DATA/Dropbox/20220924_FIML_solver/data/output/field_inversion/Beta_k__1__Beta_e__1/u_imp_100/FI_run_T31_CReStar_tau_u_imp_100_k_imp_1_e_imp_1/FI_run_T31_CReStar_tau_u_imp_100_k_imp_1_e_imp_1_state_iter_14500.dat
iter:  14600 (Jcost: 8.527585e-02) (lr = 1.333e-03) (elapsed time: 14556.382) (secs/iter:  1.062) (n_accepted: 77%) (u_error:  0.353128 %) (beta_change: 11.957676 %) (delta_change:  0.644924 %) (delta_peak/R:  5.073216 %)
iter:  14700 (Jcost: 8.525405e-02) (lr = 4.768e-04) (elapsed time: 14656.375) (secs/iter:  1.000) (n_accepted: 78%) (u_error:  0.353076 %) (beta_change: 11.881549 %) (delta_change:  0.640165 %) (delta_peak/R:  5.072358 %)
iter:  14800 (Jcost: 8.523823e-02) (lr = 5.658e-03) (elapsed time: 14751.699) (secs/iter:  0.953) (n_accepted: 82%) (u_error:  0.353101 %) (beta_change: 11.825781 %) (delta_change:  0.636676 %) (delta_peak/R:  5.071950 %)
iter:  14900 (Jcost: 8.521795e-02) (lr = 8.431e-04) (elapsed time: 14849.310) (secs/iter:  0.976) (n_accepted: 77%) (u_error:  0.353022 %) (beta_change: 11.754018 %) (delta_change:  0.632207 %) (delta_peak/R:  5.071041 %)
iter:  15000 (Jcost: 8.519931e-02) (lr = 2.401e-02) (elapsed time: 14947.091) (secs/iter:  0.978) (n_accepted: 83%) (u_error:  0.353102 %) (beta_change: 11.687264 %) (delta_change:  0.628034 %) (delta_peak/R:  5.070729 %)
-> Saved file: /media/rafael/DATA/Dropbox/20220924_FIML_solver/data/output/field_inversion/Beta_k__1__Beta_e__1/u_imp_100/FI_run_T31_CReStar_tau_u_imp_100_k_imp_1_e_imp_1/FI_run_T31_CReStar_tau_u_imp_100_k_imp_1_e_imp_1_state_iter_15000.dat
iter:  15000 (Jcost: 8.519859e-02) (lr = 2.881e-02) (elapsed time: 14953.274) (secs/iter:   None) (n_accepted: 0%) (u_error:  0.353112 %) (beta_change: 11.684000 %) (delta_change:  0.627854 %) (delta_peak/R:  5.070130 %)
