# ------------------------------------------------------------------------
#                  Input Arguments
# ------------------------------------------------------------------------
# Begin_Input_Arguments
{ 'all_b_mode': ['Beta_k', 'Beta_e'],
  'args_mk_solver': { 'torch': "<module 'torch' from "
                               "'/home/rafael/anaconda3/lib/python3.9/site-packages/torch/__init__.py'>",
                      'y_grid': [0.0, 0.000309700312, 0.000638645973, 0.00098802599, 0.00135910194, 0.00175321227, 0.00217177688, 0.00261630193, 0.00308838486, 0.00358971984, 0.00412210331, 0.00468744001, 0.00528774917, 0.00592517114, 0.00660197432, 0.0073205624, 0.00808348206, 0.00889343092, 0.00975326602, 0.0106660126, 0.0116348733, 0.0126632377, 0.0137546927, 0.0149130326, 0.0161422702, 0.0174466482, 0.0188306506, 0.0202990157, 0.0218567475, 0.02350913, 0.0252617393, 0.0271204584, 0.0290914903, 0.0311813732, 0.033396994, 0.0357456039, 0.0382348325, 0.0408727029, 0.0436676462, 0.0466285159, 0.0497646022, 0.0530856456, 0.0566018496, 0.0603238931, 0.0642629411, 0.068430655, 0.0728392004, 0.0775012535, 0.0824300053, 0.0876391634, 0.0931429507, 0.0989561006, 0.105093849, 0.111571922, 0.118406518, 0.125614286, 0.133212296, 0.141218006, 0.14964922, 0.158524039, 0.167860801, 0.177678022, 0.187994313, 0.1988283, 0.21019853, 0.222123362, 0.234620856, 0.247708641, 0.261403784, 0.275722637, 0.290680679, 0.306292354, 0.322570888, 0.339528108, 0.357174255, 0.375517785, 0.394565175, 0.414320726, 0.43478637, 0.45596148, 0.47784269, 0.500423731, 0.523695275, 0.547644806, 0.572256506, 0.597511177, 0.623386184, 0.649855436, 0.676889401, 0.704455158, 0.73251649, 0.761034018, 0.789965372, 0.819265404, 0.848886442, 0.878778572, 0.908889961, 0.939167201, 0.969555687, 1.0],
                      'Ret': 934.126735,
                      'cp': 1.0,
                      'A_sca_rho': 1.0,
                      'A_sca_mu': 0.0010705185522818807,
                      'A_sca_k': 0.0010705185522818807,
                      'b_exp_rho': 0.0,
                      'b_exp_mu': 0.0,
                      'b_exp_k': 0.0,
                      'tensor_device': 'cpu',
                      'as_tensor': '<function '
                                   'Build_arguments_fi_run._mk_args_MK_solver.<locals>.<lambda> '
                                   'at 0x7faf2f901700>',
                      'ref_dns': { 'u_dns': [0.0, 0.289202326, 0.596361542, 0.922232815, 1.26786587, 1.63406494, 2.02166109, 2.43038921, 2.85994791, 3.31047454, 3.78194088, 4.26981818, 4.77110545, 5.28643164, 5.81398678, 6.33957158, 6.86490559, 7.38963256, 7.91001422, 8.41230193, 8.89623699, 9.36504453, 9.81596309, 10.246646, 10.6549934, 11.0336573, 11.3913522, 11.7280697, 12.0442383, 12.340618, 12.6182616, 12.8784029, 13.1223756, 13.3515833, 13.5674626, 13.7714332, 13.9649014, 14.148244, 14.3224877, 14.4901709, 14.6524075, 14.8101366, 14.9622363, 15.1118588, 15.2593734, 15.4040247, 15.5481455, 15.69054, 15.8331708, 15.974796, 16.116925, 16.2590961, 16.4015223, 16.5446293, 16.6883036, 16.8323089, 16.9767882, 17.1220215, 17.2679857, 17.4146323, 17.5619305, 17.7099824, 17.8584942, 18.0075215, 18.1571147, 18.3074341, 18.4582366, 18.6096905, 18.7611669, 18.9129714, 19.064844, 19.2171413, 19.3696687, 19.521806, 19.6730767, 19.8237726, 19.9739835, 20.1234321, 20.2718903, 20.4193407, 20.5653876, 20.7097738, 20.8521392, 20.9925785, 21.1312054, 21.2673777, 21.4006557, 21.5299285, 21.6547188, 21.7744124, 21.887869, 21.993718, 22.0913253, 22.1794352, 22.2568929, 22.3224476, 22.3750086, 22.4133742, 22.4367832, 22.4446805],
                                   'T_dns': [1.0, 1.0, 1.0, 1.0, 1.0, 1.0, 1.0, 1.0, 1.0, 1.0, 1.0, 1.0, 1.0, 1.0, 1.0, 1.0, 1.0, 1.0, 1.0, 1.0, 1.0, 1.0, 1.0, 1.0, 1.0, 1.0, 1.0, 1.0, 1.0, 1.0, 1.0, 1.0, 1.0, 1.0, 1.0, 1.0, 1.0, 1.0, 1.0, 1.0, 1.0, 1.0, 1.0, 1.0, 1.0, 1.0, 1.0, 1.0, 1.0, 1.0, 1.0, 1.0, 1.0, 1.0, 1.0, 1.0, 1.0, 1.0, 1.0, 1.0, 1.0, 1.0, 1.0, 1.0, 1.0, 1.0, 1.0, 1.0, 1.0, 1.0, 1.0, 1.0, 1.0, 1.0, 1.0, 1.0, 1.0, 1.0, 1.0, 1.0, 1.0, 1.0, 1.0, 1.0, 1.0, 1.0, 1.0, 1.0, 1.0, 1.0, 1.0, 1.0, 1.0, 1.0, 1.0, 1.0, 1.0, 1.0, 1.0, 1.0],
                                   'mu_dns': [0.0010705185522818807, 0.0010705185522818807, 0.0010705185522818807, 0.0010705185522818807, 0.0010705185522818807, 0.0010705185522818807, 0.0010705185522818807, 0.0010705185522818807, 0.0010705185522818807, 0.0010705185522818807, 0.0010705185522818807, 0.0010705185522818807, 0.0010705185522818807, 0.0010705185522818807, 0.0010705185522818807, 0.0010705185522818807, 0.0010705185522818807, 0.0010705185522818807, 0.0010705185522818807, 0.0010705185522818807, 0.0010705185522818807, 0.0010705185522818807, 0.0010705185522818807, 0.0010705185522818807, 0.0010705185522818807, 0.0010705185522818807, 0.0010705185522818807, 0.0010705185522818807, 0.0010705185522818807, 0.0010705185522818807, 0.0010705185522818807, 0.0010705185522818807, 0.0010705185522818807, 0.0010705185522818807, 0.0010705185522818807, 0.0010705185522818807, 0.0010705185522818807, 0.0010705185522818807, 0.0010705185522818807, 0.0010705185522818807, 0.0010705185522818807, 0.0010705185522818807, 0.0010705185522818807, 0.0010705185522818807, 0.0010705185522818807, 0.0010705185522818807, 0.0010705185522818807, 0.0010705185522818807, 0.0010705185522818807, 0.0010705185522818807, 0.0010705185522818807, 0.0010705185522818807, 0.0010705185522818807, 0.0010705185522818807, 0.0010705185522818807, 0.0010705185522818807, 0.0010705185522818807, 0.0010705185522818807, 0.0010705185522818807, 0.0010705185522818807, 0.0010705185522818807, 0.0010705185522818807, 0.0010705185522818807, 0.0010705185522818807, 0.0010705185522818807, 0.0010705185522818807, 0.0010705185522818807, 0.0010705185522818807, 0.0010705185522818807, 0.0010705185522818807, 0.0010705185522818807, 0.0010705185522818807, 0.0010705185522818807, 0.0010705185522818807, 0.0010705185522818807, 0.0010705185522818807, 0.0010705185522818807, 0.0010705185522818807, 0.0010705185522818807, 0.0010705185522818807, 0.0010705185522818807, 0.0010705185522818807, 0.0010705185522818807, 0.0010705185522818807, 0.0010705185522818807, 0.0010705185522818807, 0.0010705185522818807, 0.0010705185522818807, 0.0010705185522818807, 0.0010705185522818807, 0.0010705185522818807, 0.0010705185522818807, 0.0010705185522818807, 0.0010705185522818807, 0.0010705185522818807, 0.0010705185522818807, 0.0010705185522818807, 0.0010705185522818807, 0.0010705185522818807, 0.0010705185522818807],
                                   'rho_dns': [1.0, 1.0, 1.0, 1.0, 1.0, 1.0, 1.0, 1.0, 1.0, 1.0, 1.0, 1.0, 1.0, 1.0, 1.0, 1.0, 1.0, 1.0, 1.0, 1.0, 1.0, 1.0, 1.0, 1.0, 1.0, 1.0, 1.0, 1.0, 1.0, 1.0, 1.0, 1.0, 1.0, 1.0, 1.0, 1.0, 1.0, 1.0, 1.0, 1.0, 1.0, 1.0, 1.0, 1.0, 1.0, 1.0, 1.0, 1.0, 1.0, 1.0, 1.0, 1.0, 1.0, 1.0, 1.0, 1.0, 1.0, 1.0, 1.0, 1.0, 1.0, 1.0, 1.0, 1.0, 1.0, 1.0, 1.0, 1.0, 1.0, 1.0, 1.0, 1.0, 1.0, 1.0, 1.0, 1.0, 1.0, 1.0, 1.0, 1.0, 1.0, 1.0, 1.0, 1.0, 1.0, 1.0, 1.0, 1.0, 1.0, 1.0, 1.0, 1.0, 1.0, 1.0, 1.0, 1.0, 1.0, 1.0, 1.0, 1.0]},
                      'case': 'Jimenez_Re950',
                      'constant_Sq_heat': 0.0,
                      'use_visc_heating': False,
                      'Pr_turb': 1.0,
                      'fprint': '<function '
                                'Build_arguments_fi_run._mk_args_MK_solver.<locals>.<lambda> '
                                'at 0x7faf2f901ee0>',
                      'compressible_correction': False,
                      'bool_solve_energy': False,
                      'output_last': False},
  'u_imp': 1000,
  'k_imp': 1,
  'e_imp': 1,
  'solve_sparse_adj': True,
  'all_ref_beta_distrib': {'K': [1.0, 1.0004283, 0.9999916, 0.99840673, 0.99539208, 0.99061732, 0.98372638, 0.97440621, 0.96250746, 0.94821244, 0.93221318, 0.91582757, 0.90097266, 0.8899607, 0.88510675, 0.88816548, 0.89980306, 0.91940184, 0.94530203, 0.9752848, 1.00694151, 1.03781633, 1.06556474, 1.08816023, 1.10408052, 1.11246369, 1.11310617, 1.10638831, 1.09323569, 1.07497368, 1.05312704, 1.02922442, 1.00465217, 0.98057033, 0.95788418, 0.9372537, 0.91912466, 0.9037678, 0.89131308, 0.88177405, 0.87507481, 0.87107918, 0.86961323, 0.87047341, 0.87343279, 0.87825434, 0.88469438, 0.89250613, 0.90144329, 0.91126243, 0.92172526, 0.93259943, 0.94366179, 0.95469929, 0.9655116, 0.97591444, 0.9857411, 0.99484295, 1.00309165, 1.01038228, 1.01663624, 1.02180277, 1.02586127, 1.02882137, 1.030721, 1.03162448, 1.03162086, 1.03082197, 1.02935941, 1.02737896, 1.02503286, 1.02247303, 1.01984711, 1.01729761, 1.0149572, 1.01293767, 1.01132, 1.01015147, 1.00944532, 1.00918053, 1.00930433, 1.00973629, 1.01037212, 1.01108794, 1.0117489, 1.01222655, 1.01241764, 1.01225849, 1.01173106, 1.0108614, 1.00971644, 1.00839469, 1.00700824, 1.00566483, 1.00445501, 1.0034429, 1.00266273, 1.00212151, 1.00180799, 1.00085315], 'E': [1.0, 1.00081469, 1.0023501, 1.00437206, 1.00696633, 1.01029121, 1.01453996, 1.01992196, 1.02664874, 1.0349161, 1.04477066, 1.05558618, 1.06557247, 1.07266611, 1.07538887, 1.07258274, 1.06332798, 1.04734729, 1.02522769, 0.99833778, 0.96874219, 0.93920557, 0.91304915, 0.89370729, 0.88400474, 0.8853588, 0.89739492, 0.91815739, 0.94471922, 0.97397827, 1.00327329, 1.03067098, 1.05497522, 1.07558967, 1.09234093, 1.10532195, 1.11477426, 1.12100882, 1.12436096, 1.12517034, 1.12376658, 1.1204569, 1.11552049, 1.10921418, 1.10177737, 1.09342933, 1.08437344, 1.07479977, 1.06488647, 1.0548013, 1.04470238, 1.03473972, 1.02505405, 1.01577734, 1.00703146, 0.998926, 0.99155742, 0.9850087, 0.97934734, 0.97462252, 0.97086248, 0.96807309, 0.96623594, 0.96530848, 0.96522599, 0.96590381, 0.96723934, 0.96911477, 0.97140054, 0.97396106, 0.97666188, 0.97937557, 0.981985, 0.98438379, 0.98647977, 0.98820328, 0.9895139, 0.99040089, 0.9908817, 0.99100039, 0.99082403, 0.99043809, 0.98994227, 0.98944611, 0.98906114, 0.98888633, 0.98899322, 0.98941566, 0.99014694, 0.99114363, 0.99233074, 0.99361194, 0.99488652, 0.99606518, 0.99708058, 0.99789365, 0.99849397, 0.99889401, 0.99911827, 0.9995948]},
  'all_ref_delta_distrib': {'K': [-0.0, -0.036498546568879096, 0.0007351565208977069, 0.1441621132236792, 0.43418764088189243, 0.9274051159093417, 1.698827189042787, 2.838293835793605, 4.4364857896120755, 6.555542521589616, 9.184363483494625, 12.189903863131493, 15.284283985219496, 18.01857551677838, 19.824706141896566, 20.151957768013876, 18.657147001111422, 15.333882038091751, 10.511157074120506, 4.743516337409433, -1.3161445094533362, -7.008923115423892, -11.757367609138335, -15.145110357709724, -16.967941402644303, -17.24848612890225, -16.19477066079217, -14.130909349627787, -11.431839701272628, -8.456793852038855, -5.501294142395881, -2.7754625879038253, -0.405202967100436, 1.5531017075717417, 3.0931720300019174, 4.240575020194427, 5.038198740014401, 5.536002077374631, 5.784721073919648, 5.832520948544101, 5.722973518735996, 5.4939291651451425, 5.177319445948786, 4.799803762294872, 4.383451510968754, 3.94611978351474, 3.502139481987309, 3.0628795774743405, 2.6372132734489666, 2.2319345794413206, 1.8521022346941387, 1.5013545871102711, 1.1821118220141564, 0.8957939752209726, 0.6429658661474915, 0.4234477532250555, 0.23644289838010538, 0.08066042930896394, -0.045608276293956015, -0.14443414960048392, -0.218193458493662, -0.2694952144267327, -0.30112430439288196, -0.3159614411111377, -0.31689227059821995, -0.3067324144717574, -0.2881683774106424, -0.2637073346258564, -0.23562981096511867, -0.20593677983926367, -0.17630165771162673, -0.14805155800644063, -0.12218287761907856, -0.09940168505008809, -0.08014141603696402, -0.06455521969380242, -0.05253110829639999, -0.04374889642206672, -0.03774260179241271, -0.03395411235410588, -0.031787919096056105, -0.030659327084709836, -0.030029758142705157, -0.029433630280646755, -0.028507002142010882, -0.027022383793566127, -0.024904458175734414, -0.02221784528246482, -0.019130018088733224, -0.01586308067377003, -0.012651839875188862, -0.009704594153670944, -0.007169586925070398, -0.005120994083967159, -0.00356449346243973, -0.0024535499430210187, -0.0017119000046679656, -0.0012562151261505288, -0.001014754040351352, -0.000470000113180983], 'E': [-0.0, -3.503096297776372, -13.411071398194844, -28.058485654699858, -48.084406727358534, -75.35944013696371, -112.709733632614, -164.08553205595865, -235.36059784865222, -336.29422224807627, -481.6423124957979, -678.9431444619952, -895.6077965568135, -1068.0604545476556, -1162.00663456759, -1158.7167677291363, -1034.6862996049445, -781.0835745055846, -414.0922500917926, 26.730544048955423, 484.57891979958293, 893.412903900115, 1190.357366420898, 1331.7026041690635, 1306.821391380385, 1142.302885539932, 890.9429030593412, 611.7387009259727, 352.3728515085585, 140.55609923034282, -14.929468011602, -117.98922252602684, -178.52057759049305, -207.6740624341304, -215.35898993982116, -209.3602839822111, -195.33111068298888, -177.14773551234347, -157.3480880908334, -137.52524889997224, -118.62486066273647, -101.15852216589863, -85.35709276290821, -71.281279062739, -58.89235656670848, -48.093259778254534, -38.758560036447385, -30.752200794977618, -23.937744123256675, -18.184381918317428, -13.36993365117192, -9.382428963448696, -6.119895708225544, -3.4902068620598894, -1.4101850397028635, 0.19543318353272146, 1.3946727905015006, 2.2489026511909467, 2.8136309181973203, 3.1392348546613102, 3.2714579112603293, 3.251627792553806, 3.1168606502272245, 2.900021086500946, 2.6295948959041877, 2.3296734395854526, 2.020071527492133, 1.7164982901349748, 1.4307962302287625, 1.171183823141255, 0.9425767281069715, 0.747078964599418, 0.5845958225712913, 0.45347497471805226, 0.35095173719396633, 0.27342588223118985, 0.21678192899871918, 0.17678921088160954, 0.1494131576131523, 0.13101192149607047, 0.11847240432724732, 0.10927816710392775, 0.10151090912976914, 0.09381692900182209, 0.0853765942263719, 0.07588537674635712, 0.06548085237443285, 0.05461053870255326, 0.04386854411374229, 0.03384337466340591, 0.025016653427425616, 0.017695445273926594, 0.01197927875344967, 0.007780515918107403, 0.0048818588657731764, 0.003003001170477645, 0.0018619931653983059, 0.001219590542708188, 0.0009022640037855903, 0.0004039613331746821]},
  'fname_print': '/media/rafael/DATA/Dropbox/20220924_FIML_solver/data/output/field_inversion/Beta_k__1__Beta_e__1/u_imp_1000/FI_run_Jimenez_Re950_u_imp_1000_k_imp_1_e_imp_1/FI_run_Jimenez_Re950_u_imp_1000_k_imp_1_e_imp_1.log',
  'folder': '/media/rafael/DATA/Dropbox/20220924_FIML_solver/data/output/field_inversion/Beta_k__1__Beta_e__1/u_imp_1000/FI_run_Jimenez_Re950_u_imp_1000_k_imp_1_e_imp_1',
  'iters_limit': 15000}
# End_Input_Arguments

# ------------------------------------------------------------------------
#                  Iterations
# ------------------------------------------------------------------------

iter:      0 (Jcost: 9.900261e+00) (lr = 1.000e-03) (elapsed time:  0.001) (secs/iter:   None) (n_accepted: 0%) (u_error:  2.448376 %) (beta_change: 12.777855 %) (delta_change:  7.444798 %) (delta_peak/R:  0.000000 %)
-> Saved file: /media/rafael/DATA/Dropbox/20220924_FIML_solver/data/output/field_inversion/Beta_k__1__Beta_e__1/u_imp_1000/FI_run_Jimenez_Re950_u_imp_1000_k_imp_1_e_imp_1/FI_run_Jimenez_Re950_u_imp_1000_k_imp_1_e_imp_1_state_iter_0.dat
iter:    100 (Jcost: 8.369679e-01) (lr = 1.717e-03) (elapsed time: 80.045) (secs/iter:  0.800) (n_accepted: 80%) (u_error:  0.809662 %) (beta_change: 10.781944 %) (delta_change:  8.239373 %) (delta_peak/R:  3.438485 %)
iter:    200 (Jcost: 5.743922e-01) (lr = 6.140e-04) (elapsed time: 168.266) (secs/iter:  0.882) (n_accepted: 78%) (u_error:  0.674204 %) (beta_change:  8.066399 %) (delta_change:  6.032444 %) (delta_peak/R:  3.703572 %)
iter:    300 (Jcost: 4.591132e-01) (lr = 2.196e-04) (elapsed time: 255.284) (secs/iter:  0.870) (n_accepted: 78%) (u_error:  0.606007 %) (beta_change:  6.524267 %) (delta_change:  4.768571 %) (delta_peak/R:  4.275319 %)
iter:    400 (Jcost: 3.832382e-01) (lr = 7.855e-05) (elapsed time: 342.147) (secs/iter:  0.869) (n_accepted: 78%) (u_error:  0.555865 %) (beta_change:  5.200379 %) (delta_change:  3.778492 %) (delta_peak/R:  4.824258 %)
iter:    500 (Jcost: 3.454537e-01) (lr = 6.743e-05) (elapsed time: 425.858) (secs/iter:  0.837) (n_accepted: 79%) (u_error:  0.525496 %) (beta_change:  4.386408 %) (delta_change:  3.174322 %) (delta_peak/R:  5.196890 %)
-> Saved file: /media/rafael/DATA/Dropbox/20220924_FIML_solver/data/output/field_inversion/Beta_k__1__Beta_e__1/u_imp_1000/FI_run_Jimenez_Re950_u_imp_1000_k_imp_1_e_imp_1/FI_run_Jimenez_Re950_u_imp_1000_k_imp_1_e_imp_1_state_iter_500.dat
iter:    600 (Jcost: 3.173513e-01) (lr = 4.609e-03) (elapsed time: 507.717) (secs/iter:  0.819) (n_accepted: 84%) (u_error:  0.499012 %) (beta_change:  3.682393 %) (delta_change:  2.618485 %) (delta_peak/R:  5.546442 %)
iter:    700 (Jcost: 3.023257e-01) (lr = 3.956e-03) (elapsed time: 593.462) (secs/iter:  0.857) (n_accepted: 79%) (u_error:  0.481459 %) (beta_change:  3.255897 %) (delta_change:  2.300215 %) (delta_peak/R:  5.756689 %)
iter:    800 (Jcost: 2.922560e-01) (lr = 1.415e-03) (elapsed time: 675.592) (secs/iter:  0.821) (n_accepted: 78%) (u_error:  0.469829 %) (beta_change:  2.937802 %) (delta_change:  2.058457 %) (delta_peak/R:  5.918719 %)
iter:    900 (Jcost: 2.839363e-01) (lr = 5.061e-04) (elapsed time: 759.879) (secs/iter:  0.843) (n_accepted: 78%) (u_error:  0.459113 %) (beta_change:  2.644119 %) (delta_change:  1.841373 %) (delta_peak/R:  6.059572 %)
iter:   1000 (Jcost: 2.765054e-01) (lr = 1.810e-04) (elapsed time: 841.268) (secs/iter:  0.814) (n_accepted: 78%) (u_error:  0.448950 %) (beta_change:  2.354193 %) (delta_change:  1.627788 %) (delta_peak/R:  6.218349 %)
-> Saved file: /media/rafael/DATA/Dropbox/20220924_FIML_solver/data/output/field_inversion/Beta_k__1__Beta_e__1/u_imp_1000/FI_run_Jimenez_Re950_u_imp_1000_k_imp_1_e_imp_1/FI_run_Jimenez_Re950_u_imp_1000_k_imp_1_e_imp_1_state_iter_1000.dat
iter:   1100 (Jcost: 2.707085e-01) (lr = 6.474e-05) (elapsed time: 927.932) (secs/iter:  0.867) (n_accepted: 78%) (u_error:  0.440471 %) (beta_change:  2.114753 %) (delta_change:  1.446919 %) (delta_peak/R:  6.372557 %)
iter:   1200 (Jcost: 2.664765e-01) (lr = 1.334e-04) (elapsed time: 1007.968) (secs/iter:  0.800) (n_accepted: 80%) (u_error:  0.434442 %) (beta_change:  1.936477 %) (delta_change:  1.305450 %) (delta_peak/R:  6.486367 %)
iter:   1300 (Jcost: 2.627269e-01) (lr = 3.799e-03) (elapsed time: 1084.017) (secs/iter:  0.760) (n_accepted: 83%) (u_error:  0.428600 %) (beta_change:  1.912116 %) (delta_change:  1.175351 %) (delta_peak/R:  6.582247 %)
iter:   1400 (Jcost: 2.604840e-01) (lr = 5.661e-04) (elapsed time: 1163.534) (secs/iter:  0.795) (n_accepted: 77%) (u_error:  0.425131 %) (beta_change:  1.910816 %) (delta_change:  1.094222 %) (delta_peak/R:  6.637886 %)
iter:   1500 (Jcost: 2.582575e-01) (lr = 8.436e-05) (elapsed time: 1244.109) (secs/iter:  0.806) (n_accepted: 77%) (u_error:  0.421819 %) (beta_change:  1.916502 %) (delta_change:  1.011854 %) (delta_peak/R:  6.697976 %)
-> Saved file: /media/rafael/DATA/Dropbox/20220924_FIML_solver/data/output/field_inversion/Beta_k__1__Beta_e__1/u_imp_1000/FI_run_Jimenez_Re950_u_imp_1000_k_imp_1_e_imp_1/FI_run_Jimenez_Re950_u_imp_1000_k_imp_1_e_imp_1_state_iter_1500.dat
iter:   1600 (Jcost: 2.563338e-01) (lr = 7.242e-05) (elapsed time: 1328.604) (secs/iter:  0.845) (n_accepted: 79%) (u_error:  0.418998 %) (beta_change:  1.926139 %) (delta_change:  0.938719 %) (delta_peak/R:  6.754537 %)
iter:   1700 (Jcost: 2.548398e-01) (lr = 2.062e-03) (elapsed time: 1405.455) (secs/iter:  0.768) (n_accepted: 83%) (u_error:  0.416480 %) (beta_change:  1.936989 %) (delta_change:  0.884414 %) (delta_peak/R:  6.795516 %)
iter:   1800 (Jcost: 2.532729e-01) (lr = 1.281e-04) (elapsed time: 1483.408) (secs/iter:  0.780) (n_accepted: 76%) (u_error:  0.414461 %) (beta_change:  2.023337 %) (delta_change:  0.835743 %) (delta_peak/R:  6.837960 %)
iter:   1900 (Jcost: 2.518658e-01) (lr = 1.099e-04) (elapsed time: 1562.167) (secs/iter:  0.788) (n_accepted: 79%) (u_error:  0.412676 %) (beta_change:  2.158177 %) (delta_change:  0.813453 %) (delta_peak/R:  6.873931 %)
iter:   2000 (Jcost: 2.508964e-01) (lr = 1.304e-03) (elapsed time: 1640.160) (secs/iter:  0.780) (n_accepted: 82%) (u_error:  0.411467 %) (beta_change:  2.262846 %) (delta_change:  0.817609 %) (delta_peak/R:  6.897309 %)
-> Saved file: /media/rafael/DATA/Dropbox/20220924_FIML_solver/data/output/field_inversion/Beta_k__1__Beta_e__1/u_imp_1000/FI_run_Jimenez_Re950_u_imp_1000_k_imp_1_e_imp_1/FI_run_Jimenez_Re950_u_imp_1000_k_imp_1_e_imp_1_state_iter_2000.dat
iter:   2100 (Jcost: 2.495739e-01) (lr = 4.666e-04) (elapsed time: 1711.354) (secs/iter:  0.712) (n_accepted: 78%) (u_error:  0.409830 %) (beta_change:  2.417076 %) (delta_change:  0.851536 %) (delta_peak/R:  6.927213 %)
iter:   2200 (Jcost: 2.485647e-01) (lr = 2.897e-05) (elapsed time: 1790.515) (secs/iter:  0.792) (n_accepted: 76%) (u_error:  0.408604 %) (beta_change:  2.545200 %) (delta_change:  0.900241 %) (delta_peak/R:  6.947786 %)
iter:   2300 (Jcost: 2.476672e-01) (lr = 1.432e-04) (elapsed time: 1865.785) (secs/iter:  0.753) (n_accepted: 81%) (u_error:  0.407607 %) (beta_change:  2.669951 %) (delta_change:  0.948969 %) (delta_peak/R:  6.964761 %)
iter:   2400 (Jcost: 2.467233e-01) (lr = 4.080e-03) (elapsed time: 1938.716) (secs/iter:  0.729) (n_accepted: 83%) (u_error:  0.406440 %) (beta_change:  2.806429 %) (delta_change:  1.001558 %) (delta_peak/R:  6.979587 %)
iter:   2500 (Jcost: 2.460595e-01) (lr = 1.459e-03) (elapsed time: 2011.753) (secs/iter:  0.730) (n_accepted: 78%) (u_error:  0.405548 %) (beta_change:  2.908505 %) (delta_change:  1.040419 %) (delta_peak/R:  6.988265 %)
-> Saved file: /media/rafael/DATA/Dropbox/20220924_FIML_solver/data/output/field_inversion/Beta_k__1__Beta_e__1/u_imp_1000/FI_run_Jimenez_Re950_u_imp_1000_k_imp_1_e_imp_1/FI_run_Jimenez_Re950_u_imp_1000_k_imp_1_e_imp_1_state_iter_2500.dat
iter:   2600 (Jcost: 2.453613e-01) (lr = 1.252e-03) (elapsed time: 2088.852) (secs/iter:  0.771) (n_accepted: 79%) (u_error:  0.404777 %) (beta_change:  3.023278 %) (delta_change:  1.083913 %) (delta_peak/R:  6.996383 %)
iter:   2700 (Jcost: 2.447557e-01) (lr = 4.480e-04) (elapsed time: 2152.361) (secs/iter:  0.635) (n_accepted: 78%) (u_error:  0.404099 %) (beta_change:  3.128291 %) (delta_change:  1.123337 %) (delta_peak/R:  7.001992 %)
iter:   2800 (Jcost: 2.440982e-01) (lr = 9.229e-04) (elapsed time: 2213.662) (secs/iter:  0.613) (n_accepted: 80%) (u_error:  0.403087 %) (beta_change:  3.256251 %) (delta_change:  1.170682 %) (delta_peak/R:  7.006160 %)
iter:   2900 (Jcost: 2.435385e-01) (lr = 1.901e-03) (elapsed time: 2279.941) (secs/iter:  0.663) (n_accepted: 80%) (u_error:  0.402780 %) (beta_change:  3.355860 %) (delta_change:  1.207665 %) (delta_peak/R:  7.012660 %)
iter:   3000 (Jcost: 2.430137e-01) (lr = 1.632e-03) (elapsed time: 2353.777) (secs/iter:  0.738) (n_accepted: 79%) (u_error:  0.402179 %) (beta_change:  3.461472 %) (delta_change:  1.246215 %) (delta_peak/R:  7.020084 %)
-> Saved file: /media/rafael/DATA/Dropbox/20220924_FIML_solver/data/output/field_inversion/Beta_k__1__Beta_e__1/u_imp_1000/FI_run_Jimenez_Re950_u_imp_1000_k_imp_1_e_imp_1/FI_run_Jimenez_Re950_u_imp_1000_k_imp_1_e_imp_1_state_iter_3000.dat
iter:   3100 (Jcost: 2.425102e-01) (lr = 5.837e-04) (elapsed time: 2430.611) (secs/iter:  0.768) (n_accepted: 78%) (u_error:  0.401733 %) (beta_change:  3.567071 %) (delta_change:  1.284574 %) (delta_peak/R:  7.026361 %)
iter:   3200 (Jcost: 2.420451e-01) (lr = 8.699e-05) (elapsed time: 2485.921) (secs/iter:  0.553) (n_accepted: 77%) (u_error:  0.401235 %) (beta_change:  3.668496 %) (delta_change:  1.320995 %) (delta_peak/R:  7.030795 %)
iter:   3300 (Jcost: 2.416583e-01) (lr = 7.467e-05) (elapsed time: 2539.827) (secs/iter:  0.539) (n_accepted: 79%) (u_error:  0.400884 %) (beta_change:  3.756051 %) (delta_change:  1.352252 %) (delta_peak/R:  7.033767 %)
iter:   3400 (Jcost: 2.411853e-01) (lr = 2.127e-03) (elapsed time: 2590.640) (secs/iter:  0.508) (n_accepted: 83%) (u_error:  0.400395 %) (beta_change:  3.867250 %) (delta_change:  1.391564 %) (delta_peak/R:  7.036166 %)
iter:   3500 (Jcost: 2.408738e-01) (lr = 1.826e-03) (elapsed time: 2664.871) (secs/iter:  0.742) (n_accepted: 79%) (u_error:  0.400182 %) (beta_change:  3.942516 %) (delta_change:  1.418080 %) (delta_peak/R:  7.037295 %)
-> Saved file: /media/rafael/DATA/Dropbox/20220924_FIML_solver/data/output/field_inversion/Beta_k__1__Beta_e__1/u_imp_1000/FI_run_Jimenez_Re950_u_imp_1000_k_imp_1_e_imp_1/FI_run_Jimenez_Re950_u_imp_1000_k_imp_1_e_imp_1_state_iter_3500.dat
iter:   3600 (Jcost: 2.405736e-01) (lr = 6.529e-04) (elapsed time: 2714.301) (secs/iter:  0.494) (n_accepted: 78%) (u_error:  0.399891 %) (beta_change:  4.016910 %) (delta_change:  1.444024 %) (delta_peak/R:  7.037608 %)
iter:   3700 (Jcost: 2.402264e-01) (lr = 5.605e-04) (elapsed time: 2772.598) (secs/iter:  0.583) (n_accepted: 79%) (u_error:  0.399621 %) (beta_change:  4.105607 %) (delta_change:  1.474823 %) (delta_peak/R:  7.037465 %)
iter:   3800 (Jcost: 2.399216e-01) (lr = 2.005e-04) (elapsed time: 2820.683) (secs/iter:  0.481) (n_accepted: 78%) (u_error:  0.399422 %) (beta_change:  4.186941 %) (delta_change:  1.502910 %) (delta_peak/R:  7.036803 %)
iter:   3900 (Jcost: 2.396750e-01) (lr = 1.721e-04) (elapsed time: 2882.764) (secs/iter:  0.621) (n_accepted: 79%) (u_error:  0.399149 %) (beta_change:  4.251222 %) (delta_change:  1.524827 %) (delta_peak/R:  7.035528 %)
iter:   4000 (Jcost: 2.393676e-01) (lr = 1.477e-04) (elapsed time: 2955.850) (secs/iter:  0.731) (n_accepted: 79%) (u_error:  0.398914 %) (beta_change:  4.335377 %) (delta_change:  1.553474 %) (delta_peak/R:  7.033653 %)
-> Saved file: /media/rafael/DATA/Dropbox/20220924_FIML_solver/data/output/field_inversion/Beta_k__1__Beta_e__1/u_imp_1000/FI_run_Jimenez_Re950_u_imp_1000_k_imp_1_e_imp_1/FI_run_Jimenez_Re950_u_imp_1000_k_imp_1_e_imp_1_state_iter_4000.dat
iter:   4100 (Jcost: 2.391013e-01) (lr = 1.268e-04) (elapsed time: 3036.393) (secs/iter:  0.805) (n_accepted: 79%) (u_error:  0.398817 %) (beta_change:  4.414340 %) (delta_change:  1.580306 %) (delta_peak/R:  7.031707 %)
iter:   4200 (Jcost: 2.388866e-01) (lr = 6.269e-04) (elapsed time: 3110.481) (secs/iter:  0.741) (n_accepted: 81%) (u_error:  0.398559 %) (beta_change:  4.471264 %) (delta_change:  1.599397 %) (delta_peak/R:  7.029460 %)
iter:   4300 (Jcost: 2.386033e-01) (lr = 2.242e-04) (elapsed time: 3183.317) (secs/iter:  0.728) (n_accepted: 78%) (u_error:  0.398324 %) (beta_change:  4.553441 %) (delta_change:  1.629230 %) (delta_peak/R:  7.026185 %)
iter:   4400 (Jcost: 2.383554e-01) (lr = 4.619e-04) (elapsed time: 3259.051) (secs/iter:  0.757) (n_accepted: 80%) (u_error:  0.398253 %) (beta_change:  4.630560 %) (delta_change:  1.657271 %) (delta_peak/R:  7.023095 %)
iter:   4500 (Jcost: 2.381045e-01) (lr = 2.284e-03) (elapsed time: 3329.302) (secs/iter:  0.703) (n_accepted: 81%) (u_error:  0.397973 %) (beta_change:  4.702926 %) (delta_change:  1.683469 %) (delta_peak/R:  7.019204 %)
-> Saved file: /media/rafael/DATA/Dropbox/20220924_FIML_solver/data/output/field_inversion/Beta_k__1__Beta_e__1/u_imp_1000/FI_run_Jimenez_Re950_u_imp_1000_k_imp_1_e_imp_1/FI_run_Jimenez_Re950_u_imp_1000_k_imp_1_e_imp_1_state_iter_4500.dat
iter:   4600 (Jcost: 2.378905e-01) (lr = 8.169e-04) (elapsed time: 3408.495) (secs/iter:  0.792) (n_accepted: 78%) (u_error:  0.397827 %) (beta_change:  4.768848 %) (delta_change:  1.707365 %) (delta_peak/R:  7.015679 %)
iter:   4700 (Jcost: 2.376316e-01) (lr = 2.922e-04) (elapsed time: 3481.275) (secs/iter:  0.728) (n_accepted: 78%) (u_error:  0.397634 %) (beta_change:  4.850043 %) (delta_change:  1.736769 %) (delta_peak/R:  7.010927 %)
iter:   4800 (Jcost: 2.374851e-01) (lr = 6.019e-04) (elapsed time: 3556.982) (secs/iter:  0.757) (n_accepted: 80%) (u_error:  0.397579 %) (beta_change:  4.896794 %) (delta_change:  1.753714 %) (delta_peak/R:  7.008172 %)
iter:   4900 (Jcost: 2.372347e-01) (lr = 2.153e-04) (elapsed time: 3631.795) (secs/iter:  0.748) (n_accepted: 78%) (u_error:  0.397399 %) (beta_change:  4.977515 %) (delta_change:  1.782914 %) (delta_peak/R:  7.002887 %)
iter:   5000 (Jcost: 2.370085e-01) (lr = 7.700e-05) (elapsed time: 3699.286) (secs/iter:  0.675) (n_accepted: 78%) (u_error:  0.397266 %) (beta_change:  5.051902 %) (delta_change:  1.809815 %) (delta_peak/R:  6.997794 %)
-> Saved file: /media/rafael/DATA/Dropbox/20220924_FIML_solver/data/output/field_inversion/Beta_k__1__Beta_e__1/u_imp_1000/FI_run_Jimenez_Re950_u_imp_1000_k_imp_1_e_imp_1/FI_run_Jimenez_Re950_u_imp_1000_k_imp_1_e_imp_1_state_iter_5000.dat
iter:   5100 (Jcost: 2.368024e-01) (lr = 9.138e-04) (elapsed time: 3761.369) (secs/iter:  0.621) (n_accepted: 82%) (u_error:  0.397063 %) (beta_change:  5.121707 %) (delta_change:  1.835004 %) (delta_peak/R:  6.992518 %)
iter:   5200 (Jcost: 2.366487e-01) (lr = 1.882e-03) (elapsed time: 3811.040) (secs/iter:  0.497) (n_accepted: 80%) (u_error:  0.397050 %) (beta_change:  5.172703 %) (delta_change:  1.853455 %) (delta_peak/R:  6.988911 %)
iter:   5300 (Jcost: 2.364966e-01) (lr = 2.805e-04) (elapsed time: 3867.613) (secs/iter:  0.566) (n_accepted: 77%) (u_error:  0.396934 %) (beta_change:  5.224658 %) (delta_change:  1.872196 %) (delta_peak/R:  6.984807 %)
iter:   5400 (Jcost: 2.363234e-01) (lr = 2.408e-04) (elapsed time: 3918.019) (secs/iter:  0.504) (n_accepted: 79%) (u_error:  0.396844 %) (beta_change:  5.284514 %) (delta_change:  1.893794 %) (delta_peak/R:  6.980055 %)
iter:   5500 (Jcost: 2.361601e-01) (lr = 8.613e-05) (elapsed time: 3967.817) (secs/iter:  0.498) (n_accepted: 78%) (u_error:  0.396766 %) (beta_change:  5.341739 %) (delta_change:  1.914433 %) (delta_peak/R:  6.975392 %)
-> Saved file: /media/rafael/DATA/Dropbox/20220924_FIML_solver/data/output/field_inversion/Beta_k__1__Beta_e__1/u_imp_1000/FI_run_Jimenez_Re950_u_imp_1000_k_imp_1_e_imp_1/FI_run_Jimenez_Re950_u_imp_1000_k_imp_1_e_imp_1_state_iter_5500.dat
iter:   5600 (Jcost: 2.359736e-01) (lr = 7.394e-05) (elapsed time: 4039.590) (secs/iter:  0.718) (n_accepted: 79%) (u_error:  0.396618 %) (beta_change:  5.407855 %) (delta_change:  1.938235 %) (delta_peak/R:  6.969659 %)
iter:   5700 (Jcost: 2.357914e-01) (lr = 5.054e-03) (elapsed time: 4107.714) (secs/iter:  0.681) (n_accepted: 84%) (u_error:  0.396536 %) (beta_change:  5.473012 %) (delta_change:  1.961705 %) (delta_peak/R:  6.964034 %)
iter:   5800 (Jcost: 2.356563e-01) (lr = 3.138e-04) (elapsed time: 4171.858) (secs/iter:  0.641) (n_accepted: 76%) (u_error:  0.396450 %) (beta_change:  5.524748 %) (delta_change:  1.979347 %) (delta_peak/R:  6.959618 %)
iter:   5900 (Jcost: 2.355105e-01) (lr = 2.694e-04) (elapsed time: 4246.365) (secs/iter:  0.745) (n_accepted: 79%) (u_error:  0.396477 %) (beta_change:  5.586076 %) (delta_change:  1.999462 %) (delta_peak/R:  6.954863 %)
iter:   6000 (Jcost: 2.353510e-01) (lr = 3.196e-03) (elapsed time: 4315.177) (secs/iter:  0.688) (n_accepted: 82%) (u_error:  0.396321 %) (beta_change:  5.648383 %) (delta_change:  2.019690 %) (delta_peak/R:  6.951436 %)
-> Saved file: /media/rafael/DATA/Dropbox/20220924_FIML_solver/data/output/field_inversion/Beta_k__1__Beta_e__1/u_imp_1000/FI_run_Jimenez_Re950_u_imp_1000_k_imp_1_e_imp_1/FI_run_Jimenez_Re950_u_imp_1000_k_imp_1_e_imp_1_state_iter_6000.dat
iter:   6100 (Jcost: 2.352407e-01) (lr = 1.143e-03) (elapsed time: 4393.253) (secs/iter:  0.781) (n_accepted: 78%) (u_error:  0.396251 %) (beta_change:  5.693782 %) (delta_change:  2.034399 %) (delta_peak/R:  6.950625 %)
iter:   6200 (Jcost: 2.351018e-01) (lr = 4.089e-04) (elapsed time: 4468.109) (secs/iter:  0.749) (n_accepted: 78%) (u_error:  0.396182 %) (beta_change:  5.751735 %) (delta_change:  2.053120 %) (delta_peak/R:  6.949524 %)
iter:   6300 (Jcost: 2.349564e-01) (lr = 1.463e-04) (elapsed time: 4540.971) (secs/iter:  0.729) (n_accepted: 78%) (u_error:  0.396106 %) (beta_change:  5.813128 %) (delta_change:  2.072865 %) (delta_peak/R:  6.948204 %)
iter:   6400 (Jcost: 2.348152e-01) (lr = 5.231e-05) (elapsed time: 4617.477) (secs/iter:  0.765) (n_accepted: 78%) (u_error:  0.396032 %) (beta_change:  5.873447 %) (delta_change:  2.092177 %) (delta_peak/R:  6.946767 %)
iter:   6500 (Jcost: 2.346935e-01) (lr = 2.586e-04) (elapsed time: 4692.854) (secs/iter:  0.754) (n_accepted: 81%) (u_error:  0.396029 %) (beta_change:  5.927689 %) (delta_change:  2.109511 %) (delta_peak/R:  6.945517 %)
-> Saved file: /media/rafael/DATA/Dropbox/20220924_FIML_solver/data/output/field_inversion/Beta_k__1__Beta_e__1/u_imp_1000/FI_run_Jimenez_Re950_u_imp_1000_k_imp_1_e_imp_1/FI_run_Jimenez_Re950_u_imp_1000_k_imp_1_e_imp_1_state_iter_6500.dat
iter:   6600 (Jcost: 2.345777e-01) (lr = 3.069e-03) (elapsed time: 4766.195) (secs/iter:  0.733) (n_accepted: 82%) (u_error:  0.395943 %) (beta_change:  5.977110 %) (delta_change:  2.125186 %) (delta_peak/R:  6.944069 %)
iter:   6700 (Jcost: 2.344622e-01) (lr = 1.098e-03) (elapsed time: 4836.340) (secs/iter:  0.701) (n_accepted: 78%) (u_error:  0.395848 %) (beta_change:  6.027452 %) (delta_change:  2.141089 %) (delta_peak/R:  6.942486 %)
iter:   6800 (Jcost: 2.343523e-01) (lr = 3.926e-04) (elapsed time: 4909.908) (secs/iter:  0.736) (n_accepted: 78%) (u_error:  0.395796 %) (beta_change:  6.076318 %) (delta_change:  2.156491 %) (delta_peak/R:  6.940962 %)
iter:   6900 (Jcost: 2.342091e-01) (lr = 5.851e-05) (elapsed time: 4984.661) (secs/iter:  0.748) (n_accepted: 77%) (u_error:  0.395734 %) (beta_change:  6.140687 %) (delta_change:  2.176698 %) (delta_peak/R:  6.938851 %)
iter:   7000 (Jcost: 2.341316e-01) (lr = 2.893e-04) (elapsed time: 5058.315) (secs/iter:  0.737) (n_accepted: 81%) (u_error:  0.395702 %) (beta_change:  6.175885 %) (delta_change:  2.187703 %) (delta_peak/R:  6.937637 %)
-> Saved file: /media/rafael/DATA/Dropbox/20220924_FIML_solver/data/output/field_inversion/Beta_k__1__Beta_e__1/u_imp_1000/FI_run_Jimenez_Re950_u_imp_1000_k_imp_1_e_imp_1/FI_run_Jimenez_Re950_u_imp_1000_k_imp_1_e_imp_1_state_iter_7000.dat
iter:   7100 (Jcost: 2.340573e-01) (lr = 5.960e-04) (elapsed time: 5137.526) (secs/iter:  0.792) (n_accepted: 80%) (u_error:  0.395637 %) (beta_change:  6.209665 %) (delta_change:  2.198211 %) (delta_peak/R:  6.936339 %)
iter:   7200 (Jcost: 2.339532e-01) (lr = 1.228e-03) (elapsed time: 5209.449) (secs/iter:  0.719) (n_accepted: 80%) (u_error:  0.395620 %) (beta_change:  6.257572 %) (delta_change:  2.213118 %) (delta_peak/R:  6.934634 %)
iter:   7300 (Jcost: 2.338622e-01) (lr = 2.530e-03) (elapsed time: 5283.161) (secs/iter:  0.737) (n_accepted: 80%) (u_error:  0.395532 %) (beta_change:  6.299611 %) (delta_change:  2.226099 %) (delta_peak/R:  6.932882 %)
iter:   7400 (Jcost: 2.337619e-01) (lr = 9.047e-04) (elapsed time: 5353.763) (secs/iter:  0.706) (n_accepted: 78%) (u_error:  0.395504 %) (beta_change:  6.346155 %) (delta_change:  2.240468 %) (delta_peak/R:  6.931057 %)
iter:   7500 (Jcost: 2.336560e-01) (lr = 5.618e-05) (elapsed time: 5426.485) (secs/iter:  0.727) (n_accepted: 76%) (u_error:  0.395461 %) (beta_change:  6.395829 %) (delta_change:  2.255732 %) (delta_peak/R:  6.928997 %)
-> Saved file: /media/rafael/DATA/Dropbox/20220924_FIML_solver/data/output/field_inversion/Beta_k__1__Beta_e__1/u_imp_1000/FI_run_Jimenez_Re950_u_imp_1000_k_imp_1_e_imp_1/FI_run_Jimenez_Re950_u_imp_1000_k_imp_1_e_imp_1_state_iter_7500.dat
iter:   7600 (Jcost: 2.335642e-01) (lr = 3.840e-03) (elapsed time: 5503.185) (secs/iter:  0.767) (n_accepted: 84%) (u_error:  0.395352 %) (beta_change:  6.440581 %) (delta_change:  2.269378 %) (delta_peak/R:  6.926885 %)
iter:   7700 (Jcost: 2.334884e-01) (lr = 1.373e-03) (elapsed time: 5573.840) (secs/iter:  0.707) (n_accepted: 78%) (u_error:  0.395369 %) (beta_change:  6.475193 %) (delta_change:  2.279966 %) (delta_peak/R:  6.925474 %)
iter:   7800 (Jcost: 2.334039e-01) (lr = 3.553e-05) (elapsed time: 5646.966) (secs/iter:  0.731) (n_accepted: 75%) (u_error:  0.395342 %) (beta_change:  6.515567 %) (delta_change:  2.292244 %) (delta_peak/R:  6.923657 %)
iter:   7900 (Jcost: 2.333105e-01) (lr = 7.320e-05) (elapsed time: 5719.433) (secs/iter:  0.725) (n_accepted: 80%) (u_error:  0.395297 %) (beta_change:  6.560454 %) (delta_change:  2.305834 %) (delta_peak/R:  6.921538 %)
iter:   8000 (Jcost: 2.331961e-01) (lr = 5.004e-03) (elapsed time: 5787.385) (secs/iter:  0.680) (n_accepted: 84%) (u_error:  0.395205 %) (beta_change:  6.616297 %) (delta_change:  2.322640 %) (delta_peak/R:  6.918720 %)
-> Saved file: /media/rafael/DATA/Dropbox/20220924_FIML_solver/data/output/field_inversion/Beta_k__1__Beta_e__1/u_imp_1000/FI_run_Jimenez_Re950_u_imp_1000_k_imp_1_e_imp_1/FI_run_Jimenez_Re950_u_imp_1000_k_imp_1_e_imp_1_state_iter_8000.dat
iter:   8100 (Jcost: 2.331193e-01) (lr = 7.457e-04) (elapsed time: 5861.969) (secs/iter:  0.746) (n_accepted: 77%) (u_error:  0.395210 %) (beta_change:  6.653156 %) (delta_change:  2.333732 %) (delta_peak/R:  6.916982 %)
iter:   8200 (Jcost: 2.330344e-01) (lr = 1.111e-04) (elapsed time: 5908.660) (secs/iter:  0.467) (n_accepted: 77%) (u_error:  0.395160 %) (beta_change:  6.694704 %) (delta_change:  2.346150 %) (delta_peak/R:  6.914824 %)
iter:   8300 (Jcost: 2.329510e-01) (lr = 9.539e-05) (elapsed time: 5969.324) (secs/iter:  0.607) (n_accepted: 79%) (u_error:  0.395128 %) (beta_change:  6.735657 %) (delta_change:  2.358355 %) (delta_peak/R:  6.912690 %)
iter:   8400 (Jcost: 2.328535e-01) (lr = 3.412e-05) (elapsed time: 6039.268) (secs/iter:  0.699) (n_accepted: 78%) (u_error:  0.395086 %) (beta_change:  6.783825 %) (delta_change:  2.372648 %) (delta_peak/R:  6.910105 %)
iter:   8500 (Jcost: 2.327698e-01) (lr = 4.049e-04) (elapsed time: 6105.186) (secs/iter:  0.659) (n_accepted: 82%) (u_error:  0.395010 %) (beta_change:  6.825894 %) (delta_change:  2.385048 %) (delta_peak/R:  6.907686 %)
-> Saved file: /media/rafael/DATA/Dropbox/20220924_FIML_solver/data/output/field_inversion/Beta_k__1__Beta_e__1/u_imp_1000/FI_run_Jimenez_Re950_u_imp_1000_k_imp_1_e_imp_1/FI_run_Jimenez_Re950_u_imp_1000_k_imp_1_e_imp_1_state_iter_8500.dat
iter:   8600 (Jcost: 2.326874e-01) (lr = 2.002e-03) (elapsed time: 6180.443) (secs/iter:  0.753) (n_accepted: 81%) (u_error:  0.395034 %) (beta_change:  6.866630 %) (delta_change:  2.397077 %) (delta_peak/R:  6.905554 %)
iter:   8700 (Jcost: 2.326148e-01) (lr = 7.160e-04) (elapsed time: 6252.065) (secs/iter:  0.716) (n_accepted: 78%) (u_error:  0.394974 %) (beta_change:  6.909690 %) (delta_change:  2.407636 %) (delta_peak/R:  6.903405 %)
iter:   8800 (Jcost: 2.325456e-01) (lr = 2.561e-04) (elapsed time: 6324.031) (secs/iter:  0.720) (n_accepted: 78%) (u_error:  0.394953 %) (beta_change:  6.952099 %) (delta_change:  2.417777 %) (delta_peak/R:  6.901402 %)
iter:   8900 (Jcost: 2.324706e-01) (lr = 9.159e-05) (elapsed time: 6396.642) (secs/iter:  0.726) (n_accepted: 78%) (u_error:  0.394909 %) (beta_change:  6.998632 %) (delta_change:  2.428760 %) (delta_peak/R:  6.899125 %)
iter:   9000 (Jcost: 2.324054e-01) (lr = 1.087e-03) (elapsed time: 6467.958) (secs/iter:  0.713) (n_accepted: 82%) (u_error:  0.394884 %) (beta_change:  7.039318 %) (delta_change:  2.438292 %) (delta_peak/R:  6.897146 %)
-> Saved file: /media/rafael/DATA/Dropbox/20220924_FIML_solver/data/output/field_inversion/Beta_k__1__Beta_e__1/u_imp_1000/FI_run_Jimenez_Re950_u_imp_1000_k_imp_1_e_imp_1/FI_run_Jimenez_Re950_u_imp_1000_k_imp_1_e_imp_1_state_iter_9000.dat
iter:   9100 (Jcost: 2.323376e-01) (lr = 1.620e-04) (elapsed time: 6546.516) (secs/iter:  0.786) (n_accepted: 77%) (u_error:  0.394861 %) (beta_change:  7.082030 %) (delta_change:  2.448209 %) (delta_peak/R:  6.895055 %)
iter:   9200 (Jcost: 2.322656e-01) (lr = 5.793e-05) (elapsed time: 6619.740) (secs/iter:  0.732) (n_accepted: 78%) (u_error:  0.394829 %) (beta_change:  7.127838 %) (delta_change:  2.458725 %) (delta_peak/R:  6.892771 %)
iter:   9300 (Jcost: 2.321987e-01) (lr = 1.193e-04) (elapsed time: 6692.775) (secs/iter:  0.730) (n_accepted: 80%) (u_error:  0.394762 %) (beta_change:  7.171515 %) (delta_change:  2.468587 %) (delta_peak/R:  6.890480 %)
iter:   9400 (Jcost: 2.321265e-01) (lr = 3.399e-03) (elapsed time: 6764.081) (secs/iter:  0.713) (n_accepted: 83%) (u_error:  0.394771 %) (beta_change:  7.217439 %) (delta_change:  2.478979 %) (delta_peak/R:  6.888248 %)
iter:   9500 (Jcost: 2.320601e-01) (lr = 2.918e-03) (elapsed time: 6834.785) (secs/iter:  0.707) (n_accepted: 79%) (u_error:  0.394739 %) (beta_change:  7.260775 %) (delta_change:  2.488617 %) (delta_peak/R:  6.886023 %)
-> Saved file: /media/rafael/DATA/Dropbox/20220924_FIML_solver/data/output/field_inversion/Beta_k__1__Beta_e__1/u_imp_1000/FI_run_Jimenez_Re950_u_imp_1000_k_imp_1_e_imp_1/FI_run_Jimenez_Re950_u_imp_1000_k_imp_1_e_imp_1_state_iter_9500.dat
iter:   9600 (Jcost: 2.319916e-01) (lr = 4.348e-04) (elapsed time: 6896.331) (secs/iter:  0.615) (n_accepted: 77%) (u_error:  0.394706 %) (beta_change:  7.305920 %) (delta_change:  2.498554 %) (delta_peak/R:  6.883685 %)
iter:   9700 (Jcost: 2.319189e-01) (lr = 1.555e-04) (elapsed time: 6944.584) (secs/iter:  0.483) (n_accepted: 78%) (u_error:  0.394667 %) (beta_change:  7.354221 %) (delta_change:  2.509056 %) (delta_peak/R:  6.881154 %)
iter:   9800 (Jcost: 2.318523e-01) (lr = 5.562e-05) (elapsed time: 7009.281) (secs/iter:  0.647) (n_accepted: 78%) (u_error:  0.394647 %) (beta_change:  7.398718 %) (delta_change:  2.518647 %) (delta_peak/R:  6.878844 %)
iter:   9900 (Jcost: 2.317931e-01) (lr = 1.146e-04) (elapsed time: 7075.909) (secs/iter:  0.666) (n_accepted: 80%) (u_error:  0.394648 %) (beta_change:  7.438931 %) (delta_change:  2.527255 %) (delta_peak/R:  6.876792 %)
iter:  10000 (Jcost: 2.317294e-01) (lr = 2.361e-04) (elapsed time: 7145.260) (secs/iter:  0.694) (n_accepted: 80%) (u_error:  0.394563 %) (beta_change:  7.482760 %) (delta_change:  2.536396 %) (delta_peak/R:  6.874324 %)
-> Saved file: /media/rafael/DATA/Dropbox/20220924_FIML_solver/data/output/field_inversion/Beta_k__1__Beta_e__1/u_imp_1000/FI_run_Jimenez_Re950_u_imp_1000_k_imp_1_e_imp_1/FI_run_Jimenez_Re950_u_imp_1000_k_imp_1_e_imp_1_state_iter_10000.dat
iter:  10100 (Jcost: 2.316679e-01) (lr = 2.026e-04) (elapsed time: 7222.578) (secs/iter:  0.773) (n_accepted: 79%) (u_error:  0.394617 %) (beta_change:  7.525058 %) (delta_change:  2.545344 %) (delta_peak/R:  6.872269 %)
iter:  10200 (Jcost: 2.316119e-01) (lr = 4.175e-04) (elapsed time: 7288.660) (secs/iter:  0.661) (n_accepted: 80%) (u_error:  0.394552 %) (beta_change:  7.562666 %) (delta_change:  2.553036 %) (delta_peak/R:  6.870150 %)
iter:  10300 (Jcost: 2.315502e-01) (lr = 3.584e-04) (elapsed time: 7357.921) (secs/iter:  0.693) (n_accepted: 79%) (u_error:  0.394522 %) (beta_change:  7.605478 %) (delta_change:  2.561772 %) (delta_peak/R:  6.867837 %)
iter:  10400 (Jcost: 2.314912e-01) (lr = 3.076e-04) (elapsed time: 7409.178) (secs/iter:  0.513) (n_accepted: 79%) (u_error:  0.394498 %) (beta_change:  7.646716 %) (delta_change:  2.570100 %) (delta_peak/R:  6.865608 %)
iter:  10500 (Jcost: 2.314372e-01) (lr = 1.100e-04) (elapsed time: 7470.197) (secs/iter:  0.610) (n_accepted: 78%) (u_error:  0.394481 %) (beta_change:  7.684678 %) (delta_change:  2.577696 %) (delta_peak/R:  6.863564 %)
-> Saved file: /media/rafael/DATA/Dropbox/20220924_FIML_solver/data/output/field_inversion/Beta_k__1__Beta_e__1/u_imp_1000/FI_run_Jimenez_Re950_u_imp_1000_k_imp_1_e_imp_1/FI_run_Jimenez_Re950_u_imp_1000_k_imp_1_e_imp_1_state_iter_10500.dat
iter:  10600 (Jcost: 2.313565e-01) (lr = 9.445e-05) (elapsed time: 7538.786) (secs/iter:  0.686) (n_accepted: 79%) (u_error:  0.394414 %) (beta_change:  7.742620 %) (delta_change:  2.589081 %) (delta_peak/R:  6.860325 %)
iter:  10700 (Jcost: 2.312992e-01) (lr = 2.690e-03) (elapsed time: 7599.395) (secs/iter:  0.606) (n_accepted: 83%) (u_error:  0.394414 %) (beta_change:  7.782948 %) (delta_change:  2.596971 %) (delta_peak/R:  6.858177 %)
iter:  10800 (Jcost: 2.312447e-01) (lr = 9.620e-04) (elapsed time: 7666.955) (secs/iter:  0.676) (n_accepted: 78%) (u_error:  0.394394 %) (beta_change:  7.822097 %) (delta_change:  2.604514 %) (delta_peak/R:  6.856034 %)
iter:  10900 (Jcost: 2.311898e-01) (lr = 1.434e-04) (elapsed time: 7728.353) (secs/iter:  0.614) (n_accepted: 77%) (u_error:  0.394388 %) (beta_change:  7.861723 %) (delta_change:  2.612089 %) (delta_peak/R:  6.853895 %)
iter:  11000 (Jcost: 2.311358e-01) (lr = 1.231e-04) (elapsed time: 7788.617) (secs/iter:  0.603) (n_accepted: 79%) (u_error:  0.394368 %) (beta_change:  7.900945 %) (delta_change:  2.619481 %) (delta_peak/R:  6.851737 %)
-> Saved file: /media/rafael/DATA/Dropbox/20220924_FIML_solver/data/output/field_inversion/Beta_k__1__Beta_e__1/u_imp_1000/FI_run_Jimenez_Re950_u_imp_1000_k_imp_1_e_imp_1/FI_run_Jimenez_Re950_u_imp_1000_k_imp_1_e_imp_1_state_iter_11000.dat
iter:  11100 (Jcost: 2.310860e-01) (lr = 4.402e-05) (elapsed time: 7865.223) (secs/iter:  0.766) (n_accepted: 78%) (u_error:  0.394343 %) (beta_change:  7.937373 %) (delta_change:  2.626263 %) (delta_peak/R:  6.849713 %)
iter:  11200 (Jcost: 2.310244e-01) (lr = 3.009e-03) (elapsed time: 7932.329) (secs/iter:  0.671) (n_accepted: 84%) (u_error:  0.394349 %) (beta_change:  7.983242 %) (delta_change:  2.634765 %) (delta_peak/R:  6.847253 %)
iter:  11300 (Jcost: 2.309747e-01) (lr = 1.076e-03) (elapsed time: 8001.011) (secs/iter:  0.687) (n_accepted: 78%) (u_error:  0.394296 %) (beta_change:  8.019486 %) (delta_change:  2.641310 %) (delta_peak/R:  6.845160 %)
iter:  11400 (Jcost: 2.309273e-01) (lr = 1.604e-04) (elapsed time: 8070.591) (secs/iter:  0.696) (n_accepted: 77%) (u_error:  0.394283 %) (beta_change:  8.054698 %) (delta_change:  2.647663 %) (delta_peak/R:  6.843221 %)
iter:  11500 (Jcost: 2.308733e-01) (lr = 1.377e-04) (elapsed time: 8133.463) (secs/iter:  0.629) (n_accepted: 79%) (u_error:  0.394220 %) (beta_change:  8.096203 %) (delta_change:  2.654991 %) (delta_peak/R:  6.840813 %)
-> Saved file: /media/rafael/DATA/Dropbox/20220924_FIML_solver/data/output/field_inversion/Beta_k__1__Beta_e__1/u_imp_1000/FI_run_Jimenez_Re950_u_imp_1000_k_imp_1_e_imp_1/FI_run_Jimenez_Re950_u_imp_1000_k_imp_1_e_imp_1_state_iter_11500.dat
iter:  11600 (Jcost: 2.308145e-01) (lr = 3.920e-03) (elapsed time: 8203.367) (secs/iter:  0.699) (n_accepted: 83%) (u_error:  0.394251 %) (beta_change:  8.139310 %) (delta_change:  2.662660 %) (delta_peak/R:  6.838550 %)
iter:  11700 (Jcost: 2.307756e-01) (lr = 1.402e-03) (elapsed time: 8272.447) (secs/iter:  0.691) (n_accepted: 78%) (u_error:  0.394226 %) (beta_change:  8.168620 %) (delta_change:  2.667742 %) (delta_peak/R:  6.836894 %)
iter:  11800 (Jcost: 2.307180e-01) (lr = 8.707e-05) (elapsed time: 8319.370) (secs/iter:  0.469) (n_accepted: 76%) (u_error:  0.394211 %) (beta_change:  8.212360 %) (delta_change:  2.675284 %) (delta_peak/R:  6.834479 %)
iter:  11900 (Jcost: 2.306606e-01) (lr = 5.951e-03) (elapsed time: 8382.896) (secs/iter:  0.635) (n_accepted: 84%) (u_error:  0.394157 %) (beta_change:  8.256653 %) (delta_change:  2.682754 %) (delta_peak/R:  6.831935 %)
iter:  12000 (Jcost: 2.306187e-01) (lr = 2.129e-03) (elapsed time: 8450.624) (secs/iter:  0.677) (n_accepted: 78%) (u_error:  0.394180 %) (beta_change:  8.288404 %) (delta_change:  2.688141 %) (delta_peak/R:  6.830265 %)
-> Saved file: /media/rafael/DATA/Dropbox/20220924_FIML_solver/data/output/field_inversion/Beta_k__1__Beta_e__1/u_imp_1000/FI_run_Jimenez_Re950_u_imp_1000_k_imp_1_e_imp_1/FI_run_Jimenez_Re950_u_imp_1000_k_imp_1_e_imp_1_state_iter_12000.dat
iter:  12100 (Jcost: 2.305890e-01) (lr = 1.827e-03) (elapsed time: 8515.665) (secs/iter:  0.650) (n_accepted: 79%) (u_error:  0.394144 %) (beta_change:  8.311219 %) (delta_change:  2.691895 %) (delta_peak/R:  6.828934 %)
iter:  12200 (Jcost: 2.305439e-01) (lr = 1.135e-04) (elapsed time: 8582.398) (secs/iter:  0.667) (n_accepted: 76%) (u_error:  0.394145 %) (beta_change:  8.345968 %) (delta_change:  2.697653 %) (delta_peak/R:  6.827046 %)
iter:  12300 (Jcost: 2.304995e-01) (lr = 4.058e-05) (elapsed time: 8643.864) (secs/iter:  0.615) (n_accepted: 78%) (u_error:  0.394122 %) (beta_change:  8.380333 %) (delta_change:  2.703244 %) (delta_peak/R:  6.825121 %)
iter:  12400 (Jcost: 2.304579e-01) (lr = 2.006e-04) (elapsed time: 8705.569) (secs/iter:  0.617) (n_accepted: 81%) (u_error:  0.394136 %) (beta_change:  8.413170 %) (delta_change:  2.708585 %) (delta_peak/R:  6.823372 %)
iter:  12500 (Jcost: 2.304096e-01) (lr = 2.381e-03) (elapsed time: 8769.652) (secs/iter:  0.641) (n_accepted: 82%) (u_error:  0.394101 %) (beta_change:  8.450434 %) (delta_change:  2.714500 %) (delta_peak/R:  6.821261 %)
-> Saved file: /media/rafael/DATA/Dropbox/20220924_FIML_solver/data/output/field_inversion/Beta_k__1__Beta_e__1/u_imp_1000/FI_run_Jimenez_Re950_u_imp_1000_k_imp_1_e_imp_1/FI_run_Jimenez_Re950_u_imp_1000_k_imp_1_e_imp_1_state_iter_12500.dat
iter:  12600 (Jcost: 2.303693e-01) (lr = 8.516e-04) (elapsed time: 8844.435) (secs/iter:  0.748) (n_accepted: 78%) (u_error:  0.394072 %) (beta_change:  8.482053 %) (delta_change:  2.719463 %) (delta_peak/R:  6.819474 %)
iter:  12700 (Jcost: 2.303296e-01) (lr = 1.754e-03) (elapsed time: 8912.697) (secs/iter:  0.683) (n_accepted: 80%) (u_error:  0.394034 %) (beta_change:  8.513957 %) (delta_change:  2.724404 %) (delta_peak/R:  6.817650 %)
iter:  12800 (Jcost: 2.302856e-01) (lr = 3.614e-03) (elapsed time: 8981.589) (secs/iter:  0.689) (n_accepted: 80%) (u_error:  0.394036 %) (beta_change:  8.548172 %) (delta_change:  2.729710 %) (delta_peak/R:  6.815802 %)
iter:  12900 (Jcost: 2.302432e-01) (lr = 1.293e-03) (elapsed time: 9048.959) (secs/iter:  0.674) (n_accepted: 78%) (u_error:  0.394039 %) (beta_change:  8.581634 %) (delta_change:  2.734843 %) (delta_peak/R:  6.814001 %)
iter:  13000 (Jcost: 2.302041e-01) (lr = 1.926e-04) (elapsed time: 9117.813) (secs/iter:  0.689) (n_accepted: 77%) (u_error:  0.394023 %) (beta_change:  8.612751 %) (delta_change:  2.739535 %) (delta_peak/R:  6.812281 %)
-> Saved file: /media/rafael/DATA/Dropbox/20220924_FIML_solver/data/output/field_inversion/Beta_k__1__Beta_e__1/u_imp_1000/FI_run_Jimenez_Re950_u_imp_1000_k_imp_1_e_imp_1/FI_run_Jimenez_Re950_u_imp_1000_k_imp_1_e_imp_1_state_iter_13000.dat
iter:  13100 (Jcost: 2.301593e-01) (lr = 1.654e-04) (elapsed time: 9190.849) (secs/iter:  0.730) (n_accepted: 79%) (u_error:  0.394010 %) (beta_change:  8.648473 %) (delta_change:  2.744867 %) (delta_peak/R:  6.810321 %)
iter:  13200 (Jcost: 2.301146e-01) (lr = 5.915e-05) (elapsed time: 9261.103) (secs/iter:  0.703) (n_accepted: 78%) (u_error:  0.393973 %) (beta_change:  8.684554 %) (delta_change:  2.750150 %) (delta_peak/R:  6.808290 %)
iter:  13300 (Jcost: 2.300734e-01) (lr = 1.684e-03) (elapsed time: 9327.857) (secs/iter:  0.668) (n_accepted: 83%) (u_error:  0.393979 %) (beta_change:  8.717412 %) (delta_change:  2.754964 %) (delta_peak/R:  6.806539 %)
iter:  13400 (Jcost: 2.300339e-01) (lr = 6.025e-04) (elapsed time: 9399.257) (secs/iter:  0.714) (n_accepted: 78%) (u_error:  0.393973 %) (beta_change:  8.749213 %) (delta_change:  2.759552 %) (delta_peak/R:  6.804821 %)
iter:  13500 (Jcost: 2.299944e-01) (lr = 8.979e-05) (elapsed time: 9468.211) (secs/iter:  0.690) (n_accepted: 77%) (u_error:  0.393947 %) (beta_change:  8.781158 %) (delta_change:  2.764079 %) (delta_peak/R:  6.803049 %)
-> Saved file: /media/rafael/DATA/Dropbox/20220924_FIML_solver/data/output/field_inversion/Beta_k__1__Beta_e__1/u_imp_1000/FI_run_Jimenez_Re950_u_imp_1000_k_imp_1_e_imp_1/FI_run_Jimenez_Re950_u_imp_1000_k_imp_1_e_imp_1_state_iter_13500.dat
iter:  13600 (Jcost: 2.299676e-01) (lr = 7.707e-05) (elapsed time: 9542.598) (secs/iter:  0.744) (n_accepted: 79%) (u_error:  0.393948 %) (beta_change:  8.802867 %) (delta_change:  2.767152 %) (delta_peak/R:  6.801893 %)
iter:  13700 (Jcost: 2.299214e-01) (lr = 6.616e-05) (elapsed time: 9609.515) (secs/iter:  0.669) (n_accepted: 79%) (u_error:  0.393929 %) (beta_change:  8.840463 %) (delta_change:  2.772389 %) (delta_peak/R:  6.799844 %)
iter:  13800 (Jcost: 2.298810e-01) (lr = 1.884e-03) (elapsed time: 9672.133) (secs/iter:  0.626) (n_accepted: 83%) (u_error:  0.393894 %) (beta_change:  8.873748 %) (delta_change:  2.776937 %) (delta_peak/R:  6.797990 %)
iter:  13900 (Jcost: 2.298416e-01) (lr = 1.617e-03) (elapsed time: 9740.397) (secs/iter:  0.683) (n_accepted: 79%) (u_error:  0.393932 %) (beta_change:  8.906128 %) (delta_change:  2.781417 %) (delta_peak/R:  6.796368 %)
iter:  14000 (Jcost: 2.298028e-01) (lr = 1.388e-03) (elapsed time: 9805.122) (secs/iter:  0.647) (n_accepted: 79%) (u_error:  0.393903 %) (beta_change:  8.937460 %) (delta_change:  2.785602 %) (delta_peak/R:  6.794642 %)
-> Saved file: /media/rafael/DATA/Dropbox/20220924_FIML_solver/data/output/field_inversion/Beta_k__1__Beta_e__1/u_imp_1000/FI_run_Jimenez_Re950_u_imp_1000_k_imp_1_e_imp_1/FI_run_Jimenez_Re950_u_imp_1000_k_imp_1_e_imp_1_state_iter_14000.dat
iter:  14100 (Jcost: 2.297626e-01) (lr = 4.966e-04) (elapsed time: 9878.641) (secs/iter:  0.735) (n_accepted: 78%) (u_error:  0.393886 %) (beta_change:  8.970462 %) (delta_change:  2.789978 %) (delta_peak/R:  6.792862 %)
iter:  14200 (Jcost: 2.297273e-01) (lr = 1.776e-04) (elapsed time: 9945.872) (secs/iter:  0.672) (n_accepted: 78%) (u_error:  0.393870 %) (beta_change:  8.999537 %) (delta_change:  2.793785 %) (delta_peak/R:  6.791296 %)
iter:  14300 (Jcost: 2.296865e-01) (lr = 6.352e-05) (elapsed time: 10008.544) (secs/iter:  0.627) (n_accepted: 78%) (u_error:  0.393862 %) (beta_change:  9.033278 %) (delta_change:  2.798168 %) (delta_peak/R:  6.789512 %)
iter:  14400 (Jcost: 2.296614e-01) (lr = 3.141e-04) (elapsed time: 10066.763) (secs/iter:  0.582) (n_accepted: 81%) (u_error:  0.393858 %) (beta_change:  9.054086 %) (delta_change:  2.800842 %) (delta_peak/R:  6.788415 %)
iter:  14500 (Jcost: 2.296239e-01) (lr = 2.696e-04) (elapsed time: 10131.473) (secs/iter:  0.647) (n_accepted: 79%) (u_error:  0.393838 %) (beta_change:  9.085188 %) (delta_change:  2.804779 %) (delta_peak/R:  6.786748 %)
-> Saved file: /media/rafael/DATA/Dropbox/20220924_FIML_solver/data/output/field_inversion/Beta_k__1__Beta_e__1/u_imp_1000/FI_run_Jimenez_Re950_u_imp_1000_k_imp_1_e_imp_1/FI_run_Jimenez_Re950_u_imp_1000_k_imp_1_e_imp_1_state_iter_14500.dat
iter:  14600 (Jcost: 2.295769e-01) (lr = 4.018e-05) (elapsed time: 10202.336) (secs/iter:  0.709) (n_accepted: 77%) (u_error:  0.393827 %) (beta_change:  9.124341 %) (delta_change:  2.809690 %) (delta_peak/R:  6.784690 %)
iter:  14700 (Jcost: 2.295515e-01) (lr = 4.768e-04) (elapsed time: 10270.070) (secs/iter:  0.677) (n_accepted: 82%) (u_error:  0.393813 %) (beta_change:  9.145526 %) (delta_change:  2.812302 %) (delta_peak/R:  6.783561 %)
iter:  14800 (Jcost: 2.295176e-01) (lr = 7.105e-05) (elapsed time: 10338.975) (secs/iter:  0.689) (n_accepted: 77%) (u_error:  0.393809 %) (beta_change:  9.173835 %) (delta_change:  2.815781 %) (delta_peak/R:  6.782094 %)
iter:  14900 (Jcost: 2.294839e-01) (lr = 6.099e-05) (elapsed time: 10409.822) (secs/iter:  0.708) (n_accepted: 79%) (u_error:  0.393776 %) (beta_change:  9.202383 %) (delta_change:  2.819206 %) (delta_peak/R:  6.780547 %)
iter:  15000 (Jcost: 2.294396e-01) (lr = 4.169e-03) (elapsed time: 10472.864) (secs/iter:  0.630) (n_accepted: 84%) (u_error:  0.393776 %) (beta_change:  9.239320 %) (delta_change:  2.823644 %) (delta_peak/R:  6.778658 %)
-> Saved file: /media/rafael/DATA/Dropbox/20220924_FIML_solver/data/output/field_inversion/Beta_k__1__Beta_e__1/u_imp_1000/FI_run_Jimenez_Re950_u_imp_1000_k_imp_1_e_imp_1/FI_run_Jimenez_Re950_u_imp_1000_k_imp_1_e_imp_1_state_iter_15000.dat
iter:  15000 (Jcost: 2.294379e-01) (lr = 5.003e-03) (elapsed time: 10478.771) (secs/iter:   None) (n_accepted: 0%) (u_error:  0.393816 %) (beta_change:  9.241474 %) (delta_change:  2.823960 %) (delta_peak/R:  6.778645 %)
