# ------------------------------------------------------------------------
#                  Input Arguments
# ------------------------------------------------------------------------
# Begin_Input_Arguments
{ 'all_b_mode': ['Beta_k', 'Beta_e'],
  'args_mk_solver': { 'torch': "<module 'torch' from "
                               "'/home/rafael/anaconda3/lib/python3.9/site-packages/torch/__init__.py'>",
                      'y_grid': [0.0, 0.000309700312, 0.000638645973, 0.00098802599, 0.00135910194, 0.00175321227, 0.00217177688, 0.00261630193, 0.00308838486, 0.00358971984, 0.00412210331, 0.00468744001, 0.00528774917, 0.00592517114, 0.00660197432, 0.0073205624, 0.00808348206, 0.00889343092, 0.00975326602, 0.0106660126, 0.0116348733, 0.0126632377, 0.0137546927, 0.0149130326, 0.0161422702, 0.0174466482, 0.0188306506, 0.0202990157, 0.0218567475, 0.02350913, 0.0252617393, 0.0271204584, 0.0290914903, 0.0311813732, 0.033396994, 0.0357456039, 0.0382348325, 0.0408727029, 0.0436676462, 0.0466285159, 0.0497646022, 0.0530856456, 0.0566018496, 0.0603238931, 0.0642629411, 0.068430655, 0.0728392004, 0.0775012535, 0.0824300053, 0.0876391634, 0.0931429507, 0.0989561006, 0.105093849, 0.111571922, 0.118406518, 0.125614286, 0.133212296, 0.141218006, 0.14964922, 0.158524039, 0.167860801, 0.177678022, 0.187994313, 0.1988283, 0.21019853, 0.222123362, 0.234620856, 0.247708641, 0.261403784, 0.275722637, 0.290680679, 0.306292354, 0.322570888, 0.339528108, 0.357174255, 0.375517785, 0.394565175, 0.414320726, 0.43478637, 0.45596148, 0.47784269, 0.500423731, 0.523695275, 0.547644806, 0.572256506, 0.597511177, 0.623386184, 0.649855436, 0.676889401, 0.704455158, 0.73251649, 0.761034018, 0.789965372, 0.819265404, 0.848886442, 0.878778572, 0.908889961, 0.939167201, 0.969555687, 1.0],
                      'Ret': 150,
                      'cp': 1.0,
                      'A_sca_rho': 1.0,
                      'A_sca_mu': 0.006666666666666667,
                      'A_sca_k': 0.006666666666666667,
                      'b_exp_rho': 0,
                      'b_exp_mu': 0,
                      'b_exp_k': 0,
                      'tensor_device': 'cpu',
                      'as_tensor': '<function '
                                   'Build_arguments_fi_run._mk_args_MK_solver.<locals>.<lambda> '
                                   'at 0x7f13af693670>',
                      'ref_dns': { 'u_dns': [4.296878958697117e-19, 0.029949272665501386, 0.06282222825776221, 0.0988983209506921, 0.13847910049738718, 0.18188894821051632, 0.22947494014502692, 0.2816068886657184, 0.3386758308250842, 0.4010923777947366, 0.4692835832518019, 0.5436881693332624, 0.624750699236418, 0.712912330581668, 0.8085996367022686, 0.9122091831867601, 1.0240879888638192, 1.1445085070385916, 1.2736364750143363, 1.411490621512465, 1.557892722247019, 1.7124402720922476, 1.8751343434543337, 2.0465309380062084, 2.227298772335375, 2.4182239162233214, 2.6201140407562376, 2.8334426175195597, 3.0585587389654547, 3.2957473719999997, 3.5452673005196953, 3.8073875951176372, 4.08230483359167, 4.37001942032991, 4.670120093, 4.981869122873774, 5.304709800920803, 5.638631505495788, 5.9835127833421335, 6.338326873209518, 6.70140276872227, 7.07087126845921, 7.4446760814785184, 7.8218040208973765, 8.202295131418309, 8.58351498, 8.960875338069464, 9.332976886462287, 9.699535013520057, 10.059388116597411, 10.411022171596208, 10.752802397474598, 11.08329614, 11.401375179999997, 11.706365330000004, 11.998033049999998, 12.276349750000001, 12.54187129, 12.794573130000003, 13.034207710000004, 13.260926570000002, 13.475364100000002, 13.679001350000002, 13.873053920000002, 14.05766449, 14.233339860000001, 14.400674149999999, 14.560375540000004, 14.71374346, 14.862253729999995, 15.006371599999998, 15.146612399999999, 15.283688860000002, 15.417844269999998, 15.549294880000003, 15.678470889999996, 15.805755909999998, 15.931244150000001, 16.055119969999996, 16.17762676, 16.298729979999997, 16.418350149999995, 16.53647512, 16.65299599, 16.767458700000006, 16.87934948, 16.98814928, 17.0933673, 17.19453936, 17.291216400000003, 17.38291717, 17.46873718000001, 17.547535, 17.618146449999998, 17.67940145, 17.730249549999996, 17.770185100000003, 17.798920089999996, 17.816245580000004, 17.82203489000001],
                                   'T_dns': [1.0000000000000004, 1.0000000000000002, 1.0, 1.0000000000000002, 1.0, 1.0000000000000004, 1.0, 1.0000000000000002, 1.0, 0.9999999999999998, 1.0, 1.0000000000000002, 0.9999999999999998, 1.0000000000000004, 1.0, 1.0000000000000002, 1.0000000000000002, 1.0, 1.0, 1.0000000000000002, 1.0, 1.0, 0.9999999999999998, 1.0, 0.9999999999999999, 1.0000000000000004, 0.9999999999999998, 0.9999999999999998, 0.9999999999999999, 1.0, 1.0, 1.0000000000000004, 0.9999999999999998, 1.0000000000000002, 1.0, 1.0, 1.0, 1.0, 1.0, 1.0, 0.9999999999999996, 0.9999999999999999, 1.0, 1.0, 1.0, 1.0, 0.9999999999999998, 1.0000000000000004, 1.0000000000000002, 0.9999999999999999, 1.0, 0.9999999999999999, 0.9999999999999998, 0.9999999999999999, 1.0, 1.0, 1.0000000000000002, 0.9999999999999998, 1.0000000000000002, 1.0000000000000002, 1.0000000000000002, 1.0, 1.0, 1.0, 1.0, 1.0000000000000002, 0.9999999999999999, 1.0, 1.0, 0.9999999999999998, 0.9999999999999998, 0.9999999999999998, 1.0, 1.0, 1.0, 1.0, 1.0, 1.0, 1.0, 0.9999999999999999, 0.9999999999999999, 0.9999999999999999, 1.0, 1.0, 1.0000000000000002, 1.0000000000000002, 1.0, 1.0, 1.0000000000000004, 1.0000000000000002, 1.0, 1.0000000000000002, 0.9999999999999998, 1.0000000000000002, 0.9999999999999998, 1.0, 1.0, 1.0, 1.0, 1.0],
                                   'mu_dns': [0.006666666666666667, 0.006666666666666667, 0.006666666666666667, 0.006666666666666667, 0.006666666666666667, 0.006666666666666667, 0.006666666666666667, 0.006666666666666667, 0.006666666666666667, 0.006666666666666667, 0.006666666666666667, 0.006666666666666667, 0.006666666666666667, 0.006666666666666667, 0.006666666666666667, 0.006666666666666667, 0.006666666666666667, 0.006666666666666667, 0.006666666666666667, 0.006666666666666667, 0.006666666666666667, 0.006666666666666667, 0.006666666666666667, 0.006666666666666667, 0.006666666666666667, 0.006666666666666667, 0.006666666666666667, 0.006666666666666667, 0.006666666666666667, 0.006666666666666667, 0.006666666666666667, 0.006666666666666667, 0.006666666666666667, 0.006666666666666667, 0.006666666666666667, 0.006666666666666667, 0.006666666666666667, 0.006666666666666667, 0.006666666666666667, 0.006666666666666667, 0.006666666666666667, 0.006666666666666667, 0.006666666666666667, 0.006666666666666667, 0.006666666666666667, 0.006666666666666667, 0.006666666666666667, 0.006666666666666667, 0.006666666666666667, 0.006666666666666667, 0.006666666666666667, 0.006666666666666667, 0.006666666666666667, 0.006666666666666667, 0.006666666666666667, 0.006666666666666667, 0.006666666666666667, 0.006666666666666667, 0.006666666666666667, 0.006666666666666667, 0.006666666666666667, 0.006666666666666667, 0.006666666666666667, 0.006666666666666667, 0.006666666666666667, 0.006666666666666667, 0.006666666666666667, 0.006666666666666667, 0.006666666666666667, 0.006666666666666667, 0.006666666666666667, 0.006666666666666667, 0.006666666666666667, 0.006666666666666667, 0.006666666666666667, 0.006666666666666667, 0.006666666666666667, 0.006666666666666667, 0.006666666666666667, 0.006666666666666667, 0.006666666666666667, 0.006666666666666667, 0.006666666666666667, 0.006666666666666667, 0.006666666666666667, 0.006666666666666667, 0.006666666666666667, 0.006666666666666667, 0.006666666666666667, 0.006666666666666667, 0.006666666666666667, 0.006666666666666667, 0.006666666666666667, 0.006666666666666667, 0.006666666666666667, 0.006666666666666667, 0.006666666666666667, 0.006666666666666667, 0.006666666666666667, 0.006666666666666667],
                                   'rho_dns': [1.0, 1.0, 1.0, 1.0, 1.0, 1.0, 1.0, 1.0, 1.0, 1.0, 1.0, 1.0, 1.0, 1.0, 1.0, 1.0, 1.0, 1.0, 1.0, 1.0, 1.0, 1.0, 1.0, 1.0, 1.0, 1.0, 1.0, 1.0, 1.0, 1.0, 1.0, 1.0, 1.0, 1.0, 1.0, 1.0, 1.0, 1.0, 1.0, 1.0, 1.0, 1.0, 1.0, 1.0, 1.0, 1.0, 1.0, 1.0, 1.0, 1.0, 1.0, 1.0, 1.0, 1.0, 1.0, 1.0, 1.0, 1.0, 1.0, 1.0, 1.0, 1.0, 1.0, 1.0, 1.0, 1.0, 1.0, 1.0, 1.0, 1.0, 1.0, 1.0, 1.0, 1.0, 1.0, 1.0, 1.0, 1.0, 1.0, 1.0, 1.0, 1.0, 1.0, 1.0, 1.0, 1.0, 1.0, 1.0, 1.0, 1.0, 1.0, 1.0, 1.0, 1.0, 1.0, 1.0, 1.0, 1.0, 1.0, 1.0]},
                      'case': 'T31_CP150',
                      'constant_Sq_heat': 0.0,
                      'use_visc_heating': False,
                      'Pr_turb': 1.0,
                      'fprint': '<function '
                                'Build_arguments_fi_run._mk_args_MK_solver.<locals>.<lambda> '
                                'at 0x7f13af693280>',
                      'compressible_correction': False,
                      'bool_solve_energy': False,
                      'output_last': False},
  'u_imp': 1000,
  'k_imp': 1,
  'e_imp': 1,
  'solve_sparse_adj': True,
  'all_ref_beta_distrib': {'K': [1.0, 1.00016226, 1.00031619, 1.00045653, 1.00057977, 1.0006816, 1.00075646, 1.00079728, 1.0007953, 1.00073985, 1.00061796, 1.00041403, 1.00010939, 0.99968172, 0.99910445, 0.998346, 0.99736902, 0.99612943, 0.99457551, 0.99264695, 0.990274, 0.98737697, 0.9838661, 0.97964229, 0.97459906, 0.96862634, 0.96161681, 0.95347582, 0.94413567, 0.93357484, 0.92184221, 0.90908494, 0.89557724, 0.88174559, 0.86818563, 0.85566588, 0.84511401, 0.83757759, 0.83414757, 0.83583757, 0.84343351, 0.85734922, 0.87752342, 0.90337467, 0.93381962, 0.96736099, 1.00222879, 1.03652383, 1.068342, 1.09589693, 1.11764445, 1.13239891, 1.13942967, 1.13852214, 1.12998769, 1.11461289, 1.09355572, 1.06820817, 1.04005647, 1.01055998, 0.98105583, 0.95269182, 0.92639514, 0.90287099, 0.88262599, 0.86599736, 0.85317647, 0.84423001, 0.83911606, 0.83770037, 0.83977452, 0.84507213, 0.85328101, 0.86405222, 0.87700728, 0.89174294, 0.90783492, 0.92484301, 0.94231686, 0.95980292, 0.97685374, 0.99303944, 1.00796118, 1.021266, 1.03266392, 1.04194387, 1.04898726, 1.0537769, 1.05640099, 1.05705081, 1.05601142, 1.05364464, 1.0503637, 1.04660003, 1.04276669, 1.03922542, 1.03626378, 1.03408772, 1.03282884, 1.01621401], 'E': [1.0, 1.00003525, 1.00010258, 1.00018892, 1.00029362, 1.00041839, 1.00056595, 1.00073977, 1.00094407, 1.00118391, 1.00146533, 1.00179553, 1.00218311, 1.00263832, 1.00317339, 1.00380292, 1.0045443, 1.00541822, 1.00644922, 1.00766627, 1.00910338, 1.01080017, 1.01280238, 1.01516216, 1.01793822, 1.02119564, 1.02500547, 1.02944416, 1.03459276, 1.04053524, 1.04735268, 1.05510514, 1.0637856, 1.07323222, 1.08301637, 1.09238746, 1.10036801, 1.10596948, 1.10836965, 1.10693812, 1.10115707, 1.09060806, 1.07509564, 1.05478912, 1.03029313, 1.00264927, 0.97328978, 0.94397551, 0.91672488, 0.89370101, 0.87702136, 0.86847546, 0.86918463, 0.879308, 0.89793408, 0.92324052, 0.95287414, 0.98440158, 1.015671, 1.04500889, 1.07126584, 1.09376588, 1.11220725, 1.12655427, 1.13693855, 1.14358616, 1.14677321, 1.14679924, 1.14397461, 1.13861273, 1.13102374, 1.12151096, 1.110371, 1.09789592, 1.08437595, 1.07010329, 1.05537562, 1.04049742, 1.02577961, 1.01153716, 0.99808341, 0.98572144, 0.97473242, 0.96536162, 0.9578018, 0.95217708, 0.94852932, 0.94680936, 0.94687427, 0.94849204, 0.95135457, 0.95509863, 0.9593345, 0.96367985, 0.96779308, 0.97139922, 0.97430226, 0.97638102, 0.97757129, 0.98896666]},
  'all_ref_delta_distrib': {'K': [-0.0, -0.0017364475417348752, -0.00339094222442714, -0.00490797078798752, -0.006250513426421376, -0.007372450019904648, -0.008213241650296358, -0.008694422170209723, -0.008716652499852595, -0.00815594114710385, -0.006857449327677515, -0.004629198688833687, -0.0012335742451982533, 0.0036240695666320466, 0.010308796599985121, 0.019273598995780516, 0.031079896710411406, 0.04642417266479211, 0.06616884521636106, 0.09137949511710015, 0.12336789648108017, 0.16373862228783612, 0.21443925082061446, 0.27780710935011604, 0.3566046549577631, 0.4540289956932412, 0.5736740054766364, 0.7194115761518116, 0.8951529400492431, 1.1044457435897626, 1.349867068497962, 1.6322012578437033, 1.949436493554466, 2.2956729050841322, 2.6600580191902976, 3.0258557525055165, 3.3697608264207073, 3.6618282104204263, 3.8667923605067025, 3.947523824111056, 3.8704514317631276, 3.6117276331994623, 3.162632512978225, 2.5331169865979954, 1.7527740441749184, 0.8687175734430708, -0.059279328889736485, -0.9648627694052425, -1.7815285714117175, -2.449528285918462, -2.922801532497578, -3.1748336922988045, -3.2021191257727666, -3.024041499956866, -2.678764308604085, -2.2159586008497434, -1.6883543796774498, -1.144294782803162, -0.6228639313135713, -0.15189417247149853, 0.25177780017497153, 0.5806947483643244, 0.8344997248433537, 1.0176209097312274, 1.1372453136330472, 1.2018313989658571, 1.2201592978766942, 1.2007425578065685, 1.1515111915901408, 1.0796381565620852, 0.9914496581970222, 0.8924120882202367, 0.7871768454575718, 0.6796525704407442, 0.5730843783618667, 0.4701357895942737, 0.37296207349655525, 0.2832652598114909, 0.20233729945179627, 0.13109233161073278, 0.07008744977017313, 0.019537291200288815, -0.020672984706353946, -0.05097114308510002, -0.07207704533474416, -0.08496704889049161, -0.09082287334170835, -0.09096434427161483, -0.08677204043950648, -0.07960505187470052, -0.07072167514968931, -0.0612110051121183, -0.05194271279513989, -0.043541115490743014, -0.03638878745890889, -0.030659455938290364, -0.026372664653147457, -0.02345898312592603, -0.021822310545450852, -0.010651016245580328], 'E': [-0.0, -0.003145385151771419, -0.012250713495740827, -0.025346486589840282, -0.04187590282697105, -0.06188813026889179, -0.08570334576723455, -0.11381723989351394, -0.14688122834657838, -0.1857122100001701, -0.23131855157304626, -0.2849386252159561, -0.34809501820689825, -0.42265762927810047, -0.5109286605781498, -0.6157492633160062, -0.7406267904704317, -0.8898972839808608, -1.068921706058495, -1.2843226210293777, -1.544272527249052, -1.858837793329152, -2.240397723899527, -2.70414846992806, -3.26876911908742, -3.9573293657170456, -4.798662374093149, -5.829541086855161, -7.098100460955436, -8.668745092518167, -10.627335762517161, -13.081352540008123, -16.141450595259922, -19.86347137888689, -24.14494153751065, -28.636093618821853, -32.79102397354003, -36.079500501849964, -38.14276374124801, -38.72903538834425, -37.56911798749824, -34.383504018514685, -28.989050122484095, -21.401947804031078, -11.899290922440391, -1.0387647660452404, 10.364097159047947, 21.29797436633091, 30.66111936395264, 37.41979947084117, 40.809518574104025, 40.53292489891089, 36.87633502125458, 30.668604867986815, 23.06741561116397, 15.252283435831513, 8.156674667554476, 2.335649850879779, -2.020920185689998, -4.987237037516139, -6.781554968343212, -7.670005629677916, -7.906482214978915, -7.704043023293455, -7.2270759050994755, -6.595020012421857, -5.890768876957735, -5.169538709451436, -4.466622058705547, -3.803387737831592, -3.1916793280492497, -2.637001757954868, -2.140805687804742, -1.7020684651296896, -1.318348356749411, -0.9864821666156017, -0.7030166146579863, -0.4644391709595906, -0.26728649370270546, -0.1081719968043849, 0.016245531865862178, 0.10931936798446133, 0.17447822294908122, 0.21527446629370142, 0.23540778303688237, 0.23869868916186168, 0.22900834195007244, 0.210109830130798, 0.18553076478350694, 0.15839007298838964, 0.13125608625542684, 0.10605259267230695, 0.08402913336433743, 0.06580319642117646, 0.051469947817141294, 0.04075843292581643, 0.0332030504330244, 0.028299192458777753, 0.02562160206098883, 0.012398391852048319]},
  'fname_print': '/media/rafael/DATA/Dropbox/20220924_FIML_solver/data/output/field_inversion/Beta_k__1__Beta_e__1/u_imp_1000/FI_run_T31_CP150_u_imp_1000_k_imp_1_e_imp_1/FI_run_T31_CP150_u_imp_1000_k_imp_1_e_imp_1.log',
  'folder': '/media/rafael/DATA/Dropbox/20220924_FIML_solver/data/output/field_inversion/Beta_k__1__Beta_e__1/u_imp_1000/FI_run_T31_CP150_u_imp_1000_k_imp_1_e_imp_1',
  'iters_limit': 15000}
# End_Input_Arguments

# ------------------------------------------------------------------------
#                  Iterations
# ------------------------------------------------------------------------

iter:      0 (Jcost: 1.666466e+01) (lr = 1.000e-03) (elapsed time:  0.001) (secs/iter:   None) (n_accepted: 0%) (u_error:  2.921810 %) (beta_change: 15.632584 %) (delta_change: 10.285768 %) (delta_peak/R:  0.000000 %)
-> Saved file: /media/rafael/DATA/Dropbox/20220924_FIML_solver/data/output/field_inversion/Beta_k__1__Beta_e__1/u_imp_1000/FI_run_T31_CP150_u_imp_1000_k_imp_1_e_imp_1/FI_run_T31_CP150_u_imp_1000_k_imp_1_e_imp_1_state_iter_0.dat
iter:    100 (Jcost: 4.658961e+00) (lr = 1.242e-04) (elapsed time: 143.904) (secs/iter:  1.439) (n_accepted: 77%) (u_error:  1.090739 %) (beta_change: 11.450024 %) (delta_change:  8.444653 %) (delta_peak/R:  3.850951 %)
iter:    200 (Jcost: 4.131685e+00) (lr = 1.066e-04) (elapsed time: 310.865) (secs/iter:  1.670) (n_accepted: 79%) (u_error:  1.051418 %) (beta_change:  7.998869 %) (delta_change:  5.782129 %) (delta_peak/R:  5.583354 %)
iter:    300 (Jcost: 3.935840e+00) (lr = 1.265e-03) (elapsed time: 474.883) (secs/iter:  1.640) (n_accepted: 82%) (u_error:  1.051755 %) (beta_change:  6.484050 %) (delta_change:  4.641496 %) (delta_peak/R:  6.419509 %)
iter:    400 (Jcost: 3.766362e+00) (lr = 7.855e-05) (elapsed time: 639.027) (secs/iter:  1.641) (n_accepted: 76%) (u_error:  1.052207 %) (beta_change:  4.853586 %) (delta_change:  3.423356 %) (delta_peak/R:  7.303965 %)
iter:    500 (Jcost: 3.667141e+00) (lr = 1.618e-04) (elapsed time: 797.147) (secs/iter:  1.581) (n_accepted: 80%) (u_error:  1.052601 %) (beta_change:  3.610211 %) (delta_change:  2.523249 %) (delta_peak/R:  8.167387 %)
-> Saved file: /media/rafael/DATA/Dropbox/20220924_FIML_solver/data/output/field_inversion/Beta_k__1__Beta_e__1/u_imp_1000/FI_run_T31_CP150_u_imp_1000_k_imp_1_e_imp_1/FI_run_T31_CP150_u_imp_1000_k_imp_1_e_imp_1_state_iter_500.dat
iter:    600 (Jcost: 3.617111e+00) (lr = 1.920e-03) (elapsed time: 950.632) (secs/iter:  1.535) (n_accepted: 82%) (u_error:  1.052843 %) (beta_change:  2.848850 %) (delta_change:  1.963586 %) (delta_peak/R:  8.679784 %)
iter:    700 (Jcost: 3.582723e+00) (lr = 6.868e-04) (elapsed time: 1097.371) (secs/iter:  1.467) (n_accepted: 78%) (u_error:  1.053056 %) (beta_change:  2.212445 %) (delta_change:  1.481556 %) (delta_peak/R:  9.123338 %)
iter:    800 (Jcost: 3.558400e+00) (lr = 5.896e-04) (elapsed time: 1238.946) (secs/iter:  1.416) (n_accepted: 79%) (u_error:  1.053235 %) (beta_change:  1.737070 %) (delta_change:  1.068505 %) (delta_peak/R:  9.482459 %)
iter:    900 (Jcost: 3.539787e+00) (lr = 8.786e-05) (elapsed time: 1382.222) (secs/iter:  1.433) (n_accepted: 77%) (u_error:  1.053397 %) (beta_change:  1.669462 %) (delta_change:  0.820755 %) (delta_peak/R:  9.793279 %)
iter:   1000 (Jcost: 3.527021e+00) (lr = 1.810e-04) (elapsed time: 1518.024) (secs/iter:  1.358) (n_accepted: 80%) (u_error:  1.053532 %) (beta_change:  1.858964 %) (delta_change:  0.777808 %) (delta_peak/R: 10.038026 %)
-> Saved file: /media/rafael/DATA/Dropbox/20220924_FIML_solver/data/output/field_inversion/Beta_k__1__Beta_e__1/u_imp_1000/FI_run_T31_CP150_u_imp_1000_k_imp_1_e_imp_1/FI_run_T31_CP150_u_imp_1000_k_imp_1_e_imp_1_state_iter_1000.dat
iter:   1100 (Jcost: 3.521165e+00) (lr = 6.474e-05) (elapsed time: 1636.700) (secs/iter:  1.187) (n_accepted: 78%) (u_error:  1.053586 %) (beta_change:  1.967687 %) (delta_change:  0.800682 %) (delta_peak/R: 10.135345 %)
iter:   1200 (Jcost: 3.514689e+00) (lr = 5.557e-05) (elapsed time: 1766.265) (secs/iter:  1.296) (n_accepted: 79%) (u_error:  1.053657 %) (beta_change:  2.127932 %) (delta_change:  0.845776 %) (delta_peak/R: 10.255870 %)
iter:   1300 (Jcost: 3.509958e+00) (lr = 1.145e-04) (elapsed time: 1891.707) (secs/iter:  1.254) (n_accepted: 80%) (u_error:  1.053712 %) (beta_change:  2.271105 %) (delta_change:  0.892119 %) (delta_peak/R: 10.342206 %)
iter:   1400 (Jcost: 3.506011e+00) (lr = 3.261e-03) (elapsed time: 2019.696) (secs/iter:  1.280) (n_accepted: 83%) (u_error:  1.053753 %) (beta_change:  2.405710 %) (delta_change:  0.935629 %) (delta_peak/R: 10.405194 %)
iter:   1500 (Jcost: 3.502532e+00) (lr = 2.025e-04) (elapsed time: 2119.836) (secs/iter:  1.001) (n_accepted: 76%) (u_error:  1.053791 %) (beta_change:  2.541854 %) (delta_change:  0.981420 %) (delta_peak/R: 10.455948 %)
-> Saved file: /media/rafael/DATA/Dropbox/20220924_FIML_solver/data/output/field_inversion/Beta_k__1__Beta_e__1/u_imp_1000/FI_run_T31_CP150_u_imp_1000_k_imp_1_e_imp_1/FI_run_T31_CP150_u_imp_1000_k_imp_1_e_imp_1_state_iter_1500.dat
iter:   1600 (Jcost: 3.499465e+00) (lr = 7.242e-05) (elapsed time: 2254.093) (secs/iter:  1.343) (n_accepted: 78%) (u_error:  1.053821 %) (beta_change:  2.677800 %) (delta_change:  1.027559 %) (delta_peak/R: 10.505941 %)
iter:   1700 (Jcost: 3.496860e+00) (lr = 6.216e-05) (elapsed time: 2374.142) (secs/iter:  1.200) (n_accepted: 79%) (u_error:  1.053844 %) (beta_change:  2.804181 %) (delta_change:  1.070354 %) (delta_peak/R: 10.549384 %)
iter:   1800 (Jcost: 3.494374e+00) (lr = 1.770e-03) (elapsed time: 2495.531) (secs/iter:  1.214) (n_accepted: 83%) (u_error:  1.053863 %) (beta_change:  2.939559 %) (delta_change:  1.134887 %) (delta_peak/R: 10.584514 %)
iter:   1900 (Jcost: 3.492555e+00) (lr = 1.520e-03) (elapsed time: 2616.806) (secs/iter:  1.213) (n_accepted: 79%) (u_error:  1.053876 %) (beta_change:  3.043092 %) (delta_change:  1.215505 %) (delta_peak/R: 10.605936 %)
iter:   2000 (Jcost: 3.490883e+00) (lr = 2.265e-04) (elapsed time: 2738.604) (secs/iter:  1.218) (n_accepted: 77%) (u_error:  1.053886 %) (beta_change:  3.146566 %) (delta_change:  1.291773 %) (delta_peak/R: 10.621460 %)
-> Saved file: /media/rafael/DATA/Dropbox/20220924_FIML_solver/data/output/field_inversion/Beta_k__1__Beta_e__1/u_imp_1000/FI_run_T31_CP150_u_imp_1000_k_imp_1_e_imp_1/FI_run_T31_CP150_u_imp_1000_k_imp_1_e_imp_1_state_iter_2000.dat
iter:   2100 (Jcost: 3.489212e+00) (lr = 8.100e-05) (elapsed time: 2867.720) (secs/iter:  1.291) (n_accepted: 78%) (u_error:  1.053894 %) (beta_change:  3.256390 %) (delta_change:  1.388287 %) (delta_peak/R: 10.662037 %)
iter:   2200 (Jcost: 3.487790e+00) (lr = 1.669e-04) (elapsed time: 2955.117) (secs/iter:  0.874) (n_accepted: 80%) (u_error:  1.053901 %) (beta_change:  3.360708 %) (delta_change:  1.482050 %) (delta_peak/R: 10.698328 %)
iter:   2300 (Jcost: 3.486394e+00) (lr = 4.753e-03) (elapsed time: 3073.145) (secs/iter:  1.180) (n_accepted: 83%) (u_error:  1.053903 %) (beta_change:  3.464506 %) (delta_change:  1.573010 %) (delta_peak/R: 10.731566 %)
iter:   2400 (Jcost: 3.485338e+00) (lr = 1.700e-03) (elapsed time: 3190.393) (secs/iter:  1.172) (n_accepted: 78%) (u_error:  1.053907 %) (beta_change:  3.544176 %) (delta_change:  1.638979 %) (delta_peak/R: 10.753271 %)
iter:   2500 (Jcost: 3.484077e+00) (lr = 6.080e-04) (elapsed time: 3307.933) (secs/iter:  1.175) (n_accepted: 78%) (u_error:  1.053909 %) (beta_change:  3.647706 %) (delta_change:  1.726722 %) (delta_peak/R: 10.779140 %)
-> Saved file: /media/rafael/DATA/Dropbox/20220924_FIML_solver/data/output/field_inversion/Beta_k__1__Beta_e__1/u_imp_1000/FI_run_T31_CP150_u_imp_1000_k_imp_1_e_imp_1/FI_run_T31_CP150_u_imp_1000_k_imp_1_e_imp_1_state_iter_2500.dat
iter:   2600 (Jcost: 3.482919e+00) (lr = 5.219e-04) (elapsed time: 3429.649) (secs/iter:  1.217) (n_accepted: 79%) (u_error:  1.053910 %) (beta_change:  3.747944 %) (delta_change:  1.809235 %) (delta_peak/R: 10.800791 %)
iter:   2700 (Jcost: 3.481807e+00) (lr = 7.777e-05) (elapsed time: 3546.659) (secs/iter:  1.170) (n_accepted: 77%) (u_error:  1.053910 %) (beta_change:  3.849514 %) (delta_change:  1.889276 %) (delta_peak/R: 10.819726 %)
iter:   2800 (Jcost: 3.481068e+00) (lr = 2.215e-03) (elapsed time: 3658.837) (secs/iter:  1.122) (n_accepted: 83%) (u_error:  1.053909 %) (beta_change:  3.920993 %) (delta_change:  1.942730 %) (delta_peak/R: 10.831232 %)
iter:   2900 (Jcost: 3.480193e+00) (lr = 3.301e-04) (elapsed time: 3775.607) (secs/iter:  1.168) (n_accepted: 77%) (u_error:  1.053908 %) (beta_change:  4.009332 %) (delta_change:  2.006722 %) (delta_peak/R: 10.843930 %)
iter:   3000 (Jcost: 3.479359e+00) (lr = 1.181e-04) (elapsed time: 3889.131) (secs/iter:  1.135) (n_accepted: 78%) (u_error:  1.053907 %) (beta_change:  4.096880 %) (delta_change:  2.067448 %) (delta_peak/R: 10.854592 %)
-> Saved file: /media/rafael/DATA/Dropbox/20220924_FIML_solver/data/output/field_inversion/Beta_k__1__Beta_e__1/u_imp_1000/FI_run_T31_CP150_u_imp_1000_k_imp_1_e_imp_1/FI_run_T31_CP150_u_imp_1000_k_imp_1_e_imp_1_state_iter_3000.dat
iter:   3100 (Jcost: 3.478594e+00) (lr = 4.223e-05) (elapsed time: 4012.143) (secs/iter:  1.230) (n_accepted: 78%) (u_error:  1.053906 %) (beta_change:  4.180662 %) (delta_change:  2.123225 %) (delta_peak/R: 10.863249 %)
iter:   3200 (Jcost: 3.477857e+00) (lr = 1.203e-03) (elapsed time: 4120.084) (secs/iter:  1.079) (n_accepted: 83%) (u_error:  1.053905 %) (beta_change:  4.264885 %) (delta_change:  2.177225 %) (delta_peak/R: 10.870691 %)
iter:   3300 (Jcost: 3.477135e+00) (lr = 4.301e-04) (elapsed time: 4232.329) (secs/iter:  1.122) (n_accepted: 78%) (u_error:  1.053903 %) (beta_change:  4.350822 %) (delta_change:  2.230064 %) (delta_peak/R: 10.877389 %)
iter:   3400 (Jcost: 3.476441e+00) (lr = 6.410e-05) (elapsed time: 4346.759) (secs/iter:  1.144) (n_accepted: 77%) (u_error:  1.053901 %) (beta_change:  4.436760 %) (delta_change:  2.280746 %) (delta_peak/R: 10.890373 %)
iter:   3500 (Jcost: 3.475802e+00) (lr = 5.502e-05) (elapsed time: 4458.076) (secs/iter:  1.113) (n_accepted: 79%) (u_error:  1.053899 %) (beta_change:  4.519059 %) (delta_change:  2.327257 %) (delta_peak/R: 10.901449 %)
-> Saved file: /media/rafael/DATA/Dropbox/20220924_FIML_solver/data/output/field_inversion/Beta_k__1__Beta_e__1/u_imp_1000/FI_run_T31_CP150_u_imp_1000_k_imp_1_e_imp_1/FI_run_T31_CP150_u_imp_1000_k_imp_1_e_imp_1_state_iter_3500.dat
iter:   3600 (Jcost: 3.475145e+00) (lr = 4.723e-05) (elapsed time: 4575.061) (secs/iter:  1.170) (n_accepted: 79%) (u_error:  1.053896 %) (beta_change:  4.607063 %) (delta_change:  2.374801 %) (delta_peak/R: 10.911867 %)
iter:   3700 (Jcost: 3.474487e+00) (lr = 5.605e-04) (elapsed time: 4684.514) (secs/iter:  1.095) (n_accepted: 82%) (u_error:  1.053893 %) (beta_change:  4.700761 %) (delta_change:  2.423483 %) (delta_peak/R: 10.921857 %)
iter:   3800 (Jcost: 3.474046e+00) (lr = 1.155e-03) (elapsed time: 4787.047) (secs/iter:  1.025) (n_accepted: 80%) (u_error:  1.053892 %) (beta_change:  4.762457 %) (delta_change:  2.453661 %) (delta_peak/R: 10.927173 %)
iter:   3900 (Jcost: 3.473483e+00) (lr = 9.912e-04) (elapsed time: 4895.047) (secs/iter:  1.080) (n_accepted: 79%) (u_error:  1.053889 %) (beta_change:  4.847000 %) (delta_change:  2.493634 %) (delta_peak/R: 10.933888 %)
iter:   4000 (Jcost: 3.472926e+00) (lr = 6.155e-05) (elapsed time: 5008.422) (secs/iter:  1.134) (n_accepted: 76%) (u_error:  1.053887 %) (beta_change:  4.934134 %) (delta_change:  2.532743 %) (delta_peak/R: 10.939765 %)
-> Saved file: /media/rafael/DATA/Dropbox/20220924_FIML_solver/data/output/field_inversion/Beta_k__1__Beta_e__1/u_imp_1000/FI_run_T31_CP150_u_imp_1000_k_imp_1_e_imp_1/FI_run_T31_CP150_u_imp_1000_k_imp_1_e_imp_1_state_iter_4000.dat
iter:   4100 (Jcost: 3.472386e+00) (lr = 1.753e-03) (elapsed time: 5120.091) (secs/iter:  1.117) (n_accepted: 83%) (u_error:  1.053885 %) (beta_change:  5.023076 %) (delta_change:  2.570451 %) (delta_peak/R: 10.944496 %)
iter:   4200 (Jcost: 3.471994e+00) (lr = 6.269e-04) (elapsed time: 5225.060) (secs/iter:  1.050) (n_accepted: 78%) (u_error:  1.053882 %) (beta_change:  5.087613 %) (delta_change:  2.599046 %) (delta_peak/R: 10.947777 %)
iter:   4300 (Jcost: 3.471558e+00) (lr = 2.242e-04) (elapsed time: 5332.971) (secs/iter:  1.079) (n_accepted: 78%) (u_error:  1.053880 %) (beta_change:  5.162542 %) (delta_change:  2.630916 %) (delta_peak/R: 10.950593 %)
iter:   4400 (Jcost: 3.471150e+00) (lr = 8.020e-05) (elapsed time: 5441.260) (secs/iter:  1.083) (n_accepted: 78%) (u_error:  1.053878 %) (beta_change:  5.234831 %) (delta_change:  2.660597 %) (delta_peak/R: 10.953829 %)
iter:   4500 (Jcost: 3.470756e+00) (lr = 2.284e-03) (elapsed time: 5543.436) (secs/iter:  1.022) (n_accepted: 83%) (u_error:  1.053875 %) (beta_change:  5.310002 %) (delta_change:  2.690609 %) (delta_peak/R: 10.958843 %)
-> Saved file: /media/rafael/DATA/Dropbox/20220924_FIML_solver/data/output/field_inversion/Beta_k__1__Beta_e__1/u_imp_1000/FI_run_T31_CP150_u_imp_1000_k_imp_1_e_imp_1/FI_run_T31_CP150_u_imp_1000_k_imp_1_e_imp_1_state_iter_4500.dat
iter:   4600 (Jcost: 3.470443e+00) (lr = 8.169e-04) (elapsed time: 5654.613) (secs/iter:  1.112) (n_accepted: 78%) (u_error:  1.053874 %) (beta_change:  5.365118 %) (delta_change:  2.711199 %) (delta_peak/R: 10.961535 %)
iter:   4700 (Jcost: 3.470056e+00) (lr = 2.922e-04) (elapsed time: 5759.284) (secs/iter:  1.047) (n_accepted: 78%) (u_error:  1.053871 %) (beta_change:  5.439240 %) (delta_change:  2.738602 %) (delta_peak/R: 10.965235 %)
iter:   4800 (Jcost: 3.469694e+00) (lr = 4.354e-05) (elapsed time: 5865.429) (secs/iter:  1.061) (n_accepted: 77%) (u_error:  1.053869 %) (beta_change:  5.510498 %) (delta_change:  2.763743 %) (delta_peak/R: 10.968121 %)
iter:   4900 (Jcost: 3.469301e+00) (lr = 2.153e-04) (elapsed time: 5966.790) (secs/iter:  1.014) (n_accepted: 81%) (u_error:  1.053867 %) (beta_change:  5.590387 %) (delta_change:  2.790723 %) (delta_peak/R: 10.970739 %)
iter:   5000 (Jcost: 3.468970e+00) (lr = 1.065e-03) (elapsed time: 6067.021) (secs/iter:  1.002) (n_accepted: 81%) (u_error:  1.053865 %) (beta_change:  5.662504 %) (delta_change:  2.815512 %) (delta_peak/R: 10.972526 %)
-> Saved file: /media/rafael/DATA/Dropbox/20220924_FIML_solver/data/output/field_inversion/Beta_k__1__Beta_e__1/u_imp_1000/FI_run_T31_CP150_u_imp_1000_k_imp_1_e_imp_1/FI_run_T31_CP150_u_imp_1000_k_imp_1_e_imp_1_state_iter_5000.dat
iter:   5100 (Jcost: 3.468737e+00) (lr = 3.807e-04) (elapsed time: 6169.774) (secs/iter:  1.028) (n_accepted: 78%) (u_error:  1.053863 %) (beta_change:  5.707886 %) (delta_change:  2.831731 %) (delta_peak/R: 10.973880 %)
iter:   5200 (Jcost: 3.468310e+00) (lr = 1.362e-04) (elapsed time: 6271.852) (secs/iter:  1.021) (n_accepted: 78%) (u_error:  1.053861 %) (beta_change:  5.800356 %) (delta_change:  2.862903 %) (delta_peak/R: 10.975467 %)
iter:   5300 (Jcost: 3.467985e+00) (lr = 1.169e-04) (elapsed time: 6372.144) (secs/iter:  1.003) (n_accepted: 79%) (u_error:  1.053858 %) (beta_change:  5.872818 %) (delta_change:  2.886210 %) (delta_peak/R: 10.976243 %)
iter:   5400 (Jcost: 3.467647e+00) (lr = 1.003e-04) (elapsed time: 6471.445) (secs/iter:  0.993) (n_accepted: 79%) (u_error:  1.053856 %) (beta_change:  5.950075 %) (delta_change:  2.910130 %) (delta_peak/R: 10.976733 %)
iter:   5500 (Jcost: 3.467365e+00) (lr = 2.858e-03) (elapsed time: 6570.852) (secs/iter:  0.994) (n_accepted: 83%) (u_error:  1.053854 %) (beta_change:  6.016157 %) (delta_change:  2.929696 %) (delta_peak/R: 10.976774 %)
-> Saved file: /media/rafael/DATA/Dropbox/20220924_FIML_solver/data/output/field_inversion/Beta_k__1__Beta_e__1/u_imp_1000/FI_run_T31_CP150_u_imp_1000_k_imp_1_e_imp_1/FI_run_T31_CP150_u_imp_1000_k_imp_1_e_imp_1_state_iter_5500.dat
iter:   5600 (Jcost: 3.467094e+00) (lr = 2.453e-03) (elapsed time: 6677.519) (secs/iter:  1.067) (n_accepted: 79%) (u_error:  1.053852 %) (beta_change:  6.080640 %) (delta_change:  2.948246 %) (delta_peak/R: 10.976695 %)
iter:   5700 (Jcost: 3.466860e+00) (lr = 8.774e-04) (elapsed time: 6779.091) (secs/iter:  1.016) (n_accepted: 78%) (u_error:  1.053851 %) (beta_change:  6.137626 %) (delta_change:  2.963940 %) (delta_peak/R: 10.976307 %)
iter:   5800 (Jcost: 3.466569e+00) (lr = 3.138e-04) (elapsed time: 6876.113) (secs/iter:  0.970) (n_accepted: 78%) (u_error:  1.053848 %) (beta_change:  6.210044 %) (delta_change:  2.983228 %) (delta_peak/R: 10.975626 %)
iter:   5900 (Jcost: 3.466258e+00) (lr = 4.676e-05) (elapsed time: 6977.634) (secs/iter:  1.015) (n_accepted: 77%) (u_error:  1.053846 %) (beta_change:  6.288900 %) (delta_change:  3.003371 %) (delta_peak/R: 10.974634 %)
iter:   6000 (Jcost: 3.465997e+00) (lr = 5.549e-04) (elapsed time: 7073.397) (secs/iter:  0.958) (n_accepted: 82%) (u_error:  1.053844 %) (beta_change:  6.359024 %) (delta_change:  3.020185 %) (delta_peak/R: 10.973245 %)
-> Saved file: /media/rafael/DATA/Dropbox/20220924_FIML_solver/data/output/field_inversion/Beta_k__1__Beta_e__1/u_imp_1000/FI_run_T31_CP150_u_imp_1000_k_imp_1_e_imp_1/FI_run_T31_CP150_u_imp_1000_k_imp_1_e_imp_1_state_iter_6000.dat
iter:   6100 (Jcost: 3.465785e+00) (lr = 2.744e-03) (elapsed time: 7176.823) (secs/iter:  1.034) (n_accepted: 81%) (u_error:  1.053843 %) (beta_change:  6.412867 %) (delta_change:  3.033014 %) (delta_peak/R: 10.972390 %)
iter:   6200 (Jcost: 3.465578e+00) (lr = 9.814e-04) (elapsed time: 7274.905) (secs/iter:  0.981) (n_accepted: 78%) (u_error:  1.053841 %) (beta_change:  6.468420 %) (delta_change:  3.045655 %) (delta_peak/R: 10.971241 %)
iter:   6300 (Jcost: 3.465332e+00) (lr = 3.510e-04) (elapsed time: 7372.582) (secs/iter:  0.977) (n_accepted: 78%) (u_error:  1.053839 %) (beta_change:  6.535705 %) (delta_change:  3.060369 %) (delta_peak/R: 10.969706 %)
iter:   6400 (Jcost: 3.465115e+00) (lr = 1.255e-04) (elapsed time: 7473.854) (secs/iter:  1.013) (n_accepted: 78%) (u_error:  1.053837 %) (beta_change:  6.596819 %) (delta_change:  3.073064 %) (delta_peak/R: 10.968138 %)
iter:   6500 (Jcost: 3.464874e+00) (lr = 3.575e-03) (elapsed time: 7569.339) (secs/iter:  0.955) (n_accepted: 83%) (u_error:  1.053835 %) (beta_change:  6.665728 %) (delta_change:  3.086907 %) (delta_peak/R: 10.966315 %)
-> Saved file: /media/rafael/DATA/Dropbox/20220924_FIML_solver/data/output/field_inversion/Beta_k__1__Beta_e__1/u_imp_1000/FI_run_T31_CP150_u_imp_1000_k_imp_1_e_imp_1/FI_run_T31_CP150_u_imp_1000_k_imp_1_e_imp_1_state_iter_6500.dat
iter:   6600 (Jcost: 3.464667e+00) (lr = 3.069e-03) (elapsed time: 7672.674) (secs/iter:  1.033) (n_accepted: 79%) (u_error:  1.053834 %) (beta_change:  6.726509 %) (delta_change:  3.098613 %) (delta_peak/R: 10.964590 %)
iter:   6700 (Jcost: 3.464457e+00) (lr = 1.098e-03) (elapsed time: 7770.180) (secs/iter:  0.975) (n_accepted: 78%) (u_error:  1.053832 %) (beta_change:  6.787890 %) (delta_change:  3.109800 %) (delta_peak/R: 10.962588 %)
iter:   6800 (Jcost: 3.464232e+00) (lr = 3.926e-04) (elapsed time: 7868.642) (secs/iter:  0.985) (n_accepted: 78%) (u_error:  1.053830 %) (beta_change:  6.855688 %) (delta_change:  3.121811 %) (delta_peak/R: 10.960423 %)
iter:   6900 (Jcost: 3.464050e+00) (lr = 1.404e-04) (elapsed time: 7968.891) (secs/iter:  1.002) (n_accepted: 78%) (u_error:  1.053829 %) (beta_change:  6.911920 %) (delta_change:  3.131416 %) (delta_peak/R: 10.958595 %)
iter:   7000 (Jcost: 3.463831e+00) (lr = 3.999e-03) (elapsed time: 8061.596) (secs/iter:  0.927) (n_accepted: 83%) (u_error:  1.053827 %) (beta_change:  6.979440 %) (delta_change:  3.142306 %) (delta_peak/R: 10.956163 %)
-> Saved file: /media/rafael/DATA/Dropbox/20220924_FIML_solver/data/output/field_inversion/Beta_k__1__Beta_e__1/u_imp_1000/FI_run_T31_CP150_u_imp_1000_k_imp_1_e_imp_1/FI_run_T31_CP150_u_imp_1000_k_imp_1_e_imp_1_state_iter_7000.dat
iter:   7100 (Jcost: 3.463653e+00) (lr = 5.960e-04) (elapsed time: 8160.598) (secs/iter:  0.990) (n_accepted: 77%) (u_error:  1.053826 %) (beta_change:  7.035688 %) (delta_change:  3.151072 %) (delta_peak/R: 10.954133 %)
iter:   7200 (Jcost: 3.463479e+00) (lr = 3.701e-05) (elapsed time: 8260.850) (secs/iter:  1.003) (n_accepted: 76%) (u_error:  1.053824 %) (beta_change:  7.091532 %) (delta_change:  3.159468 %) (delta_peak/R: 10.952094 %)
iter:   7300 (Jcost: 3.463368e+00) (lr = 4.392e-04) (elapsed time: 8358.597) (secs/iter:  0.977) (n_accepted: 82%) (u_error:  1.053823 %) (beta_change:  7.127533 %) (delta_change:  3.164682 %) (delta_peak/R: 10.950736 %)
iter:   7400 (Jcost: 3.463167e+00) (lr = 6.545e-05) (elapsed time: 8457.542) (secs/iter:  0.989) (n_accepted: 77%) (u_error:  1.053822 %) (beta_change:  7.193651 %) (delta_change:  3.173953 %) (delta_peak/R: 10.948213 %)
iter:   7500 (Jcost: 3.463003e+00) (lr = 1.348e-04) (elapsed time: 8563.440) (secs/iter:  1.059) (n_accepted: 80%) (u_error:  1.053820 %) (beta_change:  7.249877 %) (delta_change:  3.181284 %) (delta_peak/R: 10.945853 %)
-> Saved file: /media/rafael/DATA/Dropbox/20220924_FIML_solver/data/output/field_inversion/Beta_k__1__Beta_e__1/u_imp_1000/FI_run_T31_CP150_u_imp_1000_k_imp_1_e_imp_1/FI_run_T31_CP150_u_imp_1000_k_imp_1_e_imp_1_state_iter_7500.dat
iter:   7600 (Jcost: 3.462868e+00) (lr = 6.666e-04) (elapsed time: 8662.461) (secs/iter:  0.990) (n_accepted: 81%) (u_error:  1.053819 %) (beta_change:  7.293807 %) (delta_change:  3.187121 %) (delta_peak/R: 10.944249 %)
iter:   7700 (Jcost: 3.462720e+00) (lr = 2.384e-04) (elapsed time: 8759.347) (secs/iter:  0.969) (n_accepted: 78%) (u_error:  1.053818 %) (beta_change:  7.344431 %) (delta_change:  3.193487 %) (delta_peak/R: 10.942267 %)
iter:   7800 (Jcost: 3.462571e+00) (lr = 8.528e-05) (elapsed time: 8853.526) (secs/iter:  0.942) (n_accepted: 78%) (u_error:  1.053816 %) (beta_change:  7.397895 %) (delta_change:  3.200141 %) (delta_peak/R: 10.940301 %)
iter:   7900 (Jcost: 3.462405e+00) (lr = 5.829e-03) (elapsed time: 8946.025) (secs/iter:  0.925) (n_accepted: 84%) (u_error:  1.053815 %) (beta_change:  7.453870 %) (delta_change:  3.206346 %) (delta_peak/R: 10.937814 %)
iter:   8000 (Jcost: 3.462271e+00) (lr = 3.619e-04) (elapsed time: 9040.225) (secs/iter:  0.942) (n_accepted: 76%) (u_error:  1.053814 %) (beta_change:  7.501594 %) (delta_change:  3.211726 %) (delta_peak/R: 10.935924 %)
-> Saved file: /media/rafael/DATA/Dropbox/20220924_FIML_solver/data/output/field_inversion/Beta_k__1__Beta_e__1/u_imp_1000/FI_run_T31_CP150_u_imp_1000_k_imp_1_e_imp_1/FI_run_T31_CP150_u_imp_1000_k_imp_1_e_imp_1_state_iter_8000.dat
iter:   8100 (Jcost: 3.462125e+00) (lr = 1.295e-04) (elapsed time: 9145.103) (secs/iter:  1.049) (n_accepted: 78%) (u_error:  1.053813 %) (beta_change:  7.553619 %) (delta_change:  3.217178 %) (delta_peak/R: 10.933697 %)
iter:   8200 (Jcost: 3.461988e+00) (lr = 4.630e-05) (elapsed time: 9247.066) (secs/iter:  1.020) (n_accepted: 78%) (u_error:  1.053811 %) (beta_change:  7.603555 %) (delta_change:  3.222351 %) (delta_peak/R: 10.931670 %)
iter:   8300 (Jcost: 3.461861e+00) (lr = 3.165e-03) (elapsed time: 9332.682) (secs/iter:  0.856) (n_accepted: 84%) (u_error:  1.053810 %) (beta_change:  7.649996 %) (delta_change:  3.226888 %) (delta_peak/R: 10.929699 %)
iter:   8400 (Jcost: 3.461750e+00) (lr = 3.412e-05) (elapsed time: 9431.172) (secs/iter:  0.985) (n_accepted: 74%) (u_error:  1.053809 %) (beta_change:  7.690989 %) (delta_change:  3.230869 %) (delta_peak/R: 10.928046 %)
iter:   8500 (Jcost: 3.461621e+00) (lr = 2.332e-03) (elapsed time: 9524.996) (secs/iter:  0.938) (n_accepted: 84%) (u_error:  1.053808 %) (beta_change:  7.741415 %) (delta_change:  3.235679 %) (delta_peak/R: 10.926083 %)
-> Saved file: /media/rafael/DATA/Dropbox/20220924_FIML_solver/data/output/field_inversion/Beta_k__1__Beta_e__1/u_imp_1000/FI_run_T31_CP150_u_imp_1000_k_imp_1_e_imp_1/FI_run_T31_CP150_u_imp_1000_k_imp_1_e_imp_1_state_iter_8500.dat
iter:   8600 (Jcost: 3.461479e+00) (lr = 4.804e-03) (elapsed time: 9623.092) (secs/iter:  0.981) (n_accepted: 80%) (u_error:  1.053807 %) (beta_change:  7.792972 %) (delta_change:  3.240000 %) (delta_peak/R: 10.923743 %)
iter:   8700 (Jcost: 3.461350e+00) (lr = 7.160e-04) (elapsed time: 9720.787) (secs/iter:  0.977) (n_accepted: 77%) (u_error:  1.053806 %) (beta_change:  7.842370 %) (delta_change:  3.244154 %) (delta_peak/R: 10.921653 %)
iter:   8800 (Jcost: 3.461230e+00) (lr = 4.446e-05) (elapsed time: 9817.301) (secs/iter:  0.965) (n_accepted: 76%) (u_error:  1.053805 %) (beta_change:  7.889012 %) (delta_change:  3.247986 %) (delta_peak/R: 10.919739 %)
iter:   8900 (Jcost: 3.461101e+00) (lr = 3.039e-03) (elapsed time: 9905.901) (secs/iter:  0.886) (n_accepted: 84%) (u_error:  1.053804 %) (beta_change:  7.939342 %) (delta_change:  3.251871 %) (delta_peak/R: 10.917606 %)
iter:   9000 (Jcost: 3.460973e+00) (lr = 2.608e-03) (elapsed time: 9999.637) (secs/iter:  0.937) (n_accepted: 79%) (u_error:  1.053802 %) (beta_change:  7.989757 %) (delta_change:  3.255650 %) (delta_peak/R: 10.915519 %)
-> Saved file: /media/rafael/DATA/Dropbox/20220924_FIML_solver/data/output/field_inversion/Beta_k__1__Beta_e__1/u_imp_1000/FI_run_T31_CP150_u_imp_1000_k_imp_1_e_imp_1/FI_run_T31_CP150_u_imp_1000_k_imp_1_e_imp_1_state_iter_9000.dat
iter:   9100 (Jcost: 3.460849e+00) (lr = 9.329e-04) (elapsed time: 10096.683) (secs/iter:  0.970) (n_accepted: 78%) (u_error:  1.053801 %) (beta_change:  8.039385 %) (delta_change:  3.259194 %) (delta_peak/R: 10.913454 %)
iter:   9200 (Jcost: 3.460728e+00) (lr = 1.390e-04) (elapsed time: 10190.362) (secs/iter:  0.937) (n_accepted: 77%) (u_error:  1.053800 %) (beta_change:  8.088350 %) (delta_change:  3.262547 %) (delta_peak/R: 10.911431 %)
iter:   9300 (Jcost: 3.460615e+00) (lr = 1.193e-04) (elapsed time: 10285.401) (secs/iter:  0.950) (n_accepted: 79%) (u_error:  1.053799 %) (beta_change:  8.134279 %) (delta_change:  3.265519 %) (delta_peak/R: 10.909509 %)
iter:   9400 (Jcost: 3.460490e+00) (lr = 1.024e-04) (elapsed time: 10383.709) (secs/iter:  0.983) (n_accepted: 79%) (u_error:  1.053798 %) (beta_change:  8.185789 %) (delta_change:  3.268803 %) (delta_peak/R: 10.907440 %)
iter:   9500 (Jcost: 3.460391e+00) (lr = 1.216e-03) (elapsed time: 10474.007) (secs/iter:  0.903) (n_accepted: 82%) (u_error:  1.053797 %) (beta_change:  8.227095 %) (delta_change:  3.271199 %) (delta_peak/R: 10.905686 %)
-> Saved file: /media/rafael/DATA/Dropbox/20220924_FIML_solver/data/output/field_inversion/Beta_k__1__Beta_e__1/u_imp_1000/FI_run_T31_CP150_u_imp_1000_k_imp_1_e_imp_1/FI_run_T31_CP150_u_imp_1000_k_imp_1_e_imp_1_state_iter_9500.dat
iter:   9600 (Jcost: 3.460277e+00) (lr = 4.348e-04) (elapsed time: 10574.729) (secs/iter:  1.007) (n_accepted: 78%) (u_error:  1.053796 %) (beta_change:  8.274592 %) (delta_change:  3.273968 %) (delta_peak/R: 10.903783 %)
iter:   9700 (Jcost: 3.460159e+00) (lr = 6.480e-05) (elapsed time: 10673.810) (secs/iter:  0.991) (n_accepted: 77%) (u_error:  1.053795 %) (beta_change:  8.324771 %) (delta_change:  3.276926 %) (delta_peak/R: 10.901742 %)
iter:   9800 (Jcost: 3.460057e+00) (lr = 1.335e-04) (elapsed time: 10768.007) (secs/iter:  0.942) (n_accepted: 80%) (u_error:  1.053794 %) (beta_change:  8.370825 %) (delta_change:  3.280088 %) (delta_peak/R: 10.899683 %)
iter:   9900 (Jcost: 3.459970e+00) (lr = 1.584e-03) (elapsed time: 10859.792) (secs/iter:  0.918) (n_accepted: 82%) (u_error:  1.053793 %) (beta_change:  8.406005 %) (delta_change:  3.282844 %) (delta_peak/R: 10.898468 %)
iter:  10000 (Jcost: 3.459849e+00) (lr = 9.836e-05) (elapsed time: 10960.033) (secs/iter:  1.002) (n_accepted: 76%) (u_error:  1.053792 %) (beta_change:  8.458482 %) (delta_change:  3.286449 %) (delta_peak/R: 10.896348 %)
-> Saved file: /media/rafael/DATA/Dropbox/20220924_FIML_solver/data/output/field_inversion/Beta_k__1__Beta_e__1/u_imp_1000/FI_run_T31_CP150_u_imp_1000_k_imp_1_e_imp_1/FI_run_T31_CP150_u_imp_1000_k_imp_1_e_imp_1_state_iter_10000.dat
iter:  10100 (Jcost: 3.459742e+00) (lr = 2.801e-03) (elapsed time: 11058.678) (secs/iter:  0.986) (n_accepted: 83%) (u_error:  1.053791 %) (beta_change:  8.506014 %) (delta_change:  3.289716 %) (delta_peak/R: 10.894554 %)
iter:  10200 (Jcost: 3.459638e+00) (lr = 5.771e-03) (elapsed time: 11151.959) (secs/iter:  0.933) (n_accepted: 80%) (u_error:  1.053790 %) (beta_change:  8.551754 %) (delta_change:  3.292598 %) (delta_peak/R: 10.892718 %)
iter:  10300 (Jcost: 3.459547e+00) (lr = 8.601e-04) (elapsed time: 11246.268) (secs/iter:  0.943) (n_accepted: 77%) (u_error:  1.053789 %) (beta_change:  8.592412 %) (delta_change:  3.295110 %) (delta_peak/R: 10.891128 %)
iter:  10400 (Jcost: 3.459441e+00) (lr = 3.076e-04) (elapsed time: 11339.175) (secs/iter:  0.929) (n_accepted: 78%) (u_error:  1.053788 %) (beta_change:  8.640008 %) (delta_change:  3.297955 %) (delta_peak/R: 10.889289 %)
iter:  10500 (Jcost: 3.459353e+00) (lr = 2.641e-04) (elapsed time: 11439.457) (secs/iter:  1.003) (n_accepted: 79%) (u_error:  1.053787 %) (beta_change:  8.682622 %) (delta_change:  3.300595 %) (delta_peak/R: 10.887812 %)
-> Saved file: /media/rafael/DATA/Dropbox/20220924_FIML_solver/data/output/field_inversion/Beta_k__1__Beta_e__1/u_imp_1000/FI_run_T31_CP150_u_imp_1000_k_imp_1_e_imp_1/FI_run_T31_CP150_u_imp_1000_k_imp_1_e_imp_1_state_iter_10500.dat
iter:  10600 (Jcost: 3.459250e+00) (lr = 3.133e-03) (elapsed time: 11538.194) (secs/iter:  0.987) (n_accepted: 82%) (u_error:  1.053786 %) (beta_change:  8.727831 %) (delta_change:  3.302950 %) (delta_peak/R: 10.885968 %)
iter:  10700 (Jcost: 3.459157e+00) (lr = 1.121e-03) (elapsed time: 11629.650) (secs/iter:  0.915) (n_accepted: 78%) (u_error:  1.053786 %) (beta_change:  8.770406 %) (delta_change:  3.305206 %) (delta_peak/R: 10.884349 %)
iter:  10800 (Jcost: 3.459051e+00) (lr = 1.670e-04) (elapsed time: 11706.703) (secs/iter:  0.771) (n_accepted: 77%) (u_error:  1.053785 %) (beta_change:  8.819851 %) (delta_change:  3.307715 %) (delta_peak/R: 10.882477 %)
iter:  10900 (Jcost: 3.458954e+00) (lr = 5.974e-05) (elapsed time: 11799.930) (secs/iter:  0.932) (n_accepted: 78%) (u_error:  1.053784 %) (beta_change:  8.865776 %) (delta_change:  3.309972 %) (delta_peak/R: 10.880777 %)
iter:  11000 (Jcost: 3.458892e+00) (lr = 7.089e-04) (elapsed time: 11892.161) (secs/iter:  0.922) (n_accepted: 82%) (u_error:  1.053783 %) (beta_change:  8.895041 %) (delta_change:  3.311313 %) (delta_peak/R: 10.879662 %)
-> Saved file: /media/rafael/DATA/Dropbox/20220924_FIML_solver/data/output/field_inversion/Beta_k__1__Beta_e__1/u_imp_1000/FI_run_T31_CP150_u_imp_1000_k_imp_1_e_imp_1/FI_run_T31_CP150_u_imp_1000_k_imp_1_e_imp_1_state_iter_11000.dat
iter:  11100 (Jcost: 3.458798e+00) (lr = 2.535e-04) (elapsed time: 11987.989) (secs/iter:  0.958) (n_accepted: 78%) (u_error:  1.053782 %) (beta_change:  8.939935 %) (delta_change:  3.313424 %) (delta_peak/R: 10.878064 %)
iter:  11200 (Jcost: 3.458712e+00) (lr = 2.176e-04) (elapsed time: 12081.459) (secs/iter:  0.935) (n_accepted: 79%) (u_error:  1.053781 %) (beta_change:  8.981443 %) (delta_change:  3.315256 %) (delta_peak/R: 10.876564 %)
iter:  11300 (Jcost: 3.458589e+00) (lr = 7.784e-05) (elapsed time: 12178.173) (secs/iter:  0.967) (n_accepted: 78%) (u_error:  1.053780 %) (beta_change:  9.041545 %) (delta_change:  3.317683 %) (delta_peak/R: 10.874327 %)
iter:  11400 (Jcost: 3.458512e+00) (lr = 2.217e-03) (elapsed time: 12272.835) (secs/iter:  0.947) (n_accepted: 83%) (u_error:  1.053779 %) (beta_change:  9.081299 %) (delta_change:  3.319605 %) (delta_peak/R: 10.873187 %)
iter:  11500 (Jcost: 3.458449e+00) (lr = 7.929e-04) (elapsed time: 12367.502) (secs/iter:  0.947) (n_accepted: 78%) (u_error:  1.053779 %) (beta_change:  9.109649 %) (delta_change:  3.320483 %) (delta_peak/R: 10.872013 %)
-> Saved file: /media/rafael/DATA/Dropbox/20220924_FIML_solver/data/output/field_inversion/Beta_k__1__Beta_e__1/u_imp_1000/FI_run_T31_CP150_u_imp_1000_k_imp_1_e_imp_1/FI_run_T31_CP150_u_imp_1000_k_imp_1_e_imp_1_state_iter_11500.dat
iter:  11600 (Jcost: 3.458370e+00) (lr = 6.806e-04) (elapsed time: 12466.610) (secs/iter:  0.991) (n_accepted: 79%) (u_error:  1.053778 %) (beta_change:  9.148931 %) (delta_change:  3.321971 %) (delta_peak/R: 10.870655 %)
iter:  11700 (Jcost: 3.458288e+00) (lr = 4.226e-05) (elapsed time: 12561.852) (secs/iter:  0.952) (n_accepted: 76%) (u_error:  1.053777 %) (beta_change:  9.189827 %) (delta_change:  3.323494 %) (delta_peak/R: 10.869282 %)
iter:  11800 (Jcost: 3.458217e+00) (lr = 2.889e-03) (elapsed time: 12649.346) (secs/iter:  0.875) (n_accepted: 84%) (u_error:  1.053777 %) (beta_change:  9.225639 %) (delta_change:  3.324649 %) (delta_peak/R: 10.867986 %)
iter:  11900 (Jcost: 3.458142e+00) (lr = 1.033e-03) (elapsed time: 12737.933) (secs/iter:  0.886) (n_accepted: 78%) (u_error:  1.053776 %) (beta_change:  9.263731 %) (delta_change:  3.325992 %) (delta_peak/R: 10.866750 %)
iter:  12000 (Jcost: 3.458063e+00) (lr = 1.540e-04) (elapsed time: 12834.340) (secs/iter:  0.964) (n_accepted: 77%) (u_error:  1.053775 %) (beta_change:  9.303936 %) (delta_change:  3.327325 %) (delta_peak/R: 10.865434 %)
-> Saved file: /media/rafael/DATA/Dropbox/20220924_FIML_solver/data/output/field_inversion/Beta_k__1__Beta_e__1/u_imp_1000/FI_run_T31_CP150_u_imp_1000_k_imp_1_e_imp_1/FI_run_T31_CP150_u_imp_1000_k_imp_1_e_imp_1_state_iter_12000.dat
iter:  12100 (Jcost: 3.457988e+00) (lr = 1.322e-04) (elapsed time: 12933.718) (secs/iter:  0.994) (n_accepted: 79%) (u_error:  1.053775 %) (beta_change:  9.342187 %) (delta_change:  3.328503 %) (delta_peak/R: 10.864162 %)
iter:  12200 (Jcost: 3.457916e+00) (lr = 4.727e-05) (elapsed time: 13024.380) (secs/iter:  0.907) (n_accepted: 78%) (u_error:  1.053774 %) (beta_change:  9.379400 %) (delta_change:  3.329586 %) (delta_peak/R: 10.862922 %)
iter:  12300 (Jcost: 3.457833e+00) (lr = 5.610e-04) (elapsed time: 13109.906) (secs/iter:  0.855) (n_accepted: 82%) (u_error:  1.053773 %) (beta_change:  9.423028 %) (delta_change:  3.330907 %) (delta_peak/R: 10.861577 %)
iter:  12400 (Jcost: 3.457754e+00) (lr = 2.774e-03) (elapsed time: 13199.500) (secs/iter:  0.896) (n_accepted: 81%) (u_error:  1.053773 %) (beta_change:  9.465585 %) (delta_change:  3.331865 %) (delta_peak/R: 10.860066 %)
iter:  12500 (Jcost: 3.457698e+00) (lr = 9.920e-04) (elapsed time: 13287.207) (secs/iter:  0.877) (n_accepted: 78%) (u_error:  1.053772 %) (beta_change:  9.494318 %) (delta_change:  3.332765 %) (delta_peak/R: 10.859284 %)
-> Saved file: /media/rafael/DATA/Dropbox/20220924_FIML_solver/data/output/field_inversion/Beta_k__1__Beta_e__1/u_imp_1000/FI_run_T31_CP150_u_imp_1000_k_imp_1_e_imp_1/FI_run_T31_CP150_u_imp_1000_k_imp_1_e_imp_1_state_iter_12500.dat
iter:  12600 (Jcost: 3.457634e+00) (lr = 1.478e-04) (elapsed time: 13361.068) (secs/iter:  0.739) (n_accepted: 77%) (u_error:  1.053771 %) (beta_change:  9.528383 %) (delta_change:  3.333605 %) (delta_peak/R: 10.858207 %)
iter:  12700 (Jcost: 3.457551e+00) (lr = 1.269e-04) (elapsed time: 13452.976) (secs/iter:  0.919) (n_accepted: 79%) (u_error:  1.053770 %) (beta_change:  9.573266 %) (delta_change:  3.334774 %) (delta_peak/R: 10.856891 %)
iter:  12800 (Jcost: 3.457480e+00) (lr = 6.275e-04) (elapsed time: 13547.282) (secs/iter:  0.943) (n_accepted: 81%) (u_error:  1.053770 %) (beta_change:  9.612286 %) (delta_change:  3.335429 %) (delta_peak/R: 10.855507 %)
iter:  12900 (Jcost: 3.457408e+00) (lr = 3.102e-03) (elapsed time: 13634.075) (secs/iter:  0.868) (n_accepted: 81%) (u_error:  1.053769 %) (beta_change:  9.650351 %) (delta_change:  3.336395 %) (delta_peak/R: 10.854463 %)
iter:  13000 (Jcost: 3.457348e+00) (lr = 1.110e-03) (elapsed time: 13726.677) (secs/iter:  0.926) (n_accepted: 78%) (u_error:  1.053769 %) (beta_change:  9.683150 %) (delta_change:  3.337101 %) (delta_peak/R: 10.853495 %)
-> Saved file: /media/rafael/DATA/Dropbox/20220924_FIML_solver/data/output/field_inversion/Beta_k__1__Beta_e__1/u_imp_1000/FI_run_T31_CP150_u_imp_1000_k_imp_1_e_imp_1/FI_run_T31_CP150_u_imp_1000_k_imp_1_e_imp_1_state_iter_13000.dat
iter:  13100 (Jcost: 3.457272e+00) (lr = 1.654e-04) (elapsed time: 13825.405) (secs/iter:  0.987) (n_accepted: 77%) (u_error:  1.053768 %) (beta_change:  9.725022 %) (delta_change:  3.337921 %) (delta_peak/R: 10.852237 %)
iter:  13200 (Jcost: 3.457209e+00) (lr = 5.915e-05) (elapsed time: 13918.247) (secs/iter:  0.928) (n_accepted: 78%) (u_error:  1.053767 %) (beta_change:  9.759680 %) (delta_change:  3.338607 %) (delta_peak/R: 10.851241 %)
iter:  13300 (Jcost: 3.457158e+00) (lr = 7.019e-04) (elapsed time: 14008.462) (secs/iter:  0.902) (n_accepted: 82%) (u_error:  1.053767 %) (beta_change:  9.787926 %) (delta_change:  3.339159 %) (delta_peak/R: 10.850448 %)
iter:  13400 (Jcost: 3.457095e+00) (lr = 6.025e-04) (elapsed time: 14099.250) (secs/iter:  0.908) (n_accepted: 79%) (u_error:  1.053766 %) (beta_change:  9.823414 %) (delta_change:  3.339732 %) (delta_peak/R: 10.849384 %)
iter:  13500 (Jcost: 3.457025e+00) (lr = 2.155e-04) (elapsed time: 14150.940) (secs/iter:  0.517) (n_accepted: 78%) (u_error:  1.053766 %) (beta_change:  9.862556 %) (delta_change:  3.340419 %) (delta_peak/R: 10.848293 %)
-> Saved file: /media/rafael/DATA/Dropbox/20220924_FIML_solver/data/output/field_inversion/Beta_k__1__Beta_e__1/u_imp_1000/FI_run_T31_CP150_u_imp_1000_k_imp_1_e_imp_1/FI_run_T31_CP150_u_imp_1000_k_imp_1_e_imp_1_state_iter_13500.dat
iter:  13600 (Jcost: 3.456962e+00) (lr = 1.065e-03) (elapsed time: 14234.515) (secs/iter:  0.836) (n_accepted: 81%) (u_error:  1.053765 %) (beta_change:  9.900695 %) (delta_change:  3.340828 %) (delta_peak/R: 10.847059 %)
iter:  13700 (Jcost: 3.456914e+00) (lr = 9.146e-04) (elapsed time: 14320.836) (secs/iter:  0.863) (n_accepted: 79%) (u_error:  1.053764 %) (beta_change:  9.925757 %) (delta_change:  3.341395 %) (delta_peak/R: 10.846510 %)
iter:  13800 (Jcost: 3.456844e+00) (lr = 3.271e-04) (elapsed time: 14409.679) (secs/iter:  0.888) (n_accepted: 78%) (u_error:  1.053764 %) (beta_change:  9.965564 %) (delta_change:  3.341983 %) (delta_peak/R: 10.845415 %)
iter:  13900 (Jcost: 3.456774e+00) (lr = 1.170e-04) (elapsed time: 14499.511) (secs/iter:  0.898) (n_accepted: 78%) (u_error:  1.053763 %) (beta_change: 10.005775 %) (delta_change:  3.342540 %) (delta_peak/R: 10.844319 %)
iter:  14000 (Jcost: 3.456710e+00) (lr = 4.185e-05) (elapsed time: 14592.913) (secs/iter:  0.934) (n_accepted: 78%) (u_error:  1.053763 %) (beta_change: 10.043036 %) (delta_change:  3.343020 %) (delta_peak/R: 10.843310 %)
-> Saved file: /media/rafael/DATA/Dropbox/20220924_FIML_solver/data/output/field_inversion/Beta_k__1__Beta_e__1/u_imp_1000/FI_run_T31_CP150_u_imp_1000_k_imp_1_e_imp_1/FI_run_T31_CP150_u_imp_1000_k_imp_1_e_imp_1_state_iter_14000.dat
iter:  14100 (Jcost: 3.456652e+00) (lr = 8.621e-05) (elapsed time: 14690.206) (secs/iter:  0.973) (n_accepted: 80%) (u_error:  1.053762 %) (beta_change: 10.077889 %) (delta_change:  3.343590 %) (delta_peak/R: 10.842493 %)
iter:  14200 (Jcost: 3.456600e+00) (lr = 2.455e-03) (elapsed time: 14780.550) (secs/iter:  0.903) (n_accepted: 83%) (u_error:  1.053762 %) (beta_change: 10.107068 %) (delta_change:  3.343758 %) (delta_peak/R: 10.841582 %)
iter:  14300 (Jcost: 3.456547e+00) (lr = 6.352e-05) (elapsed time: 14871.340) (secs/iter:  0.908) (n_accepted: 75%) (u_error:  1.053761 %) (beta_change: 10.137718 %) (delta_change:  3.344118 %) (delta_peak/R: 10.840793 %)
iter:  14400 (Jcost: 3.456491e+00) (lr = 3.141e-04) (elapsed time: 14963.498) (secs/iter:  0.922) (n_accepted: 81%) (u_error:  1.053760 %) (beta_change: 10.172923 %) (delta_change:  3.344674 %) (delta_peak/R: 10.840027 %)
iter:  14500 (Jcost: 3.456451e+00) (lr = 6.470e-04) (elapsed time: 15052.737) (secs/iter:  0.892) (n_accepted: 80%) (u_error:  1.053760 %) (beta_change: 10.194412 %) (delta_change:  3.344712 %) (delta_peak/R: 10.839331 %)
-> Saved file: /media/rafael/DATA/Dropbox/20220924_FIML_solver/data/output/field_inversion/Beta_k__1__Beta_e__1/u_imp_1000/FI_run_T31_CP150_u_imp_1000_k_imp_1_e_imp_1/FI_run_T31_CP150_u_imp_1000_k_imp_1_e_imp_1_state_iter_14500.dat
iter:  14600 (Jcost: 3.456382e+00) (lr = 4.018e-05) (elapsed time: 15150.675) (secs/iter:  0.979) (n_accepted: 76%) (u_error:  1.053760 %) (beta_change: 10.235494 %) (delta_change:  3.345096 %) (delta_peak/R: 10.838277 %)
iter:  14700 (Jcost: 3.456341e+00) (lr = 1.144e-03) (elapsed time: 15240.845) (secs/iter:  0.902) (n_accepted: 83%) (u_error:  1.053759 %) (beta_change: 10.260338 %) (delta_change:  3.345340 %) (delta_peak/R: 10.837667 %)
iter:  14800 (Jcost: 3.456281e+00) (lr = 4.093e-04) (elapsed time: 15329.606) (secs/iter:  0.888) (n_accepted: 78%) (u_error:  1.053759 %) (beta_change: 10.296199 %) (delta_change:  3.345640 %) (delta_peak/R: 10.836767 %)
iter:  14900 (Jcost: 3.456228e+00) (lr = 6.099e-05) (elapsed time: 15421.544) (secs/iter:  0.919) (n_accepted: 77%) (u_error:  1.053758 %) (beta_change: 10.328246 %) (delta_change:  3.345895 %) (delta_peak/R: 10.835975 %)
iter:  15000 (Jcost: 3.456172e+00) (lr = 5.235e-05) (elapsed time: 15508.838) (secs/iter:  0.873) (n_accepted: 79%) (u_error:  1.053758 %) (beta_change: 10.362096 %) (delta_change:  3.346154 %) (delta_peak/R: 10.835151 %)
-> Saved file: /media/rafael/DATA/Dropbox/20220924_FIML_solver/data/output/field_inversion/Beta_k__1__Beta_e__1/u_imp_1000/FI_run_T31_CP150_u_imp_1000_k_imp_1_e_imp_1/FI_run_T31_CP150_u_imp_1000_k_imp_1_e_imp_1_state_iter_15000.dat
iter:  15000 (Jcost: 3.456172e+00) (lr = 6.283e-05) (elapsed time: 15514.754) (secs/iter:   None) (n_accepted: 0%) (u_error:  1.053758 %) (beta_change: 10.362119 %) (delta_change:  3.346144 %) (delta_peak/R: 10.835142 %)
