# ------------------------------------------------------------------------
#                  Input Arguments
# ------------------------------------------------------------------------
# Begin_Input_Arguments
{ 'all_b_mode': ['Beta_k', 'Beta_e'],
  'args_mk_solver': { 'torch': "<module 'torch' from "
                               "'/home/rafael/anaconda3/lib/python3.9/site-packages/torch/__init__.py'>",
                      'y_grid': [0.0, 0.000309700312, 0.000638645973, 0.00098802599, 0.00135910194, 0.00175321227, 0.00217177688, 0.00261630193, 0.00308838486, 0.00358971984, 0.00412210331, 0.00468744001, 0.00528774917, 0.00592517114, 0.00660197432, 0.0073205624, 0.00808348206, 0.00889343092, 0.00975326602, 0.0106660126, 0.0116348733, 0.0126632377, 0.0137546927, 0.0149130326, 0.0161422702, 0.0174466482, 0.0188306506, 0.0202990157, 0.0218567475, 0.02350913, 0.0252617393, 0.0271204584, 0.0290914903, 0.0311813732, 0.033396994, 0.0357456039, 0.0382348325, 0.0408727029, 0.0436676462, 0.0466285159, 0.0497646022, 0.0530856456, 0.0566018496, 0.0603238931, 0.0642629411, 0.068430655, 0.0728392004, 0.0775012535, 0.0824300053, 0.0876391634, 0.0931429507, 0.0989561006, 0.105093849, 0.111571922, 0.118406518, 0.125614286, 0.133212296, 0.141218006, 0.14964922, 0.158524039, 0.167860801, 0.177678022, 0.187994313, 0.1988283, 0.21019853, 0.222123362, 0.234620856, 0.247708641, 0.261403784, 0.275722637, 0.290680679, 0.306292354, 0.322570888, 0.339528108, 0.357174255, 0.375517785, 0.394565175, 0.414320726, 0.43478637, 0.45596148, 0.47784269, 0.500423731, 0.523695275, 0.547644806, 0.572256506, 0.597511177, 0.623386184, 0.649855436, 0.676889401, 0.704455158, 0.73251649, 0.761034018, 0.789965372, 0.819265404, 0.848886442, 0.878778572, 0.908889961, 0.939167201, 0.969555687, 1.0],
                      'Ret': 395,
                      'cp': 1.0,
                      'A_sca_rho': 1.0,
                      'A_sca_mu': 0.002531645569620253,
                      'A_sca_k': 0.002531645569620253,
                      'b_exp_rho': -1,
                      'b_exp_mu': -0.5,
                      'b_exp_k': -0.5,
                      'tensor_device': 'cpu',
                      'as_tensor': '<function '
                                   'Build_arguments_fi_run._mk_args_MK_solver.<locals>.<lambda> '
                                   'at 0x7fa0dc1303a0>',
                      'ref_dns': { 'u_dns': [1.7432837480471617e-17, 0.12027669467947424, 0.2488704548628635, 0.3863349433875872, 0.5332491379304491, 0.6902150327759791, 0.8578541928576389, 1.0368028272611538, 1.2277049993610252, 1.4312036009758828, 1.6479291069988276, 1.8785525145637678, 2.123856504257327, 2.3846508052574347, 2.661754117339089, 2.955965402380132, 3.267909043635591, 3.598033615182029, 3.9466188672728326, 4.313738981955232, 4.699239957261714, 5.102628186236999, 5.523054593649455, 5.959514864796417, 6.410581579933639, 6.874420974390492, 7.3489060439416605, 7.8313991644538765, 8.319344111899058, 8.809945397579833, 9.30022340247517, 9.787023784880818, 10.267687122050237, 10.73993889265944, 11.20108108373553, 11.648662922544139, 12.081548813185062, 12.49859300575985, 12.898698379044216, 13.281925175043767, 13.64721262226022, 13.994405567396186, 14.325911384829688, 14.639438426467267, 14.937749392707852, 15.221353957236095, 15.489845772699685, 15.745368785155058, 15.989078647750949, 16.22178190881966, 16.443774134853506, 16.657162970665787, 16.86272845398083, 17.061674199253165, 17.255556101485585, 17.444878613676202, 17.630944155582498, 17.815524900439982, 17.997843165609503, 18.17878060109179, 18.358751641110455, 18.538478437519416, 18.719534450971462, 18.901309533711856, 19.084181616754428, 19.267441331838, 19.45268652380836, 19.639647295514653, 19.82983581416468, 20.021548534728968, 20.214400515870782, 20.408332158967784, 20.604943523472592, 20.804007856438286, 21.00453843351122, 21.207929422672436, 21.412148994020875, 21.618653711912835, 21.82465320228124, 22.03203893224057, 22.239503361803532, 22.44739275113946, 22.65348629046666, 22.858234819421035, 23.06042103843732, 23.257375459412703, 23.44769077862449, 23.631546690878206, 23.809304708949625, 23.979585266964207, 24.142451347310015, 24.294975416609937, 24.43479630211543, 24.559727738592134, 24.66811799193461, 24.7580203923182, 24.827183806158867, 24.875874616258976, 24.90524993626688, 24.915193092289936],
                                   'T_dns': [1.0, 1.0053373339184222, 1.0110474839151784, 1.0171552986529768, 1.0236866875504866, 1.0306684877123666, 1.038128271203646, 1.0460940758450252, 1.054594040041861, 1.063655922094632, 1.0733065124127457, 1.0835749490591766, 1.094497173292773, 1.1061110330858208, 1.1184554629002064, 1.131568718412909, 1.1454765790898511, 1.1601931407875716, 1.175722503124559, 1.1920617189046383, 1.209211495674859, 1.2271639613839003, 1.2458943266464262, 1.2653469068916698, 1.285434841299312, 1.3060639735188233, 1.3271604321695156, 1.3486317788272908, 1.3703426138701373, 1.3921222985605914, 1.4138466582727693, 1.4354281003295732, 1.4567400794771388, 1.4776273562317386, 1.4979634987912438, 1.5176653393303337, 1.5367302813499373, 1.5551162984117564, 1.5727431089012218, 1.589612329702312, 1.6057016906417023, 1.621001924649821, 1.635589682014747, 1.6495032206456117, 1.662747761231781, 1.675348566809943, 1.687352645660501, 1.6988369510779742, 1.709881223589422, 1.7204333734871373, 1.7305249057505396, 1.74031382341605, 1.7497744487102764, 1.7588298276066614, 1.7678316588648897, 1.7765796525065665, 1.7851761847264773, 1.7936497087833922, 1.8019895128792023, 1.810162657030067, 1.8182232193972256, 1.8261494925035997, 1.834045176806869, 1.8419069260732779, 1.8497309876970767, 1.8575407339600873, 1.8652723658450434, 1.872991395874166, 1.8806510581838018, 1.888303165770126, 1.8960307999376667, 1.903609694529181, 1.9112893880531754, 1.9189727568067925, 1.926570399479897, 1.9342711709286557, 1.9419181456540462, 1.949547824495566, 1.9570595814127558, 1.964437237660621, 1.9717744719306045, 1.979047406051728, 1.9862166411531146, 1.9932507531285724, 2.000170954313582, 2.0069746746085175, 2.0133496910705393, 2.0195220892134005, 2.0252625206193966, 2.030811238190491, 2.0358599912750557, 2.0405877381272206, 2.0448952467596273, 2.048766839092658, 2.0521514761477153, 2.0550515802961793, 2.057282275427125, 2.0588082674660337, 2.0597550500933735, 2.060118600748105],
                                   'mu_dns': [0.002531645569620253, 0.0025249163757530796, 0.0025177762235844884, 0.002510205469177133, 0.0025021847713437282, 0.002493695407338433, 0.00248471965390931, 0.002475241244878254, 0.0024652459163109555, 0.0024547220465672755, 0.002443661362540815, 0.0024320551915190175, 0.002419889762429199, 0.00240715215238648, 0.0023938313861418, 0.002379920433659149, 0.002365428349258079, 0.0023503782393331416, 0.0023348043247142882, 0.0023187478998018428, 0.002302246231452505, 0.00228534414098153, 0.002268100531030247, 0.002250598890694744, 0.002232944201872561, 0.002215239462412331, 0.002197562278659529, 0.002179998575599579, 0.002162660373511192, 0.0021456763255603456, 0.002129127892974737, 0.0021130617199596733, 0.00209754781564134, 0.0020826699122229544, 0.0020684845857539044, 0.0020550145280502155, 0.002042227311093239, 0.002030118869363477, 0.002018710346372041, 0.0020079703378388775, 0.00199788493473346, 0.001988433810653222, 0.001979546570190397, 0.0019711801651611867, 0.0019633137967077336, 0.0019559165213849784, 0.0019489467620861802, 0.0019423480549879124, 0.001936064994779644, 0.0019301185074816138, 0.0019244825491567333, 0.0019190625017558886, 0.0019138675069052457, 0.0019089343519811679, 0.0019040679847862406, 0.00189937432244464, 0.0018947955763466517, 0.0018903146001769077, 0.001885935236138076, 0.0018816727851909583, 0.0018774972285162247, 0.0018734182253795973, 0.0018693812819422103, 0.001865387507194614, 0.001861438183440456, 0.0018575209955521723, 0.0018536672468523138, 0.0018498436078857724, 0.0018460726706647562, 0.0018423283865583362, 0.0018385701734369086, 0.0018349065478140297, 0.0018312164463289034, 0.001827546768617689, 0.001823939642793739, 0.001820305263536403, 0.001816717687263673, 0.0018131592824952847, 0.0018096762239227177, 0.001806274810052685, 0.0018029109837838825, 0.0017995951152714777, 0.0017963443662274649, 0.0017931719467923967, 0.0017900672465447972, 0.0017870304727232603, 0.0017841990269131251, 0.001781470357967369, 0.0017789438546022547, 0.0017765119179165155, 0.001774307754158442, 0.0017722511549488056, 0.0017703835747903312, 0.001768710020597735, 0.0017672508417897015, 0.001766003422744849, 0.0017650457311990519, 0.0017643914825596005, 0.001763985927731215, 0.0017638302749125323],
                                   'rho_dns': [1.0, 0.9946910019767999, 0.9890732294071906, 0.9831340418953766, 0.9768613894870852, 0.9702440813142185, 0.9632721001235824, 0.9559369688545546, 0.9482321746862007, 0.940153652349083, 0.9317003003662432, 0.922871095228123, 0.9136615647818621, 0.9040683711563811, 0.894090138740933, 0.8837289187373067, 0.8729990802557999, 0.8619254543438966, 0.8505408353947763, 0.838882739157902, 0.8269851912397687, 0.8148870334101709, 0.8026362899425828, 0.79029710710441, 0.7779468611487178, 0.7656592787761998, 0.7534884070988276, 0.7414922410248665, 0.7297445105175475, 0.7183276936472945, 0.7072902808439308, 0.6966562795938025, 0.6864642595396466, 0.6767606161205697, 0.6675730088262718, 0.6589067919553646, 0.6507322801770733, 0.6430387238699139, 0.6358317479442895, 0.629084199533902, 0.6227806857451587, 0.616902413743911, 0.6114002863897888, 0.6062431327709699, 0.6014141310641066, 0.5968907126617331, 0.5926443429426442, 0.5886380087067588, 0.5848359442773323, 0.5812488965923193, 0.5778593516204228, 0.57460900818285, 0.571502230322931, 0.568559836946111, 0.565664719819585, 0.5628793499852964, 0.5601687993351866, 0.5575224611043402, 0.5549421863183928, 0.5524365427141776, 0.5499874764175096, 0.5476002945569522, 0.5452428395144725, 0.5429155978754467, 0.5406191530829055, 0.5383462024372957, 0.536114734936825, 0.5339052823215337, 0.531730751246182, 0.5295759802384061, 0.5274175926007508, 0.525317770167865, 0.523207006877484, 0.5211121400514405, 0.519057076902024, 0.5169905931648113, 0.5149547637926808, 0.5129394557216077, 0.5109706467281508, 0.5090516412684504, 0.5071573926103626, 0.5052936058742709, 0.5034697521310876, 0.5016930250398336, 0.49995726507446436, 0.498262390976638, 0.49668470630567885, 0.4951666561812641, 0.4937631491319776, 0.49241405660677146, 0.4911929132089784, 0.49005489022381593, 0.48902260474448045, 0.48809848974462716, 0.4872934632862449, 0.48660579110908614, 0.48607816824377387, 0.48571788631429613, 0.48549462226329665, 0.4854089466678584]},
                      'case': 'T61_CReStar_tauCPrStar',
                      'constant_Sq_heat': 0.04443037974683545,
                      'use_visc_heating': False,
                      'Pr_turb': 1.0,
                      'fprint': '<function '
                                'Build_arguments_fi_run._mk_args_MK_solver.<locals>.<lambda> '
                                'at 0x7fa0dc1301f0>',
                      'compressible_correction': False,
                      'bool_solve_energy': False,
                      'output_last': False},
  'u_imp': 0.1,
  'k_imp': 1,
  'e_imp': 1,
  'solve_sparse_adj': True,
  'all_ref_beta_distrib': {'K': [1.0, 0.99997544, 0.9999504, 0.9999253, 0.99990042, 0.99987613, 0.99985297, 0.99983161, 0.9998129, 0.99979787, 0.99978771, 0.99978381, 0.99978774, 0.99980124, 0.99982628, 0.999865, 0.99991977, 0.99999321, 1.00008815, 1.00020765, 1.00035472, 1.00053195, 1.00074101, 1.0009824, 1.00125566, 1.00155991, 1.0018947, 1.00226068, 1.00265925, 1.00309086, 1.00355387, 1.00404467, 1.0045585, 1.00509044, 1.00563607, 1.00619148, 1.0067535, 1.00731881, 1.00788377, 1.0084452, 1.00899954, 1.00954307, 1.01007267, 1.01058479, 1.01107543, 1.01154071, 1.01197686, 1.01238041, 1.01274825, 1.01307585, 1.01335979, 1.01359851, 1.01378847, 1.01392511, 1.01401014, 1.01403772, 1.01400737, 1.01391881, 1.0137739, 1.01357744, 1.01333893, 1.01306957, 1.01278412, 1.01249609, 1.01221819, 1.01196202, 1.01173623, 1.01154988, 1.0114092, 1.01132054, 1.01128929, 1.01131517, 1.01140058, 1.01154047, 1.01172656, 1.01194889, 1.01219123, 1.01243628, 1.01266398, 1.01285389, 1.012986, 1.01304145, 1.01300444, 1.01286326, 1.01261108, 1.01224712, 1.01177625, 1.0112095, 1.01056222, 1.00985507, 1.00911172, 1.00835891, 1.00762377, 1.00693259, 1.0063086, 1.00577115, 1.00533512, 1.00501236, 1.00481251, 1.00237036], 'E': [1.0, 0.99998758, 0.99997946, 0.99996954, 0.99995746, 0.99994281, 0.99992506, 0.99990362, 0.99987781, 0.9998468, 0.99980966, 0.99976537, 0.99971277, 0.99965075, 0.99957845, 0.99949567, 0.99940355, 0.99930477, 0.99920198, 0.9990931, 0.99896621, 0.9988022, 0.99858782, 0.99832247, 0.99800647, 0.9976332, 0.99719215, 0.99667161, 0.99606006, 0.99534691, 0.99452178, 0.99357371, 0.99249096, 0.99126101, 0.98987038, 0.98830478, 0.98654868, 0.98458682, 0.98240503, 0.97998874, 0.97732514, 0.97440308, 0.97121112, 0.96773988, 0.96398095, 0.95992216, 0.95554419, 0.95082698, 0.94578054, 0.94050303, 0.93520929, 0.93022083, 0.92592903, 0.92270807, 0.92081126, 0.92038349, 0.92140301, 0.92372854, 0.92713212, 0.93134183, 0.93607768, 0.94108261, 0.94613584, 0.95106229, 0.95573115, 0.96005278, 0.96397325, 0.96746748, 0.97053319, 0.97318491, 0.97544871, 0.97735849, 0.9789538, 0.98027676, 0.9813702, 0.98227703, 0.98303826, 0.9836924, 0.98427486, 0.98481771, 0.98534924, 0.98589296, 0.98646716, 0.98708489, 0.98775381, 0.98847554, 0.98924622, 0.99005733, 0.99089638, 0.9917469, 0.99258991, 0.99340446, 0.99416968, 0.99486598, 0.99547699, 0.99599022, 0.99639746, 0.99669329, 0.99687388, 0.99846893]},
  'all_ref_delta_distrib': {'K': [-0.0, 0.0011528032894508467, 0.002340487981406927, 0.003548791980981162, 0.00477137040391445, 0.005998506822690464, 0.007212585219033523, 0.008388946364953343, 0.00949189402999132, 0.01047243648150141, 0.011266323484371715, 0.01178807218180617, 0.011927089004945716, 0.011542637417608258, 0.010454095249585278, 0.008437851677705771, 0.005217961166599494, 0.000460114936441721, -0.006228050004715358, -0.015297400074142771, -0.027230492588845672, -0.04249174360259195, -0.06143868227878996, -0.08422709956761744, -0.1107585862211543, -0.1406858127952321, -0.1734839068474526, -0.2085529033304241, -0.245253303866696, -0.28282037761981454, -0.32031726152245427, -0.35671949581298396, -0.39107173528685374, -0.4226155784625794, -0.45083635116156234, -0.4754354733590741, -0.4962978925532644, -0.5134229809241377, -0.5268884900193614, -0.5368399927032423, -0.5434461100588626, -0.5468889393061004, -0.5473704319662658, -0.5450838428045589, -0.5402114433526459, -0.5329351886253062, -0.5234316477463591, -0.511874736038631, -0.49844279122850826, -0.48328832038163666, -0.46657813696147243, -0.44850099866525533, -0.4292183704142082, -0.40887501049418024, -0.38770078561491583, -0.36583046553172255, -0.34348175481138465, -0.3208791470284417, -0.29828282835723796, -0.2759841545826001, -0.2543036797674279, -0.23353796460941875, -0.21395881484132692, -0.19575762007792163, -0.1790521148679954, -0.1638922566405041, -0.15026001030707659, -0.13810946818435035, -0.12735428702695248, -0.11789652542559328, -0.1096241624054896, -0.10239256380709812, -0.0960682685723617, -0.09048717851282902, -0.08548460414068146, -0.0809000648683058, -0.07657719532617609, -0.07238097344583022, -0.0682000255406249, -0.06395109285623185, -0.0595790002287513, -0.0550625333054982, -0.05041264407073204, -0.045667608917901815, -0.04088641127567591, -0.03614588400235654, -0.03153539733073039, -0.02713617088862631, -0.0230280074994865, -0.019274553623596275, -0.01592806350503985, -0.013018133240008995, -0.010555770912875172, -0.008531969613818902, -0.006920822556336447, -0.005684683267733944, -0.004780956221949068, -0.004168607744586529, -0.0038142268449789358, -0.0018475510832127154], 'E': [-0.0, 0.012705382295196894, 0.027924982923445783, 0.04627493610502939, 0.06847203579486982, 0.09538109313236601, 0.12816597169775162, 0.16823448627725313, 0.2173386712304256, 0.27775262700582903, 0.3522834614986798, 0.4443880964184387, 0.5584829014092205, 0.6999602814722655, 0.8754527967669011, 1.0931218469612605, 1.3627346038058388, 1.6958985931559145, 2.1060831352039475, 2.6085624631743145, 3.2208166763080928, 3.9637912271332496, 4.860285648512179, 5.927585921704603, 7.174887463714, 8.606526497945948, 10.221232297150415, 12.008005942752675, 13.942548470582564, 15.987247276293786, 18.096922194620404, 20.225548048126242, 22.331194145906966, 24.37841279568906, 26.3391163800264, 28.191939384839284, 29.92184973837322, 31.517996662631653, 32.972429846801404, 34.280665030124176, 35.43943051811902, 36.44663662641438, 37.3023153453554, 38.007335732254845, 38.56477598340025, 38.98283408031856, 39.275149204924965, 39.4520664658297, 39.49870089529694, 39.350138924692885, 38.8949180205321, 38.006281435383066, 36.58455675551782, 34.596771952196534, 32.092648189417446, 29.186253199721328, 26.0346732925909, 22.80329792233955, 19.642050714561588, 16.669116061702443, 13.964252561661677, 11.571143888264888, 9.502663667226402, 7.749878246975767, 6.289188781576077, 5.088653202918458, 4.113259304161618, 3.327827220951537, 2.699764133556774, 2.199822328993742, 1.802787326819933, 1.4877349234098383, 1.2369592812544892, 1.0363899666590823, 0.8747766590722793, 0.7431126209828988, 0.6345598030585601, 0.5438089815477297, 0.46688442396157737, 0.4007923862896684, 0.3433090327583802, 0.2928585124977469, 0.24833047057838356, 0.20894595440792074, 0.17415530782579977, 0.1435770644792333, 0.11694282968900283, 0.09398658769726512, 0.07447975040504044, 0.05816737325982355, 0.04479149944139355, 0.03405554898991542, 0.025645123480500725, 0.01922951444872604, 0.014476306651412231, 0.011069703834990341, 0.008729214964526678, 0.007224797030585713, 0.006387535672132481, 0.003056338500777924]},
  'fname_print': '/media/rafael/DATA/Dropbox/20220924_FIML_solver/data/output/field_inversion/Beta_k__1__Beta_e__1/u_imp_0.1/FI_run_T61_CReStar_tauCPrStar_u_imp_0.1_k_imp_1_e_imp_1/FI_run_T61_CReStar_tauCPrStar_u_imp_0.1_k_imp_1_e_imp_1.log',
  'folder': '/media/rafael/DATA/Dropbox/20220924_FIML_solver/data/output/field_inversion/Beta_k__1__Beta_e__1/u_imp_0.1/FI_run_T61_CReStar_tauCPrStar_u_imp_0.1_k_imp_1_e_imp_1',
  'iters_limit': 15000}
# End_Input_Arguments

# ------------------------------------------------------------------------
#                  Iterations
# ------------------------------------------------------------------------

iter:      0 (Jcost: 2.547808e-02) (lr = 1.000e-03) (elapsed time:  0.002) (secs/iter:   None) (n_accepted: 0%) (u_error:  7.778034 %) (beta_change:  4.682711 %) (delta_change:  0.657865 %) (delta_peak/R:  0.000000 %)
-> Saved file: /media/rafael/DATA/Dropbox/20220924_FIML_solver/data/output/field_inversion/Beta_k__1__Beta_e__1/u_imp_0.1/FI_run_T61_CReStar_tauCPrStar_u_imp_0.1_k_imp_1_e_imp_1/FI_run_T61_CReStar_tauCPrStar_u_imp_0.1_k_imp_1_e_imp_1_state_iter_0.dat
iter:    100 (Jcost: 5.514236e-03) (lr = 7.874e-01) (elapsed time: 139.160) (secs/iter:  1.392) (n_accepted: 87%) (u_error:  4.451726 %) (beta_change:  0.603566 %) (delta_change:  0.039014 %) (delta_peak/R:  0.630079 %)
iter:    200 (Jcost: 5.496177e-03) (lr = 1.622e+00) (elapsed time: 264.441) (secs/iter:  1.253) (n_accepted: 80%) (u_error:  4.466691 %) (beta_change:  1.896691 %) (delta_change:  0.103525 %) (delta_peak/R:  0.616511 %)
iter:    300 (Jcost: 5.491540e-03) (lr = 8.021e+00) (elapsed time: 379.664) (secs/iter:  1.152) (n_accepted: 81%) (u_error:  4.462493 %) (beta_change:  2.326369 %) (delta_change:  0.117500 %) (delta_peak/R:  0.615406 %)
iter:    400 (Jcost: 5.488507e-03) (lr = 2.869e+00) (elapsed time: 494.849) (secs/iter:  1.152) (n_accepted: 78%) (u_error:  4.464809 %) (beta_change:  2.525866 %) (delta_change:  0.120939 %) (delta_peak/R:  0.614230 %)
iter:    500 (Jcost: 5.485921e-03) (lr = 2.462e+00) (elapsed time: 607.418) (secs/iter:  1.126) (n_accepted: 79%) (u_error:  4.466832 %) (beta_change:  2.649070 %) (delta_change:  0.122304 %) (delta_peak/R:  0.613409 %)
-> Saved file: /media/rafael/DATA/Dropbox/20220924_FIML_solver/data/output/field_inversion/Beta_k__1__Beta_e__1/u_imp_0.1/FI_run_T61_CReStar_tauCPrStar_u_imp_0.1_k_imp_1_e_imp_1/FI_run_T61_CReStar_tauCPrStar_u_imp_0.1_k_imp_1_e_imp_1_state_iter_500.dat
iter:    600 (Jcost: 5.483802e-03) (lr = 2.114e+00) (elapsed time: 729.284) (secs/iter:  1.219) (n_accepted: 79%) (u_error:  4.466149 %) (beta_change:  2.859587 %) (delta_change:  0.123289 %) (delta_peak/R:  0.613286 %)
iter:    700 (Jcost: 5.481825e-03) (lr = 1.814e+00) (elapsed time: 840.597) (secs/iter:  1.113) (n_accepted: 79%) (u_error:  4.463320 %) (beta_change:  3.076859 %) (delta_change:  0.123886 %) (delta_peak/R:  0.613648 %)
iter:    800 (Jcost: 5.480119e-03) (lr = 3.738e+00) (elapsed time: 942.861) (secs/iter:  1.023) (n_accepted: 80%) (u_error:  4.464338 %) (beta_change:  3.267788 %) (delta_change:  0.124251 %) (delta_peak/R:  0.613254 %)
iter:    900 (Jcost: 5.478556e-03) (lr = 3.209e+00) (elapsed time: 1032.103) (secs/iter:  0.892) (n_accepted: 79%) (u_error:  4.462976 %) (beta_change:  3.466495 %) (delta_change:  0.124583 %) (delta_peak/R:  0.613365 %)
iter:   1000 (Jcost: 5.477045e-03) (lr = 2.754e+00) (elapsed time: 1147.592) (secs/iter:  1.155) (n_accepted: 79%) (u_error:  4.462076 %) (beta_change:  3.823759 %) (delta_change:  0.124894 %) (delta_peak/R:  0.613381 %)
-> Saved file: /media/rafael/DATA/Dropbox/20220924_FIML_solver/data/output/field_inversion/Beta_k__1__Beta_e__1/u_imp_0.1/FI_run_T61_CReStar_tauCPrStar_u_imp_0.1_k_imp_1_e_imp_1/FI_run_T61_CReStar_tauCPrStar_u_imp_0.1_k_imp_1_e_imp_1_state_iter_1000.dat
iter:   1100 (Jcost: 5.475850e-03) (lr = 9.852e-01) (elapsed time: 1265.861) (secs/iter:  1.183) (n_accepted: 78%) (u_error:  4.460890 %) (beta_change:  4.120551 %) (delta_change:  0.125144 %) (delta_peak/R:  0.613487 %)
iter:   1200 (Jcost: 5.474687e-03) (lr = 2.030e+00) (elapsed time: 1359.416) (secs/iter:  0.936) (n_accepted: 80%) (u_error:  4.460541 %) (beta_change:  4.421520 %) (delta_change:  0.125378 %) (delta_peak/R:  0.613418 %)
iter:   1300 (Jcost: 5.473550e-03) (lr = 4.181e+00) (elapsed time: 1464.717) (secs/iter:  1.053) (n_accepted: 80%) (u_error:  4.456965 %) (beta_change:  4.731980 %) (delta_change:  0.125642 %) (delta_peak/R:  0.614011 %)
iter:   1400 (Jcost: 5.472527e-03) (lr = 3.589e+00) (elapsed time: 1564.207) (secs/iter:  0.995) (n_accepted: 79%) (u_error:  4.458599 %) (beta_change:  5.013709 %) (delta_change:  0.125817 %) (delta_peak/R:  0.613540 %)
iter:   1500 (Jcost: 5.471576e-03) (lr = 3.081e+00) (elapsed time: 1671.929) (secs/iter:  1.077) (n_accepted: 79%) (u_error:  4.457815 %) (beta_change:  5.287375 %) (delta_change:  0.126002 %) (delta_peak/R:  0.613572 %)
-> Saved file: /media/rafael/DATA/Dropbox/20220924_FIML_solver/data/output/field_inversion/Beta_k__1__Beta_e__1/u_imp_0.1/FI_run_T61_CReStar_tauCPrStar_u_imp_0.1_k_imp_1_e_imp_1/FI_run_T61_CReStar_tauCPrStar_u_imp_0.1_k_imp_1_e_imp_1_state_iter_1500.dat
iter:   1600 (Jcost: 5.470716e-03) (lr = 2.645e+00) (elapsed time: 1783.164) (secs/iter:  1.112) (n_accepted: 79%) (u_error:  4.457459 %) (beta_change:  5.541093 %) (delta_change:  0.126161 %) (delta_peak/R:  0.613523 %)
iter:   1700 (Jcost: 5.469908e-03) (lr = 2.270e+00) (elapsed time: 1894.245) (secs/iter:  1.111) (n_accepted: 79%) (u_error:  4.454774 %) (beta_change:  5.787755 %) (delta_change:  0.126332 %) (delta_peak/R:  0.613958 %)
iter:   1800 (Jcost: 5.469134e-03) (lr = 3.383e-01) (elapsed time: 1993.877) (secs/iter:  0.996) (n_accepted: 77%) (u_error:  4.456138 %) (beta_change:  6.022608 %) (delta_change:  0.126444 %) (delta_peak/R:  0.613560 %)
iter:   1900 (Jcost: 5.468359e-03) (lr = 4.015e+00) (elapsed time: 2083.898) (secs/iter:  0.900) (n_accepted: 82%) (u_error:  4.455736 %) (beta_change:  6.278208 %) (delta_change:  0.126572 %) (delta_peak/R:  0.613521 %)
iter:   2000 (Jcost: 5.467624e-03) (lr = 1.436e+00) (elapsed time: 2191.153) (secs/iter:  1.073) (n_accepted: 78%) (u_error:  4.453388 %) (beta_change:  6.530821 %) (delta_change:  0.126711 %) (delta_peak/R:  0.613886 %)
-> Saved file: /media/rafael/DATA/Dropbox/20220924_FIML_solver/data/output/field_inversion/Beta_k__1__Beta_e__1/u_imp_0.1/FI_run_T61_CReStar_tauCPrStar_u_imp_0.1_k_imp_1_e_imp_1/FI_run_T61_CReStar_tauCPrStar_u_imp_0.1_k_imp_1_e_imp_1_state_iter_2000.dat
iter:   2100 (Jcost: 5.466987e-03) (lr = 2.958e+00) (elapsed time: 2307.306) (secs/iter:  1.162) (n_accepted: 80%) (u_error:  4.454540 %) (beta_change:  6.749215 %) (delta_change:  0.126790 %) (delta_peak/R:  0.613544 %)
iter:   2200 (Jcost: 5.466340e-03) (lr = 2.539e+00) (elapsed time: 2415.467) (secs/iter:  1.082) (n_accepted: 79%) (u_error:  4.454082 %) (beta_change:  6.977656 %) (delta_change:  0.126884 %) (delta_peak/R:  0.613528 %)
iter:   2300 (Jcost: 5.465695e-03) (lr = 5.231e+00) (elapsed time: 2524.325) (secs/iter:  1.089) (n_accepted: 80%) (u_error:  4.452360 %) (beta_change:  7.210661 %) (delta_change:  0.126988 %) (delta_peak/R:  0.613770 %)
iter:   2400 (Jcost: 5.465140e-03) (lr = 1.871e+00) (elapsed time: 2638.031) (secs/iter:  1.137) (n_accepted: 78%) (u_error:  4.452806 %) (beta_change:  7.411277 %) (delta_change:  0.127052 %) (delta_peak/R:  0.613579 %)
iter:   2500 (Jcost: 5.464570e-03) (lr = 6.692e-01) (elapsed time: 2746.997) (secs/iter:  1.090) (n_accepted: 78%) (u_error:  4.454953 %) (beta_change:  7.626541 %) (delta_change:  0.127096 %) (delta_peak/R:  0.613028 %)
-> Saved file: /media/rafael/DATA/Dropbox/20220924_FIML_solver/data/output/field_inversion/Beta_k__1__Beta_e__1/u_imp_0.1/FI_run_T61_CReStar_tauCPrStar_u_imp_0.1_k_imp_1_e_imp_1/FI_run_T61_CReStar_tauCPrStar_u_imp_0.1_k_imp_1_e_imp_1_state_iter_2500.dat
iter:   2600 (Jcost: 5.464004e-03) (lr = 3.309e+00) (elapsed time: 2858.931) (secs/iter:  1.119) (n_accepted: 81%) (u_error:  4.452960 %) (beta_change:  7.832662 %) (delta_change:  0.127180 %) (delta_peak/R:  0.613337 %)
iter:   2700 (Jcost: 5.463501e-03) (lr = 4.931e-01) (elapsed time: 2944.366) (secs/iter:  0.854) (n_accepted: 77%) (u_error:  4.452534 %) (beta_change:  8.021699 %) (delta_change:  0.127237 %) (delta_peak/R:  0.613329 %)
iter:   2800 (Jcost: 5.463002e-03) (lr = 2.438e+00) (elapsed time: 3014.092) (secs/iter:  0.697) (n_accepted: 81%) (u_error:  4.453474 %) (beta_change:  8.214883 %) (delta_change:  0.127276 %) (delta_peak/R:  0.613036 %)
iter:   2900 (Jcost: 5.462530e-03) (lr = 2.093e+00) (elapsed time: 3123.356) (secs/iter:  1.093) (n_accepted: 79%) (u_error:  4.450963 %) (beta_change:  8.391092 %) (delta_change:  0.127347 %) (delta_peak/R:  0.613464 %)
iter:   3000 (Jcost: 5.462058e-03) (lr = 7.485e-01) (elapsed time: 3232.252) (secs/iter:  1.089) (n_accepted: 78%) (u_error:  4.450788 %) (beta_change:  8.572440 %) (delta_change:  0.127390 %) (delta_peak/R:  0.613405 %)
-> Saved file: /media/rafael/DATA/Dropbox/20220924_FIML_solver/data/output/field_inversion/Beta_k__1__Beta_e__1/u_imp_0.1/FI_run_T61_CReStar_tauCPrStar_u_imp_0.1_k_imp_1_e_imp_1/FI_run_T61_CReStar_tauCPrStar_u_imp_0.1_k_imp_1_e_imp_1_state_iter_3000.dat
iter:   3100 (Jcost: 5.461569e-03) (lr = 1.542e+00) (elapsed time: 3338.574) (secs/iter:  1.063) (n_accepted: 80%) (u_error:  4.450400 %) (beta_change:  8.761458 %) (delta_change:  0.127433 %) (delta_peak/R:  0.613385 %)
iter:   3200 (Jcost: 5.461115e-03) (lr = 3.177e+00) (elapsed time: 3448.967) (secs/iter:  1.104) (n_accepted: 80%) (u_error:  4.450190 %) (beta_change:  8.937692 %) (delta_change:  0.127470 %) (delta_peak/R:  0.613334 %)
iter:   3300 (Jcost: 5.460685e-03) (lr = 1.136e+00) (elapsed time: 3561.970) (secs/iter:  1.130) (n_accepted: 78%) (u_error:  4.451052 %) (beta_change:  9.106960 %) (delta_change:  0.127490 %) (delta_peak/R:  0.613064 %)
iter:   3400 (Jcost: 5.460254e-03) (lr = 9.754e-01) (elapsed time: 3665.243) (secs/iter:  1.033) (n_accepted: 79%) (u_error:  4.450227 %) (beta_change:  9.273976 %) (delta_change:  0.127526 %) (delta_peak/R:  0.613143 %)
iter:   3500 (Jcost: 5.459871e-03) (lr = 2.009e+00) (elapsed time: 3775.455) (secs/iter:  1.102) (n_accepted: 80%) (u_error:  4.449020 %) (beta_change:  9.423063 %) (delta_change:  0.127562 %) (delta_peak/R:  0.613310 %)
-> Saved file: /media/rafael/DATA/Dropbox/20220924_FIML_solver/data/output/field_inversion/Beta_k__1__Beta_e__1/u_imp_0.1/FI_run_T61_CReStar_tauCPrStar_u_imp_0.1_k_imp_1_e_imp_1/FI_run_T61_CReStar_tauCPrStar_u_imp_0.1_k_imp_1_e_imp_1_state_iter_3500.dat
iter:   3600 (Jcost: 5.459459e-03) (lr = 1.725e+00) (elapsed time: 3885.980) (secs/iter:  1.105) (n_accepted: 79%) (u_error:  4.450137 %) (beta_change:  9.585550 %) (delta_change:  0.127572 %) (delta_peak/R:  0.612987 %)
iter:   3700 (Jcost: 5.459086e-03) (lr = 6.170e-01) (elapsed time: 3992.861) (secs/iter:  1.069) (n_accepted: 78%) (u_error:  4.448504 %) (beta_change:  9.729683 %) (delta_change:  0.127608 %) (delta_peak/R:  0.613243 %)
iter:   3800 (Jcost: 5.458682e-03) (lr = 5.296e-01) (elapsed time: 4101.001) (secs/iter:  1.081) (n_accepted: 79%) (u_error:  4.448217 %) (beta_change:  9.887241 %) (delta_change:  0.127629 %) (delta_peak/R:  0.613212 %)
iter:   3900 (Jcost: 5.458322e-03) (lr = 6.284e+00) (elapsed time: 4199.278) (secs/iter:  0.983) (n_accepted: 82%) (u_error:  4.448037 %) (beta_change: 10.031755 %) (delta_change:  0.127645 %) (delta_peak/R:  0.613167 %)
iter:   4000 (Jcost: 5.457942e-03) (lr = 2.248e+00) (elapsed time: 4308.892) (secs/iter:  1.096) (n_accepted: 78%) (u_error:  4.447463 %) (beta_change: 10.194413 %) (delta_change:  0.127665 %) (delta_peak/R:  0.613199 %)
-> Saved file: /media/rafael/DATA/Dropbox/20220924_FIML_solver/data/output/field_inversion/Beta_k__1__Beta_e__1/u_imp_0.1/FI_run_T61_CReStar_tauCPrStar_u_imp_0.1_k_imp_1_e_imp_1/FI_run_T61_CReStar_tauCPrStar_u_imp_0.1_k_imp_1_e_imp_1_state_iter_4000.dat
iter:   4100 (Jcost: 5.457582e-03) (lr = 4.631e+00) (elapsed time: 4417.028) (secs/iter:  1.081) (n_accepted: 80%) (u_error:  4.447492 %) (beta_change: 10.348071 %) (delta_change:  0.127676 %) (delta_peak/R:  0.613110 %)
iter:   4200 (Jcost: 5.457192e-03) (lr = 3.975e+00) (elapsed time: 4527.275) (secs/iter:  1.102) (n_accepted: 79%) (u_error:  4.445385 %) (beta_change: 10.604228 %) (delta_change:  0.127710 %) (delta_peak/R:  0.613453 %)
iter:   4300 (Jcost: 5.456817e-03) (lr = 8.189e+00) (elapsed time: 4631.129) (secs/iter:  1.039) (n_accepted: 80%) (u_error:  4.446051 %) (beta_change: 10.846300 %) (delta_change:  0.127710 %) (delta_peak/R:  0.613228 %)
iter:   4400 (Jcost: 5.456472e-03) (lr = 1.220e+00) (elapsed time: 4735.911) (secs/iter:  1.048) (n_accepted: 77%) (u_error:  4.446826 %) (beta_change: 11.075452 %) (delta_change:  0.127972 %) (delta_peak/R:  0.612987 %)
iter:   4500 (Jcost: 5.456153e-03) (lr = 2.514e+00) (elapsed time: 4841.113) (secs/iter:  1.052) (n_accepted: 80%) (u_error:  4.446456 %) (beta_change: 11.291007 %) (delta_change:  0.128590 %) (delta_peak/R:  0.612987 %)
-> Saved file: /media/rafael/DATA/Dropbox/20220924_FIML_solver/data/output/field_inversion/Beta_k__1__Beta_e__1/u_imp_0.1/FI_run_T61_CReStar_tauCPrStar_u_imp_0.1_k_imp_1_e_imp_1/FI_run_T61_CReStar_tauCPrStar_u_imp_0.1_k_imp_1_e_imp_1_state_iter_4500.dat
iter:   4600 (Jcost: 5.455785e-03) (lr = 2.158e+00) (elapsed time: 4923.263) (secs/iter:  0.822) (n_accepted: 79%) (u_error:  4.446684 %) (beta_change: 11.543879 %) (delta_change:  0.129298 %) (delta_peak/R:  0.612852 %)
iter:   4700 (Jcost: 5.455438e-03) (lr = 1.853e+00) (elapsed time: 5026.363) (secs/iter:  1.031) (n_accepted: 79%) (u_error:  4.447733 %) (beta_change: 11.794057 %) (delta_change:  0.129971 %) (delta_peak/R:  0.612549 %)
iter:   4800 (Jcost: 5.455077e-03) (lr = 9.160e+00) (elapsed time: 5126.842) (secs/iter:  1.005) (n_accepted: 81%) (u_error:  4.443564 %) (beta_change: 12.058108 %) (delta_change:  0.130737 %) (delta_peak/R:  0.613322 %)
iter:   4900 (Jcost: 5.454746e-03) (lr = 1.365e+00) (elapsed time: 5239.029) (secs/iter:  1.122) (n_accepted: 77%) (u_error:  4.447273 %) (beta_change: 12.298253 %) (delta_change:  0.131323 %) (delta_peak/R:  0.612475 %)
iter:   5000 (Jcost: 5.454413e-03) (lr = 6.749e+00) (elapsed time: 5330.752) (secs/iter:  0.917) (n_accepted: 81%) (u_error:  4.445260 %) (beta_change: 12.537572 %) (delta_change:  0.131980 %) (delta_peak/R:  0.612812 %)
-> Saved file: /media/rafael/DATA/Dropbox/20220924_FIML_solver/data/output/field_inversion/Beta_k__1__Beta_e__1/u_imp_0.1/FI_run_T61_CReStar_tauCPrStar_u_imp_0.1_k_imp_1_e_imp_1/FI_run_T61_CReStar_tauCPrStar_u_imp_0.1_k_imp_1_e_imp_1_state_iter_5000.dat
iter:   5100 (Jcost: 5.454070e-03) (lr = 1.006e+00) (elapsed time: 5426.366) (secs/iter:  0.956) (n_accepted: 77%) (u_error:  4.444979 %) (beta_change: 12.794389 %) (delta_change:  0.132653 %) (delta_peak/R:  0.612785 %)
iter:   5200 (Jcost: 5.453756e-03) (lr = 8.634e-01) (elapsed time: 5529.857) (secs/iter:  1.035) (n_accepted: 79%) (u_error:  4.444753 %) (beta_change: 13.032075 %) (delta_change:  0.133269 %) (delta_peak/R:  0.612754 %)
iter:   5300 (Jcost: 5.453390e-03) (lr = 1.779e+00) (elapsed time: 5632.901) (secs/iter:  1.030) (n_accepted: 80%) (u_error:  4.444446 %) (beta_change: 13.311664 %) (delta_change:  0.133988 %) (delta_peak/R:  0.612727 %)
iter:   5400 (Jcost: 5.453053e-03) (lr = 3.664e+00) (elapsed time: 5743.814) (secs/iter:  1.109) (n_accepted: 80%) (u_error:  4.444252 %) (beta_change: 13.571441 %) (delta_change:  0.134649 %) (delta_peak/R:  0.612683 %)
iter:   5500 (Jcost: 5.452731e-03) (lr = 1.311e+00) (elapsed time: 5851.874) (secs/iter:  1.081) (n_accepted: 78%) (u_error:  4.444055 %) (beta_change: 13.821225 %) (delta_change:  0.135280 %) (delta_peak/R:  0.612643 %)
-> Saved file: /media/rafael/DATA/Dropbox/20220924_FIML_solver/data/output/field_inversion/Beta_k__1__Beta_e__1/u_imp_0.1/FI_run_T61_CReStar_tauCPrStar_u_imp_0.1_k_imp_1_e_imp_1/FI_run_T61_CReStar_tauCPrStar_u_imp_0.1_k_imp_1_e_imp_1_state_iter_5500.dat
iter:   5600 (Jcost: 5.452381e-03) (lr = 1.125e+00) (elapsed time: 5961.565) (secs/iter:  1.097) (n_accepted: 79%) (u_error:  4.443838 %) (beta_change: 14.095251 %) (delta_change:  0.135966 %) (delta_peak/R:  0.612600 %)
iter:   5700 (Jcost: 5.452009e-03) (lr = 5.563e+00) (elapsed time: 6067.245) (secs/iter:  1.057) (n_accepted: 81%) (u_error:  4.443304 %) (beta_change: 14.389090 %) (delta_change:  0.136699 %) (delta_peak/R:  0.612617 %)
iter:   5800 (Jcost: 5.451679e-03) (lr = 8.290e-01) (elapsed time: 6181.471) (secs/iter:  1.142) (n_accepted: 77%) (u_error:  4.443212 %) (beta_change: 14.651213 %) (delta_change:  0.137343 %) (delta_peak/R:  0.612553 %)
iter:   5900 (Jcost: 5.451329e-03) (lr = 1.708e+00) (elapsed time: 6291.054) (secs/iter:  1.096) (n_accepted: 80%) (u_error:  4.442062 %) (beta_change: 14.932561 %) (delta_change:  0.138044 %) (delta_peak/R:  0.612702 %)
iter:   6000 (Jcost: 5.451001e-03) (lr = 1.466e+00) (elapsed time: 6400.902) (secs/iter:  1.098) (n_accepted: 79%) (u_error:  4.441599 %) (beta_change: 15.196899 %) (delta_change:  0.138689 %) (delta_peak/R:  0.612715 %)
-> Saved file: /media/rafael/DATA/Dropbox/20220924_FIML_solver/data/output/field_inversion/Beta_k__1__Beta_e__1/u_imp_0.1/FI_run_T61_CReStar_tauCPrStar_u_imp_0.1_k_imp_1_e_imp_1/FI_run_T61_CReStar_tauCPrStar_u_imp_0.1_k_imp_1_e_imp_1_state_iter_6000.dat
iter:   6100 (Jcost: 5.450645e-03) (lr = 7.249e+00) (elapsed time: 6478.972) (secs/iter:  0.781) (n_accepted: 81%) (u_error:  4.443582 %) (beta_change: 15.482404 %) (delta_change:  0.139347 %) (delta_peak/R:  0.612215 %)
iter:   6200 (Jcost: 5.450330e-03) (lr = 2.593e+00) (elapsed time: 6587.484) (secs/iter:  1.085) (n_accepted: 78%) (u_error:  4.442090 %) (beta_change: 15.735569 %) (delta_change:  0.139971 %) (delta_peak/R:  0.612445 %)
iter:   6300 (Jcost: 5.449988e-03) (lr = 9.273e-01) (elapsed time: 6654.953) (secs/iter:  0.675) (n_accepted: 78%) (u_error:  4.442428 %) (beta_change: 16.012881 %) (delta_change:  0.140624 %) (delta_peak/R:  0.612288 %)
iter:   6400 (Jcost: 5.449663e-03) (lr = 7.960e-01) (elapsed time: 6721.314) (secs/iter:  0.664) (n_accepted: 79%) (u_error:  4.441743 %) (beta_change: 16.277065 %) (delta_change:  0.141256 %) (delta_peak/R:  0.612348 %)
iter:   6500 (Jcost: 5.449323e-03) (lr = 6.833e-01) (elapsed time: 6814.614) (secs/iter:  0.933) (n_accepted: 79%) (u_error:  4.441699 %) (beta_change: 16.554844 %) (delta_change:  0.141908 %) (delta_peak/R:  0.612271 %)
-> Saved file: /media/rafael/DATA/Dropbox/20220924_FIML_solver/data/output/field_inversion/Beta_k__1__Beta_e__1/u_imp_0.1/FI_run_T61_CReStar_tauCPrStar_u_imp_0.1_k_imp_1_e_imp_1/FI_run_T61_CReStar_tauCPrStar_u_imp_0.1_k_imp_1_e_imp_1_state_iter_6500.dat
iter:   6600 (Jcost: 5.448975e-03) (lr = 1.408e+00) (elapsed time: 6925.415) (secs/iter:  1.108) (n_accepted: 80%) (u_error:  4.442657 %) (beta_change: 16.841705 %) (delta_change:  0.142564 %) (delta_peak/R:  0.611984 %)
iter:   6700 (Jcost: 5.448603e-03) (lr = 2.900e+00) (elapsed time: 7024.669) (secs/iter:  0.993) (n_accepted: 80%) (u_error:  4.441174 %) (beta_change: 17.142942 %) (delta_change:  0.143284 %) (delta_peak/R:  0.612197 %)
iter:   6800 (Jcost: 5.448248e-03) (lr = 5.974e+00) (elapsed time: 7127.780) (secs/iter:  1.031) (n_accepted: 80%) (u_error:  4.440244 %) (beta_change: 17.434527 %) (delta_change:  0.143971 %) (delta_peak/R:  0.612300 %)
iter:   6900 (Jcost: 5.447859e-03) (lr = 5.128e+00) (elapsed time: 7223.725) (secs/iter:  0.959) (n_accepted: 79%) (u_error:  4.440545 %) (beta_change: 17.751328 %) (delta_change:  0.144695 %) (delta_peak/R:  0.612139 %)
iter:   7000 (Jcost: 5.447490e-03) (lr = 1.834e+00) (elapsed time: 7319.446) (secs/iter:  0.957) (n_accepted: 78%) (u_error:  4.440295 %) (beta_change: 18.053094 %) (delta_change:  0.145389 %) (delta_peak/R:  0.612098 %)
-> Saved file: /media/rafael/DATA/Dropbox/20220924_FIML_solver/data/output/field_inversion/Beta_k__1__Beta_e__1/u_imp_0.1/FI_run_T61_CReStar_tauCPrStar_u_imp_0.1_k_imp_1_e_imp_1/FI_run_T61_CReStar_tauCPrStar_u_imp_0.1_k_imp_1_e_imp_1_state_iter_7000.dat
iter:   7100 (Jcost: 5.447108e-03) (lr = 9.069e+00) (elapsed time: 7430.654) (secs/iter:  1.112) (n_accepted: 81%) (u_error:  4.440285 %) (beta_change: 18.364968 %) (delta_change:  0.146100 %) (delta_peak/R:  0.612004 %)
iter:   7200 (Jcost: 5.446742e-03) (lr = 5.631e-01) (elapsed time: 7538.555) (secs/iter:  1.079) (n_accepted: 76%) (u_error:  4.438971 %) (beta_change: 18.666344 %) (delta_change:  0.146803 %) (delta_peak/R:  0.612183 %)
iter:   7300 (Jcost: 5.446364e-03) (lr = 6.683e+00) (elapsed time: 7647.130) (secs/iter:  1.086) (n_accepted: 82%) (u_error:  4.438043 %) (beta_change: 18.978067 %) (delta_change:  0.147522 %) (delta_peak/R:  0.612278 %)
iter:   7400 (Jcost: 5.445972e-03) (lr = 2.390e+00) (elapsed time: 7750.487) (secs/iter:  1.034) (n_accepted: 78%) (u_error:  4.440020 %) (beta_change: 19.290355 %) (delta_change:  0.148199 %) (delta_peak/R:  0.611773 %)
iter:   7500 (Jcost: 5.445567e-03) (lr = 4.924e+00) (elapsed time: 7856.272) (secs/iter:  1.058) (n_accepted: 80%) (u_error:  4.439199 %) (beta_change: 19.617820 %) (delta_change:  0.148947 %) (delta_peak/R:  0.611842 %)
-> Saved file: /media/rafael/DATA/Dropbox/20220924_FIML_solver/data/output/field_inversion/Beta_k__1__Beta_e__1/u_imp_0.1/FI_run_T61_CReStar_tauCPrStar_u_imp_0.1_k_imp_1_e_imp_1/FI_run_T61_CReStar_tauCPrStar_u_imp_0.1_k_imp_1_e_imp_1_state_iter_7500.dat
iter:   7600 (Jcost: 5.445167e-03) (lr = 7.338e-01) (elapsed time: 7965.850) (secs/iter:  1.096) (n_accepted: 77%) (u_error:  4.439130 %) (beta_change: 19.940054 %) (delta_change:  0.149671 %) (delta_peak/R:  0.611756 %)
iter:   7700 (Jcost: 5.444767e-03) (lr = 3.628e+00) (elapsed time: 8069.455) (secs/iter:  1.036) (n_accepted: 81%) (u_error:  4.438736 %) (beta_change: 20.261892 %) (delta_change:  0.150397 %) (delta_peak/R:  0.611738 %)
iter:   7800 (Jcost: 5.444313e-03) (lr = 1.298e+00) (elapsed time: 8180.238) (secs/iter:  1.108) (n_accepted: 78%) (u_error:  4.437405 %) (beta_change: 20.627476 %) (delta_change:  0.151232 %) (delta_peak/R:  0.611899 %)
iter:   7900 (Jcost: 5.443841e-03) (lr = 6.416e+00) (elapsed time: 8286.810) (secs/iter:  1.066) (n_accepted: 81%) (u_error:  4.438657 %) (beta_change: 21.001006 %) (delta_change:  0.152047 %) (delta_peak/R:  0.611523 %)
iter:   8000 (Jcost: 5.443323e-03) (lr = 9.562e-01) (elapsed time: 8384.317) (secs/iter:  0.975) (n_accepted: 77%) (u_error:  4.439148 %) (beta_change: 21.413315 %) (delta_change:  0.152957 %) (delta_peak/R:  0.611293 %)
-> Saved file: /media/rafael/DATA/Dropbox/20220924_FIML_solver/data/output/field_inversion/Beta_k__1__Beta_e__1/u_imp_0.1/FI_run_T61_CReStar_tauCPrStar_u_imp_0.1_k_imp_1_e_imp_1/FI_run_T61_CReStar_tauCPrStar_u_imp_0.1_k_imp_1_e_imp_1_state_iter_8000.dat
iter:   8100 (Jcost: 5.442885e-03) (lr = 3.420e-01) (elapsed time: 8498.830) (secs/iter:  1.145) (n_accepted: 78%) (u_error:  4.437571 %) (beta_change: 21.753733 %) (delta_change:  0.153735 %) (delta_peak/R:  0.611511 %)
iter:   8200 (Jcost: 5.442421e-03) (lr = 7.046e-01) (elapsed time: 8600.041) (secs/iter:  1.012) (n_accepted: 80%) (u_error:  4.437123 %) (beta_change: 22.115428 %) (delta_change:  0.154544 %) (delta_peak/R:  0.611490 %)
iter:   8300 (Jcost: 5.441896e-03) (lr = 8.361e+00) (elapsed time: 8704.596) (secs/iter:  1.046) (n_accepted: 82%) (u_error:  4.436205 %) (beta_change: 22.523525 %) (delta_change:  0.155461 %) (delta_peak/R:  0.611549 %)
iter:   8400 (Jcost: 5.441407e-03) (lr = 2.990e+00) (elapsed time: 8806.917) (secs/iter:  1.023) (n_accepted: 78%) (u_error:  4.437390 %) (beta_change: 22.899014 %) (delta_change:  0.156276 %) (delta_peak/R:  0.611185 %)
iter:   8500 (Jcost: 5.440913e-03) (lr = 2.567e+00) (elapsed time: 8913.824) (secs/iter:  1.069) (n_accepted: 79%) (u_error:  4.435882 %) (beta_change: 23.274374 %) (delta_change:  0.157128 %) (delta_peak/R:  0.611376 %)
-> Saved file: /media/rafael/DATA/Dropbox/20220924_FIML_solver/data/output/field_inversion/Beta_k__1__Beta_e__1/u_imp_0.1/FI_run_T61_CReStar_tauCPrStar_u_imp_0.1_k_imp_1_e_imp_1/FI_run_T61_CReStar_tauCPrStar_u_imp_0.1_k_imp_1_e_imp_1_state_iter_8500.dat
iter:   8600 (Jcost: 5.440368e-03) (lr = 2.203e+00) (elapsed time: 9022.707) (secs/iter:  1.089) (n_accepted: 79%) (u_error:  4.435548 %) (beta_change: 23.685957 %) (delta_change:  0.158044 %) (delta_peak/R:  0.611311 %)
iter:   8700 (Jcost: 5.439847e-03) (lr = 4.539e+00) (elapsed time: 9130.642) (secs/iter:  1.079) (n_accepted: 80%) (u_error:  4.437996 %) (beta_change: 24.086281 %) (delta_change:  0.158896 %) (delta_peak/R:  0.610675 %)
iter:   8800 (Jcost: 5.439274e-03) (lr = 9.352e+00) (elapsed time: 9234.194) (secs/iter:  1.036) (n_accepted: 80%) (u_error:  4.433214 %) (beta_change: 24.507331 %) (delta_change:  0.159894 %) (delta_peak/R:  0.611525 %)
iter:   8900 (Jcost: 5.438727e-03) (lr = 1.394e+00) (elapsed time: 9341.312) (secs/iter:  1.071) (n_accepted: 77%) (u_error:  4.435334 %) (beta_change: 24.899496 %) (delta_change:  0.160733 %) (delta_peak/R:  0.610957 %)
iter:   9000 (Jcost: 5.438126e-03) (lr = 4.985e-01) (elapsed time: 9453.099) (secs/iter:  1.118) (n_accepted: 78%) (u_error:  4.434701 %) (beta_change: 25.334340 %) (delta_change:  0.161705 %) (delta_peak/R:  0.610942 %)
-> Saved file: /media/rafael/DATA/Dropbox/20220924_FIML_solver/data/output/field_inversion/Beta_k__1__Beta_e__1/u_imp_0.1/FI_run_T61_CReStar_tauCPrStar_u_imp_0.1_k_imp_1_e_imp_1/FI_run_T61_CReStar_tauCPrStar_u_imp_0.1_k_imp_1_e_imp_1_state_iter_9000.dat
iter:   9100 (Jcost: 5.437505e-03) (lr = 5.915e+00) (elapsed time: 9565.517) (secs/iter:  1.124) (n_accepted: 82%) (u_error:  4.433989 %) (beta_change: 25.778998 %) (delta_change:  0.162701 %) (delta_peak/R:  0.610940 %)
iter:   9200 (Jcost: 5.436886e-03) (lr = 2.116e+00) (elapsed time: 9672.551) (secs/iter:  1.070) (n_accepted: 78%) (u_error:  4.432605 %) (beta_change: 26.219123 %) (delta_change:  0.163697 %) (delta_peak/R:  0.611076 %)
iter:   9300 (Jcost: 5.436217e-03) (lr = 1.816e+00) (elapsed time: 9778.579) (secs/iter:  1.060) (n_accepted: 79%) (u_error:  4.433633 %) (beta_change: 26.682520 %) (delta_change:  0.164713 %) (delta_peak/R:  0.610704 %)
iter:   9400 (Jcost: 5.435550e-03) (lr = 3.741e+00) (elapsed time: 9889.974) (secs/iter:  1.114) (n_accepted: 80%) (u_error:  4.433650 %) (beta_change: 27.141921 %) (delta_change:  0.165735 %) (delta_peak/R:  0.610540 %)
iter:   9500 (Jcost: 5.434866e-03) (lr = 7.708e+00) (elapsed time: 9997.858) (secs/iter:  1.079) (n_accepted: 80%) (u_error:  4.435098 %) (beta_change: 27.617422 %) (delta_change:  0.166775 %) (delta_peak/R:  0.610074 %)
-> Saved file: /media/rafael/DATA/Dropbox/20220924_FIML_solver/data/output/field_inversion/Beta_k__1__Beta_e__1/u_imp_0.1/FI_run_T61_CReStar_tauCPrStar_u_imp_0.1_k_imp_1_e_imp_1/FI_run_T61_CReStar_tauCPrStar_u_imp_0.1_k_imp_1_e_imp_1_state_iter_9500.dat
iter:   9600 (Jcost: 5.434124e-03) (lr = 1.149e+00) (elapsed time: 10105.165) (secs/iter:  1.073) (n_accepted: 77%) (u_error:  4.432014 %) (beta_change: 28.099910 %) (delta_change:  0.167895 %) (delta_peak/R:  0.610539 %)
iter:   9700 (Jcost: 5.433343e-03) (lr = 2.366e+00) (elapsed time: 10212.706) (secs/iter:  1.075) (n_accepted: 80%) (u_error:  4.431664 %) (beta_change: 28.612745 %) (delta_change:  0.169047 %) (delta_peak/R:  0.610426 %)
iter:   9800 (Jcost: 5.432509e-03) (lr = 8.464e-01) (elapsed time: 10322.680) (secs/iter:  1.100) (n_accepted: 78%) (u_error:  4.430649 %) (beta_change: 29.150948 %) (delta_change:  0.170268 %) (delta_peak/R:  0.610438 %)
iter:   9900 (Jcost: 5.431598e-03) (lr = 4.185e+00) (elapsed time: 10425.159) (secs/iter:  1.025) (n_accepted: 81%) (u_error:  4.429826 %) (beta_change: 29.728262 %) (delta_change:  0.171576 %) (delta_peak/R:  0.610392 %)
iter:  10000 (Jcost: 5.430772e-03) (lr = 1.497e+00) (elapsed time: 10534.912) (secs/iter:  1.098) (n_accepted: 78%) (u_error:  4.429737 %) (beta_change: 30.240697 %) (delta_change:  0.172732 %) (delta_peak/R:  0.610216 %)
-> Saved file: /media/rafael/DATA/Dropbox/20220924_FIML_solver/data/output/field_inversion/Beta_k__1__Beta_e__1/u_imp_0.1/FI_run_T61_CReStar_tauCPrStar_u_imp_0.1_k_imp_1_e_imp_1/FI_run_T61_CReStar_tauCPrStar_u_imp_0.1_k_imp_1_e_imp_1_state_iter_10000.dat
iter:  10100 (Jcost: 5.429721e-03) (lr = 3.084e+00) (elapsed time: 10645.341) (secs/iter:  1.104) (n_accepted: 80%) (u_error:  4.428277 %) (beta_change: 30.881098 %) (delta_change:  0.174198 %) (delta_peak/R:  0.610270 %)
iter:  10200 (Jcost: 5.428705e-03) (lr = 1.103e+00) (elapsed time: 10756.484) (secs/iter:  1.111) (n_accepted: 78%) (u_error:  4.427417 %) (beta_change: 31.486004 %) (delta_change:  0.175579 %) (delta_peak/R:  0.610210 %)
iter:  10300 (Jcost: 5.427655e-03) (lr = 9.467e-01) (elapsed time: 10866.771) (secs/iter:  1.103) (n_accepted: 79%) (u_error:  4.426061 %) (beta_change: 32.099491 %) (delta_change:  0.176990 %) (delta_peak/R:  0.610243 %)
iter:  10400 (Jcost: 5.426479e-03) (lr = 4.681e+00) (elapsed time: 10972.825) (secs/iter:  1.061) (n_accepted: 81%) (u_error:  4.425688 %) (beta_change: 32.763386 %) (delta_change:  0.178507 %) (delta_peak/R:  0.610047 %)
iter:  10500 (Jcost: 5.425296e-03) (lr = 1.674e+00) (elapsed time: 11082.766) (secs/iter:  1.099) (n_accepted: 78%) (u_error:  4.429955 %) (beta_change: 33.429235 %) (delta_change:  0.179969 %) (delta_peak/R:  0.608887 %)
-> Saved file: /media/rafael/DATA/Dropbox/20220924_FIML_solver/data/output/field_inversion/Beta_k__1__Beta_e__1/u_imp_0.1/FI_run_T61_CReStar_tauCPrStar_u_imp_0.1_k_imp_1_e_imp_1/FI_run_T61_CReStar_tauCPrStar_u_imp_0.1_k_imp_1_e_imp_1_state_iter_10500.dat
iter:  10600 (Jcost: 5.423976e-03) (lr = 5.988e-01) (elapsed time: 11190.315) (secs/iter:  1.075) (n_accepted: 78%) (u_error:  4.429065 %) (beta_change: 34.136721 %) (delta_change:  0.181601 %) (delta_peak/R:  0.608765 %)
iter:  10700 (Jcost: 5.422560e-03) (lr = 1.234e+00) (elapsed time: 11301.733) (secs/iter:  1.114) (n_accepted: 80%) (u_error:  4.426311 %) (beta_change: 34.860825 %) (delta_change:  0.183300 %) (delta_peak/R:  0.609012 %)
iter:  10800 (Jcost: 5.421054e-03) (lr = 1.059e+00) (elapsed time: 11419.450) (secs/iter:  1.177) (n_accepted: 79%) (u_error:  4.422604 %) (beta_change: 35.621179 %) (delta_change:  0.185101 %) (delta_peak/R:  0.609430 %)
iter:  10900 (Jcost: 5.419491e-03) (lr = 9.090e-01) (elapsed time: 11529.553) (secs/iter:  1.101) (n_accepted: 79%) (u_error:  4.423061 %) (beta_change: 36.381036 %) (delta_change:  0.186847 %) (delta_peak/R:  0.608978 %)
iter:  11000 (Jcost: 5.417534e-03) (lr = 4.495e+00) (elapsed time: 11638.261) (secs/iter:  1.087) (n_accepted: 81%) (u_error:  4.420493 %) (beta_change: 37.302838 %) (delta_change:  0.189013 %) (delta_peak/R:  0.609059 %)
-> Saved file: /media/rafael/DATA/Dropbox/20220924_FIML_solver/data/output/field_inversion/Beta_k__1__Beta_e__1/u_imp_0.1/FI_run_T61_CReStar_tauCPrStar_u_imp_0.1_k_imp_1_e_imp_1/FI_run_T61_CReStar_tauCPrStar_u_imp_0.1_k_imp_1_e_imp_1_state_iter_11000.dat
iter:  11100 (Jcost: 5.415641e-03) (lr = 3.858e+00) (elapsed time: 11751.015) (secs/iter:  1.128) (n_accepted: 79%) (u_error:  4.425483 %) (beta_change: 38.181499 %) (delta_change:  0.190981 %) (delta_peak/R:  0.607585 %)
iter:  11200 (Jcost: 5.413373e-03) (lr = 1.380e+00) (elapsed time: 11845.926) (secs/iter:  0.949) (n_accepted: 78%) (u_error:  4.424954 %) (beta_change: 39.169774 %) (delta_change:  0.193280 %) (delta_peak/R:  0.607173 %)
iter:  11300 (Jcost: 5.410794e-03) (lr = 4.935e-01) (elapsed time: 11927.948) (secs/iter:  0.820) (n_accepted: 78%) (u_error:  4.417515 %) (beta_change: 40.191666 %) (delta_change:  0.195751 %) (delta_peak/R:  0.608141 %)
iter:  11400 (Jcost: 5.407957e-03) (lr = 2.440e+00) (elapsed time: 12043.654) (secs/iter:  1.157) (n_accepted: 81%) (u_error:  4.422311 %) (beta_change: 41.335234 %) (delta_change:  0.198338 %) (delta_peak/R:  0.606488 %)
iter:  11500 (Jcost: 5.404454e-03) (lr = 5.027e+00) (elapsed time: 12159.935) (secs/iter:  1.163) (n_accepted: 80%) (u_error:  4.406974 %) (beta_change: 42.620495 %) (delta_change:  0.201517 %) (delta_peak/R:  0.608851 %)
-> Saved file: /media/rafael/DATA/Dropbox/20220924_FIML_solver/data/output/field_inversion/Beta_k__1__Beta_e__1/u_imp_0.1/FI_run_T61_CReStar_tauCPrStar_u_imp_0.1_k_imp_1_e_imp_1/FI_run_T61_CReStar_tauCPrStar_u_imp_0.1_k_imp_1_e_imp_1_state_iter_11500.dat
iter:  11600 (Jcost: 5.400673e-03) (lr = 4.315e+00) (elapsed time: 12283.715) (secs/iter:  1.238) (n_accepted: 79%) (u_error:  4.411382 %) (beta_change: 43.860205 %) (delta_change:  0.204314 %) (delta_peak/R:  0.607125 %)
iter:  11700 (Jcost: 5.396085e-03) (lr = 3.704e+00) (elapsed time: 12399.472) (secs/iter:  1.158) (n_accepted: 79%) (u_error:  4.409052 %) (beta_change: 45.305682 %) (delta_change:  0.207652 %) (delta_peak/R:  0.606576 %)
iter:  11800 (Jcost: 5.389998e-03) (lr = 3.180e+00) (elapsed time: 12522.246) (secs/iter:  1.228) (n_accepted: 79%) (u_error:  4.402873 %) (beta_change: 47.055140 %) (delta_change:  0.211689 %) (delta_peak/R:  0.606482 %)
iter:  11900 (Jcost: 5.382467e-03) (lr = 1.137e+00) (elapsed time: 12646.979) (secs/iter:  1.247) (n_accepted: 78%) (u_error:  4.395666 %) (beta_change: 48.995563 %) (delta_change:  0.216087 %) (delta_peak/R:  0.606268 %)
iter:  12000 (Jcost: 5.372172e-03) (lr = 2.343e+00) (elapsed time: 12736.727) (secs/iter:  0.897) (n_accepted: 80%) (u_error:  4.391309 %) (beta_change: 51.278388 %) (delta_change:  0.221060 %) (delta_peak/R:  0.604873 %)
-> Saved file: /media/rafael/DATA/Dropbox/20220924_FIML_solver/data/output/field_inversion/Beta_k__1__Beta_e__1/u_imp_0.1/FI_run_T61_CReStar_tauCPrStar_u_imp_0.1_k_imp_1_e_imp_1/FI_run_T61_CReStar_tauCPrStar_u_imp_0.1_k_imp_1_e_imp_1_state_iter_12000.dat
iter:  12100 (Jcost: 5.358960e-03) (lr = 2.011e+00) (elapsed time: 12865.351) (secs/iter:  1.286) (n_accepted: 79%) (u_error:  4.387781 %) (beta_change: 53.770839 %) (delta_change:  0.226253 %) (delta_peak/R:  0.602652 %)
iter:  12200 (Jcost: 5.334457e-03) (lr = 7.194e-01) (elapsed time: 12969.743) (secs/iter:  1.044) (n_accepted: 78%) (u_error:  4.391081 %) (beta_change: 57.630606 %) (delta_change:  0.233729 %) (delta_peak/R:  0.596266 %)
iter:  12300 (Jcost: 5.284280e-03) (lr = 3.557e+00) (elapsed time: 13044.284) (secs/iter:  0.745) (n_accepted: 81%) (u_error:  4.335693 %) (beta_change: 63.301800 %) (delta_change:  0.245613 %) (delta_peak/R:  0.595938 %)
iter:  12400 (Jcost: 5.231914e-03) (lr = 7.328e+00) (elapsed time: 13121.652) (secs/iter:  0.774) (n_accepted: 80%) (u_error:  4.304305 %) (beta_change: 67.707425 %) (delta_change:  0.277626 %) (delta_peak/R:  0.593379 %)
iter:  12500 (Jcost: 5.205854e-03) (lr = 1.092e+00) (elapsed time: 13198.896) (secs/iter:  0.772) (n_accepted: 77%) (u_error:  4.295683 %) (beta_change: 69.741749 %) (delta_change:  0.298925 %) (delta_peak/R:  0.591200 %)
-> Saved file: /media/rafael/DATA/Dropbox/20220924_FIML_solver/data/output/field_inversion/Beta_k__1__Beta_e__1/u_imp_0.1/FI_run_T61_CReStar_tauCPrStar_u_imp_0.1_k_imp_1_e_imp_1/FI_run_T61_CReStar_tauCPrStar_u_imp_0.1_k_imp_1_e_imp_1_state_iter_12500.dat
iter:  12600 (Jcost: 5.184225e-03) (lr = 5.399e+00) (elapsed time: 13306.307) (secs/iter:  1.074) (n_accepted: 81%) (u_error:  4.294903 %) (beta_change: 70.980978 %) (delta_change:  0.312874 %) (delta_peak/R:  0.588376 %)
iter:  12700 (Jcost: 5.162142e-03) (lr = 4.635e+00) (elapsed time: 13427.119) (secs/iter:  1.208) (n_accepted: 79%) (u_error:  4.290746 %) (beta_change: 71.674163 %) (delta_change:  0.322005 %) (delta_peak/R:  0.586289 %)
iter:  12800 (Jcost: 5.137629e-03) (lr = 3.978e+00) (elapsed time: 13552.319) (secs/iter:  1.252) (n_accepted: 79%) (u_error:  4.287873 %) (beta_change: 71.899163 %) (delta_change:  0.326723 %) (delta_peak/R:  0.583595 %)
iter:  12900 (Jcost: 5.090738e-03) (lr = 1.423e+00) (elapsed time: 13680.023) (secs/iter:  1.277) (n_accepted: 78%) (u_error:  4.257973 %) (beta_change: 71.580181 %) (delta_change:  0.328406 %) (delta_peak/R:  0.583074 %)
iter:  13000 (Jcost: 4.984549e-03) (lr = 5.089e-01) (elapsed time: 13811.529) (secs/iter:  1.315) (n_accepted: 78%) (u_error:  4.232607 %) (beta_change: 72.035791 %) (delta_change:  0.330002 %) (delta_peak/R:  0.572873 %)
-> Saved file: /media/rafael/DATA/Dropbox/20220924_FIML_solver/data/output/field_inversion/Beta_k__1__Beta_e__1/u_imp_0.1/FI_run_T61_CReStar_tauCPrStar_u_imp_0.1_k_imp_1_e_imp_1/FI_run_T61_CReStar_tauCPrStar_u_imp_0.1_k_imp_1_e_imp_1_state_iter_13000.dat
iter:  13100 (Jcost: 4.456155e-03) (lr = 1.048e+00) (elapsed time: 13949.310) (secs/iter:  1.378) (n_accepted: 80%) (u_error:  3.984262 %) (beta_change: 78.131704 %) (delta_change:  0.777499 %) (delta_peak/R:  0.778351 %)
iter:  13200 (Jcost: 4.358320e-03) (lr = 1.563e-01) (elapsed time: 14067.711) (secs/iter:  1.184) (n_accepted: 77%) (u_error:  3.939780 %) (beta_change: 79.687735 %) (delta_change:  0.839243 %) (delta_peak/R:  0.840095 %)
iter:  13300 (Jcost: 4.328371e-03) (lr = 5.589e-02) (elapsed time: 14183.332) (secs/iter:  1.156) (n_accepted: 78%) (u_error:  3.929517 %) (beta_change: 80.197349 %) (delta_change:  0.847348 %) (delta_peak/R:  0.848200 %)
iter:  13400 (Jcost: 4.314369e-03) (lr = 1.999e-02) (elapsed time: 14303.775) (secs/iter:  1.204) (n_accepted: 78%) (u_error:  3.918978 %) (beta_change: 80.443699 %) (delta_change:  0.867225 %) (delta_peak/R:  0.868078 %)
iter:  13500 (Jcost: 4.304239e-03) (lr = 4.118e-02) (elapsed time: 14442.735) (secs/iter:  1.390) (n_accepted: 80%) (u_error:  3.913967 %) (beta_change: 80.623348 %) (delta_change:  0.874165 %) (delta_peak/R:  0.875017 %)
-> Saved file: /media/rafael/DATA/Dropbox/20220924_FIML_solver/data/output/field_inversion/Beta_k__1__Beta_e__1/u_imp_0.1/FI_run_T61_CReStar_tauCPrStar_u_imp_0.1_k_imp_1_e_imp_1/FI_run_T61_CReStar_tauCPrStar_u_imp_0.1_k_imp_1_e_imp_1_state_iter_13500.dat
iter:  13600 (Jcost: 4.297759e-03) (lr = 8.484e-02) (elapsed time: 14562.775) (secs/iter:  1.200) (n_accepted: 80%) (u_error:  3.910888 %) (beta_change: 80.739277 %) (delta_change:  0.878233 %) (delta_peak/R:  0.879085 %)
iter:  13700 (Jcost: 4.292455e-03) (lr = 3.034e-02) (elapsed time: 14689.058) (secs/iter:  1.263) (n_accepted: 78%) (u_error:  3.909841 %) (beta_change: 80.834315 %) (delta_change:  0.877426 %) (delta_peak/R:  0.878278 %)
iter:  13800 (Jcost: 4.288946e-03) (lr = 1.085e-02) (elapsed time: 14859.963) (secs/iter:  1.709) (n_accepted: 78%) (u_error:  3.906997 %) (beta_change: 80.898162 %) (delta_change:  0.882922 %) (delta_peak/R:  0.883774 %)
iter:  13900 (Jcost: 4.285694e-03) (lr = 9.316e-03) (elapsed time: 15066.525) (secs/iter:  2.066) (n_accepted: 79%) (u_error:  3.906949 %) (beta_change: 80.957027 %) (delta_change:  0.880731 %) (delta_peak/R:  0.881583 %)
iter:  14000 (Jcost: 4.283180e-03) (lr = 1.919e-02) (elapsed time: 15271.939) (secs/iter:  2.054) (n_accepted: 80%) (u_error:  3.904220 %) (beta_change: 81.003021 %) (delta_change:  0.886600 %) (delta_peak/R:  0.887453 %)
-> Saved file: /media/rafael/DATA/Dropbox/20220924_FIML_solver/data/output/field_inversion/Beta_k__1__Beta_e__1/u_imp_0.1/FI_run_T61_CReStar_tauCPrStar_u_imp_0.1_k_imp_1_e_imp_1/FI_run_T61_CReStar_tauCPrStar_u_imp_0.1_k_imp_1_e_imp_1_state_iter_14000.dat
iter:  14100 (Jcost: 4.280988e-03) (lr = 6.864e-03) (elapsed time: 15487.743) (secs/iter:  2.158) (n_accepted: 78%) (u_error:  3.903209 %) (beta_change: 81.043036 %) (delta_change:  0.887876 %) (delta_peak/R:  0.888728 %)
iter:  14200 (Jcost: 4.279008e-03) (lr = 3.394e-02) (elapsed time: 15702.305) (secs/iter:  2.146) (n_accepted: 81%) (u_error:  3.901070 %) (beta_change: 81.079974 %) (delta_change:  0.892469 %) (delta_peak/R:  0.893321 %)
iter:  14300 (Jcost: 4.277529e-03) (lr = 1.214e-02) (elapsed time: 15943.174) (secs/iter:  2.409) (n_accepted: 78%) (u_error:  3.901638 %) (beta_change: 81.106382 %) (delta_change:  0.889815 %) (delta_peak/R:  0.890668 %)
iter:  14400 (Jcost: 4.276049e-03) (lr = 2.501e-02) (elapsed time: 16194.189) (secs/iter:  2.510) (n_accepted: 80%) (u_error:  3.901328 %) (beta_change: 81.133495 %) (delta_change:  0.889634 %) (delta_peak/R:  0.890486 %)
iter:  14500 (Jcost: 4.274822e-03) (lr = 8.945e-03) (elapsed time: 16442.141) (secs/iter:  2.480) (n_accepted: 78%) (u_error:  3.900055 %) (beta_change: 81.156231 %) (delta_change:  0.892321 %) (delta_peak/R:  0.893173 %)
-> Saved file: /media/rafael/DATA/Dropbox/20220924_FIML_solver/data/output/field_inversion/Beta_k__1__Beta_e__1/u_imp_0.1/FI_run_T61_CReStar_tauCPrStar_u_imp_0.1_k_imp_1_e_imp_1/FI_run_T61_CReStar_tauCPrStar_u_imp_0.1_k_imp_1_e_imp_1_state_iter_14500.dat
iter:  14600 (Jcost: 4.273729e-03) (lr = 7.678e-03) (elapsed time: 16715.275) (secs/iter:  2.731) (n_accepted: 79%) (u_error:  3.900830 %) (beta_change: 81.176262 %) (delta_change:  0.889389 %) (delta_peak/R:  0.890241 %)
iter:  14700 (Jcost: 4.272672e-03) (lr = 2.746e-03) (elapsed time: 17029.289) (secs/iter:  3.140) (n_accepted: 78%) (u_error:  3.899849 %) (beta_change: 81.195715 %) (delta_change:  0.891379 %) (delta_peak/R:  0.892232 %)
iter:  14800 (Jcost: 4.271766e-03) (lr = 5.658e-03) (elapsed time: 17313.330) (secs/iter:  2.840) (n_accepted: 80%) (u_error:  3.898234 %) (beta_change: 81.212718 %) (delta_change:  0.895243 %) (delta_peak/R:  0.896095 %)
iter:  14900 (Jcost: 4.270859e-03) (lr = 4.857e-03) (elapsed time: 17624.182) (secs/iter:  3.109) (n_accepted: 79%) (u_error:  3.898591 %) (beta_change: 81.229247 %) (delta_change:  0.893599 %) (delta_peak/R:  0.894451 %)
iter:  15000 (Jcost: 4.270092e-03) (lr = 7.238e-04) (elapsed time: 17968.430) (secs/iter:  3.442) (n_accepted: 77%) (u_error:  3.898080 %) (beta_change: 81.243461 %) (delta_change:  0.894480 %) (delta_peak/R:  0.895332 %)
-> Saved file: /media/rafael/DATA/Dropbox/20220924_FIML_solver/data/output/field_inversion/Beta_k__1__Beta_e__1/u_imp_0.1/FI_run_T61_CReStar_tauCPrStar_u_imp_0.1_k_imp_1_e_imp_1/FI_run_T61_CReStar_tauCPrStar_u_imp_0.1_k_imp_1_e_imp_1_state_iter_15000.dat
iter:  15000 (Jcost: 4.270090e-03) (lr = 8.685e-04) (elapsed time: 17976.438) (secs/iter:   None) (n_accepted: 0%) (u_error:  3.897979 %) (beta_change: 81.243513 %) (delta_change:  0.894760 %) (delta_peak/R:  0.895612 %)
