# ------------------------------------------------------------------------
#                  Input Arguments
# ------------------------------------------------------------------------
# Begin_Input_Arguments
{ 'all_b_mode': ['Beta_k'],
  'args_mk_solver': { 'torch': "<module 'torch' from "
                               "'/home/rafael/anaconda3/lib/python3.9/site-packages/torch/__init__.py'>",
                      'y_grid': [0.0, 0.000309700312, 0.000638645973, 0.00098802599, 0.00135910194, 0.00175321227, 0.00217177688, 0.00261630193, 0.00308838486, 0.00358971984, 0.00412210331, 0.00468744001, 0.00528774917, 0.00592517114, 0.00660197432, 0.0073205624, 0.00808348206, 0.00889343092, 0.00975326602, 0.0106660126, 0.0116348733, 0.0126632377, 0.0137546927, 0.0149130326, 0.0161422702, 0.0174466482, 0.0188306506, 0.0202990157, 0.0218567475, 0.02350913, 0.0252617393, 0.0271204584, 0.0290914903, 0.0311813732, 0.033396994, 0.0357456039, 0.0382348325, 0.0408727029, 0.0436676462, 0.0466285159, 0.0497646022, 0.0530856456, 0.0566018496, 0.0603238931, 0.0642629411, 0.068430655, 0.0728392004, 0.0775012535, 0.0824300053, 0.0876391634, 0.0931429507, 0.0989561006, 0.105093849, 0.111571922, 0.118406518, 0.125614286, 0.133212296, 0.141218006, 0.14964922, 0.158524039, 0.167860801, 0.177678022, 0.187994313, 0.1988283, 0.21019853, 0.222123362, 0.234620856, 0.247708641, 0.261403784, 0.275722637, 0.290680679, 0.306292354, 0.322570888, 0.339528108, 0.357174255, 0.375517785, 0.394565175, 0.414320726, 0.43478637, 0.45596148, 0.47784269, 0.500423731, 0.523695275, 0.547644806, 0.572256506, 0.597511177, 0.623386184, 0.649855436, 0.676889401, 0.704455158, 0.73251649, 0.761034018, 0.789965372, 0.819265404, 0.848886442, 0.878778572, 0.908889961, 0.939167201, 0.969555687, 1.0],
                      'Ret': 395,
                      'cp': 1.0,
                      'A_sca_rho': 1.0,
                      'A_sca_mu': 0.002531645569620253,
                      'A_sca_k': 0.002531645569620253,
                      'b_exp_rho': -1,
                      'b_exp_mu': 0.7,
                      'b_exp_k': 0.7,
                      'tensor_device': 'cpu',
                      'as_tensor': '<function '
                                   'Build_arguments_fi_run._mk_args_MK_solver.<locals>.<lambda> '
                                   'at 0x7fae0b55dca0>',
                      'ref_dns': { 'u_dns': [3.5672297915942235e-17, 0.12091023960835971, 0.24827351211575127, 0.38245059914844715, 0.5238389657631443, 0.6728807127804277, 0.830072520712626, 0.9959780167399748, 1.1712431145739657, 1.3566150808310533, 1.5529632792724708, 1.7609618057917864, 1.9806070401790072, 2.2115830391257902, 2.4532500898730034, 2.7047789570510488, 2.9665808411041543, 3.2399222772036866, 3.526487260190727, 3.8276063349441083, 4.142455575330917, 4.469254161506943, 4.806424734815417, 5.155792358351339, 5.52088505660039, 5.904000535364545, 6.303222827290416, 6.715452970639618, 7.138396882704232, 7.5699598347068475, 8.009761163771678, 8.459012191867647, 8.91979226027394, 9.393877305260206, 9.874516322955516, 10.353980438196995, 10.835858679840916, 11.32138036985416, 11.80712821665577, 12.290530807640394, 12.77027709031032, 13.245349837511391, 13.713796653508405, 14.17412762018575, 14.624228655458333, 15.063246870594195, 15.490677411915401, 15.905289101252317, 16.307019569234225, 16.6958501528399, 17.07131528353323, 17.43301854036071, 17.78337532981161, 18.1169016315142, 18.436647868456564, 18.742330013572523, 19.033290428513226, 19.312056440780694, 19.577641774628354, 19.831802403671208, 20.076454408937256, 20.3120033866596, 20.537525885729558, 20.753031030544264, 20.95955663108611, 21.158383470229637, 21.349906846761026, 21.536635119344556, 21.71783133272501, 21.895696342098606, 22.069428382891772, 22.240141868801018, 22.40914238462975, 22.579515734796264, 22.751896031465037, 22.925351306892583, 23.100994152411953, 23.28315611597258, 23.45335940003028, 23.64831494547127, 23.822430890194603, 23.876237993316433, 24.06394749535221, 24.418615777954418, 24.407516476950473, 24.636234385197756, 24.789264937905646, 24.79943769461021, 25.089161462498847, 25.235758292047645, 25.465285088946523, 25.59085769968188, 25.41112596181984, 25.668298456963548, 25.7520836725747, 25.8045129068164, 25.889671359209196, 25.99188838606134, 25.978840634979942, 25.987063710593404],
                                   'T_dns': [1.0, 1.0053713231592927, 1.0110374147264416, 1.0170156660673675, 1.023325257389531, 1.0299875233262106, 1.0370264066753134, 1.0444690190246442, 1.0523463321169297, 1.0606940327465417, 1.0695534422874373, 1.078956545766181, 1.0889032488292203, 1.0993784080856992, 1.1103511362697516, 1.1217813652528452, 1.1336898651671359, 1.1461393473784793, 1.1592129663340192, 1.1729763929853934, 1.1873892916587603, 1.2023639610350783, 1.217821814760137, 1.2338492196705388, 1.250614163426994, 1.2682235901807342, 1.2865784918951835, 1.3055215906951727, 1.3249415048962905, 1.3447395026038502, 1.364890764519286, 1.3854400332780332, 1.4064830200030995, 1.4281077031704523, 1.4499851131679402, 1.4717441518898384, 1.4935812612400579, 1.51553894280772, 1.5374043861976436, 1.5590740118763204, 1.580549297914987, 1.6017658241271473, 1.622498551896548, 1.6428430971470185, 1.66266510832817, 1.681883885932977, 1.7004813608080516, 1.7184628744002883, 1.735824169216193, 1.7524810049458857, 1.7685411229734522, 1.7839509635738897, 1.7988234912321635, 1.8129727282570016, 1.8265564375596521, 1.8394629447305455, 1.8518113186157583, 1.8634261198531643, 1.8748448482572033, 1.8845894954173676, 1.903663273952099, 1.8992148553211659, 1.92056063675427, 1.9185987764609325, 1.937487706671641, 1.9438881311819622, 1.9472527928607186, 1.9602568494901285, 1.9646593003858819, 1.9765113658919908, 1.9870785994933793, 1.9938697721104588, 2.001222021703292, 2.0070211852674578, 2.0132349592361565, 2.02116461582059, 2.028999246643713, 2.03659339160105, 2.0423076249228123, 2.04983621309324, 2.0566058907642137, 2.0596123514279294, 2.066623237150149, 2.0781287461337437, 2.0790553233293596, 2.086818630688668, 2.0922185120541474, 2.0931698809422845, 2.102717546708444, 2.107820686580722, 2.11453689355109, 2.1182054900074827, 2.1145503647953072, 2.1208919886827102, 2.123193558160847, 2.1246873003603732, 2.1269819279574107, 2.1291094779493114, 2.1292487093371744, 2.129544982446892],
                                   'mu_dns': [0.002531645569620253, 0.0025411567186685254, 0.0025511733152622615, 0.0025617235121132894, 0.0025728382857284635, 0.002584552028193557, 0.0025969032811823003, 0.0026099356410849723, 0.002623698871878892, 0.0026382502763115665, 0.0026536561449954205, 0.002669965638951217, 0.0026871716553828464, 0.002705240910861083, 0.0027241131540160224, 0.002743712862987317, 0.002764069057886518, 0.002785281534650518, 0.0028074831964206115, 0.0028307752808749962, 0.002855078765185402, 0.002880235969421073, 0.002906106520314891, 0.002932826473914432, 0.0029606648276606228, 0.0029897851704552415, 0.00302000947280626, 0.003051067005092069, 0.0030827662651356966, 0.0031149395166184756, 0.0031475412537775673, 0.003180638541972597, 0.003214378760768351, 0.0032488942656703815, 0.0032836539674220644, 0.0033180698746721063, 0.0033524561324843006, 0.0033868805077837245, 0.0034210119041895295, 0.003454694249088138, 0.003487936234725467, 0.003520644877320796, 0.003552482333636617, 0.0035836052608719704, 0.003613817798417687, 0.0036430078839654475, 0.0036711591950639804, 0.0036982904176517876, 0.0037244051296759562, 0.0037493866432540485, 0.0037734058486906742, 0.003796391069749011, 0.0038185184181540556, 0.003839518763005659, 0.003859633536848793, 0.003878703971562895, 0.0038969121766005877, 0.003914005481085023, 0.003930779097855944, 0.003945069337107564, 0.003972976501434149, 0.003966475475323036, 0.003997629311475498, 0.003994770357366788, 0.004022260307548123, 0.004031556884962971, 0.004036440352196883, 0.004055290687960388, 0.004061663856216114, 0.00407880014092217, 0.004094052774454382, 0.004103842236593571, 0.004114429220476983, 0.004122771584579679, 0.004131702363622605, 0.004143087303951777, 0.00415432265915873, 0.004165200727073329, 0.004173377934567276, 0.0041841410577908925, 0.0041938090946927725, 0.004198099674318975, 0.004208097756600965, 0.004224483510660249, 0.004225801924567648, 0.00423684131222602, 0.004244512654133319, 0.004245863600662272, 0.004259411131498191, 0.004266644592961459, 0.004276156499682738, 0.004281348364253883, 0.004276175569373861, 0.004285148635224111, 0.0042884032440828074, 0.004290514952245683, 0.004293758007310826, 0.0042967639897550525, 0.004296960676203637, 0.004297379196186157],
                                   'rho_dns': [1.0, 0.9946573738124798, 0.9890830798488026, 0.9832690226560971, 0.9772064089876634, 0.9708855470118999, 0.9642955989963463, 0.9574242814150958, 0.9502575050443437, 0.9427789439058295, 0.9349696429019158, 0.9268213849056239, 0.9183552359451509, 0.9096049118712978, 0.9006160009522045, 0.8914393044625089, 0.8820754517837853, 0.8724942584749941, 0.8626542568467587, 0.852532076502287, 0.842183778331889, 0.8316949213440584, 0.8211381894131702, 0.8104718016250145, 0.7996071284366004, 0.7885044937994651, 0.7772553375480096, 0.7659773741983948, 0.7547503012808666, 0.7436384504684193, 0.7326593643940433, 0.721792337438049, 0.7109932973082009, 0.7002272992295768, 0.6896622530249232, 0.6794659239623403, 0.6695316993798797, 0.6598312796551296, 0.6504469539554464, 0.6414063683843438, 0.6326914328576589, 0.6243109853744891, 0.6163333698086165, 0.60870085630004, 0.6014440280192758, 0.5945713662898189, 0.5880687804333299, 0.5819153936328019, 0.5760952161713173, 0.5706195942653762, 0.5654377989914635, 0.5605535244066594, 0.5559189130418889, 0.5515802771955668, 0.5474782927244435, 0.5436369364572796, 0.540011819750355, 0.5366459068840351, 0.5333774690367411, 0.5306195340850802, 0.5253029848729237, 0.5265333709865572, 0.5206812952753165, 0.5212137171507065, 0.5161323070884788, 0.5144328955761255, 0.5135440060306167, 0.5101372303635131, 0.5089941038650255, 0.5059419425846329, 0.5032513561642491, 0.501537268876656, 0.49969468112732146, 0.49825084425640426, 0.4967130117685871, 0.49476425233874455, 0.4928538054679709, 0.4910160290826922, 0.4896422007129285, 0.4878438548468133, 0.4862380315503279, 0.48552825938662675, 0.4838811361566751, 0.4812021400793627, 0.48098768165467526, 0.47919832863960554, 0.4779615485851889, 0.4777443097689849, 0.475575048853034, 0.4744236577458524, 0.47291678998356457, 0.4720977283447922, 0.4729137771550795, 0.47149972998912676, 0.4709886181390924, 0.4706574938488067, 0.4701497398054166, 0.4696799344311629, 0.4696492221011117, 0.4695838821169107]},
                      'case': 'T61_GLCPrStar',
                      'constant_Sq_heat': 0.04443037974683545,
                      'use_visc_heating': False,
                      'Pr_turb': 1.0,
                      'fprint': '<function '
                                'Build_arguments_fi_run._mk_args_MK_solver.<locals>.<lambda> '
                                'at 0x7fae0b55dd30>',
                      'compressible_correction': False,
                      'bool_solve_energy': False,
                      'output_last': False},
  'u_imp': 100,
  'k_imp': 1,
  'e_imp': 0,
  'solve_sparse_adj': True,
  'all_ref_beta_distrib': {'K': [1.0, 1.00073072, 1.00136836, 1.00187821, 1.00223723, 1.00242149, 1.00240542, 1.00216284, 1.00166849, 1.00089972, 0.99983792, 0.99846979, 0.99678821, 0.99479278, 0.99249009, 0.98989388, 0.98702477, 0.98391042, 0.98058627, 0.97709737, 0.97350129, 0.96987, 0.96628975, 0.96285836, 0.95968529, 0.95689497, 0.9546305, 0.95304869, 0.95231103, 0.95257558, 0.95398753, 0.95667199, 0.96072919, 0.9662331, 0.97323866, 0.98176845, 0.99179783, 1.00326354, 1.01605623, 1.0300148, 1.0449291, 1.06053824, 1.07652116, 1.09252687, 1.1081527, 1.12296597, 1.13651527, 1.14833943, 1.15797648, 1.16495685, 1.16885474, 1.16923033, 1.16568364, 1.15775849, 1.14504856, 1.127097, 1.10354563, 1.07415857, 1.03905237, 0.99864644, 0.95312872, 0.90711786, 0.85643637, 0.81059961, 0.76336744, 0.72331075, 0.69025783, 0.66275935, 0.64621038, 0.6374338, 0.63865865, 0.64961157, 0.66897617, 0.69631464, 0.73025279, 0.76944885, 0.81256335, 0.85798039, 0.9043129, 0.95011739, 0.99435724, 1.03619553, 1.07403676, 1.10598035, 1.13186136, 1.15193999, 1.16577707, 1.17382798, 1.17544275, 1.17064597, 1.16104466, 1.14907787, 1.1375277, 1.12631446, 1.11545773, 1.10572244, 1.09751086, 1.09129479, 1.08762675, 1.04321425], 'E': [1.0, 1.0, 1.0, 1.0, 1.0, 1.0, 1.0, 1.0, 1.0, 1.0, 1.0, 1.0, 1.0, 1.0, 1.0, 1.0, 1.0, 1.0, 1.0, 1.0, 1.0, 1.0, 1.0, 1.0, 1.0, 1.0, 1.0, 1.0, 1.0, 1.0, 1.0, 1.0, 1.0, 1.0, 1.0, 1.0, 1.0, 1.0, 1.0, 1.0, 1.0, 1.0, 1.0, 1.0, 1.0, 1.0, 1.0, 1.0, 1.0, 1.0, 1.0, 1.0, 1.0, 1.0, 1.0, 1.0, 1.0, 1.0, 1.0, 1.0, 1.0, 1.0, 1.0, 1.0, 1.0, 1.0, 1.0, 1.0, 1.0, 1.0, 1.0, 1.0, 1.0, 1.0, 1.0, 1.0, 1.0, 1.0, 1.0, 1.0, 1.0, 1.0, 1.0, 1.0, 1.0, 1.0, 1.0, 1.0, 1.0, 1.0, 1.0, 1.0, 1.0, 1.0, 1.0, 1.0, 1.0, 1.0, 1.0, 1.0]},
  'all_ref_delta_distrib': {'K': [-0.0, -0.01243894349447594, -0.023909273335211024, -0.033741714566857685, -0.041399525157496904, -0.04624733482738872, -0.047512247784394036, -0.04427503288283062, -0.03547235902127412, -0.01990699347627076, 0.0037396527181061913, 0.03688837573568387, 0.08104285447511, 0.137766782797672, 0.20865323354179088, 0.2952786393892071, 0.39912332156271735, 0.5214516616345236, 0.6631406346524352, 0.8244478724185761, 1.0047638320253214, 1.2022983072923497, 1.4137982512315566, 1.6342320851807397, 1.856643419030505, 2.072106021174172, 2.269796645405326, 2.4369936914973063, 2.5593151607976186, 2.62145562571337, 2.6083255323211048, 2.5065948384443355, 2.3062164432119645, 2.001620504503131, 1.59236579716442, 1.083123241837776, 0.48387620107441937, -0.1901571912244173, -0.9193557594263595, -1.6807446737016443, -2.4491822768883154, -3.1986273542601578, -3.9032315761381424, -4.538926110420165, -5.084191421753209, -5.521157448986716, -5.836248372080847, -6.020617308164325, -6.070348249067457, -5.985985372575431, -5.772820526655389, -5.439149802916064, -4.996277397679654, -4.45612087100997, -3.8320249552013363, -3.136854931017259, -2.3851569630223857, -1.593359943977509, -0.7821584690655837, 0.02528176212447632, 0.8120189742865791, 1.5112185853935267, 2.1643432104670244, 2.678769109245223, 3.106764233559633, 3.394474954529763, 3.5579880096853507, 3.6103188605980145, 3.5461676971768368, 3.39022641806481, 3.153733184412079, 2.8594542337771593, 2.524612673511281, 2.1654189508316826, 1.7970259684869352, 1.4327381902991783, 1.0855976147185762, 0.7658226709060099, 0.4801964605379134, 0.23239759813933877, 0.024369504027014426, -0.14487830811777608, -0.2735042166922983, -0.35956519590233377, -0.4117657015025447, -0.43393225952979514, -0.43202125784260215, -0.412844976342658, -0.3768756756930381, -0.33110588561469584, -0.28117565761812036, -0.23402352710847427, -0.19466440025164503, -0.16068555492126513, -0.1328130127527724, -0.11091939548963077, -0.09447889665898303, -0.0831634457689191, -0.07680942911239282, -0.03738222544894521], 'E': [-0.0, -0.0, -0.0, -0.0, -0.0, -0.0, -0.0, -0.0, -0.0, -0.0, -0.0, -0.0, -0.0, -0.0, -0.0, -0.0, -0.0, -0.0, -0.0, -0.0, -0.0, -0.0, -0.0, -0.0, -0.0, -0.0, -0.0, -0.0, -0.0, -0.0, -0.0, -0.0, -0.0, -0.0, -0.0, -0.0, -0.0, -0.0, -0.0, -0.0, -0.0, -0.0, -0.0, -0.0, -0.0, -0.0, -0.0, -0.0, -0.0, -0.0, -0.0, -0.0, -0.0, -0.0, -0.0, -0.0, -0.0, -0.0, -0.0, -0.0, -0.0, -0.0, -0.0, -0.0, -0.0, -0.0, -0.0, -0.0, -0.0, -0.0, -0.0, -0.0, -0.0, -0.0, -0.0, -0.0, -0.0, -0.0, -0.0, -0.0, -0.0, -0.0, -0.0, -0.0, -0.0, -0.0, -0.0, -0.0, -0.0, -0.0, -0.0, -0.0, -0.0, -0.0, -0.0, -0.0, -0.0, -0.0, -0.0, -0.0]},
  'fname_print': '/media/rafael/DATA/Dropbox/20220924_FIML_solver/data/output/field_inversion/Beta_k/u_imp_100/FI_run_T61_GLCPrStar_u_imp_100_k_imp_1_e_imp_0/FI_run_T61_GLCPrStar_u_imp_100_k_imp_1_e_imp_0.log',
  'folder': '/media/rafael/DATA/Dropbox/20220924_FIML_solver/data/output/field_inversion/Beta_k/u_imp_100/FI_run_T61_GLCPrStar_u_imp_100_k_imp_1_e_imp_0',
  'iters_limit': 15000}
# End_Input_Arguments

# ------------------------------------------------------------------------
#                  Iterations
# ------------------------------------------------------------------------

iter:      0 (Jcost: 8.703727e+00) (lr = 1.000e-03) (elapsed time:  0.001) (secs/iter:   None) (n_accepted: 0%) (u_error:  5.666868 %) (beta_change: 36.256620 %) (delta_change:  8.838055 %) (delta_peak/R:  0.000000 %)
-> Saved file: /media/rafael/DATA/Dropbox/20220924_FIML_solver/data/output/field_inversion/Beta_k/u_imp_100/FI_run_T61_GLCPrStar_u_imp_100_k_imp_1_e_imp_0/FI_run_T61_GLCPrStar_u_imp_100_k_imp_1_e_imp_0_state_iter_0.dat
iter:    100 (Jcost: 4.338035e-01) (lr = 4.120e-03) (elapsed time: 133.572) (secs/iter:  1.336) (n_accepted: 81%) (u_error:  1.149191 %) (beta_change: 21.951370 %) (delta_change:  3.802223 %) (delta_peak/R:  8.508822 %)
iter:    200 (Jcost: 3.846738e-01) (lr = 1.474e-03) (elapsed time: 259.688) (secs/iter:  1.261) (n_accepted: 78%) (u_error:  1.143549 %) (beta_change: 16.492908 %) (delta_change:  2.806385 %) (delta_peak/R:  9.195878 %)
iter:    300 (Jcost: 3.641716e-01) (lr = 1.007e-01) (elapsed time: 378.082) (secs/iter:  1.184) (n_accepted: 84%) (u_error:  1.108096 %) (beta_change: 13.745673 %) (delta_change:  2.108971 %) (delta_peak/R:  9.134852 %)
iter:    400 (Jcost: 3.530252e-01) (lr = 8.646e-02) (elapsed time: 495.989) (secs/iter:  1.179) (n_accepted: 79%) (u_error:  1.120341 %) (beta_change: 11.097726 %) (delta_change:  1.734219 %) (delta_peak/R:  9.039838 %)
iter:    500 (Jcost: 3.463060e-01) (lr = 1.289e-02) (elapsed time: 610.565) (secs/iter:  1.146) (n_accepted: 77%) (u_error:  1.115765 %) (beta_change:  9.131648 %) (delta_change:  1.357075 %) (delta_peak/R:  8.952406 %)
-> Saved file: /media/rafael/DATA/Dropbox/20220924_FIML_solver/data/output/field_inversion/Beta_k/u_imp_100/FI_run_T61_GLCPrStar_u_imp_100_k_imp_1_e_imp_0/FI_run_T61_GLCPrStar_u_imp_100_k_imp_1_e_imp_0_state_iter_500.dat
iter:    600 (Jcost: 3.415460e-01) (lr = 1.920e-03) (elapsed time: 726.555) (secs/iter:  1.160) (n_accepted: 77%) (u_error:  1.111241 %) (beta_change:  7.215671 %) (delta_change:  1.009152 %) (delta_peak/R:  8.833171 %)
iter:    700 (Jcost: 3.391437e-01) (lr = 5.469e-02) (elapsed time: 836.684) (secs/iter:  1.101) (n_accepted: 83%) (u_error:  1.113076 %) (beta_change:  5.962952 %) (delta_change:  0.791415 %) (delta_peak/R:  8.758925 %)
iter:    800 (Jcost: 3.371715e-01) (lr = 4.695e-02) (elapsed time: 946.674) (secs/iter:  1.100) (n_accepted: 79%) (u_error:  1.112330 %) (beta_change:  4.712451 %) (delta_change:  0.736829 %) (delta_peak/R:  8.681638 %)
iter:    900 (Jcost: 3.359364e-01) (lr = 1.679e-02) (elapsed time: 1035.379) (secs/iter:  0.887) (n_accepted: 78%) (u_error:  1.111888 %) (beta_change:  3.771918 %) (delta_change:  0.738099 %) (delta_peak/R:  8.625399 %)
iter:   1000 (Jcost: 3.346106e-01) (lr = 1.043e-03) (elapsed time: 1144.183) (secs/iter:  1.088) (n_accepted: 76%) (u_error:  1.111707 %) (beta_change:  2.559558 %) (delta_change:  0.742105 %) (delta_peak/R:  8.559006 %)
-> Saved file: /media/rafael/DATA/Dropbox/20220924_FIML_solver/data/output/field_inversion/Beta_k/u_imp_100/FI_run_T61_GLCPrStar_u_imp_100_k_imp_1_e_imp_0/FI_run_T61_GLCPrStar_u_imp_100_k_imp_1_e_imp_0_state_iter_1000.dat
iter:   1100 (Jcost: 3.338986e-01) (lr = 8.950e-04) (elapsed time: 1256.896) (secs/iter:  1.127) (n_accepted: 79%) (u_error:  1.111461 %) (beta_change:  1.784604 %) (delta_change:  0.743560 %) (delta_peak/R:  8.520182 %)
iter:   1200 (Jcost: 3.332186e-01) (lr = 2.549e-02) (elapsed time: 1355.665) (secs/iter:  0.988) (n_accepted: 83%) (u_error:  1.111626 %) (beta_change:  1.697473 %) (delta_change:  0.747481 %) (delta_peak/R:  8.481420 %)
iter:   1300 (Jcost: 3.328463e-01) (lr = 5.251e-02) (elapsed time: 1459.168) (secs/iter:  1.035) (n_accepted: 80%) (u_error:  1.111165 %) (beta_change:  1.742047 %) (delta_change:  0.748531 %) (delta_peak/R:  8.456652 %)
iter:   1400 (Jcost: 3.325208e-01) (lr = 4.508e-02) (elapsed time: 1562.043) (secs/iter:  1.029) (n_accepted: 79%) (u_error:  1.111292 %) (beta_change:  1.784327 %) (delta_change:  0.750982 %) (delta_peak/R:  8.436521 %)
iter:   1500 (Jcost: 3.322802e-01) (lr = 1.612e-02) (elapsed time: 1665.425) (secs/iter:  1.034) (n_accepted: 78%) (u_error:  1.111182 %) (beta_change:  1.817772 %) (delta_change:  0.752545 %) (delta_peak/R:  8.420045 %)
-> Saved file: /media/rafael/DATA/Dropbox/20220924_FIML_solver/data/output/field_inversion/Beta_k/u_imp_100/FI_run_T61_GLCPrStar_u_imp_100_k_imp_1_e_imp_0/FI_run_T61_GLCPrStar_u_imp_100_k_imp_1_e_imp_0_state_iter_1500.dat
iter:   1600 (Jcost: 3.320528e-01) (lr = 1.384e-02) (elapsed time: 1771.076) (secs/iter:  1.057) (n_accepted: 79%) (u_error:  1.111172 %) (beta_change:  1.851263 %) (delta_change:  0.754400 %) (delta_peak/R:  8.404398 %)
iter:   1700 (Jcost: 3.318292e-01) (lr = 8.593e-04) (elapsed time: 1860.798) (secs/iter:  0.897) (n_accepted: 76%) (u_error:  1.111166 %) (beta_change:  2.170721 %) (delta_change:  0.756459 %) (delta_peak/R:  8.388451 %)
iter:   1800 (Jcost: 3.317248e-01) (lr = 1.020e-02) (elapsed time: 1953.116) (secs/iter:  0.923) (n_accepted: 82%) (u_error:  1.111139 %) (beta_change:  2.351607 %) (delta_change:  0.757452 %) (delta_peak/R:  8.380720 %)
iter:   1900 (Jcost: 3.316356e-01) (lr = 2.101e-02) (elapsed time: 2057.123) (secs/iter:  1.040) (n_accepted: 80%) (u_error:  1.111178 %) (beta_change:  2.607803 %) (delta_change:  0.758479 %) (delta_peak/R:  8.374316 %)
iter:   2000 (Jcost: 3.315298e-01) (lr = 7.514e-03) (elapsed time: 2156.791) (secs/iter:  0.997) (n_accepted: 78%) (u_error:  1.111213 %) (beta_change:  2.950775 %) (delta_change:  0.759739 %) (delta_peak/R:  8.366529 %)
-> Saved file: /media/rafael/DATA/Dropbox/20220924_FIML_solver/data/output/field_inversion/Beta_k/u_imp_100/FI_run_T61_GLCPrStar_u_imp_100_k_imp_1_e_imp_0/FI_run_T61_GLCPrStar_u_imp_100_k_imp_1_e_imp_0_state_iter_2000.dat
iter:   2100 (Jcost: 3.314435e-01) (lr = 8.916e-02) (elapsed time: 2261.793) (secs/iter:  1.050) (n_accepted: 82%) (u_error:  1.110733 %) (beta_change:  3.275770 %) (delta_change:  0.759810 %) (delta_peak/R:  8.357244 %)
iter:   2200 (Jcost: 3.313636e-01) (lr = 3.189e-02) (elapsed time: 2357.585) (secs/iter:  0.958) (n_accepted: 78%) (u_error:  1.111125 %) (beta_change:  3.561873 %) (delta_change:  0.761564 %) (delta_peak/R:  8.353468 %)
iter:   2300 (Jcost: 3.312992e-01) (lr = 4.753e-03) (elapsed time: 2455.230) (secs/iter:  0.976) (n_accepted: 77%) (u_error:  1.111104 %) (beta_change:  3.829859 %) (delta_change:  0.762353 %) (delta_peak/R:  8.348414 %)
iter:   2400 (Jcost: 3.312345e-01) (lr = 4.080e-03) (elapsed time: 2550.967) (secs/iter:  0.957) (n_accepted: 79%) (u_error:  1.111109 %) (beta_change:  4.119507 %) (delta_change:  0.763235 %) (delta_peak/R:  8.343477 %)
iter:   2500 (Jcost: 3.311777e-01) (lr = 1.459e-03) (elapsed time: 2650.279) (secs/iter:  0.993) (n_accepted: 78%) (u_error:  1.111011 %) (beta_change:  4.394231 %) (delta_change:  0.763822 %) (delta_peak/R:  8.338648 %)
-> Saved file: /media/rafael/DATA/Dropbox/20220924_FIML_solver/data/output/field_inversion/Beta_k/u_imp_100/FI_run_T61_GLCPrStar_u_imp_100_k_imp_1_e_imp_0/FI_run_T61_GLCPrStar_u_imp_100_k_imp_1_e_imp_0_state_iter_2500.dat
iter:   2600 (Jcost: 3.311314e-01) (lr = 4.155e-02) (elapsed time: 2748.487) (secs/iter:  0.982) (n_accepted: 83%) (u_error:  1.111091 %) (beta_change:  4.630111 %) (delta_change:  0.783677 %) (delta_peak/R:  8.335566 %)
iter:   2700 (Jcost: 3.310915e-01) (lr = 1.486e-02) (elapsed time: 2845.480) (secs/iter:  0.970) (n_accepted: 78%) (u_error:  1.111118 %) (beta_change:  4.846213 %) (delta_change:  0.803102 %) (delta_peak/R:  8.332731 %)
iter:   2800 (Jcost: 3.310530e-01) (lr = 5.316e-03) (elapsed time: 2937.191) (secs/iter:  0.917) (n_accepted: 78%) (u_error:  1.111098 %) (beta_change:  5.064931 %) (delta_change:  0.821436 %) (delta_peak/R:  8.329826 %)
iter:   2900 (Jcost: 3.310198e-01) (lr = 4.563e-03) (elapsed time: 3030.698) (secs/iter:  0.935) (n_accepted: 79%) (u_error:  1.111103 %) (beta_change:  5.262114 %) (delta_change:  0.836814 %) (delta_peak/R:  8.327484 %)
iter:   3000 (Jcost: 3.309874e-01) (lr = 1.632e-03) (elapsed time: 3123.707) (secs/iter:  0.930) (n_accepted: 78%) (u_error:  1.111239 %) (beta_change:  5.468153 %) (delta_change:  0.852616 %) (delta_peak/R:  8.325835 %)
-> Saved file: /media/rafael/DATA/Dropbox/20220924_FIML_solver/data/output/field_inversion/Beta_k/u_imp_100/FI_run_T61_GLCPrStar_u_imp_100_k_imp_1_e_imp_0/FI_run_T61_GLCPrStar_u_imp_100_k_imp_1_e_imp_0_state_iter_3000.dat
iter:   3100 (Jcost: 3.309599e-01) (lr = 4.648e-02) (elapsed time: 3219.872) (secs/iter:  0.962) (n_accepted: 83%) (u_error:  1.110998 %) (beta_change:  5.639581 %) (delta_change:  0.867616 %) (delta_peak/R:  8.322861 %)
iter:   3200 (Jcost: 3.309341e-01) (lr = 3.990e-02) (elapsed time: 3312.218) (secs/iter:  0.923) (n_accepted: 79%) (u_error:  1.111162 %) (beta_change:  5.808934 %) (delta_change:  0.881902 %) (delta_peak/R:  8.321987 %)
iter:   3300 (Jcost: 3.309106e-01) (lr = 3.425e-02) (elapsed time: 3390.273) (secs/iter:  0.781) (n_accepted: 79%) (u_error:  1.111104 %) (beta_change:  5.965413 %) (delta_change:  0.894297 %) (delta_peak/R:  8.320243 %)
iter:   3400 (Jcost: 3.308857e-01) (lr = 5.104e-03) (elapsed time: 3480.459) (secs/iter:  0.902) (n_accepted: 77%) (u_error:  1.111063 %) (beta_change:  6.135925 %) (delta_change:  0.907041 %) (delta_peak/R:  8.318551 %)
iter:   3500 (Jcost: 3.308662e-01) (lr = 4.381e-03) (elapsed time: 3573.443) (secs/iter:  0.930) (n_accepted: 79%) (u_error:  1.111058 %) (beta_change:  6.272423 %) (delta_change:  0.916629 %) (delta_peak/R:  8.317401 %)
-> Saved file: /media/rafael/DATA/Dropbox/20220924_FIML_solver/data/output/field_inversion/Beta_k/u_imp_100/FI_run_T61_GLCPrStar_u_imp_100_k_imp_1_e_imp_0/FI_run_T61_GLCPrStar_u_imp_100_k_imp_1_e_imp_0_state_iter_3500.dat
iter:   3600 (Jcost: 3.308508e-01) (lr = 2.166e-02) (elapsed time: 3669.809) (secs/iter:  0.964) (n_accepted: 81%) (u_error:  1.111048 %) (beta_change:  6.380615 %) (delta_change:  0.923843 %) (delta_peak/R:  8.316504 %)
iter:   3700 (Jcost: 3.308326e-01) (lr = 1.345e-03) (elapsed time: 3766.002) (secs/iter:  0.962) (n_accepted: 76%) (u_error:  1.111038 %) (beta_change:  6.510809 %) (delta_change:  0.932075 %) (delta_peak/R:  8.315482 %)
iter:   3800 (Jcost: 3.308133e-01) (lr = 2.771e-03) (elapsed time: 3857.184) (secs/iter:  0.912) (n_accepted: 80%) (u_error:  1.110985 %) (beta_change:  6.649890 %) (delta_change:  0.940300 %) (delta_peak/R:  8.314241 %)
iter:   3900 (Jcost: 3.308001e-01) (lr = 5.709e-03) (elapsed time: 3949.629) (secs/iter:  0.924) (n_accepted: 80%) (u_error:  1.111021 %) (beta_change:  6.744526 %) (delta_change:  0.945607 %) (delta_peak/R:  8.313779 %)
iter:   4000 (Jcost: 3.307852e-01) (lr = 2.042e-03) (elapsed time: 4045.533) (secs/iter:  0.959) (n_accepted: 78%) (u_error:  1.111045 %) (beta_change:  6.852206 %) (delta_change:  0.951312 %) (delta_peak/R:  8.313207 %)
-> Saved file: /media/rafael/DATA/Dropbox/20220924_FIML_solver/data/output/field_inversion/Beta_k/u_imp_100/FI_run_T61_GLCPrStar_u_imp_100_k_imp_1_e_imp_0/FI_run_T61_GLCPrStar_u_imp_100_k_imp_1_e_imp_0_state_iter_4000.dat
iter:   4100 (Jcost: 3.307707e-01) (lr = 2.423e-02) (elapsed time: 4140.752) (secs/iter:  0.952) (n_accepted: 82%) (u_error:  1.111147 %) (beta_change:  6.960500 %) (delta_change:  0.956752 %) (delta_peak/R:  8.313042 %)
iter:   4200 (Jcost: 3.307589e-01) (lr = 4.992e-02) (elapsed time: 4228.266) (secs/iter:  0.875) (n_accepted: 80%) (u_error:  1.111022 %) (beta_change:  7.042529 %) (delta_change:  0.960538 %) (delta_peak/R:  8.311952 %)
iter:   4300 (Jcost: 3.307428e-01) (lr = 7.439e-03) (elapsed time: 4321.866) (secs/iter:  0.936) (n_accepted: 77%) (u_error:  1.111049 %) (beta_change:  7.158784 %) (delta_change:  0.965709 %) (delta_peak/R:  8.311431 %)
iter:   4400 (Jcost: 3.307279e-01) (lr = 2.661e-03) (elapsed time: 4412.365) (secs/iter:  0.905) (n_accepted: 78%) (u_error:  1.111040 %) (beta_change:  7.266365 %) (delta_change:  0.970135 %) (delta_peak/R:  8.310817 %)
iter:   4500 (Jcost: 3.307146e-01) (lr = 9.517e-04) (elapsed time: 4502.835) (secs/iter:  0.905) (n_accepted: 78%) (u_error:  1.110995 %) (beta_change:  7.361459 %) (delta_change:  0.973764 %) (delta_peak/R:  8.310114 %)
-> Saved file: /media/rafael/DATA/Dropbox/20220924_FIML_solver/data/output/field_inversion/Beta_k/u_imp_100/FI_run_T61_GLCPrStar_u_imp_100_k_imp_1_e_imp_0/FI_run_T61_GLCPrStar_u_imp_100_k_imp_1_e_imp_0_state_iter_4500.dat
iter:   4600 (Jcost: 3.307031e-01) (lr = 4.705e-03) (elapsed time: 4599.428) (secs/iter:  0.966) (n_accepted: 81%) (u_error:  1.111066 %) (beta_change:  7.444204 %) (delta_change:  0.976783 %) (delta_peak/R:  8.310061 %)
iter:   4700 (Jcost: 3.306925e-01) (lr = 5.584e-02) (elapsed time: 4689.337) (secs/iter:  0.899) (n_accepted: 82%) (u_error:  1.110986 %) (beta_change:  7.518120 %) (delta_change:  0.979259 %) (delta_peak/R:  8.309325 %)
iter:   4800 (Jcost: 3.306815e-01) (lr = 3.467e-03) (elapsed time: 4772.617) (secs/iter:  0.833) (n_accepted: 76%) (u_error:  1.110995 %) (beta_change:  7.595581 %) (delta_change:  0.981762 %) (delta_peak/R:  8.309023 %)
iter:   4900 (Jcost: 3.306702e-01) (lr = 1.240e-03) (elapsed time: 4866.738) (secs/iter:  0.941) (n_accepted: 78%) (u_error:  1.110971 %) (beta_change:  7.674426 %) (delta_change:  0.984141 %) (delta_peak/R:  8.308563 %)
iter:   5000 (Jcost: 3.306588e-01) (lr = 1.065e-03) (elapsed time: 4960.004) (secs/iter:  0.933) (n_accepted: 79%) (u_error:  1.110951 %) (beta_change:  7.753569 %) (delta_change:  0.986388 %) (delta_peak/R:  8.308137 %)
-> Saved file: /media/rafael/DATA/Dropbox/20220924_FIML_solver/data/output/field_inversion/Beta_k/u_imp_100/FI_run_T61_GLCPrStar_u_imp_100_k_imp_1_e_imp_0/FI_run_T61_GLCPrStar_u_imp_100_k_imp_1_e_imp_0_state_iter_5000.dat
iter:   5100 (Jcost: 3.306485e-01) (lr = 1.263e-02) (elapsed time: 5056.901) (secs/iter:  0.969) (n_accepted: 82%) (u_error:  1.110876 %) (beta_change:  7.825823 %) (delta_change:  0.988291 %) (delta_peak/R:  8.307484 %)
iter:   5200 (Jcost: 3.306392e-01) (lr = 6.246e-02) (elapsed time: 5145.694) (secs/iter:  0.888) (n_accepted: 81%) (u_error:  1.110981 %) (beta_change:  7.887221 %) (delta_change:  0.989905 %) (delta_peak/R:  8.307761 %)
iter:   5300 (Jcost: 3.306293e-01) (lr = 2.234e-02) (elapsed time: 5229.338) (secs/iter:  0.836) (n_accepted: 78%) (u_error:  1.110949 %) (beta_change:  7.953712 %) (delta_change:  0.991498 %) (delta_peak/R:  8.307355 %)
iter:   5400 (Jcost: 3.306201e-01) (lr = 7.990e-03) (elapsed time: 5320.735) (secs/iter:  0.914) (n_accepted: 78%) (u_error:  1.110939 %) (beta_change:  8.015536 %) (delta_change:  0.992912 %) (delta_peak/R:  8.307084 %)
iter:   5500 (Jcost: 3.306081e-01) (lr = 1.191e-03) (elapsed time: 5412.677) (secs/iter:  0.919) (n_accepted: 77%) (u_error:  1.110933 %) (beta_change:  8.094497 %) (delta_change:  0.994622 %) (delta_peak/R:  8.306777 %)
-> Saved file: /media/rafael/DATA/Dropbox/20220924_FIML_solver/data/output/field_inversion/Beta_k/u_imp_100/FI_run_T61_GLCPrStar_u_imp_100_k_imp_1_e_imp_0/FI_run_T61_GLCPrStar_u_imp_100_k_imp_1_e_imp_0_state_iter_5500.dat
iter:   5600 (Jcost: 3.305994e-01) (lr = 5.887e-03) (elapsed time: 5508.932) (secs/iter:  0.963) (n_accepted: 81%) (u_error:  1.110839 %) (beta_change:  8.152893 %) (delta_change:  0.995773 %) (delta_peak/R:  8.306126 %)
iter:   5700 (Jcost: 3.305928e-01) (lr = 1.213e-02) (elapsed time: 5597.605) (secs/iter:  0.887) (n_accepted: 80%) (u_error:  1.110903 %) (beta_change:  8.194165 %) (delta_change:  0.996618 %) (delta_peak/R:  8.306301 %)
iter:   5800 (Jcost: 3.305848e-01) (lr = 4.338e-03) (elapsed time: 5686.896) (secs/iter:  0.893) (n_accepted: 78%) (u_error:  1.110907 %) (beta_change:  8.245493 %) (delta_change:  0.997596 %) (delta_peak/R:  8.306155 %)
iter:   5900 (Jcost: 3.305753e-01) (lr = 1.552e-03) (elapsed time: 5778.543) (secs/iter:  0.916) (n_accepted: 78%) (u_error:  1.110893 %) (beta_change:  8.305609 %) (delta_change:  0.998686 %) (delta_peak/R:  8.305901 %)
iter:   6000 (Jcost: 3.305676e-01) (lr = 4.419e-02) (elapsed time: 5869.150) (secs/iter:  0.906) (n_accepted: 83%) (u_error:  1.110805 %) (beta_change:  8.356113 %) (delta_change:  0.999527 %) (delta_peak/R:  8.305318 %)
-> Saved file: /media/rafael/DATA/Dropbox/20220924_FIML_solver/data/output/field_inversion/Beta_k/u_imp_100/FI_run_T61_GLCPrStar_u_imp_100_k_imp_1_e_imp_0/FI_run_T61_GLCPrStar_u_imp_100_k_imp_1_e_imp_0_state_iter_6000.dat
iter:   6100 (Jcost: 3.305596e-01) (lr = 3.793e-02) (elapsed time: 5956.672) (secs/iter:  0.875) (n_accepted: 79%) (u_error:  1.110890 %) (beta_change:  8.403203 %) (delta_change:  1.000366 %) (delta_peak/R:  8.305595 %)
iter:   6200 (Jcost: 3.305523e-01) (lr = 2.355e-03) (elapsed time: 6047.472) (secs/iter:  0.908) (n_accepted: 76%) (u_error:  1.110889 %) (beta_change:  8.448436 %) (delta_change:  1.001108 %) (delta_peak/R:  8.305456 %)
iter:   6300 (Jcost: 3.305446e-01) (lr = 2.022e-03) (elapsed time: 6139.350) (secs/iter:  0.919) (n_accepted: 79%) (u_error:  1.110862 %) (beta_change:  8.497010 %) (delta_change:  1.001836 %) (delta_peak/R:  8.305194 %)
iter:   6400 (Jcost: 3.305360e-01) (lr = 2.399e-02) (elapsed time: 6222.341) (secs/iter:  0.830) (n_accepted: 82%) (u_error:  1.110903 %) (beta_change:  8.561330 %) (delta_change:  1.002671 %) (delta_peak/R:  8.305249 %)
iter:   6500 (Jcost: 3.305292e-01) (lr = 4.943e-02) (elapsed time: 6309.337) (secs/iter:  0.870) (n_accepted: 80%) (u_error:  1.110859 %) (beta_change:  8.610103 %) (delta_change:  1.003248 %) (delta_peak/R:  8.304928 %)
-> Saved file: /media/rafael/DATA/Dropbox/20220924_FIML_solver/data/output/field_inversion/Beta_k/u_imp_100/FI_run_T61_GLCPrStar_u_imp_100_k_imp_1_e_imp_0/FI_run_T61_GLCPrStar_u_imp_100_k_imp_1_e_imp_0_state_iter_6500.dat
iter:   6600 (Jcost: 3.305212e-01) (lr = 1.768e-02) (elapsed time: 6405.583) (secs/iter:  0.962) (n_accepted: 78%) (u_error:  1.110867 %) (beta_change:  8.668877 %) (delta_change:  1.003955 %) (delta_peak/R:  8.304842 %)
iter:   6700 (Jcost: 3.305147e-01) (lr = 6.323e-03) (elapsed time: 6493.415) (secs/iter:  0.878) (n_accepted: 78%) (u_error:  1.110840 %) (beta_change:  8.716046 %) (delta_change:  1.004492 %) (delta_peak/R:  8.304609 %)
iter:   6800 (Jcost: 3.305072e-01) (lr = 9.423e-04) (elapsed time: 6582.209) (secs/iter:  0.888) (n_accepted: 77%) (u_error:  1.110841 %) (beta_change:  8.770102 %) (delta_change:  1.005109 %) (delta_peak/R:  8.304502 %)
iter:   6900 (Jcost: 3.305006e-01) (lr = 1.941e-03) (elapsed time: 6661.247) (secs/iter:  0.790) (n_accepted: 80%) (u_error:  1.110792 %) (beta_change:  8.817780 %) (delta_change:  1.005619 %) (delta_peak/R:  8.304170 %)
iter:   7000 (Jcost: 3.304953e-01) (lr = 1.666e-03) (elapsed time: 6748.192) (secs/iter:  0.869) (n_accepted: 79%) (u_error:  1.110816 %) (beta_change:  8.855123 %) (delta_change:  1.006044 %) (delta_peak/R:  8.304215 %)
-> Saved file: /media/rafael/DATA/Dropbox/20220924_FIML_solver/data/output/field_inversion/Beta_k/u_imp_100/FI_run_T61_GLCPrStar_u_imp_100_k_imp_1_e_imp_0/FI_run_T61_GLCPrStar_u_imp_100_k_imp_1_e_imp_0_state_iter_7000.dat
iter:   7100 (Jcost: 3.304885e-01) (lr = 1.430e-03) (elapsed time: 6843.649) (secs/iter:  0.955) (n_accepted: 79%) (u_error:  1.110814 %) (beta_change:  8.904045 %) (delta_change:  1.006576 %) (delta_peak/R:  8.304110 %)
iter:   7200 (Jcost: 3.304824e-01) (lr = 2.947e-03) (elapsed time: 6933.281) (secs/iter:  0.896) (n_accepted: 80%) (u_error:  1.110880 %) (beta_change:  8.948571 %) (delta_change:  1.007089 %) (delta_peak/R:  8.304346 %)
iter:   7300 (Jcost: 3.304763e-01) (lr = 8.392e-02) (elapsed time: 7020.789) (secs/iter:  0.875) (n_accepted: 83%) (u_error:  1.110785 %) (beta_change:  8.990561 %) (delta_change:  1.007492 %) (delta_peak/R:  8.303804 %)
iter:   7400 (Jcost: 3.304714e-01) (lr = 5.211e-03) (elapsed time: 7110.931) (secs/iter:  0.901) (n_accepted: 76%) (u_error:  1.110798 %) (beta_change:  9.024626 %) (delta_change:  1.007860 %) (delta_peak/R:  8.303806 %)
iter:   7500 (Jcost: 3.304645e-01) (lr = 1.864e-03) (elapsed time: 7195.364) (secs/iter:  0.844) (n_accepted: 78%) (u_error:  1.110798 %) (beta_change:  9.073101 %) (delta_change:  1.008373 %) (delta_peak/R:  8.303721 %)
-> Saved file: /media/rafael/DATA/Dropbox/20220924_FIML_solver/data/output/field_inversion/Beta_k/u_imp_100/FI_run_T61_GLCPrStar_u_imp_100_k_imp_1_e_imp_0/FI_run_T61_GLCPrStar_u_imp_100_k_imp_1_e_imp_0_state_iter_7500.dat
iter:   7600 (Jcost: 3.304573e-01) (lr = 9.216e-03) (elapsed time: 7283.513) (secs/iter:  0.881) (n_accepted: 81%) (u_error:  1.110720 %) (beta_change:  9.124248 %) (delta_change:  1.008874 %) (delta_peak/R:  8.303249 %)
iter:   7700 (Jcost: 3.304518e-01) (lr = 4.557e-02) (elapsed time: 7336.191) (secs/iter:  0.527) (n_accepted: 81%) (u_error:  1.110790 %) (beta_change:  9.161597 %) (delta_change:  1.009301 %) (delta_peak/R:  8.303525 %)
iter:   7800 (Jcost: 3.304470e-01) (lr = 1.179e-03) (elapsed time: 7401.919) (secs/iter:  0.657) (n_accepted: 75%) (u_error:  1.110774 %) (beta_change:  9.194346 %) (delta_change:  1.009637 %) (delta_peak/R:  8.303392 %)
iter:   7900 (Jcost: 3.304408e-01) (lr = 5.829e-03) (elapsed time: 7475.250) (secs/iter:  0.733) (n_accepted: 81%) (u_error:  1.110720 %) (beta_change:  9.237339 %) (delta_change:  1.010063 %) (delta_peak/R:  8.303052 %)
iter:   8000 (Jcost: 3.304353e-01) (lr = 5.004e-03) (elapsed time: 7554.231) (secs/iter:  0.790) (n_accepted: 79%) (u_error:  1.110810 %) (beta_change:  9.275262 %) (delta_change:  1.010508 %) (delta_peak/R:  8.303430 %)
-> Saved file: /media/rafael/DATA/Dropbox/20220924_FIML_solver/data/output/field_inversion/Beta_k/u_imp_100/FI_run_T61_GLCPrStar_u_imp_100_k_imp_1_e_imp_0/FI_run_T61_GLCPrStar_u_imp_100_k_imp_1_e_imp_0_state_iter_8000.dat
iter:   8100 (Jcost: 3.304295e-01) (lr = 5.937e-02) (elapsed time: 7641.874) (secs/iter:  0.876) (n_accepted: 82%) (u_error:  1.110770 %) (beta_change:  9.314611 %) (delta_change:  1.010905 %) (delta_peak/R:  8.303170 %)
iter:   8200 (Jcost: 3.304241e-01) (lr = 1.536e-03) (elapsed time: 7730.369) (secs/iter:  0.885) (n_accepted: 75%) (u_error:  1.110742 %) (beta_change:  9.351178 %) (delta_change:  1.011281 %) (delta_peak/R:  8.302972 %)
iter:   8300 (Jcost: 3.304179e-01) (lr = 4.375e-02) (elapsed time: 7806.689) (secs/iter:  0.763) (n_accepted: 83%) (u_error:  1.110786 %) (beta_change:  9.393720 %) (delta_change:  1.011758 %) (delta_peak/R:  8.303115 %)
iter:   8400 (Jcost: 3.304142e-01) (lr = 1.565e-02) (elapsed time: 7894.335) (secs/iter:  0.876) (n_accepted: 78%) (u_error:  1.110721 %) (beta_change:  9.417981 %) (delta_change:  1.011988 %) (delta_peak/R:  8.302759 %)
iter:   8500 (Jcost: 3.304096e-01) (lr = 5.597e-03) (elapsed time: 7984.663) (secs/iter:  0.903) (n_accepted: 78%) (u_error:  1.110725 %) (beta_change:  9.448377 %) (delta_change:  1.012320 %) (delta_peak/R:  8.302731 %)
-> Saved file: /media/rafael/DATA/Dropbox/20220924_FIML_solver/data/output/field_inversion/Beta_k/u_imp_100/FI_run_T61_GLCPrStar_u_imp_100_k_imp_1_e_imp_0/FI_run_T61_GLCPrStar_u_imp_100_k_imp_1_e_imp_0_state_iter_8500.dat
iter:   8600 (Jcost: 3.304033e-01) (lr = 8.341e-04) (elapsed time: 8074.953) (secs/iter:  0.903) (n_accepted: 77%) (u_error:  1.110708 %) (beta_change:  9.490283 %) (delta_change:  1.012770 %) (delta_peak/R:  8.302584 %)
iter:   8700 (Jcost: 3.303980e-01) (lr = 2.375e-02) (elapsed time: 8157.601) (secs/iter:  0.826) (n_accepted: 83%) (u_error:  1.110754 %) (beta_change:  9.526192 %) (delta_change:  1.013189 %) (delta_peak/R:  8.302749 %)
iter:   8800 (Jcost: 3.303939e-01) (lr = 4.894e-02) (elapsed time: 8247.729) (secs/iter:  0.901) (n_accepted: 80%) (u_error:  1.110694 %) (beta_change:  9.561303 %) (delta_change:  1.013455 %) (delta_peak/R:  8.302413 %)
iter:   8900 (Jcost: 3.303896e-01) (lr = 1.750e-02) (elapsed time: 8334.951) (secs/iter:  0.872) (n_accepted: 78%) (u_error:  1.110689 %) (beta_change:  9.626519 %) (delta_change:  1.013769 %) (delta_peak/R:  8.302348 %)
iter:   9000 (Jcost: 3.303855e-01) (lr = 2.608e-03) (elapsed time: 8421.749) (secs/iter:  0.868) (n_accepted: 77%) (u_error:  1.110696 %) (beta_change:  9.689315 %) (delta_change:  1.014075 %) (delta_peak/R:  8.302339 %)
-> Saved file: /media/rafael/DATA/Dropbox/20220924_FIML_solver/data/output/field_inversion/Beta_k/u_imp_100/FI_run_T61_GLCPrStar_u_imp_100_k_imp_1_e_imp_0/FI_run_T61_GLCPrStar_u_imp_100_k_imp_1_e_imp_0_state_iter_9000.dat
iter:   9100 (Jcost: 3.303803e-01) (lr = 1.290e-02) (elapsed time: 8514.562) (secs/iter:  0.928) (n_accepted: 81%) (u_error:  1.110623 %) (beta_change:  9.771707 %) (delta_change:  1.014436 %) (delta_peak/R:  8.301926 %)
iter:   9200 (Jcost: 3.303774e-01) (lr = 1.107e-02) (elapsed time: 8600.432) (secs/iter:  0.859) (n_accepted: 79%) (u_error:  1.110684 %) (beta_change:  9.815609 %) (delta_change:  1.014675 %) (delta_peak/R:  8.302196 %)
iter:   9300 (Jcost: 3.303732e-01) (lr = 2.281e-02) (elapsed time: 8687.630) (secs/iter:  0.872) (n_accepted: 80%) (u_error:  1.110762 %) (beta_change:  9.885795 %) (delta_change:  1.015047 %) (delta_peak/R:  8.302534 %)
iter:   9400 (Jcost: 3.303695e-01) (lr = 4.699e-02) (elapsed time: 8773.868) (secs/iter:  0.862) (n_accepted: 80%) (u_error:  1.110678 %) (beta_change:  9.939152 %) (delta_change:  1.015261 %) (delta_peak/R:  8.302088 %)
iter:   9500 (Jcost: 3.303657e-01) (lr = 1.681e-02) (elapsed time: 8861.078) (secs/iter:  0.872) (n_accepted: 78%) (u_error:  1.110657 %) (beta_change: 10.000206 %) (delta_change:  1.015541 %) (delta_peak/R:  8.301950 %)
-> Saved file: /media/rafael/DATA/Dropbox/20220924_FIML_solver/data/output/field_inversion/Beta_k/u_imp_100/FI_run_T61_GLCPrStar_u_imp_100_k_imp_1_e_imp_0/FI_run_T61_GLCPrStar_u_imp_100_k_imp_1_e_imp_0_state_iter_9500.dat
iter:   9600 (Jcost: 3.303614e-01) (lr = 1.443e-02) (elapsed time: 8949.041) (secs/iter:  0.880) (n_accepted: 79%) (u_error:  1.110657 %) (beta_change: 10.068750 %) (delta_change:  1.015865 %) (delta_peak/R:  8.301907 %)
iter:   9700 (Jcost: 3.303577e-01) (lr = 8.958e-04) (elapsed time: 9035.457) (secs/iter:  0.864) (n_accepted: 76%) (u_error:  1.110658 %) (beta_change: 10.130814 %) (delta_change:  1.016154 %) (delta_peak/R:  8.301873 %)
iter:   9800 (Jcost: 3.303528e-01) (lr = 6.123e-02) (elapsed time: 9108.017) (secs/iter:  0.726) (n_accepted: 84%) (u_error:  1.110718 %) (beta_change: 10.216798 %) (delta_change:  1.016575 %) (delta_peak/R:  8.302118 %)
iter:   9900 (Jcost: 3.303500e-01) (lr = 1.584e-03) (elapsed time: 9197.618) (secs/iter:  0.896) (n_accepted: 75%) (u_error:  1.110639 %) (beta_change: 10.260463 %) (delta_change:  1.016737 %) (delta_peak/R:  8.301710 %)
iter:  10000 (Jcost: 3.303470e-01) (lr = 4.511e-02) (elapsed time: 9282.824) (secs/iter:  0.852) (n_accepted: 83%) (u_error:  1.110627 %) (beta_change: 10.313368 %) (delta_change:  1.016971 %) (delta_peak/R:  8.301618 %)
-> Saved file: /media/rafael/DATA/Dropbox/20220924_FIML_solver/data/output/field_inversion/Beta_k/u_imp_100/FI_run_T61_GLCPrStar_u_imp_100_k_imp_1_e_imp_0/FI_run_T61_GLCPrStar_u_imp_100_k_imp_1_e_imp_0_state_iter_10000.dat
iter:  10100 (Jcost: 3.303431e-01) (lr = 1.614e-02) (elapsed time: 9363.916) (secs/iter:  0.811) (n_accepted: 78%) (u_error:  1.110654 %) (beta_change: 10.379706 %) (delta_change:  1.017282 %) (delta_peak/R:  8.301712 %)
iter:  10200 (Jcost: 3.303394e-01) (lr = 1.002e-03) (elapsed time: 9446.622) (secs/iter:  0.827) (n_accepted: 76%) (u_error:  1.110637 %) (beta_change: 10.444523 %) (delta_change:  1.017566 %) (delta_peak/R:  8.301597 %)
iter:  10300 (Jcost: 3.303353e-01) (lr = 1.189e-02) (elapsed time: 9499.884) (secs/iter:  0.533) (n_accepted: 82%) (u_error:  1.110592 %) (beta_change: 10.517821 %) (delta_change:  1.017872 %) (delta_peak/R:  8.301334 %)
iter:  10400 (Jcost: 3.303323e-01) (lr = 1.021e-02) (elapsed time: 9557.527) (secs/iter:  0.576) (n_accepted: 79%) (u_error:  1.110626 %) (beta_change: 10.570441 %) (delta_change:  1.018122 %) (delta_peak/R:  8.301471 %)
iter:  10500 (Jcost: 3.303290e-01) (lr = 1.521e-03) (elapsed time: 9617.796) (secs/iter:  0.603) (n_accepted: 77%) (u_error:  1.110618 %) (beta_change: 10.630366 %) (delta_change:  1.018384 %) (delta_peak/R:  8.301403 %)
-> Saved file: /media/rafael/DATA/Dropbox/20220924_FIML_solver/data/output/field_inversion/Beta_k/u_imp_100/FI_run_T61_GLCPrStar_u_imp_100_k_imp_1_e_imp_0/FI_run_T61_GLCPrStar_u_imp_100_k_imp_1_e_imp_0_state_iter_10500.dat
iter:  10600 (Jcost: 3.303249e-01) (lr = 3.133e-03) (elapsed time: 9675.763) (secs/iter:  0.580) (n_accepted: 80%) (u_error:  1.110577 %) (beta_change: 10.705673 %) (delta_change:  1.018696 %) (delta_peak/R:  8.301164 %)
iter:  10700 (Jcost: 3.303215e-01) (lr = 8.924e-02) (elapsed time: 9727.300) (secs/iter:  0.515) (n_accepted: 83%) (u_error:  1.110569 %) (beta_change: 10.769138 %) (delta_change:  1.018971 %) (delta_peak/R:  8.301092 %)
iter:  10800 (Jcost: 3.303188e-01) (lr = 3.192e-02) (elapsed time: 9782.714) (secs/iter:  0.554) (n_accepted: 78%) (u_error:  1.110598 %) (beta_change: 10.816931 %) (delta_change:  1.019193 %) (delta_peak/R:  8.301208 %)
iter:  10900 (Jcost: 3.303153e-01) (lr = 1.142e-02) (elapsed time: 9843.602) (secs/iter:  0.609) (n_accepted: 78%) (u_error:  1.110597 %) (beta_change: 10.882762 %) (delta_change:  1.019479 %) (delta_peak/R:  8.301168 %)
iter:  11000 (Jcost: 3.303119e-01) (lr = 1.701e-03) (elapsed time: 9932.262) (secs/iter:  0.887) (n_accepted: 77%) (u_error:  1.110596 %) (beta_change: 10.946802 %) (delta_change:  1.019755 %) (delta_peak/R:  8.301130 %)
-> Saved file: /media/rafael/DATA/Dropbox/20220924_FIML_solver/data/output/field_inversion/Beta_k/u_imp_100/FI_run_T61_GLCPrStar_u_imp_100_k_imp_1_e_imp_0/FI_run_T61_GLCPrStar_u_imp_100_k_imp_1_e_imp_0_state_iter_11000.dat
iter:  11100 (Jcost: 3.303087e-01) (lr = 1.460e-03) (elapsed time: 10006.199) (secs/iter:  0.739) (n_accepted: 79%) (u_error:  1.110589 %) (beta_change: 11.007998 %) (delta_change:  1.020015 %) (delta_peak/R:  8.301068 %)
iter:  11200 (Jcost: 3.303058e-01) (lr = 3.009e-03) (elapsed time: 10081.117) (secs/iter:  0.749) (n_accepted: 80%) (u_error:  1.110562 %) (beta_change: 11.065017 %) (delta_change:  1.020246 %) (delta_peak/R:  8.300906 %)
iter:  11300 (Jcost: 3.303022e-01) (lr = 8.568e-02) (elapsed time: 10134.721) (secs/iter:  0.536) (n_accepted: 83%) (u_error:  1.110582 %) (beta_change: 11.135084 %) (delta_change:  1.020554 %) (delta_peak/R:  8.300970 %)
iter:  11400 (Jcost: 3.302996e-01) (lr = 2.217e-03) (elapsed time: 10200.831) (secs/iter:  0.661) (n_accepted: 75%) (u_error:  1.110575 %) (beta_change: 11.185615 %) (delta_change:  1.020765 %) (delta_peak/R:  8.300913 %)
iter:  11500 (Jcost: 3.302960e-01) (lr = 1.903e-03) (elapsed time: 10280.751) (secs/iter:  0.799) (n_accepted: 79%) (u_error:  1.110549 %) (beta_change: 11.257117 %) (delta_change:  1.021055 %) (delta_peak/R:  8.300753 %)
-> Saved file: /media/rafael/DATA/Dropbox/20220924_FIML_solver/data/output/field_inversion/Beta_k/u_imp_100/FI_run_T61_GLCPrStar_u_imp_100_k_imp_1_e_imp_0/FI_run_T61_GLCPrStar_u_imp_100_k_imp_1_e_imp_0_state_iter_11500.dat
iter:  11600 (Jcost: 3.302941e-01) (lr = 1.634e-03) (elapsed time: 10371.478) (secs/iter:  0.907) (n_accepted: 79%) (u_error:  1.110558 %) (beta_change: 11.295951 %) (delta_change:  1.021222 %) (delta_peak/R:  8.300777 %)
iter:  11700 (Jcost: 3.302907e-01) (lr = 3.365e-03) (elapsed time: 10450.126) (secs/iter:  0.786) (n_accepted: 80%) (u_error:  1.110622 %) (beta_change: 11.368198 %) (delta_change:  1.021554 %) (delta_peak/R:  8.301054 %)
iter:  11800 (Jcost: 3.302885e-01) (lr = 6.933e-03) (elapsed time: 10531.409) (secs/iter:  0.813) (n_accepted: 80%) (u_error:  1.110546 %) (beta_change: 11.410328 %) (delta_change:  1.021693 %) (delta_peak/R:  8.300666 %)
iter:  11900 (Jcost: 3.302854e-01) (lr = 2.480e-03) (elapsed time: 10612.741) (secs/iter:  0.813) (n_accepted: 78%) (u_error:  1.110549 %) (beta_change: 11.473929 %) (delta_change:  1.021957 %) (delta_peak/R:  8.300647 %)
iter:  12000 (Jcost: 3.302824e-01) (lr = 1.226e-02) (elapsed time: 10697.633) (secs/iter:  0.849) (n_accepted: 81%) (u_error:  1.110507 %) (beta_change: 11.537477 %) (delta_change:  1.022198 %) (delta_peak/R:  8.300414 %)
-> Saved file: /media/rafael/DATA/Dropbox/20220924_FIML_solver/data/output/field_inversion/Beta_k/u_imp_100/FI_run_T61_GLCPrStar_u_imp_100_k_imp_1_e_imp_0/FI_run_T61_GLCPrStar_u_imp_100_k_imp_1_e_imp_0_state_iter_12000.dat
iter:  12100 (Jcost: 3.302806e-01) (lr = 4.385e-03) (elapsed time: 10786.332) (secs/iter:  0.887) (n_accepted: 78%) (u_error:  1.110546 %) (beta_change: 11.572456 %) (delta_change:  1.022360 %) (delta_peak/R:  8.300590 %)
iter:  12200 (Jcost: 3.302777e-01) (lr = 1.568e-03) (elapsed time: 10855.574) (secs/iter:  0.692) (n_accepted: 78%) (u_error:  1.110547 %) (beta_change: 11.633424 %) (delta_change:  1.022609 %) (delta_peak/R:  8.300568 %)
iter:  12300 (Jcost: 3.302752e-01) (lr = 3.231e-03) (elapsed time: 10907.287) (secs/iter:  0.517) (n_accepted: 80%) (u_error:  1.110554 %) (beta_change: 11.687801 %) (delta_change:  1.022832 %) (delta_peak/R:  8.300577 %)
iter:  12400 (Jcost: 3.302727e-01) (lr = 9.202e-02) (elapsed time: 10966.118) (secs/iter:  0.588) (n_accepted: 83%) (u_error:  1.110592 %) (beta_change: 11.744673 %) (delta_change:  1.023079 %) (delta_peak/R:  8.300733 %)
iter:  12500 (Jcost: 3.302705e-01) (lr = 3.291e-02) (elapsed time: 11052.609) (secs/iter:  0.865) (n_accepted: 78%) (u_error:  1.110535 %) (beta_change: 11.789130 %) (delta_change:  1.023231 %) (delta_peak/R:  8.300439 %)
-> Saved file: /media/rafael/DATA/Dropbox/20220924_FIML_solver/data/output/field_inversion/Beta_k/u_imp_100/FI_run_T61_GLCPrStar_u_imp_100_k_imp_1_e_imp_0/FI_run_T61_GLCPrStar_u_imp_100_k_imp_1_e_imp_0_state_iter_12500.dat
iter:  12600 (Jcost: 3.302680e-01) (lr = 4.905e-03) (elapsed time: 11142.784) (secs/iter:  0.902) (n_accepted: 77%) (u_error:  1.110527 %) (beta_change: 11.842616 %) (delta_change:  1.023441 %) (delta_peak/R:  8.300375 %)
iter:  12700 (Jcost: 3.302657e-01) (lr = 1.754e-03) (elapsed time: 11228.658) (secs/iter:  0.859) (n_accepted: 78%) (u_error:  1.110520 %) (beta_change: 11.893802 %) (delta_change:  1.023640 %) (delta_peak/R:  8.300319 %)
iter:  12800 (Jcost: 3.302639e-01) (lr = 8.674e-03) (elapsed time: 11312.151) (secs/iter:  0.835) (n_accepted: 81%) (u_error:  1.110515 %) (beta_change: 11.934710 %) (delta_change:  1.023800 %) (delta_peak/R:  8.300275 %)
iter:  12900 (Jcost: 3.302613e-01) (lr = 7.446e-03) (elapsed time: 11398.337) (secs/iter:  0.862) (n_accepted: 79%) (u_error:  1.110503 %) (beta_change: 11.991483 %) (delta_change:  1.024017 %) (delta_peak/R:  8.300194 %)
iter:  13000 (Jcost: 3.302587e-01) (lr = 2.663e-03) (elapsed time: 11481.172) (secs/iter:  0.828) (n_accepted: 78%) (u_error:  1.110497 %) (beta_change: 12.051790 %) (delta_change:  1.024250 %) (delta_peak/R:  8.300137 %)
-> Saved file: /media/rafael/DATA/Dropbox/20220924_FIML_solver/data/output/field_inversion/Beta_k/u_imp_100/FI_run_T61_GLCPrStar_u_imp_100_k_imp_1_e_imp_0/FI_run_T61_GLCPrStar_u_imp_100_k_imp_1_e_imp_0_state_iter_13000.dat
iter:  13100 (Jcost: 3.302562e-01) (lr = 5.487e-03) (elapsed time: 11573.260) (secs/iter:  0.921) (n_accepted: 80%) (u_error:  1.110534 %) (beta_change: 12.108909 %) (delta_change:  1.024490 %) (delta_peak/R:  8.300295 %)
iter:  13200 (Jcost: 3.302538e-01) (lr = 1.130e-02) (elapsed time: 11659.319) (secs/iter:  0.861) (n_accepted: 80%) (u_error:  1.110523 %) (beta_change: 12.162229 %) (delta_change:  1.024690 %) (delta_peak/R:  8.300218 %)
iter:  13300 (Jcost: 3.302519e-01) (lr = 5.589e-02) (elapsed time: 11744.994) (secs/iter:  0.857) (n_accepted: 81%) (u_error:  1.110500 %) (beta_change: 12.207474 %) (delta_change:  1.024853 %) (delta_peak/R:  8.300085 %)
iter:  13400 (Jcost: 3.302495e-01) (lr = 8.329e-03) (elapsed time: 11819.908) (secs/iter:  0.749) (n_accepted: 77%) (u_error:  1.110488 %) (beta_change: 12.262424 %) (delta_change:  1.025057 %) (delta_peak/R:  8.300003 %)
iter:  13500 (Jcost: 3.302471e-01) (lr = 2.979e-03) (elapsed time: 11901.399) (secs/iter:  0.815) (n_accepted: 78%) (u_error:  1.110488 %) (beta_change: 12.319463 %) (delta_change:  1.025274 %) (delta_peak/R:  8.299981 %)
-> Saved file: /media/rafael/DATA/Dropbox/20220924_FIML_solver/data/output/field_inversion/Beta_k/u_imp_100/FI_run_T61_GLCPrStar_u_imp_100_k_imp_1_e_imp_0/FI_run_T61_GLCPrStar_u_imp_100_k_imp_1_e_imp_0_state_iter_13500.dat
iter:  13600 (Jcost: 3.302448e-01) (lr = 1.065e-03) (elapsed time: 11991.644) (secs/iter:  0.902) (n_accepted: 78%) (u_error:  1.110488 %) (beta_change: 12.373100 %) (delta_change:  1.025477 %) (delta_peak/R:  8.299959 %)
iter:  13700 (Jcost: 3.302423e-01) (lr = 1.264e-02) (elapsed time: 12068.612) (secs/iter:  0.770) (n_accepted: 82%) (u_error:  1.110466 %) (beta_change: 12.434616 %) (delta_change:  1.025697 %) (delta_peak/R:  8.299826 %)
iter:  13800 (Jcost: 3.302408e-01) (lr = 1.085e-02) (elapsed time: 12154.427) (secs/iter:  0.858) (n_accepted: 79%) (u_error:  1.110485 %) (beta_change: 12.469341 %) (delta_change:  1.025835 %) (delta_peak/R:  8.299903 %)
iter:  13900 (Jcost: 3.302384e-01) (lr = 2.236e-02) (elapsed time: 12208.080) (secs/iter:  0.537) (n_accepted: 80%) (u_error:  1.110528 %) (beta_change: 12.530149 %) (delta_change:  1.026082 %) (delta_peak/R:  8.300090 %)
iter:  14000 (Jcost: 3.302363e-01) (lr = 4.606e-02) (elapsed time: 12278.031) (secs/iter:  0.700) (n_accepted: 80%) (u_error:  1.110478 %) (beta_change: 12.578653 %) (delta_change:  1.026237 %) (delta_peak/R:  8.299826 %)
-> Saved file: /media/rafael/DATA/Dropbox/20220924_FIML_solver/data/output/field_inversion/Beta_k/u_imp_100/FI_run_T61_GLCPrStar_u_imp_100_k_imp_1_e_imp_0/FI_run_T61_GLCPrStar_u_imp_100_k_imp_1_e_imp_0_state_iter_14000.dat
iter:  14100 (Jcost: 3.302341e-01) (lr = 6.864e-03) (elapsed time: 12356.985) (secs/iter:  0.790) (n_accepted: 77%) (u_error:  1.110462 %) (beta_change: 12.634528 %) (delta_change:  1.026434 %) (delta_peak/R:  8.299726 %)
iter:  14200 (Jcost: 3.302322e-01) (lr = 2.455e-03) (elapsed time: 12443.090) (secs/iter:  0.861) (n_accepted: 78%) (u_error:  1.110471 %) (beta_change: 12.681035 %) (delta_change:  1.026608 %) (delta_peak/R:  8.299752 %)
iter:  14300 (Jcost: 3.302304e-01) (lr = 1.214e-02) (elapsed time: 12526.564) (secs/iter:  0.835) (n_accepted: 81%) (u_error:  1.110507 %) (beta_change: 12.729707 %) (delta_change:  1.026801 %) (delta_peak/R:  8.299909 %)
iter:  14400 (Jcost: 3.302291e-01) (lr = 1.809e-03) (elapsed time: 12612.480) (secs/iter:  0.859) (n_accepted: 77%) (u_error:  1.110462 %) (beta_change: 12.759510 %) (delta_change:  1.026888 %) (delta_peak/R:  8.299677 %)
iter:  14500 (Jcost: 3.302271e-01) (lr = 1.553e-03) (elapsed time: 12696.089) (secs/iter:  0.836) (n_accepted: 79%) (u_error:  1.110453 %) (beta_change: 12.811597 %) (delta_change:  1.027070 %) (delta_peak/R:  8.299609 %)
-> Saved file: /media/rafael/DATA/Dropbox/20220924_FIML_solver/data/output/field_inversion/Beta_k/u_imp_100/FI_run_T61_GLCPrStar_u_imp_100_k_imp_1_e_imp_0/FI_run_T61_GLCPrStar_u_imp_100_k_imp_1_e_imp_0_state_iter_14500.dat
iter:  14600 (Jcost: 3.302250e-01) (lr = 1.843e-02) (elapsed time: 12782.661) (secs/iter:  0.866) (n_accepted: 82%) (u_error:  1.110412 %) (beta_change: 12.865165 %) (delta_change:  1.027242 %) (delta_peak/R:  8.299391 %)
iter:  14700 (Jcost: 3.302232e-01) (lr = 3.796e-02) (elapsed time: 12866.730) (secs/iter:  0.841) (n_accepted: 80%) (u_error:  1.110479 %) (beta_change: 12.911225 %) (delta_change:  1.027437 %) (delta_peak/R:  8.299697 %)
iter:  14800 (Jcost: 3.302218e-01) (lr = 3.259e-02) (elapsed time: 12948.841) (secs/iter:  0.821) (n_accepted: 79%) (u_error:  1.110447 %) (beta_change: 12.949066 %) (delta_change:  1.027555 %) (delta_peak/R:  8.299527 %)
iter:  14900 (Jcost: 3.302200e-01) (lr = 8.431e-04) (elapsed time: 13029.700) (secs/iter:  0.809) (n_accepted: 75%) (u_error:  1.110442 %) (beta_change: 12.995480 %) (delta_change:  1.027716 %) (delta_peak/R:  8.299486 %)
iter:  15000 (Jcost: 3.302185e-01) (lr = 5.763e-02) (elapsed time: 13111.178) (secs/iter:  0.815) (n_accepted: 84%) (u_error:  1.110448 %) (beta_change: 13.034835 %) (delta_change:  1.027856 %) (delta_peak/R:  8.299498 %)
-> Saved file: /media/rafael/DATA/Dropbox/20220924_FIML_solver/data/output/field_inversion/Beta_k/u_imp_100/FI_run_T61_GLCPrStar_u_imp_100_k_imp_1_e_imp_0/FI_run_T61_GLCPrStar_u_imp_100_k_imp_1_e_imp_0_state_iter_15000.dat
iter:  15000 (Jcost: 3.302184e-01) (lr = 6.916e-02) (elapsed time: 13116.817) (secs/iter:   None) (n_accepted: 0%) (u_error:  1.110446 %) (beta_change: 13.036742 %) (delta_change:  1.027862 %) (delta_peak/R:  8.299490 %)
