# ------------------------------------------------------------------------
#                  Input Arguments
# ------------------------------------------------------------------------
# Begin_Input_Arguments
{ 'all_b_mode': ['Beta_e'],
  'args_mk_solver': { 'torch': "<module 'torch' from "
                               "'/home/rafael/anaconda3/lib/python3.9/site-packages/torch/__init__.py'>",
                      'y_grid': [0.0, 0.000309700312, 0.000638645973, 0.00098802599, 0.00135910194, 0.00175321227, 0.00217177688, 0.00261630193, 0.00308838486, 0.00358971984, 0.00412210331, 0.00468744001, 0.00528774917, 0.00592517114, 0.00660197432, 0.0073205624, 0.00808348206, 0.00889343092, 0.00975326602, 0.0106660126, 0.0116348733, 0.0126632377, 0.0137546927, 0.0149130326, 0.0161422702, 0.0174466482, 0.0188306506, 0.0202990157, 0.0218567475, 0.02350913, 0.0252617393, 0.0271204584, 0.0290914903, 0.0311813732, 0.033396994, 0.0357456039, 0.0382348325, 0.0408727029, 0.0436676462, 0.0466285159, 0.0497646022, 0.0530856456, 0.0566018496, 0.0603238931, 0.0642629411, 0.068430655, 0.0728392004, 0.0775012535, 0.0824300053, 0.0876391634, 0.0931429507, 0.0989561006, 0.105093849, 0.111571922, 0.118406518, 0.125614286, 0.133212296, 0.141218006, 0.14964922, 0.158524039, 0.167860801, 0.177678022, 0.187994313, 0.1988283, 0.21019853, 0.222123362, 0.234620856, 0.247708641, 0.261403784, 0.275722637, 0.290680679, 0.306292354, 0.322570888, 0.339528108, 0.357174255, 0.375517785, 0.394565175, 0.414320726, 0.43478637, 0.45596148, 0.47784269, 0.500423731, 0.523695275, 0.547644806, 0.572256506, 0.597511177, 0.623386184, 0.649855436, 0.676889401, 0.704455158, 0.73251649, 0.761034018, 0.789965372, 0.819265404, 0.848886442, 0.878778572, 0.908889961, 0.939167201, 0.969555687, 1.0],
                      'Ret': 652.061414,
                      'cp': 1926.63277,
                      'A_sca_rho': 1.0,
                      'A_sca_mu': 0.0015335978767177902,
                      'A_sca_k': 4.22097132183845,
                      'b_exp_rho': -1.0,
                      'b_exp_mu': 0.75,
                      'b_exp_k': 0.75,
                      'tensor_device': 'cpu',
                      'as_tensor': '<function '
                                   'Build_arguments_fi_run._mk_args_MK_solver.<locals>.<lambda> '
                                   'at 0x7f741e4d8e50>',
                      'ref_dns': { 'u_dns': [0.0, 0.201500449, 0.41554378, 0.642778104, 0.883849047, 1.13938905, 1.41000368, 1.69625425, 1.99863598, 2.3175506, 2.65327244, 3.00593285, 3.3755371, 3.76186798, 4.16440947, 4.58227977, 5.0142801, 5.45879448, 5.91360122, 6.37604164, 6.84368085, 7.31372063, 7.78305105, 8.24888055, 8.70830252, 9.15860176, 9.59746574, 10.0228264, 10.4330197, 10.8268059, 11.2032709, 11.5619393, 11.9026444, 12.2254947, 12.5309128, 12.8194688, 13.091914, 13.3491225, 13.5920416, 13.8216411, 14.0389577, 14.2450689, 14.4410756, 14.6280832, 14.8071443, 14.9792813, 15.145446, 15.306473, 15.4631192, 15.6161259, 15.7661648, 15.9138262, 16.0596426, 16.2042147, 16.3482443, 16.4922748, 16.6366283, 16.7815222, 16.9269436, 17.0726896, 17.2187167, 17.3650624, 17.5116346, 17.6585296, 17.8060988, 17.9545835, 18.1041368, 18.2545863, 18.405659, 18.5572165, 18.7089156, 18.8606047, 19.0120019, 19.1625135, 19.3120166, 19.4601056, 19.6069081, 19.7537779, 19.9012166, 20.0489983, 20.197156, 20.345105, 20.4914765, 20.6358501, 20.7772985, 20.9151804, 21.0497051, 21.1809804, 21.3084923, 21.4312913, 21.5482913, 21.6577256, 21.7584759, 21.8500647, 21.9309515, 21.9999858, 22.0553963, 22.0970789, 22.1236423, 22.132578],
                                   'T_dns': [1.0, 1.0014724081479554, 1.0030038605988982, 1.0045950071145255, 1.006246370252563, 1.007958397431845, 1.0097314608152597, 1.011565953086321, 1.0134623224148736, 1.0154212122571087, 1.0174436015836135, 1.019529469145863, 1.0216740411085943, 1.0238700433153547, 1.0261080000899387, 1.0283760872978718, 1.0306633487826065, 1.0329595229575919, 1.035253123952118, 1.037531745417657, 1.0397828310213835, 1.0419934903982495, 1.044151061948142, 1.0462443987909043, 1.048264138266388, 1.050201915888814, 1.0520510737537265, 1.0538071767425974, 1.0554667758076612, 1.0570291121625501, 1.0584940855946139, 1.05986370236006, 1.0611406841033548, 1.0623287331434543, 1.0634325949027392, 1.06445708693987, 1.0654075573826758, 1.0662895576779476, 1.0671085767619102, 1.0678699782541332, 1.0685789288393102, 1.0692402824745735, 1.0698585088080894, 1.070437648177355, 1.0709814347226867, 1.0714933931480644, 1.0719767852260396, 1.0724343882182006, 1.072868724478893, 1.0732821762116038, 1.073676781721795, 1.0740543944692913, 1.0744165058728004, 1.0747645637750727, 1.0750999900797775, 1.075423658330961, 1.0757362122276826, 1.0760384994104721, 1.0763308984952027, 1.0766132391942012, 1.0768861837715995, 1.0771501732952016, 1.0774052592599814, 1.077651688110504, 1.0778894317815606, 1.0781191887083414, 1.0783413917333764, 1.0785561371470274, 1.0787636985086664, 1.0789657760766516, 1.0791615183907064, 1.0793499054894469, 1.0795318314789903, 1.0797066751695839, 1.0798744179739255, 1.080035298367657, 1.080188730596038, 1.0803356356931944, 1.0804768284829869, 1.0806118829181075, 1.0807410466303942, 1.0808636896888615, 1.0809798735934613, 1.0810896687453235, 1.0811932519673502, 1.081290817858177, 1.0813827295115825, 1.0814688003796022, 1.081548959183597, 1.0816227445431537, 1.0816900497338808, 1.0817506173207345, 1.0818039504827799, 1.0818504302267236, 1.081889941061677, 1.0819233783629327, 1.081950467111188, 1.0819702584085953, 1.0819819718490225, 1.0819857847092942],
                                   'mu_dns': [0.0015335978767177902, 0.0015352911267141663, 0.0015370516167103985, 0.0015388800167064854, 0.0015407768467024258, 0.0015427425366982188, 0.0015447774266938638, 0.0015468818766893595, 0.001549056306684706, 0.0015513013566799013, 0.0015536180466749427, 0.0015560062466698317, 0.0015584603866645793, 0.0015609720466592037, 0.0015635303066537287, 0.0015661215866481827, 0.0015687333266425935, 0.0015713537866369849, 0.001573969856631386, 0.0015765674066258266, 0.0015791321666203376, 0.0015816495166149501, 0.0015841051266096944, 0.001586486416604598, 0.0015887828565996833, 0.0015909850665949698, 0.0015930856165904746, 0.001595079606586207, 0.0015969632565821753, 0.0015987358365783819, 0.001600397356574826, 0.0016019502065715025, 0.001603397576568405, 0.0016047437565655238, 0.0016059942065628473, 0.0016071544565603643, 0.001608230626558061, 0.0016092290565559242, 0.0016101560065539403, 0.0016110175865520964, 0.0016118196765503795, 0.0016125677965487786, 0.0016132670265472822, 0.0016139219565458804, 0.0016145368265445643, 0.0016151156365433255, 0.0016156620865421562, 0.0016161793265410493, 0.0016166702165399983, 0.0016171374565389987, 0.0016175833565380444, 0.001618010016537131, 0.0016184191265362557, 0.001618812326535414, 0.0016191912265346032, 0.0016195568165338209, 0.0016199098265330652, 0.0016202512165323345, 0.0016205814165316278, 0.0016209002365309454, 0.001621208426530286, 0.0016215064865296482, 0.0016217944765290317, 0.0016220726765284361, 0.0016223410565278618, 0.001622600406527307, 0.0016228512165267698, 0.0016230935965262513, 0.00162332785652575, 0.001623555916525262, 0.001623776816524789, 0.0016239894065243339, 0.0016241946965238946, 0.0016243919865234723, 0.0016245812565230673, 0.0016247627765226787, 0.0016249358865223083, 0.0016251016265219538, 0.0016252609165216126, 0.0016254132765212868, 0.001625558986520975, 0.0016256973365206787, 0.0016258283965203983, 0.001625952246520133, 0.0016260690865198832, 0.0016261791365196475, 0.0016262828065194256, 0.001626379886519218, 0.0016264702965190245, 0.0016265535165188466, 0.0016266294265186837, 0.0016266977365185376, 0.001626757886518409, 0.0016268103065182969, 0.0016268548665182014, 0.0016268925765181206, 0.0016269231265180553, 0.0016269454465180078, 0.001626958656517979, 0.0016269629565179703],
                                   'rho_dns': [1.0, 0.9985297566503322, 0.9970051355564029, 0.9954260104002272, 0.9937924046861454, 0.9921044385838523, 0.990362327813969, 0.9885662886823811, 0.9867165042872086, 0.9848129898499659, 0.9828554609253396, 0.9808446251561279, 0.9787857572606266, 0.9766864520832527, 0.9745562844382362, 0.9724068970016292, 0.9702489189910312, 0.9680921447306846, 0.9659473387363102, 0.9638259305477457, 0.9617392884028441, 0.9596988937213038, 0.9577158291006606, 0.955799621155108, 0.9539580373833957, 0.9521978439295392, 0.950524195020297, 0.9489402065860666, 0.9474481081934416, 0.9460477374687669, 0.944738391654069, 0.9435175464290758, 0.94238211292877, 0.9413282054802168, 0.9403510902272647, 0.9394460446262114, 0.9386079468561696, 0.9378315606669674, 0.9371117632982129, 0.9364435936619416, 0.9358223084991948, 0.935243477439581, 0.9347030394833075, 0.9341973366713233, 0.9337230017053786, 0.933276869829299, 0.9328560224269573, 0.9324579769037927, 0.9320804840179432, 0.9317214262606409, 0.9313789932165213, 0.9310515418486949, 0.9307377488468979, 0.9304363334119755, 0.9301460415098648, 0.9298660971918571, 0.9295959256862381, 0.9293347780287311, 0.9290823123242866, 0.9288386614569751, 0.9286032405928735, 0.9283756571665537, 0.9281558553805952, 0.9279436120527457, 0.9277389410407122, 0.9275412315015621, 0.9273501023572445, 0.9271654627502076, 0.9269870699046019, 0.9268134561563316, 0.9266453472981917, 0.9264836128804176, 0.9263274790424388, 0.9261774730094497, 0.9260336047928731, 0.9258956642541029, 0.925764148130123, 0.9256382618151374, 0.9255173027671698, 0.9254016319898117, 0.9252910335161841, 0.9251860429207878, 0.9250866037641728, 0.9249926522381502, 0.9249040337427097, 0.9248205787789837, 0.9247419740572888, 0.9246683766087324, 0.9245998449805233, 0.924536771295773, 0.9244792445359201, 0.9244274826269909, 0.9243819081578756, 0.9243421937637256, 0.9243084366037113, 0.924279870459134, 0.9242567293029634, 0.9242398228864809, 0.9242298171485042, 0.924226560211859]},
                      'case': 'Supersonic_M0.7R600',
                      'constant_Sq_heat': 0.0,
                      'use_visc_heating': True,
                      'Pr_turb': 1.0,
                      'fprint': '<function '
                                'Build_arguments_fi_run._mk_args_MK_solver.<locals>.<lambda> '
                                'at 0x7f741e4d89d0>',
                      'compressible_correction': False,
                      'bool_solve_energy': False,
                      'output_last': False},
  'u_imp': 1,
  'k_imp': 0,
  'e_imp': 1,
  'solve_sparse_adj': True,
  'all_ref_beta_distrib': {'K': [1.0, 1.0, 1.0, 1.0, 1.0, 1.0, 1.0, 1.0, 1.0, 1.0, 1.0, 1.0, 1.0, 1.0, 1.0, 1.0, 1.0, 1.0, 1.0, 1.0, 1.0, 1.0, 1.0, 1.0, 1.0, 1.0, 1.0, 1.0, 1.0, 1.0, 1.0, 1.0, 1.0, 1.0, 1.0, 1.0, 1.0, 1.0, 1.0, 1.0, 1.0, 1.0, 1.0, 1.0, 1.0, 1.0, 1.0, 1.0, 1.0, 1.0, 1.0, 1.0, 1.0, 1.0, 1.0, 1.0, 1.0, 1.0, 1.0, 1.0, 1.0, 1.0, 1.0, 1.0, 1.0, 1.0, 1.0, 1.0, 1.0, 1.0, 1.0, 1.0, 1.0, 1.0, 1.0, 1.0, 1.0, 1.0, 1.0, 1.0, 1.0, 1.0, 1.0, 1.0, 1.0, 1.0, 1.0, 1.0, 1.0, 1.0, 1.0, 1.0, 1.0, 1.0, 1.0, 1.0, 1.0, 1.0, 1.0, 1.0], 'E': [1.0, 0.99995325, 0.99992309, 0.99988637, 0.99984159, 0.99978695, 0.99972029, 0.99963904, 0.99954019, 0.99942036, 0.99927618, 0.99910518, 0.99890764, 0.99868856, 0.99845505, 0.99820221, 0.99789482, 0.99747889, 0.99692664, 0.99624159, 0.99541915, 0.99444271, 0.99329357, 0.99195312, 0.99040313, 0.98862608, 0.98660554, 0.98432696, 0.98177867, 0.97895323, 0.97584931, 0.97247375, 0.96884424, 0.96499236, 0.96096714, 0.9568392, 0.95270568, 0.94869604, 0.94497936, 0.94177377, 0.93935953, 0.93809938, 0.93847817, 0.94119635, 0.94735547, 0.95859156, 0.97670926, 1.00262776, 1.03535435, 1.0719511, 1.10855004, 1.14161759, 1.16874267, 1.18879122, 1.20165623, 1.20788252, 1.20833701, 1.20398048, 1.19573577, 1.18442535, 1.17075286, 1.15530645, 1.13857482, 1.12096477, 1.10281898, 1.08443158, 1.06605879, 1.04792746, 1.03023956, 1.0131765, 0.99690167, 0.98156131, 0.967286, 0.95419069, 0.94237586, 0.93193037, 0.92293441, 0.91546315, 0.90958484, 0.90535196, 0.90279007, 0.90188608, 0.90257838, 0.90475381, 0.90825198, 0.91287399, 0.9183964, 0.92458343, 0.93119399, 0.93798626, 0.94472376, 0.95118469, 0.95717532, 0.96254385, 0.96718619, 0.97104221, 0.97408234, 0.97628822, 0.97763722, 0.98905259]},
  'all_ref_delta_distrib': {'K': [-0.0, -0.0, -0.0, -0.0, -0.0, -0.0, -0.0, -0.0, -0.0, -0.0, -0.0, -0.0, -0.0, -0.0, -0.0, -0.0, -0.0, -0.0, -0.0, -0.0, -0.0, -0.0, -0.0, -0.0, -0.0, -0.0, -0.0, -0.0, -0.0, -0.0, -0.0, -0.0, -0.0, -0.0, -0.0, -0.0, -0.0, -0.0, -0.0, -0.0, -0.0, -0.0, -0.0, -0.0, -0.0, -0.0, -0.0, -0.0, -0.0, -0.0, -0.0, -0.0, -0.0, -0.0, -0.0, -0.0, -0.0, -0.0, -0.0, -0.0, -0.0, -0.0, -0.0, -0.0, -0.0, -0.0, -0.0, -0.0, -0.0, -0.0, -0.0, -0.0, -0.0, -0.0, -0.0, -0.0, -0.0, -0.0, -0.0, -0.0, -0.0, -0.0, -0.0, -0.0, -0.0, -0.0, -0.0, -0.0, -0.0, -0.0, -0.0, -0.0, -0.0, -0.0, -0.0, -0.0, -0.0, -0.0, -0.0, -0.0], 'E': [-0.0, 0.08193162580827387, 0.1812531237852652, 0.30364682405429655, 0.4566482272293424, 0.6501978893112916, 0.8973626653317456, 1.2152165098449996, 1.6259420490251508, 2.158141022501367, 2.8482055157706103, 3.742122901294151, 4.896985895689301, 6.382391679255045, 8.28211298632713, 10.695204374339582, 13.735852504500274, 17.522098262171358, 22.147381728708815, 27.648848954952552, 33.99307818178981, 41.07110581611033, 48.70337376132049, 56.657505661821695, 64.67510556477927, 72.49893743861537, 79.89491839173992, 86.66432579677374, 92.64847137021309, 97.72659314330843, 101.81012949062232, 104.83641204002733, 106.7621962814433, 107.5586935515908, 107.20794545687491, 105.70068641272938, 103.0352062686854, 99.21736899536326, 94.26076866089164, 88.18696385638619, 81.02457219451617, 72.80507903099122, 63.54719953254043, 53.21111036871551, 41.62627834919858, 28.53603975426085, 13.95421567601468, -1.3658416773740567, -15.917886025906505, -28.041421562398263, -36.62817119703133, -41.42267661084688, -42.87073138942289, -41.77421793441737, -38.98723788824836, -35.24128774037922, -31.08453059970809, -26.888337390561635, -22.8818159055312, -19.191070924092127, -15.873140895472252, -12.94160350896665, -10.38466305318076, -8.176954856632724, -6.287061881728027, -4.682021322082574, -3.3297685641690182, -2.2004223165560575, -1.2667576135049057, -0.5043588576305691, 0.10848602551370334, 0.5910436415722382, 0.9603858909063892, 1.231690455036839, 1.4184884472929544, 1.5328565915207424, 1.5856063831826435, 1.586449977569473, 1.544249864826805, 1.4673083728612393, 1.3635626509363763, 1.2406642321165555, 1.1059291086188754, 0.9661498814658241, 0.8273454541123385, 0.6945389744474225, 0.5715906555526183, 0.46116014965964364, 0.36478597264383117, 0.2830240888496642, 0.2156056971789506, 0.16160509469552303, 0.11961374245359886, 0.08792662005685598, 0.06474043906505092, 0.0483300288300572, 0.03718299077998916, 0.03008539190561589, 0.026163236218034784, 0.012445378589966723]},
  'fname_print': '/media/rafael/DATA/Dropbox/20220924_FIML_solver/data/output/field_inversion/Beta_e/u_imp_1/FI_run_Supersonic_M0.7R600_u_imp_1_k_imp_0_e_imp_1/FI_run_Supersonic_M0.7R600_u_imp_1_k_imp_0_e_imp_1.log',
  'folder': '/media/rafael/DATA/Dropbox/20220924_FIML_solver/data/output/field_inversion/Beta_e/u_imp_1/FI_run_Supersonic_M0.7R600_u_imp_1_k_imp_0_e_imp_1',
  'iters_limit': 15000}
# End_Input_Arguments

# ------------------------------------------------------------------------
#                  Iterations
# ------------------------------------------------------------------------

iter:      0 (Jcost: 1.433811e-02) (lr = 1.000e-03) (elapsed time:  0.001) (secs/iter:   None) (n_accepted: 0%) (u_error:  2.809171 %) (beta_change: 20.833701 %) (delta_change:  1.112348 %) (delta_peak/R:  0.000000 %)
-> Saved file: /media/rafael/DATA/Dropbox/20220924_FIML_solver/data/output/field_inversion/Beta_e/u_imp_1/FI_run_Supersonic_M0.7R600_u_imp_1_k_imp_0_e_imp_1/FI_run_Supersonic_M0.7R600_u_imp_1_k_imp_0_e_imp_1_state_iter_0.dat
iter:    100 (Jcost: 6.061803e-03) (lr = 7.874e-01) (elapsed time: 100.326) (secs/iter:  1.003) (n_accepted: 87%) (u_error:  1.678453 %) (beta_change: 14.197807 %) (delta_change:  0.511408 %) (delta_peak/R:  1.060858 %)
iter:    200 (Jcost: 5.502585e-03) (lr = 6.759e-01) (elapsed time: 195.258) (secs/iter:  0.949) (n_accepted: 79%) (u_error:  1.608150 %) (beta_change: 10.299350 %) (delta_change:  0.350250 %) (delta_peak/R:  1.071256 %)
iter:    300 (Jcost: 5.270904e-03) (lr = 5.802e-01) (elapsed time: 284.409) (secs/iter:  0.892) (n_accepted: 79%) (u_error:  1.564899 %) (beta_change:  7.528933 %) (delta_change:  0.249161 %) (delta_peak/R:  1.080183 %)
iter:    400 (Jcost: 5.158457e-03) (lr = 4.980e-01) (elapsed time: 376.551) (secs/iter:  0.921) (n_accepted: 79%) (u_error:  1.560446 %) (beta_change:  5.384538 %) (delta_change:  0.168538 %) (delta_peak/R:  1.067587 %)
iter:    500 (Jcost: 5.094959e-03) (lr = 1.781e-01) (elapsed time: 470.302) (secs/iter:  0.938) (n_accepted: 78%) (u_error:  1.531892 %) (beta_change:  3.720234 %) (delta_change:  0.102162 %) (delta_peak/R:  1.072218 %)
-> Saved file: /media/rafael/DATA/Dropbox/20220924_FIML_solver/data/output/field_inversion/Beta_e/u_imp_1/FI_run_Supersonic_M0.7R600_u_imp_1_k_imp_0_e_imp_1/FI_run_Supersonic_M0.7R600_u_imp_1_k_imp_0_e_imp_1_state_iter_500.dat
iter:    600 (Jcost: 5.057536e-03) (lr = 3.670e-01) (elapsed time: 567.469) (secs/iter:  0.972) (n_accepted: 80%) (u_error:  1.531905 %) (beta_change:  2.361746 %) (delta_change:  0.049801 %) (delta_peak/R:  1.062746 %)
iter:    700 (Jcost: 5.034638e-03) (lr = 7.560e-01) (elapsed time: 658.414) (secs/iter:  0.909) (n_accepted: 80%) (u_error:  1.523354 %) (beta_change:  1.356910 %) (delta_change:  0.051224 %) (delta_peak/R:  1.061182 %)
iter:    800 (Jcost: 5.014329e-03) (lr = 1.558e+00) (elapsed time: 743.708) (secs/iter:  0.853) (n_accepted: 80%) (u_error:  1.515927 %) (beta_change:  0.861836 %) (delta_change:  0.053191 %) (delta_peak/R:  1.059157 %)
iter:    900 (Jcost: 5.002219e-03) (lr = 5.571e-01) (elapsed time: 829.428) (secs/iter:  0.857) (n_accepted: 78%) (u_error:  1.516762 %) (beta_change:  1.309522 %) (delta_change:  0.057737 %) (delta_peak/R:  1.054866 %)
iter:   1000 (Jcost: 4.990759e-03) (lr = 4.782e-01) (elapsed time: 916.438) (secs/iter:  0.870) (n_accepted: 79%) (u_error:  1.514478 %) (beta_change:  1.833801 %) (delta_change:  0.080955 %) (delta_peak/R:  1.052629 %)
-> Saved file: /media/rafael/DATA/Dropbox/20220924_FIML_solver/data/output/field_inversion/Beta_e/u_imp_1/FI_run_Supersonic_M0.7R600_u_imp_1_k_imp_0_e_imp_1/FI_run_Supersonic_M0.7R600_u_imp_1_k_imp_0_e_imp_1_state_iter_1000.dat
iter:   1100 (Jcost: 4.981509e-03) (lr = 9.852e-01) (elapsed time: 1000.242) (secs/iter:  0.838) (n_accepted: 80%) (u_error:  1.512752 %) (beta_change:  2.293911 %) (delta_change:  0.100896 %) (delta_peak/R:  1.050870 %)
iter:   1200 (Jcost: 4.972788e-03) (lr = 8.457e-01) (elapsed time: 1086.849) (secs/iter:  0.866) (n_accepted: 79%) (u_error:  1.512932 %) (beta_change:  3.025889 %) (delta_change:  0.119392 %) (delta_peak/R:  1.048275 %)
iter:   1300 (Jcost: 4.966319e-03) (lr = 7.259e-01) (elapsed time: 1173.701) (secs/iter:  0.869) (n_accepted: 79%) (u_error:  1.509826 %) (beta_change:  3.600777 %) (delta_change:  0.132434 %) (delta_peak/R:  1.048388 %)
iter:   1400 (Jcost: 4.960060e-03) (lr = 1.495e+00) (elapsed time: 1256.934) (secs/iter:  0.832) (n_accepted: 80%) (u_error:  1.509060 %) (beta_change:  4.190838 %) (delta_change:  0.144439 %) (delta_peak/R:  1.047256 %)
iter:   1500 (Jcost: 4.954320e-03) (lr = 2.229e-01) (elapsed time: 1343.212) (secs/iter:  0.863) (n_accepted: 77%) (u_error:  1.508603 %) (beta_change:  4.759228 %) (delta_change:  0.154767 %) (delta_peak/R:  1.046150 %)
-> Saved file: /media/rafael/DATA/Dropbox/20220924_FIML_solver/data/output/field_inversion/Beta_e/u_imp_1/FI_run_Supersonic_M0.7R600_u_imp_1_k_imp_0_e_imp_1/FI_run_Supersonic_M0.7R600_u_imp_1_k_imp_0_e_imp_1_state_iter_1500.dat
iter:   1600 (Jcost: 4.948857e-03) (lr = 1.102e+00) (elapsed time: 1429.466) (secs/iter:  0.863) (n_accepted: 81%) (u_error:  1.507312 %) (beta_change:  5.324733 %) (delta_change:  0.163935 %) (delta_peak/R:  1.045669 %)
iter:   1700 (Jcost: 4.944246e-03) (lr = 9.459e-01) (elapsed time: 1515.958) (secs/iter:  0.865) (n_accepted: 79%) (u_error:  1.506722 %) (beta_change:  5.823330 %) (delta_change:  0.171139 %) (delta_peak/R:  1.045014 %)
iter:   1800 (Jcost: 4.939921e-03) (lr = 1.949e+00) (elapsed time: 1594.679) (secs/iter:  0.787) (n_accepted: 80%) (u_error:  1.504443 %) (beta_change:  6.312711 %) (delta_change:  0.177547 %) (delta_peak/R:  1.045443 %)
iter:   1900 (Jcost: 4.936236e-03) (lr = 1.210e-01) (elapsed time: 1679.241) (secs/iter:  0.846) (n_accepted: 76%) (u_error:  1.505558 %) (beta_change:  6.739813 %) (delta_change:  0.183022 %) (delta_peak/R:  1.044040 %)
iter:   2000 (Jcost: 4.932382e-03) (lr = 5.983e-01) (elapsed time: 1759.686) (secs/iter:  0.804) (n_accepted: 81%) (u_error:  1.505263 %) (beta_change:  7.207042 %) (delta_change:  0.189877 %) (delta_peak/R:  1.043444 %)
-> Saved file: /media/rafael/DATA/Dropbox/20220924_FIML_solver/data/output/field_inversion/Beta_e/u_imp_1/FI_run_Supersonic_M0.7R600_u_imp_1_k_imp_0_e_imp_1/FI_run_Supersonic_M0.7R600_u_imp_1_k_imp_0_e_imp_1_state_iter_2000.dat
iter:   2100 (Jcost: 4.928845e-03) (lr = 5.136e-01) (elapsed time: 1847.429) (secs/iter:  0.877) (n_accepted: 79%) (u_error:  1.502778 %) (beta_change:  7.652209 %) (delta_change:  0.195980 %) (delta_peak/R:  1.044214 %)
iter:   2200 (Jcost: 4.925616e-03) (lr = 2.539e+00) (elapsed time: 1930.324) (secs/iter:  0.829) (n_accepted: 81%) (u_error:  1.504075 %) (beta_change:  8.071236 %) (delta_change:  0.201275 %) (delta_peak/R:  1.042827 %)
iter:   2300 (Jcost: 4.922703e-03) (lr = 2.180e+00) (elapsed time: 2000.857) (secs/iter:  0.705) (n_accepted: 79%) (u_error:  1.502835 %) (beta_change:  8.462004 %) (delta_change:  0.205938 %) (delta_peak/R:  1.042999 %)
iter:   2400 (Jcost: 4.919798e-03) (lr = 3.248e-01) (elapsed time: 2084.850) (secs/iter:  0.840) (n_accepted: 77%) (u_error:  1.502274 %) (beta_change:  8.866259 %) (delta_change:  0.210456 %) (delta_peak/R:  1.042772 %)
iter:   2500 (Jcost: 4.916995e-03) (lr = 6.692e-01) (elapsed time: 2163.021) (secs/iter:  0.782) (n_accepted: 80%) (u_error:  1.501439 %) (beta_change:  9.270199 %) (delta_change:  0.214698 %) (delta_peak/R:  1.042725 %)
-> Saved file: /media/rafael/DATA/Dropbox/20220924_FIML_solver/data/output/field_inversion/Beta_e/u_imp_1/FI_run_Supersonic_M0.7R600_u_imp_1_k_imp_0_e_imp_1/FI_run_Supersonic_M0.7R600_u_imp_1_k_imp_0_e_imp_1_state_iter_2500.dat
iter:   2600 (Jcost: 4.914525e-03) (lr = 2.394e-01) (elapsed time: 2253.357) (secs/iter:  0.903) (n_accepted: 78%) (u_error:  1.501667 %) (beta_change:  9.637972 %) (delta_change:  0.218322 %) (delta_peak/R:  1.042114 %)
iter:   2700 (Jcost: 4.912233e-03) (lr = 1.183e+00) (elapsed time: 2336.082) (secs/iter:  0.827) (n_accepted: 81%) (u_error:  1.500876 %) (beta_change:  9.989435 %) (delta_change:  0.221624 %) (delta_peak/R:  1.042134 %)
iter:   2800 (Jcost: 4.909937e-03) (lr = 1.764e-01) (elapsed time: 2418.070) (secs/iter:  0.820) (n_accepted: 77%) (u_error:  1.500514 %) (beta_change: 10.352826 %) (delta_change:  0.224861 %) (delta_peak/R:  1.041896 %)
iter:   2900 (Jcost: 4.908110e-03) (lr = 3.633e-01) (elapsed time: 2498.606) (secs/iter:  0.805) (n_accepted: 80%) (u_error:  1.500073 %) (beta_change: 10.650082 %) (delta_change:  0.227393 %) (delta_peak/R:  1.041792 %)
iter:   3000 (Jcost: 4.906109e-03) (lr = 3.119e-01) (elapsed time: 2567.874) (secs/iter:  0.693) (n_accepted: 79%) (u_error:  1.499566 %) (beta_change: 10.984688 %) (delta_change:  0.230128 %) (delta_peak/R:  1.041687 %)
-> Saved file: /media/rafael/DATA/Dropbox/20220924_FIML_solver/data/output/field_inversion/Beta_e/u_imp_1/FI_run_Supersonic_M0.7R600_u_imp_1_k_imp_0_e_imp_1/FI_run_Supersonic_M0.7R600_u_imp_1_k_imp_0_e_imp_1_state_iter_3000.dat
iter:   3100 (Jcost: 4.904304e-03) (lr = 1.542e+00) (elapsed time: 2643.340) (secs/iter:  0.755) (n_accepted: 81%) (u_error:  1.499309 %) (beta_change: 11.295018 %) (delta_change:  0.232559 %) (delta_peak/R:  1.041470 %)
iter:   3200 (Jcost: 4.902332e-03) (lr = 1.324e+00) (elapsed time: 2721.105) (secs/iter:  0.778) (n_accepted: 79%) (u_error:  1.498917 %) (beta_change: 11.643673 %) (delta_change:  0.235187 %) (delta_peak/R:  1.041291 %)
iter:   3300 (Jcost: 4.900726e-03) (lr = 4.735e-01) (elapsed time: 2801.652) (secs/iter:  0.805) (n_accepted: 78%) (u_error:  1.498560 %) (beta_change: 11.935274 %) (delta_change:  0.237304 %) (delta_peak/R:  1.041162 %)
iter:   3400 (Jcost: 4.899075e-03) (lr = 9.754e-01) (elapsed time: 2874.755) (secs/iter:  0.731) (n_accepted: 80%) (u_error:  1.497018 %) (beta_change: 12.247084 %) (delta_change:  0.239515 %) (delta_peak/R:  1.041710 %)
iter:   3500 (Jcost: 4.897687e-03) (lr = 1.454e-01) (elapsed time: 2955.367) (secs/iter:  0.806) (n_accepted: 77%) (u_error:  1.498566 %) (beta_change: 12.508726 %) (delta_change:  0.241265 %) (delta_peak/R:  1.040498 %)
-> Saved file: /media/rafael/DATA/Dropbox/20220924_FIML_solver/data/output/field_inversion/Beta_e/u_imp_1/FI_run_Supersonic_M0.7R600_u_imp_1_k_imp_0_e_imp_1/FI_run_Supersonic_M0.7R600_u_imp_1_k_imp_0_e_imp_1_state_iter_3500.dat
iter:   3600 (Jcost: 4.896352e-03) (lr = 1.248e-01) (elapsed time: 3040.915) (secs/iter:  0.855) (n_accepted: 79%) (u_error:  1.497275 %) (beta_change: 12.767469 %) (delta_change:  0.243000 %) (delta_peak/R:  1.040963 %)
iter:   3700 (Jcost: 4.894955e-03) (lr = 1.481e+00) (elapsed time: 3108.313) (secs/iter:  0.674) (n_accepted: 82%) (u_error:  1.496499 %) (beta_change: 13.047523 %) (delta_change:  0.244819 %) (delta_peak/R:  1.041103 %)
iter:   3800 (Jcost: 4.893720e-03) (lr = 5.296e-01) (elapsed time: 3183.345) (secs/iter:  0.750) (n_accepted: 78%) (u_error:  1.496927 %) (beta_change: 13.296201 %) (delta_change:  0.246375 %) (delta_peak/R:  1.040569 %)
iter:   3900 (Jcost: 4.892496e-03) (lr = 1.091e+00) (elapsed time: 3255.566) (secs/iter:  0.722) (n_accepted: 80%) (u_error:  1.496749 %) (beta_change: 13.549865 %) (delta_change:  0.247938 %) (delta_peak/R:  1.040388 %)
iter:   4000 (Jcost: 4.891376e-03) (lr = 3.902e-01) (elapsed time: 3338.485) (secs/iter:  0.829) (n_accepted: 78%) (u_error:  1.495824 %) (beta_change: 13.788296 %) (delta_change:  0.249389 %) (delta_peak/R:  1.040665 %)
-> Saved file: /media/rafael/DATA/Dropbox/20220924_FIML_solver/data/output/field_inversion/Beta_e/u_imp_1/FI_run_Supersonic_M0.7R600_u_imp_1_k_imp_0_e_imp_1/FI_run_Supersonic_M0.7R600_u_imp_1_k_imp_0_e_imp_1_state_iter_4000.dat
iter:   4100 (Jcost: 4.890292e-03) (lr = 8.039e-01) (elapsed time: 3411.830) (secs/iter:  0.733) (n_accepted: 80%) (u_error:  1.496900 %) (beta_change: 14.021213 %) (delta_change:  0.250744 %) (delta_peak/R:  1.039770 %)
iter:   4200 (Jcost: 4.889203e-03) (lr = 1.656e+00) (elapsed time: 3477.040) (secs/iter:  0.652) (n_accepted: 80%) (u_error:  1.496250 %) (beta_change: 14.258126 %) (delta_change:  0.252126 %) (delta_peak/R:  1.039888 %)
iter:   4300 (Jcost: 4.888296e-03) (lr = 5.924e-01) (elapsed time: 3559.109) (secs/iter:  0.821) (n_accepted: 78%) (u_error:  1.495792 %) (beta_change: 14.459602 %) (delta_change:  0.253281 %) (delta_peak/R:  1.039933 %)
iter:   4400 (Jcost: 4.887344e-03) (lr = 5.085e-01) (elapsed time: 3639.981) (secs/iter:  0.809) (n_accepted: 79%) (u_error:  1.495664 %) (beta_change: 14.675774 %) (delta_change:  0.254485 %) (delta_peak/R:  1.039768 %)
iter:   4500 (Jcost: 4.886438e-03) (lr = 1.048e+00) (elapsed time: 3718.345) (secs/iter:  0.784) (n_accepted: 80%) (u_error:  1.495398 %) (beta_change: 14.904239 %) (delta_change:  0.255632 %) (delta_peak/R:  1.039693 %)
-> Saved file: /media/rafael/DATA/Dropbox/20220924_FIML_solver/data/output/field_inversion/Beta_e/u_imp_1/FI_run_Supersonic_M0.7R600_u_imp_1_k_imp_0_e_imp_1/FI_run_Supersonic_M0.7R600_u_imp_1_k_imp_0_e_imp_1_state_iter_4500.dat
iter:   4600 (Jcost: 4.885479e-03) (lr = 2.158e+00) (elapsed time: 3803.308) (secs/iter:  0.850) (n_accepted: 80%) (u_error:  1.495701 %) (beta_change: 15.152194 %) (delta_change:  0.256840 %) (delta_peak/R:  1.039265 %)
iter:   4700 (Jcost: 4.884603e-03) (lr = 3.216e-01) (elapsed time: 3885.790) (secs/iter:  0.825) (n_accepted: 77%) (u_error:  1.495648 %) (beta_change: 15.382685 %) (delta_change:  0.257946 %) (delta_peak/R:  1.039065 %)
iter:   4800 (Jcost: 4.883763e-03) (lr = 1.590e+00) (elapsed time: 3964.775) (secs/iter:  0.790) (n_accepted: 81%) (u_error:  1.494746 %) (beta_change: 15.604391 %) (delta_change:  0.259005 %) (delta_peak/R:  1.039375 %)
iter:   4900 (Jcost: 4.882922e-03) (lr = 1.365e+00) (elapsed time: 4050.220) (secs/iter:  0.854) (n_accepted: 79%) (u_error:  1.495106 %) (beta_change: 15.834328 %) (delta_change:  0.260058 %) (delta_peak/R:  1.038935 %)
iter:   5000 (Jcost: 4.882225e-03) (lr = 4.882e-01) (elapsed time: 4123.882) (secs/iter:  0.737) (n_accepted: 78%) (u_error:  1.494334 %) (beta_change: 16.024995 %) (delta_change:  0.260936 %) (delta_peak/R:  1.039201 %)
-> Saved file: /media/rafael/DATA/Dropbox/20220924_FIML_solver/data/output/field_inversion/Beta_e/u_imp_1/FI_run_Supersonic_M0.7R600_u_imp_1_k_imp_0_e_imp_1/FI_run_Supersonic_M0.7R600_u_imp_1_k_imp_0_e_imp_1_state_iter_5000.dat
iter:   5100 (Jcost: 4.881441e-03) (lr = 1.006e+00) (elapsed time: 4204.055) (secs/iter:  0.802) (n_accepted: 80%) (u_error:  1.494167 %) (beta_change: 16.244434 %) (delta_change:  0.261917 %) (delta_peak/R:  1.039084 %)
iter:   5200 (Jcost: 4.880680e-03) (lr = 1.499e-01) (elapsed time: 4281.278) (secs/iter:  0.772) (n_accepted: 77%) (u_error:  1.494080 %) (beta_change: 16.461103 %) (delta_change:  0.262866 %) (delta_peak/R:  1.038922 %)
iter:   5300 (Jcost: 4.879933e-03) (lr = 7.411e-01) (elapsed time: 4360.349) (secs/iter:  0.791) (n_accepted: 81%) (u_error:  1.493834 %) (beta_change: 16.676695 %) (delta_change:  0.263796 %) (delta_peak/R:  1.038857 %)
iter:   5400 (Jcost: 4.879154e-03) (lr = 1.527e+00) (elapsed time: 4438.161) (secs/iter:  0.778) (n_accepted: 80%) (u_error:  1.493787 %) (beta_change: 16.905034 %) (delta_change:  0.264760 %) (delta_peak/R:  1.038663 %)
iter:   5500 (Jcost: 4.878555e-03) (lr = 1.311e+00) (elapsed time: 4519.514) (secs/iter:  0.814) (n_accepted: 79%) (u_error:  1.493505 %) (beta_change: 17.082898 %) (delta_change:  0.265503 %) (delta_peak/R:  1.038657 %)
-> Saved file: /media/rafael/DATA/Dropbox/20220924_FIML_solver/data/output/field_inversion/Beta_e/u_imp_1/FI_run_Supersonic_M0.7R600_u_imp_1_k_imp_0_e_imp_1/FI_run_Supersonic_M0.7R600_u_imp_1_k_imp_0_e_imp_1_state_iter_5500.dat
iter:   5600 (Jcost: 4.877899e-03) (lr = 4.688e-01) (elapsed time: 4601.508) (secs/iter:  0.820) (n_accepted: 78%) (u_error:  1.493969 %) (beta_change: 17.282241 %) (delta_change:  0.266308 %) (delta_peak/R:  1.038191 %)
iter:   5700 (Jcost: 4.877281e-03) (lr = 1.677e-01) (elapsed time: 4682.853) (secs/iter:  0.813) (n_accepted: 78%) (u_error:  1.493267 %) (beta_change: 17.467964 %) (delta_change:  0.267067 %) (delta_peak/R:  1.038425 %)
iter:   5800 (Jcost: 4.876712e-03) (lr = 3.454e-01) (elapsed time: 4763.274) (secs/iter:  0.804) (n_accepted: 80%) (u_error:  1.492044 %) (beta_change: 17.648549 %) (delta_change:  0.267805 %) (delta_peak/R:  1.038973 %)
iter:   5900 (Jcost: 4.876102e-03) (lr = 7.116e-01) (elapsed time: 4842.256) (secs/iter:  0.790) (n_accepted: 80%) (u_error:  1.492816 %) (beta_change: 17.832542 %) (delta_change:  0.268508 %) (delta_peak/R:  1.038342 %)
iter:   6000 (Jcost: 4.875531e-03) (lr = 1.466e+00) (elapsed time: 4922.480) (secs/iter:  0.802) (n_accepted: 80%) (u_error:  1.492645 %) (beta_change: 18.011858 %) (delta_change:  0.269200 %) (delta_peak/R:  1.038272 %)
-> Saved file: /media/rafael/DATA/Dropbox/20220924_FIML_solver/data/output/field_inversion/Beta_e/u_imp_1/FI_run_Supersonic_M0.7R600_u_imp_1_k_imp_0_e_imp_1/FI_run_Supersonic_M0.7R600_u_imp_1_k_imp_0_e_imp_1_state_iter_6000.dat
iter:   6100 (Jcost: 4.875015e-03) (lr = 2.185e-01) (elapsed time: 5006.379) (secs/iter:  0.839) (n_accepted: 77%) (u_error:  1.492748 %) (beta_change: 18.175483 %) (delta_change:  0.269818 %) (delta_peak/R:  1.038055 %)
iter:   6200 (Jcost: 4.874473e-03) (lr = 1.875e-01) (elapsed time: 5065.319) (secs/iter:  0.589) (n_accepted: 79%) (u_error:  1.493377 %) (beta_change: 18.352638 %) (delta_change:  0.270469 %) (delta_peak/R:  1.037517 %)
iter:   6300 (Jcost: 4.873970e-03) (lr = 1.610e-01) (elapsed time: 5136.347) (secs/iter:  0.710) (n_accepted: 79%) (u_error:  1.492461 %) (beta_change: 18.510512 %) (delta_change:  0.271068 %) (delta_peak/R:  1.037907 %)
iter:   6400 (Jcost: 4.873450e-03) (lr = 7.960e-01) (elapsed time: 5199.409) (secs/iter:  0.631) (n_accepted: 81%) (u_error:  1.492205 %) (beta_change: 18.679690 %) (delta_change:  0.271688 %) (delta_peak/R:  1.037898 %)
iter:   6500 (Jcost: 4.872968e-03) (lr = 1.640e+00) (elapsed time: 5247.614) (secs/iter:  0.482) (n_accepted: 80%) (u_error:  1.492154 %) (beta_change: 18.837166 %) (delta_change:  0.272254 %) (delta_peak/R:  1.037779 %)
-> Saved file: /media/rafael/DATA/Dropbox/20220924_FIML_solver/data/output/field_inversion/Beta_e/u_imp_1/FI_run_Supersonic_M0.7R600_u_imp_1_k_imp_0_e_imp_1/FI_run_Supersonic_M0.7R600_u_imp_1_k_imp_0_e_imp_1_state_iter_6500.dat
iter:   6600 (Jcost: 4.872464e-03) (lr = 2.444e-01) (elapsed time: 5296.284) (secs/iter:  0.487) (n_accepted: 77%) (u_error:  1.491910 %) (beta_change: 19.003256 %) (delta_change:  0.272847 %) (delta_peak/R:  1.037767 %)
iter:   6700 (Jcost: 4.872007e-03) (lr = 2.098e-01) (elapsed time: 5356.339) (secs/iter:  0.601) (n_accepted: 79%) (u_error:  1.491973 %) (beta_change: 19.155116 %) (delta_change:  0.273376 %) (delta_peak/R:  1.037588 %)
iter:   6800 (Jcost: 4.871541e-03) (lr = 4.322e-01) (elapsed time: 5433.161) (secs/iter:  0.768) (n_accepted: 80%) (u_error:  1.491469 %) (beta_change: 19.311027 %) (delta_change:  0.273924 %) (delta_peak/R:  1.037738 %)
iter:   6900 (Jcost: 4.871125e-03) (lr = 1.546e-01) (elapsed time: 5510.682) (secs/iter:  0.775) (n_accepted: 78%) (u_error:  1.491704 %) (beta_change: 19.449995 %) (delta_change:  0.274394 %) (delta_peak/R:  1.037470 %)
iter:   7000 (Jcost: 4.870675e-03) (lr = 3.184e-01) (elapsed time: 5588.606) (secs/iter:  0.779) (n_accepted: 80%) (u_error:  1.491179 %) (beta_change: 19.602932 %) (delta_change:  0.274919 %) (delta_peak/R:  1.037636 %)
-> Saved file: /media/rafael/DATA/Dropbox/20220924_FIML_solver/data/output/field_inversion/Beta_e/u_imp_1/FI_run_Supersonic_M0.7R600_u_imp_1_k_imp_0_e_imp_1/FI_run_Supersonic_M0.7R600_u_imp_1_k_imp_0_e_imp_1_state_iter_7000.dat
iter:   7100 (Jcost: 4.870278e-03) (lr = 1.574e+00) (elapsed time: 5666.767) (secs/iter:  0.782) (n_accepted: 81%) (u_error:  1.491508 %) (beta_change: 19.736325 %) (delta_change:  0.275358 %) (delta_peak/R:  1.037318 %)
iter:   7200 (Jcost: 4.869838e-03) (lr = 2.346e-01) (elapsed time: 5740.586) (secs/iter:  0.738) (n_accepted: 77%) (u_error:  1.491618 %) (beta_change: 19.886649 %) (delta_change:  0.275851 %) (delta_peak/R:  1.037113 %)
iter:   7300 (Jcost: 4.869415e-03) (lr = 1.160e+00) (elapsed time: 5821.518) (secs/iter:  0.809) (n_accepted: 81%) (u_error:  1.490782 %) (beta_change: 20.032329 %) (delta_change:  0.276341 %) (delta_peak/R:  1.037470 %)
iter:   7400 (Jcost: 4.869040e-03) (lr = 9.959e-01) (elapsed time: 5901.113) (secs/iter:  0.796) (n_accepted: 79%) (u_error:  1.490491 %) (beta_change: 20.162522 %) (delta_change:  0.276766 %) (delta_peak/R:  1.037521 %)
iter:   7500 (Jcost: 4.868662e-03) (lr = 3.562e-01) (elapsed time: 5976.770) (secs/iter:  0.757) (n_accepted: 78%) (u_error:  1.491139 %) (beta_change: 20.289942 %) (delta_change:  0.277160 %) (delta_peak/R:  1.037021 %)
-> Saved file: /media/rafael/DATA/Dropbox/20220924_FIML_solver/data/output/field_inversion/Beta_e/u_imp_1/FI_run_Supersonic_M0.7R600_u_imp_1_k_imp_0_e_imp_1/FI_run_Supersonic_M0.7R600_u_imp_1_k_imp_0_e_imp_1_state_iter_7500.dat
iter:   7600 (Jcost: 4.868241e-03) (lr = 1.761e+00) (elapsed time: 6056.271) (secs/iter:  0.795) (n_accepted: 81%) (u_error:  1.491073 %) (beta_change: 20.435360 %) (delta_change:  0.277619 %) (delta_peak/R:  1.036924 %)
iter:   7700 (Jcost: 4.867885e-03) (lr = 1.094e-01) (elapsed time: 6133.273) (secs/iter:  0.770) (n_accepted: 76%) (u_error:  1.490987 %) (beta_change: 20.558791 %) (delta_change:  0.278006 %) (delta_peak/R:  1.036861 %)
iter:   7800 (Jcost: 4.867526e-03) (lr = 1.298e+00) (elapsed time: 6180.526) (secs/iter:  0.473) (n_accepted: 82%) (u_error:  1.490852 %) (beta_change: 20.683589 %) (delta_change:  0.278394 %) (delta_peak/R:  1.036825 %)
iter:   7900 (Jcost: 4.867148e-03) (lr = 4.641e-01) (elapsed time: 6229.762) (secs/iter:  0.492) (n_accepted: 78%) (u_error:  1.491250 %) (beta_change: 20.816787 %) (delta_change:  0.278793 %) (delta_peak/R:  1.036467 %)
iter:   8000 (Jcost: 4.866766e-03) (lr = 9.562e-01) (elapsed time: 6288.897) (secs/iter:  0.591) (n_accepted: 80%) (u_error:  1.490876 %) (beta_change: 20.948621 %) (delta_change:  0.279199 %) (delta_peak/R:  1.036565 %)
-> Saved file: /media/rafael/DATA/Dropbox/20220924_FIML_solver/data/output/field_inversion/Beta_e/u_imp_1/FI_run_Supersonic_M0.7R600_u_imp_1_k_imp_0_e_imp_1/FI_run_Supersonic_M0.7R600_u_imp_1_k_imp_0_e_imp_1_state_iter_8000.dat
iter:   8100 (Jcost: 4.866409e-03) (lr = 3.420e-01) (elapsed time: 6366.099) (secs/iter:  0.772) (n_accepted: 78%) (u_error:  1.490874 %) (beta_change: 21.073752 %) (delta_change:  0.279574 %) (delta_peak/R:  1.036450 %)
iter:   8200 (Jcost: 4.866090e-03) (lr = 7.046e-01) (elapsed time: 6432.467) (secs/iter:  0.664) (n_accepted: 80%) (u_error:  1.490698 %) (beta_change: 21.185096 %) (delta_change:  0.279907 %) (delta_peak/R:  1.036451 %)
iter:   8300 (Jcost: 4.865760e-03) (lr = 6.048e-01) (elapsed time: 6494.830) (secs/iter:  0.624) (n_accepted: 79%) (u_error:  1.490255 %) (beta_change: 21.300489 %) (delta_change:  0.280255 %) (delta_peak/R:  1.036605 %)
iter:   8400 (Jcost: 4.865432e-03) (lr = 5.192e-01) (elapsed time: 6566.468) (secs/iter:  0.716) (n_accepted: 79%) (u_error:  1.490340 %) (beta_change: 21.415561 %) (delta_change:  0.280589 %) (delta_peak/R:  1.036448 %)
iter:   8500 (Jcost: 4.865141e-03) (lr = 4.456e-01) (elapsed time: 6643.722) (secs/iter:  0.773) (n_accepted: 79%) (u_error:  1.490282 %) (beta_change: 21.517712 %) (delta_change:  0.280885 %) (delta_peak/R:  1.036388 %)
-> Saved file: /media/rafael/DATA/Dropbox/20220924_FIML_solver/data/output/field_inversion/Beta_e/u_imp_1/FI_run_Supersonic_M0.7R600_u_imp_1_k_imp_0_e_imp_1/FI_run_Supersonic_M0.7R600_u_imp_1_k_imp_0_e_imp_1_state_iter_8500.dat
iter:   8600 (Jcost: 4.864798e-03) (lr = 2.203e+00) (elapsed time: 6721.973) (secs/iter:  0.783) (n_accepted: 81%) (u_error:  1.490292 %) (beta_change: 21.638346 %) (delta_change:  0.281231 %) (delta_peak/R:  1.036271 %)
iter:   8700 (Jcost: 4.864479e-03) (lr = 1.368e-01) (elapsed time: 6798.867) (secs/iter:  0.769) (n_accepted: 76%) (u_error:  1.490094 %) (beta_change: 21.750270 %) (delta_change:  0.281553 %) (delta_peak/R:  1.036283 %)
iter:   8800 (Jcost: 4.864196e-03) (lr = 6.765e-01) (elapsed time: 6872.210) (secs/iter:  0.733) (n_accepted: 81%) (u_error:  1.490058 %) (beta_change: 21.849847 %) (delta_change:  0.281834 %) (delta_peak/R:  1.036212 %)
iter:   8900 (Jcost: 4.863866e-03) (lr = 1.394e+00) (elapsed time: 6944.899) (secs/iter:  0.727) (n_accepted: 80%) (u_error:  1.490309 %) (beta_change: 21.966482 %) (delta_change:  0.282156 %) (delta_peak/R:  1.035956 %)
iter:   9000 (Jcost: 4.863559e-03) (lr = 1.196e+00) (elapsed time: 7021.491) (secs/iter:  0.766) (n_accepted: 79%) (u_error:  1.489865 %) (beta_change: 22.073593 %) (delta_change:  0.282461 %) (delta_peak/R:  1.036118 %)
-> Saved file: /media/rafael/DATA/Dropbox/20220924_FIML_solver/data/output/field_inversion/Beta_e/u_imp_1/FI_run_Supersonic_M0.7R600_u_imp_1_k_imp_0_e_imp_1/FI_run_Supersonic_M0.7R600_u_imp_1_k_imp_0_e_imp_1_state_iter_9000.dat
iter:   9100 (Jcost: 4.863265e-03) (lr = 1.027e+00) (elapsed time: 7094.988) (secs/iter:  0.735) (n_accepted: 79%) (u_error:  1.489874 %) (beta_change: 22.177017 %) (delta_change:  0.282746 %) (delta_peak/R:  1.036016 %)
iter:   9200 (Jcost: 4.862969e-03) (lr = 8.815e-01) (elapsed time: 7174.742) (secs/iter:  0.798) (n_accepted: 79%) (u_error:  1.489707 %) (beta_change: 22.280854 %) (delta_change:  0.283033 %) (delta_peak/R:  1.036018 %)
iter:   9300 (Jcost: 4.862700e-03) (lr = 7.567e-01) (elapsed time: 7251.997) (secs/iter:  0.773) (n_accepted: 79%) (u_error:  1.489720 %) (beta_change: 22.375266 %) (delta_change:  0.283289 %) (delta_peak/R:  1.035922 %)
iter:   9400 (Jcost: 4.862421e-03) (lr = 6.495e-01) (elapsed time: 7328.317) (secs/iter:  0.763) (n_accepted: 79%) (u_error:  1.489518 %) (beta_change: 22.473207 %) (delta_change:  0.283556 %) (delta_peak/R:  1.035949 %)
iter:   9500 (Jcost: 4.862152e-03) (lr = 5.576e-01) (elapsed time: 7400.358) (secs/iter:  0.720) (n_accepted: 79%) (u_error:  1.489751 %) (beta_change: 22.567410 %) (delta_change:  0.283804 %) (delta_peak/R:  1.035724 %)
-> Saved file: /media/rafael/DATA/Dropbox/20220924_FIML_solver/data/output/field_inversion/Beta_e/u_imp_1/FI_run_Supersonic_M0.7R600_u_imp_1_k_imp_0_e_imp_1/FI_run_Supersonic_M0.7R600_u_imp_1_k_imp_0_e_imp_1_state_iter_9500.dat
iter:   9600 (Jcost: 4.861866e-03) (lr = 1.149e+00) (elapsed time: 7473.205) (secs/iter:  0.728) (n_accepted: 80%) (u_error:  1.489574 %) (beta_change: 22.667077 %) (delta_change:  0.284072 %) (delta_peak/R:  1.035735 %)
iter:   9700 (Jcost: 4.861596e-03) (lr = 4.108e-01) (elapsed time: 7545.150) (secs/iter:  0.719) (n_accepted: 78%) (u_error:  1.488883 %) (beta_change: 22.763360 %) (delta_change:  0.284340 %) (delta_peak/R:  1.036051 %)
iter:   9800 (Jcost: 4.861331e-03) (lr = 8.464e-01) (elapsed time: 7621.176) (secs/iter:  0.760) (n_accepted: 80%) (u_error:  1.489744 %) (beta_change: 22.854665 %) (delta_change:  0.284563 %) (delta_peak/R:  1.035459 %)
iter:   9900 (Jcost: 4.861065e-03) (lr = 1.744e+00) (elapsed time: 7695.384) (secs/iter:  0.742) (n_accepted: 80%) (u_error:  1.489055 %) (beta_change: 22.946958 %) (delta_change:  0.284817 %) (delta_peak/R:  1.035778 %)
iter:  10000 (Jcost: 4.860834e-03) (lr = 2.599e-01) (elapsed time: 7771.964) (secs/iter:  0.766) (n_accepted: 77%) (u_error:  1.489317 %) (beta_change: 23.026787 %) (delta_change:  0.285019 %) (delta_peak/R:  1.035548 %)
-> Saved file: /media/rafael/DATA/Dropbox/20220924_FIML_solver/data/output/field_inversion/Beta_e/u_imp_1/FI_run_Supersonic_M0.7R600_u_imp_1_k_imp_0_e_imp_1/FI_run_Supersonic_M0.7R600_u_imp_1_k_imp_0_e_imp_1_state_iter_10000.dat
iter:  10100 (Jcost: 4.860562e-03) (lr = 5.354e-01) (elapsed time: 7853.472) (secs/iter:  0.815) (n_accepted: 80%) (u_error:  1.488969 %) (beta_change: 23.121467 %) (delta_change:  0.285270 %) (delta_peak/R:  1.035663 %)
iter:  10200 (Jcost: 4.860320e-03) (lr = 4.595e-01) (elapsed time: 7926.951) (secs/iter:  0.735) (n_accepted: 79%) (u_error:  1.489398 %) (beta_change: 23.205088 %) (delta_change:  0.285476 %) (delta_peak/R:  1.035331 %)
iter:  10300 (Jcost: 4.860083e-03) (lr = 9.467e-01) (elapsed time: 8000.436) (secs/iter:  0.735) (n_accepted: 80%) (u_error:  1.489093 %) (beta_change: 23.286730 %) (delta_change:  0.285691 %) (delta_peak/R:  1.035433 %)
iter:  10400 (Jcost: 4.859820e-03) (lr = 3.386e-01) (elapsed time: 8073.402) (secs/iter:  0.730) (n_accepted: 78%) (u_error:  1.489405 %) (beta_change: 23.378036 %) (delta_change:  0.285917 %) (delta_peak/R:  1.035162 %)
iter:  10500 (Jcost: 4.859576e-03) (lr = 2.907e-01) (elapsed time: 8114.073) (secs/iter:  0.407) (n_accepted: 79%) (u_error:  1.488824 %) (beta_change: 23.461160 %) (delta_change:  0.286138 %) (delta_peak/R:  1.035425 %)
-> Saved file: /media/rafael/DATA/Dropbox/20220924_FIML_solver/data/output/field_inversion/Beta_e/u_imp_1/FI_run_Supersonic_M0.7R600_u_imp_1_k_imp_0_e_imp_1/FI_run_Supersonic_M0.7R600_u_imp_1_k_imp_0_e_imp_1_state_iter_10500.dat
iter:  10600 (Jcost: 4.859350e-03) (lr = 5.988e-01) (elapsed time: 8169.928) (secs/iter:  0.559) (n_accepted: 80%) (u_error:  1.488962 %) (beta_change: 23.538663 %) (delta_change:  0.286330 %) (delta_peak/R:  1.035269 %)
iter:  10700 (Jcost: 4.859107e-03) (lr = 5.140e-01) (elapsed time: 8236.135) (secs/iter:  0.662) (n_accepted: 79%) (u_error:  1.488523 %) (beta_change: 23.622695 %) (delta_change:  0.286549 %) (delta_peak/R:  1.035447 %)
iter:  10800 (Jcost: 4.858862e-03) (lr = 1.059e+00) (elapsed time: 8292.610) (secs/iter:  0.565) (n_accepted: 80%) (u_error:  1.489033 %) (beta_change: 23.705767 %) (delta_change:  0.286746 %) (delta_peak/R:  1.035066 %)
iter:  10900 (Jcost: 4.858659e-03) (lr = 9.090e-01) (elapsed time: 8367.210) (secs/iter:  0.746) (n_accepted: 79%) (u_error:  1.488771 %) (beta_change: 23.774660 %) (delta_change:  0.286922 %) (delta_peak/R:  1.035153 %)
iter:  11000 (Jcost: 4.858421e-03) (lr = 3.251e-01) (elapsed time: 8443.787) (secs/iter:  0.766) (n_accepted: 78%) (u_error:  1.489059 %) (beta_change: 23.856161 %) (delta_change:  0.287118 %) (delta_peak/R:  1.034905 %)
-> Saved file: /media/rafael/DATA/Dropbox/20220924_FIML_solver/data/output/field_inversion/Beta_e/u_imp_1/FI_run_Supersonic_M0.7R600_u_imp_1_k_imp_0_e_imp_1/FI_run_Supersonic_M0.7R600_u_imp_1_k_imp_0_e_imp_1_state_iter_11000.dat
iter:  11100 (Jcost: 4.858205e-03) (lr = 6.698e-01) (elapsed time: 8522.772) (secs/iter:  0.790) (n_accepted: 80%) (u_error:  1.488524 %) (beta_change: 23.928508 %) (delta_change:  0.287306 %) (delta_peak/R:  1.035149 %)
iter:  11200 (Jcost: 4.857998e-03) (lr = 5.750e-01) (elapsed time: 8600.981) (secs/iter:  0.782) (n_accepted: 79%) (u_error:  1.489197 %) (beta_change: 24.000391 %) (delta_change:  0.287469 %) (delta_peak/R:  1.034682 %)
iter:  11300 (Jcost: 4.857779e-03) (lr = 4.935e-01) (elapsed time: 8673.895) (secs/iter:  0.729) (n_accepted: 79%) (u_error:  1.489195 %) (beta_change: 24.074282 %) (delta_change:  0.287650 %) (delta_peak/R:  1.034611 %)
iter:  11400 (Jcost: 4.857565e-03) (lr = 1.765e-01) (elapsed time: 8752.922) (secs/iter:  0.790) (n_accepted: 78%) (u_error:  1.488557 %) (beta_change: 24.143662 %) (delta_change:  0.287831 %) (delta_peak/R:  1.034918 %)
iter:  11500 (Jcost: 4.857360e-03) (lr = 3.637e-01) (elapsed time: 8817.317) (secs/iter:  0.644) (n_accepted: 80%) (u_error:  1.489174 %) (beta_change: 24.232061 %) (delta_change:  0.287993 %) (delta_peak/R:  1.034484 %)
-> Saved file: /media/rafael/DATA/Dropbox/20220924_FIML_solver/data/output/field_inversion/Beta_e/u_imp_1/FI_run_Supersonic_M0.7R600_u_imp_1_k_imp_0_e_imp_1/FI_run_Supersonic_M0.7R600_u_imp_1_k_imp_0_e_imp_1_state_iter_11500.dat
iter:  11600 (Jcost: 4.857141e-03) (lr = 1.798e+00) (elapsed time: 8893.353) (secs/iter:  0.760) (n_accepted: 81%) (u_error:  1.488513 %) (beta_change: 24.321376 %) (delta_change:  0.288175 %) (delta_peak/R:  1.034804 %)
iter:  11700 (Jcost: 4.856935e-03) (lr = 1.543e+00) (elapsed time: 8968.413) (secs/iter:  0.751) (n_accepted: 79%) (u_error:  1.488504 %) (beta_change: 24.409044 %) (delta_change:  0.288341 %) (delta_peak/R:  1.034741 %)
iter:  11800 (Jcost: 4.856734e-03) (lr = 2.300e-01) (elapsed time: 9042.004) (secs/iter:  0.736) (n_accepted: 77%) (u_error:  1.488043 %) (beta_change: 24.494863 %) (delta_change:  0.288511 %) (delta_peak/R:  1.034945 %)
iter:  11900 (Jcost: 4.856534e-03) (lr = 1.137e+00) (elapsed time: 9118.137) (secs/iter:  0.761) (n_accepted: 81%) (u_error:  1.488260 %) (beta_change: 24.579180 %) (delta_change:  0.288664 %) (delta_peak/R:  1.034751 %)
iter:  12000 (Jcost: 4.856333e-03) (lr = 9.763e-01) (elapsed time: 9194.782) (secs/iter:  0.766) (n_accepted: 79%) (u_error:  1.488402 %) (beta_change: 24.665030 %) (delta_change:  0.288820 %) (delta_peak/R:  1.034601 %)
-> Saved file: /media/rafael/DATA/Dropbox/20220924_FIML_solver/data/output/field_inversion/Beta_e/u_imp_1/FI_run_Supersonic_M0.7R600_u_imp_1_k_imp_0_e_imp_1/FI_run_Supersonic_M0.7R600_u_imp_1_k_imp_0_e_imp_1_state_iter_12000.dat
iter:  12100 (Jcost: 4.856139e-03) (lr = 3.492e-01) (elapsed time: 9272.370) (secs/iter:  0.776) (n_accepted: 78%) (u_error:  1.488187 %) (beta_change: 24.747252 %) (delta_change:  0.288975 %) (delta_peak/R:  1.034663 %)
iter:  12200 (Jcost: 4.855944e-03) (lr = 2.997e-01) (elapsed time: 9342.408) (secs/iter:  0.700) (n_accepted: 79%) (u_error:  1.488121 %) (beta_change: 24.830020 %) (delta_change:  0.289128 %) (delta_peak/R:  1.034637 %)
iter:  12300 (Jcost: 4.855770e-03) (lr = 2.573e-01) (elapsed time: 9391.163) (secs/iter:  0.488) (n_accepted: 79%) (u_error:  1.488106 %) (beta_change: 24.903895 %) (delta_change:  0.289263 %) (delta_peak/R:  1.034588 %)
iter:  12400 (Jcost: 4.855568e-03) (lr = 2.209e-01) (elapsed time: 9435.057) (secs/iter:  0.439) (n_accepted: 79%) (u_error:  1.488101 %) (beta_change: 24.989669 %) (delta_change:  0.289418 %) (delta_peak/R:  1.034523 %)
iter:  12500 (Jcost: 4.855363e-03) (lr = 1.896e-01) (elapsed time: 9480.363) (secs/iter:  0.453) (n_accepted: 79%) (u_error:  1.488000 %) (beta_change: 25.076882 %) (delta_change:  0.289577 %) (delta_peak/R:  1.034514 %)
-> Saved file: /media/rafael/DATA/Dropbox/20220924_FIML_solver/data/output/field_inversion/Beta_e/u_imp_1/FI_run_Supersonic_M0.7R600_u_imp_1_k_imp_0_e_imp_1/FI_run_Supersonic_M0.7R600_u_imp_1_k_imp_0_e_imp_1_state_iter_12500.dat
iter:  12600 (Jcost: 4.855179e-03) (lr = 2.250e+00) (elapsed time: 9530.598) (secs/iter:  0.502) (n_accepted: 82%) (u_error:  1.487965 %) (beta_change: 25.155168 %) (delta_change:  0.289718 %) (delta_peak/R:  1.034473 %)
iter:  12700 (Jcost: 4.854989e-03) (lr = 8.046e-01) (elapsed time: 9589.252) (secs/iter:  0.587) (n_accepted: 78%) (u_error:  1.487822 %) (beta_change: 25.235802 %) (delta_change:  0.289864 %) (delta_peak/R:  1.034494 %)
iter:  12800 (Jcost: 4.854813e-03) (lr = 2.878e-01) (elapsed time: 9638.082) (secs/iter:  0.488) (n_accepted: 78%) (u_error:  1.487986 %) (beta_change: 25.310460 %) (delta_change:  0.289994 %) (delta_peak/R:  1.034338 %)
iter:  12900 (Jcost: 4.854618e-03) (lr = 1.423e+00) (elapsed time: 9679.700) (secs/iter:  0.416) (n_accepted: 81%) (u_error:  1.487680 %) (beta_change: 25.393487 %) (delta_change:  0.290146 %) (delta_peak/R:  1.034452 %)
iter:  13000 (Jcost: 4.854448e-03) (lr = 5.089e-01) (elapsed time: 9737.632) (secs/iter:  0.579) (n_accepted: 78%) (u_error:  1.488068 %) (beta_change: 25.465833 %) (delta_change:  0.290265 %) (delta_peak/R:  1.034166 %)
-> Saved file: /media/rafael/DATA/Dropbox/20220924_FIML_solver/data/output/field_inversion/Beta_e/u_imp_1/FI_run_Supersonic_M0.7R600_u_imp_1_k_imp_0_e_imp_1/FI_run_Supersonic_M0.7R600_u_imp_1_k_imp_0_e_imp_1_state_iter_13000.dat
iter:  13100 (Jcost: 4.854281e-03) (lr = 4.369e-01) (elapsed time: 9821.280) (secs/iter:  0.836) (n_accepted: 79%) (u_error:  1.487787 %) (beta_change: 25.535956 %) (delta_change:  0.290393 %) (delta_peak/R:  1.034276 %)
iter:  13200 (Jcost: 4.854099e-03) (lr = 2.160e+00) (elapsed time: 9900.291) (secs/iter:  0.790) (n_accepted: 81%) (u_error:  1.488050 %) (beta_change: 25.614044 %) (delta_change:  0.290524 %) (delta_peak/R:  1.034059 %)
iter:  13300 (Jcost: 4.853929e-03) (lr = 3.219e-01) (elapsed time: 9974.987) (secs/iter:  0.747) (n_accepted: 77%) (u_error:  1.488273 %) (beta_change: 25.687895 %) (delta_change:  0.290648 %) (delta_peak/R:  1.033868 %)
iter:  13400 (Jcost: 4.853729e-03) (lr = 6.632e-01) (elapsed time: 10054.071) (secs/iter:  0.791) (n_accepted: 80%) (u_error:  1.487489 %) (beta_change: 25.769776 %) (delta_change:  0.290804 %) (delta_peak/R:  1.034265 %)
iter:  13500 (Jcost: 4.853554e-03) (lr = 1.366e+00) (elapsed time: 10131.649) (secs/iter:  0.776) (n_accepted: 80%) (u_error:  1.487572 %) (beta_change: 25.843561 %) (delta_change:  0.290929 %) (delta_peak/R:  1.034157 %)
-> Saved file: /media/rafael/DATA/Dropbox/20220924_FIML_solver/data/output/field_inversion/Beta_e/u_imp_1/FI_run_Supersonic_M0.7R600_u_imp_1_k_imp_0_e_imp_1/FI_run_Supersonic_M0.7R600_u_imp_1_k_imp_0_e_imp_1_state_iter_13500.dat
iter:  13600 (Jcost: 4.853378e-03) (lr = 1.173e+00) (elapsed time: 10211.779) (secs/iter:  0.801) (n_accepted: 79%) (u_error:  1.487610 %) (beta_change: 25.917862 %) (delta_change:  0.291055 %) (delta_peak/R:  1.034075 %)
iter:  13700 (Jcost: 4.853213e-03) (lr = 2.416e+00) (elapsed time: 10283.649) (secs/iter:  0.719) (n_accepted: 80%) (u_error:  1.487430 %) (beta_change: 25.987675 %) (delta_change:  0.291177 %) (delta_peak/R:  1.034124 %)
iter:  13800 (Jcost: 4.853055e-03) (lr = 3.601e-01) (elapsed time: 10360.619) (secs/iter:  0.770) (n_accepted: 77%) (u_error:  1.487474 %) (beta_change: 26.054181 %) (delta_change:  0.291289 %) (delta_peak/R:  1.034044 %)
iter:  13900 (Jcost: 4.852891e-03) (lr = 1.288e-01) (elapsed time: 10435.127) (secs/iter:  0.745) (n_accepted: 78%) (u_error:  1.487437 %) (beta_change: 26.123172 %) (delta_change:  0.291407 %) (delta_peak/R:  1.034010 %)
iter:  14000 (Jcost: 4.852725e-03) (lr = 2.653e-01) (elapsed time: 10493.136) (secs/iter:  0.580) (n_accepted: 80%) (u_error:  1.487702 %) (beta_change: 26.193970 %) (delta_change:  0.291521 %) (delta_peak/R:  1.033797 %)
-> Saved file: /media/rafael/DATA/Dropbox/20220924_FIML_solver/data/output/field_inversion/Beta_e/u_imp_1/FI_run_Supersonic_M0.7R600_u_imp_1_k_imp_0_e_imp_1/FI_run_Supersonic_M0.7R600_u_imp_1_k_imp_0_e_imp_1_state_iter_14000.dat
iter:  14100 (Jcost: 4.852572e-03) (lr = 2.277e-01) (elapsed time: 10540.761) (secs/iter:  0.476) (n_accepted: 79%) (u_error:  1.487448 %) (beta_change: 26.257742 %) (delta_change:  0.291633 %) (delta_peak/R:  1.033894 %)
iter:  14200 (Jcost: 4.852409e-03) (lr = 2.703e+00) (elapsed time: 10595.006) (secs/iter:  0.542) (n_accepted: 82%) (u_error:  1.487322 %) (beta_change: 26.325892 %) (delta_change:  0.291749 %) (delta_peak/R:  1.033913 %)
iter:  14300 (Jcost: 4.852257e-03) (lr = 4.028e-01) (elapsed time: 10644.820) (secs/iter:  0.498) (n_accepted: 77%) (u_error:  1.487217 %) (beta_change: 26.389998 %) (delta_change:  0.291858 %) (delta_peak/R:  1.033922 %)
iter:  14400 (Jcost: 4.852100e-03) (lr = 3.457e-01) (elapsed time: 10689.489) (secs/iter:  0.447) (n_accepted: 79%) (u_error:  1.487045 %) (beta_change: 26.455846 %) (delta_change:  0.291971 %) (delta_peak/R:  1.033969 %)
iter:  14500 (Jcost: 4.851939e-03) (lr = 2.968e-01) (elapsed time: 10732.752) (secs/iter:  0.433) (n_accepted: 79%) (u_error:  1.487315 %) (beta_change: 26.523078 %) (delta_change:  0.292077 %) (delta_peak/R:  1.033755 %)
-> Saved file: /media/rafael/DATA/Dropbox/20220924_FIML_solver/data/output/field_inversion/Beta_e/u_imp_1/FI_run_Supersonic_M0.7R600_u_imp_1_k_imp_0_e_imp_1/FI_run_Supersonic_M0.7R600_u_imp_1_k_imp_0_e_imp_1_state_iter_14500.dat
iter:  14600 (Jcost: 4.851786e-03) (lr = 1.467e+00) (elapsed time: 10788.124) (secs/iter:  0.554) (n_accepted: 81%) (u_error:  1.486948 %) (beta_change: 26.587366 %) (delta_change:  0.292190 %) (delta_peak/R:  1.033918 %)
iter:  14700 (Jcost: 4.851651e-03) (lr = 5.248e-01) (elapsed time: 10865.842) (secs/iter:  0.777) (n_accepted: 78%) (u_error:  1.487121 %) (beta_change: 26.643394 %) (delta_change:  0.292279 %) (delta_peak/R:  1.033769 %)
iter:  14800 (Jcost: 4.851506e-03) (lr = 4.505e-01) (elapsed time: 10941.234) (secs/iter:  0.754) (n_accepted: 79%) (u_error:  1.487063 %) (beta_change: 26.703895 %) (delta_change:  0.292379 %) (delta_peak/R:  1.033753 %)
iter:  14900 (Jcost: 4.851360e-03) (lr = 3.867e-01) (elapsed time: 11011.426) (secs/iter:  0.702) (n_accepted: 79%) (u_error:  1.487043 %) (beta_change: 26.764785 %) (delta_change:  0.292480 %) (delta_peak/R:  1.033713 %)
iter:  15000 (Jcost: 4.851206e-03) (lr = 3.319e-01) (elapsed time: 11082.661) (secs/iter:  0.712) (n_accepted: 79%) (u_error:  1.486825 %) (beta_change: 26.828970 %) (delta_change:  0.292589 %) (delta_peak/R:  1.033788 %)
-> Saved file: /media/rafael/DATA/Dropbox/20220924_FIML_solver/data/output/field_inversion/Beta_e/u_imp_1/FI_run_Supersonic_M0.7R600_u_imp_1_k_imp_0_e_imp_1/FI_run_Supersonic_M0.7R600_u_imp_1_k_imp_0_e_imp_1_state_iter_15000.dat
iter:  15000 (Jcost: 4.851205e-03) (lr = 3.983e-01) (elapsed time: 11088.517) (secs/iter:   None) (n_accepted: 0%) (u_error:  1.486956 %) (beta_change: 26.829329 %) (delta_change:  0.292587 %) (delta_peak/R:  1.033711 %)
