# ------------------------------------------------------------------------
#                  Input Arguments
# ------------------------------------------------------------------------
# Begin_Input_Arguments
{ 'all_b_mode': ['Beta_k'],
  'args_mk_solver': { 'torch': "<module 'torch' from "
                               "'/home/rafael/anaconda3/lib/python3.9/site-packages/torch/__init__.py'>",
                      'y_grid': [0.0, 0.000309700312, 0.000638645973, 0.00098802599, 0.00135910194, 0.00175321227, 0.00217177688, 0.00261630193, 0.00308838486, 0.00358971984, 0.00412210331, 0.00468744001, 0.00528774917, 0.00592517114, 0.00660197432, 0.0073205624, 0.00808348206, 0.00889343092, 0.00975326602, 0.0106660126, 0.0116348733, 0.0126632377, 0.0137546927, 0.0149130326, 0.0161422702, 0.0174466482, 0.0188306506, 0.0202990157, 0.0218567475, 0.02350913, 0.0252617393, 0.0271204584, 0.0290914903, 0.0311813732, 0.033396994, 0.0357456039, 0.0382348325, 0.0408727029, 0.0436676462, 0.0466285159, 0.0497646022, 0.0530856456, 0.0566018496, 0.0603238931, 0.0642629411, 0.068430655, 0.0728392004, 0.0775012535, 0.0824300053, 0.0876391634, 0.0931429507, 0.0989561006, 0.105093849, 0.111571922, 0.118406518, 0.125614286, 0.133212296, 0.141218006, 0.14964922, 0.158524039, 0.167860801, 0.177678022, 0.187994313, 0.1988283, 0.21019853, 0.222123362, 0.234620856, 0.247708641, 0.261403784, 0.275722637, 0.290680679, 0.306292354, 0.322570888, 0.339528108, 0.357174255, 0.375517785, 0.394565175, 0.414320726, 0.43478637, 0.45596148, 0.47784269, 0.500423731, 0.523695275, 0.547644806, 0.572256506, 0.597511177, 0.623386184, 0.649855436, 0.676889401, 0.704455158, 0.73251649, 0.761034018, 0.789965372, 0.819265404, 0.848886442, 0.878778572, 0.908889961, 0.939167201, 0.969555687, 1.0],
                      'Ret': 395,
                      'cp': 1.0,
                      'A_sca_rho': 1.0,
                      'A_sca_mu': 0.002531645569620253,
                      'A_sca_k': 0.002531645569620253,
                      'b_exp_rho': 0,
                      'b_exp_mu': 0,
                      'b_exp_k': 0,
                      'tensor_device': 'cpu',
                      'as_tensor': '<function '
                                   'Build_arguments_fi_run._mk_args_MK_solver.<locals>.<lambda> '
                                   'at 0x7f5fdb6acc10>',
                      'ref_dns': { 'u_dns': [-1.1621891653647745e-17, 0.12038147061592142, 0.2486667194193228, 0.3853316777014896, 0.5308664780141247, 0.6857717402547939, 0.8505535450121167, 1.0257167446173359, 1.2117562114235156, 1.4091456291899656, 1.6183238869359076, 1.8397511203786363, 2.0739846083524762, 2.3215858175559485, 2.5830998617461347, 2.8590281200741208, 3.1496935262525536, 3.4552359470531533, 3.7756142665572257, 4.110583303842652, 4.45969946165573, 4.822206882730351, 5.197035265506851, 5.583025879652095, 5.978686814446167, 6.382207543471064, 6.791570648443869, 7.2043873700132925, 7.618385062963329, 8.03118634310432, 8.44041357554915, 8.84371142714813, 9.238979314381995, 9.624420091437981, 9.998469678649556, 10.35979096526142, 10.707129584683727, 11.039995370680495, 11.358551726082448, 11.662349268071521, 11.950718757107493, 12.223954157654832, 12.483709539516381, 12.729468296591788, 12.96189725891004, 13.181956912817093, 13.390830787523823, 13.589209456905074, 13.77774548120034, 13.957142176959408, 14.128008166098704, 14.292972400407937, 14.451390315255287, 14.604479160838446, 14.752729261499471, 14.897697302804033, 15.039633734259159, 15.178810140910235, 15.315947154448178, 15.451877409291745, 15.58669225918589, 15.721138532227114, 15.854113944398788, 15.987734105521263, 16.121146738748497, 16.254797365725366, 16.390071930809857, 16.524387395782732, 16.661463094046834, 16.798449310680184, 16.935625193579543, 17.073748174616334, 17.21187841549901, 17.35116308134969, 17.490589767101305, 17.630331843371298, 17.770657796637234, 17.910695071912688, 18.050115139616302, 18.189517885217317, 18.32769582858952, 18.464841616619317, 18.60232210083399, 18.737956916045317, 18.870869207741464, 19.001600969032044, 19.12847102790439, 19.2508118593921, 19.36853072042538, 19.481329243880012, 19.588082521880576, 19.686505896880114, 19.777464171831337, 19.858088464867063, 19.927955576763132, 19.98636731139984, 20.032412099278943, 20.065798107151412, 20.085227943575234, 20.092280221845982],
                                   'T_dns': [1.0, 1.0054168528182075, 1.0111892962951508, 1.0173388130340817, 1.0238875533374603, 1.0308581760577802, 1.038273632259914, 1.0461568763752858, 1.0545304873210575, 1.063416182446312, 1.0728342242475137, 1.0828056393146548, 1.0933552273933103, 1.104507706787982, 1.116286773847495, 1.1287138246039798, 1.1418020678500613, 1.1555561605518632, 1.1699720933427529, 1.1850375840993346, 1.200735906860395, 1.2170387130493567, 1.2339014140607178, 1.2512581885103229, 1.2690181325379986, 1.287088741319823, 1.3054054302266418, 1.3238929976112008, 1.342431658848353, 1.360870263513284, 1.3790997791952193, 1.397047949236261, 1.4146313584437984, 1.431761278275473, 1.4483587373565916, 1.4643623677516326, 1.4797384612603242, 1.494473409424734, 1.508558496762553, 1.5219502031919958, 1.5346836754995963, 1.5467957301326059, 1.5582499134154453, 1.569206687024354, 1.5795728055559435, 1.5893775176201004, 1.5987815903998888, 1.6077745001500987, 1.616297234691477, 1.6244646808727117, 1.6323569959770459, 1.6398761731000604, 1.647174520995295, 1.654288889365429, 1.6611891912578163, 1.6678853125030262, 1.674449470427603, 1.680971934865867, 1.6872570539729184, 1.6934178543768799, 1.6996246511056405, 1.7055444730030138, 1.7115323049608075, 1.7174212239002198, 1.7232113971651495, 1.7290349517100991, 1.7347599758705545, 1.7404252448428215, 1.746047374646889, 1.7516535825175776, 1.7572424028311684, 1.7627378999831622, 1.7682097929452725, 1.773712007084633, 1.7791755564288452, 1.784550175366191, 1.7899215472647867, 1.795180291250174, 1.8003429919401863, 1.805546840700353, 1.8106374644347318, 1.8156927850528817, 1.8206115329022907, 1.8255740816578867, 1.8303518807461197, 1.834913210939768, 1.8393867538308046, 1.8435541788207273, 1.8476276869749704, 1.8513787248624893, 1.8549071642459707, 1.8581864104438248, 1.8611135303961226, 1.863686875191405, 1.8658579517653304, 1.8676793778142577, 1.8691153775492937, 1.8701597252012252, 1.870756762510009, 1.8708954248221819],
                                   'mu_dns': [0.002531645569620253, 0.002531645569620253, 0.002531645569620253, 0.002531645569620253, 0.002531645569620253, 0.002531645569620253, 0.002531645569620253, 0.002531645569620253, 0.002531645569620253, 0.002531645569620253, 0.002531645569620253, 0.002531645569620253, 0.002531645569620253, 0.002531645569620253, 0.002531645569620253, 0.002531645569620253, 0.002531645569620253, 0.002531645569620253, 0.002531645569620253, 0.002531645569620253, 0.002531645569620253, 0.002531645569620253, 0.002531645569620253, 0.002531645569620253, 0.002531645569620253, 0.002531645569620253, 0.002531645569620253, 0.002531645569620253, 0.002531645569620253, 0.002531645569620253, 0.002531645569620253, 0.002531645569620253, 0.002531645569620253, 0.002531645569620253, 0.002531645569620253, 0.002531645569620253, 0.002531645569620253, 0.002531645569620253, 0.002531645569620253, 0.002531645569620253, 0.002531645569620253, 0.002531645569620253, 0.002531645569620253, 0.002531645569620253, 0.002531645569620253, 0.002531645569620253, 0.002531645569620253, 0.002531645569620253, 0.002531645569620253, 0.002531645569620253, 0.002531645569620253, 0.002531645569620253, 0.002531645569620253, 0.002531645569620253, 0.002531645569620253, 0.002531645569620253, 0.002531645569620253, 0.002531645569620253, 0.002531645569620253, 0.002531645569620253, 0.002531645569620253, 0.002531645569620253, 0.002531645569620253, 0.002531645569620253, 0.002531645569620253, 0.002531645569620253, 0.002531645569620253, 0.002531645569620253, 0.002531645569620253, 0.002531645569620253, 0.002531645569620253, 0.002531645569620253, 0.002531645569620253, 0.002531645569620253, 0.002531645569620253, 0.002531645569620253, 0.002531645569620253, 0.002531645569620253, 0.002531645569620253, 0.002531645569620253, 0.002531645569620253, 0.002531645569620253, 0.002531645569620253, 0.002531645569620253, 0.002531645569620253, 0.002531645569620253, 0.002531645569620253, 0.002531645569620253, 0.002531645569620253, 0.002531645569620253, 0.002531645569620253, 0.002531645569620253, 0.002531645569620253, 0.002531645569620253, 0.002531645569620253, 0.002531645569620253, 0.002531645569620253, 0.002531645569620253, 0.002531645569620253, 0.002531645569620253],
                                   'rho_dns': [1.0, 1.0, 1.0, 1.0, 1.0, 1.0, 1.0, 1.0, 1.0, 1.0, 1.0, 1.0, 1.0, 1.0, 1.0, 1.0, 1.0, 1.0, 1.0, 1.0, 1.0, 1.0, 1.0, 1.0, 1.0, 1.0, 1.0, 1.0, 1.0, 1.0, 1.0, 1.0, 1.0, 1.0, 1.0, 1.0, 1.0, 1.0, 1.0, 1.0, 1.0, 1.0, 1.0, 1.0, 1.0, 1.0, 1.0, 1.0, 1.0, 1.0, 1.0, 1.0, 1.0, 1.0, 1.0, 1.0, 1.0, 1.0, 1.0, 1.0, 1.0, 1.0, 1.0, 1.0, 1.0, 1.0, 1.0, 1.0, 1.0, 1.0, 1.0, 1.0, 1.0, 1.0, 1.0, 1.0, 1.0, 1.0, 1.0, 1.0, 1.0, 1.0, 1.0, 1.0, 1.0, 1.0, 1.0, 1.0, 1.0, 1.0, 1.0, 1.0, 1.0, 1.0, 1.0, 1.0, 1.0, 1.0, 1.0, 1.0]},
                      'case': 'T31_CP395',
                      'constant_Sq_heat': 0.04443037974683545,
                      'use_visc_heating': False,
                      'Pr_turb': 1.0,
                      'fprint': '<function '
                                'Build_arguments_fi_run._mk_args_MK_solver.<locals>.<lambda> '
                                'at 0x7f5fe304d670>',
                      'compressible_correction': False,
                      'bool_solve_energy': False,
                      'output_last': False},
  'u_imp': 1000,
  'k_imp': 1,
  'e_imp': 0,
  'solve_sparse_adj': True,
  'all_ref_beta_distrib': {'K': [1.0, 1.00065873, 1.00115606, 1.00143546, 1.00144944, 1.00113988, 1.00043358, 0.99923993, 0.99744914, 0.99493133, 0.99153723, 0.98710168, 0.9814517, 0.97442106, 0.96587354, 0.95573627, 0.94404297, 0.93098302, 0.91694825, 0.90256471, 0.88869646, 0.87641298, 0.86691594, 0.86142108, 0.86100095, 0.86642899, 0.87808248, 0.89592524, 0.91954382, 0.9482002, 0.98087909, 1.01631861, 1.05302881, 1.08931058, 1.1232977, 1.15304049, 1.17664015, 1.19241925, 1.19910335, 1.19598828, 1.18304668, 1.1609244, 1.13083261, 1.09439626, 1.05348086, 1.01000777, 0.96580572, 0.92251359, 0.88152808, 0.84398051, 0.8107342, 0.78239368, 0.7593378, 0.7417592, 0.72969038, 0.72302899, 0.72156451, 0.72500476, 0.73299211, 0.7451151, 0.76092215, 0.77993264, 0.80164783, 0.82555072, 0.85110898, 0.87778422, 0.90503321, 0.93232368, 0.95913627, 0.98497733, 1.00939972, 1.03199776, 1.05241313, 1.07033808, 1.08552208, 1.09778146, 1.10700002, 1.11313771, 1.1162337, 1.11639567, 1.1137972, 1.10867137, 1.10129631, 1.09201596, 1.08125769, 1.06950797, 1.057295, 1.04516489, 1.03363412, 1.0231511, 1.01407556, 1.0066606, 1.00101554, 0.9970916, 0.99469347, 0.9935014, 0.9931303, 0.99319904, 0.99339038, 0.99674688], 'E': [1.0, 1.0, 1.0, 1.0, 1.0, 1.0, 1.0, 1.0, 1.0, 1.0, 1.0, 1.0, 1.0, 1.0, 1.0, 1.0, 1.0, 1.0, 1.0, 1.0, 1.0, 1.0, 1.0, 1.0, 1.0, 1.0, 1.0, 1.0, 1.0, 1.0, 1.0, 1.0, 1.0, 1.0, 1.0, 1.0, 1.0, 1.0, 1.0, 1.0, 1.0, 1.0, 1.0, 1.0, 1.0, 1.0, 1.0, 1.0, 1.0, 1.0, 1.0, 1.0, 1.0, 1.0, 1.0, 1.0, 1.0, 1.0, 1.0, 1.0, 1.0, 1.0, 1.0, 1.0, 1.0, 1.0, 1.0, 1.0, 1.0, 1.0, 1.0, 1.0, 1.0, 1.0, 1.0, 1.0, 1.0, 1.0, 1.0, 1.0, 1.0, 1.0, 1.0, 1.0, 1.0, 1.0, 1.0, 1.0, 1.0, 1.0, 1.0, 1.0, 1.0, 1.0, 1.0, 1.0, 1.0, 1.0, 1.0, 1.0]},
  'all_ref_delta_distrib': {'K': [-0.0, -0.02150233654061929, -0.03807814289402447, -0.04779065138325734, -0.04887524277083121, -0.03901987717850819, -0.01510578764793888, 0.027025932106138652, 0.0928442841863332, 0.189434405728434, 0.3258171448958221, 0.5132283599740184, 0.7652519937388405, 1.0976431760527192, 1.5275913553134097, 2.0721116437432037, 2.745235794081608, 3.5538402882371773, 4.492301275272759, 5.536776651276603, 6.64039674847829, 7.7305657685515285, 8.709219210927891, 9.457783676895481, 9.850144947735355, 9.773505191912967, 9.150094724905474, 7.95242692184293, 6.209628533781361, 4.0053995532271465, 1.4692743427392445, -1.236249392080095, -3.930627061371776, -6.430800007016062, -8.566964833655133, -10.19801937249372, -11.225516844632393, -11.603687259878328, -11.343382052987419, -10.509125848190493, -9.208732380781186, -7.576345946324068, -5.753209443404629, -3.8716886062937754, -2.044107848850064, -0.35628221124724024, 1.1337175941980435, 2.392958234100078, 3.4090862282788903, 4.185377337832508, 4.736140505631973, 5.082868971124799, 5.250837127741429, 5.266538546334234, 5.156170206270531, 4.944622618389676, 4.6548025949614225, 4.307225540551065, 3.9199507872550434, 3.5086613551129258, 3.086748630984717, 2.665457974765983, 2.254043622739514, 1.8600432126947717, 1.489477528386967, 1.1469656804060697, 0.8359122373412314, 0.5585477519814385, 0.3160998256896123, 0.10886323370149642, -0.0637729767308304, -0.203104907741175, -0.3109992830000821, -0.38977274198676465, -0.4421027775416787, -0.470957772507012, -0.47948477244330556, -0.4709468031078256, -0.44863715335836096, -0.41575298598732624, -0.37532553243966016, -0.3301512518768875, -0.28271703383023933, -0.2352412420032589, -0.18968280142360766, -0.14764637763281857, -0.11034102228030018, -0.07855450324307373, -0.052620879410985755, -0.032449739314999976, -0.017608065711454783, -0.007412394910170018, -0.0010032910541346366, 0.0025503923052080293, 0.004142559094743025, 0.004549972629774014, 0.004371535518515986, 0.00401339768134078, 0.0037154042211339903, 0.001798149815737599], 'E': [-0.0, -0.0, -0.0, -0.0, -0.0, -0.0, -0.0, -0.0, -0.0, -0.0, -0.0, -0.0, -0.0, -0.0, -0.0, -0.0, -0.0, -0.0, -0.0, -0.0, -0.0, -0.0, -0.0, -0.0, -0.0, -0.0, -0.0, -0.0, -0.0, -0.0, -0.0, -0.0, -0.0, -0.0, -0.0, -0.0, -0.0, -0.0, -0.0, -0.0, -0.0, -0.0, -0.0, -0.0, -0.0, -0.0, -0.0, -0.0, -0.0, -0.0, -0.0, -0.0, -0.0, -0.0, -0.0, -0.0, -0.0, -0.0, -0.0, -0.0, -0.0, -0.0, -0.0, -0.0, -0.0, -0.0, -0.0, -0.0, -0.0, -0.0, -0.0, -0.0, -0.0, -0.0, -0.0, -0.0, -0.0, -0.0, -0.0, -0.0, -0.0, -0.0, -0.0, -0.0, -0.0, -0.0, -0.0, -0.0, -0.0, -0.0, -0.0, -0.0, -0.0, -0.0, -0.0, -0.0, -0.0, -0.0, -0.0, -0.0]},
  'fname_print': '/media/rafael/DATA/Dropbox/20220924_FIML_solver/data/output/field_inversion/Beta_k/u_imp_1000/FI_run_T31_CP395_u_imp_1000_k_imp_1_e_imp_0/FI_run_T31_CP395_u_imp_1000_k_imp_1_e_imp_0.log',
  'folder': '/media/rafael/DATA/Dropbox/20220924_FIML_solver/data/output/field_inversion/Beta_k/u_imp_1000/FI_run_T31_CP395_u_imp_1000_k_imp_1_e_imp_0',
  'iters_limit': 15000}
# End_Input_Arguments

# ------------------------------------------------------------------------
#                  Iterations
# ------------------------------------------------------------------------

iter:      0 (Jcost: 1.062153e+01) (lr = 1.000e-03) (elapsed time:  0.001) (secs/iter:   None) (n_accepted: 0%) (u_error:  2.442983 %) (beta_change: 27.843549 %) (delta_change: 12.251526 %) (delta_peak/R:  0.000000 %)
-> Saved file: /media/rafael/DATA/Dropbox/20220924_FIML_solver/data/output/field_inversion/Beta_k/u_imp_1000/FI_run_T31_CP395_u_imp_1000_k_imp_1_e_imp_0/FI_run_T31_CP395_u_imp_1000_k_imp_1_e_imp_0_state_iter_0.dat
iter:    100 (Jcost: 8.775259e-01) (lr = 7.153e-04) (elapsed time: 105.428) (secs/iter:  1.054) (n_accepted: 79%) (u_error:  0.699747 %) (beta_change: 13.060173 %) (delta_change: 10.102105 %) (delta_peak/R:  7.794432 %)
iter:    200 (Jcost: 5.531011e-01) (lr = 2.558e-04) (elapsed time: 199.571) (secs/iter:  0.941) (n_accepted: 78%) (u_error:  0.544288 %) (beta_change:  7.886091 %) (delta_change:  5.881296 %) (delta_peak/R:  9.536963 %)
iter:    300 (Jcost: 4.734166e-01) (lr = 2.196e-04) (elapsed time: 292.678) (secs/iter:  0.931) (n_accepted: 79%) (u_error:  0.482790 %) (beta_change:  5.827722 %) (delta_change:  4.182721 %) (delta_peak/R: 10.507518 %)
iter:    400 (Jcost: 4.362612e-01) (lr = 1.086e-03) (elapsed time: 380.666) (secs/iter:  0.880) (n_accepted: 81%) (u_error:  0.454171 %) (beta_change:  4.586264 %) (delta_change:  3.215407 %) (delta_peak/R: 11.173444 %)
iter:    500 (Jcost: 4.201320e-01) (lr = 9.321e-04) (elapsed time: 466.759) (secs/iter:  0.861) (n_accepted: 79%) (u_error:  0.438229 %) (beta_change:  3.930582 %) (delta_change:  2.698225 %) (delta_peak/R: 11.444626 %)
-> Saved file: /media/rafael/DATA/Dropbox/20220924_FIML_solver/data/output/field_inversion/Beta_k/u_imp_1000/FI_run_T31_CP395_u_imp_1000_k_imp_1_e_imp_0/FI_run_T31_CP395_u_imp_1000_k_imp_1_e_imp_0_state_iter_500.dat
iter:    600 (Jcost: 4.089738e-01) (lr = 1.106e-02) (elapsed time: 528.015) (secs/iter:  0.613) (n_accepted: 82%) (u_error:  0.429491 %) (beta_change:  3.410297 %) (delta_change:  2.318101 %) (delta_peak/R: 11.599422 %)
iter:    700 (Jcost: 4.036649e-01) (lr = 1.648e-03) (elapsed time: 607.527) (secs/iter:  0.795) (n_accepted: 77%) (u_error:  0.424769 %) (beta_change:  3.118077 %) (delta_change:  2.113825 %) (delta_peak/R: 11.641369 %)
iter:    800 (Jcost: 3.991424e-01) (lr = 1.415e-03) (elapsed time: 657.063) (secs/iter:  0.495) (n_accepted: 79%) (u_error:  0.420838 %) (beta_change:  2.849878 %) (delta_change:  1.931033 %) (delta_peak/R: 11.642329 %)
iter:    900 (Jcost: 3.960812e-01) (lr = 5.061e-04) (elapsed time: 735.128) (secs/iter:  0.781) (n_accepted: 78%) (u_error:  0.418287 %) (beta_change:  2.707502 %) (delta_change:  1.828004 %) (delta_peak/R: 11.608584 %)
iter:   1000 (Jcost: 3.933568e-01) (lr = 1.810e-04) (elapsed time: 807.383) (secs/iter:  0.723) (n_accepted: 78%) (u_error:  0.416205 %) (beta_change:  2.801479 %) (delta_change:  1.767670 %) (delta_peak/R: 11.541589 %)
-> Saved file: /media/rafael/DATA/Dropbox/20220924_FIML_solver/data/output/field_inversion/Beta_k/u_imp_1000/FI_run_T31_CP395_u_imp_1000_k_imp_1_e_imp_0/FI_run_T31_CP395_u_imp_1000_k_imp_1_e_imp_0_state_iter_1000.dat
iter:   1100 (Jcost: 3.917415e-01) (lr = 2.148e-03) (elapsed time: 861.058) (secs/iter:  0.537) (n_accepted: 82%) (u_error:  0.414750 %) (beta_change:  2.984976 %) (delta_change:  1.763883 %) (delta_peak/R: 11.468643 %)
iter:   1200 (Jcost: 3.907403e-01) (lr = 4.425e-03) (elapsed time: 941.379) (secs/iter:  0.803) (n_accepted: 80%) (u_error:  0.414261 %) (beta_change:  3.126326 %) (delta_change:  1.770968 %) (delta_peak/R: 11.435973 %)
iter:   1300 (Jcost: 3.898743e-01) (lr = 1.583e-03) (elapsed time: 1020.238) (secs/iter:  0.789) (n_accepted: 78%) (u_error:  0.413673 %) (beta_change:  3.277976 %) (delta_change:  1.788652 %) (delta_peak/R: 11.399171 %)
iter:   1400 (Jcost: 3.889188e-01) (lr = 2.359e-04) (elapsed time: 1097.456) (secs/iter:  0.772) (n_accepted: 77%) (u_error:  0.413029 %) (beta_change:  3.481639 %) (delta_change:  1.830493 %) (delta_peak/R: 11.342528 %)
iter:   1500 (Jcost: 3.883126e-01) (lr = 4.859e-04) (elapsed time: 1175.451) (secs/iter:  0.780) (n_accepted: 80%) (u_error:  0.412559 %) (beta_change:  3.638872 %) (delta_change:  1.862972 %) (delta_peak/R: 11.293748 %)
-> Saved file: /media/rafael/DATA/Dropbox/20220924_FIML_solver/data/output/field_inversion/Beta_k/u_imp_1000/FI_run_T31_CP395_u_imp_1000_k_imp_1_e_imp_0/FI_run_T31_CP395_u_imp_1000_k_imp_1_e_imp_0_state_iter_1500.dat
iter:   1600 (Jcost: 3.877397e-01) (lr = 1.384e-02) (elapsed time: 1255.988) (secs/iter:  0.805) (n_accepted: 83%) (u_error:  0.412331 %) (beta_change:  3.806999 %) (delta_change:  1.897837 %) (delta_peak/R: 11.241091 %)
iter:   1700 (Jcost: 3.873558e-01) (lr = 8.593e-04) (elapsed time: 1330.877) (secs/iter:  0.749) (n_accepted: 76%) (u_error:  0.412099 %) (beta_change:  3.937114 %) (delta_change:  1.923447 %) (delta_peak/R: 11.198611 %)
iter:   1800 (Jcost: 3.870012e-01) (lr = 1.281e-04) (elapsed time: 1406.055) (secs/iter:  0.752) (n_accepted: 77%) (u_error:  0.411924 %) (beta_change:  4.072037 %) (delta_change:  1.948686 %) (delta_peak/R: 11.155011 %)
iter:   1900 (Jcost: 3.867486e-01) (lr = 1.520e-03) (elapsed time: 1474.925) (secs/iter:  0.689) (n_accepted: 82%) (u_error:  0.411791 %) (beta_change:  4.177647 %) (delta_change:  1.967380 %) (delta_peak/R: 11.121074 %)
iter:   2000 (Jcost: 3.864380e-01) (lr = 2.265e-04) (elapsed time: 1548.171) (secs/iter:  0.732) (n_accepted: 77%) (u_error:  0.411648 %) (beta_change:  4.319731 %) (delta_change:  1.991119 %) (delta_peak/R: 11.076362 %)
-> Saved file: /media/rafael/DATA/Dropbox/20220924_FIML_solver/data/output/field_inversion/Beta_k/u_imp_1000/FI_run_T31_CP395_u_imp_1000_k_imp_1_e_imp_0/FI_run_T31_CP395_u_imp_1000_k_imp_1_e_imp_0_state_iter_2000.dat
iter:   2100 (Jcost: 3.861974e-01) (lr = 2.687e-03) (elapsed time: 1600.519) (secs/iter:  0.523) (n_accepted: 82%) (u_error:  0.411442 %) (beta_change:  4.441309 %) (delta_change:  2.009598 %) (delta_peak/R: 11.038264 %)
iter:   2200 (Jcost: 3.859985e-01) (lr = 4.005e-04) (elapsed time: 1652.040) (secs/iter:  0.515) (n_accepted: 77%) (u_error:  0.411375 %) (beta_change:  4.547013 %) (delta_change:  2.025074 %) (delta_peak/R: 11.007039 %)
iter:   2300 (Jcost: 3.857909e-01) (lr = 3.438e-04) (elapsed time: 1727.016) (secs/iter:  0.750) (n_accepted: 79%) (u_error:  0.411307 %) (beta_change:  4.666280 %) (delta_change:  2.041343 %) (delta_peak/R: 10.973104 %)
iter:   2400 (Jcost: 3.855813e-01) (lr = 2.951e-04) (elapsed time: 1788.968) (secs/iter:  0.620) (n_accepted: 79%) (u_error:  0.411184 %) (beta_change:  4.795215 %) (delta_change:  2.057385 %) (delta_peak/R: 10.937540 %)
iter:   2500 (Jcost: 3.854185e-01) (lr = 8.404e-03) (elapsed time: 1832.516) (secs/iter:  0.435) (n_accepted: 83%) (u_error:  0.411109 %) (beta_change:  4.902123 %) (delta_change:  2.069764 %) (delta_peak/R: 10.909723 %)
-> Saved file: /media/rafael/DATA/Dropbox/20220924_FIML_solver/data/output/field_inversion/Beta_k/u_imp_1000/FI_run_T31_CP395_u_imp_1000_k_imp_1_e_imp_0/FI_run_T31_CP395_u_imp_1000_k_imp_1_e_imp_0_state_iter_2500.dat
iter:   2600 (Jcost: 3.853065e-01) (lr = 5.219e-04) (elapsed time: 1894.052) (secs/iter:  0.615) (n_accepted: 76%) (u_error:  0.411022 %) (beta_change:  4.978472 %) (delta_change:  2.077925 %) (delta_peak/R: 10.890363 %)
iter:   2700 (Jcost: 3.851384e-01) (lr = 1.867e-04) (elapsed time: 1965.536) (secs/iter:  0.715) (n_accepted: 78%) (u_error:  0.410921 %) (beta_change:  5.098900 %) (delta_change:  2.090124 %) (delta_peak/R: 10.861550 %)
iter:   2800 (Jcost: 3.849874e-01) (lr = 3.845e-04) (elapsed time: 2034.963) (secs/iter:  0.694) (n_accepted: 80%) (u_error:  0.410788 %) (beta_change:  5.213654 %) (delta_change:  2.100696 %) (delta_peak/R: 10.835436 %)
iter:   2900 (Jcost: 3.848650e-01) (lr = 3.301e-04) (elapsed time: 2108.820) (secs/iter:  0.739) (n_accepted: 79%) (u_error:  0.410799 %) (beta_change:  5.310106 %) (delta_change:  2.109442 %) (delta_peak/R: 10.815907 %)
iter:   3000 (Jcost: 3.847789e-01) (lr = 6.800e-04) (elapsed time: 2179.244) (secs/iter:  0.704) (n_accepted: 80%) (u_error:  0.410694 %) (beta_change:  5.378794 %) (delta_change:  2.114887 %) (delta_peak/R: 10.801684 %)
-> Saved file: /media/rafael/DATA/Dropbox/20220924_FIML_solver/data/output/field_inversion/Beta_k/u_imp_1000/FI_run_T31_CP395_u_imp_1000_k_imp_1_e_imp_0/FI_run_T31_CP395_u_imp_1000_k_imp_1_e_imp_0_state_iter_3000.dat
iter:   3100 (Jcost: 3.846813e-01) (lr = 2.432e-04) (elapsed time: 2255.597) (secs/iter:  0.764) (n_accepted: 78%) (u_error:  0.410637 %) (beta_change:  5.460144 %) (delta_change:  2.121290 %) (delta_peak/R: 10.786239 %)
iter:   3200 (Jcost: 3.845819e-01) (lr = 5.011e-04) (elapsed time: 2301.134) (secs/iter:  0.455) (n_accepted: 80%) (u_error:  0.410653 %) (beta_change:  5.551544 %) (delta_change:  2.128339 %) (delta_peak/R: 10.770765 %)
iter:   3300 (Jcost: 3.844888e-01) (lr = 1.427e-02) (elapsed time: 2357.810) (secs/iter:  0.567) (n_accepted: 83%) (u_error:  0.410530 %) (beta_change:  5.630373 %) (delta_change:  2.133556 %) (delta_peak/R: 10.757016 %)
iter:   3400 (Jcost: 3.844227e-01) (lr = 3.692e-04) (elapsed time: 2425.884) (secs/iter:  0.681) (n_accepted: 75%) (u_error:  0.410448 %) (beta_change:  5.690594 %) (delta_change:  2.137418 %) (delta_peak/R: 10.747115 %)
iter:   3500 (Jcost: 3.843390e-01) (lr = 3.169e-04) (elapsed time: 2496.927) (secs/iter:  0.710) (n_accepted: 79%) (u_error:  0.410396 %) (beta_change:  5.768869 %) (delta_change:  2.142444 %) (delta_peak/R: 10.735373 %)
-> Saved file: /media/rafael/DATA/Dropbox/20220924_FIML_solver/data/output/field_inversion/Beta_k/u_imp_1000/FI_run_T31_CP395_u_imp_1000_k_imp_1_e_imp_0/FI_run_T31_CP395_u_imp_1000_k_imp_1_e_imp_0_state_iter_3500.dat
iter:   3600 (Jcost: 3.842616e-01) (lr = 2.721e-04) (elapsed time: 2571.000) (secs/iter:  0.741) (n_accepted: 79%) (u_error:  0.410345 %) (beta_change:  5.843021 %) (delta_change:  2.147000 %) (delta_peak/R: 10.724892 %)
iter:   3700 (Jcost: 3.841896e-01) (lr = 2.335e-04) (elapsed time: 2641.429) (secs/iter:  0.704) (n_accepted: 79%) (u_error:  0.410266 %) (beta_change:  5.913887 %) (delta_change:  2.151059 %) (delta_peak/R: 10.715159 %)
iter:   3800 (Jcost: 3.841257e-01) (lr = 2.771e-03) (elapsed time: 2710.558) (secs/iter:  0.691) (n_accepted: 82%) (u_error:  0.410205 %) (beta_change:  5.978104 %) (delta_change:  2.154646 %) (delta_peak/R: 10.706903 %)
iter:   3900 (Jcost: 3.840602e-01) (lr = 2.379e-03) (elapsed time: 2773.180) (secs/iter:  0.626) (n_accepted: 79%) (u_error:  0.410202 %) (beta_change:  6.043476 %) (delta_change:  2.158424 %) (delta_peak/R: 10.699461 %)
iter:   4000 (Jcost: 3.839940e-01) (lr = 8.508e-04) (elapsed time: 2841.601) (secs/iter:  0.684) (n_accepted: 78%) (u_error:  0.410147 %) (beta_change:  6.111642 %) (delta_change:  2.162032 %) (delta_peak/R: 10.691688 %)
-> Saved file: /media/rafael/DATA/Dropbox/20220924_FIML_solver/data/output/field_inversion/Beta_k/u_imp_1000/FI_run_T31_CP395_u_imp_1000_k_imp_1_e_imp_0/FI_run_T31_CP395_u_imp_1000_k_imp_1_e_imp_0_state_iter_4000.dat
iter:   4100 (Jcost: 3.839364e-01) (lr = 1.268e-04) (elapsed time: 2916.209) (secs/iter:  0.746) (n_accepted: 77%) (u_error:  0.410099 %) (beta_change:  6.171873 %) (delta_change:  2.165125 %) (delta_peak/R: 10.685205 %)
iter:   4200 (Jcost: 3.838840e-01) (lr = 8.667e-03) (elapsed time: 2982.230) (secs/iter:  0.660) (n_accepted: 84%) (u_error:  0.410031 %) (beta_change:  6.227896 %) (delta_change:  2.167834 %) (delta_peak/R: 10.679260 %)
iter:   4300 (Jcost: 3.838410e-01) (lr = 3.100e-03) (elapsed time: 3049.162) (secs/iter:  0.669) (n_accepted: 78%) (u_error:  0.410027 %) (beta_change:  6.273426 %) (delta_change:  2.170196 %) (delta_peak/R: 10.675103 %)
iter:   4400 (Jcost: 3.837890e-01) (lr = 2.661e-03) (elapsed time: 3117.636) (secs/iter:  0.685) (n_accepted: 79%) (u_error:  0.409986 %) (beta_change:  6.329653 %) (delta_change:  2.172911 %) (delta_peak/R: 10.669883 %)
iter:   4500 (Jcost: 3.837406e-01) (lr = 2.284e-03) (elapsed time: 3184.433) (secs/iter:  0.668) (n_accepted: 79%) (u_error:  0.409945 %) (beta_change:  6.382508 %) (delta_change:  2.175400 %) (delta_peak/R: 10.665191 %)
-> Saved file: /media/rafael/DATA/Dropbox/20220924_FIML_solver/data/output/field_inversion/Beta_k/u_imp_1000/FI_run_T31_CP395_u_imp_1000_k_imp_1_e_imp_0/FI_run_T31_CP395_u_imp_1000_k_imp_1_e_imp_0_state_iter_4500.dat
iter:   4600 (Jcost: 3.836833e-01) (lr = 1.418e-04) (elapsed time: 3259.401) (secs/iter:  0.750) (n_accepted: 76%) (u_error:  0.409899 %) (beta_change:  6.445650 %) (delta_change:  2.178323 %) (delta_peak/R: 10.659883 %)
iter:   4700 (Jcost: 3.836502e-01) (lr = 4.039e-03) (elapsed time: 3327.785) (secs/iter:  0.684) (n_accepted: 83%) (u_error:  0.409873 %) (beta_change:  6.482506 %) (delta_change:  2.179999 %) (delta_peak/R: 10.656933 %)
iter:   4800 (Jcost: 3.836128e-01) (lr = 6.019e-04) (elapsed time: 3381.805) (secs/iter:  0.540) (n_accepted: 77%) (u_error:  0.409839 %) (beta_change:  6.524295 %) (delta_change:  2.181863 %) (delta_peak/R: 10.653673 %)
iter:   4900 (Jcost: 3.835716e-01) (lr = 2.153e-04) (elapsed time: 3424.283) (secs/iter:  0.425) (n_accepted: 78%) (u_error:  0.409804 %) (beta_change:  6.570642 %) (delta_change:  2.183906 %) (delta_peak/R: 10.650208 %)
iter:   5000 (Jcost: 3.835320e-01) (lr = 1.065e-03) (elapsed time: 3466.684) (secs/iter:  0.424) (n_accepted: 81%) (u_error:  0.409818 %) (beta_change:  6.616645 %) (delta_change:  2.186104 %) (delta_peak/R: 10.647353 %)
-> Saved file: /media/rafael/DATA/Dropbox/20220924_FIML_solver/data/output/field_inversion/Beta_k/u_imp_1000/FI_run_T31_CP395_u_imp_1000_k_imp_1_e_imp_0/FI_run_T31_CP395_u_imp_1000_k_imp_1_e_imp_0_state_iter_5000.dat
iter:   5100 (Jcost: 3.835006e-01) (lr = 5.263e-03) (elapsed time: 3527.069) (secs/iter:  0.604) (n_accepted: 81%) (u_error:  0.409760 %) (beta_change:  6.651001 %) (delta_change:  2.187451 %) (delta_peak/R: 10.644683 %)
iter:   5200 (Jcost: 3.834686e-01) (lr = 7.844e-04) (elapsed time: 3592.077) (secs/iter:  0.650) (n_accepted: 77%) (u_error:  0.409733 %) (beta_change:  6.687314 %) (delta_change:  2.188998 %) (delta_peak/R: 10.642247 %)
iter:   5300 (Jcost: 3.834354e-01) (lr = 2.805e-04) (elapsed time: 3662.218) (secs/iter:  0.701) (n_accepted: 78%) (u_error:  0.409699 %) (beta_change:  6.725224 %) (delta_change:  2.190571 %) (delta_peak/R: 10.639728 %)
iter:   5400 (Jcost: 3.833992e-01) (lr = 2.408e-04) (elapsed time: 3725.753) (secs/iter:  0.635) (n_accepted: 79%) (u_error:  0.409665 %) (beta_change:  6.766556 %) (delta_change:  2.192287 %) (delta_peak/R: 10.637107 %)
iter:   5500 (Jcost: 3.833736e-01) (lr = 6.858e-03) (elapsed time: 3781.056) (secs/iter:  0.553) (n_accepted: 83%) (u_error:  0.409652 %) (beta_change:  6.795795 %) (delta_change:  2.193529 %) (delta_peak/R: 10.635396 %)
-> Saved file: /media/rafael/DATA/Dropbox/20220924_FIML_solver/data/output/field_inversion/Beta_k/u_imp_1000/FI_run_T31_CP395_u_imp_1000_k_imp_1_e_imp_0/FI_run_T31_CP395_u_imp_1000_k_imp_1_e_imp_0_state_iter_5500.dat
iter:   5600 (Jcost: 3.833371e-01) (lr = 1.022e-03) (elapsed time: 3853.491) (secs/iter:  0.724) (n_accepted: 77%) (u_error:  0.409631 %) (beta_change:  6.837659 %) (delta_change:  2.195290 %) (delta_peak/R: 10.633003 %)
iter:   5700 (Jcost: 3.833029e-01) (lr = 3.656e-04) (elapsed time: 3921.508) (secs/iter:  0.680) (n_accepted: 78%) (u_error:  0.409604 %) (beta_change:  6.876736 %) (delta_change:  2.196884 %) (delta_peak/R: 10.630767 %)
iter:   5800 (Jcost: 3.832718e-01) (lr = 7.531e-04) (elapsed time: 4002.689) (secs/iter:  0.812) (n_accepted: 80%) (u_error:  0.409549 %) (beta_change:  6.912579 %) (delta_change:  2.198213 %) (delta_peak/R: 10.628499 %)
iter:   5900 (Jcost: 3.832431e-01) (lr = 1.552e-03) (elapsed time: 4044.953) (secs/iter:  0.423) (n_accepted: 80%) (u_error:  0.409533 %) (beta_change:  6.945046 %) (delta_change:  2.199547 %) (delta_peak/R: 10.626804 %)
iter:   6000 (Jcost: 3.832193e-01) (lr = 7.671e-03) (elapsed time: 4086.097) (secs/iter:  0.411) (n_accepted: 81%) (u_error:  0.409532 %) (beta_change:  6.971859 %) (delta_change:  2.200688 %) (delta_peak/R: 10.625538 %)
-> Saved file: /media/rafael/DATA/Dropbox/20220924_FIML_solver/data/output/field_inversion/Beta_k/u_imp_1000/FI_run_T31_CP395_u_imp_1000_k_imp_1_e_imp_0/FI_run_T31_CP395_u_imp_1000_k_imp_1_e_imp_0_state_iter_6000.dat
iter:   6100 (Jcost: 3.831920e-01) (lr = 2.744e-03) (elapsed time: 4131.861) (secs/iter:  0.458) (n_accepted: 78%) (u_error:  0.409511 %) (beta_change:  7.002767 %) (delta_change:  2.206487 %) (delta_peak/R: 10.623935 %)
iter:   6200 (Jcost: 3.831644e-01) (lr = 4.089e-04) (elapsed time: 4201.472) (secs/iter:  0.696) (n_accepted: 77%) (u_error:  0.409478 %) (beta_change:  7.034058 %) (delta_change:  2.215193 %) (delta_peak/R: 10.622231 %)
iter:   6300 (Jcost: 3.831356e-01) (lr = 1.165e-02) (elapsed time: 4262.265) (secs/iter:  0.608) (n_accepted: 83%) (u_error:  0.409464 %) (beta_change:  7.066282 %) (delta_change:  2.224100 %) (delta_peak/R: 10.620701 %)
iter:   6400 (Jcost: 3.831182e-01) (lr = 1.255e-04) (elapsed time: 4332.602) (secs/iter:  0.703) (n_accepted: 74%) (u_error:  0.409452 %) (beta_change:  7.085692 %) (delta_change:  2.229461 %) (delta_peak/R: 10.619751 %)
iter:   6500 (Jcost: 3.830915e-01) (lr = 2.059e-02) (elapsed time: 4394.571) (secs/iter:  0.620) (n_accepted: 85%) (u_error:  0.409438 %) (beta_change:  7.115365 %) (delta_change:  2.237629 %) (delta_peak/R: 10.618369 %)
-> Saved file: /media/rafael/DATA/Dropbox/20220924_FIML_solver/data/output/field_inversion/Beta_k/u_imp_1000/FI_run_T31_CP395_u_imp_1000_k_imp_1_e_imp_0/FI_run_T31_CP395_u_imp_1000_k_imp_1_e_imp_0_state_iter_6500.dat
iter:   6600 (Jcost: 3.830687e-01) (lr = 3.069e-03) (elapsed time: 4460.873) (secs/iter:  0.663) (n_accepted: 77%) (u_error:  0.409416 %) (beta_change:  7.140484 %) (delta_change:  2.244543 %) (delta_peak/R: 10.617122 %)
iter:   6700 (Jcost: 3.830475e-01) (lr = 1.098e-03) (elapsed time: 4528.408) (secs/iter:  0.675) (n_accepted: 78%) (u_error:  0.409402 %) (beta_change:  7.163666 %) (delta_change:  2.250899 %) (delta_peak/R: 10.616036 %)
iter:   6800 (Jcost: 3.830217e-01) (lr = 3.926e-04) (elapsed time: 4600.137) (secs/iter:  0.717) (n_accepted: 78%) (u_error:  0.409375 %) (beta_change:  7.191798 %) (delta_change:  2.258609 %) (delta_peak/R: 10.614652 %)
iter:   6900 (Jcost: 3.830019e-01) (lr = 1.404e-04) (elapsed time: 4690.951) (secs/iter:  0.908) (n_accepted: 78%) (u_error:  0.409369 %) (beta_change:  7.213084 %) (delta_change:  2.264404 %) (delta_peak/R: 10.613742 %)
iter:   7000 (Jcost: 3.829812e-01) (lr = 1.666e-03) (elapsed time: 4758.861) (secs/iter:  0.679) (n_accepted: 82%) (u_error:  0.409343 %) (beta_change:  7.235281 %) (delta_change:  2.270466 %) (delta_peak/R: 10.612624 %)
-> Saved file: /media/rafael/DATA/Dropbox/20220924_FIML_solver/data/output/field_inversion/Beta_k/u_imp_1000/FI_run_T31_CP395_u_imp_1000_k_imp_1_e_imp_0/FI_run_T31_CP395_u_imp_1000_k_imp_1_e_imp_0_state_iter_7000.dat
iter:   7100 (Jcost: 3.829612e-01) (lr = 3.433e-03) (elapsed time: 4826.753) (secs/iter:  0.679) (n_accepted: 80%) (u_error:  0.409376 %) (beta_change:  7.257260 %) (delta_change:  2.276356 %) (delta_peak/R: 10.612065 %)
iter:   7200 (Jcost: 3.829455e-01) (lr = 2.947e-03) (elapsed time: 4872.293) (secs/iter:  0.455) (n_accepted: 79%) (u_error:  0.409328 %) (beta_change:  7.272706 %) (delta_change:  2.280605 %) (delta_peak/R: 10.611021 %)
iter:   7300 (Jcost: 3.829259e-01) (lr = 2.530e-03) (elapsed time: 4915.703) (secs/iter:  0.434) (n_accepted: 79%) (u_error:  0.409318 %) (beta_change:  7.293105 %) (delta_change:  2.286118 %) (delta_peak/R: 10.610131 %)
iter:   7400 (Jcost: 3.829083e-01) (lr = 3.770e-04) (elapsed time: 4956.606) (secs/iter:  0.409) (n_accepted: 77%) (u_error:  0.409305 %) (beta_change:  7.311213 %) (delta_change:  2.291007 %) (delta_peak/R: 10.609314 %)
iter:   7500 (Jcost: 3.828892e-01) (lr = 1.074e-02) (elapsed time: 4995.639) (secs/iter:  0.390) (n_accepted: 83%) (u_error:  0.409299 %) (beta_change:  7.330712 %) (delta_change:  2.296244 %) (delta_peak/R: 10.608514 %)
-> Saved file: /media/rafael/DATA/Dropbox/20220924_FIML_solver/data/output/field_inversion/Beta_k/u_imp_1000/FI_run_T31_CP395_u_imp_1000_k_imp_1_e_imp_0/FI_run_T31_CP395_u_imp_1000_k_imp_1_e_imp_0_state_iter_7500.dat
iter:   7600 (Jcost: 3.828722e-01) (lr = 9.216e-03) (elapsed time: 5038.278) (secs/iter:  0.426) (n_accepted: 79%) (u_error:  0.409276 %) (beta_change:  7.347761 %) (delta_change:  2.300844 %) (delta_peak/R: 10.607648 %)
iter:   7700 (Jcost: 3.828585e-01) (lr = 3.296e-03) (elapsed time: 5076.816) (secs/iter:  0.385) (n_accepted: 78%) (u_error:  0.409271 %) (beta_change:  7.361320 %) (delta_change:  2.304473 %) (delta_peak/R: 10.607081 %)
iter:   7800 (Jcost: 3.828365e-01) (lr = 4.912e-04) (elapsed time: 5116.419) (secs/iter:  0.396) (n_accepted: 77%) (u_error:  0.409264 %) (beta_change:  7.383065 %) (delta_change:  2.310278 %) (delta_peak/R: 10.606187 %)
iter:   7900 (Jcost: 3.828180e-01) (lr = 1.757e-04) (elapsed time: 5160.811) (secs/iter:  0.444) (n_accepted: 78%) (u_error:  0.409245 %) (beta_change:  7.400908 %) (delta_change:  2.315049 %) (delta_peak/R: 10.605338 %)
iter:   8000 (Jcost: 3.827988e-01) (lr = 1.201e-02) (elapsed time: 5224.133) (secs/iter:  0.633) (n_accepted: 84%) (u_error:  0.409201 %) (beta_change:  7.419956 %) (delta_change:  2.320170 %) (delta_peak/R: 10.604206 %)
-> Saved file: /media/rafael/DATA/Dropbox/20220924_FIML_solver/data/output/field_inversion/Beta_k/u_imp_1000/FI_run_T31_CP395_u_imp_1000_k_imp_1_e_imp_0/FI_run_T31_CP395_u_imp_1000_k_imp_1_e_imp_0_state_iter_8000.dat
iter:   8100 (Jcost: 3.827864e-01) (lr = 4.295e-03) (elapsed time: 5271.019) (secs/iter:  0.469) (n_accepted: 78%) (u_error:  0.409224 %) (beta_change:  7.430946 %) (delta_change:  2.323036 %) (delta_peak/R: 10.603997 %)
iter:   8200 (Jcost: 3.827705e-01) (lr = 3.687e-03) (elapsed time: 5312.151) (secs/iter:  0.411) (n_accepted: 79%) (u_error:  0.409222 %) (beta_change:  7.445757 %) (delta_change:  2.326947 %) (delta_peak/R: 10.603415 %)
iter:   8300 (Jcost: 3.827543e-01) (lr = 1.319e-03) (elapsed time: 5369.337) (secs/iter:  0.572) (n_accepted: 78%) (u_error:  0.409198 %) (beta_change:  7.460601 %) (delta_change:  2.330893 %) (delta_peak/R: 10.602632 %)
iter:   8400 (Jcost: 3.827367e-01) (lr = 1.965e-04) (elapsed time: 5435.555) (secs/iter:  0.662) (n_accepted: 77%) (u_error:  0.409195 %) (beta_change:  7.476489 %) (delta_change:  2.335070 %) (delta_peak/R: 10.601991 %)
iter:   8500 (Jcost: 3.827233e-01) (lr = 4.049e-04) (elapsed time: 5502.828) (secs/iter:  0.673) (n_accepted: 80%) (u_error:  0.409161 %) (beta_change:  7.488813 %) (delta_change:  2.338354 %) (delta_peak/R: 10.601212 %)
-> Saved file: /media/rafael/DATA/Dropbox/20220924_FIML_solver/data/output/field_inversion/Beta_k/u_imp_1000/FI_run_T31_CP395_u_imp_1000_k_imp_1_e_imp_0/FI_run_T31_CP395_u_imp_1000_k_imp_1_e_imp_0_state_iter_8500.dat
iter:   8600 (Jcost: 3.827098e-01) (lr = 1.153e-02) (elapsed time: 5556.679) (secs/iter:  0.539) (n_accepted: 83%) (u_error:  0.409184 %) (beta_change:  7.500262 %) (delta_change:  2.341307 %) (delta_peak/R: 10.600982 %)
iter:   8700 (Jcost: 3.826991e-01) (lr = 7.160e-04) (elapsed time: 5617.043) (secs/iter:  0.604) (n_accepted: 76%) (u_error:  0.409172 %) (beta_change:  7.509504 %) (delta_change:  2.343738 %) (delta_peak/R: 10.600510 %)
iter:   8800 (Jcost: 3.826838e-01) (lr = 2.561e-04) (elapsed time: 5656.602) (secs/iter:  0.396) (n_accepted: 78%) (u_error:  0.409160 %) (beta_change:  7.522519 %) (delta_change:  2.347146 %) (delta_peak/R: 10.599900 %)
iter:   8900 (Jcost: 3.826715e-01) (lr = 3.039e-03) (elapsed time: 5713.892) (secs/iter:  0.573) (n_accepted: 82%) (u_error:  0.409150 %) (beta_change:  7.532829 %) (delta_change:  2.349840 %) (delta_peak/R: 10.599408 %)
iter:   9000 (Jcost: 3.826576e-01) (lr = 1.087e-03) (elapsed time: 5776.757) (secs/iter:  0.629) (n_accepted: 78%) (u_error:  0.409152 %) (beta_change:  7.544366 %) (delta_change:  2.352825 %) (delta_peak/R: 10.598977 %)
-> Saved file: /media/rafael/DATA/Dropbox/20220924_FIML_solver/data/output/field_inversion/Beta_k/u_imp_1000/FI_run_T31_CP395_u_imp_1000_k_imp_1_e_imp_0/FI_run_T31_CP395_u_imp_1000_k_imp_1_e_imp_0_state_iter_9000.dat
iter:   9100 (Jcost: 3.826459e-01) (lr = 3.887e-04) (elapsed time: 5848.978) (secs/iter:  0.722) (n_accepted: 78%) (u_error:  0.409172 %) (beta_change:  7.554414 %) (delta_change:  2.355388 %) (delta_peak/R: 10.598763 %)
iter:   9200 (Jcost: 3.826352e-01) (lr = 3.337e-04) (elapsed time: 5911.660) (secs/iter:  0.627) (n_accepted: 79%) (u_error:  0.409139 %) (beta_change:  7.562436 %) (delta_change:  2.357533 %) (delta_peak/R: 10.598146 %)
iter:   9300 (Jcost: 3.826235e-01) (lr = 1.650e-03) (elapsed time: 5972.112) (secs/iter:  0.605) (n_accepted: 81%) (u_error:  0.409150 %) (beta_change:  7.571887 %) (delta_change:  2.360152 %) (delta_peak/R: 10.597862 %)
iter:   9400 (Jcost: 3.826143e-01) (lr = 3.399e-03) (elapsed time: 6034.552) (secs/iter:  0.624) (n_accepted: 80%) (u_error:  0.409131 %) (beta_change:  7.578845 %) (delta_change:  2.362125 %) (delta_peak/R: 10.597411 %)
iter:   9500 (Jcost: 3.826018e-01) (lr = 1.216e-03) (elapsed time: 6097.340) (secs/iter:  0.628) (n_accepted: 78%) (u_error:  0.409117 %) (beta_change:  7.588416 %) (delta_change:  2.364816 %) (delta_peak/R: 10.596898 %)
-> Saved file: /media/rafael/DATA/Dropbox/20220924_FIML_solver/data/output/field_inversion/Beta_k/u_imp_1000/FI_run_T31_CP395_u_imp_1000_k_imp_1_e_imp_0/FI_run_T31_CP395_u_imp_1000_k_imp_1_e_imp_0_state_iter_9500.dat
iter:   9600 (Jcost: 3.825907e-01) (lr = 1.044e-03) (elapsed time: 6167.224) (secs/iter:  0.699) (n_accepted: 79%) (u_error:  0.409113 %) (beta_change:  7.596764 %) (delta_change:  2.367144 %) (delta_peak/R: 10.596531 %)
iter:   9700 (Jcost: 3.825786e-01) (lr = 1.555e-04) (elapsed time: 6232.071) (secs/iter:  0.648) (n_accepted: 77%) (u_error:  0.409106 %) (beta_change:  7.605778 %) (delta_change:  2.369663 %) (delta_peak/R: 10.596097 %)
iter:   9800 (Jcost: 3.825678e-01) (lr = 3.204e-04) (elapsed time: 6291.899) (secs/iter:  0.598) (n_accepted: 80%) (u_error:  0.409097 %) (beta_change:  7.613678 %) (delta_change:  2.371873 %) (delta_peak/R: 10.595688 %)
iter:   9900 (Jcost: 3.825580e-01) (lr = 9.124e-03) (elapsed time: 6359.049) (secs/iter:  0.672) (n_accepted: 83%) (u_error:  0.409103 %) (beta_change:  7.620675 %) (delta_change:  2.373803 %) (delta_peak/R: 10.595453 %)
iter:  10000 (Jcost: 3.825474e-01) (lr = 3.264e-03) (elapsed time: 6421.952) (secs/iter:  0.629) (n_accepted: 78%) (u_error:  0.409097 %) (beta_change:  7.628204 %) (delta_change:  2.375901 %) (delta_peak/R: 10.595079 %)
-> Saved file: /media/rafael/DATA/Dropbox/20220924_FIML_solver/data/output/field_inversion/Beta_k/u_imp_1000/FI_run_T31_CP395_u_imp_1000_k_imp_1_e_imp_0/FI_run_T31_CP395_u_imp_1000_k_imp_1_e_imp_0_state_iter_10000.dat
iter:  10100 (Jcost: 3.825366e-01) (lr = 4.864e-04) (elapsed time: 6493.836) (secs/iter:  0.719) (n_accepted: 77%) (u_error:  0.409083 %) (beta_change:  7.635616 %) (delta_change:  2.377979 %) (delta_peak/R: 10.594639 %)
iter:  10200 (Jcost: 3.825266e-01) (lr = 1.385e-02) (elapsed time: 6555.578) (secs/iter:  0.617) (n_accepted: 83%) (u_error:  0.409081 %) (beta_change:  7.642433 %) (delta_change:  2.379868 %) (delta_peak/R: 10.594330 %)
iter:  10300 (Jcost: 3.825175e-01) (lr = 2.064e-03) (elapsed time: 6619.951) (secs/iter:  0.644) (n_accepted: 77%) (u_error:  0.409071 %) (beta_change:  7.648592 %) (delta_change:  2.381587 %) (delta_peak/R: 10.593980 %)
iter:  10400 (Jcost: 3.825074e-01) (lr = 1.772e-03) (elapsed time: 6683.052) (secs/iter:  0.631) (n_accepted: 79%) (u_error:  0.409073 %) (beta_change:  7.655240 %) (delta_change:  2.383419 %) (delta_peak/R: 10.593707 %)
iter:  10500 (Jcost: 3.824984e-01) (lr = 6.337e-04) (elapsed time: 6748.279) (secs/iter:  0.652) (n_accepted: 78%) (u_error:  0.409067 %) (beta_change:  7.661050 %) (delta_change:  2.385032 %) (delta_peak/R: 10.593399 %)
-> Saved file: /media/rafael/DATA/Dropbox/20220924_FIML_solver/data/output/field_inversion/Beta_k/u_imp_1000/FI_run_T31_CP395_u_imp_1000_k_imp_1_e_imp_0/FI_run_T31_CP395_u_imp_1000_k_imp_1_e_imp_0_state_iter_10500.dat
iter:  10600 (Jcost: 3.824867e-01) (lr = 2.267e-04) (elapsed time: 6816.498) (secs/iter:  0.682) (n_accepted: 78%) (u_error:  0.409060 %) (beta_change:  7.668500 %) (delta_change:  2.387097 %) (delta_peak/R: 10.593009 %)
iter:  10700 (Jcost: 3.824776e-01) (lr = 2.690e-03) (elapsed time: 6882.107) (secs/iter:  0.656) (n_accepted: 82%) (u_error:  0.409071 %) (beta_change:  7.674244 %) (delta_change:  2.388658 %) (delta_peak/R: 10.592852 %)
iter:  10800 (Jcost: 3.824682e-01) (lr = 5.541e-03) (elapsed time: 6941.918) (secs/iter:  0.598) (n_accepted: 80%) (u_error:  0.409050 %) (beta_change:  7.679910 %) (delta_change:  2.390252 %) (delta_peak/R: 10.592412 %)
iter:  10900 (Jcost: 3.824596e-01) (lr = 8.258e-04) (elapsed time: 7009.031) (secs/iter:  0.671) (n_accepted: 77%) (u_error:  0.409046 %) (beta_change:  7.685077 %) (delta_change:  2.391679 %) (delta_peak/R: 10.592139 %)
iter:  11000 (Jcost: 3.824505e-01) (lr = 7.089e-04) (elapsed time: 7073.178) (secs/iter:  0.641) (n_accepted: 79%) (u_error:  0.409045 %) (beta_change:  7.690452 %) (delta_change:  2.393156 %) (delta_peak/R: 10.591878 %)
-> Saved file: /media/rafael/DATA/Dropbox/20220924_FIML_solver/data/output/field_inversion/Beta_k/u_imp_1000/FI_run_T31_CP395_u_imp_1000_k_imp_1_e_imp_0/FI_run_T31_CP395_u_imp_1000_k_imp_1_e_imp_0_state_iter_11000.dat
iter:  11100 (Jcost: 3.824404e-01) (lr = 2.535e-04) (elapsed time: 7115.130) (secs/iter:  0.420) (n_accepted: 78%) (u_error:  0.409042 %) (beta_change:  7.696264 %) (delta_change:  2.394754 %) (delta_peak/R: 10.591586 %)
iter:  11200 (Jcost: 3.824312e-01) (lr = 3.009e-03) (elapsed time: 7155.977) (secs/iter:  0.408) (n_accepted: 82%) (u_error:  0.409023 %) (beta_change:  7.701588 %) (delta_change:  2.396245 %) (delta_peak/R: 10.591162 %)
iter:  11300 (Jcost: 3.824224e-01) (lr = 6.198e-03) (elapsed time: 7220.138) (secs/iter:  0.642) (n_accepted: 80%) (u_error:  0.409023 %) (beta_change:  7.706396 %) (delta_change:  2.397560 %) (delta_peak/R: 10.590933 %)
iter:  11400 (Jcost: 3.824156e-01) (lr = 5.321e-03) (elapsed time: 7283.903) (secs/iter:  0.638) (n_accepted: 79%) (u_error:  0.409025 %) (beta_change:  7.710092 %) (delta_change:  2.398566 %) (delta_peak/R: 10.590773 %)
iter:  11500 (Jcost: 3.824067e-01) (lr = 1.903e-03) (elapsed time: 7342.396) (secs/iter:  0.585) (n_accepted: 78%) (u_error:  0.409028 %) (beta_change:  7.714849 %) (delta_change:  2.399859 %) (delta_peak/R: 10.590571 %)
-> Saved file: /media/rafael/DATA/Dropbox/20220924_FIML_solver/data/output/field_inversion/Beta_k/u_imp_1000/FI_run_T31_CP395_u_imp_1000_k_imp_1_e_imp_0/FI_run_T31_CP395_u_imp_1000_k_imp_1_e_imp_0_state_iter_11500.dat
iter:  11600 (Jcost: 3.823978e-01) (lr = 6.806e-04) (elapsed time: 7412.576) (secs/iter:  0.702) (n_accepted: 78%) (u_error:  0.409032 %) (beta_change:  7.719570 %) (delta_change:  2.401140 %) (delta_peak/R: 10.590368 %)
iter:  11700 (Jcost: 3.823892e-01) (lr = 8.077e-03) (elapsed time: 7470.985) (secs/iter:  0.584) (n_accepted: 82%) (u_error:  0.409021 %) (beta_change:  7.723980 %) (delta_change:  2.402361 %) (delta_peak/R: 10.590050 %)
iter:  11800 (Jcost: 3.823820e-01) (lr = 1.204e-03) (elapsed time: 7537.029) (secs/iter:  0.660) (n_accepted: 77%) (u_error:  0.409014 %) (beta_change:  7.727582 %) (delta_change:  2.403354 %) (delta_peak/R: 10.589800 %)
iter:  11900 (Jcost: 3.823738e-01) (lr = 4.305e-04) (elapsed time: 7602.462) (secs/iter:  0.654) (n_accepted: 78%) (u_error:  0.409010 %) (beta_change:  7.731636 %) (delta_change:  2.404463 %) (delta_peak/R: 10.589556 %)
iter:  12000 (Jcost: 3.823638e-01) (lr = 1.540e-04) (elapsed time: 7666.642) (secs/iter:  0.642) (n_accepted: 78%) (u_error:  0.409006 %) (beta_change:  7.736463 %) (delta_change:  2.405779 %) (delta_peak/R: 10.589273 %)
-> Saved file: /media/rafael/DATA/Dropbox/20220924_FIML_solver/data/output/field_inversion/Beta_k/u_imp_1000/FI_run_T31_CP395_u_imp_1000_k_imp_1_e_imp_0/FI_run_T31_CP395_u_imp_1000_k_imp_1_e_imp_0_state_iter_12000.dat
iter:  12100 (Jcost: 3.823569e-01) (lr = 7.613e-04) (elapsed time: 7738.706) (secs/iter:  0.721) (n_accepted: 81%) (u_error:  0.408983 %) (beta_change:  7.739908 %) (delta_change:  2.406755 %) (delta_peak/R: 10.588879 %)
iter:  12200 (Jcost: 3.823489e-01) (lr = 9.034e-03) (elapsed time: 7799.137) (secs/iter:  0.604) (n_accepted: 82%) (u_error:  0.409004 %) (beta_change:  7.743456 %) (delta_change:  2.407679 %) (delta_peak/R: 10.588879 %)
iter:  12300 (Jcost: 3.823421e-01) (lr = 7.755e-03) (elapsed time: 7862.928) (secs/iter:  0.638) (n_accepted: 79%) (u_error:  0.408999 %) (beta_change:  7.746540 %) (delta_change:  2.408522 %) (delta_peak/R: 10.588667 %)
iter:  12400 (Jcost: 3.823355e-01) (lr = 4.815e-04) (elapsed time: 7927.738) (secs/iter:  0.648) (n_accepted: 76%) (u_error:  0.408994 %) (beta_change:  7.749462 %) (delta_change:  2.409320 %) (delta_peak/R: 10.588463 %)
iter:  12500 (Jcost: 3.823277e-01) (lr = 1.722e-04) (elapsed time: 7982.628) (secs/iter:  0.549) (n_accepted: 78%) (u_error:  0.408994 %) (beta_change:  7.752890 %) (delta_change:  2.410245 %) (delta_peak/R: 10.588276 %)
-> Saved file: /media/rafael/DATA/Dropbox/20220924_FIML_solver/data/output/field_inversion/Beta_k/u_imp_1000/FI_run_T31_CP395_u_imp_1000_k_imp_1_e_imp_0/FI_run_T31_CP395_u_imp_1000_k_imp_1_e_imp_0_state_iter_12500.dat
iter:  12600 (Jcost: 3.823222e-01) (lr = 4.905e-03) (elapsed time: 8032.448) (secs/iter:  0.498) (n_accepted: 83%) (u_error:  0.408995 %) (beta_change:  7.755240 %) (delta_change:  2.410877 %) (delta_peak/R: 10.588146 %)
iter:  12700 (Jcost: 3.823161e-01) (lr = 1.754e-03) (elapsed time: 8091.505) (secs/iter:  0.591) (n_accepted: 78%) (u_error:  0.408991 %) (beta_change:  7.757815 %) (delta_change:  2.411578 %) (delta_peak/R: 10.587963 %)
iter:  12800 (Jcost: 3.823096e-01) (lr = 2.614e-04) (elapsed time: 8159.348) (secs/iter:  0.678) (n_accepted: 77%) (u_error:  0.408984 %) (beta_change:  7.760483 %) (delta_change:  2.412309 %) (delta_peak/R: 10.587744 %)
iter:  12900 (Jcost: 3.823030e-01) (lr = 2.244e-04) (elapsed time: 8225.565) (secs/iter:  0.662) (n_accepted: 79%) (u_error:  0.408983 %) (beta_change:  7.763189 %) (delta_change:  2.413037 %) (delta_peak/R: 10.587581 %)
iter:  13000 (Jcost: 3.822967e-01) (lr = 4.624e-04) (elapsed time: 8289.862) (secs/iter:  0.643) (n_accepted: 80%) (u_error:  0.408967 %) (beta_change:  7.765758 %) (delta_change:  2.413758 %) (delta_peak/R: 10.587275 %)
-> Saved file: /media/rafael/DATA/Dropbox/20220924_FIML_solver/data/output/field_inversion/Beta_k/u_imp_1000/FI_run_T31_CP395_u_imp_1000_k_imp_1_e_imp_0/FI_run_T31_CP395_u_imp_1000_k_imp_1_e_imp_0_state_iter_13000.dat
iter:  13100 (Jcost: 3.822891e-01) (lr = 1.317e-02) (elapsed time: 8340.702) (secs/iter:  0.508) (n_accepted: 83%) (u_error:  0.408971 %) (beta_change:  7.768658 %) (delta_change:  2.414527 %) (delta_peak/R: 10.587142 %)
iter:  13200 (Jcost: 3.822826e-01) (lr = 1.130e-02) (elapsed time: 8381.539) (secs/iter:  0.408) (n_accepted: 79%) (u_error:  0.408978 %) (beta_change:  7.771079 %) (delta_change:  2.415164 %) (delta_peak/R: 10.587052 %)
iter:  13300 (Jcost: 3.822772e-01) (lr = 1.684e-03) (elapsed time: 8444.527) (secs/iter:  0.630) (n_accepted: 77%) (u_error:  0.408977 %) (beta_change:  7.773101 %) (delta_change:  2.415707 %) (delta_peak/R: 10.586916 %)
iter:  13400 (Jcost: 3.822712e-01) (lr = 1.046e-04) (elapsed time: 8511.108) (secs/iter:  0.666) (n_accepted: 76%) (u_error:  0.408975 %) (beta_change:  7.775306 %) (delta_change:  2.416299 %) (delta_peak/R: 10.586759 %)
iter:  13500 (Jcost: 3.822647e-01) (lr = 1.716e-02) (elapsed time: 8568.188) (secs/iter:  0.571) (n_accepted: 85%) (u_error:  0.408970 %) (beta_change:  7.777606 %) (delta_change:  2.416923 %) (delta_peak/R: 10.586564 %)
-> Saved file: /media/rafael/DATA/Dropbox/20220924_FIML_solver/data/output/field_inversion/Beta_k/u_imp_1000/FI_run_T31_CP395_u_imp_1000_k_imp_1_e_imp_0/FI_run_T31_CP395_u_imp_1000_k_imp_1_e_imp_0_state_iter_13500.dat
iter:  13600 (Jcost: 3.822584e-01) (lr = 6.137e-03) (elapsed time: 8637.373) (secs/iter:  0.692) (n_accepted: 78%) (u_error:  0.408966 %) (beta_change:  7.782784 %) (delta_change:  2.417526 %) (delta_peak/R: 10.586387 %)
iter:  13700 (Jcost: 3.822522e-01) (lr = 5.268e-03) (elapsed time: 8689.882) (secs/iter:  0.525) (n_accepted: 79%) (u_error:  0.408970 %) (beta_change:  7.792974 %) (delta_change:  2.418079 %) (delta_peak/R: 10.586275 %)
iter:  13800 (Jcost: 3.822461e-01) (lr = 1.884e-03) (elapsed time: 8726.079) (secs/iter:  0.362) (n_accepted: 78%) (u_error:  0.408960 %) (beta_change:  7.803230 %) (delta_change:  2.418646 %) (delta_peak/R: 10.586046 %)
iter:  13900 (Jcost: 3.822402e-01) (lr = 6.739e-04) (elapsed time: 8762.925) (secs/iter:  0.368) (n_accepted: 78%) (u_error:  0.408962 %) (beta_change:  7.812882 %) (delta_change:  2.419152 %) (delta_peak/R: 10.585930 %)
iter:  14000 (Jcost: 3.822349e-01) (lr = 2.410e-04) (elapsed time: 8799.649) (secs/iter:  0.367) (n_accepted: 78%) (u_error:  0.408959 %) (beta_change:  7.821650 %) (delta_change:  2.419610 %) (delta_peak/R: 10.585782 %)
-> Saved file: /media/rafael/DATA/Dropbox/20220924_FIML_solver/data/output/field_inversion/Beta_k/u_imp_1000/FI_run_T31_CP395_u_imp_1000_k_imp_1_e_imp_0/FI_run_T31_CP395_u_imp_1000_k_imp_1_e_imp_0_state_iter_14000.dat
iter:  14100 (Jcost: 3.822306e-01) (lr = 1.192e-03) (elapsed time: 8837.645) (secs/iter:  0.380) (n_accepted: 81%) (u_error:  0.408956 %) (beta_change:  7.828589 %) (delta_change:  2.419968 %) (delta_peak/R: 10.585666 %)
iter:  14200 (Jcost: 3.822248e-01) (lr = 1.023e-03) (elapsed time: 8874.344) (secs/iter:  0.367) (n_accepted: 79%) (u_error:  0.408952 %) (beta_change:  7.838124 %) (delta_change:  2.420452 %) (delta_peak/R: 10.585496 %)
iter:  14300 (Jcost: 3.822187e-01) (lr = 3.659e-04) (elapsed time: 8912.787) (secs/iter:  0.384) (n_accepted: 78%) (u_error:  0.408949 %) (beta_change:  7.848119 %) (delta_change:  2.420947 %) (delta_peak/R: 10.585334 %)
iter:  14400 (Jcost: 3.822130e-01) (lr = 7.538e-04) (elapsed time: 8962.739) (secs/iter:  0.500) (n_accepted: 80%) (u_error:  0.408962 %) (beta_change:  7.857401 %) (delta_change:  2.421373 %) (delta_peak/R: 10.585320 %)
iter:  14500 (Jcost: 3.822076e-01) (lr = 1.553e-03) (elapsed time: 9001.148) (secs/iter:  0.384) (n_accepted: 80%) (u_error:  0.408957 %) (beta_change:  7.866024 %) (delta_change:  2.421787 %) (delta_peak/R: 10.585161 %)
-> Saved file: /media/rafael/DATA/Dropbox/20220924_FIML_solver/data/output/field_inversion/Beta_k/u_imp_1000/FI_run_T31_CP395_u_imp_1000_k_imp_1_e_imp_0/FI_run_T31_CP395_u_imp_1000_k_imp_1_e_imp_0_state_iter_14500.dat
iter:  14600 (Jcost: 3.822031e-01) (lr = 7.678e-03) (elapsed time: 9060.545) (secs/iter:  0.594) (n_accepted: 81%) (u_error:  0.408948 %) (beta_change:  7.873281 %) (delta_change:  2.422138 %) (delta_peak/R: 10.584980 %)
iter:  14700 (Jcost: 3.821976e-01) (lr = 1.144e-03) (elapsed time: 9116.570) (secs/iter:  0.560) (n_accepted: 77%) (u_error:  0.408943 %) (beta_change:  7.881978 %) (delta_change:  2.422542 %) (delta_peak/R: 10.584814 %)
iter:  14800 (Jcost: 3.821920e-01) (lr = 4.093e-04) (elapsed time: 9177.734) (secs/iter:  0.612) (n_accepted: 78%) (u_error:  0.408943 %) (beta_change:  7.890868 %) (delta_change:  2.422939 %) (delta_peak/R: 10.584691 %)
iter:  14900 (Jcost: 3.821876e-01) (lr = 4.857e-03) (elapsed time: 9217.932) (secs/iter:  0.402) (n_accepted: 82%) (u_error:  0.408939 %) (beta_change:  7.897955 %) (delta_change:  2.423255 %) (delta_peak/R: 10.584559 %)
iter:  15000 (Jcost: 3.821832e-01) (lr = 1.737e-03) (elapsed time: 9279.242) (secs/iter:  0.613) (n_accepted: 78%) (u_error:  0.408940 %) (beta_change:  7.904780 %) (delta_change:  2.423547 %) (delta_peak/R: 10.584477 %)
-> Saved file: /media/rafael/DATA/Dropbox/20220924_FIML_solver/data/output/field_inversion/Beta_k/u_imp_1000/FI_run_T31_CP395_u_imp_1000_k_imp_1_e_imp_0/FI_run_T31_CP395_u_imp_1000_k_imp_1_e_imp_0_state_iter_15000.dat
iter:  15000 (Jcost: 3.821832e-01) (lr = 2.084e-03) (elapsed time: 9284.667) (secs/iter:   None) (n_accepted: 0%) (u_error:  0.408939 %) (beta_change:  7.904853 %) (delta_change:  2.423551 %) (delta_peak/R: 10.584467 %)
