# ------------------------------------------------------------------------
#                  Input Arguments
# ------------------------------------------------------------------------
# Begin_Input_Arguments
{ 'all_b_mode': ['Beta_k'],
  'args_mk_solver': { 'torch': "<module 'torch' from "
                               "'/home/rafael/anaconda3/lib/python3.9/site-packages/torch/__init__.py'>",
                      'y_grid': [0.0, 0.000309700312, 0.000638645973, 0.00098802599, 0.00135910194, 0.00175321227, 0.00217177688, 0.00261630193, 0.00308838486, 0.00358971984, 0.00412210331, 0.00468744001, 0.00528774917, 0.00592517114, 0.00660197432, 0.0073205624, 0.00808348206, 0.00889343092, 0.00975326602, 0.0106660126, 0.0116348733, 0.0126632377, 0.0137546927, 0.0149130326, 0.0161422702, 0.0174466482, 0.0188306506, 0.0202990157, 0.0218567475, 0.02350913, 0.0252617393, 0.0271204584, 0.0290914903, 0.0311813732, 0.033396994, 0.0357456039, 0.0382348325, 0.0408727029, 0.0436676462, 0.0466285159, 0.0497646022, 0.0530856456, 0.0566018496, 0.0603238931, 0.0642629411, 0.068430655, 0.0728392004, 0.0775012535, 0.0824300053, 0.0876391634, 0.0931429507, 0.0989561006, 0.105093849, 0.111571922, 0.118406518, 0.125614286, 0.133212296, 0.141218006, 0.14964922, 0.158524039, 0.167860801, 0.177678022, 0.187994313, 0.1988283, 0.21019853, 0.222123362, 0.234620856, 0.247708641, 0.261403784, 0.275722637, 0.290680679, 0.306292354, 0.322570888, 0.339528108, 0.357174255, 0.375517785, 0.394565175, 0.414320726, 0.43478637, 0.45596148, 0.47784269, 0.500423731, 0.523695275, 0.547644806, 0.572256506, 0.597511177, 0.623386184, 0.649855436, 0.676889401, 0.704455158, 0.73251649, 0.761034018, 0.789965372, 0.819265404, 0.848886442, 0.878778572, 0.908889961, 0.939167201, 0.969555687, 1.0],
                      'Ret': 186.000942,
                      'cp': 1.0,
                      'A_sca_rho': 1.0,
                      'A_sca_mu': 0.005376316857578065,
                      'A_sca_k': 0.005376316857578065,
                      'b_exp_rho': 0.0,
                      'b_exp_mu': 0.0,
                      'b_exp_k': 0.0,
                      'tensor_device': 'cpu',
                      'as_tensor': '<function '
                                   'Build_arguments_fi_run._mk_args_MK_solver.<locals>.<lambda> '
                                   'at 0x7f0fd1fdbca0>',
                      'ref_dns': { 'u_dns': [0.0, 0.0575939886, 0.118744757, 0.183641201, 0.252567608, 0.325772594, 0.403508168, 0.485883298, 0.573365193, 0.666267797, 0.764924011, 0.869686801, 0.980525995, 1.09809124, 1.2229199, 1.3554553, 1.49616717, 1.64496055, 1.80196912, 1.96863948, 2.14555646, 2.33333901, 2.53116846, 2.7381198, 2.95773788, 3.19078068, 3.43804936, 3.6924413, 3.95895119, 4.24165469, 4.54150586, 4.84771981, 5.1604823, 5.492104, 5.84367774, 6.18873404, 6.54101664, 6.91433543, 7.29912866, 7.65809896, 8.0383122, 8.44094928, 8.79517435, 9.16835643, 9.56226277, 9.89886039, 10.2549083, 10.6106237, 10.9261949, 11.2597195, 11.559796, 11.8529162, 12.1434155, 12.4009629, 12.6717479, 12.899244, 13.1390572, 13.3482087, 13.5618992, 13.7518461, 13.9446612, 14.1161648, 14.2914379, 14.4481731, 14.606311, 14.7549823, 14.8997973, 15.0430376, 15.1779805, 15.3133319, 15.4459637, 15.5750633, 15.70432, 15.8324247, 15.9579372, 16.0836919, 16.2094084, 16.3335969, 16.4568952, 16.5799419, 16.7024993, 16.8242591, 16.94379, 17.0620734, 17.1786605, 17.2931545, 17.4051661, 17.5141969, 17.6189767, 17.7191889, 17.8143381, 17.903482, 17.9856476, 18.0597648, 18.124784, 18.1797827, 18.2238583, 18.2563427, 18.2765821, 18.2834784],
                                   'T_dns': [1.0, 1.0, 1.0, 1.0, 1.0, 1.0, 1.0, 1.0, 1.0, 1.0, 1.0, 1.0, 1.0, 1.0, 1.0, 1.0, 1.0, 1.0, 1.0, 1.0, 1.0, 1.0, 1.0, 1.0, 1.0, 1.0, 1.0, 1.0, 1.0, 1.0, 1.0, 1.0, 1.0, 1.0, 1.0, 1.0, 1.0, 1.0, 1.0, 1.0, 1.0, 1.0, 1.0, 1.0, 1.0, 1.0, 1.0, 1.0, 1.0, 1.0, 1.0, 1.0, 1.0, 1.0, 1.0, 1.0, 1.0, 1.0, 1.0, 1.0, 1.0, 1.0, 1.0, 1.0, 1.0, 1.0, 1.0, 1.0, 1.0, 1.0, 1.0, 1.0, 1.0, 1.0, 1.0, 1.0, 1.0, 1.0, 1.0, 1.0, 1.0, 1.0, 1.0, 1.0, 1.0, 1.0, 1.0, 1.0, 1.0, 1.0, 1.0, 1.0, 1.0, 1.0, 1.0, 1.0, 1.0, 1.0, 1.0, 1.0],
                                   'mu_dns': [0.005376316857578065, 0.005376316857578065, 0.005376316857578065, 0.005376316857578065, 0.005376316857578065, 0.005376316857578065, 0.005376316857578065, 0.005376316857578065, 0.005376316857578065, 0.005376316857578065, 0.005376316857578065, 0.005376316857578065, 0.005376316857578065, 0.005376316857578065, 0.005376316857578065, 0.005376316857578065, 0.005376316857578065, 0.005376316857578065, 0.005376316857578065, 0.005376316857578065, 0.005376316857578065, 0.005376316857578065, 0.005376316857578065, 0.005376316857578065, 0.005376316857578065, 0.005376316857578065, 0.005376316857578065, 0.005376316857578065, 0.005376316857578065, 0.005376316857578065, 0.005376316857578065, 0.005376316857578065, 0.005376316857578065, 0.005376316857578065, 0.005376316857578065, 0.005376316857578065, 0.005376316857578065, 0.005376316857578065, 0.005376316857578065, 0.005376316857578065, 0.005376316857578065, 0.005376316857578065, 0.005376316857578065, 0.005376316857578065, 0.005376316857578065, 0.005376316857578065, 0.005376316857578065, 0.005376316857578065, 0.005376316857578065, 0.005376316857578065, 0.005376316857578065, 0.005376316857578065, 0.005376316857578065, 0.005376316857578065, 0.005376316857578065, 0.005376316857578065, 0.005376316857578065, 0.005376316857578065, 0.005376316857578065, 0.005376316857578065, 0.005376316857578065, 0.005376316857578065, 0.005376316857578065, 0.005376316857578065, 0.005376316857578065, 0.005376316857578065, 0.005376316857578065, 0.005376316857578065, 0.005376316857578065, 0.005376316857578065, 0.005376316857578065, 0.005376316857578065, 0.005376316857578065, 0.005376316857578065, 0.005376316857578065, 0.005376316857578065, 0.005376316857578065, 0.005376316857578065, 0.005376316857578065, 0.005376316857578065, 0.005376316857578065, 0.005376316857578065, 0.005376316857578065, 0.005376316857578065, 0.005376316857578065, 0.005376316857578065, 0.005376316857578065, 0.005376316857578065, 0.005376316857578065, 0.005376316857578065, 0.005376316857578065, 0.005376316857578065, 0.005376316857578065, 0.005376316857578065, 0.005376316857578065, 0.005376316857578065, 0.005376316857578065, 0.005376316857578065, 0.005376316857578065, 0.005376316857578065],
                                   'rho_dns': [1.0, 1.0, 1.0, 1.0, 1.0, 1.0, 1.0, 1.0, 1.0, 1.0, 1.0, 1.0, 1.0, 1.0, 1.0, 1.0, 1.0, 1.0, 1.0, 1.0, 1.0, 1.0, 1.0, 1.0, 1.0, 1.0, 1.0, 1.0, 1.0, 1.0, 1.0, 1.0, 1.0, 1.0, 1.0, 1.0, 1.0, 1.0, 1.0, 1.0, 1.0, 1.0, 1.0, 1.0, 1.0, 1.0, 1.0, 1.0, 1.0, 1.0, 1.0, 1.0, 1.0, 1.0, 1.0, 1.0, 1.0, 1.0, 1.0, 1.0, 1.0, 1.0, 1.0, 1.0, 1.0, 1.0, 1.0, 1.0, 1.0, 1.0, 1.0, 1.0, 1.0, 1.0, 1.0, 1.0, 1.0, 1.0, 1.0, 1.0, 1.0, 1.0, 1.0, 1.0, 1.0, 1.0, 1.0, 1.0, 1.0, 1.0, 1.0, 1.0, 1.0, 1.0, 1.0, 1.0, 1.0, 1.0, 1.0, 1.0]},
                      'case': 'Jimenez_Re180',
                      'constant_Sq_heat': 0.0,
                      'use_visc_heating': False,
                      'Pr_turb': 1.0,
                      'fprint': '<function '
                                'Build_arguments_fi_run._mk_args_MK_solver.<locals>.<lambda> '
                                'at 0x7f0fd1fdbb80>',
                      'compressible_correction': False,
                      'bool_solve_energy': False,
                      'output_last': False},
  'u_imp': 100,
  'k_imp': 1,
  'e_imp': 0,
  'solve_sparse_adj': True,
  'all_ref_beta_distrib': {'K': [1.0, 1.0000851, 1.00015897, 1.00021724, 1.00025666, 1.00027339, 1.00026281, 1.00021935, 1.00013657, 1.0000071, 0.99982268, 0.99957429, 0.99925224, 0.99884645, 0.99834675, 0.99774335, 0.99702743, 0.99619186, 0.99523197, 0.99414645, 0.99293819, 0.99161522, 0.99019153, 0.98868797, 0.98713292, 0.985563, 0.9840245, 0.98257526, 0.98128575, 0.98023907, 0.97953184, 0.97927638, 0.9795988, 0.98062906, 0.9824913, 0.98530151, 0.98915407, 0.99409987, 1.00014702, 1.00727592, 1.01541429, 1.02441831, 1.03412476, 1.04432946, 1.05474694, 1.06509074, 1.07505206, 1.08425281, 1.09232552, 1.09888943, 1.10355172, 1.1059467, 1.10569983, 1.10247966, 1.09598152, 1.0859416, 1.07213599, 1.05434894, 1.03243237, 1.00634414, 0.97625678, 0.94264163, 0.90634307, 0.86857357, 0.83086179, 0.79490194, 0.76243067, 0.73505424, 0.71414509, 0.70073771, 0.69546261, 0.69855695, 0.70986589, 0.72887925, 0.75479857, 0.78658161, 0.82299576, 0.86269418, 0.90427143, 0.94630563, 0.98741143, 1.02629719, 1.06181688, 1.09300124, 1.11908487, 1.13954214, 1.15411456, 1.16282838, 1.16599998, 1.16421547, 1.15828812, 1.14920662, 1.1380686, 1.12599915, 1.11406416, 1.10319201, 1.09411944, 1.08737318, 1.08328788, 1.04089799], 'E': [1.0, 1.0, 1.0, 1.0, 1.0, 1.0, 1.0, 1.0, 1.0, 1.0, 1.0, 1.0, 1.0, 1.0, 1.0, 1.0, 1.0, 1.0, 1.0, 1.0, 1.0, 1.0, 1.0, 1.0, 1.0, 1.0, 1.0, 1.0, 1.0, 1.0, 1.0, 1.0, 1.0, 1.0, 1.0, 1.0, 1.0, 1.0, 1.0, 1.0, 1.0, 1.0, 1.0, 1.0, 1.0, 1.0, 1.0, 1.0, 1.0, 1.0, 1.0, 1.0, 1.0, 1.0, 1.0, 1.0, 1.0, 1.0, 1.0, 1.0, 1.0, 1.0, 1.0, 1.0, 1.0, 1.0, 1.0, 1.0, 1.0, 1.0, 1.0, 1.0, 1.0, 1.0, 1.0, 1.0, 1.0, 1.0, 1.0, 1.0, 1.0, 1.0, 1.0, 1.0, 1.0, 1.0, 1.0, 1.0, 1.0, 1.0, 1.0, 1.0, 1.0, 1.0, 1.0, 1.0, 1.0, 1.0, 1.0, 1.0]},
  'all_ref_delta_distrib': {'K': [-0.0, -0.0008415644302734968, -0.0015853485491632057, -0.002186355256463675, -0.0026090031091588, -0.002809578436447011, -0.0027333287035034457, -0.0023113831230641593, -0.0014598612579593269, -7.709393205820311e-05, 0.0019586446800496015, 0.004790996861516965, 0.008588432849047842, 0.013545662006727886, 0.019885306507485608, 0.027857910273638143, 0.03774040607412919, 0.04983227889452347, 0.06444956521465296, 0.08191451723772479, 0.10254198013791402, 0.1266185649600425, 0.15437552580822894, 0.18594997149148548, 0.22133648086335614, 0.2603226026082506, 0.3023930072313956, 0.346602223190982, 0.3914402180452584, 0.43470843227509337, 0.4733802736038134, 0.5034423818136889, 0.5198490504332283, 0.516727016155183, 0.48768066388773723, 0.4260588745405958, 0.3257776720861375, 0.1826847902554003, -0.004664063012212328, -0.23490700728819133, -0.5028406232457937, -0.7989183205444633, -1.1115036869474872, -1.4270358225195388, -1.7297539968371594, -2.0053291648445493, -2.2409800269335727, -2.4246920217863925, -2.5480193395213573, -2.605379823903975, -2.5939429646142074, -2.5142755974822024, -2.3689118156137132, -2.1630310510356634, -1.9033907395365368, -1.598001566111735, -1.2555138976669238, -0.8842069821174772, -0.4926729339811546, -0.08991049640326519, 0.3137482629386772, 0.7064526330293933, 1.074958744690391, 1.405682909477175, 1.6859197172355296, 1.9055473418031992, 2.0578005560449504, 2.1400330604762723, 2.153504990003439, 2.1030642975381397, 1.9965085256804438, 1.8435346429267478, 1.654978989312623, 1.4420315169479077, 1.215499474271867, 0.9853909319978328, 0.7605840792247825, 0.5485182407024058, 0.35508871679438786, 0.18465779872908988, 0.04006804049101357, -0.07730987606873271, -0.1674686622509074, -0.23157093741133117, -0.2717427169669273, -0.29088530435836557, -0.29246002266977283, -0.2802563893304892, -0.2581535840571549, -0.22987218789175382, -0.19874993975759953, -0.16757690622894353, -0.13848945242240399, -0.11292980878678545, -0.09168034497795047, -0.07496906749940692, -0.06262961942446324, -0.05428668148057316, -0.04953292634966005, -0.023961080853677066], 'E': [-0.0, -0.0, -0.0, -0.0, -0.0, -0.0, -0.0, -0.0, -0.0, -0.0, -0.0, -0.0, -0.0, -0.0, -0.0, -0.0, -0.0, -0.0, -0.0, -0.0, -0.0, -0.0, -0.0, -0.0, -0.0, -0.0, -0.0, -0.0, -0.0, -0.0, -0.0, -0.0, -0.0, -0.0, -0.0, -0.0, -0.0, -0.0, -0.0, -0.0, -0.0, -0.0, -0.0, -0.0, -0.0, -0.0, -0.0, -0.0, -0.0, -0.0, -0.0, -0.0, -0.0, -0.0, -0.0, -0.0, -0.0, -0.0, -0.0, -0.0, -0.0, -0.0, -0.0, -0.0, -0.0, -0.0, -0.0, -0.0, -0.0, -0.0, -0.0, -0.0, -0.0, -0.0, -0.0, -0.0, -0.0, -0.0, -0.0, -0.0, -0.0, -0.0, -0.0, -0.0, -0.0, -0.0, -0.0, -0.0, -0.0, -0.0, -0.0, -0.0, -0.0, -0.0, -0.0, -0.0, -0.0, -0.0, -0.0, -0.0]},
  'fname_print': '/media/rafael/DATA/Dropbox/20220924_FIML_solver/data/output/field_inversion/Beta_k/u_imp_100/FI_run_Jimenez_Re180_u_imp_100_k_imp_1_e_imp_0/FI_run_Jimenez_Re180_u_imp_100_k_imp_1_e_imp_0.log',
  'folder': '/media/rafael/DATA/Dropbox/20220924_FIML_solver/data/output/field_inversion/Beta_k/u_imp_100/FI_run_Jimenez_Re180_u_imp_100_k_imp_1_e_imp_0',
  'iters_limit': 15000}
# End_Input_Arguments

# ------------------------------------------------------------------------
#                  Iterations
# ------------------------------------------------------------------------

iter:      0 (Jcost: 1.467746e+00) (lr = 1.000e-03) (elapsed time:  0.000) (secs/iter:   None) (n_accepted: 0%) (u_error:  2.983254 %) (beta_change: 30.453739 %) (delta_change:  6.266110 %) (delta_peak/R:  0.000000 %)
-> Saved file: /media/rafael/DATA/Dropbox/20220924_FIML_solver/data/output/field_inversion/Beta_k/u_imp_100/FI_run_Jimenez_Re180_u_imp_100_k_imp_1_e_imp_0/FI_run_Jimenez_Re180_u_imp_100_k_imp_1_e_imp_0_state_iter_0.dat
iter:    100 (Jcost: 1.537151e-01) (lr = 2.373e-02) (elapsed time: 131.294) (secs/iter:  1.313) (n_accepted: 83%) (u_error:  0.634711 %) (beta_change: 12.865030 %) (delta_change:  2.214311 %) (delta_peak/R:  6.624900 %)
iter:    200 (Jcost: 1.374760e-01) (lr = 1.173e-01) (elapsed time: 256.420) (secs/iter:  1.251) (n_accepted: 81%) (u_error:  0.632587 %) (beta_change:  9.016221 %) (delta_change:  1.452894 %) (delta_peak/R:  6.463402 %)
iter:    300 (Jcost: 1.310902e-01) (lr = 7.286e-03) (elapsed time: 375.748) (secs/iter:  1.193) (n_accepted: 76%) (u_error:  0.626827 %) (beta_change:  6.327350 %) (delta_change:  0.952534 %) (delta_peak/R:  6.280661 %)
iter:    400 (Jcost: 1.279295e-01) (lr = 6.255e-03) (elapsed time: 491.165) (secs/iter:  1.154) (n_accepted: 79%) (u_error:  0.623926 %) (beta_change:  4.281702 %) (delta_change:  0.599170 %) (delta_peak/R:  6.156508 %)
iter:    500 (Jcost: 1.263539e-01) (lr = 2.237e-03) (elapsed time: 604.770) (secs/iter:  1.136) (n_accepted: 78%) (u_error:  0.623150 %) (beta_change:  2.793788 %) (delta_change:  0.590529 %) (delta_peak/R:  6.084540 %)
-> Saved file: /media/rafael/DATA/Dropbox/20220924_FIML_solver/data/output/field_inversion/Beta_k/u_imp_100/FI_run_Jimenez_Re180_u_imp_100_k_imp_1_e_imp_0/FI_run_Jimenez_Re180_u_imp_100_k_imp_1_e_imp_0_state_iter_500.dat
iter:    600 (Jcost: 1.253706e-01) (lr = 6.371e-02) (elapsed time: 713.857) (secs/iter:  1.091) (n_accepted: 83%) (u_error:  0.621970 %) (beta_change:  1.533436 %) (delta_change:  0.585522 %) (delta_peak/R:  6.029785 %)
iter:    700 (Jcost: 1.247948e-01) (lr = 9.495e-03) (elapsed time: 819.263) (secs/iter:  1.054) (n_accepted: 77%) (u_error:  0.621381 %) (beta_change:  0.849106 %) (delta_change:  0.584193 %) (delta_peak/R:  5.994445 %)
iter:    800 (Jcost: 1.244061e-01) (lr = 1.415e-03) (elapsed time: 927.284) (secs/iter:  1.080) (n_accepted: 77%) (u_error:  0.621182 %) (beta_change:  0.900280 %) (delta_change:  0.584274 %) (delta_peak/R:  5.969285 %)
iter:    900 (Jcost: 1.241307e-01) (lr = 4.030e-02) (elapsed time: 1023.522) (secs/iter:  0.962) (n_accepted: 83%) (u_error:  0.621069 %) (beta_change:  1.366773 %) (delta_change:  0.584681 %) (delta_peak/R:  5.949903 %)
iter:   1000 (Jcost: 1.239652e-01) (lr = 3.459e-02) (elapsed time: 1121.876) (secs/iter:  0.984) (n_accepted: 79%) (u_error:  0.620217 %) (beta_change:  1.814015 %) (delta_change:  0.584561 %) (delta_peak/R:  5.933466 %)
-> Saved file: /media/rafael/DATA/Dropbox/20220924_FIML_solver/data/output/field_inversion/Beta_k/u_imp_100/FI_run_Jimenez_Re180_u_imp_100_k_imp_1_e_imp_0/FI_run_Jimenez_Re180_u_imp_100_k_imp_1_e_imp_0_state_iter_1000.dat
iter:   1100 (Jcost: 1.238458e-01) (lr = 7.126e-02) (elapsed time: 1215.151) (secs/iter:  0.933) (n_accepted: 80%) (u_error:  0.620390 %) (beta_change:  2.320427 %) (delta_change:  0.585398 %) (delta_peak/R:  5.925140 %)
iter:   1200 (Jcost: 1.237539e-01) (lr = 1.062e-02) (elapsed time: 1312.689) (secs/iter:  0.975) (n_accepted: 77%) (u_error:  0.620289 %) (beta_change:  2.801805 %) (delta_change:  0.586011 %) (delta_peak/R:  5.917038 %)
iter:   1300 (Jcost: 1.236947e-01) (lr = 1.583e-03) (elapsed time: 1410.396) (secs/iter:  0.977) (n_accepted: 77%) (u_error:  0.620235 %) (beta_change:  3.169472 %) (delta_change:  0.586532 %) (delta_peak/R:  5.911686 %)
iter:   1400 (Jcost: 1.236487e-01) (lr = 1.082e-01) (elapsed time: 1502.145) (secs/iter:  0.917) (n_accepted: 84%) (u_error:  0.620263 %) (beta_change:  3.499354 %) (delta_change:  0.605209 %) (delta_peak/R:  5.907743 %)
iter:   1500 (Jcost: 1.236154e-01) (lr = 2.799e-03) (elapsed time: 1587.277) (secs/iter:  0.851) (n_accepted: 75%) (u_error:  0.620165 %) (beta_change:  3.767454 %) (delta_change:  0.628629 %) (delta_peak/R:  5.904261 %)
-> Saved file: /media/rafael/DATA/Dropbox/20220924_FIML_solver/data/output/field_inversion/Beta_k/u_imp_100/FI_run_Jimenez_Re180_u_imp_100_k_imp_1_e_imp_0/FI_run_Jimenez_Re180_u_imp_100_k_imp_1_e_imp_0_state_iter_1500.dat
iter:   1600 (Jcost: 1.235840e-01) (lr = 2.403e-03) (elapsed time: 1681.306) (secs/iter:  0.940) (n_accepted: 79%) (u_error:  0.620190 %) (beta_change:  4.052544 %) (delta_change:  0.650633 %) (delta_peak/R:  5.901510 %)
iter:   1700 (Jcost: 1.235603e-01) (lr = 6.842e-02) (elapsed time: 1768.789) (secs/iter:  0.875) (n_accepted: 83%) (u_error:  0.620146 %) (beta_change:  4.287116 %) (delta_change:  0.669054 %) (delta_peak/R:  5.899170 %)
iter:   1800 (Jcost: 1.235422e-01) (lr = 5.874e-02) (elapsed time: 1850.445) (secs/iter:  0.817) (n_accepted: 79%) (u_error:  0.620046 %) (beta_change:  4.480481 %) (delta_change:  0.685178 %) (delta_peak/R:  5.897083 %)
iter:   1900 (Jcost: 1.235273e-01) (lr = 8.753e-03) (elapsed time: 1939.727) (secs/iter:  0.893) (n_accepted: 77%) (u_error:  0.619984 %) (beta_change:  4.649431 %) (delta_change:  0.698047 %) (delta_peak/R:  5.895498 %)
iter:   2000 (Jcost: 1.235126e-01) (lr = 3.131e-03) (elapsed time: 2020.549) (secs/iter:  0.808) (n_accepted: 78%) (u_error:  0.619946 %) (beta_change:  4.844706 %) (delta_change:  0.710163 %) (delta_peak/R:  5.894093 %)
-> Saved file: /media/rafael/DATA/Dropbox/20220924_FIML_solver/data/output/field_inversion/Beta_k/u_imp_100/FI_run_Jimenez_Re180_u_imp_100_k_imp_1_e_imp_0/FI_run_Jimenez_Re180_u_imp_100_k_imp_1_e_imp_0_state_iter_2000.dat
iter:   2100 (Jcost: 1.235007e-01) (lr = 6.450e-03) (elapsed time: 2106.408) (secs/iter:  0.859) (n_accepted: 80%) (u_error:  0.619889 %) (beta_change:  5.012195 %) (delta_change:  0.719273 %) (delta_peak/R:  5.892874 %)
iter:   2200 (Jcost: 1.234914e-01) (lr = 7.654e-02) (elapsed time: 2191.660) (secs/iter:  0.852) (n_accepted: 82%) (u_error:  0.620078 %) (beta_change:  5.153217 %) (delta_change:  0.726188 %) (delta_peak/R:  5.893076 %)
iter:   2300 (Jcost: 1.234826e-01) (lr = 6.570e-02) (elapsed time: 2269.671) (secs/iter:  0.780) (n_accepted: 79%) (u_error:  0.619893 %) (beta_change:  5.279435 %) (delta_change:  0.731543 %) (delta_peak/R:  5.891582 %)
iter:   2400 (Jcost: 1.234749e-01) (lr = 5.640e-02) (elapsed time: 2352.741) (secs/iter:  0.831) (n_accepted: 79%) (u_error:  0.619894 %) (beta_change:  5.396605 %) (delta_change:  0.736048 %) (delta_peak/R:  5.891087 %)
iter:   2500 (Jcost: 1.234675e-01) (lr = 8.404e-03) (elapsed time: 2435.479) (secs/iter:  0.827) (n_accepted: 77%) (u_error:  0.619877 %) (beta_change:  5.511039 %) (delta_change:  0.739962 %) (delta_peak/R:  5.890553 %)
-> Saved file: /media/rafael/DATA/Dropbox/20220924_FIML_solver/data/output/field_inversion/Beta_k/u_imp_100/FI_run_Jimenez_Re180_u_imp_100_k_imp_1_e_imp_0/FI_run_Jimenez_Re180_u_imp_100_k_imp_1_e_imp_0_state_iter_2500.dat
iter:   2600 (Jcost: 1.234609e-01) (lr = 7.214e-03) (elapsed time: 2520.180) (secs/iter:  0.847) (n_accepted: 79%) (u_error:  0.619867 %) (beta_change:  5.613790 %) (delta_change:  0.743077 %) (delta_peak/R:  5.890130 %)
iter:   2700 (Jcost: 1.234544e-01) (lr = 6.193e-03) (elapsed time: 2601.681) (secs/iter:  0.815) (n_accepted: 79%) (u_error:  0.619874 %) (beta_change:  5.716817 %) (delta_change:  0.745861 %) (delta_peak/R:  5.889828 %)
iter:   2800 (Jcost: 1.234478e-01) (lr = 2.215e-03) (elapsed time: 2680.312) (secs/iter:  0.786) (n_accepted: 78%) (u_error:  0.619835 %) (beta_change:  5.818956 %) (delta_change:  0.748275 %) (delta_peak/R:  5.889328 %)
iter:   2900 (Jcost: 1.234425e-01) (lr = 1.514e-01) (elapsed time: 2742.754) (secs/iter:  0.624) (n_accepted: 84%) (u_error:  0.619832 %) (beta_change:  5.900439 %) (delta_change:  0.749994 %) (delta_peak/R:  5.889091 %)
iter:   3000 (Jcost: 1.234373e-01) (lr = 1.300e-01) (elapsed time: 2822.796) (secs/iter:  0.800) (n_accepted: 79%) (u_error:  0.619788 %) (beta_change:  5.978948 %) (delta_change:  0.751465 %) (delta_peak/R:  5.888673 %)
-> Saved file: /media/rafael/DATA/Dropbox/20220924_FIML_solver/data/output/field_inversion/Beta_k/u_imp_100/FI_run_Jimenez_Re180_u_imp_100_k_imp_1_e_imp_0/FI_run_Jimenez_Re180_u_imp_100_k_imp_1_e_imp_0_state_iter_3000.dat
iter:   3100 (Jcost: 1.234332e-01) (lr = 1.937e-02) (elapsed time: 2909.318) (secs/iter:  0.865) (n_accepted: 77%) (u_error:  0.619796 %) (beta_change:  6.041101 %) (delta_change:  0.752547 %) (delta_peak/R:  5.888569 %)
iter:   3200 (Jcost: 1.234278e-01) (lr = 2.886e-03) (elapsed time: 2987.924) (secs/iter:  0.786) (n_accepted: 77%) (u_error:  0.619774 %) (beta_change:  6.119969 %) (delta_change:  0.753782 %) (delta_peak/R:  5.888291 %)
iter:   3300 (Jcost: 1.234236e-01) (lr = 5.946e-03) (elapsed time: 3049.349) (secs/iter:  0.614) (n_accepted: 80%) (u_error:  0.619688 %) (beta_change:  6.183169 %) (delta_change:  0.754648 %) (delta_peak/R:  5.887748 %)
iter:   3400 (Jcost: 1.234190e-01) (lr = 1.693e-01) (elapsed time: 3094.507) (secs/iter:  0.452) (n_accepted: 83%) (u_error:  0.619725 %) (beta_change:  6.246176 %) (delta_change:  0.755506 %) (delta_peak/R:  5.887815 %)
iter:   3500 (Jcost: 1.234153e-01) (lr = 1.454e-01) (elapsed time: 3169.639) (secs/iter:  0.751) (n_accepted: 79%) (u_error:  0.619734 %) (beta_change:  6.297222 %) (delta_change:  0.756147 %) (delta_peak/R:  5.887772 %)
-> Saved file: /media/rafael/DATA/Dropbox/20220924_FIML_solver/data/output/field_inversion/Beta_k/u_imp_100/FI_run_Jimenez_Re180_u_imp_100_k_imp_1_e_imp_0/FI_run_Jimenez_Re180_u_imp_100_k_imp_1_e_imp_0_state_iter_3500.dat
iter:   3600 (Jcost: 1.234119e-01) (lr = 2.166e-02) (elapsed time: 3253.413) (secs/iter:  0.838) (n_accepted: 77%) (u_error:  0.619725 %) (beta_change:  6.343964 %) (delta_change:  0.756697 %) (delta_peak/R:  5.887656 %)
iter:   3700 (Jcost: 1.234080e-01) (lr = 3.228e-03) (elapsed time: 3331.464) (secs/iter:  0.781) (n_accepted: 77%) (u_error:  0.619740 %) (beta_change:  6.395651 %) (delta_change:  0.757293 %) (delta_peak/R:  5.887658 %)
iter:   3800 (Jcost: 1.234045e-01) (lr = 2.771e-03) (elapsed time: 3411.227) (secs/iter:  0.798) (n_accepted: 79%) (u_error:  0.619804 %) (beta_change:  6.442597 %) (delta_change:  0.757839 %) (delta_peak/R:  5.887909 %)
iter:   3900 (Jcost: 1.234010e-01) (lr = 1.370e-02) (elapsed time: 3486.535) (secs/iter:  0.753) (n_accepted: 81%) (u_error:  0.619624 %) (beta_change:  6.487392 %) (delta_change:  0.758230 %) (delta_peak/R:  5.886978 %)
iter:   4000 (Jcost: 1.233978e-01) (lr = 1.626e-01) (elapsed time: 3560.500) (secs/iter:  0.740) (n_accepted: 82%) (u_error:  0.619645 %) (beta_change:  6.526357 %) (delta_change:  0.758652 %) (delta_peak/R:  5.887041 %)
-> Saved file: /media/rafael/DATA/Dropbox/20220924_FIML_solver/data/output/field_inversion/Beta_k/u_imp_100/FI_run_Jimenez_Re180_u_imp_100_k_imp_1_e_imp_0/FI_run_Jimenez_Re180_u_imp_100_k_imp_1_e_imp_0_state_iter_4000.dat
iter:   4100 (Jcost: 1.233951e-01) (lr = 5.815e-02) (elapsed time: 3642.542) (secs/iter:  0.820) (n_accepted: 78%) (u_error:  0.619702 %) (beta_change:  6.558261 %) (delta_change:  0.759015 %) (delta_peak/R:  5.887289 %)
iter:   4200 (Jcost: 1.233918e-01) (lr = 8.667e-03) (elapsed time: 3720.712) (secs/iter:  0.782) (n_accepted: 77%) (u_error:  0.619678 %) (beta_change:  6.597373 %) (delta_change:  0.759414 %) (delta_peak/R:  5.887136 %)
iter:   4300 (Jcost: 1.233889e-01) (lr = 1.292e-03) (elapsed time: 3800.786) (secs/iter:  0.801) (n_accepted: 77%) (u_error:  0.619677 %) (beta_change:  6.630635 %) (delta_change:  0.759766 %) (delta_peak/R:  5.887106 %)
iter:   4400 (Jcost: 1.233868e-01) (lr = 3.678e-02) (elapsed time: 3859.487) (secs/iter:  0.587) (n_accepted: 83%) (u_error:  0.619650 %) (beta_change:  6.654702 %) (delta_change:  0.760010 %) (delta_peak/R:  5.886955 %)
iter:   4500 (Jcost: 1.233842e-01) (lr = 2.284e-03) (elapsed time: 3906.252) (secs/iter:  0.468) (n_accepted: 76%) (u_error:  0.619664 %) (beta_change:  6.682897 %) (delta_change:  0.760323 %) (delta_peak/R:  5.887006 %)
-> Saved file: /media/rafael/DATA/Dropbox/20220924_FIML_solver/data/output/field_inversion/Beta_k/u_imp_100/FI_run_Jimenez_Re180_u_imp_100_k_imp_1_e_imp_0/FI_run_Jimenez_Re180_u_imp_100_k_imp_1_e_imp_0_state_iter_4500.dat
iter:   4600 (Jcost: 1.233818e-01) (lr = 1.561e-01) (elapsed time: 3959.121) (secs/iter:  0.529) (n_accepted: 84%) (u_error:  0.619746 %) (beta_change:  6.711041 %) (delta_change:  0.760676 %) (delta_peak/R:  5.887389 %)
iter:   4700 (Jcost: 1.233801e-01) (lr = 9.694e-03) (elapsed time: 4039.213) (secs/iter:  0.801) (n_accepted: 76%) (u_error:  0.619726 %) (beta_change:  6.728644 %) (delta_change:  0.760865 %) (delta_peak/R:  5.887282 %)
iter:   4800 (Jcost: 1.233774e-01) (lr = 1.150e-01) (elapsed time: 4106.317) (secs/iter:  0.671) (n_accepted: 82%) (u_error:  0.619630 %) (beta_change:  6.755699 %) (delta_change:  0.761129 %) (delta_peak/R:  5.886801 %)
iter:   4900 (Jcost: 1.233753e-01) (lr = 4.114e-02) (elapsed time: 4181.503) (secs/iter:  0.752) (n_accepted: 78%) (u_error:  0.619627 %) (beta_change:  6.776510 %) (delta_change:  0.761374 %) (delta_peak/R:  5.886776 %)
iter:   5000 (Jcost: 1.233725e-01) (lr = 2.555e-03) (elapsed time: 4260.407) (secs/iter:  0.789) (n_accepted: 76%) (u_error:  0.619625 %) (beta_change:  6.804619 %) (delta_change:  0.761716 %) (delta_peak/R:  5.886759 %)
-> Saved file: /media/rafael/DATA/Dropbox/20220924_FIML_solver/data/output/field_inversion/Beta_k/u_imp_100/FI_run_Jimenez_Re180_u_imp_100_k_imp_1_e_imp_0/FI_run_Jimenez_Re180_u_imp_100_k_imp_1_e_imp_0_state_iter_5000.dat
iter:   5100 (Jcost: 1.233704e-01) (lr = 5.263e-03) (elapsed time: 4345.783) (secs/iter:  0.854) (n_accepted: 80%) (u_error:  0.619577 %) (beta_change:  6.825473 %) (delta_change:  0.761954 %) (delta_peak/R:  5.886516 %)
iter:   5200 (Jcost: 1.233678e-01) (lr = 6.246e-02) (elapsed time: 4413.158) (secs/iter:  0.674) (n_accepted: 82%) (u_error:  0.619657 %) (beta_change:  6.850676 %) (delta_change:  0.762322 %) (delta_peak/R:  5.886904 %)
iter:   5300 (Jcost: 1.233658e-01) (lr = 1.287e-01) (elapsed time: 4486.537) (secs/iter:  0.734) (n_accepted: 80%) (u_error:  0.619604 %) (beta_change:  6.869088 %) (delta_change:  0.762543 %) (delta_peak/R:  5.886639 %)
iter:   5400 (Jcost: 1.233643e-01) (lr = 7.990e-03) (elapsed time: 4562.902) (secs/iter:  0.764) (n_accepted: 76%) (u_error:  0.619586 %) (beta_change:  6.882788 %) (delta_change:  0.762724 %) (delta_peak/R:  5.886551 %)
iter:   5500 (Jcost: 1.233617e-01) (lr = 2.858e-03) (elapsed time: 4636.206) (secs/iter:  0.733) (n_accepted: 78%) (u_error:  0.619580 %) (beta_change:  6.905466 %) (delta_change:  0.763044 %) (delta_peak/R:  5.886522 %)
-> Saved file: /media/rafael/DATA/Dropbox/20220924_FIML_solver/data/output/field_inversion/Beta_k/u_imp_100/FI_run_Jimenez_Re180_u_imp_100_k_imp_1_e_imp_0/FI_run_Jimenez_Re180_u_imp_100_k_imp_1_e_imp_0_state_iter_5500.dat
iter:   5600 (Jcost: 1.233599e-01) (lr = 2.453e-03) (elapsed time: 4714.560) (secs/iter:  0.784) (n_accepted: 79%) (u_error:  0.619549 %) (beta_change:  6.921371 %) (delta_change:  0.763264 %) (delta_peak/R:  5.886367 %)
iter:   5700 (Jcost: 1.233585e-01) (lr = 1.213e-02) (elapsed time: 4786.512) (secs/iter:  0.720) (n_accepted: 81%) (u_error:  0.619550 %) (beta_change:  6.933625 %) (delta_change:  0.763451 %) (delta_peak/R:  5.886376 %)
iter:   5800 (Jcost: 1.233569e-01) (lr = 4.338e-03) (elapsed time: 4866.664) (secs/iter:  0.802) (n_accepted: 78%) (u_error:  0.619604 %) (beta_change:  6.947448 %) (delta_change:  0.763693 %) (delta_peak/R:  5.886638 %)
iter:   5900 (Jcost: 1.233550e-01) (lr = 5.148e-02) (elapsed time: 4928.769) (secs/iter:  0.621) (n_accepted: 82%) (u_error:  0.619549 %) (beta_change:  6.962767 %) (delta_change:  0.763911 %) (delta_peak/R:  5.886373 %)
iter:   6000 (Jcost: 1.233532e-01) (lr = 1.841e-02) (elapsed time: 4998.827) (secs/iter:  0.701) (n_accepted: 78%) (u_error:  0.619543 %) (beta_change:  6.977410 %) (delta_change:  0.764150 %) (delta_peak/R:  5.886345 %)
-> Saved file: /media/rafael/DATA/Dropbox/20220924_FIML_solver/data/output/field_inversion/Beta_k/u_imp_100/FI_run_Jimenez_Re180_u_imp_100_k_imp_1_e_imp_0/FI_run_Jimenez_Re180_u_imp_100_k_imp_1_e_imp_0_state_iter_6000.dat
iter:   6100 (Jcost: 1.233514e-01) (lr = 2.744e-03) (elapsed time: 5078.412) (secs/iter:  0.796) (n_accepted: 77%) (u_error:  0.619533 %) (beta_change:  6.997739 %) (delta_change:  0.764392 %) (delta_peak/R:  5.886301 %)
iter:   6200 (Jcost: 1.233498e-01) (lr = 2.355e-03) (elapsed time: 5155.273) (secs/iter:  0.769) (n_accepted: 79%) (u_error:  0.619529 %) (beta_change:  7.017721 %) (delta_change:  0.764611 %) (delta_peak/R:  5.886283 %)
iter:   6300 (Jcost: 1.233484e-01) (lr = 2.795e-02) (elapsed time: 5225.156) (secs/iter:  0.699) (n_accepted: 82%) (u_error:  0.619527 %) (beta_change:  7.034522 %) (delta_change:  0.764799 %) (delta_peak/R:  5.886277 %)
iter:   6400 (Jcost: 1.233468e-01) (lr = 9.996e-03) (elapsed time: 5297.760) (secs/iter:  0.726) (n_accepted: 78%) (u_error:  0.619520 %) (beta_change:  7.054724 %) (delta_change:  0.765028 %) (delta_peak/R:  5.886248 %)
iter:   6500 (Jcost: 1.233451e-01) (lr = 3.575e-03) (elapsed time: 5357.003) (secs/iter:  0.592) (n_accepted: 78%) (u_error:  0.619513 %) (beta_change:  7.077800 %) (delta_change:  0.765257 %) (delta_peak/R:  5.886220 %)
-> Saved file: /media/rafael/DATA/Dropbox/20220924_FIML_solver/data/output/field_inversion/Beta_k/u_imp_100/FI_run_Jimenez_Re180_u_imp_100_k_imp_1_e_imp_0/FI_run_Jimenez_Re180_u_imp_100_k_imp_1_e_imp_0_state_iter_6500.dat
iter:   6600 (Jcost: 1.233434e-01) (lr = 3.069e-03) (elapsed time: 5435.760) (secs/iter:  0.788) (n_accepted: 79%) (u_error:  0.619528 %) (beta_change:  7.140921 %) (delta_change:  0.765509 %) (delta_peak/R:  5.886301 %)
iter:   6700 (Jcost: 1.233422e-01) (lr = 3.642e-02) (elapsed time: 5512.815) (secs/iter:  0.771) (n_accepted: 82%) (u_error:  0.619505 %) (beta_change:  7.185629 %) (delta_change:  0.765670 %) (delta_peak/R:  5.886189 %)
iter:   6800 (Jcost: 1.233410e-01) (lr = 5.427e-03) (elapsed time: 5588.846) (secs/iter:  0.760) (n_accepted: 77%) (u_error:  0.619493 %) (beta_change:  7.232329 %) (delta_change:  0.765845 %) (delta_peak/R:  5.886138 %)
iter:   6900 (Jcost: 1.233394e-01) (lr = 1.941e-03) (elapsed time: 5663.431) (secs/iter:  0.746) (n_accepted: 78%) (u_error:  0.619485 %) (beta_change:  7.292435 %) (delta_change:  0.766072 %) (delta_peak/R:  5.886106 %)
iter:   7000 (Jcost: 1.233379e-01) (lr = 3.999e-03) (elapsed time: 5733.807) (secs/iter:  0.704) (n_accepted: 80%) (u_error:  0.619527 %) (beta_change:  7.351234 %) (delta_change:  0.766316 %) (delta_peak/R:  5.886316 %)
-> Saved file: /media/rafael/DATA/Dropbox/20220924_FIML_solver/data/output/field_inversion/Beta_k/u_imp_100/FI_run_Jimenez_Re180_u_imp_100_k_imp_1_e_imp_0/FI_run_Jimenez_Re180_u_imp_100_k_imp_1_e_imp_0_state_iter_7000.dat
iter:   7100 (Jcost: 1.233366e-01) (lr = 8.239e-03) (elapsed time: 5814.393) (secs/iter:  0.806) (n_accepted: 80%) (u_error:  0.619503 %) (beta_change:  7.402082 %) (delta_change:  0.766499 %) (delta_peak/R:  5.886204 %)
iter:   7200 (Jcost: 1.233356e-01) (lr = 7.072e-03) (elapsed time: 5884.992) (secs/iter:  0.706) (n_accepted: 79%) (u_error:  0.619470 %) (beta_change:  7.438841 %) (delta_change:  0.766623 %) (delta_peak/R:  5.886052 %)
iter:   7300 (Jcost: 1.233345e-01) (lr = 2.530e-03) (elapsed time: 5960.348) (secs/iter:  0.754) (n_accepted: 78%) (u_error:  0.619463 %) (beta_change:  7.483534 %) (delta_change:  0.766789 %) (delta_peak/R:  5.886023 %)
iter:   7400 (Jcost: 1.233333e-01) (lr = 1.251e-02) (elapsed time: 6031.775) (secs/iter:  0.714) (n_accepted: 81%) (u_error:  0.619520 %) (beta_change:  7.534283 %) (delta_change:  0.767008 %) (delta_peak/R:  5.886309 %)
iter:   7500 (Jcost: 1.233322e-01) (lr = 1.484e-01) (elapsed time: 6104.266) (secs/iter:  0.725) (n_accepted: 82%) (u_error:  0.619445 %) (beta_change:  7.576117 %) (delta_change:  0.767129 %) (delta_peak/R:  5.885944 %)
-> Saved file: /media/rafael/DATA/Dropbox/20220924_FIML_solver/data/output/field_inversion/Beta_k/u_imp_100/FI_run_Jimenez_Re180_u_imp_100_k_imp_1_e_imp_0/FI_run_Jimenez_Re180_u_imp_100_k_imp_1_e_imp_0_state_iter_7500.dat
iter:   7600 (Jcost: 1.233313e-01) (lr = 5.308e-02) (elapsed time: 6183.618) (secs/iter:  0.794) (n_accepted: 78%) (u_error:  0.619451 %) (beta_change:  7.615318 %) (delta_change:  0.767279 %) (delta_peak/R:  5.885979 %)
iter:   7700 (Jcost: 1.233302e-01) (lr = 1.899e-02) (elapsed time: 6260.040) (secs/iter:  0.764) (n_accepted: 78%) (u_error:  0.619440 %) (beta_change:  7.657454 %) (delta_change:  0.767432 %) (delta_peak/R:  5.885934 %)
iter:   7800 (Jcost: 1.233292e-01) (lr = 2.829e-03) (elapsed time: 6336.478) (secs/iter:  0.764) (n_accepted: 77%) (u_error:  0.619429 %) (beta_change:  7.703142 %) (delta_change:  0.767597 %) (delta_peak/R:  5.885885 %)
iter:   7900 (Jcost: 1.233284e-01) (lr = 1.399e-02) (elapsed time: 6405.740) (secs/iter:  0.693) (n_accepted: 81%) (u_error:  0.619425 %) (beta_change:  7.734171 %) (delta_change:  0.767710 %) (delta_peak/R:  5.885869 %)
iter:   8000 (Jcost: 1.233274e-01) (lr = 1.201e-02) (elapsed time: 6481.559) (secs/iter:  0.758) (n_accepted: 79%) (u_error:  0.619424 %) (beta_change:  7.776417 %) (delta_change:  0.767867 %) (delta_peak/R:  5.885874 %)
-> Saved file: /media/rafael/DATA/Dropbox/20220924_FIML_solver/data/output/field_inversion/Beta_k/u_imp_100/FI_run_Jimenez_Re180_u_imp_100_k_imp_1_e_imp_0/FI_run_Jimenez_Re180_u_imp_100_k_imp_1_e_imp_0_state_iter_8000.dat
iter:   8100 (Jcost: 1.233265e-01) (lr = 1.790e-03) (elapsed time: 6559.264) (secs/iter:  0.777) (n_accepted: 77%) (u_error:  0.619428 %) (beta_change:  7.817283 %) (delta_change:  0.768020 %) (delta_peak/R:  5.885899 %)
iter:   8200 (Jcost: 1.233255e-01) (lr = 1.536e-03) (elapsed time: 6625.041) (secs/iter:  0.658) (n_accepted: 79%) (u_error:  0.619419 %) (beta_change:  7.858994 %) (delta_change:  0.768169 %) (delta_peak/R:  5.885861 %)
iter:   8300 (Jcost: 1.233243e-01) (lr = 4.375e-02) (elapsed time: 6687.899) (secs/iter:  0.629) (n_accepted: 83%) (u_error:  0.619396 %) (beta_change:  7.908542 %) (delta_change:  0.768340 %) (delta_peak/R:  5.885758 %)
iter:   8400 (Jcost: 1.233235e-01) (lr = 9.013e-02) (elapsed time: 6761.357) (secs/iter:  0.735) (n_accepted: 80%) (u_error:  0.619417 %) (beta_change:  7.943436 %) (delta_change:  0.768477 %) (delta_peak/R:  5.885865 %)
iter:   8500 (Jcost: 1.233228e-01) (lr = 5.597e-03) (elapsed time: 6834.166) (secs/iter:  0.728) (n_accepted: 76%) (u_error:  0.619380 %) (beta_change:  7.975693 %) (delta_change:  0.768577 %) (delta_peak/R:  5.885688 %)
-> Saved file: /media/rafael/DATA/Dropbox/20220924_FIML_solver/data/output/field_inversion/Beta_k/u_imp_100/FI_run_Jimenez_Re180_u_imp_100_k_imp_1_e_imp_0/FI_run_Jimenez_Re180_u_imp_100_k_imp_1_e_imp_0_state_iter_8500.dat
iter:   8600 (Jcost: 1.233219e-01) (lr = 1.153e-02) (elapsed time: 6912.698) (secs/iter:  0.785) (n_accepted: 80%) (u_error:  0.619349 %) (beta_change:  8.017049 %) (delta_change:  0.768713 %) (delta_peak/R:  5.885545 %)
iter:   8700 (Jcost: 1.233210e-01) (lr = 1.368e-01) (elapsed time: 6973.219) (secs/iter:  0.605) (n_accepted: 82%) (u_error:  0.619408 %) (beta_change:  8.058856 %) (delta_change:  0.768892 %) (delta_peak/R:  5.885842 %)
iter:   8800 (Jcost: 1.233203e-01) (lr = 2.039e-02) (elapsed time: 7046.112) (secs/iter:  0.729) (n_accepted: 77%) (u_error:  0.619392 %) (beta_change:  8.088197 %) (delta_change:  0.768990 %) (delta_peak/R:  5.885765 %)
iter:   8900 (Jcost: 1.233195e-01) (lr = 3.039e-03) (elapsed time: 7118.661) (secs/iter:  0.725) (n_accepted: 77%) (u_error:  0.619388 %) (beta_change:  8.123842 %) (delta_change:  0.769117 %) (delta_peak/R:  5.885756 %)
iter:   9000 (Jcost: 1.233185e-01) (lr = 2.077e-01) (elapsed time: 7179.649) (secs/iter:  0.610) (n_accepted: 84%) (u_error:  0.619391 %) (beta_change:  8.168586 %) (delta_change:  0.769278 %) (delta_peak/R:  5.885778 %)
-> Saved file: /media/rafael/DATA/Dropbox/20220924_FIML_solver/data/output/field_inversion/Beta_k/u_imp_100/FI_run_Jimenez_Re180_u_imp_100_k_imp_1_e_imp_0/FI_run_Jimenez_Re180_u_imp_100_k_imp_1_e_imp_0_state_iter_9000.dat
iter:   9100 (Jcost: 1.233180e-01) (lr = 5.374e-03) (elapsed time: 7257.130) (secs/iter:  0.775) (n_accepted: 75%) (u_error:  0.619381 %) (beta_change:  8.194250 %) (delta_change:  0.769365 %) (delta_peak/R:  5.885733 %)
iter:   9200 (Jcost: 1.233172e-01) (lr = 1.922e-03) (elapsed time: 7330.364) (secs/iter:  0.732) (n_accepted: 78%) (u_error:  0.619376 %) (beta_change:  8.232527 %) (delta_change:  0.769499 %) (delta_peak/R:  5.885713 %)
iter:   9300 (Jcost: 1.233163e-01) (lr = 3.960e-03) (elapsed time: 7400.006) (secs/iter:  0.696) (n_accepted: 80%) (u_error:  0.619335 %) (beta_change:  8.271599 %) (delta_change:  0.769618 %) (delta_peak/R:  5.885524 %)
iter:   9400 (Jcost: 1.233156e-01) (lr = 8.157e-03) (elapsed time: 7473.572) (secs/iter:  0.736) (n_accepted: 80%) (u_error:  0.619397 %) (beta_change:  8.304935 %) (delta_change:  0.769765 %) (delta_peak/R:  5.885828 %)
iter:   9500 (Jcost: 1.233151e-01) (lr = 2.918e-03) (elapsed time: 7543.254) (secs/iter:  0.697) (n_accepted: 78%) (u_error:  0.619361 %) (beta_change:  8.330153 %) (delta_change:  0.769837 %) (delta_peak/R:  5.885662 %)
-> Saved file: /media/rafael/DATA/Dropbox/20220924_FIML_solver/data/output/field_inversion/Beta_k/u_imp_100/FI_run_Jimenez_Re180_u_imp_100_k_imp_1_e_imp_0/FI_run_Jimenez_Re180_u_imp_100_k_imp_1_e_imp_0_state_iter_9500.dat
iter:   9600 (Jcost: 1.233144e-01) (lr = 8.309e-02) (elapsed time: 7616.083) (secs/iter:  0.728) (n_accepted: 83%) (u_error:  0.619323 %) (beta_change:  8.363480 %) (delta_change:  0.769935 %) (delta_peak/R:  5.885479 %)
iter:   9700 (Jcost: 1.233139e-01) (lr = 7.133e-02) (elapsed time: 7681.876) (secs/iter:  0.658) (n_accepted: 79%) (u_error:  0.619357 %) (beta_change:  8.388361 %) (delta_change:  0.770039 %) (delta_peak/R:  5.885651 %)
iter:   9800 (Jcost: 1.233129e-01) (lr = 1.063e-02) (elapsed time: 7752.653) (secs/iter:  0.708) (n_accepted: 77%) (u_error:  0.619349 %) (beta_change:  8.433041 %) (delta_change:  0.770191 %) (delta_peak/R:  5.885623 %)
iter:   9900 (Jcost: 1.233123e-01) (lr = 1.584e-03) (elapsed time: 7827.349) (secs/iter:  0.747) (n_accepted: 77%) (u_error:  0.619347 %) (beta_change:  8.464874 %) (delta_change:  0.770301 %) (delta_peak/R:  5.885619 %)
iter:  10000 (Jcost: 1.233117e-01) (lr = 1.083e-01) (elapsed time: 7884.853) (secs/iter:  0.575) (n_accepted: 84%) (u_error:  0.619364 %) (beta_change:  8.495099 %) (delta_change:  0.770414 %) (delta_peak/R:  5.885704 %)
-> Saved file: /media/rafael/DATA/Dropbox/20220924_FIML_solver/data/output/field_inversion/Beta_k/u_imp_100/FI_run_Jimenez_Re180_u_imp_100_k_imp_1_e_imp_0/FI_run_Jimenez_Re180_u_imp_100_k_imp_1_e_imp_0_state_iter_10000.dat
iter:  10100 (Jcost: 1.233112e-01) (lr = 2.801e-03) (elapsed time: 7940.359) (secs/iter:  0.555) (n_accepted: 75%) (u_error:  0.619364 %) (beta_change:  8.519320 %) (delta_change:  0.770498 %) (delta_peak/R:  5.885710 %)
iter:  10200 (Jcost: 1.233105e-01) (lr = 5.771e-03) (elapsed time: 8015.066) (secs/iter:  0.747) (n_accepted: 80%) (u_error:  0.619386 %) (beta_change:  8.551867 %) (delta_change:  0.770620 %) (delta_peak/R:  5.885824 %)
iter:  10300 (Jcost: 1.233101e-01) (lr = 2.854e-02) (elapsed time: 8082.213) (secs/iter:  0.671) (n_accepted: 81%) (u_error:  0.619335 %) (beta_change:  8.571885 %) (delta_change:  0.770665 %) (delta_peak/R:  5.885580 %)
iter:  10400 (Jcost: 1.233093e-01) (lr = 1.772e-03) (elapsed time: 8155.953) (secs/iter:  0.737) (n_accepted: 76%) (u_error:  0.619331 %) (beta_change:  8.608982 %) (delta_change:  0.770790 %) (delta_peak/R:  5.885569 %)
iter:  10500 (Jcost: 1.233089e-01) (lr = 2.103e-02) (elapsed time: 8227.819) (secs/iter:  0.719) (n_accepted: 82%) (u_error:  0.619334 %) (beta_change:  8.630155 %) (delta_change:  0.770864 %) (delta_peak/R:  5.885586 %)
-> Saved file: /media/rafael/DATA/Dropbox/20220924_FIML_solver/data/output/field_inversion/Beta_k/u_imp_100/FI_run_Jimenez_Re180_u_imp_100_k_imp_1_e_imp_0/FI_run_Jimenez_Re180_u_imp_100_k_imp_1_e_imp_0_state_iter_10500.dat
iter:  10600 (Jcost: 1.233085e-01) (lr = 1.805e-02) (elapsed time: 8305.349) (secs/iter:  0.775) (n_accepted: 79%) (u_error:  0.619326 %) (beta_change:  8.649177 %) (delta_change:  0.770925 %) (delta_peak/R:  5.885553 %)
iter:  10700 (Jcost: 1.233079e-01) (lr = 2.690e-03) (elapsed time: 8379.254) (secs/iter:  0.739) (n_accepted: 77%) (u_error:  0.619326 %) (beta_change:  8.680384 %) (delta_change:  0.771031 %) (delta_peak/R:  5.885557 %)
iter:  10800 (Jcost: 1.233074e-01) (lr = 5.541e-03) (elapsed time: 8447.100) (secs/iter:  0.678) (n_accepted: 80%) (u_error:  0.619354 %) (beta_change:  8.710138 %) (delta_change:  0.771146 %) (delta_peak/R:  5.885701 %)
iter:  10900 (Jcost: 1.233070e-01) (lr = 2.740e-02) (elapsed time: 8515.398) (secs/iter:  0.683) (n_accepted: 81%) (u_error:  0.619315 %) (beta_change:  8.728460 %) (delta_change:  0.771190 %) (delta_peak/R:  5.885518 %)
iter:  11000 (Jcost: 1.233065e-01) (lr = 9.800e-03) (elapsed time: 8587.613) (secs/iter:  0.722) (n_accepted: 78%) (u_error:  0.619269 %) (beta_change:  8.756380 %) (delta_change:  0.771262 %) (delta_peak/R:  5.885296 %)
-> Saved file: /media/rafael/DATA/Dropbox/20220924_FIML_solver/data/output/field_inversion/Beta_k/u_imp_100/FI_run_Jimenez_Re180_u_imp_100_k_imp_1_e_imp_0/FI_run_Jimenez_Re180_u_imp_100_k_imp_1_e_imp_0_state_iter_11000.dat
iter:  11100 (Jcost: 1.233060e-01) (lr = 4.845e-02) (elapsed time: 8660.384) (secs/iter:  0.728) (n_accepted: 81%) (u_error:  0.619310 %) (beta_change:  8.776763 %) (delta_change:  0.771350 %) (delta_peak/R:  5.885504 %)
iter:  11200 (Jcost: 1.233055e-01) (lr = 7.221e-03) (elapsed time: 8731.611) (secs/iter:  0.712) (n_accepted: 77%) (u_error:  0.619305 %) (beta_change:  8.806628 %) (delta_change:  0.771448 %) (delta_peak/R:  5.885483 %)
iter:  11300 (Jcost: 1.233049e-01) (lr = 6.198e-03) (elapsed time: 8801.001) (secs/iter:  0.694) (n_accepted: 79%) (u_error:  0.619308 %) (beta_change:  8.833154 %) (delta_change:  0.771539 %) (delta_peak/R:  5.885507 %)
iter:  11400 (Jcost: 1.233045e-01) (lr = 2.217e-03) (elapsed time: 8876.596) (secs/iter:  0.756) (n_accepted: 78%) (u_error:  0.619301 %) (beta_change:  8.857180 %) (delta_change:  0.771616 %) (delta_peak/R:  5.885478 %)
iter:  11500 (Jcost: 1.233039e-01) (lr = 2.631e-02) (elapsed time: 8940.375) (secs/iter:  0.638) (n_accepted: 82%) (u_error:  0.619254 %) (beta_change:  8.889856 %) (delta_change:  0.771703 %) (delta_peak/R:  5.885254 %)
-> Saved file: /media/rafael/DATA/Dropbox/20220924_FIML_solver/data/output/field_inversion/Beta_k/u_imp_100/FI_run_Jimenez_Re180_u_imp_100_k_imp_1_e_imp_0/FI_run_Jimenez_Re180_u_imp_100_k_imp_1_e_imp_0_state_iter_11500.dat
iter:  11600 (Jcost: 1.233035e-01) (lr = 5.420e-02) (elapsed time: 9016.742) (secs/iter:  0.764) (n_accepted: 80%) (u_error:  0.619296 %) (beta_change:  8.908825 %) (delta_change:  0.771786 %) (delta_peak/R:  5.885464 %)
iter:  11700 (Jcost: 1.233030e-01) (lr = 4.652e-02) (elapsed time: 9090.211) (secs/iter:  0.735) (n_accepted: 79%) (u_error:  0.619289 %) (beta_change:  8.936152 %) (delta_change:  0.771864 %) (delta_peak/R:  5.885434 %)
iter:  11800 (Jcost: 1.233026e-01) (lr = 1.664e-02) (elapsed time: 9160.390) (secs/iter:  0.702) (n_accepted: 78%) (u_error:  0.619289 %) (beta_change:  8.962605 %) (delta_change:  0.771936 %) (delta_peak/R:  5.885442 %)
iter:  11900 (Jcost: 1.233021e-01) (lr = 2.480e-03) (elapsed time: 9228.686) (secs/iter:  0.683) (n_accepted: 77%) (u_error:  0.619287 %) (beta_change:  8.998633 %) (delta_change:  0.772031 %) (delta_peak/R:  5.885437 %)
iter:  12000 (Jcost: 1.233016e-01) (lr = 5.109e-03) (elapsed time: 9293.498) (secs/iter:  0.648) (n_accepted: 80%) (u_error:  0.619299 %) (beta_change:  9.031680 %) (delta_change:  0.772125 %) (delta_peak/R:  5.885504 %)
-> Saved file: /media/rafael/DATA/Dropbox/20220924_FIML_solver/data/output/field_inversion/Beta_k/u_imp_100/FI_run_Jimenez_Re180_u_imp_100_k_imp_1_e_imp_0/FI_run_Jimenez_Re180_u_imp_100_k_imp_1_e_imp_0_state_iter_12000.dat
iter:  12100 (Jcost: 1.233012e-01) (lr = 6.062e-02) (elapsed time: 9370.583) (secs/iter:  0.771) (n_accepted: 82%) (u_error:  0.619286 %) (beta_change:  9.057406 %) (delta_change:  0.772187 %) (delta_peak/R:  5.885444 %)
iter:  12200 (Jcost: 1.233008e-01) (lr = 5.204e-02) (elapsed time: 9443.722) (secs/iter:  0.731) (n_accepted: 79%) (u_error:  0.619277 %) (beta_change:  9.085305 %) (delta_change:  0.772257 %) (delta_peak/R:  5.885407 %)
iter:  12300 (Jcost: 1.233004e-01) (lr = 1.861e-02) (elapsed time: 9515.835) (secs/iter:  0.721) (n_accepted: 78%) (u_error:  0.619273 %) (beta_change:  9.111029 %) (delta_change:  0.772322 %) (delta_peak/R:  5.885390 %)
iter:  12400 (Jcost: 1.232999e-01) (lr = 2.774e-03) (elapsed time: 9572.714) (secs/iter:  0.569) (n_accepted: 77%) (u_error:  0.619276 %) (beta_change:  9.144055 %) (delta_change:  0.772409 %) (delta_peak/R:  5.885412 %)
iter:  12500 (Jcost: 1.232995e-01) (lr = 2.381e-03) (elapsed time: 9641.721) (secs/iter:  0.690) (n_accepted: 79%) (u_error:  0.619283 %) (beta_change:  9.174657 %) (delta_change:  0.772492 %) (delta_peak/R:  5.885454 %)
-> Saved file: /media/rafael/DATA/Dropbox/20220924_FIML_solver/data/output/field_inversion/Beta_k/u_imp_100/FI_run_Jimenez_Re180_u_imp_100_k_imp_1_e_imp_0/FI_run_Jimenez_Re180_u_imp_100_k_imp_1_e_imp_0_state_iter_12500.dat
iter:  12600 (Jcost: 1.232991e-01) (lr = 4.905e-03) (elapsed time: 9718.386) (secs/iter:  0.767) (n_accepted: 80%) (u_error:  0.619255 %) (beta_change:  9.200828 %) (delta_change:  0.772546 %) (delta_peak/R:  5.885324 %)
iter:  12700 (Jcost: 1.232987e-01) (lr = 1.397e-01) (elapsed time: 9781.806) (secs/iter:  0.634) (n_accepted: 83%) (u_error:  0.619266 %) (beta_change:  9.226818 %) (delta_change:  0.772617 %) (delta_peak/R:  5.885381 %)
iter:  12800 (Jcost: 1.232984e-01) (lr = 1.506e-03) (elapsed time: 9851.827) (secs/iter:  0.700) (n_accepted: 74%) (u_error:  0.619263 %) (beta_change:  9.248479 %) (delta_change:  0.772671 %) (delta_peak/R:  5.885373 %)
iter:  12900 (Jcost: 1.232980e-01) (lr = 4.289e-02) (elapsed time: 9921.275) (secs/iter:  0.694) (n_accepted: 83%) (u_error:  0.619288 %) (beta_change:  9.274404 %) (delta_change:  0.772749 %) (delta_peak/R:  5.885500 %)
iter:  13000 (Jcost: 1.232976e-01) (lr = 2.121e-01) (elapsed time: 9985.593) (secs/iter:  0.643) (n_accepted: 81%) (u_error:  0.619261 %) (beta_change:  9.302746 %) (delta_change:  0.772807 %) (delta_peak/R:  5.885371 %)
-> Saved file: /media/rafael/DATA/Dropbox/20220924_FIML_solver/data/output/field_inversion/Beta_k/u_imp_100/FI_run_Jimenez_Re180_u_imp_100_k_imp_1_e_imp_0/FI_run_Jimenez_Re180_u_imp_100_k_imp_1_e_imp_0_state_iter_13000.dat
iter:  13100 (Jcost: 1.232973e-01) (lr = 2.286e-03) (elapsed time: 10064.118) (secs/iter:  0.785) (n_accepted: 74%) (u_error:  0.619250 %) (beta_change:  9.325075 %) (delta_change:  0.772858 %) (delta_peak/R:  5.885326 %)
iter:  13200 (Jcost: 1.232970e-01) (lr = 4.710e-03) (elapsed time: 10136.991) (secs/iter:  0.729) (n_accepted: 80%) (u_error:  0.619272 %) (beta_change:  9.349283 %) (delta_change:  0.772929 %) (delta_peak/R:  5.885438 %)
iter:  13300 (Jcost: 1.232967e-01) (lr = 5.589e-02) (elapsed time: 10203.530) (secs/iter:  0.665) (n_accepted: 82%) (u_error:  0.619247 %) (beta_change:  9.368671 %) (delta_change:  0.772964 %) (delta_peak/R:  5.885317 %)
iter:  13400 (Jcost: 1.232964e-01) (lr = 8.329e-03) (elapsed time: 10276.604) (secs/iter:  0.731) (n_accepted: 77%) (u_error:  0.619229 %) (beta_change:  9.389424 %) (delta_change:  0.773007 %) (delta_peak/R:  5.885235 %)
iter:  13500 (Jcost: 1.232961e-01) (lr = 1.716e-02) (elapsed time: 10345.713) (secs/iter:  0.691) (n_accepted: 80%) (u_error:  0.619259 %) (beta_change:  9.414527 %) (delta_change:  0.773083 %) (delta_peak/R:  5.885386 %)
-> Saved file: /media/rafael/DATA/Dropbox/20220924_FIML_solver/data/output/field_inversion/Beta_k/u_imp_100/FI_run_Jimenez_Re180_u_imp_100_k_imp_1_e_imp_0/FI_run_Jimenez_Re180_u_imp_100_k_imp_1_e_imp_0_state_iter_13500.dat
iter:  13600 (Jcost: 1.232957e-01) (lr = 8.484e-02) (elapsed time: 10411.429) (secs/iter:  0.657) (n_accepted: 81%) (u_error:  0.619235 %) (beta_change:  9.439700 %) (delta_change:  0.773133 %) (delta_peak/R:  5.885277 %)
iter:  13700 (Jcost: 1.232954e-01) (lr = 1.264e-02) (elapsed time: 10475.231) (secs/iter:  0.638) (n_accepted: 77%) (u_error:  0.619239 %) (beta_change:  9.465767 %) (delta_change:  0.773198 %) (delta_peak/R:  5.885297 %)
iter:  13800 (Jcost: 1.232950e-01) (lr = 4.522e-03) (elapsed time: 10545.827) (secs/iter:  0.706) (n_accepted: 78%) (u_error:  0.619245 %) (beta_change:  9.490124 %) (delta_change:  0.773260 %) (delta_peak/R:  5.885334 %)
iter:  13900 (Jcost: 1.232947e-01) (lr = 1.617e-03) (elapsed time: 10615.988) (secs/iter:  0.702) (n_accepted: 78%) (u_error:  0.619236 %) (beta_change:  9.513863 %) (delta_change:  0.773313 %) (delta_peak/R:  5.885296 %)
iter:  14000 (Jcost: 1.232944e-01) (lr = 7.997e-03) (elapsed time: 10679.596) (secs/iter:  0.636) (n_accepted: 81%) (u_error:  0.619244 %) (beta_change:  9.539917 %) (delta_change:  0.773379 %) (delta_peak/R:  5.885340 %)
-> Saved file: /media/rafael/DATA/Dropbox/20220924_FIML_solver/data/output/field_inversion/Beta_k/u_imp_100/FI_run_Jimenez_Re180_u_imp_100_k_imp_1_e_imp_0/FI_run_Jimenez_Re180_u_imp_100_k_imp_1_e_imp_0_state_iter_14000.dat
iter:  14100 (Jcost: 1.232941e-01) (lr = 9.489e-02) (elapsed time: 10750.692) (secs/iter:  0.711) (n_accepted: 82%) (u_error:  0.619231 %) (beta_change:  9.560886 %) (delta_change:  0.773423 %) (delta_peak/R:  5.885284 %)
iter:  14200 (Jcost: 1.232938e-01) (lr = 3.394e-02) (elapsed time: 10813.622) (secs/iter:  0.629) (n_accepted: 78%) (u_error:  0.619229 %) (beta_change:  9.583804 %) (delta_change:  0.773476 %) (delta_peak/R:  5.885277 %)
iter:  14300 (Jcost: 1.232935e-01) (lr = 1.214e-02) (elapsed time: 10881.933) (secs/iter:  0.683) (n_accepted: 78%) (u_error:  0.619220 %) (beta_change:  9.606146 %) (delta_change:  0.773524 %) (delta_peak/R:  5.885236 %)
iter:  14400 (Jcost: 1.232932e-01) (lr = 4.342e-03) (elapsed time: 10949.861) (secs/iter:  0.679) (n_accepted: 78%) (u_error:  0.619226 %) (beta_change:  9.626720 %) (delta_change:  0.773575 %) (delta_peak/R:  5.885269 %)
iter:  14500 (Jcost: 1.232929e-01) (lr = 3.727e-03) (elapsed time: 11015.649) (secs/iter:  0.658) (n_accepted: 79%) (u_error:  0.619218 %) (beta_change:  9.649344 %) (delta_change:  0.773625 %) (delta_peak/R:  5.885236 %)
-> Saved file: /media/rafael/DATA/Dropbox/20220924_FIML_solver/data/output/field_inversion/Beta_k/u_imp_100/FI_run_Jimenez_Re180_u_imp_100_k_imp_1_e_imp_0/FI_run_Jimenez_Re180_u_imp_100_k_imp_1_e_imp_0_state_iter_14500.dat
iter:  14600 (Jcost: 1.232927e-01) (lr = 3.199e-03) (elapsed time: 11087.849) (secs/iter:  0.722) (n_accepted: 79%) (u_error:  0.619219 %) (beta_change:  9.671123 %) (delta_change:  0.773676 %) (delta_peak/R:  5.885249 %)
iter:  14700 (Jcost: 1.232923e-01) (lr = 6.591e-03) (elapsed time: 11148.675) (secs/iter:  0.608) (n_accepted: 80%) (u_error:  0.619236 %) (beta_change:  9.698584 %) (delta_change:  0.773747 %) (delta_peak/R:  5.885335 %)
iter:  14800 (Jcost: 1.232921e-01) (lr = 3.259e-02) (elapsed time: 11208.460) (secs/iter:  0.598) (n_accepted: 81%) (u_error:  0.619215 %) (beta_change:  9.716844 %) (delta_change:  0.773780 %) (delta_peak/R:  5.885239 %)
iter:  14900 (Jcost: 1.232918e-01) (lr = 2.797e-02) (elapsed time: 11275.955) (secs/iter:  0.675) (n_accepted: 79%) (u_error:  0.619214 %) (beta_change:  9.737285 %) (delta_change:  0.773826 %) (delta_peak/R:  5.885237 %)
iter:  15000 (Jcost: 1.232915e-01) (lr = 1.001e-02) (elapsed time: 11344.350) (secs/iter:  0.684) (n_accepted: 78%) (u_error:  0.619212 %) (beta_change:  9.761119 %) (delta_change:  0.773879 %) (delta_peak/R:  5.885233 %)
-> Saved file: /media/rafael/DATA/Dropbox/20220924_FIML_solver/data/output/field_inversion/Beta_k/u_imp_100/FI_run_Jimenez_Re180_u_imp_100_k_imp_1_e_imp_0/FI_run_Jimenez_Re180_u_imp_100_k_imp_1_e_imp_0_state_iter_15000.dat
iter:  15000 (Jcost: 1.232915e-01) (lr = 1.201e-02) (elapsed time: 11349.983) (secs/iter:   None) (n_accepted: 0%) (u_error:  0.619213 %) (beta_change:  9.761203 %) (delta_change:  0.773880 %) (delta_peak/R:  5.885237 %)
