# ------------------------------------------------------------------------
#                  Input Arguments
# ------------------------------------------------------------------------
# Begin_Input_Arguments
{ 'all_b_mode': ['Beta_k'],
  'args_mk_solver': { 'torch': "<module 'torch' from "
                               "'/home/rafael/anaconda3/lib/python3.9/site-packages/torch/__init__.py'>",
                      'y_grid': [0.0, 0.000309700312, 0.000638645973, 0.00098802599, 0.00135910194, 0.00175321227, 0.00217177688, 0.00261630193, 0.00308838486, 0.00358971984, 0.00412210331, 0.00468744001, 0.00528774917, 0.00592517114, 0.00660197432, 0.0073205624, 0.00808348206, 0.00889343092, 0.00975326602, 0.0106660126, 0.0116348733, 0.0126632377, 0.0137546927, 0.0149130326, 0.0161422702, 0.0174466482, 0.0188306506, 0.0202990157, 0.0218567475, 0.02350913, 0.0252617393, 0.0271204584, 0.0290914903, 0.0311813732, 0.033396994, 0.0357456039, 0.0382348325, 0.0408727029, 0.0436676462, 0.0466285159, 0.0497646022, 0.0530856456, 0.0566018496, 0.0603238931, 0.0642629411, 0.068430655, 0.0728392004, 0.0775012535, 0.0824300053, 0.0876391634, 0.0931429507, 0.0989561006, 0.105093849, 0.111571922, 0.118406518, 0.125614286, 0.133212296, 0.141218006, 0.14964922, 0.158524039, 0.167860801, 0.177678022, 0.187994313, 0.1988283, 0.21019853, 0.222123362, 0.234620856, 0.247708641, 0.261403784, 0.275722637, 0.290680679, 0.306292354, 0.322570888, 0.339528108, 0.357174255, 0.375517785, 0.394565175, 0.414320726, 0.43478637, 0.45596148, 0.47784269, 0.500423731, 0.523695275, 0.547644806, 0.572256506, 0.597511177, 0.623386184, 0.649855436, 0.676889401, 0.704455158, 0.73251649, 0.761034018, 0.789965372, 0.819265404, 0.848886442, 0.878778572, 0.908889961, 0.939167201, 0.969555687, 1.0],
                      'Ret': 934.126735,
                      'cp': 1.0,
                      'A_sca_rho': 1.0,
                      'A_sca_mu': 0.0010705185522818807,
                      'A_sca_k': 0.0010705185522818807,
                      'b_exp_rho': 0.0,
                      'b_exp_mu': 0.0,
                      'b_exp_k': 0.0,
                      'tensor_device': 'cpu',
                      'as_tensor': '<function '
                                   'Build_arguments_fi_run._mk_args_MK_solver.<locals>.<lambda> '
                                   'at 0x7fd3c2d1bee0>',
                      'ref_dns': { 'u_dns': [0.0, 0.289202326, 0.596361542, 0.922232815, 1.26786587, 1.63406494, 2.02166109, 2.43038921, 2.85994791, 3.31047454, 3.78194088, 4.26981818, 4.77110545, 5.28643164, 5.81398678, 6.33957158, 6.86490559, 7.38963256, 7.91001422, 8.41230193, 8.89623699, 9.36504453, 9.81596309, 10.246646, 10.6549934, 11.0336573, 11.3913522, 11.7280697, 12.0442383, 12.340618, 12.6182616, 12.8784029, 13.1223756, 13.3515833, 13.5674626, 13.7714332, 13.9649014, 14.148244, 14.3224877, 14.4901709, 14.6524075, 14.8101366, 14.9622363, 15.1118588, 15.2593734, 15.4040247, 15.5481455, 15.69054, 15.8331708, 15.974796, 16.116925, 16.2590961, 16.4015223, 16.5446293, 16.6883036, 16.8323089, 16.9767882, 17.1220215, 17.2679857, 17.4146323, 17.5619305, 17.7099824, 17.8584942, 18.0075215, 18.1571147, 18.3074341, 18.4582366, 18.6096905, 18.7611669, 18.9129714, 19.064844, 19.2171413, 19.3696687, 19.521806, 19.6730767, 19.8237726, 19.9739835, 20.1234321, 20.2718903, 20.4193407, 20.5653876, 20.7097738, 20.8521392, 20.9925785, 21.1312054, 21.2673777, 21.4006557, 21.5299285, 21.6547188, 21.7744124, 21.887869, 21.993718, 22.0913253, 22.1794352, 22.2568929, 22.3224476, 22.3750086, 22.4133742, 22.4367832, 22.4446805],
                                   'T_dns': [1.0, 1.0, 1.0, 1.0, 1.0, 1.0, 1.0, 1.0, 1.0, 1.0, 1.0, 1.0, 1.0, 1.0, 1.0, 1.0, 1.0, 1.0, 1.0, 1.0, 1.0, 1.0, 1.0, 1.0, 1.0, 1.0, 1.0, 1.0, 1.0, 1.0, 1.0, 1.0, 1.0, 1.0, 1.0, 1.0, 1.0, 1.0, 1.0, 1.0, 1.0, 1.0, 1.0, 1.0, 1.0, 1.0, 1.0, 1.0, 1.0, 1.0, 1.0, 1.0, 1.0, 1.0, 1.0, 1.0, 1.0, 1.0, 1.0, 1.0, 1.0, 1.0, 1.0, 1.0, 1.0, 1.0, 1.0, 1.0, 1.0, 1.0, 1.0, 1.0, 1.0, 1.0, 1.0, 1.0, 1.0, 1.0, 1.0, 1.0, 1.0, 1.0, 1.0, 1.0, 1.0, 1.0, 1.0, 1.0, 1.0, 1.0, 1.0, 1.0, 1.0, 1.0, 1.0, 1.0, 1.0, 1.0, 1.0, 1.0],
                                   'mu_dns': [0.0010705185522818807, 0.0010705185522818807, 0.0010705185522818807, 0.0010705185522818807, 0.0010705185522818807, 0.0010705185522818807, 0.0010705185522818807, 0.0010705185522818807, 0.0010705185522818807, 0.0010705185522818807, 0.0010705185522818807, 0.0010705185522818807, 0.0010705185522818807, 0.0010705185522818807, 0.0010705185522818807, 0.0010705185522818807, 0.0010705185522818807, 0.0010705185522818807, 0.0010705185522818807, 0.0010705185522818807, 0.0010705185522818807, 0.0010705185522818807, 0.0010705185522818807, 0.0010705185522818807, 0.0010705185522818807, 0.0010705185522818807, 0.0010705185522818807, 0.0010705185522818807, 0.0010705185522818807, 0.0010705185522818807, 0.0010705185522818807, 0.0010705185522818807, 0.0010705185522818807, 0.0010705185522818807, 0.0010705185522818807, 0.0010705185522818807, 0.0010705185522818807, 0.0010705185522818807, 0.0010705185522818807, 0.0010705185522818807, 0.0010705185522818807, 0.0010705185522818807, 0.0010705185522818807, 0.0010705185522818807, 0.0010705185522818807, 0.0010705185522818807, 0.0010705185522818807, 0.0010705185522818807, 0.0010705185522818807, 0.0010705185522818807, 0.0010705185522818807, 0.0010705185522818807, 0.0010705185522818807, 0.0010705185522818807, 0.0010705185522818807, 0.0010705185522818807, 0.0010705185522818807, 0.0010705185522818807, 0.0010705185522818807, 0.0010705185522818807, 0.0010705185522818807, 0.0010705185522818807, 0.0010705185522818807, 0.0010705185522818807, 0.0010705185522818807, 0.0010705185522818807, 0.0010705185522818807, 0.0010705185522818807, 0.0010705185522818807, 0.0010705185522818807, 0.0010705185522818807, 0.0010705185522818807, 0.0010705185522818807, 0.0010705185522818807, 0.0010705185522818807, 0.0010705185522818807, 0.0010705185522818807, 0.0010705185522818807, 0.0010705185522818807, 0.0010705185522818807, 0.0010705185522818807, 0.0010705185522818807, 0.0010705185522818807, 0.0010705185522818807, 0.0010705185522818807, 0.0010705185522818807, 0.0010705185522818807, 0.0010705185522818807, 0.0010705185522818807, 0.0010705185522818807, 0.0010705185522818807, 0.0010705185522818807, 0.0010705185522818807, 0.0010705185522818807, 0.0010705185522818807, 0.0010705185522818807, 0.0010705185522818807, 0.0010705185522818807, 0.0010705185522818807, 0.0010705185522818807],
                                   'rho_dns': [1.0, 1.0, 1.0, 1.0, 1.0, 1.0, 1.0, 1.0, 1.0, 1.0, 1.0, 1.0, 1.0, 1.0, 1.0, 1.0, 1.0, 1.0, 1.0, 1.0, 1.0, 1.0, 1.0, 1.0, 1.0, 1.0, 1.0, 1.0, 1.0, 1.0, 1.0, 1.0, 1.0, 1.0, 1.0, 1.0, 1.0, 1.0, 1.0, 1.0, 1.0, 1.0, 1.0, 1.0, 1.0, 1.0, 1.0, 1.0, 1.0, 1.0, 1.0, 1.0, 1.0, 1.0, 1.0, 1.0, 1.0, 1.0, 1.0, 1.0, 1.0, 1.0, 1.0, 1.0, 1.0, 1.0, 1.0, 1.0, 1.0, 1.0, 1.0, 1.0, 1.0, 1.0, 1.0, 1.0, 1.0, 1.0, 1.0, 1.0, 1.0, 1.0, 1.0, 1.0, 1.0, 1.0, 1.0, 1.0, 1.0, 1.0, 1.0, 1.0, 1.0, 1.0, 1.0, 1.0, 1.0, 1.0, 1.0, 1.0]},
                      'case': 'Jimenez_Re950',
                      'constant_Sq_heat': 0.0,
                      'use_visc_heating': False,
                      'Pr_turb': 1.0,
                      'fprint': '<function '
                                'Build_arguments_fi_run._mk_args_MK_solver.<locals>.<lambda> '
                                'at 0x7fd3c2d1bdc0>',
                      'compressible_correction': False,
                      'bool_solve_energy': False,
                      'output_last': False},
  'u_imp': 10,
  'k_imp': 1,
  'e_imp': 0,
  'solve_sparse_adj': True,
  'all_ref_beta_distrib': {'K': [1.0, 0.99926145, 0.99856679, 0.99794672, 0.99742952, 0.99704671, 0.99683284, 0.99682496, 0.99706229, 0.99758628, 0.99844107, 0.99967341, 1.0013289, 1.00343871, 1.00600151, 1.00898048, 1.01231317, 1.01591846, 1.01970437, 1.02357724, 1.02744687, 1.03122676, 1.03483322, 1.03818488, 1.04120212, 1.04380692, 1.04592123, 1.04746546, 1.04835944, 1.04852378, 1.04788138, 1.04635924, 1.0438904, 1.04041608, 1.03588796, 1.03027062, 1.02354408, 1.01570648, 1.0067762, 0.99679253, 0.98581581, 0.97392797, 0.96123411, 0.94786601, 0.93399174, 0.91983421, 0.90568982, 0.89194021, 0.87904863, 0.8675365, 0.85794325, 0.85077618, 0.84646213, 0.84530681, 0.84746897, 0.85295101, 0.86160261, 0.87313518, 0.88714489, 0.90314116, 0.92057611, 0.93887411, 0.95745865, 0.97577634, 0.99331612, 1.00962511, 1.02432299, 1.03711244, 1.04778726, 1.05623385, 1.06242781, 1.06642847, 1.06837194, 1.0684655, 1.0669748, 1.06420048, 1.06045435, 1.05604195, 1.05124807, 1.04632289, 1.04147274, 1.03685468, 1.03257224, 1.02867416, 1.02515995, 1.02199871, 1.01915073, 1.01658542, 1.0142896, 1.01226718, 1.0105377, 1.0091282, 1.00805536, 1.00730993, 1.00685107, 1.00661024, 1.00650709, 1.00647178, 1.00646095, 1.003228], 'E': [1.0, 1.0, 1.0, 1.0, 1.0, 1.0, 1.0, 1.0, 1.0, 1.0, 1.0, 1.0, 1.0, 1.0, 1.0, 1.0, 1.0, 1.0, 1.0, 1.0, 1.0, 1.0, 1.0, 1.0, 1.0, 1.0, 1.0, 1.0, 1.0, 1.0, 1.0, 1.0, 1.0, 1.0, 1.0, 1.0, 1.0, 1.0, 1.0, 1.0, 1.0, 1.0, 1.0, 1.0, 1.0, 1.0, 1.0, 1.0, 1.0, 1.0, 1.0, 1.0, 1.0, 1.0, 1.0, 1.0, 1.0, 1.0, 1.0, 1.0, 1.0, 1.0, 1.0, 1.0, 1.0, 1.0, 1.0, 1.0, 1.0, 1.0, 1.0, 1.0, 1.0, 1.0, 1.0, 1.0, 1.0, 1.0, 1.0, 1.0, 1.0, 1.0, 1.0, 1.0, 1.0, 1.0, 1.0, 1.0, 1.0, 1.0, 1.0, 1.0, 1.0, 1.0, 1.0, 1.0, 1.0, 1.0, 1.0, 1.0]},
  'all_ref_delta_distrib': {'K': [-0.0, 0.05210537340620582, 0.10550530051036804, 0.15873871252759877, 0.210145712440377, 0.25705958732852313, 0.2953361138476006, 0.31883783004944816, 0.31888148245153686, 0.28374467371581763, 0.1984158621642328, 0.04489531830346302, -0.19644598814415143, -0.5432849366718363, -1.0048314563570675, -1.5756653925121975, -2.233911113798203, -2.9434329216832102, -3.659983098671368, -4.339415376817385, -4.944367153171578, -5.447595533002388, -5.832534176933721, -6.092115061471866, -6.226708558764164, -6.241984551944501, -6.146825379855121, -5.9517340555984495, -5.668002986414775, -5.307201429995321, -4.880859619157794, -4.400292980820111, -3.876494530544648, -3.320068726441817, -2.7411816986258857, -2.149519974540234, -1.5542508930641985, -0.9639890844744843, -0.38673126519049456, 0.17026626206530168, 0.7005837417257224, 1.1986613305228349, 1.6597427614486981, 2.0797336694291877, 2.454859101910684, 2.781123215529498, 3.053974457864289, 3.2683355898349253, 3.4191008477437594, 3.502009795092899, 3.514622579883029, 3.457136691382949, 3.3327891301388917, 3.1478417363176545, 2.911151907948868, 2.6334613689293227, 2.3265903675318063, 2.0026412798041067, 1.6732795445588153, 1.349145227775618, 1.0394416387238528, 0.7516758867787535, 0.4915512367813444, 0.26297393126259616, 0.06816270445125096, -0.09218581630639582, -0.2187128261606738, -0.3131816321885698, -0.37825881310549475, -0.4172666111508129, -0.4339378404682675, -0.4322009902220577, -0.4159981608706925, -0.38914917881064537, -0.3552069786547034, -0.3173012461800288, -0.2780360665834955, -0.23946267316226552, -0.20309198670245962, -0.169927418238623, -0.14052690158602324, -0.11508018816311129, -0.09348572869041097, -0.07542983640247841, -0.06047262241444334, -0.04814525059203529, -0.038021059416007905, -0.02975033230625553, -0.023059056786479844, -0.017728788722887863, -0.013578682111239979, -0.010444572884053909, -0.008158153723977555, -0.006543285228701819, -0.005428792321195468, -0.004665913062428871, -0.0041438817537875604, -0.003795824328378622, -0.0035917812092534497, -0.0017613667864800047], 'E': [-0.0, -0.0, -0.0, -0.0, -0.0, -0.0, -0.0, -0.0, -0.0, -0.0, -0.0, -0.0, -0.0, -0.0, -0.0, -0.0, -0.0, -0.0, -0.0, -0.0, -0.0, -0.0, -0.0, -0.0, -0.0, -0.0, -0.0, -0.0, -0.0, -0.0, -0.0, -0.0, -0.0, -0.0, -0.0, -0.0, -0.0, -0.0, -0.0, -0.0, -0.0, -0.0, -0.0, -0.0, -0.0, -0.0, -0.0, -0.0, -0.0, -0.0, -0.0, -0.0, -0.0, -0.0, -0.0, -0.0, -0.0, -0.0, -0.0, -0.0, -0.0, -0.0, -0.0, -0.0, -0.0, -0.0, -0.0, -0.0, -0.0, -0.0, -0.0, -0.0, -0.0, -0.0, -0.0, -0.0, -0.0, -0.0, -0.0, -0.0, -0.0, -0.0, -0.0, -0.0, -0.0, -0.0, -0.0, -0.0, -0.0, -0.0, -0.0, -0.0, -0.0, -0.0, -0.0, -0.0, -0.0, -0.0, -0.0, -0.0]},
  'fname_print': '/media/rafael/DATA/Dropbox/20220924_FIML_solver/data/output/field_inversion/Beta_k/u_imp_10/FI_run_Jimenez_Re950_u_imp_10_k_imp_1_e_imp_0/FI_run_Jimenez_Re950_u_imp_10_k_imp_1_e_imp_0.log',
  'folder': '/media/rafael/DATA/Dropbox/20220924_FIML_solver/data/output/field_inversion/Beta_k/u_imp_10/FI_run_Jimenez_Re950_u_imp_10_k_imp_1_e_imp_0',
  'iters_limit': 15000}
# End_Input_Arguments

# ------------------------------------------------------------------------
#                  Iterations
# ------------------------------------------------------------------------

iter:      0 (Jcost: 9.900261e-02) (lr = 1.000e-03) (elapsed time:  0.001) (secs/iter:   None) (n_accepted: 0%) (u_error:  2.448376 %) (beta_change: 15.469319 %) (delta_change:  2.679694 %) (delta_peak/R:  0.000000 %)
-> Saved file: /media/rafael/DATA/Dropbox/20220924_FIML_solver/data/output/field_inversion/Beta_k/u_imp_10/FI_run_Jimenez_Re950_u_imp_10_k_imp_1_e_imp_0/FI_run_Jimenez_Re950_u_imp_10_k_imp_1_e_imp_0_state_iter_0.dat
iter:    100 (Jcost: 2.478152e-02) (lr = 7.874e-01) (elapsed time: 101.567) (secs/iter:  1.016) (n_accepted: 87%) (u_error:  0.937375 %) (beta_change:  5.957411 %) (delta_change:  0.563475 %) (delta_peak/R:  2.733199 %)
iter:    200 (Jcost: 2.415288e-02) (lr = 2.816e-01) (elapsed time: 186.946) (secs/iter:  0.854) (n_accepted: 78%) (u_error:  0.937732 %) (beta_change:  3.715094 %) (delta_change:  0.297274 %) (delta_peak/R:  2.624723 %)
iter:    300 (Jcost: 2.391276e-02) (lr = 4.197e-02) (elapsed time: 269.213) (secs/iter:  0.823) (n_accepted: 77%) (u_error:  0.930354 %) (beta_change:  1.827489 %) (delta_change:  0.182794 %) (delta_peak/R:  2.609737 %)
iter:    400 (Jcost: 2.386027e-02) (lr = 3.603e-02) (elapsed time: 348.422) (secs/iter:  0.792) (n_accepted: 79%) (u_error:  0.929302 %) (beta_change:  1.102998 %) (delta_change:  0.182358 %) (delta_peak/R:  2.601678 %)
iter:    500 (Jcost: 2.383467e-02) (lr = 1.289e-02) (elapsed time: 427.089) (secs/iter:  0.787) (n_accepted: 78%) (u_error:  0.928458 %) (beta_change:  0.599000 %) (delta_change:  0.181984 %) (delta_peak/R:  2.599157 %)
-> Saved file: /media/rafael/DATA/Dropbox/20220924_FIML_solver/data/output/field_inversion/Beta_k/u_imp_10/FI_run_Jimenez_Re950_u_imp_10_k_imp_1_e_imp_0/FI_run_Jimenez_Re950_u_imp_10_k_imp_1_e_imp_0_state_iter_500.dat
iter:    600 (Jcost: 2.381793e-02) (lr = 8.807e-01) (elapsed time: 502.816) (secs/iter:  0.757) (n_accepted: 84%) (u_error:  0.928298 %) (beta_change:  0.598179 %) (delta_change:  0.181745 %) (delta_peak/R:  2.595277 %)
iter:    700 (Jcost: 2.380993e-02) (lr = 3.150e-01) (elapsed time: 578.232) (secs/iter:  0.754) (n_accepted: 78%) (u_error:  0.927386 %) (beta_change:  0.615781 %) (delta_change:  0.181606 %) (delta_peak/R:  2.594870 %)
iter:    800 (Jcost: 2.380275e-02) (lr = 4.695e-02) (elapsed time: 646.717) (secs/iter:  0.685) (n_accepted: 77%) (u_error:  0.926967 %) (beta_change:  0.924664 %) (delta_change:  0.181472 %) (delta_peak/R:  2.594232 %)
iter:    900 (Jcost: 2.379808e-02) (lr = 4.030e-02) (elapsed time: 718.050) (secs/iter:  0.713) (n_accepted: 79%) (u_error:  0.927011 %) (beta_change:  1.163878 %) (delta_change:  0.181384 %) (delta_peak/R:  2.593258 %)
iter:   1000 (Jcost: 2.379464e-02) (lr = 1.148e+00) (elapsed time: 788.676) (secs/iter:  0.706) (n_accepted: 83%) (u_error:  0.926317 %) (beta_change:  1.361100 %) (delta_change:  0.181317 %) (delta_peak/R:  2.593544 %)
-> Saved file: /media/rafael/DATA/Dropbox/20220924_FIML_solver/data/output/field_inversion/Beta_k/u_imp_10/FI_run_Jimenez_Re950_u_imp_10_k_imp_1_e_imp_0/FI_run_Jimenez_Re950_u_imp_10_k_imp_1_e_imp_0_state_iter_1000.dat
iter:   1100 (Jcost: 2.379181e-02) (lr = 4.105e-01) (elapsed time: 860.069) (secs/iter:  0.714) (n_accepted: 78%) (u_error:  0.926982 %) (beta_change:  1.529656 %) (delta_change:  0.181264 %) (delta_peak/R:  2.592157 %)
iter:   1200 (Jcost: 2.378913e-02) (lr = 6.117e-02) (elapsed time: 926.769) (secs/iter:  0.667) (n_accepted: 77%) (u_error:  0.926786 %) (beta_change:  1.699378 %) (delta_change:  0.181213 %) (delta_peak/R:  2.591933 %)
iter:   1300 (Jcost: 2.378730e-02) (lr = 5.251e-02) (elapsed time: 995.474) (secs/iter:  0.687) (n_accepted: 79%) (u_error:  0.926684 %) (beta_change:  1.818456 %) (delta_change:  0.181179 %) (delta_peak/R:  2.591757 %)
iter:   1400 (Jcost: 2.378554e-02) (lr = 1.878e-02) (elapsed time: 1062.724) (secs/iter:  0.672) (n_accepted: 78%) (u_error:  0.926692 %) (beta_change:  1.933690 %) (delta_change:  0.181147 %) (delta_peak/R:  2.591449 %)
iter:   1500 (Jcost: 2.378420e-02) (lr = 9.286e-02) (elapsed time: 1126.548) (secs/iter:  0.638) (n_accepted: 81%) (u_error:  0.926294 %) (beta_change:  2.021978 %) (delta_change:  0.181122 %) (delta_peak/R:  2.591749 %)
-> Saved file: /media/rafael/DATA/Dropbox/20220924_FIML_solver/data/output/field_inversion/Beta_k/u_imp_10/FI_run_Jimenez_Re950_u_imp_10_k_imp_1_e_imp_0/FI_run_Jimenez_Re950_u_imp_10_k_imp_1_e_imp_0_state_iter_1500.dat
iter:   1600 (Jcost: 2.378297e-02) (lr = 1.913e-01) (elapsed time: 1197.216) (secs/iter:  0.707) (n_accepted: 80%) (u_error:  0.925991 %) (beta_change:  2.104595 %) (delta_change:  0.181099 %) (delta_peak/R:  2.591937 %)
iter:   1700 (Jcost: 2.378183e-02) (lr = 9.459e-01) (elapsed time: 1263.558) (secs/iter:  0.663) (n_accepted: 81%) (u_error:  0.926466 %) (beta_change:  2.190333 %) (delta_change:  0.181078 %) (delta_peak/R:  2.591136 %)
iter:   1800 (Jcost: 2.378110e-02) (lr = 1.410e-01) (elapsed time: 1332.813) (secs/iter:  0.693) (n_accepted: 77%) (u_error:  0.926474 %) (beta_change:  2.277050 %) (delta_change:  0.181063 %) (delta_peak/R:  2.591005 %)
iter:   1900 (Jcost: 2.378032e-02) (lr = 2.101e-02) (elapsed time: 1401.054) (secs/iter:  0.682) (n_accepted: 77%) (u_error:  0.926462 %) (beta_change:  2.374471 %) (delta_change:  0.181048 %) (delta_peak/R:  2.590890 %)
iter:   2000 (Jcost: 2.377962e-02) (lr = 1.039e-01) (elapsed time: 1468.314) (secs/iter:  0.673) (n_accepted: 81%) (u_error:  0.925909 %) (beta_change:  2.473696 %) (delta_change:  0.181033 %) (delta_peak/R:  2.591487 %)
-> Saved file: /media/rafael/DATA/Dropbox/20220924_FIML_solver/data/output/field_inversion/Beta_k/u_imp_10/FI_run_Jimenez_Re950_u_imp_10_k_imp_1_e_imp_0/FI_run_Jimenez_Re950_u_imp_10_k_imp_1_e_imp_0_state_iter_2000.dat
iter:   2100 (Jcost: 2.377914e-02) (lr = 3.715e-02) (elapsed time: 1540.270) (secs/iter:  0.720) (n_accepted: 78%) (u_error:  0.926510 %) (beta_change:  2.533721 %) (delta_change:  0.181023 %) (delta_peak/R:  2.590623 %)
iter:   2200 (Jcost: 2.377853e-02) (lr = 3.189e-02) (elapsed time: 1606.836) (secs/iter:  0.666) (n_accepted: 79%) (u_error:  0.926408 %) (beta_change:  2.621889 %) (delta_change:  0.181010 %) (delta_peak/R:  2.590648 %)
iter:   2300 (Jcost: 2.377802e-02) (lr = 3.784e-01) (elapsed time: 1669.650) (secs/iter:  0.628) (n_accepted: 82%) (u_error:  0.926444 %) (beta_change:  2.700578 %) (delta_change:  0.180998 %) (delta_peak/R:  2.590507 %)
iter:   2400 (Jcost: 2.377749e-02) (lr = 5.640e-02) (elapsed time: 1731.426) (secs/iter:  0.618) (n_accepted: 77%) (u_error:  0.926325 %) (beta_change:  2.787430 %) (delta_change:  0.180985 %) (delta_peak/R:  2.590559 %)
iter:   2500 (Jcost: 2.377709e-02) (lr = 4.841e-02) (elapsed time: 1798.008) (secs/iter:  0.666) (n_accepted: 79%) (u_error:  0.926498 %) (beta_change:  2.856807 %) (delta_change:  0.180975 %) (delta_peak/R:  2.590251 %)
-> Saved file: /media/rafael/DATA/Dropbox/20220924_FIML_solver/data/output/field_inversion/Beta_k/u_imp_10/FI_run_Jimenez_Re950_u_imp_10_k_imp_1_e_imp_0/FI_run_Jimenez_Re950_u_imp_10_k_imp_1_e_imp_0_state_iter_2500.dat
iter:   2600 (Jcost: 2.377682e-02) (lr = 4.155e-02) (elapsed time: 1868.911) (secs/iter:  0.709) (n_accepted: 79%) (u_error:  0.926258 %) (beta_change:  2.904110 %) (delta_change:  0.180968 %) (delta_peak/R:  2.590513 %)
iter:   2700 (Jcost: 2.377646e-02) (lr = 3.567e-02) (elapsed time: 1933.702) (secs/iter:  0.648) (n_accepted: 79%) (u_error:  0.926363 %) (beta_change:  2.970557 %) (delta_change:  0.180959 %) (delta_peak/R:  2.590298 %)
iter:   2800 (Jcost: 2.377610e-02) (lr = 3.062e-02) (elapsed time: 1994.820) (secs/iter:  0.611) (n_accepted: 79%) (u_error:  0.926318 %) (beta_change:  3.041028 %) (delta_change:  0.180948 %) (delta_peak/R:  2.590277 %)
iter:   2900 (Jcost: 2.377586e-02) (lr = 3.633e-01) (elapsed time: 2059.268) (secs/iter:  0.644) (n_accepted: 82%) (u_error:  0.926228 %) (beta_change:  3.092050 %) (delta_change:  0.180941 %) (delta_peak/R:  2.590337 %)
iter:   3000 (Jcost: 2.377560e-02) (lr = 2.256e-02) (elapsed time: 2126.415) (secs/iter:  0.671) (n_accepted: 76%) (u_error:  0.926292 %) (beta_change:  3.147668 %) (delta_change:  0.180933 %) (delta_peak/R:  2.590190 %)
-> Saved file: /media/rafael/DATA/Dropbox/20220924_FIML_solver/data/output/field_inversion/Beta_k/u_imp_10/FI_run_Jimenez_Re950_u_imp_10_k_imp_1_e_imp_0/FI_run_Jimenez_Re950_u_imp_10_k_imp_1_e_imp_0_state_iter_3000.dat
iter:   3100 (Jcost: 2.377537e-02) (lr = 1.937e-02) (elapsed time: 2195.656) (secs/iter:  0.692) (n_accepted: 79%) (u_error:  0.926257 %) (beta_change:  3.199376 %) (delta_change:  0.180926 %) (delta_peak/R:  2.590178 %)
iter:   3200 (Jcost: 2.377519e-02) (lr = 5.516e-01) (elapsed time: 2256.982) (secs/iter:  0.613) (n_accepted: 83%) (u_error:  0.926193 %) (beta_change:  3.240702 %) (delta_change:  0.180920 %) (delta_peak/R:  2.590215 %)
iter:   3300 (Jcost: 2.377498e-02) (lr = 1.973e-01) (elapsed time: 2315.741) (secs/iter:  0.588) (n_accepted: 78%) (u_error:  0.926276 %) (beta_change:  3.290329 %) (delta_change:  0.180913 %) (delta_peak/R:  2.590050 %)
iter:   3400 (Jcost: 2.377479e-02) (lr = 2.940e-02) (elapsed time: 2378.761) (secs/iter:  0.630) (n_accepted: 77%) (u_error:  0.926180 %) (beta_change:  3.338533 %) (delta_change:  0.180906 %) (delta_peak/R:  2.590122 %)
iter:   3500 (Jcost: 2.377461e-02) (lr = 3.489e-01) (elapsed time: 2437.091) (secs/iter:  0.583) (n_accepted: 82%) (u_error:  0.926123 %) (beta_change:  3.385559 %) (delta_change:  0.180899 %) (delta_peak/R:  2.590141 %)
-> Saved file: /media/rafael/DATA/Dropbox/20220924_FIML_solver/data/output/field_inversion/Beta_k/u_imp_10/FI_run_Jimenez_Re950_u_imp_10_k_imp_1_e_imp_0/FI_run_Jimenez_Re950_u_imp_10_k_imp_1_e_imp_0_state_iter_3500.dat
iter:   3600 (Jcost: 2.377446e-02) (lr = 1.725e+00) (elapsed time: 2502.289) (secs/iter:  0.652) (n_accepted: 81%) (u_error:  0.926166 %) (beta_change:  3.427050 %) (delta_change:  0.180893 %) (delta_peak/R:  2.590037 %)
iter:   3700 (Jcost: 2.377435e-02) (lr = 6.170e-01) (elapsed time: 2562.091) (secs/iter:  0.598) (n_accepted: 78%) (u_error:  0.926194 %) (beta_change:  3.458615 %) (delta_change:  0.180888 %) (delta_peak/R:  2.589965 %)
iter:   3800 (Jcost: 2.377424e-02) (lr = 3.831e-02) (elapsed time: 2623.869) (secs/iter:  0.618) (n_accepted: 76%) (u_error:  0.926211 %) (beta_change:  3.490733 %) (delta_change:  0.180883 %) (delta_peak/R:  2.589905 %)
iter:   3900 (Jcost: 2.377413e-02) (lr = 3.288e-02) (elapsed time: 2684.144) (secs/iter:  0.603) (n_accepted: 79%) (u_error:  0.926180 %) (beta_change:  3.522821 %) (delta_change:  0.180879 %) (delta_peak/R:  2.589907 %)
iter:   4000 (Jcost: 2.377401e-02) (lr = 2.823e-02) (elapsed time: 2737.974) (secs/iter:  0.538) (n_accepted: 79%) (u_error:  0.926113 %) (beta_change:  3.559284 %) (delta_change:  0.180873 %) (delta_peak/R:  2.589952 %)
-> Saved file: /media/rafael/DATA/Dropbox/20220924_FIML_solver/data/output/field_inversion/Beta_k/u_imp_10/FI_run_Jimenez_Re950_u_imp_10_k_imp_1_e_imp_0/FI_run_Jimenez_Re950_u_imp_10_k_imp_1_e_imp_0_state_iter_4000.dat
iter:   4100 (Jcost: 2.377392e-02) (lr = 8.039e-01) (elapsed time: 2795.930) (secs/iter:  0.580) (n_accepted: 83%) (u_error:  0.926175 %) (beta_change:  3.588046 %) (delta_change:  0.180869 %) (delta_peak/R:  2.589836 %)
iter:   4200 (Jcost: 2.377383e-02) (lr = 6.901e-01) (elapsed time: 2831.440) (secs/iter:  0.355) (n_accepted: 79%) (u_error:  0.926163 %) (beta_change:  3.614254 %) (delta_change:  0.180865 %) (delta_peak/R:  2.589820 %)
iter:   4300 (Jcost: 2.377375e-02) (lr = 1.028e-01) (elapsed time: 2868.538) (secs/iter:  0.371) (n_accepted: 77%) (u_error:  0.926132 %) (beta_change:  3.641641 %) (delta_change:  0.180860 %) (delta_peak/R:  2.589827 %)
iter:   4400 (Jcost: 2.377368e-02) (lr = 1.533e-02) (elapsed time: 2923.702) (secs/iter:  0.552) (n_accepted: 77%) (u_error:  0.926162 %) (beta_change:  3.665001 %) (delta_change:  0.180857 %) (delta_peak/R:  2.589759 %)
iter:   4500 (Jcost: 2.377362e-02) (lr = 4.365e-01) (elapsed time: 2959.694) (secs/iter:  0.360) (n_accepted: 83%) (u_error:  0.926149 %) (beta_change:  3.685543 %) (delta_change:  0.180853 %) (delta_peak/R:  2.589749 %)
-> Saved file: /media/rafael/DATA/Dropbox/20220924_FIML_solver/data/output/field_inversion/Beta_k/u_imp_10/FI_run_Jimenez_Re950_u_imp_10_k_imp_1_e_imp_0/FI_run_Jimenez_Re950_u_imp_10_k_imp_1_e_imp_0_state_iter_4500.dat
iter:   4600 (Jcost: 2.377356e-02) (lr = 1.129e-02) (elapsed time: 2997.721) (secs/iter:  0.380) (n_accepted: 75%) (u_error:  0.926151 %) (beta_change:  3.705356 %) (delta_change:  0.180850 %) (delta_peak/R:  2.589721 %)
iter:   4700 (Jcost: 2.377350e-02) (lr = 1.340e-01) (elapsed time: 3049.896) (secs/iter:  0.522) (n_accepted: 82%) (u_error:  0.926055 %) (beta_change:  3.724825 %) (delta_change:  0.180847 %) (delta_peak/R:  2.589822 %)
iter:   4800 (Jcost: 2.377346e-02) (lr = 2.761e-01) (elapsed time: 3084.151) (secs/iter:  0.343) (n_accepted: 80%) (u_error:  0.926128 %) (beta_change:  3.740141 %) (delta_change:  0.180844 %) (delta_peak/R:  2.589706 %)
iter:   4900 (Jcost: 2.377340e-02) (lr = 4.114e-02) (elapsed time: 3119.199) (secs/iter:  0.350) (n_accepted: 77%) (u_error:  0.926198 %) (beta_change:  3.759246 %) (delta_change:  0.180841 %) (delta_peak/R:  2.589588 %)
iter:   5000 (Jcost: 2.377335e-02) (lr = 8.476e-02) (elapsed time: 3153.833) (secs/iter:  0.346) (n_accepted: 80%) (u_error:  0.926234 %) (beta_change:  3.777669 %) (delta_change:  0.180838 %) (delta_peak/R:  2.589515 %)
-> Saved file: /media/rafael/DATA/Dropbox/20220924_FIML_solver/data/output/field_inversion/Beta_k/u_imp_10/FI_run_Jimenez_Re950_u_imp_10_k_imp_1_e_imp_0/FI_run_Jimenez_Re950_u_imp_10_k_imp_1_e_imp_0_state_iter_5000.dat
iter:   5100 (Jcost: 2.377331e-02) (lr = 4.191e-01) (elapsed time: 3195.651) (secs/iter:  0.418) (n_accepted: 81%) (u_error:  0.926120 %) (beta_change:  3.790133 %) (delta_change:  0.180836 %) (delta_peak/R:  2.589648 %)
iter:   5200 (Jcost: 2.377327e-02) (lr = 3.598e-01) (elapsed time: 3253.940) (secs/iter:  0.583) (n_accepted: 79%) (u_error:  0.926124 %) (beta_change:  3.805508 %) (delta_change:  0.180833 %) (delta_peak/R:  2.589620 %)
iter:   5300 (Jcost: 2.377323e-02) (lr = 1.287e-01) (elapsed time: 3311.870) (secs/iter:  0.579) (n_accepted: 78%) (u_error:  0.926130 %) (beta_change:  3.819157 %) (delta_change:  0.180830 %) (delta_peak/R:  2.589593 %)
iter:   5400 (Jcost: 2.377318e-02) (lr = 4.602e-02) (elapsed time: 3363.943) (secs/iter:  0.521) (n_accepted: 78%) (u_error:  0.926126 %) (beta_change:  3.834841 %) (delta_change:  0.180827 %) (delta_peak/R:  2.589575 %)
iter:   5500 (Jcost: 2.377314e-02) (lr = 1.646e-02) (elapsed time: 3420.742) (secs/iter:  0.568) (n_accepted: 78%) (u_error:  0.926105 %) (beta_change:  3.849323 %) (delta_change:  0.180825 %) (delta_peak/R:  2.589580 %)
-> Saved file: /media/rafael/DATA/Dropbox/20220924_FIML_solver/data/output/field_inversion/Beta_k/u_imp_10/FI_run_Jimenez_Re950_u_imp_10_k_imp_1_e_imp_0/FI_run_Jimenez_Re950_u_imp_10_k_imp_1_e_imp_0_state_iter_5500.dat
iter:   5600 (Jcost: 2.377311e-02) (lr = 4.688e-01) (elapsed time: 3483.027) (secs/iter:  0.623) (n_accepted: 83%) (u_error:  0.926107 %) (beta_change:  3.858020 %) (delta_change:  0.180823 %) (delta_peak/R:  2.589564 %)
iter:   5700 (Jcost: 2.377308e-02) (lr = 2.911e-02) (elapsed time: 3520.223) (secs/iter:  0.372) (n_accepted: 76%) (u_error:  0.926114 %) (beta_change:  3.869081 %) (delta_change:  0.180821 %) (delta_peak/R:  2.589538 %)
iter:   5800 (Jcost: 2.377306e-02) (lr = 3.454e-01) (elapsed time: 3552.420) (secs/iter:  0.322) (n_accepted: 82%) (u_error:  0.926100 %) (beta_change:  3.876721 %) (delta_change:  0.180819 %) (delta_peak/R:  2.589544 %)
iter:   5900 (Jcost: 2.377301e-02) (lr = 2.145e-02) (elapsed time: 3592.660) (secs/iter:  0.402) (n_accepted: 76%) (u_error:  0.926102 %) (beta_change:  3.890089 %) (delta_change:  0.180816 %) (delta_peak/R:  2.589519 %)
iter:   6000 (Jcost: 2.377299e-02) (lr = 1.060e-01) (elapsed time: 3648.153) (secs/iter:  0.555) (n_accepted: 81%) (u_error:  0.926106 %) (beta_change:  3.897121 %) (delta_change:  0.180815 %) (delta_peak/R:  2.589502 %)
-> Saved file: /media/rafael/DATA/Dropbox/20220924_FIML_solver/data/output/field_inversion/Beta_k/u_imp_10/FI_run_Jimenez_Re950_u_imp_10_k_imp_1_e_imp_0/FI_run_Jimenez_Re950_u_imp_10_k_imp_1_e_imp_0_state_iter_6000.dat
iter:   6100 (Jcost: 2.377296e-02) (lr = 1.580e-02) (elapsed time: 3712.835) (secs/iter:  0.647) (n_accepted: 77%) (u_error:  0.926094 %) (beta_change:  3.906203 %) (delta_change:  0.180813 %) (delta_peak/R:  2.589502 %)
iter:   6200 (Jcost: 2.377294e-02) (lr = 1.875e-01) (elapsed time: 3768.500) (secs/iter:  0.557) (n_accepted: 82%) (u_error:  0.926081 %) (beta_change:  3.913014 %) (delta_change:  0.180811 %) (delta_peak/R:  2.589505 %)
iter:   6300 (Jcost: 2.377291e-02) (lr = 1.610e-01) (elapsed time: 3828.800) (secs/iter:  0.603) (n_accepted: 79%) (u_error:  0.926090 %) (beta_change:  3.921035 %) (delta_change:  0.180809 %) (delta_peak/R:  2.589479 %)
iter:   6400 (Jcost: 2.377288e-02) (lr = 2.399e-02) (elapsed time: 3888.935) (secs/iter:  0.601) (n_accepted: 77%) (u_error:  0.926081 %) (beta_change:  3.929990 %) (delta_change:  0.180807 %) (delta_peak/R:  2.589474 %)
iter:   6500 (Jcost: 2.377286e-02) (lr = 4.943e-02) (elapsed time: 3949.229) (secs/iter:  0.603) (n_accepted: 80%) (u_error:  0.926017 %) (beta_change:  3.937191 %) (delta_change:  0.180805 %) (delta_peak/R:  2.589543 %)
-> Saved file: /media/rafael/DATA/Dropbox/20220924_FIML_solver/data/output/field_inversion/Beta_k/u_imp_10/FI_run_Jimenez_Re950_u_imp_10_k_imp_1_e_imp_0/FI_run_Jimenez_Re950_u_imp_10_k_imp_1_e_imp_0_state_iter_6500.dat
iter:   6600 (Jcost: 2.377284e-02) (lr = 1.018e-01) (elapsed time: 4009.274) (secs/iter:  0.600) (n_accepted: 80%) (u_error:  0.926097 %) (beta_change:  3.941980 %) (delta_change:  0.180804 %) (delta_peak/R:  2.589427 %)
iter:   6700 (Jcost: 2.377282e-02) (lr = 1.208e+00) (elapsed time: 4068.510) (secs/iter:  0.592) (n_accepted: 82%) (u_error:  0.926072 %) (beta_change:  3.947853 %) (delta_change:  0.180802 %) (delta_peak/R:  2.589448 %)
iter:   6800 (Jcost: 2.377280e-02) (lr = 1.303e-02) (elapsed time: 4129.600) (secs/iter:  0.611) (n_accepted: 74%) (u_error:  0.926076 %) (beta_change:  3.952125 %) (delta_change:  0.180801 %) (delta_peak/R:  2.589433 %)
iter:   6900 (Jcost: 2.377278e-02) (lr = 3.710e-01) (elapsed time: 4185.350) (secs/iter:  0.557) (n_accepted: 83%) (u_error:  0.926091 %) (beta_change:  3.957090 %) (delta_change:  0.180799 %) (delta_peak/R:  2.589402 %)
iter:   7000 (Jcost: 2.377276e-02) (lr = 5.528e-02) (elapsed time: 4245.070) (secs/iter:  0.597) (n_accepted: 77%) (u_error:  0.926084 %) (beta_change:  3.962104 %) (delta_change:  0.180798 %) (delta_peak/R:  2.589399 %)
-> Saved file: /media/rafael/DATA/Dropbox/20220924_FIML_solver/data/output/field_inversion/Beta_k/u_imp_10/FI_run_Jimenez_Re950_u_imp_10_k_imp_1_e_imp_0/FI_run_Jimenez_Re950_u_imp_10_k_imp_1_e_imp_0_state_iter_7000.dat
iter:   7100 (Jcost: 2.377274e-02) (lr = 4.746e-02) (elapsed time: 4308.796) (secs/iter:  0.637) (n_accepted: 79%) (u_error:  0.926078 %) (beta_change:  3.968859 %) (delta_change:  0.180796 %) (delta_peak/R:  2.589395 %)
iter:   7200 (Jcost: 2.377271e-02) (lr = 5.631e-01) (elapsed time: 4365.045) (secs/iter:  0.562) (n_accepted: 82%) (u_error:  0.926115 %) (beta_change:  3.978330 %) (delta_change:  0.180795 %) (delta_peak/R:  2.589334 %)
iter:   7300 (Jcost: 2.377269e-02) (lr = 2.014e-01) (elapsed time: 4421.546) (secs/iter:  0.565) (n_accepted: 78%) (u_error:  0.926061 %) (beta_change:  3.986296 %) (delta_change:  0.180793 %) (delta_peak/R:  2.589394 %)
iter:   7400 (Jcost: 2.377267e-02) (lr = 1.729e-01) (elapsed time: 4470.263) (secs/iter:  0.487) (n_accepted: 79%) (u_error:  0.926071 %) (beta_change:  3.993694 %) (delta_change:  0.180792 %) (delta_peak/R:  2.589369 %)
iter:   7500 (Jcost: 2.377265e-02) (lr = 2.577e-02) (elapsed time: 4504.101) (secs/iter:  0.338) (n_accepted: 77%) (u_error:  0.926080 %) (beta_change:  4.000525 %) (delta_change:  0.180790 %) (delta_peak/R:  2.589346 %)
-> Saved file: /media/rafael/DATA/Dropbox/20220924_FIML_solver/data/output/field_inversion/Beta_k/u_imp_10/FI_run_Jimenez_Re950_u_imp_10_k_imp_1_e_imp_0/FI_run_Jimenez_Re950_u_imp_10_k_imp_1_e_imp_0_state_iter_7500.dat
iter:   7600 (Jcost: 2.377263e-02) (lr = 2.212e-02) (elapsed time: 4541.093) (secs/iter:  0.370) (n_accepted: 79%) (u_error:  0.926071 %) (beta_change:  4.007376 %) (delta_change:  0.180789 %) (delta_peak/R:  2.589348 %)
iter:   7700 (Jcost: 2.377261e-02) (lr = 4.557e-02) (elapsed time: 4582.337) (secs/iter:  0.412) (n_accepted: 80%) (u_error:  0.926093 %) (beta_change:  4.015190 %) (delta_change:  0.180787 %) (delta_peak/R:  2.589306 %)
iter:   7800 (Jcost: 2.377259e-02) (lr = 5.407e-01) (elapsed time: 4615.453) (secs/iter:  0.331) (n_accepted: 82%) (u_error:  0.926025 %) (beta_change:  4.021005 %) (delta_change:  0.180786 %) (delta_peak/R:  2.589386 %)
iter:   7900 (Jcost: 2.377258e-02) (lr = 4.641e-01) (elapsed time: 4647.863) (secs/iter:  0.324) (n_accepted: 79%) (u_error:  0.926070 %) (beta_change:  4.025619 %) (delta_change:  0.180785 %) (delta_peak/R:  2.589319 %)
iter:   8000 (Jcost: 2.377256e-02) (lr = 2.882e-02) (elapsed time: 4702.958) (secs/iter:  0.551) (n_accepted: 76%) (u_error:  0.926076 %) (beta_change:  4.031681 %) (delta_change:  0.180784 %) (delta_peak/R:  2.589301 %)
-> Saved file: /media/rafael/DATA/Dropbox/20220924_FIML_solver/data/output/field_inversion/Beta_k/u_imp_10/FI_run_Jimenez_Re950_u_imp_10_k_imp_1_e_imp_0/FI_run_Jimenez_Re950_u_imp_10_k_imp_1_e_imp_0_state_iter_8000.dat
iter:   8100 (Jcost: 2.377254e-02) (lr = 2.474e-02) (elapsed time: 4767.579) (secs/iter:  0.646) (n_accepted: 79%) (u_error:  0.926125 %) (beta_change:  4.037004 %) (delta_change:  0.180782 %) (delta_peak/R:  2.589227 %)
iter:   8200 (Jcost: 2.377253e-02) (lr = 1.223e-01) (elapsed time: 4821.737) (secs/iter:  0.542) (n_accepted: 81%) (u_error:  0.926055 %) (beta_change:  4.040675 %) (delta_change:  0.180782 %) (delta_peak/R:  2.589313 %)
iter:   8300 (Jcost: 2.377251e-02) (lr = 1.050e-01) (elapsed time: 4878.133) (secs/iter:  0.564) (n_accepted: 79%) (u_error:  0.926119 %) (beta_change:  4.045400 %) (delta_change:  0.180780 %) (delta_peak/R:  2.589220 %)
iter:   8400 (Jcost: 2.377250e-02) (lr = 1.565e-02) (elapsed time: 4936.940) (secs/iter:  0.588) (n_accepted: 77%) (u_error:  0.926064 %) (beta_change:  4.048448 %) (delta_change:  0.180780 %) (delta_peak/R:  2.589286 %)
iter:   8500 (Jcost: 2.377248e-02) (lr = 1.070e+00) (elapsed time: 4988.797) (secs/iter:  0.519) (n_accepted: 84%) (u_error:  0.926078 %) (beta_change:  4.053425 %) (delta_change:  0.180778 %) (delta_peak/R:  2.589258 %)
-> Saved file: /media/rafael/DATA/Dropbox/20220924_FIML_solver/data/output/field_inversion/Beta_k/u_imp_10/FI_run_Jimenez_Re950_u_imp_10_k_imp_1_e_imp_0/FI_run_Jimenez_Re950_u_imp_10_k_imp_1_e_imp_0_state_iter_8500.dat
iter:   8600 (Jcost: 2.377247e-02) (lr = 1.594e-01) (elapsed time: 5050.874) (secs/iter:  0.621) (n_accepted: 77%) (u_error:  0.926064 %) (beta_change:  4.056267 %) (delta_change:  0.180778 %) (delta_peak/R:  2.589270 %)
iter:   8700 (Jcost: 2.377245e-02) (lr = 1.368e-01) (elapsed time: 5106.162) (secs/iter:  0.553) (n_accepted: 79%) (u_error:  0.926061 %) (beta_change:  4.060278 %) (delta_change:  0.180776 %) (delta_peak/R:  2.589265 %)
iter:   8800 (Jcost: 2.377243e-02) (lr = 2.039e-02) (elapsed time: 5161.296) (secs/iter:  0.551) (n_accepted: 77%) (u_error:  0.926066 %) (beta_change:  4.065045 %) (delta_change:  0.180775 %) (delta_peak/R:  2.589249 %)
iter:   8900 (Jcost: 2.377241e-02) (lr = 4.201e-02) (elapsed time: 5212.503) (secs/iter:  0.512) (n_accepted: 80%) (u_error:  0.926011 %) (beta_change:  4.068522 %) (delta_change:  0.180774 %) (delta_peak/R:  2.589313 %)
iter:   9000 (Jcost: 2.377240e-02) (lr = 8.654e-02) (elapsed time: 5268.913) (secs/iter:  0.564) (n_accepted: 80%) (u_error:  0.926008 %) (beta_change:  4.071947 %) (delta_change:  0.180773 %) (delta_peak/R:  2.589309 %)
-> Saved file: /media/rafael/DATA/Dropbox/20220924_FIML_solver/data/output/field_inversion/Beta_k/u_imp_10/FI_run_Jimenez_Re950_u_imp_10_k_imp_1_e_imp_0/FI_run_Jimenez_Re950_u_imp_10_k_imp_1_e_imp_0_state_iter_9000.dat
iter:   9100 (Jcost: 2.377238e-02) (lr = 1.027e+00) (elapsed time: 5326.597) (secs/iter:  0.577) (n_accepted: 82%) (u_error:  0.926058 %) (beta_change:  4.074678 %) (delta_change:  0.180772 %) (delta_peak/R:  2.589237 %)
iter:   9200 (Jcost: 2.377236e-02) (lr = 6.377e-02) (elapsed time: 5381.525) (secs/iter:  0.549) (n_accepted: 76%) (u_error:  0.926056 %) (beta_change:  4.077932 %) (delta_change:  0.180771 %) (delta_peak/R:  2.589231 %)
iter:   9300 (Jcost: 2.377234e-02) (lr = 1.314e-01) (elapsed time: 5435.410) (secs/iter:  0.539) (n_accepted: 80%) (u_error:  0.926089 %) (beta_change:  4.081376 %) (delta_change:  0.180770 %) (delta_peak/R:  2.589178 %)
iter:   9400 (Jcost: 2.377233e-02) (lr = 6.495e-01) (elapsed time: 5489.535) (secs/iter:  0.541) (n_accepted: 81%) (u_error:  0.926044 %) (beta_change:  4.083881 %) (delta_change:  0.180769 %) (delta_peak/R:  2.589231 %)
iter:   9500 (Jcost: 2.377232e-02) (lr = 2.323e-01) (elapsed time: 5546.184) (secs/iter:  0.566) (n_accepted: 78%) (u_error:  0.926070 %) (beta_change:  4.086107 %) (delta_change:  0.180768 %) (delta_peak/R:  2.589190 %)
-> Saved file: /media/rafael/DATA/Dropbox/20220924_FIML_solver/data/output/field_inversion/Beta_k/u_imp_10/FI_run_Jimenez_Re950_u_imp_10_k_imp_1_e_imp_0/FI_run_Jimenez_Re950_u_imp_10_k_imp_1_e_imp_0_state_iter_9500.dat
iter:   9600 (Jcost: 2.377230e-02) (lr = 3.462e-02) (elapsed time: 5606.904) (secs/iter:  0.607) (n_accepted: 77%) (u_error:  0.926061 %) (beta_change:  4.091759 %) (delta_change:  0.180767 %) (delta_peak/R:  2.589195 %)
iter:   9700 (Jcost: 2.377228e-02) (lr = 2.972e-02) (elapsed time: 5664.109) (secs/iter:  0.572) (n_accepted: 79%) (u_error:  0.926066 %) (beta_change:  4.124493 %) (delta_change:  0.180766 %) (delta_peak/R:  2.589181 %)
iter:   9800 (Jcost: 2.377227e-02) (lr = 2.551e-02) (elapsed time: 5718.191) (secs/iter:  0.541) (n_accepted: 79%) (u_error:  0.926011 %) (beta_change:  4.159738 %) (delta_change:  0.180765 %) (delta_peak/R:  2.589245 %)
iter:   9900 (Jcost: 2.377225e-02) (lr = 1.261e-01) (elapsed time: 5768.769) (secs/iter:  0.506) (n_accepted: 81%) (u_error:  0.926050 %) (beta_change:  4.185614 %) (delta_change:  0.180764 %) (delta_peak/R:  2.589189 %)
iter:  10000 (Jcost: 2.377224e-02) (lr = 1.880e-02) (elapsed time: 5825.268) (secs/iter:  0.565) (n_accepted: 77%) (u_error:  0.926049 %) (beta_change:  4.217155 %) (delta_change:  0.180763 %) (delta_peak/R:  2.589183 %)
-> Saved file: /media/rafael/DATA/Dropbox/20220924_FIML_solver/data/output/field_inversion/Beta_k/u_imp_10/FI_run_Jimenez_Re950_u_imp_10_k_imp_1_e_imp_0/FI_run_Jimenez_Re950_u_imp_10_k_imp_1_e_imp_0_state_iter_10000.dat
iter:  10100 (Jcost: 2.377222e-02) (lr = 5.354e-01) (elapsed time: 5881.512) (secs/iter:  0.562) (n_accepted: 83%) (u_error:  0.926058 %) (beta_change:  4.245613 %) (delta_change:  0.180763 %) (delta_peak/R:  2.589165 %)
iter:  10200 (Jcost: 2.377221e-02) (lr = 3.324e-02) (elapsed time: 5938.475) (secs/iter:  0.570) (n_accepted: 76%) (u_error:  0.926039 %) (beta_change:  4.274707 %) (delta_change:  0.180762 %) (delta_peak/R:  2.589185 %)
iter:  10300 (Jcost: 2.377219e-02) (lr = 1.189e-02) (elapsed time: 5992.145) (secs/iter:  0.537) (n_accepted: 78%) (u_error:  0.926048 %) (beta_change:  4.309082 %) (delta_change:  0.180761 %) (delta_peak/R:  2.589165 %)
iter:  10400 (Jcost: 2.377218e-02) (lr = 8.127e-01) (elapsed time: 6046.655) (secs/iter:  0.545) (n_accepted: 84%) (u_error:  0.926063 %) (beta_change:  4.339010 %) (delta_change:  0.180760 %) (delta_peak/R:  2.589139 %)
iter:  10500 (Jcost: 2.377217e-02) (lr = 2.103e-02) (elapsed time: 6103.787) (secs/iter:  0.571) (n_accepted: 75%) (u_error:  0.926048 %) (beta_change:  4.362146 %) (delta_change:  0.180759 %) (delta_peak/R:  2.589154 %)
-> Saved file: /media/rafael/DATA/Dropbox/20220924_FIML_solver/data/output/field_inversion/Beta_k/u_imp_10/FI_run_Jimenez_Re950_u_imp_10_k_imp_1_e_imp_0/FI_run_Jimenez_Re950_u_imp_10_k_imp_1_e_imp_0_state_iter_10500.dat
iter:  10600 (Jcost: 2.377215e-02) (lr = 1.040e-01) (elapsed time: 6161.140) (secs/iter:  0.574) (n_accepted: 81%) (u_error:  0.925979 %) (beta_change:  4.395571 %) (delta_change:  0.180758 %) (delta_peak/R:  2.589238 %)
iter:  10700 (Jcost: 2.377214e-02) (lr = 1.234e+00) (elapsed time: 6214.545) (secs/iter:  0.534) (n_accepted: 82%) (u_error:  0.926056 %) (beta_change:  4.423577 %) (delta_change:  0.180757 %) (delta_peak/R:  2.589131 %)
iter:  10800 (Jcost: 2.377212e-02) (lr = 4.412e-01) (elapsed time: 6269.237) (secs/iter:  0.547) (n_accepted: 78%) (u_error:  0.926043 %) (beta_change:  4.450138 %) (delta_change:  0.180757 %) (delta_peak/R:  2.589142 %)
iter:  10900 (Jcost: 2.377211e-02) (lr = 1.578e-01) (elapsed time: 6324.782) (secs/iter:  0.555) (n_accepted: 78%) (u_error:  0.926049 %) (beta_change:  4.479076 %) (delta_change:  0.180756 %) (delta_peak/R:  2.589128 %)
iter:  11000 (Jcost: 2.377209e-02) (lr = 1.355e-01) (elapsed time: 6378.050) (secs/iter:  0.533) (n_accepted: 79%) (u_error:  0.926059 %) (beta_change:  4.511150 %) (delta_change:  0.180755 %) (delta_peak/R:  2.589109 %)
-> Saved file: /media/rafael/DATA/Dropbox/20220924_FIML_solver/data/output/field_inversion/Beta_k/u_imp_10/FI_run_Jimenez_Re950_u_imp_10_k_imp_1_e_imp_0/FI_run_Jimenez_Re950_u_imp_10_k_imp_1_e_imp_0_state_iter_11000.dat
iter:  11100 (Jcost: 2.377208e-02) (lr = 2.019e-02) (elapsed time: 6439.994) (secs/iter:  0.619) (n_accepted: 77%) (u_error:  0.926052 %) (beta_change:  4.546141 %) (delta_change:  0.180754 %) (delta_peak/R:  2.589112 %)
iter:  11200 (Jcost: 2.377206e-02) (lr = 4.159e-02) (elapsed time: 6494.934) (secs/iter:  0.549) (n_accepted: 80%) (u_error:  0.925981 %) (beta_change:  4.580172 %) (delta_change:  0.180753 %) (delta_peak/R:  2.589199 %)
iter:  11300 (Jcost: 2.377205e-02) (lr = 4.935e-01) (elapsed time: 6550.283) (secs/iter:  0.553) (n_accepted: 82%) (u_error:  0.926056 %) (beta_change:  4.605228 %) (delta_change:  0.180753 %) (delta_peak/R:  2.589095 %)
iter:  11400 (Jcost: 2.377204e-02) (lr = 3.065e-02) (elapsed time: 6607.110) (secs/iter:  0.568) (n_accepted: 76%) (u_error:  0.926047 %) (beta_change:  4.631311 %) (delta_change:  0.180752 %) (delta_peak/R:  2.589102 %)
iter:  11500 (Jcost: 2.377202e-02) (lr = 3.637e-01) (elapsed time: 6660.323) (secs/iter:  0.532) (n_accepted: 82%) (u_error:  0.926033 %) (beta_change:  4.656776 %) (delta_change:  0.180751 %) (delta_peak/R:  2.589115 %)
-> Saved file: /media/rafael/DATA/Dropbox/20220924_FIML_solver/data/output/field_inversion/Beta_k/u_imp_10/FI_run_Jimenez_Re950_u_imp_10_k_imp_1_e_imp_0/FI_run_Jimenez_Re950_u_imp_10_k_imp_1_e_imp_0_state_iter_11500.dat
iter:  11600 (Jcost: 2.377201e-02) (lr = 5.420e-02) (elapsed time: 6721.296) (secs/iter:  0.610) (n_accepted: 77%) (u_error:  0.926042 %) (beta_change:  4.684212 %) (delta_change:  0.180751 %) (delta_peak/R:  2.589098 %)
iter:  11700 (Jcost: 2.377199e-02) (lr = 1.938e-02) (elapsed time: 6773.897) (secs/iter:  0.526) (n_accepted: 78%) (u_error:  0.926045 %) (beta_change:  4.720598 %) (delta_change:  0.180750 %) (delta_peak/R:  2.589087 %)
iter:  11800 (Jcost: 2.377198e-02) (lr = 5.521e-01) (elapsed time: 6829.288) (secs/iter:  0.554) (n_accepted: 83%) (u_error:  0.926076 %) (beta_change:  4.750142 %) (delta_change:  0.180749 %) (delta_peak/R:  2.589041 %)
iter:  11900 (Jcost: 2.377197e-02) (lr = 1.137e+00) (elapsed time: 6883.251) (secs/iter:  0.540) (n_accepted: 80%) (u_error:  0.926014 %) (beta_change:  4.781133 %) (delta_change:  0.180748 %) (delta_peak/R:  2.589117 %)
iter:  12000 (Jcost: 2.377195e-02) (lr = 4.068e-01) (elapsed time: 6937.520) (secs/iter:  0.543) (n_accepted: 78%) (u_error:  0.926041 %) (beta_change:  4.804076 %) (delta_change:  0.180748 %) (delta_peak/R:  2.589077 %)
-> Saved file: /media/rafael/DATA/Dropbox/20220924_FIML_solver/data/output/field_inversion/Beta_k/u_imp_10/FI_run_Jimenez_Re950_u_imp_10_k_imp_1_e_imp_0/FI_run_Jimenez_Re950_u_imp_10_k_imp_1_e_imp_0_state_iter_12000.dat
iter:  12100 (Jcost: 2.377194e-02) (lr = 1.455e-01) (elapsed time: 6995.622) (secs/iter:  0.581) (n_accepted: 78%) (u_error:  0.926051 %) (beta_change:  4.839071 %) (delta_change:  0.180747 %) (delta_peak/R:  2.589058 %)
iter:  12200 (Jcost: 2.377193e-02) (lr = 1.249e-01) (elapsed time: 7050.839) (secs/iter:  0.552) (n_accepted: 79%) (u_error:  0.926050 %) (beta_change:  4.860125 %) (delta_change:  0.180746 %) (delta_peak/R:  2.589055 %)
iter:  12300 (Jcost: 2.377191e-02) (lr = 4.467e-02) (elapsed time: 7104.495) (secs/iter:  0.537) (n_accepted: 78%) (u_error:  0.926023 %) (beta_change:  4.893510 %) (delta_change:  0.180745 %) (delta_peak/R:  2.589085 %)
iter:  12400 (Jcost: 2.377190e-02) (lr = 9.202e-02) (elapsed time: 7158.943) (secs/iter:  0.544) (n_accepted: 80%) (u_error:  0.926105 %) (beta_change:  4.924973 %) (delta_change:  0.180744 %) (delta_peak/R:  2.588971 %)
iter:  12500 (Jcost: 2.377189e-02) (lr = 7.899e-02) (elapsed time: 7214.470) (secs/iter:  0.555) (n_accepted: 79%) (u_error:  0.926031 %) (beta_change:  4.947148 %) (delta_change:  0.180744 %) (delta_peak/R:  2.589064 %)
-> Saved file: /media/rafael/DATA/Dropbox/20220924_FIML_solver/data/output/field_inversion/Beta_k/u_imp_10/FI_run_Jimenez_Re950_u_imp_10_k_imp_1_e_imp_0/FI_run_Jimenez_Re950_u_imp_10_k_imp_1_e_imp_0_state_iter_12500.dat
iter:  12600 (Jcost: 2.377187e-02) (lr = 6.781e-02) (elapsed time: 7276.141) (secs/iter:  0.617) (n_accepted: 79%) (u_error:  0.926039 %) (beta_change:  4.976646 %) (delta_change:  0.180743 %) (delta_peak/R:  2.589048 %)
iter:  12700 (Jcost: 2.377186e-02) (lr = 2.425e-02) (elapsed time: 7331.462) (secs/iter:  0.553) (n_accepted: 78%) (u_error:  0.925980 %) (beta_change:  5.010560 %) (delta_change:  0.180742 %) (delta_peak/R:  2.589119 %)
iter:  12800 (Jcost: 2.377184e-02) (lr = 6.907e-01) (elapsed time: 7381.490) (secs/iter:  0.500) (n_accepted: 83%) (u_error:  0.926048 %) (beta_change:  5.043877 %) (delta_change:  0.180742 %) (delta_peak/R:  2.589025 %)
iter:  12900 (Jcost: 2.377182e-02) (lr = 1.029e-01) (elapsed time: 7436.230) (secs/iter:  0.547) (n_accepted: 77%) (u_error:  0.926049 %) (beta_change:  5.075800 %) (delta_change:  0.180741 %) (delta_peak/R:  2.589019 %)
iter:  13000 (Jcost: 2.377181e-02) (lr = 3.682e-02) (elapsed time: 7494.032) (secs/iter:  0.578) (n_accepted: 78%) (u_error:  0.926023 %) (beta_change:  5.106246 %) (delta_change:  0.180740 %) (delta_peak/R:  2.589047 %)
-> Saved file: /media/rafael/DATA/Dropbox/20220924_FIML_solver/data/output/field_inversion/Beta_k/u_imp_10/FI_run_Jimenez_Re950_u_imp_10_k_imp_1_e_imp_0/FI_run_Jimenez_Re950_u_imp_10_k_imp_1_e_imp_0_state_iter_13000.dat
iter:  13100 (Jcost: 2.377180e-02) (lr = 4.369e-01) (elapsed time: 7551.514) (secs/iter:  0.575) (n_accepted: 82%) (u_error:  0.926030 %) (beta_change:  5.132055 %) (delta_change:  0.180739 %) (delta_peak/R:  2.589033 %)
iter:  13200 (Jcost: 2.377179e-02) (lr = 1.563e-01) (elapsed time: 7605.662) (secs/iter:  0.541) (n_accepted: 78%) (u_error:  0.926037 %) (beta_change:  5.158932 %) (delta_change:  0.180739 %) (delta_peak/R:  2.589020 %)
iter:  13300 (Jcost: 2.377177e-02) (lr = 2.329e-02) (elapsed time: 7661.658) (secs/iter:  0.560) (n_accepted: 77%) (u_error:  0.926046 %) (beta_change:  5.191181 %) (delta_change:  0.180738 %) (delta_peak/R:  2.589001 %)
iter:  13400 (Jcost: 2.377176e-02) (lr = 1.999e-02) (elapsed time: 7717.568) (secs/iter:  0.559) (n_accepted: 79%) (u_error:  0.926034 %) (beta_change:  5.220748 %) (delta_change:  0.180737 %) (delta_peak/R:  2.589013 %)
iter:  13500 (Jcost: 2.377174e-02) (lr = 2.372e-01) (elapsed time: 7771.922) (secs/iter:  0.544) (n_accepted: 82%) (u_error:  0.926041 %) (beta_change:  5.245464 %) (delta_change:  0.180737 %) (delta_peak/R:  2.588999 %)
-> Saved file: /media/rafael/DATA/Dropbox/20220924_FIML_solver/data/output/field_inversion/Beta_k/u_imp_10/FI_run_Jimenez_Re950_u_imp_10_k_imp_1_e_imp_0/FI_run_Jimenez_Re950_u_imp_10_k_imp_1_e_imp_0_state_iter_13500.dat
iter:  13600 (Jcost: 2.377173e-02) (lr = 2.036e-01) (elapsed time: 7833.245) (secs/iter:  0.613) (n_accepted: 79%) (u_error:  0.926037 %) (beta_change:  5.276651 %) (delta_change:  0.180736 %) (delta_peak/R:  2.588998 %)
iter:  13700 (Jcost: 2.377172e-02) (lr = 3.034e-02) (elapsed time: 7889.354) (secs/iter:  0.561) (n_accepted: 77%) (u_error:  0.926027 %) (beta_change:  5.306819 %) (delta_change:  0.180735 %) (delta_peak/R:  2.589007 %)
iter:  13800 (Jcost: 2.377170e-02) (lr = 2.605e-02) (elapsed time: 7946.316) (secs/iter:  0.570) (n_accepted: 79%) (u_error:  0.925956 %) (beta_change:  5.337866 %) (delta_change:  0.180735 %) (delta_peak/R:  2.589095 %)
iter:  13900 (Jcost: 2.377169e-02) (lr = 3.091e-01) (elapsed time: 7999.224) (secs/iter:  0.529) (n_accepted: 82%) (u_error:  0.926028 %) (beta_change:  5.364196 %) (delta_change:  0.180734 %) (delta_peak/R:  2.588996 %)
iter:  14000 (Jcost: 2.377167e-02) (lr = 1.919e-02) (elapsed time: 8055.228) (secs/iter:  0.560) (n_accepted: 76%) (u_error:  0.926032 %) (beta_change:  5.393357 %) (delta_change:  0.180733 %) (delta_peak/R:  2.588986 %)
-> Saved file: /media/rafael/DATA/Dropbox/20220924_FIML_solver/data/output/field_inversion/Beta_k/u_imp_10/FI_run_Jimenez_Re950_u_imp_10_k_imp_1_e_imp_0/FI_run_Jimenez_Re950_u_imp_10_k_imp_1_e_imp_0_state_iter_14000.dat
iter:  14100 (Jcost: 2.377166e-02) (lr = 3.954e-02) (elapsed time: 8113.976) (secs/iter:  0.587) (n_accepted: 80%) (u_error:  0.926052 %) (beta_change:  5.427289 %) (delta_change:  0.180732 %) (delta_peak/R:  2.588953 %)
iter:  14200 (Jcost: 2.377164e-02) (lr = 1.126e+00) (elapsed time: 8167.923) (secs/iter:  0.539) (n_accepted: 83%) (u_error:  0.926052 %) (beta_change:  5.459117 %) (delta_change:  0.180732 %) (delta_peak/R:  2.588949 %)
iter:  14300 (Jcost: 2.377163e-02) (lr = 4.028e-01) (elapsed time: 8220.053) (secs/iter:  0.521) (n_accepted: 78%) (u_error:  0.926042 %) (beta_change:  5.483482 %) (delta_change:  0.180731 %) (delta_peak/R:  2.588957 %)
iter:  14400 (Jcost: 2.377162e-02) (lr = 1.441e-01) (elapsed time: 8273.948) (secs/iter:  0.539) (n_accepted: 78%) (u_error:  0.926029 %) (beta_change:  5.512581 %) (delta_change:  0.180730 %) (delta_peak/R:  2.588970 %)
iter:  14500 (Jcost: 2.377160e-02) (lr = 5.152e-02) (elapsed time: 8324.597) (secs/iter:  0.506) (n_accepted: 78%) (u_error:  0.926029 %) (beta_change:  5.546263 %) (delta_change:  0.180730 %) (delta_peak/R:  2.588964 %)
-> Saved file: /media/rafael/DATA/Dropbox/20220924_FIML_solver/data/output/field_inversion/Beta_k/u_imp_10/FI_run_Jimenez_Re950_u_imp_10_k_imp_1_e_imp_0/FI_run_Jimenez_Re950_u_imp_10_k_imp_1_e_imp_0_state_iter_14500.dat
iter:  14600 (Jcost: 2.377159e-02) (lr = 1.843e-02) (elapsed time: 8385.958) (secs/iter:  0.614) (n_accepted: 78%) (u_error:  0.926031 %) (beta_change:  5.576585 %) (delta_change:  0.180729 %) (delta_peak/R:  2.588957 %)
iter:  14700 (Jcost: 2.377157e-02) (lr = 9.111e-02) (elapsed time: 8437.691) (secs/iter:  0.517) (n_accepted: 81%) (u_error:  0.926010 %) (beta_change:  5.613582 %) (delta_change:  0.180728 %) (delta_peak/R:  2.588978 %)
iter:  14800 (Jcost: 2.377156e-02) (lr = 1.081e+00) (elapsed time: 8491.451) (secs/iter:  0.538) (n_accepted: 82%) (u_error:  0.926066 %) (beta_change:  5.642587 %) (delta_change:  0.180727 %) (delta_peak/R:  2.588900 %)
iter:  14900 (Jcost: 2.377155e-02) (lr = 3.867e-01) (elapsed time: 8544.120) (secs/iter:  0.527) (n_accepted: 78%) (u_error:  0.926032 %) (beta_change:  5.666221 %) (delta_change:  0.180727 %) (delta_peak/R:  2.588941 %)
iter:  15000 (Jcost: 2.377153e-02) (lr = 1.383e-01) (elapsed time: 8598.895) (secs/iter:  0.548) (n_accepted: 78%) (u_error:  0.926038 %) (beta_change:  5.695368 %) (delta_change:  0.180726 %) (delta_peak/R:  2.588928 %)
-> Saved file: /media/rafael/DATA/Dropbox/20220924_FIML_solver/data/output/field_inversion/Beta_k/u_imp_10/FI_run_Jimenez_Re950_u_imp_10_k_imp_1_e_imp_0/FI_run_Jimenez_Re950_u_imp_10_k_imp_1_e_imp_0_state_iter_15000.dat
iter:  15000 (Jcost: 2.377153e-02) (lr = 1.660e-01) (elapsed time: 8604.510) (secs/iter:   None) (n_accepted: 0%) (u_error:  0.926029 %) (beta_change:  5.695577 %) (delta_change:  0.180726 %) (delta_peak/R:  2.588939 %)
