# ------------------------------------------------------------------------
#                  Input Arguments
# ------------------------------------------------------------------------
# Begin_Input_Arguments
{ 'all_b_mode': ['Beta_k'],
  'args_mk_solver': { 'torch': "<module 'torch' from "
                               "'/home/rafael/anaconda3/lib/python3.9/site-packages/torch/__init__.py'>",
                      'y_grid': [0.0, 0.000309700312, 0.000638645973, 0.00098802599, 0.00135910194, 0.00175321227, 0.00217177688, 0.00261630193, 0.00308838486, 0.00358971984, 0.00412210331, 0.00468744001, 0.00528774917, 0.00592517114, 0.00660197432, 0.0073205624, 0.00808348206, 0.00889343092, 0.00975326602, 0.0106660126, 0.0116348733, 0.0126632377, 0.0137546927, 0.0149130326, 0.0161422702, 0.0174466482, 0.0188306506, 0.0202990157, 0.0218567475, 0.02350913, 0.0252617393, 0.0271204584, 0.0290914903, 0.0311813732, 0.033396994, 0.0357456039, 0.0382348325, 0.0408727029, 0.0436676462, 0.0466285159, 0.0497646022, 0.0530856456, 0.0566018496, 0.0603238931, 0.0642629411, 0.068430655, 0.0728392004, 0.0775012535, 0.0824300053, 0.0876391634, 0.0931429507, 0.0989561006, 0.105093849, 0.111571922, 0.118406518, 0.125614286, 0.133212296, 0.141218006, 0.14964922, 0.158524039, 0.167860801, 0.177678022, 0.187994313, 0.1988283, 0.21019853, 0.222123362, 0.234620856, 0.247708641, 0.261403784, 0.275722637, 0.290680679, 0.306292354, 0.322570888, 0.339528108, 0.357174255, 0.375517785, 0.394565175, 0.414320726, 0.43478637, 0.45596148, 0.47784269, 0.500423731, 0.523695275, 0.547644806, 0.572256506, 0.597511177, 0.623386184, 0.649855436, 0.676889401, 0.704455158, 0.73251649, 0.761034018, 0.789965372, 0.819265404, 0.848886442, 0.878778572, 0.908889961, 0.939167201, 0.969555687, 1.0],
                      'Ret': 546.754076,
                      'cp': 1.0,
                      'A_sca_rho': 1.0,
                      'A_sca_mu': 0.0018289758483666062,
                      'A_sca_k': 0.0018289758483666062,
                      'b_exp_rho': 0.0,
                      'b_exp_mu': 0.0,
                      'b_exp_k': 0.0,
                      'tensor_device': 'cpu',
                      'as_tensor': '<function '
                                   'Build_arguments_fi_run._mk_args_MK_solver.<locals>.<lambda> '
                                   'at 0x7f7afb3dbf70>',
                      'ref_dns': { 'u_dns': [0.0, 0.169270548, 0.349074365, 0.539897335, 0.742461172, 0.957466839, 1.18546375, 1.42743681, 1.68343468, 1.9550404, 2.24137412, 2.54493252, 2.86319957, 3.19997571, 3.55056436, 3.92035197, 4.30159059, 4.70205409, 5.10945592, 5.53608746, 5.96190876, 6.40832488, 6.84178292, 7.29256926, 7.72895167, 8.16910099, 8.60305677, 9.02008447, 9.43974773, 9.83053151, 10.2128905, 10.5887761, 10.9317276, 11.2648498, 11.586647, 11.8860254, 12.167045, 12.4359845, 12.6918454, 12.9335865, 13.1571681, 13.3701321, 13.5727212, 13.7654641, 13.9490903, 14.1244429, 14.2924076, 14.4539058, 14.6098591, 14.7611617, 14.9086427, 15.0530939, 15.1952297, 15.3356405, 15.4745352, 15.6118925, 15.7490378, 15.8863151, 16.0234201, 16.1606097, 16.2987032, 16.4366635, 16.5753071, 16.714355, 16.854058, 16.9942835, 17.135702, 17.2774484, 17.4200237, 17.5632551, 17.7067191, 17.8508994, 17.995569, 18.1405567, 18.2855325, 18.430466, 18.5750964, 18.7194402, 18.8638371, 19.0078064, 19.1507003, 19.2924162, 19.4326678, 19.5710212, 19.7072664, 19.8407782, 19.9711764, 20.0974529, 20.2186199, 20.3343769, 20.4446913, 20.5481844, 20.6441422, 20.730481, 20.8062331, 20.8706749, 20.9218495, 20.9597529, 20.9823422, 20.9901687],
                                   'T_dns': [1.0, 1.0, 1.0, 1.0, 1.0, 1.0, 1.0, 1.0, 1.0, 1.0, 1.0, 1.0, 1.0, 1.0, 1.0, 1.0, 1.0, 1.0, 1.0, 1.0, 1.0, 1.0, 1.0, 1.0, 1.0, 1.0, 1.0, 1.0, 1.0, 1.0, 1.0, 1.0, 1.0, 1.0, 1.0, 1.0, 1.0, 1.0, 1.0, 1.0, 1.0, 1.0, 1.0, 1.0, 1.0, 1.0, 1.0, 1.0, 1.0, 1.0, 1.0, 1.0, 1.0, 1.0, 1.0, 1.0, 1.0, 1.0, 1.0, 1.0, 1.0, 1.0, 1.0, 1.0, 1.0, 1.0, 1.0, 1.0, 1.0, 1.0, 1.0, 1.0, 1.0, 1.0, 1.0, 1.0, 1.0, 1.0, 1.0, 1.0, 1.0, 1.0, 1.0, 1.0, 1.0, 1.0, 1.0, 1.0, 1.0, 1.0, 1.0, 1.0, 1.0, 1.0, 1.0, 1.0, 1.0, 1.0, 1.0, 1.0],
                                   'mu_dns': [0.0018289758483666062, 0.0018289758483666062, 0.0018289758483666062, 0.0018289758483666062, 0.0018289758483666062, 0.0018289758483666062, 0.0018289758483666062, 0.0018289758483666062, 0.0018289758483666062, 0.0018289758483666062, 0.0018289758483666062, 0.0018289758483666062, 0.0018289758483666062, 0.0018289758483666062, 0.0018289758483666062, 0.0018289758483666062, 0.0018289758483666062, 0.0018289758483666062, 0.0018289758483666062, 0.0018289758483666062, 0.0018289758483666062, 0.0018289758483666062, 0.0018289758483666062, 0.0018289758483666062, 0.0018289758483666062, 0.0018289758483666062, 0.0018289758483666062, 0.0018289758483666062, 0.0018289758483666062, 0.0018289758483666062, 0.0018289758483666062, 0.0018289758483666062, 0.0018289758483666062, 0.0018289758483666062, 0.0018289758483666062, 0.0018289758483666062, 0.0018289758483666062, 0.0018289758483666062, 0.0018289758483666062, 0.0018289758483666062, 0.0018289758483666062, 0.0018289758483666062, 0.0018289758483666062, 0.0018289758483666062, 0.0018289758483666062, 0.0018289758483666062, 0.0018289758483666062, 0.0018289758483666062, 0.0018289758483666062, 0.0018289758483666062, 0.0018289758483666062, 0.0018289758483666062, 0.0018289758483666062, 0.0018289758483666062, 0.0018289758483666062, 0.0018289758483666062, 0.0018289758483666062, 0.0018289758483666062, 0.0018289758483666062, 0.0018289758483666062, 0.0018289758483666062, 0.0018289758483666062, 0.0018289758483666062, 0.0018289758483666062, 0.0018289758483666062, 0.0018289758483666062, 0.0018289758483666062, 0.0018289758483666062, 0.0018289758483666062, 0.0018289758483666062, 0.0018289758483666062, 0.0018289758483666062, 0.0018289758483666062, 0.0018289758483666062, 0.0018289758483666062, 0.0018289758483666062, 0.0018289758483666062, 0.0018289758483666062, 0.0018289758483666062, 0.0018289758483666062, 0.0018289758483666062, 0.0018289758483666062, 0.0018289758483666062, 0.0018289758483666062, 0.0018289758483666062, 0.0018289758483666062, 0.0018289758483666062, 0.0018289758483666062, 0.0018289758483666062, 0.0018289758483666062, 0.0018289758483666062, 0.0018289758483666062, 0.0018289758483666062, 0.0018289758483666062, 0.0018289758483666062, 0.0018289758483666062, 0.0018289758483666062, 0.0018289758483666062, 0.0018289758483666062, 0.0018289758483666062],
                                   'rho_dns': [1.0, 1.0, 1.0, 1.0, 1.0, 1.0, 1.0, 1.0, 1.0, 1.0, 1.0, 1.0, 1.0, 1.0, 1.0, 1.0, 1.0, 1.0, 1.0, 1.0, 1.0, 1.0, 1.0, 1.0, 1.0, 1.0, 1.0, 1.0, 1.0, 1.0, 1.0, 1.0, 1.0, 1.0, 1.0, 1.0, 1.0, 1.0, 1.0, 1.0, 1.0, 1.0, 1.0, 1.0, 1.0, 1.0, 1.0, 1.0, 1.0, 1.0, 1.0, 1.0, 1.0, 1.0, 1.0, 1.0, 1.0, 1.0, 1.0, 1.0, 1.0, 1.0, 1.0, 1.0, 1.0, 1.0, 1.0, 1.0, 1.0, 1.0, 1.0, 1.0, 1.0, 1.0, 1.0, 1.0, 1.0, 1.0, 1.0, 1.0, 1.0, 1.0, 1.0, 1.0, 1.0, 1.0, 1.0, 1.0, 1.0, 1.0, 1.0, 1.0, 1.0, 1.0, 1.0, 1.0, 1.0, 1.0, 1.0, 1.0]},
                      'case': 'Jimenez_Re550',
                      'constant_Sq_heat': 0.0,
                      'use_visc_heating': False,
                      'Pr_turb': 1.0,
                      'fprint': '<function '
                                'Build_arguments_fi_run._mk_args_MK_solver.<locals>.<lambda> '
                                'at 0x7f7af9d46310>',
                      'compressible_correction': False,
                      'bool_solve_energy': False,
                      'output_last': False},
  'u_imp': 0.1,
  'k_imp': 1,
  'e_imp': 0,
  'solve_sparse_adj': True,
  'all_ref_beta_distrib': {'K': [1.0, 0.99998053, 0.99996119, 0.99994244, 0.99992466, 0.99990832, 0.99989399, 0.99988237, 0.99987422, 0.99987044, 0.99987196, 0.99987983, 0.99989514, 0.99991906, 0.99995285, 0.99999786, 1.00005551, 1.00012714, 1.00021379, 1.00031574, 1.0004323, 1.00056152, 1.00070035, 1.00084722, 1.00100564, 1.00117943, 1.00136458, 1.00155339, 1.00174169, 1.00192833, 1.00211256, 1.00229327, 1.00246909, 1.0026385, 1.00279979, 1.00295106, 1.00309023, 1.00321501, 1.00332285, 1.00341098, 1.00347641, 1.00351588, 1.00352589, 1.00350267, 1.00344224, 1.0033404, 1.00319277, 1.0029948, 1.00274187, 1.00242931, 1.00205247, 1.00160684, 1.0010881, 1.00049228, 0.99981588, 0.99905606, 0.99821078, 0.99727897, 0.99626077, 0.9951577, 0.99397288, 0.99271149, 0.99138153, 0.98999529, 0.98857148, 0.9871377, 0.9857325, 0.98440596, 0.98321824, 0.98223576, 0.98152537, 0.98114779, 0.98115098, 0.98156492, 0.98239828, 0.9836371, 0.98524562, 0.98716879, 0.98933606, 0.99166624, 0.99407266, 0.99646837, 0.99877066, 1.00090532, 1.00281004, 1.0044372, 1.00575574, 1.00675221, 1.00743071, 1.0078116, 1.00792928, 1.00782948, 1.00756571, 1.00719495, 1.00677302, 1.00635061, 1.00597128, 1.0056709, 1.00547752, 1.00270494], 'E': [1.0, 1.0, 1.0, 1.0, 1.0, 1.0, 1.0, 1.0, 1.0, 1.0, 1.0, 1.0, 1.0, 1.0, 1.0, 1.0, 1.0, 1.0, 1.0, 1.0, 1.0, 1.0, 1.0, 1.0, 1.0, 1.0, 1.0, 1.0, 1.0, 1.0, 1.0, 1.0, 1.0, 1.0, 1.0, 1.0, 1.0, 1.0, 1.0, 1.0, 1.0, 1.0, 1.0, 1.0, 1.0, 1.0, 1.0, 1.0, 1.0, 1.0, 1.0, 1.0, 1.0, 1.0, 1.0, 1.0, 1.0, 1.0, 1.0, 1.0, 1.0, 1.0, 1.0, 1.0, 1.0, 1.0, 1.0, 1.0, 1.0, 1.0, 1.0, 1.0, 1.0, 1.0, 1.0, 1.0, 1.0, 1.0, 1.0, 1.0, 1.0, 1.0, 1.0, 1.0, 1.0, 1.0, 1.0, 1.0, 1.0, 1.0, 1.0, 1.0, 1.0, 1.0, 1.0, 1.0, 1.0, 1.0, 1.0, 1.0]},
  'all_ref_delta_distrib': {'K': [-0.0, 0.000883692157957272, 0.001788877433525452, 0.0027023348612701652, 0.0036150595324164073, 0.00451316010168189, 0.005375581338676479, 0.006170118256047435, 0.006853752325778052, 0.007364429421355667, 0.007622137472082959, 0.007518494909264437, 0.006915738523040572, 0.005639530058562842, 0.003475061023847191, 0.00016687435613133844, -0.004575850582633545, -0.011058318552834425, -0.019561445775140577, -0.030257309037065444, -0.04312229893517112, -0.05785044706342215, -0.07384752944406772, -0.09053453950340319, -0.10781179048201121, -0.12560480590072104, -0.14302351987975262, -0.15889000169558676, -0.17256609332810838, -0.18388190371636023, -0.19282916924651095, -0.19945827860412702, -0.2038655475078884, -0.20618298312895408, -0.20655893668577327, -0.20514718941033136, -0.20210056137652627, -0.19756475868579118, -0.19167385170426834, -0.18455300481084982, -0.17631898369956425, -0.1670786386767932, -0.15693195592517337, -0.1459719121921249, -0.1342881476869424, -0.12196690746875273, -0.1090927136152968, -0.09574842258720286, -0.08201783295018883, -0.06798491691283239, -0.053734362172978195, -0.03935286753193396, -0.02492802785678483, -0.010549610745475849, 0.003690811481693797, 0.01769921885846276, 0.03138007302769843, 0.04463690567397381, 0.05737209056583813, 0.06948818942657951, 0.08088863371332551, 0.09147560705368932, 0.10114571529394832, 0.109780206835134, 0.11723325130513854, 0.12332332042053093, 0.12783438979122488, 0.1305327639699158, 0.13119722015567023, 0.1296579671032879, 0.12583555803055502, 0.11976803244223762, 0.11162368099570136, 0.10169427852722467, 0.09037272344876061, 0.0781207240637608, 0.0654309962434704, 0.05279014519180913, 0.04064599462430095, 0.029380991229734286, 0.01929441838033543, 0.010592944036553724, 0.003390006273855511, -0.002289400303174368, -0.006498429096011902, -0.00935502086449983, -0.011026107252082005, -0.01171096685234187, -0.011624333509376623, -0.010980304141975886, -0.009978548338310309, -0.008793915502989661, -0.007569163368329447, -0.006411185533528931, -0.0053911080638526145, -0.004548386264624945, -0.0038984043672224155, -0.0034414355689199537, -0.0031712198444351436, -0.0015407305239732568], 'E': [-0.0, -0.0, -0.0, -0.0, -0.0, -0.0, -0.0, -0.0, -0.0, -0.0, -0.0, -0.0, -0.0, -0.0, -0.0, -0.0, -0.0, -0.0, -0.0, -0.0, -0.0, -0.0, -0.0, -0.0, -0.0, -0.0, -0.0, -0.0, -0.0, -0.0, -0.0, -0.0, -0.0, -0.0, -0.0, -0.0, -0.0, -0.0, -0.0, -0.0, -0.0, -0.0, -0.0, -0.0, -0.0, -0.0, -0.0, -0.0, -0.0, -0.0, -0.0, -0.0, -0.0, -0.0, -0.0, -0.0, -0.0, -0.0, -0.0, -0.0, -0.0, -0.0, -0.0, -0.0, -0.0, -0.0, -0.0, -0.0, -0.0, -0.0, -0.0, -0.0, -0.0, -0.0, -0.0, -0.0, -0.0, -0.0, -0.0, -0.0, -0.0, -0.0, -0.0, -0.0, -0.0, -0.0, -0.0, -0.0, -0.0, -0.0, -0.0, -0.0, -0.0, -0.0, -0.0, -0.0, -0.0, -0.0, -0.0, -0.0]},
  'fname_print': '/media/rafael/DATA/Dropbox/20220924_FIML_solver/data/output/field_inversion/Beta_k/u_imp_0.1/FI_run_Jimenez_Re550_u_imp_0.1_k_imp_1_e_imp_0/FI_run_Jimenez_Re550_u_imp_0.1_k_imp_1_e_imp_0.log',
  'folder': '/media/rafael/DATA/Dropbox/20220924_FIML_solver/data/output/field_inversion/Beta_k/u_imp_0.1/FI_run_Jimenez_Re550_u_imp_0.1_k_imp_1_e_imp_0',
  'iters_limit': 15000}
# End_Input_Arguments

# ------------------------------------------------------------------------
#                  Iterations
# ------------------------------------------------------------------------

iter:      0 (Jcost: 9.564696e-04) (lr = 1.000e-03) (elapsed time:  0.001) (secs/iter:   None) (n_accepted: 0%) (u_error:  2.420114 %) (beta_change:  1.885221 %) (delta_change:  0.154567 %) (delta_peak/R:  0.000000 %)
-> Saved file: /media/rafael/DATA/Dropbox/20220924_FIML_solver/data/output/field_inversion/Beta_k/u_imp_0.1/FI_run_Jimenez_Re550_u_imp_0.1_k_imp_1_e_imp_0/FI_run_Jimenez_Re550_u_imp_0.1_k_imp_1_e_imp_0_state_iter_0.dat
iter:    100 (Jcost: 8.952698e-04) (lr = 1.890e+00) (elapsed time: 88.727) (secs/iter:  0.887) (n_accepted: 88%) (u_error:  2.300248 %) (beta_change:  0.623036 %) (delta_change:  0.019424 %) (delta_peak/R:  0.145256 %)
iter:    200 (Jcost: 8.935978e-04) (lr = 1.622e+00) (elapsed time: 167.131) (secs/iter:  0.784) (n_accepted: 79%) (u_error:  2.293799 %) (beta_change:  0.110810 %) (delta_change:  0.010901 %) (delta_peak/R:  0.148150 %)
iter:    300 (Jcost: 8.926019e-04) (lr = 1.392e+00) (elapsed time: 241.832) (secs/iter:  0.747) (n_accepted: 79%) (u_error:  2.295556 %) (beta_change:  0.347903 %) (delta_change:  0.008908 %) (delta_peak/R:  0.147317 %)
iter:    400 (Jcost: 8.918746e-04) (lr = 1.195e+00) (elapsed time: 316.678) (secs/iter:  0.748) (n_accepted: 79%) (u_error:  2.295841 %) (beta_change:  0.760586 %) (delta_change:  0.012312 %) (delta_peak/R:  0.147127 %)
iter:    500 (Jcost: 8.913364e-04) (lr = 5.910e+00) (elapsed time: 390.546) (secs/iter:  0.739) (n_accepted: 81%) (u_error:  2.295303 %) (beta_change:  1.112547 %) (delta_change:  0.016068 %) (delta_peak/R:  0.147300 %)
-> Saved file: /media/rafael/DATA/Dropbox/20220924_FIML_solver/data/output/field_inversion/Beta_k/u_imp_0.1/FI_run_Jimenez_Re550_u_imp_0.1_k_imp_1_e_imp_0/FI_run_Jimenez_Re550_u_imp_0.1_k_imp_1_e_imp_0_state_iter_500.dat
iter:    600 (Jcost: 8.908710e-04) (lr = 5.073e+00) (elapsed time: 471.775) (secs/iter:  0.812) (n_accepted: 79%) (u_error:  2.295437 %) (beta_change:  1.459258 %) (delta_change:  0.019134 %) (delta_peak/R:  0.147169 %)
iter:    700 (Jcost: 8.905402e-04) (lr = 1.814e+00) (elapsed time: 539.649) (secs/iter:  0.679) (n_accepted: 78%) (u_error:  2.295185 %) (beta_change:  1.729596 %) (delta_change:  0.021288 %) (delta_peak/R:  0.147219 %)
iter:    800 (Jcost: 8.902208e-04) (lr = 3.738e+00) (elapsed time: 605.557) (secs/iter:  0.659) (n_accepted: 80%) (u_error:  2.294503 %) (beta_change:  2.013044 %) (delta_change:  0.023407 %) (delta_peak/R:  0.147451 %)
iter:    900 (Jcost: 8.899820e-04) (lr = 3.209e+00) (elapsed time: 679.077) (secs/iter:  0.735) (n_accepted: 79%) (u_error:  2.294830 %) (beta_change:  2.245372 %) (delta_change:  0.024877 %) (delta_peak/R:  0.147248 %)
iter:   1000 (Jcost: 8.897418e-04) (lr = 2.754e+00) (elapsed time: 750.225) (secs/iter:  0.711) (n_accepted: 79%) (u_error:  2.294883 %) (beta_change:  2.499511 %) (delta_change:  0.026272 %) (delta_peak/R:  0.147158 %)
-> Saved file: /media/rafael/DATA/Dropbox/20220924_FIML_solver/data/output/field_inversion/Beta_k/u_imp_0.1/FI_run_Jimenez_Re550_u_imp_0.1_k_imp_1_e_imp_0/FI_run_Jimenez_Re550_u_imp_0.1_k_imp_1_e_imp_0_state_iter_1000.dat
iter:   1100 (Jcost: 8.895335e-04) (lr = 2.364e+00) (elapsed time: 829.389) (secs/iter:  0.792) (n_accepted: 79%) (u_error:  2.294305 %) (beta_change:  2.733564 %) (delta_change:  0.027398 %) (delta_peak/R:  0.147349 %)
iter:   1200 (Jcost: 8.893513e-04) (lr = 4.871e+00) (elapsed time: 902.091) (secs/iter:  0.727) (n_accepted: 80%) (u_error:  2.294607 %) (beta_change:  2.947761 %) (delta_change:  0.028313 %) (delta_peak/R:  0.147156 %)
iter:   1300 (Jcost: 8.891843e-04) (lr = 1.003e+01) (elapsed time: 969.466) (secs/iter:  0.674) (n_accepted: 80%) (u_error:  2.294840 %) (beta_change:  3.159877 %) (delta_change:  0.029112 %) (delta_peak/R:  0.146992 %)
iter:   1400 (Jcost: 8.890493e-04) (lr = 3.589e+00) (elapsed time: 1041.738) (secs/iter:  0.723) (n_accepted: 78%) (u_error:  2.294142 %) (beta_change:  3.343526 %) (delta_change:  0.029832 %) (delta_peak/R:  0.147249 %)
iter:   1500 (Jcost: 8.889225e-04) (lr = 1.284e+00) (elapsed time: 1113.584) (secs/iter:  0.718) (n_accepted: 78%) (u_error:  2.293556 %) (beta_change:  3.530796 %) (delta_change:  0.030505 %) (delta_peak/R:  0.147455 %)
-> Saved file: /media/rafael/DATA/Dropbox/20220924_FIML_solver/data/output/field_inversion/Beta_k/u_imp_0.1/FI_run_Jimenez_Re550_u_imp_0.1_k_imp_1_e_imp_0/FI_run_Jimenez_Re550_u_imp_0.1_k_imp_1_e_imp_0_state_iter_1500.dat
iter:   1600 (Jcost: 8.887926e-04) (lr = 2.645e+00) (elapsed time: 1181.460) (secs/iter:  0.679) (n_accepted: 80%) (u_error:  2.294412 %) (beta_change:  3.721557 %) (delta_change:  0.031133 %) (delta_peak/R:  0.147022 %)
iter:   1700 (Jcost: 8.886813e-04) (lr = 9.459e-01) (elapsed time: 1251.736) (secs/iter:  0.703) (n_accepted: 78%) (u_error:  2.294027 %) (beta_change:  3.892038 %) (delta_change:  0.031649 %) (delta_peak/R:  0.147142 %)
iter:   1800 (Jcost: 8.885732e-04) (lr = 1.122e+01) (elapsed time: 1319.529) (secs/iter:  0.678) (n_accepted: 82%) (u_error:  2.294133 %) (beta_change:  4.065388 %) (delta_change:  0.032215 %) (delta_peak/R:  0.147044 %)
iter:   1900 (Jcost: 8.884762e-04) (lr = 1.673e+00) (elapsed time: 1388.438) (secs/iter:  0.689) (n_accepted: 77%) (u_error:  2.293194 %) (beta_change:  4.243087 %) (delta_change:  0.032965 %) (delta_peak/R:  0.147409 %)
iter:   2000 (Jcost: 8.883842e-04) (lr = 8.271e+00) (elapsed time: 1447.053) (secs/iter:  0.586) (n_accepted: 81%) (u_error:  2.293514 %) (beta_change:  4.408696 %) (delta_change:  0.033605 %) (delta_peak/R:  0.147222 %)
-> Saved file: /media/rafael/DATA/Dropbox/20220924_FIML_solver/data/output/field_inversion/Beta_k/u_imp_0.1/FI_run_Jimenez_Re550_u_imp_0.1_k_imp_1_e_imp_0/FI_run_Jimenez_Re550_u_imp_0.1_k_imp_1_e_imp_0_state_iter_2000.dat
iter:   2100 (Jcost: 8.882985e-04) (lr = 2.958e+00) (elapsed time: 1518.152) (secs/iter:  0.711) (n_accepted: 78%) (u_error:  2.293827 %) (beta_change:  4.573256 %) (delta_change:  0.034217 %) (delta_peak/R:  0.147038 %)
iter:   2200 (Jcost: 8.882181e-04) (lr = 2.539e+00) (elapsed time: 1607.165) (secs/iter:  0.890) (n_accepted: 79%) (u_error:  2.293599 %) (beta_change:  4.731381 %) (delta_change:  0.034951 %) (delta_peak/R:  0.147093 %)
iter:   2300 (Jcost: 8.881450e-04) (lr = 9.082e-01) (elapsed time: 1693.061) (secs/iter:  0.859) (n_accepted: 78%) (u_error:  2.293460 %) (beta_change:  4.879788 %) (delta_change:  0.035609 %) (delta_peak/R:  0.147113 %)
iter:   2400 (Jcost: 8.880744e-04) (lr = 1.871e+00) (elapsed time: 1782.692) (secs/iter:  0.896) (n_accepted: 80%) (u_error:  2.293674 %) (beta_change:  5.028406 %) (delta_change:  0.036237 %) (delta_peak/R:  0.146976 %)
iter:   2500 (Jcost: 8.880052e-04) (lr = 3.855e+00) (elapsed time: 1868.581) (secs/iter:  0.859) (n_accepted: 80%) (u_error:  2.293184 %) (beta_change:  5.189125 %) (delta_change:  0.036826 %) (delta_peak/R:  0.147150 %)
-> Saved file: /media/rafael/DATA/Dropbox/20220924_FIML_solver/data/output/field_inversion/Beta_k/u_imp_0.1/FI_run_Jimenez_Re550_u_imp_0.1_k_imp_1_e_imp_0/FI_run_Jimenez_Re550_u_imp_0.1_k_imp_1_e_imp_0_state_iter_2500.dat
iter:   2600 (Jcost: 8.879348e-04) (lr = 1.379e+00) (elapsed time: 1942.240) (secs/iter:  0.737) (n_accepted: 78%) (u_error:  2.293213 %) (beta_change:  5.358538 %) (delta_change:  0.037410 %) (delta_peak/R:  0.147094 %)
iter:   2700 (Jcost: 8.878673e-04) (lr = 2.840e+00) (elapsed time: 1999.753) (secs/iter:  0.575) (n_accepted: 80%) (u_error:  2.293158 %) (beta_change:  5.526618 %) (delta_change:  0.037952 %) (delta_peak/R:  0.147073 %)
iter:   2800 (Jcost: 8.878111e-04) (lr = 2.438e+00) (elapsed time: 2065.610) (secs/iter:  0.659) (n_accepted: 79%) (u_error:  2.292971 %) (beta_change:  5.670907 %) (delta_change:  0.038388 %) (delta_peak/R:  0.147119 %)
iter:   2900 (Jcost: 8.877602e-04) (lr = 5.023e+00) (elapsed time: 2131.385) (secs/iter:  0.658) (n_accepted: 80%) (u_error:  2.293035 %) (beta_change:  5.803935 %) (delta_change:  0.038766 %) (delta_peak/R:  0.147056 %)
iter:   3000 (Jcost: 8.877017e-04) (lr = 4.312e+00) (elapsed time: 2194.561) (secs/iter:  0.632) (n_accepted: 79%) (u_error:  2.292750 %) (beta_change:  5.963536 %) (delta_change:  0.039186 %) (delta_peak/R:  0.147140 %)
-> Saved file: /media/rafael/DATA/Dropbox/20220924_FIML_solver/data/output/field_inversion/Beta_k/u_imp_0.1/FI_run_Jimenez_Re550_u_imp_0.1_k_imp_1_e_imp_0/FI_run_Jimenez_Re550_u_imp_0.1_k_imp_1_e_imp_0_state_iter_3000.dat
iter:   3100 (Jcost: 8.876569e-04) (lr = 1.542e+00) (elapsed time: 2252.124) (secs/iter:  0.576) (n_accepted: 78%) (u_error:  2.293209 %) (beta_change:  6.098911 %) (delta_change:  0.039542 %) (delta_peak/R:  0.146905 %)
iter:   3200 (Jcost: 8.876027e-04) (lr = 3.177e+00) (elapsed time: 2303.508) (secs/iter:  0.514) (n_accepted: 80%) (u_error:  2.292748 %) (beta_change:  6.263303 %) (delta_change:  0.040089 %) (delta_peak/R:  0.147069 %)
iter:   3300 (Jcost: 8.875567e-04) (lr = 6.545e+00) (elapsed time: 2367.552) (secs/iter:  0.640) (n_accepted: 80%) (u_error:  2.292790 %) (beta_change:  6.408423 %) (delta_change:  0.040551 %) (delta_peak/R:  0.147016 %)
iter:   3400 (Jcost: 8.875134e-04) (lr = 2.341e+00) (elapsed time: 2435.160) (secs/iter:  0.676) (n_accepted: 78%) (u_error:  2.292715 %) (beta_change:  6.548694 %) (delta_change:  0.040978 %) (delta_peak/R:  0.147016 %)
iter:   3500 (Jcost: 8.874703e-04) (lr = 2.009e+00) (elapsed time: 2480.908) (secs/iter:  0.457) (n_accepted: 79%) (u_error:  2.292582 %) (beta_change:  6.691989 %) (delta_change:  0.041397 %) (delta_peak/R:  0.147041 %)
-> Saved file: /media/rafael/DATA/Dropbox/20220924_FIML_solver/data/output/field_inversion/Beta_k/u_imp_0.1/FI_run_Jimenez_Re550_u_imp_0.1_k_imp_1_e_imp_0/FI_run_Jimenez_Re550_u_imp_0.1_k_imp_1_e_imp_0_state_iter_3500.dat
iter:   3600 (Jcost: 8.874315e-04) (lr = 1.725e+00) (elapsed time: 2548.233) (secs/iter:  0.673) (n_accepted: 79%) (u_error:  2.292814 %) (beta_change:  6.824597 %) (delta_change:  0.041767 %) (delta_peak/R:  0.146907 %)
iter:   3700 (Jcost: 8.873940e-04) (lr = 8.529e+00) (elapsed time: 2602.156) (secs/iter:  0.539) (n_accepted: 81%) (u_error:  2.292881 %) (beta_change:  6.965903 %) (delta_change:  0.042122 %) (delta_peak/R:  0.146846 %)
iter:   3800 (Jcost: 8.873581e-04) (lr = 7.321e+00) (elapsed time: 2662.144) (secs/iter:  0.600) (n_accepted: 79%) (u_error:  2.292504 %) (beta_change:  7.098467 %) (delta_change:  0.042439 %) (delta_peak/R:  0.146984 %)
iter:   3900 (Jcost: 8.873220e-04) (lr = 6.284e+00) (elapsed time: 2729.967) (secs/iter:  0.678) (n_accepted: 79%) (u_error:  2.292651 %) (beta_change:  7.240554 %) (delta_change:  0.042763 %) (delta_peak/R:  0.146888 %)
iter:   4000 (Jcost: 8.872881e-04) (lr = 2.248e+00) (elapsed time: 2784.622) (secs/iter:  0.547) (n_accepted: 78%) (u_error:  2.292432 %) (beta_change:  7.374157 %) (delta_change:  0.043053 %) (delta_peak/R:  0.146956 %)
-> Saved file: /media/rafael/DATA/Dropbox/20220924_FIML_solver/data/output/field_inversion/Beta_k/u_imp_0.1/FI_run_Jimenez_Re550_u_imp_0.1_k_imp_1_e_imp_0/FI_run_Jimenez_Re550_u_imp_0.1_k_imp_1_e_imp_0_state_iter_4000.dat
iter:   4100 (Jcost: 8.872532e-04) (lr = 4.631e+00) (elapsed time: 2834.479) (secs/iter:  0.499) (n_accepted: 80%) (u_error:  2.292341 %) (beta_change:  7.516631 %) (delta_change:  0.043346 %) (delta_peak/R:  0.146966 %)
iter:   4200 (Jcost: 8.872219e-04) (lr = 3.975e+00) (elapsed time: 2896.831) (secs/iter:  0.624) (n_accepted: 79%) (u_error:  2.292185 %) (beta_change:  7.648277 %) (delta_change:  0.043604 %) (delta_peak/R:  0.147007 %)
iter:   4300 (Jcost: 8.871890e-04) (lr = 5.924e-01) (elapsed time: 2957.500) (secs/iter:  0.607) (n_accepted: 77%) (u_error:  2.292254 %) (beta_change:  7.793248 %) (delta_change:  0.043862 %) (delta_peak/R:  0.146946 %)
iter:   4400 (Jcost: 8.871594e-04) (lr = 2.929e+00) (elapsed time: 3019.460) (secs/iter:  0.620) (n_accepted: 81%) (u_error:  2.292372 %) (beta_change:  7.929529 %) (delta_change:  0.044169 %) (delta_peak/R:  0.146867 %)
iter:   4500 (Jcost: 8.871282e-04) (lr = 1.448e+01) (elapsed time: 3074.358) (secs/iter:  0.549) (n_accepted: 81%) (u_error:  2.292199 %) (beta_change:  8.074342 %) (delta_change:  0.044550 %) (delta_peak/R:  0.146914 %)
-> Saved file: /media/rafael/DATA/Dropbox/20220924_FIML_solver/data/output/field_inversion/Beta_k/u_imp_0.1/FI_run_Jimenez_Re550_u_imp_0.1_k_imp_1_e_imp_0/FI_run_Jimenez_Re550_u_imp_0.1_k_imp_1_e_imp_0_state_iter_4500.dat
iter:   4600 (Jcost: 8.871019e-04) (lr = 8.992e-01) (elapsed time: 3127.424) (secs/iter:  0.531) (n_accepted: 76%) (u_error:  2.292128 %) (beta_change:  8.199653 %) (delta_change:  0.044871 %) (delta_peak/R:  0.146921 %)
iter:   4700 (Jcost: 8.870741e-04) (lr = 4.446e+00) (elapsed time: 3183.363) (secs/iter:  0.559) (n_accepted: 81%) (u_error:  2.291845 %) (beta_change:  8.337867 %) (delta_change:  0.045213 %) (delta_peak/R:  0.147018 %)
iter:   4800 (Jcost: 8.870474e-04) (lr = 9.160e+00) (elapsed time: 3228.406) (secs/iter:  0.450) (n_accepted: 80%) (u_error:  2.292007 %) (beta_change:  8.468535 %) (delta_change:  0.045527 %) (delta_peak/R:  0.146921 %)
iter:   4900 (Jcost: 8.870214e-04) (lr = 3.276e+00) (elapsed time: 3286.519) (secs/iter:  0.581) (n_accepted: 78%) (u_error:  2.292037 %) (beta_change:  8.600822 %) (delta_change:  0.045835 %) (delta_peak/R:  0.146882 %)
iter:   5000 (Jcost: 8.869973e-04) (lr = 1.172e+00) (elapsed time: 3346.001) (secs/iter:  0.595) (n_accepted: 78%) (u_error:  2.291961 %) (beta_change:  8.726359 %) (delta_change:  0.046119 %) (delta_peak/R:  0.146891 %)
-> Saved file: /media/rafael/DATA/Dropbox/20220924_FIML_solver/data/output/field_inversion/Beta_k/u_imp_0.1/FI_run_Jimenez_Re550_u_imp_0.1_k_imp_1_e_imp_0/FI_run_Jimenez_Re550_u_imp_0.1_k_imp_1_e_imp_0_state_iter_5000.dat
iter:   5100 (Jcost: 8.869718e-04) (lr = 5.794e+00) (elapsed time: 3399.705) (secs/iter:  0.537) (n_accepted: 81%) (u_error:  2.291919 %) (beta_change:  8.861447 %) (delta_change:  0.046414 %) (delta_peak/R:  0.146884 %)
iter:   5200 (Jcost: 8.869486e-04) (lr = 4.973e+00) (elapsed time: 3462.650) (secs/iter:  0.629) (n_accepted: 79%) (u_error:  2.291859 %) (beta_change:  8.987220 %) (delta_change:  0.046680 %) (delta_peak/R:  0.146886 %)
iter:   5300 (Jcost: 8.869251e-04) (lr = 1.025e+01) (elapsed time: 3523.544) (secs/iter:  0.609) (n_accepted: 80%) (u_error:  2.292011 %) (beta_change:  9.118898 %) (delta_change:  0.046949 %) (delta_peak/R:  0.146794 %)
iter:   5400 (Jcost: 8.869001e-04) (lr = 8.795e+00) (elapsed time: 3580.837) (secs/iter:  0.573) (n_accepted: 79%) (u_error:  2.291920 %) (beta_change:  9.259064 %) (delta_change:  0.047226 %) (delta_peak/R:  0.146808 %)
iter:   5500 (Jcost: 8.868799e-04) (lr = 1.311e+00) (elapsed time: 3645.515) (secs/iter:  0.647) (n_accepted: 77%) (u_error:  2.291829 %) (beta_change:  9.374794 %) (delta_change:  0.047447 %) (delta_peak/R:  0.146826 %)
-> Saved file: /media/rafael/DATA/Dropbox/20220924_FIML_solver/data/output/field_inversion/Beta_k/u_imp_0.1/FI_run_Jimenez_Re550_u_imp_0.1_k_imp_1_e_imp_0/FI_run_Jimenez_Re550_u_imp_0.1_k_imp_1_e_imp_0_state_iter_5500.dat
iter:   5600 (Jcost: 8.868595e-04) (lr = 6.480e+00) (elapsed time: 3712.733) (secs/iter:  0.672) (n_accepted: 81%) (u_error:  2.291756 %) (beta_change:  9.494003 %) (delta_change:  0.047667 %) (delta_peak/R:  0.146836 %)
iter:   5700 (Jcost: 8.868409e-04) (lr = 2.318e+00) (elapsed time: 3776.034) (secs/iter:  0.633) (n_accepted: 78%) (u_error:  2.291689 %) (beta_change:  9.604773 %) (delta_change:  0.047865 %) (delta_peak/R:  0.146845 %)
iter:   5800 (Jcost: 8.868196e-04) (lr = 8.290e-01) (elapsed time: 3825.211) (secs/iter:  0.492) (n_accepted: 78%) (u_error:  2.291643 %) (beta_change:  9.733822 %) (delta_change:  0.048088 %) (delta_peak/R:  0.146841 %)
iter:   5900 (Jcost: 8.867996e-04) (lr = 4.099e+00) (elapsed time: 3888.152) (secs/iter:  0.629) (n_accepted: 81%) (u_error:  2.291475 %) (beta_change:  9.858837 %) (delta_change:  0.048301 %) (delta_peak/R:  0.146893 %)
iter:   6000 (Jcost: 8.867814e-04) (lr = 3.518e+00) (elapsed time: 3952.354) (secs/iter:  0.642) (n_accepted: 79%) (u_error:  2.291555 %) (beta_change:  9.972103 %) (delta_change:  0.048594 %) (delta_peak/R:  0.146837 %)
-> Saved file: /media/rafael/DATA/Dropbox/20220924_FIML_solver/data/output/field_inversion/Beta_k/u_imp_0.1/FI_run_Jimenez_Re550_u_imp_0.1_k_imp_1_e_imp_0/FI_run_Jimenez_Re550_u_imp_0.1_k_imp_1_e_imp_0_state_iter_6000.dat
iter:   6100 (Jcost: 8.867620e-04) (lr = 7.249e+00) (elapsed time: 4023.123) (secs/iter:  0.708) (n_accepted: 80%) (u_error:  2.291496 %) (beta_change: 10.097113 %) (delta_change:  0.048912 %) (delta_peak/R:  0.146840 %)
iter:   6200 (Jcost: 8.867445e-04) (lr = 6.222e+00) (elapsed time: 4085.476) (secs/iter:  0.624) (n_accepted: 79%) (u_error:  2.291612 %) (beta_change: 10.211474 %) (delta_change:  0.049197 %) (delta_peak/R:  0.146768 %)
iter:   6300 (Jcost: 8.867265e-04) (lr = 5.341e+00) (elapsed time: 4148.575) (secs/iter:  0.631) (n_accepted: 79%) (u_error:  2.291459 %) (beta_change: 10.330375 %) (delta_change:  0.049488 %) (delta_peak/R:  0.146814 %)
iter:   6400 (Jcost: 8.867092e-04) (lr = 4.585e+00) (elapsed time: 4210.138) (secs/iter:  0.616) (n_accepted: 79%) (u_error:  2.291484 %) (beta_change: 10.446985 %) (delta_change:  0.049767 %) (delta_peak/R:  0.146782 %)
iter:   6500 (Jcost: 8.866945e-04) (lr = 3.936e+00) (elapsed time: 4272.248) (secs/iter:  0.621) (n_accepted: 79%) (u_error:  2.291412 %) (beta_change: 10.548128 %) (delta_change:  0.050006 %) (delta_peak/R:  0.146796 %)
-> Saved file: /media/rafael/DATA/Dropbox/20220924_FIML_solver/data/output/field_inversion/Beta_k/u_imp_0.1/FI_run_Jimenez_Re550_u_imp_0.1_k_imp_1_e_imp_0/FI_run_Jimenez_Re550_u_imp_0.1_k_imp_1_e_imp_0_state_iter_6500.dat
iter:   6600 (Jcost: 8.866767e-04) (lr = 8.108e+00) (elapsed time: 4335.261) (secs/iter:  0.630) (n_accepted: 80%) (u_error:  2.291411 %) (beta_change: 10.671786 %) (delta_change:  0.050292 %) (delta_peak/R:  0.146774 %)
iter:   6700 (Jcost: 8.866611e-04) (lr = 1.208e+00) (elapsed time: 4399.621) (secs/iter:  0.644) (n_accepted: 77%) (u_error:  2.291186 %) (beta_change: 10.783944 %) (delta_change:  0.050547 %) (delta_peak/R:  0.146854 %)
iter:   6800 (Jcost: 8.866455e-04) (lr = 2.489e+00) (elapsed time: 4457.478) (secs/iter:  0.579) (n_accepted: 80%) (u_error:  2.291200 %) (beta_change: 10.895912 %) (delta_change:  0.050796 %) (delta_peak/R:  0.146828 %)
iter:   6900 (Jcost: 8.866317e-04) (lr = 5.128e+00) (elapsed time: 4521.817) (secs/iter:  0.643) (n_accepted: 80%) (u_error:  2.291281 %) (beta_change: 10.995761 %) (delta_change:  0.051014 %) (delta_peak/R:  0.146774 %)
iter:   7000 (Jcost: 8.866170e-04) (lr = 1.057e+01) (elapsed time: 4581.698) (secs/iter:  0.599) (n_accepted: 80%) (u_error:  2.291258 %) (beta_change: 11.104662 %) (delta_change:  0.051248 %) (delta_peak/R:  0.146766 %)
-> Saved file: /media/rafael/DATA/Dropbox/20220924_FIML_solver/data/output/field_inversion/Beta_k/u_imp_0.1/FI_run_Jimenez_Re550_u_imp_0.1_k_imp_1_e_imp_0/FI_run_Jimenez_Re550_u_imp_0.1_k_imp_1_e_imp_0_state_iter_7000.dat
iter:   7100 (Jcost: 8.866022e-04) (lr = 6.560e-01) (elapsed time: 4648.077) (secs/iter:  0.664) (n_accepted: 76%) (u_error:  2.291223 %) (beta_change: 11.216127 %) (delta_change:  0.051483 %) (delta_peak/R:  0.146762 %)
iter:   7200 (Jcost: 8.865884e-04) (lr = 1.352e+00) (elapsed time: 4706.487) (secs/iter:  0.584) (n_accepted: 80%) (u_error:  2.291195 %) (beta_change: 11.322553 %) (delta_change:  0.051703 %) (delta_peak/R:  0.146756 %)
iter:   7300 (Jcost: 8.865743e-04) (lr = 1.160e+00) (elapsed time: 4767.411) (secs/iter:  0.609) (n_accepted: 79%) (u_error:  2.291131 %) (beta_change: 11.431532 %) (delta_change:  0.051923 %) (delta_peak/R:  0.146765 %)
iter:   7400 (Jcost: 8.865611e-04) (lr = 2.390e+00) (elapsed time: 4829.741) (secs/iter:  0.623) (n_accepted: 80%) (u_error:  2.291177 %) (beta_change: 11.536289 %) (delta_change:  0.052132 %) (delta_peak/R:  0.146727 %)
iter:   7500 (Jcost: 8.865472e-04) (lr = 2.052e+00) (elapsed time: 4888.489) (secs/iter:  0.587) (n_accepted: 79%) (u_error:  2.291091 %) (beta_change: 11.647177 %) (delta_change:  0.052348 %) (delta_peak/R:  0.146745 %)
-> Saved file: /media/rafael/DATA/Dropbox/20220924_FIML_solver/data/output/field_inversion/Beta_k/u_imp_0.1/FI_run_Jimenez_Re550_u_imp_0.1_k_imp_1_e_imp_0/FI_run_Jimenez_Re550_u_imp_0.1_k_imp_1_e_imp_0_state_iter_7500.dat
iter:   7600 (Jcost: 8.865342e-04) (lr = 4.227e+00) (elapsed time: 4953.613) (secs/iter:  0.651) (n_accepted: 80%) (u_error:  2.291071 %) (beta_change: 11.753222 %) (delta_change:  0.052550 %) (delta_peak/R:  0.146737 %)
iter:   7700 (Jcost: 8.865230e-04) (lr = 3.628e+00) (elapsed time: 5014.873) (secs/iter:  0.613) (n_accepted: 79%) (u_error:  2.291048 %) (beta_change: 11.846015 %) (delta_change:  0.052724 %) (delta_peak/R:  0.146731 %)
iter:   7800 (Jcost: 8.865102e-04) (lr = 1.298e+00) (elapsed time: 5070.890) (secs/iter:  0.560) (n_accepted: 78%) (u_error:  2.291084 %) (beta_change: 11.953436 %) (delta_change:  0.053006 %) (delta_peak/R:  0.146697 %)
iter:   7900 (Jcost: 8.864992e-04) (lr = 2.673e+00) (elapsed time: 5133.549) (secs/iter:  0.627) (n_accepted: 80%) (u_error:  2.290982 %) (beta_change: 12.046500 %) (delta_change:  0.053259 %) (delta_peak/R:  0.146726 %)
iter:   8000 (Jcost: 8.864878e-04) (lr = 2.295e+00) (elapsed time: 5191.789) (secs/iter:  0.582) (n_accepted: 79%) (u_error:  2.290980 %) (beta_change: 12.144511 %) (delta_change:  0.053523 %) (delta_peak/R:  0.146710 %)
-> Saved file: /media/rafael/DATA/Dropbox/20220924_FIML_solver/data/output/field_inversion/Beta_k/u_imp_0.1/FI_run_Jimenez_Re550_u_imp_0.1_k_imp_1_e_imp_0/FI_run_Jimenez_Re550_u_imp_0.1_k_imp_1_e_imp_0_state_iter_8000.dat
iter:   8100 (Jcost: 8.864754e-04) (lr = 1.970e+00) (elapsed time: 5250.041) (secs/iter:  0.583) (n_accepted: 79%) (u_error:  2.290867 %) (beta_change: 12.253142 %) (delta_change:  0.053813 %) (delta_peak/R:  0.146742 %)
iter:   8200 (Jcost: 8.864649e-04) (lr = 7.046e-01) (elapsed time: 5313.035) (secs/iter:  0.630) (n_accepted: 78%) (u_error:  2.290840 %) (beta_change: 12.345931 %) (delta_change:  0.054058 %) (delta_peak/R:  0.146739 %)
iter:   8300 (Jcost: 8.864539e-04) (lr = 1.452e+00) (elapsed time: 5371.965) (secs/iter:  0.589) (n_accepted: 80%) (u_error:  2.290826 %) (beta_change: 12.444037 %) (delta_change:  0.054315 %) (delta_peak/R:  0.146729 %)
iter:   8400 (Jcost: 8.864432e-04) (lr = 1.246e+00) (elapsed time: 5427.340) (secs/iter:  0.554) (n_accepted: 79%) (u_error:  2.290964 %) (beta_change: 12.542069 %) (delta_change:  0.054569 %) (delta_peak/R:  0.146652 %)
iter:   8500 (Jcost: 8.864335e-04) (lr = 1.070e+00) (elapsed time: 5490.551) (secs/iter:  0.632) (n_accepted: 79%) (u_error:  2.290813 %) (beta_change: 12.630982 %) (delta_change:  0.054797 %) (delta_peak/R:  0.146703 %)
-> Saved file: /media/rafael/DATA/Dropbox/20220924_FIML_solver/data/output/field_inversion/Beta_k/u_imp_0.1/FI_run_Jimenez_Re550_u_imp_0.1_k_imp_1_e_imp_0/FI_run_Jimenez_Re550_u_imp_0.1_k_imp_1_e_imp_0_state_iter_8500.dat
iter:   8600 (Jcost: 8.864233e-04) (lr = 2.203e+00) (elapsed time: 5554.636) (secs/iter:  0.641) (n_accepted: 80%) (u_error:  2.290819 %) (beta_change: 12.725494 %) (delta_change:  0.055037 %) (delta_peak/R:  0.146685 %)
iter:   8700 (Jcost: 8.864128e-04) (lr = 4.539e+00) (elapsed time: 5618.478) (secs/iter:  0.638) (n_accepted: 80%) (u_error:  2.290971 %) (beta_change: 12.827499 %) (delta_change:  0.055293 %) (delta_peak/R:  0.146601 %)
iter:   8800 (Jcost: 8.864036e-04) (lr = 6.765e-01) (elapsed time: 5680.769) (secs/iter:  0.623) (n_accepted: 77%) (u_error:  2.290826 %) (beta_change: 12.913331 %) (delta_change:  0.055507 %) (delta_peak/R:  0.146651 %)
iter:   8900 (Jcost: 8.863945e-04) (lr = 3.345e+00) (elapsed time: 5733.495) (secs/iter:  0.527) (n_accepted: 81%) (u_error:  2.290743 %) (beta_change: 13.001587 %) (delta_change:  0.055725 %) (delta_peak/R:  0.146673 %)
iter:   9000 (Jcost: 8.863850e-04) (lr = 2.871e+00) (elapsed time: 5794.655) (secs/iter:  0.612) (n_accepted: 79%) (u_error:  2.290739 %) (beta_change: 13.094886 %) (delta_change:  0.055953 %) (delta_peak/R:  0.146660 %)
-> Saved file: /media/rafael/DATA/Dropbox/20220924_FIML_solver/data/output/field_inversion/Beta_k/u_imp_0.1/FI_run_Jimenez_Re550_u_imp_0.1_k_imp_1_e_imp_0/FI_run_Jimenez_Re550_u_imp_0.1_k_imp_1_e_imp_0_state_iter_9000.dat
iter:   9100 (Jcost: 8.863756e-04) (lr = 1.027e+00) (elapsed time: 5858.490) (secs/iter:  0.638) (n_accepted: 78%) (u_error:  2.290685 %) (beta_change: 13.188276 %) (delta_change:  0.056178 %) (delta_peak/R:  0.146669 %)
iter:   9200 (Jcost: 8.863670e-04) (lr = 2.116e+00) (elapsed time: 5918.926) (secs/iter:  0.604) (n_accepted: 80%) (u_error:  2.290831 %) (beta_change: 13.277440 %) (delta_change:  0.056392 %) (delta_peak/R:  0.146590 %)
iter:   9300 (Jcost: 8.863579e-04) (lr = 1.816e+00) (elapsed time: 5975.624) (secs/iter:  0.567) (n_accepted: 79%) (u_error:  2.290673 %) (beta_change: 13.367827 %) (delta_change:  0.056606 %) (delta_peak/R:  0.146645 %)
iter:   9400 (Jcost: 8.863491e-04) (lr = 3.741e+00) (elapsed time: 6037.684) (secs/iter:  0.621) (n_accepted: 80%) (u_error:  2.290642 %) (beta_change: 13.458919 %) (delta_change:  0.056820 %) (delta_peak/R:  0.146644 %)
iter:   9500 (Jcost: 8.863403e-04) (lr = 7.708e+00) (elapsed time: 6101.053) (secs/iter:  0.634) (n_accepted: 80%) (u_error:  2.290674 %) (beta_change: 13.551387 %) (delta_change:  0.057035 %) (delta_peak/R:  0.146615 %)
-> Saved file: /media/rafael/DATA/Dropbox/20220924_FIML_solver/data/output/field_inversion/Beta_k/u_imp_0.1/FI_run_Jimenez_Re550_u_imp_0.1_k_imp_1_e_imp_0/FI_run_Jimenez_Re550_u_imp_0.1_k_imp_1_e_imp_0_state_iter_9500.dat
iter:   9600 (Jcost: 8.863323e-04) (lr = 1.149e+00) (elapsed time: 6164.156) (secs/iter:  0.631) (n_accepted: 77%) (u_error:  2.290610 %) (beta_change: 13.635289 %) (delta_change:  0.057228 %) (delta_peak/R:  0.146630 %)
iter:   9700 (Jcost: 8.863246e-04) (lr = 9.860e-01) (elapsed time: 6223.802) (secs/iter:  0.596) (n_accepted: 79%) (u_error:  2.290556 %) (beta_change: 13.717927 %) (delta_change:  0.057416 %) (delta_peak/R:  0.146641 %)
iter:   9800 (Jcost: 8.863155e-04) (lr = 4.875e+00) (elapsed time: 6276.642) (secs/iter:  0.528) (n_accepted: 81%) (u_error:  2.290468 %) (beta_change: 13.817221 %) (delta_change:  0.057665 %) (delta_peak/R:  0.146664 %)
iter:   9900 (Jcost: 8.863076e-04) (lr = 7.265e-01) (elapsed time: 6334.799) (secs/iter:  0.582) (n_accepted: 77%) (u_error:  2.290436 %) (beta_change: 13.903614 %) (delta_change:  0.057929 %) (delta_peak/R:  0.146665 %)
iter:  10000 (Jcost: 8.863000e-04) (lr = 3.592e+00) (elapsed time: 6393.362) (secs/iter:  0.586) (n_accepted: 81%) (u_error:  2.290471 %) (beta_change: 13.988078 %) (delta_change:  0.058187 %) (delta_peak/R:  0.146636 %)
-> Saved file: /media/rafael/DATA/Dropbox/20220924_FIML_solver/data/output/field_inversion/Beta_k/u_imp_0.1/FI_run_Jimenez_Re550_u_imp_0.1_k_imp_1_e_imp_0/FI_run_Jimenez_Re550_u_imp_0.1_k_imp_1_e_imp_0_state_iter_10000.dat
iter:  10100 (Jcost: 8.862929e-04) (lr = 1.285e+00) (elapsed time: 6460.123) (secs/iter:  0.668) (n_accepted: 78%) (u_error:  2.290323 %) (beta_change: 14.070465 %) (delta_change:  0.058437 %) (delta_peak/R:  0.146688 %)
iter:  10200 (Jcost: 8.862851e-04) (lr = 6.353e+00) (elapsed time: 6517.269) (secs/iter:  0.571) (n_accepted: 81%) (u_error:  2.290485 %) (beta_change: 14.156660 %) (delta_change:  0.058698 %) (delta_peak/R:  0.146603 %)
iter:  10300 (Jcost: 8.862782e-04) (lr = 9.467e-01) (elapsed time: 6575.882) (secs/iter:  0.586) (n_accepted: 77%) (u_error:  2.290369 %) (beta_change: 14.236511 %) (delta_change:  0.058938 %) (delta_peak/R:  0.146642 %)
iter:  10400 (Jcost: 8.862706e-04) (lr = 1.950e+00) (elapsed time: 6634.095) (secs/iter:  0.582) (n_accepted: 80%) (u_error:  2.290406 %) (beta_change: 14.324803 %) (delta_change:  0.059202 %) (delta_peak/R:  0.146612 %)
iter:  10500 (Jcost: 8.862633e-04) (lr = 1.674e+00) (elapsed time: 6690.582) (secs/iter:  0.565) (n_accepted: 79%) (u_error:  2.290431 %) (beta_change: 14.410231 %) (delta_change:  0.059456 %) (delta_peak/R:  0.146588 %)
-> Saved file: /media/rafael/DATA/Dropbox/20220924_FIML_solver/data/output/field_inversion/Beta_k/u_imp_0.1/FI_run_Jimenez_Re550_u_imp_0.1_k_imp_1_e_imp_0/FI_run_Jimenez_Re550_u_imp_0.1_k_imp_1_e_imp_0_state_iter_10500.dat
iter:  10600 (Jcost: 8.862569e-04) (lr = 3.449e+00) (elapsed time: 6757.261) (secs/iter:  0.667) (n_accepted: 80%) (u_error:  2.290372 %) (beta_change: 14.486651 %) (delta_change:  0.059683 %) (delta_peak/R:  0.146602 %)
iter:  10700 (Jcost: 8.862500e-04) (lr = 1.234e+00) (elapsed time: 6813.084) (secs/iter:  0.558) (n_accepted: 78%) (u_error:  2.290381 %) (beta_change: 14.570232 %) (delta_change:  0.059930 %) (delta_peak/R:  0.146585 %)
iter:  10800 (Jcost: 8.862433e-04) (lr = 2.542e+00) (elapsed time: 6868.926) (secs/iter:  0.558) (n_accepted: 80%) (u_error:  2.290395 %) (beta_change: 14.651700 %) (delta_change:  0.060169 %) (delta_peak/R:  0.146566 %)
iter:  10900 (Jcost: 8.862369e-04) (lr = 2.182e+00) (elapsed time: 6929.034) (secs/iter:  0.601) (n_accepted: 79%) (u_error:  2.290242 %) (beta_change: 14.731441 %) (delta_change:  0.060402 %) (delta_peak/R:  0.146621 %)
iter:  11000 (Jcost: 8.862306e-04) (lr = 1.079e+01) (elapsed time: 6984.811) (secs/iter:  0.558) (n_accepted: 81%) (u_error:  2.290284 %) (beta_change: 14.808989 %) (delta_change:  0.060628 %) (delta_peak/R:  0.146591 %)
-> Saved file: /media/rafael/DATA/Dropbox/20220924_FIML_solver/data/output/field_inversion/Beta_k/u_imp_0.1/FI_run_Jimenez_Re550_u_imp_0.1_k_imp_1_e_imp_0/FI_run_Jimenez_Re550_u_imp_0.1_k_imp_1_e_imp_0_state_iter_11000.dat
iter:  11100 (Jcost: 8.862242e-04) (lr = 9.259e+00) (elapsed time: 7047.937) (secs/iter:  0.631) (n_accepted: 79%) (u_error:  2.290280 %) (beta_change: 14.890161 %) (delta_change:  0.060863 %) (delta_peak/R:  0.146580 %)
iter:  11200 (Jcost: 8.862183e-04) (lr = 1.380e+00) (elapsed time: 7108.992) (secs/iter:  0.611) (n_accepted: 77%) (u_error:  2.290257 %) (beta_change: 14.964784 %) (delta_change:  0.061079 %) (delta_peak/R:  0.146579 %)
iter:  11300 (Jcost: 8.862117e-04) (lr = 6.823e+00) (elapsed time: 7165.209) (secs/iter:  0.562) (n_accepted: 81%) (u_error:  2.290270 %) (beta_change: 15.050092 %) (delta_change:  0.061324 %) (delta_peak/R:  0.146560 %)
iter:  11400 (Jcost: 8.862061e-04) (lr = 1.017e+00) (elapsed time: 7225.685) (secs/iter:  0.605) (n_accepted: 77%) (u_error:  2.290170 %) (beta_change: 15.124083 %) (delta_change:  0.061535 %) (delta_peak/R:  0.146593 %)
iter:  11500 (Jcost: 8.862004e-04) (lr = 5.027e+00) (elapsed time: 7284.320) (secs/iter:  0.586) (n_accepted: 81%) (u_error:  2.290287 %) (beta_change: 15.199595 %) (delta_change:  0.061750 %) (delta_peak/R:  0.146530 %)
-> Saved file: /media/rafael/DATA/Dropbox/20220924_FIML_solver/data/output/field_inversion/Beta_k/u_imp_0.1/FI_run_Jimenez_Re550_u_imp_0.1_k_imp_1_e_imp_0/FI_run_Jimenez_Re550_u_imp_0.1_k_imp_1_e_imp_0_state_iter_11500.dat
iter:  11600 (Jcost: 8.861947e-04) (lr = 4.315e+00) (elapsed time: 7347.511) (secs/iter:  0.632) (n_accepted: 79%) (u_error:  2.290210 %) (beta_change: 15.275035 %) (delta_change:  0.061963 %) (delta_peak/R:  0.146552 %)
iter:  11700 (Jcost: 8.861893e-04) (lr = 3.704e+00) (elapsed time: 7407.946) (secs/iter:  0.604) (n_accepted: 79%) (u_error:  2.290221 %) (beta_change: 15.347049 %) (delta_change:  0.062166 %) (delta_peak/R:  0.146537 %)
iter:  11800 (Jcost: 8.861838e-04) (lr = 7.632e+00) (elapsed time: 7466.402) (secs/iter:  0.585) (n_accepted: 80%) (u_error:  2.290237 %) (beta_change: 15.422794 %) (delta_change:  0.062379 %) (delta_peak/R:  0.146518 %)
iter:  11900 (Jcost: 8.861787e-04) (lr = 2.730e+00) (elapsed time: 7522.176) (secs/iter:  0.558) (n_accepted: 78%) (u_error:  2.290140 %) (beta_change: 15.491809 %) (delta_change:  0.062572 %) (delta_peak/R:  0.146550 %)
iter:  12000 (Jcost: 8.861733e-04) (lr = 2.343e+00) (elapsed time: 7572.543) (secs/iter:  0.504) (n_accepted: 79%) (u_error:  2.290124 %) (beta_change: 15.566527 %) (delta_change:  0.062791 %) (delta_peak/R:  0.146546 %)
-> Saved file: /media/rafael/DATA/Dropbox/20220924_FIML_solver/data/output/field_inversion/Beta_k/u_imp_0.1/FI_run_Jimenez_Re550_u_imp_0.1_k_imp_1_e_imp_0/FI_run_Jimenez_Re550_u_imp_0.1_k_imp_1_e_imp_0_state_iter_12000.dat
iter:  12100 (Jcost: 8.861676e-04) (lr = 4.827e+00) (elapsed time: 7635.268) (secs/iter:  0.627) (n_accepted: 80%) (u_error:  2.290067 %) (beta_change: 15.647080 %) (delta_change:  0.063070 %) (delta_peak/R:  0.146559 %)
iter:  12200 (Jcost: 8.861623e-04) (lr = 4.144e+00) (elapsed time: 7685.260) (secs/iter:  0.500) (n_accepted: 79%) (u_error:  2.290091 %) (beta_change: 15.721685 %) (delta_change:  0.063329 %) (delta_peak/R:  0.146538 %)
iter:  12300 (Jcost: 8.861574e-04) (lr = 1.482e+00) (elapsed time: 7741.255) (secs/iter:  0.560) (n_accepted: 78%) (u_error:  2.290123 %) (beta_change: 15.792906 %) (delta_change:  0.063575 %) (delta_peak/R:  0.146513 %)
iter:  12400 (Jcost: 8.861525e-04) (lr = 5.301e-01) (elapsed time: 7799.251) (secs/iter:  0.580) (n_accepted: 78%) (u_error:  2.290055 %) (beta_change: 15.863582 %) (delta_change:  0.063820 %) (delta_peak/R:  0.146532 %)
iter:  12500 (Jcost: 8.861472e-04) (lr = 1.510e+01) (elapsed time: 7849.440) (secs/iter:  0.502) (n_accepted: 83%) (u_error:  2.289940 %) (beta_change: 15.942462 %) (delta_change:  0.064092 %) (delta_peak/R:  0.146571 %)
-> Saved file: /media/rafael/DATA/Dropbox/20220924_FIML_solver/data/output/field_inversion/Beta_k/u_imp_0.1/FI_run_Jimenez_Re550_u_imp_0.1_k_imp_1_e_imp_0/FI_run_Jimenez_Re550_u_imp_0.1_k_imp_1_e_imp_0_state_iter_12500.dat
iter:  12600 (Jcost: 8.861425e-04) (lr = 5.399e+00) (elapsed time: 7910.107) (secs/iter:  0.607) (n_accepted: 78%) (u_error:  2.290023 %) (beta_change: 16.010796 %) (delta_change:  0.064327 %) (delta_peak/R:  0.146524 %)
iter:  12700 (Jcost: 8.861376e-04) (lr = 1.931e+00) (elapsed time: 7966.722) (secs/iter:  0.566) (n_accepted: 78%) (u_error:  2.290014 %) (beta_change: 16.084469 %) (delta_change:  0.064580 %) (delta_peak/R:  0.146518 %)
iter:  12800 (Jcost: 8.861332e-04) (lr = 1.658e+00) (elapsed time: 8004.040) (secs/iter:  0.373) (n_accepted: 79%) (u_error:  2.290118 %) (beta_change: 16.153991 %) (delta_change:  0.064819 %) (delta_peak/R:  0.146461 %)
iter:  12900 (Jcost: 8.861286e-04) (lr = 3.415e+00) (elapsed time: 8058.036) (secs/iter:  0.540) (n_accepted: 80%) (u_error:  2.289917 %) (beta_change: 16.220887 %) (delta_change:  0.065048 %) (delta_peak/R:  0.146540 %)
iter:  13000 (Jcost: 8.861242e-04) (lr = 2.931e+00) (elapsed time: 8110.567) (secs/iter:  0.525) (n_accepted: 79%) (u_error:  2.290023 %) (beta_change: 16.289536 %) (delta_change:  0.065283 %) (delta_peak/R:  0.146483 %)
-> Saved file: /media/rafael/DATA/Dropbox/20220924_FIML_solver/data/output/field_inversion/Beta_k/u_imp_0.1/FI_run_Jimenez_Re550_u_imp_0.1_k_imp_1_e_imp_0/FI_run_Jimenez_Re550_u_imp_0.1_k_imp_1_e_imp_0_state_iter_13000.dat
iter:  13100 (Jcost: 8.861197e-04) (lr = 6.039e+00) (elapsed time: 8155.681) (secs/iter:  0.451) (n_accepted: 80%) (u_error:  2.289848 %) (beta_change: 16.360137 %) (delta_change:  0.065524 %) (delta_peak/R:  0.146550 %)
iter:  13200 (Jcost: 8.861155e-04) (lr = 5.184e+00) (elapsed time: 8196.855) (secs/iter:  0.412) (n_accepted: 79%) (u_error:  2.289964 %) (beta_change: 16.425903 %) (delta_change:  0.065748 %) (delta_peak/R:  0.146489 %)
iter:  13300 (Jcost: 8.861110e-04) (lr = 4.450e+00) (elapsed time: 8231.362) (secs/iter:  0.345) (n_accepted: 79%) (u_error:  2.289922 %) (beta_change: 16.496115 %) (delta_change:  0.065987 %) (delta_peak/R:  0.146498 %)
iter:  13400 (Jcost: 8.861067e-04) (lr = 3.820e+00) (elapsed time: 8264.569) (secs/iter:  0.332) (n_accepted: 79%) (u_error:  2.289920 %) (beta_change: 16.565073 %) (delta_change:  0.066221 %) (delta_peak/R:  0.146489 %)
iter:  13500 (Jcost: 8.861030e-04) (lr = 3.279e+00) (elapsed time: 8298.890) (secs/iter:  0.343) (n_accepted: 79%) (u_error:  2.289883 %) (beta_change: 16.624978 %) (delta_change:  0.066425 %) (delta_peak/R:  0.146496 %)
-> Saved file: /media/rafael/DATA/Dropbox/20220924_FIML_solver/data/output/field_inversion/Beta_k/u_imp_0.1/FI_run_Jimenez_Re550_u_imp_0.1_k_imp_1_e_imp_0/FI_run_Jimenez_Re550_u_imp_0.1_k_imp_1_e_imp_0_state_iter_13500.dat
iter:  13600 (Jcost: 8.860986e-04) (lr = 6.755e+00) (elapsed time: 8332.650) (secs/iter:  0.338) (n_accepted: 80%) (u_error:  2.289873 %) (beta_change: 16.697311 %) (delta_change:  0.066670 %) (delta_peak/R:  0.146490 %)
iter:  13700 (Jcost: 8.860945e-04) (lr = 2.416e+00) (elapsed time: 8365.627) (secs/iter:  0.330) (n_accepted: 78%) (u_error:  2.289774 %) (beta_change: 16.766440 %) (delta_change:  0.066904 %) (delta_peak/R:  0.146524 %)
iter:  13800 (Jcost: 8.860905e-04) (lr = 4.978e+00) (elapsed time: 8397.509) (secs/iter:  0.319) (n_accepted: 80%) (u_error:  2.289782 %) (beta_change: 16.832922 %) (delta_change:  0.067128 %) (delta_peak/R:  0.146511 %)
iter:  13900 (Jcost: 8.860869e-04) (lr = 1.025e+01) (elapsed time: 8430.878) (secs/iter:  0.334) (n_accepted: 80%) (u_error:  2.289822 %) (beta_change: 16.892524 %) (delta_change:  0.067329 %) (delta_peak/R:  0.146484 %)
iter:  14000 (Jcost: 8.860829e-04) (lr = 3.668e+00) (elapsed time: 8465.965) (secs/iter:  0.351) (n_accepted: 78%) (u_error:  2.289754 %) (beta_change: 16.961033 %) (delta_change:  0.067560 %) (delta_peak/R:  0.146504 %)
-> Saved file: /media/rafael/DATA/Dropbox/20220924_FIML_solver/data/output/field_inversion/Beta_k/u_imp_0.1/FI_run_Jimenez_Re550_u_imp_0.1_k_imp_1_e_imp_0/FI_run_Jimenez_Re550_u_imp_0.1_k_imp_1_e_imp_0_state_iter_14000.dat
iter:  14100 (Jcost: 8.860792e-04) (lr = 5.466e-01) (elapsed time: 8502.314) (secs/iter:  0.363) (n_accepted: 77%) (u_error:  2.289780 %) (beta_change: 17.024203 %) (delta_change:  0.067772 %) (delta_peak/R:  0.146484 %)
iter:  14200 (Jcost: 8.860755e-04) (lr = 2.703e+00) (elapsed time: 8535.622) (secs/iter:  0.333) (n_accepted: 81%) (u_error:  2.289813 %) (beta_change: 17.088401 %) (delta_change:  0.067987 %) (delta_peak/R:  0.146460 %)
iter:  14300 (Jcost: 8.860720e-04) (lr = 5.568e+00) (elapsed time: 8569.121) (secs/iter:  0.335) (n_accepted: 80%) (u_error:  2.289766 %) (beta_change: 17.149615 %) (delta_change:  0.068208 %) (delta_peak/R:  0.146472 %)
iter:  14400 (Jcost: 8.860686e-04) (lr = 1.991e+00) (elapsed time: 8604.665) (secs/iter:  0.355) (n_accepted: 78%) (u_error:  2.289760 %) (beta_change: 17.210220 %) (delta_change:  0.068441 %) (delta_peak/R:  0.146466 %)
iter:  14500 (Jcost: 8.860650e-04) (lr = 4.103e+00) (elapsed time: 8636.867) (secs/iter:  0.322) (n_accepted: 80%) (u_error:  2.289730 %) (beta_change: 17.275426 %) (delta_change:  0.068691 %) (delta_peak/R:  0.146470 %)
-> Saved file: /media/rafael/DATA/Dropbox/20220924_FIML_solver/data/output/field_inversion/Beta_k/u_imp_0.1/FI_run_Jimenez_Re550_u_imp_0.1_k_imp_1_e_imp_0/FI_run_Jimenez_Re550_u_imp_0.1_k_imp_1_e_imp_0_state_iter_14500.dat
iter:  14600 (Jcost: 8.860614e-04) (lr = 1.467e+00) (elapsed time: 8671.698) (secs/iter:  0.348) (n_accepted: 78%) (u_error:  2.289661 %) (beta_change: 17.340579 %) (delta_change:  0.068941 %) (delta_peak/R:  0.146491 %)
iter:  14700 (Jcost: 8.860581e-04) (lr = 7.255e+00) (elapsed time: 8701.356) (secs/iter:  0.297) (n_accepted: 81%) (u_error:  2.289711 %) (beta_change: 17.399385 %) (delta_change:  0.069167 %) (delta_peak/R:  0.146461 %)
iter:  14800 (Jcost: 8.860546e-04) (lr = 2.595e+00) (elapsed time: 8735.164) (secs/iter:  0.338) (n_accepted: 78%) (u_error:  2.289728 %) (beta_change: 17.465084 %) (delta_change:  0.069419 %) (delta_peak/R:  0.146444 %)
iter:  14900 (Jcost: 8.860514e-04) (lr = 5.346e+00) (elapsed time: 8768.368) (secs/iter:  0.332) (n_accepted: 80%) (u_error:  2.289678 %) (beta_change: 17.523918 %) (delta_change:  0.069644 %) (delta_peak/R:  0.146457 %)
iter:  15000 (Jcost: 8.860481e-04) (lr = 4.589e+00) (elapsed time: 8800.898) (secs/iter:  0.325) (n_accepted: 79%) (u_error:  2.289698 %) (beta_change: 17.585639 %) (delta_change:  0.069881 %) (delta_peak/R:  0.146440 %)
-> Saved file: /media/rafael/DATA/Dropbox/20220924_FIML_solver/data/output/field_inversion/Beta_k/u_imp_0.1/FI_run_Jimenez_Re550_u_imp_0.1_k_imp_1_e_imp_0/FI_run_Jimenez_Re550_u_imp_0.1_k_imp_1_e_imp_0_state_iter_15000.dat
iter:  15000 (Jcost: 8.860480e-04) (lr = 5.507e+00) (elapsed time: 8803.502) (secs/iter:   None) (n_accepted: 0%) (u_error:  2.289647 %) (beta_change: 17.586673 %) (delta_change:  0.069885 %) (delta_peak/R:  0.146462 %)
