# ------------------------------------------------------------------------
#                  Input Arguments
# ------------------------------------------------------------------------
# Begin_Input_Arguments
{ 'all_b_mode': ['Beta_k', 'Beta_e'],
  'args_mk_solver': { 'torch': "<module 'torch' from "
                               "'/home/rafael/anaconda3/lib/python3.9/site-packages/torch/__init__.py'>",
                      'y_grid': [0.0, 0.000309700312, 0.000638645973, 0.00098802599, 0.00135910194, 0.00175321227, 0.00217177688, 0.00261630193, 0.00308838486, 0.00358971984, 0.00412210331, 0.00468744001, 0.00528774917, 0.00592517114, 0.00660197432, 0.0073205624, 0.00808348206, 0.00889343092, 0.00975326602, 0.0106660126, 0.0116348733, 0.0126632377, 0.0137546927, 0.0149130326, 0.0161422702, 0.0174466482, 0.0188306506, 0.0202990157, 0.0218567475, 0.02350913, 0.0252617393, 0.0271204584, 0.0290914903, 0.0311813732, 0.033396994, 0.0357456039, 0.0382348325, 0.0408727029, 0.0436676462, 0.0466285159, 0.0497646022, 0.0530856456, 0.0566018496, 0.0603238931, 0.0642629411, 0.068430655, 0.0728392004, 0.0775012535, 0.0824300053, 0.0876391634, 0.0931429507, 0.0989561006, 0.105093849, 0.111571922, 0.118406518, 0.125614286, 0.133212296, 0.141218006, 0.14964922, 0.158524039, 0.167860801, 0.177678022, 0.187994313, 0.1988283, 0.21019853, 0.222123362, 0.234620856, 0.247708641, 0.261403784, 0.275722637, 0.290680679, 0.306292354, 0.322570888, 0.339528108, 0.357174255, 0.375517785, 0.394565175, 0.414320726, 0.43478637, 0.45596148, 0.47784269, 0.500423731, 0.523695275, 0.547644806, 0.572256506, 0.597511177, 0.623386184, 0.649855436, 0.676889401, 0.704455158, 0.73251649, 0.761034018, 0.789965372, 0.819265404, 0.848886442, 0.878778572, 0.908889961, 0.939167201, 0.969555687, 1.0],
                      'Ret': 2003.14846,
                      'cp': 1.0,
                      'A_sca_rho': 1.0,
                      'A_sca_mu': 0.000499214122152484,
                      'A_sca_k': 0.000499214122152484,
                      'b_exp_rho': 0.0,
                      'b_exp_mu': 0.0,
                      'b_exp_k': 0.0,
                      'tensor_device': 'cpu',
                      'as_tensor': '<function '
                                   'Build_arguments_fi_run._mk_args_MK_solver.<locals>.<lambda> '
                                   'at 0x7f3dd524dc10>',
                      'ref_dns': { 'u_dns': [0.0, 0.620428448, 1.27851986, 1.97427267, 2.70484803, 3.46403383, 4.24306737, 5.03217781, 5.82155686, 6.60133115, 7.3578308, 8.0656895, 8.73623876, 9.36564393, 9.95109757, 10.4912354, 10.9862985, 11.4312547, 11.8369852, 12.2084072, 12.5484157, 12.8600821, 13.1465055, 13.4106958, 13.6555164, 13.8836432, 14.0975466, 14.2978024, 14.4874442, 14.669149, 14.8444847, 15.0142887, 15.1783692, 15.339937, 15.4986632, 15.6553101, 15.8107197, 15.9650108, 16.1185076, 16.2720014, 16.4250571, 16.5779566, 16.7310295, 16.8842648, 17.0376528, 17.1911728, 17.3449268, 17.4990152, 17.6531524, 17.8074977, 17.9621373, 18.1166676, 18.2713402, 18.4259622, 18.5804024, 18.7349809, 18.8896502, 19.044267, 19.1985476, 19.3524141, 19.5058723, 19.6586891, 19.8110002, 19.9626193, 20.1137048, 20.2642601, 20.4141382, 20.5635999, 20.7130929, 20.8620774, 21.0105527, 21.1586434, 21.3061311, 21.4530563, 21.5993074, 21.7448244, 21.8897078, 22.0343133, 22.1787236, 22.3223059, 22.465327, 22.608008, 22.7491734, 22.8878064, 23.0235286, 23.156294, 23.2856364, 23.4113139, 23.5325466, 23.6489124, 23.7588383, 23.8613899, 23.9548647, 24.0387452, 24.1125969, 24.1748213, 24.2242282, 24.2600715, 24.2820683, 24.2896407],
                                   'T_dns': [1.0, 1.0, 1.0, 1.0, 1.0, 1.0, 1.0, 1.0, 1.0, 1.0, 1.0, 1.0, 1.0, 1.0, 1.0, 1.0, 1.0, 1.0, 1.0, 1.0, 1.0, 1.0, 1.0, 1.0, 1.0, 1.0, 1.0, 1.0, 1.0, 1.0, 1.0, 1.0, 1.0, 1.0, 1.0, 1.0, 1.0, 1.0, 1.0, 1.0, 1.0, 1.0, 1.0, 1.0, 1.0, 1.0, 1.0, 1.0, 1.0, 1.0, 1.0, 1.0, 1.0, 1.0, 1.0, 1.0, 1.0, 1.0, 1.0, 1.0, 1.0, 1.0, 1.0, 1.0, 1.0, 1.0, 1.0, 1.0, 1.0, 1.0, 1.0, 1.0, 1.0, 1.0, 1.0, 1.0, 1.0, 1.0, 1.0, 1.0, 1.0, 1.0, 1.0, 1.0, 1.0, 1.0, 1.0, 1.0, 1.0, 1.0, 1.0, 1.0, 1.0, 1.0, 1.0, 1.0, 1.0, 1.0, 1.0, 1.0],
                                   'mu_dns': [0.000499214122152484, 0.000499214122152484, 0.000499214122152484, 0.000499214122152484, 0.000499214122152484, 0.000499214122152484, 0.000499214122152484, 0.000499214122152484, 0.000499214122152484, 0.000499214122152484, 0.000499214122152484, 0.000499214122152484, 0.000499214122152484, 0.000499214122152484, 0.000499214122152484, 0.000499214122152484, 0.000499214122152484, 0.000499214122152484, 0.000499214122152484, 0.000499214122152484, 0.000499214122152484, 0.000499214122152484, 0.000499214122152484, 0.000499214122152484, 0.000499214122152484, 0.000499214122152484, 0.000499214122152484, 0.000499214122152484, 0.000499214122152484, 0.000499214122152484, 0.000499214122152484, 0.000499214122152484, 0.000499214122152484, 0.000499214122152484, 0.000499214122152484, 0.000499214122152484, 0.000499214122152484, 0.000499214122152484, 0.000499214122152484, 0.000499214122152484, 0.000499214122152484, 0.000499214122152484, 0.000499214122152484, 0.000499214122152484, 0.000499214122152484, 0.000499214122152484, 0.000499214122152484, 0.000499214122152484, 0.000499214122152484, 0.000499214122152484, 0.000499214122152484, 0.000499214122152484, 0.000499214122152484, 0.000499214122152484, 0.000499214122152484, 0.000499214122152484, 0.000499214122152484, 0.000499214122152484, 0.000499214122152484, 0.000499214122152484, 0.000499214122152484, 0.000499214122152484, 0.000499214122152484, 0.000499214122152484, 0.000499214122152484, 0.000499214122152484, 0.000499214122152484, 0.000499214122152484, 0.000499214122152484, 0.000499214122152484, 0.000499214122152484, 0.000499214122152484, 0.000499214122152484, 0.000499214122152484, 0.000499214122152484, 0.000499214122152484, 0.000499214122152484, 0.000499214122152484, 0.000499214122152484, 0.000499214122152484, 0.000499214122152484, 0.000499214122152484, 0.000499214122152484, 0.000499214122152484, 0.000499214122152484, 0.000499214122152484, 0.000499214122152484, 0.000499214122152484, 0.000499214122152484, 0.000499214122152484, 0.000499214122152484, 0.000499214122152484, 0.000499214122152484, 0.000499214122152484, 0.000499214122152484, 0.000499214122152484, 0.000499214122152484, 0.000499214122152484, 0.000499214122152484, 0.000499214122152484],
                                   'rho_dns': [1.0, 1.0, 1.0, 1.0, 1.0, 1.0, 1.0, 1.0, 1.0, 1.0, 1.0, 1.0, 1.0, 1.0, 1.0, 1.0, 1.0, 1.0, 1.0, 1.0, 1.0, 1.0, 1.0, 1.0, 1.0, 1.0, 1.0, 1.0, 1.0, 1.0, 1.0, 1.0, 1.0, 1.0, 1.0, 1.0, 1.0, 1.0, 1.0, 1.0, 1.0, 1.0, 1.0, 1.0, 1.0, 1.0, 1.0, 1.0, 1.0, 1.0, 1.0, 1.0, 1.0, 1.0, 1.0, 1.0, 1.0, 1.0, 1.0, 1.0, 1.0, 1.0, 1.0, 1.0, 1.0, 1.0, 1.0, 1.0, 1.0, 1.0, 1.0, 1.0, 1.0, 1.0, 1.0, 1.0, 1.0, 1.0, 1.0, 1.0, 1.0, 1.0, 1.0, 1.0, 1.0, 1.0, 1.0, 1.0, 1.0, 1.0, 1.0, 1.0, 1.0, 1.0, 1.0, 1.0, 1.0, 1.0, 1.0, 1.0]},
                      'case': 'Jimenez_Re2000',
                      'constant_Sq_heat': 0.0,
                      'use_visc_heating': False,
                      'Pr_turb': 1.0,
                      'fprint': '<function '
                                'Build_arguments_fi_run._mk_args_MK_solver.<locals>.<lambda> '
                                'at 0x7f3dd524dee0>',
                      'compressible_correction': False,
                      'bool_solve_energy': False,
                      'output_last': False},
  'u_imp': 100,
  'k_imp': 1,
  'e_imp': 1,
  'solve_sparse_adj': True,
  'all_ref_beta_distrib': {'K': [1.0, 0.99844275, 0.99479465, 0.98949054, 0.98358976, 0.97826987, 0.97450423, 0.97305568, 0.97444916, 0.97876223, 0.98560874, 0.99431743, 1.00408597, 1.01408266, 1.02356221, 1.03192502, 1.03873714, 1.04371495, 1.04663762, 1.04722246, 1.0450852, 1.03982439, 1.03121406, 1.01939747, 1.00495888, 0.9888381, 0.97214871, 0.95598887, 0.94129669, 0.92876971, 0.91885271, 0.91176641, 0.9075513, 0.906106, 0.90722596, 0.91064039, 0.91603746, 0.92308417, 0.93144109, 0.94077132, 0.95074867, 0.96106349, 0.97142496, 0.981564, 0.99123655, 1.00022585, 1.00834423, 1.01543483, 1.02137408, 1.02607298, 1.0294774, 1.03156922, 1.03236537, 1.03191555, 1.03029984, 1.02762407, 1.02401628, 1.01962483, 1.01461607, 1.00916999, 1.00347464, 0.99772027, 0.9920936, 0.98677173, 0.9819166, 0.97767027, 0.97415141, 0.97145182, 0.96963362, 0.96873199, 0.9687574, 0.96969448, 0.97150231, 0.97411421, 0.97743686, 0.98134984, 0.98570494, 0.99032731, 0.99502208, 0.99958699, 1.00382392, 1.00755095, 1.01062193, 1.0129416, 1.01446699, 1.01520152, 1.0151904, 1.01451704, 1.01329924, 1.01168356, 1.00983698, 1.00793227, 1.00612702, 1.00454199, 1.00324674, 1.00226206, 1.00157085, 1.0011314, 1.00089425, 1.00040996], 'E': [1.0, 1.00274359, 1.00668354, 1.01078312, 1.01461358, 1.01727034, 1.01761757, 1.01659152, 1.01510822, 1.01176689, 1.00592202, 0.99735126, 0.98602938, 0.97215042, 0.95610576, 0.93859857, 0.92122442, 0.90745048, 0.90253983, 0.91098655, 0.9332635, 0.96536337, 1.00127125, 1.0356935, 1.06530181, 1.08864967, 1.10556378, 1.11654949, 1.12239413, 1.1239499, 1.12202075, 1.11731469, 1.11043454, 1.10189304, 1.0921274, 1.08150943, 1.07035913, 1.05895479, 1.04754074, 1.0363346, 1.02553066, 1.0153022, 1.00580436, 0.99717443, 0.98953065, 0.98297082, 0.97757084, 0.97338283, 0.9704326, 0.96871823, 0.96820974, 0.96884847, 0.97054867, 0.97320065, 0.97667425, 0.98082438, 0.98549556, 0.99052504, 0.99574616, 1.000993, 1.00610558, 1.01093454, 1.0153451, 1.01922068, 1.02246558, 1.02500669, 1.02679404, 1.02780131, 1.02802601, 1.02748532, 1.02621302, 1.02425959, 1.02169142, 1.01859067, 1.01505585, 1.01120207, 1.00716156, 1.00308248, 0.99912319, 0.9954418, 0.99218688, 0.9894878, 0.98743933, 0.98609046, 0.98544494, 0.98546775, 0.98609027, 0.98721467, 0.98871868, 0.99046206, 0.99229527, 0.99407313, 0.99567269, 0.99701019, 0.99805036, 0.99880069, 0.99929862, 0.99959738, 0.9997504, 0.99989843]},
  'all_ref_delta_distrib': {'K': [-0.0, 0.25105654795914767, 0.9429169335697465, 2.163667465764011, 3.8659155506959726, 5.85381816510885, 7.785068487864513, 9.189151428064864, 9.541494055824892, 8.458181139820114, 5.93682073863555, 2.361911341817341, -1.6710414989026583, -5.560237897723962, -8.849510419379994, -11.275534556607651, -12.748399654490827, -13.30390946595388, -13.040663696332713, -12.066703974986485, -10.484961736523145, -8.406809415127546, -5.974352279401681, -3.366926953900395, -0.7815680600312446, 1.6006103162669945, 3.6427622564729303, 5.26465039438875, 6.440432002561681, 7.187511673832722, 7.551367022772018, 7.591709207722405, 7.372334166541536, 6.955157040856562, 6.396549258568021, 5.745323079298314, 5.04238137741551, 4.321024137960996, 3.6076341332610866, 2.9226045581224733, 2.281152903541813, 1.694105021435313, 1.1686842498766654, 0.7091178013757203, 0.31711683073500024, -0.007690380524644824, -0.2673819809341658, -0.46542336161590353, -0.6064139949020597, -0.6958269607455638, -0.7397527470241917, -0.7446938566820469, -0.7173311169413625, -0.664296216333183, -0.5919830094666063, -0.5063561729290996, -0.4128298950896589, -0.3162121212401967, -0.22066725717078112, -0.12967570264826525, -0.04600996606107311, 0.028259871642702737, 0.09173265938195177, 0.14362815051380776, 0.18371999834208572, 0.21225563772219433, 0.2298673205550746, 0.23749143498924688, 0.2362917844776634, 0.22755360190465088, 0.21260679934782606, 0.19279029228852942, 0.1694153416276621, 0.14374084037222432, 0.11695798767597879, 0.09017580805809826, 0.06441028651844291, 0.040566862281176265, 0.01940520138026228, 0.00149401913187167, -0.012811139908833907, -0.02337719783363783, -0.030310850128510286, -0.03394192422555199, -0.03476043305765806, -0.03334353933253113, -0.030299116054464097, -0.026221988391541766, -0.021658660964504473, -0.017078053482260453, -0.012848867913577193, -0.009221734258610958, -0.006320924742909697, -0.0041533448603715975, -0.0026366195996910206, -0.0016419987483282477, -0.001032300304380508, -0.0006868786761980028, -0.0005156879612674916, -0.00023222502738922407], 'E': [-0.0, -48.77105461084476, -171.60548656583575, -342.14730131696973, -552.6369681520591, -783.889555282666, -992.4451612362614, -1123.2929596844356, -1116.956273780699, -904.7532978292387, -456.4324734387988, 197.54052291266174, 977.6182939745961, 1782.6786436424911, 2517.829171131572, 3103.3881479090282, 3458.3719294315147, 3484.9173306924604, 3112.28025517925, 2387.38535657035, 1492.0651499512037, 642.4855942118775, -19.529093998249806, -454.50721850297947, -691.3234118468869, -783.8030827705624, -783.8177057852203, -731.1576142022731, -652.7999965663515, -565.5716363983014, -479.1970860125982, -398.8024212048923, -326.7097625479793, -263.63662998595424, -209.42285557235982, -163.45654394638, -124.93235985140831, -92.99343599598605, -66.80630160708589, -45.598869221533135, -28.67277979810653, -15.404918762812553, -5.244661702136466, 2.2936527674301432, 7.639195831767074, 11.171981719405053, 13.22890106039408, 14.108710752581196, 14.07608354847727, 13.363976846583594, 12.174984615046068, 10.682660440759037, 9.032103246291314, 7.3406485087696485, 5.699274100712555, 4.174267363659414, 2.80993306544946, 1.6319765609959416, 0.6508932403866408, -0.13489733908502816, -0.7360867996633289, -1.1696730351150169, -1.4564643398497752, -1.6190323116403287, -1.6800819842670331, -1.661245782946501, -1.5822572926872465, -1.4605148764984035, -1.3109130864448446, -1.1456953958023168, -0.9745906648368466, -0.8051679660814104, -0.6431494720910064, -0.4927270982322037, -0.35685780403783685, -0.23749956965483193, -0.13580898327309404, -0.05226675520533564, 0.01328407600390076, 0.061637819973740196, 0.09415651627441002, 0.11267814971582701, 0.11945993353863507, 0.1170354779104431, 0.10797712523804563, 0.09468208463459804, 0.07924425911656413, 0.06338410682196138, 0.04841639109688019, 0.03524476185395997, 0.02438111180601, 0.015981426843446823, 0.009904579263996894, 0.005799674294013984, 0.0032126676383633, 0.0016929741551821272, 0.0008626865806044868, 0.00044353740905911214, 0.00025591028555722796, 0.00010156538914313104]},
  'fname_print': '/media/rafael/DATA/Dropbox/20220924_FIML_solver/data/output/field_inversion/Beta_k__1__Beta_e__1/u_imp_100/FI_run_Jimenez_Re2000_u_imp_100_k_imp_1_e_imp_1/FI_run_Jimenez_Re2000_u_imp_100_k_imp_1_e_imp_1.log',
  'folder': '/media/rafael/DATA/Dropbox/20220924_FIML_solver/data/output/field_inversion/Beta_k__1__Beta_e__1/u_imp_100/FI_run_Jimenez_Re2000_u_imp_100_k_imp_1_e_imp_1',
  'iters_limit': 15000}
# End_Input_Arguments

# ------------------------------------------------------------------------
#                  Iterations
# ------------------------------------------------------------------------

iter:      0 (Jcost: 1.072454e+00) (lr = 1.000e-03) (elapsed time:  0.002) (secs/iter:   None) (n_accepted: 0%) (u_error:  2.426561 %) (beta_change: 10.892195 %) (delta_change:  3.060947 %) (delta_peak/R:  0.000000 %)
-> Saved file: /media/rafael/DATA/Dropbox/20220924_FIML_solver/data/output/field_inversion/Beta_k__1__Beta_e__1/u_imp_100/FI_run_Jimenez_Re2000_u_imp_100_k_imp_1_e_imp_1/FI_run_Jimenez_Re2000_u_imp_100_k_imp_1_e_imp_1_state_iter_0.dat
iter:    100 (Jcost: 7.573549e-02) (lr = 1.717e-03) (elapsed time: 85.982) (secs/iter:  0.860) (n_accepted: 80%) (u_error:  0.739222 %) (beta_change:  7.254244 %) (delta_change:  2.585914 %) (delta_peak/R:  2.649777 %)
iter:    200 (Jcost: 6.322708e-02) (lr = 1.474e-03) (elapsed time: 160.058) (secs/iter:  0.741) (n_accepted: 79%) (u_error:  0.691704 %) (beta_change:  5.949486 %) (delta_change:  1.785392 %) (delta_peak/R:  2.844134 %)
iter:    300 (Jcost: 5.763723e-02) (lr = 5.271e-04) (elapsed time: 231.866) (secs/iter:  0.718) (n_accepted: 78%) (u_error:  0.671765 %) (beta_change:  5.030940 %) (delta_change:  1.385394 %) (delta_peak/R:  2.967810 %)
iter:    400 (Jcost: 5.463485e-02) (lr = 1.086e-03) (elapsed time: 304.219) (secs/iter:  0.724) (n_accepted: 80%) (u_error:  0.663067 %) (beta_change:  4.325044 %) (delta_change:  1.149775 %) (delta_peak/R:  3.033697 %)
iter:    500 (Jcost: 5.251767e-02) (lr = 3.093e-02) (elapsed time: 373.313) (secs/iter:  0.691) (n_accepted: 83%) (u_error:  0.656196 %) (beta_change:  3.739571 %) (delta_change:  0.991542 %) (delta_peak/R:  3.045687 %)
-> Saved file: /media/rafael/DATA/Dropbox/20220924_FIML_solver/data/output/field_inversion/Beta_k__1__Beta_e__1/u_imp_100/FI_run_Jimenez_Re2000_u_imp_100_k_imp_1_e_imp_1/FI_run_Jimenez_Re2000_u_imp_100_k_imp_1_e_imp_1_state_iter_500.dat
iter:    600 (Jcost: 5.092127e-02) (lr = 2.655e-02) (elapsed time: 447.954) (secs/iter:  0.746) (n_accepted: 79%) (u_error:  0.652160 %) (beta_change:  3.245634 %) (delta_change:  0.873801 %) (delta_peak/R:  3.045709 %)
iter:    700 (Jcost: 4.939758e-02) (lr = 3.956e-03) (elapsed time: 515.976) (secs/iter:  0.680) (n_accepted: 77%) (u_error:  0.648609 %) (beta_change:  2.725015 %) (delta_change:  0.760462 %) (delta_peak/R:  3.029189 %)
iter:    800 (Jcost: 4.849435e-02) (lr = 1.415e-03) (elapsed time: 583.584) (secs/iter:  0.676) (n_accepted: 78%) (u_error:  0.646878 %) (beta_change:  2.363307 %) (delta_change:  0.685705 %) (delta_peak/R:  3.028936 %)
iter:    900 (Jcost: 4.776348e-02) (lr = 5.061e-04) (elapsed time: 653.126) (secs/iter:  0.695) (n_accepted: 78%) (u_error:  0.645274 %) (beta_change:  2.094817 %) (delta_change:  0.619778 %) (delta_peak/R:  3.017509 %)
iter:   1000 (Jcost: 4.716274e-02) (lr = 4.344e-04) (elapsed time: 720.756) (secs/iter:  0.676) (n_accepted: 79%) (u_error:  0.644073 %) (beta_change:  1.938215 %) (delta_change:  0.560887 %) (delta_peak/R:  3.000929 %)
-> Saved file: /media/rafael/DATA/Dropbox/20220924_FIML_solver/data/output/field_inversion/Beta_k__1__Beta_e__1/u_imp_100/FI_run_Jimenez_Re2000_u_imp_100_k_imp_1_e_imp_1/FI_run_Jimenez_Re2000_u_imp_100_k_imp_1_e_imp_1_state_iter_1000.dat
iter:   1100 (Jcost: 4.669469e-02) (lr = 2.148e-03) (elapsed time: 793.074) (secs/iter:  0.723) (n_accepted: 81%) (u_error:  0.643494 %) (beta_change:  1.796776 %) (delta_change:  0.510880 %) (delta_peak/R:  2.984005 %)
iter:   1200 (Jcost: 4.624759e-02) (lr = 1.062e-02) (elapsed time: 841.180) (secs/iter:  0.481) (n_accepted: 81%) (u_error:  0.642439 %) (beta_change:  1.648692 %) (delta_change:  0.462021 %) (delta_peak/R:  2.961848 %)
iter:   1300 (Jcost: 4.588372e-02) (lr = 3.799e-03) (elapsed time: 899.241) (secs/iter:  0.581) (n_accepted: 78%) (u_error:  0.641641 %) (beta_change:  1.514203 %) (delta_change:  0.449655 %) (delta_peak/R:  2.940532 %)
iter:   1400 (Jcost: 4.557212e-02) (lr = 5.661e-04) (elapsed time: 966.940) (secs/iter:  0.677) (n_accepted: 77%) (u_error:  0.641022 %) (beta_change:  1.385700 %) (delta_change:  0.456382 %) (delta_peak/R:  2.920106 %)
iter:   1500 (Jcost: 4.526015e-02) (lr = 1.166e-03) (elapsed time: 1009.820) (secs/iter:  0.429) (n_accepted: 80%) (u_error:  0.640526 %) (beta_change:  1.242393 %) (delta_change:  0.463441 %) (delta_peak/R:  2.897951 %)
-> Saved file: /media/rafael/DATA/Dropbox/20220924_FIML_solver/data/output/field_inversion/Beta_k__1__Beta_e__1/u_imp_100/FI_run_Jimenez_Re2000_u_imp_100_k_imp_1_e_imp_1/FI_run_Jimenez_Re2000_u_imp_100_k_imp_1_e_imp_1_state_iter_1500.dat
iter:   1600 (Jcost: 4.502132e-02) (lr = 2.403e-03) (elapsed time: 1054.535) (secs/iter:  0.447) (n_accepted: 80%) (u_error:  0.639419 %) (beta_change:  1.234267 %) (delta_change:  0.468755 %) (delta_peak/R:  2.886975 %)
iter:   1700 (Jcost: 4.481103e-02) (lr = 2.851e-02) (elapsed time: 1109.653) (secs/iter:  0.551) (n_accepted: 82%) (u_error:  0.639520 %) (beta_change:  1.249260 %) (delta_change:  0.473488 %) (delta_peak/R:  2.881554 %)
iter:   1800 (Jcost: 4.463193e-02) (lr = 1.020e-02) (elapsed time: 1175.379) (secs/iter:  0.657) (n_accepted: 78%) (u_error:  0.639103 %) (beta_change:  1.263131 %) (delta_change:  0.477491 %) (delta_peak/R:  2.873567 %)
iter:   1900 (Jcost: 4.445260e-02) (lr = 1.520e-03) (elapsed time: 1240.102) (secs/iter:  0.647) (n_accepted: 77%) (u_error:  0.638785 %) (beta_change:  1.276986 %) (delta_change:  0.481499 %) (delta_peak/R:  2.864921 %)
iter:   2000 (Jcost: 4.428974e-02) (lr = 5.435e-04) (elapsed time: 1308.205) (secs/iter:  0.681) (n_accepted: 78%) (u_error:  0.638510 %) (beta_change:  1.343922 %) (delta_change:  0.485069 %) (delta_peak/R:  2.856233 %)
-> Saved file: /media/rafael/DATA/Dropbox/20220924_FIML_solver/data/output/field_inversion/Beta_k__1__Beta_e__1/u_imp_100/FI_run_Jimenez_Re2000_u_imp_100_k_imp_1_e_imp_1/FI_run_Jimenez_Re2000_u_imp_100_k_imp_1_e_imp_1_state_iter_2000.dat
iter:   2100 (Jcost: 4.407273e-02) (lr = 1.548e-02) (elapsed time: 1354.576) (secs/iter:  0.464) (n_accepted: 83%) (u_error:  0.638296 %) (beta_change:  1.541324 %) (delta_change:  0.489837 %) (delta_peak/R:  2.843858 %)
iter:   2200 (Jcost: 4.394133e-02) (lr = 1.329e-02) (elapsed time: 1397.137) (secs/iter:  0.426) (n_accepted: 79%) (u_error:  0.637823 %) (beta_change:  1.662862 %) (delta_change:  0.492286 %) (delta_peak/R:  2.834651 %)
iter:   2300 (Jcost: 4.379679e-02) (lr = 4.753e-03) (elapsed time: 1437.593) (secs/iter:  0.405) (n_accepted: 78%) (u_error:  0.637594 %) (beta_change:  1.804125 %) (delta_change:  0.495103 %) (delta_peak/R:  2.824975 %)
iter:   2400 (Jcost: 4.367898e-02) (lr = 7.083e-04) (elapsed time: 1501.020) (secs/iter:  0.634) (n_accepted: 77%) (u_error:  0.637660 %) (beta_change:  1.929129 %) (delta_change:  0.497547 %) (delta_peak/R:  2.817330 %)
iter:   2500 (Jcost: 4.359112e-02) (lr = 8.404e-03) (elapsed time: 1551.873) (secs/iter:  0.509) (n_accepted: 82%) (u_error:  0.637232 %) (beta_change:  2.015192 %) (delta_change:  0.498811 %) (delta_peak/R:  2.810287 %)
-> Saved file: /media/rafael/DATA/Dropbox/20220924_FIML_solver/data/output/field_inversion/Beta_k__1__Beta_e__1/u_imp_100/FI_run_Jimenez_Re2000_u_imp_100_k_imp_1_e_imp_1/FI_run_Jimenez_Re2000_u_imp_100_k_imp_1_e_imp_1_state_iter_2500.dat
iter:   2600 (Jcost: 4.343085e-02) (lr = 5.219e-04) (elapsed time: 1597.424) (secs/iter:  0.456) (n_accepted: 76%) (u_error:  0.636947 %) (beta_change:  2.188571 %) (delta_change:  0.510379 %) (delta_peak/R:  2.798331 %)
iter:   2700 (Jcost: 4.332403e-02) (lr = 4.480e-04) (elapsed time: 1644.657) (secs/iter:  0.472) (n_accepted: 79%) (u_error:  0.636770 %) (beta_change:  2.309801 %) (delta_change:  0.527359 %) (delta_peak/R:  2.790235 %)
iter:   2800 (Jcost: 4.319914e-02) (lr = 1.276e-02) (elapsed time: 1686.238) (secs/iter:  0.416) (n_accepted: 83%) (u_error:  0.636319 %) (beta_change:  2.460965 %) (delta_change:  0.547222 %) (delta_peak/R:  2.779447 %)
iter:   2900 (Jcost: 4.313012e-02) (lr = 7.922e-04) (elapsed time: 1735.158) (secs/iter:  0.489) (n_accepted: 76%) (u_error:  0.636464 %) (beta_change:  2.539301 %) (delta_change:  0.557279 %) (delta_peak/R:  2.775367 %)
iter:   3000 (Jcost: 4.302511e-02) (lr = 6.800e-04) (elapsed time: 1784.520) (secs/iter:  0.494) (n_accepted: 79%) (u_error:  0.636269 %) (beta_change:  2.668934 %) (delta_change:  0.572860 %) (delta_peak/R:  2.767149 %)
-> Saved file: /media/rafael/DATA/Dropbox/20220924_FIML_solver/data/output/field_inversion/Beta_k__1__Beta_e__1/u_imp_100/FI_run_Jimenez_Re2000_u_imp_100_k_imp_1_e_imp_1/FI_run_Jimenez_Re2000_u_imp_100_k_imp_1_e_imp_1_state_iter_3000.dat
iter:   3100 (Jcost: 4.293744e-02) (lr = 1.937e-02) (elapsed time: 1851.414) (secs/iter:  0.669) (n_accepted: 83%) (u_error:  0.636001 %) (beta_change:  2.781840 %) (delta_change:  0.585588 %) (delta_peak/R:  2.759806 %)
iter:   3200 (Jcost: 4.285476e-02) (lr = 1.662e-02) (elapsed time: 1916.162) (secs/iter:  0.647) (n_accepted: 79%) (u_error:  0.636158 %) (beta_change:  2.889992 %) (delta_change:  0.597772 %) (delta_peak/R:  2.754491 %)
iter:   3300 (Jcost: 4.278280e-02) (lr = 2.478e-03) (elapsed time: 1976.334) (secs/iter:  0.602) (n_accepted: 77%) (u_error:  0.635872 %) (beta_change:  2.983611 %) (delta_change:  0.609066 %) (delta_peak/R:  2.748452 %)
iter:   3400 (Jcost: 4.270392e-02) (lr = 2.127e-03) (elapsed time: 2038.396) (secs/iter:  0.621) (n_accepted: 79%) (u_error:  0.635767 %) (beta_change:  3.090996 %) (delta_change:  0.621767 %) (delta_peak/R:  2.742524 %)
iter:   3500 (Jcost: 4.263574e-02) (lr = 7.606e-04) (elapsed time: 2102.067) (secs/iter:  0.637) (n_accepted: 78%) (u_error:  0.635421 %) (beta_change:  3.191600 %) (delta_change:  0.633221 %) (delta_peak/R:  2.736213 %)
-> Saved file: /media/rafael/DATA/Dropbox/20220924_FIML_solver/data/output/field_inversion/Beta_k__1__Beta_e__1/u_imp_100/FI_run_Jimenez_Re2000_u_imp_100_k_imp_1_e_imp_1/FI_run_Jimenez_Re2000_u_imp_100_k_imp_1_e_imp_1_state_iter_3500.dat
iter:   3600 (Jcost: 4.257865e-02) (lr = 9.026e-03) (elapsed time: 2169.210) (secs/iter:  0.671) (n_accepted: 82%) (u_error:  0.635537 %) (beta_change:  3.267167 %) (delta_change:  0.641782 %) (delta_peak/R:  2.732984 %)
iter:   3700 (Jcost: 4.250652e-02) (lr = 3.228e-03) (elapsed time: 2230.987) (secs/iter:  0.618) (n_accepted: 78%) (u_error:  0.635412 %) (beta_change:  3.371824 %) (delta_change:  0.653220 %) (delta_peak/R:  2.727586 %)
iter:   3800 (Jcost: 4.243999e-02) (lr = 4.811e-04) (elapsed time: 2291.687) (secs/iter:  0.607) (n_accepted: 77%) (u_error:  0.635372 %) (beta_change:  3.470000 %) (delta_change:  0.663667 %) (delta_peak/R:  2.722972 %)
iter:   3900 (Jcost: 4.237767e-02) (lr = 2.379e-03) (elapsed time: 2354.379) (secs/iter:  0.627) (n_accepted: 81%) (u_error:  0.635394 %) (beta_change:  3.565703 %) (delta_change:  0.673588 %) (delta_peak/R:  2.718849 %)
iter:   4000 (Jcost: 4.231434e-02) (lr = 4.901e-03) (elapsed time: 2415.761) (secs/iter:  0.614) (n_accepted: 80%) (u_error:  0.635317 %) (beta_change:  3.663899 %) (delta_change:  0.683428 %) (delta_peak/R:  2.714385 %)
-> Saved file: /media/rafael/DATA/Dropbox/20220924_FIML_solver/data/output/field_inversion/Beta_k__1__Beta_e__1/u_imp_100/FI_run_Jimenez_Re2000_u_imp_100_k_imp_1_e_imp_1/FI_run_Jimenez_Re2000_u_imp_100_k_imp_1_e_imp_1_state_iter_4000.dat
iter:   4100 (Jcost: 4.225930e-02) (lr = 1.753e-03) (elapsed time: 2481.329) (secs/iter:  0.656) (n_accepted: 78%) (u_error:  0.635088 %) (beta_change:  3.748537 %) (delta_change:  0.691611 %) (delta_peak/R:  2.710043 %)
iter:   4200 (Jcost: 4.220487e-02) (lr = 6.269e-04) (elapsed time: 2543.434) (secs/iter:  0.621) (n_accepted: 78%) (u_error:  0.635016 %) (beta_change:  3.835730 %) (delta_change:  0.699874 %) (delta_peak/R:  2.706298 %)
iter:   4300 (Jcost: 4.214940e-02) (lr = 5.382e-04) (elapsed time: 2605.390) (secs/iter:  0.620) (n_accepted: 79%) (u_error:  0.634942 %) (beta_change:  3.926256 %) (delta_change:  0.708215 %) (delta_peak/R:  2.702521 %)
iter:   4400 (Jcost: 4.208076e-02) (lr = 1.533e-02) (elapsed time: 2663.835) (secs/iter:  0.584) (n_accepted: 83%) (u_error:  0.635083 %) (beta_change:  4.047663 %) (delta_change:  0.719146 %) (delta_peak/R:  2.698524 %)
iter:   4500 (Jcost: 4.203764e-02) (lr = 1.316e-02) (elapsed time: 2707.363) (secs/iter:  0.435) (n_accepted: 79%) (u_error:  0.634773 %) (beta_change:  4.113962 %) (delta_change:  0.724746 %) (delta_peak/R:  2.694981 %)
-> Saved file: /media/rafael/DATA/Dropbox/20220924_FIML_solver/data/output/field_inversion/Beta_k__1__Beta_e__1/u_imp_100/FI_run_Jimenez_Re2000_u_imp_100_k_imp_1_e_imp_1/FI_run_Jimenez_Re2000_u_imp_100_k_imp_1_e_imp_1_state_iter_4500.dat
iter:   4600 (Jcost: 4.199350e-02) (lr = 1.961e-03) (elapsed time: 2773.587) (secs/iter:  0.662) (n_accepted: 77%) (u_error:  0.634719 %) (beta_change:  4.190090 %) (delta_change:  0.731164 %) (delta_peak/R:  2.692107 %)
iter:   4700 (Jcost: 4.194560e-02) (lr = 1.683e-03) (elapsed time: 2836.531) (secs/iter:  0.629) (n_accepted: 79%) (u_error:  0.634660 %) (beta_change:  4.274078 %) (delta_change:  0.738055 %) (delta_peak/R:  2.689020 %)
iter:   4800 (Jcost: 4.189351e-02) (lr = 6.019e-04) (elapsed time: 2899.397) (secs/iter:  0.629) (n_accepted: 78%) (u_error:  0.634575 %) (beta_change:  4.371948 %) (delta_change:  0.745449 %) (delta_peak/R:  2.685624 %)
iter:   4900 (Jcost: 4.185133e-02) (lr = 1.240e-03) (elapsed time: 2963.861) (secs/iter:  0.645) (n_accepted: 80%) (u_error:  0.634592 %) (beta_change:  4.470187 %) (delta_change:  0.751445 %) (delta_peak/R:  2.683208 %)
iter:   5000 (Jcost: 4.181171e-02) (lr = 2.555e-03) (elapsed time: 3022.556) (secs/iter:  0.587) (n_accepted: 80%) (u_error:  0.634431 %) (beta_change:  4.562100 %) (delta_change:  0.756856 %) (delta_peak/R:  2.680334 %)
-> Saved file: /media/rafael/DATA/Dropbox/20220924_FIML_solver/data/output/field_inversion/Beta_k__1__Beta_e__1/u_imp_100/FI_run_Jimenez_Re2000_u_imp_100_k_imp_1_e_imp_1/FI_run_Jimenez_Re2000_u_imp_100_k_imp_1_e_imp_1_state_iter_5000.dat
iter:   5100 (Jcost: 4.176351e-02) (lr = 9.138e-04) (elapsed time: 3086.829) (secs/iter:  0.643) (n_accepted: 78%) (u_error:  0.634376 %) (beta_change:  4.676262 %) (delta_change:  0.763453 %) (delta_peak/R:  2.677378 %)
iter:   5200 (Jcost: 4.172592e-02) (lr = 2.602e-02) (elapsed time: 3148.605) (secs/iter:  0.618) (n_accepted: 83%) (u_error:  0.634394 %) (beta_change:  4.766949 %) (delta_change:  0.768575 %) (delta_peak/R:  2.675315 %)
iter:   5300 (Jcost: 4.169615e-02) (lr = 1.616e-03) (elapsed time: 3211.479) (secs/iter:  0.629) (n_accepted: 76%) (u_error:  0.634304 %) (beta_change:  4.838796 %) (delta_change:  0.772506 %) (delta_peak/R:  2.673321 %)
iter:   5400 (Jcost: 4.165191e-02) (lr = 1.918e-02) (elapsed time: 3271.882) (secs/iter:  0.604) (n_accepted: 82%) (u_error:  0.634277 %) (beta_change:  4.947705 %) (delta_change:  0.778373 %) (delta_peak/R:  2.670758 %)
iter:   5500 (Jcost: 4.161150e-02) (lr = 6.858e-03) (elapsed time: 3330.868) (secs/iter:  0.590) (n_accepted: 78%) (u_error:  0.634223 %) (beta_change:  5.048309 %) (delta_change:  0.783628 %) (delta_peak/R:  2.668332 %)
-> Saved file: /media/rafael/DATA/Dropbox/20220924_FIML_solver/data/output/field_inversion/Beta_k__1__Beta_e__1/u_imp_100/FI_run_Jimenez_Re2000_u_imp_100_k_imp_1_e_imp_1/FI_run_Jimenez_Re2000_u_imp_100_k_imp_1_e_imp_1_state_iter_5500.dat
iter:   5600 (Jcost: 4.155953e-02) (lr = 1.022e-03) (elapsed time: 3396.658) (secs/iter:  0.658) (n_accepted: 77%) (u_error:  0.634106 %) (beta_change:  5.179363 %) (delta_change:  0.790247 %) (delta_peak/R:  2.665069 %)
iter:   5700 (Jcost: 4.152442e-02) (lr = 8.774e-04) (elapsed time: 3458.164) (secs/iter:  0.615) (n_accepted: 79%) (u_error:  0.634074 %) (beta_change:  5.269247 %) (delta_change:  0.794662 %) (delta_peak/R:  2.663060 %)
iter:   5800 (Jcost: 4.148767e-02) (lr = 7.531e-04) (elapsed time: 3518.474) (secs/iter:  0.603) (n_accepted: 79%) (u_error:  0.634182 %) (beta_change:  5.369560 %) (delta_change:  0.799522 %) (delta_peak/R:  2.661398 %)
iter:   5900 (Jcost: 4.145210e-02) (lr = 2.145e-02) (elapsed time: 3579.742) (secs/iter:  0.613) (n_accepted: 83%) (u_error:  0.634030 %) (beta_change:  5.458237 %) (delta_change:  0.803602 %) (delta_peak/R:  2.659033 %)
iter:   6000 (Jcost: 4.141676e-02) (lr = 4.419e-02) (elapsed time: 3640.864) (secs/iter:  0.611) (n_accepted: 80%) (u_error:  0.634020 %) (beta_change:  5.552982 %) (delta_change:  0.807913 %) (delta_peak/R:  2.657113 %)
-> Saved file: /media/rafael/DATA/Dropbox/20220924_FIML_solver/data/output/field_inversion/Beta_k__1__Beta_e__1/u_imp_100/FI_run_Jimenez_Re2000_u_imp_100_k_imp_1_e_imp_1/FI_run_Jimenez_Re2000_u_imp_100_k_imp_1_e_imp_1_state_iter_6000.dat
iter:   6100 (Jcost: 4.138498e-02) (lr = 1.580e-02) (elapsed time: 3700.090) (secs/iter:  0.592) (n_accepted: 78%) (u_error:  0.633886 %) (beta_change:  5.636105 %) (delta_change:  0.811548 %) (delta_peak/R:  2.654986 %)
iter:   6200 (Jcost: 4.135274e-02) (lr = 9.814e-04) (elapsed time: 3756.183) (secs/iter:  0.561) (n_accepted: 76%) (u_error:  0.633862 %) (beta_change:  5.723378 %) (delta_change:  0.815320 %) (delta_peak/R:  2.653217 %)
iter:   6300 (Jcost: 4.132254e-02) (lr = 2.022e-03) (elapsed time: 3817.652) (secs/iter:  0.615) (n_accepted: 80%) (u_error:  0.633710 %) (beta_change:  5.806879 %) (delta_change:  0.818783 %) (delta_peak/R:  2.651065 %)
iter:   6400 (Jcost: 4.128955e-02) (lr = 2.399e-02) (elapsed time: 3870.166) (secs/iter:  0.525) (n_accepted: 82%) (u_error:  0.633761 %) (beta_change:  5.896596 %) (delta_change:  0.822501 %) (delta_peak/R:  2.649584 %)
iter:   6500 (Jcost: 4.125962e-02) (lr = 2.059e-02) (elapsed time: 3926.962) (secs/iter:  0.568) (n_accepted: 79%) (u_error:  0.633706 %) (beta_change:  5.979836 %) (delta_change:  0.825819 %) (delta_peak/R:  2.647845 %)
-> Saved file: /media/rafael/DATA/Dropbox/20220924_FIML_solver/data/output/field_inversion/Beta_k__1__Beta_e__1/u_imp_100/FI_run_Jimenez_Re2000_u_imp_100_k_imp_1_e_imp_1/FI_run_Jimenez_Re2000_u_imp_100_k_imp_1_e_imp_1_state_iter_6500.dat
iter:   6600 (Jcost: 4.122451e-02) (lr = 7.366e-03) (elapsed time: 3992.652) (secs/iter:  0.657) (n_accepted: 78%) (u_error:  0.633685 %) (beta_change:  6.078692 %) (delta_change:  0.829675 %) (delta_peak/R:  2.645977 %)
iter:   6700 (Jcost: 4.119659e-02) (lr = 1.098e-03) (elapsed time: 4053.278) (secs/iter:  0.606) (n_accepted: 77%) (u_error:  0.633604 %) (beta_change:  6.157880 %) (delta_change:  0.832651 %) (delta_peak/R:  2.644259 %)
iter:   6800 (Jcost: 4.116881e-02) (lr = 2.261e-03) (elapsed time: 4115.300) (secs/iter:  0.620) (n_accepted: 80%) (u_error:  0.633676 %) (beta_change:  6.239211 %) (delta_change:  0.835700 %) (delta_peak/R:  2.643099 %)
iter:   6900 (Jcost: 4.114724e-02) (lr = 1.118e-02) (elapsed time: 4175.553) (secs/iter:  0.603) (n_accepted: 81%) (u_error:  0.633570 %) (beta_change:  6.299728 %) (delta_change:  0.837849 %) (delta_peak/R:  2.641646 %)
iter:   7000 (Jcost: 4.112294e-02) (lr = 3.999e-03) (elapsed time: 4237.218) (secs/iter:  0.617) (n_accepted: 78%) (u_error:  0.633522 %) (beta_change:  6.371416 %) (delta_change:  0.840340 %) (delta_peak/R:  2.640247 %)
-> Saved file: /media/rafael/DATA/Dropbox/20220924_FIML_solver/data/output/field_inversion/Beta_k__1__Beta_e__1/u_imp_100/FI_run_Jimenez_Re2000_u_imp_100_k_imp_1_e_imp_1/FI_run_Jimenez_Re2000_u_imp_100_k_imp_1_e_imp_1_state_iter_7000.dat
iter:   7100 (Jcost: 4.108872e-02) (lr = 5.960e-04) (elapsed time: 4303.140) (secs/iter:  0.659) (n_accepted: 77%) (u_error:  0.633489 %) (beta_change:  6.476527 %) (delta_change:  0.843807 %) (delta_peak/R:  2.638409 %)
iter:   7200 (Jcost: 4.106263e-02) (lr = 4.074e-02) (elapsed time: 4357.627) (secs/iter:  0.545) (n_accepted: 84%) (u_error:  0.633561 %) (beta_change:  6.560717 %) (delta_change:  0.846546 %) (delta_peak/R:  2.637326 %)
iter:   7300 (Jcost: 4.103580e-02) (lr = 3.497e-02) (elapsed time: 4417.624) (secs/iter:  0.600) (n_accepted: 79%) (u_error:  0.633386 %) (beta_change:  6.641403 %) (delta_change:  0.848998 %) (delta_peak/R:  2.635387 %)
iter:   7400 (Jcost: 4.101348e-02) (lr = 3.770e-04) (elapsed time: 4478.722) (secs/iter:  0.611) (n_accepted: 74%) (u_error:  0.633373 %) (beta_change:  6.711735 %) (delta_change:  0.852315 %) (delta_peak/R:  2.634231 %)
iter:   7500 (Jcost: 4.098893e-02) (lr = 7.766e-04) (elapsed time: 4540.368) (secs/iter:  0.616) (n_accepted: 80%) (u_error:  0.633336 %) (beta_change:  6.789744 %) (delta_change:  0.857328 %) (delta_peak/R:  2.632879 %)
-> Saved file: /media/rafael/DATA/Dropbox/20220924_FIML_solver/data/output/field_inversion/Beta_k__1__Beta_e__1/u_imp_100/FI_run_Jimenez_Re2000_u_imp_100_k_imp_1_e_imp_1/FI_run_Jimenez_Re2000_u_imp_100_k_imp_1_e_imp_1_state_iter_7500.dat
iter:   7600 (Jcost: 4.096826e-02) (lr = 2.212e-02) (elapsed time: 4603.585) (secs/iter:  0.632) (n_accepted: 83%) (u_error:  0.633311 %) (beta_change:  6.855928 %) (delta_change:  0.861519 %) (delta_peak/R:  2.631762 %)
iter:   7700 (Jcost: 4.094378e-02) (lr = 1.899e-02) (elapsed time: 4665.005) (secs/iter:  0.614) (n_accepted: 79%) (u_error:  0.633257 %) (beta_change:  6.934979 %) (delta_change:  0.866428 %) (delta_peak/R:  2.630348 %)
iter:   7800 (Jcost: 4.091955e-02) (lr = 6.791e-03) (elapsed time: 4722.794) (secs/iter:  0.578) (n_accepted: 78%) (u_error:  0.633221 %) (beta_change:  7.013825 %) (delta_change:  0.871258 %) (delta_peak/R:  2.629019 %)
iter:   7900 (Jcost: 4.089634e-02) (lr = 2.429e-03) (elapsed time: 4783.649) (secs/iter:  0.609) (n_accepted: 78%) (u_error:  0.633235 %) (beta_change:  7.091071 %) (delta_change:  0.875875 %) (delta_peak/R:  2.627931 %)
iter:   8000 (Jcost: 4.087881e-02) (lr = 1.201e-02) (elapsed time: 4842.308) (secs/iter:  0.587) (n_accepted: 81%) (u_error:  0.633195 %) (beta_change:  7.149844 %) (delta_change:  0.879291 %) (delta_peak/R:  2.626917 %)
-> Saved file: /media/rafael/DATA/Dropbox/20220924_FIML_solver/data/output/field_inversion/Beta_k__1__Beta_e__1/u_imp_100/FI_run_Jimenez_Re2000_u_imp_100_k_imp_1_e_imp_1/FI_run_Jimenez_Re2000_u_imp_100_k_imp_1_e_imp_1_state_iter_8000.dat
iter:   8100 (Jcost: 4.085708e-02) (lr = 1.031e-02) (elapsed time: 4909.586) (secs/iter:  0.673) (n_accepted: 79%) (u_error:  0.633153 %) (beta_change:  7.223287 %) (delta_change:  0.883506 %) (delta_peak/R:  2.625694 %)
iter:   8200 (Jcost: 4.083559e-02) (lr = 1.536e-03) (elapsed time: 4968.352) (secs/iter:  0.588) (n_accepted: 77%) (u_error:  0.633068 %) (beta_change:  7.297533 %) (delta_change:  0.887660 %) (delta_peak/R:  2.624302 %)
iter:   8300 (Jcost: 4.082164e-02) (lr = 3.165e-03) (elapsed time: 5029.142) (secs/iter:  0.608) (n_accepted: 80%) (u_error:  0.633120 %) (beta_change:  7.344316 %) (delta_change:  0.890332 %) (delta_peak/R:  2.623829 %)
iter:   8400 (Jcost: 4.080081e-02) (lr = 1.565e-02) (elapsed time: 5089.010) (secs/iter:  0.599) (n_accepted: 81%) (u_error:  0.633149 %) (beta_change:  7.417162 %) (delta_change:  0.894396 %) (delta_peak/R:  2.622903 %)
iter:   8500 (Jcost: 4.078382e-02) (lr = 1.343e-02) (elapsed time: 5148.522) (secs/iter:  0.595) (n_accepted: 79%) (u_error:  0.633060 %) (beta_change:  7.475210 %) (delta_change:  0.897491 %) (delta_peak/R:  2.621750 %)
-> Saved file: /media/rafael/DATA/Dropbox/20220924_FIML_solver/data/output/field_inversion/Beta_k__1__Beta_e__1/u_imp_100/FI_run_Jimenez_Re2000_u_imp_100_k_imp_1_e_imp_1/FI_run_Jimenez_Re2000_u_imp_100_k_imp_1_e_imp_1_state_iter_8500.dat
iter:   8600 (Jcost: 4.076352e-02) (lr = 3.475e-04) (elapsed time: 5215.049) (secs/iter:  0.665) (n_accepted: 75%) (u_error:  0.633029 %) (beta_change:  7.546245 %) (delta_change:  0.901291 %) (delta_peak/R:  2.620636 %)
iter:   8700 (Jcost: 4.074647e-02) (lr = 2.375e-02) (elapsed time: 5270.218) (secs/iter:  0.552) (n_accepted: 84%) (u_error:  0.633023 %) (beta_change:  7.606327 %) (delta_change:  0.904475 %) (delta_peak/R:  2.619778 %)
iter:   8800 (Jcost: 4.072687e-02) (lr = 2.039e-02) (elapsed time: 5318.794) (secs/iter:  0.486) (n_accepted: 79%) (u_error:  0.632986 %) (beta_change:  7.675797 %) (delta_change:  0.908079 %) (delta_peak/R:  2.618678 %)
iter:   8900 (Jcost: 4.070441e-02) (lr = 3.039e-03) (elapsed time: 5380.183) (secs/iter:  0.614) (n_accepted: 77%) (u_error:  0.632974 %) (beta_change:  7.756167 %) (delta_change:  0.912207 %) (delta_peak/R:  2.617529 %)
iter:   9000 (Jcost: 4.068582e-02) (lr = 1.087e-03) (elapsed time: 5442.548) (secs/iter:  0.624) (n_accepted: 78%) (u_error:  0.632905 %) (beta_change:  7.823236 %) (delta_change:  0.915544 %) (delta_peak/R:  2.616356 %)
-> Saved file: /media/rafael/DATA/Dropbox/20220924_FIML_solver/data/output/field_inversion/Beta_k__1__Beta_e__1/u_imp_100/FI_run_Jimenez_Re2000_u_imp_100_k_imp_1_e_imp_1/FI_run_Jimenez_Re2000_u_imp_100_k_imp_1_e_imp_1_state_iter_9000.dat
iter:   9100 (Jcost: 4.066647e-02) (lr = 3.887e-04) (elapsed time: 5507.422) (secs/iter:  0.649) (n_accepted: 78%) (u_error:  0.632902 %) (beta_change:  7.893252 %) (delta_change:  0.919034 %) (delta_peak/R:  2.615399 %)
iter:   9200 (Jcost: 4.064567e-02) (lr = 1.922e-03) (elapsed time: 5560.406) (secs/iter:  0.530) (n_accepted: 81%) (u_error:  0.632816 %) (beta_change:  7.970261 %) (delta_change:  0.922740 %) (delta_peak/R:  2.614042 %)
iter:   9300 (Jcost: 4.062751e-02) (lr = 2.281e-02) (elapsed time: 5619.036) (secs/iter:  0.586) (n_accepted: 82%) (u_error:  0.632852 %) (beta_change:  8.036154 %) (delta_change:  0.925954 %) (delta_peak/R:  2.613295 %)
iter:   9400 (Jcost: 4.061287e-02) (lr = 8.157e-03) (elapsed time: 5662.046) (secs/iter:  0.430) (n_accepted: 78%) (u_error:  0.632834 %) (beta_change:  8.090445 %) (delta_change:  0.928526 %) (delta_peak/R:  2.612508 %)
iter:   9500 (Jcost: 4.059204e-02) (lr = 2.918e-03) (elapsed time: 5711.920) (secs/iter:  0.499) (n_accepted: 78%) (u_error:  0.632785 %) (beta_change:  8.168272 %) (delta_change:  0.932143 %) (delta_peak/R:  2.611300 %)
-> Saved file: /media/rafael/DATA/Dropbox/20220924_FIML_solver/data/output/field_inversion/Beta_k__1__Beta_e__1/u_imp_100/FI_run_Jimenez_Re2000_u_imp_100_k_imp_1_e_imp_1/FI_run_Jimenez_Re2000_u_imp_100_k_imp_1_e_imp_1_state_iter_9500.dat
iter:   9600 (Jcost: 4.058049e-02) (lr = 2.504e-03) (elapsed time: 5768.923) (secs/iter:  0.570) (n_accepted: 79%) (u_error:  0.632811 %) (beta_change:  8.211668 %) (delta_change:  0.934177 %) (delta_peak/R:  2.610828 %)
iter:   9700 (Jcost: 4.056136e-02) (lr = 3.732e-04) (elapsed time: 5827.540) (secs/iter:  0.586) (n_accepted: 77%) (u_error:  0.632761 %) (beta_change:  8.283829 %) (delta_change:  0.937438 %) (delta_peak/R:  2.609696 %)
iter:   9800 (Jcost: 4.054388e-02) (lr = 1.063e-02) (elapsed time: 5875.304) (secs/iter:  0.478) (n_accepted: 83%) (u_error:  0.632827 %) (beta_change:  8.352465 %) (delta_change:  0.940591 %) (delta_peak/R:  2.609054 %)
iter:   9900 (Jcost: 4.052595e-02) (lr = 5.256e-02) (elapsed time: 5926.791) (secs/iter:  0.515) (n_accepted: 81%) (u_error:  0.632630 %) (beta_change:  8.421044 %) (delta_change:  0.943466 %) (delta_peak/R:  2.607433 %)
iter:  10000 (Jcost: 4.051339e-02) (lr = 3.264e-03) (elapsed time: 5972.969) (secs/iter:  0.462) (n_accepted: 76%) (u_error:  0.632701 %) (beta_change:  8.467537 %) (delta_change:  0.945567 %) (delta_peak/R:  2.607100 %)
-> Saved file: /media/rafael/DATA/Dropbox/20220924_FIML_solver/data/output/field_inversion/Beta_k__1__Beta_e__1/u_imp_100/FI_run_Jimenez_Re2000_u_imp_100_k_imp_1_e_imp_1/FI_run_Jimenez_Re2000_u_imp_100_k_imp_1_e_imp_1_state_iter_10000.dat
iter:  10100 (Jcost: 4.049504e-02) (lr = 1.614e-02) (elapsed time: 6014.244) (secs/iter:  0.413) (n_accepted: 81%) (u_error:  0.632624 %) (beta_change:  8.539416 %) (delta_change:  0.948614 %) (delta_peak/R:  2.605895 %)
iter:  10200 (Jcost: 4.047941e-02) (lr = 1.385e-02) (elapsed time: 6050.034) (secs/iter:  0.358) (n_accepted: 79%) (u_error:  0.632665 %) (beta_change:  8.599882 %) (delta_change:  0.951232 %) (delta_peak/R:  2.605279 %)
iter:  10300 (Jcost: 4.046359e-02) (lr = 1.189e-02) (elapsed time: 6085.094) (secs/iter:  0.351) (n_accepted: 79%) (u_error:  0.632631 %) (beta_change:  8.662059 %) (delta_change:  0.953822 %) (delta_peak/R:  2.604366 %)
iter:  10400 (Jcost: 4.044331e-02) (lr = 1.772e-03) (elapsed time: 6125.393) (secs/iter:  0.403) (n_accepted: 77%) (u_error:  0.632601 %) (beta_change:  8.742416 %) (delta_change:  0.957132 %) (delta_peak/R:  2.603242 %)
iter:  10500 (Jcost: 4.042672e-02) (lr = 1.521e-03) (elapsed time: 6178.184) (secs/iter:  0.528) (n_accepted: 79%) (u_error:  0.632654 %) (beta_change:  8.810228 %) (delta_change:  0.959949 %) (delta_peak/R:  2.602594 %)
-> Saved file: /media/rafael/DATA/Dropbox/20220924_FIML_solver/data/output/field_inversion/Beta_k__1__Beta_e__1/u_imp_100/FI_run_Jimenez_Re2000_u_imp_100_k_imp_1_e_imp_1/FI_run_Jimenez_Re2000_u_imp_100_k_imp_1_e_imp_1_state_iter_10500.dat
iter:  10600 (Jcost: 4.041484e-02) (lr = 7.520e-03) (elapsed time: 6217.560) (secs/iter:  0.394) (n_accepted: 81%) (u_error:  0.632554 %) (beta_change:  8.856443 %) (delta_change:  0.961726 %) (delta_peak/R:  2.601645 %)
iter:  10700 (Jcost: 4.039796e-02) (lr = 1.121e-03) (elapsed time: 6252.973) (secs/iter:  0.354) (n_accepted: 77%) (u_error:  0.632560 %) (beta_change:  8.926558 %) (delta_change:  0.964455 %) (delta_peak/R:  2.600821 %)
iter:  10800 (Jcost: 4.038348e-02) (lr = 9.620e-04) (elapsed time: 6289.985) (secs/iter:  0.370) (n_accepted: 79%) (u_error:  0.632527 %) (beta_change:  8.987965 %) (delta_change:  0.966742 %) (delta_peak/R:  2.599974 %)
iter:  10900 (Jcost: 4.036645e-02) (lr = 3.441e-04) (elapsed time: 6345.939) (secs/iter:  0.560) (n_accepted: 78%) (u_error:  0.632502 %) (beta_change:  9.060764 %) (delta_change:  0.969429 %) (delta_peak/R:  2.599024 %)
iter:  11000 (Jcost: 4.035259e-02) (lr = 2.352e-02) (elapsed time: 6405.023) (secs/iter:  0.591) (n_accepted: 84%) (u_error:  0.632468 %) (beta_change:  9.120425 %) (delta_change:  0.971589 %) (delta_peak/R:  2.598196 %)
-> Saved file: /media/rafael/DATA/Dropbox/20220924_FIML_solver/data/output/field_inversion/Beta_k__1__Beta_e__1/u_imp_100/FI_run_Jimenez_Re2000_u_imp_100_k_imp_1_e_imp_1/FI_run_Jimenez_Re2000_u_imp_100_k_imp_1_e_imp_1_state_iter_11000.dat
iter:  11100 (Jcost: 4.033912e-02) (lr = 2.019e-02) (elapsed time: 6471.156) (secs/iter:  0.661) (n_accepted: 79%) (u_error:  0.632428 %) (beta_change:  9.179044 %) (delta_change:  0.973682 %) (delta_peak/R:  2.597364 %)
iter:  11200 (Jcost: 4.032640e-02) (lr = 7.221e-03) (elapsed time: 6512.691) (secs/iter:  0.415) (n_accepted: 78%) (u_error:  0.632436 %) (beta_change:  9.234122 %) (delta_change:  0.975665 %) (delta_peak/R:  2.596751 %)
iter:  11300 (Jcost: 4.031002e-02) (lr = 2.583e-03) (elapsed time: 6559.280) (secs/iter:  0.466) (n_accepted: 78%) (u_error:  0.632412 %) (beta_change:  9.305935 %) (delta_change:  0.978190 %) (delta_peak/R:  2.595832 %)
iter:  11400 (Jcost: 4.029749e-02) (lr = 9.237e-04) (elapsed time: 6607.935) (secs/iter:  0.487) (n_accepted: 78%) (u_error:  0.632417 %) (beta_change:  9.361210 %) (delta_change:  0.980129 %) (delta_peak/R:  2.595212 %)
iter:  11500 (Jcost: 4.028144e-02) (lr = 1.903e-03) (elapsed time: 6652.992) (secs/iter:  0.451) (n_accepted: 80%) (u_error:  0.632317 %) (beta_change:  9.433742 %) (delta_change:  0.982549 %) (delta_peak/R:  2.594006 %)
-> Saved file: /media/rafael/DATA/Dropbox/20220924_FIML_solver/data/output/field_inversion/Beta_k__1__Beta_e__1/u_imp_100/FI_run_Jimenez_Re2000_u_imp_100_k_imp_1_e_imp_1/FI_run_Jimenez_Re2000_u_imp_100_k_imp_1_e_imp_1_state_iter_11500.dat
iter:  11600 (Jcost: 4.026859e-02) (lr = 2.258e-02) (elapsed time: 6705.372) (secs/iter:  0.524) (n_accepted: 82%) (u_error:  0.632361 %) (beta_change:  9.489867 %) (delta_change:  0.984505 %) (delta_peak/R:  2.593532 %)
iter:  11700 (Jcost: 4.025757e-02) (lr = 8.077e-03) (elapsed time: 6754.201) (secs/iter:  0.488) (n_accepted: 78%) (u_error:  0.632344 %) (beta_change:  9.539392 %) (delta_change:  0.986164 %) (delta_peak/R:  2.592903 %)
iter:  11800 (Jcost: 4.024517e-02) (lr = 2.889e-03) (elapsed time: 6802.959) (secs/iter:  0.488) (n_accepted: 78%) (u_error:  0.632318 %) (beta_change:  9.595490 %) (delta_change:  0.988018 %) (delta_peak/R:  2.592166 %)
iter:  11900 (Jcost: 4.023119e-02) (lr = 1.033e-03) (elapsed time: 6855.372) (secs/iter:  0.524) (n_accepted: 78%) (u_error:  0.632308 %) (beta_change:  9.659026 %) (delta_change:  0.990112 %) (delta_peak/R:  2.591411 %)
iter:  12000 (Jcost: 4.021883e-02) (lr = 3.695e-04) (elapsed time: 6909.812) (secs/iter:  0.544) (n_accepted: 78%) (u_error:  0.632296 %) (beta_change:  9.715537 %) (delta_change:  0.991950 %) (delta_peak/R:  2.590728 %)
-> Saved file: /media/rafael/DATA/Dropbox/20220924_FIML_solver/data/output/field_inversion/Beta_k__1__Beta_e__1/u_imp_100/FI_run_Jimenez_Re2000_u_imp_100_k_imp_1_e_imp_1/FI_run_Jimenez_Re2000_u_imp_100_k_imp_1_e_imp_1_state_iter_12000.dat
iter:  12100 (Jcost: 4.020722e-02) (lr = 1.052e-02) (elapsed time: 6963.891) (secs/iter:  0.541) (n_accepted: 83%) (u_error:  0.632286 %) (beta_change:  9.768987 %) (delta_change:  0.993673 %) (delta_peak/R:  2.590091 %)
iter:  12200 (Jcost: 4.019449e-02) (lr = 3.764e-03) (elapsed time: 7020.894) (secs/iter:  0.570) (n_accepted: 78%) (u_error:  0.632253 %) (beta_change:  9.827940 %) (delta_change:  0.995532 %) (delta_peak/R:  2.589305 %)
iter:  12300 (Jcost: 4.018248e-02) (lr = 5.610e-04) (elapsed time: 7081.379) (secs/iter:  0.605) (n_accepted: 77%) (u_error:  0.632246 %) (beta_change:  9.883808 %) (delta_change:  0.997298 %) (delta_peak/R:  2.588655 %)
iter:  12400 (Jcost: 4.017143e-02) (lr = 1.156e-03) (elapsed time: 7140.215) (secs/iter:  0.588) (n_accepted: 80%) (u_error:  0.632155 %) (beta_change:  9.937379 %) (delta_change:  0.999134 %) (delta_peak/R:  2.587719 %)
iter:  12500 (Jcost: 4.015842e-02) (lr = 3.291e-02) (elapsed time: 7194.936) (secs/iter:  0.547) (n_accepted: 83%) (u_error:  0.632198 %) (beta_change:  9.996905 %) (delta_change:  1.001347 %) (delta_peak/R:  2.587220 %)
-> Saved file: /media/rafael/DATA/Dropbox/20220924_FIML_solver/data/output/field_inversion/Beta_k__1__Beta_e__1/u_imp_100/FI_run_Jimenez_Re2000_u_imp_100_k_imp_1_e_imp_1/FI_run_Jimenez_Re2000_u_imp_100_k_imp_1_e_imp_1_state_iter_12500.dat
iter:  12600 (Jcost: 4.014768e-02) (lr = 2.044e-03) (elapsed time: 7259.757) (secs/iter:  0.648) (n_accepted: 76%) (u_error:  0.632199 %) (beta_change: 10.047764 %) (delta_change:  1.003190 %) (delta_peak/R:  2.586659 %)
iter:  12700 (Jcost: 4.013597e-02) (lr = 1.754e-03) (elapsed time: 7317.602) (secs/iter:  0.578) (n_accepted: 79%) (u_error:  0.632176 %) (beta_change: 10.103550 %) (delta_change:  1.005173 %) (delta_peak/R:  2.585959 %)
iter:  12800 (Jcost: 4.012413e-02) (lr = 6.275e-04) (elapsed time: 7377.034) (secs/iter:  0.594) (n_accepted: 78%) (u_error:  0.632169 %) (beta_change: 10.160345 %) (delta_change:  1.007186 %) (delta_peak/R:  2.585308 %)
iter:  12900 (Jcost: 4.011162e-02) (lr = 7.446e-03) (elapsed time: 7434.022) (secs/iter:  0.570) (n_accepted: 82%) (u_error:  0.632247 %) (beta_change: 10.224344 %) (delta_change:  1.009506 %) (delta_peak/R:  2.584899 %)
iter:  13000 (Jcost: 4.010193e-02) (lr = 1.534e-02) (elapsed time: 7493.539) (secs/iter:  0.595) (n_accepted: 80%) (u_error:  0.632118 %) (beta_change: 10.267725 %) (delta_change:  1.010908 %) (delta_peak/R:  2.583940 %)
-> Saved file: /media/rafael/DATA/Dropbox/20220924_FIML_solver/data/output/field_inversion/Beta_k__1__Beta_e__1/u_imp_100/FI_run_Jimenez_Re2000_u_imp_100_k_imp_1_e_imp_1/FI_run_Jimenez_Re2000_u_imp_100_k_imp_1_e_imp_1_state_iter_13000.dat
iter:  13100 (Jcost: 4.009195e-02) (lr = 5.487e-03) (elapsed time: 7559.431) (secs/iter:  0.659) (n_accepted: 78%) (u_error:  0.632105 %) (beta_change: 10.316414 %) (delta_change:  1.012583 %) (delta_peak/R:  2.583359 %)
iter:  13200 (Jcost: 4.008121e-02) (lr = 8.176e-04) (elapsed time: 7616.570) (secs/iter:  0.571) (n_accepted: 77%) (u_error:  0.632108 %) (beta_change: 10.369011 %) (delta_change:  1.014391 %) (delta_peak/R:  2.582797 %)
iter:  13300 (Jcost: 4.007132e-02) (lr = 9.703e-03) (elapsed time: 7676.133) (secs/iter:  0.596) (n_accepted: 82%) (u_error:  0.632153 %) (beta_change: 10.419279 %) (delta_change:  1.016142 %) (delta_peak/R:  2.582424 %)
iter:  13400 (Jcost: 4.006379e-02) (lr = 3.470e-03) (elapsed time: 7735.158) (secs/iter:  0.590) (n_accepted: 78%) (u_error:  0.632062 %) (beta_change: 10.455112 %) (delta_change:  1.017275 %) (delta_peak/R:  2.581694 %)
iter:  13500 (Jcost: 4.005430e-02) (lr = 4.118e-02) (elapsed time: 7792.924) (secs/iter:  0.578) (n_accepted: 82%) (u_error:  0.632071 %) (beta_change: 10.502273 %) (delta_change:  1.018866 %) (delta_peak/R:  2.581218 %)
-> Saved file: /media/rafael/DATA/Dropbox/20220924_FIML_solver/data/output/field_inversion/Beta_k__1__Beta_e__1/u_imp_100/FI_run_Jimenez_Re2000_u_imp_100_k_imp_1_e_imp_1/FI_run_Jimenez_Re2000_u_imp_100_k_imp_1_e_imp_1_state_iter_13500.dat
iter:  13600 (Jcost: 4.004572e-02) (lr = 1.473e-02) (elapsed time: 7858.372) (secs/iter:  0.654) (n_accepted: 78%) (u_error:  0.632074 %) (beta_change: 10.545339 %) (delta_change:  1.020304 %) (delta_peak/R:  2.580762 %)
iter:  13700 (Jcost: 4.003534e-02) (lr = 5.268e-03) (elapsed time: 7913.600) (secs/iter:  0.552) (n_accepted: 78%) (u_error:  0.632033 %) (beta_change: 10.597351 %) (delta_change:  1.021989 %) (delta_peak/R:  2.580050 %)
iter:  13800 (Jcost: 4.002588e-02) (lr = 4.522e-03) (elapsed time: 7965.691) (secs/iter:  0.521) (n_accepted: 79%) (u_error:  0.632024 %) (beta_change: 10.645126 %) (delta_change:  1.023605 %) (delta_peak/R:  2.579504 %)
iter:  13900 (Jcost: 4.001553e-02) (lr = 6.739e-04) (elapsed time: 8024.587) (secs/iter:  0.589) (n_accepted: 77%) (u_error:  0.631996 %) (beta_change: 10.697799 %) (delta_change:  1.026036 %) (delta_peak/R:  2.578834 %)
iter:  14000 (Jcost: 4.000867e-02) (lr = 7.997e-03) (elapsed time: 8082.000) (secs/iter:  0.574) (n_accepted: 82%) (u_error:  0.631995 %) (beta_change: 10.732755 %) (delta_change:  1.027648 %) (delta_peak/R:  2.578456 %)
-> Saved file: /media/rafael/DATA/Dropbox/20220924_FIML_solver/data/output/field_inversion/Beta_k__1__Beta_e__1/u_imp_100/FI_run_Jimenez_Re2000_u_imp_100_k_imp_1_e_imp_1/FI_run_Jimenez_Re2000_u_imp_100_k_imp_1_e_imp_1_state_iter_14000.dat
iter:  14100 (Jcost: 3.999923e-02) (lr = 4.966e-04) (elapsed time: 8147.300) (secs/iter:  0.653) (n_accepted: 76%) (u_error:  0.631984 %) (beta_change: 10.781173 %) (delta_change:  1.029861 %) (delta_peak/R:  2.577899 %)
iter:  14200 (Jcost: 3.998863e-02) (lr = 2.455e-03) (elapsed time: 8202.641) (secs/iter:  0.553) (n_accepted: 81%) (u_error:  0.632014 %) (beta_change: 10.836535 %) (delta_change:  1.032395 %) (delta_peak/R:  2.577422 %)
iter:  14300 (Jcost: 3.998077e-02) (lr = 5.058e-03) (elapsed time: 8262.100) (secs/iter:  0.595) (n_accepted: 80%) (u_error:  0.631967 %) (beta_change: 10.876634 %) (delta_change:  1.034176 %) (delta_peak/R:  2.576822 %)
iter:  14400 (Jcost: 3.997427e-02) (lr = 1.042e-02) (elapsed time: 8320.907) (secs/iter:  0.588) (n_accepted: 80%) (u_error:  0.631936 %) (beta_change: 10.910540 %) (delta_change:  1.035678 %) (delta_peak/R:  2.576348 %)
iter:  14500 (Jcost: 3.996650e-02) (lr = 6.470e-04) (elapsed time: 8381.206) (secs/iter:  0.603) (n_accepted: 76%) (u_error:  0.631939 %) (beta_change: 10.951120 %) (delta_change:  1.037488 %) (delta_peak/R:  2.575927 %)
-> Saved file: /media/rafael/DATA/Dropbox/20220924_FIML_solver/data/output/field_inversion/Beta_k__1__Beta_e__1/u_imp_100/FI_run_Jimenez_Re2000_u_imp_100_k_imp_1_e_imp_1/FI_run_Jimenez_Re2000_u_imp_100_k_imp_1_e_imp_1_state_iter_14500.dat
iter:  14600 (Jcost: 3.995476e-02) (lr = 1.843e-02) (elapsed time: 8440.585) (secs/iter:  0.594) (n_accepted: 83%) (u_error:  0.631916 %) (beta_change: 11.012841 %) (delta_change:  1.040204 %) (delta_peak/R:  2.575191 %)
iter:  14700 (Jcost: 3.994560e-02) (lr = 1.582e-02) (elapsed time: 8499.314) (secs/iter:  0.587) (n_accepted: 79%) (u_error:  0.631924 %) (beta_change: 11.061390 %) (delta_change:  1.042335 %) (delta_peak/R:  2.574706 %)
iter:  14800 (Jcost: 3.993635e-02) (lr = 5.658e-03) (elapsed time: 8554.975) (secs/iter:  0.557) (n_accepted: 78%) (u_error:  0.631883 %) (beta_change: 11.110599 %) (delta_change:  1.044450 %) (delta_peak/R:  2.574036 %)
iter:  14900 (Jcost: 3.992752e-02) (lr = 8.431e-04) (elapsed time: 8614.526) (secs/iter:  0.596) (n_accepted: 77%) (u_error:  0.631894 %) (beta_change: 11.157862 %) (delta_change:  1.046496 %) (delta_peak/R:  2.573584 %)
iter:  15000 (Jcost: 3.991778e-02) (lr = 7.238e-04) (elapsed time: 8669.789) (secs/iter:  0.553) (n_accepted: 79%) (u_error:  0.631943 %) (beta_change: 11.212420 %) (delta_change:  1.048860 %) (delta_peak/R:  2.573196 %)
-> Saved file: /media/rafael/DATA/Dropbox/20220924_FIML_solver/data/output/field_inversion/Beta_k__1__Beta_e__1/u_imp_100/FI_run_Jimenez_Re2000_u_imp_100_k_imp_1_e_imp_1/FI_run_Jimenez_Re2000_u_imp_100_k_imp_1_e_imp_1_state_iter_15000.dat
iter:  15000 (Jcost: 3.991737e-02) (lr = 8.685e-04) (elapsed time: 8675.512) (secs/iter:   None) (n_accepted: 0%) (u_error:  0.631856 %) (beta_change: 11.212458 %) (delta_change:  1.048809 %) (delta_peak/R:  2.572868 %)
