# ------------------------------------------------------------------------
#                  Input Arguments
# ------------------------------------------------------------------------
# Begin_Input_Arguments
{ 'all_b_mode': ['Beta_k'],
  'args_mk_solver': { 'torch': "<module 'torch' from "
                               "'/home/rafael/anaconda3/lib/python3.9/site-packages/torch/__init__.py'>",
                      'y_grid': [0.0, 0.000309700312, 0.000638645973, 0.00098802599, 0.00135910194, 0.00175321227, 0.00217177688, 0.00261630193, 0.00308838486, 0.00358971984, 0.00412210331, 0.00468744001, 0.00528774917, 0.00592517114, 0.00660197432, 0.0073205624, 0.00808348206, 0.00889343092, 0.00975326602, 0.0106660126, 0.0116348733, 0.0126632377, 0.0137546927, 0.0149130326, 0.0161422702, 0.0174466482, 0.0188306506, 0.0202990157, 0.0218567475, 0.02350913, 0.0252617393, 0.0271204584, 0.0290914903, 0.0311813732, 0.033396994, 0.0357456039, 0.0382348325, 0.0408727029, 0.0436676462, 0.0466285159, 0.0497646022, 0.0530856456, 0.0566018496, 0.0603238931, 0.0642629411, 0.068430655, 0.0728392004, 0.0775012535, 0.0824300053, 0.0876391634, 0.0931429507, 0.0989561006, 0.105093849, 0.111571922, 0.118406518, 0.125614286, 0.133212296, 0.141218006, 0.14964922, 0.158524039, 0.167860801, 0.177678022, 0.187994313, 0.1988283, 0.21019853, 0.222123362, 0.234620856, 0.247708641, 0.261403784, 0.275722637, 0.290680679, 0.306292354, 0.322570888, 0.339528108, 0.357174255, 0.375517785, 0.394565175, 0.414320726, 0.43478637, 0.45596148, 0.47784269, 0.500423731, 0.523695275, 0.547644806, 0.572256506, 0.597511177, 0.623386184, 0.649855436, 0.676889401, 0.704455158, 0.73251649, 0.761034018, 0.789965372, 0.819265404, 0.848886442, 0.878778572, 0.908889961, 0.939167201, 0.969555687, 1.0],
                      'Ret': 395,
                      'cp': 1.0,
                      'A_sca_rho': 1.0,
                      'A_sca_mu': 0.002531645569620253,
                      'A_sca_k': 0.002531645569620253,
                      'b_exp_rho': 0,
                      'b_exp_mu': 1.2,
                      'b_exp_k': 0,
                      'tensor_device': 'cpu',
                      'as_tensor': '<function '
                                   'Build_arguments_fi_run._mk_args_MK_solver.<locals>.<lambda> '
                                   'at 0x7fddf02bfaf0>',
                      'ref_dns': { 'u_dns': [1.7432837480471617e-17, 0.11990110421919825, 0.24661234633075435, 0.3804347075635376, 0.521664697751676, 0.6705896534408367, 0.8274819131129758, 0.9925916092532061, 1.1661377906517532, 1.3482976173947114, 1.539194070183328, 1.7389728291622486, 1.947906440838165, 2.1662897969270527, 2.3944300921508157, 2.6326377130265963, 2.8811208780048094, 3.1400086170049932, 3.409387272416332, 3.689296098267596, 3.979724479723237, 4.280603494983008, 4.591810631479703, 4.913203786122452, 5.2446003103781536, 5.585713048882576, 5.936082779405661, 6.2951528920284305, 6.662351015369341, 7.03705553470482, 7.4184400530757815, 7.8055065489947415, 8.197331372069778, 8.593025129125996, 8.991372736866596, 9.391132388089986, 9.791454204834835, 10.190856048516816, 10.587565635627154, 10.981482134651019, 11.371221106896328, 11.754774966560896, 12.131499378846142, 12.500355847588121, 12.860331547011493, 13.210972338708814, 13.550997256179743, 13.879864905739856, 14.197846503078345, 14.5032770147596, 14.796780006270996, 15.078013806367027, 15.34760624768268, 15.60341456953914, 15.848546299395847, 16.081088828507934, 16.3027295587461, 16.51351193923378, 16.713331659266785, 16.903383929301672, 17.085175957854318, 17.257771062685364, 17.42258164878426, 17.580770185379276, 17.733736266214297, 17.880323301675922, 18.022139688712297, 18.160710318871264, 18.296176811679892, 18.42838256640673, 18.558274209869317, 18.686874236898227, 18.813007593188473, 18.938396316307408, 19.062070598496312, 19.185171185032868, 19.308199615235832, 19.430247399923623, 19.550958948008347, 19.672066935508653, 19.79123496491779, 19.910414471803136, 20.028276324991158, 20.14404665088518, 20.258331274133766, 20.370904457308143, 20.480208052437145, 20.58635986447408, 20.688186636600427, 20.786033151876968, 20.87744701778078, 20.963467549441695, 21.042483568160513, 21.112677130881796, 21.17412489176391, 21.226294013282413, 21.26740753401386, 21.298271306027438, 21.316120364361833, 21.323284376550788],
                                   'T_dns': [1.0, 1.005659799930168, 1.011686170839201, 1.0181015792152606, 1.0249294243421223, 1.0321939543353287, 1.0399201435831131, 1.048133520382824, 1.0568599322720746, 1.0661252381676911, 1.0759549366358159, 1.0863768723919975, 1.0974248658255439, 1.109135072649456, 1.1215455800706864, 1.1346958412923076, 1.1486217701769552, 1.1633563916187803, 1.1789309474394374, 1.1953743788971758, 1.2127131616085507, 1.2309693114880964, 1.2501589305706104, 1.2702913786069068, 1.2913664510192553, 1.3133763432969523, 1.336308545550176, 1.360136930994465, 1.3848144067540173, 1.4102704313912537, 1.4364131748409603, 1.4631279032145141, 1.4903133973764866, 1.5178670214597136, 1.5456142076339745, 1.5733802836139144, 1.6011165797480214, 1.6286422976637158, 1.655691359353327, 1.6822944519791476, 1.7082531114145751, 1.7333294200904505, 1.7576235287057773, 1.780997576974859, 1.8032754214822753, 1.8245306089923896, 1.8447786687681547, 1.863931355756318, 1.8820260121798713, 1.8991382288509482, 1.9151846639439463, 1.9303544565185626, 1.944617175556832, 1.958001203598023, 1.9705555641340902, 1.9824925925247423, 1.9936878654895733, 2.0041822168598986, 2.014231941076856, 2.0236222925673, 2.032695803657889, 2.041233426346869, 2.049527649347405, 2.0574065361691614, 2.0650879965726436, 2.072365158499107, 2.079575956070667, 2.0864037832935782, 2.093205011316531, 2.0997966285264877, 2.106292783507256, 2.11259846490907, 2.1187574972296748, 2.1247893884747797, 2.130649410295704, 2.136454640484929, 2.142141143416726, 2.1476760332735285, 2.1531431407819435, 2.158448627082768, 2.163639392656871, 2.16864936531881, 2.1735115882466025, 2.1783139721826674, 2.1829307121810775, 2.187322980957127, 2.1915306743542735, 2.1955326033696068, 2.1993111620174415, 2.202873047926701, 2.206107922566592, 2.209098210101015, 2.211834672840017, 2.214237044551139, 2.2163035887916025, 2.2180398014092098, 2.2194198137140684, 2.2203947368651575, 2.2209937469522822, 2.2211973858335856],
                                   'mu_dns': [0.002531645569620253, 0.0025488496155176925, 0.0025671892207454004, 0.0025867367768301567, 0.002607568091296754, 0.0026297621942359324, 0.0026534010290074107, 0.0026785689910582755, 0.0027053522740502945, 0.002733837986436556, 0.00276411306282222, 0.002796272670450763, 0.0028304315725656425, 0.0028667130978398186, 0.00290524804887922, 0.0029461731019589927, 0.00298961563687231, 0.003035695736453334, 0.003084529628976669, 0.0031362280598173915, 0.0031908957354739474, 0.0032486249505062313, 0.003309490795401082, 0.0033735482425770653, 0.0034408227717012347, 0.0035113161315587053, 0.0035850151821179353, 0.0036618627614678446, 0.0037417329811891566, 0.0038244217969509065, 0.003909652520554679, 0.003997069095026588, 0.0040863544172998435, 0.004177181775941734, 0.004268981038841252, 0.004361173341583123, 0.004453592224148201, 0.0045456265817119135, 0.004636370812642977, 0.0047259086168078305, 0.0048135509037213284, 0.004898467539758267, 0.004980970087159492, 0.005060563732435493, 0.005136619313444046, 0.005209359013519114, 0.0052788099452865025, 0.005344644231179513, 0.00540696614599695, 0.005466014703545753, 0.005521482383492977, 0.005574005327402124, 0.005623463040053902, 0.005669939824158915, 0.005713593340884427, 0.005755151920269972, 0.005794173600335005, 0.00583079200400966, 0.005865894917356026, 0.005898726367426333, 0.005930479009561461, 0.00596038221566953, 0.0059894568749744624, 0.006017097414714699, 0.006044065736711382, 0.006069633148841754, 0.00609498511563006, 0.00611900683414935, 0.006142950606959215, 0.006166171296289735, 0.006189069963275969, 0.006211310733101746, 0.006233047078284302, 0.006254346971760994, 0.006275051542569782, 0.006295573757020154, 0.0063156870717765694, 0.006335274385156038, 0.006354631738758096, 0.006373426242290053, 0.006391823295805061, 0.006409587958713615, 0.0064268365720710225, 0.006443880485144219, 0.006460272624818619, 0.006475874197452658, 0.006490826026169407, 0.006505052009726538, 0.0065184887214041805, 0.006531159164142017, 0.006542669904163785, 0.006553313326444218, 0.006563055827693097, 0.006571610867653204, 0.006578971484318321, 0.006585156587112307, 0.006590073448800205, 0.006593547382297046, 0.006595681980007775, 0.006596407681977733],
                                   'rho_dns': [1.0, 1.0, 1.0, 1.0, 1.0, 1.0, 1.0, 1.0, 1.0, 1.0, 1.0, 1.0, 1.0, 1.0, 1.0, 1.0, 1.0, 1.0, 1.0, 1.0, 1.0, 1.0, 1.0, 1.0, 1.0, 1.0, 1.0, 1.0, 1.0, 1.0, 1.0, 1.0, 1.0, 1.0, 1.0, 1.0, 1.0, 1.0, 1.0, 1.0, 1.0, 1.0, 1.0, 1.0, 1.0, 1.0, 1.0, 1.0, 1.0, 1.0, 1.0, 1.0, 1.0, 1.0, 1.0, 1.0, 1.0, 1.0, 1.0, 1.0, 1.0, 1.0, 1.0, 1.0, 1.0, 1.0, 1.0, 1.0, 1.0, 1.0, 1.0, 1.0, 1.0, 1.0, 1.0, 1.0, 1.0, 1.0, 1.0, 1.0, 1.0, 1.0, 1.0, 1.0, 1.0, 1.0, 1.0, 1.0, 1.0, 1.0, 1.0, 1.0, 1.0, 1.0, 1.0, 1.0, 1.0, 1.0, 1.0, 1.0]},
                      'case': 'T31_SReStar_tauGL',
                      'constant_Sq_heat': 0.0469620253164557,
                      'use_visc_heating': False,
                      'Pr_turb': 1.0,
                      'fprint': '<function '
                                'Build_arguments_fi_run._mk_args_MK_solver.<locals>.<lambda> '
                                'at 0x7fdde6f85ee0>',
                      'compressible_correction': False,
                      'bool_solve_energy': False,
                      'output_last': False},
  'u_imp': 1000,
  'k_imp': 1,
  'e_imp': 0,
  'solve_sparse_adj': True,
  'all_ref_beta_distrib': {'K': [1.0, 1.00139569, 1.0027057, 1.0038677, 1.00483432, 1.00554816, 1.0059368, 1.00591091, 1.00536348, 1.00417018, 1.0021913, 0.99927593, 0.99526917, 0.99002287, 0.98341018, 0.9753434, 0.96579373, 0.95481048, 0.94253605, 0.92921281, 0.91517852, 0.90084925, 0.88669216, 0.87319393, 0.86083182, 0.85005397, 0.84127029, 0.83484845, 0.83110928, 0.83031714, 0.83266828, 0.83828001, 0.84718833, 0.85934445, 0.87461014, 0.89276087, 0.91348928, 0.93639673, 0.96100747, 0.98677911, 1.01310422, 1.03934191, 1.0648293, 1.08888835, 1.11082635, 1.12991925, 1.14539969, 1.15644572, 1.16218183, 1.16173663, 1.15433786, 1.1394296, 1.11680892, 1.08673739, 1.04996104, 1.00766428, 0.96139264, 0.91290315, 0.86402262, 0.81653934, 0.7720486, 0.73195459, 0.69737216, 0.66916703, 0.64789377, 0.63390377, 0.62727077, 0.62791986, 0.63553027, 0.64969022, 0.6698331, 0.69530224, 0.72534709, 0.7591518, 0.79584696, 0.8345142, 0.87421265, 0.91399763, 0.95294549, 0.99016583, 1.02482504, 1.05617164, 1.08355935, 1.10648585, 1.12460315, 1.13773664, 1.14591399, 1.14937013, 1.14853777, 1.14402712, 1.13659676, 1.12710685, 1.11645852, 1.10554529, 1.09518176, 1.0860457, 1.07865474, 1.0733642, 1.0703903, 1.03478499], 'E': [1.0, 1.0, 1.0, 1.0, 1.0, 1.0, 1.0, 1.0, 1.0, 1.0, 1.0, 1.0, 1.0, 1.0, 1.0, 1.0, 1.0, 1.0, 1.0, 1.0, 1.0, 1.0, 1.0, 1.0, 1.0, 1.0, 1.0, 1.0, 1.0, 1.0, 1.0, 1.0, 1.0, 1.0, 1.0, 1.0, 1.0, 1.0, 1.0, 1.0, 1.0, 1.0, 1.0, 1.0, 1.0, 1.0, 1.0, 1.0, 1.0, 1.0, 1.0, 1.0, 1.0, 1.0, 1.0, 1.0, 1.0, 1.0, 1.0, 1.0, 1.0, 1.0, 1.0, 1.0, 1.0, 1.0, 1.0, 1.0, 1.0, 1.0, 1.0, 1.0, 1.0, 1.0, 1.0, 1.0, 1.0, 1.0, 1.0, 1.0, 1.0, 1.0, 1.0, 1.0, 1.0, 1.0, 1.0, 1.0, 1.0, 1.0, 1.0, 1.0, 1.0, 1.0, 1.0, 1.0, 1.0, 1.0, 1.0, 1.0]},
  'all_ref_delta_distrib': {'K': [-0.0, -0.018310214934625993, -0.03627728753915296, -0.0530946056420844, -0.06808596400443923, -0.08034146693240996, -0.08859274322221547, -0.09111026555394268, -0.08559522520336842, -0.06906613283283879, -0.037749935267534125, 0.013003436063548382, 0.08875294914965763, 0.1959076405081179, 0.3415304818619455, 0.5329607730118526, 0.7772227011380114, 1.0802162583269628, 1.445741482808011, 1.874464137339027, 2.3629920263792217, 2.9032511789911712, 3.4823143008180306, 4.082733981056776, 4.68331926247104, 5.260154718128519, 5.7876514255647535, 6.239548664616887, 6.589857798979513, 6.813942130542475, 6.889898553882207, 6.800359786512286, 6.534242038227743, 6.0883635729144086, 5.468554261274189, 4.689720637687636, 3.7752391075170704, 2.7563326641539345, 1.6700196621034635, 0.5569570630054103, -0.5404492208435999, -1.5811621945146648, -2.527549076565017, -3.3469578156118933, -4.012739793399002, -4.504364908903585, -4.80753014430582, -4.914060303101719, -4.821918399234769, -4.536424748504697, -4.07153210797089, -3.450457645070822, -2.7056263549031185, -1.8770941587898082, -1.0087870481667243, -0.14424501879863338, 0.6768477509494268, 1.421939029031877, 2.067191300411653, 2.597513598785475, 3.0066752048019003, 3.2949736989043994, 3.4685133802943997, 3.5369663507942124, 3.5129436563755845, 3.4098532019320396, 3.2420097895974855, 3.02299874463706, 2.7663025333017295, 2.483897470560187, 2.186807176514009, 1.8846726525868178, 1.585888959676701, 1.2975378325509959, 1.0254554364393247, 0.77433320376731, 0.5477132719170839, 0.34804505348983256, 0.1767283262136122, 0.03422158801905961, -0.07988944806672904, -0.16681329509627185, -0.22845169824421357, -0.26732649806763376, -0.286411895971131, -0.28899458430555836, -0.278550593386406, -0.25857099338663336, -0.23238475215166876, -0.2030011400423929, -0.17298537192214397, -0.14436430336592562, -0.1185789548070927, -0.09651102585808391, -0.0785350469774656, -0.06462440270800791, -0.054498286812631164, -0.04776788107618807, -0.04406631914158694, -0.02148742819973724], 'E': [-0.0, -0.0, -0.0, -0.0, -0.0, -0.0, -0.0, -0.0, -0.0, -0.0, -0.0, -0.0, -0.0, -0.0, -0.0, -0.0, -0.0, -0.0, -0.0, -0.0, -0.0, -0.0, -0.0, -0.0, -0.0, -0.0, -0.0, -0.0, -0.0, -0.0, -0.0, -0.0, -0.0, -0.0, -0.0, -0.0, -0.0, -0.0, -0.0, -0.0, -0.0, -0.0, -0.0, -0.0, -0.0, -0.0, -0.0, -0.0, -0.0, -0.0, -0.0, -0.0, -0.0, -0.0, -0.0, -0.0, -0.0, -0.0, -0.0, -0.0, -0.0, -0.0, -0.0, -0.0, -0.0, -0.0, -0.0, -0.0, -0.0, -0.0, -0.0, -0.0, -0.0, -0.0, -0.0, -0.0, -0.0, -0.0, -0.0, -0.0, -0.0, -0.0, -0.0, -0.0, -0.0, -0.0, -0.0, -0.0, -0.0, -0.0, -0.0, -0.0, -0.0, -0.0, -0.0, -0.0, -0.0, -0.0, -0.0, -0.0]},
  'fname_print': '/media/rafael/DATA/Dropbox/20220924_FIML_solver/data/output/field_inversion/Beta_k/u_imp_1000/FI_run_T31_SReStar_tauGL_u_imp_1000_k_imp_1_e_imp_0/FI_run_T31_SReStar_tauGL_u_imp_1000_k_imp_1_e_imp_0.log',
  'folder': '/media/rafael/DATA/Dropbox/20220924_FIML_solver/data/output/field_inversion/Beta_k/u_imp_1000/FI_run_T31_SReStar_tauGL_u_imp_1000_k_imp_1_e_imp_0',
  'iters_limit': 15000}
# End_Input_Arguments

# ------------------------------------------------------------------------
#                  Iterations
# ------------------------------------------------------------------------

iter:      0 (Jcost: 5.144114e+01) (lr = 1.000e-03) (elapsed time:  0.001) (secs/iter:   None) (n_accepted: 0%) (u_error:  4.484660 %) (beta_change: 37.272923 %) (delta_change: 14.749704 %) (delta_peak/R:  0.000000 %)
-> Saved file: /media/rafael/DATA/Dropbox/20220924_FIML_solver/data/output/field_inversion/Beta_k/u_imp_1000/FI_run_T31_SReStar_tauGL_u_imp_1000_k_imp_1_e_imp_0/FI_run_T31_SReStar_tauGL_u_imp_1000_k_imp_1_e_imp_0_state_iter_0.dat
iter:    100 (Jcost: 1.850250e+00) (lr = 4.120e-03) (elapsed time: 112.714) (secs/iter:  1.127) (n_accepted: 81%) (u_error:  0.826369 %) (beta_change: 19.371076 %) (delta_change: 11.219802 %) (delta_peak/R:  5.937895 %)
iter:    200 (Jcost: 1.148974e+00) (lr = 1.474e-03) (elapsed time: 201.949) (secs/iter:  0.892) (n_accepted: 78%) (u_error:  0.653782 %) (beta_change: 12.583473 %) (delta_change:  6.211270 %) (delta_peak/R: 10.968843 %)
iter:    300 (Jcost: 9.804343e-01) (lr = 1.265e-03) (elapsed time: 288.740) (secs/iter:  0.868) (n_accepted: 79%) (u_error:  0.626547 %) (beta_change:  8.978793 %) (delta_change:  4.729444 %) (delta_peak/R: 12.713361 %)
iter:    400 (Jcost: 9.155061e-01) (lr = 4.525e-04) (elapsed time: 381.284) (secs/iter:  0.925) (n_accepted: 78%) (u_error:  0.602019 %) (beta_change:  6.970152 %) (delta_change:  3.811185 %) (delta_peak/R: 13.679707 %)
iter:    500 (Jcost: 8.840461e-01) (lr = 1.618e-04) (elapsed time: 471.062) (secs/iter:  0.898) (n_accepted: 78%) (u_error:  0.596605 %) (beta_change:  5.179798 %) (delta_change:  3.241026 %) (delta_peak/R: 13.878523 %)
-> Saved file: /media/rafael/DATA/Dropbox/20220924_FIML_solver/data/output/field_inversion/Beta_k/u_imp_1000/FI_run_T31_SReStar_tauGL_u_imp_1000_k_imp_1_e_imp_0/FI_run_T31_SReStar_tauGL_u_imp_1000_k_imp_1_e_imp_0_state_iter_500.dat
iter:    600 (Jcost: 8.678438e-01) (lr = 3.334e-04) (elapsed time: 561.356) (secs/iter:  0.903) (n_accepted: 80%) (u_error:  0.590210 %) (beta_change:  4.204975 %) (delta_change:  2.817299 %) (delta_peak/R: 13.933356 %)
iter:    700 (Jcost: 8.587729e-01) (lr = 9.495e-03) (elapsed time: 642.633) (secs/iter:  0.813) (n_accepted: 83%) (u_error:  0.590015 %) (beta_change:  3.840067 %) (delta_change:  2.531787 %) (delta_peak/R: 13.798346 %)
iter:    800 (Jcost: 8.535539e-01) (lr = 5.896e-04) (elapsed time: 722.217) (secs/iter:  0.796) (n_accepted: 76%) (u_error:  0.588354 %) (beta_change:  3.626791 %) (delta_change:  2.354962 %) (delta_peak/R: 13.728460 %)
iter:    900 (Jcost: 8.485919e-01) (lr = 2.109e-04) (elapsed time: 773.844) (secs/iter:  0.516) (n_accepted: 78%) (u_error:  0.587115 %) (beta_change:  3.380895 %) (delta_change:  2.136105 %) (delta_peak/R: 13.653071 %)
iter:   1000 (Jcost: 8.451735e-01) (lr = 6.005e-03) (elapsed time: 848.831) (secs/iter:  0.750) (n_accepted: 83%) (u_error:  0.587027 %) (beta_change:  3.198482 %) (delta_change:  1.965668 %) (delta_peak/R: 13.565101 %)
-> Saved file: /media/rafael/DATA/Dropbox/20220924_FIML_solver/data/output/field_inversion/Beta_k/u_imp_1000/FI_run_T31_SReStar_tauGL_u_imp_1000_k_imp_1_e_imp_0/FI_run_T31_SReStar_tauGL_u_imp_1000_k_imp_1_e_imp_0_state_iter_1000.dat
iter:   1100 (Jcost: 8.436054e-01) (lr = 2.148e-03) (elapsed time: 910.395) (secs/iter:  0.616) (n_accepted: 78%) (u_error:  0.586519 %) (beta_change:  3.134927 %) (delta_change:  1.883643 %) (delta_peak/R: 13.528768 %)
iter:   1200 (Jcost: 8.419229e-01) (lr = 3.201e-04) (elapsed time: 981.051) (secs/iter:  0.707) (n_accepted: 77%) (u_error:  0.586215 %) (beta_change:  3.109619 %) (delta_change:  1.781515 %) (delta_peak/R: 13.481350 %)
iter:   1300 (Jcost: 8.408209e-01) (lr = 9.116e-03) (elapsed time: 1051.079) (secs/iter:  0.700) (n_accepted: 83%) (u_error:  0.585995 %) (beta_change:  3.177599 %) (delta_change:  1.709339 %) (delta_peak/R: 13.448894 %)
iter:   1400 (Jcost: 8.399134e-01) (lr = 3.261e-03) (elapsed time: 1120.947) (secs/iter:  0.699) (n_accepted: 78%) (u_error:  0.585810 %) (beta_change:  3.320979 %) (delta_change:  1.646800 %) (delta_peak/R: 13.422245 %)
iter:   1500 (Jcost: 8.388903e-01) (lr = 4.859e-04) (elapsed time: 1191.189) (secs/iter:  0.702) (n_accepted: 77%) (u_error:  0.585593 %) (beta_change:  3.560601 %) (delta_change:  1.577117 %) (delta_peak/R: 13.392610 %)
-> Saved file: /media/rafael/DATA/Dropbox/20220924_FIML_solver/data/output/field_inversion/Beta_k/u_imp_1000/FI_run_T31_SReStar_tauGL_u_imp_1000_k_imp_1_e_imp_0/FI_run_T31_SReStar_tauGL_u_imp_1000_k_imp_1_e_imp_0_state_iter_1500.dat
iter:   1600 (Jcost: 8.381422e-01) (lr = 1.738e-04) (elapsed time: 1264.009) (secs/iter:  0.728) (n_accepted: 78%) (u_error:  0.585372 %) (beta_change:  3.781170 %) (delta_change:  1.525061 %) (delta_peak/R: 13.372390 %)
iter:   1700 (Jcost: 8.375781e-01) (lr = 1.188e-02) (elapsed time: 1331.496) (secs/iter:  0.675) (n_accepted: 84%) (u_error:  0.585140 %) (beta_change:  3.977351 %) (delta_change:  1.489023 %) (delta_peak/R: 13.358459 %)
iter:   1800 (Jcost: 8.372124e-01) (lr = 1.770e-03) (elapsed time: 1399.961) (secs/iter:  0.685) (n_accepted: 77%) (u_error:  0.585070 %) (beta_change:  4.115579 %) (delta_change:  1.478186 %) (delta_peak/R: 13.349198 %)
iter:   1900 (Jcost: 8.367843e-01) (lr = 2.638e-04) (elapsed time: 1451.505) (secs/iter:  0.515) (n_accepted: 77%) (u_error:  0.584935 %) (beta_change:  4.295285 %) (delta_change:  1.482927 %) (delta_peak/R: 13.339158 %)
iter:   2000 (Jcost: 8.363856e-01) (lr = 2.265e-04) (elapsed time: 1493.263) (secs/iter:  0.418) (n_accepted: 79%) (u_error:  0.584760 %) (beta_change:  4.478425 %) (delta_change:  1.500515 %) (delta_peak/R: 13.330714 %)
-> Saved file: /media/rafael/DATA/Dropbox/20220924_FIML_solver/data/output/field_inversion/Beta_k/u_imp_1000/FI_run_T31_SReStar_tauGL_u_imp_1000_k_imp_1_e_imp_0/FI_run_T31_SReStar_tauGL_u_imp_1000_k_imp_1_e_imp_0_state_iter_2000.dat
iter:   2100 (Jcost: 8.361068e-01) (lr = 6.450e-03) (elapsed time: 1547.959) (secs/iter:  0.547) (n_accepted: 83%) (u_error:  0.584675 %) (beta_change:  4.615982 %) (delta_change:  1.518057 %) (delta_peak/R: 13.324696 %)
iter:   2200 (Jcost: 8.358008e-01) (lr = 2.307e-03) (elapsed time: 1593.336) (secs/iter:  0.454) (n_accepted: 78%) (u_error:  0.584516 %) (beta_change:  4.775853 %) (delta_change:  1.543338 %) (delta_peak/R: 13.318890 %)
iter:   2300 (Jcost: 8.355336e-01) (lr = 8.251e-04) (elapsed time: 1635.507) (secs/iter:  0.422) (n_accepted: 78%) (u_error:  0.584421 %) (beta_change:  4.923327 %) (delta_change:  1.567136 %) (delta_peak/R: 13.313595 %)
iter:   2400 (Jcost: 8.352541e-01) (lr = 1.230e-04) (elapsed time: 1683.345) (secs/iter:  0.478) (n_accepted: 77%) (u_error:  0.584312 %) (beta_change:  5.089193 %) (delta_change:  1.597744 %) (delta_peak/R: 13.308235 %)
iter:   2500 (Jcost: 8.350017e-01) (lr = 2.017e-02) (elapsed time: 1721.966) (secs/iter:  0.386) (n_accepted: 85%) (u_error:  0.584198 %) (beta_change:  5.247389 %) (delta_change:  1.626834 %) (delta_peak/R: 13.303637 %)
-> Saved file: /media/rafael/DATA/Dropbox/20220924_FIML_solver/data/output/field_inversion/Beta_k/u_imp_1000/FI_run_T31_SReStar_tauGL_u_imp_1000_k_imp_1_e_imp_0/FI_run_T31_SReStar_tauGL_u_imp_1000_k_imp_1_e_imp_0_state_iter_2500.dat
iter:   2600 (Jcost: 8.347927e-01) (lr = 3.006e-03) (elapsed time: 1766.006) (secs/iter:  0.440) (n_accepted: 77%) (u_error:  0.584084 %) (beta_change:  5.384322 %) (delta_change:  1.652077 %) (delta_peak/R: 13.300039 %)
iter:   2700 (Jcost: 8.345645e-01) (lr = 1.075e-03) (elapsed time: 1809.682) (secs/iter:  0.437) (n_accepted: 78%) (u_error:  0.583969 %) (beta_change:  5.540613 %) (delta_change:  1.684018 %) (delta_peak/R: 13.296035 %)
iter:   2800 (Jcost: 8.343661e-01) (lr = 3.845e-04) (elapsed time: 1857.162) (secs/iter:  0.475) (n_accepted: 78%) (u_error:  0.583869 %) (beta_change:  5.682151 %) (delta_change:  1.712268 %) (delta_peak/R: 13.292547 %)
iter:   2900 (Jcost: 8.342465e-01) (lr = 3.301e-04) (elapsed time: 1898.403) (secs/iter:  0.412) (n_accepted: 79%) (u_error:  0.583846 %) (beta_change:  5.770240 %) (delta_change:  1.729448 %) (delta_peak/R: 13.290102 %)
iter:   3000 (Jcost: 8.340623e-01) (lr = 2.833e-04) (elapsed time: 1939.293) (secs/iter:  0.409) (n_accepted: 79%) (u_error:  0.583806 %) (beta_change:  5.914753 %) (delta_change:  1.757124 %) (delta_peak/R: 13.286206 %)
-> Saved file: /media/rafael/DATA/Dropbox/20220924_FIML_solver/data/output/field_inversion/Beta_k/u_imp_1000/FI_run_T31_SReStar_tauGL_u_imp_1000_k_imp_1_e_imp_0/FI_run_T31_SReStar_tauGL_u_imp_1000_k_imp_1_e_imp_0_state_iter_3000.dat
iter:   3100 (Jcost: 8.339155e-01) (lr = 8.070e-03) (elapsed time: 1985.408) (secs/iter:  0.461) (n_accepted: 83%) (u_error:  0.583648 %) (beta_change:  6.024335 %) (delta_change:  1.780672 %) (delta_peak/R: 13.284477 %)
iter:   3200 (Jcost: 8.337702e-01) (lr = 6.927e-03) (elapsed time: 2026.892) (secs/iter:  0.415) (n_accepted: 79%) (u_error:  0.583586 %) (beta_change:  6.143063 %) (delta_change:  1.805218 %) (delta_peak/R: 13.281731 %)
iter:   3300 (Jcost: 8.336253e-01) (lr = 2.478e-03) (elapsed time: 2068.152) (secs/iter:  0.413) (n_accepted: 78%) (u_error:  0.583516 %) (beta_change:  6.266324 %) (delta_change:  1.830084 %) (delta_peak/R: 13.279016 %)
iter:   3400 (Jcost: 8.334851e-01) (lr = 8.861e-04) (elapsed time: 2108.897) (secs/iter:  0.407) (n_accepted: 78%) (u_error:  0.583440 %) (beta_change:  6.389216 %) (delta_change:  1.854421 %) (delta_peak/R: 13.276415 %)
iter:   3500 (Jcost: 8.333338e-01) (lr = 1.321e-04) (elapsed time: 2150.631) (secs/iter:  0.417) (n_accepted: 77%) (u_error:  0.583359 %) (beta_change:  6.526238 %) (delta_change:  1.881006 %) (delta_peak/R: 13.273543 %)
-> Saved file: /media/rafael/DATA/Dropbox/20220924_FIML_solver/data/output/field_inversion/Beta_k/u_imp_1000/FI_run_T31_SReStar_tauGL_u_imp_1000_k_imp_1_e_imp_0/FI_run_T31_SReStar_tauGL_u_imp_1000_k_imp_1_e_imp_0_state_iter_3500.dat
iter:   3600 (Jcost: 8.332194e-01) (lr = 3.761e-03) (elapsed time: 2193.871) (secs/iter:  0.432) (n_accepted: 83%) (u_error:  0.583360 %) (beta_change:  6.639045 %) (delta_change:  1.902269 %) (delta_peak/R: 13.270601 %)
iter:   3700 (Jcost: 8.331329e-01) (lr = 5.605e-04) (elapsed time: 2251.035) (secs/iter:  0.572) (n_accepted: 77%) (u_error:  0.583235 %) (beta_change:  6.715648 %) (delta_change:  1.918437 %) (delta_peak/R: 13.269747 %)
iter:   3800 (Jcost: 8.330247e-01) (lr = 2.005e-04) (elapsed time: 2314.776) (secs/iter:  0.637) (n_accepted: 78%) (u_error:  0.583185 %) (beta_change:  6.821232 %) (delta_change:  1.940213 %) (delta_peak/R: 13.267500 %)
iter:   3900 (Jcost: 8.329507e-01) (lr = 9.912e-04) (elapsed time: 2378.044) (secs/iter:  0.633) (n_accepted: 81%) (u_error:  0.583134 %) (beta_change:  6.895264 %) (delta_change:  1.955337 %) (delta_peak/R: 13.266082 %)
iter:   4000 (Jcost: 8.328365e-01) (lr = 1.477e-04) (elapsed time: 2439.880) (secs/iter:  0.618) (n_accepted: 77%) (u_error:  0.583078 %) (beta_change:  7.011964 %) (delta_change:  1.978804 %) (delta_peak/R: 13.263647 %)
-> Saved file: /media/rafael/DATA/Dropbox/20220924_FIML_solver/data/output/field_inversion/Beta_k/u_imp_1000/FI_run_T31_SReStar_tauGL_u_imp_1000_k_imp_1_e_imp_0/FI_run_T31_SReStar_tauGL_u_imp_1000_k_imp_1_e_imp_0_state_iter_4000.dat
iter:   4100 (Jcost: 8.327456e-01) (lr = 3.043e-04) (elapsed time: 2502.028) (secs/iter:  0.621) (n_accepted: 80%) (u_error:  0.583024 %) (beta_change:  7.107315 %) (delta_change:  1.997703 %) (delta_peak/R: 13.261748 %)
iter:   4200 (Jcost: 8.326463e-01) (lr = 1.505e-03) (elapsed time: 2561.324) (secs/iter:  0.593) (n_accepted: 81%) (u_error:  0.583015 %) (beta_change:  7.217932 %) (delta_change:  2.019154 %) (delta_peak/R: 13.259080 %)
iter:   4300 (Jcost: 8.325659e-01) (lr = 7.439e-03) (elapsed time: 2617.480) (secs/iter:  0.562) (n_accepted: 81%) (u_error:  0.582926 %) (beta_change:  7.304638 %) (delta_change:  2.035590 %) (delta_peak/R: 13.257786 %)
iter:   4400 (Jcost: 8.324827e-01) (lr = 1.109e-03) (elapsed time: 2673.648) (secs/iter:  0.562) (n_accepted: 77%) (u_error:  0.582876 %) (beta_change:  7.401608 %) (delta_change:  2.053389 %) (delta_peak/R: 13.255925 %)
iter:   4500 (Jcost: 8.324128e-01) (lr = 3.965e-04) (elapsed time: 2739.737) (secs/iter:  0.661) (n_accepted: 78%) (u_error:  0.582818 %) (beta_change:  7.484811 %) (delta_change:  2.068459 %) (delta_peak/R: 13.254481 %)
-> Saved file: /media/rafael/DATA/Dropbox/20220924_FIML_solver/data/output/field_inversion/Beta_k/u_imp_1000/FI_run_T31_SReStar_tauGL_u_imp_1000_k_imp_1_e_imp_0/FI_run_T31_SReStar_tauGL_u_imp_1000_k_imp_1_e_imp_0_state_iter_4500.dat
iter:   4600 (Jcost: 8.323377e-01) (lr = 1.418e-04) (elapsed time: 2809.425) (secs/iter:  0.697) (n_accepted: 78%) (u_error:  0.582768 %) (beta_change:  7.576473 %) (delta_change:  2.086111 %) (delta_peak/R: 13.252783 %)
iter:   4700 (Jcost: 8.322827e-01) (lr = 9.694e-03) (elapsed time: 2870.462) (secs/iter:  0.610) (n_accepted: 84%) (u_error:  0.582742 %) (beta_change:  7.644905 %) (delta_change:  2.099486 %) (delta_peak/R: 13.251425 %)
iter:   4800 (Jcost: 8.322049e-01) (lr = 1.445e-03) (elapsed time: 2933.508) (secs/iter:  0.630) (n_accepted: 77%) (u_error:  0.582693 %) (beta_change:  7.743975 %) (delta_change:  2.118662 %) (delta_peak/R: 13.249565 %)
iter:   4900 (Jcost: 8.321422e-01) (lr = 2.153e-04) (elapsed time: 2999.080) (secs/iter:  0.656) (n_accepted: 77%) (u_error:  0.582654 %) (beta_change:  7.825732 %) (delta_change:  2.134262 %) (delta_peak/R: 13.248033 %)
iter:   5000 (Jcost: 8.320869e-01) (lr = 1.472e-02) (elapsed time: 3056.661) (secs/iter:  0.576) (n_accepted: 84%) (u_error:  0.582641 %) (beta_change:  7.900521 %) (delta_change:  2.148291 %) (delta_peak/R: 13.246439 %)
-> Saved file: /media/rafael/DATA/Dropbox/20220924_FIML_solver/data/output/field_inversion/Beta_k/u_imp_1000/FI_run_T31_SReStar_tauGL_u_imp_1000_k_imp_1_e_imp_0/FI_run_T31_SReStar_tauGL_u_imp_1000_k_imp_1_e_imp_0_state_iter_5000.dat
iter:   5100 (Jcost: 8.320455e-01) (lr = 5.263e-03) (elapsed time: 3123.671) (secs/iter:  0.670) (n_accepted: 78%) (u_error:  0.582590 %) (beta_change:  7.955543 %) (delta_change:  2.158634 %) (delta_peak/R: 13.245642 %)
iter:   5200 (Jcost: 8.319912e-01) (lr = 7.844e-04) (elapsed time: 3184.351) (secs/iter:  0.607) (n_accepted: 77%) (u_error:  0.582550 %) (beta_change:  8.030485 %) (delta_change:  2.172494 %) (delta_peak/R: 13.244303 %)
iter:   5300 (Jcost: 8.319420e-01) (lr = 2.805e-04) (elapsed time: 3248.177) (secs/iter:  0.638) (n_accepted: 78%) (u_error:  0.582516 %) (beta_change:  8.099754 %) (delta_change:  2.185143 %) (delta_peak/R: 13.243048 %)
iter:   5400 (Jcost: 8.318871e-01) (lr = 5.780e-04) (elapsed time: 3306.410) (secs/iter:  0.582) (n_accepted: 80%) (u_error:  0.582501 %) (beta_change:  8.179382 %) (delta_change:  2.199431 %) (delta_peak/R: 13.241392 %)
iter:   5500 (Jcost: 8.318477e-01) (lr = 6.858e-03) (elapsed time: 3366.803) (secs/iter:  0.604) (n_accepted: 82%) (u_error:  0.582454 %) (beta_change:  8.236414 %) (delta_change:  2.209660 %) (delta_peak/R: 13.240546 %)
-> Saved file: /media/rafael/DATA/Dropbox/20220924_FIML_solver/data/output/field_inversion/Beta_k/u_imp_1000/FI_run_T31_SReStar_tauGL_u_imp_1000_k_imp_1_e_imp_0/FI_run_T31_SReStar_tauGL_u_imp_1000_k_imp_1_e_imp_0_state_iter_5500.dat
iter:   5600 (Jcost: 8.318001e-01) (lr = 2.453e-03) (elapsed time: 3430.192) (secs/iter:  0.634) (n_accepted: 78%) (u_error:  0.582424 %) (beta_change:  8.307432 %) (delta_change:  2.222171 %) (delta_peak/R: 13.239236 %)
iter:   5700 (Jcost: 8.317574e-01) (lr = 8.774e-04) (elapsed time: 3491.339) (secs/iter:  0.611) (n_accepted: 78%) (u_error:  0.582392 %) (beta_change:  8.373871 %) (delta_change:  2.233465 %) (delta_peak/R: 13.238093 %)
iter:   5800 (Jcost: 8.317162e-01) (lr = 7.531e-04) (elapsed time: 3541.789) (secs/iter:  0.505) (n_accepted: 79%) (u_error:  0.582363 %) (beta_change:  8.440304 %) (delta_change:  2.244428 %) (delta_peak/R: 13.236946 %)
iter:   5900 (Jcost: 8.316664e-01) (lr = 2.694e-04) (elapsed time: 3595.500) (secs/iter:  0.537) (n_accepted: 78%) (u_error:  0.582325 %) (beta_change:  8.522561 %) (delta_change:  2.258898 %) (delta_peak/R: 13.235568 %)
iter:   6000 (Jcost: 8.316304e-01) (lr = 7.671e-03) (elapsed time: 3653.204) (secs/iter:  0.577) (n_accepted: 83%) (u_error:  0.582277 %) (beta_change:  8.584455 %) (delta_change:  2.270123 %) (delta_peak/R: 13.234707 %)
-> Saved file: /media/rafael/DATA/Dropbox/20220924_FIML_solver/data/output/field_inversion/Beta_k/u_imp_1000/FI_run_T31_SReStar_tauGL_u_imp_1000_k_imp_1_e_imp_0/FI_run_T31_SReStar_tauGL_u_imp_1000_k_imp_1_e_imp_0_state_iter_6000.dat
iter:   6100 (Jcost: 8.315983e-01) (lr = 6.585e-03) (elapsed time: 3717.588) (secs/iter:  0.644) (n_accepted: 79%) (u_error:  0.582279 %) (beta_change:  8.638319 %) (delta_change:  2.279654 %) (delta_peak/R: 13.233580 %)
iter:   6200 (Jcost: 8.315673e-01) (lr = 4.089e-04) (elapsed time: 3779.786) (secs/iter:  0.622) (n_accepted: 76%) (u_error:  0.582253 %) (beta_change:  8.692358 %) (delta_change:  2.289221 %) (delta_peak/R: 13.232699 %)
iter:   6300 (Jcost: 8.315423e-01) (lr = 2.022e-03) (elapsed time: 3837.549) (secs/iter:  0.578) (n_accepted: 81%) (u_error:  0.582238 %) (beta_change:  8.736700 %) (delta_change:  2.296986 %) (delta_peak/R: 13.231932 %)
iter:   6400 (Jcost: 8.315091e-01) (lr = 1.735e-03) (elapsed time: 3895.420) (secs/iter:  0.579) (n_accepted: 79%) (u_error:  0.582210 %) (beta_change:  8.796308 %) (delta_change:  2.307353 %) (delta_peak/R: 13.230966 %)
iter:   6500 (Jcost: 8.314815e-01) (lr = 6.207e-04) (elapsed time: 3955.144) (secs/iter:  0.597) (n_accepted: 78%) (u_error:  0.582191 %) (beta_change:  8.846818 %) (delta_change:  2.316035 %) (delta_peak/R: 13.230114 %)
-> Saved file: /media/rafael/DATA/Dropbox/20220924_FIML_solver/data/output/field_inversion/Beta_k/u_imp_1000/FI_run_T31_SReStar_tauGL_u_imp_1000_k_imp_1_e_imp_0/FI_run_T31_SReStar_tauGL_u_imp_1000_k_imp_1_e_imp_0_state_iter_6500.dat
iter:   6600 (Jcost: 8.314464e-01) (lr = 5.328e-04) (elapsed time: 4016.280) (secs/iter:  0.611) (n_accepted: 79%) (u_error:  0.582181 %) (beta_change:  8.912938 %) (delta_change:  2.327235 %) (delta_peak/R: 13.228882 %)
iter:   6700 (Jcost: 8.314272e-01) (lr = 2.634e-03) (elapsed time: 4055.903) (secs/iter:  0.396) (n_accepted: 81%) (u_error:  0.582149 %) (beta_change:  8.948518 %) (delta_change:  2.333292 %) (delta_peak/R: 13.228456 %)
iter:   6800 (Jcost: 8.313960e-01) (lr = 9.423e-04) (elapsed time: 4115.682) (secs/iter:  0.598) (n_accepted: 78%) (u_error:  0.582124 %) (beta_change:  9.008493 %) (delta_change:  2.343314 %) (delta_peak/R: 13.227483 %)
iter:   6900 (Jcost: 8.313731e-01) (lr = 1.118e-02) (elapsed time: 4174.905) (secs/iter:  0.592) (n_accepted: 82%) (u_error:  0.582107 %) (beta_change:  9.053179 %) (delta_change:  2.350698 %) (delta_peak/R: 13.226750 %)
iter:   7000 (Jcost: 8.313518e-01) (lr = 2.893e-04) (elapsed time: 4236.320) (secs/iter:  0.614) (n_accepted: 75%) (u_error:  0.582088 %) (beta_change:  9.095468 %) (delta_change:  2.357640 %) (delta_peak/R: 13.226093 %)
-> Saved file: /media/rafael/DATA/Dropbox/20220924_FIML_solver/data/output/field_inversion/Beta_k/u_imp_1000/FI_run_T31_SReStar_tauGL_u_imp_1000_k_imp_1_e_imp_0/FI_run_T31_SReStar_tauGL_u_imp_1000_k_imp_1_e_imp_0_state_iter_7000.dat
iter:   7100 (Jcost: 8.313265e-01) (lr = 2.483e-04) (elapsed time: 4300.032) (secs/iter:  0.637) (n_accepted: 79%) (u_error:  0.582069 %) (beta_change:  9.146283 %) (delta_change:  2.365888 %) (delta_peak/R: 13.225268 %)
iter:   7200 (Jcost: 8.313030e-01) (lr = 2.132e-04) (elapsed time: 4358.881) (secs/iter:  0.588) (n_accepted: 79%) (u_error:  0.582053 %) (beta_change:  9.194395 %) (delta_change:  2.373611 %) (delta_peak/R: 13.224477 %)
iter:   7300 (Jcost: 8.312773e-01) (lr = 1.457e-02) (elapsed time: 4411.440) (secs/iter:  0.526) (n_accepted: 84%) (u_error:  0.582067 %) (beta_change:  9.251243 %) (delta_change:  2.382522 %) (delta_peak/R: 13.223252 %)
iter:   7400 (Jcost: 8.312623e-01) (lr = 9.047e-04) (elapsed time: 4473.095) (secs/iter:  0.617) (n_accepted: 76%) (u_error:  0.582018 %) (beta_change:  9.279341 %) (delta_change:  2.387078 %) (delta_peak/R: 13.223143 %)
iter:   7500 (Jcost: 8.312342e-01) (lr = 1.348e-04) (elapsed time: 4533.308) (secs/iter:  0.602) (n_accepted: 77%) (u_error:  0.581995 %) (beta_change:  9.339319 %) (delta_change:  2.396438 %) (delta_peak/R: 13.222204 %)
-> Saved file: /media/rafael/DATA/Dropbox/20220924_FIML_solver/data/output/field_inversion/Beta_k/u_imp_1000/FI_run_T31_SReStar_tauGL_u_imp_1000_k_imp_1_e_imp_0/FI_run_T31_SReStar_tauGL_u_imp_1000_k_imp_1_e_imp_0_state_iter_7500.dat
iter:   7600 (Jcost: 8.312150e-01) (lr = 1.600e-03) (elapsed time: 4597.475) (secs/iter:  0.642) (n_accepted: 82%) (u_error:  0.581992 %) (beta_change:  9.381523 %) (delta_change:  2.402896 %) (delta_peak/R: 13.221424 %)
iter:   7700 (Jcost: 8.311946e-01) (lr = 7.911e-03) (elapsed time: 4653.171) (secs/iter:  0.557) (n_accepted: 81%) (u_error:  0.581961 %) (beta_change:  9.425980 %) (delta_change:  2.409734 %) (delta_peak/R: 13.220857 %)
iter:   7800 (Jcost: 8.311719e-01) (lr = 1.179e-03) (elapsed time: 4707.657) (secs/iter:  0.545) (n_accepted: 77%) (u_error:  0.581945 %) (beta_change:  9.476861 %) (delta_change:  2.418432 %) (delta_peak/R: 13.220042 %)
iter:   7900 (Jcost: 8.311537e-01) (lr = 1.012e-03) (elapsed time: 4767.629) (secs/iter:  0.600) (n_accepted: 79%) (u_error:  0.581932 %) (beta_change:  9.518280 %) (delta_change:  2.425494 %) (delta_peak/R: 13.219387 %)
iter:   8000 (Jcost: 8.311349e-01) (lr = 1.508e-04) (elapsed time: 4817.798) (secs/iter:  0.502) (n_accepted: 77%) (u_error:  0.581915 %) (beta_change:  9.561490 %) (delta_change:  2.432813 %) (delta_peak/R: 13.218729 %)
-> Saved file: /media/rafael/DATA/Dropbox/20220924_FIML_solver/data/output/field_inversion/Beta_k/u_imp_1000/FI_run_T31_SReStar_tauGL_u_imp_1000_k_imp_1_e_imp_0/FI_run_T31_SReStar_tauGL_u_imp_1000_k_imp_1_e_imp_0_state_iter_8000.dat
iter:   8100 (Jcost: 8.311184e-01) (lr = 4.295e-03) (elapsed time: 4879.255) (secs/iter:  0.615) (n_accepted: 83%) (u_error:  0.581909 %) (beta_change:  9.600392 %) (delta_change:  2.439316 %) (delta_peak/R: 13.218062 %)
iter:   8200 (Jcost: 8.311054e-01) (lr = 8.848e-03) (elapsed time: 4937.604) (secs/iter:  0.583) (n_accepted: 80%) (u_error:  0.581886 %) (beta_change:  9.630868 %) (delta_change:  2.444442 %) (delta_peak/R: 13.217700 %)
iter:   8300 (Jcost: 8.310908e-01) (lr = 7.596e-03) (elapsed time: 4996.550) (secs/iter:  0.589) (n_accepted: 79%) (u_error:  0.581875 %) (beta_change:  9.665766 %) (delta_change:  2.450220 %) (delta_peak/R: 13.217157 %)
iter:   8400 (Jcost: 8.310786e-01) (lr = 2.717e-03) (elapsed time: 5054.210) (secs/iter:  0.577) (n_accepted: 78%) (u_error:  0.581862 %) (beta_change:  9.695066 %) (delta_change:  2.455054 %) (delta_peak/R: 13.216740 %)
iter:   8500 (Jcost: 8.310620e-01) (lr = 4.049e-04) (elapsed time: 5113.029) (secs/iter:  0.588) (n_accepted: 77%) (u_error:  0.581842 %) (beta_change:  9.735874 %) (delta_change:  2.461744 %) (delta_peak/R: 13.216170 %)
-> Saved file: /media/rafael/DATA/Dropbox/20220924_FIML_solver/data/output/field_inversion/Beta_k/u_imp_1000/FI_run_T31_SReStar_tauGL_u_imp_1000_k_imp_1_e_imp_0/FI_run_T31_SReStar_tauGL_u_imp_1000_k_imp_1_e_imp_0_state_iter_8500.dat
iter:   8600 (Jcost: 8.310468e-01) (lr = 3.475e-04) (elapsed time: 5173.760) (secs/iter:  0.607) (n_accepted: 79%) (u_error:  0.581831 %) (beta_change:  9.773387 %) (delta_change:  2.467816 %) (delta_peak/R: 13.215589 %)
iter:   8700 (Jcost: 8.310342e-01) (lr = 9.897e-03) (elapsed time: 5231.667) (secs/iter:  0.579) (n_accepted: 83%) (u_error:  0.581817 %) (beta_change:  9.805020 %) (delta_change:  2.472915 %) (delta_peak/R: 13.215141 %)
iter:   8800 (Jcost: 8.310221e-01) (lr = 8.496e-03) (elapsed time: 5289.572) (secs/iter:  0.579) (n_accepted: 79%) (u_error:  0.581812 %) (beta_change:  9.835462 %) (delta_change:  2.477755 %) (delta_peak/R: 13.214635 %)
iter:   8900 (Jcost: 8.310117e-01) (lr = 3.039e-03) (elapsed time: 5340.770) (secs/iter:  0.512) (n_accepted: 78%) (u_error:  0.581799 %) (beta_change:  9.862047 %) (delta_change:  2.481987 %) (delta_peak/R: 13.214273 %)
iter:   9000 (Jcost: 8.309982e-01) (lr = 4.529e-04) (elapsed time: 5386.935) (secs/iter:  0.462) (n_accepted: 77%) (u_error:  0.581785 %) (beta_change:  9.897015 %) (delta_change:  2.487507 %) (delta_peak/R: 13.213777 %)
-> Saved file: /media/rafael/DATA/Dropbox/20220924_FIML_solver/data/output/field_inversion/Beta_k/u_imp_1000/FI_run_T31_SReStar_tauGL_u_imp_1000_k_imp_1_e_imp_0/FI_run_T31_SReStar_tauGL_u_imp_1000_k_imp_1_e_imp_0_state_iter_9000.dat
iter:   9100 (Jcost: 8.309857e-01) (lr = 1.620e-04) (elapsed time: 5447.141) (secs/iter:  0.602) (n_accepted: 78%) (u_error:  0.581777 %) (beta_change:  9.929528 %) (delta_change:  2.492576 %) (delta_peak/R: 13.213269 %)
iter:   9200 (Jcost: 8.309748e-01) (lr = 1.107e-02) (elapsed time: 5505.688) (secs/iter:  0.585) (n_accepted: 84%) (u_error:  0.581767 %) (beta_change:  9.958292 %) (delta_change:  2.497039 %) (delta_peak/R: 13.212849 %)
iter:   9300 (Jcost: 8.309673e-01) (lr = 2.864e-04) (elapsed time: 5565.629) (secs/iter:  0.599) (n_accepted: 75%) (u_error:  0.581760 %) (beta_change:  9.978405 %) (delta_change:  2.500141 %) (delta_peak/R: 13.212557 %)
iter:   9400 (Jcost: 8.309539e-01) (lr = 1.958e-02) (elapsed time: 5620.016) (secs/iter:  0.544) (n_accepted: 84%) (u_error:  0.581750 %) (beta_change: 10.014247 %) (delta_change:  2.505620 %) (delta_peak/R: 13.212011 %)
iter:   9500 (Jcost: 8.309449e-01) (lr = 7.002e-03) (elapsed time: 5679.071) (secs/iter:  0.591) (n_accepted: 78%) (u_error:  0.581738 %) (beta_change: 10.038570 %) (delta_change:  2.509328 %) (delta_peak/R: 13.211690 %)
-> Saved file: /media/rafael/DATA/Dropbox/20220924_FIML_solver/data/output/field_inversion/Beta_k/u_imp_1000/FI_run_T31_SReStar_tauGL_u_imp_1000_k_imp_1_e_imp_0/FI_run_T31_SReStar_tauGL_u_imp_1000_k_imp_1_e_imp_0_state_iter_9500.dat
iter:   9600 (Jcost: 8.309370e-01) (lr = 4.348e-04) (elapsed time: 5742.992) (secs/iter:  0.639) (n_accepted: 76%) (u_error:  0.581731 %) (beta_change: 10.060320 %) (delta_change:  2.512611 %) (delta_peak/R: 13.211372 %)
iter:   9700 (Jcost: 8.309252e-01) (lr = 3.732e-04) (elapsed time: 5800.037) (secs/iter:  0.570) (n_accepted: 79%) (u_error:  0.581723 %) (beta_change: 10.092812 %) (delta_change:  2.517470 %) (delta_peak/R: 13.210877 %)
iter:   9800 (Jcost: 8.309161e-01) (lr = 1.063e-02) (elapsed time: 5852.359) (secs/iter:  0.523) (n_accepted: 83%) (u_error:  0.581712 %) (beta_change: 10.118062 %) (delta_change:  2.521235 %) (delta_peak/R: 13.210539 %)
iter:   9900 (Jcost: 8.309089e-01) (lr = 1.584e-03) (elapsed time: 5911.599) (secs/iter:  0.592) (n_accepted: 77%) (u_error:  0.581705 %) (beta_change: 10.138403 %) (delta_change:  2.524241 %) (delta_peak/R: 13.210250 %)
iter:  10000 (Jcost: 8.309007e-01) (lr = 1.360e-03) (elapsed time: 5968.254) (secs/iter:  0.567) (n_accepted: 79%) (u_error:  0.581697 %) (beta_change: 10.161543 %) (delta_change:  2.527639 %) (delta_peak/R: 13.209923 %)
-> Saved file: /media/rafael/DATA/Dropbox/20220924_FIML_solver/data/output/field_inversion/Beta_k/u_imp_1000/FI_run_T31_SReStar_tauGL_u_imp_1000_k_imp_1_e_imp_0/FI_run_T31_SReStar_tauGL_u_imp_1000_k_imp_1_e_imp_0_state_iter_10000.dat
iter:  10100 (Jcost: 8.308913e-01) (lr = 4.864e-04) (elapsed time: 6028.079) (secs/iter:  0.598) (n_accepted: 78%) (u_error:  0.581688 %) (beta_change: 10.188302 %) (delta_change:  2.531539 %) (delta_peak/R: 13.209542 %)
iter:  10200 (Jcost: 8.308832e-01) (lr = 4.175e-04) (elapsed time: 6065.226) (secs/iter:  0.371) (n_accepted: 79%) (u_error:  0.581679 %) (beta_change: 10.211507 %) (delta_change:  2.534898 %) (delta_peak/R: 13.209218 %)
iter:  10300 (Jcost: 8.308749e-01) (lr = 3.584e-04) (elapsed time: 6101.984) (secs/iter:  0.368) (n_accepted: 79%) (u_error:  0.581668 %) (beta_change: 10.235347 %) (delta_change:  2.538337 %) (delta_peak/R: 13.208916 %)
iter:  10400 (Jcost: 8.308684e-01) (lr = 1.021e-02) (elapsed time: 6157.073) (secs/iter:  0.551) (n_accepted: 83%) (u_error:  0.581669 %) (beta_change: 10.254519 %) (delta_change:  2.541040 %) (delta_peak/R: 13.208575 %)
iter:  10500 (Jcost: 8.308639e-01) (lr = 8.761e-03) (elapsed time: 6213.981) (secs/iter:  0.569) (n_accepted: 79%) (u_error:  0.581659 %) (beta_change: 10.267560 %) (delta_change:  2.543081 %) (delta_peak/R: 13.208440 %)
-> Saved file: /media/rafael/DATA/Dropbox/20220924_FIML_solver/data/output/field_inversion/Beta_k/u_imp_1000/FI_run_T31_SReStar_tauGL_u_imp_1000_k_imp_1_e_imp_0/FI_run_T31_SReStar_tauGL_u_imp_1000_k_imp_1_e_imp_0_state_iter_10500.dat
iter:  10600 (Jcost: 8.308570e-01) (lr = 7.520e-03) (elapsed time: 6272.611) (secs/iter:  0.586) (n_accepted: 79%) (u_error:  0.581650 %) (beta_change: 10.287703 %) (delta_change:  2.546426 %) (delta_peak/R: 13.208178 %)
iter:  10700 (Jcost: 8.308514e-01) (lr = 2.690e-03) (elapsed time: 6329.037) (secs/iter:  0.564) (n_accepted: 78%) (u_error:  0.581647 %) (beta_change: 10.304349 %) (delta_change:  2.549162 %) (delta_peak/R: 13.207927 %)
iter:  10800 (Jcost: 8.308433e-01) (lr = 1.670e-04) (elapsed time: 6386.336) (secs/iter:  0.573) (n_accepted: 76%) (u_error:  0.581638 %) (beta_change: 10.328533 %) (delta_change:  2.553131 %) (delta_peak/R: 13.207593 %)
iter:  10900 (Jcost: 8.308387e-01) (lr = 1.982e-03) (elapsed time: 6442.670) (secs/iter:  0.563) (n_accepted: 82%) (u_error:  0.581631 %) (beta_change: 10.342216 %) (delta_change:  2.555374 %) (delta_peak/R: 13.207422 %)
iter:  11000 (Jcost: 8.308330e-01) (lr = 7.089e-04) (elapsed time: 6497.255) (secs/iter:  0.546) (n_accepted: 78%) (u_error:  0.581628 %) (beta_change: 10.359363 %) (delta_change:  2.558156 %) (delta_peak/R: 13.207168 %)
-> Saved file: /media/rafael/DATA/Dropbox/20220924_FIML_solver/data/output/field_inversion/Beta_k/u_imp_1000/FI_run_T31_SReStar_tauGL_u_imp_1000_k_imp_1_e_imp_0/FI_run_T31_SReStar_tauGL_u_imp_1000_k_imp_1_e_imp_0_state_iter_11000.dat
iter:  11100 (Jcost: 8.308269e-01) (lr = 2.535e-04) (elapsed time: 6556.940) (secs/iter:  0.597) (n_accepted: 78%) (u_error:  0.581621 %) (beta_change: 10.377726 %) (delta_change:  2.561130 %) (delta_peak/R: 13.206918 %)
iter:  11200 (Jcost: 8.308207e-01) (lr = 2.176e-04) (elapsed time: 6612.642) (secs/iter:  0.557) (n_accepted: 79%) (u_error:  0.581616 %) (beta_change: 10.396521 %) (delta_change:  2.564155 %) (delta_peak/R: 13.206650 %)
iter:  11300 (Jcost: 8.308151e-01) (lr = 1.488e-02) (elapsed time: 6667.483) (secs/iter:  0.548) (n_accepted: 84%) (u_error:  0.581600 %) (beta_change: 10.414057 %) (delta_change:  2.567004 %) (delta_peak/R: 13.206492 %)
iter:  11400 (Jcost: 8.308095e-01) (lr = 1.277e-02) (elapsed time: 6721.450) (secs/iter:  0.540) (n_accepted: 79%) (u_error:  0.581607 %) (beta_change: 10.430906 %) (delta_change:  2.569643 %) (delta_peak/R: 13.206151 %)
iter:  11500 (Jcost: 8.308043e-01) (lr = 1.096e-02) (elapsed time: 6776.843) (secs/iter:  0.554) (n_accepted: 79%) (u_error:  0.581597 %) (beta_change: 10.446960 %) (delta_change:  2.572213 %) (delta_peak/R: 13.205977 %)
-> Saved file: /media/rafael/DATA/Dropbox/20220924_FIML_solver/data/output/field_inversion/Beta_k/u_imp_1000/FI_run_T31_SReStar_tauGL_u_imp_1000_k_imp_1_e_imp_0/FI_run_T31_SReStar_tauGL_u_imp_1000_k_imp_1_e_imp_0_state_iter_11500.dat
iter:  11600 (Jcost: 8.308001e-01) (lr = 3.920e-03) (elapsed time: 6816.732) (secs/iter:  0.399) (n_accepted: 78%) (u_error:  0.581593 %) (beta_change: 10.459855 %) (delta_change:  2.574248 %) (delta_peak/R: 13.205789 %)
iter:  11700 (Jcost: 8.307931e-01) (lr = 5.843e-04) (elapsed time: 6849.675) (secs/iter:  0.329) (n_accepted: 77%) (u_error:  0.581587 %) (beta_change: 10.481528 %) (delta_change:  2.577657 %) (delta_peak/R: 13.205488 %)
iter:  11800 (Jcost: 8.307880e-01) (lr = 2.090e-04) (elapsed time: 6885.393) (secs/iter:  0.357) (n_accepted: 78%) (u_error:  0.581581 %) (beta_change: 10.497591 %) (delta_change:  2.580174 %) (delta_peak/R: 13.205277 %)
iter:  11900 (Jcost: 8.307822e-01) (lr = 2.480e-03) (elapsed time: 6937.278) (secs/iter:  0.519) (n_accepted: 82%) (u_error:  0.581591 %) (beta_change: 10.516739 %) (delta_change:  2.583088 %) (delta_peak/R: 13.204869 %)
iter:  12000 (Jcost: 8.307784e-01) (lr = 5.109e-03) (elapsed time: 6991.526) (secs/iter:  0.542) (n_accepted: 80%) (u_error:  0.581570 %) (beta_change: 10.527739 %) (delta_change:  2.584860 %) (delta_peak/R: 13.204872 %)
-> Saved file: /media/rafael/DATA/Dropbox/20220924_FIML_solver/data/output/field_inversion/Beta_k/u_imp_1000/FI_run_T31_SReStar_tauGL_u_imp_1000_k_imp_1_e_imp_0/FI_run_T31_SReStar_tauGL_u_imp_1000_k_imp_1_e_imp_0_state_iter_12000.dat
iter:  12100 (Jcost: 8.307737e-01) (lr = 1.322e-04) (elapsed time: 7050.082) (secs/iter:  0.586) (n_accepted: 75%) (u_error:  0.581565 %) (beta_change: 10.542259 %) (delta_change:  2.587101 %) (delta_peak/R: 13.204677 %)
iter:  12200 (Jcost: 8.307693e-01) (lr = 2.723e-04) (elapsed time: 7104.310) (secs/iter:  0.542) (n_accepted: 80%) (u_error:  0.581573 %) (beta_change: 10.556943 %) (delta_change:  2.589300 %) (delta_peak/R: 13.204358 %)
iter:  12300 (Jcost: 8.307643e-01) (lr = 7.755e-03) (elapsed time: 7155.176) (secs/iter:  0.509) (n_accepted: 83%) (u_error:  0.581563 %) (beta_change: 10.572401 %) (delta_change:  2.591683 %) (delta_peak/R: 13.204198 %)
iter:  12400 (Jcost: 8.307608e-01) (lr = 4.815e-04) (elapsed time: 7201.618) (secs/iter:  0.464) (n_accepted: 76%) (u_error:  0.581552 %) (beta_change: 10.583225 %) (delta_change:  2.593358 %) (delta_peak/R: 13.204115 %)
iter:  12500 (Jcost: 8.307564e-01) (lr = 1.722e-04) (elapsed time: 7245.974) (secs/iter:  0.444) (n_accepted: 78%) (u_error:  0.581548 %) (beta_change: 10.597327 %) (delta_change:  2.595489 %) (delta_peak/R: 13.203916 %)
-> Saved file: /media/rafael/DATA/Dropbox/20220924_FIML_solver/data/output/field_inversion/Beta_k/u_imp_1000/FI_run_T31_SReStar_tauGL_u_imp_1000_k_imp_1_e_imp_0/FI_run_T31_SReStar_tauGL_u_imp_1000_k_imp_1_e_imp_0_state_iter_12500.dat
iter:  12600 (Jcost: 8.307526e-01) (lr = 2.044e-03) (elapsed time: 7298.725) (secs/iter:  0.528) (n_accepted: 82%) (u_error:  0.581552 %) (beta_change: 10.609854 %) (delta_change:  2.597343 %) (delta_peak/R: 13.203676 %)
iter:  12700 (Jcost: 8.307491e-01) (lr = 1.011e-02) (elapsed time: 7342.457) (secs/iter:  0.437) (n_accepted: 81%) (u_error:  0.581535 %) (beta_change: 10.620682 %) (delta_change:  2.599020 %) (delta_peak/R: 13.203646 %)
iter:  12800 (Jcost: 8.307454e-01) (lr = 3.614e-03) (elapsed time: 7393.312) (secs/iter:  0.509) (n_accepted: 78%) (u_error:  0.581534 %) (beta_change: 10.632525 %) (delta_change:  2.600780 %) (delta_peak/R: 13.203466 %)
iter:  12900 (Jcost: 8.307417e-01) (lr = 3.102e-03) (elapsed time: 7446.786) (secs/iter:  0.535) (n_accepted: 79%) (u_error:  0.581530 %) (beta_change: 10.644629 %) (delta_change:  2.602577 %) (delta_peak/R: 13.203299 %)
iter:  13000 (Jcost: 8.307379e-01) (lr = 1.926e-04) (elapsed time: 7502.733) (secs/iter:  0.559) (n_accepted: 76%) (u_error:  0.581526 %) (beta_change: 10.656580 %) (delta_change:  2.604347 %) (delta_peak/R: 13.203141 %)
-> Saved file: /media/rafael/DATA/Dropbox/20220924_FIML_solver/data/output/field_inversion/Beta_k/u_imp_1000/FI_run_T31_SReStar_tauGL_u_imp_1000_k_imp_1_e_imp_0/FI_run_T31_SReStar_tauGL_u_imp_1000_k_imp_1_e_imp_0_state_iter_13000.dat
iter:  13100 (Jcost: 8.307337e-01) (lr = 2.286e-03) (elapsed time: 7546.582) (secs/iter:  0.438) (n_accepted: 82%) (u_error:  0.581510 %) (beta_change: 10.670961 %) (delta_change:  2.606511 %) (delta_peak/R: 13.203052 %)
iter:  13200 (Jcost: 8.307305e-01) (lr = 1.130e-02) (elapsed time: 7599.835) (secs/iter:  0.533) (n_accepted: 81%) (u_error:  0.581518 %) (beta_change: 10.680544 %) (delta_change:  2.607866 %) (delta_peak/R: 13.202817 %)
iter:  13300 (Jcost: 8.307278e-01) (lr = 7.019e-04) (elapsed time: 7655.170) (secs/iter:  0.553) (n_accepted: 76%) (u_error:  0.581514 %) (beta_change: 10.689294 %) (delta_change:  2.609150 %) (delta_peak/R: 13.202716 %)
iter:  13400 (Jcost: 8.307242e-01) (lr = 2.510e-04) (elapsed time: 7705.702) (secs/iter:  0.505) (n_accepted: 78%) (u_error:  0.581511 %) (beta_change: 10.701064 %) (delta_change:  2.610853 %) (delta_peak/R: 13.202544 %)
iter:  13500 (Jcost: 8.307204e-01) (lr = 5.172e-04) (elapsed time: 7760.314) (secs/iter:  0.546) (n_accepted: 80%) (u_error:  0.581503 %) (beta_change: 10.713298 %) (delta_change:  2.612636 %) (delta_peak/R: 13.202414 %)
-> Saved file: /media/rafael/DATA/Dropbox/20220924_FIML_solver/data/output/field_inversion/Beta_k/u_imp_1000/FI_run_T31_SReStar_tauGL_u_imp_1000_k_imp_1_e_imp_0/FI_run_T31_SReStar_tauGL_u_imp_1000_k_imp_1_e_imp_0_state_iter_13500.dat
iter:  13600 (Jcost: 8.307176e-01) (lr = 6.137e-03) (elapsed time: 7819.283) (secs/iter:  0.590) (n_accepted: 82%) (u_error:  0.581496 %) (beta_change: 10.722632 %) (delta_change:  2.613993 %) (delta_peak/R: 13.202323 %)
iter:  13700 (Jcost: 8.307153e-01) (lr = 1.588e-04) (elapsed time: 7872.446) (secs/iter:  0.532) (n_accepted: 75%) (u_error:  0.581500 %) (beta_change: 10.729700 %) (delta_change:  2.614980 %) (delta_peak/R: 13.202172 %)
iter:  13800 (Jcost: 8.307124e-01) (lr = 3.271e-04) (elapsed time: 7926.012) (secs/iter:  0.536) (n_accepted: 80%) (u_error:  0.581497 %) (beta_change: 10.739111 %) (delta_change:  2.616323 %) (delta_peak/R: 13.202047 %)
iter:  13900 (Jcost: 8.307098e-01) (lr = 3.882e-03) (elapsed time: 7978.829) (secs/iter:  0.528) (n_accepted: 82%) (u_error:  0.581483 %) (beta_change: 10.748242 %) (delta_change:  2.617666 %) (delta_peak/R: 13.202025 %)
iter:  14000 (Jcost: 8.307075e-01) (lr = 7.997e-03) (elapsed time: 8029.945) (secs/iter:  0.511) (n_accepted: 80%) (u_error:  0.581492 %) (beta_change: 10.755177 %) (delta_change:  2.618600 %) (delta_peak/R: 13.201828 %)
-> Saved file: /media/rafael/DATA/Dropbox/20220924_FIML_solver/data/output/field_inversion/Beta_k/u_imp_1000/FI_run_T31_SReStar_tauGL_u_imp_1000_k_imp_1_e_imp_0/FI_run_T31_SReStar_tauGL_u_imp_1000_k_imp_1_e_imp_0_state_iter_14000.dat
iter:  14100 (Jcost: 8.307045e-01) (lr = 2.860e-03) (elapsed time: 8087.141) (secs/iter:  0.572) (n_accepted: 78%) (u_error:  0.581490 %) (beta_change: 10.764892 %) (delta_change:  2.619962 %) (delta_peak/R: 13.201683 %)
iter:  14200 (Jcost: 8.307021e-01) (lr = 1.023e-03) (elapsed time: 8137.970) (secs/iter:  0.508) (n_accepted: 78%) (u_error:  0.581485 %) (beta_change: 10.772703 %) (delta_change:  2.621067 %) (delta_peak/R: 13.201601 %)
iter:  14300 (Jcost: 8.306995e-01) (lr = 3.659e-04) (elapsed time: 8189.383) (secs/iter:  0.514) (n_accepted: 78%) (u_error:  0.581484 %) (beta_change: 10.781144 %) (delta_change:  2.622240 %) (delta_peak/R: 13.201474 %)
iter:  14400 (Jcost: 8.306965e-01) (lr = 7.538e-04) (elapsed time: 8238.520) (secs/iter:  0.491) (n_accepted: 80%) (u_error:  0.581474 %) (beta_change: 10.790727 %) (delta_change:  2.623599 %) (delta_peak/R: 13.201404 %)
iter:  14500 (Jcost: 8.306942e-01) (lr = 8.945e-03) (elapsed time: 8290.941) (secs/iter:  0.524) (n_accepted: 82%) (u_error:  0.581476 %) (beta_change: 10.798024 %) (delta_change:  2.624590 %) (delta_peak/R: 13.201266 %)
-> Saved file: /media/rafael/DATA/Dropbox/20220924_FIML_solver/data/output/field_inversion/Beta_k/u_imp_1000/FI_run_T31_SReStar_tauGL_u_imp_1000_k_imp_1_e_imp_0/FI_run_T31_SReStar_tauGL_u_imp_1000_k_imp_1_e_imp_0_state_iter_14500.dat
iter:  14600 (Jcost: 8.306918e-01) (lr = 3.199e-03) (elapsed time: 8344.918) (secs/iter:  0.540) (n_accepted: 78%) (u_error:  0.581473 %) (beta_change: 10.805906 %) (delta_change:  2.625676 %) (delta_peak/R: 13.201160 %)
iter:  14700 (Jcost: 8.306894e-01) (lr = 1.144e-03) (elapsed time: 8397.602) (secs/iter:  0.527) (n_accepted: 78%) (u_error:  0.581473 %) (beta_change: 10.813494 %) (delta_change:  2.626707 %) (delta_peak/R: 13.201036 %)
iter:  14800 (Jcost: 8.306876e-01) (lr = 5.658e-03) (elapsed time: 8447.958) (secs/iter:  0.504) (n_accepted: 81%) (u_error:  0.581471 %) (beta_change: 10.819360 %) (delta_change:  2.627510 %) (delta_peak/R: 13.200961 %)
iter:  14900 (Jcost: 8.306854e-01) (lr = 4.857e-03) (elapsed time: 8500.671) (secs/iter:  0.527) (n_accepted: 79%) (u_error:  0.581466 %) (beta_change: 10.826426 %) (delta_change:  2.628481 %) (delta_peak/R: 13.200886 %)
iter:  15000 (Jcost: 8.306835e-01) (lr = 3.016e-04) (elapsed time: 8554.091) (secs/iter:  0.534) (n_accepted: 76%) (u_error:  0.581464 %) (beta_change: 10.832713 %) (delta_change:  2.629333 %) (delta_peak/R: 13.200801 %)
-> Saved file: /media/rafael/DATA/Dropbox/20220924_FIML_solver/data/output/field_inversion/Beta_k/u_imp_1000/FI_run_T31_SReStar_tauGL_u_imp_1000_k_imp_1_e_imp_0/FI_run_T31_SReStar_tauGL_u_imp_1000_k_imp_1_e_imp_0_state_iter_15000.dat
iter:  15000 (Jcost: 8.306835e-01) (lr = 3.619e-04) (elapsed time: 8559.049) (secs/iter:   None) (n_accepted: 0%) (u_error:  0.581464 %) (beta_change: 10.832722 %) (delta_change:  2.629334 %) (delta_peak/R: 13.200801 %)
