# ------------------------------------------------------------------------
#                  Input Arguments
# ------------------------------------------------------------------------
# Begin_Input_Arguments
{ 'all_b_mode': ['Beta_k'],
  'args_mk_solver': { 'torch': "<module 'torch' from "
                               "'/home/rafael/anaconda3/lib/python3.9/site-packages/torch/__init__.py'>",
                      'y_grid': [0.0, 0.000309700312, 0.000638645973, 0.00098802599, 0.00135910194, 0.00175321227, 0.00217177688, 0.00261630193, 0.00308838486, 0.00358971984, 0.00412210331, 0.00468744001, 0.00528774917, 0.00592517114, 0.00660197432, 0.0073205624, 0.00808348206, 0.00889343092, 0.00975326602, 0.0106660126, 0.0116348733, 0.0126632377, 0.0137546927, 0.0149130326, 0.0161422702, 0.0174466482, 0.0188306506, 0.0202990157, 0.0218567475, 0.02350913, 0.0252617393, 0.0271204584, 0.0290914903, 0.0311813732, 0.033396994, 0.0357456039, 0.0382348325, 0.0408727029, 0.0436676462, 0.0466285159, 0.0497646022, 0.0530856456, 0.0566018496, 0.0603238931, 0.0642629411, 0.068430655, 0.0728392004, 0.0775012535, 0.0824300053, 0.0876391634, 0.0931429507, 0.0989561006, 0.105093849, 0.111571922, 0.118406518, 0.125614286, 0.133212296, 0.141218006, 0.14964922, 0.158524039, 0.167860801, 0.177678022, 0.187994313, 0.1988283, 0.21019853, 0.222123362, 0.234620856, 0.247708641, 0.261403784, 0.275722637, 0.290680679, 0.306292354, 0.322570888, 0.339528108, 0.357174255, 0.375517785, 0.394565175, 0.414320726, 0.43478637, 0.45596148, 0.47784269, 0.500423731, 0.523695275, 0.547644806, 0.572256506, 0.597511177, 0.623386184, 0.649855436, 0.676889401, 0.704455158, 0.73251649, 0.761034018, 0.789965372, 0.819265404, 0.848886442, 0.878778572, 0.908889961, 0.939167201, 0.969555687, 1.0],
                      'Ret': 395,
                      'cp': 1.0,
                      'A_sca_rho': 1.0,
                      'A_sca_mu': 0.002531645569620253,
                      'A_sca_k': 0.002531645569620253,
                      'b_exp_rho': 0,
                      'b_exp_mu': 0,
                      'b_exp_k': 0,
                      'tensor_device': 'cpu',
                      'as_tensor': '<function '
                                   'Build_arguments_fi_run._mk_args_MK_solver.<locals>.<lambda> '
                                   'at 0x7fa715ec1ca0>',
                      'ref_dns': { 'u_dns': [-1.1621891653647745e-17, 0.12038147061592142, 0.2486667194193228, 0.3853316777014896, 0.5308664780141247, 0.6857717402547939, 0.8505535450121167, 1.0257167446173359, 1.2117562114235156, 1.4091456291899656, 1.6183238869359076, 1.8397511203786363, 2.0739846083524762, 2.3215858175559485, 2.5830998617461347, 2.8590281200741208, 3.1496935262525536, 3.4552359470531533, 3.7756142665572257, 4.110583303842652, 4.45969946165573, 4.822206882730351, 5.197035265506851, 5.583025879652095, 5.978686814446167, 6.382207543471064, 6.791570648443869, 7.2043873700132925, 7.618385062963329, 8.03118634310432, 8.44041357554915, 8.84371142714813, 9.238979314381995, 9.624420091437981, 9.998469678649556, 10.35979096526142, 10.707129584683727, 11.039995370680495, 11.358551726082448, 11.662349268071521, 11.950718757107493, 12.223954157654832, 12.483709539516381, 12.729468296591788, 12.96189725891004, 13.181956912817093, 13.390830787523823, 13.589209456905074, 13.77774548120034, 13.957142176959408, 14.128008166098704, 14.292972400407937, 14.451390315255287, 14.604479160838446, 14.752729261499471, 14.897697302804033, 15.039633734259159, 15.178810140910235, 15.315947154448178, 15.451877409291745, 15.58669225918589, 15.721138532227114, 15.854113944398788, 15.987734105521263, 16.121146738748497, 16.254797365725366, 16.390071930809857, 16.524387395782732, 16.661463094046834, 16.798449310680184, 16.935625193579543, 17.073748174616334, 17.21187841549901, 17.35116308134969, 17.490589767101305, 17.630331843371298, 17.770657796637234, 17.910695071912688, 18.050115139616302, 18.189517885217317, 18.32769582858952, 18.464841616619317, 18.60232210083399, 18.737956916045317, 18.870869207741464, 19.001600969032044, 19.12847102790439, 19.2508118593921, 19.36853072042538, 19.481329243880012, 19.588082521880576, 19.686505896880114, 19.777464171831337, 19.858088464867063, 19.927955576763132, 19.98636731139984, 20.032412099278943, 20.065798107151412, 20.085227943575234, 20.092280221845982],
                                   'T_dns': [1.0, 1.0054168528182075, 1.0111892962951508, 1.0173388130340817, 1.0238875533374603, 1.0308581760577802, 1.038273632259914, 1.0461568763752858, 1.0545304873210575, 1.063416182446312, 1.0728342242475137, 1.0828056393146548, 1.0933552273933103, 1.104507706787982, 1.116286773847495, 1.1287138246039798, 1.1418020678500613, 1.1555561605518632, 1.1699720933427529, 1.1850375840993346, 1.200735906860395, 1.2170387130493567, 1.2339014140607178, 1.2512581885103229, 1.2690181325379986, 1.287088741319823, 1.3054054302266418, 1.3238929976112008, 1.342431658848353, 1.360870263513284, 1.3790997791952193, 1.397047949236261, 1.4146313584437984, 1.431761278275473, 1.4483587373565916, 1.4643623677516326, 1.4797384612603242, 1.494473409424734, 1.508558496762553, 1.5219502031919958, 1.5346836754995963, 1.5467957301326059, 1.5582499134154453, 1.569206687024354, 1.5795728055559435, 1.5893775176201004, 1.5987815903998888, 1.6077745001500987, 1.616297234691477, 1.6244646808727117, 1.6323569959770459, 1.6398761731000604, 1.647174520995295, 1.654288889365429, 1.6611891912578163, 1.6678853125030262, 1.674449470427603, 1.680971934865867, 1.6872570539729184, 1.6934178543768799, 1.6996246511056405, 1.7055444730030138, 1.7115323049608075, 1.7174212239002198, 1.7232113971651495, 1.7290349517100991, 1.7347599758705545, 1.7404252448428215, 1.746047374646889, 1.7516535825175776, 1.7572424028311684, 1.7627378999831622, 1.7682097929452725, 1.773712007084633, 1.7791755564288452, 1.784550175366191, 1.7899215472647867, 1.795180291250174, 1.8003429919401863, 1.805546840700353, 1.8106374644347318, 1.8156927850528817, 1.8206115329022907, 1.8255740816578867, 1.8303518807461197, 1.834913210939768, 1.8393867538308046, 1.8435541788207273, 1.8476276869749704, 1.8513787248624893, 1.8549071642459707, 1.8581864104438248, 1.8611135303961226, 1.863686875191405, 1.8658579517653304, 1.8676793778142577, 1.8691153775492937, 1.8701597252012252, 1.870756762510009, 1.8708954248221819],
                                   'mu_dns': [0.002531645569620253, 0.002531645569620253, 0.002531645569620253, 0.002531645569620253, 0.002531645569620253, 0.002531645569620253, 0.002531645569620253, 0.002531645569620253, 0.002531645569620253, 0.002531645569620253, 0.002531645569620253, 0.002531645569620253, 0.002531645569620253, 0.002531645569620253, 0.002531645569620253, 0.002531645569620253, 0.002531645569620253, 0.002531645569620253, 0.002531645569620253, 0.002531645569620253, 0.002531645569620253, 0.002531645569620253, 0.002531645569620253, 0.002531645569620253, 0.002531645569620253, 0.002531645569620253, 0.002531645569620253, 0.002531645569620253, 0.002531645569620253, 0.002531645569620253, 0.002531645569620253, 0.002531645569620253, 0.002531645569620253, 0.002531645569620253, 0.002531645569620253, 0.002531645569620253, 0.002531645569620253, 0.002531645569620253, 0.002531645569620253, 0.002531645569620253, 0.002531645569620253, 0.002531645569620253, 0.002531645569620253, 0.002531645569620253, 0.002531645569620253, 0.002531645569620253, 0.002531645569620253, 0.002531645569620253, 0.002531645569620253, 0.002531645569620253, 0.002531645569620253, 0.002531645569620253, 0.002531645569620253, 0.002531645569620253, 0.002531645569620253, 0.002531645569620253, 0.002531645569620253, 0.002531645569620253, 0.002531645569620253, 0.002531645569620253, 0.002531645569620253, 0.002531645569620253, 0.002531645569620253, 0.002531645569620253, 0.002531645569620253, 0.002531645569620253, 0.002531645569620253, 0.002531645569620253, 0.002531645569620253, 0.002531645569620253, 0.002531645569620253, 0.002531645569620253, 0.002531645569620253, 0.002531645569620253, 0.002531645569620253, 0.002531645569620253, 0.002531645569620253, 0.002531645569620253, 0.002531645569620253, 0.002531645569620253, 0.002531645569620253, 0.002531645569620253, 0.002531645569620253, 0.002531645569620253, 0.002531645569620253, 0.002531645569620253, 0.002531645569620253, 0.002531645569620253, 0.002531645569620253, 0.002531645569620253, 0.002531645569620253, 0.002531645569620253, 0.002531645569620253, 0.002531645569620253, 0.002531645569620253, 0.002531645569620253, 0.002531645569620253, 0.002531645569620253, 0.002531645569620253, 0.002531645569620253],
                                   'rho_dns': [1.0, 1.0, 1.0, 1.0, 1.0, 1.0, 1.0, 1.0, 1.0, 1.0, 1.0, 1.0, 1.0, 1.0, 1.0, 1.0, 1.0, 1.0, 1.0, 1.0, 1.0, 1.0, 1.0, 1.0, 1.0, 1.0, 1.0, 1.0, 1.0, 1.0, 1.0, 1.0, 1.0, 1.0, 1.0, 1.0, 1.0, 1.0, 1.0, 1.0, 1.0, 1.0, 1.0, 1.0, 1.0, 1.0, 1.0, 1.0, 1.0, 1.0, 1.0, 1.0, 1.0, 1.0, 1.0, 1.0, 1.0, 1.0, 1.0, 1.0, 1.0, 1.0, 1.0, 1.0, 1.0, 1.0, 1.0, 1.0, 1.0, 1.0, 1.0, 1.0, 1.0, 1.0, 1.0, 1.0, 1.0, 1.0, 1.0, 1.0, 1.0, 1.0, 1.0, 1.0, 1.0, 1.0, 1.0, 1.0, 1.0, 1.0, 1.0, 1.0, 1.0, 1.0, 1.0, 1.0, 1.0, 1.0, 1.0, 1.0]},
                      'case': 'T31_CP395',
                      'constant_Sq_heat': 0.04443037974683545,
                      'use_visc_heating': False,
                      'Pr_turb': 1.0,
                      'fprint': '<function '
                                'Build_arguments_fi_run._mk_args_MK_solver.<locals>.<lambda> '
                                'at 0x7fa715ec1d30>',
                      'compressible_correction': False,
                      'bool_solve_energy': False,
                      'output_last': False},
  'u_imp': 100,
  'k_imp': 1,
  'e_imp': 0,
  'solve_sparse_adj': True,
  'all_ref_beta_distrib': {'K': [1.0, 1.00011389, 1.00014014, 1.0000582, 0.9998534, 0.99951096, 0.99901595, 0.99835433, 0.9975145, 0.99648901, 0.99527647, 0.99388334, 0.99232561, 0.99063002, 0.98883505, 0.98699176, 0.98516487, 0.98343417, 0.98189608, 0.98066504, 0.97987382, 0.97967136, 0.98021589, 0.98166147, 0.98414074, 0.98775082, 0.99254423, 0.99852253, 1.00563238, 1.01376487, 1.02275838, 1.03240367, 1.04245007, 1.05261169, 1.06257378, 1.0719993, 1.08053589, 1.08782288, 1.09349851, 1.09720962, 1.09862244, 1.09742889, 1.09334395, 1.08609886, 1.075436, 1.06111615, 1.04295792, 1.02091325, 0.99515911, 0.96616954, 0.93473761, 0.90193412, 0.86902204, 0.83734617, 0.80821383, 0.78279273, 0.76203992, 0.74666457, 0.7371139, 0.73357876, 0.7360168, 0.74418368, 0.75766899, 0.77592402, 0.79829023, 0.8240308, 0.85235238, 0.88243671, 0.91345767, 0.94460544, 0.9751167, 1.00427937, 1.03144589, 1.05604288, 1.07758331, 1.09568096, 1.11005543, 1.12054408, 1.12710748, 1.12981942, 1.12886323, 1.12452198, 1.11715873, 1.10723072, 1.09529948, 1.08199751, 1.06800161, 1.054, 1.04063574, 1.02846103, 1.01791193, 1.00928797, 1.00271417, 0.998129, 0.99530154, 0.99386132, 0.99336758, 0.99338828, 0.99356695, 0.99683415], 'E': [1.0, 1.0, 1.0, 1.0, 1.0, 1.0, 1.0, 1.0, 1.0, 1.0, 1.0, 1.0, 1.0, 1.0, 1.0, 1.0, 1.0, 1.0, 1.0, 1.0, 1.0, 1.0, 1.0, 1.0, 1.0, 1.0, 1.0, 1.0, 1.0, 1.0, 1.0, 1.0, 1.0, 1.0, 1.0, 1.0, 1.0, 1.0, 1.0, 1.0, 1.0, 1.0, 1.0, 1.0, 1.0, 1.0, 1.0, 1.0, 1.0, 1.0, 1.0, 1.0, 1.0, 1.0, 1.0, 1.0, 1.0, 1.0, 1.0, 1.0, 1.0, 1.0, 1.0, 1.0, 1.0, 1.0, 1.0, 1.0, 1.0, 1.0, 1.0, 1.0, 1.0, 1.0, 1.0, 1.0, 1.0, 1.0, 1.0, 1.0, 1.0, 1.0, 1.0, 1.0, 1.0, 1.0, 1.0, 1.0, 1.0, 1.0, 1.0, 1.0, 1.0, 1.0, 1.0, 1.0, 1.0, 1.0, 1.0, 1.0]},
  'all_ref_delta_distrib': {'K': [-0.0, -0.003091699569071439, -0.003859805872924827, -0.0016294571632322309, 0.004181489142779907, 0.014245976536351105, 0.02935542992118892, 0.05041916688411463, 0.07844723858083592, 0.11452171471028792, 0.15974817689933024, 0.21518857974278263, 0.2817648156608435, 0.3601336081740578, 0.45051331149135704, 0.552447288237701, 0.6644773020843121, 0.7837169533351664, 0.9053444135826529, 1.0220707548438583, 1.1236999049470606, 1.1969249815173766, 1.2255277347920284, 1.1912218446131384, 1.075436760418138, 0.8620768425587092, 0.5407379070274967, 0.10953743159452686, -0.4231613560535472, -1.038626400159515, -1.7093516454167483, -2.4019437326830366, -3.080600833203261, -3.7104569327413914, -4.260324828350128, -4.704606806162477, -5.024362982154728, -5.20762754364033, -5.249161956295272, -5.149945225344732, -4.9164381492884965, -4.559463945839537, -4.092702923341146, -3.531237011701429, -2.890462319053802, -2.1857045461937914, -1.4329645107276816, -0.6504163303077298, 0.14034387414447203, 0.9142873241274866, 1.6444754797984897, 2.304712186358372, 2.872263003247608, 3.330008065249608, 3.6677810666817283, 3.882633909880012, 3.9781704079720654, 3.9632824908393185, 3.850729377798108, 3.6557334289852346, 3.3946795188717838, 3.0840576714685692, 2.739650275115113, 2.3760528142264823, 2.006345116948656, 1.6418567662152486, 1.2921234200563811, 0.9648119318103537, 0.6658263297014826, 0.3993747208916607, 0.16802398035850735, -0.027046306351520527, -0.18587228669804393, -0.3095212064303803, -0.39993398205490066, -0.4597858343927101, -0.4923062919704312, -0.5011474653404254, -0.490231009119497, -0.4635541012075129, -0.42505337450672914, -0.37847178848095075, -0.3272255489976177, -0.2743964135309056, -0.2227030113977868, -0.17437794240412371, -0.1311111814565357, -0.09402175224000009, -0.06363278935538388, -0.03991905303877155, -0.022414892119339284, -0.010335530600555315, -0.0026798441634269606, 0.0016387065188799613, 0.0036608330648369687, 0.004286421584218367, 0.004205943041173583, 0.0038855876429303928, 0.003599497654252528, 0.0017415575122900141], 'E': [-0.0, -0.0, -0.0, -0.0, -0.0, -0.0, -0.0, -0.0, -0.0, -0.0, -0.0, -0.0, -0.0, -0.0, -0.0, -0.0, -0.0, -0.0, -0.0, -0.0, -0.0, -0.0, -0.0, -0.0, -0.0, -0.0, -0.0, -0.0, -0.0, -0.0, -0.0, -0.0, -0.0, -0.0, -0.0, -0.0, -0.0, -0.0, -0.0, -0.0, -0.0, -0.0, -0.0, -0.0, -0.0, -0.0, -0.0, -0.0, -0.0, -0.0, -0.0, -0.0, -0.0, -0.0, -0.0, -0.0, -0.0, -0.0, -0.0, -0.0, -0.0, -0.0, -0.0, -0.0, -0.0, -0.0, -0.0, -0.0, -0.0, -0.0, -0.0, -0.0, -0.0, -0.0, -0.0, -0.0, -0.0, -0.0, -0.0, -0.0, -0.0, -0.0, -0.0, -0.0, -0.0, -0.0, -0.0, -0.0, -0.0, -0.0, -0.0, -0.0, -0.0, -0.0, -0.0, -0.0, -0.0, -0.0, -0.0, -0.0]},
  'fname_print': '/media/rafael/DATA/Dropbox/20220924_FIML_solver/data/output/field_inversion/Beta_k/u_imp_100/FI_run_T31_CP395_u_imp_100_k_imp_1_e_imp_0/FI_run_T31_CP395_u_imp_100_k_imp_1_e_imp_0.log',
  'folder': '/media/rafael/DATA/Dropbox/20220924_FIML_solver/data/output/field_inversion/Beta_k/u_imp_100/FI_run_T31_CP395_u_imp_100_k_imp_1_e_imp_0',
  'iters_limit': 15000}
# End_Input_Arguments

# ------------------------------------------------------------------------
#                  Iterations
# ------------------------------------------------------------------------

iter:      0 (Jcost: 1.062153e+00) (lr = 1.000e-03) (elapsed time:  0.000) (secs/iter:   None) (n_accepted: 0%) (u_error:  2.442983 %) (beta_change: 26.642124 %) (delta_change:  5.542225 %) (delta_peak/R:  0.000000 %)
-> Saved file: /media/rafael/DATA/Dropbox/20220924_FIML_solver/data/output/field_inversion/Beta_k/u_imp_100/FI_run_T31_CP395_u_imp_100_k_imp_1_e_imp_0/FI_run_T31_CP395_u_imp_100_k_imp_1_e_imp_0_state_iter_0.dat
iter:    100 (Jcost: 1.221434e-01) (lr = 1.717e-03) (elapsed time: 74.318) (secs/iter:  0.743) (n_accepted: 80%) (u_error:  0.629459 %) (beta_change:  9.718234 %) (delta_change:  2.254980 %) (delta_peak/R:  6.453340 %)
iter:    200 (Jcost: 1.118633e-01) (lr = 1.173e-01) (elapsed time: 155.548) (secs/iter:  0.812) (n_accepted: 84%) (u_error:  0.612366 %) (beta_change:  6.274889 %) (delta_change:  1.235881 %) (delta_peak/R:  5.838473 %)
iter:    300 (Jcost: 1.092836e-01) (lr = 4.197e-02) (elapsed time: 243.309) (secs/iter:  0.878) (n_accepted: 78%) (u_error:  0.608214 %) (beta_change:  4.625096 %) (delta_change:  0.793298 %) (delta_peak/R:  5.573977 %)
iter:    400 (Jcost: 1.075945e-01) (lr = 3.603e-02) (elapsed time: 327.703) (secs/iter:  0.844) (n_accepted: 79%) (u_error:  0.605572 %) (beta_change:  3.239920 %) (delta_change:  0.572586 %) (delta_peak/R:  5.422220 %)
iter:    500 (Jcost: 1.064502e-01) (lr = 2.237e-03) (elapsed time: 407.296) (secs/iter:  0.796) (n_accepted: 76%) (u_error:  0.604499 %) (beta_change:  2.101932 %) (delta_change:  0.571739 %) (delta_peak/R:  5.352637 %)
-> Saved file: /media/rafael/DATA/Dropbox/20220924_FIML_solver/data/output/field_inversion/Beta_k/u_imp_100/FI_run_T31_CP395_u_imp_100_k_imp_1_e_imp_0/FI_run_T31_CP395_u_imp_100_k_imp_1_e_imp_0_state_iter_500.dat
iter:    600 (Jcost: 1.056739e-01) (lr = 1.529e-01) (elapsed time: 487.518) (secs/iter:  0.802) (n_accepted: 84%) (u_error:  0.604356 %) (beta_change:  1.165240 %) (delta_change:  0.571487 %) (delta_peak/R:  5.319484 %)
iter:    700 (Jcost: 1.052695e-01) (lr = 2.279e-02) (elapsed time: 575.603) (secs/iter:  0.881) (n_accepted: 77%) (u_error:  0.603567 %) (beta_change:  0.806175 %) (delta_change:  0.570189 %) (delta_peak/R:  5.299958 %)
iter:    800 (Jcost: 1.049355e-01) (lr = 8.150e-03) (elapsed time: 660.740) (secs/iter:  0.851) (n_accepted: 78%) (u_error:  0.603062 %) (beta_change:  0.805542 %) (delta_change:  0.569237 %) (delta_peak/R:  5.284337 %)
iter:    900 (Jcost: 1.046688e-01) (lr = 6.996e-03) (elapsed time: 742.070) (secs/iter:  0.813) (n_accepted: 79%) (u_error:  0.602767 %) (beta_change:  0.966004 %) (delta_change:  0.568635 %) (delta_peak/R:  5.271845 %)
iter:   1000 (Jcost: 1.044834e-01) (lr = 2.502e-03) (elapsed time: 825.990) (secs/iter:  0.839) (n_accepted: 78%) (u_error:  0.602490 %) (beta_change:  1.208090 %) (delta_change:  0.568183 %) (delta_peak/R:  5.262105 %)
-> Saved file: /media/rafael/DATA/Dropbox/20220924_FIML_solver/data/output/field_inversion/Beta_k/u_imp_100/FI_run_T31_CP395_u_imp_100_k_imp_1_e_imp_0/FI_run_T31_CP395_u_imp_100_k_imp_1_e_imp_0_state_iter_1000.dat
iter:   1100 (Jcost: 1.042985e-01) (lr = 1.237e-02) (elapsed time: 908.298) (secs/iter:  0.823) (n_accepted: 81%) (u_error:  0.602499 %) (beta_change:  1.715148 %) (delta_change:  0.568200 %) (delta_peak/R:  5.253041 %)
iter:   1200 (Jcost: 1.041971e-01) (lr = 6.117e-02) (elapsed time: 985.524) (secs/iter:  0.772) (n_accepted: 81%) (u_error:  0.602016 %) (beta_change:  2.058470 %) (delta_change:  0.567675 %) (delta_peak/R:  5.244899 %)
iter:   1300 (Jcost: 1.041233e-01) (lr = 9.116e-03) (elapsed time: 1062.317) (secs/iter:  0.768) (n_accepted: 77%) (u_error:  0.601922 %) (beta_change:  2.352596 %) (delta_change:  0.567685 %) (delta_peak/R:  5.240033 %)
iter:   1400 (Jcost: 1.040530e-01) (lr = 3.261e-03) (elapsed time: 1139.842) (secs/iter:  0.775) (n_accepted: 78%) (u_error:  0.601752 %) (beta_change:  2.676331 %) (delta_change:  0.567667 %) (delta_peak/R:  5.234559 %)
iter:   1500 (Jcost: 1.039948e-01) (lr = 9.286e-02) (elapsed time: 1198.104) (secs/iter:  0.583) (n_accepted: 83%) (u_error:  0.601831 %) (beta_change:  2.994003 %) (delta_change:  0.568016 %) (delta_peak/R:  5.230875 %)
-> Saved file: /media/rafael/DATA/Dropbox/20220924_FIML_solver/data/output/field_inversion/Beta_k/u_imp_100/FI_run_T31_CP395_u_imp_100_k_imp_1_e_imp_0/FI_run_T31_CP395_u_imp_100_k_imp_1_e_imp_0_state_iter_1500.dat
iter:   1600 (Jcost: 1.039645e-01) (lr = 7.971e-02) (elapsed time: 1256.559) (secs/iter:  0.585) (n_accepted: 79%) (u_error:  0.601590 %) (beta_change:  3.174168 %) (delta_change:  0.567877 %) (delta_peak/R:  5.227252 %)
iter:   1700 (Jcost: 1.039284e-01) (lr = 2.851e-02) (elapsed time: 1331.763) (secs/iter:  0.752) (n_accepted: 78%) (u_error:  0.601470 %) (beta_change:  3.422594 %) (delta_change:  0.567981 %) (delta_peak/R:  5.223616 %)
iter:   1800 (Jcost: 1.039051e-01) (lr = 1.020e-02) (elapsed time: 1406.766) (secs/iter:  0.750) (n_accepted: 78%) (u_error:  0.601452 %) (beta_change:  3.602669 %) (delta_change:  0.568165 %) (delta_peak/R:  5.221491 %)
iter:   1900 (Jcost: 1.038855e-01) (lr = 1.520e-03) (elapsed time: 1481.387) (secs/iter:  0.746) (n_accepted: 77%) (u_error:  0.601370 %) (beta_change:  3.772113 %) (delta_change:  0.568271 %) (delta_peak/R:  5.219189 %)
iter:   2000 (Jcost: 1.038746e-01) (lr = 7.514e-03) (elapsed time: 1547.325) (secs/iter:  0.659) (n_accepted: 81%) (u_error:  0.601347 %) (beta_change:  3.873551 %) (delta_change:  0.568375 %) (delta_peak/R:  5.217999 %)
-> Saved file: /media/rafael/DATA/Dropbox/20220924_FIML_solver/data/output/field_inversion/Beta_k/u_imp_100/FI_run_T31_CP395_u_imp_100_k_imp_1_e_imp_0/FI_run_T31_CP395_u_imp_100_k_imp_1_e_imp_0_state_iter_2000.dat
iter:   2100 (Jcost: 1.038610e-01) (lr = 6.450e-03) (elapsed time: 1622.325) (secs/iter:  0.750) (n_accepted: 79%) (u_error:  0.601298 %) (beta_change:  4.011366 %) (delta_change:  0.569909 %) (delta_peak/R:  5.216329 %)
iter:   2200 (Jcost: 1.038477e-01) (lr = 2.307e-03) (elapsed time: 1689.647) (secs/iter:  0.673) (n_accepted: 78%) (u_error:  0.601261 %) (beta_change:  4.160884 %) (delta_change:  0.578825 %) (delta_peak/R:  5.214683 %)
iter:   2300 (Jcost: 1.038378e-01) (lr = 1.980e-03) (elapsed time: 1743.166) (secs/iter:  0.535) (n_accepted: 79%) (u_error:  0.601226 %) (beta_change:  4.299104 %) (delta_change:  0.585492 %) (delta_peak/R:  5.213350 %)
iter:   2400 (Jcost: 1.038302e-01) (lr = 9.791e-03) (elapsed time: 1814.213) (secs/iter:  0.710) (n_accepted: 81%) (u_error:  0.601269 %) (beta_change:  4.417003 %) (delta_change:  0.590657 %) (delta_peak/R:  5.212684 %)
iter:   2500 (Jcost: 1.038257e-01) (lr = 1.459e-03) (elapsed time: 1875.874) (secs/iter:  0.617) (n_accepted: 77%) (u_error:  0.601180 %) (beta_change:  4.487649 %) (delta_change:  0.593389 %) (delta_peak/R:  5.211643 %)
-> Saved file: /media/rafael/DATA/Dropbox/20220924_FIML_solver/data/output/field_inversion/Beta_k/u_imp_100/FI_run_T31_CP395_u_imp_100_k_imp_1_e_imp_0/FI_run_T31_CP395_u_imp_100_k_imp_1_e_imp_0_state_iter_2500.dat
iter:   2600 (Jcost: 1.038221e-01) (lr = 7.214e-03) (elapsed time: 1934.227) (secs/iter:  0.584) (n_accepted: 81%) (u_error:  0.601159 %) (beta_change:  4.550189 %) (delta_change:  0.595697 %) (delta_peak/R:  5.211070 %)
iter:   2700 (Jcost: 1.038166e-01) (lr = 2.580e-03) (elapsed time: 1994.475) (secs/iter:  0.602) (n_accepted: 78%) (u_error:  0.601147 %) (beta_change:  4.650881 %) (delta_change:  0.600779 %) (delta_peak/R:  5.210297 %)
iter:   2800 (Jcost: 1.038117e-01) (lr = 2.215e-03) (elapsed time: 2064.843) (secs/iter:  0.704) (n_accepted: 79%) (u_error:  0.601154 %) (beta_change:  4.746435 %) (delta_change:  0.605452 %) (delta_peak/R:  5.209702 %)
iter:   2900 (Jcost: 1.038087e-01) (lr = 6.308e-02) (elapsed time: 2132.556) (secs/iter:  0.677) (n_accepted: 83%) (u_error:  0.601088 %) (beta_change:  4.809774 %) (delta_change:  0.608263 %) (delta_peak/R:  5.208919 %)
iter:   3000 (Jcost: 1.038054e-01) (lr = 5.415e-02) (elapsed time: 2199.721) (secs/iter:  0.672) (n_accepted: 79%) (u_error:  0.601086 %) (beta_change:  4.881118 %) (delta_change:  0.611271 %) (delta_peak/R:  5.208465 %)
-> Saved file: /media/rafael/DATA/Dropbox/20220924_FIML_solver/data/output/field_inversion/Beta_k/u_imp_100/FI_run_T31_CP395_u_imp_100_k_imp_1_e_imp_0/FI_run_T31_CP395_u_imp_100_k_imp_1_e_imp_0_state_iter_3000.dat
iter:   3100 (Jcost: 1.038021e-01) (lr = 8.070e-03) (elapsed time: 2273.301) (secs/iter:  0.736) (n_accepted: 77%) (u_error:  0.601068 %) (beta_change:  4.956832 %) (delta_change:  0.614205 %) (delta_peak/R:  5.207914 %)
iter:   3200 (Jcost: 1.037993e-01) (lr = 1.203e-03) (elapsed time: 2340.755) (secs/iter:  0.675) (n_accepted: 77%) (u_error:  0.601057 %) (beta_change:  5.024139 %) (delta_change:  0.616591 %) (delta_peak/R:  5.207473 %)
iter:   3300 (Jcost: 1.037974e-01) (lr = 8.220e-02) (elapsed time: 2406.388) (secs/iter:  0.656) (n_accepted: 84%) (u_error:  0.601047 %) (beta_change:  5.073325 %) (delta_change:  0.618194 %) (delta_peak/R:  5.207145 %)
iter:   3400 (Jcost: 1.037958e-01) (lr = 5.104e-03) (elapsed time: 2471.940) (secs/iter:  0.656) (n_accepted: 76%) (u_error:  0.601035 %) (beta_change:  5.113768 %) (delta_change:  0.619425 %) (delta_peak/R:  5.206860 %)
iter:   3500 (Jcost: 1.037936e-01) (lr = 1.826e-03) (elapsed time: 2535.203) (secs/iter:  0.633) (n_accepted: 78%) (u_error:  0.601019 %) (beta_change:  5.172399 %) (delta_change:  0.621079 %) (delta_peak/R:  5.206470 %)
-> Saved file: /media/rafael/DATA/Dropbox/20220924_FIML_solver/data/output/field_inversion/Beta_k/u_imp_100/FI_run_T31_CP395_u_imp_100_k_imp_1_e_imp_0/FI_run_T31_CP395_u_imp_100_k_imp_1_e_imp_0_state_iter_3500.dat
iter:   3600 (Jcost: 1.037920e-01) (lr = 1.248e-01) (elapsed time: 2605.943) (secs/iter:  0.707) (n_accepted: 84%) (u_error:  0.600991 %) (beta_change:  5.215375 %) (delta_change:  0.622173 %) (delta_peak/R:  5.206097 %)
iter:   3700 (Jcost: 1.037905e-01) (lr = 4.463e-02) (elapsed time: 2669.524) (secs/iter:  0.636) (n_accepted: 78%) (u_error:  0.601000 %) (beta_change:  5.254076 %) (delta_change:  0.623111 %) (delta_peak/R:  5.205962 %)
iter:   3800 (Jcost: 1.037892e-01) (lr = 2.771e-03) (elapsed time: 2736.605) (secs/iter:  0.671) (n_accepted: 76%) (u_error:  0.600997 %) (beta_change:  5.290696 %) (delta_change:  0.623925 %) (delta_peak/R:  5.205777 %)
iter:   3900 (Jcost: 1.037877e-01) (lr = 5.709e-03) (elapsed time: 2798.030) (secs/iter:  0.614) (n_accepted: 80%) (u_error:  0.601016 %) (beta_change:  5.330622 %) (delta_change:  0.624759 %) (delta_peak/R:  5.205709 %)
iter:   4000 (Jcost: 1.037866e-01) (lr = 6.775e-02) (elapsed time: 2863.394) (secs/iter:  0.654) (n_accepted: 82%) (u_error:  0.600989 %) (beta_change:  5.360370 %) (delta_change:  0.625302 %) (delta_peak/R:  5.205427 %)
-> Saved file: /media/rafael/DATA/Dropbox/20220924_FIML_solver/data/output/field_inversion/Beta_k/u_imp_100/FI_run_T31_CP395_u_imp_100_k_imp_1_e_imp_0/FI_run_T31_CP395_u_imp_100_k_imp_1_e_imp_0_state_iter_4000.dat
iter:   4100 (Jcost: 1.037855e-01) (lr = 5.815e-02) (elapsed time: 2934.161) (secs/iter:  0.708) (n_accepted: 79%) (u_error:  0.600979 %) (beta_change:  5.389730 %) (delta_change:  0.625810 %) (delta_peak/R:  5.205242 %)
iter:   4200 (Jcost: 1.037846e-01) (lr = 2.080e-02) (elapsed time: 2987.541) (secs/iter:  0.534) (n_accepted: 78%) (u_error:  0.600972 %) (beta_change:  5.414860 %) (delta_change:  0.626216 %) (delta_peak/R:  5.205102 %)
iter:   4300 (Jcost: 1.037834e-01) (lr = 3.100e-03) (elapsed time: 3041.463) (secs/iter:  0.539) (n_accepted: 77%) (u_error:  0.600965 %) (beta_change:  5.445325 %) (delta_change:  0.626673 %) (delta_peak/R:  5.204939 %)
iter:   4400 (Jcost: 1.037824e-01) (lr = 2.661e-03) (elapsed time: 3107.004) (secs/iter:  0.655) (n_accepted: 79%) (u_error:  0.600965 %) (beta_change:  5.471592 %) (delta_change:  0.627040 %) (delta_peak/R:  5.204839 %)
iter:   4500 (Jcost: 1.037815e-01) (lr = 7.578e-02) (elapsed time: 3172.183) (secs/iter:  0.652) (n_accepted: 83%) (u_error:  0.600990 %) (beta_change:  5.495346 %) (delta_change:  0.627365 %) (delta_peak/R:  5.204896 %)
-> Saved file: /media/rafael/DATA/Dropbox/20220924_FIML_solver/data/output/field_inversion/Beta_k/u_imp_100/FI_run_T31_CP395_u_imp_100_k_imp_1_e_imp_0/FI_run_T31_CP395_u_imp_100_k_imp_1_e_imp_0_state_iter_4500.dat
iter:   4600 (Jcost: 1.037808e-01) (lr = 6.505e-02) (elapsed time: 3243.642) (secs/iter:  0.715) (n_accepted: 79%) (u_error:  0.600964 %) (beta_change:  5.511222 %) (delta_change:  0.627539 %) (delta_peak/R:  5.204689 %)
iter:   4700 (Jcost: 1.037800e-01) (lr = 2.327e-02) (elapsed time: 3309.164) (secs/iter:  0.655) (n_accepted: 78%) (u_error:  0.600949 %) (beta_change:  5.528715 %) (delta_change:  0.627729 %) (delta_peak/R:  5.204541 %)
iter:   4800 (Jcost: 1.037792e-01) (lr = 8.321e-03) (elapsed time: 3369.889) (secs/iter:  0.607) (n_accepted: 78%) (u_error:  0.600951 %) (beta_change:  5.547848 %) (delta_change:  0.627937 %) (delta_peak/R:  5.204485 %)
iter:   4900 (Jcost: 1.037785e-01) (lr = 2.976e-03) (elapsed time: 3430.332) (secs/iter:  0.604) (n_accepted: 78%) (u_error:  0.600948 %) (beta_change:  5.563825 %) (delta_change:  0.628099 %) (delta_peak/R:  5.204415 %)
iter:   5000 (Jcost: 1.037776e-01) (lr = 6.132e-03) (elapsed time: 3491.007) (secs/iter:  0.607) (n_accepted: 80%) (u_error:  0.600918 %) (beta_change:  5.582915 %) (delta_change:  0.628262 %) (delta_peak/R:  5.204179 %)
-> Saved file: /media/rafael/DATA/Dropbox/20220924_FIML_solver/data/output/field_inversion/Beta_k/u_imp_100/FI_run_T31_CP395_u_imp_100_k_imp_1_e_imp_0/FI_run_T31_CP395_u_imp_100_k_imp_1_e_imp_0_state_iter_5000.dat
iter:   5100 (Jcost: 1.037771e-01) (lr = 2.193e-03) (elapsed time: 3560.037) (secs/iter:  0.690) (n_accepted: 78%) (u_error:  0.600938 %) (beta_change:  5.592296 %) (delta_change:  0.628362 %) (delta_peak/R:  5.204264 %)
iter:   5200 (Jcost: 1.037764e-01) (lr = 6.246e-02) (elapsed time: 3620.823) (secs/iter:  0.608) (n_accepted: 83%) (u_error:  0.600915 %) (beta_change:  5.606036 %) (delta_change:  0.628468 %) (delta_peak/R:  5.204089 %)
iter:   5300 (Jcost: 1.037758e-01) (lr = 9.308e-03) (elapsed time: 3682.503) (secs/iter:  0.617) (n_accepted: 77%) (u_error:  0.600935 %) (beta_change:  5.616371 %) (delta_change:  0.628571 %) (delta_peak/R:  5.204172 %)
iter:   5400 (Jcost: 1.037752e-01) (lr = 3.329e-03) (elapsed time: 3747.016) (secs/iter:  0.645) (n_accepted: 78%) (u_error:  0.600938 %) (beta_change:  5.627088 %) (delta_change:  0.628664 %) (delta_peak/R:  5.204160 %)
iter:   5500 (Jcost: 1.037745e-01) (lr = 2.858e-03) (elapsed time: 3805.705) (secs/iter:  0.587) (n_accepted: 79%) (u_error:  0.600919 %) (beta_change:  5.638888 %) (delta_change:  0.628747 %) (delta_peak/R:  5.204013 %)
-> Saved file: /media/rafael/DATA/Dropbox/20220924_FIML_solver/data/output/field_inversion/Beta_k/u_imp_100/FI_run_T31_CP395_u_imp_100_k_imp_1_e_imp_0/FI_run_T31_CP395_u_imp_100_k_imp_1_e_imp_0_state_iter_5500.dat
iter:   5600 (Jcost: 1.037739e-01) (lr = 1.953e-01) (elapsed time: 3870.766) (secs/iter:  0.651) (n_accepted: 84%) (u_error:  0.600931 %) (beta_change:  5.649735 %) (delta_change:  0.628843 %) (delta_peak/R:  5.204055 %)
iter:   5700 (Jcost: 1.037734e-01) (lr = 2.911e-02) (elapsed time: 3933.204) (secs/iter:  0.624) (n_accepted: 77%) (u_error:  0.600929 %) (beta_change:  5.657347 %) (delta_change:  0.628902 %) (delta_peak/R:  5.204022 %)
iter:   5800 (Jcost: 1.037728e-01) (lr = 1.041e-02) (elapsed time: 3981.283) (secs/iter:  0.481) (n_accepted: 78%) (u_error:  0.600922 %) (beta_change:  5.665062 %) (delta_change:  0.628959 %) (delta_peak/R:  5.203961 %)
iter:   5900 (Jcost: 1.037723e-01) (lr = 8.937e-03) (elapsed time: 4032.653) (secs/iter:  0.514) (n_accepted: 79%) (u_error:  0.600923 %) (beta_change:  5.672861 %) (delta_change:  0.629022 %) (delta_peak/R:  5.203947 %)
iter:   6000 (Jcost: 1.037716e-01) (lr = 3.196e-03) (elapsed time: 4094.297) (secs/iter:  0.616) (n_accepted: 78%) (u_error:  0.600923 %) (beta_change:  5.682014 %) (delta_change:  0.629096 %) (delta_peak/R:  5.203930 %)
-> Saved file: /media/rafael/DATA/Dropbox/20220924_FIML_solver/data/output/field_inversion/Beta_k/u_imp_100/FI_run_T31_CP395_u_imp_100_k_imp_1_e_imp_0/FI_run_T31_CP395_u_imp_100_k_imp_1_e_imp_0_state_iter_6000.dat
iter:   6100 (Jcost: 1.037711e-01) (lr = 2.744e-03) (elapsed time: 4162.302) (secs/iter:  0.680) (n_accepted: 79%) (u_error:  0.600945 %) (beta_change:  5.688573 %) (delta_change:  0.629165 %) (delta_peak/R:  5.204038 %)
iter:   6200 (Jcost: 1.037707e-01) (lr = 7.814e-02) (elapsed time: 4221.775) (secs/iter:  0.595) (n_accepted: 83%) (u_error:  0.600916 %) (beta_change:  5.693682 %) (delta_change:  0.629188 %) (delta_peak/R:  5.203858 %)
iter:   6300 (Jcost: 1.037700e-01) (lr = 1.165e-02) (elapsed time: 4283.561) (secs/iter:  0.618) (n_accepted: 77%) (u_error:  0.600912 %) (beta_change:  5.702404 %) (delta_change:  0.629253 %) (delta_peak/R:  5.203820 %)
iter:   6400 (Jcost: 1.037695e-01) (lr = 9.996e-03) (elapsed time: 4345.841) (secs/iter:  0.623) (n_accepted: 79%) (u_error:  0.600908 %) (beta_change:  5.712788 %) (delta_change:  0.629300 %) (delta_peak/R:  5.203785 %)
iter:   6500 (Jcost: 1.037689e-01) (lr = 3.575e-03) (elapsed time: 4404.348) (secs/iter:  0.585) (n_accepted: 78%) (u_error:  0.600905 %) (beta_change:  5.723301 %) (delta_change:  0.629349 %) (delta_peak/R:  5.203759 %)
-> Saved file: /media/rafael/DATA/Dropbox/20220924_FIML_solver/data/output/field_inversion/Beta_k/u_imp_100/FI_run_T31_CP395_u_imp_100_k_imp_1_e_imp_0/FI_run_T31_CP395_u_imp_100_k_imp_1_e_imp_0_state_iter_6500.dat
iter:   6600 (Jcost: 1.037685e-01) (lr = 4.243e-02) (elapsed time: 4470.868) (secs/iter:  0.665) (n_accepted: 82%) (u_error:  0.600904 %) (beta_change:  5.731621 %) (delta_change:  0.629389 %) (delta_peak/R:  5.203747 %)
iter:   6700 (Jcost: 1.037680e-01) (lr = 1.517e-02) (elapsed time: 4527.572) (secs/iter:  0.567) (n_accepted: 78%) (u_error:  0.600909 %) (beta_change:  5.740548 %) (delta_change:  0.629438 %) (delta_peak/R:  5.203771 %)
iter:   6800 (Jcost: 1.037675e-01) (lr = 5.427e-03) (elapsed time: 4590.271) (secs/iter:  0.627) (n_accepted: 78%) (u_error:  0.600881 %) (beta_change:  5.748304 %) (delta_change:  0.629459 %) (delta_peak/R:  5.203600 %)
iter:   6900 (Jcost: 1.037672e-01) (lr = 1.118e-02) (elapsed time: 4642.709) (secs/iter:  0.524) (n_accepted: 80%) (u_error:  0.600899 %) (beta_change:  5.754663 %) (delta_change:  0.629505 %) (delta_peak/R:  5.203699 %)
iter:   7000 (Jcost: 1.037667e-01) (lr = 3.999e-03) (elapsed time: 4703.766) (secs/iter:  0.611) (n_accepted: 78%) (u_error:  0.600900 %) (beta_change:  5.762634 %) (delta_change:  0.629550 %) (delta_peak/R:  5.203701 %)
-> Saved file: /media/rafael/DATA/Dropbox/20220924_FIML_solver/data/output/field_inversion/Beta_k/u_imp_100/FI_run_T31_CP395_u_imp_100_k_imp_1_e_imp_0/FI_run_T31_CP395_u_imp_100_k_imp_1_e_imp_0_state_iter_7000.dat
iter:   7100 (Jcost: 1.037662e-01) (lr = 4.746e-02) (elapsed time: 4765.994) (secs/iter:  0.622) (n_accepted: 82%) (u_error:  0.600871 %) (beta_change:  5.770745 %) (delta_change:  0.629576 %) (delta_peak/R:  5.203532 %)
iter:   7200 (Jcost: 1.037658e-01) (lr = 1.697e-02) (elapsed time: 4824.723) (secs/iter:  0.587) (n_accepted: 78%) (u_error:  0.600899 %) (beta_change:  5.776100 %) (delta_change:  0.629626 %) (delta_peak/R:  5.203688 %)
iter:   7300 (Jcost: 1.037654e-01) (lr = 2.530e-03) (elapsed time: 4889.127) (secs/iter:  0.644) (n_accepted: 77%) (u_error:  0.600894 %) (beta_change:  5.782668 %) (delta_change:  0.629663 %) (delta_peak/R:  5.203661 %)
iter:   7400 (Jcost: 1.037649e-01) (lr = 2.171e-03) (elapsed time: 4952.938) (secs/iter:  0.638) (n_accepted: 79%) (u_error:  0.600895 %) (beta_change:  5.788454 %) (delta_change:  0.629699 %) (delta_peak/R:  5.203664 %)
iter:   7500 (Jcost: 1.037644e-01) (lr = 1.484e-01) (elapsed time: 5012.931) (secs/iter:  0.600) (n_accepted: 84%) (u_error:  0.600880 %) (beta_change:  5.795760 %) (delta_change:  0.629736 %) (delta_peak/R:  5.203578 %)
-> Saved file: /media/rafael/DATA/Dropbox/20220924_FIML_solver/data/output/field_inversion/Beta_k/u_imp_100/FI_run_T31_CP395_u_imp_100_k_imp_1_e_imp_0/FI_run_T31_CP395_u_imp_100_k_imp_1_e_imp_0_state_iter_7500.dat
iter:   7600 (Jcost: 1.037640e-01) (lr = 1.274e-01) (elapsed time: 5080.297) (secs/iter:  0.674) (n_accepted: 79%) (u_error:  0.600905 %) (beta_change:  5.800967 %) (delta_change:  0.629788 %) (delta_peak/R:  5.203719 %)
iter:   7700 (Jcost: 1.037636e-01) (lr = 4.557e-02) (elapsed time: 5139.068) (secs/iter:  0.588) (n_accepted: 78%) (u_error:  0.600887 %) (beta_change:  5.805777 %) (delta_change:  0.629809 %) (delta_peak/R:  5.203617 %)
iter:   7800 (Jcost: 1.037633e-01) (lr = 6.791e-03) (elapsed time: 5202.848) (secs/iter:  0.638) (n_accepted: 77%) (u_error:  0.600890 %) (beta_change:  5.810500 %) (delta_change:  0.629845 %) (delta_peak/R:  5.203636 %)
iter:   7900 (Jcost: 1.037629e-01) (lr = 5.829e-03) (elapsed time: 5265.992) (secs/iter:  0.631) (n_accepted: 79%) (u_error:  0.600890 %) (beta_change:  5.815060 %) (delta_change:  0.629879 %) (delta_peak/R:  5.203633 %)
iter:   8000 (Jcost: 1.037625e-01) (lr = 2.085e-03) (elapsed time: 5330.012) (secs/iter:  0.640) (n_accepted: 78%) (u_error:  0.600886 %) (beta_change:  5.819136 %) (delta_change:  0.629908 %) (delta_peak/R:  5.203615 %)
-> Saved file: /media/rafael/DATA/Dropbox/20220924_FIML_solver/data/output/field_inversion/Beta_k/u_imp_100/FI_run_T31_CP395_u_imp_100_k_imp_1_e_imp_0/FI_run_T31_CP395_u_imp_100_k_imp_1_e_imp_0_state_iter_8000.dat
iter:   8100 (Jcost: 1.037621e-01) (lr = 1.425e-01) (elapsed time: 5389.719) (secs/iter:  0.597) (n_accepted: 84%) (u_error:  0.600860 %) (beta_change:  5.824327 %) (delta_change:  0.629931 %) (delta_peak/R:  5.203468 %)
iter:   8200 (Jcost: 1.037617e-01) (lr = 5.097e-02) (elapsed time: 5449.160) (secs/iter:  0.594) (n_accepted: 78%) (u_error:  0.600884 %) (beta_change:  5.827878 %) (delta_change:  0.629976 %) (delta_peak/R:  5.203609 %)
iter:   8300 (Jcost: 1.037614e-01) (lr = 7.596e-03) (elapsed time: 5511.596) (secs/iter:  0.624) (n_accepted: 77%) (u_error:  0.600882 %) (beta_change:  5.831681 %) (delta_change:  0.630007 %) (delta_peak/R:  5.203596 %)
iter:   8400 (Jcost: 1.037610e-01) (lr = 1.565e-02) (elapsed time: 5572.534) (secs/iter:  0.609) (n_accepted: 80%) (u_error:  0.600892 %) (beta_change:  5.834938 %) (delta_change:  0.630042 %) (delta_peak/R:  5.203661 %)
iter:   8500 (Jcost: 1.037607e-01) (lr = 7.737e-02) (elapsed time: 5627.872) (secs/iter:  0.553) (n_accepted: 81%) (u_error:  0.600883 %) (beta_change:  5.838451 %) (delta_change:  0.630067 %) (delta_peak/R:  5.203611 %)
-> Saved file: /media/rafael/DATA/Dropbox/20220924_FIML_solver/data/output/field_inversion/Beta_k/u_imp_100/FI_run_T31_CP395_u_imp_100_k_imp_1_e_imp_0/FI_run_T31_CP395_u_imp_100_k_imp_1_e_imp_0_state_iter_8500.dat
iter:   8600 (Jcost: 1.037603e-01) (lr = 2.767e-02) (elapsed time: 5690.883) (secs/iter:  0.630) (n_accepted: 78%) (u_error:  0.600874 %) (beta_change:  5.841578 %) (delta_change:  0.630090 %) (delta_peak/R:  5.203562 %)
iter:   8700 (Jcost: 1.037600e-01) (lr = 9.897e-03) (elapsed time: 5753.542) (secs/iter:  0.627) (n_accepted: 78%) (u_error:  0.600879 %) (beta_change:  5.844518 %) (delta_change:  0.630121 %) (delta_peak/R:  5.203594 %)
iter:   8800 (Jcost: 1.037596e-01) (lr = 3.540e-03) (elapsed time: 5811.837) (secs/iter:  0.583) (n_accepted: 78%) (u_error:  0.600878 %) (beta_change:  5.847922 %) (delta_change:  0.630154 %) (delta_peak/R:  5.203596 %)
iter:   8900 (Jcost: 1.037593e-01) (lr = 4.201e-02) (elapsed time: 5873.728) (secs/iter:  0.619) (n_accepted: 82%) (u_error:  0.600851 %) (beta_change:  5.851011 %) (delta_change:  0.630166 %) (delta_peak/R:  5.203442 %)
iter:   9000 (Jcost: 1.037590e-01) (lr = 8.654e-02) (elapsed time: 5922.409) (secs/iter:  0.487) (n_accepted: 80%) (u_error:  0.600872 %) (beta_change:  5.853684 %) (delta_change:  0.630208 %) (delta_peak/R:  5.203566 %)
-> Saved file: /media/rafael/DATA/Dropbox/20220924_FIML_solver/data/output/field_inversion/Beta_k/u_imp_100/FI_run_T31_CP395_u_imp_100_k_imp_1_e_imp_0/FI_run_T31_CP395_u_imp_100_k_imp_1_e_imp_0_state_iter_9000.dat
iter:   9100 (Jcost: 1.037586e-01) (lr = 7.429e-02) (elapsed time: 5988.118) (secs/iter:  0.657) (n_accepted: 79%) (u_error:  0.600866 %) (beta_change:  5.856440 %) (delta_change:  0.630233 %) (delta_peak/R:  5.203539 %)
iter:   9200 (Jcost: 1.037583e-01) (lr = 2.657e-02) (elapsed time: 6043.557) (secs/iter:  0.554) (n_accepted: 78%) (u_error:  0.600866 %) (beta_change:  5.859093 %) (delta_change:  0.630262 %) (delta_peak/R:  5.203541 %)
iter:   9300 (Jcost: 1.037579e-01) (lr = 9.503e-03) (elapsed time: 6105.388) (secs/iter:  0.618) (n_accepted: 78%) (u_error:  0.600865 %) (beta_change:  5.861737 %) (delta_change:  0.630291 %) (delta_peak/R:  5.203543 %)
iter:   9400 (Jcost: 1.037576e-01) (lr = 1.416e-03) (elapsed time: 6153.347) (secs/iter:  0.480) (n_accepted: 77%) (u_error:  0.600870 %) (beta_change:  5.864043 %) (delta_change:  0.630321 %) (delta_peak/R:  5.203576 %)
iter:   9500 (Jcost: 1.037574e-01) (lr = 1.216e-03) (elapsed time: 6207.623) (secs/iter:  0.543) (n_accepted: 79%) (u_error:  0.600863 %) (beta_change:  5.865541 %) (delta_change:  0.630334 %) (delta_peak/R:  5.203539 %)
-> Saved file: /media/rafael/DATA/Dropbox/20220924_FIML_solver/data/output/field_inversion/Beta_k/u_imp_100/FI_run_T31_CP395_u_imp_100_k_imp_1_e_imp_0/FI_run_T31_CP395_u_imp_100_k_imp_1_e_imp_0_state_iter_9500.dat
iter:   9600 (Jcost: 1.037571e-01) (lr = 1.994e-01) (elapsed time: 6260.275) (secs/iter:  0.527) (n_accepted: 85%) (u_error:  0.600864 %) (beta_change:  5.867814 %) (delta_change:  0.630362 %) (delta_peak/R:  5.203549 %)
iter:   9700 (Jcost: 1.037569e-01) (lr = 2.150e-03) (elapsed time: 6313.621) (secs/iter:  0.533) (n_accepted: 74%) (u_error:  0.600864 %) (beta_change:  5.874817 %) (delta_change:  0.630383 %) (delta_peak/R:  5.203555 %)
iter:   9800 (Jcost: 1.037565e-01) (lr = 4.429e-03) (elapsed time: 6353.976) (secs/iter:  0.404) (n_accepted: 80%) (u_error:  0.600854 %) (beta_change:  5.889463 %) (delta_change:  0.630405 %) (delta_peak/R:  5.203506 %)
iter:   9900 (Jcost: 1.037563e-01) (lr = 9.124e-03) (elapsed time: 6407.472) (secs/iter:  0.535) (n_accepted: 80%) (u_error:  0.600858 %) (beta_change:  5.899786 %) (delta_change:  0.630427 %) (delta_peak/R:  5.203532 %)
iter:  10000 (Jcost: 1.037560e-01) (lr = 3.264e-03) (elapsed time: 6470.590) (secs/iter:  0.631) (n_accepted: 78%) (u_error:  0.600861 %) (beta_change:  5.911882 %) (delta_change:  0.630452 %) (delta_peak/R:  5.203556 %)
-> Saved file: /media/rafael/DATA/Dropbox/20220924_FIML_solver/data/output/field_inversion/Beta_k/u_imp_100/FI_run_T31_CP395_u_imp_100_k_imp_1_e_imp_0/FI_run_T31_CP395_u_imp_100_k_imp_1_e_imp_0_state_iter_10000.dat
iter:  10100 (Jcost: 1.037557e-01) (lr = 2.801e-03) (elapsed time: 6537.042) (secs/iter:  0.665) (n_accepted: 79%) (u_error:  0.600859 %) (beta_change:  5.924587 %) (delta_change:  0.630476 %) (delta_peak/R:  5.203552 %)
iter:  10200 (Jcost: 1.037554e-01) (lr = 2.405e-03) (elapsed time: 6598.370) (secs/iter:  0.613) (n_accepted: 79%) (u_error:  0.600850 %) (beta_change:  5.936338 %) (delta_change:  0.630492 %) (delta_peak/R:  5.203505 %)
iter:  10300 (Jcost: 1.037551e-01) (lr = 1.644e-01) (elapsed time: 6652.701) (secs/iter:  0.543) (n_accepted: 84%) (u_error:  0.600855 %) (beta_change:  5.951465 %) (delta_change:  0.630524 %) (delta_peak/R:  5.203537 %)
iter:  10400 (Jcost: 1.037548e-01) (lr = 2.449e-02) (elapsed time: 6714.261) (secs/iter:  0.616) (n_accepted: 77%) (u_error:  0.600857 %) (beta_change:  5.962004 %) (delta_change:  0.630545 %) (delta_peak/R:  5.203556 %)
iter:  10500 (Jcost: 1.037546e-01) (lr = 1.521e-03) (elapsed time: 6776.148) (secs/iter:  0.619) (n_accepted: 76%) (u_error:  0.600852 %) (beta_change:  5.973272 %) (delta_change:  0.630563 %) (delta_peak/R:  5.203534 %)
-> Saved file: /media/rafael/DATA/Dropbox/20220924_FIML_solver/data/output/field_inversion/Beta_k/u_imp_100/FI_run_T31_CP395_u_imp_100_k_imp_1_e_imp_0/FI_run_T31_CP395_u_imp_100_k_imp_1_e_imp_0_state_iter_10500.dat
iter:  10600 (Jcost: 1.037543e-01) (lr = 1.040e-01) (elapsed time: 6835.663) (secs/iter:  0.595) (n_accepted: 84%) (u_error:  0.600853 %) (beta_change:  5.985393 %) (delta_change:  0.630587 %) (delta_peak/R:  5.203548 %)
iter:  10700 (Jcost: 1.037540e-01) (lr = 3.718e-02) (elapsed time: 6896.147) (secs/iter:  0.605) (n_accepted: 78%) (u_error:  0.600848 %) (beta_change:  5.995784 %) (delta_change:  0.630603 %) (delta_peak/R:  5.203524 %)
iter:  10800 (Jcost: 1.037538e-01) (lr = 3.192e-02) (elapsed time: 6954.176) (secs/iter:  0.580) (n_accepted: 79%) (u_error:  0.600850 %) (beta_change:  6.007380 %) (delta_change:  0.630626 %) (delta_peak/R:  5.203540 %)
iter:  10900 (Jcost: 1.037534e-01) (lr = 1.142e-02) (elapsed time: 7015.629) (secs/iter:  0.615) (n_accepted: 78%) (u_error:  0.600852 %) (beta_change:  6.021669 %) (delta_change:  0.630654 %) (delta_peak/R:  5.203563 %)
iter:  11000 (Jcost: 1.037532e-01) (lr = 4.083e-03) (elapsed time: 7077.535) (secs/iter:  0.619) (n_accepted: 78%) (u_error:  0.600846 %) (beta_change:  6.032264 %) (delta_change:  0.630669 %) (delta_peak/R:  5.203535 %)
-> Saved file: /media/rafael/DATA/Dropbox/20220924_FIML_solver/data/output/field_inversion/Beta_k/u_imp_100/FI_run_T31_CP395_u_imp_100_k_imp_1_e_imp_0/FI_run_T31_CP395_u_imp_100_k_imp_1_e_imp_0_state_iter_11000.dat
iter:  11100 (Jcost: 1.037529e-01) (lr = 3.505e-03) (elapsed time: 7141.324) (secs/iter:  0.638) (n_accepted: 79%) (u_error:  0.600850 %) (beta_change:  6.044396 %) (delta_change:  0.630694 %) (delta_peak/R:  5.203562 %)
iter:  11200 (Jcost: 1.037526e-01) (lr = 9.982e-02) (elapsed time: 7201.592) (secs/iter:  0.603) (n_accepted: 83%) (u_error:  0.600836 %) (beta_change:  6.054250 %) (delta_change:  0.630703 %) (delta_peak/R:  5.203491 %)
iter:  11300 (Jcost: 1.037524e-01) (lr = 8.568e-02) (elapsed time: 7261.669) (secs/iter:  0.601) (n_accepted: 79%) (u_error:  0.600848 %) (beta_change:  6.064488 %) (delta_change:  0.630730 %) (delta_peak/R:  5.203568 %)
iter:  11400 (Jcost: 1.037522e-01) (lr = 1.277e-02) (elapsed time: 7321.867) (secs/iter:  0.602) (n_accepted: 77%) (u_error:  0.600840 %) (beta_change:  6.073744 %) (delta_change:  0.630741 %) (delta_peak/R:  5.203525 %)
iter:  11500 (Jcost: 1.037519e-01) (lr = 1.096e-02) (elapsed time: 7382.455) (secs/iter:  0.606) (n_accepted: 79%) (u_error:  0.600840 %) (beta_change:  6.084656 %) (delta_change:  0.630761 %) (delta_peak/R:  5.203536 %)
-> Saved file: /media/rafael/DATA/Dropbox/20220924_FIML_solver/data/output/field_inversion/Beta_k/u_imp_100/FI_run_T31_CP395_u_imp_100_k_imp_1_e_imp_0/FI_run_T31_CP395_u_imp_100_k_imp_1_e_imp_0_state_iter_11500.dat
iter:  11600 (Jcost: 1.037516e-01) (lr = 9.409e-03) (elapsed time: 7447.183) (secs/iter:  0.647) (n_accepted: 79%) (u_error:  0.600839 %) (beta_change:  6.095758 %) (delta_change:  0.630781 %) (delta_peak/R:  5.203537 %)
iter:  11700 (Jcost: 1.037514e-01) (lr = 1.402e-03) (elapsed time: 7509.686) (secs/iter:  0.625) (n_accepted: 77%) (u_error:  0.600838 %) (beta_change:  6.106854 %) (delta_change:  0.630800 %) (delta_peak/R:  5.203539 %)
iter:  11800 (Jcost: 1.037511e-01) (lr = 9.584e-02) (elapsed time: 7567.607) (secs/iter:  0.579) (n_accepted: 84%) (u_error:  0.600841 %) (beta_change:  6.117612 %) (delta_change:  0.630821 %) (delta_peak/R:  5.203564 %)
iter:  11900 (Jcost: 1.037509e-01) (lr = 3.428e-02) (elapsed time: 7610.050) (secs/iter:  0.424) (n_accepted: 78%) (u_error:  0.600835 %) (beta_change:  6.126901 %) (delta_change:  0.630833 %) (delta_peak/R:  5.203534 %)
iter:  12000 (Jcost: 1.037507e-01) (lr = 2.129e-03) (elapsed time: 7668.231) (secs/iter:  0.582) (n_accepted: 76%) (u_error:  0.600834 %) (beta_change:  6.136385 %) (delta_change:  0.630850 %) (delta_peak/R:  5.203538 %)
-> Saved file: /media/rafael/DATA/Dropbox/20220924_FIML_solver/data/output/field_inversion/Beta_k/u_imp_100/FI_run_T31_CP395_u_imp_100_k_imp_1_e_imp_0/FI_run_T31_CP395_u_imp_100_k_imp_1_e_imp_0_state_iter_12000.dat
iter:  12100 (Jcost: 1.037505e-01) (lr = 1.827e-03) (elapsed time: 7735.291) (secs/iter:  0.671) (n_accepted: 79%) (u_error:  0.600833 %) (beta_change:  6.142947 %) (delta_change:  0.630860 %) (delta_peak/R:  5.203537 %)
iter:  12200 (Jcost: 1.037503e-01) (lr = 3.764e-03) (elapsed time: 7795.949) (secs/iter:  0.607) (n_accepted: 80%) (u_error:  0.600823 %) (beta_change:  6.152181 %) (delta_change:  0.630869 %) (delta_peak/R:  5.203483 %)
iter:  12300 (Jcost: 1.037501e-01) (lr = 1.072e-01) (elapsed time: 7852.775) (secs/iter:  0.568) (n_accepted: 83%) (u_error:  0.600833 %) (beta_change:  6.161045 %) (delta_change:  0.630892 %) (delta_peak/R:  5.203548 %)
iter:  12400 (Jcost: 1.037498e-01) (lr = 9.202e-02) (elapsed time: 7914.279) (secs/iter:  0.615) (n_accepted: 79%) (u_error:  0.600832 %) (beta_change:  6.170109 %) (delta_change:  0.630907 %) (delta_peak/R:  5.203548 %)
iter:  12500 (Jcost: 1.037496e-01) (lr = 1.371e-02) (elapsed time: 7970.586) (secs/iter:  0.563) (n_accepted: 77%) (u_error:  0.600832 %) (beta_change:  6.178999 %) (delta_change:  0.630922 %) (delta_peak/R:  5.203555 %)
-> Saved file: /media/rafael/DATA/Dropbox/20220924_FIML_solver/data/output/field_inversion/Beta_k/u_imp_100/FI_run_T31_CP395_u_imp_100_k_imp_1_e_imp_0/FI_run_T31_CP395_u_imp_100_k_imp_1_e_imp_0_state_iter_12500.dat
iter:  12600 (Jcost: 1.037494e-01) (lr = 1.177e-02) (elapsed time: 8035.206) (secs/iter:  0.646) (n_accepted: 79%) (u_error:  0.600830 %) (beta_change:  6.188711 %) (delta_change:  0.630938 %) (delta_peak/R:  5.203555 %)
iter:  12700 (Jcost: 1.037491e-01) (lr = 1.011e-02) (elapsed time: 8095.834) (secs/iter:  0.606) (n_accepted: 79%) (u_error:  0.600829 %) (beta_change:  6.198026 %) (delta_change:  0.630953 %) (delta_peak/R:  5.203553 %)
iter:  12800 (Jcost: 1.037489e-01) (lr = 3.614e-03) (elapsed time: 8156.085) (secs/iter:  0.603) (n_accepted: 78%) (u_error:  0.600826 %) (beta_change:  6.206585 %) (delta_change:  0.630966 %) (delta_peak/R:  5.203548 %)
iter:  12900 (Jcost: 1.037486e-01) (lr = 7.446e-03) (elapsed time: 8207.601) (secs/iter:  0.515) (n_accepted: 80%) (u_error:  0.600835 %) (beta_change:  6.219569 %) (delta_change:  0.630993 %) (delta_peak/R:  5.203607 %)
iter:  13000 (Jcost: 1.037484e-01) (lr = 3.682e-02) (elapsed time: 8262.023) (secs/iter:  0.544) (n_accepted: 81%) (u_error:  0.600826 %) (beta_change:  6.227212 %) (delta_change:  0.631000 %) (delta_peak/R:  5.203566 %)
-> Saved file: /media/rafael/DATA/Dropbox/20220924_FIML_solver/data/output/field_inversion/Beta_k/u_imp_100/FI_run_T31_CP395_u_imp_100_k_imp_1_e_imp_0/FI_run_T31_CP395_u_imp_100_k_imp_1_e_imp_0_state_iter_13000.dat
iter:  13100 (Jcost: 1.037482e-01) (lr = 2.286e-03) (elapsed time: 8326.637) (secs/iter:  0.646) (n_accepted: 76%) (u_error:  0.600823 %) (beta_change:  6.237288 %) (delta_change:  0.631015 %) (delta_peak/R:  5.203553 %)
iter:  13200 (Jcost: 1.037479e-01) (lr = 4.710e-03) (elapsed time: 8387.991) (secs/iter:  0.614) (n_accepted: 80%) (u_error:  0.600839 %) (beta_change:  6.246798 %) (delta_change:  0.631041 %) (delta_peak/R:  5.203653 %)
iter:  13300 (Jcost: 1.037477e-01) (lr = 1.341e-01) (elapsed time: 8449.429) (secs/iter:  0.614) (n_accepted: 83%) (u_error:  0.600816 %) (beta_change:  6.254817 %) (delta_change:  0.631039 %) (delta_peak/R:  5.203528 %)
iter:  13400 (Jcost: 1.037475e-01) (lr = 3.470e-03) (elapsed time: 8511.514) (secs/iter:  0.621) (n_accepted: 75%) (u_error:  0.600823 %) (beta_change:  6.262993 %) (delta_change:  0.631058 %) (delta_peak/R:  5.203580 %)
iter:  13500 (Jcost: 1.037473e-01) (lr = 4.118e-02) (elapsed time: 8570.708) (secs/iter:  0.592) (n_accepted: 82%) (u_error:  0.600817 %) (beta_change:  6.270157 %) (delta_change:  0.631065 %) (delta_peak/R:  5.203548 %)
-> Saved file: /media/rafael/DATA/Dropbox/20220924_FIML_solver/data/output/field_inversion/Beta_k/u_imp_100/FI_run_T31_CP395_u_imp_100_k_imp_1_e_imp_0/FI_run_T31_CP395_u_imp_100_k_imp_1_e_imp_0_state_iter_13500.dat
iter:  13600 (Jcost: 1.037471e-01) (lr = 3.535e-02) (elapsed time: 8636.954) (secs/iter:  0.662) (n_accepted: 79%) (u_error:  0.600815 %) (beta_change:  6.278739 %) (delta_change:  0.631078 %) (delta_peak/R:  5.203547 %)
iter:  13700 (Jcost: 1.037469e-01) (lr = 5.268e-03) (elapsed time: 8694.622) (secs/iter:  0.577) (n_accepted: 77%) (u_error:  0.600813 %) (beta_change:  6.286283 %) (delta_change:  0.631089 %) (delta_peak/R:  5.203543 %)
iter:  13800 (Jcost: 1.037467e-01) (lr = 4.522e-03) (elapsed time: 8737.517) (secs/iter:  0.429) (n_accepted: 79%) (u_error:  0.600806 %) (beta_change:  6.294031 %) (delta_change:  0.631096 %) (delta_peak/R:  5.203506 %)
iter:  13900 (Jcost: 1.037466e-01) (lr = 3.882e-03) (elapsed time: 8793.725) (secs/iter:  0.562) (n_accepted: 79%) (u_error:  0.600810 %) (beta_change:  6.302244 %) (delta_change:  0.631108 %) (delta_peak/R:  5.203536 %)
iter:  14000 (Jcost: 1.037464e-01) (lr = 3.332e-03) (elapsed time: 8836.963) (secs/iter:  0.432) (n_accepted: 79%) (u_error:  0.600815 %) (beta_change:  6.329195 %) (delta_change:  0.631124 %) (delta_peak/R:  5.203575 %)
-> Saved file: /media/rafael/DATA/Dropbox/20220924_FIML_solver/data/output/field_inversion/Beta_k/u_imp_100/FI_run_T31_CP395_u_imp_100_k_imp_1_e_imp_0/FI_run_T31_CP395_u_imp_100_k_imp_1_e_imp_0_state_iter_14000.dat
iter:  14100 (Jcost: 1.037461e-01) (lr = 2.860e-03) (elapsed time: 8888.653) (secs/iter:  0.517) (n_accepted: 79%) (u_error:  0.600805 %) (beta_change:  6.359493 %) (delta_change:  0.631131 %) (delta_peak/R:  5.203524 %)
iter:  14200 (Jcost: 1.037459e-01) (lr = 8.146e-02) (elapsed time: 8947.403) (secs/iter:  0.588) (n_accepted: 83%) (u_error:  0.600815 %) (beta_change:  6.385061 %) (delta_change:  0.631150 %) (delta_peak/R:  5.203592 %)
iter:  14300 (Jcost: 1.037457e-01) (lr = 6.992e-02) (elapsed time: 8985.570) (secs/iter:  0.382) (n_accepted: 79%) (u_error:  0.600810 %) (beta_change:  6.410892 %) (delta_change:  0.631159 %) (delta_peak/R:  5.203569 %)
iter:  14400 (Jcost: 1.037456e-01) (lr = 2.501e-02) (elapsed time: 9024.448) (secs/iter:  0.389) (n_accepted: 78%) (u_error:  0.600805 %) (beta_change:  6.434300 %) (delta_change:  0.631166 %) (delta_peak/R:  5.203547 %)
iter:  14500 (Jcost: 1.037453e-01) (lr = 8.945e-03) (elapsed time: 9064.369) (secs/iter:  0.399) (n_accepted: 78%) (u_error:  0.600824 %) (beta_change:  6.465622 %) (delta_change:  0.631193 %) (delta_peak/R:  5.203665 %)
-> Saved file: /media/rafael/DATA/Dropbox/20220924_FIML_solver/data/output/field_inversion/Beta_k/u_imp_100/FI_run_T31_CP395_u_imp_100_k_imp_1_e_imp_0/FI_run_T31_CP395_u_imp_100_k_imp_1_e_imp_0_state_iter_14500.dat
iter:  14600 (Jcost: 1.037451e-01) (lr = 1.061e-01) (elapsed time: 9120.496) (secs/iter:  0.561) (n_accepted: 82%) (u_error:  0.600805 %) (beta_change:  6.492986 %) (delta_change:  0.631192 %) (delta_peak/R:  5.203564 %)
iter:  14700 (Jcost: 1.037449e-01) (lr = 3.796e-02) (elapsed time: 9182.392) (secs/iter:  0.619) (n_accepted: 78%) (u_error:  0.600809 %) (beta_change:  6.520353 %) (delta_change:  0.631206 %) (delta_peak/R:  5.203597 %)
iter:  14800 (Jcost: 1.037447e-01) (lr = 1.358e-02) (elapsed time: 9236.633) (secs/iter:  0.542) (n_accepted: 78%) (u_error:  0.600799 %) (beta_change:  6.546227 %) (delta_change:  0.631211 %) (delta_peak/R:  5.203548 %)
iter:  14900 (Jcost: 1.037446e-01) (lr = 4.857e-03) (elapsed time: 9296.555) (secs/iter:  0.599) (n_accepted: 78%) (u_error:  0.600804 %) (beta_change:  6.570407 %) (delta_change:  0.631224 %) (delta_peak/R:  5.203581 %)
iter:  15000 (Jcost: 1.037444e-01) (lr = 4.169e-03) (elapsed time: 9355.530) (secs/iter:  0.590) (n_accepted: 79%) (u_error:  0.600798 %) (beta_change:  6.597329 %) (delta_change:  0.631231 %) (delta_peak/R:  5.203555 %)
-> Saved file: /media/rafael/DATA/Dropbox/20220924_FIML_solver/data/output/field_inversion/Beta_k/u_imp_100/FI_run_T31_CP395_u_imp_100_k_imp_1_e_imp_0/FI_run_T31_CP395_u_imp_100_k_imp_1_e_imp_0_state_iter_15000.dat
iter:  15000 (Jcost: 1.037444e-01) (lr = 5.003e-03) (elapsed time: 9361.020) (secs/iter:   None) (n_accepted: 0%) (u_error:  0.600798 %) (beta_change:  6.597377 %) (delta_change:  0.631231 %) (delta_peak/R:  5.203554 %)
