# ------------------------------------------------------------------------
#                  Input Arguments
# ------------------------------------------------------------------------
# Begin_Input_Arguments
{ 'all_b_mode': ['Beta_k'],
  'args_mk_solver': { 'torch': "<module 'torch' from "
                               "'/home/rafael/anaconda3/lib/python3.9/site-packages/torch/__init__.py'>",
                      'y_grid': [0.0, 0.000309700312, 0.000638645973, 0.00098802599, 0.00135910194, 0.00175321227, 0.00217177688, 0.00261630193, 0.00308838486, 0.00358971984, 0.00412210331, 0.00468744001, 0.00528774917, 0.00592517114, 0.00660197432, 0.0073205624, 0.00808348206, 0.00889343092, 0.00975326602, 0.0106660126, 0.0116348733, 0.0126632377, 0.0137546927, 0.0149130326, 0.0161422702, 0.0174466482, 0.0188306506, 0.0202990157, 0.0218567475, 0.02350913, 0.0252617393, 0.0271204584, 0.0290914903, 0.0311813732, 0.033396994, 0.0357456039, 0.0382348325, 0.0408727029, 0.0436676462, 0.0466285159, 0.0497646022, 0.0530856456, 0.0566018496, 0.0603238931, 0.0642629411, 0.068430655, 0.0728392004, 0.0775012535, 0.0824300053, 0.0876391634, 0.0931429507, 0.0989561006, 0.105093849, 0.111571922, 0.118406518, 0.125614286, 0.133212296, 0.141218006, 0.14964922, 0.158524039, 0.167860801, 0.177678022, 0.187994313, 0.1988283, 0.21019853, 0.222123362, 0.234620856, 0.247708641, 0.261403784, 0.275722637, 0.290680679, 0.306292354, 0.322570888, 0.339528108, 0.357174255, 0.375517785, 0.394565175, 0.414320726, 0.43478637, 0.45596148, 0.47784269, 0.500423731, 0.523695275, 0.547644806, 0.572256506, 0.597511177, 0.623386184, 0.649855436, 0.676889401, 0.704455158, 0.73251649, 0.761034018, 0.789965372, 0.819265404, 0.848886442, 0.878778572, 0.908889961, 0.939167201, 0.969555687, 1.0],
                      'Ret': 150,
                      'cp': 1.0,
                      'A_sca_rho': 1.0,
                      'A_sca_mu': 0.006666666666666667,
                      'A_sca_k': 0.006666666666666667,
                      'b_exp_rho': 0.6,
                      'b_exp_mu': -0.75,
                      'b_exp_k': 0,
                      'tensor_device': 'cpu',
                      'as_tensor': '<function '
                                   'Build_arguments_fi_run._mk_args_MK_solver.<locals>.<lambda> '
                                   'at 0x7fddeef7c310>',
                      'ref_dns': { 'u_dns': [1.181641713641707e-18, 0.04446944117491168, 0.08634890875985152, 0.12598481292496402, 0.16403302810472378, 0.20155602909207807, 0.24014266092441955, 0.28205655019235354, 0.3304176417897605, 0.3894251404959034, 0.4640084619344531, 0.5552879697024384, 0.6615451670339068, 0.7798133831681449, 0.9056428759369325, 1.0365660503454044, 1.1743095938383277, 1.3215402193178074, 1.4813853637629097, 1.6549125072747972, 1.8419310031846408, 2.041968645499402, 2.2552361272684047, 2.4823813894531224, 2.723811878250482, 2.9790279799695942, 3.2469510121362424, 3.5264205574951633, 3.8160810862981993, 4.114165923, 4.418458618967077, 4.726505105596008, 5.035719453672192, 5.343564106474831, 5.647599517000001, 5.9456447668239, 6.235750994267832, 6.516369394854723, 6.786288217374553, 7.044703882712242, 7.291268936912438, 7.52588274123959, 7.748521508027567, 7.959692770372112, 8.159966519808503, 8.349573424999999, 8.529647516458882, 8.700170451649868, 8.862466967349164, 9.016158723216867, 9.163376569350987, 9.304244665807062, 9.438171914, 9.567036031999999, 9.690956751000002, 9.810714091, 9.927112638, 10.039509499999998, 10.149903080000001, 10.256820160000002, 10.362341429999997, 10.467409500000002, 10.56979107, 10.672909070000001, 10.774895779999998, 10.876193880000002, 10.977744229999999, 11.079207060000003, 11.1804785, 11.283019569999997, 11.38575114, 11.488732890000001, 11.590912709999998, 11.693809739999999, 11.797179830000003, 11.90055804, 12.00530153, 12.10912074, 12.212346900000002, 12.314937339999998, 12.41710918, 12.51747966, 12.618675549999999, 12.717135590000002, 12.81538505, 12.911123640000005, 13.005588050000002, 13.094694540000003, 13.180754530000002, 13.263719690000006, 13.342658009999997, 13.415612960000004, 13.481352049999998, 13.539447390000001, 13.590184779999998, 13.631448589999998, 13.665006770000002, 13.690521569999998, 13.705226560000002, 13.710379040000001],
                                   'T_dns': [1.0, 1.009636256697621, 1.0198488831627162, 1.0306696526906824, 1.0421318091492453, 1.0542702803033772, 1.0671218063214671, 1.080725352861447, 1.0951224277378722, 1.1103577831460978, 1.126479529370428, 1.1435345853010832, 1.1615705340966922, 1.1806381391786742, 1.2007924465071103, 1.222087715823354, 1.2445744817634028, 1.2683056306632607, 1.293336414580213, 1.3197138104861623, 1.3474807365598969, 1.3766787575257828, 1.4073286596270649, 1.4394324469937985, 1.472983432413843, 1.5079748253164709, 1.544398151581284, 1.5822028943686208, 1.6212940636280246, 1.6615328359999992, 1.7027281129171878, 1.7447099548496185, 1.7873709663495763, 1.8305461760306332, 1.8740053499999998, 1.917462877206402, 1.9606632646047404, 2.003466917432077, 2.0457644279209406, 2.0874381766442385, 2.128324859506329, 2.1682622833864307, 2.2071337437591003, 2.2449901739759524, 2.281806723893477, 2.3174418609999994, 2.3522109020119193, 2.385701882550681, 2.4183849768999077, 2.4498073713110893, 2.480376653401916, 2.5100072530473323, 2.5387269319999994, 2.566589944999999, 2.5935743589999998, 2.619745514999999, 2.645406323999999, 2.670249153999999, 2.694604610999999, 2.7181647489999987, 2.7415005219999995, 2.764107378, 2.786596113, 2.808452283, 2.8301306609999997, 2.851524581, 2.8726155419999992, 2.893515635, 2.914077602999999, 2.9346124929999977, 2.9548380689999996, 2.9748743449999986, 2.9946409879999996, 3.0143866109999995, 3.03383954, 3.052888355999998, 3.071821722, 3.090492546999999, 3.1088462579999994, 3.1271916419999988, 3.1451113499999988, 3.162860233999998, 3.180073908, 3.196783533999999, 3.213332059000001, 3.229006191999999, 3.2442122429999998, 3.2584002019999994, 3.272033622, 3.2848194490000013, 3.2971161989999986, 3.30815416, 3.3185026309999985, 3.3272484759999994, 3.3349938059999986, 3.341246319, 3.3462163799999978, 3.349712530999999, 3.352016874, 3.35270894],
                                   'mu_dns': [0.006666666666666667, 0.006618888078103401, 0.006569115116537984, 0.0065173211859622104, 0.006463485097883258, 0.006407590782111668, 0.006349627452073689, 0.0062895885539559935, 0.006227471318397708, 0.006163274845087349, 0.006097000953149628, 0.006028673484333127, 0.005958329975147009, 0.005886011883339098, 0.005811761457037872, 0.005735640952272983, 0.005657741122274597, 0.005578157860847995, 0.005496992086956814, 0.00541438233151959, 0.005330486121899571, 0.005245468490203015, 0.005159553166199446, 0.005073004818859618, 0.0049860926524882875, 0.004899064670705368, 0.004812151437742045, 0.0047256560609457, 0.004639940340836569, 0.004555405529487607, 0.004472493942735013, 0.004391534628742854, 0.004312684785037013, 0.004236168480796791, 0.004162273568565934, 0.004091320646253866, 0.004023522942271464, 0.003958877917542361, 0.0038973285942996406, 0.003838826856839395, 0.00378338295244863, 0.003730996824493289, 0.0036816055248261514, 0.0036349455322886182, 0.0035908693104390425, 0.0035493767918643887, 0.003509954987974167, 0.0034729346476342076, 0.0034376737959546256, 0.00340455055996414, 0.0033730324148339335, 0.0033431241792048995, 0.003314719233431665, 0.003287693890113811, 0.0032620056805108444, 0.003237534550228166, 0.003213952473942776, 0.0031915003863291643, 0.0031698408251185986, 0.003149212082237196, 0.003129085940722318, 0.0031098723161416984, 0.0030910300041147583, 0.003072970944182524, 0.003055300113032107, 0.0030380918606288765, 0.003021347034372024, 0.003004964639675603, 0.0029890481164179888, 0.002973347503593544, 0.0029580702025100098, 0.0029431152642236517, 0.0029285333056961833, 0.002914134059702101, 0.002900108762786238, 0.0028865265011351116, 0.0028731727287742005, 0.002860144436954169, 0.002847470981636052, 0.002834933450843538, 0.002822810482608797, 0.002810921648116736, 0.0027995023139430527, 0.00278852035340861, 0.002777742833055286, 0.0027676239652959156, 0.0027578890897728718, 0.0027488777304801875, 0.0027402830393992565, 0.0027322794351827863, 0.0027246332431594108, 0.002717812153193096, 0.0027114532209634216, 0.0027061060662541656, 0.0027013911155705484, 0.002697598869625771, 0.0026945932985260523, 0.002692483729144063, 0.002691095399467032, 0.0026906787668899523],
                                   'rho_dns': [1.0, 1.0057706609462613, 1.0118624852936102, 1.0182905027090452, 1.0250701599518646, 1.0322174065175629, 1.0397487257797031, 1.0476813279041566, 1.0560332778500905, 1.0648238371236902, 1.0740734525304538, 1.0838010874198485, 1.0940252660782528, 1.104765453240453, 1.116042590275375, 1.1278761864091336, 1.140282699712569, 1.153278915701175, 1.1668818998796036, 1.1811032292222954, 1.1959514209948947, 1.2114334654101062, 1.2275447102742134, 1.2442704088065795, 1.2615913924808313, 1.2794887002707953, 1.2979428306556873, 1.3169136668947738, 1.3363403304660848, 1.3561425954682258, 1.376217841820522, 1.3964775021596465, 1.416866132535485, 1.4373032683200306, 1.4576810093582724, 1.4778698145062987, 1.4977585488848442, 1.5172924796626146, 1.5364321054562278, 1.5551352771440559, 1.5733406032404238, 1.5909886785692555, 1.608041268863003, 1.624533482061496, 1.6404663007624944, 1.6557902026522073, 1.6706510773774153, 1.6848828275725831, 1.6986944262947314, 1.7119030364133772, 1.724688155999272, 1.7370206676800901, 1.748918590263709, 1.7604102683674427, 1.7714921099191308, 1.7821959947401447, 1.7926496986630196, 1.8027316006564245, 1.8125793551191642, 1.8220717115598437, 1.831441284011762, 1.8404878131981217, 1.8494577571507116, 1.8581476893543296, 1.8667402507345416, 1.8751942895952158, 1.8835038120352463, 1.8917140962729244, 1.8997684362856366, 1.9077895132790101, 1.9156678531650064, 1.9234512157888561, 1.9311093149042953, 1.9387391095240478, 1.9462362812903495, 1.9535590965443992, 1.9608194414425375, 1.9679616017193364, 1.974965653434934, 1.9819500181201017, 1.9887565157299685, 1.9954828543861158, 2.0019919558316825, 2.0082969918687685, 2.0145282603641665, 2.020418454469911, 2.026121827927293, 2.0314337074707853, 2.0365292616802604, 2.041300312536643, 2.045881860959798, 2.049988589323738, 2.053833814199517, 2.057079806356473, 2.0599516121060373, 2.0622679670466297, 2.064107978138676, 2.065401664821971, 2.066254049475701, 2.066510001373344]},
                      'case': 'T31_SReStar_tauLL',
                      'constant_Sq_heat': 0.21,
                      'use_visc_heating': False,
                      'Pr_turb': 1.0,
                      'fprint': '<function '
                                'Build_arguments_fi_run._mk_args_MK_solver.<locals>.<lambda> '
                                'at 0x7fddeef7cd30>',
                      'compressible_correction': False,
                      'bool_solve_energy': False,
                      'output_last': False},
  'u_imp': 10,
  'k_imp': 1,
  'e_imp': 0,
  'solve_sparse_adj': True,
  'all_ref_beta_distrib': {'K': [1.0, 1.00015165, 1.00030859, 1.00046901, 1.00063213, 1.00079682, 1.00096129, 1.00112305, 1.00127876, 1.00142418, 1.00155403, 1.00166192, 1.00174027, 1.00178026, 1.00177184, 1.00170382, 1.00156395, 1.00133895, 1.00101447, 1.00057456, 1.00000074, 0.99927034, 0.99835477, 0.99721911, 0.9958256, 0.99414322, 0.99216192, 0.98990404, 0.98742232, 0.98478027, 0.98202715, 0.97919549, 0.9763252, 0.97347686, 0.97072002, 0.96811852, 0.96572642, 0.96358131, 0.96167957, 0.95995157, 0.95827683, 0.95655645, 0.95479354, 0.95310806, 0.95164684, 0.95045541, 0.94941482, 0.94821417, 0.94648807, 0.9438739, 0.94016921, 0.93533448, 0.92951792, 0.92301661, 0.91621788, 0.90955114, 0.9034531, 0.8982825, 0.89437156, 0.89193826, 0.89116868, 0.89211918, 0.89483048, 0.89923903, 0.90526659, 0.91277661, 0.92160605, 0.93156878, 0.94245606, 0.9540503, 0.96612066, 0.97843799, 0.99077331, 1.00290027, 1.01459491, 1.02564246, 1.03584053, 1.04500654, 1.05298374, 1.05964171, 1.0648786, 1.06862477, 1.07084457, 1.07154452, 1.07077733, 1.06863858, 1.0652759, 1.06088375, 1.05569678, 1.04996863, 1.04396843, 1.03796703, 1.03222964, 1.0269838, 1.02241305, 1.018638, 1.01572138, 1.01367111, 1.0124649, 1.00603538], 'E': [1.0, 1.0, 1.0, 1.0, 1.0, 1.0, 1.0, 1.0, 1.0, 1.0, 1.0, 1.0, 1.0, 1.0, 1.0, 1.0, 1.0, 1.0, 1.0, 1.0, 1.0, 1.0, 1.0, 1.0, 1.0, 1.0, 1.0, 1.0, 1.0, 1.0, 1.0, 1.0, 1.0, 1.0, 1.0, 1.0, 1.0, 1.0, 1.0, 1.0, 1.0, 1.0, 1.0, 1.0, 1.0, 1.0, 1.0, 1.0, 1.0, 1.0, 1.0, 1.0, 1.0, 1.0, 1.0, 1.0, 1.0, 1.0, 1.0, 1.0, 1.0, 1.0, 1.0, 1.0, 1.0, 1.0, 1.0, 1.0, 1.0, 1.0, 1.0, 1.0, 1.0, 1.0, 1.0, 1.0, 1.0, 1.0, 1.0, 1.0, 1.0, 1.0, 1.0, 1.0, 1.0, 1.0, 1.0, 1.0, 1.0, 1.0, 1.0, 1.0, 1.0, 1.0, 1.0, 1.0, 1.0, 1.0, 1.0, 1.0]},
  'all_ref_delta_distrib': {'K': [-0.0, -0.002795391545550008, -0.005714158261020173, -0.008727551014720664, -0.011826560954157413, -0.01499648543082874, -0.01821096687048799, -0.02143089292274935, -0.0246009928454266, -0.027647990264428435, -0.030476542851058677, -0.03296574676041024, -0.03496460190422311, -0.0362868362573151, -0.03670527970676236, -0.0359457140833025, -0.03367806391447815, -0.029503543984000673, -0.022936181879123538, -0.013368045999332317, -1.7773299361561457e-05, 0.018149315789153176, 0.04251770788669137, 0.0748980048776008, 0.11749778700970975, 0.17267769926798593, 0.24245474259283775, 0.3279025918915879, 0.4287757470745659, 0.5435743639040949, 0.6698718076912434, 0.804243405585771, 0.9415468232170692, 1.074792988868721, 1.1963652074303224, 1.2995710274156087, 1.3796117985963188, 1.4342190300282487, 1.4644204562028995, 1.4748057898494185, 1.4719799987637474, 1.4612610802442847, 1.4439986015764366, 1.4179215122979854, 1.3805728181431813, 1.3329265741924496, 1.2803108384236697, 1.2313610447645718, 1.1941857931352284, 1.1744599916336182, 1.1731998985054666, 1.187591485081875, 1.211839441983479, 1.2388137717272474, 1.2615452639339133, 1.2741707051605362, 1.2723765623161465, 1.2539712154945788, 1.218115081637184, 1.1656471171648255, 1.098148703168443, 1.0181986880157086, 0.9284854538567985, 0.8320078367813218, 0.7315853682100775, 0.6298948976691179, 0.5293118621609834, 0.43189799342285407, 0.33937861606482483, 0.25315147906141794, 0.1742765514788816, 0.10350530306865058, 0.04130471731210452, -0.012099183959625486, -0.05668768558475207, -0.09262995310253172, -0.12027142283102256, -0.14010856822932996, -0.15277412928873368, -0.15901112704371226, -0.1596122865208575, -0.15543956912363285, -0.14736062386061807, -0.13626850203501079, -0.1230542142577859, -0.10853959694535165, -0.09352045536809764, -0.07868892115135628, -0.06464455730079037, -0.051833228059047644, -0.040569681271243496, -0.031019531770065063, -0.02323257089682482, -0.01712777081286163, -0.012542482376321025, -0.009250321248151908, -0.007009466616270402, -0.005592842550069756, -0.0048210306702864475, -0.002289049489530226], 'E': [-0.0, -0.0, -0.0, -0.0, -0.0, -0.0, -0.0, -0.0, -0.0, -0.0, -0.0, -0.0, -0.0, -0.0, -0.0, -0.0, -0.0, -0.0, -0.0, -0.0, -0.0, -0.0, -0.0, -0.0, -0.0, -0.0, -0.0, -0.0, -0.0, -0.0, -0.0, -0.0, -0.0, -0.0, -0.0, -0.0, -0.0, -0.0, -0.0, -0.0, -0.0, -0.0, -0.0, -0.0, -0.0, -0.0, -0.0, -0.0, -0.0, -0.0, -0.0, -0.0, -0.0, -0.0, -0.0, -0.0, -0.0, -0.0, -0.0, -0.0, -0.0, -0.0, -0.0, -0.0, -0.0, -0.0, -0.0, -0.0, -0.0, -0.0, -0.0, -0.0, -0.0, -0.0, -0.0, -0.0, -0.0, -0.0, -0.0, -0.0, -0.0, -0.0, -0.0, -0.0, -0.0, -0.0, -0.0, -0.0, -0.0, -0.0, -0.0, -0.0, -0.0, -0.0, -0.0, -0.0, -0.0, -0.0, -0.0, -0.0]},
  'fname_print': '/media/rafael/DATA/Dropbox/20220924_FIML_solver/data/output/field_inversion/Beta_k/u_imp_10/FI_run_T31_SReStar_tauLL_u_imp_10_k_imp_1_e_imp_0/FI_run_T31_SReStar_tauLL_u_imp_10_k_imp_1_e_imp_0.log',
  'folder': '/media/rafael/DATA/Dropbox/20220924_FIML_solver/data/output/field_inversion/Beta_k/u_imp_10/FI_run_T31_SReStar_tauLL_u_imp_10_k_imp_1_e_imp_0',
  'iters_limit': 15000}
# End_Input_Arguments

# ------------------------------------------------------------------------
#                  Iterations
# ------------------------------------------------------------------------

iter:      0 (Jcost: 1.307054e+00) (lr = 1.000e-03) (elapsed time:  0.001) (secs/iter:   None) (n_accepted: 0%) (u_error:  5.579277 %) (beta_change: 10.883132 %) (delta_change:  2.536108 %) (delta_peak/R:  0.000000 %)
-> Saved file: /media/rafael/DATA/Dropbox/20220924_FIML_solver/data/output/field_inversion/Beta_k/u_imp_10/FI_run_T31_SReStar_tauLL_u_imp_10_k_imp_1_e_imp_0/FI_run_T31_SReStar_tauLL_u_imp_10_k_imp_1_e_imp_0_state_iter_0.dat
iter:    100 (Jcost: 4.699568e-02) (lr = 7.874e-01) (elapsed time: 136.105) (secs/iter:  1.361) (n_accepted: 87%) (u_error:  1.367483 %) (beta_change:  0.774318 %) (delta_change:  0.303621 %) (delta_peak/R:  2.404921 %)
iter:    200 (Jcost: 4.680862e-02) (lr = 1.622e+00) (elapsed time: 239.027) (secs/iter:  1.029) (n_accepted: 80%) (u_error:  1.367331 %) (beta_change:  2.268678 %) (delta_change:  0.266144 %) (delta_peak/R:  2.454746 %)
iter:    300 (Jcost: 4.674726e-02) (lr = 5.802e-01) (elapsed time: 338.891) (secs/iter:  0.999) (n_accepted: 78%) (u_error:  1.367266 %) (beta_change:  2.901339 %) (delta_change:  0.283279 %) (delta_peak/R:  2.449449 %)
iter:    400 (Jcost: 4.669262e-02) (lr = 3.603e-02) (elapsed time: 432.101) (secs/iter:  0.932) (n_accepted: 76%) (u_error:  1.367188 %) (beta_change:  4.515138 %) (delta_change:  0.315026 %) (delta_peak/R:  2.444932 %)
iter:    500 (Jcost: 4.666428e-02) (lr = 3.093e-02) (elapsed time: 523.656) (secs/iter:  0.916) (n_accepted: 79%) (u_error:  1.367135 %) (beta_change:  5.653289 %) (delta_change:  0.327041 %) (delta_peak/R:  2.446064 %)
-> Saved file: /media/rafael/DATA/Dropbox/20220924_FIML_solver/data/output/field_inversion/Beta_k/u_imp_10/FI_run_T31_SReStar_tauLL_u_imp_10_k_imp_1_e_imp_0/FI_run_T31_SReStar_tauLL_u_imp_10_k_imp_1_e_imp_0_state_iter_500.dat
iter:    600 (Jcost: 4.665052e-02) (lr = 8.807e-01) (elapsed time: 616.787) (secs/iter:  0.931) (n_accepted: 83%) (u_error:  1.367108 %) (beta_change:  6.315007 %) (delta_change:  0.332363 %) (delta_peak/R:  2.444478 %)
iter:    700 (Jcost: 4.663266e-02) (lr = 1.313e-01) (elapsed time: 707.912) (secs/iter:  0.911) (n_accepted: 77%) (u_error:  1.367069 %) (beta_change:  7.347951 %) (delta_change:  0.337482 %) (delta_peak/R:  2.443806 %)
iter:    800 (Jcost: 4.662243e-02) (lr = 4.695e-02) (elapsed time: 798.663) (secs/iter:  0.908) (n_accepted: 78%) (u_error:  1.367045 %) (beta_change:  8.053464 %) (delta_change:  0.339261 %) (delta_peak/R:  2.444394 %)
iter:    900 (Jcost: 4.661405e-02) (lr = 1.337e+00) (elapsed time: 880.975) (secs/iter:  0.823) (n_accepted: 83%) (u_error:  1.367023 %) (beta_change:  8.705685 %) (delta_change:  0.340026 %) (delta_peak/R:  2.443406 %)
iter:   1000 (Jcost: 4.660825e-02) (lr = 1.992e-01) (elapsed time: 969.592) (secs/iter:  0.886) (n_accepted: 77%) (u_error:  1.367008 %) (beta_change:  9.212849 %) (delta_change:  0.340247 %) (delta_peak/R:  2.443092 %)
-> Saved file: /media/rafael/DATA/Dropbox/20220924_FIML_solver/data/output/field_inversion/Beta_k/u_imp_10/FI_run_T31_SReStar_tauLL_u_imp_10_k_imp_1_e_imp_0/FI_run_T31_SReStar_tauLL_u_imp_10_k_imp_1_e_imp_0_state_iter_1000.dat
iter:   1100 (Jcost: 4.660137e-02) (lr = 2.969e-02) (elapsed time: 1057.711) (secs/iter:  0.881) (n_accepted: 77%) (u_error:  1.366988 %) (beta_change:  9.895251 %) (delta_change:  0.340193 %) (delta_peak/R:  2.443041 %)
iter:   1200 (Jcost: 4.659659e-02) (lr = 6.117e-02) (elapsed time: 1141.023) (secs/iter:  0.833) (n_accepted: 80%) (u_error:  1.366974 %) (beta_change: 10.440890 %) (delta_change:  0.339924 %) (delta_peak/R:  2.442738 %)
iter:   1300 (Jcost: 4.659292e-02) (lr = 3.025e-01) (elapsed time: 1229.720) (secs/iter:  0.887) (n_accepted: 81%) (u_error:  1.366963 %) (beta_change: 10.909495 %) (delta_change:  0.339646 %) (delta_peak/R:  2.443687 %)
iter:   1400 (Jcost: 4.658936e-02) (lr = 1.495e+00) (elapsed time: 1308.919) (secs/iter:  0.792) (n_accepted: 81%) (u_error:  1.366951 %) (beta_change: 11.393505 %) (delta_change:  0.339193 %) (delta_peak/R:  2.442198 %)
iter:   1500 (Jcost: 4.658662e-02) (lr = 5.349e-01) (elapsed time: 1393.071) (secs/iter:  0.842) (n_accepted: 78%) (u_error:  1.366942 %) (beta_change: 11.804804 %) (delta_change:  0.338851 %) (delta_peak/R:  2.442799 %)
-> Saved file: /media/rafael/DATA/Dropbox/20220924_FIML_solver/data/output/field_inversion/Beta_k/u_imp_10/FI_run_T31_SReStar_tauLL_u_imp_10_k_imp_1_e_imp_0/FI_run_T31_SReStar_tauLL_u_imp_10_k_imp_1_e_imp_0_state_iter_1500.dat
iter:   1600 (Jcost: 4.658430e-02) (lr = 7.971e-02) (elapsed time: 1452.901) (secs/iter:  0.598) (n_accepted: 77%) (u_error:  1.366934 %) (beta_change: 12.192170 %) (delta_change:  0.338485 %) (delta_peak/R:  2.442522 %)
iter:   1700 (Jcost: 4.658178e-02) (lr = 2.851e-02) (elapsed time: 1502.166) (secs/iter:  0.493) (n_accepted: 78%) (u_error:  1.366925 %) (beta_change: 12.647870 %) (delta_change:  0.338055 %) (delta_peak/R:  2.442491 %)
iter:   1800 (Jcost: 4.657991e-02) (lr = 1.949e+00) (elapsed time: 1561.467) (secs/iter:  0.593) (n_accepted: 84%) (u_error:  1.366919 %) (beta_change: 13.017228 %) (delta_change:  0.337688 %) (delta_peak/R:  2.442125 %)
iter:   1900 (Jcost: 4.657841e-02) (lr = 6.970e-01) (elapsed time: 1633.866) (secs/iter:  0.724) (n_accepted: 78%) (u_error:  1.366913 %) (beta_change: 13.331586 %) (delta_change:  0.337411 %) (delta_peak/R:  2.442612 %)
iter:   2000 (Jcost: 4.657682e-02) (lr = 2.493e-01) (elapsed time: 1709.188) (secs/iter:  0.753) (n_accepted: 78%) (u_error:  1.366907 %) (beta_change: 13.687491 %) (delta_change:  0.337066 %) (delta_peak/R:  2.442368 %)
-> Saved file: /media/rafael/DATA/Dropbox/20220924_FIML_solver/data/output/field_inversion/Beta_k/u_imp_10/FI_run_T31_SReStar_tauLL_u_imp_10_k_imp_1_e_imp_0/FI_run_T31_SReStar_tauLL_u_imp_10_k_imp_1_e_imp_0_state_iter_2000.dat
iter:   2100 (Jcost: 4.657534e-02) (lr = 3.715e-02) (elapsed time: 1780.562) (secs/iter:  0.714) (n_accepted: 77%) (u_error:  1.366902 %) (beta_change: 14.043702 %) (delta_change:  0.336738 %) (delta_peak/R:  2.442396 %)
iter:   2200 (Jcost: 4.657393e-02) (lr = 7.654e-02) (elapsed time: 1829.163) (secs/iter:  0.486) (n_accepted: 80%) (u_error:  1.366896 %) (beta_change: 14.416506 %) (delta_change:  0.336374 %) (delta_peak/R:  2.441724 %)
iter:   2300 (Jcost: 4.657273e-02) (lr = 2.180e+00) (elapsed time: 1886.240) (secs/iter:  0.571) (n_accepted: 83%) (u_error:  1.366891 %) (beta_change: 14.745214 %) (delta_change:  0.336113 %) (delta_peak/R:  2.442401 %)
iter:   2400 (Jcost: 4.657188e-02) (lr = 3.248e-01) (elapsed time: 1947.161) (secs/iter:  0.609) (n_accepted: 77%) (u_error:  1.366888 %) (beta_change: 14.994280 %) (delta_change:  0.335897 %) (delta_peak/R:  2.442330 %)
iter:   2500 (Jcost: 4.657106e-02) (lr = 4.841e-02) (elapsed time: 2003.961) (secs/iter:  0.568) (n_accepted: 77%) (u_error:  1.366884 %) (beta_change: 15.251345 %) (delta_change:  0.335685 %) (delta_peak/R:  2.442366 %)
-> Saved file: /media/rafael/DATA/Dropbox/20220924_FIML_solver/data/output/field_inversion/Beta_k/u_imp_10/FI_run_T31_SReStar_tauLL_u_imp_10_k_imp_1_e_imp_0/FI_run_T31_SReStar_tauLL_u_imp_10_k_imp_1_e_imp_0_state_iter_2500.dat
iter:   2600 (Jcost: 4.657032e-02) (lr = 9.973e-02) (elapsed time: 2054.383) (secs/iter:  0.504) (n_accepted: 80%) (u_error:  1.366881 %) (beta_change: 15.496862 %) (delta_change:  0.335494 %) (delta_peak/R:  2.442571 %)
iter:   2700 (Jcost: 4.656960e-02) (lr = 2.055e-01) (elapsed time: 2100.794) (secs/iter:  0.464) (n_accepted: 80%) (u_error:  1.366878 %) (beta_change: 15.760477 %) (delta_change:  0.335309 %) (delta_peak/R:  2.443116 %)
iter:   2800 (Jcost: 4.656894e-02) (lr = 1.016e+00) (elapsed time: 2145.231) (secs/iter:  0.444) (n_accepted: 81%) (u_error:  1.366875 %) (beta_change: 15.987625 %) (delta_change:  0.335095 %) (delta_peak/R:  2.442152 %)
iter:   2900 (Jcost: 4.656835e-02) (lr = 8.720e-01) (elapsed time: 2189.957) (secs/iter:  0.447) (n_accepted: 79%) (u_error:  1.366873 %) (beta_change: 16.213970 %) (delta_change:  0.334931 %) (delta_peak/R:  2.442229 %)
iter:   3000 (Jcost: 4.656771e-02) (lr = 5.415e-02) (elapsed time: 2237.077) (secs/iter:  0.471) (n_accepted: 76%) (u_error:  1.366870 %) (beta_change: 16.476917 %) (delta_change:  0.334746 %) (delta_peak/R:  2.442334 %)
-> Saved file: /media/rafael/DATA/Dropbox/20220924_FIML_solver/data/output/field_inversion/Beta_k/u_imp_10/FI_run_T31_SReStar_tauLL_u_imp_10_k_imp_1_e_imp_0/FI_run_T31_SReStar_tauLL_u_imp_10_k_imp_1_e_imp_0_state_iter_3000.dat
iter:   3100 (Jcost: 4.656737e-02) (lr = 2.775e-09) (elapsed time: 2277.935) (secs/iter:  0.409) (n_accepted: 60%) (u_error:  1.366868 %) (beta_change: 16.618943 %) (delta_change:  0.334642 %) (delta_peak/R:  2.442219 %)
iter:   3104 (Jcost: 4.656737e-02) (lr = 8.672e-11) (elapsed time: 2278.252) (secs/iter:  0.079) (n_accepted: 0%) (u_error:  1.366868 %) (beta_change: 16.618943 %) (delta_change:  0.334642 %) (delta_peak/R:  2.442219 %)
-> Saved file: /media/rafael/DATA/Dropbox/20220924_FIML_solver/data/output/field_inversion/Beta_k/u_imp_10/FI_run_T31_SReStar_tauLL_u_imp_10_k_imp_1_e_imp_0/FI_run_T31_SReStar_tauLL_u_imp_10_k_imp_1_e_imp_0_state_iter_3104.dat
