# ------------------------------------------------------------------------
#                  Input Arguments
# ------------------------------------------------------------------------
# Begin_Input_Arguments
{ 'all_b_mode': ['Beta_k'],
  'args_mk_solver': { 'torch': "<module 'torch' from "
                               "'/home/rafael/anaconda3/lib/python3.9/site-packages/torch/__init__.py'>",
                      'y_grid': [0.0, 0.000309700312, 0.000638645973, 0.00098802599, 0.00135910194, 0.00175321227, 0.00217177688, 0.00261630193, 0.00308838486, 0.00358971984, 0.00412210331, 0.00468744001, 0.00528774917, 0.00592517114, 0.00660197432, 0.0073205624, 0.00808348206, 0.00889343092, 0.00975326602, 0.0106660126, 0.0116348733, 0.0126632377, 0.0137546927, 0.0149130326, 0.0161422702, 0.0174466482, 0.0188306506, 0.0202990157, 0.0218567475, 0.02350913, 0.0252617393, 0.0271204584, 0.0290914903, 0.0311813732, 0.033396994, 0.0357456039, 0.0382348325, 0.0408727029, 0.0436676462, 0.0466285159, 0.0497646022, 0.0530856456, 0.0566018496, 0.0603238931, 0.0642629411, 0.068430655, 0.0728392004, 0.0775012535, 0.0824300053, 0.0876391634, 0.0931429507, 0.0989561006, 0.105093849, 0.111571922, 0.118406518, 0.125614286, 0.133212296, 0.141218006, 0.14964922, 0.158524039, 0.167860801, 0.177678022, 0.187994313, 0.1988283, 0.21019853, 0.222123362, 0.234620856, 0.247708641, 0.261403784, 0.275722637, 0.290680679, 0.306292354, 0.322570888, 0.339528108, 0.357174255, 0.375517785, 0.394565175, 0.414320726, 0.43478637, 0.45596148, 0.47784269, 0.500423731, 0.523695275, 0.547644806, 0.572256506, 0.597511177, 0.623386184, 0.649855436, 0.676889401, 0.704455158, 0.73251649, 0.761034018, 0.789965372, 0.819265404, 0.848886442, 0.878778572, 0.908889961, 0.939167201, 0.969555687, 1.0],
                      'Ret': 395.0,
                      'cp': 1.0,
                      'A_sca_rho': 1.0,
                      'A_sca_mu': 0.002531645569620253,
                      'A_sca_k': 0.002531645569620253,
                      'b_exp_rho': -1.0,
                      'b_exp_mu': -0.5,
                      'b_exp_k': 0.0,
                      'tensor_device': 'cpu',
                      'as_tensor': '<function '
                                   'Build_arguments_fi_run._mk_args_MK_solver.<locals>.<lambda> '
                                   'at 0x7fc9906d5790>',
                      'ref_dns': { 'u_dns': [0.0, 0.121675109, 0.253464522, 0.396210332, 0.550811952, 0.718225925, 0.899464368, 1.09559165, 1.30771875, 1.53699917, 1.78471584, 2.05230764, 2.34129742, 2.65328124, 2.98984241, 3.3524868, 3.74267131, 4.16175428, 4.61091368, 5.09108044, 5.60290959, 6.14679351, 6.72264263, 7.3299003, 7.9673806, 8.63328955, 9.32531822, 10.0404571, 10.7752127, 11.5252726, 12.2856191, 13.0519022, 13.8200132, 14.5841323, 15.3392583, 16.0816616, 16.8064889, 17.511043, 18.1928237, 18.848904, 19.4789845, 20.0819214, 20.6567697, 21.2050029, 21.7261672, 22.2214269, 22.6927747, 23.1406214, 23.5674854, 23.9750361, 24.3650658, 24.7401388, 25.1013546, 25.4516778, 25.7917012, 26.124832, 26.4534629, 26.776861, 27.0991322, 27.4198583, 27.7424111, 28.0652089, 28.3906379, 28.7181269, 29.0487582, 29.3842518, 29.7244549, 30.0703787, 30.4224806, 30.7817263, 31.1463203, 31.5161491, 31.8906482, 32.2697122, 32.6526465, 33.0384175, 33.4250264, 33.8123437, 34.1997591, 34.586691, 34.9725831, 35.3556283, 35.7374385, 36.1172464, 36.4941187, 36.8661227, 37.23394, 37.5946494, 37.9407824, 38.2715456, 38.5856716, 38.8834564, 39.1621336, 39.4161265, 39.642716, 39.8377978, 39.9946467, 40.1116821, 40.1843817, 40.2082984],
                                   'T_dns': [1.0, 1.028870563668178, 1.0595313758740268, 1.0920549579083192, 1.126512547533901, 1.162976199856686, 1.201523067212767, 1.242242946562293, 1.2852507994739575, 1.3307025015211038, 1.3787353191486182, 1.4294452962340103, 1.4829571268302966, 1.5394517364785627, 1.599094776821186, 1.6619859186852723, 1.7282642278301428, 1.7981017528597674, 1.8715772262750112, 1.9487814880378609, 2.029819027568453, 2.1146923386329215, 2.203428690954032, 2.2960486235491544, 2.3926076753717074, 2.4930721105765907, 2.5970783934172967, 2.704329232912806, 2.8148834379152183, 2.928602637366978, 3.0447166739982046, 3.1628276896320853, 3.28290243727686, 3.4041735066086436, 3.5261293465976977, 3.648731322999199, 3.771204121374962, 3.8930842498910323, 4.014001607943036, 4.1335281099293875, 4.251567576913512, 4.367127888625427, 4.480977705053545, 4.5921509433766445, 4.7013314680078535, 4.807235938126347, 4.911138200643414, 5.012093917983216, 5.1109720446479985, 5.207081177973861, 5.300026740412933, 5.391570524518053, 5.4810327364213824, 5.568950578679778, 5.654214546098061, 5.739502179595593, 5.822550911902573, 5.904570063769353, 5.986275107538697, 6.066165090199194, 6.1466033598106975, 6.2254661633765895, 6.305612206715647, 6.383425336404524, 6.462758717257458, 6.541568252077124, 6.620597806921072, 6.699980721960334, 6.7798370042212115, 6.859787660990349, 6.940176422459178, 7.02047133815632, 7.100996816347531, 7.1816430065213535, 7.262395734113002, 7.342811485462139, 7.422844187855292, 7.5022516523243, 7.581291444186404, 7.659547165385851, 7.736899706588513, 7.812956415605469, 7.887643434892626, 7.960934756504019, 8.032801615304317, 8.1030853906817, 8.171309152697312, 8.237121540684885, 8.300368714488593, 8.359944585882396, 8.415055921167209, 8.465863795127015, 8.51195630707112, 8.55292441715176, 8.588636412461218, 8.618707928436116, 8.642428232108015, 8.659608188522506, 8.670150665521641, 8.673757137682848],
                                   'mu_dns': [0.002531645569620253, 0.0024958732896256195, 0.002459495279631076, 0.0024225941096366116, 0.002385255399642212, 0.002347564269647866, 0.00230960040965356, 0.0022714314496592855, 0.0022331040696650347, 0.002194635589670805, 0.00215606799967659, 0.002117479109682378, 0.0020789239696881617, 0.002040421379693937, 0.002002007969699699, 0.0019637637297054357, 0.001925740809711139, 0.0018879729697168044, 0.001850542349722419, 0.0018135157497279728, 0.0017769460597334581, 0.001740921979738862, 0.0017055065997441743, 0.0016707534397493872, 0.0016366927497544963, 0.0016033763897594939, 0.001570942809764359, 0.0015394767097690787, 0.0015089425197736587, 0.0014793559397780968, 0.001450873209782369, 0.0014235251297864714, 0.001397249349790413, 0.00137213568979418, 0.0013481983297977706, 0.001325354209801197, 0.0013036556298044518, 0.0012830866998075371, 0.001263613139810458, 0.0012452095898132186, 0.0012278020698158298, 0.0012114484798182827, 0.0011959596098206062, 0.001181394179822791, 0.0011675956498248608, 0.0011546628298268007, 0.0011423832498286427, 0.0011308195398303772, 0.0011198275598320261, 0.0011094448798335834, 0.001099673789835049, 0.0010902981098364554, 0.0010813634998377956, 0.001072793719839081, 0.001064674279840299, 0.00105673426984149, 0.0010491709498426244, 0.0010418585598437214, 0.0010347241098447916, 0.001027887989845817, 0.0010211400498468292, 0.0010146516498478024, 0.0010081827798487726, 0.0010020191298496972, 0.0009958500128506224, 0.0009898330848515252, 0.000983907568852414, 0.000978061418853291, 0.0009722843108541574, 0.0009666017298550097, 0.0009609873018558521, 0.0009554759698566787, 0.0009500429628574936, 0.000944693653858296, 0.000939426807859086, 0.0009342685188598598, 0.0009292182528606173, 0.000924287522861357, 0.0009194567558620816, 0.0009147477648627878, 0.0009101635118634755, 0.0009057225978641417, 0.0009014243168647863, 0.0008972652988654102, 0.0008932425108660136, 0.000889360212866596, 0.000885639714867154, 0.0008820946078676859, 0.000878727487868191, 0.0008755908308686614, 0.0008727189398690924, 0.0008700961878694856, 0.0008677371908698396, 0.0008656564858701516, 0.0008638548888704218, 0.0008623465348706482, 0.0008611623088708258, 0.0008603076468709539, 0.0008597844418710324, 0.0008596056778710592],
                                   'rho_dns': [1.0, 0.971939557134138, 0.94381348468806, 0.915704830382678, 0.887695394240521, 0.8598628244698647, 0.8322769885057221, 0.8049955145789627, 0.778058259453557, 0.7514827685804428, 0.7253023739302691, 0.6995720666153376, 0.674328328113855, 0.6495819104322569, 0.6253538029733818, 0.6016898150322827, 0.5786152278668132, 0.5561420528118407, 0.5343087028208255, 0.513141163408143, 0.49265475710803297, 0.47288202720139744, 0.4538381496553101, 0.4355308462301786, 0.4179540215863612, 0.4011115425653383, 0.3850480611346416, 0.3697774619412408, 0.35525449705321654, 0.34145977581276477, 0.32843778488158587, 0.31617277263571847, 0.3046085039400353, 0.2937570596970643, 0.2835970838576534, 0.2740678639988257, 0.2651672961248793, 0.25686574854576805, 0.249127952022034, 0.24192408359286152, 0.23520736338053566, 0.22898344758910977, 0.2231655825629801, 0.21776287677179273, 0.21270569982246773, 0.20801974624731168, 0.20361878634752914, 0.19951741056009253, 0.19565749749055256, 0.19204617055521156, 0.1886782933329292, 0.18547471380602762, 0.18244736860537517, 0.1795670451500161, 0.17685922453899347, 0.174231138643885, 0.17174602938306308, 0.16936034109173076, 0.1670487877746664, 0.1648487941113985, 0.16269148039361986, 0.1606305413533268, 0.15858888355598097, 0.15665570556563474, 0.15473268363395762, 0.15286854183359977, 0.15104376208363166, 0.14925416079516896, 0.14749617127629874, 0.14577710702136074, 0.14408855613005592, 0.1424405786780998, 0.1408252990196889, 0.13924390269635253, 0.13769560853077578, 0.13618761723351833, 0.13471924975013297, 0.13329331597270352, 0.1319036482586136, 0.13055602092498178, 0.12925073839957235, 0.12799252252356313, 0.12678057879445878, 0.12561338970690697, 0.12448956763662285, 0.12340978180360401, 0.12237941085240969, 0.1214016322401932, 0.12047657572783049, 0.1196180177663761, 0.11883462324767238, 0.11812143736302537, 0.1174818060531246, 0.11691907366732157, 0.11643291809967692, 0.11602667224638766, 0.11570822147933363, 0.11547866580446511, 0.1153382494235854, 0.11529029279082917]},
                      'case': 'cRets',
                      'constant_Sq_heat': 0.24050632911392406,
                      'use_visc_heating': False,
                      'Pr_turb': 1.0,
                      'fprint': '<function '
                                'Build_arguments_fi_run._mk_args_MK_solver.<locals>.<lambda> '
                                'at 0x7fc9906d55e0>',
                      'compressible_correction': False,
                      'bool_solve_energy': False,
                      'output_last': False},
  'u_imp': 1,
  'k_imp': 1,
  'e_imp': 0,
  'solve_sparse_adj': True,
  'all_ref_beta_distrib': {'K': [1.0, 0.99982095, 0.99963997, 0.99946181, 0.99929028, 0.99913038, 0.99898867, 0.99887348, 0.99879489, 0.99876482, 0.99879728, 0.99890853, 0.99911706, 0.9994437, 0.99991206, 1.00054873, 1.00138365, 1.00245073, 1.00378783, 1.00543611, 1.00743788, 1.00983192, 1.01265087, 1.01591972, 1.01965616, 1.02387081, 1.02856501, 1.03373348, 1.03936508, 1.04544354, 1.0519443, 1.05884109, 1.06610778, 1.07370641, 1.08159613, 1.08973597, 1.0980764, 1.10656309, 1.11513719, 1.12373876, 1.13230696, 1.14076463, 1.1490543, 1.15710831, 1.16483027, 1.17216927, 1.17900199, 1.18521662, 1.19068118, 1.19524279, 1.19874786, 1.20103748, 1.20197594, 1.20144196, 1.19939254, 1.1958029, 1.19070654, 1.18422861, 1.17648447, 1.16768847, 1.158043, 1.14779757, 1.13716704, 1.12639343, 1.1156901, 1.10523371, 1.09518666, 1.08567505, 1.07679651, 1.0686138, 1.06117175, 1.05448318, 1.0485444, 1.04333265, 1.03881106, 1.03493173, 1.03163884, 1.02886933, 1.0265576, 1.02463561, 1.02303597, 1.02169247, 1.02054265, 1.01952865, 1.01859909, 1.01771011, 1.01682805, 1.01592967, 1.01500293, 1.01404691, 1.0130702, 1.01208964, 1.01112824, 1.01021404, 1.00937644, 1.00864456, 1.00804426, 1.00759732, 1.0073207, 1.00361115], 'E': [1.0, 1.0, 1.0, 1.0, 1.0, 1.0, 1.0, 1.0, 1.0, 1.0, 1.0, 1.0, 1.0, 1.0, 1.0, 1.0, 1.0, 1.0, 1.0, 1.0, 1.0, 1.0, 1.0, 1.0, 1.0, 1.0, 1.0, 1.0, 1.0, 1.0, 1.0, 1.0, 1.0, 1.0, 1.0, 1.0, 1.0, 1.0, 1.0, 1.0, 1.0, 1.0, 1.0, 1.0, 1.0, 1.0, 1.0, 1.0, 1.0, 1.0, 1.0, 1.0, 1.0, 1.0, 1.0, 1.0, 1.0, 1.0, 1.0, 1.0, 1.0, 1.0, 1.0, 1.0, 1.0, 1.0, 1.0, 1.0, 1.0, 1.0, 1.0, 1.0, 1.0, 1.0, 1.0, 1.0, 1.0, 1.0, 1.0, 1.0, 1.0, 1.0, 1.0, 1.0, 1.0, 1.0, 1.0, 1.0, 1.0, 1.0, 1.0, 1.0, 1.0, 1.0, 1.0, 1.0, 1.0, 1.0, 1.0, 1.0]},
  'all_ref_delta_distrib': {'K': [-0.0, 0.013906873713470262, 0.02789713242290247, 0.041673549162944495, 0.05503287116912922, 0.06769020610962755, 0.07923673901580099, 0.08910208231357851, 0.09652444389888573, 0.10050149993817448, 0.09973028293549169, 0.09253520792794004, 0.07678027947814171, 0.049768738384652365, 0.008116179734875679, -0.052372067425696736, -0.13683929487573435, -0.2515094055953268, -0.40377261123435704, -0.6021378456354396, -0.8558611911331654, -1.1740118056937496, -1.5641327502281626, -2.030938309062741, -2.5753367946828467, -3.1937033686652225, -3.8775145269420803, -4.6139239873295965, -5.386967846820812, -6.1790031343713645, -6.972016847247493, -7.749307091955221, -8.496415496573997, -9.20095447655669, -9.853201562898722, -10.445952006825557, -10.973882870528742, -11.433435850857553, -11.82242017165033, -12.139875170946352, -12.385832230415232, -12.560622098651466, -12.665666373914348, -12.702784954753154, -12.672543091833958, -12.577805596250478, -12.418298804484348, -12.195002208495646, -11.90797432892297, -11.557550589471544, -11.144926589781473, -10.671924486534863, -10.142898638142087, -9.563554444173617, -8.942805652942681, -8.290097229033437, -7.617288253421884, -6.936809204881463, -6.260479912268294, -5.60041476661842, -4.966303345237301, -4.3671171473342385, -3.809074903857308, -3.2970459843275135, -2.8330086066373923, -2.417973856492939, -2.051116634507723, -1.7303809467216555, -1.4529038501560037, -1.215314363605323, -1.0137201348659617, -0.8441998784109828, -0.702778222434848, -0.5856422937025841, -0.48924717477158636, -0.41032982547296964, -0.3459243531691203, -0.29344562035354366, -0.2506039307511708, -0.21547369049135817, -0.18643124193526975, -0.16212622717106098, -0.14146742617714922, -0.12362926625794528, -0.10794186497920627, -0.0939519622933975, -0.08134002244835961, -0.06992359489220257, -0.059600869858283057, -0.050330456279199985, -0.04211460666963662, -0.03494331052543949, -0.02881819416682474, -0.02371477873294531, -0.019588011710302916, -0.016372836434955303, -0.013991447590413434, -0.012361588967165918, -0.011412662938404655, -0.005547669424456905], 'E': [-0.0, -0.0, -0.0, -0.0, -0.0, -0.0, -0.0, -0.0, -0.0, -0.0, -0.0, -0.0, -0.0, -0.0, -0.0, -0.0, -0.0, -0.0, -0.0, -0.0, -0.0, -0.0, -0.0, -0.0, -0.0, -0.0, -0.0, -0.0, -0.0, -0.0, -0.0, -0.0, -0.0, -0.0, -0.0, -0.0, -0.0, -0.0, -0.0, -0.0, -0.0, -0.0, -0.0, -0.0, -0.0, -0.0, -0.0, -0.0, -0.0, -0.0, -0.0, -0.0, -0.0, -0.0, -0.0, -0.0, -0.0, -0.0, -0.0, -0.0, -0.0, -0.0, -0.0, -0.0, -0.0, -0.0, -0.0, -0.0, -0.0, -0.0, -0.0, -0.0, -0.0, -0.0, -0.0, -0.0, -0.0, -0.0, -0.0, -0.0, -0.0, -0.0, -0.0, -0.0, -0.0, -0.0, -0.0, -0.0, -0.0, -0.0, -0.0, -0.0, -0.0, -0.0, -0.0, -0.0, -0.0, -0.0, -0.0, -0.0]},
  'fname_print': '/media/rafael/DATA/Dropbox/20220924_FIML_solver/data/output/field_inversion/Beta_k/u_imp_1/FI_run_cRets_u_imp_1_k_imp_1_e_imp_0/FI_run_cRets_u_imp_1_k_imp_1_e_imp_0.log',
  'folder': '/media/rafael/DATA/Dropbox/20220924_FIML_solver/data/output/field_inversion/Beta_k/u_imp_1/FI_run_cRets_u_imp_1_k_imp_1_e_imp_0',
  'iters_limit': 15000}
# End_Input_Arguments

# ------------------------------------------------------------------------
#                  Iterations
# ------------------------------------------------------------------------

iter:      0 (Jcost: 2.147158e+00) (lr = 1.000e-03) (elapsed time:  0.001) (secs/iter:   None) (n_accepted: 0%) (u_error: 22.817241 %) (beta_change: 20.197594 %) (delta_change:  7.758700 %) (delta_peak/R:  0.000000 %)
-> Saved file: /media/rafael/DATA/Dropbox/20220924_FIML_solver/data/output/field_inversion/Beta_k/u_imp_1/FI_run_cRets_u_imp_1_k_imp_1_e_imp_0/FI_run_cRets_u_imp_1_k_imp_1_e_imp_0_state_iter_0.dat
iter:    100 (Jcost: 1.991726e-01) (lr = 3.281e-01) (elapsed time: 218.603) (secs/iter:  2.186) (n_accepted: 86%) (u_error:  6.464358 %) (beta_change:  0.799494 %) (delta_change:  0.455733 %) (delta_peak/R:  7.355501 %)
iter:    200 (Jcost: 1.989422e-01) (lr = 2.816e-01) (elapsed time: 393.247) (secs/iter:  1.746) (n_accepted: 79%) (u_error:  6.449519 %) (beta_change:  2.328770 %) (delta_change:  0.484785 %) (delta_peak/R:  7.316395 %)
iter:    300 (Jcost: 1.988943e-01) (lr = 2.417e-01) (elapsed time: 589.981) (secs/iter:  1.967) (n_accepted: 79%) (u_error:  6.447897 %) (beta_change:  3.225048 %) (delta_change:  0.491201 %) (delta_peak/R:  7.308595 %)
iter:    400 (Jcost: 1.988619e-01) (lr = 4.980e-01) (elapsed time: 756.221) (secs/iter:  1.662) (n_accepted: 80%) (u_error:  6.446192 %) (beta_change:  3.906752 %) (delta_change:  0.492706 %) (delta_peak/R:  7.306687 %)
iter:    500 (Jcost: 1.988380e-01) (lr = 4.275e-01) (elapsed time: 957.412) (secs/iter:  2.012) (n_accepted: 79%) (u_error:  6.444035 %) (beta_change:  4.402109 %) (delta_change:  0.492165 %) (delta_peak/R:  7.307139 %)
-> Saved file: /media/rafael/DATA/Dropbox/20220924_FIML_solver/data/output/field_inversion/Beta_k/u_imp_1/FI_run_cRets_u_imp_1_k_imp_1_e_imp_0/FI_run_cRets_u_imp_1_k_imp_1_e_imp_0_state_iter_500.dat
iter:    600 (Jcost: 1.988197e-01) (lr = 3.670e-01) (elapsed time: 1156.535) (secs/iter:  1.991) (n_accepted: 79%) (u_error:  6.446291 %) (beta_change:  4.763227 %) (delta_change:  0.494823 %) (delta_peak/R:  7.304938 %)
iter:    700 (Jcost: 1.988006e-01) (lr = 7.560e-01) (elapsed time: 1354.376) (secs/iter:  1.978) (n_accepted: 80%) (u_error:  6.449507 %) (beta_change:  5.142919 %) (delta_change:  0.498263 %) (delta_peak/R:  7.302143 %)
iter:    800 (Jcost: 1.987869e-01) (lr = 2.704e-01) (elapsed time: 1556.135) (secs/iter:  2.018) (n_accepted: 78%) (u_error:  6.445319 %) (beta_change:  5.393326 %) (delta_change:  0.495145 %) (delta_peak/R:  7.305048 %)
iter:    900 (Jcost: 1.987739e-01) (lr = 9.672e-02) (elapsed time: 1756.645) (secs/iter:  2.005) (n_accepted: 78%) (u_error:  6.444755 %) (beta_change:  5.669504 %) (delta_change:  0.495111 %) (delta_peak/R:  7.305262 %)
iter:   1000 (Jcost: 1.987609e-01) (lr = 1.148e+00) (elapsed time: 1937.630) (secs/iter:  1.810) (n_accepted: 82%) (u_error:  6.442714 %) (beta_change:  5.947956 %) (delta_change:  0.496175 %) (delta_peak/R:  7.306570 %)
-> Saved file: /media/rafael/DATA/Dropbox/20220924_FIML_solver/data/output/field_inversion/Beta_k/u_imp_1/FI_run_cRets_u_imp_1_k_imp_1_e_imp_0/FI_run_cRets_u_imp_1_k_imp_1_e_imp_0_state_iter_1000.dat
iter:   1100 (Jcost: 1.987509e-01) (lr = 4.105e-01) (elapsed time: 2132.724) (secs/iter:  1.951) (n_accepted: 78%) (u_error:  6.442558 %) (beta_change:  6.157454 %) (delta_change:  0.497641 %) (delta_peak/R:  7.306508 %)
iter:   1200 (Jcost: 1.987412e-01) (lr = 8.457e-01) (elapsed time: 2327.550) (secs/iter:  1.948) (n_accepted: 80%) (u_error:  6.442906 %) (beta_change:  6.357100 %) (delta_change:  0.498993 %) (delta_peak/R:  7.306062 %)
iter:   1300 (Jcost: 1.987331e-01) (lr = 3.025e-01) (elapsed time: 2516.371) (secs/iter:  1.888) (n_accepted: 78%) (u_error:  6.441930 %) (beta_change:  6.517534 %) (delta_change:  0.500337 %) (delta_peak/R:  7.306625 %)
iter:   1400 (Jcost: 1.987260e-01) (lr = 2.596e-01) (elapsed time: 2663.845) (secs/iter:  1.475) (n_accepted: 79%) (u_error:  6.441781 %) (beta_change:  6.715740 %) (delta_change:  0.501396 %) (delta_peak/R:  7.306579 %)
iter:   1500 (Jcost: 1.987181e-01) (lr = 5.349e-01) (elapsed time: 2810.137) (secs/iter:  1.463) (n_accepted: 80%) (u_error:  6.442319 %) (beta_change:  7.171128 %) (delta_change:  0.502468 %) (delta_peak/R:  7.305987 %)
-> Saved file: /media/rafael/DATA/Dropbox/20220924_FIML_solver/data/output/field_inversion/Beta_k/u_imp_1/FI_run_cRets_u_imp_1_k_imp_1_e_imp_0/FI_run_cRets_u_imp_1_k_imp_1_e_imp_0_state_iter_1500.dat
iter:   1600 (Jcost: 1.987115e-01) (lr = 1.913e-01) (elapsed time: 2996.029) (secs/iter:  1.859) (n_accepted: 78%) (u_error:  6.441469 %) (beta_change:  7.563296 %) (delta_change:  0.503568 %) (delta_peak/R:  7.306455 %)
iter:   1700 (Jcost: 1.987055e-01) (lr = 1.642e-01) (elapsed time: 3177.091) (secs/iter:  1.811) (n_accepted: 79%) (u_error:  6.439829 %) (beta_change:  7.931885 %) (delta_change:  0.504706 %) (delta_peak/R:  7.307522 %)
iter:   1800 (Jcost: 1.987003e-01) (lr = 5.874e-02) (elapsed time: 3362.439) (secs/iter:  1.853) (n_accepted: 78%) (u_error:  6.440465 %) (beta_change:  8.265090 %) (delta_change:  0.505334 %) (delta_peak/R:  7.306901 %)
iter:   1900 (Jcost: 1.986949e-01) (lr = 1.210e-01) (elapsed time: 3536.479) (secs/iter:  1.740) (n_accepted: 80%) (u_error:  6.441269 %) (beta_change:  8.629570 %) (delta_change:  0.505967 %) (delta_peak/R:  7.306139 %)
iter:   2000 (Jcost: 1.986903e-01) (lr = 2.493e-01) (elapsed time: 3701.497) (secs/iter:  1.650) (n_accepted: 80%) (u_error:  6.439956 %) (beta_change:  8.942984 %) (delta_change:  0.506833 %) (delta_peak/R:  7.306980 %)
-> Saved file: /media/rafael/DATA/Dropbox/20220924_FIML_solver/data/output/field_inversion/Beta_k/u_imp_1/FI_run_cRets_u_imp_1_k_imp_1_e_imp_0/FI_run_cRets_u_imp_1_k_imp_1_e_imp_0_state_iter_2000.dat
iter:   2100 (Jcost: 1.986852e-01) (lr = 2.140e-01) (elapsed time: 3872.604) (secs/iter:  1.711) (n_accepted: 79%) (u_error:  6.439759 %) (beta_change:  9.299752 %) (delta_change:  0.507563 %) (delta_peak/R:  7.306967 %)
iter:   2200 (Jcost: 1.986811e-01) (lr = 4.408e-01) (elapsed time: 4052.651) (secs/iter:  1.800) (n_accepted: 80%) (u_error:  6.439499 %) (beta_change:  9.594190 %) (delta_change:  0.508161 %) (delta_peak/R:  7.307028 %)
iter:   2300 (Jcost: 1.986768e-01) (lr = 6.570e-02) (elapsed time: 4237.783) (secs/iter:  1.851) (n_accepted: 77%) (u_error:  6.440155 %) (beta_change:  9.928525 %) (delta_change:  0.508636 %) (delta_peak/R:  7.306390 %)
iter:   2400 (Jcost: 1.986730e-01) (lr = 1.353e-01) (elapsed time: 4422.712) (secs/iter:  1.849) (n_accepted: 80%) (u_error:  6.438265 %) (beta_change: 10.238775 %) (delta_change:  0.509468 %) (delta_peak/R:  7.307670 %)
iter:   2500 (Jcost: 1.986691e-01) (lr = 1.606e+00) (elapsed time: 4596.493) (secs/iter:  1.738) (n_accepted: 82%) (u_error:  6.438348 %) (beta_change: 10.566993 %) (delta_change:  0.509964 %) (delta_peak/R:  7.307468 %)
-> Saved file: /media/rafael/DATA/Dropbox/20220924_FIML_solver/data/output/field_inversion/Beta_k/u_imp_1/FI_run_cRets_u_imp_1_k_imp_1_e_imp_0/FI_run_cRets_u_imp_1_k_imp_1_e_imp_0_state_iter_2500.dat
iter:   2600 (Jcost: 1.986655e-01) (lr = 1.379e+00) (elapsed time: 4779.494) (secs/iter:  1.830) (n_accepted: 79%) (u_error:  6.437129 %) (beta_change: 10.877686 %) (delta_change:  0.510641 %) (delta_peak/R:  7.308247 %)
iter:   2700 (Jcost: 1.986624e-01) (lr = 8.561e-02) (elapsed time: 4958.815) (secs/iter:  1.793) (n_accepted: 76%) (u_error:  6.438484 %) (beta_change: 11.150760 %) (delta_change:  0.510798 %) (delta_peak/R:  7.307119 %)
iter:   2800 (Jcost: 1.986590e-01) (lr = 4.233e-01) (elapsed time: 5134.940) (secs/iter:  1.761) (n_accepted: 81%) (u_error:  6.438075 %) (beta_change: 11.452204 %) (delta_change:  0.511288 %) (delta_peak/R:  7.307297 %)
iter:   2900 (Jcost: 1.986558e-01) (lr = 8.720e-01) (elapsed time: 5321.907) (secs/iter:  1.870) (n_accepted: 80%) (u_error:  6.439554 %) (beta_change: 11.757304 %) (delta_change:  0.511440 %) (delta_peak/R:  7.306065 %)
iter:   3000 (Jcost: 1.986530e-01) (lr = 1.300e-01) (elapsed time: 5503.100) (secs/iter:  1.812) (n_accepted: 77%) (u_error:  6.437388 %) (beta_change: 12.022886 %) (delta_change:  0.512161 %) (delta_peak/R:  7.307571 %)
-> Saved file: /media/rafael/DATA/Dropbox/20220924_FIML_solver/data/output/field_inversion/Beta_k/u_imp_1/FI_run_cRets_u_imp_1_k_imp_1_e_imp_0/FI_run_cRets_u_imp_1_k_imp_1_e_imp_0_state_iter_3000.dat
iter:   3100 (Jcost: 1.986499e-01) (lr = 1.116e-01) (elapsed time: 5638.301) (secs/iter:  1.352) (n_accepted: 79%) (u_error:  6.437778 %) (beta_change: 12.317378 %) (delta_change:  0.512462 %) (delta_peak/R:  7.307156 %)
iter:   3200 (Jcost: 1.986473e-01) (lr = 2.298e-01) (elapsed time: 5818.052) (secs/iter:  1.798) (n_accepted: 80%) (u_error:  6.438083 %) (beta_change: 12.570072 %) (delta_change:  0.512716 %) (delta_peak/R:  7.306823 %)
iter:   3300 (Jcost: 1.986448e-01) (lr = 4.735e-01) (elapsed time: 5962.488) (secs/iter:  1.444) (n_accepted: 80%) (u_error:  6.437946 %) (beta_change: 12.831987 %) (delta_change:  0.513035 %) (delta_peak/R:  7.306821 %)
iter:   3400 (Jcost: 1.986423e-01) (lr = 4.064e-01) (elapsed time: 6137.902) (secs/iter:  1.754) (n_accepted: 79%) (u_error:  6.437363 %) (beta_change: 13.112230 %) (delta_change:  0.513431 %) (delta_peak/R:  7.307149 %)
iter:   3500 (Jcost: 1.986399e-01) (lr = 3.489e-01) (elapsed time: 6311.407) (secs/iter:  1.735) (n_accepted: 79%) (u_error:  6.438211 %) (beta_change: 13.385463 %) (delta_change:  0.513561 %) (delta_peak/R:  7.306413 %)
-> Saved file: /media/rafael/DATA/Dropbox/20220924_FIML_solver/data/output/field_inversion/Beta_k/u_imp_1/FI_run_cRets_u_imp_1_k_imp_1_e_imp_0/FI_run_cRets_u_imp_1_k_imp_1_e_imp_0_state_iter_3500.dat
iter:   3600 (Jcost: 1.986376e-01) (lr = 5.199e-02) (elapsed time: 6456.753) (secs/iter:  1.453) (n_accepted: 77%) (u_error:  6.437180 %) (beta_change: 13.639325 %) (delta_change:  0.513991 %) (delta_peak/R:  7.307087 %)
iter:   3700 (Jcost: 1.986350e-01) (lr = 6.170e-01) (elapsed time: 6591.249) (secs/iter:  1.345) (n_accepted: 82%) (u_error:  6.438188 %) (beta_change: 13.952837 %) (delta_change:  0.514115 %) (delta_peak/R:  7.306218 %)
iter:   3800 (Jcost: 1.986329e-01) (lr = 2.207e-01) (elapsed time: 6778.696) (secs/iter:  1.874) (n_accepted: 78%) (u_error:  6.437356 %) (beta_change: 14.197797 %) (delta_change:  0.514486 %) (delta_peak/R:  7.306749 %)
iter:   3900 (Jcost: 1.986309e-01) (lr = 1.894e-01) (elapsed time: 6944.542) (secs/iter:  1.658) (n_accepted: 79%) (u_error:  6.437179 %) (beta_change: 14.447421 %) (delta_change:  0.514741 %) (delta_peak/R:  7.306789 %)
iter:   4000 (Jcost: 1.986286e-01) (lr = 1.626e-01) (elapsed time: 7124.235) (secs/iter:  1.797) (n_accepted: 79%) (u_error:  6.438361 %) (beta_change: 14.735540 %) (delta_change:  0.514787 %) (delta_peak/R:  7.305801 %)
-> Saved file: /media/rafael/DATA/Dropbox/20220924_FIML_solver/data/output/field_inversion/Beta_k/u_imp_1/FI_run_cRets_u_imp_1_k_imp_1_e_imp_0/FI_run_cRets_u_imp_1_k_imp_1_e_imp_0_state_iter_4000.dat
iter:   4100 (Jcost: 1.986266e-01) (lr = 1.396e-01) (elapsed time: 7305.201) (secs/iter:  1.810) (n_accepted: 79%) (u_error:  6.436216 %) (beta_change: 14.984225 %) (delta_change:  0.515372 %) (delta_peak/R:  7.307312 %)
iter:   4200 (Jcost: 1.986245e-01) (lr = 4.992e-02) (elapsed time: 7486.168) (secs/iter:  1.810) (n_accepted: 78%) (u_error:  6.436609 %) (beta_change: 15.260335 %) (delta_change:  0.515520 %) (delta_peak/R:  7.306925 %)
iter:   4300 (Jcost: 1.986226e-01) (lr = 1.028e-01) (elapsed time: 7660.970) (secs/iter:  1.748) (n_accepted: 80%) (u_error:  6.437059 %) (beta_change: 15.526509 %) (delta_change:  0.515638 %) (delta_peak/R:  7.306501 %)
iter:   4400 (Jcost: 1.986207e-01) (lr = 8.828e-02) (elapsed time: 7833.079) (secs/iter:  1.721) (n_accepted: 79%) (u_error:  6.437386 %) (beta_change: 15.797135 %) (delta_change:  0.515775 %) (delta_peak/R:  7.306168 %)
iter:   4500 (Jcost: 1.986190e-01) (lr = 1.819e-01) (elapsed time: 7999.166) (secs/iter:  1.661) (n_accepted: 80%) (u_error:  6.436709 %) (beta_change: 16.037184 %) (delta_change:  0.516061 %) (delta_peak/R:  7.306596 %)
-> Saved file: /media/rafael/DATA/Dropbox/20220924_FIML_solver/data/output/field_inversion/Beta_k/u_imp_1/FI_run_cRets_u_imp_1_k_imp_1_e_imp_0/FI_run_cRets_u_imp_1_k_imp_1_e_imp_0_state_iter_4500.dat
iter:   4600 (Jcost: 1.986172e-01) (lr = 8.992e-01) (elapsed time: 8162.080) (secs/iter:  1.629) (n_accepted: 81%) (u_error:  6.436615 %) (beta_change: 16.316754 %) (delta_change:  0.516268 %) (delta_peak/R:  7.306577 %)
iter:   4700 (Jcost: 1.986153e-01) (lr = 3.216e-01) (elapsed time: 8336.579) (secs/iter:  1.745) (n_accepted: 78%) (u_error:  6.436692 %) (beta_change: 16.591552 %) (delta_change:  0.516436 %) (delta_peak/R:  7.306432 %)
iter:   4800 (Jcost: 1.986137e-01) (lr = 1.150e-01) (elapsed time: 8510.372) (secs/iter:  1.738) (n_accepted: 78%) (u_error:  6.436536 %) (beta_change: 16.843501 %) (delta_change:  0.516625 %) (delta_peak/R:  7.306469 %)
iter:   4900 (Jcost: 1.986121e-01) (lr = 9.874e-02) (elapsed time: 8686.599) (secs/iter:  1.762) (n_accepted: 79%) (u_error:  6.436810 %) (beta_change: 17.089086 %) (delta_change:  0.516732 %) (delta_peak/R:  7.306187 %)
iter:   5000 (Jcost: 1.986105e-01) (lr = 2.034e-01) (elapsed time: 8861.578) (secs/iter:  1.750) (n_accepted: 80%) (u_error:  6.435667 %) (beta_change: 17.350898 %) (delta_change:  0.517084 %) (delta_peak/R:  7.306963 %)
-> Saved file: /media/rafael/DATA/Dropbox/20220924_FIML_solver/data/output/field_inversion/Beta_k/u_imp_1/FI_run_cRets_u_imp_1_k_imp_1_e_imp_0/FI_run_cRets_u_imp_1_k_imp_1_e_imp_0_state_iter_5000.dat
iter:   5100 (Jcost: 1.986089e-01) (lr = 1.746e-01) (elapsed time: 9038.975) (secs/iter:  1.774) (n_accepted: 79%) (u_error:  6.436906 %) (beta_change: 17.623314 %) (delta_change:  0.517021 %) (delta_peak/R:  7.305960 %)
iter:   5200 (Jcost: 1.986074e-01) (lr = 6.246e-02) (elapsed time: 9209.396) (secs/iter:  1.704) (n_accepted: 78%) (u_error:  6.436980 %) (beta_change: 17.884963 %) (delta_change:  0.517150 %) (delta_peak/R:  7.305830 %)
iter:   5300 (Jcost: 1.986060e-01) (lr = 1.287e-01) (elapsed time: 9380.892) (secs/iter:  1.715) (n_accepted: 80%) (u_error:  6.436153 %) (beta_change: 18.125756 %) (delta_change:  0.517422 %) (delta_peak/R:  7.306380 %)
iter:   5400 (Jcost: 1.986044e-01) (lr = 1.105e-01) (elapsed time: 9522.708) (secs/iter:  1.418) (n_accepted: 79%) (u_error:  6.437160 %) (beta_change: 18.411689 %) (delta_change:  0.517395 %) (delta_peak/R:  7.305547 %)
iter:   5500 (Jcost: 1.986031e-01) (lr = 2.275e-01) (elapsed time: 9677.754) (secs/iter:  1.550) (n_accepted: 80%) (u_error:  6.436062 %) (beta_change: 18.653055 %) (delta_change:  0.517708 %) (delta_peak/R:  7.306301 %)
-> Saved file: /media/rafael/DATA/Dropbox/20220924_FIML_solver/data/output/field_inversion/Beta_k/u_imp_1/FI_run_cRets_u_imp_1_k_imp_1_e_imp_0/FI_run_cRets_u_imp_1_k_imp_1_e_imp_0_state_iter_5500.dat
iter:   5600 (Jcost: 1.986016e-01) (lr = 1.953e-01) (elapsed time: 9855.597) (secs/iter:  1.778) (n_accepted: 79%) (u_error:  6.435988 %) (beta_change: 18.927110 %) (delta_change:  0.517857 %) (delta_peak/R:  7.306281 %)
iter:   5700 (Jcost: 1.986001e-01) (lr = 9.658e-01) (elapsed time: 10022.737) (secs/iter:  1.671) (n_accepted: 81%) (u_error:  6.435860 %) (beta_change: 19.194460 %) (delta_change:  0.518008 %) (delta_peak/R:  7.306304 %)
iter:   5800 (Jcost: 1.985989e-01) (lr = 1.439e-01) (elapsed time: 10198.283) (secs/iter:  1.755) (n_accepted: 77%) (u_error:  6.435924 %) (beta_change: 19.433881 %) (delta_change:  0.518108 %) (delta_peak/R:  7.306193 %)
iter:   5900 (Jcost: 1.985974e-01) (lr = 1.235e-01) (elapsed time: 10366.604) (secs/iter:  1.683) (n_accepted: 79%) (u_error:  6.435905 %) (beta_change: 19.723064 %) (delta_change:  0.518239 %) (delta_peak/R:  7.306133 %)
iter:   6000 (Jcost: 1.985961e-01) (lr = 1.060e-01) (elapsed time: 10542.125) (secs/iter:  1.755) (n_accepted: 79%) (u_error:  6.435583 %) (beta_change: 19.987404 %) (delta_change:  0.518409 %) (delta_peak/R:  7.306306 %)
-> Saved file: /media/rafael/DATA/Dropbox/20220924_FIML_solver/data/output/field_inversion/Beta_k/u_imp_1/FI_run_cRets_u_imp_1_k_imp_1_e_imp_0/FI_run_cRets_u_imp_1_k_imp_1_e_imp_0_state_iter_6000.dat
iter:   6100 (Jcost: 1.985947e-01) (lr = 9.103e-02) (elapsed time: 10717.785) (secs/iter:  1.757) (n_accepted: 79%) (u_error:  6.435907 %) (beta_change: 20.266757 %) (delta_change:  0.518470 %) (delta_peak/R:  7.305994 %)
iter:   6200 (Jcost: 1.985935e-01) (lr = 1.875e-01) (elapsed time: 10896.802) (secs/iter:  1.790) (n_accepted: 80%) (u_error:  6.435266 %) (beta_change: 20.524300 %) (delta_change:  0.518688 %) (delta_peak/R:  7.306409 %)
iter:   6300 (Jcost: 1.985923e-01) (lr = 1.610e-01) (elapsed time: 11014.654) (secs/iter:  1.179) (n_accepted: 79%) (u_error:  6.434767 %) (beta_change: 20.774586 %) (delta_change:  0.518876 %) (delta_peak/R:  7.306720 %)
iter:   6400 (Jcost: 1.985911e-01) (lr = 7.960e-01) (elapsed time: 11113.572) (secs/iter:  0.989) (n_accepted: 81%) (u_error:  6.435609 %) (beta_change: 21.042012 %) (delta_change:  0.518835 %) (delta_peak/R:  7.306026 %)
iter:   6500 (Jcost: 1.985897e-01) (lr = 1.186e-01) (elapsed time: 11220.597) (secs/iter:  1.070) (n_accepted: 77%) (u_error:  6.435996 %) (beta_change: 21.333844 %) (delta_change:  0.518881 %) (delta_peak/R:  7.305666 %)
-> Saved file: /media/rafael/DATA/Dropbox/20220924_FIML_solver/data/output/field_inversion/Beta_k/u_imp_1/FI_run_cRets_u_imp_1_k_imp_1_e_imp_0/FI_run_cRets_u_imp_1_k_imp_1_e_imp_0_state_iter_6500.dat
iter:   6600 (Jcost: 1.985886e-01) (lr = 5.865e-01) (elapsed time: 11370.253) (secs/iter:  1.497) (n_accepted: 81%) (u_error:  6.435495 %) (beta_change: 21.587200 %) (delta_change:  0.519064 %) (delta_peak/R:  7.305979 %)
iter:   6700 (Jcost: 1.985873e-01) (lr = 8.741e-02) (elapsed time: 11510.174) (secs/iter:  1.399) (n_accepted: 77%) (u_error:  6.435981 %) (beta_change: 21.855574 %) (delta_change:  0.519079 %) (delta_peak/R:  7.305552 %)
iter:   6800 (Jcost: 1.985862e-01) (lr = 4.322e-01) (elapsed time: 11675.822) (secs/iter:  1.656) (n_accepted: 81%) (u_error:  6.435454 %) (beta_change: 22.117887 %) (delta_change:  0.519267 %) (delta_peak/R:  7.305884 %)
iter:   6900 (Jcost: 1.985850e-01) (lr = 8.903e-01) (elapsed time: 11845.170) (secs/iter:  1.693) (n_accepted: 80%) (u_error:  6.435236 %) (beta_change: 22.370065 %) (delta_change:  0.519395 %) (delta_peak/R:  7.305987 %)
iter:   7000 (Jcost: 1.985839e-01) (lr = 3.184e-01) (elapsed time: 12016.460) (secs/iter:  1.713) (n_accepted: 78%) (u_error:  6.435278 %) (beta_change: 22.627253 %) (delta_change:  0.519478 %) (delta_peak/R:  7.305896 %)
-> Saved file: /media/rafael/DATA/Dropbox/20220924_FIML_solver/data/output/field_inversion/Beta_k/u_imp_1/FI_run_cRets_u_imp_1_k_imp_1_e_imp_0/FI_run_cRets_u_imp_1_k_imp_1_e_imp_0_state_iter_7000.dat
iter:   7100 (Jcost: 1.985828e-01) (lr = 1.139e-01) (elapsed time: 12183.407) (secs/iter:  1.669) (n_accepted: 78%) (u_error:  6.436381 %) (beta_change: 22.885632 %) (delta_change:  0.519374 %) (delta_peak/R:  7.305013 %)
iter:   7200 (Jcost: 1.985817e-01) (lr = 2.346e-01) (elapsed time: 12343.168) (secs/iter:  1.598) (n_accepted: 80%) (u_error:  6.435267 %) (beta_change: 23.133719 %) (delta_change:  0.519653 %) (delta_peak/R:  7.305787 %)
iter:   7300 (Jcost: 1.985806e-01) (lr = 1.160e+00) (elapsed time: 12514.407) (secs/iter:  1.712) (n_accepted: 81%) (u_error:  6.434762 %) (beta_change: 23.409713 %) (delta_change:  0.519833 %) (delta_peak/R:  7.306102 %)
iter:   7400 (Jcost: 1.985795e-01) (lr = 1.729e-01) (elapsed time: 12694.656) (secs/iter:  1.802) (n_accepted: 77%) (u_error:  6.435194 %) (beta_change: 23.657152 %) (delta_change:  0.519838 %) (delta_peak/R:  7.305723 %)
iter:   7500 (Jcost: 1.985784e-01) (lr = 1.484e-01) (elapsed time: 12868.283) (secs/iter:  1.736) (n_accepted: 79%) (u_error:  6.435052 %) (beta_change: 23.934934 %) (delta_change:  0.519952 %) (delta_peak/R:  7.305767 %)
-> Saved file: /media/rafael/DATA/Dropbox/20220924_FIML_solver/data/output/field_inversion/Beta_k/u_imp_1/FI_run_cRets_u_imp_1_k_imp_1_e_imp_0/FI_run_cRets_u_imp_1_k_imp_1_e_imp_0_state_iter_7500.dat
iter:   7600 (Jcost: 1.985773e-01) (lr = 1.274e-01) (elapsed time: 13038.371) (secs/iter:  1.701) (n_accepted: 79%) (u_error:  6.434417 %) (beta_change: 24.202226 %) (delta_change:  0.520147 %) (delta_peak/R:  7.306181 %)
iter:   7700 (Jcost: 1.985763e-01) (lr = 2.625e-01) (elapsed time: 13214.498) (secs/iter:  1.761) (n_accepted: 80%) (u_error:  6.435171 %) (beta_change: 24.440006 %) (delta_change:  0.520090 %) (delta_peak/R:  7.305565 %)
iter:   7800 (Jcost: 1.985753e-01) (lr = 5.407e-01) (elapsed time: 13390.206) (secs/iter:  1.757) (n_accepted: 80%) (u_error:  6.434768 %) (beta_change: 24.687471 %) (delta_change:  0.520236 %) (delta_peak/R:  7.305812 %)
iter:   7900 (Jcost: 1.985743e-01) (lr = 1.934e-01) (elapsed time: 13567.103) (secs/iter:  1.769) (n_accepted: 78%) (u_error:  6.434816 %) (beta_change: 24.933992 %) (delta_change:  0.520302 %) (delta_peak/R:  7.305722 %)
iter:   8000 (Jcost: 1.985733e-01) (lr = 3.984e-01) (elapsed time: 13737.253) (secs/iter:  1.701) (n_accepted: 80%) (u_error:  6.435277 %) (beta_change: 25.195378 %) (delta_change:  0.520299 %) (delta_peak/R:  7.305321 %)
-> Saved file: /media/rafael/DATA/Dropbox/20220924_FIML_solver/data/output/field_inversion/Beta_k/u_imp_1/FI_run_cRets_u_imp_1_k_imp_1_e_imp_0/FI_run_cRets_u_imp_1_k_imp_1_e_imp_0_state_iter_8000.dat
iter:   8100 (Jcost: 1.985723e-01) (lr = 5.937e-02) (elapsed time: 13848.842) (secs/iter:  1.116) (n_accepted: 77%) (u_error:  6.435205 %) (beta_change: 25.440418 %) (delta_change:  0.520383 %) (delta_peak/R:  7.305321 %)
iter:   8200 (Jcost: 1.985713e-01) (lr = 2.936e-01) (elapsed time: 14001.095) (secs/iter:  1.523) (n_accepted: 81%) (u_error:  6.435615 %) (beta_change: 25.696904 %) (delta_change:  0.520385 %) (delta_peak/R:  7.304959 %)
iter:   8300 (Jcost: 1.985704e-01) (lr = 2.520e-01) (elapsed time: 14178.486) (secs/iter:  1.774) (n_accepted: 79%) (u_error:  6.434479 %) (beta_change: 25.950051 %) (delta_change:  0.520655 %) (delta_peak/R:  7.305754 %)
iter:   8400 (Jcost: 1.985694e-01) (lr = 2.163e-01) (elapsed time: 14343.090) (secs/iter:  1.646) (n_accepted: 79%) (u_error:  6.434968 %) (beta_change: 26.194374 %) (delta_change:  0.520638 %) (delta_peak/R:  7.305337 %)
iter:   8500 (Jcost: 1.985684e-01) (lr = 1.857e-01) (elapsed time: 14483.019) (secs/iter:  1.399) (n_accepted: 79%) (u_error:  6.435146 %) (beta_change: 26.456841 %) (delta_change:  0.520680 %) (delta_peak/R:  7.305148 %)
-> Saved file: /media/rafael/DATA/Dropbox/20220924_FIML_solver/data/output/field_inversion/Beta_k/u_imp_1/FI_run_cRets_u_imp_1_k_imp_1_e_imp_0/FI_run_cRets_u_imp_1_k_imp_1_e_imp_0_state_iter_8500.dat
iter:   8600 (Jcost: 1.985675e-01) (lr = 1.594e-01) (elapsed time: 14587.713) (secs/iter:  1.047) (n_accepted: 79%) (u_error:  6.435219 %) (beta_change: 26.705538 %) (delta_change:  0.520734 %) (delta_peak/R:  7.305041 %)
iter:   8700 (Jcost: 1.985665e-01) (lr = 1.368e-01) (elapsed time: 14701.455) (secs/iter:  1.137) (n_accepted: 79%) (u_error:  6.434744 %) (beta_change: 26.959407 %) (delta_change:  0.520885 %) (delta_peak/R:  7.305343 %)
iter:   8800 (Jcost: 1.985656e-01) (lr = 2.819e-01) (elapsed time: 14809.571) (secs/iter:  1.081) (n_accepted: 80%) (u_error:  6.434686 %) (beta_change: 27.199372 %) (delta_change:  0.520959 %) (delta_peak/R:  7.305336 %)
iter:   8900 (Jcost: 1.985647e-01) (lr = 1.008e-01) (elapsed time: 14918.213) (secs/iter:  1.086) (n_accepted: 78%) (u_error:  6.435557 %) (beta_change: 27.454466 %) (delta_change:  0.520874 %) (delta_peak/R:  7.304633 %)
iter:   9000 (Jcost: 1.985638e-01) (lr = 4.985e-01) (elapsed time: 15072.734) (secs/iter:  1.545) (n_accepted: 81%) (u_error:  6.434351 %) (beta_change: 27.711127 %) (delta_change:  0.521150 %) (delta_peak/R:  7.305481 %)
-> Saved file: /media/rafael/DATA/Dropbox/20220924_FIML_solver/data/output/field_inversion/Beta_k/u_imp_1/FI_run_cRets_u_imp_1_k_imp_1_e_imp_0/FI_run_cRets_u_imp_1_k_imp_1_e_imp_0_state_iter_9000.dat
iter:   9100 (Jcost: 1.985629e-01) (lr = 1.783e-01) (elapsed time: 15223.432) (secs/iter:  1.507) (n_accepted: 78%) (u_error:  6.434509 %) (beta_change: 27.954011 %) (delta_change:  0.521184 %) (delta_peak/R:  7.305313 %)
iter:   9200 (Jcost: 1.985620e-01) (lr = 6.377e-02) (elapsed time: 15400.412) (secs/iter:  1.770) (n_accepted: 78%) (u_error:  6.434514 %) (beta_change: 28.197191 %) (delta_change:  0.521244 %) (delta_peak/R:  7.305259 %)
iter:   9300 (Jcost: 1.985611e-01) (lr = 1.314e-01) (elapsed time: 15565.407) (secs/iter:  1.650) (n_accepted: 80%) (u_error:  6.434938 %) (beta_change: 28.459222 %) (delta_change:  0.521236 %) (delta_peak/R:  7.304889 %)
iter:   9400 (Jcost: 1.985602e-01) (lr = 6.495e-01) (elapsed time: 15739.672) (secs/iter:  1.743) (n_accepted: 81%) (u_error:  6.434634 %) (beta_change: 28.710342 %) (delta_change:  0.521350 %) (delta_peak/R:  7.305066 %)
iter:   9500 (Jcost: 1.985593e-01) (lr = 2.323e-01) (elapsed time: 15910.134) (secs/iter:  1.705) (n_accepted: 78%) (u_error:  6.434559 %) (beta_change: 28.956182 %) (delta_change:  0.521423 %) (delta_peak/R:  7.305072 %)
-> Saved file: /media/rafael/DATA/Dropbox/20220924_FIML_solver/data/output/field_inversion/Beta_k/u_imp_1/FI_run_cRets_u_imp_1_k_imp_1_e_imp_0/FI_run_cRets_u_imp_1_k_imp_1_e_imp_0_state_iter_9500.dat
iter:   9600 (Jcost: 1.985584e-01) (lr = 4.786e-01) (elapsed time: 16095.832) (secs/iter:  1.857) (n_accepted: 80%) (u_error:  6.434762 %) (beta_change: 29.214917 %) (delta_change:  0.521449 %) (delta_peak/R:  7.304868 %)
iter:   9700 (Jcost: 1.985576e-01) (lr = 7.133e-02) (elapsed time: 16239.067) (secs/iter:  1.432) (n_accepted: 77%) (u_error:  6.434433 %) (beta_change: 29.453391 %) (delta_change:  0.521563 %) (delta_peak/R:  7.305066 %)
iter:   9800 (Jcost: 1.985567e-01) (lr = 1.469e-01) (elapsed time: 16342.419) (secs/iter:  1.034) (n_accepted: 80%) (u_error:  6.435201 %) (beta_change: 29.704940 %) (delta_change:  0.521488 %) (delta_peak/R:  7.304442 %)
iter:   9900 (Jcost: 1.985559e-01) (lr = 1.261e-01) (elapsed time: 16507.538) (secs/iter:  1.651) (n_accepted: 79%) (u_error:  6.434704 %) (beta_change: 29.950818 %) (delta_change:  0.521631 %) (delta_peak/R:  7.304765 %)
iter:  10000 (Jcost: 1.985551e-01) (lr = 2.599e-01) (elapsed time: 16684.886) (secs/iter:  1.773) (n_accepted: 80%) (u_error:  6.434323 %) (beta_change: 30.179162 %) (delta_change:  0.521750 %) (delta_peak/R:  7.305005 %)
-> Saved file: /media/rafael/DATA/Dropbox/20220924_FIML_solver/data/output/field_inversion/Beta_k/u_imp_1/FI_run_cRets_u_imp_1_k_imp_1_e_imp_0/FI_run_cRets_u_imp_1_k_imp_1_e_imp_0_state_iter_10000.dat
iter:  10100 (Jcost: 1.985541e-01) (lr = 5.354e-01) (elapsed time: 16866.500) (secs/iter:  1.816) (n_accepted: 80%) (u_error:  6.435178 %) (beta_change: 30.472366 %) (delta_change:  0.521667 %) (delta_peak/R:  7.304308 %)
iter:  10200 (Jcost: 1.985533e-01) (lr = 1.915e-01) (elapsed time: 17042.873) (secs/iter:  1.764) (n_accepted: 78%) (u_error:  6.434070 %) (beta_change: 30.712952 %) (delta_change:  0.521914 %) (delta_peak/R:  7.305089 %)
iter:  10300 (Jcost: 1.985525e-01) (lr = 6.849e-02) (elapsed time: 17187.309) (secs/iter:  1.444) (n_accepted: 78%) (u_error:  6.433794 %) (beta_change: 30.953556 %) (delta_change:  0.522016 %) (delta_peak/R:  7.305248 %)
iter:  10400 (Jcost: 1.985516e-01) (lr = 8.127e-01) (elapsed time: 17293.005) (secs/iter:  1.057) (n_accepted: 82%) (u_error:  6.433675 %) (beta_change: 31.204531 %) (delta_change:  0.522092 %) (delta_peak/R:  7.305288 %)
iter:  10500 (Jcost: 1.985509e-01) (lr = 2.907e-01) (elapsed time: 17411.402) (secs/iter:  1.184) (n_accepted: 78%) (u_error:  6.434031 %) (beta_change: 31.429687 %) (delta_change:  0.522078 %) (delta_peak/R:  7.304978 %)
-> Saved file: /media/rafael/DATA/Dropbox/20220924_FIML_solver/data/output/field_inversion/Beta_k/u_imp_1/FI_run_cRets_u_imp_1_k_imp_1_e_imp_0/FI_run_cRets_u_imp_1_k_imp_1_e_imp_0_state_iter_10500.dat
iter:  10600 (Jcost: 1.985500e-01) (lr = 2.495e-01) (elapsed time: 17578.866) (secs/iter:  1.675) (n_accepted: 79%) (u_error:  6.433708 %) (beta_change: 31.692585 %) (delta_change:  0.522191 %) (delta_peak/R:  7.305169 %)
iter:  10700 (Jcost: 1.985492e-01) (lr = 5.140e-01) (elapsed time: 17757.212) (secs/iter:  1.783) (n_accepted: 80%) (u_error:  6.434293 %) (beta_change: 31.944787 %) (delta_change:  0.522143 %) (delta_peak/R:  7.304683 %)
iter:  10800 (Jcost: 1.985484e-01) (lr = 7.660e-02) (elapsed time: 17916.149) (secs/iter:  1.589) (n_accepted: 77%) (u_error:  6.434150 %) (beta_change: 32.186248 %) (delta_change:  0.522219 %) (delta_peak/R:  7.304744 %)
iter:  10900 (Jcost: 1.985476e-01) (lr = 1.578e-01) (elapsed time: 18075.864) (secs/iter:  1.597) (n_accepted: 80%) (u_error:  6.434474 %) (beta_change: 32.443970 %) (delta_change:  0.522216 %) (delta_peak/R:  7.304452 %)
iter:  11000 (Jcost: 1.985467e-01) (lr = 7.803e-01) (elapsed time: 18247.338) (secs/iter:  1.715) (n_accepted: 81%) (u_error:  6.433088 %) (beta_change: 32.707766 %) (delta_change:  0.522512 %) (delta_peak/R:  7.305437 %)
-> Saved file: /media/rafael/DATA/Dropbox/20220924_FIML_solver/data/output/field_inversion/Beta_k/u_imp_1/FI_run_cRets_u_imp_1_k_imp_1_e_imp_0/FI_run_cRets_u_imp_1_k_imp_1_e_imp_0_state_iter_11000.dat
iter:  11100 (Jcost: 1.985459e-01) (lr = 6.698e-01) (elapsed time: 18406.939) (secs/iter:  1.596) (n_accepted: 79%) (u_error:  6.434004 %) (beta_change: 32.945598 %) (delta_change:  0.522401 %) (delta_peak/R:  7.304708 %)
iter:  11200 (Jcost: 1.985451e-01) (lr = 2.396e-01) (elapsed time: 18586.123) (secs/iter:  1.792) (n_accepted: 78%) (u_error:  6.434016 %) (beta_change: 33.198388 %) (delta_change:  0.522450 %) (delta_peak/R:  7.304651 %)
iter:  11300 (Jcost: 1.985443e-01) (lr = 4.935e-01) (elapsed time: 18758.713) (secs/iter:  1.726) (n_accepted: 80%) (u_error:  6.433463 %) (beta_change: 33.462631 %) (delta_change:  0.522600 %) (delta_peak/R:  7.305014 %)
iter:  11400 (Jcost: 1.985435e-01) (lr = 1.765e-01) (elapsed time: 18927.748) (secs/iter:  1.690) (n_accepted: 78%) (u_error:  6.433988 %) (beta_change: 33.703488 %) (delta_change:  0.522556 %) (delta_peak/R:  7.304577 %)
iter:  11500 (Jcost: 1.985428e-01) (lr = 8.728e-01) (elapsed time: 19101.886) (secs/iter:  1.741) (n_accepted: 81%) (u_error:  6.433330 %) (beta_change: 33.953527 %) (delta_change:  0.522720 %) (delta_peak/R:  7.305021 %)
-> Saved file: /media/rafael/DATA/Dropbox/20220924_FIML_solver/data/output/field_inversion/Beta_k/u_imp_1/FI_run_cRets_u_imp_1_k_imp_1_e_imp_0/FI_run_cRets_u_imp_1_k_imp_1_e_imp_0_state_iter_11500.dat
iter:  11600 (Jcost: 1.985420e-01) (lr = 1.301e-01) (elapsed time: 19279.564) (secs/iter:  1.777) (n_accepted: 77%) (u_error:  6.434209 %) (beta_change: 34.190530 %) (delta_change:  0.522613 %) (delta_peak/R:  7.304320 %)
iter:  11700 (Jcost: 1.985412e-01) (lr = 2.680e-01) (elapsed time: 19443.441) (secs/iter:  1.639) (n_accepted: 80%) (u_error:  6.433841 %) (beta_change: 34.451185 %) (delta_change:  0.522728 %) (delta_peak/R:  7.304546 %)
iter:  11800 (Jcost: 1.985404e-01) (lr = 9.584e-02) (elapsed time: 19622.558) (secs/iter:  1.791) (n_accepted: 78%) (u_error:  6.433917 %) (beta_change: 34.705518 %) (delta_change:  0.522764 %) (delta_peak/R:  7.304443 %)
iter:  11900 (Jcost: 1.985396e-01) (lr = 8.227e-02) (elapsed time: 19732.358) (secs/iter:  1.098) (n_accepted: 79%) (u_error:  6.434402 %) (beta_change: 34.957144 %) (delta_change:  0.522727 %) (delta_peak/R:  7.304033 %)
iter:  12000 (Jcost: 1.985389e-01) (lr = 7.062e-02) (elapsed time: 19836.640) (secs/iter:  1.043) (n_accepted: 79%) (u_error:  6.433720 %) (beta_change: 35.187481 %) (delta_change:  0.522889 %) (delta_peak/R:  7.304500 %)
-> Saved file: /media/rafael/DATA/Dropbox/20220924_FIML_solver/data/output/field_inversion/Beta_k/u_imp_1/FI_run_cRets_u_imp_1_k_imp_1_e_imp_0/FI_run_cRets_u_imp_1_k_imp_1_e_imp_0_state_iter_12000.dat
iter:  12100 (Jcost: 1.985382e-01) (lr = 3.492e-01) (elapsed time: 19938.255) (secs/iter:  1.016) (n_accepted: 81%) (u_error:  6.433733 %) (beta_change: 35.417417 %) (delta_change:  0.522930 %) (delta_peak/R:  7.304448 %)
iter:  12200 (Jcost: 1.985374e-01) (lr = 2.997e-01) (elapsed time: 20039.980) (secs/iter:  1.017) (n_accepted: 79%) (u_error:  6.434102 %) (beta_change: 35.685832 %) (delta_change:  0.522916 %) (delta_peak/R:  7.304123 %)
iter:  12300 (Jcost: 1.985366e-01) (lr = 6.175e-01) (elapsed time: 20150.386) (secs/iter:  1.104) (n_accepted: 80%) (u_error:  6.433928 %) (beta_change: 35.946090 %) (delta_change:  0.522994 %) (delta_peak/R:  7.304205 %)
iter:  12400 (Jcost: 1.985359e-01) (lr = 9.202e-02) (elapsed time: 20296.368) (secs/iter:  1.460) (n_accepted: 77%) (u_error:  6.433958 %) (beta_change: 36.176097 %) (delta_change:  0.523031 %) (delta_peak/R:  7.304140 %)
iter:  12500 (Jcost: 1.985352e-01) (lr = 4.550e-01) (elapsed time: 20456.179) (secs/iter:  1.598) (n_accepted: 81%) (u_error:  6.434292 %) (beta_change: 36.436741 %) (delta_change:  0.523021 %) (delta_peak/R:  7.303843 %)
-> Saved file: /media/rafael/DATA/Dropbox/20220924_FIML_solver/data/output/field_inversion/Beta_k/u_imp_1/FI_run_cRets_u_imp_1_k_imp_1_e_imp_0/FI_run_cRets_u_imp_1_k_imp_1_e_imp_0_state_iter_12500.dat
iter:  12600 (Jcost: 1.985344e-01) (lr = 1.627e-01) (elapsed time: 20636.251) (secs/iter:  1.801) (n_accepted: 78%) (u_error:  6.433734 %) (beta_change: 36.675144 %) (delta_change:  0.523161 %) (delta_peak/R:  7.304217 %)
iter:  12700 (Jcost: 1.985337e-01) (lr = 8.046e-01) (elapsed time: 20801.057) (secs/iter:  1.648) (n_accepted: 81%) (u_error:  6.433970 %) (beta_change: 36.934364 %) (delta_change:  0.523166 %) (delta_peak/R:  7.303993 %)
iter:  12800 (Jcost: 1.985330e-01) (lr = 2.878e-01) (elapsed time: 20978.992) (secs/iter:  1.779) (n_accepted: 78%) (u_error:  6.433564 %) (beta_change: 37.166901 %) (delta_change:  0.523279 %) (delta_peak/R:  7.304254 %)
iter:  12900 (Jcost: 1.985322e-01) (lr = 1.029e-01) (elapsed time: 21152.660) (secs/iter:  1.737) (n_accepted: 78%) (u_error:  6.433718 %) (beta_change: 37.417019 %) (delta_change:  0.523296 %) (delta_peak/R:  7.304094 %)
iter:  13000 (Jcost: 1.985315e-01) (lr = 5.089e-01) (elapsed time: 21311.111) (secs/iter:  1.585) (n_accepted: 81%) (u_error:  6.433929 %) (beta_change: 37.681388 %) (delta_change:  0.523306 %) (delta_peak/R:  7.303888 %)
-> Saved file: /media/rafael/DATA/Dropbox/20220924_FIML_solver/data/output/field_inversion/Beta_k/u_imp_1/FI_run_cRets_u_imp_1_k_imp_1_e_imp_0/FI_run_cRets_u_imp_1_k_imp_1_e_imp_0_state_iter_13000.dat
iter:  13100 (Jcost: 1.985308e-01) (lr = 1.820e-01) (elapsed time: 21492.163) (secs/iter:  1.811) (n_accepted: 78%) (u_error:  6.433525 %) (beta_change: 37.916655 %) (delta_change:  0.523417 %) (delta_peak/R:  7.304147 %)
iter:  13200 (Jcost: 1.985300e-01) (lr = 3.750e-01) (elapsed time: 21658.498) (secs/iter:  1.663) (n_accepted: 80%) (u_error:  6.433140 %) (beta_change: 38.172636 %) (delta_change:  0.523529 %) (delta_peak/R:  7.304389 %)
iter:  13300 (Jcost: 1.985294e-01) (lr = 7.726e-01) (elapsed time: 21822.791) (secs/iter:  1.643) (n_accepted: 80%) (u_error:  6.433429 %) (beta_change: 38.398366 %) (delta_change:  0.523517 %) (delta_peak/R:  7.304132 %)
iter:  13400 (Jcost: 1.985286e-01) (lr = 2.763e-01) (elapsed time: 21996.525) (secs/iter:  1.737) (n_accepted: 78%) (u_error:  6.433873 %) (beta_change: 38.665170 %) (delta_change:  0.523485 %) (delta_peak/R:  7.303752 %)
iter:  13500 (Jcost: 1.985279e-01) (lr = 4.118e-02) (elapsed time: 22175.001) (secs/iter:  1.785) (n_accepted: 77%) (u_error:  6.433368 %) (beta_change: 38.906050 %) (delta_change:  0.523614 %) (delta_peak/R:  7.304087 %)
-> Saved file: /media/rafael/DATA/Dropbox/20220924_FIML_solver/data/output/field_inversion/Beta_k/u_imp_1/FI_run_cRets_u_imp_1_k_imp_1_e_imp_0/FI_run_cRets_u_imp_1_k_imp_1_e_imp_0_state_iter_13500.dat
iter:  13600 (Jcost: 1.985271e-01) (lr = 4.887e-01) (elapsed time: 22340.557) (secs/iter:  1.656) (n_accepted: 82%) (u_error:  6.433630 %) (beta_change: 39.165657 %) (delta_change:  0.523612 %) (delta_peak/R:  7.303845 %)
iter:  13700 (Jcost: 1.985265e-01) (lr = 4.195e-01) (elapsed time: 22516.621) (secs/iter:  1.761) (n_accepted: 79%) (u_error:  6.433378 %) (beta_change: 39.397323 %) (delta_change:  0.523695 %) (delta_peak/R:  7.303991 %)
iter:  13800 (Jcost: 1.985257e-01) (lr = 8.642e-01) (elapsed time: 22679.543) (secs/iter:  1.629) (n_accepted: 80%) (u_error:  6.433100 %) (beta_change: 39.653474 %) (delta_change:  0.523786 %) (delta_peak/R:  7.304153 %)
iter:  13900 (Jcost: 1.985250e-01) (lr = 1.288e-01) (elapsed time: 22854.591) (secs/iter:  1.750) (n_accepted: 77%) (u_error:  6.433254 %) (beta_change: 39.899130 %) (delta_change:  0.523800 %) (delta_peak/R:  7.303995 %)
iter:  14000 (Jcost: 1.985243e-01) (lr = 2.653e-01) (elapsed time: 23026.591) (secs/iter:  1.720) (n_accepted: 80%) (u_error:  6.432773 %) (beta_change: 40.159027 %) (delta_change:  0.523927 %) (delta_peak/R:  7.304308 %)
-> Saved file: /media/rafael/DATA/Dropbox/20220924_FIML_solver/data/output/field_inversion/Beta_k/u_imp_1/FI_run_cRets_u_imp_1_k_imp_1_e_imp_0/FI_run_cRets_u_imp_1_k_imp_1_e_imp_0_state_iter_14000.dat
iter:  14100 (Jcost: 1.985236e-01) (lr = 2.277e-01) (elapsed time: 23194.904) (secs/iter:  1.683) (n_accepted: 79%) (u_error:  6.433238 %) (beta_change: 40.391141 %) (delta_change:  0.523884 %) (delta_peak/R:  7.303919 %)
iter:  14200 (Jcost: 1.985229e-01) (lr = 1.955e-01) (elapsed time: 23366.948) (secs/iter:  1.720) (n_accepted: 79%) (u_error:  6.433201 %) (beta_change: 40.653936 %) (delta_change:  0.523933 %) (delta_peak/R:  7.303900 %)
iter:  14300 (Jcost: 1.985221e-01) (lr = 4.028e-01) (elapsed time: 23524.441) (secs/iter:  1.575) (n_accepted: 80%) (u_error:  6.432921 %) (beta_change: 40.925741 %) (delta_change:  0.524026 %) (delta_peak/R:  7.304061 %)
iter:  14400 (Jcost: 1.985214e-01) (lr = 3.457e-01) (elapsed time: 23693.012) (secs/iter:  1.686) (n_accepted: 79%) (u_error:  6.432683 %) (beta_change: 41.180451 %) (delta_change:  0.524108 %) (delta_peak/R:  7.304194 %)
iter:  14500 (Jcost: 1.985207e-01) (lr = 7.122e-01) (elapsed time: 23860.686) (secs/iter:  1.677) (n_accepted: 80%) (u_error:  6.433298 %) (beta_change: 41.447302 %) (delta_change:  0.524044 %) (delta_peak/R:  7.303687 %)
-> Saved file: /media/rafael/DATA/Dropbox/20220924_FIML_solver/data/output/field_inversion/Beta_k/u_imp_1/FI_run_cRets_u_imp_1_k_imp_1_e_imp_0/FI_run_cRets_u_imp_1_k_imp_1_e_imp_0_state_iter_14500.dat
iter:  14600 (Jcost: 1.985200e-01) (lr = 2.547e-01) (elapsed time: 24036.733) (secs/iter:  1.760) (n_accepted: 78%) (u_error:  6.433109 %) (beta_change: 41.670624 %) (delta_change:  0.524112 %) (delta_peak/R:  7.303789 %)
iter:  14700 (Jcost: 1.985193e-01) (lr = 5.248e-01) (elapsed time: 24201.644) (secs/iter:  1.649) (n_accepted: 80%) (u_error:  6.433122 %) (beta_change: 41.935409 %) (delta_change:  0.524152 %) (delta_peak/R:  7.303732 %)
iter:  14800 (Jcost: 1.985186e-01) (lr = 1.081e+00) (elapsed time: 24356.052) (secs/iter:  1.544) (n_accepted: 80%) (u_error:  6.433570 %) (beta_change: 42.199034 %) (delta_change:  0.524115 %) (delta_peak/R:  7.303351 %)
iter:  14900 (Jcost: 1.985179e-01) (lr = 9.281e-01) (elapsed time: 24520.011) (secs/iter:  1.640) (n_accepted: 79%) (u_error:  6.433037 %) (beta_change: 42.426196 %) (delta_change:  0.524244 %) (delta_peak/R:  7.303709 %)
iter:  15000 (Jcost: 1.985172e-01) (lr = 3.319e-01) (elapsed time: 24689.299) (secs/iter:  1.693) (n_accepted: 78%) (u_error:  6.433029 %) (beta_change: 42.686717 %) (delta_change:  0.524286 %) (delta_peak/R:  7.303670 %)
-> Saved file: /media/rafael/DATA/Dropbox/20220924_FIML_solver/data/output/field_inversion/Beta_k/u_imp_1/FI_run_cRets_u_imp_1_k_imp_1_e_imp_0/FI_run_cRets_u_imp_1_k_imp_1_e_imp_0_state_iter_15000.dat
iter:  15000 (Jcost: 1.985172e-01) (lr = 3.983e-01) (elapsed time: 24695.562) (secs/iter:   None) (n_accepted: 0%) (u_error:  6.432997 %) (beta_change: 42.690145 %) (delta_change:  0.524292 %) (delta_peak/R:  7.303693 %)
