# ------------------------------------------------------------------------
#                  Input Arguments
# ------------------------------------------------------------------------
# Begin_Input_Arguments
{ 'all_b_mode': ['Beta_k', 'Beta_e'],
  'args_mk_solver': { 'torch': "<module 'torch' from "
                               "'/home/rafael/anaconda3/lib/python3.9/site-packages/torch/__init__.py'>",
                      'y_grid': [0.0, 0.000309700312, 0.000638645973, 0.00098802599, 0.00135910194, 0.00175321227, 0.00217177688, 0.00261630193, 0.00308838486, 0.00358971984, 0.00412210331, 0.00468744001, 0.00528774917, 0.00592517114, 0.00660197432, 0.0073205624, 0.00808348206, 0.00889343092, 0.00975326602, 0.0106660126, 0.0116348733, 0.0126632377, 0.0137546927, 0.0149130326, 0.0161422702, 0.0174466482, 0.0188306506, 0.0202990157, 0.0218567475, 0.02350913, 0.0252617393, 0.0271204584, 0.0290914903, 0.0311813732, 0.033396994, 0.0357456039, 0.0382348325, 0.0408727029, 0.0436676462, 0.0466285159, 0.0497646022, 0.0530856456, 0.0566018496, 0.0603238931, 0.0642629411, 0.068430655, 0.0728392004, 0.0775012535, 0.0824300053, 0.0876391634, 0.0931429507, 0.0989561006, 0.105093849, 0.111571922, 0.118406518, 0.125614286, 0.133212296, 0.141218006, 0.14964922, 0.158524039, 0.167860801, 0.177678022, 0.187994313, 0.1988283, 0.21019853, 0.222123362, 0.234620856, 0.247708641, 0.261403784, 0.275722637, 0.290680679, 0.306292354, 0.322570888, 0.339528108, 0.357174255, 0.375517785, 0.394565175, 0.414320726, 0.43478637, 0.45596148, 0.47784269, 0.500423731, 0.523695275, 0.547644806, 0.572256506, 0.597511177, 0.623386184, 0.649855436, 0.676889401, 0.704455158, 0.73251649, 0.761034018, 0.789965372, 0.819265404, 0.848886442, 0.878778572, 0.908889961, 0.939167201, 0.969555687, 1.0],
                      'Ret': 395,
                      'cp': 1.0,
                      'A_sca_rho': 1.0,
                      'A_sca_mu': 0.002531645569620253,
                      'A_sca_k': 0.002531645569620253,
                      'b_exp_rho': -1,
                      'b_exp_mu': -1,
                      'b_exp_k': 0,
                      'tensor_device': 'cpu',
                      'as_tensor': '<function '
                                   'Build_arguments_fi_run._mk_args_MK_solver.<locals>.<lambda> '
                                   'at 0x7fa302839f70>',
                      'ref_dns': { 'u_dns': [1.6604070449747038e-18, 0.1205884801203193, 0.2499251942501797, 0.38861246425692714, 0.537277594248109, 0.6965689068607801, 0.8671500803901598, 1.0496923160379636, 1.2448637838289556, 1.4533539816135914, 1.6760104340391078, 1.9137621658553203, 2.1675817616461024, 2.4384245502204136, 2.7270336376081015, 3.034010610343146, 3.359809719612268, 3.704686759507428, 4.06862878142968, 4.451293657858674, 4.852056381085009, 5.269843365917133, 5.703124200245736, 6.149902249470621, 6.607646413651003, 7.073710781337608, 7.545052286779787, 8.018748334933674, 8.491595461327009, 8.960173816766515, 9.421316830014142, 9.872563317159965, 10.312044550119925, 10.737792747178965, 11.147231079447167, 11.54012267473159, 11.916097505254822, 12.274070509151048, 12.614904998269864, 12.938555750671165, 13.245529317765946, 13.536146721332239, 13.812055554148998, 14.073809515779594, 14.322307343368884, 14.55910127545769, 14.784692213466663, 15.000217794939195, 15.208368237063086, 15.408284438057406, 15.60282341282726, 15.792203508355703, 15.975944821298533, 16.15811186467416, 16.336200201770296, 16.51214211204953, 16.687879094209386, 16.862675820087627, 17.037638233565474, 17.213934937197077, 17.39103104332804, 17.569002685686254, 17.748725069177553, 17.93099067052162, 18.11355269802341, 18.297922379129588, 18.484240763876016, 18.672207222222532, 18.861521078261674, 19.052598216706475, 19.24639097159079, 19.44164393032794, 19.639826777990137, 19.83873716309565, 20.039954516629322, 20.241596869747948, 20.442772546909875, 20.64426594822684, 20.844746153382896, 21.042654650619212, 21.238668099133147, 21.43458217352778, 21.629579149039756, 21.82303530690872, 22.014895449627094, 22.204397936215823, 22.388621693507694, 22.56866784486775, 22.742961735273173, 22.911388111894674, 23.07261272715548, 23.222952067516374, 23.361961583434404, 23.486856265297515, 23.596488503006956, 23.6899302964938, 23.76562319087924, 23.82041209075398, 23.853919833758464, 23.865306437535928],
                                   'T_dns': [1.0, 1.0048736149223167, 1.010072583108913, 1.0156156354327224, 1.0215216234940627, 1.027809226260638, 1.034496568092096, 1.0416007260886406, 1.0491371009857058, 1.0571205049703423, 1.0655717815815196, 1.074513933278667, 1.0839701576933294, 1.0939623503314602, 1.104506644308671, 1.1156147373479344, 1.1272937578400295, 1.1395471367311638, 1.1523726734201931, 1.165758477864684, 1.1796743104066452, 1.1940708866471523, 1.2089019272120733, 1.2241410937974821, 1.2397390791648337, 1.2555749791073278, 1.2715169540638522, 1.2875344452658517, 1.3036006865504184, 1.3196111051358241, 1.3354494256749798, 1.3510133053239324, 1.366241095977303, 1.3811103570598133, 1.395611755672266, 1.4096028918009638, 1.4230768240824223, 1.4361366174410695, 1.4486238347845048, 1.460663030991802, 1.4721556901593804, 1.4832094058761813, 1.4937463808777918, 1.5038920661786062, 1.5136283650658429, 1.5229869799876847, 1.5319684484544382, 1.540671002797314, 1.5490953760699808, 1.5572914474420847, 1.5652685923808103, 1.573050134207229, 1.5805643779333212, 1.5880594514417945, 1.595324265286125, 1.602502871526733, 1.609664291303291, 1.616665003918673, 1.6236062804791405, 1.630583760273602, 1.6374480035760504, 1.6443120307284957, 1.6510796891543649, 1.6579624112264426, 1.6647454933458297, 1.6715064903756534, 1.6783385125870478, 1.6850455293387794, 1.6917781997057755, 1.6985062149789518, 1.705196006051974, 1.711999151883593, 1.7187589682390154, 1.7255462606715113, 1.73226664200027, 1.7390211879144033, 1.745795735257988, 1.7524722661256351, 1.7590925851482293, 1.7657587501150056, 1.7722477173491629, 1.77868831363835, 1.7849658543989189, 1.79118266605529, 1.7972220120513203, 1.803120611872639, 1.8087591241429968, 1.8142735176131068, 1.819502260248617, 1.8245817075682653, 1.8292785708467174, 1.8336641090351349, 1.8376499510398334, 1.8412117739112592, 1.844313745972757, 1.8468498334324928, 1.8487898384413675, 1.8502506833170884, 1.8510974303734569, 1.8513968726110601],
                                   'mu_dns': [0.002531645569620253, 0.002519367144310945, 0.0025063996508330865, 0.0024927201603602697, 0.002478308350400737, 0.002463147347714374, 0.0024472247155825017, 0.0024305336067947493, 0.0024130741037007193, 0.00239485049974627, 0.0023758564306787383, 0.0023560844501061395, 0.002335530689338859, 0.0023141980789861635, 0.0022921053328790538, 0.0022692830104042378, 0.0022457727207423344, 0.002221624264602497, 0.0021968983020973906, 0.0021716724499035688, 0.002146054675673636, 0.002120180299118501, 0.002094169520813524, 0.002068099488243371, 0.002042079347313734, 0.00201632368575883, 0.0019910435024314437, 0.0019662740510973404, 0.001942040684497859, 0.001918478527323152, 0.0018957255295090466, 0.00187388648183094, 0.001853000599289769, 0.0018330508903066697, 0.0018140041880062552, 0.001795999131631834, 0.0017789943078109073, 0.0017628166699984146, 0.0017476210930885705, 0.0017332167076900998, 0.0017196860267857735, 0.0017068699534876033, 0.0016948295922447998, 0.0016833957878727105, 0.0016725674730006309, 0.0016622896997062475, 0.0016525441970912404, 0.001643209721623682, 0.0016342735306866512, 0.001625672300312562, 0.001617387317386571, 0.0016093864490187581, 0.0016017351807779735, 0.0015941755627106905, 0.0015869159798470168, 0.0015798071969807513, 0.0015727786118498442, 0.0015659679423280252, 0.001559273082432979, 0.001552600750295378, 0.0015460921898535706, 0.0015396381722626168, 0.0015333273047025905, 0.0015269619820557465, 0.0015207403051935074, 0.0015145891351288098, 0.0015084236884476236, 0.00150241968275699, 0.001496440591361529, 0.0014905129856422844, 0.0014846654347272083, 0.0014787656680991111, 0.0014729497366428842, 0.0014671560115896525, 0.0014614641350461674, 0.0014557876506705702, 0.0014501384775385162, 0.0014446137713877859, 0.0014391769887466869, 0.001433743748660662, 0.0014284941912110112, 0.0014233216411264945, 0.0014183159657543006, 0.001413393294607791, 0.0014086437583360522, 0.0014040356218827765, 0.0013996587692790578, 0.0013954045765662362, 0.0013913945725323412, 0.001387521073525579, 0.0013839584686374101, 0.0013806484825360915, 0.001377653871559011, 0.0013749888011210768, 0.0013726761919702402, 0.0013707912380266577, 0.001369352815003879, 0.0013682716576986073, 0.0013676457695203522, 0.0013674245684826211],
                                   'rho_dns': [1.0, 0.9951500220028232, 0.9900278620790691, 0.9846244633423066, 0.978931798408291, 0.9729432023471777, 0.9666537626550881, 0.9600607746839259, 0.9531642709617841, 0.9459659473997766, 0.9384632901181016, 0.930653357791925, 0.9225346222888493, 0.9141082411995345, 0.9053816064872262, 0.8963667891096738, 0.887080224693222, 0.8775415845179864, 0.8677748293284693, 0.8578106177119096, 0.8476915968910862, 0.8374712181518079, 0.827196960721342, 0.8168992978561315, 0.8066213421889249, 0.7964478558747378, 0.7864621834604202, 0.7766782501834495, 0.7671060703766542, 0.7577990182926451, 0.7488115841560734, 0.7401851603232212, 0.7319352367194587, 0.7240551016711345, 0.7165316542624708, 0.7094196569945744, 0.7027027515853084, 0.6963125846493737, 0.6903103317699854, 0.6846205995375894, 0.6792759805803805, 0.6742136316276033, 0.6694576889366959, 0.6649413362097206, 0.6606641518352492, 0.6566044313839677, 0.65275495785104, 0.6490678400413543, 0.6455380446212272, 0.642140558623462, 0.6388679903676956, 0.6357076473624095, 0.6326853964072995, 0.6296993472707227, 0.6268318120395716, 0.6240238428073968, 0.6212475516806885, 0.61855733721957, 0.6159128675610267, 0.6132772963666743, 0.6107064149921604, 0.6081570780437336, 0.6056642853575233, 0.6031499829120198, 0.6006924205514355, 0.5982627083758799, 0.5958273569368113, 0.593455774689011, 0.5910940335878039, 0.5887526293287023, 0.5864428467172472, 0.5841124388991489, 0.5818151459739392, 0.5795266245779127, 0.5772783333432361, 0.5750361220148752, 0.5728046986277139, 0.5706224396981754, 0.5684749105549413, 0.5663287807209615, 0.5642552055283494, 0.5622120482449653, 0.5602348064729488, 0.5582903513700774, 0.5564142845427406, 0.5545940706436967, 0.5528652138652278, 0.5511848077436633, 0.5496008561502748, 0.5480708240426037, 0.546663595111777, 0.5453561506017561, 0.5441732792658093, 0.5431205764428253, 0.5422070958282449, 0.5414625390205298, 0.5408943619265322, 0.5404673047909498, 0.5402200789605391, 0.5401327045506353]},
                      'case': 'T31_Cv',
                      'constant_Sq_heat': 0.04050632911392405,
                      'use_visc_heating': False,
                      'Pr_turb': 1.0,
                      'fprint': '<function '
                                'Build_arguments_fi_run._mk_args_MK_solver.<locals>.<lambda> '
                                'at 0x7fa3028399d0>',
                      'compressible_correction': False,
                      'bool_solve_energy': False,
                      'output_last': False},
  'u_imp': 1,
  'k_imp': 1,
  'e_imp': 1,
  'solve_sparse_adj': True,
  'all_ref_beta_distrib': {'K': [1.0, 0.9999103, 0.99982029, 0.99973193, 0.99964661, 0.99956617, 0.99949302, 0.99943021, 0.99938144, 0.99935108, 0.99934415, 0.99936634, 0.99942396, 0.99952394, 0.99967382, 0.99988175, 1.00015649, 1.00050742, 1.0009445, 1.00147775, 1.00211598, 1.00286479, 1.0037251, 1.00469332, 1.00576186, 1.00691922, 1.00815074, 1.00944082, 1.01077341, 1.01213174, 1.01349924, 1.01485978, 1.01619793, 1.01749894, 1.01874857, 1.01992951, 1.02102656, 1.02202691, 1.02291115, 1.02366673, 1.0242749, 1.02472235, 1.02499037, 1.02506538, 1.02492927, 1.02456447, 1.02395083, 1.02306883, 1.02189486, 1.02040612, 1.01858042, 1.01640128, 1.01386093, 1.01097312, 1.00776832, 1.00430966, 1.0006876, 0.9970183, 0.99343813, 0.99009195, 0.98712356, 0.98466424, 0.98282618, 0.98169397, 0.98132488, 0.98174537, 0.98295339, 0.98492047, 0.98759458, 0.99090403, 0.99476005, 0.9990611, 1.00369511, 1.00854408, 1.01348663, 1.01840152, 1.02317025, 1.02767958, 1.03182341, 1.03550553, 1.03864103, 1.04115762, 1.0429971, 1.04412023, 1.04450929, 1.0441716, 1.0431404, 1.04147567, 1.0392626, 1.03661054, 1.03364853, 1.03052033, 1.02737525, 1.02435921, 1.02160423, 1.01922, 1.01728974, 1.01587228, 1.01500531, 1.00735517], 'E': [1.0, 0.99994749, 0.99991066, 0.99986808, 0.99981693, 0.99975552, 0.999682, 0.99959422, 0.99948974, 0.9993658, 0.99921928, 0.9990468, 0.99884487, 0.99861046, 0.99834209, 0.99804198, 0.99771835, 0.9973845, 0.99704702, 0.9966822, 0.99622655, 0.99561686, 0.99484227, 0.993919, 0.99284308, 0.99159795, 0.99016588, 0.98852865, 0.98666816, 0.98456752, 0.98221106, 0.97958484, 0.97667718, 0.97347952, 0.96998763, 0.96620867, 0.96215647, 0.95785203, 0.95334237, 0.94868057, 0.94395647, 0.93928969, 0.93489079, 0.9310913, 0.92839585, 0.92741367, 0.92871241, 0.93262386, 0.9391306, 0.9478493, 0.95813253, 0.96921385, 0.98034898, 0.99090811, 1.00042641, 1.00860195, 1.01527852, 1.02041429, 1.02404675, 1.02626612, 1.02719501, 1.02696916, 1.02572871, 1.02361021, 1.02074604, 1.017259, 1.0132639, 1.00886926, 1.00417591, 0.99927989, 0.99427354, 0.9892461, 0.98428407, 0.97947134, 0.97488874, 0.97061448, 0.96672189, 0.96327851, 0.96034696, 0.95798206, 0.95622806, 0.9551203, 0.95468142, 0.95491804, 0.95581731, 0.95734484, 0.95944387, 0.96203574, 0.96502137, 0.96828388, 0.97169325, 0.97511234, 0.97840584, 0.98144915, 0.98413791, 0.98639509, 0.98817296, 0.98944843, 0.9902155, 0.99523751]},
  'all_ref_delta_distrib': {'K': [-0.0, 0.004141701498340529, 0.00836100312073124, 0.012587649095519415, 0.01678110421121689, 0.02088076351425134, 0.02479642461272684, 0.02839918135444946, 0.031512680518826566, 0.03390070591887187, 0.0352528689719914, 0.03516440175863671, 0.03311538027919352, 0.02844358863291949, 0.020315603434179944, 0.007697589890833214, -0.01066884548667272, -0.03628114612075267, -0.07087249216439595, -0.11635286252971126, -0.1746429248817329, -0.24732797709994414, -0.3351856847654151, -0.4378082065032782, -0.553406723905332, -0.6788016657273864, -0.8096740386967984, -0.9411108067899576, -1.0681891711626597, -1.186480963751002, -1.2924319214060411, -1.383503252949034, -1.4581433319745232, -1.5156499757905812, -1.5560022921387007, -1.5795630475346507, -1.5870783267850348, -1.5795581642621366, -1.5579437548675863, -1.5234335847186304, -1.4770737860903191, -1.420059733146408, -1.3534451721339078, -1.2783882685161054, -1.1959391919314388, -1.1071628967616671, -1.0130681149355152, -0.9146724962573245, -0.8129304546475257, -0.7088192921369255, -0.6033316349732011, -0.49755393113018875, -0.39269822714071856, -0.29024163056682784, -0.19182965906117158, -0.09936173700352405, -0.0148036898302632, 0.059967392799125094, 0.1233296020705657, 0.1740965617451235, 0.21163718548009552, 0.23588853234076892, 0.24734978766648594, 0.24697727432158584, 0.2361356428367048, 0.21641298115566315, 0.1895335000022572, 0.1572957869229939, 0.12141956254306464, 0.08354179791610818, 0.04515931069895007, 0.007590953169697099, -0.028017380257649604, -0.060724676931344077, -0.08978918732951738, -0.11465766389679462, -0.13496582620998454, -0.15053428200622365, -0.16133198665913964, -0.1674685754991077, -0.16921421762407673, -0.16691785065333775, -0.16104466083727118, -0.15212657342145203, -0.14078117038815807, -0.12765830542461076, -0.1134341917816886, -0.09875296456419952, -0.08423011579244041, -0.0703918770467879, -0.05768152717215166, -0.04641319042003145, -0.036778865136187104, -0.02884345133376804, -0.02256047126243562, -0.01779869777333553, -0.014376115895008139, -0.012100537978474019, -0.01080774869482744, -0.005193286573830393], 'E': [-0.0, 0.053185186444687664, 0.12103644307239497, 0.20109619696106015, 0.29783788049499293, 0.4153055718531415, 0.5584358578128311, 0.7334790253271721, 0.9482622528174383, 1.212606621151919, 1.5388926335243174, 1.942569082374865, 2.4429488187952573, 3.0639216504711424, 3.834990139579072, 4.79202726841509, 5.978367188942081, 7.445710940644788, 9.255312492513452, 11.478924952379122, 14.197819212102457, 17.492974763501344, 21.424916737007454, 26.015166471852886, 31.237883962681956, 37.01377941513737, 43.21169517914711, 49.662390998055066, 56.17600470000741, 62.5607686623094, 68.64077971591587, 74.26654232343532, 79.31904553309147, 83.70881888209432, 87.37273805069701, 90.2622384589096, 92.34622044246329, 93.60726228693537, 94.02353860736073, 93.58837950560026, 92.28309577564559, 90.08064839600584, 86.89606178917495, 82.57499646899855, 76.91082650694365, 69.76578731390767, 61.209988576818006, 51.59718616261699, 41.512971853918216, 31.633148981672036, 22.56352372451315, 14.730518942843505, 8.345197278790554, 3.426373560583863, -0.14265261530335638, -2.5559830199751192, -4.035383006326697, -4.797899296634402, -5.035140316787197, -4.906263186979277, -4.538274812394028, -4.02682978752547, -3.442689195466743, -2.8353069682091, -2.2394358705140487, -1.677122208063054, -1.161855099840595, -0.7012850536709438, -0.2983935111476639, 0.046549826515399705, 0.3351759409681778, 0.5702744980558289, 0.7554364625393089, 0.8946290190516805, 0.9921247423134216, 1.0521618573087108, 1.07908528888013, 1.0772998720579763, 1.05100964422093, 1.004311269150504, 0.9414246964951241, 0.8661941367959068, 0.782441100052383, 0.6937061593207667, 0.6034026742647955, 0.5145756337772872, 0.429921830265347, 0.3515873618653268, 0.28124501476998576, 0.21993109033921923, 0.16815263247076082, 0.12582536969045136, 0.09239971452088346, 0.06694614622183184, 0.04829431555828079, 0.03518191144617591, 0.026396834618391818, 0.020901400773179524, 0.01791777550598346, 0.008483232971423896]},
  'fname_print': '/media/rafael/DATA/Dropbox/20220924_FIML_solver/data/output/field_inversion/Beta_k__1__Beta_e__1/u_imp_1/FI_run_T31_Cv_u_imp_1_k_imp_1_e_imp_1/FI_run_T31_Cv_u_imp_1_k_imp_1_e_imp_1.log',
  'folder': '/media/rafael/DATA/Dropbox/20220924_FIML_solver/data/output/field_inversion/Beta_k__1__Beta_e__1/u_imp_1/FI_run_T31_Cv_u_imp_1_k_imp_1_e_imp_1',
  'iters_limit': 15000}
# End_Input_Arguments

# ------------------------------------------------------------------------
#                  Iterations
# ------------------------------------------------------------------------

iter:      0 (Jcost: 2.144690e-01) (lr = 1.000e-03) (elapsed time:  0.002) (secs/iter:   None) (n_accepted: 0%) (u_error:  7.736681 %) (beta_change:  5.854781 %) (delta_change:  1.477799 %) (delta_peak/R:  0.000000 %)
-> Saved file: /media/rafael/DATA/Dropbox/20220924_FIML_solver/data/output/field_inversion/Beta_k__1__Beta_e__1/u_imp_1/FI_run_T31_Cv_u_imp_1_k_imp_1_e_imp_1/FI_run_T31_Cv_u_imp_1_k_imp_1_e_imp_1_state_iter_0.dat
iter:    100 (Jcost: 1.508935e-02) (lr = 7.874e-01) (elapsed time: 141.116) (secs/iter:  1.411) (n_accepted: 87%) (u_error:  2.334906 %) (beta_change:  1.885571 %) (delta_change:  0.150478 %) (delta_peak/R:  1.415729 %)
iter:    200 (Jcost: 1.462036e-02) (lr = 1.173e-01) (elapsed time: 267.711) (secs/iter:  1.266) (n_accepted: 77%) (u_error:  2.274461 %) (beta_change:  0.349825 %) (delta_change:  0.064856 %) (delta_peak/R:  1.421596 %)
iter:    300 (Jcost: 1.439873e-02) (lr = 5.802e-01) (elapsed time: 384.227) (secs/iter:  1.165) (n_accepted: 81%) (u_error:  2.250960 %) (beta_change:  1.209486 %) (delta_change:  0.114569 %) (delta_peak/R:  1.417359 %)
iter:    400 (Jcost: 1.429731e-02) (lr = 4.980e-01) (elapsed time: 502.511) (secs/iter:  1.183) (n_accepted: 79%) (u_error:  2.237497 %) (beta_change:  2.123244 %) (delta_change:  0.161448 %) (delta_peak/R:  1.413953 %)
iter:    500 (Jcost: 1.423586e-02) (lr = 4.275e-01) (elapsed time: 622.229) (secs/iter:  1.197) (n_accepted: 79%) (u_error:  2.237320 %) (beta_change:  2.850632 %) (delta_change:  0.193103 %) (delta_peak/R:  1.406947 %)
-> Saved file: /media/rafael/DATA/Dropbox/20220924_FIML_solver/data/output/field_inversion/Beta_k__1__Beta_e__1/u_imp_1/FI_run_T31_Cv_u_imp_1_k_imp_1_e_imp_1/FI_run_T31_Cv_u_imp_1_k_imp_1_e_imp_1_state_iter_500.dat
iter:    600 (Jcost: 1.419719e-02) (lr = 3.670e-01) (elapsed time: 746.987) (secs/iter:  1.248) (n_accepted: 79%) (u_error:  2.223341 %) (beta_change:  3.369364 %) (delta_change:  0.215171 %) (delta_peak/R:  1.408762 %)
iter:    700 (Jcost: 1.416883e-02) (lr = 1.313e-01) (elapsed time: 864.534) (secs/iter:  1.175) (n_accepted: 78%) (u_error:  2.221170 %) (beta_change:  3.812447 %) (delta_change:  0.232081 %) (delta_peak/R:  1.406002 %)
iter:    800 (Jcost: 1.414397e-02) (lr = 6.490e-01) (elapsed time: 977.753) (secs/iter:  1.132) (n_accepted: 81%) (u_error:  2.216318 %) (beta_change:  4.240824 %) (delta_change:  0.246669 %) (delta_peak/R:  1.404851 %)
iter:    900 (Jcost: 1.412613e-02) (lr = 2.321e-01) (elapsed time: 1093.974) (secs/iter:  1.162) (n_accepted: 78%) (u_error:  2.213316 %) (beta_change:  4.577889 %) (delta_change:  0.256324 %) (delta_peak/R:  1.403785 %)
iter:   1000 (Jcost: 1.411189e-02) (lr = 1.992e-01) (elapsed time: 1212.215) (secs/iter:  1.182) (n_accepted: 79%) (u_error:  2.213470 %) (beta_change:  4.860838 %) (delta_change:  0.263117 %) (delta_peak/R:  1.401779 %)
-> Saved file: /media/rafael/DATA/Dropbox/20220924_FIML_solver/data/output/field_inversion/Beta_k__1__Beta_e__1/u_imp_1/FI_run_T31_Cv_u_imp_1_k_imp_1_e_imp_1/FI_run_T31_Cv_u_imp_1_k_imp_1_e_imp_1_state_iter_1000.dat
iter:   1100 (Jcost: 1.409854e-02) (lr = 4.105e-01) (elapsed time: 1332.570) (secs/iter:  1.204) (n_accepted: 80%) (u_error:  2.210095 %) (beta_change:  5.139649 %) (delta_change:  0.269206 %) (delta_peak/R:  1.401553 %)
iter:   1200 (Jcost: 1.408651e-02) (lr = 8.457e-01) (elapsed time: 1451.114) (secs/iter:  1.185) (n_accepted: 80%) (u_error:  2.206786 %) (beta_change:  5.402066 %) (delta_change:  0.274295 %) (delta_peak/R:  1.401497 %)
iter:   1300 (Jcost: 1.407717e-02) (lr = 3.025e-01) (elapsed time: 1566.334) (secs/iter:  1.152) (n_accepted: 78%) (u_error:  2.206008 %) (beta_change:  5.606235 %) (delta_change:  0.277768 %) (delta_peak/R:  1.400678 %)
iter:   1400 (Jcost: 1.406771e-02) (lr = 2.596e-01) (elapsed time: 1680.562) (secs/iter:  1.142) (n_accepted: 79%) (u_error:  2.208308 %) (beta_change:  5.812956 %) (delta_change:  0.281904 %) (delta_peak/R:  1.398464 %)
iter:   1500 (Jcost: 1.405925e-02) (lr = 2.229e-01) (elapsed time: 1788.678) (secs/iter:  1.081) (n_accepted: 79%) (u_error:  2.209910 %) (beta_change:  6.007511 %) (delta_change:  0.285664 %) (delta_peak/R:  1.396687 %)
-> Saved file: /media/rafael/DATA/Dropbox/20220924_FIML_solver/data/output/field_inversion/Beta_k__1__Beta_e__1/u_imp_1/FI_run_T31_Cv_u_imp_1_k_imp_1_e_imp_1/FI_run_T31_Cv_u_imp_1_k_imp_1_e_imp_1_state_iter_1500.dat
iter:   1600 (Jcost: 1.405177e-02) (lr = 7.971e-02) (elapsed time: 1896.781) (secs/iter:  1.081) (n_accepted: 78%) (u_error:  2.206019 %) (beta_change:  6.173652 %) (delta_change:  0.288959 %) (delta_peak/R:  1.397648 %)
iter:   1700 (Jcost: 1.404587e-02) (lr = 1.642e-01) (elapsed time: 2006.293) (secs/iter:  1.095) (n_accepted: 80%) (u_error:  2.205446 %) (beta_change:  6.323717 %) (delta_change:  0.291350 %) (delta_peak/R:  1.397247 %)
iter:   1800 (Jcost: 1.403923e-02) (lr = 1.410e-01) (elapsed time: 2114.867) (secs/iter:  1.086) (n_accepted: 79%) (u_error:  2.205701 %) (beta_change:  6.546737 %) (delta_change:  0.293885 %) (delta_peak/R:  1.396394 %)
iter:   1900 (Jcost: 1.403331e-02) (lr = 1.210e-01) (elapsed time: 2223.086) (secs/iter:  1.082) (n_accepted: 79%) (u_error:  2.204527 %) (beta_change:  6.749682 %) (delta_change:  0.296123 %) (delta_peak/R:  1.396307 %)
iter:   2000 (Jcost: 1.402812e-02) (lr = 2.493e-01) (elapsed time: 2336.221) (secs/iter:  1.131) (n_accepted: 80%) (u_error:  2.202648 %) (beta_change:  6.932522 %) (delta_change:  0.298081 %) (delta_peak/R:  1.396637 %)
-> Saved file: /media/rafael/DATA/Dropbox/20220924_FIML_solver/data/output/field_inversion/Beta_k__1__Beta_e__1/u_imp_1/FI_run_T31_Cv_u_imp_1_k_imp_1_e_imp_1/FI_run_T31_Cv_u_imp_1_k_imp_1_e_imp_1_state_iter_2000.dat
iter:   2100 (Jcost: 1.402335e-02) (lr = 5.136e-01) (elapsed time: 2451.244) (secs/iter:  1.150) (n_accepted: 80%) (u_error:  2.202790 %) (beta_change:  7.103559 %) (delta_change:  0.299722 %) (delta_peak/R:  1.396083 %)
iter:   2200 (Jcost: 1.401825e-02) (lr = 1.837e-01) (elapsed time: 2558.990) (secs/iter:  1.077) (n_accepted: 78%) (u_error:  2.203402 %) (beta_change:  7.292063 %) (delta_change:  0.301425 %) (delta_peak/R:  1.395283 %)
iter:   2300 (Jcost: 1.401359e-02) (lr = 9.082e-01) (elapsed time: 2673.641) (secs/iter:  1.147) (n_accepted: 81%) (u_error:  2.201203 %) (beta_change:  7.465511 %) (delta_change:  0.303088 %) (delta_peak/R:  1.395849 %)
iter:   2400 (Jcost: 1.400967e-02) (lr = 3.248e-01) (elapsed time: 2783.623) (secs/iter:  1.100) (n_accepted: 78%) (u_error:  2.200898 %) (beta_change:  7.614959 %) (delta_change:  0.304383 %) (delta_peak/R:  1.395612 %)
iter:   2500 (Jcost: 1.400539e-02) (lr = 2.788e-01) (elapsed time: 2887.025) (secs/iter:  1.034) (n_accepted: 79%) (u_error:  2.201030 %) (beta_change:  7.780913 %) (delta_change:  0.305749 %) (delta_peak/R:  1.395143 %)
-> Saved file: /media/rafael/DATA/Dropbox/20220924_FIML_solver/data/output/field_inversion/Beta_k__1__Beta_e__1/u_imp_1/FI_run_T31_Cv_u_imp_1_k_imp_1_e_imp_1/FI_run_T31_Cv_u_imp_1_k_imp_1_e_imp_1_state_iter_2500.dat
iter:   2600 (Jcost: 1.400137e-02) (lr = 9.973e-02) (elapsed time: 2995.073) (secs/iter:  1.080) (n_accepted: 78%) (u_error:  2.200570 %) (beta_change:  7.939173 %) (delta_change:  0.307044 %) (delta_peak/R:  1.394981 %)
iter:   2700 (Jcost: 1.399759e-02) (lr = 4.931e-01) (elapsed time: 3099.852) (secs/iter:  1.048) (n_accepted: 81%) (u_error:  2.199844 %) (beta_change:  8.090777 %) (delta_change:  0.308268 %) (delta_peak/R:  1.394969 %)
iter:   2800 (Jcost: 1.399417e-02) (lr = 1.764e-01) (elapsed time: 3211.588) (secs/iter:  1.117) (n_accepted: 78%) (u_error:  2.198242 %) (beta_change:  8.230965 %) (delta_change:  0.309426 %) (delta_peak/R:  1.395399 %)
iter:   2900 (Jcost: 1.399088e-02) (lr = 6.308e-02) (elapsed time: 3323.711) (secs/iter:  1.121) (n_accepted: 78%) (u_error:  2.199669 %) (beta_change:  8.366882 %) (delta_change:  0.310345 %) (delta_peak/R:  1.394441 %)
iter:   3000 (Jcost: 1.398786e-02) (lr = 3.119e-01) (elapsed time: 3430.494) (secs/iter:  1.068) (n_accepted: 81%) (u_error:  2.197686 %) (beta_change:  8.505371 %) (delta_change:  0.311382 %) (delta_peak/R:  1.395092 %)
-> Saved file: /media/rafael/DATA/Dropbox/20220924_FIML_solver/data/output/field_inversion/Beta_k__1__Beta_e__1/u_imp_1/FI_run_T31_Cv_u_imp_1_k_imp_1_e_imp_1/FI_run_T31_Cv_u_imp_1_k_imp_1_e_imp_1_state_iter_3000.dat
iter:   3100 (Jcost: 1.398472e-02) (lr = 6.426e-01) (elapsed time: 3544.260) (secs/iter:  1.138) (n_accepted: 80%) (u_error:  2.198319 %) (beta_change:  8.650674 %) (delta_change:  0.312287 %) (delta_peak/R:  1.394521 %)
iter:   3200 (Jcost: 1.398181e-02) (lr = 5.516e-01) (elapsed time: 3651.389) (secs/iter:  1.071) (n_accepted: 79%) (u_error:  2.197964 %) (beta_change:  8.788549 %) (delta_change:  0.313179 %) (delta_peak/R:  1.394431 %)
iter:   3300 (Jcost: 1.397924e-02) (lr = 8.220e-02) (elapsed time: 3722.446) (secs/iter:  0.711) (n_accepted: 77%) (u_error:  2.195597 %) (beta_change:  8.916752 %) (delta_change:  0.314110 %) (delta_peak/R:  1.395299 %)
iter:   3400 (Jcost: 1.397645e-02) (lr = 1.693e-01) (elapsed time: 3828.657) (secs/iter:  1.062) (n_accepted: 80%) (u_error:  2.199106 %) (beta_change:  9.053275 %) (delta_change:  0.314727 %) (delta_peak/R:  1.393427 %)
iter:   3500 (Jcost: 1.397399e-02) (lr = 6.057e-02) (elapsed time: 3938.003) (secs/iter:  1.093) (n_accepted: 78%) (u_error:  2.197695 %) (beta_change:  9.173867 %) (delta_change:  0.315522 %) (delta_peak/R:  1.393874 %)
-> Saved file: /media/rafael/DATA/Dropbox/20220924_FIML_solver/data/output/field_inversion/Beta_k__1__Beta_e__1/u_imp_1/FI_run_T31_Cv_u_imp_1_k_imp_1_e_imp_1/FI_run_T31_Cv_u_imp_1_k_imp_1_e_imp_1_state_iter_3500.dat
iter:   3600 (Jcost: 1.397149e-02) (lr = 2.995e-01) (elapsed time: 4050.207) (secs/iter:  1.122) (n_accepted: 81%) (u_error:  2.195929 %) (beta_change:  9.301879 %) (delta_change:  0.316366 %) (delta_peak/R:  1.394479 %)
iter:   3700 (Jcost: 1.396914e-02) (lr = 1.071e-01) (elapsed time: 4159.676) (secs/iter:  1.095) (n_accepted: 78%) (u_error:  2.196244 %) (beta_change:  9.423583 %) (delta_change:  0.317037 %) (delta_peak/R:  1.394131 %)
iter:   3800 (Jcost: 1.396694e-02) (lr = 5.296e-01) (elapsed time: 4264.603) (secs/iter:  1.049) (n_accepted: 81%) (u_error:  2.196241 %) (beta_change:  9.539490 %) (delta_change:  0.317681 %) (delta_peak/R:  1.393943 %)
iter:   3900 (Jcost: 1.396483e-02) (lr = 1.894e-01) (elapsed time: 4369.799) (secs/iter:  1.052) (n_accepted: 78%) (u_error:  2.196248 %) (beta_change:  9.653052 %) (delta_change:  0.318300 %) (delta_peak/R:  1.393759 %)
iter:   4000 (Jcost: 1.396267e-02) (lr = 3.902e-01) (elapsed time: 4476.676) (secs/iter:  1.069) (n_accepted: 80%) (u_error:  2.194915 %) (beta_change:  9.772176 %) (delta_change:  0.319017 %) (delta_peak/R:  1.394191 %)
-> Saved file: /media/rafael/DATA/Dropbox/20220924_FIML_solver/data/output/field_inversion/Beta_k__1__Beta_e__1/u_imp_1/FI_run_T31_Cv_u_imp_1_k_imp_1_e_imp_1/FI_run_T31_Cv_u_imp_1_k_imp_1_e_imp_1_state_iter_4000.dat
iter:   4100 (Jcost: 1.396077e-02) (lr = 8.039e-01) (elapsed time: 4590.522) (secs/iter:  1.138) (n_accepted: 80%) (u_error:  2.195687 %) (beta_change:  9.877492 %) (delta_change:  0.319526 %) (delta_peak/R:  1.393669 %)
iter:   4200 (Jcost: 1.395879e-02) (lr = 2.875e-01) (elapsed time: 4695.949) (secs/iter:  1.054) (n_accepted: 78%) (u_error:  2.196782 %) (beta_change:  9.992151 %) (delta_change:  0.320054 %) (delta_peak/R:  1.392986 %)
iter:   4300 (Jcost: 1.395688e-02) (lr = 5.924e-01) (elapsed time: 4804.246) (secs/iter:  1.083) (n_accepted: 80%) (u_error:  2.196440 %) (beta_change: 10.102052 %) (delta_change:  0.320633 %) (delta_peak/R:  1.392980 %)
iter:   4400 (Jcost: 1.395504e-02) (lr = 8.828e-02) (elapsed time: 4906.677) (secs/iter:  1.024) (n_accepted: 77%) (u_error:  2.194811 %) (beta_change: 10.207879 %) (delta_change:  0.321259 %) (delta_peak/R:  1.393580 %)
iter:   4500 (Jcost: 1.395328e-02) (lr = 4.365e-01) (elapsed time: 5009.767) (secs/iter:  1.031) (n_accepted: 81%) (u_error:  2.194642 %) (beta_change: 10.312648 %) (delta_change:  0.321785 %) (delta_peak/R:  1.393506 %)
-> Saved file: /media/rafael/DATA/Dropbox/20220924_FIML_solver/data/output/field_inversion/Beta_k__1__Beta_e__1/u_imp_1/FI_run_T31_Cv_u_imp_1_k_imp_1_e_imp_1/FI_run_T31_Cv_u_imp_1_k_imp_1_e_imp_1_state_iter_4500.dat
iter:   4600 (Jcost: 1.395174e-02) (lr = 1.561e-01) (elapsed time: 5123.438) (secs/iter:  1.137) (n_accepted: 78%) (u_error:  2.194401 %) (beta_change: 10.406531 %) (delta_change:  0.322254 %) (delta_peak/R:  1.393482 %)
iter:   4700 (Jcost: 1.394993e-02) (lr = 7.719e-01) (elapsed time: 5248.672) (secs/iter:  1.252) (n_accepted: 81%) (u_error:  2.194647 %) (beta_change: 10.518449 %) (delta_change:  0.322775 %) (delta_peak/R:  1.393208 %)
iter:   4800 (Jcost: 1.394837e-02) (lr = 2.761e-01) (elapsed time: 5357.559) (secs/iter:  1.089) (n_accepted: 78%) (u_error:  2.194442 %) (beta_change: 10.616358 %) (delta_change:  0.323247 %) (delta_peak/R:  1.393166 %)
iter:   4900 (Jcost: 1.394692e-02) (lr = 2.370e-01) (elapsed time: 5465.705) (secs/iter:  1.081) (n_accepted: 79%) (u_error:  2.193867 %) (beta_change: 10.708974 %) (delta_change:  0.323711 %) (delta_peak/R:  1.393304 %)
iter:   5000 (Jcost: 1.394545e-02) (lr = 8.476e-02) (elapsed time: 5566.401) (secs/iter:  1.007) (n_accepted: 78%) (u_error:  2.193615 %) (beta_change: 10.804649 %) (delta_change:  0.324164 %) (delta_peak/R:  1.393289 %)
-> Saved file: /media/rafael/DATA/Dropbox/20220924_FIML_solver/data/output/field_inversion/Beta_k__1__Beta_e__1/u_imp_1/FI_run_T31_Cv_u_imp_1_k_imp_1_e_imp_1/FI_run_T31_Cv_u_imp_1_k_imp_1_e_imp_1_state_iter_5000.dat
iter:   5100 (Jcost: 1.394397e-02) (lr = 4.191e-01) (elapsed time: 5656.469) (secs/iter:  0.901) (n_accepted: 81%) (u_error:  2.193607 %) (beta_change: 10.902630 %) (delta_change:  0.324606 %) (delta_peak/R:  1.393158 %)
iter:   5200 (Jcost: 1.394264e-02) (lr = 3.598e-01) (elapsed time: 5742.251) (secs/iter:  0.858) (n_accepted: 79%) (u_error:  2.193112 %) (beta_change: 10.991697 %) (delta_change:  0.325032 %) (delta_peak/R:  1.393268 %)
iter:   5300 (Jcost: 1.394128e-02) (lr = 3.088e-01) (elapsed time: 5815.311) (secs/iter:  0.731) (n_accepted: 79%) (u_error:  2.194631 %) (beta_change: 11.087969 %) (delta_change:  0.325364 %) (delta_peak/R:  1.392433 %)
iter:   5400 (Jcost: 1.393995e-02) (lr = 1.105e-01) (elapsed time: 5878.600) (secs/iter:  0.633) (n_accepted: 78%) (u_error:  2.192701 %) (beta_change: 11.177034 %) (delta_change:  0.325865 %) (delta_peak/R:  1.393211 %)
iter:   5500 (Jcost: 1.393870e-02) (lr = 1.311e+00) (elapsed time: 5938.286) (secs/iter:  0.597) (n_accepted: 82%) (u_error:  2.194319 %) (beta_change: 11.268780 %) (delta_change:  0.326161 %) (delta_peak/R:  1.392337 %)
-> Saved file: /media/rafael/DATA/Dropbox/20220924_FIML_solver/data/output/field_inversion/Beta_k__1__Beta_e__1/u_imp_1/FI_run_T31_Cv_u_imp_1_k_imp_1_e_imp_1/FI_run_T31_Cv_u_imp_1_k_imp_1_e_imp_1_state_iter_5500.dat
iter:   5600 (Jcost: 1.393752e-02) (lr = 8.139e-02) (elapsed time: 6017.432) (secs/iter:  0.791) (n_accepted: 76%) (u_error:  2.192769 %) (beta_change: 11.350614 %) (delta_change:  0.326598 %) (delta_peak/R:  1.392950 %)
iter:   5700 (Jcost: 1.393625e-02) (lr = 9.658e-01) (elapsed time: 6114.790) (secs/iter:  0.974) (n_accepted: 82%) (u_error:  2.192622 %) (beta_change: 11.443316 %) (delta_change:  0.326994 %) (delta_peak/R:  1.392898 %)
iter:   5800 (Jcost: 1.393508e-02) (lr = 8.290e-01) (elapsed time: 6216.406) (secs/iter:  1.016) (n_accepted: 79%) (u_error:  2.192896 %) (beta_change: 11.530916 %) (delta_change:  0.327338 %) (delta_peak/R:  1.392657 %)
iter:   5900 (Jcost: 1.393400e-02) (lr = 2.965e-01) (elapsed time: 6322.767) (secs/iter:  1.064) (n_accepted: 78%) (u_error:  2.192220 %) (beta_change: 11.611876 %) (delta_change:  0.327707 %) (delta_peak/R:  1.392867 %)
iter:   6000 (Jcost: 1.393289e-02) (lr = 2.545e-01) (elapsed time: 6426.482) (secs/iter:  1.037) (n_accepted: 79%) (u_error:  2.192582 %) (beta_change: 11.697697 %) (delta_change:  0.328030 %) (delta_peak/R:  1.392589 %)
-> Saved file: /media/rafael/DATA/Dropbox/20220924_FIML_solver/data/output/field_inversion/Beta_k__1__Beta_e__1/u_imp_1/FI_run_T31_Cv_u_imp_1_k_imp_1_e_imp_1/FI_run_T31_Cv_u_imp_1_k_imp_1_e_imp_1_state_iter_6000.dat
iter:   6100 (Jcost: 1.393182e-02) (lr = 9.103e-02) (elapsed time: 6531.266) (secs/iter:  1.048) (n_accepted: 78%) (u_error:  2.191914 %) (beta_change: 11.781051 %) (delta_change:  0.328400 %) (delta_peak/R:  1.392793 %)
iter:   6200 (Jcost: 1.393078e-02) (lr = 1.875e-01) (elapsed time: 6627.460) (secs/iter:  0.962) (n_accepted: 80%) (u_error:  2.191932 %) (beta_change: 11.863745 %) (delta_change:  0.328723 %) (delta_peak/R:  1.392680 %)
iter:   6300 (Jcost: 1.392983e-02) (lr = 3.864e-01) (elapsed time: 6728.107) (secs/iter:  1.006) (n_accepted: 80%) (u_error:  2.191687 %) (beta_change: 11.940079 %) (delta_change:  0.329034 %) (delta_peak/R:  1.392698 %)
iter:   6400 (Jcost: 1.392883e-02) (lr = 1.382e-01) (elapsed time: 6827.217) (secs/iter:  0.991) (n_accepted: 78%) (u_error:  2.191512 %) (beta_change: 12.021934 %) (delta_change:  0.329357 %) (delta_peak/R:  1.392677 %)
iter:   6500 (Jcost: 1.392788e-02) (lr = 2.847e-01) (elapsed time: 6929.132) (secs/iter:  1.019) (n_accepted: 80%) (u_error:  2.191494 %) (beta_change: 12.101581 %) (delta_change:  0.329660 %) (delta_peak/R:  1.392586 %)
-> Saved file: /media/rafael/DATA/Dropbox/20220924_FIML_solver/data/output/field_inversion/Beta_k__1__Beta_e__1/u_imp_1/FI_run_T31_Cv_u_imp_1_k_imp_1_e_imp_1/FI_run_T31_Cv_u_imp_1_k_imp_1_e_imp_1_state_iter_6500.dat
iter:   6600 (Jcost: 1.392690e-02) (lr = 5.865e-01) (elapsed time: 7025.073) (secs/iter:  0.959) (n_accepted: 80%) (u_error:  2.191223 %) (beta_change: 12.184231 %) (delta_change:  0.329984 %) (delta_peak/R:  1.392609 %)
iter:   6700 (Jcost: 1.392603e-02) (lr = 5.035e-01) (elapsed time: 7121.479) (secs/iter:  0.964) (n_accepted: 79%) (u_error:  2.191167 %) (beta_change: 12.259371 %) (delta_change:  0.330265 %) (delta_peak/R:  1.392542 %)
iter:   6800 (Jcost: 1.392518e-02) (lr = 1.801e-01) (elapsed time: 7219.374) (secs/iter:  0.979) (n_accepted: 78%) (u_error:  2.189884 %) (beta_change: 12.336451 %) (delta_change:  0.330623 %) (delta_peak/R:  1.393043 %)
iter:   6900 (Jcost: 1.392427e-02) (lr = 3.710e-01) (elapsed time: 7316.885) (secs/iter:  0.975) (n_accepted: 80%) (u_error:  2.191714 %) (beta_change: 12.415645 %) (delta_change:  0.330799 %) (delta_peak/R:  1.392096 %)
iter:   7000 (Jcost: 1.392346e-02) (lr = 3.184e-01) (elapsed time: 7383.425) (secs/iter:  0.665) (n_accepted: 79%) (u_error:  2.191189 %) (beta_change: 12.488457 %) (delta_change:  0.331090 %) (delta_peak/R:  1.392251 %)
-> Saved file: /media/rafael/DATA/Dropbox/20220924_FIML_solver/data/output/field_inversion/Beta_k__1__Beta_e__1/u_imp_1/FI_run_T31_Cv_u_imp_1_k_imp_1_e_imp_1/FI_run_T31_Cv_u_imp_1_k_imp_1_e_imp_1_state_iter_7000.dat
iter:   7100 (Jcost: 1.392266e-02) (lr = 1.139e-01) (elapsed time: 7478.378) (secs/iter:  0.950) (n_accepted: 78%) (u_error:  2.190444 %) (beta_change: 12.561171 %) (delta_change:  0.331391 %) (delta_peak/R:  1.392509 %)
iter:   7200 (Jcost: 1.392187e-02) (lr = 2.346e-01) (elapsed time: 7568.303) (secs/iter:  0.899) (n_accepted: 80%) (u_error:  2.190551 %) (beta_change: 12.635156 %) (delta_change:  0.331642 %) (delta_peak/R:  1.392370 %)
iter:   7300 (Jcost: 1.392111e-02) (lr = 2.014e-01) (elapsed time: 7666.767) (secs/iter:  0.985) (n_accepted: 79%) (u_error:  2.189623 %) (beta_change: 12.717098 %) (delta_change:  0.331950 %) (delta_peak/R:  1.392711 %)
iter:   7400 (Jcost: 1.392037e-02) (lr = 4.149e-01) (elapsed time: 7767.814) (secs/iter:  1.010) (n_accepted: 80%) (u_error:  2.190680 %) (beta_change: 12.797558 %) (delta_change:  0.332125 %) (delta_peak/R:  1.392136 %)
iter:   7500 (Jcost: 1.391968e-02) (lr = 1.484e-01) (elapsed time: 7874.007) (secs/iter:  1.062) (n_accepted: 78%) (u_error:  2.190229 %) (beta_change: 12.875245 %) (delta_change:  0.332378 %) (delta_peak/R:  1.392265 %)
-> Saved file: /media/rafael/DATA/Dropbox/20220924_FIML_solver/data/output/field_inversion/Beta_k__1__Beta_e__1/u_imp_1/FI_run_T31_Cv_u_imp_1_k_imp_1_e_imp_1/FI_run_T31_Cv_u_imp_1_k_imp_1_e_imp_1_state_iter_7500.dat
iter:   7600 (Jcost: 1.391898e-02) (lr = 3.058e-01) (elapsed time: 7984.490) (secs/iter:  1.105) (n_accepted: 80%) (u_error:  2.191187 %) (beta_change: 12.957054 %) (delta_change:  0.332556 %) (delta_peak/R:  1.391735 %)
iter:   7700 (Jcost: 1.391837e-02) (lr = 2.625e-01) (elapsed time: 8084.598) (secs/iter:  1.001) (n_accepted: 79%) (u_error:  2.190081 %) (beta_change: 13.026056 %) (delta_change:  0.332818 %) (delta_peak/R:  1.392178 %)
iter:   7800 (Jcost: 1.391770e-02) (lr = 2.253e-01) (elapsed time: 8179.585) (secs/iter:  0.950) (n_accepted: 79%) (u_error:  2.189925 %) (beta_change: 13.104723 %) (delta_change:  0.333047 %) (delta_peak/R:  1.392170 %)
iter:   7900 (Jcost: 1.391705e-02) (lr = 1.934e-01) (elapsed time: 8279.550) (secs/iter:  1.000) (n_accepted: 79%) (u_error:  2.190334 %) (beta_change: 13.183349 %) (delta_change:  0.333240 %) (delta_peak/R:  1.391900 %)
iter:   8000 (Jcost: 1.391642e-02) (lr = 3.984e-01) (elapsed time: 8377.862) (secs/iter:  0.983) (n_accepted: 80%) (u_error:  2.189740 %) (beta_change: 13.260359 %) (delta_change:  0.333486 %) (delta_peak/R:  1.392097 %)
-> Saved file: /media/rafael/DATA/Dropbox/20220924_FIML_solver/data/output/field_inversion/Beta_k__1__Beta_e__1/u_imp_1/FI_run_T31_Cv_u_imp_1_k_imp_1_e_imp_1/FI_run_T31_Cv_u_imp_1_k_imp_1_e_imp_1_state_iter_8000.dat
iter:   8100 (Jcost: 1.391584e-02) (lr = 8.208e-01) (elapsed time: 8479.359) (secs/iter:  1.015) (n_accepted: 80%) (u_error:  2.189679 %) (beta_change: 13.332159 %) (delta_change:  0.333683 %) (delta_peak/R:  1.392053 %)
iter:   8200 (Jcost: 1.391523e-02) (lr = 2.936e-01) (elapsed time: 8553.838) (secs/iter:  0.745) (n_accepted: 78%) (u_error:  2.189471 %) (beta_change: 13.409010 %) (delta_change:  0.333899 %) (delta_peak/R:  1.392072 %)
iter:   8300 (Jcost: 1.391466e-02) (lr = 6.048e-01) (elapsed time: 8639.040) (secs/iter:  0.852) (n_accepted: 80%) (u_error:  2.190126 %) (beta_change: 13.482610 %) (delta_change:  0.334053 %) (delta_peak/R:  1.391694 %)
iter:   8400 (Jcost: 1.391413e-02) (lr = 5.192e-01) (elapsed time: 8737.335) (secs/iter:  0.983) (n_accepted: 79%) (u_error:  2.189453 %) (beta_change: 13.549924 %) (delta_change:  0.334268 %) (delta_peak/R:  1.391940 %)
iter:   8500 (Jcost: 1.391355e-02) (lr = 4.456e-01) (elapsed time: 8811.943) (secs/iter:  0.746) (n_accepted: 79%) (u_error:  2.189444 %) (beta_change: 13.626288 %) (delta_change:  0.334464 %) (delta_peak/R:  1.391868 %)
-> Saved file: /media/rafael/DATA/Dropbox/20220924_FIML_solver/data/output/field_inversion/Beta_k__1__Beta_e__1/u_imp_1/FI_run_T31_Cv_u_imp_1_k_imp_1_e_imp_1/FI_run_T31_Cv_u_imp_1_k_imp_1_e_imp_1_state_iter_8500.dat
iter:   8600 (Jcost: 1.391302e-02) (lr = 3.825e-01) (elapsed time: 8918.691) (secs/iter:  1.067) (n_accepted: 79%) (u_error:  2.188778 %) (beta_change: 13.698119 %) (delta_change:  0.334685 %) (delta_peak/R:  1.392106 %)
iter:   8700 (Jcost: 1.391248e-02) (lr = 7.881e-01) (elapsed time: 9016.376) (secs/iter:  0.977) (n_accepted: 80%) (u_error:  2.189182 %) (beta_change: 13.770652 %) (delta_change:  0.334841 %) (delta_peak/R:  1.391847 %)
iter:   8800 (Jcost: 1.391196e-02) (lr = 2.819e-01) (elapsed time: 9107.652) (secs/iter:  0.913) (n_accepted: 78%) (u_error:  2.189503 %) (beta_change: 13.841940 %) (delta_change:  0.334997 %) (delta_peak/R:  1.391628 %)
iter:   8900 (Jcost: 1.391144e-02) (lr = 5.807e-01) (elapsed time: 9212.230) (secs/iter:  1.046) (n_accepted: 80%) (u_error:  2.188837 %) (beta_change: 13.914707 %) (delta_change:  0.335214 %) (delta_peak/R:  1.391866 %)
iter:   9000 (Jcost: 1.391093e-02) (lr = 2.077e-01) (elapsed time: 9320.897) (secs/iter:  1.087) (n_accepted: 78%) (u_error:  2.188432 %) (beta_change: 13.987183 %) (delta_change:  0.335411 %) (delta_peak/R:  1.391983 %)
-> Saved file: /media/rafael/DATA/Dropbox/20220924_FIML_solver/data/output/field_inversion/Beta_k__1__Beta_e__1/u_imp_1/FI_run_T31_Cv_u_imp_1_k_imp_1_e_imp_1/FI_run_T31_Cv_u_imp_1_k_imp_1_e_imp_1_state_iter_9000.dat
iter:   9100 (Jcost: 1.391043e-02) (lr = 1.027e+00) (elapsed time: 9421.529) (secs/iter:  1.006) (n_accepted: 81%) (u_error:  2.188903 %) (beta_change: 14.058219 %) (delta_change:  0.335551 %) (delta_peak/R:  1.391695 %)
iter:   9200 (Jcost: 1.390989e-02) (lr = 8.815e-01) (elapsed time: 9522.441) (secs/iter:  1.009) (n_accepted: 79%) (u_error:  2.188664 %) (beta_change: 14.136557 %) (delta_change:  0.335748 %) (delta_peak/R:  1.391730 %)
iter:   9300 (Jcost: 1.390944e-02) (lr = 5.474e-02) (elapsed time: 9621.272) (secs/iter:  0.988) (n_accepted: 76%) (u_error:  2.188756 %) (beta_change: 14.203630 %) (delta_change:  0.335896 %) (delta_peak/R:  1.391623 %)
iter:   9400 (Jcost: 1.390896e-02) (lr = 6.495e-01) (elapsed time: 9717.975) (secs/iter:  0.967) (n_accepted: 82%) (u_error:  2.189147 %) (beta_change: 14.275763 %) (delta_change:  0.336036 %) (delta_peak/R:  1.391372 %)
iter:   9500 (Jcost: 1.390850e-02) (lr = 5.576e-01) (elapsed time: 9819.905) (secs/iter:  1.019) (n_accepted: 79%) (u_error:  2.188855 %) (beta_change: 14.344717 %) (delta_change:  0.336208 %) (delta_peak/R:  1.391442 %)
-> Saved file: /media/rafael/DATA/Dropbox/20220924_FIML_solver/data/output/field_inversion/Beta_k__1__Beta_e__1/u_imp_1/FI_run_T31_Cv_u_imp_1_k_imp_1_e_imp_1/FI_run_T31_Cv_u_imp_1_k_imp_1_e_imp_1_state_iter_9500.dat
iter:   9600 (Jcost: 1.390806e-02) (lr = 1.994e-01) (elapsed time: 9921.788) (secs/iter:  1.019) (n_accepted: 78%) (u_error:  2.187866 %) (beta_change: 14.413275 %) (delta_change:  0.336418 %) (delta_peak/R:  1.391836 %)
iter:   9700 (Jcost: 1.390764e-02) (lr = 4.108e-01) (elapsed time: 10019.434) (secs/iter:  0.976) (n_accepted: 80%) (u_error:  2.188403 %) (beta_change: 14.477618 %) (delta_change:  0.336526 %) (delta_peak/R:  1.391525 %)
iter:   9800 (Jcost: 1.390723e-02) (lr = 8.464e-01) (elapsed time: 10090.589) (secs/iter:  0.712) (n_accepted: 80%) (u_error:  2.188459 %) (beta_change: 14.542197 %) (delta_change:  0.336661 %) (delta_peak/R:  1.391438 %)
iter:   9900 (Jcost: 1.390682e-02) (lr = 7.265e-01) (elapsed time: 10167.400) (secs/iter:  0.768) (n_accepted: 79%) (u_error:  2.187940 %) (beta_change: 14.607048 %) (delta_change:  0.336830 %) (delta_peak/R:  1.391618 %)
iter:  10000 (Jcost: 1.390644e-02) (lr = 1.083e-01) (elapsed time: 10268.714) (secs/iter:  1.013) (n_accepted: 77%) (u_error:  2.188272 %) (beta_change: 14.668926 %) (delta_change:  0.336940 %) (delta_peak/R:  1.391406 %)
-> Saved file: /media/rafael/DATA/Dropbox/20220924_FIML_solver/data/output/field_inversion/Beta_k__1__Beta_e__1/u_imp_1/FI_run_T31_Cv_u_imp_1_k_imp_1_e_imp_1/FI_run_T31_Cv_u_imp_1_k_imp_1_e_imp_1_state_iter_10000.dat
iter:  10100 (Jcost: 1.390604e-02) (lr = 2.231e-01) (elapsed time: 10373.292) (secs/iter:  1.046) (n_accepted: 80%) (u_error:  2.187585 %) (beta_change: 14.734236 %) (delta_change:  0.337116 %) (delta_peak/R:  1.391664 %)
iter:  10200 (Jcost: 1.390567e-02) (lr = 4.595e-01) (elapsed time: 10467.022) (secs/iter:  0.937) (n_accepted: 80%) (u_error:  2.188173 %) (beta_change: 14.794424 %) (delta_change:  0.337203 %) (delta_peak/R:  1.391334 %)
iter:  10300 (Jcost: 1.390527e-02) (lr = 6.849e-02) (elapsed time: 10564.843) (secs/iter:  0.978) (n_accepted: 77%) (u_error:  2.188060 %) (beta_change: 14.860229 %) (delta_change:  0.337343 %) (delta_peak/R:  1.391326 %)
iter:  10400 (Jcost: 1.390490e-02) (lr = 5.879e-02) (elapsed time: 10663.293) (secs/iter:  0.984) (n_accepted: 79%) (u_error:  2.188087 %) (beta_change: 14.922983 %) (delta_change:  0.337466 %) (delta_peak/R:  1.391255 %)
iter:  10500 (Jcost: 1.390452e-02) (lr = 6.976e-01) (elapsed time: 10752.352) (secs/iter:  0.891) (n_accepted: 82%) (u_error:  2.187670 %) (beta_change: 14.987927 %) (delta_change:  0.337618 %) (delta_peak/R:  1.391388 %)
-> Saved file: /media/rafael/DATA/Dropbox/20220924_FIML_solver/data/output/field_inversion/Beta_k__1__Beta_e__1/u_imp_1/FI_run_T31_Cv_u_imp_1_k_imp_1_e_imp_1/FI_run_T31_Cv_u_imp_1_k_imp_1_e_imp_1_state_iter_10500.dat
iter:  10600 (Jcost: 1.390419e-02) (lr = 2.495e-01) (elapsed time: 10859.141) (secs/iter:  1.068) (n_accepted: 78%) (u_error:  2.187945 %) (beta_change: 15.044844 %) (delta_change:  0.337712 %) (delta_peak/R:  1.391208 %)
iter:  10700 (Jcost: 1.390383e-02) (lr = 5.140e-01) (elapsed time: 10958.394) (secs/iter:  0.993) (n_accepted: 80%) (u_error:  2.187953 %) (beta_change: 15.107624 %) (delta_change:  0.337831 %) (delta_peak/R:  1.391147 %)
iter:  10800 (Jcost: 1.390347e-02) (lr = 7.660e-02) (elapsed time: 11052.124) (secs/iter:  0.937) (n_accepted: 77%) (u_error:  2.187874 %) (beta_change: 15.170332 %) (delta_change:  0.337954 %) (delta_peak/R:  1.391126 %)
iter:  10900 (Jcost: 1.390313e-02) (lr = 1.578e-01) (elapsed time: 11152.862) (secs/iter:  1.007) (n_accepted: 80%) (u_error:  2.187463 %) (beta_change: 15.230589 %) (delta_change:  0.338091 %) (delta_peak/R:  1.391262 %)
iter:  11000 (Jcost: 1.390280e-02) (lr = 3.251e-01) (elapsed time: 11246.697) (secs/iter:  0.938) (n_accepted: 80%) (u_error:  2.187742 %) (beta_change: 15.289934 %) (delta_change:  0.338183 %) (delta_peak/R:  1.391078 %)
-> Saved file: /media/rafael/DATA/Dropbox/20220924_FIML_solver/data/output/field_inversion/Beta_k__1__Beta_e__1/u_imp_1/FI_run_T31_Cv_u_imp_1_k_imp_1_e_imp_1/FI_run_T31_Cv_u_imp_1_k_imp_1_e_imp_1_state_iter_11000.dat
iter:  11100 (Jcost: 1.390247e-02) (lr = 2.791e-01) (elapsed time: 11355.592) (secs/iter:  1.089) (n_accepted: 79%) (u_error:  2.187638 %) (beta_change: 15.349273 %) (delta_change:  0.338297 %) (delta_peak/R:  1.391073 %)
iter:  11200 (Jcost: 1.390215e-02) (lr = 5.750e-01) (elapsed time: 11458.344) (secs/iter:  1.028) (n_accepted: 80%) (u_error:  2.187491 %) (beta_change: 15.407093 %) (delta_change:  0.338409 %) (delta_peak/R:  1.391089 %)
iter:  11300 (Jcost: 1.390182e-02) (lr = 2.056e-01) (elapsed time: 11556.931) (secs/iter:  0.986) (n_accepted: 78%) (u_error:  2.187227 %) (beta_change: 15.467116 %) (delta_change:  0.338531 %) (delta_peak/R:  1.391158 %)
iter:  11400 (Jcost: 1.390151e-02) (lr = 4.237e-01) (elapsed time: 11657.433) (secs/iter:  1.005) (n_accepted: 80%) (u_error:  2.187588 %) (beta_change: 15.524145 %) (delta_change:  0.338608 %) (delta_peak/R:  1.390939 %)
iter:  11500 (Jcost: 1.390119e-02) (lr = 6.314e-02) (elapsed time: 11750.740) (secs/iter:  0.933) (n_accepted: 77%) (u_error:  2.187468 %) (beta_change: 15.583822 %) (delta_change:  0.338718 %) (delta_peak/R:  1.390941 %)
-> Saved file: /media/rafael/DATA/Dropbox/20220924_FIML_solver/data/output/field_inversion/Beta_k__1__Beta_e__1/u_imp_1/FI_run_T31_Cv_u_imp_1_k_imp_1_e_imp_1/FI_run_T31_Cv_u_imp_1_k_imp_1_e_imp_1_state_iter_11500.dat
iter:  11600 (Jcost: 1.390088e-02) (lr = 1.301e-01) (elapsed time: 11852.175) (secs/iter:  1.014) (n_accepted: 80%) (u_error:  2.187973 %) (beta_change: 15.643521 %) (delta_change:  0.338789 %) (delta_peak/R:  1.390653 %)
iter:  11700 (Jcost: 1.390058e-02) (lr = 2.680e-01) (elapsed time: 11947.074) (secs/iter:  0.949) (n_accepted: 80%) (u_error:  2.187451 %) (beta_change: 15.699817 %) (delta_change:  0.338914 %) (delta_peak/R:  1.390846 %)
iter:  11800 (Jcost: 1.390029e-02) (lr = 5.521e-01) (elapsed time: 12048.415) (secs/iter:  1.013) (n_accepted: 80%) (u_error:  2.186942 %) (beta_change: 15.756736 %) (delta_change:  0.339038 %) (delta_peak/R:  1.391031 %)
iter:  11900 (Jcost: 1.389999e-02) (lr = 8.227e-02) (elapsed time: 12143.353) (secs/iter:  0.949) (n_accepted: 77%) (u_error:  2.187356 %) (beta_change: 15.813678 %) (delta_change:  0.339106 %) (delta_peak/R:  1.390789 %)
iter:  12000 (Jcost: 1.389971e-02) (lr = 4.068e-01) (elapsed time: 12229.179) (secs/iter:  0.858) (n_accepted: 81%) (u_error:  2.187263 %) (beta_change: 15.868359 %) (delta_change:  0.339200 %) (delta_peak/R:  1.390784 %)
-> Saved file: /media/rafael/DATA/Dropbox/20220924_FIML_solver/data/output/field_inversion/Beta_k__1__Beta_e__1/u_imp_1/FI_run_T31_Cv_u_imp_1_k_imp_1_e_imp_1/FI_run_T31_Cv_u_imp_1_k_imp_1_e_imp_1_state_iter_12000.dat
iter:  12100 (Jcost: 1.389940e-02) (lr = 1.455e-01) (elapsed time: 12303.015) (secs/iter:  0.738) (n_accepted: 78%) (u_error:  2.186861 %) (beta_change: 15.928784 %) (delta_change:  0.339320 %) (delta_peak/R:  1.390917 %)
iter:  12200 (Jcost: 1.389911e-02) (lr = 2.997e-01) (elapsed time: 12401.694) (secs/iter:  0.987) (n_accepted: 80%) (u_error:  2.187167 %) (beta_change: 15.984735 %) (delta_change:  0.339388 %) (delta_peak/R:  1.390726 %)
iter:  12300 (Jcost: 1.389881e-02) (lr = 6.175e-01) (elapsed time: 12501.577) (secs/iter:  0.999) (n_accepted: 80%) (u_error:  2.187206 %) (beta_change: 16.044069 %) (delta_change:  0.339477 %) (delta_peak/R:  1.390656 %)
iter:  12400 (Jcost: 1.389850e-02) (lr = 5.301e-01) (elapsed time: 12596.430) (secs/iter:  0.949) (n_accepted: 79%) (u_error:  2.186825 %) (beta_change: 16.107049 %) (delta_change:  0.339596 %) (delta_peak/R:  1.390779 %)
iter:  12500 (Jcost: 1.389826e-02) (lr = 4.550e-01) (elapsed time: 12692.583) (secs/iter:  0.962) (n_accepted: 79%) (u_error:  2.187046 %) (beta_change: 16.155862 %) (delta_change:  0.339656 %) (delta_peak/R:  1.390634 %)
-> Saved file: /media/rafael/DATA/Dropbox/20220924_FIML_solver/data/output/field_inversion/Beta_k__1__Beta_e__1/u_imp_1/FI_run_T31_Cv_u_imp_1_k_imp_1_e_imp_1/FI_run_T31_Cv_u_imp_1_k_imp_1_e_imp_1_state_iter_12500.dat
iter:  12600 (Jcost: 1.389798e-02) (lr = 1.627e-01) (elapsed time: 12791.351) (secs/iter:  0.988) (n_accepted: 78%) (u_error:  2.187378 %) (beta_change: 16.212656 %) (delta_change:  0.339720 %) (delta_peak/R:  1.390430 %)
iter:  12700 (Jcost: 1.389771e-02) (lr = 3.353e-01) (elapsed time: 12891.436) (secs/iter:  1.001) (n_accepted: 80%) (u_error:  2.186685 %) (beta_change: 16.267280 %) (delta_change:  0.339841 %) (delta_peak/R:  1.390705 %)
iter:  12800 (Jcost: 1.389746e-02) (lr = 1.199e-01) (elapsed time: 12988.887) (secs/iter:  0.975) (n_accepted: 78%) (u_error:  2.186828 %) (beta_change: 16.318831 %) (delta_change:  0.339906 %) (delta_peak/R:  1.390594 %)
iter:  12900 (Jcost: 1.389719e-02) (lr = 1.029e-01) (elapsed time: 13083.324) (secs/iter:  0.944) (n_accepted: 79%) (u_error:  2.186830 %) (beta_change: 16.373156 %) (delta_change:  0.339983 %) (delta_peak/R:  1.390547 %)
iter:  13000 (Jcost: 1.389696e-02) (lr = 5.089e-01) (elapsed time: 13146.981) (secs/iter:  0.637) (n_accepted: 81%) (u_error:  2.186849 %) (beta_change: 16.422386 %) (delta_change:  0.340051 %) (delta_peak/R:  1.390496 %)
-> Saved file: /media/rafael/DATA/Dropbox/20220924_FIML_solver/data/output/field_inversion/Beta_k__1__Beta_e__1/u_imp_1/FI_run_T31_Cv_u_imp_1_k_imp_1_e_imp_1/FI_run_T31_Cv_u_imp_1_k_imp_1_e_imp_1_state_iter_13000.dat
iter:  13100 (Jcost: 1.389666e-02) (lr = 4.369e-01) (elapsed time: 13242.923) (secs/iter:  0.959) (n_accepted: 79%) (u_error:  2.186305 %) (beta_change: 16.484677 %) (delta_change:  0.340169 %) (delta_peak/R:  1.390696 %)
iter:  13200 (Jcost: 1.389640e-02) (lr = 6.511e-02) (elapsed time: 13327.524) (secs/iter:  0.846) (n_accepted: 77%) (u_error:  2.186961 %) (beta_change: 16.538195 %) (delta_change:  0.340202 %) (delta_peak/R:  1.390346 %)
iter:  13300 (Jcost: 1.389616e-02) (lr = 1.341e-01) (elapsed time: 13424.805) (secs/iter:  0.973) (n_accepted: 80%) (u_error:  2.186228 %) (beta_change: 16.589876 %) (delta_change:  0.340315 %) (delta_peak/R:  1.390642 %)
iter:  13400 (Jcost: 1.389592e-02) (lr = 6.632e-01) (elapsed time: 13518.434) (secs/iter:  0.936) (n_accepted: 81%) (u_error:  2.186602 %) (beta_change: 16.640307 %) (delta_change:  0.340360 %) (delta_peak/R:  1.390426 %)
iter:  13500 (Jcost: 1.389567e-02) (lr = 2.372e-01) (elapsed time: 13608.901) (secs/iter:  0.905) (n_accepted: 78%) (u_error:  2.186608 %) (beta_change: 16.692756 %) (delta_change:  0.340428 %) (delta_peak/R:  1.390379 %)
-> Saved file: /media/rafael/DATA/Dropbox/20220924_FIML_solver/data/output/field_inversion/Beta_k__1__Beta_e__1/u_imp_1/FI_run_T31_Cv_u_imp_1_k_imp_1_e_imp_1/FI_run_T31_Cv_u_imp_1_k_imp_1_e_imp_1_state_iter_13500.dat
iter:  13600 (Jcost: 1.389544e-02) (lr = 2.036e-01) (elapsed time: 13713.679) (secs/iter:  1.048) (n_accepted: 79%) (u_error:  2.186705 %) (beta_change: 16.743270 %) (delta_change:  0.340487 %) (delta_peak/R:  1.390292 %)
iter:  13700 (Jcost: 1.389521e-02) (lr = 4.195e-01) (elapsed time: 13805.631) (secs/iter:  0.920) (n_accepted: 80%) (u_error:  2.186602 %) (beta_change: 16.792549 %) (delta_change:  0.340555 %) (delta_peak/R:  1.390299 %)
iter:  13800 (Jcost: 1.389498e-02) (lr = 1.500e-01) (elapsed time: 13895.435) (secs/iter:  0.898) (n_accepted: 78%) (u_error:  2.186570 %) (beta_change: 16.841610 %) (delta_change:  0.340618 %) (delta_peak/R:  1.390273 %)
iter:  13900 (Jcost: 1.389474e-02) (lr = 7.418e-01) (elapsed time: 13988.842) (secs/iter:  0.934) (n_accepted: 81%) (u_error:  2.186463 %) (beta_change: 16.893845 %) (delta_change:  0.340690 %) (delta_peak/R:  1.390279 %)
iter:  14000 (Jcost: 1.389451e-02) (lr = 2.653e-01) (elapsed time: 14087.948) (secs/iter:  0.991) (n_accepted: 78%) (u_error:  2.186164 %) (beta_change: 16.944080 %) (delta_change:  0.340772 %) (delta_peak/R:  1.390376 %)
-> Saved file: /media/rafael/DATA/Dropbox/20220924_FIML_solver/data/output/field_inversion/Beta_k__1__Beta_e__1/u_imp_1/FI_run_T31_Cv_u_imp_1_k_imp_1_e_imp_1/FI_run_T31_Cv_u_imp_1_k_imp_1_e_imp_1_state_iter_14000.dat
iter:  14100 (Jcost: 1.389428e-02) (lr = 5.466e-01) (elapsed time: 14159.539) (secs/iter:  0.716) (n_accepted: 80%) (u_error:  2.186463 %) (beta_change: 16.994590 %) (delta_change:  0.340819 %) (delta_peak/R:  1.390196 %)
iter:  14200 (Jcost: 1.389404e-02) (lr = 1.955e-01) (elapsed time: 14245.882) (secs/iter:  0.863) (n_accepted: 78%) (u_error:  2.186698 %) (beta_change: 17.046384 %) (delta_change:  0.340871 %) (delta_peak/R:  1.390044 %)
iter:  14300 (Jcost: 1.389383e-02) (lr = 4.028e-01) (elapsed time: 14315.831) (secs/iter:  0.699) (n_accepted: 80%) (u_error:  2.186210 %) (beta_change: 17.093420 %) (delta_change:  0.340957 %) (delta_peak/R:  1.390232 %)
iter:  14400 (Jcost: 1.389361e-02) (lr = 8.297e-01) (elapsed time: 14373.346) (secs/iter:  0.575) (n_accepted: 80%) (u_error:  2.186382 %) (beta_change: 17.140177 %) (delta_change:  0.341005 %) (delta_peak/R:  1.390114 %)
iter:  14500 (Jcost: 1.389341e-02) (lr = 7.122e-01) (elapsed time: 14439.798) (secs/iter:  0.665) (n_accepted: 79%) (u_error:  2.186334 %) (beta_change: 17.185928 %) (delta_change:  0.341063 %) (delta_peak/R:  1.390099 %)
-> Saved file: /media/rafael/DATA/Dropbox/20220924_FIML_solver/data/output/field_inversion/Beta_k__1__Beta_e__1/u_imp_1/FI_run_T31_Cv_u_imp_1_k_imp_1_e_imp_1/FI_run_T31_Cv_u_imp_1_k_imp_1_e_imp_1_state_iter_14500.dat
iter:  14600 (Jcost: 1.389316e-02) (lr = 6.114e-01) (elapsed time: 14511.069) (secs/iter:  0.713) (n_accepted: 79%) (u_error:  2.186045 %) (beta_change: 17.241037 %) (delta_change:  0.341145 %) (delta_peak/R:  1.390188 %)
iter:  14700 (Jcost: 1.389294e-02) (lr = 9.111e-02) (elapsed time: 14613.918) (secs/iter:  1.028) (n_accepted: 77%) (u_error:  2.186727 %) (beta_change: 17.289638 %) (delta_change:  0.341164 %) (delta_peak/R:  1.389832 %)
iter:  14800 (Jcost: 1.389272e-02) (lr = 1.081e+00) (elapsed time: 14709.219) (secs/iter:  0.953) (n_accepted: 82%) (u_error:  2.186147 %) (beta_change: 17.337752 %) (delta_change:  0.341253 %) (delta_peak/R:  1.390062 %)
iter:  14900 (Jcost: 1.389250e-02) (lr = 9.281e-01) (elapsed time: 14806.464) (secs/iter:  0.972) (n_accepted: 79%) (u_error:  2.186159 %) (beta_change: 17.387688 %) (delta_change:  0.341309 %) (delta_peak/R:  1.390016 %)
iter:  15000 (Jcost: 1.389229e-02) (lr = 3.319e-01) (elapsed time: 14909.647) (secs/iter:  1.032) (n_accepted: 78%) (u_error:  2.186244 %) (beta_change: 17.435137 %) (delta_change:  0.341358 %) (delta_peak/R:  1.389939 %)
-> Saved file: /media/rafael/DATA/Dropbox/20220924_FIML_solver/data/output/field_inversion/Beta_k__1__Beta_e__1/u_imp_1/FI_run_T31_Cv_u_imp_1_k_imp_1_e_imp_1/FI_run_T31_Cv_u_imp_1_k_imp_1_e_imp_1_state_iter_15000.dat
iter:  15000 (Jcost: 1.389229e-02) (lr = 3.983e-01) (elapsed time: 14915.809) (secs/iter:   None) (n_accepted: 0%) (u_error:  2.186152 %) (beta_change: 17.435736 %) (delta_change:  0.341364 %) (delta_peak/R:  1.389981 %)
