# ------------------------------------------------------------------------
#                  Input Arguments
# ------------------------------------------------------------------------
# Begin_Input_Arguments
{ 'all_b_mode': ['Beta_k'],
  'args_mk_solver': { 'torch': "<module 'torch' from "
                               "'/home/rafael/anaconda3/lib/python3.9/site-packages/torch/__init__.py'>",
                      'y_grid': [0.0, 0.000309700312, 0.000638645973, 0.00098802599, 0.00135910194, 0.00175321227, 0.00217177688, 0.00261630193, 0.00308838486, 0.00358971984, 0.00412210331, 0.00468744001, 0.00528774917, 0.00592517114, 0.00660197432, 0.0073205624, 0.00808348206, 0.00889343092, 0.00975326602, 0.0106660126, 0.0116348733, 0.0126632377, 0.0137546927, 0.0149130326, 0.0161422702, 0.0174466482, 0.0188306506, 0.0202990157, 0.0218567475, 0.02350913, 0.0252617393, 0.0271204584, 0.0290914903, 0.0311813732, 0.033396994, 0.0357456039, 0.0382348325, 0.0408727029, 0.0436676462, 0.0466285159, 0.0497646022, 0.0530856456, 0.0566018496, 0.0603238931, 0.0642629411, 0.068430655, 0.0728392004, 0.0775012535, 0.0824300053, 0.0876391634, 0.0931429507, 0.0989561006, 0.105093849, 0.111571922, 0.118406518, 0.125614286, 0.133212296, 0.141218006, 0.14964922, 0.158524039, 0.167860801, 0.177678022, 0.187994313, 0.1988283, 0.21019853, 0.222123362, 0.234620856, 0.247708641, 0.261403784, 0.275722637, 0.290680679, 0.306292354, 0.322570888, 0.339528108, 0.357174255, 0.375517785, 0.394565175, 0.414320726, 0.43478637, 0.45596148, 0.47784269, 0.500423731, 0.523695275, 0.547644806, 0.572256506, 0.597511177, 0.623386184, 0.649855436, 0.676889401, 0.704455158, 0.73251649, 0.761034018, 0.789965372, 0.819265404, 0.848886442, 0.878778572, 0.908889961, 0.939167201, 0.969555687, 1.0],
                      'Ret': 1017.46412,
                      'cp': 179.392706,
                      'A_sca_rho': 1.0,
                      'A_sca_mu': 0.0009828356404351635,
                      'A_sca_k': 0.25187649298701,
                      'b_exp_rho': -1.0,
                      'b_exp_mu': 0.75,
                      'b_exp_k': 0.75,
                      'tensor_device': 'cpu',
                      'as_tensor': '<function '
                                   'Build_arguments_fi_run._mk_args_MK_solver.<locals>.<lambda> '
                                   'at 0x7f8d92f4c0d0>',
                      'ref_dns': { 'u_dns': [0.0, 0.329553164, 0.662339897, 0.998492439, 1.33856911, 1.68371844, 2.0358876, 2.39808535, 2.77412006, 3.16496732, 3.5699147, 3.98789371, 4.41819708, 4.86143612, 5.31871734, 5.79093656, 6.27815456, 6.78038237, 7.29773371, 7.83044959, 8.37861679, 8.94213657, 9.52083164, 10.1144431, 10.7225589, 11.3446374, 11.9799752, 12.6277151, 13.2868343, 13.9561348, 14.6342474, 15.3196347, 16.0105993, 16.7052977, 17.4017584, 18.0979092, 18.7916052, 19.4806651, 20.1629064, 20.8361838, 21.4984246, 22.1476604, 22.7820603, 23.3999528, 23.9998481, 24.5804545, 25.1406901, 25.6796893, 26.1968071, 26.6916204, 27.1639369, 27.6138147, 28.0415772, 28.4478073, 28.8333151, 29.1991026, 29.5463397, 29.8763316, 30.1904945, 30.4903474, 30.7775022, 31.0536347, 31.3204297, 31.5795244, 31.8324297, 32.0804471, 32.3246718, 32.5658128, 32.804078, 33.0396849, 33.2733167, 33.5057682, 33.7372956, 33.9678159, 34.1976916, 34.4276194, 34.6575162, 34.8865066, 35.1138129, 35.3392266, 35.5630265, 35.7855832, 36.0066344, 36.2255577, 36.4413448, 36.6527931, 36.8592857, 37.0605723, 37.2570094, 37.4481331, 37.632403, 37.8073301, 37.9689749, 38.1138296, 38.2404731, 38.3481729, 38.4354048, 38.5001834, 38.5404686, 38.5542458],
                                   'T_dns': [1.0, 1.0440848801222278, 1.0880516370726498, 1.1318129765674296, 1.175357134374734, 1.2187831206189574, 1.26234599783147, 1.306514793201816, 1.3519317820566672, 1.3987115164117312, 1.446646357713512, 1.49546146922369, 1.5449407920951, 1.5951025882696344, 1.646068021254416, 1.697922700511825, 1.750585598200079, 1.8039726683894923, 1.8580183137471782, 1.9126894665928755, 1.9679288755413638, 2.0236507808092536, 2.0797644805393585, 2.136176979462344, 2.1927791271900854, 2.2494558808123593, 2.306079491424318, 2.362515607655055, 2.418623284678578, 2.474254600443537, 2.529257268732381, 2.583477077722459, 2.636759755526312, 2.688953256653172, 2.7399102826499706, 2.789490998597372, 2.8375654642710764, 2.8840161307181758, 2.9287399319588516, 2.971650093537235, 3.0126773214970064, 3.0517703697935654, 3.08889686977358, 3.1240425520062955, 3.1572105487837594, 3.188420495649703, 3.2177071081782302, 3.2451184516909763, 3.270714601368162, 3.294565463612045, 3.3167494215399094, 3.337352180200886, 3.3564657269079956, 3.374186602838281, 3.390613980419069, 3.4058483601379055, 3.419990544576532, 3.4331391022749873, 3.4453874959709148, 3.4568225037818454, 3.4675256456347823, 3.4775761850842883, 3.487052967155265, 3.496030241537054, 3.5045689655257086, 3.512717536937753, 3.520516273844729, 3.5279867999881773, 3.5351302754220946, 3.541957454076998, 3.548499653491432, 3.5547870960442967, 3.5608287176675133, 3.5666144305559784, 3.572141698733776, 3.577424005508139, 3.582466730811379, 3.5872669857709005, 3.5918143829313753, 3.596088372664137, 3.600090615166826, 3.6038451626165036, 3.607391605733294, 3.610752959985666, 3.6139171614771635, 3.616876315812109, 3.6196432078534513, 3.622218512845074, 3.6245962692392912, 3.626775181294676, 3.628750721545986, 3.630515353696194, 3.6320711169840765, 3.6334359249591657, 3.6346301785465074, 3.6356344284603725, 3.6364189234367243, 3.6369691648379288, 3.637294793304872, 3.6374030817006036],
                                   'mu_dns': [0.0009828356404351635, 0.0010151559204494736, 0.0010470514604635957, 0.001078479510477511, 0.001109451400491224, 0.0011400547805047742, 0.0011704819005182463, 0.0012010653705317874, 0.0012322447605455926, 0.0012640871305596912, 0.001296440770574016, 0.0013291142605884828, 0.0013619613306030264, 0.001394994070617652, 0.0014282911006323945, 0.0014619056106472779, 0.0014957823706622773, 0.0015298658906773683, 0.0015641139506925319, 0.0015985059107077593, 0.001633006620723035, 0.0016675642407383358, 0.0017021252507536382, 0.0017366360807689186, 0.0017710346707841488, 0.0018052568707993012, 0.0018392323708143444, 0.001872888450829246, 0.001906149980843973, 0.0019389391808584907, 0.001971177130872765, 0.0020027851208867594, 0.002033685620900441, 0.002063803460913776, 0.002093067110926733, 0.002121410040939282, 0.002148771890951397, 0.002175099660963054, 0.0022003486609742332, 0.002224483300984919, 0.0022474775409950997, 0.002269315011004769, 0.002289989301013923, 0.002309503381022563, 0.0023278691010306944, 0.002345106611038327, 0.0023612435210454714, 0.002376313921052144, 0.002390357641058362, 0.002403419071064146, 0.0024155464510695153, 0.0024267912810744937, 0.0024372078010791052, 0.002446852101083376, 0.0024557811310873296, 0.0024640520510909912, 0.0024717217310943874, 0.0024788454310975413, 0.0024854753011004766, 0.0024916595811032153, 0.002497443421105776, 0.0025028705411081786, 0.002507984251110443, 0.002512825221112587, 0.002517426821114624, 0.0025218155511165675, 0.0025260134811184256, 0.0025300325611202056, 0.002533873701121906, 0.0025375429511235305, 0.0025410573811250866, 0.0025444334311265815, 0.002547676081128017, 0.0025507800911293912, 0.0025537442711307035, 0.002556576011131958, 0.002559278341133154, 0.002561849851134292, 0.002564285111135371, 0.0025665732511363833, 0.0025687152911373326, 0.002570724221138222, 0.0025726213211390617, 0.002574418981139858, 0.002576110821140607, 0.0025776926911413077, 0.0025791714911419625, 0.0025805476411425716, 0.002581818011143134, 0.0025829819611436493, 0.0025840371211441164, 0.0025849795111445332, 0.0025858102611449013, 0.002586538971145224, 0.0025871765611455064, 0.0025877126711457434, 0.0025881314411459293, 0.0025884251511460593, 0.0025885989611461368, 0.002588656761146162],
                                   'rho_dns': [1.0, 0.9577765362169914, 0.9190740273048543, 0.8835381999531469, 0.8508052325151194, 0.8204905229505897, 0.7921758390471845, 0.7653950840842344, 0.7396822926070424, 0.7149437094544058, 0.6912539437631072, 0.6686899131671448, 0.6472739959464053, 0.6269189250609887, 0.6075083089445671, 0.5889549622598003, 0.5712374196544187, 0.5543321234976116, 0.5382078274477496, 0.5228240221248912, 0.5081484460280136, 0.49415640755965917, 0.48082367467909815, 0.4681260071680441, 0.4560422833290282, 0.4445519507761424, 0.4336363961948093, 0.4232776269328281, 0.4134583530782863, 0.4041621261695297, 0.3953729865136188, 0.3870752361703088, 0.3792533612150776, 0.3718919239394508, 0.36497545424473743, 0.35848834088470827, 0.3524147768893443, 0.3467386986323758, 0.34144376873065757, 0.33651337422760735, 0.3319306693964482, 0.3276786516764183, 0.3237401707339298, 0.32009807272240537, 0.3167352903927254, 0.31363491777963576, 0.31078030609385393, 0.30815516132513343, 0.30574358263533397, 0.3035301653722902, 0.3015000148958245, 0.29963873933730506, 0.297932432910974, 0.29636772286358587, 0.2949318341088192, 0.2936126022825952, 0.2923984692255403, 0.2912786141806328, 0.2902431152285234, 0.28928300452394545, 0.288390080476805, 0.28755660459405935, 0.2867751105070822, 0.2860387156034277, 0.28534179519277725, 0.28467987803874495, 0.2840492479553028, 0.28344777253796727, 0.2828750066022956, 0.2823297605816643, 0.28180924267981317, 0.28131079948860566, 0.2808335023356699, 0.2803779380896286, 0.27994410198074504, 0.2795307457154382, 0.2791372747161601, 0.2787637507792303, 0.27841082344123624, 0.2780799291812612, 0.27777078604274535, 0.27748139969309027, 0.2772086064653146, 0.2769505449644414, 0.27670805813137594, 0.2764816688998299, 0.276270323503246, 0.2760739023484669, 0.2758927962506219, 0.2757270440024967, 0.27557693452526877, 0.27544298882579005, 0.2753250054284067, 0.27522158657889045, 0.27513115526925525, 0.2750551574085193, 0.27499581897866576, 0.2749542145333427, 0.27492959928370087, 0.27492141440988377]},
                      'case': 'Supersonic_M4.0R200',
                      'constant_Sq_heat': 0.0,
                      'use_visc_heating': True,
                      'Pr_turb': 1.0,
                      'fprint': '<function '
                                'Build_arguments_fi_run._mk_args_MK_solver.<locals>.<lambda> '
                                'at 0x7f8d8b775e50>',
                      'compressible_correction': False,
                      'bool_solve_energy': False,
                      'output_last': False},
  'u_imp': 1,
  'k_imp': 1,
  'e_imp': 0,
  'solve_sparse_adj': True,
  'all_ref_beta_distrib': {'K': [1.0, 0.99982923, 0.99967511, 0.99954283, 0.99942928, 0.99932966, 0.99924028, 0.99915925, 0.99908638, 0.99902304, 0.9989719, 0.99893655, 0.99892149, 0.99893238, 0.99897583, 0.99905963, 0.99919298, 0.99938649, 0.99965239, 1.00000461, 1.00045873, 1.0010317, 1.00174117, 1.00260458, 1.00363819, 1.00485667, 1.00627276, 1.00789756, 1.00974042, 1.01180815, 1.0141052, 1.01663266, 1.01938824, 1.02236619, 1.02555643, 1.02894557, 1.03251556, 1.03624479, 1.04010778, 1.04407424, 1.04811183, 1.052183, 1.05624711, 1.06026133, 1.06417893, 1.06795006, 1.07152275, 1.07484281, 1.0778536, 1.08049617, 1.08270935, 1.08442972, 1.08559129, 1.08612464, 1.08595536, 1.08500146, 1.08316982, 1.08035294, 1.07642895, 1.07126855, 1.06475082, 1.05678651, 1.04734482, 1.03647904, 1.02434065, 1.0111794, 0.99733074, 0.98318936, 0.96917806, 0.95571415, 0.94318023, 0.93190137, 0.92213174, 0.9140481, 0.90775045, 0.9032674, 0.90056472, 0.89955586, 0.90011248, 0.90207509, 0.9052623, 0.90947924, 0.91452472, 0.92019737, 0.92630076, 0.93264815, 0.93906598, 0.94539651, 0.95150009, 0.95725734, 0.96257081, 0.96736608, 0.97159181, 0.97521837, 0.97823521, 0.98064715, 0.98247051, 0.98372795, 0.9844422, 0.99233276], 'E': [1.0, 1.0, 1.0, 1.0, 1.0, 1.0, 1.0, 1.0, 1.0, 1.0, 1.0, 1.0, 1.0, 1.0, 1.0, 1.0, 1.0, 1.0, 1.0, 1.0, 1.0, 1.0, 1.0, 1.0, 1.0, 1.0, 1.0, 1.0, 1.0, 1.0, 1.0, 1.0, 1.0, 1.0, 1.0, 1.0, 1.0, 1.0, 1.0, 1.0, 1.0, 1.0, 1.0, 1.0, 1.0, 1.0, 1.0, 1.0, 1.0, 1.0, 1.0, 1.0, 1.0, 1.0, 1.0, 1.0, 1.0, 1.0, 1.0, 1.0, 1.0, 1.0, 1.0, 1.0, 1.0, 1.0, 1.0, 1.0, 1.0, 1.0, 1.0, 1.0, 1.0, 1.0, 1.0, 1.0, 1.0, 1.0, 1.0, 1.0, 1.0, 1.0, 1.0, 1.0, 1.0, 1.0, 1.0, 1.0, 1.0, 1.0, 1.0, 1.0, 1.0, 1.0, 1.0, 1.0, 1.0, 1.0, 1.0, 1.0]},
  'all_ref_delta_distrib': {'K': [-0.0, 0.0029298122976189607, 0.0065200640873130265, 0.01050257272232546, 0.014787953194888069, 0.019383799310530435, 0.024322265283580138, 0.029611165680814587, 0.03520114026086248, 0.04097803386670472, 0.04674723143964156, 0.052217222608315454, 0.056979630741909745, 0.060478682966332374, 0.06198941763050859, 0.06059174992224458, 0.05515100944908846, 0.04429674430749187, 0.026412715255765298, -0.0003671590213934032, -0.03814254533757729, -0.089209546084122, -0.15597758573709883, -0.24082932408499313, -0.34591394452591656, -0.47293152138465355, -0.6229334335579757, -0.7962009630595729, -0.9921581741501841, -1.2093051520061218, -1.4452280208831907, -1.6966351526231276, -1.959480591975291, -2.2291326949183605, -2.5005537335078163, -2.7685462309015723, -3.0279304645233798, -3.273764642249201, -3.5015037557438093, -3.7070937141853, -3.8871396937460485, -4.03886068790214, -4.160163829056056, -4.2496469134982355, -4.306517764754676, -4.33056313606219, -4.3221020953268505, -4.2819121831081, -4.2111566330565875, -4.111320892347201, -3.9841508700942536, -3.8315923203973234, -3.6557317163419376, -3.458726776866762, -3.242727590854387, -3.0097830421324545, -2.7617498333356343, -2.5002499406081276, -2.2267466853725133, -1.942785108309919, -1.650371088582888, -1.352382801756563, -1.0528559908314665, -0.7570395667456248, -0.4711217994874355, -0.2017005144024529, 0.04486797465708297, 0.26312686967847104, 0.44901864830137433, 0.6001797023397054, 0.715998203884339, 0.797473913278096, 0.8469499799768229, 0.8677658987290633, 0.8638954720606947, 0.8396209406549482, 0.7992552053706864, 0.7469331545633995, 0.6864491344135459, 0.6211598581630476, 0.5539384930176577, 0.48715860003372236, 0.42270681072537397, 0.3620174510000554, 0.3061130109422865, 0.2556444754905388, 0.2109445780789516, 0.17208238442443297, 0.13891207203487707, 0.11111969535611449, 0.08826800105130349, 0.06983820330263191, 0.055269407800086545, 0.043995543342554976, 0.03547757520395227, 0.02922944466512754, 0.02483566898087466, 0.0219642486218826, 0.020375062059245212, 0.00993901025646941], 'E': [-0.0, -0.0, -0.0, -0.0, -0.0, -0.0, -0.0, -0.0, -0.0, -0.0, -0.0, -0.0, -0.0, -0.0, -0.0, -0.0, -0.0, -0.0, -0.0, -0.0, -0.0, -0.0, -0.0, -0.0, -0.0, -0.0, -0.0, -0.0, -0.0, -0.0, -0.0, -0.0, -0.0, -0.0, -0.0, -0.0, -0.0, -0.0, -0.0, -0.0, -0.0, -0.0, -0.0, -0.0, -0.0, -0.0, -0.0, -0.0, -0.0, -0.0, -0.0, -0.0, -0.0, -0.0, -0.0, -0.0, -0.0, -0.0, -0.0, -0.0, -0.0, -0.0, -0.0, -0.0, -0.0, -0.0, -0.0, -0.0, -0.0, -0.0, -0.0, -0.0, -0.0, -0.0, -0.0, -0.0, -0.0, -0.0, -0.0, -0.0, -0.0, -0.0, -0.0, -0.0, -0.0, -0.0, -0.0, -0.0, -0.0, -0.0, -0.0, -0.0, -0.0, -0.0, -0.0, -0.0, -0.0, -0.0, -0.0, -0.0]},
  'fname_print': '/media/rafael/DATA/Dropbox/20220924_FIML_solver/data/output/field_inversion/Beta_k/u_imp_1/FI_run_Supersonic_M4.0R200_u_imp_1_k_imp_1_e_imp_0/FI_run_Supersonic_M4.0R200_u_imp_1_k_imp_1_e_imp_0.log',
  'folder': '/media/rafael/DATA/Dropbox/20220924_FIML_solver/data/output/field_inversion/Beta_k/u_imp_1/FI_run_Supersonic_M4.0R200_u_imp_1_k_imp_1_e_imp_0',
  'iters_limit': 15000}
# End_Input_Arguments

# ------------------------------------------------------------------------
#                  Iterations
# ------------------------------------------------------------------------

iter:      0 (Jcost: 2.015788e-01) (lr = 1.000e-03) (elapsed time:  0.001) (secs/iter:   None) (n_accepted: 0%) (u_error:  7.706684 %) (beta_change: 10.044414 %) (delta_change:  3.819617 %) (delta_peak/R:  0.000000 %)
-> Saved file: /media/rafael/DATA/Dropbox/20220924_FIML_solver/data/output/field_inversion/Beta_k/u_imp_1/FI_run_Supersonic_M4.0R200_u_imp_1_k_imp_1_e_imp_0/FI_run_Supersonic_M4.0R200_u_imp_1_k_imp_1_e_imp_0_state_iter_0.dat
iter:    100 (Jcost: 4.342901e-02) (lr = 1.367e-01) (elapsed time: 132.907) (secs/iter:  1.329) (n_accepted: 85%) (u_error:  3.452715 %) (beta_change:  1.318249 %) (delta_change:  0.542876 %) (delta_peak/R:  3.283042 %)
iter:    200 (Jcost: 4.294084e-02) (lr = 2.816e-01) (elapsed time: 252.973) (secs/iter:  1.201) (n_accepted: 80%) (u_error:  3.390003 %) (beta_change:  2.953159 %) (delta_change:  0.546312 %) (delta_peak/R:  3.276748 %)
iter:    300 (Jcost: 4.283990e-02) (lr = 5.802e-01) (elapsed time: 338.257) (secs/iter:  0.853) (n_accepted: 80%) (u_error:  3.391271 %) (beta_change:  4.946308 %) (delta_change:  0.560509 %) (delta_peak/R:  3.261436 %)
iter:    400 (Jcost: 4.279831e-02) (lr = 1.195e+00) (elapsed time: 421.307) (secs/iter:  0.830) (n_accepted: 80%) (u_error:  3.385060 %) (beta_change:  6.332345 %) (delta_change:  0.563195 %) (delta_peak/R:  3.258654 %)
iter:    500 (Jcost: 4.278078e-02) (lr = 4.275e-01) (elapsed time: 523.972) (secs/iter:  1.027) (n_accepted: 78%) (u_error:  3.381062 %) (beta_change:  7.183100 %) (delta_change:  0.563935 %) (delta_peak/R:  3.257950 %)
-> Saved file: /media/rafael/DATA/Dropbox/20220924_FIML_solver/data/output/field_inversion/Beta_k/u_imp_1/FI_run_Supersonic_M4.0R200_u_imp_1_k_imp_1_e_imp_0/FI_run_Supersonic_M4.0R200_u_imp_1_k_imp_1_e_imp_0_state_iter_500.dat
iter:    600 (Jcost: 4.277146e-02) (lr = 3.670e-01) (elapsed time: 629.474) (secs/iter:  1.055) (n_accepted: 79%) (u_error:  3.379742 %) (beta_change:  7.799039 %) (delta_change:  0.565098 %) (delta_peak/R:  3.256765 %)
iter:    700 (Jcost: 4.276572e-02) (lr = 1.313e-01) (elapsed time: 732.427) (secs/iter:  1.030) (n_accepted: 78%) (u_error:  3.378982 %) (beta_change:  8.250941 %) (delta_change:  0.565987 %) (delta_peak/R:  3.255861 %)
iter:    800 (Jcost: 4.276179e-02) (lr = 1.558e+00) (elapsed time: 827.766) (secs/iter:  0.953) (n_accepted: 82%) (u_error:  3.377325 %) (beta_change:  8.639519 %) (delta_change:  0.565950 %) (delta_peak/R:  3.255947 %)
iter:    900 (Jcost: 4.275968e-02) (lr = 1.337e+00) (elapsed time: 906.668) (secs/iter:  0.789) (n_accepted: 79%) (u_error:  3.378303 %) (beta_change:  8.899720 %) (delta_change:  0.567199 %) (delta_peak/R:  3.254628 %)
iter:   1000 (Jcost: 4.275781e-02) (lr = 1.992e-01) (elapsed time: 995.647) (secs/iter:  0.890) (n_accepted: 77%) (u_error:  3.378709 %) (beta_change:  9.153380 %) (delta_change:  0.568049 %) (delta_peak/R:  3.253740 %)
-> Saved file: /media/rafael/DATA/Dropbox/20220924_FIML_solver/data/output/field_inversion/Beta_k/u_imp_1/FI_run_Supersonic_M4.0R200_u_imp_1_k_imp_1_e_imp_0/FI_run_Supersonic_M4.0R200_u_imp_1_k_imp_1_e_imp_0_state_iter_1000.dat
iter:   1100 (Jcost: 4.275662e-02) (lr = 4.105e-01) (elapsed time: 1103.117) (secs/iter:  1.075) (n_accepted: 80%) (u_error:  3.378735 %) (beta_change:  9.325693 %) (delta_change:  0.568466 %) (delta_peak/R:  3.253312 %)
iter:   1200 (Jcost: 4.275568e-02) (lr = 1.468e-01) (elapsed time: 1200.039) (secs/iter:  0.969) (n_accepted: 78%) (u_error:  3.377747 %) (beta_change:  9.465236 %) (delta_change:  0.568153 %) (delta_peak/R:  3.253667 %)
iter:   1300 (Jcost: 4.275504e-02) (lr = 7.259e-01) (elapsed time: 1296.338) (secs/iter:  0.963) (n_accepted: 81%) (u_error:  3.377643 %) (beta_change:  9.569567 %) (delta_change:  0.568329 %) (delta_peak/R:  3.253491 %)
iter:   1400 (Jcost: 4.275452e-02) (lr = 2.596e-01) (elapsed time: 1396.665) (secs/iter:  1.003) (n_accepted: 78%) (u_error:  3.377583 %) (beta_change:  9.687733 %) (delta_change:  0.568497 %) (delta_peak/R:  3.253321 %)
iter:   1500 (Jcost: 4.275406e-02) (lr = 2.229e-01) (elapsed time: 1490.240) (secs/iter:  0.936) (n_accepted: 79%) (u_error:  3.377277 %) (beta_change:  9.795970 %) (delta_change:  0.568492 %) (delta_peak/R:  3.253338 %)
-> Saved file: /media/rafael/DATA/Dropbox/20220924_FIML_solver/data/output/field_inversion/Beta_k/u_imp_1/FI_run_Supersonic_M4.0R200_u_imp_1_k_imp_1_e_imp_0/FI_run_Supersonic_M4.0R200_u_imp_1_k_imp_1_e_imp_0_state_iter_1500.dat
iter:   1600 (Jcost: 4.275373e-02) (lr = 1.913e-01) (elapsed time: 1592.627) (secs/iter:  1.024) (n_accepted: 79%) (u_error:  3.377670 %) (beta_change:  9.875123 %) (delta_change:  0.568899 %) (delta_peak/R:  3.252908 %)
iter:   1700 (Jcost: 4.275347e-02) (lr = 1.642e-01) (elapsed time: 1688.896) (secs/iter:  0.963) (n_accepted: 79%) (u_error:  3.377514 %) (beta_change:  9.938317 %) (delta_change:  0.568923 %) (delta_peak/R:  3.252889 %)
iter:   1800 (Jcost: 4.275326e-02) (lr = 8.120e-01) (elapsed time: 1778.954) (secs/iter:  0.901) (n_accepted: 81%) (u_error:  3.377467 %) (beta_change:  9.986041 %) (delta_change:  0.568995 %) (delta_peak/R:  3.252817 %)
iter:   1900 (Jcost: 4.275306e-02) (lr = 6.970e-01) (elapsed time: 1870.999) (secs/iter:  0.920) (n_accepted: 79%) (u_error:  3.377448 %) (beta_change: 10.028619 %) (delta_change:  0.569084 %) (delta_peak/R:  3.252728 %)
iter:   2000 (Jcost: 4.275292e-02) (lr = 2.493e-01) (elapsed time: 1961.680) (secs/iter:  0.907) (n_accepted: 78%) (u_error:  3.376932 %) (beta_change: 10.058543 %) (delta_change:  0.568827 %) (delta_peak/R:  3.253011 %)
-> Saved file: /media/rafael/DATA/Dropbox/20220924_FIML_solver/data/output/field_inversion/Beta_k/u_imp_1/FI_run_Supersonic_M4.0R200_u_imp_1_k_imp_1_e_imp_0/FI_run_Supersonic_M4.0R200_u_imp_1_k_imp_1_e_imp_0_state_iter_2000.dat
iter:   2100 (Jcost: 4.275279e-02) (lr = 5.136e-01) (elapsed time: 2052.188) (secs/iter:  0.905) (n_accepted: 80%) (u_error:  3.377583 %) (beta_change: 10.081852 %) (delta_change:  0.569328 %) (delta_peak/R:  3.252475 %)
iter:   2200 (Jcost: 4.275269e-02) (lr = 4.408e-01) (elapsed time: 2143.655) (secs/iter:  0.915) (n_accepted: 79%) (u_error:  3.377377 %) (beta_change: 10.096941 %) (delta_change:  0.569251 %) (delta_peak/R:  3.252561 %)
iter:   2300 (Jcost: 4.275260e-02) (lr = 9.082e-01) (elapsed time: 2233.507) (secs/iter:  0.899) (n_accepted: 80%) (u_error:  3.377416 %) (beta_change: 10.108183 %) (delta_change:  0.569333 %) (delta_peak/R:  3.252476 %)
iter:   2400 (Jcost: 4.275252e-02) (lr = 7.796e-01) (elapsed time: 2322.542) (secs/iter:  0.890) (n_accepted: 79%) (u_error:  3.377662 %) (beta_change: 10.127195 %) (delta_change:  0.569545 %) (delta_peak/R:  3.252252 %)
iter:   2500 (Jcost: 4.275246e-02) (lr = 2.788e-01) (elapsed time: 2412.622) (secs/iter:  0.901) (n_accepted: 78%) (u_error:  3.377727 %) (beta_change: 10.148732 %) (delta_change:  0.569629 %) (delta_peak/R:  3.252163 %)
-> Saved file: /media/rafael/DATA/Dropbox/20220924_FIML_solver/data/output/field_inversion/Beta_k/u_imp_1/FI_run_Supersonic_M4.0R200_u_imp_1_k_imp_1_e_imp_0/FI_run_Supersonic_M4.0R200_u_imp_1_k_imp_1_e_imp_0_state_iter_2500.dat
iter:   2600 (Jcost: 4.275239e-02) (lr = 5.745e-01) (elapsed time: 2503.051) (secs/iter:  0.904) (n_accepted: 80%) (u_error:  3.377028 %) (beta_change: 10.169471 %) (delta_change:  0.569215 %) (delta_peak/R:  3.252612 %)
iter:   2700 (Jcost: 4.275234e-02) (lr = 2.055e-01) (elapsed time: 2596.607) (secs/iter:  0.936) (n_accepted: 78%) (u_error:  3.377257 %) (beta_change: 10.183350 %) (delta_change:  0.569399 %) (delta_peak/R:  3.252416 %)
iter:   2800 (Jcost: 4.275231e-02) (lr = 1.016e+00) (elapsed time: 2683.464) (secs/iter:  0.869) (n_accepted: 81%) (u_error:  3.377324 %) (beta_change: 10.193574 %) (delta_change:  0.569473 %) (delta_peak/R:  3.252338 %)
iter:   2900 (Jcost: 4.275227e-02) (lr = 1.514e-01) (elapsed time: 2773.477) (secs/iter:  0.900) (n_accepted: 77%) (u_error:  3.377309 %) (beta_change: 10.201982 %) (delta_change:  0.569492 %) (delta_peak/R:  3.252320 %)
iter:   3000 (Jcost: 4.275223e-02) (lr = 1.300e-01) (elapsed time: 2856.661) (secs/iter:  0.832) (n_accepted: 79%) (u_error:  3.377292 %) (beta_change: 10.208082 %) (delta_change:  0.569508 %) (delta_peak/R:  3.252304 %)
-> Saved file: /media/rafael/DATA/Dropbox/20220924_FIML_solver/data/output/field_inversion/Beta_k/u_imp_1/FI_run_Supersonic_M4.0R200_u_imp_1_k_imp_1_e_imp_0/FI_run_Supersonic_M4.0R200_u_imp_1_k_imp_1_e_imp_0_state_iter_3000.dat
iter:   3100 (Jcost: 4.275220e-02) (lr = 2.677e-01) (elapsed time: 2946.194) (secs/iter:  0.895) (n_accepted: 80%) (u_error:  3.377203 %) (beta_change: 10.212059 %) (delta_change:  0.569475 %) (delta_peak/R:  3.252342 %)
iter:   3200 (Jcost: 4.275218e-02) (lr = 5.516e-01) (elapsed time: 3030.948) (secs/iter:  0.848) (n_accepted: 80%) (u_error:  3.377292 %) (beta_change: 10.214093 %) (delta_change:  0.569554 %) (delta_peak/R:  3.252258 %)
iter:   3300 (Jcost: 4.275216e-02) (lr = 4.735e-01) (elapsed time: 3117.141) (secs/iter:  0.862) (n_accepted: 79%) (u_error:  3.377090 %) (beta_change: 10.214765 %) (delta_change:  0.569442 %) (delta_peak/R:  3.252380 %)
iter:   3400 (Jcost: 4.275214e-02) (lr = 1.693e-01) (elapsed time: 3170.756) (secs/iter:  0.536) (n_accepted: 78%) (u_error:  3.377283 %) (beta_change: 10.214148 %) (delta_change:  0.569587 %) (delta_peak/R:  3.252224 %)
iter:   3500 (Jcost: 4.275212e-02) (lr = 8.373e-01) (elapsed time: 3232.360) (secs/iter:  0.616) (n_accepted: 81%) (u_error:  3.377223 %) (beta_change: 10.212569 %) (delta_change:  0.569564 %) (delta_peak/R:  3.252250 %)
-> Saved file: /media/rafael/DATA/Dropbox/20220924_FIML_solver/data/output/field_inversion/Beta_k/u_imp_1/FI_run_Supersonic_M4.0R200_u_imp_1_k_imp_1_e_imp_0/FI_run_Supersonic_M4.0R200_u_imp_1_k_imp_1_e_imp_0_state_iter_3500.dat
iter:   3600 (Jcost: 4.275210e-02) (lr = 1.248e-01) (elapsed time: 3318.007) (secs/iter:  0.856) (n_accepted: 77%) (u_error:  3.377202 %) (beta_change: 10.210231 %) (delta_change:  0.569565 %) (delta_peak/R:  3.252250 %)
iter:   3700 (Jcost: 4.275209e-02) (lr = 1.481e+00) (elapsed time: 3372.634) (secs/iter:  0.546) (n_accepted: 82%) (u_error:  3.377257 %) (beta_change: 10.206675 %) (delta_change:  0.569618 %) (delta_peak/R:  3.252195 %)
iter:   3800 (Jcost: 4.275207e-02) (lr = 1.271e+00) (elapsed time: 3438.918) (secs/iter:  0.663) (n_accepted: 79%) (u_error:  3.377252 %) (beta_change: 10.202680 %) (delta_change:  0.569628 %) (delta_peak/R:  3.252184 %)
iter:   3900 (Jcost: 4.275206e-02) (lr = 1.894e-01) (elapsed time: 3512.068) (secs/iter:  0.731) (n_accepted: 77%) (u_error:  3.377262 %) (beta_change: 10.198540 %) (delta_change:  0.569646 %) (delta_peak/R:  3.252165 %)
iter:   4000 (Jcost: 4.275205e-02) (lr = 9.365e-01) (elapsed time: 3603.219) (secs/iter:  0.912) (n_accepted: 81%) (u_error:  3.377241 %) (beta_change: 10.193469 %) (delta_change:  0.569645 %) (delta_peak/R:  3.252167 %)
-> Saved file: /media/rafael/DATA/Dropbox/20220924_FIML_solver/data/output/field_inversion/Beta_k/u_imp_1/FI_run_Supersonic_M4.0R200_u_imp_1_k_imp_1_e_imp_0/FI_run_Supersonic_M4.0R200_u_imp_1_k_imp_1_e_imp_0_state_iter_4000.dat
iter:   4100 (Jcost: 4.275204e-02) (lr = 3.350e-01) (elapsed time: 3701.185) (secs/iter:  0.980) (n_accepted: 78%) (u_error:  3.377272 %) (beta_change: 10.188740 %) (delta_change:  0.569676 %) (delta_peak/R:  3.252135 %)
iter:   4200 (Jcost: 4.275203e-02) (lr = 6.901e-01) (elapsed time: 3803.532) (secs/iter:  1.023) (n_accepted: 80%) (u_error:  3.377259 %) (beta_change: 10.183467 %) (delta_change:  0.569678 %) (delta_peak/R:  3.252134 %)
iter:   4300 (Jcost: 4.275202e-02) (lr = 5.924e-01) (elapsed time: 3893.839) (secs/iter:  0.903) (n_accepted: 79%) (u_error:  3.377196 %) (beta_change: 10.178115 %) (delta_change:  0.569646 %) (delta_peak/R:  3.252169 %)
iter:   4400 (Jcost: 4.275201e-02) (lr = 5.085e-01) (elapsed time: 3991.719) (secs/iter:  0.979) (n_accepted: 79%) (u_error:  3.377254 %) (beta_change: 10.172831 %) (delta_change:  0.569692 %) (delta_peak/R:  3.252119 %)
iter:   4500 (Jcost: 4.275201e-02) (lr = 1.652e-04) (elapsed time: 4086.371) (secs/iter:  0.947) (n_accepted: 70%) (u_error:  3.377252 %) (beta_change: 10.167775 %) (delta_change:  0.569699 %) (delta_peak/R:  3.252113 %)
-> Saved file: /media/rafael/DATA/Dropbox/20220924_FIML_solver/data/output/field_inversion/Beta_k/u_imp_1/FI_run_Supersonic_M4.0R200_u_imp_1_k_imp_1_e_imp_0/FI_run_Supersonic_M4.0R200_u_imp_1_k_imp_1_e_imp_0_state_iter_4500.dat
iter:   4520 (Jcost: 4.275201e-02) (lr = 7.878e-11) (elapsed time: 4091.366) (secs/iter:  0.250) (n_accepted: 0%) (u_error:  3.377252 %) (beta_change: 10.167775 %) (delta_change:  0.569699 %) (delta_peak/R:  3.252113 %)
-> Saved file: /media/rafael/DATA/Dropbox/20220924_FIML_solver/data/output/field_inversion/Beta_k/u_imp_1/FI_run_Supersonic_M4.0R200_u_imp_1_k_imp_1_e_imp_0/FI_run_Supersonic_M4.0R200_u_imp_1_k_imp_1_e_imp_0_state_iter_4520.dat
