# ------------------------------------------------------------------------
#                  Input Arguments
# ------------------------------------------------------------------------
# Begin_Input_Arguments
{ 'all_b_mode': ['Beta_e'],
  'args_mk_solver': { 'torch': "<module 'torch' from "
                               "'/home/rafael/anaconda3/lib/python3.9/site-packages/torch/__init__.py'>",
                      'y_grid': [0.0, 0.000309700312, 0.000638645973, 0.00098802599, 0.00135910194, 0.00175321227, 0.00217177688, 0.00261630193, 0.00308838486, 0.00358971984, 0.00412210331, 0.00468744001, 0.00528774917, 0.00592517114, 0.00660197432, 0.0073205624, 0.00808348206, 0.00889343092, 0.00975326602, 0.0106660126, 0.0116348733, 0.0126632377, 0.0137546927, 0.0149130326, 0.0161422702, 0.0174466482, 0.0188306506, 0.0202990157, 0.0218567475, 0.02350913, 0.0252617393, 0.0271204584, 0.0290914903, 0.0311813732, 0.033396994, 0.0357456039, 0.0382348325, 0.0408727029, 0.0436676462, 0.0466285159, 0.0497646022, 0.0530856456, 0.0566018496, 0.0603238931, 0.0642629411, 0.068430655, 0.0728392004, 0.0775012535, 0.0824300053, 0.0876391634, 0.0931429507, 0.0989561006, 0.105093849, 0.111571922, 0.118406518, 0.125614286, 0.133212296, 0.141218006, 0.14964922, 0.158524039, 0.167860801, 0.177678022, 0.187994313, 0.1988283, 0.21019853, 0.222123362, 0.234620856, 0.247708641, 0.261403784, 0.275722637, 0.290680679, 0.306292354, 0.322570888, 0.339528108, 0.357174255, 0.375517785, 0.394565175, 0.414320726, 0.43478637, 0.45596148, 0.47784269, 0.500423731, 0.523695275, 0.547644806, 0.572256506, 0.597511177, 0.623386184, 0.649855436, 0.676889401, 0.704455158, 0.73251649, 0.761034018, 0.789965372, 0.819265404, 0.848886442, 0.878778572, 0.908889961, 0.939167201, 0.969555687, 1.0],
                      'Ret': 652.061414,
                      'cp': 1926.63277,
                      'A_sca_rho': 1.0,
                      'A_sca_mu': 0.0015335978767177902,
                      'A_sca_k': 4.22097132183845,
                      'b_exp_rho': -1.0,
                      'b_exp_mu': 0.75,
                      'b_exp_k': 0.75,
                      'tensor_device': 'cpu',
                      'as_tensor': '<function '
                                   'Build_arguments_fi_run._mk_args_MK_solver.<locals>.<lambda> '
                                   'at 0x7f8d3d4c0ee0>',
                      'ref_dns': { 'u_dns': [0.0, 0.201500449, 0.41554378, 0.642778104, 0.883849047, 1.13938905, 1.41000368, 1.69625425, 1.99863598, 2.3175506, 2.65327244, 3.00593285, 3.3755371, 3.76186798, 4.16440947, 4.58227977, 5.0142801, 5.45879448, 5.91360122, 6.37604164, 6.84368085, 7.31372063, 7.78305105, 8.24888055, 8.70830252, 9.15860176, 9.59746574, 10.0228264, 10.4330197, 10.8268059, 11.2032709, 11.5619393, 11.9026444, 12.2254947, 12.5309128, 12.8194688, 13.091914, 13.3491225, 13.5920416, 13.8216411, 14.0389577, 14.2450689, 14.4410756, 14.6280832, 14.8071443, 14.9792813, 15.145446, 15.306473, 15.4631192, 15.6161259, 15.7661648, 15.9138262, 16.0596426, 16.2042147, 16.3482443, 16.4922748, 16.6366283, 16.7815222, 16.9269436, 17.0726896, 17.2187167, 17.3650624, 17.5116346, 17.6585296, 17.8060988, 17.9545835, 18.1041368, 18.2545863, 18.405659, 18.5572165, 18.7089156, 18.8606047, 19.0120019, 19.1625135, 19.3120166, 19.4601056, 19.6069081, 19.7537779, 19.9012166, 20.0489983, 20.197156, 20.345105, 20.4914765, 20.6358501, 20.7772985, 20.9151804, 21.0497051, 21.1809804, 21.3084923, 21.4312913, 21.5482913, 21.6577256, 21.7584759, 21.8500647, 21.9309515, 21.9999858, 22.0553963, 22.0970789, 22.1236423, 22.132578],
                                   'T_dns': [1.0, 1.0014724081479554, 1.0030038605988982, 1.0045950071145255, 1.006246370252563, 1.007958397431845, 1.0097314608152597, 1.011565953086321, 1.0134623224148736, 1.0154212122571087, 1.0174436015836135, 1.019529469145863, 1.0216740411085943, 1.0238700433153547, 1.0261080000899387, 1.0283760872978718, 1.0306633487826065, 1.0329595229575919, 1.035253123952118, 1.037531745417657, 1.0397828310213835, 1.0419934903982495, 1.044151061948142, 1.0462443987909043, 1.048264138266388, 1.050201915888814, 1.0520510737537265, 1.0538071767425974, 1.0554667758076612, 1.0570291121625501, 1.0584940855946139, 1.05986370236006, 1.0611406841033548, 1.0623287331434543, 1.0634325949027392, 1.06445708693987, 1.0654075573826758, 1.0662895576779476, 1.0671085767619102, 1.0678699782541332, 1.0685789288393102, 1.0692402824745735, 1.0698585088080894, 1.070437648177355, 1.0709814347226867, 1.0714933931480644, 1.0719767852260396, 1.0724343882182006, 1.072868724478893, 1.0732821762116038, 1.073676781721795, 1.0740543944692913, 1.0744165058728004, 1.0747645637750727, 1.0750999900797775, 1.075423658330961, 1.0757362122276826, 1.0760384994104721, 1.0763308984952027, 1.0766132391942012, 1.0768861837715995, 1.0771501732952016, 1.0774052592599814, 1.077651688110504, 1.0778894317815606, 1.0781191887083414, 1.0783413917333764, 1.0785561371470274, 1.0787636985086664, 1.0789657760766516, 1.0791615183907064, 1.0793499054894469, 1.0795318314789903, 1.0797066751695839, 1.0798744179739255, 1.080035298367657, 1.080188730596038, 1.0803356356931944, 1.0804768284829869, 1.0806118829181075, 1.0807410466303942, 1.0808636896888615, 1.0809798735934613, 1.0810896687453235, 1.0811932519673502, 1.081290817858177, 1.0813827295115825, 1.0814688003796022, 1.081548959183597, 1.0816227445431537, 1.0816900497338808, 1.0817506173207345, 1.0818039504827799, 1.0818504302267236, 1.081889941061677, 1.0819233783629327, 1.081950467111188, 1.0819702584085953, 1.0819819718490225, 1.0819857847092942],
                                   'mu_dns': [0.0015335978767177902, 0.0015352911267141663, 0.0015370516167103985, 0.0015388800167064854, 0.0015407768467024258, 0.0015427425366982188, 0.0015447774266938638, 0.0015468818766893595, 0.001549056306684706, 0.0015513013566799013, 0.0015536180466749427, 0.0015560062466698317, 0.0015584603866645793, 0.0015609720466592037, 0.0015635303066537287, 0.0015661215866481827, 0.0015687333266425935, 0.0015713537866369849, 0.001573969856631386, 0.0015765674066258266, 0.0015791321666203376, 0.0015816495166149501, 0.0015841051266096944, 0.001586486416604598, 0.0015887828565996833, 0.0015909850665949698, 0.0015930856165904746, 0.001595079606586207, 0.0015969632565821753, 0.0015987358365783819, 0.001600397356574826, 0.0016019502065715025, 0.001603397576568405, 0.0016047437565655238, 0.0016059942065628473, 0.0016071544565603643, 0.001608230626558061, 0.0016092290565559242, 0.0016101560065539403, 0.0016110175865520964, 0.0016118196765503795, 0.0016125677965487786, 0.0016132670265472822, 0.0016139219565458804, 0.0016145368265445643, 0.0016151156365433255, 0.0016156620865421562, 0.0016161793265410493, 0.0016166702165399983, 0.0016171374565389987, 0.0016175833565380444, 0.001618010016537131, 0.0016184191265362557, 0.001618812326535414, 0.0016191912265346032, 0.0016195568165338209, 0.0016199098265330652, 0.0016202512165323345, 0.0016205814165316278, 0.0016209002365309454, 0.001621208426530286, 0.0016215064865296482, 0.0016217944765290317, 0.0016220726765284361, 0.0016223410565278618, 0.001622600406527307, 0.0016228512165267698, 0.0016230935965262513, 0.00162332785652575, 0.001623555916525262, 0.001623776816524789, 0.0016239894065243339, 0.0016241946965238946, 0.0016243919865234723, 0.0016245812565230673, 0.0016247627765226787, 0.0016249358865223083, 0.0016251016265219538, 0.0016252609165216126, 0.0016254132765212868, 0.001625558986520975, 0.0016256973365206787, 0.0016258283965203983, 0.001625952246520133, 0.0016260690865198832, 0.0016261791365196475, 0.0016262828065194256, 0.001626379886519218, 0.0016264702965190245, 0.0016265535165188466, 0.0016266294265186837, 0.0016266977365185376, 0.001626757886518409, 0.0016268103065182969, 0.0016268548665182014, 0.0016268925765181206, 0.0016269231265180553, 0.0016269454465180078, 0.001626958656517979, 0.0016269629565179703],
                                   'rho_dns': [1.0, 0.9985297566503322, 0.9970051355564029, 0.9954260104002272, 0.9937924046861454, 0.9921044385838523, 0.990362327813969, 0.9885662886823811, 0.9867165042872086, 0.9848129898499659, 0.9828554609253396, 0.9808446251561279, 0.9787857572606266, 0.9766864520832527, 0.9745562844382362, 0.9724068970016292, 0.9702489189910312, 0.9680921447306846, 0.9659473387363102, 0.9638259305477457, 0.9617392884028441, 0.9596988937213038, 0.9577158291006606, 0.955799621155108, 0.9539580373833957, 0.9521978439295392, 0.950524195020297, 0.9489402065860666, 0.9474481081934416, 0.9460477374687669, 0.944738391654069, 0.9435175464290758, 0.94238211292877, 0.9413282054802168, 0.9403510902272647, 0.9394460446262114, 0.9386079468561696, 0.9378315606669674, 0.9371117632982129, 0.9364435936619416, 0.9358223084991948, 0.935243477439581, 0.9347030394833075, 0.9341973366713233, 0.9337230017053786, 0.933276869829299, 0.9328560224269573, 0.9324579769037927, 0.9320804840179432, 0.9317214262606409, 0.9313789932165213, 0.9310515418486949, 0.9307377488468979, 0.9304363334119755, 0.9301460415098648, 0.9298660971918571, 0.9295959256862381, 0.9293347780287311, 0.9290823123242866, 0.9288386614569751, 0.9286032405928735, 0.9283756571665537, 0.9281558553805952, 0.9279436120527457, 0.9277389410407122, 0.9275412315015621, 0.9273501023572445, 0.9271654627502076, 0.9269870699046019, 0.9268134561563316, 0.9266453472981917, 0.9264836128804176, 0.9263274790424388, 0.9261774730094497, 0.9260336047928731, 0.9258956642541029, 0.925764148130123, 0.9256382618151374, 0.9255173027671698, 0.9254016319898117, 0.9252910335161841, 0.9251860429207878, 0.9250866037641728, 0.9249926522381502, 0.9249040337427097, 0.9248205787789837, 0.9247419740572888, 0.9246683766087324, 0.9245998449805233, 0.924536771295773, 0.9244792445359201, 0.9244274826269909, 0.9243819081578756, 0.9243421937637256, 0.9243084366037113, 0.924279870459134, 0.9242567293029634, 0.9242398228864809, 0.9242298171485042, 0.924226560211859]},
                      'case': 'Supersonic_M0.7R600',
                      'constant_Sq_heat': 0.0,
                      'use_visc_heating': True,
                      'Pr_turb': 1.0,
                      'fprint': '<function '
                                'Build_arguments_fi_run._mk_args_MK_solver.<locals>.<lambda> '
                                'at 0x7f8d3d4c0700>',
                      'compressible_correction': False,
                      'bool_solve_energy': False,
                      'output_last': False},
  'u_imp': 10,
  'k_imp': 0,
  'e_imp': 1,
  'solve_sparse_adj': True,
  'all_ref_beta_distrib': {'K': [1.0, 1.0, 1.0, 1.0, 1.0, 1.0, 1.0, 1.0, 1.0, 1.0, 1.0, 1.0, 1.0, 1.0, 1.0, 1.0, 1.0, 1.0, 1.0, 1.0, 1.0, 1.0, 1.0, 1.0, 1.0, 1.0, 1.0, 1.0, 1.0, 1.0, 1.0, 1.0, 1.0, 1.0, 1.0, 1.0, 1.0, 1.0, 1.0, 1.0, 1.0, 1.0, 1.0, 1.0, 1.0, 1.0, 1.0, 1.0, 1.0, 1.0, 1.0, 1.0, 1.0, 1.0, 1.0, 1.0, 1.0, 1.0, 1.0, 1.0, 1.0, 1.0, 1.0, 1.0, 1.0, 1.0, 1.0, 1.0, 1.0, 1.0, 1.0, 1.0, 1.0, 1.0, 1.0, 1.0, 1.0, 1.0, 1.0, 1.0, 1.0, 1.0, 1.0, 1.0, 1.0, 1.0, 1.0, 1.0, 1.0, 1.0, 1.0, 1.0, 1.0, 1.0, 1.0, 1.0, 1.0, 1.0, 1.0, 1.0], 'E': [1.0, 0.99995878, 0.99993191, 0.99989817, 0.9998551, 0.99979947, 0.9997271, 0.99963273, 0.99950973, 0.99935006, 0.99914432, 0.99888268, 0.99855719, 0.99816571, 0.99771268, 0.99719403, 0.99656289, 0.99572038, 0.99457936, 0.99311573, 0.99131458, 0.98913835, 0.98654487, 0.98349591, 0.97995949, 0.97591208, 0.97134115, 0.96624833, 0.9606535, 0.95459946, 0.94815783, 0.94143547, 0.9345824, 0.92780081, 0.9213558, 0.91558811, 0.91092929, 0.90791979, 0.90722954, 0.90968088, 0.91627113, 0.92819115, 0.94683251, 0.97377227, 1.0107222, 1.05943571, 1.12160872, 1.19869378, 1.29032122, 1.39011941, 1.48384977, 1.55497136, 1.59243023, 1.59357996, 1.5622212, 1.50525977, 1.4302145, 1.34396659, 1.25236752, 1.16026948, 1.07170752, 0.99008337, 0.91828649, 0.85873053, 0.81331757, 0.78332532, 0.769234, 0.77055388, 0.78572708, 0.81218765, 0.84657803, 0.88508903, 0.92385412, 0.95930671, 0.98850278, 1.00937984, 1.02094967, 1.02343594, 1.01817186, 1.0072379, 0.99305084, 0.9779515, 0.96382585, 0.95193817, 0.94294441, 0.93700985, 0.93404808, 0.93388532, 0.93623257, 0.94057937, 0.94616049, 0.9520432, 0.95736666, 0.96161664, 0.96468674, 0.96676767, 0.96817522, 0.96917244, 0.96984959, 0.98506856]},
  'all_ref_delta_distrib': {'K': [-0.0, -0.0, -0.0, -0.0, -0.0, -0.0, -0.0, -0.0, -0.0, -0.0, -0.0, -0.0, -0.0, -0.0, -0.0, -0.0, -0.0, -0.0, -0.0, -0.0, -0.0, -0.0, -0.0, -0.0, -0.0, -0.0, -0.0, -0.0, -0.0, -0.0, -0.0, -0.0, -0.0, -0.0, -0.0, -0.0, -0.0, -0.0, -0.0, -0.0, -0.0, -0.0, -0.0, -0.0, -0.0, -0.0, -0.0, -0.0, -0.0, -0.0, -0.0, -0.0, -0.0, -0.0, -0.0, -0.0, -0.0, -0.0, -0.0, -0.0, -0.0, -0.0, -0.0, -0.0, -0.0, -0.0, -0.0, -0.0, -0.0, -0.0, -0.0, -0.0, -0.0, -0.0, -0.0, -0.0, -0.0, -0.0, -0.0, -0.0, -0.0, -0.0, -0.0, -0.0, -0.0, -0.0, -0.0, -0.0, -0.0, -0.0, -0.0, -0.0, -0.0, -0.0, -0.0, -0.0, -0.0, -0.0, -0.0, -0.0], 'E': [-0.0, 0.06696566473591503, 0.1498416817242211, 0.25593987356640635, 0.3956759597400361, 0.5837430043277668, 0.840704458971939, 1.1948988519802846, 1.6854829256648693, 2.3657179358066345, 3.3077930941775033, 4.608181393895317, 6.3941424508903, 8.830517161712654, 12.126531633100788, 16.541557184330554, 22.38687142483752, 30.008803130110515, 39.73436111008933, 51.78887877898345, 66.22992708868075, 82.9047870036351, 101.43470400763192, 121.23717358470135, 141.58407983259053, 161.6763742544752, 180.71632615672345, 197.96371212106092, 212.77054861787707, 224.59766413364176, 233.01778244339667, 237.71281597350145, 238.4677837972145, 235.1661567959622, 227.78666263727476, 216.40258899228073, 201.18265600454694, 182.39225953253427, 160.3946937819158, 135.6498134843378, 108.70976329967718, 80.20964560031307, 50.852279894201324, 21.386179383782864, -7.424793321035601, -34.8447715534785, -60.23941683393664, -83.11586071130294, -102.68330777485035, -117.05993237895875, -123.87644778367415, -122.19148721474663, -113.25682116176462, -99.58285463377868, -83.6923684591296, -67.46778299058346, -52.0653612282135, -38.08468219453977, -25.776692470039727, -15.205751919711231, -6.353736065618556, 0.8236805065941795, 6.374903781882137, 10.353200299809158, 12.830697988027113, 13.919049459022878, 13.788575329896693, 12.675730391992229, 10.871831128298481, 8.69199969137459, 6.434280450761267, 4.341913985222276, 2.580126563701982, 1.2323027605248322, 0.3105142371811187, -0.22572911340369076, -0.44925287475795406, -0.44812624182265465, -0.3101045647565971, -0.11031768608813665, 0.09463044438240313, 0.26815700357976685, 0.39246326779733787, 0.46416039266870146, 0.48898854093662875, 0.4771687820815995, 0.43945711593856496, 0.38532697763430945, 0.3230318395819956, 0.2598838792072591, 0.2019118503693068, 0.15321398256717475, 0.11540204111744663, 0.08774000007940812, 0.06820934108354966, 0.05461395860318479, 0.045217148770148416, 0.038932519639844294, 0.03523336254954157, 0.016974632121417654]},
  'fname_print': '/media/rafael/DATA/Dropbox/20220924_FIML_solver/data/output/field_inversion/Beta_e/u_imp_10/FI_run_Supersonic_M0.7R600_u_imp_10_k_imp_0_e_imp_1/FI_run_Supersonic_M0.7R600_u_imp_10_k_imp_0_e_imp_1.log',
  'folder': '/media/rafael/DATA/Dropbox/20220924_FIML_solver/data/output/field_inversion/Beta_e/u_imp_10/FI_run_Supersonic_M0.7R600_u_imp_10_k_imp_0_e_imp_1',
  'iters_limit': 15000}
# End_Input_Arguments

# ------------------------------------------------------------------------
#                  Iterations
# ------------------------------------------------------------------------

iter:      0 (Jcost: 1.433811e-01) (lr = 1.000e-03) (elapsed time:  0.002) (secs/iter:   None) (n_accepted: 0%) (u_error:  2.809171 %) (beta_change: 59.357996 %) (delta_change:  2.466180 %) (delta_peak/R:  0.000000 %)
-> Saved file: /media/rafael/DATA/Dropbox/20220924_FIML_solver/data/output/field_inversion/Beta_e/u_imp_10/FI_run_Supersonic_M0.7R600_u_imp_10_k_imp_0_e_imp_1/FI_run_Supersonic_M0.7R600_u_imp_10_k_imp_0_e_imp_1_state_iter_0.dat
iter:    100 (Jcost: 2.491894e-02) (lr = 1.367e-01) (elapsed time: 136.541) (secs/iter:  1.365) (n_accepted: 85%) (u_error:  0.954799 %) (beta_change: 48.641373 %) (delta_change:  1.667662 %) (delta_peak/R:  3.010439 %)
iter:    200 (Jcost: 1.969168e-02) (lr = 4.889e-02) (elapsed time: 264.800) (secs/iter:  1.283) (n_accepted: 78%) (u_error:  0.796195 %) (beta_change: 42.185227 %) (delta_change:  1.270524 %) (delta_peak/R:  2.704626 %)
iter:    300 (Jcost: 1.878636e-02) (lr = 1.749e-02) (elapsed time: 353.224) (secs/iter:  0.884) (n_accepted: 78%) (u_error:  0.770641 %) (beta_change: 39.128328 %) (delta_change:  1.036733 %) (delta_peak/R:  2.598179 %)
iter:    400 (Jcost: 1.837704e-02) (lr = 4.980e-01) (elapsed time: 469.585) (secs/iter:  1.164) (n_accepted: 83%) (u_error:  0.770866 %) (beta_change: 37.225930 %) (delta_change:  0.908939 %) (delta_peak/R:  2.539861 %)
iter:    500 (Jcost: 1.814098e-02) (lr = 4.275e-01) (elapsed time: 586.964) (secs/iter:  1.174) (n_accepted: 79%) (u_error:  0.764441 %) (beta_change: 35.930295 %) (delta_change:  0.843076 %) (delta_peak/R:  2.524114 %)
-> Saved file: /media/rafael/DATA/Dropbox/20220924_FIML_solver/data/output/field_inversion/Beta_e/u_imp_10/FI_run_Supersonic_M0.7R600_u_imp_10_k_imp_0_e_imp_1/FI_run_Supersonic_M0.7R600_u_imp_10_k_imp_0_e_imp_1_state_iter_500.dat
iter:    600 (Jcost: 1.790623e-02) (lr = 1.529e-01) (elapsed time: 700.137) (secs/iter:  1.132) (n_accepted: 78%) (u_error:  0.757270 %) (beta_change: 34.397705 %) (delta_change:  0.757893 %) (delta_peak/R:  2.507262 %)
iter:    700 (Jcost: 1.775150e-02) (lr = 2.279e-02) (elapsed time: 816.580) (secs/iter:  1.164) (n_accepted: 77%) (u_error:  0.755380 %) (beta_change: 33.200572 %) (delta_change:  0.710766 %) (delta_peak/R:  2.493063 %)
iter:    800 (Jcost: 1.761598e-02) (lr = 1.956e-02) (elapsed time: 929.389) (secs/iter:  1.128) (n_accepted: 79%) (u_error:  0.752799 %) (beta_change: 31.979033 %) (delta_change:  0.665645 %) (delta_peak/R:  2.481884 %)
iter:    900 (Jcost: 1.750526e-02) (lr = 4.030e-02) (elapsed time: 1037.494) (secs/iter:  1.081) (n_accepted: 80%) (u_error:  0.747088 %) (beta_change: 30.800230 %) (delta_change:  0.617904 %) (delta_peak/R:  2.474820 %)
iter:   1000 (Jcost: 1.743300e-02) (lr = 4.782e-01) (elapsed time: 1146.634) (secs/iter:  1.091) (n_accepted: 82%) (u_error:  0.749264 %) (beta_change: 29.967541 %) (delta_change:  0.582399 %) (delta_peak/R:  2.464985 %)
-> Saved file: /media/rafael/DATA/Dropbox/20220924_FIML_solver/data/output/field_inversion/Beta_e/u_imp_10/FI_run_Supersonic_M0.7R600_u_imp_10_k_imp_0_e_imp_1/FI_run_Supersonic_M0.7R600_u_imp_10_k_imp_0_e_imp_1_state_iter_1000.dat
iter:   1100 (Jcost: 1.736557e-02) (lr = 2.969e-02) (elapsed time: 1263.617) (secs/iter:  1.170) (n_accepted: 76%) (u_error:  0.748808 %) (beta_change: 29.081988 %) (delta_change:  0.549641 %) (delta_peak/R:  2.457937 %)
iter:   1200 (Jcost: 1.730554e-02) (lr = 2.549e-02) (elapsed time: 1375.004) (secs/iter:  1.114) (n_accepted: 79%) (u_error:  0.746634 %) (beta_change: 28.216976 %) (delta_change:  0.526339 %) (delta_peak/R:  2.452890 %)
iter:   1300 (Jcost: 1.725233e-02) (lr = 1.260e-01) (elapsed time: 1483.638) (secs/iter:  1.086) (n_accepted: 81%) (u_error:  0.748769 %) (beta_change: 27.339327 %) (delta_change:  0.500652 %) (delta_peak/R:  2.444547 %)
iter:   1400 (Jcost: 1.721504e-02) (lr = 2.596e-01) (elapsed time: 1594.378) (secs/iter:  1.107) (n_accepted: 80%) (u_error:  0.745015 %) (beta_change: 26.734923 %) (delta_change:  0.481963 %) (delta_peak/R:  2.443414 %)
iter:   1500 (Jcost: 1.717469e-02) (lr = 9.286e-02) (elapsed time: 1705.981) (secs/iter:  1.116) (n_accepted: 78%) (u_error:  0.743933 %) (beta_change: 25.998218 %) (delta_change:  0.458266 %) (delta_peak/R:  2.439323 %)
-> Saved file: /media/rafael/DATA/Dropbox/20220924_FIML_solver/data/output/field_inversion/Beta_e/u_imp_10/FI_run_Supersonic_M0.7R600_u_imp_10_k_imp_0_e_imp_1/FI_run_Supersonic_M0.7R600_u_imp_10_k_imp_0_e_imp_1_state_iter_1500.dat
iter:   1600 (Jcost: 1.713735e-02) (lr = 1.384e-02) (elapsed time: 1817.066) (secs/iter:  1.111) (n_accepted: 77%) (u_error:  0.743059 %) (beta_change: 25.268555 %) (delta_change:  0.434021 %) (delta_peak/R:  2.435362 %)
iter:   1700 (Jcost: 1.710627e-02) (lr = 1.188e-02) (elapsed time: 1927.644) (secs/iter:  1.106) (n_accepted: 79%) (u_error:  0.742187 %) (beta_change: 24.623839 %) (delta_change:  0.412140 %) (delta_peak/R:  2.432149 %)
iter:   1800 (Jcost: 1.707106e-02) (lr = 2.447e-02) (elapsed time: 2026.032) (secs/iter:  0.984) (n_accepted: 80%) (u_error:  0.740193 %) (beta_change: 23.843657 %) (delta_change:  0.385342 %) (delta_peak/R:  2.429290 %)
iter:   1900 (Jcost: 1.704694e-02) (lr = 6.970e-01) (elapsed time: 2092.640) (secs/iter:  0.666) (n_accepted: 83%) (u_error:  0.741657 %) (beta_change: 23.288732 %) (delta_change:  0.372514 %) (delta_peak/R:  2.425000 %)
iter:   2000 (Jcost: 1.702707e-02) (lr = 2.493e-01) (elapsed time: 2160.978) (secs/iter:  0.683) (n_accepted: 78%) (u_error:  0.740348 %) (beta_change: 22.811569 %) (delta_change:  0.362682 %) (delta_peak/R:  2.423573 %)
-> Saved file: /media/rafael/DATA/Dropbox/20220924_FIML_solver/data/output/field_inversion/Beta_e/u_imp_10/FI_run_Supersonic_M0.7R600_u_imp_10_k_imp_0_e_imp_1/FI_run_Supersonic_M0.7R600_u_imp_10_k_imp_0_e_imp_1_state_iter_2000.dat
iter:   2100 (Jcost: 1.700427e-02) (lr = 8.916e-02) (elapsed time: 2231.939) (secs/iter:  0.710) (n_accepted: 78%) (u_error:  0.740693 %) (beta_change: 22.240239 %) (delta_change:  0.352082 %) (delta_peak/R:  2.420374 %)
iter:   2200 (Jcost: 1.698148e-02) (lr = 3.189e-02) (elapsed time: 2298.740) (secs/iter:  0.668) (n_accepted: 78%) (u_error:  0.739955 %) (beta_change: 21.646990 %) (delta_change:  0.341108 %) (delta_peak/R:  2.418111 %)
iter:   2300 (Jcost: 1.696295e-02) (lr = 2.737e-02) (elapsed time: 2367.287) (secs/iter:  0.685) (n_accepted: 79%) (u_error:  0.739337 %) (beta_change: 21.145647 %) (delta_change:  0.331882 %) (delta_peak/R:  2.416302 %)
iter:   2400 (Jcost: 1.694345e-02) (lr = 2.350e-02) (elapsed time: 2434.248) (secs/iter:  0.670) (n_accepted: 79%) (u_error:  0.739629 %) (beta_change: 20.597473 %) (delta_change:  0.321868 %) (delta_peak/R:  2.413608 %)
iter:   2500 (Jcost: 1.693220e-02) (lr = 4.841e-02) (elapsed time: 2501.899) (secs/iter:  0.677) (n_accepted: 80%) (u_error:  0.739138 %) (beta_change: 20.273692 %) (delta_change:  0.315965 %) (delta_peak/R:  2.412627 %)
-> Saved file: /media/rafael/DATA/Dropbox/20220924_FIML_solver/data/output/field_inversion/Beta_e/u_imp_10/FI_run_Supersonic_M0.7R600_u_imp_10_k_imp_0_e_imp_1/FI_run_Supersonic_M0.7R600_u_imp_10_k_imp_0_e_imp_1_state_iter_2500.dat
iter:   2600 (Jcost: 1.691620e-02) (lr = 2.394e-01) (elapsed time: 2603.574) (secs/iter:  1.017) (n_accepted: 81%) (u_error:  0.740673 %) (beta_change: 19.778575 %) (delta_change:  0.307029 %) (delta_peak/R:  2.409270 %)
iter:   2700 (Jcost: 1.690087e-02) (lr = 4.931e-01) (elapsed time: 2681.304) (secs/iter:  0.777) (n_accepted: 80%) (u_error:  0.738516 %) (beta_change: 19.331070 %) (delta_change:  0.298911 %) (delta_peak/R:  2.409284 %)
iter:   2800 (Jcost: 1.688734e-02) (lr = 1.764e-01) (elapsed time: 2761.729) (secs/iter:  0.804) (n_accepted: 78%) (u_error:  0.738044 %) (beta_change: 18.905190 %) (delta_change:  0.291260 %) (delta_peak/R:  2.408026 %)
iter:   2900 (Jcost: 1.687170e-02) (lr = 1.095e-02) (elapsed time: 2841.433) (secs/iter:  0.797) (n_accepted: 76%) (u_error:  0.737802 %) (beta_change: 18.397325 %) (delta_change:  0.282193 %) (delta_peak/R:  2.406319 %)
iter:   3000 (Jcost: 1.685924e-02) (lr = 2.256e-02) (elapsed time: 2921.356) (secs/iter:  0.799) (n_accepted: 80%) (u_error:  0.737705 %) (beta_change: 17.980336 %) (delta_change:  0.274794 %) (delta_peak/R:  2.404892 %)
-> Saved file: /media/rafael/DATA/Dropbox/20220924_FIML_solver/data/output/field_inversion/Beta_e/u_imp_10/FI_run_Supersonic_M0.7R600_u_imp_10_k_imp_0_e_imp_1/FI_run_Supersonic_M0.7R600_u_imp_10_k_imp_0_e_imp_1_state_iter_3000.dat
iter:   3100 (Jcost: 1.684706e-02) (lr = 1.937e-02) (elapsed time: 3007.230) (secs/iter:  0.859) (n_accepted: 79%) (u_error:  0.737358 %) (beta_change: 17.560857 %) (delta_change:  0.267383 %) (delta_peak/R:  2.403707 %)
iter:   3200 (Jcost: 1.683263e-02) (lr = 1.324e+00) (elapsed time: 3079.992) (secs/iter:  0.728) (n_accepted: 84%) (u_error:  0.735802 %) (beta_change: 17.039251 %) (delta_change:  0.258475 %) (delta_peak/R:  2.403239 %)
iter:   3300 (Jcost: 1.682469e-02) (lr = 8.220e-02) (elapsed time: 3149.787) (secs/iter:  0.698) (n_accepted: 76%) (u_error:  0.736672 %) (beta_change: 16.758177 %) (delta_change:  0.254076 %) (delta_peak/R:  2.401579 %)
iter:   3400 (Jcost: 1.681394e-02) (lr = 7.056e-02) (elapsed time: 3196.865) (secs/iter:  0.471) (n_accepted: 79%) (u_error:  0.736420 %) (beta_change: 16.356517 %) (delta_change:  0.247765 %) (delta_peak/R:  2.400494 %)
iter:   3500 (Jcost: 1.680275e-02) (lr = 1.052e-02) (elapsed time: 3261.539) (secs/iter:  0.647) (n_accepted: 77%) (u_error:  0.736528 %) (beta_change: 15.926549 %) (delta_change:  0.241024 %) (delta_peak/R:  2.399051 %)
-> Saved file: /media/rafael/DATA/Dropbox/20220924_FIML_solver/data/output/field_inversion/Beta_e/u_imp_10/FI_run_Supersonic_M0.7R600_u_imp_10_k_imp_0_e_imp_1/FI_run_Supersonic_M0.7R600_u_imp_10_k_imp_0_e_imp_1_state_iter_3500.dat
iter:   3600 (Jcost: 1.679393e-02) (lr = 1.248e-01) (elapsed time: 3345.177) (secs/iter:  0.836) (n_accepted: 82%) (u_error:  0.735621 %) (beta_change: 15.583605 %) (delta_change:  0.235489 %) (delta_peak/R:  2.398734 %)
iter:   3700 (Jcost: 1.678509e-02) (lr = 1.071e-01) (elapsed time: 3424.416) (secs/iter:  0.792) (n_accepted: 79%) (u_error:  0.737142 %) (beta_change: 15.241037 %) (delta_change:  0.229869 %) (delta_peak/R:  2.396372 %)
iter:   3800 (Jcost: 1.677628e-02) (lr = 5.296e-01) (elapsed time: 3498.836) (secs/iter:  0.744) (n_accepted: 81%) (u_error:  0.735566 %) (beta_change: 14.897302 %) (delta_change:  0.224188 %) (delta_peak/R:  2.396637 %)
iter:   3900 (Jcost: 1.676807e-02) (lr = 7.892e-02) (elapsed time: 3567.235) (secs/iter:  0.684) (n_accepted: 77%) (u_error:  0.735688 %) (beta_change: 14.564117 %) (delta_change:  0.218735 %) (delta_peak/R:  2.395529 %)
iter:   4000 (Jcost: 1.676073e-02) (lr = 1.176e-02) (elapsed time: 3615.797) (secs/iter:  0.486) (n_accepted: 77%) (u_error:  0.735812 %) (beta_change: 14.257165 %) (delta_change:  0.213730 %) (delta_peak/R:  2.394521 %)
-> Saved file: /media/rafael/DATA/Dropbox/20220924_FIML_solver/data/output/field_inversion/Beta_e/u_imp_10/FI_run_Supersonic_M0.7R600_u_imp_10_k_imp_0_e_imp_1/FI_run_Supersonic_M0.7R600_u_imp_10_k_imp_0_e_imp_1_state_iter_4000.dat
iter:   4100 (Jcost: 1.675406e-02) (lr = 8.039e-01) (elapsed time: 3665.304) (secs/iter:  0.495) (n_accepted: 84%) (u_error:  0.736499 %) (beta_change: 13.965010 %) (delta_change:  0.208995 %) (delta_peak/R:  2.393099 %)
iter:   4200 (Jcost: 1.674880e-02) (lr = 1.198e-01) (elapsed time: 3711.156) (secs/iter:  0.459) (n_accepted: 77%) (u_error:  0.735481 %) (beta_change: 13.740527 %) (delta_change:  0.205335 %) (delta_peak/R:  2.393317 %)
iter:   4300 (Jcost: 1.674091e-02) (lr = 1.785e-02) (elapsed time: 3759.474) (secs/iter:  0.483) (n_accepted: 77%) (u_error:  0.735227 %) (beta_change: 13.385591 %) (delta_change:  0.199596 %) (delta_peak/R:  2.392539 %)
iter:   4400 (Jcost: 1.673472e-02) (lr = 5.085e-01) (elapsed time: 3804.946) (secs/iter:  0.455) (n_accepted: 83%) (u_error:  0.734387 %) (beta_change: 13.094813 %) (delta_change:  0.194899 %) (delta_peak/R:  2.392451 %)
iter:   4500 (Jcost: 1.672959e-02) (lr = 7.578e-02) (elapsed time: 3855.089) (secs/iter:  0.501) (n_accepted: 77%) (u_error:  0.735312 %) (beta_change: 12.856355 %) (delta_change:  0.191094 %) (delta_peak/R:  2.391031 %)
-> Saved file: /media/rafael/DATA/Dropbox/20220924_FIML_solver/data/output/field_inversion/Beta_e/u_imp_10/FI_run_Supersonic_M0.7R600_u_imp_10_k_imp_0_e_imp_1/FI_run_Supersonic_M0.7R600_u_imp_10_k_imp_0_e_imp_1_state_iter_4500.dat
iter:   4600 (Jcost: 1.672547e-02) (lr = 1.561e-01) (elapsed time: 3929.566) (secs/iter:  0.745) (n_accepted: 80%) (u_error:  0.734739 %) (beta_change: 12.657638 %) (delta_change:  0.187903 %) (delta_peak/R:  2.390984 %)
iter:   4700 (Jcost: 1.672167e-02) (lr = 1.340e-01) (elapsed time: 4010.124) (secs/iter:  0.806) (n_accepted: 79%) (u_error:  0.735162 %) (beta_change: 12.471028 %) (delta_change:  0.184935 %) (delta_peak/R:  2.390139 %)
iter:   4800 (Jcost: 1.671597e-02) (lr = 1.150e-01) (elapsed time: 4087.683) (secs/iter:  0.776) (n_accepted: 79%) (u_error:  0.734850 %) (beta_change: 12.186193 %) (delta_change:  0.180397 %) (delta_peak/R:  2.389662 %)
iter:   4900 (Jcost: 1.671100e-02) (lr = 4.114e-02) (elapsed time: 4158.756) (secs/iter:  0.711) (n_accepted: 78%) (u_error:  0.734686 %) (beta_change: 11.931625 %) (delta_change:  0.176357 %) (delta_peak/R:  2.389150 %)
iter:   5000 (Jcost: 1.670434e-02) (lr = 1.472e-02) (elapsed time: 4235.336) (secs/iter:  0.766) (n_accepted: 78%) (u_error:  0.734482 %) (beta_change: 11.580879 %) (delta_change:  0.170814 %) (delta_peak/R:  2.388438 %)
-> Saved file: /media/rafael/DATA/Dropbox/20220924_FIML_solver/data/output/field_inversion/Beta_e/u_imp_10/FI_run_Supersonic_M0.7R600_u_imp_10_k_imp_0_e_imp_1/FI_run_Supersonic_M0.7R600_u_imp_10_k_imp_0_e_imp_1_state_iter_5000.dat
iter:   5100 (Jcost: 1.670083e-02) (lr = 7.276e-02) (elapsed time: 4317.302) (secs/iter:  0.820) (n_accepted: 81%) (u_error:  0.734567 %) (beta_change: 11.391828 %) (delta_change:  0.167841 %) (delta_peak/R:  2.387899 %)
iter:   5200 (Jcost: 1.669531e-02) (lr = 2.602e-02) (elapsed time: 4391.972) (secs/iter:  0.747) (n_accepted: 78%) (u_error:  0.734310 %) (beta_change: 11.087937 %) (delta_change:  0.163069 %) (delta_peak/R:  2.387373 %)
iter:   5300 (Jcost: 1.669057e-02) (lr = 2.234e-02) (elapsed time: 4467.441) (secs/iter:  0.755) (n_accepted: 79%) (u_error:  0.734333 %) (beta_change: 10.819556 %) (delta_change:  0.158877 %) (delta_peak/R:  2.386708 %)
iter:   5400 (Jcost: 1.668607e-02) (lr = 1.918e-02) (elapsed time: 4544.410) (secs/iter:  0.770) (n_accepted: 79%) (u_error:  0.734159 %) (beta_change: 10.559907 %) (delta_change:  0.154832 %) (delta_peak/R:  2.386236 %)
iter:   5500 (Jcost: 1.668058e-02) (lr = 1.311e+00) (elapsed time: 4616.259) (secs/iter:  0.718) (n_accepted: 84%) (u_error:  0.734289 %) (beta_change: 10.233040 %) (delta_change:  0.149767 %) (delta_peak/R:  2.385361 %)
-> Saved file: /media/rafael/DATA/Dropbox/20220924_FIML_solver/data/output/field_inversion/Beta_e/u_imp_10/FI_run_Supersonic_M0.7R600_u_imp_10_k_imp_0_e_imp_1/FI_run_Supersonic_M0.7R600_u_imp_10_k_imp_0_e_imp_1_state_iter_5500.dat
iter:   5600 (Jcost: 1.667729e-02) (lr = 1.953e-01) (elapsed time: 4699.694) (secs/iter:  0.834) (n_accepted: 77%) (u_error:  0.734030 %) (beta_change: 10.033811 %) (delta_change:  0.146684 %) (delta_peak/R:  2.385118 %)
iter:   5700 (Jcost: 1.667362e-02) (lr = 1.213e-02) (elapsed time: 4778.385) (secs/iter:  0.787) (n_accepted: 76%) (u_error:  0.733896 %) (beta_change:  9.806891 %) (delta_change:  0.143188 %) (delta_peak/R:  2.384712 %)
iter:   5800 (Jcost: 1.666956e-02) (lr = 8.290e-01) (elapsed time: 4849.851) (secs/iter:  0.715) (n_accepted: 84%) (u_error:  0.733613 %) (beta_change:  9.549830 %) (delta_change:  0.139237 %) (delta_peak/R:  2.384368 %)
iter:   5900 (Jcost: 1.666580e-02) (lr = 7.116e-01) (elapsed time: 4925.919) (secs/iter:  0.761) (n_accepted: 79%) (u_error:  0.733957 %) (beta_change:  9.306377 %) (delta_change:  0.135523 %) (delta_peak/R:  2.383535 %)
iter:   6000 (Jcost: 1.666225e-02) (lr = 2.545e-01) (elapsed time: 5000.863) (secs/iter:  0.749) (n_accepted: 78%) (u_error:  0.733818 %) (beta_change:  9.072578 %) (delta_change:  0.131958 %) (delta_peak/R:  2.383135 %)
-> Saved file: /media/rafael/DATA/Dropbox/20220924_FIML_solver/data/output/field_inversion/Beta_e/u_imp_10/FI_run_Supersonic_M0.7R600_u_imp_10_k_imp_0_e_imp_1/FI_run_Supersonic_M0.7R600_u_imp_10_k_imp_0_e_imp_1_state_iter_6000.dat
iter:   6100 (Jcost: 1.665857e-02) (lr = 9.103e-02) (elapsed time: 5081.810) (secs/iter:  0.809) (n_accepted: 78%) (u_error:  0.733371 %) (beta_change:  8.825315 %) (delta_change:  0.128195 %) (delta_peak/R:  2.382970 %)
iter:   6200 (Jcost: 1.665530e-02) (lr = 1.357e-02) (elapsed time: 5157.671) (secs/iter:  0.759) (n_accepted: 77%) (u_error:  0.733428 %) (beta_change:  8.600633 %) (delta_change:  0.124798 %) (delta_peak/R:  2.382437 %)
iter:   6300 (Jcost: 1.665271e-02) (lr = 3.864e-01) (elapsed time: 5230.202) (secs/iter:  0.725) (n_accepted: 83%) (u_error:  0.733628 %) (beta_change:  8.418313 %) (delta_change:  0.122054 %) (delta_peak/R:  2.381878 %)
iter:   6400 (Jcost: 1.665001e-02) (lr = 1.382e-01) (elapsed time: 5304.348) (secs/iter:  0.741) (n_accepted: 78%) (u_error:  0.733381 %) (beta_change:  8.227058 %) (delta_change:  0.119174 %) (delta_peak/R:  2.381680 %)
iter:   6500 (Jcost: 1.664670e-02) (lr = 2.059e-02) (elapsed time: 5379.843) (secs/iter:  0.755) (n_accepted: 77%) (u_error:  0.733411 %) (beta_change:  7.986968 %) (delta_change:  0.115578 %) (delta_peak/R:  2.381150 %)
-> Saved file: /media/rafael/DATA/Dropbox/20220924_FIML_solver/data/output/field_inversion/Beta_e/u_imp_10/FI_run_Supersonic_M0.7R600_u_imp_10_k_imp_0_e_imp_1/FI_run_Supersonic_M0.7R600_u_imp_10_k_imp_0_e_imp_1_state_iter_6500.dat
iter:   6600 (Jcost: 1.664449e-02) (lr = 2.444e-01) (elapsed time: 5457.555) (secs/iter:  0.777) (n_accepted: 82%) (u_error:  0.733080 %) (beta_change:  7.824713 %) (delta_change:  0.113147 %) (delta_peak/R:  2.381090 %)
iter:   6700 (Jcost: 1.664162e-02) (lr = 8.741e-02) (elapsed time: 5531.992) (secs/iter:  0.744) (n_accepted: 78%) (u_error:  0.733282 %) (beta_change:  7.609442 %) (delta_change:  0.109947 %) (delta_peak/R:  2.380476 %)
iter:   6800 (Jcost: 1.663900e-02) (lr = 1.303e-02) (elapsed time: 5608.084) (secs/iter:  0.761) (n_accepted: 77%) (u_error:  0.733074 %) (beta_change:  7.409818 %) (delta_change:  0.106980 %) (delta_peak/R:  2.380243 %)
iter:   6900 (Jcost: 1.663644e-02) (lr = 1.546e-01) (elapsed time: 5682.932) (secs/iter:  0.748) (n_accepted: 82%) (u_error:  0.734106 %) (beta_change:  7.197118 %) (delta_change:  0.103859 %) (delta_peak/R:  2.378946 %)
iter:   7000 (Jcost: 1.663409e-02) (lr = 1.327e-01) (elapsed time: 5755.738) (secs/iter:  0.728) (n_accepted: 79%) (u_error:  0.732894 %) (beta_change:  7.026461 %) (delta_change:  0.101315 %) (delta_peak/R:  2.379619 %)
-> Saved file: /media/rafael/DATA/Dropbox/20220924_FIML_solver/data/output/field_inversion/Beta_e/u_imp_10/FI_run_Supersonic_M0.7R600_u_imp_10_k_imp_0_e_imp_1/FI_run_Supersonic_M0.7R600_u_imp_10_k_imp_0_e_imp_1_state_iter_7000.dat
iter:   7100 (Jcost: 1.663159e-02) (lr = 8.239e-03) (elapsed time: 5837.857) (secs/iter:  0.821) (n_accepted: 76%) (u_error:  0.733042 %) (beta_change:  6.826468 %) (delta_change:  0.098380 %) (delta_peak/R:  2.379097 %)
iter:   7200 (Jcost: 1.662942e-02) (lr = 5.631e-01) (elapsed time: 5909.538) (secs/iter:  0.717) (n_accepted: 84%) (u_error:  0.732944 %) (beta_change:  6.650373 %) (delta_change:  0.095798 %) (delta_peak/R:  2.378832 %)
iter:   7300 (Jcost: 1.662741e-02) (lr = 1.457e-02) (elapsed time: 5984.178) (secs/iter:  0.746) (n_accepted: 75%) (u_error:  0.732880 %) (beta_change:  6.484852 %) (delta_change:  0.093380 %) (delta_peak/R:  2.378561 %)
iter:   7400 (Jcost: 1.662586e-02) (lr = 3.002e-02) (elapsed time: 6059.434) (secs/iter:  0.753) (n_accepted: 80%) (u_error:  0.732933 %) (beta_change:  6.354711 %) (delta_change:  0.091485 %) (delta_peak/R:  2.378262 %)
iter:   7500 (Jcost: 1.662303e-02) (lr = 1.074e-02) (elapsed time: 6130.354) (secs/iter:  0.709) (n_accepted: 78%) (u_error:  0.732814 %) (beta_change:  6.115342 %) (delta_change:  0.088280 %) (delta_peak/R:  2.377900 %)
-> Saved file: /media/rafael/DATA/Dropbox/20220924_FIML_solver/data/output/field_inversion/Beta_e/u_imp_10/FI_run_Supersonic_M0.7R600_u_imp_10_k_imp_0_e_imp_1/FI_run_Supersonic_M0.7R600_u_imp_10_k_imp_0_e_imp_1_state_iter_7500.dat
iter:   7600 (Jcost: 1.662051e-02) (lr = 1.274e-01) (elapsed time: 6205.353) (secs/iter:  0.750) (n_accepted: 82%) (u_error:  0.732299 %) (beta_change:  5.896315 %) (delta_change:  0.088266 %) (delta_peak/R:  2.377914 %)
iter:   7700 (Jcost: 1.661849e-02) (lr = 6.299e-01) (elapsed time: 6278.075) (secs/iter:  0.727) (n_accepted: 81%) (u_error:  0.732635 %) (beta_change:  5.721339 %) (delta_change:  0.088879 %) (delta_peak/R:  2.377300 %)
iter:   7800 (Jcost: 1.661622e-02) (lr = 2.253e-01) (elapsed time: 6353.288) (secs/iter:  0.752) (n_accepted: 78%) (u_error:  0.732613 %) (beta_change:  5.519722 %) (delta_change:  0.089241 %) (delta_peak/R:  2.376939 %)
iter:   7900 (Jcost: 1.661438e-02) (lr = 8.058e-02) (elapsed time: 6426.104) (secs/iter:  0.728) (n_accepted: 78%) (u_error:  0.732563 %) (beta_change:  5.353753 %) (delta_change:  0.089507 %) (delta_peak/R:  2.376673 %)
iter:   8000 (Jcost: 1.661227e-02) (lr = 1.201e-02) (elapsed time: 6500.569) (secs/iter:  0.745) (n_accepted: 77%) (u_error:  0.732490 %) (beta_change:  5.159846 %) (delta_change:  0.089805 %) (delta_peak/R:  2.376375 %)
-> Saved file: /media/rafael/DATA/Dropbox/20220924_FIML_solver/data/output/field_inversion/Beta_e/u_imp_10/FI_run_Supersonic_M0.7R600_u_imp_10_k_imp_0_e_imp_1/FI_run_Supersonic_M0.7R600_u_imp_10_k_imp_0_e_imp_1_state_iter_8000.dat
iter:   8100 (Jcost: 1.661039e-02) (lr = 2.474e-02) (elapsed time: 6580.026) (secs/iter:  0.795) (n_accepted: 80%) (u_error:  0.732351 %) (beta_change:  4.985880 %) (delta_change:  0.090007 %) (delta_peak/R:  2.376173 %)
iter:   8200 (Jcost: 1.660889e-02) (lr = 1.223e-01) (elapsed time: 6653.438) (secs/iter:  0.734) (n_accepted: 81%) (u_error:  0.732436 %) (beta_change:  4.853410 %) (delta_change:  0.090334 %) (delta_peak/R:  2.375845 %)
iter:   8300 (Jcost: 1.660701e-02) (lr = 1.050e-01) (elapsed time: 6727.921) (secs/iter:  0.745) (n_accepted: 79%) (u_error:  0.732343 %) (beta_change:  4.686781 %) (delta_change:  0.090580 %) (delta_peak/R:  2.375599 %)
iter:   8400 (Jcost: 1.660522e-02) (lr = 3.756e-02) (elapsed time: 6801.789) (secs/iter:  0.739) (n_accepted: 78%) (u_error:  0.732380 %) (beta_change:  4.527503 %) (delta_change:  0.090920 %) (delta_peak/R:  2.375260 %)
iter:   8500 (Jcost: 1.660346e-02) (lr = 3.224e-02) (elapsed time: 6876.310) (secs/iter:  0.745) (n_accepted: 79%) (u_error:  0.732355 %) (beta_change:  4.369270 %) (delta_change:  0.091205 %) (delta_peak/R:  2.374975 %)
-> Saved file: /media/rafael/DATA/Dropbox/20220924_FIML_solver/data/output/field_inversion/Beta_e/u_imp_10/FI_run_Supersonic_M0.7R600_u_imp_10_k_imp_0_e_imp_1/FI_run_Supersonic_M0.7R600_u_imp_10_k_imp_0_e_imp_1_state_iter_8500.dat
iter:   8600 (Jcost: 1.660186e-02) (lr = 1.153e-02) (elapsed time: 6957.239) (secs/iter:  0.809) (n_accepted: 78%) (u_error:  0.732246 %) (beta_change:  4.223490 %) (delta_change:  0.091393 %) (delta_peak/R:  2.374787 %)
iter:   8700 (Jcost: 1.659989e-02) (lr = 7.881e-01) (elapsed time: 7023.785) (secs/iter:  0.665) (n_accepted: 84%) (u_error:  0.732543 %) (beta_change:  4.041237 %) (delta_change:  0.091990 %) (delta_peak/R:  2.374189 %)
iter:   8800 (Jcost: 1.659833e-02) (lr = 2.819e-01) (elapsed time: 7095.306) (secs/iter:  0.715) (n_accepted: 78%) (u_error:  0.732118 %) (beta_change:  3.898776 %) (delta_change:  0.091905 %) (delta_peak/R:  2.374275 %)
iter:   8900 (Jcost: 1.659671e-02) (lr = 4.201e-02) (elapsed time: 7171.194) (secs/iter:  0.759) (n_accepted: 77%) (u_error:  0.732177 %) (beta_change:  3.747024 %) (delta_change:  0.092241 %) (delta_peak/R:  2.373939 %)
iter:   9000 (Jcost: 1.659517e-02) (lr = 3.606e-02) (elapsed time: 7246.188) (secs/iter:  0.750) (n_accepted: 79%) (u_error:  0.732143 %) (beta_change:  3.602023 %) (delta_change:  0.092486 %) (delta_peak/R:  2.373694 %)
-> Saved file: /media/rafael/DATA/Dropbox/20220924_FIML_solver/data/output/field_inversion/Beta_e/u_imp_10/FI_run_Supersonic_M0.7R600_u_imp_10_k_imp_0_e_imp_1/FI_run_Supersonic_M0.7R600_u_imp_10_k_imp_0_e_imp_1_state_iter_9000.dat
iter:   9100 (Jcost: 1.659370e-02) (lr = 1.290e-02) (elapsed time: 7325.610) (secs/iter:  0.794) (n_accepted: 78%) (u_error:  0.732047 %) (beta_change:  3.462213 %) (delta_change:  0.092668 %) (delta_peak/R:  2.373512 %)
iter:   9200 (Jcost: 1.659196e-02) (lr = 1.530e-01) (elapsed time: 7390.692) (secs/iter:  0.651) (n_accepted: 82%) (u_error:  0.731481 %) (beta_change:  3.290818 %) (delta_change:  0.092512 %) (delta_peak/R:  2.373667 %)
iter:   9300 (Jcost: 1.659069e-02) (lr = 7.567e-01) (elapsed time: 7461.136) (secs/iter:  0.704) (n_accepted: 81%) (u_error:  0.731995 %) (beta_change:  3.172903 %) (delta_change:  0.093163 %) (delta_peak/R:  2.373017 %)
iter:   9400 (Jcost: 1.658918e-02) (lr = 1.128e-01) (elapsed time: 7535.939) (secs/iter:  0.748) (n_accepted: 77%) (u_error:  0.731948 %) (beta_change:  3.025289 %) (delta_change:  0.093397 %) (delta_peak/R:  2.372783 %)
iter:   9500 (Jcost: 1.658767e-02) (lr = 4.033e-02) (elapsed time: 7606.274) (secs/iter:  0.703) (n_accepted: 78%) (u_error:  0.731859 %) (beta_change:  2.876462 %) (delta_change:  0.093596 %) (delta_peak/R:  2.372584 %)
-> Saved file: /media/rafael/DATA/Dropbox/20220924_FIML_solver/data/output/field_inversion/Beta_e/u_imp_10/FI_run_Supersonic_M0.7R600_u_imp_10_k_imp_0_e_imp_1/FI_run_Supersonic_M0.7R600_u_imp_10_k_imp_0_e_imp_1_state_iter_9500.dat
iter:   9600 (Jcost: 1.658629e-02) (lr = 1.443e-02) (elapsed time: 7685.290) (secs/iter:  0.790) (n_accepted: 78%) (u_error:  0.731853 %) (beta_change:  2.740309 %) (delta_change:  0.093841 %) (delta_peak/R:  2.372339 %)
iter:   9700 (Jcost: 1.658502e-02) (lr = 1.238e-02) (elapsed time: 7758.130) (secs/iter:  0.728) (n_accepted: 79%) (u_error:  0.731873 %) (beta_change:  2.613644 %) (delta_change:  0.094089 %) (delta_peak/R:  2.372091 %)
iter:   9800 (Jcost: 1.658367e-02) (lr = 1.063e-02) (elapsed time: 7830.606) (secs/iter:  0.725) (n_accepted: 79%) (u_error:  0.731802 %) (beta_change:  2.478301 %) (delta_change:  0.094275 %) (delta_peak/R:  2.371905 %)
iter:   9900 (Jcost: 1.658226e-02) (lr = 1.261e-01) (elapsed time: 7899.218) (secs/iter:  0.686) (n_accepted: 82%) (u_error:  0.732150 %) (beta_change:  2.362200 %) (delta_change:  0.094828 %) (delta_peak/R:  2.371352 %)
iter:  10000 (Jcost: 1.658124e-02) (lr = 1.083e-01) (elapsed time: 7974.462) (secs/iter:  0.752) (n_accepted: 79%) (u_error:  0.731770 %) (beta_change:  2.288711 %) (delta_change:  0.094694 %) (delta_peak/R:  2.371486 %)
-> Saved file: /media/rafael/DATA/Dropbox/20220924_FIML_solver/data/output/field_inversion/Beta_e/u_imp_10/FI_run_Supersonic_M0.7R600_u_imp_10_k_imp_0_e_imp_1/FI_run_Supersonic_M0.7R600_u_imp_10_k_imp_0_e_imp_1_state_iter_10000.dat
iter:  10100 (Jcost: 1.658011e-02) (lr = 1.614e-02) (elapsed time: 8053.991) (secs/iter:  0.795) (n_accepted: 77%) (u_error:  0.731771 %) (beta_change:  2.205241 %) (delta_change:  0.094903 %) (delta_peak/R:  2.371277 %)
iter:  10200 (Jcost: 1.657871e-02) (lr = 3.324e-02) (elapsed time: 8122.985) (secs/iter:  0.690) (n_accepted: 80%) (u_error:  0.732029 %) (beta_change:  2.100597 %) (delta_change:  0.095378 %) (delta_peak/R:  2.370802 %)
iter:  10300 (Jcost: 1.657775e-02) (lr = 3.945e-01) (elapsed time: 8196.740) (secs/iter:  0.738) (n_accepted: 82%) (u_error:  0.731610 %) (beta_change:  2.028398 %) (delta_change:  0.095203 %) (delta_peak/R:  2.370977 %)
iter:  10400 (Jcost: 1.657663e-02) (lr = 3.386e-01) (elapsed time: 8268.944) (secs/iter:  0.722) (n_accepted: 79%) (u_error:  0.731745 %) (beta_change:  1.955875 %) (delta_change:  0.095523 %) (delta_peak/R:  2.370657 %)
iter:  10500 (Jcost: 1.657567e-02) (lr = 1.211e-01) (elapsed time: 8342.902) (secs/iter:  0.740) (n_accepted: 78%) (u_error:  0.731687 %) (beta_change:  1.927602 %) (delta_change:  0.095652 %) (delta_peak/R:  2.370528 %)
-> Saved file: /media/rafael/DATA/Dropbox/20220924_FIML_solver/data/output/field_inversion/Beta_e/u_imp_10/FI_run_Supersonic_M0.7R600_u_imp_10_k_imp_0_e_imp_1/FI_run_Supersonic_M0.7R600_u_imp_10_k_imp_0_e_imp_1_state_iter_10500.dat
iter:  10600 (Jcost: 1.657439e-02) (lr = 4.332e-02) (elapsed time: 8418.510) (secs/iter:  0.756) (n_accepted: 78%) (u_error:  0.731557 %) (beta_change:  1.893633 %) (delta_change:  0.095782 %) (delta_peak/R:  2.370398 %)
iter:  10700 (Jcost: 1.657367e-02) (lr = 8.924e-02) (elapsed time: 8492.575) (secs/iter:  0.741) (n_accepted: 80%) (u_error:  0.731724 %) (beta_change:  1.875131 %) (delta_change:  0.096056 %) (delta_peak/R:  2.370124 %)
iter:  10800 (Jcost: 1.657250e-02) (lr = 3.192e-02) (elapsed time: 8554.126) (secs/iter:  0.616) (n_accepted: 78%) (u_error:  0.731639 %) (beta_change:  1.873532 %) (delta_change:  0.096202 %) (delta_peak/R:  2.369978 %)
iter:  10900 (Jcost: 1.657147e-02) (lr = 1.142e-02) (elapsed time: 8597.901) (secs/iter:  0.438) (n_accepted: 78%) (u_error:  0.731600 %) (beta_change:  1.892698 %) (delta_change:  0.096361 %) (delta_peak/R:  2.369818 %)
iter:  11000 (Jcost: 1.657018e-02) (lr = 3.251e-01) (elapsed time: 8638.862) (secs/iter:  0.410) (n_accepted: 83%) (u_error:  0.731291 %) (beta_change:  1.918169 %) (delta_change:  0.096345 %) (delta_peak/R:  2.369835 %)
-> Saved file: /media/rafael/DATA/Dropbox/20220924_FIML_solver/data/output/field_inversion/Beta_e/u_imp_10/FI_run_Supersonic_M0.7R600_u_imp_10_k_imp_0_e_imp_1/FI_run_Supersonic_M0.7R600_u_imp_10_k_imp_0_e_imp_1_state_iter_11000.dat
iter:  11100 (Jcost: 1.656929e-02) (lr = 2.791e-01) (elapsed time: 8681.817) (secs/iter:  0.430) (n_accepted: 79%) (u_error:  0.731538 %) (beta_change:  1.936063 %) (delta_change:  0.096716 %) (delta_peak/R:  2.369463 %)
iter:  11200 (Jcost: 1.656836e-02) (lr = 4.159e-02) (elapsed time: 8726.634) (secs/iter:  0.448) (n_accepted: 77%) (u_error:  0.731505 %) (beta_change:  1.955895 %) (delta_change:  0.096864 %) (delta_peak/R:  2.369315 %)
iter:  11300 (Jcost: 1.656742e-02) (lr = 3.570e-02) (elapsed time: 8769.885) (secs/iter:  0.433) (n_accepted: 79%) (u_error:  0.731494 %) (beta_change:  1.976577 %) (delta_change:  0.097032 %) (delta_peak/R:  2.369148 %)
iter:  11400 (Jcost: 1.656631e-02) (lr = 1.277e-02) (elapsed time: 8811.834) (secs/iter:  0.419) (n_accepted: 78%) (u_error:  0.731502 %) (beta_change:  2.021031 %) (delta_change:  0.097246 %) (delta_peak/R:  2.368934 %)
iter:  11500 (Jcost: 1.656536e-02) (lr = 2.631e-02) (elapsed time: 8855.433) (secs/iter:  0.436) (n_accepted: 80%) (u_error:  0.731244 %) (beta_change:  2.065522 %) (delta_change:  0.097210 %) (delta_peak/R:  2.368970 %)
-> Saved file: /media/rafael/DATA/Dropbox/20220924_FIML_solver/data/output/field_inversion/Beta_e/u_imp_10/FI_run_Supersonic_M0.7R600_u_imp_10_k_imp_0_e_imp_1/FI_run_Supersonic_M0.7R600_u_imp_10_k_imp_0_e_imp_1_state_iter_11500.dat
iter:  11600 (Jcost: 1.656436e-02) (lr = 7.492e-01) (elapsed time: 8898.508) (secs/iter:  0.431) (n_accepted: 83%) (u_error:  0.731486 %) (beta_change:  2.111755 %) (delta_change:  0.097600 %) (delta_peak/R:  2.368579 %)
iter:  11700 (Jcost: 1.656360e-02) (lr = 1.117e-01) (elapsed time: 8942.792) (secs/iter:  0.443) (n_accepted: 77%) (u_error:  0.731463 %) (beta_change:  2.147672 %) (delta_change:  0.097725 %) (delta_peak/R:  2.368455 %)
iter:  11800 (Jcost: 1.656273e-02) (lr = 9.584e-02) (elapsed time: 8986.507) (secs/iter:  0.437) (n_accepted: 79%) (u_error:  0.731474 %) (beta_change:  2.188864 %) (delta_change:  0.097897 %) (delta_peak/R:  2.368283 %)
iter:  11900 (Jcost: 1.656194e-02) (lr = 3.428e-02) (elapsed time: 9030.019) (secs/iter:  0.435) (n_accepted: 78%) (u_error:  0.731413 %) (beta_change:  2.226675 %) (delta_change:  0.097995 %) (delta_peak/R:  2.368184 %)
iter:  12000 (Jcost: 1.656086e-02) (lr = 1.226e-02) (elapsed time: 9070.866) (secs/iter:  0.408) (n_accepted: 78%) (u_error:  0.731459 %) (beta_change:  2.278953 %) (delta_change:  0.098238 %) (delta_peak/R:  2.367941 %)
-> Saved file: /media/rafael/DATA/Dropbox/20220924_FIML_solver/data/output/field_inversion/Beta_e/u_imp_10/FI_run_Supersonic_M0.7R600_u_imp_10_k_imp_0_e_imp_1/FI_run_Supersonic_M0.7R600_u_imp_10_k_imp_0_e_imp_1_state_iter_12000.dat
iter:  12100 (Jcost: 1.655998e-02) (lr = 8.380e-01) (elapsed time: 9113.874) (secs/iter:  0.430) (n_accepted: 84%) (u_error:  0.731302 %) (beta_change:  2.322290 %) (delta_change:  0.098274 %) (delta_peak/R:  2.367906 %)
iter:  12200 (Jcost: 1.655932e-02) (lr = 2.168e-02) (elapsed time: 9189.099) (secs/iter:  0.752) (n_accepted: 75%) (u_error:  0.731315 %) (beta_change:  2.354573 %) (delta_change:  0.098409 %) (delta_peak/R:  2.367771 %)
iter:  12300 (Jcost: 1.655856e-02) (lr = 1.861e-02) (elapsed time: 9262.434) (secs/iter:  0.733) (n_accepted: 79%) (u_error:  0.731053 %) (beta_change:  2.392862 %) (delta_change:  0.098335 %) (delta_peak/R:  2.367844 %)
iter:  12400 (Jcost: 1.655778e-02) (lr = 3.834e-02) (elapsed time: 9335.753) (secs/iter:  0.733) (n_accepted: 80%) (u_error:  0.731013 %) (beta_change:  2.432391 %) (delta_change:  0.098451 %) (delta_peak/R:  2.367729 %)
iter:  12500 (Jcost: 1.655702e-02) (lr = 1.092e+00) (elapsed time: 9403.124) (secs/iter:  0.674) (n_accepted: 83%) (u_error:  0.731311 %) (beta_change:  2.469583 %) (delta_change:  0.098842 %) (delta_peak/R:  2.367338 %)
-> Saved file: /media/rafael/DATA/Dropbox/20220924_FIML_solver/data/output/field_inversion/Beta_e/u_imp_10/FI_run_Supersonic_M0.7R600_u_imp_10_k_imp_0_e_imp_1/FI_run_Supersonic_M0.7R600_u_imp_10_k_imp_0_e_imp_1_state_iter_12500.dat
iter:  12600 (Jcost: 1.655621e-02) (lr = 1.627e-01) (elapsed time: 9479.717) (secs/iter:  0.766) (n_accepted: 77%) (u_error:  0.731277 %) (beta_change:  2.510765 %) (delta_change:  0.098967 %) (delta_peak/R:  2.367213 %)
iter:  12700 (Jcost: 1.655545e-02) (lr = 5.821e-02) (elapsed time: 9552.197) (secs/iter:  0.725) (n_accepted: 78%) (u_error:  0.731297 %) (beta_change:  2.549193 %) (delta_change:  0.099127 %) (delta_peak/R:  2.367053 %)
iter:  12800 (Jcost: 1.655458e-02) (lr = 2.082e-02) (elapsed time: 9620.940) (secs/iter:  0.687) (n_accepted: 78%) (u_error:  0.731340 %) (beta_change:  2.594011 %) (delta_change:  0.099328 %) (delta_peak/R:  2.366851 %)
iter:  12900 (Jcost: 1.655398e-02) (lr = 5.929e-01) (elapsed time: 9680.656) (secs/iter:  0.597) (n_accepted: 83%) (u_error:  0.731261 %) (beta_change:  2.625117 %) (delta_change:  0.099376 %) (delta_peak/R:  2.366803 %)
iter:  13000 (Jcost: 1.655311e-02) (lr = 3.682e-02) (elapsed time: 9724.323) (secs/iter:  0.437) (n_accepted: 76%) (u_error:  0.731281 %) (beta_change:  2.670864 %) (delta_change:  0.099560 %) (delta_peak/R:  2.366620 %)
-> Saved file: /media/rafael/DATA/Dropbox/20220924_FIML_solver/data/output/field_inversion/Beta_e/u_imp_10/FI_run_Supersonic_M0.7R600_u_imp_10_k_imp_0_e_imp_1/FI_run_Supersonic_M0.7R600_u_imp_10_k_imp_0_e_imp_1_state_iter_13000.dat
iter:  13100 (Jcost: 1.655238e-02) (lr = 3.160e-02) (elapsed time: 9774.297) (secs/iter:  0.500) (n_accepted: 79%) (u_error:  0.731324 %) (beta_change:  2.708970 %) (delta_change:  0.099734 %) (delta_peak/R:  2.366446 %)
iter:  13200 (Jcost: 1.655161e-02) (lr = 1.130e-02) (elapsed time: 9817.096) (secs/iter:  0.428) (n_accepted: 78%) (u_error:  0.731261 %) (beta_change:  2.749597 %) (delta_change:  0.099828 %) (delta_peak/R:  2.366352 %)
iter:  13300 (Jcost: 1.655093e-02) (lr = 7.726e-01) (elapsed time: 9862.951) (secs/iter:  0.459) (n_accepted: 84%) (u_error:  0.731069 %) (beta_change:  2.785989 %) (delta_change:  0.099797 %) (delta_peak/R:  2.366383 %)
iter:  13400 (Jcost: 1.655047e-02) (lr = 4.797e-02) (elapsed time: 9907.385) (secs/iter:  0.444) (n_accepted: 76%) (u_error:  0.731206 %) (beta_change:  2.810994 %) (delta_change:  0.099998 %) (delta_peak/R:  2.366182 %)
iter:  13500 (Jcost: 1.654970e-02) (lr = 1.716e-02) (elapsed time: 9956.591) (secs/iter:  0.492) (n_accepted: 78%) (u_error:  0.731178 %) (beta_change:  2.920919 %) (delta_change:  0.100121 %) (delta_peak/R:  2.366059 %)
-> Saved file: /media/rafael/DATA/Dropbox/20220924_FIML_solver/data/output/field_inversion/Beta_e/u_imp_10/FI_run_Supersonic_M0.7R600_u_imp_10_k_imp_0_e_imp_1/FI_run_Supersonic_M0.7R600_u_imp_10_k_imp_0_e_imp_1_state_iter_13500.dat
iter:  13600 (Jcost: 1.654896e-02) (lr = 1.473e-02) (elapsed time: 10015.494) (secs/iter:  0.589) (n_accepted: 79%) (u_error:  0.730970 %) (beta_change:  3.029765 %) (delta_change:  0.100091 %) (delta_peak/R:  2.366089 %)
iter:  13700 (Jcost: 1.654820e-02) (lr = 1.007e+00) (elapsed time: 10088.325) (secs/iter:  0.728) (n_accepted: 84%) (u_error:  0.731313 %) (beta_change:  3.139007 %) (delta_change:  0.100521 %) (delta_peak/R:  2.365659 %)
iter:  13800 (Jcost: 1.654769e-02) (lr = 3.601e-01) (elapsed time: 10159.812) (secs/iter:  0.715) (n_accepted: 78%) (u_error:  0.731161 %) (beta_change:  3.214500 %) (delta_change:  0.100492 %) (delta_peak/R:  2.365688 %)
iter:  13900 (Jcost: 1.654700e-02) (lr = 5.366e-02) (elapsed time: 10231.913) (secs/iter:  0.721) (n_accepted: 77%) (u_error:  0.731143 %) (beta_change:  3.315784 %) (delta_change:  0.100607 %) (delta_peak/R:  2.365573 %)
iter:  14000 (Jcost: 1.654640e-02) (lr = 4.606e-02) (elapsed time: 10306.105) (secs/iter:  0.742) (n_accepted: 79%) (u_error:  0.731152 %) (beta_change:  3.405284 %) (delta_change:  0.100729 %) (delta_peak/R:  2.365451 %)
-> Saved file: /media/rafael/DATA/Dropbox/20220924_FIML_solver/data/output/field_inversion/Beta_e/u_imp_10/FI_run_Supersonic_M0.7R600_u_imp_10_k_imp_0_e_imp_1/FI_run_Supersonic_M0.7R600_u_imp_10_k_imp_0_e_imp_1_state_iter_14000.dat
iter:  14100 (Jcost: 1.654585e-02) (lr = 1.647e-02) (elapsed time: 10376.400) (secs/iter:  0.703) (n_accepted: 78%) (u_error:  0.731122 %) (beta_change:  3.488234 %) (delta_change:  0.100810 %) (delta_peak/R:  2.365370 %)
iter:  14200 (Jcost: 1.654508e-02) (lr = 1.955e-01) (elapsed time: 10440.945) (secs/iter:  0.645) (n_accepted: 82%) (u_error:  0.730704 %) (beta_change:  3.609910 %) (delta_change:  0.100612 %) (delta_peak/R:  2.365567 %)
iter:  14300 (Jcost: 1.654464e-02) (lr = 1.678e-01) (elapsed time: 10484.422) (secs/iter:  0.435) (n_accepted: 79%) (u_error:  0.731033 %) (beta_change:  3.673082 %) (delta_change:  0.100967 %) (delta_peak/R:  2.365213 %)
iter:  14400 (Jcost: 1.654407e-02) (lr = 2.501e-02) (elapsed time: 10535.066) (secs/iter:  0.506) (n_accepted: 77%) (u_error:  0.731178 %) (beta_change:  3.761964 %) (delta_change:  0.101198 %) (delta_peak/R:  2.364982 %)
iter:  14500 (Jcost: 1.654354e-02) (lr = 8.945e-03) (elapsed time: 10578.606) (secs/iter:  0.435) (n_accepted: 78%) (u_error:  0.731072 %) (beta_change:  3.843209 %) (delta_change:  0.101209 %) (delta_peak/R:  2.364971 %)
-> Saved file: /media/rafael/DATA/Dropbox/20220924_FIML_solver/data/output/field_inversion/Beta_e/u_imp_10/FI_run_Supersonic_M0.7R600_u_imp_10_k_imp_0_e_imp_1/FI_run_Supersonic_M0.7R600_u_imp_10_k_imp_0_e_imp_1_state_iter_14500.dat
iter:  14600 (Jcost: 1.654314e-02) (lr = 4.423e-02) (elapsed time: 10628.577) (secs/iter:  0.500) (n_accepted: 81%) (u_error:  0.731056 %) (beta_change:  3.906678 %) (delta_change:  0.101273 %) (delta_peak/R:  2.364907 %)
iter:  14700 (Jcost: 1.654257e-02) (lr = 3.796e-02) (elapsed time: 10696.260) (secs/iter:  0.677) (n_accepted: 79%) (u_error:  0.730992 %) (beta_change:  3.996478 %) (delta_change:  0.101329 %) (delta_peak/R:  2.364851 %)
iter:  14800 (Jcost: 1.654196e-02) (lr = 1.358e-02) (elapsed time: 10767.463) (secs/iter:  0.712) (n_accepted: 78%) (u_error:  0.731043 %) (beta_change:  4.092443 %) (delta_change:  0.101487 %) (delta_peak/R:  2.364693 %)
iter:  14900 (Jcost: 1.654141e-02) (lr = 9.281e-01) (elapsed time: 10841.044) (secs/iter:  0.736) (n_accepted: 84%) (u_error:  0.730836 %) (beta_change:  4.182990 %) (delta_change:  0.101422 %) (delta_peak/R:  2.364758 %)
iter:  15000 (Jcost: 1.654091e-02) (lr = 7.967e-01) (elapsed time: 10914.685) (secs/iter:  0.736) (n_accepted: 79%) (u_error:  0.731106 %) (beta_change:  4.262821 %) (delta_change:  0.101743 %) (delta_peak/R:  2.364437 %)
-> Saved file: /media/rafael/DATA/Dropbox/20220924_FIML_solver/data/output/field_inversion/Beta_e/u_imp_10/FI_run_Supersonic_M0.7R600_u_imp_10_k_imp_0_e_imp_1/FI_run_Supersonic_M0.7R600_u_imp_10_k_imp_0_e_imp_1_state_iter_15000.dat
iter:  15000 (Jcost: 1.654088e-02) (lr = 9.560e-01) (elapsed time: 10920.613) (secs/iter:   None) (n_accepted: 0%) (u_error:  0.730882 %) (beta_change:  4.267226 %) (delta_change:  0.101561 %) (delta_peak/R:  2.364619 %)
