# ------------------------------------------------------------------------
#                  Input Arguments
# ------------------------------------------------------------------------
# Begin_Input_Arguments
{ 'all_b_mode': ['Beta_e'],
  'args_mk_solver': { 'torch': "<module 'torch' from "
                               "'/home/rafael/anaconda3/lib/python3.9/site-packages/torch/__init__.py'>",
                      'y_grid': [0.0, 0.000309700312, 0.000638645973, 0.00098802599, 0.00135910194, 0.00175321227, 0.00217177688, 0.00261630193, 0.00308838486, 0.00358971984, 0.00412210331, 0.00468744001, 0.00528774917, 0.00592517114, 0.00660197432, 0.0073205624, 0.00808348206, 0.00889343092, 0.00975326602, 0.0106660126, 0.0116348733, 0.0126632377, 0.0137546927, 0.0149130326, 0.0161422702, 0.0174466482, 0.0188306506, 0.0202990157, 0.0218567475, 0.02350913, 0.0252617393, 0.0271204584, 0.0290914903, 0.0311813732, 0.033396994, 0.0357456039, 0.0382348325, 0.0408727029, 0.0436676462, 0.0466285159, 0.0497646022, 0.0530856456, 0.0566018496, 0.0603238931, 0.0642629411, 0.068430655, 0.0728392004, 0.0775012535, 0.0824300053, 0.0876391634, 0.0931429507, 0.0989561006, 0.105093849, 0.111571922, 0.118406518, 0.125614286, 0.133212296, 0.141218006, 0.14964922, 0.158524039, 0.167860801, 0.177678022, 0.187994313, 0.1988283, 0.21019853, 0.222123362, 0.234620856, 0.247708641, 0.261403784, 0.275722637, 0.290680679, 0.306292354, 0.322570888, 0.339528108, 0.357174255, 0.375517785, 0.394565175, 0.414320726, 0.43478637, 0.45596148, 0.47784269, 0.500423731, 0.523695275, 0.547644806, 0.572256506, 0.597511177, 0.623386184, 0.649855436, 0.676889401, 0.704455158, 0.73251649, 0.761034018, 0.789965372, 0.819265404, 0.848886442, 0.878778572, 0.908889961, 0.939167201, 0.969555687, 1.0],
                      'Ret': 150,
                      'cp': 1.0,
                      'A_sca_rho': 1.0,
                      'A_sca_mu': 0.006666666666666667,
                      'A_sca_k': 0.006666666666666667,
                      'b_exp_rho': 0,
                      'b_exp_mu': 0,
                      'b_exp_k': 0,
                      'tensor_device': 'cpu',
                      'as_tensor': '<function '
                                   'Build_arguments_fi_run._mk_args_MK_solver.<locals>.<lambda> '
                                   'at 0x7f7afb3dbe50>',
                      'ref_dns': { 'u_dns': [4.296878958697117e-19, 0.029949272665501386, 0.06282222825776221, 0.0988983209506921, 0.13847910049738718, 0.18188894821051632, 0.22947494014502692, 0.2816068886657184, 0.3386758308250842, 0.4010923777947366, 0.4692835832518019, 0.5436881693332624, 0.624750699236418, 0.712912330581668, 0.8085996367022686, 0.9122091831867601, 1.0240879888638192, 1.1445085070385916, 1.2736364750143363, 1.411490621512465, 1.557892722247019, 1.7124402720922476, 1.8751343434543337, 2.0465309380062084, 2.227298772335375, 2.4182239162233214, 2.6201140407562376, 2.8334426175195597, 3.0585587389654547, 3.2957473719999997, 3.5452673005196953, 3.8073875951176372, 4.08230483359167, 4.37001942032991, 4.670120093, 4.981869122873774, 5.304709800920803, 5.638631505495788, 5.9835127833421335, 6.338326873209518, 6.70140276872227, 7.07087126845921, 7.4446760814785184, 7.8218040208973765, 8.202295131418309, 8.58351498, 8.960875338069464, 9.332976886462287, 9.699535013520057, 10.059388116597411, 10.411022171596208, 10.752802397474598, 11.08329614, 11.401375179999997, 11.706365330000004, 11.998033049999998, 12.276349750000001, 12.54187129, 12.794573130000003, 13.034207710000004, 13.260926570000002, 13.475364100000002, 13.679001350000002, 13.873053920000002, 14.05766449, 14.233339860000001, 14.400674149999999, 14.560375540000004, 14.71374346, 14.862253729999995, 15.006371599999998, 15.146612399999999, 15.283688860000002, 15.417844269999998, 15.549294880000003, 15.678470889999996, 15.805755909999998, 15.931244150000001, 16.055119969999996, 16.17762676, 16.298729979999997, 16.418350149999995, 16.53647512, 16.65299599, 16.767458700000006, 16.87934948, 16.98814928, 17.0933673, 17.19453936, 17.291216400000003, 17.38291717, 17.46873718000001, 17.547535, 17.618146449999998, 17.67940145, 17.730249549999996, 17.770185100000003, 17.798920089999996, 17.816245580000004, 17.82203489000001],
                                   'T_dns': [1.0000000000000004, 1.0000000000000002, 1.0, 1.0000000000000002, 1.0, 1.0000000000000004, 1.0, 1.0000000000000002, 1.0, 0.9999999999999998, 1.0, 1.0000000000000002, 0.9999999999999998, 1.0000000000000004, 1.0, 1.0000000000000002, 1.0000000000000002, 1.0, 1.0, 1.0000000000000002, 1.0, 1.0, 0.9999999999999998, 1.0, 0.9999999999999999, 1.0000000000000004, 0.9999999999999998, 0.9999999999999998, 0.9999999999999999, 1.0, 1.0, 1.0000000000000004, 0.9999999999999998, 1.0000000000000002, 1.0, 1.0, 1.0, 1.0, 1.0, 1.0, 0.9999999999999996, 0.9999999999999999, 1.0, 1.0, 1.0, 1.0, 0.9999999999999998, 1.0000000000000004, 1.0000000000000002, 0.9999999999999999, 1.0, 0.9999999999999999, 0.9999999999999998, 0.9999999999999999, 1.0, 1.0, 1.0000000000000002, 0.9999999999999998, 1.0000000000000002, 1.0000000000000002, 1.0000000000000002, 1.0, 1.0, 1.0, 1.0, 1.0000000000000002, 0.9999999999999999, 1.0, 1.0, 0.9999999999999998, 0.9999999999999998, 0.9999999999999998, 1.0, 1.0, 1.0, 1.0, 1.0, 1.0, 1.0, 0.9999999999999999, 0.9999999999999999, 0.9999999999999999, 1.0, 1.0, 1.0000000000000002, 1.0000000000000002, 1.0, 1.0, 1.0000000000000004, 1.0000000000000002, 1.0, 1.0000000000000002, 0.9999999999999998, 1.0000000000000002, 0.9999999999999998, 1.0, 1.0, 1.0, 1.0, 1.0],
                                   'mu_dns': [0.006666666666666667, 0.006666666666666667, 0.006666666666666667, 0.006666666666666667, 0.006666666666666667, 0.006666666666666667, 0.006666666666666667, 0.006666666666666667, 0.006666666666666667, 0.006666666666666667, 0.006666666666666667, 0.006666666666666667, 0.006666666666666667, 0.006666666666666667, 0.006666666666666667, 0.006666666666666667, 0.006666666666666667, 0.006666666666666667, 0.006666666666666667, 0.006666666666666667, 0.006666666666666667, 0.006666666666666667, 0.006666666666666667, 0.006666666666666667, 0.006666666666666667, 0.006666666666666667, 0.006666666666666667, 0.006666666666666667, 0.006666666666666667, 0.006666666666666667, 0.006666666666666667, 0.006666666666666667, 0.006666666666666667, 0.006666666666666667, 0.006666666666666667, 0.006666666666666667, 0.006666666666666667, 0.006666666666666667, 0.006666666666666667, 0.006666666666666667, 0.006666666666666667, 0.006666666666666667, 0.006666666666666667, 0.006666666666666667, 0.006666666666666667, 0.006666666666666667, 0.006666666666666667, 0.006666666666666667, 0.006666666666666667, 0.006666666666666667, 0.006666666666666667, 0.006666666666666667, 0.006666666666666667, 0.006666666666666667, 0.006666666666666667, 0.006666666666666667, 0.006666666666666667, 0.006666666666666667, 0.006666666666666667, 0.006666666666666667, 0.006666666666666667, 0.006666666666666667, 0.006666666666666667, 0.006666666666666667, 0.006666666666666667, 0.006666666666666667, 0.006666666666666667, 0.006666666666666667, 0.006666666666666667, 0.006666666666666667, 0.006666666666666667, 0.006666666666666667, 0.006666666666666667, 0.006666666666666667, 0.006666666666666667, 0.006666666666666667, 0.006666666666666667, 0.006666666666666667, 0.006666666666666667, 0.006666666666666667, 0.006666666666666667, 0.006666666666666667, 0.006666666666666667, 0.006666666666666667, 0.006666666666666667, 0.006666666666666667, 0.006666666666666667, 0.006666666666666667, 0.006666666666666667, 0.006666666666666667, 0.006666666666666667, 0.006666666666666667, 0.006666666666666667, 0.006666666666666667, 0.006666666666666667, 0.006666666666666667, 0.006666666666666667, 0.006666666666666667, 0.006666666666666667, 0.006666666666666667],
                                   'rho_dns': [1.0, 1.0, 1.0, 1.0, 1.0, 1.0, 1.0, 1.0, 1.0, 1.0, 1.0, 1.0, 1.0, 1.0, 1.0, 1.0, 1.0, 1.0, 1.0, 1.0, 1.0, 1.0, 1.0, 1.0, 1.0, 1.0, 1.0, 1.0, 1.0, 1.0, 1.0, 1.0, 1.0, 1.0, 1.0, 1.0, 1.0, 1.0, 1.0, 1.0, 1.0, 1.0, 1.0, 1.0, 1.0, 1.0, 1.0, 1.0, 1.0, 1.0, 1.0, 1.0, 1.0, 1.0, 1.0, 1.0, 1.0, 1.0, 1.0, 1.0, 1.0, 1.0, 1.0, 1.0, 1.0, 1.0, 1.0, 1.0, 1.0, 1.0, 1.0, 1.0, 1.0, 1.0, 1.0, 1.0, 1.0, 1.0, 1.0, 1.0, 1.0, 1.0, 1.0, 1.0, 1.0, 1.0, 1.0, 1.0, 1.0, 1.0, 1.0, 1.0, 1.0, 1.0, 1.0, 1.0, 1.0, 1.0, 1.0, 1.0]},
                      'case': 'T31_CP150',
                      'constant_Sq_heat': 0.0,
                      'use_visc_heating': False,
                      'Pr_turb': 1.0,
                      'fprint': '<function '
                                'Build_arguments_fi_run._mk_args_MK_solver.<locals>.<lambda> '
                                'at 0x7f7afb3dbc10>',
                      'compressible_correction': False,
                      'bool_solve_energy': False,
                      'output_last': False},
  'u_imp': 100,
  'k_imp': 0,
  'e_imp': 1,
  'solve_sparse_adj': True,
  'all_ref_beta_distrib': {'K': [1.0, 1.0, 1.0, 1.0, 1.0, 1.0, 1.0, 1.0, 1.0, 1.0, 1.0, 1.0, 1.0, 1.0, 1.0, 1.0, 1.0, 1.0, 1.0, 1.0, 1.0, 1.0, 1.0, 1.0, 1.0, 1.0, 1.0, 1.0, 1.0, 1.0, 1.0, 1.0, 1.0, 1.0, 1.0, 1.0, 1.0, 1.0, 1.0, 1.0, 1.0, 1.0, 1.0, 1.0, 1.0, 1.0, 1.0, 1.0, 1.0, 1.0, 1.0, 1.0, 1.0, 1.0, 1.0, 1.0, 1.0, 1.0, 1.0, 1.0, 1.0, 1.0, 1.0, 1.0, 1.0, 1.0, 1.0, 1.0, 1.0, 1.0, 1.0, 1.0, 1.0, 1.0, 1.0, 1.0, 1.0, 1.0, 1.0, 1.0, 1.0, 1.0, 1.0, 1.0, 1.0, 1.0, 1.0, 1.0, 1.0, 1.0, 1.0, 1.0, 1.0, 1.0, 1.0, 1.0, 1.0, 1.0, 1.0, 1.0], 'E': [1.0, 1.00008497, 1.00020533, 1.00033974, 1.00049349, 1.00067132, 1.0008777, 1.00111728, 1.0013951, 1.00171673, 1.00208834, 1.00251676, 1.0030095, 1.0035747, 1.00422115, 1.0049581, 1.00579513, 1.00674191, 1.00780778, 1.00900135, 1.01032995, 1.01179896, 1.01341109, 1.01516555, 1.01705711, 1.0190748, 1.0212002, 1.02340464, 1.02564513, 1.02785884, 1.02995716, 1.03182318, 1.03332049, 1.03432383, 1.03477322, 1.03472378, 1.03432947, 1.03372083, 1.03284574, 1.03143657, 1.0291609, 1.02576704, 1.02108536, 1.0149868, 1.00737486, 0.99819267, 0.98742959, 0.97512851, 0.9613951, 0.94640588, 0.93041409, 0.91375569, 0.89685952, 0.88027063, 0.86472047, 0.85136546, 0.84241339, 0.84203871, 0.8564308, 0.89144751, 0.94862848, 1.02304865, 1.1051579, 1.18481534, 1.25439201, 1.30971205, 1.349483, 1.37424504, 1.38546617, 1.38494584, 1.37448421, 1.35573332, 1.33015612, 1.29903942, 1.2635281, 1.22466784, 1.18344718, 1.14082984, 1.09777898, 1.05527185, 1.01430062, 0.97585928, 0.94091547, 0.91036789, 0.88498735, 0.86535224, 0.85178633, 0.84431008, 0.84261358, 0.8460594, 0.85372001, 0.86444952, 0.87698574, 0.89007213, 0.90257775, 0.91358926, 0.92245544, 0.92877422, 0.93233258, 0.96665081]},
  'all_ref_delta_distrib': {'K': [-0.0, -0.0, -0.0, -0.0, -0.0, -0.0, -0.0, -0.0, -0.0, -0.0, -0.0, -0.0, -0.0, -0.0, -0.0, -0.0, -0.0, -0.0, -0.0, -0.0, -0.0, -0.0, -0.0, -0.0, -0.0, -0.0, -0.0, -0.0, -0.0, -0.0, -0.0, -0.0, -0.0, -0.0, -0.0, -0.0, -0.0, -0.0, -0.0, -0.0, -0.0, -0.0, -0.0, -0.0, -0.0, -0.0, -0.0, -0.0, -0.0, -0.0, -0.0, -0.0, -0.0, -0.0, -0.0, -0.0, -0.0, -0.0, -0.0, -0.0, -0.0, -0.0, -0.0, -0.0, -0.0, -0.0, -0.0, -0.0, -0.0, -0.0, -0.0, -0.0, -0.0, -0.0, -0.0, -0.0, -0.0, -0.0, -0.0, -0.0, -0.0, -0.0, -0.0, -0.0, -0.0, -0.0, -0.0, -0.0, -0.0, -0.0, -0.0, -0.0, -0.0, -0.0, -0.0, -0.0, -0.0, -0.0, -0.0, -0.0], 'E': [-0.0, -0.005410759991289819, -0.017630003903531557, -0.033026981181651954, -0.05141454242478274, -0.07316479264749676, -0.09881071709803746, -0.128997133246212, -0.1644827782345815, -0.20615820211179964, -0.2550660545652927, -0.31242703424428564, -0.37966711445513707, -0.4584421213919876, -0.5506776797946159, -0.6585892817781211, -0.7847163288951429, -0.9319479231905428, -1.1035281921046989, -1.3030649510793222, -1.5345144174444634, -1.8021395945707075, -2.110446199009449, -2.464082646149484, -2.867703017203129, -3.325759202879016, -3.8422303068742285, -4.420199871170183, -5.061265523177392, -5.764708394795807, -6.526366852244442, -7.33722740023147, -8.181783869366813, -9.036337329085685, -9.867478852317458, -10.631079700222775, -11.271663429784557, -11.721703063746235, -11.901416194247163, -11.721243132633571, -11.089434483783705, -9.923994419963087, -8.165930152895537, -5.791362074155563, -2.820566356649909, 0.6784263682299428, 4.592519622493186, 8.77050227536512, 13.032440598680815, 17.18122572682614, 21.01528744730565, 24.340814265822793, 26.982159018024916, 28.78888175287385, 29.634044804070193, 29.38646164829705, 27.841823138392957, 24.67922480883363, 19.62385143719962, 12.846674625520738, 5.215687228136649, -1.9934056735392693, -7.713462433461704, -11.479778333045006, -13.394851899814409, -13.86718322831096, -13.368220958883164, -12.299484820997774, -10.952902647102158, -9.519340845773542, -8.112920345446247, -6.7954955910692325, -5.595947036731206, -4.523666386953405, -3.5773192254194592, -2.7503049381209133, -2.034001655498258, -1.419540920386419, -0.8987027255573085, -0.46425612487516577, -0.10992309590551066, 0.1698893750201061, 0.38050024266004817, 0.5274257907055777, 0.6168496189283524, 0.6559552716582756, 0.65303832487689, 0.6173356175921373, 0.5585795080506764, 0.4863414681929419, 0.40929331313817957, 0.3345475861031578, 0.2672213024176532, 0.2103142457273915, 0.16491952053164421, 0.13069245159094667, 0.10643957834387927, 0.0906883189127929, 0.08213538708337037, 0.03980458700026989]},
  'fname_print': '/media/rafael/DATA/Dropbox/20220924_FIML_solver/data/output/field_inversion/Beta_e/u_imp_100/FI_run_T31_CP150_u_imp_100_k_imp_0_e_imp_1/FI_run_T31_CP150_u_imp_100_k_imp_0_e_imp_1.log',
  'folder': '/media/rafael/DATA/Dropbox/20220924_FIML_solver/data/output/field_inversion/Beta_e/u_imp_100/FI_run_T31_CP150_u_imp_100_k_imp_0_e_imp_1',
  'iters_limit': 15000}
# End_Input_Arguments

# ------------------------------------------------------------------------
#                  Iterations
# ------------------------------------------------------------------------

iter:      0 (Jcost: 1.666466e+00) (lr = 1.000e-03) (elapsed time:  0.002) (secs/iter:   None) (n_accepted: 0%) (u_error:  2.921810 %) (beta_change: 38.546617 %) (delta_change:  6.091992 %) (delta_peak/R:  0.000000 %)
-> Saved file: /media/rafael/DATA/Dropbox/20220924_FIML_solver/data/output/field_inversion/Beta_e/u_imp_100/FI_run_T31_CP150_u_imp_100_k_imp_0_e_imp_1/FI_run_T31_CP150_u_imp_100_k_imp_0_e_imp_1_state_iter_0.dat
iter:    100 (Jcost: 5.112680e-01) (lr = 1.717e-03) (elapsed time: 194.207) (secs/iter:  1.942) (n_accepted: 80%) (u_error:  1.111653 %) (beta_change: 23.077258 %) (delta_change:  4.279888 %) (delta_peak/R:  6.010326 %)
iter:    200 (Jcost: 4.912207e-01) (lr = 2.037e-02) (elapsed time: 356.121) (secs/iter:  1.619) (n_accepted: 82%) (u_error:  1.107474 %) (beta_change: 18.262883 %) (delta_change:  3.183168 %) (delta_peak/R:  6.083019 %)
iter:    300 (Jcost: 4.800028e-01) (lr = 1.749e-02) (elapsed time: 509.069) (secs/iter:  1.529) (n_accepted: 79%) (u_error:  1.102056 %) (beta_change: 15.364392 %) (delta_change:  2.636635 %) (delta_peak/R:  5.993159 %)
iter:    400 (Jcost: 4.718055e-01) (lr = 1.501e-02) (elapsed time: 664.111) (secs/iter:  1.550) (n_accepted: 79%) (u_error:  1.101040 %) (beta_change: 12.579754 %) (delta_change:  2.100220 %) (delta_peak/R:  5.952126 %)
iter:    500 (Jcost: 4.646848e-01) (lr = 2.237e-03) (elapsed time: 815.764) (secs/iter:  1.517) (n_accepted: 77%) (u_error:  1.100379 %) (beta_change:  9.526828 %) (delta_change:  1.536419 %) (delta_peak/R:  5.882695 %)
-> Saved file: /media/rafael/DATA/Dropbox/20220924_FIML_solver/data/output/field_inversion/Beta_e/u_imp_100/FI_run_T31_CP150_u_imp_100_k_imp_0_e_imp_1/FI_run_T31_CP150_u_imp_100_k_imp_0_e_imp_1_state_iter_500.dat
iter:    600 (Jcost: 4.610239e-01) (lr = 1.920e-03) (elapsed time: 973.944) (secs/iter:  1.582) (n_accepted: 79%) (u_error:  1.100758 %) (beta_change:  7.585647 %) (delta_change:  1.212706 %) (delta_peak/R:  5.866400 %)
iter:    700 (Jcost: 4.579520e-01) (lr = 5.469e-02) (elapsed time: 1111.073) (secs/iter:  1.371) (n_accepted: 83%) (u_error:  1.099828 %) (beta_change:  5.704325 %) (delta_change:  0.898056 %) (delta_peak/R:  5.815417 %)
iter:    800 (Jcost: 4.556225e-01) (lr = 1.956e-02) (elapsed time: 1244.215) (secs/iter:  1.331) (n_accepted: 78%) (u_error:  1.099535 %) (beta_change:  4.025964 %) (delta_change:  0.789746 %) (delta_peak/R:  5.762970 %)
iter:    900 (Jcost: 4.537415e-01) (lr = 1.215e-03) (elapsed time: 1383.240) (secs/iter:  1.390) (n_accepted: 76%) (u_error:  1.099302 %) (beta_change:  2.506663 %) (delta_change:  0.767526 %) (delta_peak/R:  5.706244 %)
iter:   1000 (Jcost: 4.524252e-01) (lr = 1.441e-02) (elapsed time: 1520.367) (secs/iter:  1.371) (n_accepted: 82%) (u_error:  1.098341 %) (beta_change:  1.398671 %) (delta_change:  0.748705 %) (delta_peak/R:  5.646044 %)
-> Saved file: /media/rafael/DATA/Dropbox/20220924_FIML_solver/data/output/field_inversion/Beta_e/u_imp_100/FI_run_T31_CP150_u_imp_100_k_imp_0_e_imp_1/FI_run_T31_CP150_u_imp_100_k_imp_0_e_imp_1_state_iter_1000.dat
iter:   1100 (Jcost: 4.515677e-01) (lr = 5.155e-03) (elapsed time: 1659.633) (secs/iter:  1.393) (n_accepted: 78%) (u_error:  1.098988 %) (beta_change:  1.344838 %) (delta_change:  0.741821 %) (delta_peak/R:  5.620250 %)
iter:   1200 (Jcost: 4.506266e-01) (lr = 1.844e-03) (elapsed time: 1791.201) (secs/iter:  1.316) (n_accepted: 78%) (u_error:  1.098809 %) (beta_change:  1.982487 %) (delta_change:  0.730760 %) (delta_peak/R:  5.574304 %)
iter:   1300 (Jcost: 4.498573e-01) (lr = 1.260e-01) (elapsed time: 1917.513) (secs/iter:  1.263) (n_accepted: 84%) (u_error:  1.098766 %) (beta_change:  2.698399 %) (delta_change:  0.722175 %) (delta_peak/R:  5.533292 %)
iter:   1400 (Jcost: 4.493553e-01) (lr = 1.878e-02) (elapsed time: 2051.037) (secs/iter:  1.335) (n_accepted: 77%) (u_error:  1.098565 %) (beta_change:  3.251251 %) (delta_change:  0.716181 %) (delta_peak/R:  5.502272 %)
iter:   1500 (Jcost: 4.488378e-01) (lr = 1.166e-03) (elapsed time: 2182.976) (secs/iter:  1.319) (n_accepted: 76%) (u_error:  1.098375 %) (beta_change:  3.917106 %) (delta_change:  0.710181 %) (delta_peak/R:  5.468075 %)
-> Saved file: /media/rafael/DATA/Dropbox/20220924_FIML_solver/data/output/field_inversion/Beta_e/u_imp_100/FI_run_T31_CP150_u_imp_100_k_imp_0_e_imp_1/FI_run_T31_CP150_u_imp_100_k_imp_0_e_imp_1_state_iter_1500.dat
iter:   1600 (Jcost: 4.484071e-01) (lr = 5.766e-03) (elapsed time: 2270.919) (secs/iter:  0.879) (n_accepted: 81%) (u_error:  1.098530 %) (beta_change:  4.532948 %) (delta_change:  0.810615 %) (delta_peak/R:  5.440566 %)
iter:   1700 (Jcost: 4.480839e-01) (lr = 2.851e-02) (elapsed time: 2343.620) (secs/iter:  0.727) (n_accepted: 81%) (u_error:  1.098174 %) (beta_change:  5.003702 %) (delta_change:  0.896062 %) (delta_peak/R:  5.414207 %)
iter:   1800 (Jcost: 4.476825e-01) (lr = 4.249e-03) (elapsed time: 2460.400) (secs/iter:  1.168) (n_accepted: 77%) (u_error:  1.098017 %) (beta_change:  5.681803 %) (delta_change:  1.012792 %) (delta_peak/R:  5.382266 %)
iter:   1900 (Jcost: 4.473784e-01) (lr = 1.520e-03) (elapsed time: 2588.411) (secs/iter:  1.280) (n_accepted: 78%) (u_error:  1.097999 %) (beta_change:  6.360650 %) (delta_change:  1.106989 %) (delta_peak/R:  5.357823 %)
iter:   2000 (Jcost: 4.471807e-01) (lr = 1.803e-02) (elapsed time: 2710.587) (secs/iter:  1.222) (n_accepted: 82%) (u_error:  1.097869 %) (beta_change:  6.835623 %) (delta_change:  1.170824 %) (delta_peak/R:  5.339889 %)
-> Saved file: /media/rafael/DATA/Dropbox/20220924_FIML_solver/data/output/field_inversion/Beta_e/u_imp_100/FI_run_T31_CP150_u_imp_100_k_imp_0_e_imp_1/FI_run_T31_CP150_u_imp_100_k_imp_0_e_imp_1_state_iter_2000.dat
iter:   2100 (Jcost: 4.469591e-01) (lr = 2.687e-03) (elapsed time: 2825.684) (secs/iter:  1.151) (n_accepted: 77%) (u_error:  1.097866 %) (beta_change:  7.401110 %) (delta_change:  1.244782 %) (delta_peak/R:  5.320737 %)
iter:   2200 (Jcost: 4.467195e-01) (lr = 1.329e-02) (elapsed time: 2947.174) (secs/iter:  1.215) (n_accepted: 81%) (u_error:  1.097907 %) (beta_change:  8.066442 %) (delta_change:  1.328175 %) (delta_peak/R:  5.299477 %)
iter:   2300 (Jcost: 4.465347e-01) (lr = 6.570e-02) (elapsed time: 3068.605) (secs/iter:  1.214) (n_accepted: 81%) (u_error:  1.097422 %) (beta_change:  8.639653 %) (delta_change:  1.395014 %) (delta_peak/R:  5.276181 %)
iter:   2400 (Jcost: 4.464222e-01) (lr = 9.791e-03) (elapsed time: 3160.941) (secs/iter:  0.923) (n_accepted: 77%) (u_error:  1.097678 %) (beta_change:  8.964682 %) (delta_change:  1.432346 %) (delta_peak/R:  5.269117 %)
iter:   2500 (Jcost: 4.462345e-01) (lr = 1.459e-03) (elapsed time: 3234.365) (secs/iter:  0.734) (n_accepted: 77%) (u_error:  1.097607 %) (beta_change:  9.591368 %) (delta_change:  1.499493 %) (delta_peak/R:  5.249913 %)
-> Saved file: /media/rafael/DATA/Dropbox/20220924_FIML_solver/data/output/field_inversion/Beta_e/u_imp_100/FI_run_T31_CP150_u_imp_100_k_imp_0_e_imp_1/FI_run_T31_CP150_u_imp_100_k_imp_0_e_imp_1_state_iter_2500.dat
iter:   2600 (Jcost: 4.461114e-01) (lr = 7.214e-03) (elapsed time: 3310.561) (secs/iter:  0.762) (n_accepted: 81%) (u_error:  1.097811 %) (beta_change: 10.052922 %) (delta_change:  1.546045 %) (delta_peak/R:  5.239173 %)
iter:   2700 (Jcost: 4.460153e-01) (lr = 3.567e-02) (elapsed time: 3412.980) (secs/iter:  1.024) (n_accepted: 81%) (u_error:  1.097531 %) (beta_change: 10.389038 %) (delta_change:  1.577034 %) (delta_peak/R:  5.226963 %)
iter:   2800 (Jcost: 4.459178e-01) (lr = 1.276e-02) (elapsed time: 3520.525) (secs/iter:  1.075) (n_accepted: 78%) (u_error:  1.097501 %) (beta_change: 10.769845 %) (delta_change:  1.610860 %) (delta_peak/R:  5.216589 %)
iter:   2900 (Jcost: 4.458172e-01) (lr = 1.095e-02) (elapsed time: 3615.962) (secs/iter:  0.954) (n_accepted: 79%) (u_error:  1.097472 %) (beta_change: 11.181202 %) (delta_change:  1.645001 %) (delta_peak/R:  5.205814 %)
iter:   3000 (Jcost: 4.457317e-01) (lr = 3.917e-03) (elapsed time: 3688.001) (secs/iter:  0.720) (n_accepted: 78%) (u_error:  1.097418 %) (beta_change: 11.547077 %) (delta_change:  1.673149 %) (delta_peak/R:  5.196249 %)
-> Saved file: /media/rafael/DATA/Dropbox/20220924_FIML_solver/data/output/field_inversion/Beta_e/u_imp_100/FI_run_T31_CP150_u_imp_100_k_imp_0_e_imp_1/FI_run_T31_CP150_u_imp_100_k_imp_0_e_imp_1_state_iter_3000.dat
iter:   3100 (Jcost: 4.456225e-01) (lr = 1.401e-03) (elapsed time: 3766.815) (secs/iter:  0.788) (n_accepted: 78%) (u_error:  1.097398 %) (beta_change: 12.037053 %) (delta_change:  1.707909 %) (delta_peak/R:  5.184493 %)
iter:   3200 (Jcost: 4.455514e-01) (lr = 9.576e-02) (elapsed time: 3870.141) (secs/iter:  1.033) (n_accepted: 84%) (u_error:  1.097440 %) (beta_change: 12.375084 %) (delta_change:  1.729818 %) (delta_peak/R:  5.177341 %)
iter:   3300 (Jcost: 4.454816e-01) (lr = 3.425e-02) (elapsed time: 3964.255) (secs/iter:  0.941) (n_accepted: 78%) (u_error:  1.097294 %) (beta_change: 12.709958 %) (delta_change:  1.749446 %) (delta_peak/R:  5.168465 %)
iter:   3400 (Jcost: 4.454158e-01) (lr = 1.225e-02) (elapsed time: 4069.573) (secs/iter:  1.053) (n_accepted: 78%) (u_error:  1.097271 %) (beta_change: 13.040853 %) (delta_change:  1.767490 %) (delta_peak/R:  5.161293 %)
iter:   3500 (Jcost: 4.453546e-01) (lr = 1.052e-02) (elapsed time: 4175.564) (secs/iter:  1.060) (n_accepted: 79%) (u_error:  1.097271 %) (beta_change: 13.358909 %) (delta_change:  1.783379 %) (delta_peak/R:  5.154872 %)
-> Saved file: /media/rafael/DATA/Dropbox/20220924_FIML_solver/data/output/field_inversion/Beta_e/u_imp_100/FI_run_T31_CP150_u_imp_100_k_imp_0_e_imp_1/FI_run_T31_CP150_u_imp_100_k_imp_0_e_imp_1_state_iter_3500.dat
iter:   3600 (Jcost: 4.452931e-01) (lr = 1.567e-03) (elapsed time: 4299.807) (secs/iter:  1.242) (n_accepted: 77%) (u_error:  1.097214 %) (beta_change: 13.688207 %) (delta_change:  1.810969 %) (delta_peak/R:  5.147847 %)
iter:   3700 (Jcost: 4.452327e-01) (lr = 4.463e-02) (elapsed time: 4399.177) (secs/iter:  0.994) (n_accepted: 83%) (u_error:  1.097076 %) (beta_change: 14.031299 %) (delta_change:  1.840345 %) (delta_peak/R:  5.139931 %)
iter:   3800 (Jcost: 4.451900e-01) (lr = 2.771e-03) (elapsed time: 4513.934) (secs/iter:  1.148) (n_accepted: 76%) (u_error:  1.097151 %) (beta_change: 14.265258 %) (delta_change:  1.859706 %) (delta_peak/R:  5.136528 %)
iter:   3900 (Jcost: 4.451423e-01) (lr = 2.379e-03) (elapsed time: 4631.637) (secs/iter:  1.177) (n_accepted: 79%) (u_error:  1.097163 %) (beta_change: 14.541573 %) (delta_change:  1.881503 %) (delta_peak/R:  5.131841 %)
iter:   4000 (Jcost: 4.451017e-01) (lr = 6.775e-02) (elapsed time: 4739.794) (secs/iter:  1.082) (n_accepted: 83%) (u_error:  1.097136 %) (beta_change: 14.782495 %) (delta_change:  1.899611 %) (delta_peak/R:  5.127471 %)
-> Saved file: /media/rafael/DATA/Dropbox/20220924_FIML_solver/data/output/field_inversion/Beta_e/u_imp_100/FI_run_T31_CP150_u_imp_100_k_imp_0_e_imp_1/FI_run_T31_CP150_u_imp_100_k_imp_0_e_imp_1_state_iter_4000.dat
iter:   4100 (Jcost: 4.450656e-01) (lr = 4.207e-03) (elapsed time: 4863.409) (secs/iter:  1.236) (n_accepted: 76%) (u_error:  1.097108 %) (beta_change: 15.000412 %) (delta_change:  1.915325 %) (delta_peak/R:  5.123588 %)
iter:   4200 (Jcost: 4.450198e-01) (lr = 3.611e-03) (elapsed time: 4976.597) (secs/iter:  1.132) (n_accepted: 79%) (u_error:  1.097063 %) (beta_change: 15.284059 %) (delta_change:  1.934812 %) (delta_peak/R:  5.118592 %)
iter:   4300 (Jcost: 4.449726e-01) (lr = 1.292e-03) (elapsed time: 5085.725) (secs/iter:  1.091) (n_accepted: 78%) (u_error:  1.097057 %) (beta_change: 15.580897 %) (delta_change:  1.954128 %) (delta_peak/R:  5.113992 %)
iter:   4400 (Jcost: 4.449358e-01) (lr = 8.828e-02) (elapsed time: 5189.000) (secs/iter:  1.033) (n_accepted: 84%) (u_error:  1.097061 %) (beta_change: 15.817635 %) (delta_change:  1.968682 %) (delta_peak/R:  5.110544 %)
iter:   4500 (Jcost: 4.449040e-01) (lr = 2.284e-03) (elapsed time: 5300.585) (secs/iter:  1.116) (n_accepted: 75%) (u_error:  1.097054 %) (beta_change: 16.025718 %) (delta_change:  1.980870 %) (delta_peak/R:  5.107490 %)
-> Saved file: /media/rafael/DATA/Dropbox/20220924_FIML_solver/data/output/field_inversion/Beta_e/u_imp_100/FI_run_T31_CP150_u_imp_100_k_imp_0_e_imp_1/FI_run_T31_CP150_u_imp_100_k_imp_0_e_imp_1_state_iter_4500.dat
iter:   4600 (Jcost: 4.448619e-01) (lr = 1.961e-03) (elapsed time: 5416.942) (secs/iter:  1.164) (n_accepted: 79%) (u_error:  1.097008 %) (beta_change: 16.305666 %) (delta_change:  1.996342 %) (delta_peak/R:  5.103107 %)
iter:   4700 (Jcost: 4.448334e-01) (lr = 5.584e-02) (elapsed time: 5515.368) (secs/iter:  0.984) (n_accepted: 83%) (u_error:  1.096988 %) (beta_change: 16.498398 %) (delta_change:  2.006411 %) (delta_peak/R:  5.100307 %)
iter:   4800 (Jcost: 4.448042e-01) (lr = 8.321e-03) (elapsed time: 5633.967) (secs/iter:  1.186) (n_accepted: 77%) (u_error:  1.097011 %) (beta_change: 16.698192 %) (delta_change:  2.016439 %) (delta_peak/R:  5.097954 %)
iter:   4900 (Jcost: 4.447682e-01) (lr = 2.976e-03) (elapsed time: 5745.398) (secs/iter:  1.114) (n_accepted: 78%) (u_error:  1.096973 %) (beta_change: 16.948336 %) (delta_change:  2.028231 %) (delta_peak/R:  5.094379 %)
iter:   5000 (Jcost: 4.447379e-01) (lr = 2.555e-03) (elapsed time: 5859.385) (secs/iter:  1.140) (n_accepted: 79%) (u_error:  1.096943 %) (beta_change: 17.162033 %) (delta_change:  2.037707 %) (delta_peak/R:  5.091436 %)
-> Saved file: /media/rafael/DATA/Dropbox/20220924_FIML_solver/data/output/field_inversion/Beta_e/u_imp_100/FI_run_T31_CP150_u_imp_100_k_imp_0_e_imp_1/FI_run_T31_CP150_u_imp_100_k_imp_0_e_imp_1_state_iter_5000.dat
iter:   5100 (Jcost: 4.447070e-01) (lr = 2.193e-03) (elapsed time: 5974.062) (secs/iter:  1.147) (n_accepted: 79%) (u_error:  1.096787 %) (beta_change: 17.398580 %) (delta_change:  2.047424 %) (delta_peak/R:  5.086934 %)
iter:   5200 (Jcost: 4.446794e-01) (lr = 2.602e-02) (elapsed time: 6079.727) (secs/iter:  1.057) (n_accepted: 82%) (u_error:  1.096905 %) (beta_change: 17.582583 %) (delta_change:  2.054899 %) (delta_peak/R:  5.086095 %)
iter:   5300 (Jcost: 4.446532e-01) (lr = 1.616e-03) (elapsed time: 6192.029) (secs/iter:  1.123) (n_accepted: 76%) (u_error:  1.096907 %) (beta_change: 17.774850 %) (delta_change:  2.062139 %) (delta_peak/R:  5.083953 %)
iter:   5400 (Jcost: 4.446274e-01) (lr = 3.329e-03) (elapsed time: 6305.126) (secs/iter:  1.131) (n_accepted: 80%) (u_error:  1.096796 %) (beta_change: 17.972427 %) (delta_change:  2.069017 %) (delta_peak/R:  5.080587 %)
iter:   5500 (Jcost: 4.445976e-01) (lr = 9.481e-02) (elapsed time: 6402.743) (secs/iter:  0.976) (n_accepted: 83%) (u_error:  1.096857 %) (beta_change: 18.188792 %) (delta_change:  2.076374 %) (delta_peak/R:  5.078956 %)
-> Saved file: /media/rafael/DATA/Dropbox/20220924_FIML_solver/data/output/field_inversion/Beta_e/u_imp_100/FI_run_T31_CP150_u_imp_100_k_imp_0_e_imp_1/FI_run_T31_CP150_u_imp_100_k_imp_0_e_imp_1_state_iter_5500.dat
iter:   5600 (Jcost: 4.445766e-01) (lr = 1.413e-02) (elapsed time: 6523.182) (secs/iter:  1.204) (n_accepted: 77%) (u_error:  1.096851 %) (beta_change: 18.348404 %) (delta_change:  2.081436 %) (delta_peak/R:  5.077244 %)
iter:   5700 (Jcost: 4.445516e-01) (lr = 1.213e-02) (elapsed time: 6633.200) (secs/iter:  1.100) (n_accepted: 79%) (u_error:  1.096847 %) (beta_change: 18.539582 %) (delta_change:  2.087190 %) (delta_peak/R:  5.075267 %)
iter:   5800 (Jcost: 4.445260e-01) (lr = 1.439e-01) (elapsed time: 6707.533) (secs/iter:  0.743) (n_accepted: 82%) (u_error:  1.096870 %) (beta_change: 18.739367 %) (delta_change:  2.092901 %) (delta_peak/R:  5.073558 %)
iter:   5900 (Jcost: 4.445029e-01) (lr = 1.235e-01) (elapsed time: 6787.785) (secs/iter:  0.803) (n_accepted: 79%) (u_error:  1.096812 %) (beta_change: 18.919160 %) (delta_change:  2.097602 %) (delta_peak/R:  5.071215 %)
iter:   6000 (Jcost: 4.444808e-01) (lr = 7.671e-03) (elapsed time: 6896.519) (secs/iter:  1.087) (n_accepted: 76%) (u_error:  1.096821 %) (beta_change: 19.101437 %) (delta_change:  2.102067 %) (delta_peak/R:  5.069681 %)
-> Saved file: /media/rafael/DATA/Dropbox/20220924_FIML_solver/data/output/field_inversion/Beta_e/u_imp_100/FI_run_T31_CP150_u_imp_100_k_imp_0_e_imp_1/FI_run_T31_CP150_u_imp_100_k_imp_0_e_imp_1_state_iter_6000.dat
iter:   6100 (Jcost: 4.444600e-01) (lr = 9.103e-02) (elapsed time: 7008.153) (secs/iter:  1.116) (n_accepted: 82%) (u_error:  1.096836 %) (beta_change: 19.275204 %) (delta_change:  2.106091 %) (delta_peak/R:  5.068317 %)
iter:   6200 (Jcost: 4.444461e-01) (lr = 7.814e-02) (elapsed time: 7115.604) (secs/iter:  1.075) (n_accepted: 79%) (u_error:  1.096807 %) (beta_change: 19.390635 %) (delta_change:  2.108590 %) (delta_peak/R:  5.067017 %)
iter:   6300 (Jcost: 4.444266e-01) (lr = 2.022e-03) (elapsed time: 7219.954) (secs/iter:  1.043) (n_accepted: 75%) (u_error:  1.096753 %) (beta_change: 19.555830 %) (delta_change:  2.111998 %) (delta_peak/R:  5.065033 %)
iter:   6400 (Jcost: 4.444052e-01) (lr = 1.735e-03) (elapsed time: 7324.433) (secs/iter:  1.045) (n_accepted: 79%) (u_error:  1.096758 %) (beta_change: 19.737835 %) (delta_change:  2.115636 %) (delta_peak/R:  5.063601 %)
iter:   6500 (Jcost: 4.443821e-01) (lr = 3.575e-03) (elapsed time: 7420.301) (secs/iter:  0.959) (n_accepted: 80%) (u_error:  1.096781 %) (beta_change: 19.939700 %) (delta_change:  2.119462 %) (delta_peak/R:  5.062234 %)
-> Saved file: /media/rafael/DATA/Dropbox/20220924_FIML_solver/data/output/field_inversion/Beta_e/u_imp_100/FI_run_T31_CP150_u_imp_100_k_imp_0_e_imp_1/FI_run_T31_CP150_u_imp_100_k_imp_0_e_imp_1_state_iter_6500.dat
iter:   6600 (Jcost: 4.443652e-01) (lr = 1.768e-02) (elapsed time: 7531.159) (secs/iter:  1.109) (n_accepted: 81%) (u_error:  1.096747 %) (beta_change: 20.086486 %) (delta_change:  2.122019 %) (delta_peak/R:  5.060712 %)
iter:   6700 (Jcost: 4.443443e-01) (lr = 8.741e-02) (elapsed time: 7632.910) (secs/iter:  1.018) (n_accepted: 81%) (u_error:  1.096747 %) (beta_change: 20.271738 %) (delta_change:  2.125144 %) (delta_peak/R:  5.059298 %)
iter:   6800 (Jcost: 4.443316e-01) (lr = 5.427e-03) (elapsed time: 7738.733) (secs/iter:  1.058) (n_accepted: 76%) (u_error:  1.096720 %) (beta_change: 20.384534 %) (delta_change:  2.126915 %) (delta_peak/R:  5.058153 %)
iter:   6900 (Jcost: 4.443129e-01) (lr = 2.684e-02) (elapsed time: 7845.294) (secs/iter:  1.066) (n_accepted: 81%) (u_error:  1.096785 %) (beta_change: 20.559392 %) (delta_change:  2.129697 %) (delta_peak/R:  5.057581 %)
iter:   7000 (Jcost: 4.442945e-01) (lr = 5.528e-02) (elapsed time: 7942.829) (secs/iter:  0.975) (n_accepted: 80%) (u_error:  1.096695 %) (beta_change: 20.720449 %) (delta_change:  2.131915 %) (delta_peak/R:  5.055437 %)
-> Saved file: /media/rafael/DATA/Dropbox/20220924_FIML_solver/data/output/field_inversion/Beta_e/u_imp_100/FI_run_T31_CP150_u_imp_100_k_imp_0_e_imp_1/FI_run_T31_CP150_u_imp_100_k_imp_0_e_imp_1_state_iter_7000.dat
iter:   7100 (Jcost: 4.442776e-01) (lr = 1.977e-02) (elapsed time: 8052.314) (secs/iter:  1.095) (n_accepted: 78%) (u_error:  1.096674 %) (beta_change: 20.875753 %) (delta_change:  2.134042 %) (delta_peak/R:  5.054121 %)
iter:   7200 (Jcost: 4.442572e-01) (lr = 7.072e-03) (elapsed time: 8152.356) (secs/iter:  1.000) (n_accepted: 78%) (u_error:  1.096657 %) (beta_change: 21.065478 %) (delta_change:  2.136519 %) (delta_peak/R:  5.052621 %)
iter:   7300 (Jcost: 4.442460e-01) (lr = 6.071e-03) (elapsed time: 8259.043) (secs/iter:  1.067) (n_accepted: 79%) (u_error:  1.096663 %) (beta_change: 21.170164 %) (delta_change:  2.137845 %) (delta_peak/R:  5.051973 %)
iter:   7400 (Jcost: 4.442277e-01) (lr = 9.047e-04) (elapsed time: 8364.124) (secs/iter:  1.051) (n_accepted: 77%) (u_error:  1.096638 %) (beta_change: 21.344017 %) (delta_change:  2.139912 %) (delta_peak/R:  5.050545 %)
iter:   7500 (Jcost: 4.442111e-01) (lr = 6.184e-02) (elapsed time: 8468.189) (secs/iter:  1.041) (n_accepted: 84%) (u_error:  1.096703 %) (beta_change: 21.507994 %) (delta_change:  2.141893 %) (delta_peak/R:  5.050181 %)
-> Saved file: /media/rafael/DATA/Dropbox/20220924_FIML_solver/data/output/field_inversion/Beta_e/u_imp_100/FI_run_T31_CP150_u_imp_100_k_imp_0_e_imp_1/FI_run_T31_CP150_u_imp_100_k_imp_0_e_imp_1_state_iter_7500.dat
iter:   7600 (Jcost: 4.441949e-01) (lr = 1.274e-01) (elapsed time: 8573.434) (secs/iter:  1.052) (n_accepted: 80%) (u_error:  1.096636 %) (beta_change: 21.659932 %) (delta_change:  2.143468 %) (delta_peak/R:  5.048485 %)
iter:   7700 (Jcost: 4.441825e-01) (lr = 7.911e-03) (elapsed time: 8676.574) (secs/iter:  1.031) (n_accepted: 76%) (u_error:  1.096615 %) (beta_change: 21.780872 %) (delta_change:  2.144718 %) (delta_peak/R:  5.047488 %)
iter:   7800 (Jcost: 4.441661e-01) (lr = 6.791e-03) (elapsed time: 8781.914) (secs/iter:  1.053) (n_accepted: 79%) (u_error:  1.096694 %) (beta_change: 21.951570 %) (delta_change:  2.146572 %) (delta_peak/R:  5.047288 %)
iter:   7900 (Jcost: 4.441554e-01) (lr = 1.399e-02) (elapsed time: 8879.847) (secs/iter:  0.979) (n_accepted: 80%) (u_error:  1.096595 %) (beta_change: 22.048404 %) (delta_change:  2.147379 %) (delta_peak/R:  5.045628 %)
iter:   8000 (Jcost: 4.441364e-01) (lr = 2.085e-03) (elapsed time: 8981.960) (secs/iter:  1.021) (n_accepted: 77%) (u_error:  1.096639 %) (beta_change: 22.242979 %) (delta_change:  2.149286 %) (delta_peak/R:  5.044928 %)
-> Saved file: /media/rafael/DATA/Dropbox/20220924_FIML_solver/data/output/field_inversion/Beta_e/u_imp_100/FI_run_T31_CP150_u_imp_100_k_imp_0_e_imp_1/FI_run_T31_CP150_u_imp_100_k_imp_0_e_imp_1_state_iter_8000.dat
iter:   8100 (Jcost: 4.441206e-01) (lr = 1.425e-01) (elapsed time: 9084.977) (secs/iter:  1.030) (n_accepted: 84%) (u_error:  1.096476 %) (beta_change: 22.410866 %) (delta_change:  2.150569 %) (delta_peak/R:  5.042175 %)
iter:   8200 (Jcost: 4.441081e-01) (lr = 8.848e-03) (elapsed time: 9183.038) (secs/iter:  0.981) (n_accepted: 76%) (u_error:  1.096568 %) (beta_change: 22.528735 %) (delta_change:  2.151734 %) (delta_peak/R:  5.042487 %)
iter:   8300 (Jcost: 4.440951e-01) (lr = 7.596e-03) (elapsed time: 9285.255) (secs/iter:  1.022) (n_accepted: 79%) (u_error:  1.096551 %) (beta_change: 22.663597 %) (delta_change:  2.152854 %) (delta_peak/R:  5.041536 %)
iter:   8400 (Jcost: 4.440809e-01) (lr = 1.132e-03) (elapsed time: 9387.186) (secs/iter:  1.019) (n_accepted: 77%) (u_error:  1.096549 %) (beta_change: 22.813032 %) (delta_change:  2.154080 %) (delta_peak/R:  5.040664 %)
iter:   8500 (Jcost: 4.440720e-01) (lr = 1.343e-02) (elapsed time: 9486.765) (secs/iter:  0.996) (n_accepted: 82%) (u_error:  1.096540 %) (beta_change: 22.906855 %) (delta_change:  2.154820 %) (delta_peak/R:  5.040052 %)
-> Saved file: /media/rafael/DATA/Dropbox/20220924_FIML_solver/data/output/field_inversion/Beta_e/u_imp_100/FI_run_T31_CP150_u_imp_100_k_imp_0_e_imp_1/FI_run_T31_CP150_u_imp_100_k_imp_0_e_imp_1_state_iter_8500.dat
iter:   8600 (Jcost: 4.440591e-01) (lr = 1.153e-02) (elapsed time: 9593.543) (secs/iter:  1.068) (n_accepted: 79%) (u_error:  1.096529 %) (beta_change: 23.043792 %) (delta_change:  2.155876 %) (delta_peak/R:  5.039181 %)
iter:   8700 (Jcost: 4.440448e-01) (lr = 4.124e-03) (elapsed time: 9687.399) (secs/iter:  0.939) (n_accepted: 78%) (u_error:  1.096556 %) (beta_change: 23.199792 %) (delta_change:  2.157101 %) (delta_peak/R:  5.038619 %)
iter:   8800 (Jcost: 4.440321e-01) (lr = 1.174e-01) (elapsed time: 9789.827) (secs/iter:  1.024) (n_accepted: 83%) (u_error:  1.096440 %) (beta_change: 23.341684 %) (delta_change:  2.157983 %) (delta_peak/R:  5.036609 %)
iter:   8900 (Jcost: 4.440228e-01) (lr = 1.750e-02) (elapsed time: 9896.892) (secs/iter:  1.071) (n_accepted: 77%) (u_error:  1.096522 %) (beta_change: 23.438294 %) (delta_change:  2.158801 %) (delta_peak/R:  5.036984 %)
iter:   9000 (Jcost: 4.440114e-01) (lr = 1.502e-02) (elapsed time: 10000.588) (secs/iter:  1.037) (n_accepted: 79%) (u_error:  1.096492 %) (beta_change: 23.564381 %) (delta_change:  2.159653 %) (delta_peak/R:  5.035995 %)
-> Saved file: /media/rafael/DATA/Dropbox/20220924_FIML_solver/data/output/field_inversion/Beta_e/u_imp_100/FI_run_T31_CP150_u_imp_100_k_imp_0_e_imp_1/FI_run_T31_CP150_u_imp_100_k_imp_0_e_imp_1_state_iter_9000.dat
iter:   9100 (Jcost: 4.439996e-01) (lr = 9.329e-04) (elapsed time: 10106.703) (secs/iter:  1.061) (n_accepted: 76%) (u_error:  1.096475 %) (beta_change: 23.696354 %) (delta_change:  2.160548 %) (delta_peak/R:  5.035136 %)
iter:   9200 (Jcost: 4.439896e-01) (lr = 6.377e-02) (elapsed time: 10175.248) (secs/iter:  0.685) (n_accepted: 84%) (u_error:  1.096474 %) (beta_change: 23.808605 %) (delta_change:  2.161312 %) (delta_peak/R:  5.034545 %)
iter:   9300 (Jcost: 4.439803e-01) (lr = 1.650e-03) (elapsed time: 10275.433) (secs/iter:  1.002) (n_accepted: 75%) (u_error:  1.096468 %) (beta_change: 23.914304 %) (delta_change:  2.162015 %) (delta_peak/R:  5.033946 %)
iter:   9400 (Jcost: 4.439724e-01) (lr = 4.699e-02) (elapsed time: 10371.191) (secs/iter:  0.958) (n_accepted: 83%) (u_error:  1.096468 %) (beta_change: 24.005856 %) (delta_change:  2.162622 %) (delta_peak/R:  5.033491 %)
iter:   9500 (Jcost: 4.439624e-01) (lr = 1.216e-03) (elapsed time: 10477.686) (secs/iter:  1.065) (n_accepted: 75%) (u_error:  1.096466 %) (beta_change: 24.120641 %) (delta_change:  2.163370 %) (delta_peak/R:  5.032896 %)
-> Saved file: /media/rafael/DATA/Dropbox/20220924_FIML_solver/data/output/field_inversion/Beta_e/u_imp_100/FI_run_T31_CP150_u_imp_100_k_imp_0_e_imp_1/FI_run_T31_CP150_u_imp_100_k_imp_0_e_imp_1_state_iter_9500.dat
iter:   9600 (Jcost: 4.439500e-01) (lr = 3.462e-02) (elapsed time: 10569.502) (secs/iter:  0.918) (n_accepted: 83%) (u_error:  1.096508 %) (beta_change: 24.270006 %) (delta_change:  2.164393 %) (delta_peak/R:  5.032616 %)
iter:   9700 (Jcost: 4.439413e-01) (lr = 7.133e-02) (elapsed time: 10664.928) (secs/iter:  0.954) (n_accepted: 80%) (u_error:  1.096442 %) (beta_change: 24.368078 %) (delta_change:  2.164918 %) (delta_peak/R:  5.031425 %)
iter:   9800 (Jcost: 4.439300e-01) (lr = 1.063e-02) (elapsed time: 10767.644) (secs/iter:  1.027) (n_accepted: 77%) (u_error:  1.096447 %) (beta_change: 24.502033 %) (delta_change:  2.165764 %) (delta_peak/R:  5.030826 %)
iter:   9900 (Jcost: 4.439190e-01) (lr = 3.802e-03) (elapsed time: 10859.911) (secs/iter:  0.923) (n_accepted: 78%) (u_error:  1.096436 %) (beta_change: 24.633851 %) (delta_change:  2.166562 %) (delta_peak/R:  5.030082 %)
iter:  10000 (Jcost: 4.439090e-01) (lr = 1.360e-03) (elapsed time: 10960.550) (secs/iter:  1.006) (n_accepted: 78%) (u_error:  1.096420 %) (beta_change: 24.754728 %) (delta_change:  2.167275 %) (delta_peak/R:  5.029329 %)
-> Saved file: /media/rafael/DATA/Dropbox/20220924_FIML_solver/data/output/field_inversion/Beta_e/u_imp_100/FI_run_T31_CP150_u_imp_100_k_imp_0_e_imp_1/FI_run_T31_CP150_u_imp_100_k_imp_0_e_imp_1_state_iter_10000.dat
iter:  10100 (Jcost: 4.438998e-01) (lr = 1.167e-03) (elapsed time: 11063.308) (secs/iter:  1.028) (n_accepted: 79%) (u_error:  1.096414 %) (beta_change: 24.867505 %) (delta_change:  2.167947 %) (delta_peak/R:  5.028737 %)
iter:  10200 (Jcost: 4.438900e-01) (lr = 2.405e-03) (elapsed time: 11160.923) (secs/iter:  0.976) (n_accepted: 80%) (u_error:  1.096410 %) (beta_change: 24.988608 %) (delta_change:  2.168664 %) (delta_peak/R:  5.028130 %)
iter:  10300 (Jcost: 4.438798e-01) (lr = 2.854e-02) (elapsed time: 11252.448) (secs/iter:  0.915) (n_accepted: 82%) (u_error:  1.096360 %) (beta_change: 25.117838 %) (delta_change:  2.169354 %) (delta_peak/R:  5.026988 %)
iter:  10400 (Jcost: 4.438724e-01) (lr = 1.021e-02) (elapsed time: 11356.319) (secs/iter:  1.039) (n_accepted: 78%) (u_error:  1.096400 %) (beta_change: 25.209477 %) (delta_change:  2.169951 %) (delta_peak/R:  5.027011 %)
iter:  10500 (Jcost: 4.438656e-01) (lr = 5.046e-02) (elapsed time: 11454.523) (secs/iter:  0.982) (n_accepted: 81%) (u_error:  1.096384 %) (beta_change: 25.295840 %) (delta_change:  2.170429 %) (delta_peak/R:  5.026435 %)
-> Saved file: /media/rafael/DATA/Dropbox/20220924_FIML_solver/data/output/field_inversion/Beta_e/u_imp_100/FI_run_T31_CP150_u_imp_100_k_imp_0_e_imp_1/FI_run_T31_CP150_u_imp_100_k_imp_0_e_imp_1_state_iter_10500.dat
iter:  10600 (Jcost: 4.438564e-01) (lr = 1.805e-02) (elapsed time: 11556.412) (secs/iter:  1.019) (n_accepted: 78%) (u_error:  1.096383 %) (beta_change: 25.412898 %) (delta_change:  2.171105 %) (delta_peak/R:  5.025899 %)
iter:  10700 (Jcost: 4.438476e-01) (lr = 1.549e-02) (elapsed time: 11659.562) (secs/iter:  1.031) (n_accepted: 79%) (u_error:  1.096380 %) (beta_change: 25.527666 %) (delta_change:  2.171759 %) (delta_peak/R:  5.025350 %)
iter:  10800 (Jcost: 4.438383e-01) (lr = 5.541e-03) (elapsed time: 11755.451) (secs/iter:  0.959) (n_accepted: 78%) (u_error:  1.096358 %) (beta_change: 25.648205 %) (delta_change:  2.172414 %) (delta_peak/R:  5.024575 %)
iter:  10900 (Jcost: 4.438282e-01) (lr = 1.982e-03) (elapsed time: 11863.872) (secs/iter:  1.084) (n_accepted: 78%) (u_error:  1.096319 %) (beta_change: 25.783045 %) (delta_change:  2.173119 %) (delta_peak/R:  5.023558 %)
iter:  11000 (Jcost: 4.438206e-01) (lr = 5.645e-02) (elapsed time: 11963.426) (secs/iter:  0.996) (n_accepted: 83%) (u_error:  1.096400 %) (beta_change: 25.886072 %) (delta_change:  2.173817 %) (delta_peak/R:  5.023987 %)
-> Saved file: /media/rafael/DATA/Dropbox/20220924_FIML_solver/data/output/field_inversion/Beta_e/u_imp_100/FI_run_T31_CP150_u_imp_100_k_imp_0_e_imp_1/FI_run_T31_CP150_u_imp_100_k_imp_0_e_imp_1_state_iter_11000.dat
iter:  11100 (Jcost: 4.438142e-01) (lr = 4.845e-02) (elapsed time: 12067.131) (secs/iter:  1.037) (n_accepted: 79%) (u_error:  1.096353 %) (beta_change: 25.968192 %) (delta_change:  2.174206 %) (delta_peak/R:  5.023116 %)
iter:  11200 (Jcost: 4.438072e-01) (lr = 3.009e-03) (elapsed time: 12172.024) (secs/iter:  1.049) (n_accepted: 76%) (u_error:  1.096325 %) (beta_change: 26.064001 %) (delta_change:  2.174699 %) (delta_peak/R:  5.022407 %)
iter:  11300 (Jcost: 4.437986e-01) (lr = 2.583e-03) (elapsed time: 12261.534) (secs/iter:  0.895) (n_accepted: 79%) (u_error:  1.096327 %) (beta_change: 26.181213 %) (delta_change:  2.175350 %) (delta_peak/R:  5.021921 %)
iter:  11400 (Jcost: 4.437913e-01) (lr = 7.355e-02) (elapsed time: 12328.576) (secs/iter:  0.670) (n_accepted: 83%) (u_error:  1.096306 %) (beta_change: 26.281650 %) (delta_change:  2.175872 %) (delta_peak/R:  5.021260 %)
iter:  11500 (Jcost: 4.437843e-01) (lr = 2.631e-02) (elapsed time: 12420.593) (secs/iter:  0.920) (n_accepted: 78%) (u_error:  1.096318 %) (beta_change: 26.379165 %) (delta_change:  2.176423 %) (delta_peak/R:  5.020975 %)
-> Saved file: /media/rafael/DATA/Dropbox/20220924_FIML_solver/data/output/field_inversion/Beta_e/u_imp_100/FI_run_T31_CP150_u_imp_100_k_imp_0_e_imp_1/FI_run_T31_CP150_u_imp_100_k_imp_0_e_imp_1_state_iter_11500.dat
iter:  11600 (Jcost: 4.437775e-01) (lr = 1.634e-03) (elapsed time: 12530.859) (secs/iter:  1.103) (n_accepted: 76%) (u_error:  1.096320 %) (beta_change: 26.473416 %) (delta_change:  2.176940 %) (delta_peak/R:  5.020595 %)
iter:  11700 (Jcost: 4.437691e-01) (lr = 3.365e-03) (elapsed time: 12625.249) (secs/iter:  0.944) (n_accepted: 80%) (u_error:  1.096275 %) (beta_change: 26.595193 %) (delta_change:  2.177535 %) (delta_peak/R:  5.019599 %)
iter:  11800 (Jcost: 4.437627e-01) (lr = 9.584e-02) (elapsed time: 12729.679) (secs/iter:  1.044) (n_accepted: 83%) (u_error:  1.096339 %) (beta_change: 26.686870 %) (delta_change:  2.178124 %) (delta_peak/R:  5.019904 %)
iter:  11900 (Jcost: 4.437561e-01) (lr = 3.428e-02) (elapsed time: 12824.148) (secs/iter:  0.945) (n_accepted: 78%) (u_error:  1.096288 %) (beta_change: 26.779887 %) (delta_change:  2.178550 %) (delta_peak/R:  5.018968 %)
iter:  12000 (Jcost: 4.437473e-01) (lr = 5.109e-03) (elapsed time: 12901.155) (secs/iter:  0.770) (n_accepted: 77%) (u_error:  1.096290 %) (beta_change: 26.907782 %) (delta_change:  2.179238 %) (delta_peak/R:  5.018462 %)
-> Saved file: /media/rafael/DATA/Dropbox/20220924_FIML_solver/data/output/field_inversion/Beta_e/u_imp_100/FI_run_T31_CP150_u_imp_100_k_imp_0_e_imp_1/FI_run_T31_CP150_u_imp_100_k_imp_0_e_imp_1_state_iter_12000.dat
iter:  12100 (Jcost: 4.437411e-01) (lr = 4.385e-03) (elapsed time: 12963.202) (secs/iter:  0.620) (n_accepted: 79%) (u_error:  1.096282 %) (beta_change: 26.998204 %) (delta_change:  2.179708 %) (delta_peak/R:  5.017999 %)
iter:  12200 (Jcost: 4.437343e-01) (lr = 1.568e-03) (elapsed time: 13023.809) (secs/iter:  0.606) (n_accepted: 78%) (u_error:  1.096282 %) (beta_change: 27.099188 %) (delta_change:  2.180243 %) (delta_peak/R:  5.017579 %)
iter:  12300 (Jcost: 4.437296e-01) (lr = 7.755e-03) (elapsed time: 13087.720) (secs/iter:  0.639) (n_accepted: 81%) (u_error:  1.096266 %) (beta_change: 27.170313 %) (delta_change:  2.180595 %) (delta_peak/R:  5.017117 %)
iter:  12400 (Jcost: 4.437237e-01) (lr = 9.202e-02) (elapsed time: 13167.496) (secs/iter:  0.798) (n_accepted: 82%) (u_error:  1.096299 %) (beta_change: 27.260843 %) (delta_change:  2.181122 %) (delta_peak/R:  5.017114 %)
iter:  12500 (Jcost: 4.437190e-01) (lr = 2.381e-03) (elapsed time: 13263.203) (secs/iter:  0.957) (n_accepted: 75%) (u_error:  1.096275 %) (beta_change: 27.330005 %) (delta_change:  2.181448 %) (delta_peak/R:  5.016565 %)
-> Saved file: /media/rafael/DATA/Dropbox/20220924_FIML_solver/data/output/field_inversion/Beta_e/u_imp_100/FI_run_T31_CP150_u_imp_100_k_imp_0_e_imp_1/FI_run_T31_CP150_u_imp_100_k_imp_0_e_imp_1_state_iter_12500.dat
iter:  12600 (Jcost: 4.437133e-01) (lr = 2.044e-03) (elapsed time: 13364.711) (secs/iter:  1.015) (n_accepted: 79%) (u_error:  1.096310 %) (beta_change: 27.420485 %) (delta_change:  2.181973 %) (delta_peak/R:  5.016577 %)
iter:  12700 (Jcost: 4.437083e-01) (lr = 5.821e-02) (elapsed time: 13455.504) (secs/iter:  0.908) (n_accepted: 83%) (u_error:  1.096254 %) (beta_change: 27.493962 %) (delta_change:  2.182274 %) (delta_peak/R:  5.015677 %)
iter:  12800 (Jcost: 4.437022e-01) (lr = 8.674e-03) (elapsed time: 13553.017) (secs/iter:  0.975) (n_accepted: 77%) (u_error:  1.096253 %) (beta_change: 27.588841 %) (delta_change:  2.182765 %) (delta_peak/R:  5.015290 %)
iter:  12900 (Jcost: 4.436963e-01) (lr = 7.446e-03) (elapsed time: 13652.152) (secs/iter:  0.991) (n_accepted: 79%) (u_error:  1.096251 %) (beta_change: 27.681203 %) (delta_change:  2.183239 %) (delta_peak/R:  5.014894 %)
iter:  13000 (Jcost: 4.436901e-01) (lr = 2.663e-03) (elapsed time: 13743.923) (secs/iter:  0.918) (n_accepted: 78%) (u_error:  1.096248 %) (beta_change: 27.779209 %) (delta_change:  2.183739 %) (delta_peak/R:  5.014471 %)
-> Saved file: /media/rafael/DATA/Dropbox/20220924_FIML_solver/data/output/field_inversion/Beta_e/u_imp_100/FI_run_T31_CP150_u_imp_100_k_imp_0_e_imp_1/FI_run_T31_CP150_u_imp_100_k_imp_0_e_imp_1_state_iter_13000.dat
iter:  13100 (Jcost: 4.436841e-01) (lr = 9.525e-04) (elapsed time: 13849.107) (secs/iter:  1.052) (n_accepted: 78%) (u_error:  1.096229 %) (beta_change: 27.874894 %) (delta_change:  2.184201 %) (delta_peak/R:  5.013885 %)
iter:  13200 (Jcost: 4.436792e-01) (lr = 1.130e-02) (elapsed time: 13944.916) (secs/iter:  0.958) (n_accepted: 82%) (u_error:  1.096259 %) (beta_change: 27.955470 %) (delta_change:  2.184656 %) (delta_peak/R:  5.013889 %)
iter:  13300 (Jcost: 4.436753e-01) (lr = 1.684e-03) (elapsed time: 14041.798) (secs/iter:  0.969) (n_accepted: 77%) (u_error:  1.096225 %) (beta_change: 28.017543 %) (delta_change:  2.184922 %) (delta_peak/R:  5.013282 %)
iter:  13400 (Jcost: 4.436702e-01) (lr = 1.446e-03) (elapsed time: 14139.524) (secs/iter:  0.977) (n_accepted: 79%) (u_error:  1.096222 %) (beta_change: 28.100955 %) (delta_change:  2.185339 %) (delta_peak/R:  5.012917 %)
iter:  13500 (Jcost: 4.436654e-01) (lr = 9.883e-02) (elapsed time: 14210.089) (secs/iter:  0.706) (n_accepted: 84%) (u_error:  1.096233 %) (beta_change: 28.180460 %) (delta_change:  2.185756 %) (delta_peak/R:  5.012727 %)
-> Saved file: /media/rafael/DATA/Dropbox/20220924_FIML_solver/data/output/field_inversion/Beta_e/u_imp_100/FI_run_T31_CP150_u_imp_100_k_imp_0_e_imp_1/FI_run_T31_CP150_u_imp_100_k_imp_0_e_imp_1_state_iter_13500.dat
iter:  13600 (Jcost: 4.436606e-01) (lr = 8.484e-02) (elapsed time: 14303.764) (secs/iter:  0.937) (n_accepted: 79%) (u_error:  1.096213 %) (beta_change: 28.259447 %) (delta_change:  2.186123 %) (delta_peak/R:  5.012200 %)
iter:  13700 (Jcost: 4.436554e-01) (lr = 1.264e-02) (elapsed time: 14399.501) (secs/iter:  0.957) (n_accepted: 77%) (u_error:  1.096208 %) (beta_change: 28.346709 %) (delta_change:  2.186551 %) (delta_peak/R:  5.011806 %)
iter:  13800 (Jcost: 4.436508e-01) (lr = 1.884e-03) (elapsed time: 14497.867) (secs/iter:  0.984) (n_accepted: 77%) (u_error:  1.096198 %) (beta_change: 28.423046 %) (delta_change:  2.186916 %) (delta_peak/R:  5.011399 %)
iter:  13900 (Jcost: 4.436477e-01) (lr = 9.316e-03) (elapsed time: 14592.607) (secs/iter:  0.947) (n_accepted: 81%) (u_error:  1.096190 %) (beta_change: 28.476707 %) (delta_change:  2.187169 %) (delta_peak/R:  5.011101 %)
iter:  14000 (Jcost: 4.436431e-01) (lr = 3.332e-03) (elapsed time: 14691.857) (secs/iter:  0.992) (n_accepted: 78%) (u_error:  1.096239 %) (beta_change: 28.557933 %) (delta_change:  2.187644 %) (delta_peak/R:  5.011325 %)
-> Saved file: /media/rafael/DATA/Dropbox/20220924_FIML_solver/data/output/field_inversion/Beta_e/u_imp_100/FI_run_T31_CP150_u_imp_100_k_imp_0_e_imp_1/FI_run_T31_CP150_u_imp_100_k_imp_0_e_imp_1_state_iter_14000.dat
iter:  14100 (Jcost: 4.436380e-01) (lr = 9.489e-02) (elapsed time: 14783.146) (secs/iter:  0.913) (n_accepted: 83%) (u_error:  1.096200 %) (beta_change: 28.643220 %) (delta_change:  2.188004 %) (delta_peak/R:  5.010566 %)
iter:  14200 (Jcost: 4.436341e-01) (lr = 1.023e-03) (elapsed time: 14880.323) (secs/iter:  0.972) (n_accepted: 74%) (u_error:  1.096186 %) (beta_change: 28.710501 %) (delta_change:  2.188313 %) (delta_peak/R:  5.010162 %)
iter:  14300 (Jcost: 4.436298e-01) (lr = 2.108e-03) (elapsed time: 14957.598) (secs/iter:  0.773) (n_accepted: 80%) (u_error:  1.096160 %) (beta_change: 28.786705 %) (delta_change:  2.188645 %) (delta_peak/R:  5.009587 %)
iter:  14400 (Jcost: 4.436247e-01) (lr = 1.441e-01) (elapsed time: 15021.061) (secs/iter:  0.635) (n_accepted: 84%) (u_error:  1.096165 %) (beta_change: 28.875451 %) (delta_change:  2.189081 %) (delta_peak/R:  5.009298 %)
iter:  14500 (Jcost: 4.436206e-01) (lr = 1.237e-01) (elapsed time: 15087.295) (secs/iter:  0.662) (n_accepted: 79%) (u_error:  1.096176 %) (beta_change: 28.948367 %) (delta_change:  2.189448 %) (delta_peak/R:  5.009135 %)
-> Saved file: /media/rafael/DATA/Dropbox/20220924_FIML_solver/data/output/field_inversion/Beta_e/u_imp_100/FI_run_T31_CP150_u_imp_100_k_imp_0_e_imp_1/FI_run_T31_CP150_u_imp_100_k_imp_0_e_imp_1_state_iter_14500.dat
iter:  14600 (Jcost: 4.436167e-01) (lr = 1.843e-02) (elapsed time: 15178.667) (secs/iter:  0.914) (n_accepted: 77%) (u_error:  1.096163 %) (beta_change: 29.018639 %) (delta_change:  2.189765 %) (delta_peak/R:  5.008725 %)
iter:  14700 (Jcost: 4.436122e-01) (lr = 6.591e-03) (elapsed time: 15270.625) (secs/iter:  0.920) (n_accepted: 78%) (u_error:  1.096166 %) (beta_change: 29.100575 %) (delta_change:  2.190160 %) (delta_peak/R:  5.008445 %)
iter:  14800 (Jcost: 4.436076e-01) (lr = 2.357e-03) (elapsed time: 15358.935) (secs/iter:  0.883) (n_accepted: 78%) (u_error:  1.096164 %) (beta_change: 29.184540 %) (delta_change:  2.190554 %) (delta_peak/R:  5.008103 %)
iter:  14900 (Jcost: 4.436035e-01) (lr = 2.024e-03) (elapsed time: 15451.248) (secs/iter:  0.923) (n_accepted: 79%) (u_error:  1.096117 %) (beta_change: 29.262245 %) (delta_change:  2.190851 %) (delta_peak/R:  5.007306 %)
iter:  15000 (Jcost: 4.436008e-01) (lr = 4.169e-03) (elapsed time: 15552.790) (secs/iter:  1.015) (n_accepted: 80%) (u_error:  1.096162 %) (beta_change: 29.309805 %) (delta_change:  2.191140 %) (delta_peak/R:  5.007605 %)
-> Saved file: /media/rafael/DATA/Dropbox/20220924_FIML_solver/data/output/field_inversion/Beta_e/u_imp_100/FI_run_T31_CP150_u_imp_100_k_imp_0_e_imp_1/FI_run_T31_CP150_u_imp_100_k_imp_0_e_imp_1_state_iter_15000.dat
iter:  15000 (Jcost: 4.436008e-01) (lr = 5.003e-03) (elapsed time: 15556.024) (secs/iter:   None) (n_accepted: 0%) (u_error:  1.096158 %) (beta_change: 29.309988 %) (delta_change:  2.191135 %) (delta_peak/R:  5.007562 %)
