# ------------------------------------------------------------------------
#                  Input Arguments
# ------------------------------------------------------------------------
# Begin_Input_Arguments
{ 'all_b_mode': ['Beta_e'],
  'args_mk_solver': { 'torch': "<module 'torch' from "
                               "'/home/rafael/anaconda3/lib/python3.9/site-packages/torch/__init__.py'>",
                      'y_grid': [0.0, 0.000309700312, 0.000638645973, 0.00098802599, 0.00135910194, 0.00175321227, 0.00217177688, 0.00261630193, 0.00308838486, 0.00358971984, 0.00412210331, 0.00468744001, 0.00528774917, 0.00592517114, 0.00660197432, 0.0073205624, 0.00808348206, 0.00889343092, 0.00975326602, 0.0106660126, 0.0116348733, 0.0126632377, 0.0137546927, 0.0149130326, 0.0161422702, 0.0174466482, 0.0188306506, 0.0202990157, 0.0218567475, 0.02350913, 0.0252617393, 0.0271204584, 0.0290914903, 0.0311813732, 0.033396994, 0.0357456039, 0.0382348325, 0.0408727029, 0.0436676462, 0.0466285159, 0.0497646022, 0.0530856456, 0.0566018496, 0.0603238931, 0.0642629411, 0.068430655, 0.0728392004, 0.0775012535, 0.0824300053, 0.0876391634, 0.0931429507, 0.0989561006, 0.105093849, 0.111571922, 0.118406518, 0.125614286, 0.133212296, 0.141218006, 0.14964922, 0.158524039, 0.167860801, 0.177678022, 0.187994313, 0.1988283, 0.21019853, 0.222123362, 0.234620856, 0.247708641, 0.261403784, 0.275722637, 0.290680679, 0.306292354, 0.322570888, 0.339528108, 0.357174255, 0.375517785, 0.394565175, 0.414320726, 0.43478637, 0.45596148, 0.47784269, 0.500423731, 0.523695275, 0.547644806, 0.572256506, 0.597511177, 0.623386184, 0.649855436, 0.676889401, 0.704455158, 0.73251649, 0.761034018, 0.789965372, 0.819265404, 0.848886442, 0.878778572, 0.908889961, 0.939167201, 0.969555687, 1.0],
                      'Ret': 395,
                      'cp': 1.0,
                      'A_sca_rho': 1.0,
                      'A_sca_mu': 0.002531645569620253,
                      'A_sca_k': 0.002531645569620253,
                      'b_exp_rho': -1,
                      'b_exp_mu': 0.7,
                      'b_exp_k': 0,
                      'tensor_device': 'cpu',
                      'as_tensor': '<function '
                                   'Build_arguments_fi_run._mk_args_MK_solver.<locals>.<lambda> '
                                   'at 0x7f2f7fc003a0>',
                      'ref_dns': { 'u_dns': [3.2375269606590145e-17, 0.1199916829284229, 0.247264514837938, 0.382197655762907, 0.5251747511438843, 0.676579880837571, 0.8367923534697237, 1.0061800579287525, 1.1850910489693507, 1.3738430657243734, 1.5727113693015706, 1.7820060918763398, 2.002176711759234, 2.233705998627426, 2.4770984775750806, 2.7328713472758133, 3.0014626774288184, 3.283248226925312, 3.578568778984372, 3.887722417218001, 4.210958137316892, 4.548458689255665, 4.900342681723476, 5.266712373825317, 5.647606585900122, 6.042934395438226, 6.452411481882431, 6.8756069299100036, 7.312075248550506, 7.761277288678814, 8.222429202667298, 8.69449725305808, 9.17631244155016, 9.666612819335883, 10.164380007405601, 10.668359137915045, 11.176268286355516, 11.686457053756145, 12.197969248585286, 12.708926607693993, 13.21713193794244, 13.720835225294183, 14.219054376473908, 14.709910299040391, 15.191133738346272, 15.66218895512571, 16.121983923076982, 16.568753713430585, 17.001942221856645, 17.420853104860022, 17.825328320936247, 18.21460796201732, 18.5891757722107, 18.947364329568444, 19.290100155267417, 19.618221159821456, 19.93130589097558, 20.230752551486994, 20.516087023223516, 20.78805737992168, 21.049129080868376, 21.29786165376538, 21.536712285664436, 21.767029518088112, 21.988792542668985, 22.202197591336752, 22.40995599384509, 22.61238076431313, 22.80928064749847, 23.002543658246477, 23.19414298245076, 23.38316072669632, 23.57116851604587, 23.757971104567453, 23.94319922541075, 24.12775133463945, 24.31153601860968, 24.49472663877128, 24.678458913885045, 24.86157261469509, 25.044331691253035, 25.225573694638992, 25.4054216463792, 25.5832240116621, 25.75807818257277, 25.92983580928113, 26.098401682841008, 26.261476631698066, 26.41877814978081, 26.570166966717334, 26.714039990299515, 26.84731470405247, 26.97047175828903, 27.081532194399813, 27.17767969076408, 27.25886600682195, 27.323700535574556, 27.370994417750513, 27.39940185298088, 27.409446879785932],
                                   'T_dns': [1.0, 1.0053487903989333, 1.0110462867306078, 1.0171139580946988, 1.0235741430116407, 1.0304499581683417, 1.0377651670152876, 1.0455439967246736, 1.0538108906008734, 1.0625901843330814, 1.0719057091670183, 1.0817829044383995, 1.0922516592527118, 1.103343133936842, 1.1150892002299622, 1.1275225974701497, 1.1406794598482997, 1.1545986535718156, 1.169320767108532, 1.1848849931876855, 1.2013216431310616, 1.2186559229329987, 1.2369065859144863, 1.2560801613897856, 1.2761704850566518, 1.297176295122419, 1.3191224132907353, 1.3420284952188961, 1.3658570489677024, 1.3905304778485796, 1.4159871125558294, 1.442175097904738, 1.469038705876853, 1.4965101242022962, 1.524472281691262, 1.5527749599399236, 1.5812637522209299, 1.6098270016699445, 1.6383858759423195, 1.6667917634029006, 1.6948479948802897, 1.7224182732710054, 1.7494867113832837, 1.77587901455417, 1.8014592197316937, 1.8262052107428253, 1.8500505233472526, 1.87294158700567, 1.894879327567687, 1.915778171487216, 1.9356428309982103, 1.9546231733902724, 1.9726460981542013, 1.989658303153589, 2.0058839357832583, 2.0212109573674444, 2.035761961444675, 2.0495408678954155, 2.0626727362702715, 2.0752151644103805, 2.0871185691309853, 2.098597403199676, 2.1095765442030285, 2.1202055134365265, 2.130454625901164, 2.140350321913519, 2.1499531128709175, 2.1593215402434716, 2.1684161785498572, 2.177338389526175, 2.1861036084100705, 2.194715467844455, 2.2031715710547513, 2.2115626398963646, 2.219717424440458, 2.227776621632075, 2.2356431914982737, 2.2434145259205898, 2.2510605382677173, 2.258551803522322, 2.265973184314005, 2.2731583103035042, 2.280116035466779, 2.286837837364563, 2.2933212270272443, 2.299587163317961, 2.3056214469223186, 2.3113803449528407, 2.3168441469047516, 2.3220061198432247, 2.326769882390049, 2.3312196977275557, 2.335322147769678, 2.3389031533001785, 2.3419928932503433, 2.344599764266534, 2.346628348055543, 2.3480112014841756, 2.348917554911661, 2.3492166594614377],
                                   'mu_dns': [0.002531645569620253, 0.002541116851182164, 0.002551188986090177, 0.002561896818532239, 0.002573276292477524, 0.0025853642462883623, 0.002598198136296681, 0.002611815670777538, 0.002626254333949769, 0.002641550782716695, 0.00265774012523829, 0.0026748595553382007, 0.00269295318482477, 0.0027120664241626524, 0.0027322449449304416, 0.002753534882571704, 0.0027759870722675285, 0.0027996557755832225, 0.002824596836270535, 0.0028508623187012997, 0.0028784879476094274, 0.002907499688629952, 0.0029379116793815294, 0.002969716923209366, 0.003002887012938952, 0.0030374015270519645, 0.0030732824366994102, 0.003110542363161212, 0.003149100915659753, 0.003188814549757668, 0.0032295678632946615, 0.0032712632821048477, 0.0033137990676161268, 0.0033570566181696944, 0.003400842951641284, 0.003444917832604723, 0.0034890398140267416, 0.003533038334299608, 0.0035767965761922304, 0.0036200939892242533, 0.0036626416701805893, 0.0037042470303647124, 0.0037449011449282596, 0.003784358463041607, 0.003822434120301543, 0.0038591140061549527, 0.003894318040543962, 0.003927985422699231, 0.003960135033553007, 0.003990658445626315, 0.004019578927253472, 0.004047128880626804, 0.004073214947514116, 0.004097772592671864, 0.004121136169392843, 0.00414315379902537, 0.004164010356954332, 0.004183719046086242, 0.004202465280884885, 0.0042203366657521495, 0.004237267575878379, 0.004253567178132925, 0.004269132223574603, 0.004284177697560209, 0.004298664063482943, 0.004312631075896641, 0.004326166166168405, 0.004339353455001388, 0.0043521389403776735, 0.004364666399431221, 0.004376958442138522, 0.004389021027215057, 0.004400851636221917, 0.004412577800133818, 0.00442396098450525, 0.004435198419832892, 0.00444615550693043, 0.00445696859222335, 0.004467596342159725, 0.0044779984998455655, 0.004488293416560649, 0.004498250968316412, 0.004507884380287202, 0.004517182769600565, 0.004526143593769728, 0.0045347966521845215, 0.0045431231220920435, 0.0045510635034828285, 0.004558591520749042, 0.004565698787162249, 0.004572253572781058, 0.0045783727411595025, 0.00458401112602466, 0.004588930411869472, 0.004593173022587386, 0.004596751286207179, 0.004599534950980738, 0.004601432117363253, 0.004602675381292658, 0.004603085637666109],
                                   'rho_dns': [1.0, 0.9946796669474175, 0.9890744005733626, 0.9831740013412484, 0.9769687978417675, 0.9704498428798353, 0.9636091398944292, 0.956439904138566, 0.9489368623148401, 0.9410965909003148, 0.9329178783618043, 0.924399891971988, 0.9155399229918975, 0.9063363601420139, 0.89678924322267, 0.8869001847446115, 0.876670471591547, 0.8661018241329522, 0.8551973317576287, 0.8439637650483773, 0.8324165353365752, 0.8205761619680567, 0.8084684901735458, 0.796127532890539, 0.7835943643185009, 0.7709052375996638, 0.7580797581214318, 0.7451406609938573, 0.7321410397638519, 0.7191500049299128, 0.7062211167974681, 0.6933970787963601, 0.6807172581631271, 0.6682213396538448, 0.6559646980859448, 0.6440083243219543, 0.632405567126592, 0.6211847602025906, 0.6103568241668641, 0.5999549685549279, 0.5900234139113059, 0.5805790704373582, 0.5715962250489575, 0.5631014229035458, 0.5551055439095304, 0.5475835870565943, 0.5405257788261499, 0.5339194809586834, 0.527738091524606, 0.5219811014047109, 0.5166242366543937, 0.5116075638587212, 0.5069333018911486, 0.5025988625358484, 0.4985333309474457, 0.49475290857440457, 0.4912165660519326, 0.4879141546598466, 0.48480788174288947, 0.4818777431612131, 0.47912946336171525, 0.47650873791958687, 0.4740287821022334, 0.4716523910831427, 0.4693833831720347, 0.46721323596502584, 0.46512642253144787, 0.46310842612501624, 0.4611660851325859, 0.4592763370224766, 0.45743486088808444, 0.4556399290255845, 0.45389111458135684, 0.45216896956030184, 0.45050779391528994, 0.4488780384396876, 0.4472985688426534, 0.4457490973896801, 0.44423505410011793, 0.4427615954792142, 0.44131148899837375, 0.43991656694886483, 0.43857417098304946, 0.43728505085102026, 0.4360488134914561, 0.43486066366675535, 0.4337225442341629, 0.4326419068949914, 0.4316216096520675, 0.4306620863116059, 0.429780360992469, 0.4289599993405974, 0.4282064472154466, 0.4275508366342599, 0.42698677817597747, 0.42651202786964026, 0.42614332211089895, 0.4258923464112526, 0.42572801157238077, 0.4256738074679123]},
                      'case': 'T31_GL',
                      'constant_Sq_heat': 0.04443037974683545,
                      'use_visc_heating': False,
                      'Pr_turb': 1.0,
                      'fprint': '<function '
                                'Build_arguments_fi_run._mk_args_MK_solver.<locals>.<lambda> '
                                'at 0x7f2f7fc009d0>',
                      'compressible_correction': False,
                      'bool_solve_energy': False,
                      'output_last': False},
  'u_imp': 10,
  'k_imp': 0,
  'e_imp': 1,
  'solve_sparse_adj': True,
  'all_ref_beta_distrib': {'K': [1.0, 1.0, 1.0, 1.0, 1.0, 1.0, 1.0, 1.0, 1.0, 1.0, 1.0, 1.0, 1.0, 1.0, 1.0, 1.0, 1.0, 1.0, 1.0, 1.0, 1.0, 1.0, 1.0, 1.0, 1.0, 1.0, 1.0, 1.0, 1.0, 1.0, 1.0, 1.0, 1.0, 1.0, 1.0, 1.0, 1.0, 1.0, 1.0, 1.0, 1.0, 1.0, 1.0, 1.0, 1.0, 1.0, 1.0, 1.0, 1.0, 1.0, 1.0, 1.0, 1.0, 1.0, 1.0, 1.0, 1.0, 1.0, 1.0, 1.0, 1.0, 1.0, 1.0, 1.0, 1.0, 1.0, 1.0, 1.0, 1.0, 1.0, 1.0, 1.0, 1.0, 1.0, 1.0, 1.0, 1.0, 1.0, 1.0, 1.0, 1.0, 1.0, 1.0, 1.0, 1.0, 1.0, 1.0, 1.0, 1.0, 1.0, 1.0, 1.0, 1.0, 1.0, 1.0, 1.0, 1.0, 1.0, 1.0, 1.0], 'E': [1.0, 0.99998969, 0.99998392, 0.99997733, 0.99996963, 0.99996047, 0.9999494, 0.99993583, 0.99991904, 0.99989813, 0.99987199, 0.99983921, 0.99979806, 0.99974639, 0.99968156, 0.99960029, 0.99949855, 0.99937145, 0.99921305, 0.99901642, 0.99877366, 0.99847629, 0.99811597, 0.99768535, 0.99717857, 0.99658943, 0.99590589, 0.99510153, 0.99412929, 0.99292482, 0.99142187, 0.98957022, 0.98733804, 0.9846976, 0.98161492, 0.97805185, 0.97397149, 0.96934069, 0.96413195, 0.95832955, 0.95193279, 0.94495413, 0.93741574, 0.92936885, 0.92088675, 0.91206029, 0.90301406, 0.89390791, 0.88493901, 0.87636992, 0.86852649, 0.86180703, 0.85676255, 0.85411132, 0.85475193, 0.85993489, 0.87126762, 0.89089951, 0.92166627, 0.96755497, 1.0349542, 1.13296434, 1.26553285, 1.41951061, 1.56772826, 1.68545102, 1.760802, 1.79376879, 1.79059631, 1.75929166, 1.70722487, 1.64038862, 1.56337137, 1.47965925, 1.39190149, 1.30225132, 1.21253524, 1.12445975, 1.03970146, 0.95996668, 0.8869823, 0.82244966, 0.76795234, 0.7248254, 0.69398524, 0.67576388, 0.66977864, 0.67486125, 0.68912605, 0.71017816, 0.73538841, 0.76218345, 0.7883594, 0.81229027, 0.83296208, 0.84992134, 0.86312029, 0.87271512, 0.87890567, 0.94121352]},
  'all_ref_delta_distrib': {'K': [-0.0, -0.0, -0.0, -0.0, -0.0, -0.0, -0.0, -0.0, -0.0, -0.0, -0.0, -0.0, -0.0, -0.0, -0.0, -0.0, -0.0, -0.0, -0.0, -0.0, -0.0, -0.0, -0.0, -0.0, -0.0, -0.0, -0.0, -0.0, -0.0, -0.0, -0.0, -0.0, -0.0, -0.0, -0.0, -0.0, -0.0, -0.0, -0.0, -0.0, -0.0, -0.0, -0.0, -0.0, -0.0, -0.0, -0.0, -0.0, -0.0, -0.0, -0.0, -0.0, -0.0, -0.0, -0.0, -0.0, -0.0, -0.0, -0.0, -0.0, -0.0, -0.0, -0.0, -0.0, -0.0, -0.0, -0.0, -0.0, -0.0, -0.0, -0.0, -0.0, -0.0, -0.0, -0.0, -0.0, -0.0, -0.0, -0.0, -0.0, -0.0, -0.0, -0.0, -0.0, -0.0, -0.0, -0.0, -0.0, -0.0, -0.0, -0.0, -0.0, -0.0, -0.0, -0.0, -0.0, -0.0, -0.0, -0.0, -0.0], 'E': [-0.0, 0.002453482747851905, 0.0054192800704782615, 0.009076109329154338, 0.013663650209106565, 0.019497120954736623, 0.02700270963854411, 0.03676408889473511, 0.04954952473446787, 0.06637867462683722, 0.08859124215598639, 0.11797066351025273, 0.15683969457419536, 0.20823318684091935, 0.2760760652352759, 0.3654587757925152, 0.4829215932737753, 0.636787460373814, 0.8376511550402123, 1.098743842824544, 1.43654146793444, 1.87126113160491, 2.4273474823644583, 3.1340243309095084, 4.02558900499466, 5.141899189622118, 6.528494331847551, 8.236507579824243, 10.321736550685632, 12.841610585408066, 15.849601883422203, 19.388043649868145, 23.48158062938107, 28.13256713090212, 33.31839186650339, 38.98927179199721, 45.067515453459436, 51.44790484195159, 58.00035853719694, 64.57368574885416, 71.00019000795655, 77.10145252089036, 82.6963539391036, 87.60456743973653, 91.6538313409513, 94.68760803484575, 96.56728825370983, 97.17764577573759, 96.43241164304996, 94.27241814238936, 90.67184732575929, 85.6438721194318, 79.23039405381643, 71.50976544422447, 62.60575663889058, 52.665302611631205, 41.87610981006693, 30.44695252354183, 18.599127083592684, 6.502710273748326, -5.872558905661715, -18.622411725049428, -30.905039141957253, -40.57710900131467, -45.80469141909093, -46.451952410547065, -43.71436300189874, -39.089400047105904, -33.75298145952159, -28.4284837315442, -23.483238635991356, -19.060999808862974, -15.183339472876249, -11.814389381138044, -8.897915558166893, -6.37444281627303, -4.19193261978392, -2.308912709250383, -0.6959560324980659, 0.6653579674599535, 1.7843409477065164, 2.66413157689434, 3.305213891093182, 3.7098094941959094, 3.8866527176843086, 3.854902012454817, 3.646216773649431, 3.303884701669811, 2.878248062391632, 2.419835255648497, 1.9725974214771385, 1.5687100252308108, 1.2266379066900426, 0.9522241179241646, 0.7421068888620804, 0.5878671637753137, 0.4795647900383116, 0.4081169292979409, 0.36647504218318117, 0.1741915702936753]},
  'fname_print': '/media/rafael/DATA/Dropbox/20220924_FIML_solver/data/output/field_inversion/Beta_e/u_imp_10/FI_run_T31_GL_u_imp_10_k_imp_0_e_imp_1/FI_run_T31_GL_u_imp_10_k_imp_0_e_imp_1.log',
  'folder': '/media/rafael/DATA/Dropbox/20220924_FIML_solver/data/output/field_inversion/Beta_e/u_imp_10/FI_run_T31_GL_u_imp_10_k_imp_0_e_imp_1',
  'iters_limit': 15000}
# End_Input_Arguments

# ------------------------------------------------------------------------
#                  Iterations
# ------------------------------------------------------------------------

iter:      0 (Jcost: 1.084036e+00) (lr = 1.000e-03) (elapsed time:  0.001) (secs/iter:   None) (n_accepted: 0%) (u_error:  6.185887 %) (beta_change: 79.376879 %) (delta_change:  4.490616 %) (delta_peak/R:  0.000000 %)
-> Saved file: /media/rafael/DATA/Dropbox/20220924_FIML_solver/data/output/field_inversion/Beta_e/u_imp_10/FI_run_T31_GL_u_imp_10_k_imp_0_e_imp_1/FI_run_T31_GL_u_imp_10_k_imp_0_e_imp_1_state_iter_0.dat
iter:    100 (Jcost: 6.852469e-02) (lr = 9.889e-03) (elapsed time: 134.961) (secs/iter:  1.350) (n_accepted: 82%) (u_error:  1.126278 %) (beta_change: 61.351645 %) (delta_change:  2.602985 %) (delta_peak/R:  5.656326 %)
iter:    200 (Jcost: 6.238785e-02) (lr = 8.488e-03) (elapsed time: 259.615) (secs/iter:  1.247) (n_accepted: 79%) (u_error:  1.135285 %) (beta_change: 56.160962 %) (delta_change:  2.028121 %) (delta_peak/R:  4.928699 %)
iter:    300 (Jcost: 5.842205e-02) (lr = 5.802e-01) (elapsed time: 375.466) (secs/iter:  1.158) (n_accepted: 84%) (u_error:  1.072230 %) (beta_change: 51.649044 %) (delta_change:  1.761748 %) (delta_peak/R:  4.777458 %)
iter:    400 (Jcost: 5.635520e-02) (lr = 6.255e-03) (elapsed time: 494.242) (secs/iter:  1.188) (n_accepted: 74%) (u_error:  1.075868 %) (beta_change: 48.842844 %) (delta_change:  1.673471 %) (delta_peak/R:  4.744364 %)
iter:    500 (Jcost: 5.448762e-02) (lr = 1.289e-02) (elapsed time: 609.786) (secs/iter:  1.155) (n_accepted: 80%) (u_error:  1.069514 %) (beta_change: 45.765896 %) (delta_change:  1.556982 %) (delta_peak/R:  4.721241 %)
-> Saved file: /media/rafael/DATA/Dropbox/20220924_FIML_solver/data/output/field_inversion/Beta_e/u_imp_10/FI_run_T31_GL_u_imp_10_k_imp_0_e_imp_1/FI_run_T31_GL_u_imp_10_k_imp_0_e_imp_1_state_iter_500.dat
iter:    600 (Jcost: 5.336792e-02) (lr = 1.529e-01) (elapsed time: 730.561) (secs/iter:  1.208) (n_accepted: 82%) (u_error:  1.052073 %) (beta_change: 43.642827 %) (delta_change:  1.484247 %) (delta_peak/R:  4.716821 %)
iter:    700 (Jcost: 5.202296e-02) (lr = 5.469e-02) (elapsed time: 845.266) (secs/iter:  1.147) (n_accepted: 78%) (u_error:  1.037177 %) (beta_change: 40.665626 %) (delta_change:  1.412679 %) (delta_peak/R:  4.701813 %)
iter:    800 (Jcost: 5.101588e-02) (lr = 8.150e-03) (elapsed time: 1004.872) (secs/iter:  1.596) (n_accepted: 77%) (u_error:  1.028188 %) (beta_change: 38.035011 %) (delta_change:  1.330387 %) (delta_peak/R:  4.682892 %)
iter:    900 (Jcost: 5.031753e-02) (lr = 4.030e-02) (elapsed time: 1162.349) (secs/iter:  1.575) (n_accepted: 81%) (u_error:  1.010734 %) (beta_change: 35.902061 %) (delta_change:  1.251175 %) (delta_peak/R:  4.674576 %)
iter:   1000 (Jcost: 4.976433e-02) (lr = 4.782e-01) (elapsed time: 1313.577) (secs/iter:  1.512) (n_accepted: 82%) (u_error:  1.013212 %) (beta_change: 34.078638 %) (delta_change:  1.177173 %) (delta_peak/R:  4.652072 %)
-> Saved file: /media/rafael/DATA/Dropbox/20220924_FIML_solver/data/output/field_inversion/Beta_e/u_imp_10/FI_run_T31_GL_u_imp_10_k_imp_0_e_imp_1/FI_run_T31_GL_u_imp_10_k_imp_0_e_imp_1_state_iter_1000.dat
iter:   1100 (Jcost: 4.936145e-02) (lr = 2.969e-02) (elapsed time: 1463.456) (secs/iter:  1.499) (n_accepted: 76%) (u_error:  1.011299 %) (beta_change: 32.584996 %) (delta_change:  1.140654 %) (delta_peak/R:  4.636575 %)
iter:   1200 (Jcost: 4.894827e-02) (lr = 1.062e-02) (elapsed time: 1617.890) (secs/iter:  1.544) (n_accepted: 78%) (u_error:  1.007316 %) (beta_change: 30.898301 %) (delta_change:  1.092686 %) (delta_peak/R:  4.620370 %)
iter:   1300 (Jcost: 4.855816e-02) (lr = 7.259e-01) (elapsed time: 1726.104) (secs/iter:  1.082) (n_accepted: 84%) (u_error:  1.003789 %) (beta_change: 29.131017 %) (delta_change:  1.035140 %) (delta_peak/R:  4.602864 %)
iter:   1400 (Jcost: 4.826923e-02) (lr = 1.082e-01) (elapsed time: 1838.781) (secs/iter:  1.127) (n_accepted: 77%) (u_error:  1.002275 %) (beta_change: 27.685147 %) (delta_change:  0.982832 %) (delta_peak/R:  4.587378 %)
iter:   1500 (Jcost: 4.800192e-02) (lr = 9.286e-02) (elapsed time: 1952.426) (secs/iter:  1.136) (n_accepted: 79%) (u_error:  0.999625 %) (beta_change: 26.220308 %) (delta_change:  0.925117 %) (delta_peak/R:  4.572731 %)
-> Saved file: /media/rafael/DATA/Dropbox/20220924_FIML_solver/data/output/field_inversion/Beta_e/u_imp_10/FI_run_T31_GL_u_imp_10_k_imp_0_e_imp_1/FI_run_T31_GL_u_imp_10_k_imp_0_e_imp_1_state_iter_1500.dat
iter:   1600 (Jcost: 4.779040e-02) (lr = 3.321e-02) (elapsed time: 2070.756) (secs/iter:  1.183) (n_accepted: 78%) (u_error:  0.997315 %) (beta_change: 24.955296 %) (delta_change:  0.871903 %) (delta_peak/R:  4.560338 %)
iter:   1700 (Jcost: 4.753711e-02) (lr = 4.950e-03) (elapsed time: 2181.522) (secs/iter:  1.108) (n_accepted: 77%) (u_error:  0.994840 %) (beta_change: 23.288735 %) (delta_change:  0.797780 %) (delta_peak/R:  4.543878 %)
iter:   1800 (Jcost: 4.738195e-02) (lr = 3.383e-01) (elapsed time: 2293.018) (secs/iter:  1.115) (n_accepted: 84%) (u_error:  0.985596 %) (beta_change: 22.099211 %) (delta_change:  0.742413 %) (delta_peak/R:  4.538672 %)
iter:   1900 (Jcost: 4.726380e-02) (lr = 2.904e-01) (elapsed time: 2403.629) (secs/iter:  1.106) (n_accepted: 79%) (u_error:  0.993476 %) (beta_change: 21.253388 %) (delta_change:  0.706746 %) (delta_peak/R:  4.523091 %)
iter:   2000 (Jcost: 4.711771e-02) (lr = 1.039e-01) (elapsed time: 2515.374) (secs/iter:  1.117) (n_accepted: 78%) (u_error:  0.994137 %) (beta_change: 20.034716 %) (delta_change:  0.665934 %) (delta_peak/R:  4.509859 %)
-> Saved file: /media/rafael/DATA/Dropbox/20220924_FIML_solver/data/output/field_inversion/Beta_e/u_imp_10/FI_run_T31_GL_u_imp_10_k_imp_0_e_imp_1/FI_run_T31_GL_u_imp_10_k_imp_0_e_imp_1_state_iter_2000.dat
iter:   2100 (Jcost: 4.701257e-02) (lr = 3.715e-02) (elapsed time: 2630.744) (secs/iter:  1.154) (n_accepted: 78%) (u_error:  0.991967 %) (beta_change: 19.093257 %) (delta_change:  0.632419 %) (delta_peak/R:  4.502118 %)
iter:   2200 (Jcost: 4.690987e-02) (lr = 1.329e-02) (elapsed time: 2740.421) (secs/iter:  1.097) (n_accepted: 78%) (u_error:  0.992084 %) (beta_change: 18.105918 %) (delta_change:  0.595463 %) (delta_peak/R:  4.492297 %)
iter:   2300 (Jcost: 4.681954e-02) (lr = 1.577e-01) (elapsed time: 2849.875) (secs/iter:  1.095) (n_accepted: 82%) (u_error:  0.993963 %) (beta_change: 17.166220 %) (delta_change:  0.558736 %) (delta_peak/R:  4.481706 %)
iter:   2400 (Jcost: 4.675194e-02) (lr = 3.248e-01) (elapsed time: 2961.548) (secs/iter:  1.117) (n_accepted: 80%) (u_error:  0.989816 %) (beta_change: 16.436985 %) (delta_change:  0.529495 %) (delta_peak/R:  4.478355 %)
iter:   2500 (Jcost: 4.667549e-02) (lr = 1.162e-01) (elapsed time: 3067.050) (secs/iter:  1.055) (n_accepted: 78%) (u_error:  0.989444 %) (beta_change: 15.551522 %) (delta_change:  0.492966 %) (delta_peak/R:  4.470612 %)
-> Saved file: /media/rafael/DATA/Dropbox/20220924_FIML_solver/data/output/field_inversion/Beta_e/u_imp_10/FI_run_T31_GL_u_imp_10_k_imp_0_e_imp_1/FI_run_T31_GL_u_imp_10_k_imp_0_e_imp_1_state_iter_2500.dat
iter:   2600 (Jcost: 4.659417e-02) (lr = 1.731e-02) (elapsed time: 3181.114) (secs/iter:  1.141) (n_accepted: 77%) (u_error:  0.989588 %) (beta_change: 14.544753 %) (delta_change:  0.450381 %) (delta_peak/R:  4.461641 %)
iter:   2700 (Jcost: 4.652528e-02) (lr = 1.486e-02) (elapsed time: 3284.007) (secs/iter:  1.029) (n_accepted: 79%) (u_error:  0.989447 %) (beta_change: 13.629531 %) (delta_change:  0.410927 %) (delta_peak/R:  4.453994 %)
iter:   2800 (Jcost: 4.648040e-02) (lr = 4.233e-01) (elapsed time: 3391.797) (secs/iter:  1.078) (n_accepted: 83%) (u_error:  0.991259 %) (beta_change: 12.998330 %) (delta_change:  0.383367 %) (delta_peak/R:  4.447319 %)
iter:   2900 (Jcost: 4.643387e-02) (lr = 3.633e-01) (elapsed time: 3499.333) (secs/iter:  1.075) (n_accepted: 79%) (u_error:  0.989947 %) (beta_change: 12.315043 %) (delta_change:  0.353450 %) (delta_peak/R:  4.442952 %)
iter:   3000 (Jcost: 4.639748e-02) (lr = 2.256e-02) (elapsed time: 3608.831) (secs/iter:  1.095) (n_accepted: 76%) (u_error:  0.990231 %) (beta_change: 11.755280 %) (delta_change:  0.328847 %) (delta_peak/R:  4.438369 %)
-> Saved file: /media/rafael/DATA/Dropbox/20220924_FIML_solver/data/output/field_inversion/Beta_e/u_imp_10/FI_run_T31_GL_u_imp_10_k_imp_0_e_imp_1/FI_run_T31_GL_u_imp_10_k_imp_0_e_imp_1_state_iter_3000.dat
iter:   3100 (Jcost: 4.634470e-02) (lr = 8.070e-03) (elapsed time: 3719.703) (secs/iter:  1.109) (n_accepted: 78%) (u_error:  0.989591 %) (beta_change: 10.901193 %) (delta_change:  0.291350 %) (delta_peak/R:  4.432471 %)
iter:   3200 (Jcost: 4.630453e-02) (lr = 5.516e-01) (elapsed time: 3820.110) (secs/iter:  1.004) (n_accepted: 84%) (u_error:  0.990969 %) (beta_change: 10.215703 %) (delta_change:  0.261353 %) (delta_peak/R:  4.426354 %)
iter:   3300 (Jcost: 4.627458e-02) (lr = 8.220e-02) (elapsed time: 3929.469) (secs/iter:  1.094) (n_accepted: 77%) (u_error:  0.990008 %) (beta_change:  9.684391 %) (delta_change:  0.238298 %) (delta_peak/R:  4.423409 %)
iter:   3400 (Jcost: 4.624451e-02) (lr = 1.225e-02) (elapsed time: 4036.643) (secs/iter:  1.072) (n_accepted: 77%) (u_error:  0.990543 %) (beta_change:  9.129808 %) (delta_change:  0.214409 %) (delta_peak/R:  4.419171 %)
iter:   3500 (Jcost: 4.621587e-02) (lr = 2.524e-02) (elapsed time: 4143.304) (secs/iter:  1.067) (n_accepted: 80%) (u_error:  0.994299 %) (beta_change:  8.543765 %) (delta_change:  0.189392 %) (delta_peak/R:  4.412167 %)
-> Saved file: /media/rafael/DATA/Dropbox/20220924_FIML_solver/data/output/field_inversion/Beta_e/u_imp_10/FI_run_T31_GL_u_imp_10_k_imp_0_e_imp_1/FI_run_T31_GL_u_imp_10_k_imp_0_e_imp_1_state_iter_3500.dat
iter:   3600 (Jcost: 4.619536e-02) (lr = 2.166e-02) (elapsed time: 4254.348) (secs/iter:  1.110) (n_accepted: 79%) (u_error:  0.989803 %) (beta_change:  8.176828 %) (delta_change:  0.174022 %) (delta_peak/R:  4.413505 %)
iter:   3700 (Jcost: 4.616823e-02) (lr = 1.860e-02) (elapsed time: 4360.627) (secs/iter:  1.063) (n_accepted: 79%) (u_error:  0.990429 %) (beta_change:  7.626137 %) (delta_change:  0.151117 %) (delta_peak/R:  4.409502 %)
iter:   3800 (Jcost: 4.613609e-02) (lr = 1.596e-02) (elapsed time: 4457.887) (secs/iter:  0.973) (n_accepted: 79%) (u_error:  0.989757 %) (beta_change:  6.945721 %) (delta_change:  0.144036 %) (delta_peak/R:  4.405892 %)
iter:   3900 (Jcost: 4.611542e-02) (lr = 4.546e-01) (elapsed time: 4560.681) (secs/iter:  1.028) (n_accepted: 83%) (u_error:  0.990214 %) (beta_change:  6.495255 %) (delta_change:  0.143446 %) (delta_peak/R:  4.402845 %)
iter:   4000 (Jcost: 4.609367e-02) (lr = 3.902e-01) (elapsed time: 4666.393) (secs/iter:  1.057) (n_accepted: 79%) (u_error:  0.990651 %) (beta_change:  6.006881 %) (delta_change:  0.142838 %) (delta_peak/R:  4.399668 %)
-> Saved file: /media/rafael/DATA/Dropbox/20220924_FIML_solver/data/output/field_inversion/Beta_e/u_imp_10/FI_run_T31_GL_u_imp_10_k_imp_0_e_imp_1/FI_run_T31_GL_u_imp_10_k_imp_0_e_imp_1_state_iter_4000.dat
iter:   4100 (Jcost: 4.607626e-02) (lr = 1.396e-01) (elapsed time: 4774.736) (secs/iter:  1.083) (n_accepted: 78%) (u_error:  0.990742 %) (beta_change:  5.605761 %) (delta_change:  0.142422 %) (delta_peak/R:  4.397338 %)
iter:   4200 (Jcost: 4.605018e-02) (lr = 8.667e-03) (elapsed time: 4873.193) (secs/iter:  0.985) (n_accepted: 76%) (u_error:  0.990936 %) (beta_change:  4.987428 %) (delta_change:  0.141789 %) (delta_peak/R:  4.393800 %)
iter:   4300 (Jcost: 4.603666e-02) (lr = 1.028e-01) (elapsed time: 4958.905) (secs/iter:  0.857) (n_accepted: 82%) (u_error:  0.990640 %) (beta_change:  4.658342 %) (delta_change:  0.141566 %) (delta_peak/R:  4.392299 %)
iter:   4400 (Jcost: 4.601776e-02) (lr = 8.828e-02) (elapsed time: 5065.638) (secs/iter:  1.067) (n_accepted: 79%) (u_error:  0.990810 %) (beta_change:  4.189139 %) (delta_change:  0.141107 %) (delta_peak/R:  4.389730 %)
iter:   4500 (Jcost: 4.600121e-02) (lr = 3.157e-02) (elapsed time: 5173.786) (secs/iter:  1.081) (n_accepted: 78%) (u_error:  0.990733 %) (beta_change:  3.784309 %) (delta_change:  0.140767 %) (delta_peak/R:  4.387673 %)
-> Saved file: /media/rafael/DATA/Dropbox/20220924_FIML_solver/data/output/field_inversion/Beta_e/u_imp_10/FI_run_T31_GL_u_imp_10_k_imp_0_e_imp_1/FI_run_T31_GL_u_imp_10_k_imp_0_e_imp_1_state_iter_4500.dat
iter:   4600 (Jcost: 4.598438e-02) (lr = 1.129e-02) (elapsed time: 5286.091) (secs/iter:  1.123) (n_accepted: 78%) (u_error:  0.991334 %) (beta_change:  3.409691 %) (delta_change:  0.140248 %) (delta_peak/R:  4.385035 %)
iter:   4700 (Jcost: 4.596648e-02) (lr = 9.694e-03) (elapsed time: 5389.002) (secs/iter:  1.029) (n_accepted: 79%) (u_error:  0.991623 %) (beta_change:  3.004074 %) (delta_change:  0.139790 %) (delta_peak/R:  4.382527 %)
iter:   4800 (Jcost: 4.595135e-02) (lr = 2.761e-01) (elapsed time: 5493.895) (secs/iter:  1.049) (n_accepted: 83%) (u_error:  0.990052 %) (beta_change:  2.653491 %) (delta_change:  0.139877 %) (delta_peak/R:  4.381905 %)
iter:   4900 (Jcost: 4.593686e-02) (lr = 2.370e-01) (elapsed time: 5594.007) (secs/iter:  1.001) (n_accepted: 79%) (u_error:  0.990822 %) (beta_change:  2.418898 %) (delta_change:  0.139376 %) (delta_peak/R:  4.379482 %)
iter:   5000 (Jcost: 4.592098e-02) (lr = 3.532e-02) (elapsed time: 5694.686) (secs/iter:  1.007) (n_accepted: 77%) (u_error:  0.991358 %) (beta_change:  2.239124 %) (delta_change:  0.138908 %) (delta_peak/R:  4.377079 %)
-> Saved file: /media/rafael/DATA/Dropbox/20220924_FIML_solver/data/output/field_inversion/Beta_e/u_imp_10/FI_run_T31_GL_u_imp_10_k_imp_0_e_imp_1/FI_run_T31_GL_u_imp_10_k_imp_0_e_imp_1_state_iter_5000.dat
iter:   5100 (Jcost: 4.590746e-02) (lr = 5.263e-03) (elapsed time: 5806.997) (secs/iter:  1.123) (n_accepted: 77%) (u_error:  0.991084 %) (beta_change:  2.228761 %) (delta_change:  0.138703 %) (delta_peak/R:  4.375647 %)
iter:   5200 (Jcost: 4.589935e-02) (lr = 2.602e-02) (elapsed time: 5911.421) (secs/iter:  1.044) (n_accepted: 81%) (u_error:  0.991371 %) (beta_change:  2.302730 %) (delta_change:  0.138463 %) (delta_peak/R:  4.374426 %)
iter:   5300 (Jcost: 4.588478e-02) (lr = 2.234e-02) (elapsed time: 6017.555) (secs/iter:  1.061) (n_accepted: 79%) (u_error:  0.993668 %) (beta_change:  2.471117 %) (delta_change:  0.137635 %) (delta_peak/R:  4.370706 %)
iter:   5400 (Jcost: 4.587214e-02) (lr = 6.362e-01) (elapsed time: 6121.617) (secs/iter:  1.041) (n_accepted: 83%) (u_error:  0.989750 %) (beta_change:  2.701423 %) (delta_change:  0.138330 %) (delta_peak/R:  4.372447 %)
iter:   5500 (Jcost: 4.586156e-02) (lr = 2.275e-01) (elapsed time: 6223.305) (secs/iter:  1.017) (n_accepted: 78%) (u_error:  0.991792 %) (beta_change:  2.891932 %) (delta_change:  0.137643 %) (delta_peak/R:  4.369563 %)
-> Saved file: /media/rafael/DATA/Dropbox/20220924_FIML_solver/data/output/field_inversion/Beta_e/u_imp_10/FI_run_T31_GL_u_imp_10_k_imp_0_e_imp_1/FI_run_T31_GL_u_imp_10_k_imp_0_e_imp_1_state_iter_5500.dat
iter:   5600 (Jcost: 4.585030e-02) (lr = 1.953e-01) (elapsed time: 6333.492) (secs/iter:  1.102) (n_accepted: 79%) (u_error:  0.991905 %) (beta_change:  3.105921 %) (delta_change:  0.137433 %) (delta_peak/R:  4.368152 %)
iter:   5700 (Jcost: 4.583880e-02) (lr = 2.911e-02) (elapsed time: 6438.168) (secs/iter:  1.047) (n_accepted: 77%) (u_error:  0.991449 %) (beta_change:  3.327471 %) (delta_change:  0.144311 %) (delta_peak/R:  4.367193 %)
iter:   5800 (Jcost: 4.582678e-02) (lr = 1.041e-02) (elapsed time: 6540.439) (secs/iter:  1.023) (n_accepted: 78%) (u_error:  0.991590 %) (beta_change:  3.561581 %) (delta_change:  0.155938 %) (delta_peak/R:  4.365699 %)
iter:   5900 (Jcost: 4.581836e-02) (lr = 1.235e-01) (elapsed time: 6643.261) (secs/iter:  1.028) (n_accepted: 82%) (u_error:  0.991827 %) (beta_change:  3.727376 %) (delta_change:  0.164052 %) (delta_peak/R:  4.364548 %)
iter:   6000 (Jcost: 4.580842e-02) (lr = 7.671e-03) (elapsed time: 6747.188) (secs/iter:  1.039) (n_accepted: 76%) (u_error:  0.991756 %) (beta_change:  3.924807 %) (delta_change:  0.173570 %) (delta_peak/R:  4.363487 %)
-> Saved file: /media/rafael/DATA/Dropbox/20220924_FIML_solver/data/output/field_inversion/Beta_e/u_imp_10/FI_run_T31_GL_u_imp_10_k_imp_0_e_imp_1/FI_run_T31_GL_u_imp_10_k_imp_0_e_imp_1_state_iter_6000.dat
iter:   6100 (Jcost: 4.579894e-02) (lr = 5.244e-01) (elapsed time: 6852.804) (secs/iter:  1.056) (n_accepted: 84%) (u_error:  0.990837 %) (beta_change:  4.116947 %) (delta_change:  0.182663 %) (delta_peak/R:  4.363175 %)
iter:   6200 (Jcost: 4.579150e-02) (lr = 7.814e-02) (elapsed time: 6955.944) (secs/iter:  1.031) (n_accepted: 77%) (u_error:  0.991773 %) (beta_change:  4.264271 %) (delta_change:  0.189613 %) (delta_peak/R:  4.361596 %)
iter:   6300 (Jcost: 4.578005e-02) (lr = 1.610e-01) (elapsed time: 7060.324) (secs/iter:  1.044) (n_accepted: 80%) (u_error:  0.993585 %) (beta_change:  4.504219 %) (delta_change:  0.200786 %) (delta_peak/R:  4.358810 %)
iter:   6400 (Jcost: 4.577208e-02) (lr = 3.317e-01) (elapsed time: 7157.460) (secs/iter:  0.971) (n_accepted: 80%) (u_error:  0.991750 %) (beta_change:  4.658824 %) (delta_change:  0.207755 %) (delta_peak/R:  4.359499 %)
iter:   6500 (Jcost: 4.576325e-02) (lr = 1.186e-01) (elapsed time: 7221.482) (secs/iter:  0.640) (n_accepted: 78%) (u_error:  0.992105 %) (beta_change:  4.839558 %) (delta_change:  0.215901 %) (delta_peak/R:  4.358259 %)
-> Saved file: /media/rafael/DATA/Dropbox/20220924_FIML_solver/data/output/field_inversion/Beta_e/u_imp_10/FI_run_T31_GL_u_imp_10_k_imp_0_e_imp_1/FI_run_T31_GL_u_imp_10_k_imp_0_e_imp_1_state_iter_6500.dat
iter:   6600 (Jcost: 4.575365e-02) (lr = 4.243e-02) (elapsed time: 7294.745) (secs/iter:  0.733) (n_accepted: 78%) (u_error:  0.991972 %) (beta_change:  5.036537 %) (delta_change:  0.224635 %) (delta_peak/R:  4.357349 %)
iter:   6700 (Jcost: 4.574530e-02) (lr = 3.642e-02) (elapsed time: 7362.937) (secs/iter:  0.682) (n_accepted: 79%) (u_error:  0.991857 %) (beta_change:  5.208537 %) (delta_change:  0.232154 %) (delta_peak/R:  4.356566 %)
iter:   6800 (Jcost: 4.573614e-02) (lr = 5.427e-03) (elapsed time: 7425.146) (secs/iter:  0.622) (n_accepted: 77%) (u_error:  0.992117 %) (beta_change:  5.397868 %) (delta_change:  0.240335 %) (delta_peak/R:  4.355398 %)
iter:   6900 (Jcost: 4.572966e-02) (lr = 6.440e-02) (elapsed time: 7484.002) (secs/iter:  0.589) (n_accepted: 82%) (u_error:  0.992250 %) (beta_change:  5.531977 %) (delta_change:  0.246057 %) (delta_peak/R:  4.354619 %)
iter:   7000 (Jcost: 4.572155e-02) (lr = 2.304e-02) (elapsed time: 7579.527) (secs/iter:  0.955) (n_accepted: 78%) (u_error:  0.993292 %) (beta_change:  5.767825 %) (delta_change:  0.253358 %) (delta_peak/R:  4.352909 %)
-> Saved file: /media/rafael/DATA/Dropbox/20220924_FIML_solver/data/output/field_inversion/Beta_e/u_imp_10/FI_run_T31_GL_u_imp_10_k_imp_0_e_imp_1/FI_run_T31_GL_u_imp_10_k_imp_0_e_imp_1_state_iter_7000.dat
iter:   7100 (Jcost: 4.571233e-02) (lr = 6.560e-01) (elapsed time: 7683.277) (secs/iter:  1.037) (n_accepted: 83%) (u_error:  0.992864 %) (beta_change:  6.106455 %) (delta_change:  0.261170 %) (delta_peak/R:  4.352339 %)
iter:   7200 (Jcost: 4.570571e-02) (lr = 2.346e-01) (elapsed time: 7775.681) (secs/iter:  0.924) (n_accepted: 78%) (u_error:  0.991971 %) (beta_change:  6.351361 %) (delta_change:  0.266678 %) (delta_peak/R:  4.352420 %)
iter:   7300 (Jcost: 4.569728e-02) (lr = 1.457e-02) (elapsed time: 7867.603) (secs/iter:  0.919) (n_accepted: 76%) (u_error:  0.991740 %) (beta_change:  6.671981 %) (delta_change:  0.273764 %) (delta_peak/R:  4.351767 %)
iter:   7400 (Jcost: 4.568989e-02) (lr = 1.251e-02) (elapsed time: 7939.551) (secs/iter:  0.719) (n_accepted: 79%) (u_error:  0.991980 %) (beta_change:  6.955389 %) (delta_change:  0.279888 %) (delta_peak/R:  4.350840 %)
iter:   7500 (Jcost: 4.568239e-02) (lr = 3.562e-01) (elapsed time: 8036.994) (secs/iter:  0.974) (n_accepted: 83%) (u_error:  0.992038 %) (beta_change:  7.246096 %) (delta_change:  0.286028 %) (delta_peak/R:  4.350057 %)
-> Saved file: /media/rafael/DATA/Dropbox/20220924_FIML_solver/data/output/field_inversion/Beta_e/u_imp_10/FI_run_T31_GL_u_imp_10_k_imp_0_e_imp_1/FI_run_T31_GL_u_imp_10_k_imp_0_e_imp_1_state_iter_7500.dat
iter:   7600 (Jcost: 4.567623e-02) (lr = 1.274e-01) (elapsed time: 8144.259) (secs/iter:  1.073) (n_accepted: 78%) (u_error:  0.991832 %) (beta_change:  7.486919 %) (delta_change:  0.290998 %) (delta_peak/R:  4.349626 %)
iter:   7700 (Jcost: 4.566991e-02) (lr = 4.557e-02) (elapsed time: 8246.923) (secs/iter:  1.027) (n_accepted: 78%) (u_error:  0.991972 %) (beta_change:  7.735764 %) (delta_change:  0.296044 %) (delta_peak/R:  4.348901 %)
iter:   7800 (Jcost: 4.566161e-02) (lr = 1.630e-02) (elapsed time: 8335.636) (secs/iter:  0.887) (n_accepted: 78%) (u_error:  0.992290 %) (beta_change:  8.066812 %) (delta_change:  0.302609 %) (delta_peak/R:  4.347841 %)
iter:   7900 (Jcost: 4.565518e-02) (lr = 5.829e-03) (elapsed time: 8440.652) (secs/iter:  1.050) (n_accepted: 78%) (u_error:  0.991913 %) (beta_change:  8.324411 %) (delta_change:  0.307577 %) (delta_peak/R:  4.347539 %)
iter:   8000 (Jcost: 4.565022e-02) (lr = 2.882e-02) (elapsed time: 8541.855) (secs/iter:  1.012) (n_accepted: 81%) (u_error:  0.991868 %) (beta_change:  8.525140 %) (delta_change:  0.311383 %) (delta_peak/R:  4.347106 %)
-> Saved file: /media/rafael/DATA/Dropbox/20220924_FIML_solver/data/output/field_inversion/Beta_e/u_imp_10/FI_run_T31_GL_u_imp_10_k_imp_0_e_imp_1/FI_run_T31_GL_u_imp_10_k_imp_0_e_imp_1_state_iter_8000.dat
iter:   8100 (Jcost: 4.564329e-02) (lr = 2.474e-02) (elapsed time: 8651.371) (secs/iter:  1.095) (n_accepted: 79%) (u_error:  0.991590 %) (beta_change:  8.808435 %) (delta_change:  0.316644 %) (delta_peak/R:  4.346681 %)
iter:   8200 (Jcost: 4.563594e-02) (lr = 8.848e-03) (elapsed time: 8720.467) (secs/iter:  0.691) (n_accepted: 78%) (u_error:  0.991886 %) (beta_change:  9.110272 %) (delta_change:  0.322133 %) (delta_peak/R:  4.345752 %)
iter:   8300 (Jcost: 4.562972e-02) (lr = 6.048e-01) (elapsed time: 8783.278) (secs/iter:  0.628) (n_accepted: 84%) (u_error:  0.991740 %) (beta_change:  9.368962 %) (delta_change:  0.326716 %) (delta_peak/R:  4.345293 %)
iter:   8400 (Jcost: 4.562339e-02) (lr = 5.192e-01) (elapsed time: 8866.256) (secs/iter:  0.830) (n_accepted: 79%) (u_error:  0.992176 %) (beta_change:  9.634481 %) (delta_change:  0.331335 %) (delta_peak/R:  4.344350 %)
iter:   8500 (Jcost: 4.561841e-02) (lr = 1.857e-01) (elapsed time: 8970.246) (secs/iter:  1.040) (n_accepted: 78%) (u_error:  0.992207 %) (beta_change:  9.845152 %) (delta_change:  0.334919 %) (delta_peak/R:  4.343866 %)
-> Saved file: /media/rafael/DATA/Dropbox/20220924_FIML_solver/data/output/field_inversion/Beta_e/u_imp_10/FI_run_T31_GL_u_imp_10_k_imp_0_e_imp_1/FI_run_T31_GL_u_imp_10_k_imp_0_e_imp_1_state_iter_8500.dat
iter:   8600 (Jcost: 4.561151e-02) (lr = 6.641e-02) (elapsed time: 9068.354) (secs/iter:  0.981) (n_accepted: 78%) (u_error:  0.991908 %) (beta_change: 10.138346 %) (delta_change:  0.339801 %) (delta_peak/R:  4.343481 %)
iter:   8700 (Jcost: 4.560400e-02) (lr = 9.897e-03) (elapsed time: 9169.735) (secs/iter:  1.014) (n_accepted: 77%) (u_error:  0.991786 %) (beta_change: 10.461717 %) (delta_change:  0.345052 %) (delta_peak/R:  4.342897 %)
iter:   8800 (Jcost: 4.559750e-02) (lr = 2.039e-02) (elapsed time: 9267.848) (secs/iter:  0.981) (n_accepted: 80%) (u_error:  0.991170 %) (beta_change: 10.746470 %) (delta_change:  0.349547 %) (delta_peak/R:  4.342808 %)
iter:   8900 (Jcost: 4.559237e-02) (lr = 2.420e-01) (elapsed time: 9348.192) (secs/iter:  0.803) (n_accepted: 82%) (u_error:  0.991633 %) (beta_change: 10.969002 %) (delta_change:  0.353008 %) (delta_peak/R:  4.341971 %)
iter:   9000 (Jcost: 4.558688e-02) (lr = 2.077e-01) (elapsed time: 9436.526) (secs/iter:  0.883) (n_accepted: 79%) (u_error:  0.991870 %) (beta_change: 11.211001 %) (delta_change:  0.356694 %) (delta_peak/R:  4.341285 %)
-> Saved file: /media/rafael/DATA/Dropbox/20220924_FIML_solver/data/output/field_inversion/Beta_e/u_imp_10/FI_run_T31_GL_u_imp_10_k_imp_0_e_imp_1/FI_run_T31_GL_u_imp_10_k_imp_0_e_imp_1_state_iter_9000.dat
iter:   9100 (Jcost: 4.558185e-02) (lr = 7.429e-02) (elapsed time: 9508.700) (secs/iter:  0.722) (n_accepted: 78%) (u_error:  0.991943 %) (beta_change: 11.434812 %) (delta_change:  0.360034 %) (delta_peak/R:  4.340774 %)
iter:   9200 (Jcost: 4.557542e-02) (lr = 1.107e-02) (elapsed time: 9574.734) (secs/iter:  0.660) (n_accepted: 77%) (u_error:  0.991634 %) (beta_change: 11.723080 %) (delta_change:  0.364239 %) (delta_peak/R:  4.340455 %)
iter:   9300 (Jcost: 4.556956e-02) (lr = 9.503e-03) (elapsed time: 9635.928) (secs/iter:  0.612) (n_accepted: 79%) (u_error:  0.991102 %) (beta_change: 11.991227 %) (delta_change:  0.368056 %) (delta_peak/R:  4.340365 %)
iter:   9400 (Jcost: 4.556530e-02) (lr = 2.706e-01) (elapsed time: 9695.224) (secs/iter:  0.593) (n_accepted: 83%) (u_error:  0.992010 %) (beta_change: 12.182813 %) (delta_change:  0.370761 %) (delta_peak/R:  4.339249 %)
iter:   9500 (Jcost: 4.556003e-02) (lr = 4.033e-02) (elapsed time: 9756.338) (secs/iter:  0.611) (n_accepted: 77%) (u_error:  0.991669 %) (beta_change: 12.424811 %) (delta_change:  0.374086 %) (delta_peak/R:  4.339063 %)
-> Saved file: /media/rafael/DATA/Dropbox/20220924_FIML_solver/data/output/field_inversion/Beta_e/u_imp_10/FI_run_T31_GL_u_imp_10_k_imp_0_e_imp_1/FI_run_T31_GL_u_imp_10_k_imp_0_e_imp_1_state_iter_9500.dat
iter:   9600 (Jcost: 4.555432e-02) (lr = 1.443e-02) (elapsed time: 9845.166) (secs/iter:  0.888) (n_accepted: 78%) (u_error:  0.991843 %) (beta_change: 12.688971 %) (delta_change:  0.378192 %) (delta_peak/R:  4.338418 %)
iter:   9700 (Jcost: 4.554930e-02) (lr = 1.238e-02) (elapsed time: 9950.802) (secs/iter:  1.056) (n_accepted: 79%) (u_error:  0.991772 %) (beta_change: 12.923621 %) (delta_change:  0.382378 %) (delta_peak/R:  4.338035 %)
iter:   9800 (Jcost: 4.554300e-02) (lr = 8.464e-01) (elapsed time: 10047.907) (secs/iter:  0.971) (n_accepted: 84%) (u_error:  0.992455 %) (beta_change: 13.223467 %) (delta_change:  0.387680 %) (delta_peak/R:  4.336918 %)
iter:   9900 (Jcost: 4.553876e-02) (lr = 1.261e-01) (elapsed time: 10146.412) (secs/iter:  0.985) (n_accepted: 77%) (u_error:  0.991717 %) (beta_change: 13.422008 %) (delta_change:  0.391095 %) (delta_peak/R:  4.337158 %)
iter:  10000 (Jcost: 4.553379e-02) (lr = 1.880e-02) (elapsed time: 10246.950) (secs/iter:  1.005) (n_accepted: 77%) (u_error:  0.991520 %) (beta_change: 13.660363 %) (delta_change:  0.395171 %) (delta_peak/R:  4.336884 %)
-> Saved file: /media/rafael/DATA/Dropbox/20220924_FIML_solver/data/output/field_inversion/Beta_e/u_imp_10/FI_run_T31_GL_u_imp_10_k_imp_0_e_imp_1/FI_run_T31_GL_u_imp_10_k_imp_0_e_imp_1_state_iter_10000.dat
iter:  10100 (Jcost: 4.552913e-02) (lr = 1.614e-02) (elapsed time: 10347.859) (secs/iter:  1.009) (n_accepted: 79%) (u_error:  0.991614 %) (beta_change: 13.884762 %) (delta_change:  0.398969 %) (delta_peak/R:  4.336401 %)
iter:  10200 (Jcost: 4.552464e-02) (lr = 1.385e-02) (elapsed time: 10441.685) (secs/iter:  0.938) (n_accepted: 79%) (u_error:  0.991803 %) (beta_change: 14.103336 %) (delta_change:  0.402625 %) (delta_peak/R:  4.335855 %)
iter:  10300 (Jcost: 4.551946e-02) (lr = 1.644e-01) (elapsed time: 10525.842) (secs/iter:  0.842) (n_accepted: 82%) (u_error:  0.991242 %) (beta_change: 14.357907 %) (delta_change:  0.406799 %) (delta_peak/R:  4.335864 %)
iter:  10400 (Jcost: 4.551546e-02) (lr = 3.386e-01) (elapsed time: 10622.448) (secs/iter:  0.966) (n_accepted: 80%) (u_error:  0.991645 %) (beta_change: 14.554708 %) (delta_change:  0.410014 %) (delta_peak/R:  4.335187 %)
iter:  10500 (Jcost: 4.551044e-02) (lr = 5.046e-02) (elapsed time: 10724.330) (secs/iter:  1.019) (n_accepted: 77%) (u_error:  0.991812 %) (beta_change: 14.804467 %) (delta_change:  0.414032 %) (delta_peak/R:  4.334614 %)
-> Saved file: /media/rafael/DATA/Dropbox/20220924_FIML_solver/data/output/field_inversion/Beta_e/u_imp_10/FI_run_T31_GL_u_imp_10_k_imp_0_e_imp_1/FI_run_T31_GL_u_imp_10_k_imp_0_e_imp_1_state_iter_10500.dat
iter:  10600 (Jcost: 4.550628e-02) (lr = 1.805e-02) (elapsed time: 10833.208) (secs/iter:  1.089) (n_accepted: 78%) (u_error:  0.991325 %) (beta_change: 15.013363 %) (delta_change:  0.417323 %) (delta_peak/R:  4.334652 %)
iter:  10700 (Jcost: 4.550195e-02) (lr = 6.455e-03) (elapsed time: 10936.188) (secs/iter:  1.030) (n_accepted: 78%) (u_error:  0.991566 %) (beta_change: 15.231856 %) (delta_change:  0.420752 %) (delta_peak/R:  4.334079 %)
iter:  10800 (Jcost: 4.549726e-02) (lr = 3.192e-02) (elapsed time: 11032.372) (secs/iter:  0.962) (n_accepted: 81%) (u_error:  0.991021 %) (beta_change: 15.472688 %) (delta_change:  0.424451 %) (delta_peak/R:  4.334116 %)
iter:  10900 (Jcost: 4.549342e-02) (lr = 3.788e-01) (elapsed time: 11135.268) (secs/iter:  1.029) (n_accepted: 82%) (u_error:  0.991527 %) (beta_change: 15.667603 %) (delta_change:  0.427443 %) (delta_peak/R:  4.333372 %)
iter:  11000 (Jcost: 4.548929e-02) (lr = 1.355e-01) (elapsed time: 11235.356) (secs/iter:  1.001) (n_accepted: 78%) (u_error:  0.991510 %) (beta_change: 15.881477 %) (delta_change:  0.430666 %) (delta_peak/R:  4.333027 %)
-> Saved file: /media/rafael/DATA/Dropbox/20220924_FIML_solver/data/output/field_inversion/Beta_e/u_imp_10/FI_run_T31_GL_u_imp_10_k_imp_0_e_imp_1/FI_run_T31_GL_u_imp_10_k_imp_0_e_imp_1_state_iter_11000.dat
iter:  11100 (Jcost: 4.548518e-02) (lr = 2.019e-02) (elapsed time: 11346.152) (secs/iter:  1.108) (n_accepted: 77%) (u_error:  0.991411 %) (beta_change: 16.095231 %) (delta_change:  0.433845 %) (delta_peak/R:  4.332751 %)
iter:  11200 (Jcost: 4.548140e-02) (lr = 4.159e-02) (elapsed time: 11448.806) (secs/iter:  1.027) (n_accepted: 80%) (u_error:  0.990427 %) (beta_change: 16.301384 %) (delta_change:  0.436839 %) (delta_peak/R:  4.333216 %)
iter:  11300 (Jcost: 4.547885e-02) (lr = 1.488e-02) (elapsed time: 11546.767) (secs/iter:  0.980) (n_accepted: 78%) (u_error:  0.991470 %) (beta_change: 16.428334 %) (delta_change:  0.438726 %) (delta_peak/R:  4.332153 %)
iter:  11400 (Jcost: 4.547469e-02) (lr = 5.321e-03) (elapsed time: 11648.776) (secs/iter:  1.020) (n_accepted: 78%) (u_error:  0.991612 %) (beta_change: 16.649237 %) (delta_change:  0.441917 %) (delta_peak/R:  4.331675 %)
iter:  11500 (Jcost: 4.547058e-02) (lr = 6.314e-02) (elapsed time: 11749.049) (secs/iter:  1.003) (n_accepted: 82%) (u_error:  0.992534 %) (beta_change: 16.876808 %) (delta_change:  0.445190 %) (delta_peak/R:  4.330550 %)
-> Saved file: /media/rafael/DATA/Dropbox/20220924_FIML_solver/data/output/field_inversion/Beta_e/u_imp_10/FI_run_T31_GL_u_imp_10_k_imp_0_e_imp_1/FI_run_T31_GL_u_imp_10_k_imp_0_e_imp_1_state_iter_11500.dat
iter:  11600 (Jcost: 4.546687e-02) (lr = 3.122e-01) (elapsed time: 11835.996) (secs/iter:  0.869) (n_accepted: 81%) (u_error:  0.992855 %) (beta_change: 17.083146 %) (delta_change:  0.448102 %) (delta_peak/R:  4.329954 %)
iter:  11700 (Jcost: 4.546377e-02) (lr = 2.680e-01) (elapsed time: 11924.713) (secs/iter:  0.887) (n_accepted: 79%) (u_error:  0.991391 %) (beta_change: 17.237390 %) (delta_change:  0.450192 %) (delta_peak/R:  4.330906 %)
iter:  11800 (Jcost: 4.546035e-02) (lr = 9.584e-02) (elapsed time: 12025.075) (secs/iter:  1.004) (n_accepted: 78%) (u_error:  0.991261 %) (beta_change: 17.424260 %) (delta_change:  0.452761 %) (delta_peak/R:  4.330714 %)
iter:  11900 (Jcost: 4.545660e-02) (lr = 8.227e-02) (elapsed time: 12127.977) (secs/iter:  1.029) (n_accepted: 79%) (u_error:  0.991367 %) (beta_change: 17.630867 %) (delta_change:  0.455579 %) (delta_peak/R:  4.330298 %)
iter:  12000 (Jcost: 4.545324e-02) (lr = 1.226e-02) (elapsed time: 12233.055) (secs/iter:  1.051) (n_accepted: 77%) (u_error:  0.991385 %) (beta_change: 17.816885 %) (delta_change:  0.458084 %) (delta_peak/R:  4.329990 %)
-> Saved file: /media/rafael/DATA/Dropbox/20220924_FIML_solver/data/output/field_inversion/Beta_e/u_imp_10/FI_run_T31_GL_u_imp_10_k_imp_0_e_imp_1/FI_run_T31_GL_u_imp_10_k_imp_0_e_imp_1_state_iter_12000.dat
iter:  12100 (Jcost: 4.544886e-02) (lr = 8.380e-01) (elapsed time: 12333.012) (secs/iter:  1.000) (n_accepted: 84%) (u_error:  0.992431 %) (beta_change: 18.069678 %) (delta_change:  0.461485 %) (delta_peak/R:  4.328737 %)
iter:  12200 (Jcost: 4.544643e-02) (lr = 9.034e-03) (elapsed time: 12438.118) (secs/iter:  1.051) (n_accepted: 74%) (u_error:  0.991279 %) (beta_change: 18.197997 %) (delta_change:  0.463130 %) (delta_peak/R:  4.329480 %)
iter:  12300 (Jcost: 4.544377e-02) (lr = 2.573e-01) (elapsed time: 12538.296) (secs/iter:  1.002) (n_accepted: 83%) (u_error:  0.991538 %) (beta_change: 18.348819 %) (delta_change:  0.465107 %) (delta_peak/R:  4.329034 %)
iter:  12400 (Jcost: 4.544027e-02) (lr = 9.202e-02) (elapsed time: 12637.956) (secs/iter:  0.997) (n_accepted: 78%) (u_error:  0.991486 %) (beta_change: 18.547538 %) (delta_change:  0.467673 %) (delta_peak/R:  4.328769 %)
iter:  12500 (Jcost: 4.543710e-02) (lr = 3.291e-02) (elapsed time: 12741.485) (secs/iter:  1.035) (n_accepted: 78%) (u_error:  0.991962 %) (beta_change: 18.732273 %) (delta_change:  0.470051 %) (delta_peak/R:  4.328095 %)
-> Saved file: /media/rafael/DATA/Dropbox/20220924_FIML_solver/data/output/field_inversion/Beta_e/u_imp_10/FI_run_T31_GL_u_imp_10_k_imp_0_e_imp_1/FI_run_T31_GL_u_imp_10_k_imp_0_e_imp_1_state_iter_12500.dat
iter:  12600 (Jcost: 4.543447e-02) (lr = 2.825e-02) (elapsed time: 12843.126) (secs/iter:  1.016) (n_accepted: 79%) (u_error:  0.991302 %) (beta_change: 18.880985 %) (delta_change:  0.471909 %) (delta_peak/R:  4.328407 %)
iter:  12700 (Jcost: 4.543108e-02) (lr = 2.425e-02) (elapsed time: 12942.326) (secs/iter:  0.992) (n_accepted: 79%) (u_error:  0.991344 %) (beta_change: 19.077677 %) (delta_change:  0.474377 %) (delta_peak/R:  4.328073 %)
iter:  12800 (Jcost: 4.542783e-02) (lr = 2.082e-02) (elapsed time: 13032.158) (secs/iter:  0.898) (n_accepted: 79%) (u_error:  0.991344 %) (beta_change: 19.267348 %) (delta_change:  0.476729 %) (delta_peak/R:  4.327785 %)
iter:  12900 (Jcost: 4.542483e-02) (lr = 7.446e-03) (elapsed time: 13134.074) (secs/iter:  1.019) (n_accepted: 78%) (u_error:  0.991223 %) (beta_change: 19.443658 %) (delta_change:  0.478889 %) (delta_peak/R:  4.327618 %)
iter:  13000 (Jcost: 4.542036e-02) (lr = 5.089e-01) (elapsed time: 13218.961) (secs/iter:  0.849) (n_accepted: 84%) (u_error:  0.990681 %) (beta_change: 19.711098 %) (delta_change:  0.482115 %) (delta_peak/R:  4.327660 %)
-> Saved file: /media/rafael/DATA/Dropbox/20220924_FIML_solver/data/output/field_inversion/Beta_e/u_imp_10/FI_run_T31_GL_u_imp_10_k_imp_0_e_imp_1/FI_run_T31_GL_u_imp_10_k_imp_0_e_imp_1_state_iter_13000.dat
iter:  13100 (Jcost: 4.541782e-02) (lr = 1.820e-01) (elapsed time: 13326.575) (secs/iter:  1.076) (n_accepted: 78%) (u_error:  0.990958 %) (beta_change: 19.861273 %) (delta_change:  0.483925 %) (delta_peak/R:  4.327208 %)
iter:  13200 (Jcost: 4.541454e-02) (lr = 6.511e-02) (elapsed time: 13424.566) (secs/iter:  0.980) (n_accepted: 78%) (u_error:  0.991380 %) (beta_change: 20.058581 %) (delta_change:  0.486283 %) (delta_peak/R:  4.326569 %)
iter:  13300 (Jcost: 4.541147e-02) (lr = 2.329e-02) (elapsed time: 13525.226) (secs/iter:  1.007) (n_accepted: 78%) (u_error:  0.990962 %) (beta_change: 20.244506 %) (delta_change:  0.488453 %) (delta_peak/R:  4.326636 %)
iter:  13400 (Jcost: 4.540869e-02) (lr = 8.329e-03) (elapsed time: 13626.792) (secs/iter:  1.016) (n_accepted: 78%) (u_error:  0.991122 %) (beta_change: 20.414193 %) (delta_change:  0.490433 %) (delta_peak/R:  4.326254 %)
iter:  13500 (Jcost: 4.540575e-02) (lr = 4.118e-02) (elapsed time: 13726.170) (secs/iter:  0.994) (n_accepted: 81%) (u_error:  0.991468 %) (beta_change: 20.596195 %) (delta_change:  0.492544 %) (delta_peak/R:  4.325703 %)
-> Saved file: /media/rafael/DATA/Dropbox/20220924_FIML_solver/data/output/field_inversion/Beta_e/u_imp_10/FI_run_T31_GL_u_imp_10_k_imp_0_e_imp_1/FI_run_T31_GL_u_imp_10_k_imp_0_e_imp_1_state_iter_13500.dat
iter:  13600 (Jcost: 4.540337e-02) (lr = 3.535e-02) (elapsed time: 13831.953) (secs/iter:  1.058) (n_accepted: 79%) (u_error:  0.991044 %) (beta_change: 20.741819 %) (delta_change:  0.494193 %) (delta_peak/R:  4.325837 %)
iter:  13700 (Jcost: 4.540052e-02) (lr = 1.264e-02) (elapsed time: 13934.657) (secs/iter:  1.027) (n_accepted: 78%) (u_error:  0.991055 %) (beta_change: 20.919547 %) (delta_change:  0.496206 %) (delta_peak/R:  4.325569 %)
iter:  13800 (Jcost: 4.539770e-02) (lr = 1.500e-01) (elapsed time: 14033.909) (secs/iter:  0.993) (n_accepted: 82%) (u_error:  0.990415 %) (beta_change: 21.099098 %) (delta_change:  0.498198 %) (delta_peak/R:  4.325832 %)
iter:  13900 (Jcost: 4.539541e-02) (lr = 3.091e-01) (elapsed time: 14132.164) (secs/iter:  0.983) (n_accepted: 80%) (u_error:  0.991104 %) (beta_change: 21.240337 %) (delta_change:  0.499794 %) (delta_peak/R:  4.325063 %)
iter:  14000 (Jcost: 4.539284e-02) (lr = 4.606e-02) (elapsed time: 14233.368) (secs/iter:  1.012) (n_accepted: 77%) (u_error:  0.991098 %) (beta_change: 21.403537 %) (delta_change:  0.501596 %) (delta_peak/R:  4.324833 %)
-> Saved file: /media/rafael/DATA/Dropbox/20220924_FIML_solver/data/output/field_inversion/Beta_e/u_imp_10/FI_run_T31_GL_u_imp_10_k_imp_0_e_imp_1/FI_run_T31_GL_u_imp_10_k_imp_0_e_imp_1_state_iter_14000.dat
iter:  14100 (Jcost: 4.539013e-02) (lr = 6.864e-03) (elapsed time: 14338.730) (secs/iter:  1.054) (n_accepted: 77%) (u_error:  0.990969 %) (beta_change: 21.576151 %) (delta_change:  0.503480 %) (delta_peak/R:  4.324690 %)
iter:  14200 (Jcost: 4.538762e-02) (lr = 8.146e-02) (elapsed time: 14438.484) (secs/iter:  0.998) (n_accepted: 82%) (u_error:  0.989919 %) (beta_change: 21.746832 %) (delta_change:  0.505293 %) (delta_peak/R:  4.325305 %)
iter:  14300 (Jcost: 4.538534e-02) (lr = 4.028e-01) (elapsed time: 14535.965) (secs/iter:  0.975) (n_accepted: 81%) (u_error:  0.990962 %) (beta_change: 21.884707 %) (delta_change:  0.506814 %) (delta_peak/R:  4.324254 %)
iter:  14400 (Jcost: 4.538251e-02) (lr = 1.441e-01) (elapsed time: 14634.599) (secs/iter:  0.986) (n_accepted: 78%) (u_error:  0.990910 %) (beta_change: 22.068519 %) (delta_change:  0.508774 %) (delta_peak/R:  4.324035 %)
iter:  14500 (Jcost: 4.538061e-02) (lr = 2.968e-01) (elapsed time: 14737.081) (secs/iter:  1.025) (n_accepted: 80%) (u_error:  0.990811 %) (beta_change: 22.193288 %) (delta_change:  0.510091 %) (delta_peak/R:  4.323939 %)
-> Saved file: /media/rafael/DATA/Dropbox/20220924_FIML_solver/data/output/field_inversion/Beta_e/u_imp_10/FI_run_T31_GL_u_imp_10_k_imp_0_e_imp_1/FI_run_T31_GL_u_imp_10_k_imp_0_e_imp_1_state_iter_14500.dat
iter:  14600 (Jcost: 4.537797e-02) (lr = 1.061e-01) (elapsed time: 14835.513) (secs/iter:  0.984) (n_accepted: 78%) (u_error:  0.991184 %) (beta_change: 22.367800 %) (delta_change:  0.511939 %) (delta_peak/R:  4.323387 %)
iter:  14700 (Jcost: 4.537514e-02) (lr = 3.796e-02) (elapsed time: 14929.962) (secs/iter:  0.944) (n_accepted: 78%) (u_error:  0.990944 %) (beta_change: 22.554395 %) (delta_change:  0.513874 %) (delta_peak/R:  4.323320 %)
iter:  14800 (Jcost: 4.537210e-02) (lr = 5.658e-03) (elapsed time: 15029.670) (secs/iter:  0.997) (n_accepted: 77%) (u_error:  0.990858 %) (beta_change: 22.757866 %) (delta_change:  0.515970 %) (delta_peak/R:  4.323104 %)
iter:  14900 (Jcost: 4.536951e-02) (lr = 1.611e-01) (elapsed time: 15129.784) (secs/iter:  1.001) (n_accepted: 83%) (u_error:  0.991820 %) (beta_change: 22.939597 %) (delta_change:  0.517861 %) (delta_peak/R:  4.322063 %)
iter:  15000 (Jcost: 4.536775e-02) (lr = 5.763e-02) (elapsed time: 15211.623) (secs/iter:  0.818) (n_accepted: 78%) (u_error:  0.990798 %) (beta_change: 23.051242 %) (delta_change:  0.518957 %) (delta_peak/R:  4.322743 %)
-> Saved file: /media/rafael/DATA/Dropbox/20220924_FIML_solver/data/output/field_inversion/Beta_e/u_imp_10/FI_run_T31_GL_u_imp_10_k_imp_0_e_imp_1/FI_run_T31_GL_u_imp_10_k_imp_0_e_imp_1_state_iter_15000.dat
iter:  15000 (Jcost: 4.536773e-02) (lr = 6.916e-02) (elapsed time: 15214.552) (secs/iter:   None) (n_accepted: 0%) (u_error:  0.990852 %) (beta_change: 23.052225 %) (delta_change:  0.518969 %) (delta_peak/R:  4.322698 %)
