# ------------------------------------------------------------------------
#                  Input Arguments
# ------------------------------------------------------------------------
# Begin_Input_Arguments
{ 'all_b_mode': ['Beta_e'],
  'args_mk_solver': { 'torch': "<module 'torch' from "
                               "'/home/rafael/anaconda3/lib/python3.9/site-packages/torch/__init__.py'>",
                      'y_grid': [0.0, 0.000309700312, 0.000638645973, 0.00098802599, 0.00135910194, 0.00175321227, 0.00217177688, 0.00261630193, 0.00308838486, 0.00358971984, 0.00412210331, 0.00468744001, 0.00528774917, 0.00592517114, 0.00660197432, 0.0073205624, 0.00808348206, 0.00889343092, 0.00975326602, 0.0106660126, 0.0116348733, 0.0126632377, 0.0137546927, 0.0149130326, 0.0161422702, 0.0174466482, 0.0188306506, 0.0202990157, 0.0218567475, 0.02350913, 0.0252617393, 0.0271204584, 0.0290914903, 0.0311813732, 0.033396994, 0.0357456039, 0.0382348325, 0.0408727029, 0.0436676462, 0.0466285159, 0.0497646022, 0.0530856456, 0.0566018496, 0.0603238931, 0.0642629411, 0.068430655, 0.0728392004, 0.0775012535, 0.0824300053, 0.0876391634, 0.0931429507, 0.0989561006, 0.105093849, 0.111571922, 0.118406518, 0.125614286, 0.133212296, 0.141218006, 0.14964922, 0.158524039, 0.167860801, 0.177678022, 0.187994313, 0.1988283, 0.21019853, 0.222123362, 0.234620856, 0.247708641, 0.261403784, 0.275722637, 0.290680679, 0.306292354, 0.322570888, 0.339528108, 0.357174255, 0.375517785, 0.394565175, 0.414320726, 0.43478637, 0.45596148, 0.47784269, 0.500423731, 0.523695275, 0.547644806, 0.572256506, 0.597511177, 0.623386184, 0.649855436, 0.676889401, 0.704455158, 0.73251649, 0.761034018, 0.789965372, 0.819265404, 0.848886442, 0.878778572, 0.908889961, 0.939167201, 0.969555687, 1.0],
                      'Ret': 395,
                      'cp': 1.0,
                      'A_sca_rho': 1.0,
                      'A_sca_mu': 0.002531645569620253,
                      'A_sca_k': 0.002531645569620253,
                      'b_exp_rho': -1,
                      'b_exp_mu': -1,
                      'b_exp_k': 0,
                      'tensor_device': 'cpu',
                      'as_tensor': '<function '
                                   'Build_arguments_fi_run._mk_args_MK_solver.<locals>.<lambda> '
                                   'at 0x7f0f67a9c700>',
                      'ref_dns': { 'u_dns': [1.6604070449747038e-18, 0.1205884801203193, 0.2499251942501797, 0.38861246425692714, 0.537277594248109, 0.6965689068607801, 0.8671500803901598, 1.0496923160379636, 1.2448637838289556, 1.4533539816135914, 1.6760104340391078, 1.9137621658553203, 2.1675817616461024, 2.4384245502204136, 2.7270336376081015, 3.034010610343146, 3.359809719612268, 3.704686759507428, 4.06862878142968, 4.451293657858674, 4.852056381085009, 5.269843365917133, 5.703124200245736, 6.149902249470621, 6.607646413651003, 7.073710781337608, 7.545052286779787, 8.018748334933674, 8.491595461327009, 8.960173816766515, 9.421316830014142, 9.872563317159965, 10.312044550119925, 10.737792747178965, 11.147231079447167, 11.54012267473159, 11.916097505254822, 12.274070509151048, 12.614904998269864, 12.938555750671165, 13.245529317765946, 13.536146721332239, 13.812055554148998, 14.073809515779594, 14.322307343368884, 14.55910127545769, 14.784692213466663, 15.000217794939195, 15.208368237063086, 15.408284438057406, 15.60282341282726, 15.792203508355703, 15.975944821298533, 16.15811186467416, 16.336200201770296, 16.51214211204953, 16.687879094209386, 16.862675820087627, 17.037638233565474, 17.213934937197077, 17.39103104332804, 17.569002685686254, 17.748725069177553, 17.93099067052162, 18.11355269802341, 18.297922379129588, 18.484240763876016, 18.672207222222532, 18.861521078261674, 19.052598216706475, 19.24639097159079, 19.44164393032794, 19.639826777990137, 19.83873716309565, 20.039954516629322, 20.241596869747948, 20.442772546909875, 20.64426594822684, 20.844746153382896, 21.042654650619212, 21.238668099133147, 21.43458217352778, 21.629579149039756, 21.82303530690872, 22.014895449627094, 22.204397936215823, 22.388621693507694, 22.56866784486775, 22.742961735273173, 22.911388111894674, 23.07261272715548, 23.222952067516374, 23.361961583434404, 23.486856265297515, 23.596488503006956, 23.6899302964938, 23.76562319087924, 23.82041209075398, 23.853919833758464, 23.865306437535928],
                                   'T_dns': [1.0, 1.0048736149223167, 1.010072583108913, 1.0156156354327224, 1.0215216234940627, 1.027809226260638, 1.034496568092096, 1.0416007260886406, 1.0491371009857058, 1.0571205049703423, 1.0655717815815196, 1.074513933278667, 1.0839701576933294, 1.0939623503314602, 1.104506644308671, 1.1156147373479344, 1.1272937578400295, 1.1395471367311638, 1.1523726734201931, 1.165758477864684, 1.1796743104066452, 1.1940708866471523, 1.2089019272120733, 1.2241410937974821, 1.2397390791648337, 1.2555749791073278, 1.2715169540638522, 1.2875344452658517, 1.3036006865504184, 1.3196111051358241, 1.3354494256749798, 1.3510133053239324, 1.366241095977303, 1.3811103570598133, 1.395611755672266, 1.4096028918009638, 1.4230768240824223, 1.4361366174410695, 1.4486238347845048, 1.460663030991802, 1.4721556901593804, 1.4832094058761813, 1.4937463808777918, 1.5038920661786062, 1.5136283650658429, 1.5229869799876847, 1.5319684484544382, 1.540671002797314, 1.5490953760699808, 1.5572914474420847, 1.5652685923808103, 1.573050134207229, 1.5805643779333212, 1.5880594514417945, 1.595324265286125, 1.602502871526733, 1.609664291303291, 1.616665003918673, 1.6236062804791405, 1.630583760273602, 1.6374480035760504, 1.6443120307284957, 1.6510796891543649, 1.6579624112264426, 1.6647454933458297, 1.6715064903756534, 1.6783385125870478, 1.6850455293387794, 1.6917781997057755, 1.6985062149789518, 1.705196006051974, 1.711999151883593, 1.7187589682390154, 1.7255462606715113, 1.73226664200027, 1.7390211879144033, 1.745795735257988, 1.7524722661256351, 1.7590925851482293, 1.7657587501150056, 1.7722477173491629, 1.77868831363835, 1.7849658543989189, 1.79118266605529, 1.7972220120513203, 1.803120611872639, 1.8087591241429968, 1.8142735176131068, 1.819502260248617, 1.8245817075682653, 1.8292785708467174, 1.8336641090351349, 1.8376499510398334, 1.8412117739112592, 1.844313745972757, 1.8468498334324928, 1.8487898384413675, 1.8502506833170884, 1.8510974303734569, 1.8513968726110601],
                                   'mu_dns': [0.002531645569620253, 0.002519367144310945, 0.0025063996508330865, 0.0024927201603602697, 0.002478308350400737, 0.002463147347714374, 0.0024472247155825017, 0.0024305336067947493, 0.0024130741037007193, 0.00239485049974627, 0.0023758564306787383, 0.0023560844501061395, 0.002335530689338859, 0.0023141980789861635, 0.0022921053328790538, 0.0022692830104042378, 0.0022457727207423344, 0.002221624264602497, 0.0021968983020973906, 0.0021716724499035688, 0.002146054675673636, 0.002120180299118501, 0.002094169520813524, 0.002068099488243371, 0.002042079347313734, 0.00201632368575883, 0.0019910435024314437, 0.0019662740510973404, 0.001942040684497859, 0.001918478527323152, 0.0018957255295090466, 0.00187388648183094, 0.001853000599289769, 0.0018330508903066697, 0.0018140041880062552, 0.001795999131631834, 0.0017789943078109073, 0.0017628166699984146, 0.0017476210930885705, 0.0017332167076900998, 0.0017196860267857735, 0.0017068699534876033, 0.0016948295922447998, 0.0016833957878727105, 0.0016725674730006309, 0.0016622896997062475, 0.0016525441970912404, 0.001643209721623682, 0.0016342735306866512, 0.001625672300312562, 0.001617387317386571, 0.0016093864490187581, 0.0016017351807779735, 0.0015941755627106905, 0.0015869159798470168, 0.0015798071969807513, 0.0015727786118498442, 0.0015659679423280252, 0.001559273082432979, 0.001552600750295378, 0.0015460921898535706, 0.0015396381722626168, 0.0015333273047025905, 0.0015269619820557465, 0.0015207403051935074, 0.0015145891351288098, 0.0015084236884476236, 0.00150241968275699, 0.001496440591361529, 0.0014905129856422844, 0.0014846654347272083, 0.0014787656680991111, 0.0014729497366428842, 0.0014671560115896525, 0.0014614641350461674, 0.0014557876506705702, 0.0014501384775385162, 0.0014446137713877859, 0.0014391769887466869, 0.001433743748660662, 0.0014284941912110112, 0.0014233216411264945, 0.0014183159657543006, 0.001413393294607791, 0.0014086437583360522, 0.0014040356218827765, 0.0013996587692790578, 0.0013954045765662362, 0.0013913945725323412, 0.001387521073525579, 0.0013839584686374101, 0.0013806484825360915, 0.001377653871559011, 0.0013749888011210768, 0.0013726761919702402, 0.0013707912380266577, 0.001369352815003879, 0.0013682716576986073, 0.0013676457695203522, 0.0013674245684826211],
                                   'rho_dns': [1.0, 0.9951500220028232, 0.9900278620790691, 0.9846244633423066, 0.978931798408291, 0.9729432023471777, 0.9666537626550881, 0.9600607746839259, 0.9531642709617841, 0.9459659473997766, 0.9384632901181016, 0.930653357791925, 0.9225346222888493, 0.9141082411995345, 0.9053816064872262, 0.8963667891096738, 0.887080224693222, 0.8775415845179864, 0.8677748293284693, 0.8578106177119096, 0.8476915968910862, 0.8374712181518079, 0.827196960721342, 0.8168992978561315, 0.8066213421889249, 0.7964478558747378, 0.7864621834604202, 0.7766782501834495, 0.7671060703766542, 0.7577990182926451, 0.7488115841560734, 0.7401851603232212, 0.7319352367194587, 0.7240551016711345, 0.7165316542624708, 0.7094196569945744, 0.7027027515853084, 0.6963125846493737, 0.6903103317699854, 0.6846205995375894, 0.6792759805803805, 0.6742136316276033, 0.6694576889366959, 0.6649413362097206, 0.6606641518352492, 0.6566044313839677, 0.65275495785104, 0.6490678400413543, 0.6455380446212272, 0.642140558623462, 0.6388679903676956, 0.6357076473624095, 0.6326853964072995, 0.6296993472707227, 0.6268318120395716, 0.6240238428073968, 0.6212475516806885, 0.61855733721957, 0.6159128675610267, 0.6132772963666743, 0.6107064149921604, 0.6081570780437336, 0.6056642853575233, 0.6031499829120198, 0.6006924205514355, 0.5982627083758799, 0.5958273569368113, 0.593455774689011, 0.5910940335878039, 0.5887526293287023, 0.5864428467172472, 0.5841124388991489, 0.5818151459739392, 0.5795266245779127, 0.5772783333432361, 0.5750361220148752, 0.5728046986277139, 0.5706224396981754, 0.5684749105549413, 0.5663287807209615, 0.5642552055283494, 0.5622120482449653, 0.5602348064729488, 0.5582903513700774, 0.5564142845427406, 0.5545940706436967, 0.5528652138652278, 0.5511848077436633, 0.5496008561502748, 0.5480708240426037, 0.546663595111777, 0.5453561506017561, 0.5441732792658093, 0.5431205764428253, 0.5422070958282449, 0.5414625390205298, 0.5408943619265322, 0.5404673047909498, 0.5402200789605391, 0.5401327045506353]},
                      'case': 'T31_Cv',
                      'constant_Sq_heat': 0.04050632911392405,
                      'use_visc_heating': False,
                      'Pr_turb': 1.0,
                      'fprint': '<function '
                                'Build_arguments_fi_run._mk_args_MK_solver.<locals>.<lambda> '
                                'at 0x7f0f67a9c550>',
                      'compressible_correction': False,
                      'bool_solve_energy': False,
                      'output_last': False},
  'u_imp': 0.1,
  'k_imp': 0,
  'e_imp': 1,
  'solve_sparse_adj': True,
  'all_ref_beta_distrib': {'K': [1.0, 1.0, 1.0, 1.0, 1.0, 1.0, 1.0, 1.0, 1.0, 1.0, 1.0, 1.0, 1.0, 1.0, 1.0, 1.0, 1.0, 1.0, 1.0, 1.0, 1.0, 1.0, 1.0, 1.0, 1.0, 1.0, 1.0, 1.0, 1.0, 1.0, 1.0, 1.0, 1.0, 1.0, 1.0, 1.0, 1.0, 1.0, 1.0, 1.0, 1.0, 1.0, 1.0, 1.0, 1.0, 1.0, 1.0, 1.0, 1.0, 1.0, 1.0, 1.0, 1.0, 1.0, 1.0, 1.0, 1.0, 1.0, 1.0, 1.0, 1.0, 1.0, 1.0, 1.0, 1.0, 1.0, 1.0, 1.0, 1.0, 1.0, 1.0, 1.0, 1.0, 1.0, 1.0, 1.0, 1.0, 1.0, 1.0, 1.0, 1.0, 1.0, 1.0, 1.0, 1.0, 1.0, 1.0, 1.0, 1.0, 1.0, 1.0, 1.0, 1.0, 1.0, 1.0, 1.0, 1.0, 1.0, 1.0, 1.0], 'E': [1.0, 0.9999842, 0.99997373, 0.9999611, 0.99994538, 0.99992634, 0.99990338, 0.99987565, 0.9998422, 0.9998019, 0.99975356, 0.99969608, 0.99962879, 0.99955076, 0.99946, 0.99935856, 0.99925149, 0.99914184, 0.9990284, 0.9988976, 0.99872371, 0.99849775, 0.99822293, 0.99791224, 0.99754049, 0.99708651, 0.99652596, 0.99587082, 0.99511319, 0.99423685, 0.99325997, 0.99213491, 0.9908693, 0.98943695, 0.98782664, 0.98604233, 0.98395525, 0.98173857, 0.97925404, 0.97658744, 0.97344767, 0.97022575, 0.96668263, 0.96286291, 0.95890283, 0.9544203, 0.9494828, 0.94478957, 0.94010522, 0.93472888, 0.92887027, 0.92342029, 0.91886229, 0.91482291, 0.91059797, 0.90575332, 0.90047783, 0.89550955, 0.89176223, 0.89002425, 0.8907772, 0.89407209, 0.89963633, 0.90693773, 0.91536324, 0.92427699, 0.93311821, 0.94144631, 0.94893668, 0.95539078, 0.96071414, 0.96489455, 0.96798565, 0.97008338, 0.97131299, 0.9718155, 0.97173868, 0.97123048, 0.97043449, 0.96948645, 0.96851259, 0.96762855, 0.96693729, 0.96652443, 0.96645579, 0.96677351, 0.96749512, 0.96861189, 0.97009142, 0.97187613, 0.97388962, 0.97603734, 0.97821783, 0.98032969, 0.98228091, 0.9839953, 0.98541048, 0.98647166, 0.98713554, 0.99368346]},
  'all_ref_delta_distrib': {'K': [-0.0, -0.0, -0.0, -0.0, -0.0, -0.0, -0.0, -0.0, -0.0, -0.0, -0.0, -0.0, -0.0, -0.0, -0.0, -0.0, -0.0, -0.0, -0.0, -0.0, -0.0, -0.0, -0.0, -0.0, -0.0, -0.0, -0.0, -0.0, -0.0, -0.0, -0.0, -0.0, -0.0, -0.0, -0.0, -0.0, -0.0, -0.0, -0.0, -0.0, -0.0, -0.0, -0.0, -0.0, -0.0, -0.0, -0.0, -0.0, -0.0, -0.0, -0.0, -0.0, -0.0, -0.0, -0.0, -0.0, -0.0, -0.0, -0.0, -0.0, -0.0, -0.0, -0.0, -0.0, -0.0, -0.0, -0.0, -0.0, -0.0, -0.0, -0.0, -0.0, -0.0, -0.0, -0.0, -0.0, -0.0, -0.0, -0.0, -0.0, -0.0, -0.0, -0.0, -0.0, -0.0, -0.0, -0.0, -0.0, -0.0, -0.0, -0.0, -0.0, -0.0, -0.0, -0.0, -0.0, -0.0, -0.0, -0.0, -0.0], 'E': [-0.0, 0.018499160408425298, 0.04082261577628097, 0.06746861475038195, 0.10026049762566967, 0.13996064194879482, 0.18810044810226104, 0.24692075638951191, 0.31917720416650625, 0.4084179284855738, 0.5189156210100466, 0.6556019613148781, 0.8237226428749387, 1.0310980125823805, 1.291740345313782, 1.616541660177288, 2.0165702663350076, 2.5118984001302773, 3.1213386855037424, 3.8628099953623978, 4.768976183965046, 5.851441282307972, 7.126357955416039, 8.547741730709475, 10.1838807645576, 12.068406990049436, 14.228868017459552, 16.524258116191636, 18.886716964416777, 21.27828946154731, 23.53983598384727, 25.759568509443323, 27.834376706513133, 29.782340755136758, 31.578193176441903, 33.17219670759201, 34.82090777591162, 36.095630291420925, 37.27939270052853, 38.19607633196221, 39.29772469571914, 39.95811684319967, 40.54203901588874, 40.97913904386519, 41.13643600039315, 41.40369544958964, 41.66661055483981, 41.367854478946256, 40.78830284173481, 40.41646261458575, 40.0614483449777, 39.23862046973189, 37.82645176121837, 36.1240240238505, 34.486896980603, 33.054897584188055, 31.71580986987373, 30.232342410509197, 28.400154217207376, 26.13087611089358, 23.46407385782149, 20.53840662459189, 17.532496728859694, 14.620618266687922, 11.939995410602837, 9.57894381105275, 7.577146312709275, 5.935739279929069, 4.6283373051927335, 3.6132725619439516, 2.842591666047108, 2.268329235922952, 1.846913198825798, 1.5405932369439848, 1.3183906036571085, 1.155573560923107, 1.0332251845988798, 0.9373143756517094, 0.8576548872016811, 0.7871772837190788, 0.7213785733165332, 0.657417261908838, 0.5939236343663846, 0.5304921314924064, 0.4675155301213431, 0.4058202387292324, 0.3465119919963484, 0.29070494541964964, 0.2394612316801819, 0.19360437486288004, 0.15370991533900422, 0.12001289763682836, 0.09242830753533134, 0.07057696944637604, 0.05385792466912257, 0.04154396313962279, 0.032890032864007046, 0.027231484484496006, 0.02404636691864914, 0.011504050373893907]},
  'fname_print': '/media/rafael/DATA/Dropbox/20220924_FIML_solver/data/output/field_inversion/Beta_e/u_imp_0.1/FI_run_T31_Cv_u_imp_0.1_k_imp_0_e_imp_1/FI_run_T31_Cv_u_imp_0.1_k_imp_0_e_imp_1.log',
  'folder': '/media/rafael/DATA/Dropbox/20220924_FIML_solver/data/output/field_inversion/Beta_e/u_imp_0.1/FI_run_T31_Cv_u_imp_0.1_k_imp_0_e_imp_1',
  'iters_limit': 15000}
# End_Input_Arguments

# ------------------------------------------------------------------------
#                  Iterations
# ------------------------------------------------------------------------

iter:      0 (Jcost: 2.144690e-02) (lr = 1.000e-03) (elapsed time:  0.001) (secs/iter:   None) (n_accepted: 0%) (u_error:  7.736681 %) (beta_change: 10.997575 %) (delta_change:  0.745845 %) (delta_peak/R:  0.000000 %)
-> Saved file: /media/rafael/DATA/Dropbox/20220924_FIML_solver/data/output/field_inversion/Beta_e/u_imp_0.1/FI_run_T31_Cv_u_imp_0.1_k_imp_0_e_imp_1/FI_run_T31_Cv_u_imp_0.1_k_imp_0_e_imp_1_state_iter_0.dat
iter:    100 (Jcost: 4.156392e-03) (lr = 4.535e+00) (elapsed time: 135.066) (secs/iter:  1.351) (n_accepted: 89%) (u_error:  3.971921 %) (beta_change:  1.600275 %) (delta_change:  0.045430 %) (delta_peak/R:  0.724153 %)
iter:    200 (Jcost: 4.151166e-03) (lr = 3.893e+00) (elapsed time: 246.312) (secs/iter:  1.112) (n_accepted: 79%) (u_error:  3.978983 %) (beta_change:  0.826147 %) (delta_change:  0.035449 %) (delta_peak/R:  0.719540 %)
iter:    300 (Jcost: 4.147907e-03) (lr = 1.392e+00) (elapsed time: 342.467) (secs/iter:  0.962) (n_accepted: 78%) (u_error:  3.974747 %) (beta_change:  0.729268 %) (delta_change:  0.035015 %) (delta_peak/R:  0.718430 %)
iter:    400 (Jcost: 4.145428e-03) (lr = 1.195e+00) (elapsed time: 453.383) (secs/iter:  1.109) (n_accepted: 79%) (u_error:  3.973973 %) (beta_change:  1.076501 %) (delta_change:  0.035514 %) (delta_peak/R:  0.717880 %)
iter:    500 (Jcost: 4.143341e-03) (lr = 5.910e+00) (elapsed time: 564.987) (secs/iter:  1.116) (n_accepted: 81%) (u_error:  3.975868 %) (beta_change:  1.353519 %) (delta_change:  0.037702 %) (delta_peak/R:  0.717367 %)
-> Saved file: /media/rafael/DATA/Dropbox/20220924_FIML_solver/data/output/field_inversion/Beta_e/u_imp_0.1/FI_run_T31_Cv_u_imp_0.1_k_imp_0_e_imp_1/FI_run_T31_Cv_u_imp_0.1_k_imp_0_e_imp_1_state_iter_500.dat
iter:    600 (Jcost: 4.141484e-03) (lr = 5.073e+00) (elapsed time: 681.132) (secs/iter:  1.161) (n_accepted: 79%) (u_error:  3.973930 %) (beta_change:  1.821540 %) (delta_change:  0.043052 %) (delta_peak/R:  0.717458 %)
iter:    700 (Jcost: 4.139931e-03) (lr = 1.045e+01) (elapsed time: 791.675) (secs/iter:  1.105) (n_accepted: 80%) (u_error:  3.973466 %) (beta_change:  2.336393 %) (delta_change:  0.047241 %) (delta_peak/R:  0.717436 %)
iter:    800 (Jcost: 4.138532e-03) (lr = 8.971e+00) (elapsed time: 897.847) (secs/iter:  1.062) (n_accepted: 79%) (u_error:  3.972857 %) (beta_change:  2.828720 %) (delta_change:  0.050736 %) (delta_peak/R:  0.717452 %)
iter:    900 (Jcost: 4.137225e-03) (lr = 7.701e+00) (elapsed time: 1001.952) (secs/iter:  1.041) (n_accepted: 79%) (u_error:  3.972096 %) (beta_change:  3.313163 %) (delta_change:  0.053746 %) (delta_peak/R:  0.717490 %)
iter:   1000 (Jcost: 4.136034e-03) (lr = 6.611e+00) (elapsed time: 1110.173) (secs/iter:  1.082) (n_accepted: 79%) (u_error:  3.969879 %) (beta_change:  3.781569 %) (delta_change:  0.056366 %) (delta_peak/R:  0.717702 %)
-> Saved file: /media/rafael/DATA/Dropbox/20220924_FIML_solver/data/output/field_inversion/Beta_e/u_imp_0.1/FI_run_T31_Cv_u_imp_0.1_k_imp_0_e_imp_1/FI_run_T31_Cv_u_imp_0.1_k_imp_0_e_imp_1_state_iter_1000.dat
iter:   1100 (Jcost: 4.135025e-03) (lr = 9.852e-01) (elapsed time: 1220.505) (secs/iter:  1.103) (n_accepted: 77%) (u_error:  3.970410 %) (beta_change:  4.184288 %) (delta_change:  0.058382 %) (delta_peak/R:  0.717579 %)
iter:   1200 (Jcost: 4.133942e-03) (lr = 4.871e+00) (elapsed time: 1318.846) (secs/iter:  0.983) (n_accepted: 81%) (u_error:  3.969455 %) (beta_change:  4.639607 %) (delta_change:  0.060512 %) (delta_peak/R:  0.717619 %)
iter:   1300 (Jcost: 4.132995e-03) (lr = 7.259e-01) (elapsed time: 1421.651) (secs/iter:  1.028) (n_accepted: 77%) (u_error:  3.970012 %) (beta_change:  5.051692 %) (delta_change:  0.062282 %) (delta_peak/R:  0.717470 %)
iter:   1400 (Jcost: 4.132160e-03) (lr = 8.614e+00) (elapsed time: 1523.412) (secs/iter:  1.018) (n_accepted: 82%) (u_error:  3.968797 %) (beta_change:  5.424080 %) (delta_change:  0.063817 %) (delta_peak/R:  0.717535 %)
iter:   1500 (Jcost: 4.131354e-03) (lr = 7.394e+00) (elapsed time: 1633.051) (secs/iter:  1.096) (n_accepted: 79%) (u_error:  3.965942 %) (beta_change:  5.808763 %) (delta_change:  0.065347 %) (delta_peak/R:  0.717786 %)
-> Saved file: /media/rafael/DATA/Dropbox/20220924_FIML_solver/data/output/field_inversion/Beta_e/u_imp_0.1/FI_run_T31_Cv_u_imp_0.1_k_imp_0_e_imp_1/FI_run_T31_Cv_u_imp_0.1_k_imp_0_e_imp_1_state_iter_1500.dat
iter:   1600 (Jcost: 4.130643e-03) (lr = 2.645e+00) (elapsed time: 1745.680) (secs/iter:  1.126) (n_accepted: 78%) (u_error:  3.967291 %) (beta_change:  6.142864 %) (delta_change:  0.066497 %) (delta_peak/R:  0.717533 %)
iter:   1700 (Jcost: 4.129959e-03) (lr = 2.270e+00) (elapsed time: 1849.259) (secs/iter:  1.036) (n_accepted: 79%) (u_error:  3.967184 %) (beta_change:  6.485972 %) (delta_change:  0.067645 %) (delta_peak/R:  0.717448 %)
iter:   1800 (Jcost: 4.129228e-03) (lr = 1.949e+00) (elapsed time: 1956.002) (secs/iter:  1.067) (n_accepted: 79%) (u_error:  3.967536 %) (beta_change:  6.865062 %) (delta_change:  0.068841 %) (delta_peak/R:  0.717287 %)
iter:   1900 (Jcost: 4.128634e-03) (lr = 1.673e+00) (elapsed time: 2055.179) (secs/iter:  0.992) (n_accepted: 79%) (u_error:  3.965237 %) (beta_change:  7.178838 %) (delta_change:  0.069827 %) (delta_peak/R:  0.717464 %)
iter:   2000 (Jcost: 4.128069e-03) (lr = 3.446e+00) (elapsed time: 2156.852) (secs/iter:  1.017) (n_accepted: 80%) (u_error:  3.965165 %) (beta_change:  7.478709 %) (delta_change:  0.070692 %) (delta_peak/R:  0.717367 %)
-> Saved file: /media/rafael/DATA/Dropbox/20220924_FIML_solver/data/output/field_inversion/Beta_e/u_imp_0.1/FI_run_T31_Cv_u_imp_0.1_k_imp_0_e_imp_1/FI_run_T31_Cv_u_imp_0.1_k_imp_0_e_imp_1_state_iter_2000.dat
iter:   2100 (Jcost: 4.127550e-03) (lr = 2.958e+00) (elapsed time: 2273.303) (secs/iter:  1.165) (n_accepted: 79%) (u_error:  3.965373 %) (beta_change:  7.759100 %) (delta_change:  0.071460 %) (delta_peak/R:  0.717239 %)
iter:   2200 (Jcost: 4.127044e-03) (lr = 6.094e+00) (elapsed time: 2373.578) (secs/iter:  1.003) (n_accepted: 80%) (u_error:  3.965145 %) (beta_change:  8.058035 %) (delta_change:  0.072197 %) (delta_peak/R:  0.717160 %)
iter:   2300 (Jcost: 4.126551e-03) (lr = 9.082e-01) (elapsed time: 2474.660) (secs/iter:  1.011) (n_accepted: 77%) (u_error:  3.964720 %) (beta_change:  8.354757 %) (delta_change:  0.072896 %) (delta_peak/R:  0.717101 %)
iter:   2400 (Jcost: 4.126032e-03) (lr = 1.078e+01) (elapsed time: 2568.211) (secs/iter:  0.936) (n_accepted: 82%) (u_error:  3.963716 %) (beta_change:  8.673466 %) (delta_change:  0.073618 %) (delta_peak/R:  0.717102 %)
iter:   2500 (Jcost: 4.125597e-03) (lr = 1.606e+00) (elapsed time: 2658.764) (secs/iter:  0.906) (n_accepted: 77%) (u_error:  3.963257 %) (beta_change:  8.949607 %) (delta_change:  0.074193 %) (delta_peak/R:  0.717051 %)
-> Saved file: /media/rafael/DATA/Dropbox/20220924_FIML_solver/data/output/field_inversion/Beta_e/u_imp_0.1/FI_run_T31_Cv_u_imp_0.1_k_imp_0_e_imp_1/FI_run_T31_Cv_u_imp_0.1_k_imp_0_e_imp_1_state_iter_2500.dat
iter:   2600 (Jcost: 4.125181e-03) (lr = 7.941e+00) (elapsed time: 2744.118) (secs/iter:  0.854) (n_accepted: 81%) (u_error:  3.963796 %) (beta_change:  9.231730 %) (delta_change:  0.074697 %) (delta_peak/R:  0.716881 %)
iter:   2700 (Jcost: 4.124811e-03) (lr = 2.840e+00) (elapsed time: 2844.356) (secs/iter:  1.002) (n_accepted: 78%) (u_error:  3.963591 %) (beta_change:  9.489497 %) (delta_change:  0.075145 %) (delta_peak/R:  0.716810 %)
iter:   2800 (Jcost: 4.124415e-03) (lr = 1.016e+00) (elapsed time: 2947.899) (secs/iter:  1.035) (n_accepted: 78%) (u_error:  3.962083 %) (beta_change:  9.787612 %) (delta_change:  0.075642 %) (delta_peak/R:  0.716884 %)
iter:   2900 (Jcost: 4.124023e-03) (lr = 2.093e+00) (elapsed time: 3049.963) (secs/iter:  1.021) (n_accepted: 80%) (u_error:  3.963588 %) (beta_change: 10.091366 %) (delta_change:  0.076039 %) (delta_peak/R:  0.716595 %)
iter:   3000 (Jcost: 4.123679e-03) (lr = 4.312e+00) (elapsed time: 3151.092) (secs/iter:  1.011) (n_accepted: 80%) (u_error:  3.962791 %) (beta_change: 10.367722 %) (delta_change:  0.076461 %) (delta_peak/R:  0.716596 %)
-> Saved file: /media/rafael/DATA/Dropbox/20220924_FIML_solver/data/output/field_inversion/Beta_e/u_imp_0.1/FI_run_T31_Cv_u_imp_0.1_k_imp_0_e_imp_1/FI_run_T31_Cv_u_imp_0.1_k_imp_0_e_imp_1_state_iter_3000.dat
iter:   3100 (Jcost: 4.123298e-03) (lr = 8.883e+00) (elapsed time: 3271.310) (secs/iter:  1.202) (n_accepted: 80%) (u_error:  3.962383 %) (beta_change: 10.704973 %) (delta_change:  0.076964 %) (delta_peak/R:  0.716536 %)
iter:   3200 (Jcost: 4.122947e-03) (lr = 1.324e+00) (elapsed time: 3375.043) (secs/iter:  1.037) (n_accepted: 77%) (u_error:  3.962803 %) (beta_change: 11.028654 %) (delta_change:  0.077398 %) (delta_peak/R:  0.716382 %)
iter:   3300 (Jcost: 4.122617e-03) (lr = 2.727e+00) (elapsed time: 3476.835) (secs/iter:  1.018) (n_accepted: 80%) (u_error:  3.962212 %) (beta_change: 11.335970 %) (delta_change:  0.077800 %) (delta_peak/R:  0.716356 %)
iter:   3400 (Jcost: 4.122205e-03) (lr = 5.618e+00) (elapsed time: 3571.149) (secs/iter:  0.943) (n_accepted: 80%) (u_error:  3.961448 %) (beta_change: 11.762251 %) (delta_change:  0.078282 %) (delta_peak/R:  0.716325 %)
iter:   3500 (Jcost: 4.121879e-03) (lr = 4.823e+00) (elapsed time: 3679.209) (secs/iter:  1.081) (n_accepted: 79%) (u_error:  3.962071 %) (beta_change: 12.108196 %) (delta_change:  0.078625 %) (delta_peak/R:  0.716149 %)
-> Saved file: /media/rafael/DATA/Dropbox/20220924_FIML_solver/data/output/field_inversion/Beta_e/u_imp_0.1/FI_run_T31_Cv_u_imp_0.1_k_imp_0_e_imp_1/FI_run_T31_Cv_u_imp_0.1_k_imp_0_e_imp_1_state_iter_3500.dat
iter:   3600 (Jcost: 4.121578e-03) (lr = 1.725e+00) (elapsed time: 3788.553) (secs/iter:  1.093) (n_accepted: 78%) (u_error:  3.961416 %) (beta_change: 12.432026 %) (delta_change:  0.078944 %) (delta_peak/R:  0.716136 %)
iter:   3700 (Jcost: 4.121257e-03) (lr = 1.481e+00) (elapsed time: 3885.754) (secs/iter:  0.972) (n_accepted: 79%) (u_error:  3.961346 %) (beta_change: 12.792808 %) (delta_change:  0.079262 %) (delta_peak/R:  0.716045 %)
iter:   3800 (Jcost: 4.120970e-03) (lr = 1.271e+00) (elapsed time: 3988.576) (secs/iter:  1.028) (n_accepted: 79%) (u_error:  3.961116 %) (beta_change: 13.133381 %) (delta_change:  0.079533 %) (delta_peak/R:  0.715984 %)
iter:   3900 (Jcost: 4.120615e-03) (lr = 2.618e+00) (elapsed time: 4083.310) (secs/iter:  0.947) (n_accepted: 80%) (u_error:  3.960620 %) (beta_change: 13.564663 %) (delta_change:  0.079857 %) (delta_peak/R:  0.715932 %)
iter:   4000 (Jcost: 4.120286e-03) (lr = 2.248e+00) (elapsed time: 4182.960) (secs/iter:  0.996) (n_accepted: 79%) (u_error:  3.960292 %) (beta_change: 13.972140 %) (delta_change:  0.080139 %) (delta_peak/R:  0.715868 %)
-> Saved file: /media/rafael/DATA/Dropbox/20220924_FIML_solver/data/output/field_inversion/Beta_e/u_imp_0.1/FI_run_T31_Cv_u_imp_0.1_k_imp_0_e_imp_1/FI_run_T31_Cv_u_imp_0.1_k_imp_0_e_imp_1_state_iter_4000.dat
iter:   4100 (Jcost: 4.119984e-03) (lr = 8.039e-01) (elapsed time: 4287.840) (secs/iter:  1.049) (n_accepted: 78%) (u_error:  3.961016 %) (beta_change: 14.351856 %) (delta_change:  0.080369 %) (delta_peak/R:  0.715684 %)
iter:   4200 (Jcost: 4.119682e-03) (lr = 1.656e+00) (elapsed time: 4393.169) (secs/iter:  1.053) (n_accepted: 80%) (u_error:  3.960298 %) (beta_change: 14.734299 %) (delta_change:  0.080605 %) (delta_peak/R:  0.715677 %)
iter:   4300 (Jcost: 4.119371e-03) (lr = 8.189e+00) (elapsed time: 4496.666) (secs/iter:  1.035) (n_accepted: 81%) (u_error:  3.960021 %) (beta_change: 15.140863 %) (delta_change:  0.080831 %) (delta_peak/R:  0.715612 %)
iter:   4400 (Jcost: 4.119085e-03) (lr = 1.220e+00) (elapsed time: 4601.365) (secs/iter:  1.047) (n_accepted: 77%) (u_error:  3.959157 %) (beta_change: 15.534400 %) (delta_change:  0.081039 %) (delta_peak/R:  0.715626 %)
iter:   4500 (Jcost: 4.118786e-03) (lr = 2.514e+00) (elapsed time: 4696.997) (secs/iter:  0.956) (n_accepted: 80%) (u_error:  3.959760 %) (beta_change: 15.940806 %) (delta_change:  0.081218 %) (delta_peak/R:  0.715459 %)
-> Saved file: /media/rafael/DATA/Dropbox/20220924_FIML_solver/data/output/field_inversion/Beta_e/u_imp_0.1/FI_run_T31_Cv_u_imp_0.1_k_imp_0_e_imp_1/FI_run_T31_Cv_u_imp_0.1_k_imp_0_e_imp_1_state_iter_4500.dat
iter:   4600 (Jcost: 4.118497e-03) (lr = 2.158e+00) (elapsed time: 4802.797) (secs/iter:  1.058) (n_accepted: 79%) (u_error:  3.959675 %) (beta_change: 16.343757 %) (delta_change:  0.081393 %) (delta_peak/R:  0.715378 %)
iter:   4700 (Jcost: 4.118195e-03) (lr = 4.446e+00) (elapsed time: 4901.495) (secs/iter:  0.987) (n_accepted: 80%) (u_error:  3.959577 %) (beta_change: 16.769605 %) (delta_change:  0.081566 %) (delta_peak/R:  0.715295 %)
iter:   4800 (Jcost: 4.117887e-03) (lr = 9.160e+00) (elapsed time: 5003.160) (secs/iter:  1.017) (n_accepted: 80%) (u_error:  3.960357 %) (beta_change: 17.219295 %) (delta_change:  0.081723 %) (delta_peak/R:  0.715101 %)
iter:   4900 (Jcost: 4.117614e-03) (lr = 1.365e+00) (elapsed time: 5104.686) (secs/iter:  1.015) (n_accepted: 77%) (u_error:  3.959166 %) (beta_change: 17.600278 %) (delta_change:  0.081875 %) (delta_peak/R:  0.715163 %)
iter:   5000 (Jcost: 4.117301e-03) (lr = 2.812e+00) (elapsed time: 5201.292) (secs/iter:  0.966) (n_accepted: 80%) (u_error:  3.958232 %) (beta_change: 18.056982 %) (delta_change:  0.082039 %) (delta_peak/R:  0.715179 %)
-> Saved file: /media/rafael/DATA/Dropbox/20220924_FIML_solver/data/output/field_inversion/Beta_e/u_imp_0.1/FI_run_T31_Cv_u_imp_0.1_k_imp_0_e_imp_1/FI_run_T31_Cv_u_imp_0.1_k_imp_0_e_imp_1_state_iter_5000.dat
iter:   5100 (Jcost: 4.116978e-03) (lr = 2.414e+00) (elapsed time: 5302.242) (secs/iter:  1.009) (n_accepted: 79%) (u_error:  3.957793 %) (beta_change: 18.530298 %) (delta_change:  0.082190 %) (delta_peak/R:  0.715132 %)
iter:   5200 (Jcost: 4.116688e-03) (lr = 4.973e+00) (elapsed time: 5396.427) (secs/iter:  0.942) (n_accepted: 80%) (u_error:  3.958495 %) (beta_change: 18.947608 %) (delta_change:  0.082298 %) (delta_peak/R:  0.714959 %)
iter:   5300 (Jcost: 4.116354e-03) (lr = 1.025e+01) (elapsed time: 5500.128) (secs/iter:  1.037) (n_accepted: 80%) (u_error:  3.958396 %) (beta_change: 19.440526 %) (delta_change:  0.082430 %) (delta_peak/R:  0.714869 %)
iter:   5400 (Jcost: 4.116039e-03) (lr = 8.795e+00) (elapsed time: 5599.429) (secs/iter:  0.993) (n_accepted: 79%) (u_error:  3.958134 %) (beta_change: 19.907964 %) (delta_change:  0.082550 %) (delta_peak/R:  0.714806 %)
iter:   5500 (Jcost: 4.115711e-03) (lr = 3.146e+00) (elapsed time: 5678.181) (secs/iter:  0.788) (n_accepted: 78%) (u_error:  3.958345 %) (beta_change: 20.396482 %) (delta_change:  0.082659 %) (delta_peak/R:  0.714681 %)
-> Saved file: /media/rafael/DATA/Dropbox/20220924_FIML_solver/data/output/field_inversion/Beta_e/u_imp_0.1/FI_run_T31_Cv_u_imp_0.1_k_imp_0_e_imp_1/FI_run_T31_Cv_u_imp_0.1_k_imp_0_e_imp_1_state_iter_5500.dat
iter:   5600 (Jcost: 4.115422e-03) (lr = 2.700e+00) (elapsed time: 5768.464) (secs/iter:  0.903) (n_accepted: 79%) (u_error:  3.957792 %) (beta_change: 20.826323 %) (delta_change:  0.082760 %) (delta_peak/R:  0.714662 %)
iter:   5700 (Jcost: 4.115064e-03) (lr = 1.335e+01) (elapsed time: 5859.874) (secs/iter:  0.914) (n_accepted: 81%) (u_error:  3.957604 %) (beta_change: 21.360720 %) (delta_change:  0.082869 %) (delta_peak/R:  0.714579 %)
iter:   5800 (Jcost: 4.114743e-03) (lr = 4.775e+00) (elapsed time: 5963.080) (secs/iter:  1.032) (n_accepted: 78%) (u_error:  3.957086 %) (beta_change: 21.842920 %) (delta_change:  0.082967 %) (delta_peak/R:  0.714548 %)
iter:   5900 (Jcost: 4.114411e-03) (lr = 7.116e-01) (elapsed time: 6062.785) (secs/iter:  0.997) (n_accepted: 77%) (u_error:  3.957662 %) (beta_change: 22.341924 %) (delta_change:  0.083045 %) (delta_peak/R:  0.714380 %)
iter:   6000 (Jcost: 4.114105e-03) (lr = 1.466e+00) (elapsed time: 6164.632) (secs/iter:  1.018) (n_accepted: 80%) (u_error:  3.957027 %) (beta_change: 22.799269 %) (delta_change:  0.083129 %) (delta_peak/R:  0.714369 %)
-> Saved file: /media/rafael/DATA/Dropbox/20220924_FIML_solver/data/output/field_inversion/Beta_e/u_imp_0.1/FI_run_T31_Cv_u_imp_0.1_k_imp_0_e_imp_1/FI_run_T31_Cv_u_imp_0.1_k_imp_0_e_imp_1_state_iter_6000.dat
iter:   6100 (Jcost: 4.113742e-03) (lr = 3.020e+00) (elapsed time: 6266.131) (secs/iter:  1.015) (n_accepted: 80%) (u_error:  3.957083 %) (beta_change: 23.344060 %) (delta_change:  0.083211 %) (delta_peak/R:  0.714258 %)
iter:   6200 (Jcost: 4.113402e-03) (lr = 6.222e+00) (elapsed time: 6364.956) (secs/iter:  0.988) (n_accepted: 80%) (u_error:  3.956514 %) (beta_change: 23.851406 %) (delta_change:  0.083291 %) (delta_peak/R:  0.714231 %)
iter:   6300 (Jcost: 4.113069e-03) (lr = 5.341e+00) (elapsed time: 6458.573) (secs/iter:  0.936) (n_accepted: 79%) (u_error:  3.956436 %) (beta_change: 24.349656 %) (delta_change:  0.083358 %) (delta_peak/R:  0.714146 %)
iter:   6400 (Jcost: 4.112688e-03) (lr = 4.585e+00) (elapsed time: 6557.664) (secs/iter:  0.991) (n_accepted: 79%) (u_error:  3.956171 %) (beta_change: 24.918251 %) (delta_change:  0.083432 %) (delta_peak/R:  0.714072 %)
iter:   6500 (Jcost: 4.112336e-03) (lr = 1.640e+00) (elapsed time: 6660.512) (secs/iter:  1.028) (n_accepted: 78%) (u_error:  3.956763 %) (beta_change: 25.447311 %) (delta_change:  0.083484 %) (delta_peak/R:  0.713901 %)
-> Saved file: /media/rafael/DATA/Dropbox/20220924_FIML_solver/data/output/field_inversion/Beta_e/u_imp_0.1/FI_run_T31_Cv_u_imp_0.1_k_imp_0_e_imp_1/FI_run_T31_Cv_u_imp_0.1_k_imp_0_e_imp_1_state_iter_6500.dat
iter:   6600 (Jcost: 4.111948e-03) (lr = 1.946e+01) (elapsed time: 6760.068) (secs/iter:  0.996) (n_accepted: 82%) (u_error:  3.955503 %) (beta_change: 26.017687 %) (delta_change:  0.083564 %) (delta_peak/R:  0.713948 %)
iter:   6700 (Jcost: 4.111601e-03) (lr = 2.900e+00) (elapsed time: 6888.108) (secs/iter:  1.280) (n_accepted: 77%) (u_error:  3.955259 %) (beta_change: 26.529730 %) (delta_change:  0.083619 %) (delta_peak/R:  0.713883 %)
iter:   6800 (Jcost: 4.111234e-03) (lr = 1.037e+00) (elapsed time: 7015.950) (secs/iter:  1.278) (n_accepted: 78%) (u_error:  3.955366 %) (beta_change: 27.069005 %) (delta_change:  0.083668 %) (delta_peak/R:  0.713770 %)
iter:   6900 (Jcost: 4.110833e-03) (lr = 2.137e+00) (elapsed time: 7124.363) (secs/iter:  1.084) (n_accepted: 80%) (u_error:  3.955032 %) (beta_change: 27.655115 %) (delta_change:  0.083724 %) (delta_peak/R:  0.713703 %)
iter:   7000 (Jcost: 4.110430e-03) (lr = 7.643e-01) (elapsed time: 7258.128) (secs/iter:  1.338) (n_accepted: 78%) (u_error:  3.954951 %) (beta_change: 28.240531 %) (delta_change:  0.083773 %) (delta_peak/R:  0.713606 %)
-> Saved file: /media/rafael/DATA/Dropbox/20220924_FIML_solver/data/output/field_inversion/Beta_e/u_imp_0.1/FI_run_T31_Cv_u_imp_0.1_k_imp_0_e_imp_1/FI_run_T31_Cv_u_imp_0.1_k_imp_0_e_imp_1_state_iter_7000.dat
iter:   7100 (Jcost: 4.110007e-03) (lr = 6.560e-01) (elapsed time: 7397.245) (secs/iter:  1.391) (n_accepted: 79%) (u_error:  3.954250 %) (beta_change: 28.854078 %) (delta_change:  0.083830 %) (delta_peak/R:  0.713579 %)
iter:   7200 (Jcost: 4.109603e-03) (lr = 3.244e+00) (elapsed time: 7525.869) (secs/iter:  1.286) (n_accepted: 81%) (u_error:  3.954431 %) (beta_change: 29.432222 %) (delta_change:  0.083868 %) (delta_peak/R:  0.713451 %)
iter:   7300 (Jcost: 4.109138e-03) (lr = 6.683e+00) (elapsed time: 7622.179) (secs/iter:  0.963) (n_accepted: 80%) (u_error:  3.954103 %) (beta_change: 30.095820 %) (delta_change:  0.083917 %) (delta_peak/R:  0.713370 %)
iter:   7400 (Jcost: 4.108673e-03) (lr = 9.959e-01) (elapsed time: 7723.111) (secs/iter:  1.009) (n_accepted: 77%) (u_error:  3.954636 %) (beta_change: 30.757780 %) (delta_change:  0.083949 %) (delta_peak/R:  0.713184 %)
iter:   7500 (Jcost: 4.108208e-03) (lr = 4.924e+00) (elapsed time: 7828.827) (secs/iter:  1.057) (n_accepted: 81%) (u_error:  3.953716 %) (beta_change: 31.404671 %) (delta_change:  0.084000 %) (delta_peak/R:  0.713178 %)
-> Saved file: /media/rafael/DATA/Dropbox/20220924_FIML_solver/data/output/field_inversion/Beta_e/u_imp_0.1/FI_run_T31_Cv_u_imp_0.1_k_imp_0_e_imp_1/FI_run_T31_Cv_u_imp_0.1_k_imp_0_e_imp_1_state_iter_7500.dat
iter:   7600 (Jcost: 4.107742e-03) (lr = 4.227e+00) (elapsed time: 7938.048) (secs/iter:  1.092) (n_accepted: 79%) (u_error:  3.952396 %) (beta_change: 32.058860 %) (delta_change:  0.084055 %) (delta_peak/R:  0.713219 %)
iter:   7700 (Jcost: 4.107226e-03) (lr = 1.512e+00) (elapsed time: 8039.787) (secs/iter:  1.017) (n_accepted: 78%) (u_error:  3.953098 %) (beta_change: 32.760684 %) (delta_change:  0.084079 %) (delta_peak/R:  0.713005 %)
iter:   7800 (Jcost: 4.106755e-03) (lr = 1.298e+00) (elapsed time: 8146.949) (secs/iter:  1.072) (n_accepted: 79%) (u_error:  3.952842 %) (beta_change: 33.400819 %) (delta_change:  0.084112 %) (delta_peak/R:  0.712918 %)
iter:   7900 (Jcost: 4.106198e-03) (lr = 2.673e+00) (elapsed time: 8246.210) (secs/iter:  0.993) (n_accepted: 80%) (u_error:  3.952211 %) (beta_change: 34.151441 %) (delta_change:  0.084154 %) (delta_peak/R:  0.712856 %)
iter:   8000 (Jcost: 4.105656e-03) (lr = 9.562e-01) (elapsed time: 8354.224) (secs/iter:  1.080) (n_accepted: 78%) (u_error:  3.952192 %) (beta_change: 34.871671 %) (delta_change:  0.084183 %) (delta_peak/R:  0.712725 %)
-> Saved file: /media/rafael/DATA/Dropbox/20220924_FIML_solver/data/output/field_inversion/Beta_e/u_imp_0.1/FI_run_T31_Cv_u_imp_0.1_k_imp_0_e_imp_1/FI_run_T31_Cv_u_imp_0.1_k_imp_0_e_imp_1_state_iter_8000.dat
iter:   8100 (Jcost: 4.105121e-03) (lr = 1.970e+00) (elapsed time: 8465.993) (secs/iter:  1.118) (n_accepted: 80%) (u_error:  3.951910 %) (beta_change: 35.575721 %) (delta_change:  0.084213 %) (delta_peak/R:  0.712628 %)
iter:   8200 (Jcost: 4.104505e-03) (lr = 4.058e+00) (elapsed time: 8570.967) (secs/iter:  1.050) (n_accepted: 80%) (u_error:  3.949947 %) (beta_change: 36.392677 %) (delta_change:  0.084271 %) (delta_peak/R:  0.712714 %)
iter:   8300 (Jcost: 4.103889e-03) (lr = 8.361e+00) (elapsed time: 8674.452) (secs/iter:  1.035) (n_accepted: 80%) (u_error:  3.951633 %) (beta_change: 37.166227 %) (delta_change:  0.084270 %) (delta_peak/R:  0.712363 %)
iter:   8400 (Jcost: 4.103288e-03) (lr = 7.177e+00) (elapsed time: 8773.468) (secs/iter:  0.990) (n_accepted: 79%) (u_error:  3.951169 %) (beta_change: 37.923133 %) (delta_change:  0.084299 %) (delta_peak/R:  0.712275 %)
iter:   8500 (Jcost: 4.102652e-03) (lr = 2.567e+00) (elapsed time: 8872.249) (secs/iter:  0.988) (n_accepted: 78%) (u_error:  3.951225 %) (beta_change: 38.718348 %) (delta_change:  0.084320 %) (delta_peak/R:  0.712116 %)
-> Saved file: /media/rafael/DATA/Dropbox/20220924_FIML_solver/data/output/field_inversion/Beta_e/u_imp_0.1/FI_run_T31_Cv_u_imp_0.1_k_imp_0_e_imp_1/FI_run_T31_Cv_u_imp_0.1_k_imp_0_e_imp_1_state_iter_8500.dat
iter:   8600 (Jcost: 4.101970e-03) (lr = 5.288e+00) (elapsed time: 8985.323) (secs/iter:  1.131) (n_accepted: 80%) (u_error:  3.949910 %) (beta_change: 39.547470 %) (delta_change:  0.084361 %) (delta_peak/R:  0.712115 %)
iter:   8700 (Jcost: 4.101203e-03) (lr = 1.891e+00) (elapsed time: 9093.342) (secs/iter:  1.080) (n_accepted: 78%) (u_error:  3.948585 %) (beta_change: 40.475841 %) (delta_change:  0.084402 %) (delta_peak/R:  0.712095 %)
iter:   8800 (Jcost: 4.100463e-03) (lr = 1.624e+00) (elapsed time: 9201.104) (secs/iter:  1.078) (n_accepted: 79%) (u_error:  3.948301 %) (beta_change: 41.347398 %) (delta_change:  0.084425 %) (delta_peak/R:  0.711956 %)
iter:   8900 (Jcost: 4.099684e-03) (lr = 3.345e+00) (elapsed time: 9312.142) (secs/iter:  1.110) (n_accepted: 80%) (u_error:  3.948317 %) (beta_change: 42.248495 %) (delta_change:  0.084442 %) (delta_peak/R:  0.711774 %)
iter:   9000 (Jcost: 4.098896e-03) (lr = 6.891e+00) (elapsed time: 9407.976) (secs/iter:  0.958) (n_accepted: 80%) (u_error:  3.948025 %) (beta_change: 43.145051 %) (delta_change:  0.084462 %) (delta_peak/R:  0.711627 %)
-> Saved file: /media/rafael/DATA/Dropbox/20220924_FIML_solver/data/output/field_inversion/Beta_e/u_imp_0.1/FI_run_T31_Cv_u_imp_0.1_k_imp_0_e_imp_1/FI_run_T31_Cv_u_imp_0.1_k_imp_0_e_imp_1_state_iter_9000.dat
iter:   9100 (Jcost: 4.097996e-03) (lr = 5.915e+00) (elapsed time: 9511.526) (secs/iter:  1.035) (n_accepted: 79%) (u_error:  3.947457 %) (beta_change: 44.149206 %) (delta_change:  0.084485 %) (delta_peak/R:  0.711488 %)
iter:   9200 (Jcost: 4.097079e-03) (lr = 8.815e-01) (elapsed time: 9614.249) (secs/iter:  1.027) (n_accepted: 77%) (u_error:  3.948573 %) (beta_change: 45.167547 %) (delta_change:  0.084481 %) (delta_peak/R:  0.711139 %)
iter:   9300 (Jcost: 4.096114e-03) (lr = 1.816e+00) (elapsed time: 9714.917) (secs/iter:  1.007) (n_accepted: 80%) (u_error:  3.945134 %) (beta_change: 46.186660 %) (delta_change:  0.084544 %) (delta_peak/R:  0.711338 %)
iter:   9400 (Jcost: 4.095008e-03) (lr = 8.979e+00) (elapsed time: 9818.994) (secs/iter:  1.041) (n_accepted: 81%) (u_error:  3.946319 %) (beta_change: 47.330361 %) (delta_change:  0.084536 %) (delta_peak/R:  0.710944 %)
iter:   9500 (Jcost: 4.093990e-03) (lr = 7.708e+00) (elapsed time: 9922.517) (secs/iter:  1.035) (n_accepted: 79%) (u_error:  3.944951 %) (beta_change: 48.357480 %) (delta_change:  0.084563 %) (delta_peak/R:  0.710881 %)
-> Saved file: /media/rafael/DATA/Dropbox/20220924_FIML_solver/data/output/field_inversion/Beta_e/u_imp_0.1/FI_run_T31_Cv_u_imp_0.1_k_imp_0_e_imp_1/FI_run_T31_Cv_u_imp_0.1_k_imp_0_e_imp_1_state_iter_9500.dat
iter:   9600 (Jcost: 4.092802e-03) (lr = 2.757e+00) (elapsed time: 10028.734) (secs/iter:  1.062) (n_accepted: 78%) (u_error:  3.945212 %) (beta_change: 49.534372 %) (delta_change:  0.084562 %) (delta_peak/R:  0.710580 %)
iter:   9700 (Jcost: 4.091524e-03) (lr = 5.679e+00) (elapsed time: 10137.686) (secs/iter:  1.090) (n_accepted: 80%) (u_error:  3.943679 %) (beta_change: 50.751588 %) (delta_change:  0.084586 %) (delta_peak/R:  0.710481 %)
iter:   9800 (Jcost: 4.090259e-03) (lr = 2.031e+00) (elapsed time: 10243.312) (secs/iter:  1.056) (n_accepted: 78%) (u_error:  3.942512 %) (beta_change: 51.925036 %) (delta_change:  0.084599 %) (delta_peak/R:  0.710339 %)
iter:   9900 (Jcost: 4.088660e-03) (lr = 1.744e+00) (elapsed time: 10352.695) (secs/iter:  1.094) (n_accepted: 79%) (u_error:  3.940932 %) (beta_change: 53.360455 %) (delta_change:  0.084612 %) (delta_peak/R:  0.710173 %)
iter:  10000 (Jcost: 4.087041e-03) (lr = 8.622e+00) (elapsed time: 10457.619) (secs/iter:  1.049) (n_accepted: 81%) (u_error:  3.939789 %) (beta_change: 54.757563 %) (delta_change:  0.084611 %) (delta_peak/R:  0.709951 %)
-> Saved file: /media/rafael/DATA/Dropbox/20220924_FIML_solver/data/output/field_inversion/Beta_e/u_imp_0.1/FI_run_T31_Cv_u_imp_0.1_k_imp_0_e_imp_1/FI_run_T31_Cv_u_imp_0.1_k_imp_0_e_imp_1_state_iter_10000.dat
iter:  10100 (Jcost: 4.085269e-03) (lr = 7.401e+00) (elapsed time: 10551.721) (secs/iter:  0.941) (n_accepted: 79%) (u_error:  3.939653 %) (beta_change: 56.222371 %) (delta_change:  0.084586 %) (delta_peak/R:  0.709575 %)
iter:  10200 (Jcost: 4.083296e-03) (lr = 6.353e+00) (elapsed time: 10653.507) (secs/iter:  1.018) (n_accepted: 79%) (u_error:  3.938322 %) (beta_change: 57.786385 %) (delta_change:  0.084565 %) (delta_peak/R:  0.709298 %)
iter:  10300 (Jcost: 4.080820e-03) (lr = 9.467e-01) (elapsed time: 10770.424) (secs/iter:  1.169) (n_accepted: 77%) (u_error:  3.938548 %) (beta_change: 59.668751 %) (delta_change:  0.084495 %) (delta_peak/R:  0.708715 %)
iter:  10400 (Jcost: 4.078419e-03) (lr = 4.681e+00) (elapsed time: 10881.755) (secs/iter:  1.113) (n_accepted: 81%) (u_error:  3.934842 %) (beta_change: 61.355606 %) (delta_change:  0.084470 %) (delta_peak/R:  0.708637 %)
iter:  10500 (Jcost: 4.074925e-03) (lr = 4.018e+00) (elapsed time: 10992.164) (secs/iter:  1.104) (n_accepted: 79%) (u_error:  3.928561 %) (beta_change: 63.740017 %) (delta_change:  0.084411 %) (delta_peak/R:  0.708595 %)
-> Saved file: /media/rafael/DATA/Dropbox/20220924_FIML_solver/data/output/field_inversion/Beta_e/u_imp_0.1/FI_run_T31_Cv_u_imp_0.1_k_imp_0_e_imp_1/FI_run_T31_Cv_u_imp_0.1_k_imp_0_e_imp_1_state_iter_10500.dat
iter:  10600 (Jcost: 4.071598e-03) (lr = 3.449e+00) (elapsed time: 11111.345) (secs/iter:  1.192) (n_accepted: 79%) (u_error:  3.930341 %) (beta_change: 65.725731 %) (delta_change:  0.084213 %) (delta_peak/R:  0.707657 %)
iter:  10700 (Jcost: 4.066976e-03) (lr = 2.961e+00) (elapsed time: 11226.027) (secs/iter:  1.147) (n_accepted: 79%) (u_error:  3.929258 %) (beta_change: 68.347544 %) (delta_change:  0.083927 %) (delta_peak/R:  0.706736 %)
iter:  10800 (Jcost: 4.061077e-03) (lr = 2.542e+00) (elapsed time: 11341.728) (secs/iter:  1.157) (n_accepted: 79%) (u_error:  3.919656 %) (beta_change: 71.326230 %) (delta_change:  0.083593 %) (delta_peak/R:  0.706530 %)
iter:  10900 (Jcost: 4.053045e-03) (lr = 9.090e-01) (elapsed time: 11423.033) (secs/iter:  0.813) (n_accepted: 78%) (u_error:  3.917023 %) (beta_change: 74.777204 %) (delta_change:  0.082838 %) (delta_peak/R:  0.704962 %)
iter:  11000 (Jcost: 4.040296e-03) (lr = 4.495e+00) (elapsed time: 11507.038) (secs/iter:  0.840) (n_accepted: 81%) (u_error:  3.907911 %) (beta_change: 79.248042 %) (delta_change:  0.081405 %) (delta_peak/R:  0.702862 %)
-> Saved file: /media/rafael/DATA/Dropbox/20220924_FIML_solver/data/output/field_inversion/Beta_e/u_imp_0.1/FI_run_T31_Cv_u_imp_0.1_k_imp_0_e_imp_1/FI_run_T31_Cv_u_imp_0.1_k_imp_0_e_imp_1_state_iter_11000.dat
iter:  11100 (Jcost: 4.004779e-03) (lr = 1.608e+00) (elapsed time: 11629.165) (secs/iter:  1.221) (n_accepted: 78%) (u_error:  3.888744 %) (beta_change: 87.340276 %) (delta_change:  0.113964 %) (delta_peak/R:  0.694214 %)
iter:  11200 (Jcost: 3.964284e-03) (lr = 4.159e-02) (elapsed time: 11967.810) (secs/iter:  3.386) (n_accepted: 75%) (u_error:  3.834412 %) (beta_change: 92.679361 %) (delta_change:  0.198105 %) (delta_peak/R:  0.688477 %)
