# ------------------------------------------------------------------------
#                  Input Arguments
# ------------------------------------------------------------------------
# Begin_Input_Arguments
{ 'all_b_mode': ['Beta_k'],
  'args_mk_solver': { 'torch': "<module 'torch' from "
                               "'/home/rafael/anaconda3/lib/python3.9/site-packages/torch/__init__.py'>",
                      'y_grid': [0.0, 0.000309700312, 0.000638645973, 0.00098802599, 0.00135910194, 0.00175321227, 0.00217177688, 0.00261630193, 0.00308838486, 0.00358971984, 0.00412210331, 0.00468744001, 0.00528774917, 0.00592517114, 0.00660197432, 0.0073205624, 0.00808348206, 0.00889343092, 0.00975326602, 0.0106660126, 0.0116348733, 0.0126632377, 0.0137546927, 0.0149130326, 0.0161422702, 0.0174466482, 0.0188306506, 0.0202990157, 0.0218567475, 0.02350913, 0.0252617393, 0.0271204584, 0.0290914903, 0.0311813732, 0.033396994, 0.0357456039, 0.0382348325, 0.0408727029, 0.0436676462, 0.0466285159, 0.0497646022, 0.0530856456, 0.0566018496, 0.0603238931, 0.0642629411, 0.068430655, 0.0728392004, 0.0775012535, 0.0824300053, 0.0876391634, 0.0931429507, 0.0989561006, 0.105093849, 0.111571922, 0.118406518, 0.125614286, 0.133212296, 0.141218006, 0.14964922, 0.158524039, 0.167860801, 0.177678022, 0.187994313, 0.1988283, 0.21019853, 0.222123362, 0.234620856, 0.247708641, 0.261403784, 0.275722637, 0.290680679, 0.306292354, 0.322570888, 0.339528108, 0.357174255, 0.375517785, 0.394565175, 0.414320726, 0.43478637, 0.45596148, 0.47784269, 0.500423731, 0.523695275, 0.547644806, 0.572256506, 0.597511177, 0.623386184, 0.649855436, 0.676889401, 0.704455158, 0.73251649, 0.761034018, 0.789965372, 0.819265404, 0.848886442, 0.878778572, 0.908889961, 0.939167201, 0.969555687, 1.0],
                      'Ret': 395.0,
                      'cp': 1.0,
                      'A_sca_rho': 1.0,
                      'A_sca_mu': 0.002531645569620253,
                      'A_sca_k': 0.002531645569620253,
                      'b_exp_rho': 0.0,
                      'b_exp_mu': 0.0,
                      'b_exp_k': 0.0,
                      'tensor_device': 'cpu',
                      'as_tensor': '<function '
                                   'Build_arguments_fi_run._mk_args_MK_solver.<locals>.<lambda> '
                                   'at 0x7fd7169033a0>',
                      'ref_dns': { 'u_dns': [0.0, 0.120381471, 0.248666719, 0.385331678, 0.530866476, 0.68577174, 0.850553547, 1.02571674, 1.21175621, 1.40914563, 1.61832389, 1.83975112, 2.07398461, 2.32158582, 2.58309986, 2.85902812, 3.14969352, 3.45523595, 3.77561427, 4.1105833, 4.45969945, 4.82220689, 5.19703527, 5.58302588, 5.97868682, 6.38220753, 6.79157066, 7.20438736, 7.61838508, 8.03118634, 8.44041358, 8.84371142, 9.23897932, 9.62442009, 9.99846968, 10.359791, 10.7071296, 11.0399954, 11.3585517, 11.6623493, 11.9507188, 12.2239542, 12.4837095, 12.7294683, 12.9618973, 13.1819569, 13.3908308, 13.5892095, 13.7777455, 13.9571422, 14.1280082, 14.2929724, 14.4513903, 14.6044792, 14.7527293, 14.8976973, 15.0396337, 15.1788101, 15.3159472, 15.4518774, 15.5866923, 15.7211385, 15.8541139, 15.9877341, 16.1211467, 16.2547974, 16.3900719, 16.5243874, 16.6614631, 16.7984493, 16.9356252, 17.0737482, 17.2118784, 17.3511631, 17.4905898, 17.6303318, 17.7706578, 17.9106951, 18.0501151, 18.1895179, 18.3276958, 18.4648416, 18.6023221, 18.7379569, 18.8708692, 19.001601, 19.128471, 19.2508119, 19.3685307, 19.4813292, 19.5880825, 19.6865059, 19.7774642, 19.8580885, 19.9279556, 19.9863673, 20.0324121, 20.0657981, 20.0852279, 20.0922802],
                                   'T_dns': [1.0, 1.00543, 1.01120435, 1.01734746, 1.02388617, 1.03085368, 1.03827482, 1.04616817, 1.05454982, 1.06343228, 1.07282606, 1.08278839, 1.09335018, 1.10451888, 1.1162933, 1.12870044, 1.14180456, 1.15557724, 1.16996512, 1.18502394, 1.20075391, 1.21703757, 1.23388237, 1.25127367, 1.26900164, 1.28708528, 1.30541256, 1.32388341, 1.34244565, 1.3608524, 1.37910614, 1.39704215, 1.41463642, 1.43175751, 1.44835412, 1.46436356, 1.47973659, 1.49447195, 1.50855929, 1.52194936, 1.53468185, 1.54679572, 1.55825013, 1.56921025, 1.57956581, 1.5893825, 1.59878237, 1.6077704, 1.61629822, 1.62446845, 1.63235338, 1.63987474, 1.64717531, 1.65428842, 1.66118964, 1.6678842, 1.67445015, 1.68097008, 1.687257, 1.69342016, 1.69961804, 1.70554671, 1.71153147, 1.71741924, 1.72321199, 1.72903384, 1.73476262, 1.74042761, 1.74604477, 1.75165256, 1.75724318, 1.76273586, 1.76821389, 1.77370948, 1.77917438, 1.78455039, 1.78991359, 1.79517979, 1.80034231, 1.8055449, 1.81063875, 1.81569026, 1.8206115, 1.82557253, 1.8303505, 1.83491381, 1.83938757, 1.84355563, 1.84762793, 1.85137906, 1.85490647, 1.85818761, 1.86111582, 1.86368583, 1.86585324, 1.8676793, 1.86911538, 1.870161, 1.87075449, 1.8709],
                                   'mu_dns': [0.002531645569620253, 0.002531645569620253, 0.002531645569620253, 0.002531645569620253, 0.002531645569620253, 0.002531645569620253, 0.002531645569620253, 0.002531645569620253, 0.002531645569620253, 0.002531645569620253, 0.002531645569620253, 0.002531645569620253, 0.002531645569620253, 0.002531645569620253, 0.002531645569620253, 0.002531645569620253, 0.002531645569620253, 0.002531645569620253, 0.002531645569620253, 0.002531645569620253, 0.002531645569620253, 0.002531645569620253, 0.002531645569620253, 0.002531645569620253, 0.002531645569620253, 0.002531645569620253, 0.002531645569620253, 0.002531645569620253, 0.002531645569620253, 0.002531645569620253, 0.002531645569620253, 0.002531645569620253, 0.002531645569620253, 0.002531645569620253, 0.002531645569620253, 0.002531645569620253, 0.002531645569620253, 0.002531645569620253, 0.002531645569620253, 0.002531645569620253, 0.002531645569620253, 0.002531645569620253, 0.002531645569620253, 0.002531645569620253, 0.002531645569620253, 0.002531645569620253, 0.002531645569620253, 0.002531645569620253, 0.002531645569620253, 0.002531645569620253, 0.002531645569620253, 0.002531645569620253, 0.002531645569620253, 0.002531645569620253, 0.002531645569620253, 0.002531645569620253, 0.002531645569620253, 0.002531645569620253, 0.002531645569620253, 0.002531645569620253, 0.002531645569620253, 0.002531645569620253, 0.002531645569620253, 0.002531645569620253, 0.002531645569620253, 0.002531645569620253, 0.002531645569620253, 0.002531645569620253, 0.002531645569620253, 0.002531645569620253, 0.002531645569620253, 0.002531645569620253, 0.002531645569620253, 0.002531645569620253, 0.002531645569620253, 0.002531645569620253, 0.002531645569620253, 0.002531645569620253, 0.002531645569620253, 0.002531645569620253, 0.002531645569620253, 0.002531645569620253, 0.002531645569620253, 0.002531645569620253, 0.002531645569620253, 0.002531645569620253, 0.002531645569620253, 0.002531645569620253, 0.002531645569620253, 0.002531645569620253, 0.002531645569620253, 0.002531645569620253, 0.002531645569620253, 0.002531645569620253, 0.002531645569620253, 0.002531645569620253, 0.002531645569620253, 0.002531645569620253, 0.002531645569620253, 0.002531645569620253],
                                   'rho_dns': [1.0, 1.0, 1.0, 1.0, 1.0, 1.0, 1.0, 1.0, 1.0, 1.0, 1.0, 1.0, 1.0, 1.0, 1.0, 1.0, 1.0, 1.0, 1.0, 1.0, 1.0, 1.0, 1.0, 1.0, 1.0, 1.0, 1.0, 1.0, 1.0, 1.0, 1.0, 1.0, 1.0, 1.0, 1.0, 1.0, 1.0, 1.0, 1.0, 1.0, 1.0, 1.0, 1.0, 1.0, 1.0, 1.0, 1.0, 1.0, 1.0, 1.0, 1.0, 1.0, 1.0, 1.0, 1.0, 1.0, 1.0, 1.0, 1.0, 1.0, 1.0, 1.0, 1.0, 1.0, 1.0, 1.0, 1.0, 1.0, 1.0, 1.0, 1.0, 1.0, 1.0, 1.0, 1.0, 1.0, 1.0, 1.0, 1.0, 1.0, 1.0, 1.0, 1.0, 1.0, 1.0, 1.0, 1.0, 1.0, 1.0, 1.0, 1.0, 1.0, 1.0, 1.0, 1.0, 1.0, 1.0, 1.0, 1.0, 1.0]},
                      'case': 'cProp',
                      'constant_Sq_heat': 0.04443037974683545,
                      'use_visc_heating': False,
                      'Pr_turb': 1.0,
                      'fprint': '<function '
                                'Build_arguments_fi_run._mk_args_MK_solver.<locals>.<lambda> '
                                'at 0x7fd716903e50>',
                      'compressible_correction': False,
                      'bool_solve_energy': False,
                      'output_last': False},
  'u_imp': 1000,
  'k_imp': 1,
  'e_imp': 0,
  'solve_sparse_adj': True,
  'all_ref_beta_distrib': {'K': [1.0, 1.00061979, 1.00108886, 1.00135402, 1.0013704, 1.00108298, 1.00042222, 0.99930175, 0.99761644, 0.99524122, 0.99203133, 0.98782504, 0.98245058, 0.97573925, 0.96754678, 0.95778486, 0.94646274, 0.93373629, 0.91995671, 0.90570714, 0.89181416, 0.87932448, 0.86944184, 0.86341753, 0.86239415, 0.86723706, 0.87841559, 0.89596435, 0.91950523, 0.9482944, 0.98127097, 1.01709411, 1.05417245, 1.09069851, 1.1247106, 1.15419767, 1.17725059, 1.19223989, 1.1979909, 1.19393108, 1.18016898, 1.15746477, 1.12710552, 1.09074613, 1.05023817, 1.00745525, 0.96415712, 0.92190408, 0.88201379, 0.84554479, 0.81329834, 0.78583018, 0.76348368, 0.74642785, 0.7346827, 0.72814324, 0.72660462, 0.7297868, 0.73734962, 0.74890347, 0.76402191, 0.78225168, 0.8031226, 0.82614722, 0.85082332, 0.8766422, 0.90308957, 0.92965983, 0.95585769, 0.98120972, 1.00528334, 1.02768219, 1.04805176, 1.06608265, 1.08151726, 1.09415932, 1.10387545, 1.11060423, 1.11436026, 1.11522566, 1.1133489, 1.10893981, 1.10225704, 1.09362693, 1.08345915, 1.07222367, 1.06043355, 1.04862162, 1.0372952, 1.02689918, 1.01779535, 1.01024448, 1.00437124, 1.00015029, 0.99741644, 0.99588497, 0.99520634, 0.99503073, 0.99506482, 0.99755595], 'E': [1.0, 1.0, 1.0, 1.0, 1.0, 1.0, 1.0, 1.0, 1.0, 1.0, 1.0, 1.0, 1.0, 1.0, 1.0, 1.0, 1.0, 1.0, 1.0, 1.0, 1.0, 1.0, 1.0, 1.0, 1.0, 1.0, 1.0, 1.0, 1.0, 1.0, 1.0, 1.0, 1.0, 1.0, 1.0, 1.0, 1.0, 1.0, 1.0, 1.0, 1.0, 1.0, 1.0, 1.0, 1.0, 1.0, 1.0, 1.0, 1.0, 1.0, 1.0, 1.0, 1.0, 1.0, 1.0, 1.0, 1.0, 1.0, 1.0, 1.0, 1.0, 1.0, 1.0, 1.0, 1.0, 1.0, 1.0, 1.0, 1.0, 1.0, 1.0, 1.0, 1.0, 1.0, 1.0, 1.0, 1.0, 1.0, 1.0, 1.0, 1.0, 1.0, 1.0, 1.0, 1.0, 1.0, 1.0, 1.0, 1.0, 1.0, 1.0, 1.0, 1.0, 1.0, 1.0, 1.0, 1.0, 1.0, 1.0, 1.0]},
  'all_ref_delta_distrib': {'K': [-0.0, -0.020139900426305892, -0.03570772840830503, -0.04488844293054334, -0.04602130473446752, -0.03692646278109147, -0.01465457393892134, 0.0247383052619329, 0.08645692954078983, 0.1772720237148574, 0.3058457917344927, 0.4830326835168391, 0.7220564997629565, 1.0384070343617373, 1.4492226706653253, 1.9718373055712142, 2.6211668526673644, 3.405698869694802, 4.322223737587074, 5.349994462147689, 6.445517904789766, 7.539191827632127, 8.534645044998411, 9.312639658735451, 9.743307998885664, 9.707366602665488, 9.119373157506514, 7.945078531108447, 6.209585051998744, 3.9963559911152657, 1.438574119419938, -1.2944942481875688, -4.013859665373772, -6.528220758795287, -8.661711593247174, -10.27093211278559, -11.259570941091996, -11.587923770033827, -11.27525103100064, -10.394655867356537, -9.060691536133614, -7.411220416050127, -5.588035172710257, -3.721444928934542, -1.9200707979118175, -0.26542236054834584, 1.188532754999924, 2.412286892075379, 3.3960439241352316, 4.144760686477837, 4.673648001603068, 5.004466427596312, 5.162299960583608, 5.1731596821403, 5.062574775673682, 4.854671570843388, 4.571564475754645, 4.233001116646928, 3.8563237272999378, 3.456563796448892, 3.0465380667232766, 2.6370005477698286, 2.236799750196696, 1.8531443724799976, 1.4917976333279888, 1.1571923362080356, 0.8526103343509503, 0.5802258953618284, 0.3412671720360017, 0.13608436043058195, -0.035823155154662945, -0.1756033475161988, -0.28494680657973104, -0.3659765625061711, -0.421167893134118, -0.45328518863995165, -0.46528054336830194, -0.4602368552599546, -0.4412890050132731, -0.4115066290157918, -0.37382710693437227, -0.33098735165440163, -0.28544928371439365, -0.23942920164951317, -0.19489820120424733, -0.15348832067770113, -0.11644819157197389, -0.08461485020145065, -0.05838112325375196, -0.03772173367510243, -0.022269427890579622, -0.011402546240415878, -0.004317906063635998, -0.000131720161588495, 0.0020148234723344313, 0.0028766268236601134, 0.003043952240910421, 0.0029247397392529154, 0.0027658543151448216, 0.0013467168626870168], 'E': [-0.0, -0.0, -0.0, -0.0, -0.0, -0.0, -0.0, -0.0, -0.0, -0.0, -0.0, -0.0, -0.0, -0.0, -0.0, -0.0, -0.0, -0.0, -0.0, -0.0, -0.0, -0.0, -0.0, -0.0, -0.0, -0.0, -0.0, -0.0, -0.0, -0.0, -0.0, -0.0, -0.0, -0.0, -0.0, -0.0, -0.0, -0.0, -0.0, -0.0, -0.0, -0.0, -0.0, -0.0, -0.0, -0.0, -0.0, -0.0, -0.0, -0.0, -0.0, -0.0, -0.0, -0.0, -0.0, -0.0, -0.0, -0.0, -0.0, -0.0, -0.0, -0.0, -0.0, -0.0, -0.0, -0.0, -0.0, -0.0, -0.0, -0.0, -0.0, -0.0, -0.0, -0.0, -0.0, -0.0, -0.0, -0.0, -0.0, -0.0, -0.0, -0.0, -0.0, -0.0, -0.0, -0.0, -0.0, -0.0, -0.0, -0.0, -0.0, -0.0, -0.0, -0.0, -0.0, -0.0, -0.0, -0.0, -0.0, -0.0]},
  'fname_print': '/media/rafael/DATA/Dropbox/20220924_FIML_solver/data/output/field_inversion/Beta_k/u_imp_1000/FI_run_cProp_u_imp_1000_k_imp_1_e_imp_0/FI_run_cProp_u_imp_1000_k_imp_1_e_imp_0.log',
  'folder': '/media/rafael/DATA/Dropbox/20220924_FIML_solver/data/output/field_inversion/Beta_k/u_imp_1000/FI_run_cProp_u_imp_1000_k_imp_1_e_imp_0',
  'iters_limit': 15000}
# End_Input_Arguments

# ------------------------------------------------------------------------
#                  Iterations
# ------------------------------------------------------------------------

iter:      0 (Jcost: 1.062153e+01) (lr = 1.000e-03) (elapsed time:  0.001) (secs/iter:   None) (n_accepted: 0%) (u_error:  2.442983 %) (beta_change: 27.339538 %) (delta_change: 12.234882 %) (delta_peak/R:  0.000000 %)
-> Saved file: /media/rafael/DATA/Dropbox/20220924_FIML_solver/data/output/field_inversion/Beta_k/u_imp_1000/FI_run_cProp_u_imp_1000_k_imp_1_e_imp_0/FI_run_cProp_u_imp_1000_k_imp_1_e_imp_0_state_iter_0.dat
iter:    100 (Jcost: 8.775260e-01) (lr = 7.153e-04) (elapsed time: 106.740) (secs/iter:  1.067) (n_accepted: 79%) (u_error:  0.699747 %) (beta_change: 12.979366 %) (delta_change: 10.032274 %) (delta_peak/R:  7.794433 %)
iter:    200 (Jcost: 5.531012e-01) (lr = 2.558e-04) (elapsed time: 201.546) (secs/iter:  0.948) (n_accepted: 78%) (u_error:  0.544288 %) (beta_change:  7.686446 %) (delta_change:  5.768494 %) (delta_peak/R:  9.536963 %)
iter:    300 (Jcost: 4.734167e-01) (lr = 2.196e-04) (elapsed time: 294.891) (secs/iter:  0.933) (n_accepted: 79%) (u_error:  0.482790 %) (beta_change:  5.550678 %) (delta_change:  4.029473 %) (delta_peak/R: 10.507518 %)
iter:    400 (Jcost: 4.362613e-01) (lr = 1.086e-03) (elapsed time: 382.419) (secs/iter:  0.875) (n_accepted: 81%) (u_error:  0.454171 %) (beta_change:  4.295114 %) (delta_change:  3.031086 %) (delta_peak/R: 11.173445 %)
iter:    500 (Jcost: 4.201320e-01) (lr = 9.321e-04) (elapsed time: 472.254) (secs/iter:  0.898) (n_accepted: 79%) (u_error:  0.438229 %) (beta_change:  3.618811 %) (delta_change:  2.513904 %) (delta_peak/R: 11.444627 %)
-> Saved file: /media/rafael/DATA/Dropbox/20220924_FIML_solver/data/output/field_inversion/Beta_k/u_imp_1000/FI_run_cProp_u_imp_1000_k_imp_1_e_imp_0/FI_run_cProp_u_imp_1000_k_imp_1_e_imp_0_state_iter_500.dat
iter:    600 (Jcost: 4.089739e-01) (lr = 1.106e-02) (elapsed time: 555.075) (secs/iter:  0.828) (n_accepted: 82%) (u_error:  0.429491 %) (beta_change:  3.096053 %) (delta_change:  2.133780 %) (delta_peak/R: 11.599423 %)
iter:    700 (Jcost: 4.036649e-01) (lr = 1.648e-03) (elapsed time: 642.214) (secs/iter:  0.871) (n_accepted: 77%) (u_error:  0.424769 %) (beta_change:  2.809354 %) (delta_change:  1.929504 %) (delta_peak/R: 11.641369 %)
iter:    800 (Jcost: 3.991424e-01) (lr = 1.415e-03) (elapsed time: 727.825) (secs/iter:  0.856) (n_accepted: 79%) (u_error:  0.420838 %) (beta_change:  2.585940 %) (delta_change:  1.771473 %) (delta_peak/R: 11.642330 %)
iter:    900 (Jcost: 3.960813e-01) (lr = 5.061e-04) (elapsed time: 813.127) (secs/iter:  0.853) (n_accepted: 78%) (u_error:  0.418287 %) (beta_change:  2.589948 %) (delta_change:  1.686252 %) (delta_peak/R: 11.608584 %)
iter:   1000 (Jcost: 3.933568e-01) (lr = 1.810e-04) (elapsed time: 892.446) (secs/iter:  0.793) (n_accepted: 78%) (u_error:  0.416205 %) (beta_change:  2.795929 %) (delta_change:  1.654868 %) (delta_peak/R: 11.541590 %)
-> Saved file: /media/rafael/DATA/Dropbox/20220924_FIML_solver/data/output/field_inversion/Beta_k/u_imp_1000/FI_run_cProp_u_imp_1000_k_imp_1_e_imp_0/FI_run_cProp_u_imp_1000_k_imp_1_e_imp_0_state_iter_1000.dat
iter:   1100 (Jcost: 3.917415e-01) (lr = 2.148e-03) (elapsed time: 979.144) (secs/iter:  0.867) (n_accepted: 82%) (u_error:  0.414750 %) (beta_change:  2.990847 %) (delta_change:  1.663457 %) (delta_peak/R: 11.468643 %)
iter:   1200 (Jcost: 3.907403e-01) (lr = 4.425e-03) (elapsed time: 1061.500) (secs/iter:  0.824) (n_accepted: 80%) (u_error:  0.414261 %) (beta_change:  3.134230 %) (delta_change:  1.689196 %) (delta_peak/R: 11.435973 %)
iter:   1300 (Jcost: 3.898743e-01) (lr = 1.583e-03) (elapsed time: 1141.488) (secs/iter:  0.800) (n_accepted: 78%) (u_error:  0.413673 %) (beta_change:  3.285956 %) (delta_change:  1.718821 %) (delta_peak/R: 11.399171 %)
iter:   1400 (Jcost: 3.889188e-01) (lr = 2.359e-04) (elapsed time: 1220.483) (secs/iter:  0.790) (n_accepted: 77%) (u_error:  0.413029 %) (beta_change:  3.489783 %) (delta_change:  1.760662 %) (delta_peak/R: 11.342528 %)
iter:   1500 (Jcost: 3.883126e-01) (lr = 4.859e-04) (elapsed time: 1299.864) (secs/iter:  0.794) (n_accepted: 80%) (u_error:  0.412559 %) (beta_change:  3.647016 %) (delta_change:  1.793141 %) (delta_peak/R: 11.293748 %)
-> Saved file: /media/rafael/DATA/Dropbox/20220924_FIML_solver/data/output/field_inversion/Beta_k/u_imp_1000/FI_run_cProp_u_imp_1000_k_imp_1_e_imp_0/FI_run_cProp_u_imp_1000_k_imp_1_e_imp_0_state_iter_1500.dat
iter:   1600 (Jcost: 3.877397e-01) (lr = 1.384e-02) (elapsed time: 1381.914) (secs/iter:  0.820) (n_accepted: 83%) (u_error:  0.412331 %) (beta_change:  3.815143 %) (delta_change:  1.828005 %) (delta_peak/R: 11.241091 %)
iter:   1700 (Jcost: 3.873559e-01) (lr = 8.593e-04) (elapsed time: 1458.196) (secs/iter:  0.763) (n_accepted: 76%) (u_error:  0.412100 %) (beta_change:  3.945258 %) (delta_change:  1.853615 %) (delta_peak/R: 11.198612 %)
iter:   1800 (Jcost: 3.870012e-01) (lr = 1.281e-04) (elapsed time: 1530.404) (secs/iter:  0.722) (n_accepted: 77%) (u_error:  0.411924 %) (beta_change:  4.079247 %) (delta_change:  1.878854 %) (delta_peak/R: 11.155011 %)
iter:   1900 (Jcost: 3.867486e-01) (lr = 1.520e-03) (elapsed time: 1599.129) (secs/iter:  0.687) (n_accepted: 82%) (u_error:  0.411791 %) (beta_change:  4.184367 %) (delta_change:  1.897549 %) (delta_peak/R: 11.121074 %)
iter:   2000 (Jcost: 3.864381e-01) (lr = 2.265e-04) (elapsed time: 1671.769) (secs/iter:  0.726) (n_accepted: 77%) (u_error:  0.411648 %) (beta_change:  4.326451 %) (delta_change:  1.921287 %) (delta_peak/R: 11.076363 %)
-> Saved file: /media/rafael/DATA/Dropbox/20220924_FIML_solver/data/output/field_inversion/Beta_k/u_imp_1000/FI_run_cProp_u_imp_1000_k_imp_1_e_imp_0/FI_run_cProp_u_imp_1000_k_imp_1_e_imp_0_state_iter_2000.dat
iter:   2100 (Jcost: 3.861975e-01) (lr = 2.687e-03) (elapsed time: 1748.462) (secs/iter:  0.767) (n_accepted: 82%) (u_error:  0.411442 %) (beta_change:  4.448030 %) (delta_change:  1.939766 %) (delta_peak/R: 11.038264 %)
iter:   2200 (Jcost: 3.859985e-01) (lr = 4.005e-04) (elapsed time: 1818.990) (secs/iter:  0.705) (n_accepted: 77%) (u_error:  0.411375 %) (beta_change:  4.553733 %) (delta_change:  1.955243 %) (delta_peak/R: 11.007039 %)
iter:   2300 (Jcost: 3.857909e-01) (lr = 3.438e-04) (elapsed time: 1893.219) (secs/iter:  0.742) (n_accepted: 79%) (u_error:  0.411307 %) (beta_change:  4.673000 %) (delta_change:  1.971512 %) (delta_peak/R: 10.973104 %)
iter:   2400 (Jcost: 3.855814e-01) (lr = 2.951e-04) (elapsed time: 1964.424) (secs/iter:  0.712) (n_accepted: 79%) (u_error:  0.411184 %) (beta_change:  4.801935 %) (delta_change:  1.987554 %) (delta_peak/R: 10.937541 %)
iter:   2500 (Jcost: 3.854185e-01) (lr = 8.404e-03) (elapsed time: 2038.845) (secs/iter:  0.744) (n_accepted: 83%) (u_error:  0.411110 %) (beta_change:  4.908843 %) (delta_change:  1.999933 %) (delta_peak/R: 10.909723 %)
-> Saved file: /media/rafael/DATA/Dropbox/20220924_FIML_solver/data/output/field_inversion/Beta_k/u_imp_1000/FI_run_cProp_u_imp_1000_k_imp_1_e_imp_0/FI_run_cProp_u_imp_1000_k_imp_1_e_imp_0_state_iter_2500.dat
iter:   2600 (Jcost: 3.853066e-01) (lr = 5.219e-04) (elapsed time: 2118.221) (secs/iter:  0.794) (n_accepted: 76%) (u_error:  0.411022 %) (beta_change:  4.985192 %) (delta_change:  2.008094 %) (delta_peak/R: 10.890363 %)
iter:   2700 (Jcost: 3.851384e-01) (lr = 1.867e-04) (elapsed time: 2190.881) (secs/iter:  0.727) (n_accepted: 78%) (u_error:  0.410921 %) (beta_change:  5.105620 %) (delta_change:  2.020293 %) (delta_peak/R: 10.861551 %)
iter:   2800 (Jcost: 3.849873e-01) (lr = 3.845e-04) (elapsed time: 2260.891) (secs/iter:  0.700) (n_accepted: 80%) (u_error:  0.410789 %) (beta_change:  5.220374 %) (delta_change:  2.030867 %) (delta_peak/R: 10.835441 %)
iter:   2900 (Jcost: 3.848650e-01) (lr = 3.301e-04) (elapsed time: 2335.024) (secs/iter:  0.741) (n_accepted: 79%) (u_error:  0.410798 %) (beta_change:  5.316826 %) (delta_change:  2.039608 %) (delta_peak/R: 10.815901 %)
iter:   3000 (Jcost: 3.847789e-01) (lr = 6.800e-04) (elapsed time: 2404.663) (secs/iter:  0.696) (n_accepted: 80%) (u_error:  0.410694 %) (beta_change:  5.385514 %) (delta_change:  2.045056 %) (delta_peak/R: 10.801685 %)
-> Saved file: /media/rafael/DATA/Dropbox/20220924_FIML_solver/data/output/field_inversion/Beta_k/u_imp_1000/FI_run_cProp_u_imp_1000_k_imp_1_e_imp_0/FI_run_cProp_u_imp_1000_k_imp_1_e_imp_0_state_iter_3000.dat
iter:   3100 (Jcost: 3.846814e-01) (lr = 2.432e-04) (elapsed time: 2479.793) (secs/iter:  0.751) (n_accepted: 78%) (u_error:  0.410637 %) (beta_change:  5.466864 %) (delta_change:  2.051458 %) (delta_peak/R: 10.786239 %)
iter:   3200 (Jcost: 3.845818e-01) (lr = 5.011e-04) (elapsed time: 2548.585) (secs/iter:  0.688) (n_accepted: 80%) (u_error:  0.410651 %) (beta_change:  5.557161 %) (delta_change:  2.058503 %) (delta_peak/R: 10.770754 %)
iter:   3300 (Jcost: 3.844888e-01) (lr = 1.427e-02) (elapsed time: 2617.877) (secs/iter:  0.693) (n_accepted: 83%) (u_error:  0.410530 %) (beta_change:  5.634905 %) (delta_change:  2.063723 %) (delta_peak/R: 10.757013 %)
iter:   3400 (Jcost: 3.844227e-01) (lr = 3.692e-04) (elapsed time: 2689.056) (secs/iter:  0.712) (n_accepted: 75%) (u_error:  0.410449 %) (beta_change:  5.694488 %) (delta_change:  2.067587 %) (delta_peak/R: 10.747117 %)
iter:   3500 (Jcost: 3.843391e-01) (lr = 3.169e-04) (elapsed time: 2759.607) (secs/iter:  0.705) (n_accepted: 79%) (u_error:  0.410396 %) (beta_change:  5.772763 %) (delta_change:  2.072612 %) (delta_peak/R: 10.735374 %)
-> Saved file: /media/rafael/DATA/Dropbox/20220924_FIML_solver/data/output/field_inversion/Beta_k/u_imp_1000/FI_run_cProp_u_imp_1000_k_imp_1_e_imp_0/FI_run_cProp_u_imp_1000_k_imp_1_e_imp_0_state_iter_3500.dat
iter:   3600 (Jcost: 3.842616e-01) (lr = 2.721e-04) (elapsed time: 2833.600) (secs/iter:  0.740) (n_accepted: 79%) (u_error:  0.410345 %) (beta_change:  5.846915 %) (delta_change:  2.077169 %) (delta_peak/R: 10.724892 %)
iter:   3700 (Jcost: 3.841896e-01) (lr = 2.335e-04) (elapsed time: 2903.614) (secs/iter:  0.700) (n_accepted: 79%) (u_error:  0.410266 %) (beta_change:  5.917782 %) (delta_change:  2.081229 %) (delta_peak/R: 10.715163 %)
iter:   3800 (Jcost: 3.841257e-01) (lr = 2.771e-03) (elapsed time: 2973.151) (secs/iter:  0.695) (n_accepted: 82%) (u_error:  0.410205 %) (beta_change:  5.981998 %) (delta_change:  2.084816 %) (delta_peak/R: 10.706908 %)
iter:   3900 (Jcost: 3.840603e-01) (lr = 2.379e-03) (elapsed time: 3035.850) (secs/iter:  0.627) (n_accepted: 79%) (u_error:  0.410202 %) (beta_change:  6.047371 %) (delta_change:  2.088592 %) (delta_peak/R: 10.699460 %)
iter:   4000 (Jcost: 3.839940e-01) (lr = 8.508e-04) (elapsed time: 3104.294) (secs/iter:  0.684) (n_accepted: 78%) (u_error:  0.410147 %) (beta_change:  6.115536 %) (delta_change:  2.092200 %) (delta_peak/R: 10.691688 %)
-> Saved file: /media/rafael/DATA/Dropbox/20220924_FIML_solver/data/output/field_inversion/Beta_k/u_imp_1000/FI_run_cProp_u_imp_1000_k_imp_1_e_imp_0/FI_run_cProp_u_imp_1000_k_imp_1_e_imp_0_state_iter_4000.dat
iter:   4100 (Jcost: 3.839296e-01) (lr = 1.010e-02) (elapsed time: 3174.594) (secs/iter:  0.703) (n_accepted: 82%) (u_error:  0.410066 %) (beta_change:  6.183509 %) (delta_change:  2.095581 %) (delta_peak/R: 10.684148 %)
iter:   4200 (Jcost: 3.838848e-01) (lr = 3.611e-03) (elapsed time: 3243.193) (secs/iter:  0.686) (n_accepted: 78%) (u_error:  0.410051 %) (beta_change:  6.230450 %) (delta_change:  2.098016 %) (delta_peak/R: 10.679562 %)
iter:   4300 (Jcost: 3.838365e-01) (lr = 1.292e-03) (elapsed time: 3311.644) (secs/iter:  0.685) (n_accepted: 78%) (u_error:  0.410012 %) (beta_change:  6.282217 %) (delta_change:  2.100559 %) (delta_peak/R: 10.674527 %)
iter:   4400 (Jcost: 3.837853e-01) (lr = 1.109e-03) (elapsed time: 3379.261) (secs/iter:  0.676) (n_accepted: 79%) (u_error:  0.409980 %) (beta_change:  6.337520 %) (delta_change:  2.103257 %) (delta_peak/R: 10.669488 %)
iter:   4500 (Jcost: 3.837240e-01) (lr = 1.652e-04) (elapsed time: 3447.408) (secs/iter:  0.681) (n_accepted: 77%) (u_error:  0.409931 %) (beta_change:  6.404696 %) (delta_change:  2.106420 %) (delta_peak/R: 10.663598 %)
-> Saved file: /media/rafael/DATA/Dropbox/20220924_FIML_solver/data/output/field_inversion/Beta_k/u_imp_1000/FI_run_cProp_u_imp_1000_k_imp_1_e_imp_0/FI_run_cProp_u_imp_1000_k_imp_1_e_imp_0_state_iter_4500.dat
iter:   4600 (Jcost: 3.836729e-01) (lr = 8.169e-04) (elapsed time: 3515.503) (secs/iter:  0.681) (n_accepted: 81%) (u_error:  0.409865 %) (beta_change:  6.461723 %) (delta_change:  2.108948 %) (delta_peak/R: 10.658659 %)
iter:   4700 (Jcost: 3.836345e-01) (lr = 4.039e-03) (elapsed time: 3564.612) (secs/iter:  0.491) (n_accepted: 81%) (u_error:  0.409860 %) (beta_change:  6.503990 %) (delta_change:  2.110964 %) (delta_peak/R: 10.655552 %)
iter:   4800 (Jcost: 3.835997e-01) (lr = 2.508e-04) (elapsed time: 3606.589) (secs/iter:  0.420) (n_accepted: 76%) (u_error:  0.409832 %) (beta_change:  6.542932 %) (delta_change:  2.112700 %) (delta_peak/R: 10.652578 %)
iter:   4900 (Jcost: 3.835532e-01) (lr = 2.153e-04) (elapsed time: 3646.962) (secs/iter:  0.404) (n_accepted: 79%) (u_error:  0.409837 %) (beta_change:  6.596860 %) (delta_change:  2.115253 %) (delta_peak/R: 10.649035 %)
iter:   5000 (Jcost: 3.835082e-01) (lr = 2.555e-03) (elapsed time: 3707.237) (secs/iter:  0.603) (n_accepted: 82%) (u_error:  0.409709 %) (beta_change:  6.648315 %) (delta_change:  2.117115 %) (delta_peak/R: 10.644611 %)
-> Saved file: /media/rafael/DATA/Dropbox/20220924_FIML_solver/data/output/field_inversion/Beta_k/u_imp_1000/FI_run_cProp_u_imp_1000_k_imp_1_e_imp_0/FI_run_cProp_u_imp_1000_k_imp_1_e_imp_0_state_iter_5000.dat
iter:   5100 (Jcost: 3.834798e-01) (lr = 2.193e-03) (elapsed time: 3763.612) (secs/iter:  0.564) (n_accepted: 79%) (u_error:  0.409728 %) (beta_change:  6.678676 %) (delta_change:  2.120110 %) (delta_peak/R: 10.642939 %)
iter:   5200 (Jcost: 3.834433e-01) (lr = 7.844e-04) (elapsed time: 3808.820) (secs/iter:  0.452) (n_accepted: 78%) (u_error:  0.409704 %) (beta_change:  6.720156 %) (delta_change:  2.131332 %) (delta_peak/R: 10.640279 %)
iter:   5300 (Jcost: 3.834091e-01) (lr = 6.733e-04) (elapsed time: 3850.591) (secs/iter:  0.418) (n_accepted: 79%) (u_error:  0.409681 %) (beta_change:  6.759198 %) (delta_change:  2.141852 %) (delta_peak/R: 10.637860 %)
iter:   5400 (Jcost: 3.833770e-01) (lr = 2.408e-04) (elapsed time: 3908.232) (secs/iter:  0.576) (n_accepted: 78%) (u_error:  0.409660 %) (beta_change:  6.795989 %) (delta_change:  2.151726 %) (delta_peak/R: 10.635657 %)
iter:   5500 (Jcost: 3.833395e-01) (lr = 4.961e-04) (elapsed time: 3945.217) (secs/iter:  0.370) (n_accepted: 80%) (u_error:  0.409583 %) (beta_change:  6.840234 %) (delta_change:  2.163629 %) (delta_peak/R: 10.632620 %)
-> Saved file: /media/rafael/DATA/Dropbox/20220924_FIML_solver/data/output/field_inversion/Beta_k/u_imp_1000/FI_run_cProp_u_imp_1000_k_imp_1_e_imp_0/FI_run_cProp_u_imp_1000_k_imp_1_e_imp_0_state_iter_5500.dat
iter:   5600 (Jcost: 3.833089e-01) (lr = 1.413e-02) (elapsed time: 4016.255) (secs/iter:  0.710) (n_accepted: 83%) (u_error:  0.409600 %) (beta_change:  6.873822 %) (delta_change:  2.172511 %) (delta_peak/R: 10.631065 %)
iter:   5700 (Jcost: 3.832806e-01) (lr = 8.774e-04) (elapsed time: 4087.277) (secs/iter:  0.710) (n_accepted: 76%) (u_error:  0.409588 %) (beta_change:  6.906165 %) (delta_change:  2.181496 %) (delta_peak/R: 10.629356 %)
iter:   5800 (Jcost: 3.832544e-01) (lr = 1.041e-02) (elapsed time: 4156.726) (secs/iter:  0.694) (n_accepted: 82%) (u_error:  0.409580 %) (beta_change:  6.936407 %) (delta_change:  2.189938 %) (delta_peak/R: 10.627822 %)
iter:   5900 (Jcost: 3.832358e-01) (lr = 1.552e-03) (elapsed time: 4228.046) (secs/iter:  0.713) (n_accepted: 77%) (u_error:  0.409497 %) (beta_change:  6.958919 %) (delta_change:  2.196333 %) (delta_peak/R: 10.625999 %)
iter:   6000 (Jcost: 3.832070e-01) (lr = 3.196e-03) (elapsed time: 4291.900) (secs/iter:  0.639) (n_accepted: 80%) (u_error:  0.409527 %) (beta_change:  6.989896 %) (delta_change:  2.204884 %) (delta_peak/R: 10.624837 %)
-> Saved file: /media/rafael/DATA/Dropbox/20220924_FIML_solver/data/output/field_inversion/Beta_k/u_imp_1000/FI_run_cProp_u_imp_1000_k_imp_1_e_imp_0/FI_run_cProp_u_imp_1000_k_imp_1_e_imp_0_state_iter_6000.dat
iter:   6100 (Jcost: 3.831772e-01) (lr = 1.143e-03) (elapsed time: 4364.951) (secs/iter:  0.731) (n_accepted: 78%) (u_error:  0.409497 %) (beta_change:  7.023515 %) (delta_change:  2.214240 %) (delta_peak/R: 10.623042 %)
iter:   6200 (Jcost: 3.831479e-01) (lr = 4.089e-04) (elapsed time: 4430.476) (secs/iter:  0.655) (n_accepted: 78%) (u_error:  0.409474 %) (beta_change:  7.056525 %) (delta_change:  2.223391 %) (delta_peak/R: 10.621375 %)
iter:   6300 (Jcost: 3.831211e-01) (lr = 1.463e-04) (elapsed time: 4500.834) (secs/iter:  0.704) (n_accepted: 78%) (u_error:  0.409450 %) (beta_change:  7.086482 %) (delta_change:  2.231677 %) (delta_peak/R: 10.619866 %)
iter:   6400 (Jcost: 3.831046e-01) (lr = 1.735e-03) (elapsed time: 4565.088) (secs/iter:  0.643) (n_accepted: 82%) (u_error:  0.409451 %) (beta_change:  7.104850 %) (delta_change:  2.236721 %) (delta_peak/R: 10.619092 %)
iter:   6500 (Jcost: 3.830793e-01) (lr = 6.207e-04) (elapsed time: 4630.512) (secs/iter:  0.654) (n_accepted: 78%) (u_error:  0.409429 %) (beta_change:  7.132820 %) (delta_change:  2.244426 %) (delta_peak/R: 10.617714 %)
-> Saved file: /media/rafael/DATA/Dropbox/20220924_FIML_solver/data/output/field_inversion/Beta_k/u_imp_1000/FI_run_cProp_u_imp_1000_k_imp_1_e_imp_0/FI_run_cProp_u_imp_1000_k_imp_1_e_imp_0_state_iter_6500.dat
iter:   6600 (Jcost: 3.830565e-01) (lr = 5.328e-04) (elapsed time: 4703.268) (secs/iter:  0.728) (n_accepted: 79%) (u_error:  0.409409 %) (beta_change:  7.157799 %) (delta_change:  2.251288 %) (delta_peak/R: 10.616501 %)
iter:   6700 (Jcost: 3.830267e-01) (lr = 1.906e-04) (elapsed time: 4770.104) (secs/iter:  0.668) (n_accepted: 78%) (u_error:  0.409397 %) (beta_change:  7.190399 %) (delta_change:  2.260199 %) (delta_peak/R: 10.615062 %)
iter:   6800 (Jcost: 3.830048e-01) (lr = 5.427e-03) (elapsed time: 4836.074) (secs/iter:  0.660) (n_accepted: 83%) (u_error:  0.409352 %) (beta_change:  7.214181 %) (delta_change:  2.266739 %) (delta_peak/R: 10.613697 %)
iter:   6900 (Jcost: 3.829858e-01) (lr = 1.941e-03) (elapsed time: 4899.919) (secs/iter:  0.638) (n_accepted: 78%) (u_error:  0.409351 %) (beta_change:  7.234261 %) (delta_change:  2.272188 %) (delta_peak/R: 10.612887 %)
iter:   7000 (Jcost: 3.829660e-01) (lr = 1.666e-03) (elapsed time: 4966.630) (secs/iter:  0.667) (n_accepted: 79%) (u_error:  0.409343 %) (beta_change:  7.255173 %) (delta_change:  2.277861 %) (delta_peak/R: 10.611994 %)
-> Saved file: /media/rafael/DATA/Dropbox/20220924_FIML_solver/data/output/field_inversion/Beta_k/u_imp_1000/FI_run_cProp_u_imp_1000_k_imp_1_e_imp_0/FI_run_cProp_u_imp_1000_k_imp_1_e_imp_0_state_iter_7000.dat
iter:   7100 (Jcost: 3.829458e-01) (lr = 8.239e-03) (elapsed time: 5036.075) (secs/iter:  0.694) (n_accepted: 81%) (u_error:  0.409341 %) (beta_change:  7.276553 %) (delta_change:  2.283638 %) (delta_peak/R: 10.611139 %)
iter:   7200 (Jcost: 3.829298e-01) (lr = 7.072e-03) (elapsed time: 5105.764) (secs/iter:  0.697) (n_accepted: 79%) (u_error:  0.409326 %) (beta_change:  7.293076 %) (delta_change:  2.288115 %) (delta_peak/R: 10.610357 %)
iter:   7300 (Jcost: 3.829112e-01) (lr = 2.530e-03) (elapsed time: 5171.434) (secs/iter:  0.657) (n_accepted: 78%) (u_error:  0.409307 %) (beta_change:  7.312212 %) (delta_change:  2.293292 %) (delta_peak/R: 10.609443 %)
iter:   7400 (Jcost: 3.828939e-01) (lr = 2.171e-03) (elapsed time: 5238.781) (secs/iter:  0.673) (n_accepted: 79%) (u_error:  0.409293 %) (beta_change:  7.329849 %) (delta_change:  2.298047 %) (delta_peak/R: 10.608634 %)
iter:   7500 (Jcost: 3.828754e-01) (lr = 3.236e-04) (elapsed time: 5305.539) (secs/iter:  0.668) (n_accepted: 77%) (u_error:  0.409291 %) (beta_change:  7.348552 %) (delta_change:  2.303057 %) (delta_peak/R: 10.607898 %)
-> Saved file: /media/rafael/DATA/Dropbox/20220924_FIML_solver/data/output/field_inversion/Beta_k/u_imp_1000/FI_run_cProp_u_imp_1000_k_imp_1_e_imp_0/FI_run_cProp_u_imp_1000_k_imp_1_e_imp_0_state_iter_7500.dat
iter:   7600 (Jcost: 3.828586e-01) (lr = 2.778e-04) (elapsed time: 5377.608) (secs/iter:  0.721) (n_accepted: 79%) (u_error:  0.409268 %) (beta_change:  7.365281 %) (delta_change:  2.307561 %) (delta_peak/R: 10.607056 %)
iter:   7700 (Jcost: 3.828408e-01) (lr = 2.384e-04) (elapsed time: 5445.410) (secs/iter:  0.678) (n_accepted: 79%) (u_error:  0.409255 %) (beta_change:  7.382793 %) (delta_change:  2.312249 %) (delta_peak/R: 10.606266 %)
iter:   7800 (Jcost: 3.828224e-01) (lr = 4.912e-04) (elapsed time: 5510.139) (secs/iter:  0.647) (n_accepted: 80%) (u_error:  0.409268 %) (beta_change:  7.400978 %) (delta_change:  2.317062 %) (delta_peak/R: 10.605686 %)
iter:   7900 (Jcost: 3.828089e-01) (lr = 5.829e-03) (elapsed time: 5574.015) (secs/iter:  0.639) (n_accepted: 82%) (u_error:  0.409239 %) (beta_change:  7.413664 %) (delta_change:  2.320475 %) (delta_peak/R: 10.604939 %)
iter:   8000 (Jcost: 3.827952e-01) (lr = 8.687e-04) (elapsed time: 5614.627) (secs/iter:  0.406) (n_accepted: 77%) (u_error:  0.409231 %) (beta_change:  7.426598 %) (delta_change:  2.323911 %) (delta_peak/R: 10.604378 %)
-> Saved file: /media/rafael/DATA/Dropbox/20220924_FIML_solver/data/output/field_inversion/Beta_k/u_imp_1000/FI_run_cProp_u_imp_1000_k_imp_1_e_imp_0/FI_run_cProp_u_imp_1000_k_imp_1_e_imp_0_state_iter_8000.dat
iter:   8100 (Jcost: 3.827787e-01) (lr = 1.295e-04) (elapsed time: 5677.612) (secs/iter:  0.630) (n_accepted: 77%) (u_error:  0.409218 %) (beta_change:  7.442113 %) (delta_change:  2.328032 %) (delta_peak/R: 10.603664 %)
iter:   8200 (Jcost: 3.827636e-01) (lr = 1.536e-03) (elapsed time: 5740.937) (secs/iter:  0.633) (n_accepted: 82%) (u_error:  0.409193 %) (beta_change:  7.456221 %) (delta_change:  2.331791 %) (delta_peak/R: 10.602899 %)
iter:   8300 (Jcost: 3.827508e-01) (lr = 7.596e-03) (elapsed time: 5802.353) (secs/iter:  0.614) (n_accepted: 81%) (u_error:  0.409204 %) (beta_change:  7.467696 %) (delta_change:  2.334790 %) (delta_peak/R: 10.602558 %)
iter:   8400 (Jcost: 3.827361e-01) (lr = 2.717e-03) (elapsed time: 5855.724) (secs/iter:  0.534) (n_accepted: 78%) (u_error:  0.409195 %) (beta_change:  7.480933 %) (delta_change:  2.338279 %) (delta_peak/R: 10.601970 %)
iter:   8500 (Jcost: 3.827217e-01) (lr = 4.049e-04) (elapsed time: 5923.634) (secs/iter:  0.679) (n_accepted: 77%) (u_error:  0.409188 %) (beta_change:  7.493780 %) (delta_change:  2.341654 %) (delta_peak/R: 10.601415 %)
-> Saved file: /media/rafael/DATA/Dropbox/20220924_FIML_solver/data/output/field_inversion/Beta_k/u_imp_1000/FI_run_cProp_u_imp_1000_k_imp_1_e_imp_0/FI_run_cProp_u_imp_1000_k_imp_1_e_imp_0_state_iter_8500.dat
iter:   8600 (Jcost: 3.827077e-01) (lr = 3.475e-04) (elapsed time: 5995.168) (secs/iter:  0.715) (n_accepted: 79%) (u_error:  0.409180 %) (beta_change:  7.505993 %) (delta_change:  2.344858 %) (delta_peak/R: 10.600871 %)
iter:   8700 (Jcost: 3.826949e-01) (lr = 1.243e-04) (elapsed time: 6062.633) (secs/iter:  0.675) (n_accepted: 78%) (u_error:  0.409169 %) (beta_change:  7.517038 %) (delta_change:  2.347755 %) (delta_peak/R: 10.600349 %)
iter:   8800 (Jcost: 3.826796e-01) (lr = 8.496e-03) (elapsed time: 6121.505) (secs/iter:  0.589) (n_accepted: 84%) (u_error:  0.409149 %) (beta_change:  7.530065 %) (delta_change:  2.351178 %) (delta_peak/R: 10.599656 %)
iter:   8900 (Jcost: 3.826668e-01) (lr = 3.039e-03) (elapsed time: 6185.302) (secs/iter:  0.638) (n_accepted: 78%) (u_error:  0.409151 %) (beta_change:  7.540719 %) (delta_change:  2.353939 %) (delta_peak/R: 10.599260 %)
iter:   9000 (Jcost: 3.826532e-01) (lr = 1.887e-04) (elapsed time: 6248.618) (secs/iter:  0.633) (n_accepted: 76%) (u_error:  0.409141 %) (beta_change:  7.557480 %) (delta_change:  2.356856 %) (delta_peak/R: 10.598727 %)
-> Saved file: /media/rafael/DATA/Dropbox/20220924_FIML_solver/data/output/field_inversion/Beta_k/u_imp_1000/FI_run_cProp_u_imp_1000_k_imp_1_e_imp_0/FI_run_cProp_u_imp_1000_k_imp_1_e_imp_0_state_iter_9000.dat
iter:   9100 (Jcost: 3.826409e-01) (lr = 1.290e-02) (elapsed time: 6317.527) (secs/iter:  0.689) (n_accepted: 84%) (u_error:  0.409153 %) (beta_change:  7.580006 %) (delta_change:  2.359418 %) (delta_peak/R: 10.598445 %)
iter:   9200 (Jcost: 3.826315e-01) (lr = 3.337e-04) (elapsed time: 6382.954) (secs/iter:  0.654) (n_accepted: 75%) (u_error:  0.409141 %) (beta_change:  7.596991 %) (delta_change:  2.361347 %) (delta_peak/R: 10.598040 %)
iter:   9300 (Jcost: 3.826192e-01) (lr = 2.864e-04) (elapsed time: 6446.764) (secs/iter:  0.638) (n_accepted: 79%) (u_error:  0.409124 %) (beta_change:  7.619390 %) (delta_change:  2.363852 %) (delta_peak/R: 10.597502 %)
iter:   9400 (Jcost: 3.826081e-01) (lr = 2.459e-04) (elapsed time: 6514.289) (secs/iter:  0.675) (n_accepted: 79%) (u_error:  0.409122 %) (beta_change:  7.639637 %) (delta_change:  2.366058 %) (delta_peak/R: 10.597136 %)
iter:   9500 (Jcost: 3.825940e-01) (lr = 7.002e-03) (elapsed time: 6575.237) (secs/iter:  0.609) (n_accepted: 83%) (u_error:  0.409105 %) (beta_change:  7.665545 %) (delta_change:  2.369003 %) (delta_peak/R: 10.596547 %)
-> Saved file: /media/rafael/DATA/Dropbox/20220924_FIML_solver/data/output/field_inversion/Beta_k/u_imp_1000/FI_run_cProp_u_imp_1000_k_imp_1_e_imp_0/FI_run_cProp_u_imp_1000_k_imp_1_e_imp_0_state_iter_9500.dat
iter:   9600 (Jcost: 3.825844e-01) (lr = 6.011e-03) (elapsed time: 6644.623) (secs/iter:  0.694) (n_accepted: 79%) (u_error:  0.409113 %) (beta_change:  7.682997 %) (delta_change:  2.370977 %) (delta_peak/R: 10.596331 %)
iter:   9700 (Jcost: 3.825748e-01) (lr = 2.150e-03) (elapsed time: 6707.574) (secs/iter:  0.630) (n_accepted: 78%) (u_error:  0.409103 %) (beta_change:  7.700429 %) (delta_change:  2.372947 %) (delta_peak/R: 10.595949 %)
iter:   9800 (Jcost: 3.825634e-01) (lr = 1.845e-03) (elapsed time: 6771.896) (secs/iter:  0.643) (n_accepted: 79%) (u_error:  0.409102 %) (beta_change:  7.721182 %) (delta_change:  2.375237 %) (delta_peak/R: 10.595604 %)
iter:   9900 (Jcost: 3.825525e-01) (lr = 1.584e-03) (elapsed time: 6834.529) (secs/iter:  0.626) (n_accepted: 79%) (u_error:  0.409093 %) (beta_change:  7.741065 %) (delta_change:  2.377404 %) (delta_peak/R: 10.595197 %)
iter:  10000 (Jcost: 3.825404e-01) (lr = 2.361e-04) (elapsed time: 6897.544) (secs/iter:  0.630) (n_accepted: 77%) (u_error:  0.409074 %) (beta_change:  7.763481 %) (delta_change:  2.379816 %) (delta_peak/R: 10.594662 %)
-> Saved file: /media/rafael/DATA/Dropbox/20220924_FIML_solver/data/output/field_inversion/Beta_k/u_imp_1000/FI_run_cProp_u_imp_1000_k_imp_1_e_imp_0/FI_run_cProp_u_imp_1000_k_imp_1_e_imp_0_state_iter_10000.dat
iter:  10100 (Jcost: 3.825295e-01) (lr = 6.723e-03) (elapsed time: 6964.252) (secs/iter:  0.667) (n_accepted: 83%) (u_error:  0.409105 %) (beta_change:  7.783608 %) (delta_change:  2.381869 %) (delta_peak/R: 10.594623 %)
iter:  10200 (Jcost: 3.825215e-01) (lr = 2.405e-03) (elapsed time: 7028.043) (secs/iter:  0.638) (n_accepted: 78%) (u_error:  0.409074 %) (beta_change:  7.797646 %) (delta_change:  2.383353 %) (delta_peak/R: 10.594121 %)
iter:  10300 (Jcost: 3.825123e-01) (lr = 3.584e-04) (elapsed time: 7088.383) (secs/iter:  0.603) (n_accepted: 77%) (u_error:  0.409074 %) (beta_change:  7.814234 %) (delta_change:  2.385030 %) (delta_peak/R: 10.593858 %)
iter:  10400 (Jcost: 3.825016e-01) (lr = 1.282e-04) (elapsed time: 7126.211) (secs/iter:  0.378) (n_accepted: 78%) (u_error:  0.409067 %) (beta_change:  7.833658 %) (delta_change:  2.386969 %) (delta_peak/R: 10.593493 %)
iter:  10500 (Jcost: 3.824909e-01) (lr = 6.337e-04) (elapsed time: 7163.307) (secs/iter:  0.371) (n_accepted: 81%) (u_error:  0.409045 %) (beta_change:  7.853474 %) (delta_change:  2.388931 %) (delta_peak/R: 10.592989 %)
-> Saved file: /media/rafael/DATA/Dropbox/20220924_FIML_solver/data/output/field_inversion/Beta_k/u_imp_1000/FI_run_cProp_u_imp_1000_k_imp_1_e_imp_0/FI_run_cProp_u_imp_1000_k_imp_1_e_imp_0_state_iter_10500.dat
iter:  10600 (Jcost: 3.824815e-01) (lr = 7.520e-03) (elapsed time: 7225.357) (secs/iter:  0.620) (n_accepted: 82%) (u_error:  0.409058 %) (beta_change:  7.870125 %) (delta_change:  2.390505 %) (delta_peak/R: 10.592846 %)
iter:  10700 (Jcost: 3.824734e-01) (lr = 2.690e-03) (elapsed time: 7289.401) (secs/iter:  0.640) (n_accepted: 78%) (u_error:  0.409054 %) (beta_change:  7.884735 %) (delta_change:  2.391885 %) (delta_peak/R: 10.592584 %)
iter:  10800 (Jcost: 3.824643e-01) (lr = 9.620e-04) (elapsed time: 7351.881) (secs/iter:  0.625) (n_accepted: 78%) (u_error:  0.409047 %) (beta_change:  7.901128 %) (delta_change:  2.393411 %) (delta_peak/R: 10.592274 %)
iter:  10900 (Jcost: 3.824541e-01) (lr = 3.441e-04) (elapsed time: 7410.813) (secs/iter:  0.589) (n_accepted: 78%) (u_error:  0.409045 %) (beta_change:  7.919464 %) (delta_change:  2.395080 %) (delta_peak/R: 10.591979 %)
iter:  11000 (Jcost: 3.824451e-01) (lr = 1.231e-04) (elapsed time: 7475.307) (secs/iter:  0.645) (n_accepted: 78%) (u_error:  0.409042 %) (beta_change:  7.935585 %) (delta_change:  2.396520 %) (delta_peak/R: 10.591713 %)
-> Saved file: /media/rafael/DATA/Dropbox/20220924_FIML_solver/data/output/field_inversion/Beta_k/u_imp_1000/FI_run_cProp_u_imp_1000_k_imp_1_e_imp_0/FI_run_cProp_u_imp_1000_k_imp_1_e_imp_0_state_iter_11000.dat
iter:  11100 (Jcost: 3.824344e-01) (lr = 3.505e-03) (elapsed time: 7539.614) (secs/iter:  0.643) (n_accepted: 83%) (u_error:  0.409030 %) (beta_change:  7.954871 %) (delta_change:  2.398223 %) (delta_peak/R: 10.591315 %)
iter:  11200 (Jcost: 3.824269e-01) (lr = 7.221e-03) (elapsed time: 7602.528) (secs/iter:  0.629) (n_accepted: 80%) (u_error:  0.409038 %) (beta_change:  7.968341 %) (delta_change:  2.399366 %) (delta_peak/R: 10.591180 %)
iter:  11300 (Jcost: 3.824198e-01) (lr = 2.583e-03) (elapsed time: 7665.379) (secs/iter:  0.629) (n_accepted: 78%) (u_error:  0.409031 %) (beta_change:  7.981013 %) (delta_change:  2.400445 %) (delta_peak/R: 10.590934 %)
iter:  11400 (Jcost: 3.824115e-01) (lr = 9.237e-04) (elapsed time: 7728.132) (secs/iter:  0.628) (n_accepted: 78%) (u_error:  0.409031 %) (beta_change:  7.995663 %) (delta_change:  2.401662 %) (delta_peak/R: 10.590715 %)
iter:  11500 (Jcost: 3.824028e-01) (lr = 1.096e-02) (elapsed time: 7790.956) (secs/iter:  0.628) (n_accepted: 82%) (u_error:  0.409019 %) (beta_change:  8.011288 %) (delta_change:  2.402953 %) (delta_peak/R: 10.590379 %)
-> Saved file: /media/rafael/DATA/Dropbox/20220924_FIML_solver/data/output/field_inversion/Beta_k/u_imp_1000/FI_run_cProp_u_imp_1000_k_imp_1_e_imp_0/FI_run_cProp_u_imp_1000_k_imp_1_e_imp_0_state_iter_11500.dat
iter:  11600 (Jcost: 3.823964e-01) (lr = 1.634e-03) (elapsed time: 7859.713) (secs/iter:  0.688) (n_accepted: 77%) (u_error:  0.409022 %) (beta_change:  8.022528 %) (delta_change:  2.403849 %) (delta_peak/R: 10.590242 %)
iter:  11700 (Jcost: 3.823884e-01) (lr = 5.843e-04) (elapsed time: 7923.699) (secs/iter:  0.640) (n_accepted: 78%) (u_error:  0.409019 %) (beta_change:  8.036713 %) (delta_change:  2.404972 %) (delta_peak/R: 10.590015 %)
iter:  11800 (Jcost: 3.823810e-01) (lr = 5.015e-04) (elapsed time: 7976.710) (secs/iter:  0.530) (n_accepted: 79%) (u_error:  0.408991 %) (beta_change:  8.050695 %) (delta_change:  2.406098 %) (delta_peak/R: 10.589560 %)
iter:  11900 (Jcost: 3.823747e-01) (lr = 2.480e-03) (elapsed time: 8040.144) (secs/iter:  0.634) (n_accepted: 81%) (u_error:  0.409013 %) (beta_change:  8.060858 %) (delta_change:  2.406838 %) (delta_peak/R: 10.589613 %)
iter:  12000 (Jcost: 3.823670e-01) (lr = 2.129e-03) (elapsed time: 8101.442) (secs/iter:  0.613) (n_accepted: 79%) (u_error:  0.409006 %) (beta_change:  8.074483 %) (delta_change:  2.407871 %) (delta_peak/R: 10.589355 %)
-> Saved file: /media/rafael/DATA/Dropbox/20220924_FIML_solver/data/output/field_inversion/Beta_k/u_imp_1000/FI_run_cProp_u_imp_1000_k_imp_1_e_imp_0/FI_run_cProp_u_imp_1000_k_imp_1_e_imp_0_state_iter_12000.dat
iter:  12100 (Jcost: 3.823602e-01) (lr = 7.613e-04) (elapsed time: 8142.947) (secs/iter:  0.415) (n_accepted: 78%) (u_error:  0.409007 %) (beta_change:  8.086499 %) (delta_change:  2.408756 %) (delta_peak/R: 10.589185 %)
iter:  12200 (Jcost: 3.823506e-01) (lr = 1.135e-04) (elapsed time: 8187.514) (secs/iter:  0.446) (n_accepted: 77%) (u_error:  0.409002 %) (beta_change:  8.103157 %) (delta_change:  2.409968 %) (delta_peak/R: 10.588905 %)
iter:  12300 (Jcost: 3.823436e-01) (lr = 3.231e-03) (elapsed time: 8225.473) (secs/iter:  0.380) (n_accepted: 83%) (u_error:  0.408985 %) (beta_change:  8.115711 %) (delta_change:  2.410883 %) (delta_peak/R: 10.588577 %)
iter:  12400 (Jcost: 3.823363e-01) (lr = 6.657e-03) (elapsed time: 8264.447) (secs/iter:  0.390) (n_accepted: 80%) (u_error:  0.408982 %) (beta_change:  8.128493 %) (delta_change:  2.411777 %) (delta_peak/R: 10.588364 %)
iter:  12500 (Jcost: 3.823308e-01) (lr = 5.714e-03) (elapsed time: 8307.071) (secs/iter:  0.426) (n_accepted: 79%) (u_error:  0.408995 %) (beta_change:  8.137720 %) (delta_change:  2.412387 %) (delta_peak/R: 10.588354 %)
-> Saved file: /media/rafael/DATA/Dropbox/20220924_FIML_solver/data/output/field_inversion/Beta_k/u_imp_1000/FI_run_cProp_u_imp_1000_k_imp_1_e_imp_0/FI_run_cProp_u_imp_1000_k_imp_1_e_imp_0_state_iter_12500.dat
iter:  12600 (Jcost: 3.823229e-01) (lr = 8.516e-04) (elapsed time: 8368.532) (secs/iter:  0.615) (n_accepted: 77%) (u_error:  0.408995 %) (beta_change:  8.151381 %) (delta_change:  2.413306 %) (delta_peak/R: 10.588162 %)
iter:  12700 (Jcost: 3.823151e-01) (lr = 1.269e-04) (elapsed time: 8420.000) (secs/iter:  0.515) (n_accepted: 77%) (u_error:  0.408992 %) (beta_change:  8.164766 %) (delta_change:  2.414192 %) (delta_peak/R: 10.587948 %)
iter:  12800 (Jcost: 3.823094e-01) (lr = 1.506e-03) (elapsed time: 8461.743) (secs/iter:  0.417) (n_accepted: 82%) (u_error:  0.408986 %) (beta_change:  8.174612 %) (delta_change:  2.414838 %) (delta_peak/R: 10.587760 %)
iter:  12900 (Jcost: 3.823028e-01) (lr = 1.293e-03) (elapsed time: 8502.829) (secs/iter:  0.411) (n_accepted: 79%) (u_error:  0.408984 %) (beta_change:  8.185938 %) (delta_change:  2.415562 %) (delta_peak/R: 10.587579 %)
iter:  13000 (Jcost: 3.822950e-01) (lr = 4.624e-04) (elapsed time: 8546.904) (secs/iter:  0.441) (n_accepted: 78%) (u_error:  0.408980 %) (beta_change:  8.199176 %) (delta_change:  2.416393 %) (delta_peak/R: 10.587360 %)
-> Saved file: /media/rafael/DATA/Dropbox/20220924_FIML_solver/data/output/field_inversion/Beta_k/u_imp_1000/FI_run_cProp_u_imp_1000_k_imp_1_e_imp_0/FI_run_cProp_u_imp_1000_k_imp_1_e_imp_0_state_iter_13000.dat
iter:  13100 (Jcost: 3.822899e-01) (lr = 5.487e-03) (elapsed time: 8590.033) (secs/iter:  0.431) (n_accepted: 82%) (u_error:  0.408979 %) (beta_change:  8.207928 %) (delta_change:  2.416930 %) (delta_peak/R: 10.587230 %)
iter:  13200 (Jcost: 3.822837e-01) (lr = 1.420e-04) (elapsed time: 8638.718) (secs/iter:  0.487) (n_accepted: 75%) (u_error:  0.408976 %) (beta_change:  8.218343 %) (delta_change:  2.417562 %) (delta_peak/R: 10.587057 %)
iter:  13300 (Jcost: 3.822771e-01) (lr = 2.924e-04) (elapsed time: 8685.341) (secs/iter:  0.466) (n_accepted: 80%) (u_error:  0.408972 %) (beta_change:  8.229608 %) (delta_change:  2.418234 %) (delta_peak/R: 10.586870 %)
iter:  13400 (Jcost: 3.822723e-01) (lr = 3.470e-03) (elapsed time: 8744.530) (secs/iter:  0.592) (n_accepted: 82%) (u_error:  0.408978 %) (beta_change:  8.237576 %) (delta_change:  2.418688 %) (delta_peak/R: 10.586809 %)
iter:  13500 (Jcost: 3.822669e-01) (lr = 2.979e-03) (elapsed time: 8806.609) (secs/iter:  0.621) (n_accepted: 79%) (u_error:  0.408984 %) (beta_change:  8.246937 %) (delta_change:  2.419213 %) (delta_peak/R: 10.586736 %)
-> Saved file: /media/rafael/DATA/Dropbox/20220924_FIML_solver/data/output/field_inversion/Beta_k/u_imp_1000/FI_run_cProp_u_imp_1000_k_imp_1_e_imp_0/FI_run_cProp_u_imp_1000_k_imp_1_e_imp_0_state_iter_13500.dat
iter:  13600 (Jcost: 3.822606e-01) (lr = 1.473e-02) (elapsed time: 8873.946) (secs/iter:  0.673) (n_accepted: 81%) (u_error:  0.408948 %) (beta_change:  8.257840 %) (delta_change:  2.419885 %) (delta_peak/R: 10.586258 %)
iter:  13700 (Jcost: 3.822562e-01) (lr = 2.195e-03) (elapsed time: 8916.369) (secs/iter:  0.424) (n_accepted: 77%) (u_error:  0.408964 %) (beta_change:  8.264664 %) (delta_change:  2.420234 %) (delta_peak/R: 10.586316 %)
iter:  13800 (Jcost: 3.822502e-01) (lr = 3.271e-04) (elapsed time: 8973.088) (secs/iter:  0.567) (n_accepted: 77%) (u_error:  0.408963 %) (beta_change:  8.274653 %) (delta_change:  2.420780 %) (delta_peak/R: 10.586166 %)
iter:  13900 (Jcost: 3.822437e-01) (lr = 1.170e-04) (elapsed time: 9029.362) (secs/iter:  0.563) (n_accepted: 78%) (u_error:  0.408962 %) (beta_change:  8.285351 %) (delta_change:  2.421353 %) (delta_peak/R: 10.586009 %)
iter:  14000 (Jcost: 3.822386e-01) (lr = 7.997e-03) (elapsed time: 9091.443) (secs/iter:  0.621) (n_accepted: 84%) (u_error:  0.408964 %) (beta_change:  8.293720 %) (delta_change:  2.421787 %) (delta_peak/R: 10.585915 %)
-> Saved file: /media/rafael/DATA/Dropbox/20220924_FIML_solver/data/output/field_inversion/Beta_k/u_imp_1000/FI_run_cProp_u_imp_1000_k_imp_1_e_imp_0/FI_run_cProp_u_imp_1000_k_imp_1_e_imp_0_state_iter_14000.dat
iter:  14100 (Jcost: 3.822336e-01) (lr = 2.860e-03) (elapsed time: 9157.498) (secs/iter:  0.661) (n_accepted: 78%) (u_error:  0.408960 %) (beta_change:  8.301966 %) (delta_change:  2.422217 %) (delta_peak/R: 10.585770 %)
iter:  14200 (Jcost: 3.822276e-01) (lr = 1.023e-03) (elapsed time: 9193.444) (secs/iter:  0.359) (n_accepted: 78%) (u_error:  0.408956 %) (beta_change:  8.311845 %) (delta_change:  2.422725 %) (delta_peak/R: 10.585591 %)
iter:  14300 (Jcost: 3.822208e-01) (lr = 3.659e-04) (elapsed time: 9254.395) (secs/iter:  0.610) (n_accepted: 78%) (u_error:  0.408955 %) (beta_change:  8.322859 %) (delta_change:  2.423272 %) (delta_peak/R: 10.585432 %)
iter:  14400 (Jcost: 3.822143e-01) (lr = 3.141e-04) (elapsed time: 9316.614) (secs/iter:  0.622) (n_accepted: 79%) (u_error:  0.408954 %) (beta_change:  8.333446 %) (delta_change:  2.423785 %) (delta_peak/R: 10.585282 %)
iter:  14500 (Jcost: 3.822096e-01) (lr = 8.945e-03) (elapsed time: 9378.004) (secs/iter:  0.614) (n_accepted: 83%) (u_error:  0.408948 %) (beta_change:  8.341077 %) (delta_change:  2.424156 %) (delta_peak/R: 10.585126 %)
-> Saved file: /media/rafael/DATA/Dropbox/20220924_FIML_solver/data/output/field_inversion/Beta_k/u_imp_1000/FI_run_cProp_u_imp_1000_k_imp_1_e_imp_0/FI_run_cProp_u_imp_1000_k_imp_1_e_imp_0_state_iter_14500.dat
iter:  14600 (Jcost: 3.822051e-01) (lr = 2.314e-04) (elapsed time: 9446.315) (secs/iter:  0.683) (n_accepted: 75%) (u_error:  0.408945 %) (beta_change:  8.348283 %) (delta_change:  2.424497 %) (delta_peak/R: 10.585000 %)
iter:  14700 (Jcost: 3.821998e-01) (lr = 1.987e-04) (elapsed time: 9508.336) (secs/iter:  0.620) (n_accepted: 79%) (u_error:  0.408948 %) (beta_change:  8.356659 %) (delta_change:  2.424878 %) (delta_peak/R: 10.584904 %)
iter:  14800 (Jcost: 3.821941e-01) (lr = 4.093e-04) (elapsed time: 9565.229) (secs/iter:  0.569) (n_accepted: 80%) (u_error:  0.408953 %) (beta_change:  8.365903 %) (delta_change:  2.425285 %) (delta_peak/R: 10.584822 %)
iter:  14900 (Jcost: 3.821889e-01) (lr = 1.166e-02) (elapsed time: 9623.921) (secs/iter:  0.587) (n_accepted: 83%) (u_error:  0.408943 %) (beta_change:  8.374024 %) (delta_change:  2.425658 %) (delta_peak/R: 10.584628 %)
iter:  15000 (Jcost: 3.821841e-01) (lr = 1.737e-03) (elapsed time: 9663.155) (secs/iter:  0.392) (n_accepted: 77%) (u_error:  0.408943 %) (beta_change:  8.381652 %) (delta_change:  2.425989 %) (delta_peak/R: 10.584515 %)
-> Saved file: /media/rafael/DATA/Dropbox/20220924_FIML_solver/data/output/field_inversion/Beta_k/u_imp_1000/FI_run_cProp_u_imp_1000_k_imp_1_e_imp_0/FI_run_cProp_u_imp_1000_k_imp_1_e_imp_0_state_iter_15000.dat
iter:  15000 (Jcost: 3.821840e-01) (lr = 2.084e-03) (elapsed time: 9665.796) (secs/iter:   None) (n_accepted: 0%) (u_error:  0.408943 %) (beta_change:  8.381718 %) (delta_change:  2.425990 %) (delta_peak/R: 10.584523 %)
