# ------------------------------------------------------------------------
#                  Input Arguments
# ------------------------------------------------------------------------
# Begin_Input_Arguments
{ 'all_b_mode': ['Beta_k', 'Beta_e'],
  'args_mk_solver': { 'torch': "<module 'torch' from "
                               "'/home/rafael/anaconda3/lib/python3.9/site-packages/torch/__init__.py'>",
                      'y_grid': [0.0, 0.000309700312, 0.000638645973, 0.00098802599, 0.00135910194, 0.00175321227, 0.00217177688, 0.00261630193, 0.00308838486, 0.00358971984, 0.00412210331, 0.00468744001, 0.00528774917, 0.00592517114, 0.00660197432, 0.0073205624, 0.00808348206, 0.00889343092, 0.00975326602, 0.0106660126, 0.0116348733, 0.0126632377, 0.0137546927, 0.0149130326, 0.0161422702, 0.0174466482, 0.0188306506, 0.0202990157, 0.0218567475, 0.02350913, 0.0252617393, 0.0271204584, 0.0290914903, 0.0311813732, 0.033396994, 0.0357456039, 0.0382348325, 0.0408727029, 0.0436676462, 0.0466285159, 0.0497646022, 0.0530856456, 0.0566018496, 0.0603238931, 0.0642629411, 0.068430655, 0.0728392004, 0.0775012535, 0.0824300053, 0.0876391634, 0.0931429507, 0.0989561006, 0.105093849, 0.111571922, 0.118406518, 0.125614286, 0.133212296, 0.141218006, 0.14964922, 0.158524039, 0.167860801, 0.177678022, 0.187994313, 0.1988283, 0.21019853, 0.222123362, 0.234620856, 0.247708641, 0.261403784, 0.275722637, 0.290680679, 0.306292354, 0.322570888, 0.339528108, 0.357174255, 0.375517785, 0.394565175, 0.414320726, 0.43478637, 0.45596148, 0.47784269, 0.500423731, 0.523695275, 0.547644806, 0.572256506, 0.597511177, 0.623386184, 0.649855436, 0.676889401, 0.704455158, 0.73251649, 0.761034018, 0.789965372, 0.819265404, 0.848886442, 0.878778572, 0.908889961, 0.939167201, 0.969555687, 1.0],
                      'Ret': 395,
                      'cp': 1.0,
                      'A_sca_rho': 1.0,
                      'A_sca_mu': 0.002531645569620253,
                      'A_sca_k': 0.002531645569620253,
                      'b_exp_rho': 0,
                      'b_exp_mu': 0,
                      'b_exp_k': 0,
                      'tensor_device': 'cpu',
                      'as_tensor': '<function '
                                   'Build_arguments_fi_run._mk_args_MK_solver.<locals>.<lambda> '
                                   'at 0x7fd716dbb5e0>',
                      'ref_dns': { 'u_dns': [-1.1621891653647745e-17, 0.12038147061592142, 0.2486667194193228, 0.3853316777014896, 0.5308664780141247, 0.6857717402547939, 0.8505535450121167, 1.0257167446173359, 1.2117562114235156, 1.4091456291899656, 1.6183238869359076, 1.8397511203786363, 2.0739846083524762, 2.3215858175559485, 2.5830998617461347, 2.8590281200741208, 3.1496935262525536, 3.4552359470531533, 3.7756142665572257, 4.110583303842652, 4.45969946165573, 4.822206882730351, 5.197035265506851, 5.583025879652095, 5.978686814446167, 6.382207543471064, 6.791570648443869, 7.2043873700132925, 7.618385062963329, 8.03118634310432, 8.44041357554915, 8.84371142714813, 9.238979314381995, 9.624420091437981, 9.998469678649556, 10.35979096526142, 10.707129584683727, 11.039995370680495, 11.358551726082448, 11.662349268071521, 11.950718757107493, 12.223954157654832, 12.483709539516381, 12.729468296591788, 12.96189725891004, 13.181956912817093, 13.390830787523823, 13.589209456905074, 13.77774548120034, 13.957142176959408, 14.128008166098704, 14.292972400407937, 14.451390315255287, 14.604479160838446, 14.752729261499471, 14.897697302804033, 15.039633734259159, 15.178810140910235, 15.315947154448178, 15.451877409291745, 15.58669225918589, 15.721138532227114, 15.854113944398788, 15.987734105521263, 16.121146738748497, 16.254797365725366, 16.390071930809857, 16.524387395782732, 16.661463094046834, 16.798449310680184, 16.935625193579543, 17.073748174616334, 17.21187841549901, 17.35116308134969, 17.490589767101305, 17.630331843371298, 17.770657796637234, 17.910695071912688, 18.050115139616302, 18.189517885217317, 18.32769582858952, 18.464841616619317, 18.60232210083399, 18.737956916045317, 18.870869207741464, 19.001600969032044, 19.12847102790439, 19.2508118593921, 19.36853072042538, 19.481329243880012, 19.588082521880576, 19.686505896880114, 19.777464171831337, 19.858088464867063, 19.927955576763132, 19.98636731139984, 20.032412099278943, 20.065798107151412, 20.085227943575234, 20.092280221845982],
                                   'T_dns': [1.0, 1.0054168528182075, 1.0111892962951508, 1.0173388130340817, 1.0238875533374603, 1.0308581760577802, 1.038273632259914, 1.0461568763752858, 1.0545304873210575, 1.063416182446312, 1.0728342242475137, 1.0828056393146548, 1.0933552273933103, 1.104507706787982, 1.116286773847495, 1.1287138246039798, 1.1418020678500613, 1.1555561605518632, 1.1699720933427529, 1.1850375840993346, 1.200735906860395, 1.2170387130493567, 1.2339014140607178, 1.2512581885103229, 1.2690181325379986, 1.287088741319823, 1.3054054302266418, 1.3238929976112008, 1.342431658848353, 1.360870263513284, 1.3790997791952193, 1.397047949236261, 1.4146313584437984, 1.431761278275473, 1.4483587373565916, 1.4643623677516326, 1.4797384612603242, 1.494473409424734, 1.508558496762553, 1.5219502031919958, 1.5346836754995963, 1.5467957301326059, 1.5582499134154453, 1.569206687024354, 1.5795728055559435, 1.5893775176201004, 1.5987815903998888, 1.6077745001500987, 1.616297234691477, 1.6244646808727117, 1.6323569959770459, 1.6398761731000604, 1.647174520995295, 1.654288889365429, 1.6611891912578163, 1.6678853125030262, 1.674449470427603, 1.680971934865867, 1.6872570539729184, 1.6934178543768799, 1.6996246511056405, 1.7055444730030138, 1.7115323049608075, 1.7174212239002198, 1.7232113971651495, 1.7290349517100991, 1.7347599758705545, 1.7404252448428215, 1.746047374646889, 1.7516535825175776, 1.7572424028311684, 1.7627378999831622, 1.7682097929452725, 1.773712007084633, 1.7791755564288452, 1.784550175366191, 1.7899215472647867, 1.795180291250174, 1.8003429919401863, 1.805546840700353, 1.8106374644347318, 1.8156927850528817, 1.8206115329022907, 1.8255740816578867, 1.8303518807461197, 1.834913210939768, 1.8393867538308046, 1.8435541788207273, 1.8476276869749704, 1.8513787248624893, 1.8549071642459707, 1.8581864104438248, 1.8611135303961226, 1.863686875191405, 1.8658579517653304, 1.8676793778142577, 1.8691153775492937, 1.8701597252012252, 1.870756762510009, 1.8708954248221819],
                                   'mu_dns': [0.002531645569620253, 0.002531645569620253, 0.002531645569620253, 0.002531645569620253, 0.002531645569620253, 0.002531645569620253, 0.002531645569620253, 0.002531645569620253, 0.002531645569620253, 0.002531645569620253, 0.002531645569620253, 0.002531645569620253, 0.002531645569620253, 0.002531645569620253, 0.002531645569620253, 0.002531645569620253, 0.002531645569620253, 0.002531645569620253, 0.002531645569620253, 0.002531645569620253, 0.002531645569620253, 0.002531645569620253, 0.002531645569620253, 0.002531645569620253, 0.002531645569620253, 0.002531645569620253, 0.002531645569620253, 0.002531645569620253, 0.002531645569620253, 0.002531645569620253, 0.002531645569620253, 0.002531645569620253, 0.002531645569620253, 0.002531645569620253, 0.002531645569620253, 0.002531645569620253, 0.002531645569620253, 0.002531645569620253, 0.002531645569620253, 0.002531645569620253, 0.002531645569620253, 0.002531645569620253, 0.002531645569620253, 0.002531645569620253, 0.002531645569620253, 0.002531645569620253, 0.002531645569620253, 0.002531645569620253, 0.002531645569620253, 0.002531645569620253, 0.002531645569620253, 0.002531645569620253, 0.002531645569620253, 0.002531645569620253, 0.002531645569620253, 0.002531645569620253, 0.002531645569620253, 0.002531645569620253, 0.002531645569620253, 0.002531645569620253, 0.002531645569620253, 0.002531645569620253, 0.002531645569620253, 0.002531645569620253, 0.002531645569620253, 0.002531645569620253, 0.002531645569620253, 0.002531645569620253, 0.002531645569620253, 0.002531645569620253, 0.002531645569620253, 0.002531645569620253, 0.002531645569620253, 0.002531645569620253, 0.002531645569620253, 0.002531645569620253, 0.002531645569620253, 0.002531645569620253, 0.002531645569620253, 0.002531645569620253, 0.002531645569620253, 0.002531645569620253, 0.002531645569620253, 0.002531645569620253, 0.002531645569620253, 0.002531645569620253, 0.002531645569620253, 0.002531645569620253, 0.002531645569620253, 0.002531645569620253, 0.002531645569620253, 0.002531645569620253, 0.002531645569620253, 0.002531645569620253, 0.002531645569620253, 0.002531645569620253, 0.002531645569620253, 0.002531645569620253, 0.002531645569620253, 0.002531645569620253],
                                   'rho_dns': [1.0, 1.0, 1.0, 1.0, 1.0, 1.0, 1.0, 1.0, 1.0, 1.0, 1.0, 1.0, 1.0, 1.0, 1.0, 1.0, 1.0, 1.0, 1.0, 1.0, 1.0, 1.0, 1.0, 1.0, 1.0, 1.0, 1.0, 1.0, 1.0, 1.0, 1.0, 1.0, 1.0, 1.0, 1.0, 1.0, 1.0, 1.0, 1.0, 1.0, 1.0, 1.0, 1.0, 1.0, 1.0, 1.0, 1.0, 1.0, 1.0, 1.0, 1.0, 1.0, 1.0, 1.0, 1.0, 1.0, 1.0, 1.0, 1.0, 1.0, 1.0, 1.0, 1.0, 1.0, 1.0, 1.0, 1.0, 1.0, 1.0, 1.0, 1.0, 1.0, 1.0, 1.0, 1.0, 1.0, 1.0, 1.0, 1.0, 1.0, 1.0, 1.0, 1.0, 1.0, 1.0, 1.0, 1.0, 1.0, 1.0, 1.0, 1.0, 1.0, 1.0, 1.0, 1.0, 1.0, 1.0, 1.0, 1.0, 1.0]},
                      'case': 'T31_CP395',
                      'constant_Sq_heat': 0.04443037974683545,
                      'use_visc_heating': False,
                      'Pr_turb': 1.0,
                      'fprint': '<function '
                                'Build_arguments_fi_run._mk_args_MK_solver.<locals>.<lambda> '
                                'at 0x7fd716dbbf70>',
                      'compressible_correction': False,
                      'bool_solve_energy': False,
                      'output_last': False},
  'u_imp': 10,
  'k_imp': 1,
  'e_imp': 1,
  'solve_sparse_adj': True,
  'all_ref_beta_distrib': {'K': [1.0, 0.99994344, 0.99987674, 0.99979914, 0.99971017, 0.99960966, 0.99949777, 0.99937514, 0.99924299, 0.99910324, 0.99895864, 0.99881292, 0.99867094, 0.99853877, 0.9984239, 0.99833532, 0.99828369, 0.9982814, 0.99834274, 0.99848389, 0.99872283, 0.99907869, 0.99957026, 1.00021356, 1.00101931, 1.00199164, 1.00312777, 1.00441783, 1.00584501, 1.00738614, 1.00901264, 1.01069172, 1.01238737, 1.0140613, 1.01567369, 1.01718393, 1.01855129, 1.01973566, 1.02069823, 1.02140241, 1.02181485, 1.02190636, 1.02165241, 1.02103386, 1.0200378, 1.01865787, 1.01689462, 1.01475604, 1.01225846, 1.00942769, 1.00630037, 1.00292561, 0.99936818, 0.99571267, 0.9920652, 0.98855091, 0.98530717, 0.98247488, 0.98018943, 0.97857256, 0.97772633, 0.97772827, 0.97862771, 0.98044079, 0.98314641, 0.98668541, 0.99095912, 0.99583493, 1.00114902, 1.00671499, 1.01234098, 1.01783518, 1.02301637, 1.02772197, 1.03181724, 1.03520537, 1.03782563, 1.0396562, 1.04070894, 1.04099883, 1.04052149, 1.03922801, 1.03698949, 1.0336596, 1.02917441, 1.02357233, 1.01702885, 1.00987156, 1.00251371, 0.99539619, 0.98897131, 0.9836804, 0.97984567, 0.97759709, 0.97684743, 0.97726983, 0.97837813, 0.97964545, 0.98061513, 0.99048836], 'E': [1.0, 1.00000358, 1.00000573, 1.000008, 1.00001019, 1.000012, 1.00001297, 1.00001245, 1.00000952, 1.00000294, 0.99999108, 0.99997181, 0.99994237, 0.99989927, 0.99983818, 0.99975387, 0.99964041, 0.99949184, 0.99930326, 0.99907163, 0.99879315, 0.99845419, 0.99802107, 0.99744546, 0.99668902, 0.99573203, 0.99455347, 0.9931243, 0.99141406, 0.98939426, 0.9870402, 0.98433283, 0.98126116, 0.97782509, 0.97403913, 0.96993691, 0.96557659, 0.96104764, 0.95647884, 0.9520477, 0.94799117, 0.94461864, 0.94232796, 0.94162352, 0.94313639, 0.94764802, 0.95611647, 0.9697046, 0.98981616, 1.01817591, 1.05699443, 1.10875139, 1.17424381, 1.24941272, 1.32489517, 1.38981953, 1.43625616, 1.46099407, 1.46475345, 1.45048569, 1.42192097, 1.38270468, 1.33601938, 1.28451639, 1.23037726, 1.17540623, 1.12114165, 1.06891688, 1.01992829, 0.9752522, 0.9358147, 0.90240216, 0.87562648, 0.85588416, 0.84330272, 0.8376891, 0.83852485, 0.84497203, 0.85593293, 0.87018411, 0.8865005, 0.90378318, 0.92118046, 0.93805117, 0.95389308, 0.96835865, 0.98121353, 0.99229173, 1.00151239, 1.00886901, 1.01438323, 1.01808219, 1.02006455, 1.02053675, 1.0198148, 1.01833209, 1.01656893, 1.01496667, 1.01386452, 1.00673737]},
  'all_ref_delta_distrib': {'K': [-0.0, 0.0015169221844891518, 0.003356580393406667, 0.005564476855822753, 0.008186531910978411, 0.011269577306790086, 0.014861242103483318, 0.01900585611562706, 0.023740664569875333, 0.029089826322971288, 0.0350557010623869, 0.04160609011516265, 0.04865684236888295, 0.05605119369776194, 0.06352740615111176, 0.0706830588596345, 0.07692783495548743, 0.0814344080783747, 0.08308234074745409, 0.08041492607948905, 0.07161414654990558, 0.05452804838696652, 0.026783313457586874, -0.01397001006960247, -0.06967059847714949, -0.14140832243837603, -0.22904940120836664, -0.3309971630167902, -0.44417077744908984, -0.5642342114001159, -0.6860336211990279, -0.8041424969976374, -0.9133722365818343, -1.0091781622236309, -1.0879125357208483, -1.1469406246064753, -1.1846430815312354, -1.2003503246854055, -1.1942332783834657, -1.167193163569931, -1.120753525966281, -1.0569503257178552, -0.9782099042577908, -0.8872495921887131, -0.7869876870329221, -0.6804338559923738, -0.5705863291548045, -0.46033751428161024, -0.35239152195458073, -0.24918760056838984, -0.15283150148321945, -0.06504122851371294, 0.012863853525675975, 0.07994773266517773, 0.13565521111170833, 0.1797994832611283, 0.21252458866722437, 0.23423946284440894, 0.24555103591352456, 0.24721030524952037, 0.24006745862892945, 0.22504679467283567, 0.20313377365556304, 0.17539045229577455, 0.14296778427569148, 0.10709551721043113, 0.06908468633217382, 0.03028020246996285, -0.00795536432843422, -0.04429788029040388, -0.07756524106185456, -0.10673473851074797, -0.13099593948430283, -0.1497863688867998, -0.1628300757689064, -0.170169808284645, -0.17212611863831515, -0.16927240007698813, -0.16236267489482972, -0.15216425236790593, -0.1393619318575703, -0.12448604650400924, -0.1078473708127802, -0.08978263788223602, -0.07089139219827306, -0.051960319419733524, -0.033909486168543466, -0.017685081870281803, -0.0040354839919642255, 0.006598347610302979, 0.014065357958620139, 0.01847391759360399, 0.0202267596234375, 0.019950962803163948, 0.01836997394496673, 0.016203095080002696, 0.014041607787603027, 0.012288094349738982, 0.0111681588232607, 0.005392622395672024], 'E': [-0.0, -0.002101304007225591, -0.004529439797090801, -0.007162496658778518, -0.009800755843016977, -0.012129809542069969, -0.013640257905711868, -0.013561831117803853, -0.010725673461216683, -0.003427051041899518, 0.010773316598622434, 0.03535238459869254, 0.07523748838478861, 0.13730098257207704, 0.2310466346158026, 0.3695414719751344, 0.5705348898622411, 0.8577737004002386, 1.262668561219511, 1.8259130211427312, 2.5991592634659164, 3.6463137755667603, 5.043074734392154, 6.872513243935059, 9.214752787884695, 12.132666334989338, 15.658144646170392, 19.78004268044368, 24.43604809984705, 29.511710483843252, 34.846962894121845, 40.248818458656906, 45.506432490751195, 50.406153098825364, 54.74358883202184, 58.33249814591876, 61.01068274145187, 62.64301865872315, 63.123274038129125, 62.37538659203925, 60.355062886955025, 57.0507789869215, 52.48409654837428, 46.71062118827823, 39.8208246851207, 31.938797101206248, 23.21927094558147, 13.842228669399661, 4.001839590501774, -6.120443772562729, -16.396535454415346, -26.67322170059969, -36.40405511094636, -44.42117259790122, -49.45564500165291, -50.93825488807363, -49.2268187160857, -45.236642344740055, -39.966770197951206, -34.22232322827179, -28.541421109023375, -23.231943477841863, -18.43968051803207, -14.211248779043109, -10.539225256203265, -7.390486245443856, -4.723575564653159, -2.496824827438132, -0.6729270253895447, 0.7805584420618614, 1.8930804844551494, 2.6919651271106644, 3.2048622179764257, 3.4620127643208645, 3.4981794142892317, 3.353527332908898, 3.0724163364444403, 2.7012091170059733, 2.284683124749494, 1.8616858564694772, 1.462279588900471, 1.106319321579519, 0.803577818524672, 0.5564521642502461, 0.36264348646560013, 0.21661967087126624, 0.11130776235982343, 0.03930890860474595, -0.006603868700445971, -0.033001734399621264, -0.04542022047500288, -0.048309495674772746, -0.04528960638128927, -0.03921656375142786, -0.032186765696232335, -0.025621203626965666, -0.020309134737525294, -0.01654787191257637, -0.014347616312646964, -0.0068158561225038035]},
  'fname_print': '/media/rafael/DATA/Dropbox/20220924_FIML_solver/data/output/field_inversion/Beta_k__1__Beta_e__1/u_imp_10/FI_run_T31_CP395_u_imp_10_k_imp_1_e_imp_1/FI_run_T31_CP395_u_imp_10_k_imp_1_e_imp_1.log',
  'folder': '/media/rafael/DATA/Dropbox/20220924_FIML_solver/data/output/field_inversion/Beta_k__1__Beta_e__1/u_imp_10/FI_run_T31_CP395_u_imp_10_k_imp_1_e_imp_1',
  'iters_limit': 15000}
# End_Input_Arguments

# ------------------------------------------------------------------------
#                  Iterations
# ------------------------------------------------------------------------

iter:      0 (Jcost: 1.062153e-01) (lr = 1.000e-03) (elapsed time:  0.001) (secs/iter:   None) (n_accepted: 0%) (u_error:  2.442983 %) (beta_change: 25.287614 %) (delta_change:  1.489140 %) (delta_peak/R:  0.000000 %)
-> Saved file: /media/rafael/DATA/Dropbox/20220924_FIML_solver/data/output/field_inversion/Beta_k__1__Beta_e__1/u_imp_10/FI_run_T31_CP395_u_imp_10_k_imp_1_e_imp_1/FI_run_T31_CP395_u_imp_10_k_imp_1_e_imp_1_state_iter_0.dat
iter:    100 (Jcost: 2.024779e-02) (lr = 5.696e-02) (elapsed time: 74.570) (secs/iter:  0.746) (n_accepted: 84%) (u_error:  0.789682 %) (beta_change: 21.865787 %) (delta_change:  1.126287 %) (delta_peak/R:  1.784835 %)
iter:    200 (Jcost: 1.781253e-02) (lr = 2.037e-02) (elapsed time: 131.091) (secs/iter:  0.565) (n_accepted: 78%) (u_error:  0.712027 %) (beta_change: 20.421858 %) (delta_change:  0.904572 %) (delta_peak/R:  1.659319 %)
iter:    300 (Jcost: 1.705679e-02) (lr = 5.802e-01) (elapsed time: 184.923) (secs/iter:  0.538) (n_accepted: 83%) (u_error:  0.675946 %) (beta_change: 19.286737 %) (delta_change:  0.807624 %) (delta_peak/R:  1.572691 %)
iter:    400 (Jcost: 1.659077e-02) (lr = 2.075e-01) (elapsed time: 237.287) (secs/iter:  0.524) (n_accepted: 78%) (u_error:  0.678205 %) (beta_change: 18.326740 %) (delta_change:  0.743444 %) (delta_peak/R:  1.563599 %)
iter:    500 (Jcost: 1.611978e-02) (lr = 7.422e-02) (elapsed time: 289.835) (secs/iter:  0.525) (n_accepted: 78%) (u_error:  0.671536 %) (beta_change: 17.100681 %) (delta_change:  0.668384 %) (delta_peak/R:  1.549926 %)
-> Saved file: /media/rafael/DATA/Dropbox/20220924_FIML_solver/data/output/field_inversion/Beta_k__1__Beta_e__1/u_imp_10/FI_run_T31_CP395_u_imp_10_k_imp_1_e_imp_1/FI_run_T31_CP395_u_imp_10_k_imp_1_e_imp_1_state_iter_500.dat
iter:    600 (Jcost: 1.584055e-02) (lr = 2.655e-02) (elapsed time: 344.662) (secs/iter:  0.548) (n_accepted: 78%) (u_error:  0.664709 %) (beta_change: 16.219461 %) (delta_change:  0.618054 %) (delta_peak/R:  1.538828 %)
iter:    700 (Jcost: 1.555623e-02) (lr = 9.495e-03) (elapsed time: 393.742) (secs/iter:  0.491) (n_accepted: 78%) (u_error:  0.661047 %) (beta_change: 15.202401 %) (delta_change:  0.564089 %) (delta_peak/R:  1.531316 %)
iter:    800 (Jcost: 1.535245e-02) (lr = 2.704e-01) (elapsed time: 444.061) (secs/iter:  0.503) (n_accepted: 83%) (u_error:  0.665099 %) (beta_change: 14.330177 %) (delta_change:  0.519235 %) (delta_peak/R:  1.519644 %)
iter:    900 (Jcost: 1.524133e-02) (lr = 4.030e-02) (elapsed time: 509.496) (secs/iter:  0.654) (n_accepted: 77%) (u_error:  0.655588 %) (beta_change: 13.855474 %) (delta_change:  0.496370 %) (delta_peak/R:  1.520649 %)
iter:   1000 (Jcost: 1.507428e-02) (lr = 1.441e-02) (elapsed time: 593.933) (secs/iter:  0.844) (n_accepted: 78%) (u_error:  0.653147 %) (beta_change: 13.017340 %) (delta_change:  0.458878 %) (delta_peak/R:  1.514880 %)
-> Saved file: /media/rafael/DATA/Dropbox/20220924_FIML_solver/data/output/field_inversion/Beta_k__1__Beta_e__1/u_imp_10/FI_run_T31_CP395_u_imp_10_k_imp_1_e_imp_1/FI_run_T31_CP395_u_imp_10_k_imp_1_e_imp_1_state_iter_1000.dat
iter:   1100 (Jcost: 1.496308e-02) (lr = 1.237e-02) (elapsed time: 661.258) (secs/iter:  0.673) (n_accepted: 79%) (u_error:  0.649841 %) (beta_change: 12.399612 %) (delta_change:  0.431749 %) (delta_peak/R:  1.511436 %)
iter:   1200 (Jcost: 1.488627e-02) (lr = 2.549e-02) (elapsed time: 710.786) (secs/iter:  0.495) (n_accepted: 80%) (u_error:  0.647839 %) (beta_change: 11.939983 %) (delta_change:  0.411837 %) (delta_peak/R:  1.508787 %)
iter:   1300 (Jcost: 1.479456e-02) (lr = 2.188e-02) (elapsed time: 762.427) (secs/iter:  0.516) (n_accepted: 79%) (u_error:  0.645951 %) (beta_change: 11.357241 %) (delta_change:  0.386718 %) (delta_peak/R:  1.505135 %)
iter:   1400 (Jcost: 1.471903e-02) (lr = 7.826e-03) (elapsed time: 813.567) (secs/iter:  0.511) (n_accepted: 78%) (u_error:  0.644943 %) (beta_change: 10.839447 %) (delta_change:  0.365161 %) (delta_peak/R:  1.501607 %)
iter:   1500 (Jcost: 1.462850e-02) (lr = 2.229e-01) (elapsed time: 864.808) (secs/iter:  0.512) (n_accepted: 83%) (u_error:  0.645117 %) (beta_change: 10.172994 %) (delta_change:  0.337835 %) (delta_peak/R:  1.496333 %)
-> Saved file: /media/rafael/DATA/Dropbox/20220924_FIML_solver/data/output/field_inversion/Beta_k__1__Beta_e__1/u_imp_10/FI_run_T31_CP395_u_imp_10_k_imp_1_e_imp_1/FI_run_T31_CP395_u_imp_10_k_imp_1_e_imp_1_state_iter_1500.dat
iter:   1600 (Jcost: 1.458096e-02) (lr = 1.913e-01) (elapsed time: 916.954) (secs/iter:  0.521) (n_accepted: 79%) (u_error:  0.641611 %) (beta_change:  9.807351 %) (delta_change:  0.322864 %) (delta_peak/R:  1.495409 %)
iter:   1700 (Jcost: 1.451702e-02) (lr = 1.188e-02) (elapsed time: 965.919) (secs/iter:  0.490) (n_accepted: 76%) (u_error:  0.639056 %) (beta_change:  9.375416 %) (delta_change:  0.301433 %) (delta_peak/R:  1.492778 %)
iter:   1800 (Jcost: 1.446665e-02) (lr = 2.447e-02) (elapsed time: 1030.573) (secs/iter:  0.647) (n_accepted: 80%) (u_error:  0.634913 %) (beta_change:  8.987778 %) (delta_change:  0.282867 %) (delta_peak/R:  1.491566 %)
iter:   1900 (Jcost: 1.442976e-02) (lr = 1.210e-01) (elapsed time: 1079.511) (secs/iter:  0.489) (n_accepted: 81%) (u_error:  0.639189 %) (beta_change:  8.718281 %) (delta_change:  0.270481 %) (delta_peak/R:  1.486973 %)
iter:   2000 (Jcost: 1.438778e-02) (lr = 4.328e-02) (elapsed time: 1140.829) (secs/iter:  0.613) (n_accepted: 78%) (u_error:  0.637666 %) (beta_change:  8.366364 %) (delta_change:  0.254617 %) (delta_peak/R:  1.484872 %)
-> Saved file: /media/rafael/DATA/Dropbox/20220924_FIML_solver/data/output/field_inversion/Beta_k__1__Beta_e__1/u_imp_10/FI_run_T31_CP395_u_imp_10_k_imp_1_e_imp_1/FI_run_T31_CP395_u_imp_10_k_imp_1_e_imp_1_state_iter_2000.dat
iter:   2100 (Jcost: 1.435090e-02) (lr = 2.140e-01) (elapsed time: 1207.838) (secs/iter:  0.670) (n_accepted: 81%) (u_error:  0.639347 %) (beta_change:  8.029089 %) (delta_change:  0.239959 %) (delta_peak/R:  1.481281 %)
iter:   2200 (Jcost: 1.432892e-02) (lr = 3.189e-02) (elapsed time: 1279.309) (secs/iter:  0.715) (n_accepted: 77%) (u_error:  0.636741 %) (beta_change:  7.826794 %) (delta_change:  0.231322 %) (delta_peak/R:  1.481105 %)
iter:   2300 (Jcost: 1.429483e-02) (lr = 3.784e-01) (elapsed time: 1359.670) (secs/iter:  0.804) (n_accepted: 82%) (u_error:  0.639048 %) (beta_change:  7.473401 %) (delta_change:  0.216755 %) (delta_peak/R:  1.477209 %)
iter:   2400 (Jcost: 1.426575e-02) (lr = 3.248e-01) (elapsed time: 1423.158) (secs/iter:  0.635) (n_accepted: 79%) (u_error:  0.635625 %) (beta_change:  7.177446 %) (delta_change:  0.204922 %) (delta_peak/R:  1.476884 %)
iter:   2500 (Jcost: 1.424044e-02) (lr = 4.841e-02) (elapsed time: 1497.412) (secs/iter:  0.743) (n_accepted: 77%) (u_error:  0.635618 %) (beta_change:  6.892617 %) (delta_change:  0.193951 %) (delta_peak/R:  1.474878 %)
-> Saved file: /media/rafael/DATA/Dropbox/20220924_FIML_solver/data/output/field_inversion/Beta_k__1__Beta_e__1/u_imp_10/FI_run_T31_CP395_u_imp_10_k_imp_1_e_imp_1/FI_run_T31_CP395_u_imp_10_k_imp_1_e_imp_1_state_iter_2500.dat
iter:   2600 (Jcost: 1.421567e-02) (lr = 4.155e-02) (elapsed time: 1562.123) (secs/iter:  0.647) (n_accepted: 79%) (u_error:  0.634428 %) (beta_change:  6.600677 %) (delta_change:  0.182985 %) (delta_peak/R:  1.473517 %)
iter:   2700 (Jcost: 1.419195e-02) (lr = 1.486e-02) (elapsed time: 1616.146) (secs/iter:  0.540) (n_accepted: 78%) (u_error:  0.633509 %) (beta_change:  6.304922 %) (delta_change:  0.172183 %) (delta_peak/R:  1.472048 %)
iter:   2800 (Jcost: 1.416730e-02) (lr = 1.276e-02) (elapsed time: 1683.098) (secs/iter:  0.670) (n_accepted: 79%) (u_error:  0.636337 %) (beta_change:  5.965458 %) (delta_change:  0.160226 %) (delta_peak/R:  1.468362 %)
iter:   2900 (Jcost: 1.415161e-02) (lr = 1.514e-01) (elapsed time: 1730.114) (secs/iter:  0.470) (n_accepted: 82%) (u_error:  0.633249 %) (beta_change:  5.765035 %) (delta_change:  0.153263 %) (delta_peak/R:  1.468765 %)
iter:   3000 (Jcost: 1.413407e-02) (lr = 9.401e-03) (elapsed time: 1779.526) (secs/iter:  0.494) (n_accepted: 76%) (u_error:  0.632516 %) (beta_change:  5.514148 %) (delta_change:  0.144795 %) (delta_peak/R:  1.467632 %)
-> Saved file: /media/rafael/DATA/Dropbox/20220924_FIML_solver/data/output/field_inversion/Beta_k__1__Beta_e__1/u_imp_10/FI_run_T31_CP395_u_imp_10_k_imp_1_e_imp_1/FI_run_T31_CP395_u_imp_10_k_imp_1_e_imp_1_state_iter_3000.dat
iter:   3100 (Jcost: 1.411645e-02) (lr = 8.070e-03) (elapsed time: 1846.261) (secs/iter:  0.667) (n_accepted: 79%) (u_error:  0.632411 %) (beta_change:  5.251234 %) (delta_change:  0.136158 %) (delta_peak/R:  1.466135 %)
iter:   3200 (Jcost: 1.409751e-02) (lr = 1.662e-02) (elapsed time: 1895.582) (secs/iter:  0.493) (n_accepted: 80%) (u_error:  0.634406 %) (beta_change:  4.943539 %) (delta_change:  0.126371 %) (delta_peak/R:  1.463305 %)
iter:   3300 (Jcost: 1.408478e-02) (lr = 1.973e-01) (elapsed time: 1943.545) (secs/iter:  0.480) (n_accepted: 82%) (u_error:  0.631446 %) (beta_change:  4.749001 %) (delta_change:  0.120262 %) (delta_peak/R:  1.463801 %)
iter:   3400 (Jcost: 1.406986e-02) (lr = 2.940e-02) (elapsed time: 1991.225) (secs/iter:  0.477) (n_accepted: 77%) (u_error:  0.631966 %) (beta_change:  4.497901 %) (delta_change:  0.112633 %) (delta_peak/R:  1.462156 %)
iter:   3500 (Jcost: 1.405923e-02) (lr = 1.454e-01) (elapsed time: 2069.541) (secs/iter:  0.783) (n_accepted: 81%) (u_error:  0.631517 %) (beta_change:  4.313722 %) (delta_change:  0.108388 %) (delta_peak/R:  1.461415 %)
-> Saved file: /media/rafael/DATA/Dropbox/20220924_FIML_solver/data/output/field_inversion/Beta_k__1__Beta_e__1/u_imp_10/FI_run_T31_CP395_u_imp_10_k_imp_1_e_imp_1/FI_run_T31_CP395_u_imp_10_k_imp_1_e_imp_1_state_iter_3500.dat
iter:   3600 (Jcost: 1.404600e-02) (lr = 1.248e-01) (elapsed time: 2155.326) (secs/iter:  0.858) (n_accepted: 79%) (u_error:  0.630903 %) (beta_change:  4.076954 %) (delta_change:  0.104445 %) (delta_peak/R:  1.460511 %)
iter:   3700 (Jcost: 1.403403e-02) (lr = 1.860e-02) (elapsed time: 2235.504) (secs/iter:  0.802) (n_accepted: 77%) (u_error:  0.631233 %) (beta_change:  3.854804 %) (delta_change:  0.100749 %) (delta_peak/R:  1.459207 %)
iter:   3800 (Jcost: 1.402182e-02) (lr = 1.596e-02) (elapsed time: 2315.227) (secs/iter:  0.797) (n_accepted: 79%) (u_error:  0.630614 %) (beta_change:  3.621723 %) (delta_change:  0.096999 %) (delta_peak/R:  1.458381 %)
iter:   3900 (Jcost: 1.400798e-02) (lr = 1.370e-02) (elapsed time: 2392.016) (secs/iter:  0.768) (n_accepted: 79%) (u_error:  0.629634 %) (beta_change:  3.346469 %) (delta_change:  0.092670 %) (delta_peak/R:  1.457574 %)
iter:   4000 (Jcost: 1.399767e-02) (lr = 3.902e-01) (elapsed time: 2470.927) (secs/iter:  0.789) (n_accepted: 83%) (u_error:  0.630127 %) (beta_change:  3.136334 %) (delta_change:  0.089345 %) (delta_peak/R:  1.456323 %)
-> Saved file: /media/rafael/DATA/Dropbox/20220924_FIML_solver/data/output/field_inversion/Beta_k__1__Beta_e__1/u_imp_10/FI_run_T31_CP395_u_imp_10_k_imp_1_e_imp_1/FI_run_T31_CP395_u_imp_10_k_imp_1_e_imp_1_state_iter_4000.dat
iter:   4100 (Jcost: 1.398884e-02) (lr = 1.396e-01) (elapsed time: 2554.776) (secs/iter:  0.838) (n_accepted: 78%) (u_error:  0.629913 %) (beta_change:  2.950612 %) (delta_change:  0.086493 %) (delta_peak/R:  1.455580 %)
iter:   4200 (Jcost: 1.397884e-02) (lr = 1.198e-01) (elapsed time: 2630.818) (secs/iter:  0.760) (n_accepted: 79%) (u_error:  0.629802 %) (beta_change:  2.734641 %) (delta_change:  0.083217 %) (delta_peak/R:  1.454665 %)
iter:   4300 (Jcost: 1.396693e-02) (lr = 4.285e-02) (elapsed time: 2709.146) (secs/iter:  0.783) (n_accepted: 78%) (u_error:  0.629755 %) (beta_change:  2.476488 %) (delta_change:  0.079283 %) (delta_peak/R:  1.453520 %)
iter:   4400 (Jcost: 1.395843e-02) (lr = 1.533e-02) (elapsed time: 2787.909) (secs/iter:  0.788) (n_accepted: 78%) (u_error:  0.629385 %) (beta_change:  2.289516 %) (delta_change:  0.076470 %) (delta_peak/R:  1.452880 %)
iter:   4500 (Jcost: 1.394934e-02) (lr = 1.316e-02) (elapsed time: 2863.909) (secs/iter:  0.760) (n_accepted: 79%) (u_error:  0.627787 %) (beta_change:  2.078199 %) (delta_change:  0.075014 %) (delta_peak/R:  1.452802 %)
-> Saved file: /media/rafael/DATA/Dropbox/20220924_FIML_solver/data/output/field_inversion/Beta_k__1__Beta_e__1/u_imp_10/FI_run_T31_CP395_u_imp_10_k_imp_1_e_imp_1/FI_run_T31_CP395_u_imp_10_k_imp_1_e_imp_1_state_iter_4500.dat
iter:   4600 (Jcost: 1.394195e-02) (lr = 3.747e-01) (elapsed time: 2919.258) (secs/iter:  0.553) (n_accepted: 83%) (u_error:  0.629461 %) (beta_change:  1.914092 %) (delta_change:  0.074443 %) (delta_peak/R:  1.451200 %)
iter:   4700 (Jcost: 1.393559e-02) (lr = 2.327e-02) (elapsed time: 2978.347) (secs/iter:  0.591) (n_accepted: 76%) (u_error:  0.628256 %) (beta_change:  1.763340 %) (delta_change:  0.074470 %) (delta_peak/R:  1.451200 %)
iter:   4800 (Jcost: 1.392769e-02) (lr = 4.793e-02) (elapsed time: 3031.602) (secs/iter:  0.533) (n_accepted: 80%) (u_error:  0.627564 %) (beta_change:  1.570941 %) (delta_change:  0.074341 %) (delta_peak/R:  1.450762 %)
iter:   4900 (Jcost: 1.391955e-02) (lr = 5.688e-01) (elapsed time: 3080.447) (secs/iter:  0.488) (n_accepted: 82%) (u_error:  0.629128 %) (beta_change:  1.377420 %) (delta_change:  0.073764 %) (delta_peak/R:  1.449131 %)
iter:   5000 (Jcost: 1.391343e-02) (lr = 8.476e-02) (elapsed time: 3131.868) (secs/iter:  0.514) (n_accepted: 77%) (u_error:  0.628585 %) (beta_change:  1.227671 %) (delta_change:  0.073669 %) (delta_peak/R:  1.448804 %)
-> Saved file: /media/rafael/DATA/Dropbox/20220924_FIML_solver/data/output/field_inversion/Beta_k__1__Beta_e__1/u_imp_10/FI_run_T31_CP395_u_imp_10_k_imp_1_e_imp_1/FI_run_T31_CP395_u_imp_10_k_imp_1_e_imp_1_state_iter_5000.dat
iter:   5100 (Jcost: 1.390670e-02) (lr = 7.276e-02) (elapsed time: 3184.572) (secs/iter:  0.527) (n_accepted: 79%) (u_error:  0.628626 %) (beta_change:  1.080373 %) (delta_change:  0.073436 %) (delta_peak/R:  1.448099 %)
iter:   5200 (Jcost: 1.390043e-02) (lr = 2.602e-02) (elapsed time: 3231.777) (secs/iter:  0.472) (n_accepted: 78%) (u_error:  0.628168 %) (beta_change:  0.941290 %) (delta_change:  0.073318 %) (delta_peak/R:  1.447706 %)
iter:   5300 (Jcost: 1.389283e-02) (lr = 9.308e-03) (elapsed time: 3274.950) (secs/iter:  0.432) (n_accepted: 78%) (u_error:  0.628273 %) (beta_change:  0.811131 %) (delta_change:  0.073042 %) (delta_peak/R:  1.446876 %)
iter:   5400 (Jcost: 1.388628e-02) (lr = 2.651e-01) (elapsed time: 3319.427) (secs/iter:  0.445) (n_accepted: 83%) (u_error:  0.629349 %) (beta_change:  0.741553 %) (delta_change:  0.072601 %) (delta_peak/R:  1.445615 %)
iter:   5500 (Jcost: 1.388101e-02) (lr = 2.275e-01) (elapsed time: 3366.048) (secs/iter:  0.466) (n_accepted: 79%) (u_error:  0.627943 %) (beta_change:  0.718978 %) (delta_change:  0.072711 %) (delta_peak/R:  1.445841 %)
-> Saved file: /media/rafael/DATA/Dropbox/20220924_FIML_solver/data/output/field_inversion/Beta_k__1__Beta_e__1/u_imp_10/FI_run_T31_CP395_u_imp_10_k_imp_1_e_imp_1/FI_run_T31_CP395_u_imp_10_k_imp_1_e_imp_1_state_iter_5500.dat
iter:   5600 (Jcost: 1.387508e-02) (lr = 8.139e-02) (elapsed time: 3417.022) (secs/iter:  0.510) (n_accepted: 78%) (u_error:  0.628027 %) (beta_change:  0.699235 %) (delta_change:  0.072494 %) (delta_peak/R:  1.445187 %)
iter:   5700 (Jcost: 1.386962e-02) (lr = 2.911e-02) (elapsed time: 3463.307) (secs/iter:  0.463) (n_accepted: 78%) (u_error:  0.628109 %) (beta_change:  0.722347 %) (delta_change:  0.072294 %) (delta_peak/R:  1.444581 %)
iter:   5800 (Jcost: 1.386457e-02) (lr = 2.499e-02) (elapsed time: 3509.227) (secs/iter:  0.459) (n_accepted: 79%) (u_error:  0.627779 %) (beta_change:  0.764450 %) (delta_change:  0.074000 %) (delta_peak/R:  1.444235 %)
iter:   5900 (Jcost: 1.385927e-02) (lr = 2.145e-02) (elapsed time: 3562.641) (secs/iter:  0.534) (n_accepted: 79%) (u_error:  0.627494 %) (beta_change:  0.839650 %) (delta_change:  0.076396 %) (delta_peak/R:  1.443838 %)
iter:   6000 (Jcost: 1.385376e-02) (lr = 7.671e-03) (elapsed time: 3608.535) (secs/iter:  0.459) (n_accepted: 78%) (u_error:  0.627567 %) (beta_change:  0.930607 %) (delta_change:  0.078884 %) (delta_peak/R:  1.443226 %)
-> Saved file: /media/rafael/DATA/Dropbox/20220924_FIML_solver/data/output/field_inversion/Beta_k__1__Beta_e__1/u_imp_10/FI_run_T31_CP395_u_imp_10_k_imp_1_e_imp_1/FI_run_T31_CP395_u_imp_10_k_imp_1_e_imp_1_state_iter_6000.dat
iter:   6100 (Jcost: 1.384958e-02) (lr = 2.185e-01) (elapsed time: 3675.633) (secs/iter:  0.671) (n_accepted: 83%) (u_error:  0.627569 %) (beta_change:  1.003174 %) (delta_change:  0.080786 %) (delta_peak/R:  1.442790 %)
iter:   6200 (Jcost: 1.384606e-02) (lr = 4.501e-01) (elapsed time: 3744.969) (secs/iter:  0.693) (n_accepted: 80%) (u_error:  0.627205 %) (beta_change:  1.067002 %) (delta_change:  0.082415 %) (delta_peak/R:  1.442615 %)
iter:   6300 (Jcost: 1.384282e-02) (lr = 2.795e-02) (elapsed time: 3823.661) (secs/iter:  0.787) (n_accepted: 76%) (u_error:  0.627524 %) (beta_change:  1.126053 %) (delta_change:  0.083878 %) (delta_peak/R:  1.442108 %)
iter:   6400 (Jcost: 1.383666e-02) (lr = 9.996e-03) (elapsed time: 3892.935) (secs/iter:  0.693) (n_accepted: 78%) (u_error:  0.627095 %) (beta_change:  1.313107 %) (delta_change:  0.086742 %) (delta_peak/R:  1.441687 %)
iter:   6500 (Jcost: 1.383258e-02) (lr = 2.847e-01) (elapsed time: 3969.061) (secs/iter:  0.761) (n_accepted: 83%) (u_error:  0.628154 %) (beta_change:  1.450266 %) (delta_change:  0.088610 %) (delta_peak/R:  1.440687 %)
-> Saved file: /media/rafael/DATA/Dropbox/20220924_FIML_solver/data/output/field_inversion/Beta_k__1__Beta_e__1/u_imp_10/FI_run_T31_CP395_u_imp_10_k_imp_1_e_imp_1/FI_run_T31_CP395_u_imp_10_k_imp_1_e_imp_1_state_iter_6500.dat
iter:   6600 (Jcost: 1.382858e-02) (lr = 2.444e-01) (elapsed time: 4047.512) (secs/iter:  0.785) (n_accepted: 79%) (u_error:  0.627587 %) (beta_change:  1.582202 %) (delta_change:  0.090456 %) (delta_peak/R:  1.440574 %)
iter:   6700 (Jcost: 1.382480e-02) (lr = 8.741e-02) (elapsed time: 4122.559) (secs/iter:  0.750) (n_accepted: 78%) (u_error:  0.627376 %) (beta_change:  1.710895 %) (delta_change:  0.092217 %) (delta_peak/R:  1.440287 %)
iter:   6800 (Jcost: 1.382132e-02) (lr = 3.126e-02) (elapsed time: 4197.307) (secs/iter:  0.747) (n_accepted: 78%) (u_error:  0.627196 %) (beta_change:  1.831589 %) (delta_change:  0.093845 %) (delta_peak/R:  1.440014 %)
iter:   6900 (Jcost: 1.381761e-02) (lr = 1.118e-02) (elapsed time: 4271.872) (secs/iter:  0.746) (n_accepted: 78%) (u_error:  0.627159 %) (beta_change:  1.962136 %) (delta_change:  0.095575 %) (delta_peak/R:  1.439639 %)
iter:   7000 (Jcost: 1.381416e-02) (lr = 3.184e-01) (elapsed time: 4347.795) (secs/iter:  0.759) (n_accepted: 83%) (u_error:  0.625849 %) (beta_change:  2.097370 %) (delta_change:  0.097334 %) (delta_peak/R:  1.439949 %)
-> Saved file: /media/rafael/DATA/Dropbox/20220924_FIML_solver/data/output/field_inversion/Beta_k__1__Beta_e__1/u_imp_10/FI_run_T31_CP395_u_imp_10_k_imp_1_e_imp_1/FI_run_T31_CP395_u_imp_10_k_imp_1_e_imp_1_state_iter_7000.dat
iter:   7100 (Jcost: 1.381072e-02) (lr = 2.733e-01) (elapsed time: 4417.844) (secs/iter:  0.700) (n_accepted: 79%) (u_error:  0.627099 %) (beta_change:  2.221706 %) (delta_change:  0.098799 %) (delta_peak/R:  1.438934 %)
iter:   7200 (Jcost: 1.380738e-02) (lr = 4.074e-02) (elapsed time: 4496.979) (secs/iter:  0.791) (n_accepted: 77%) (u_error:  0.626856 %) (beta_change:  2.351035 %) (delta_change:  0.100374 %) (delta_peak/R:  1.438704 %)
iter:   7300 (Jcost: 1.380426e-02) (lr = 1.457e-02) (elapsed time: 4572.740) (secs/iter:  0.758) (n_accepted: 78%) (u_error:  0.626962 %) (beta_change:  2.473491 %) (delta_change:  0.101829 %) (delta_peak/R:  1.438312 %)
iter:   7400 (Jcost: 1.380119e-02) (lr = 4.149e-01) (elapsed time: 4646.515) (secs/iter:  0.738) (n_accepted: 83%) (u_error:  0.625681 %) (beta_change:  2.602529 %) (delta_change:  0.103408 %) (delta_peak/R:  1.438644 %)
iter:   7500 (Jcost: 1.379860e-02) (lr = 3.562e-01) (elapsed time: 4722.219) (secs/iter:  0.757) (n_accepted: 79%) (u_error:  0.626586 %) (beta_change:  2.700315 %) (delta_change:  0.104502 %) (delta_peak/R:  1.437898 %)
-> Saved file: /media/rafael/DATA/Dropbox/20220924_FIML_solver/data/output/field_inversion/Beta_k__1__Beta_e__1/u_imp_10/FI_run_T31_CP395_u_imp_10_k_imp_1_e_imp_1/FI_run_T31_CP395_u_imp_10_k_imp_1_e_imp_1_state_iter_7500.dat
iter:   7600 (Jcost: 1.379574e-02) (lr = 5.308e-02) (elapsed time: 4805.954) (secs/iter:  0.837) (n_accepted: 77%) (u_error:  0.626932 %) (beta_change:  2.817015 %) (delta_change:  0.105827 %) (delta_peak/R:  1.437403 %)
iter:   7700 (Jcost: 1.379245e-02) (lr = 1.899e-02) (elapsed time: 4876.789) (secs/iter:  0.708) (n_accepted: 78%) (u_error:  0.626901 %) (beta_change:  2.953485 %) (delta_change:  0.107375 %) (delta_peak/R:  1.437060 %)
iter:   7800 (Jcost: 1.378943e-02) (lr = 3.911e-02) (elapsed time: 4954.250) (secs/iter:  0.775) (n_accepted: 80%) (u_error:  0.626109 %) (beta_change:  3.081576 %) (delta_change:  0.108842 %) (delta_peak/R:  1.437147 %)
iter:   7900 (Jcost: 1.378663e-02) (lr = 8.058e-02) (elapsed time: 5030.197) (secs/iter:  0.759) (n_accepted: 80%) (u_error:  0.626218 %) (beta_change:  3.200371 %) (delta_change:  0.110144 %) (delta_peak/R:  1.436782 %)
iter:   8000 (Jcost: 1.378429e-02) (lr = 3.984e-01) (elapsed time: 5105.966) (secs/iter:  0.758) (n_accepted: 81%) (u_error:  0.626585 %) (beta_change:  3.300535 %) (delta_change:  0.111215 %) (delta_peak/R:  1.436330 %)
-> Saved file: /media/rafael/DATA/Dropbox/20220924_FIML_solver/data/output/field_inversion/Beta_k__1__Beta_e__1/u_imp_10/FI_run_T31_CP395_u_imp_10_k_imp_1_e_imp_1/FI_run_T31_CP395_u_imp_10_k_imp_1_e_imp_1_state_iter_8000.dat
iter:   8100 (Jcost: 1.378160e-02) (lr = 1.425e-01) (elapsed time: 5179.686) (secs/iter:  0.737) (n_accepted: 78%) (u_error:  0.626550 %) (beta_change:  3.418191 %) (delta_change:  0.112481 %) (delta_peak/R:  1.436050 %)
iter:   8200 (Jcost: 1.377858e-02) (lr = 2.124e-02) (elapsed time: 5252.907) (secs/iter:  0.732) (n_accepted: 77%) (u_error:  0.626421 %) (beta_change:  3.551855 %) (delta_change:  0.113901 %) (delta_peak/R:  1.435782 %)
iter:   8300 (Jcost: 1.377587e-02) (lr = 7.596e-03) (elapsed time: 5329.810) (secs/iter:  0.769) (n_accepted: 78%) (u_error:  0.626317 %) (beta_change:  3.673958 %) (delta_change:  0.115179 %) (delta_peak/R:  1.435534 %)
iter:   8400 (Jcost: 1.377352e-02) (lr = 9.013e-02) (elapsed time: 5404.525) (secs/iter:  0.747) (n_accepted: 82%) (u_error:  0.625727 %) (beta_change:  3.783542 %) (delta_change:  0.116333 %) (delta_peak/R:  1.435577 %)
iter:   8500 (Jcost: 1.377139e-02) (lr = 4.456e-01) (elapsed time: 5477.900) (secs/iter:  0.734) (n_accepted: 81%) (u_error:  0.626604 %) (beta_change:  3.879325 %) (delta_change:  0.117418 %) (delta_peak/R:  1.434875 %)
-> Saved file: /media/rafael/DATA/Dropbox/20220924_FIML_solver/data/output/field_inversion/Beta_k__1__Beta_e__1/u_imp_10/FI_run_T31_CP395_u_imp_10_k_imp_1_e_imp_1/FI_run_T31_CP395_u_imp_10_k_imp_1_e_imp_1_state_iter_8500.dat
iter:   8600 (Jcost: 1.376912e-02) (lr = 1.594e-01) (elapsed time: 5552.039) (secs/iter:  0.741) (n_accepted: 78%) (u_error:  0.626366 %) (beta_change:  3.984924 %) (delta_change:  0.118695 %) (delta_peak/R:  1.434745 %)
iter:   8700 (Jcost: 1.376699e-02) (lr = 5.701e-02) (elapsed time: 5627.411) (secs/iter:  0.754) (n_accepted: 78%) (u_error:  0.626308 %) (beta_change:  4.085512 %) (delta_change:  0.119897 %) (delta_peak/R:  1.434533 %)
iter:   8800 (Jcost: 1.376424e-02) (lr = 8.496e-03) (elapsed time: 5703.494) (secs/iter:  0.761) (n_accepted: 77%) (u_error:  0.626286 %) (beta_change:  4.217274 %) (delta_change:  0.122438 %) (delta_peak/R:  1.434229 %)
iter:   8900 (Jcost: 1.376224e-02) (lr = 4.201e-02) (elapsed time: 5778.553) (secs/iter:  0.751) (n_accepted: 81%) (u_error:  0.625559 %) (beta_change:  4.317097 %) (delta_change:  0.124632 %) (delta_peak/R:  1.434379 %)
iter:   9000 (Jcost: 1.376071e-02) (lr = 8.654e-02) (elapsed time: 5852.757) (secs/iter:  0.742) (n_accepted: 80%) (u_error:  0.626091 %) (beta_change:  4.389391 %) (delta_change:  0.126228 %) (delta_peak/R:  1.433925 %)
-> Saved file: /media/rafael/DATA/Dropbox/20220924_FIML_solver/data/output/field_inversion/Beta_k__1__Beta_e__1/u_imp_10/FI_run_T31_CP395_u_imp_10_k_imp_1_e_imp_1/FI_run_T31_CP395_u_imp_10_k_imp_1_e_imp_1_state_iter_9000.dat
iter:   9100 (Jcost: 1.375886e-02) (lr = 3.095e-02) (elapsed time: 5931.882) (secs/iter:  0.791) (n_accepted: 78%) (u_error:  0.626146 %) (beta_change:  4.480696 %) (delta_change:  0.128227 %) (delta_peak/R:  1.433681 %)
iter:   9200 (Jcost: 1.375668e-02) (lr = 1.107e-02) (elapsed time: 6007.360) (secs/iter:  0.755) (n_accepted: 78%) (u_error:  0.626061 %) (beta_change:  4.589928 %) (delta_change:  0.130619 %) (delta_peak/R:  1.433472 %)
iter:   9300 (Jcost: 1.375491e-02) (lr = 3.153e-01) (elapsed time: 6070.821) (secs/iter:  0.635) (n_accepted: 83%) (u_error:  0.625306 %) (beta_change:  4.683565 %) (delta_change:  0.132651 %) (delta_peak/R:  1.433656 %)
iter:   9400 (Jcost: 1.375308e-02) (lr = 2.706e-01) (elapsed time: 6116.522) (secs/iter:  0.457) (n_accepted: 79%) (u_error:  0.626103 %) (beta_change:  4.773139 %) (delta_change:  0.134604 %) (delta_peak/R:  1.433026 %)
iter:   9500 (Jcost: 1.375144e-02) (lr = 1.681e-02) (elapsed time: 6191.983) (secs/iter:  0.755) (n_accepted: 76%) (u_error:  0.626191 %) (beta_change:  4.857970 %) (delta_change:  0.136436 %) (delta_peak/R:  1.432784 %)
-> Saved file: /media/rafael/DATA/Dropbox/20220924_FIML_solver/data/output/field_inversion/Beta_k__1__Beta_e__1/u_imp_10/FI_run_T31_CP395_u_imp_10_k_imp_1_e_imp_1/FI_run_T31_CP395_u_imp_10_k_imp_1_e_imp_1_state_iter_9500.dat
iter:   9600 (Jcost: 1.375018e-02) (lr = 1.994e-01) (elapsed time: 6269.281) (secs/iter:  0.773) (n_accepted: 82%) (u_error:  0.626003 %) (beta_change:  4.923214 %) (delta_change:  0.137836 %) (delta_peak/R:  1.432736 %)
iter:   9700 (Jcost: 1.374821e-02) (lr = 2.972e-02) (elapsed time: 6344.556) (secs/iter:  0.753) (n_accepted: 77%) (u_error:  0.625912 %) (beta_change:  5.027110 %) (delta_change:  0.140056 %) (delta_peak/R:  1.432549 %)
iter:   9800 (Jcost: 1.374649e-02) (lr = 1.063e-02) (elapsed time: 6419.556) (secs/iter:  0.750) (n_accepted: 78%) (u_error:  0.625919 %) (beta_change:  5.119115 %) (delta_change:  0.142010 %) (delta_peak/R:  1.432337 %)
iter:   9900 (Jcost: 1.374467e-02) (lr = 5.256e-02) (elapsed time: 6489.209) (secs/iter:  0.697) (n_accepted: 81%) (u_error:  0.626843 %) (beta_change:  5.223046 %) (delta_change:  0.144216 %) (delta_peak/R:  1.431612 %)
iter:  10000 (Jcost: 1.374301e-02) (lr = 1.083e-01) (elapsed time: 6560.063) (secs/iter:  0.709) (n_accepted: 80%) (u_error:  0.626062 %) (beta_change:  5.307760 %) (delta_change:  0.145984 %) (delta_peak/R:  1.431839 %)
-> Saved file: /media/rafael/DATA/Dropbox/20220924_FIML_solver/data/output/field_inversion/Beta_k__1__Beta_e__1/u_imp_10/FI_run_T31_CP395_u_imp_10_k_imp_1_e_imp_1/FI_run_T31_CP395_u_imp_10_k_imp_1_e_imp_1_state_iter_10000.dat
iter:  10100 (Jcost: 1.374127e-02) (lr = 1.614e-02) (elapsed time: 6636.184) (secs/iter:  0.761) (n_accepted: 77%) (u_error:  0.626014 %) (beta_change:  5.403363 %) (delta_change:  0.147978 %) (delta_peak/R:  1.431653 %)
iter:  10200 (Jcost: 1.373972e-02) (lr = 1.385e-02) (elapsed time: 6711.609) (secs/iter:  0.754) (n_accepted: 79%) (u_error:  0.625822 %) (beta_change:  5.489610 %) (delta_change:  0.149763 %) (delta_peak/R:  1.431565 %)
iter:  10300 (Jcost: 1.373830e-02) (lr = 6.849e-02) (elapsed time: 6781.845) (secs/iter:  0.702) (n_accepted: 81%) (u_error:  0.626191 %) (beta_change:  5.570700 %) (delta_change:  0.151437 %) (delta_peak/R:  1.431191 %)
iter:  10400 (Jcost: 1.373705e-02) (lr = 1.411e-01) (elapsed time: 6850.055) (secs/iter:  0.682) (n_accepted: 80%) (u_error:  0.625820 %) (beta_change:  5.640587 %) (delta_change:  0.152865 %) (delta_peak/R:  1.431235 %)
iter:  10500 (Jcost: 1.373557e-02) (lr = 2.103e-02) (elapsed time: 6923.749) (secs/iter:  0.737) (n_accepted: 77%) (u_error:  0.625834 %) (beta_change:  5.725667 %) (delta_change:  0.154598 %) (delta_peak/R:  1.431042 %)
-> Saved file: /media/rafael/DATA/Dropbox/20220924_FIML_solver/data/output/field_inversion/Beta_k__1__Beta_e__1/u_imp_10/FI_run_T31_CP395_u_imp_10_k_imp_1_e_imp_1/FI_run_T31_CP395_u_imp_10_k_imp_1_e_imp_1_state_iter_10500.dat
iter:  10600 (Jcost: 1.373414e-02) (lr = 1.805e-02) (elapsed time: 7000.881) (secs/iter:  0.771) (n_accepted: 79%) (u_error:  0.625812 %) (beta_change:  5.808403 %) (delta_change:  0.156273 %) (delta_peak/R:  1.430875 %)
iter:  10700 (Jcost: 1.373283e-02) (lr = 6.455e-03) (elapsed time: 7074.270) (secs/iter:  0.734) (n_accepted: 78%) (u_error:  0.625720 %) (beta_change:  5.884872 %) (delta_change:  0.157811 %) (delta_peak/R:  1.430759 %)
iter:  10800 (Jcost: 1.373128e-02) (lr = 4.412e-01) (elapsed time: 7136.241) (secs/iter:  0.620) (n_accepted: 84%) (u_error:  0.625514 %) (beta_change:  5.977098 %) (delta_change:  0.159652 %) (delta_peak/R:  1.430670 %)
iter:  10900 (Jcost: 1.372998e-02) (lr = 1.578e-01) (elapsed time: 7203.885) (secs/iter:  0.676) (n_accepted: 78%) (u_error:  0.625633 %) (beta_change:  6.054403 %) (delta_change:  0.161189 %) (delta_peak/R:  1.430441 %)
iter:  11000 (Jcost: 1.372869e-02) (lr = 5.645e-02) (elapsed time: 7275.165) (secs/iter:  0.713) (n_accepted: 78%) (u_error:  0.625637 %) (beta_change:  6.132279 %) (delta_change:  0.162725 %) (delta_peak/R:  1.430273 %)
-> Saved file: /media/rafael/DATA/Dropbox/20220924_FIML_solver/data/output/field_inversion/Beta_k__1__Beta_e__1/u_imp_10/FI_run_T31_CP395_u_imp_10_k_imp_1_e_imp_1/FI_run_T31_CP395_u_imp_10_k_imp_1_e_imp_1_state_iter_11000.dat
iter:  11100 (Jcost: 1.372717e-02) (lr = 8.412e-03) (elapsed time: 7351.241) (secs/iter:  0.761) (n_accepted: 77%) (u_error:  0.625611 %) (beta_change:  6.224762 %) (delta_change:  0.164537 %) (delta_peak/R:  1.430091 %)
iter:  11200 (Jcost: 1.372599e-02) (lr = 4.159e-02) (elapsed time: 7421.880) (secs/iter:  0.706) (n_accepted: 81%) (u_error:  0.625288 %) (beta_change:  6.298047 %) (delta_change:  0.165959 %) (delta_peak/R:  1.430108 %)
iter:  11300 (Jcost: 1.372478e-02) (lr = 3.570e-02) (elapsed time: 7494.828) (secs/iter:  0.729) (n_accepted: 79%) (u_error:  0.626002 %) (beta_change:  6.373942 %) (delta_change:  0.167435 %) (delta_peak/R:  1.429568 %)
iter:  11400 (Jcost: 1.372349e-02) (lr = 4.237e-01) (elapsed time: 7561.720) (secs/iter:  0.669) (n_accepted: 82%) (u_error:  0.625706 %) (beta_change:  6.453180 %) (delta_change:  0.168953 %) (delta_peak/R:  1.429559 %)
iter:  11500 (Jcost: 1.372244e-02) (lr = 6.314e-02) (elapsed time: 7635.285) (secs/iter:  0.736) (n_accepted: 77%) (u_error:  0.625440 %) (beta_change:  6.519390 %) (delta_change:  0.170213 %) (delta_peak/R:  1.429562 %)
-> Saved file: /media/rafael/DATA/Dropbox/20220924_FIML_solver/data/output/field_inversion/Beta_k__1__Beta_e__1/u_imp_10/FI_run_T31_CP395_u_imp_10_k_imp_1_e_imp_1/FI_run_T31_CP395_u_imp_10_k_imp_1_e_imp_1_state_iter_11500.dat
iter:  11600 (Jcost: 1.372112e-02) (lr = 9.409e-03) (elapsed time: 7707.859) (secs/iter:  0.726) (n_accepted: 77%) (u_error:  0.625561 %) (beta_change:  6.603646 %) (delta_change:  0.171811 %) (delta_peak/R:  1.429323 %)
iter:  11700 (Jcost: 1.372009e-02) (lr = 1.938e-02) (elapsed time: 7779.784) (secs/iter:  0.719) (n_accepted: 80%) (u_error:  0.625201 %) (beta_change:  6.670768 %) (delta_change:  0.173070 %) (delta_peak/R:  1.429374 %)
iter:  11800 (Jcost: 1.371898e-02) (lr = 9.584e-02) (elapsed time: 7848.989) (secs/iter:  0.692) (n_accepted: 81%) (u_error:  0.626095 %) (beta_change:  6.745314 %) (delta_change:  0.174474 %) (delta_peak/R:  1.428744 %)
iter:  11900 (Jcost: 1.371783e-02) (lr = 4.739e-01) (elapsed time: 7914.756) (secs/iter:  0.658) (n_accepted: 81%) (u_error:  0.625502 %) (beta_change:  6.817288 %) (delta_change:  0.175803 %) (delta_peak/R:  1.428911 %)
iter:  12000 (Jcost: 1.371690e-02) (lr = 1.695e-01) (elapsed time: 7984.283) (secs/iter:  0.695) (n_accepted: 78%) (u_error:  0.625451 %) (beta_change:  6.879030 %) (delta_change:  0.176941 %) (delta_peak/R:  1.428811 %)
-> Saved file: /media/rafael/DATA/Dropbox/20220924_FIML_solver/data/output/field_inversion/Beta_k__1__Beta_e__1/u_imp_10/FI_run_T31_CP395_u_imp_10_k_imp_1_e_imp_1/FI_run_T31_CP395_u_imp_10_k_imp_1_e_imp_1_state_iter_12000.dat
iter:  12100 (Jcost: 1.371573e-02) (lr = 6.062e-02) (elapsed time: 8059.285) (secs/iter:  0.750) (n_accepted: 78%) (u_error:  0.625285 %) (beta_change:  6.957300 %) (delta_change:  0.178373 %) (delta_peak/R:  1.428739 %)
iter:  12200 (Jcost: 1.371480e-02) (lr = 2.168e-02) (elapsed time: 8129.124) (secs/iter:  0.698) (n_accepted: 78%) (u_error:  0.625433 %) (beta_change:  7.019183 %) (delta_change:  0.179500 %) (delta_peak/R:  1.428534 %)
iter:  12300 (Jcost: 1.371376e-02) (lr = 7.755e-03) (elapsed time: 8199.338) (secs/iter:  0.702) (n_accepted: 78%) (u_error:  0.625253 %) (beta_change:  7.090064 %) (delta_change:  0.180779 %) (delta_peak/R:  1.428484 %)
iter:  12400 (Jcost: 1.371284e-02) (lr = 9.202e-02) (elapsed time: 8269.422) (secs/iter:  0.701) (n_accepted: 82%) (u_error:  0.625566 %) (beta_change:  7.152895 %) (delta_change:  0.181910 %) (delta_peak/R:  1.428190 %)
iter:  12500 (Jcost: 1.371199e-02) (lr = 4.550e-01) (elapsed time: 8339.650) (secs/iter:  0.702) (n_accepted: 81%) (u_error:  0.625508 %) (beta_change:  7.211747 %) (delta_change:  0.182958 %) (delta_peak/R:  1.428101 %)
-> Saved file: /media/rafael/DATA/Dropbox/20220924_FIML_solver/data/output/field_inversion/Beta_k__1__Beta_e__1/u_imp_10/FI_run_T31_CP395_u_imp_10_k_imp_1_e_imp_1/FI_run_T31_CP395_u_imp_10_k_imp_1_e_imp_1_state_iter_12500.dat
iter:  12600 (Jcost: 1.371119e-02) (lr = 1.627e-01) (elapsed time: 8416.649) (secs/iter:  0.770) (n_accepted: 78%) (u_error:  0.625261 %) (beta_change:  7.266555 %) (delta_change:  0.183927 %) (delta_peak/R:  1.428121 %)
iter:  12700 (Jcost: 1.371026e-02) (lr = 1.397e-01) (elapsed time: 8486.809) (secs/iter:  0.702) (n_accepted: 79%) (u_error:  0.625352 %) (beta_change:  7.331521 %) (delta_change:  0.185072 %) (delta_peak/R:  1.427942 %)
iter:  12800 (Jcost: 1.370929e-02) (lr = 2.082e-02) (elapsed time: 8558.091) (secs/iter:  0.713) (n_accepted: 77%) (u_error:  0.625165 %) (beta_change:  7.400002 %) (delta_change:  0.186267 %) (delta_peak/R:  1.427903 %)
iter:  12900 (Jcost: 1.370834e-02) (lr = 7.446e-03) (elapsed time: 8629.967) (secs/iter:  0.719) (n_accepted: 78%) (u_error:  0.625371 %) (beta_change:  7.467464 %) (delta_change:  0.187440 %) (delta_peak/R:  1.427657 %)
iter:  13000 (Jcost: 1.370755e-02) (lr = 5.089e-01) (elapsed time: 8699.942) (secs/iter:  0.700) (n_accepted: 84%) (u_error:  0.625398 %) (beta_change:  7.524281 %) (delta_change:  0.188420 %) (delta_peak/R:  1.427529 %)
-> Saved file: /media/rafael/DATA/Dropbox/20220924_FIML_solver/data/output/field_inversion/Beta_k__1__Beta_e__1/u_imp_10/FI_run_T31_CP395_u_imp_10_k_imp_1_e_imp_1/FI_run_T31_CP395_u_imp_10_k_imp_1_e_imp_1_state_iter_13000.dat
iter:  13100 (Jcost: 1.370694e-02) (lr = 3.160e-02) (elapsed time: 8777.006) (secs/iter:  0.771) (n_accepted: 76%) (u_error:  0.625263 %) (beta_change:  7.567612 %) (delta_change:  0.189161 %) (delta_peak/R:  1.427514 %)
iter:  13200 (Jcost: 1.370620e-02) (lr = 3.750e-01) (elapsed time: 8846.868) (secs/iter:  0.699) (n_accepted: 82%) (u_error:  0.625295 %) (beta_change:  7.621794 %) (delta_change:  0.190084 %) (delta_peak/R:  1.427388 %)
iter:  13300 (Jcost: 1.370553e-02) (lr = 9.703e-03) (elapsed time: 8917.806) (secs/iter:  0.709) (n_accepted: 75%) (u_error:  0.625296 %) (beta_change:  7.670141 %) (delta_change:  0.190903 %) (delta_peak/R:  1.427291 %)
iter:  13400 (Jcost: 1.370501e-02) (lr = 1.151e-01) (elapsed time: 8970.919) (secs/iter:  0.531) (n_accepted: 82%) (u_error:  0.625250 %) (beta_change:  7.708069 %) (delta_change:  0.191542 %) (delta_peak/R:  1.427240 %)
iter:  13500 (Jcost: 1.370412e-02) (lr = 1.716e-02) (elapsed time: 9014.436) (secs/iter:  0.435) (n_accepted: 77%) (u_error:  0.625138 %) (beta_change:  7.774041 %) (delta_change:  0.192646 %) (delta_peak/R:  1.427168 %)
-> Saved file: /media/rafael/DATA/Dropbox/20220924_FIML_solver/data/output/field_inversion/Beta_k__1__Beta_e__1/u_imp_10/FI_run_T31_CP395_u_imp_10_k_imp_1_e_imp_1/FI_run_T31_CP395_u_imp_10_k_imp_1_e_imp_1_state_iter_13500.dat
iter:  13600 (Jcost: 1.370335e-02) (lr = 1.473e-02) (elapsed time: 9086.112) (secs/iter:  0.717) (n_accepted: 79%) (u_error:  0.625259 %) (beta_change:  7.831005 %) (delta_change:  0.193594 %) (delta_peak/R:  1.426990 %)
iter:  13700 (Jcost: 1.370255e-02) (lr = 4.195e-01) (elapsed time: 9153.683) (secs/iter:  0.676) (n_accepted: 83%) (u_error:  0.625834 %) (beta_change:  7.895210 %) (delta_change:  0.194661 %) (delta_peak/R:  1.426557 %)
iter:  13800 (Jcost: 1.370182e-02) (lr = 6.251e-02) (elapsed time: 9223.991) (secs/iter:  0.703) (n_accepted: 77%) (u_error:  0.625067 %) (beta_change:  7.946268 %) (delta_change:  0.195489 %) (delta_peak/R:  1.426863 %)
iter:  13900 (Jcost: 1.370102e-02) (lr = 9.316e-03) (elapsed time: 9268.739) (secs/iter:  0.447) (n_accepted: 77%) (u_error:  0.625150 %) (beta_change:  8.006448 %) (delta_change:  0.196470 %) (delta_peak/R:  1.426700 %)
iter:  14000 (Jcost: 1.370033e-02) (lr = 1.919e-02) (elapsed time: 9332.188) (secs/iter:  0.634) (n_accepted: 80%) (u_error:  0.624934 %) (beta_change:  8.059850 %) (delta_change:  0.197330 %) (delta_peak/R:  1.426710 %)
-> Saved file: /media/rafael/DATA/Dropbox/20220924_FIML_solver/data/output/field_inversion/Beta_k__1__Beta_e__1/u_imp_10/FI_run_T31_CP395_u_imp_10_k_imp_1_e_imp_1/FI_run_T31_CP395_u_imp_10_k_imp_1_e_imp_1_state_iter_14000.dat
iter:  14100 (Jcost: 1.369967e-02) (lr = 5.466e-01) (elapsed time: 9406.392) (secs/iter:  0.742) (n_accepted: 83%) (u_error:  0.625409 %) (beta_change:  8.110293 %) (delta_change:  0.198145 %) (delta_peak/R:  1.426358 %)
iter:  14200 (Jcost: 1.369914e-02) (lr = 1.414e-02) (elapsed time: 9474.799) (secs/iter:  0.684) (n_accepted: 75%) (u_error:  0.625173 %) (beta_change:  8.150664 %) (delta_change:  0.198787 %) (delta_peak/R:  1.426403 %)
iter:  14300 (Jcost: 1.369845e-02) (lr = 1.214e-02) (elapsed time: 9545.288) (secs/iter:  0.705) (n_accepted: 79%) (u_error:  0.625084 %) (beta_change:  8.204464 %) (delta_change:  0.199639 %) (delta_peak/R:  1.426345 %)
iter:  14400 (Jcost: 1.369794e-02) (lr = 1.441e-01) (elapsed time: 9614.947) (secs/iter:  0.697) (n_accepted: 82%) (u_error:  0.625112 %) (beta_change:  8.244385 %) (delta_change:  0.200269 %) (delta_peak/R:  1.426252 %)
iter:  14500 (Jcost: 1.369722e-02) (lr = 5.152e-02) (elapsed time: 9685.888) (secs/iter:  0.709) (n_accepted: 78%) (u_error:  0.625034 %) (beta_change:  8.300442 %) (delta_change:  0.201146 %) (delta_peak/R:  1.426183 %)
-> Saved file: /media/rafael/DATA/Dropbox/20220924_FIML_solver/data/output/field_inversion/Beta_k__1__Beta_e__1/u_imp_10/FI_run_T31_CP395_u_imp_10_k_imp_1_e_imp_1/FI_run_T31_CP395_u_imp_10_k_imp_1_e_imp_1_state_iter_14500.dat
iter:  14600 (Jcost: 1.369661e-02) (lr = 7.678e-03) (elapsed time: 9758.211) (secs/iter:  0.723) (n_accepted: 77%) (u_error:  0.625156 %) (beta_change:  8.348815 %) (delta_change:  0.201899 %) (delta_peak/R:  1.426023 %)
iter:  14700 (Jcost: 1.369605e-02) (lr = 5.248e-01) (elapsed time: 9800.836) (secs/iter:  0.426) (n_accepted: 84%) (u_error:  0.625317 %) (beta_change:  8.394037 %) (delta_change:  0.202600 %) (delta_peak/R:  1.425849 %)
iter:  14800 (Jcost: 1.369546e-02) (lr = 1.877e-01) (elapsed time: 9847.574) (secs/iter:  0.467) (n_accepted: 78%) (u_error:  0.625041 %) (beta_change:  8.440185 %) (delta_change:  0.203305 %) (delta_peak/R:  1.425906 %)
iter:  14900 (Jcost: 1.369489e-02) (lr = 1.611e-01) (elapsed time: 9889.681) (secs/iter:  0.421) (n_accepted: 79%) (u_error:  0.625079 %) (beta_change:  8.485958 %) (delta_change:  0.204004 %) (delta_peak/R:  1.425796 %)
iter:  15000 (Jcost: 1.369429e-02) (lr = 1.001e-02) (elapsed time: 9956.110) (secs/iter:  0.664) (n_accepted: 76%) (u_error:  0.625000 %) (beta_change:  8.534636 %) (delta_change:  0.204741 %) (delta_peak/R:  1.425743 %)
-> Saved file: /media/rafael/DATA/Dropbox/20220924_FIML_solver/data/output/field_inversion/Beta_k__1__Beta_e__1/u_imp_10/FI_run_T31_CP395_u_imp_10_k_imp_1_e_imp_1/FI_run_T31_CP395_u_imp_10_k_imp_1_e_imp_1_state_iter_15000.dat
iter:  15000 (Jcost: 1.369429e-02) (lr = 1.201e-02) (elapsed time: 9961.684) (secs/iter:   None) (n_accepted: 0%) (u_error:  0.624978 %) (beta_change:  8.534681 %) (delta_change:  0.204741 %) (delta_peak/R:  1.425755 %)
