# ------------------------------------------------------------------------
#                  Input Arguments
# ------------------------------------------------------------------------
# Begin_Input_Arguments
{ 'all_b_mode': ['Beta_k', 'Beta_e'],
  'args_mk_solver': { 'torch': "<module 'torch' from "
                               "'/home/rafael/anaconda3/lib/python3.9/site-packages/torch/__init__.py'>",
                      'y_grid': [0.0, 0.000309700312, 0.000638645973, 0.00098802599, 0.00135910194, 0.00175321227, 0.00217177688, 0.00261630193, 0.00308838486, 0.00358971984, 0.00412210331, 0.00468744001, 0.00528774917, 0.00592517114, 0.00660197432, 0.0073205624, 0.00808348206, 0.00889343092, 0.00975326602, 0.0106660126, 0.0116348733, 0.0126632377, 0.0137546927, 0.0149130326, 0.0161422702, 0.0174466482, 0.0188306506, 0.0202990157, 0.0218567475, 0.02350913, 0.0252617393, 0.0271204584, 0.0290914903, 0.0311813732, 0.033396994, 0.0357456039, 0.0382348325, 0.0408727029, 0.0436676462, 0.0466285159, 0.0497646022, 0.0530856456, 0.0566018496, 0.0603238931, 0.0642629411, 0.068430655, 0.0728392004, 0.0775012535, 0.0824300053, 0.0876391634, 0.0931429507, 0.0989561006, 0.105093849, 0.111571922, 0.118406518, 0.125614286, 0.133212296, 0.141218006, 0.14964922, 0.158524039, 0.167860801, 0.177678022, 0.187994313, 0.1988283, 0.21019853, 0.222123362, 0.234620856, 0.247708641, 0.261403784, 0.275722637, 0.290680679, 0.306292354, 0.322570888, 0.339528108, 0.357174255, 0.375517785, 0.394565175, 0.414320726, 0.43478637, 0.45596148, 0.47784269, 0.500423731, 0.523695275, 0.547644806, 0.572256506, 0.597511177, 0.623386184, 0.649855436, 0.676889401, 0.704455158, 0.73251649, 0.761034018, 0.789965372, 0.819265404, 0.848886442, 0.878778572, 0.908889961, 0.939167201, 0.969555687, 1.0],
                      'Ret': 395.0,
                      'cp': 1.0,
                      'A_sca_rho': 1.0,
                      'A_sca_mu': 0.002531645569620253,
                      'A_sca_k': 0.002531645569620253,
                      'b_exp_rho': -1.0,
                      'b_exp_mu': -0.5,
                      'b_exp_k': 0.0,
                      'tensor_device': 'cpu',
                      'as_tensor': '<function '
                                   'Build_arguments_fi_run._mk_args_MK_solver.<locals>.<lambda> '
                                   'at 0x7fddf04ff820>',
                      'ref_dns': { 'u_dns': [0.0, 0.121675109, 0.253464522, 0.396210332, 0.550811952, 0.718225925, 0.899464368, 1.09559165, 1.30771875, 1.53699917, 1.78471584, 2.05230764, 2.34129742, 2.65328124, 2.98984241, 3.3524868, 3.74267131, 4.16175428, 4.61091368, 5.09108044, 5.60290959, 6.14679351, 6.72264263, 7.3299003, 7.9673806, 8.63328955, 9.32531822, 10.0404571, 10.7752127, 11.5252726, 12.2856191, 13.0519022, 13.8200132, 14.5841323, 15.3392583, 16.0816616, 16.8064889, 17.511043, 18.1928237, 18.848904, 19.4789845, 20.0819214, 20.6567697, 21.2050029, 21.7261672, 22.2214269, 22.6927747, 23.1406214, 23.5674854, 23.9750361, 24.3650658, 24.7401388, 25.1013546, 25.4516778, 25.7917012, 26.124832, 26.4534629, 26.776861, 27.0991322, 27.4198583, 27.7424111, 28.0652089, 28.3906379, 28.7181269, 29.0487582, 29.3842518, 29.7244549, 30.0703787, 30.4224806, 30.7817263, 31.1463203, 31.5161491, 31.8906482, 32.2697122, 32.6526465, 33.0384175, 33.4250264, 33.8123437, 34.1997591, 34.586691, 34.9725831, 35.3556283, 35.7374385, 36.1172464, 36.4941187, 36.8661227, 37.23394, 37.5946494, 37.9407824, 38.2715456, 38.5856716, 38.8834564, 39.1621336, 39.4161265, 39.642716, 39.8377978, 39.9946467, 40.1116821, 40.1843817, 40.2082984],
                                   'T_dns': [1.0, 1.028870563668178, 1.0595313758740268, 1.0920549579083192, 1.126512547533901, 1.162976199856686, 1.201523067212767, 1.242242946562293, 1.2852507994739575, 1.3307025015211038, 1.3787353191486182, 1.4294452962340103, 1.4829571268302966, 1.5394517364785627, 1.599094776821186, 1.6619859186852723, 1.7282642278301428, 1.7981017528597674, 1.8715772262750112, 1.9487814880378609, 2.029819027568453, 2.1146923386329215, 2.203428690954032, 2.2960486235491544, 2.3926076753717074, 2.4930721105765907, 2.5970783934172967, 2.704329232912806, 2.8148834379152183, 2.928602637366978, 3.0447166739982046, 3.1628276896320853, 3.28290243727686, 3.4041735066086436, 3.5261293465976977, 3.648731322999199, 3.771204121374962, 3.8930842498910323, 4.014001607943036, 4.1335281099293875, 4.251567576913512, 4.367127888625427, 4.480977705053545, 4.5921509433766445, 4.7013314680078535, 4.807235938126347, 4.911138200643414, 5.012093917983216, 5.1109720446479985, 5.207081177973861, 5.300026740412933, 5.391570524518053, 5.4810327364213824, 5.568950578679778, 5.654214546098061, 5.739502179595593, 5.822550911902573, 5.904570063769353, 5.986275107538697, 6.066165090199194, 6.1466033598106975, 6.2254661633765895, 6.305612206715647, 6.383425336404524, 6.462758717257458, 6.541568252077124, 6.620597806921072, 6.699980721960334, 6.7798370042212115, 6.859787660990349, 6.940176422459178, 7.02047133815632, 7.100996816347531, 7.1816430065213535, 7.262395734113002, 7.342811485462139, 7.422844187855292, 7.5022516523243, 7.581291444186404, 7.659547165385851, 7.736899706588513, 7.812956415605469, 7.887643434892626, 7.960934756504019, 8.032801615304317, 8.1030853906817, 8.171309152697312, 8.237121540684885, 8.300368714488593, 8.359944585882396, 8.415055921167209, 8.465863795127015, 8.51195630707112, 8.55292441715176, 8.588636412461218, 8.618707928436116, 8.642428232108015, 8.659608188522506, 8.670150665521641, 8.673757137682848],
                                   'mu_dns': [0.002531645569620253, 0.0024958732896256195, 0.002459495279631076, 0.0024225941096366116, 0.002385255399642212, 0.002347564269647866, 0.00230960040965356, 0.0022714314496592855, 0.0022331040696650347, 0.002194635589670805, 0.00215606799967659, 0.002117479109682378, 0.0020789239696881617, 0.002040421379693937, 0.002002007969699699, 0.0019637637297054357, 0.001925740809711139, 0.0018879729697168044, 0.001850542349722419, 0.0018135157497279728, 0.0017769460597334581, 0.001740921979738862, 0.0017055065997441743, 0.0016707534397493872, 0.0016366927497544963, 0.0016033763897594939, 0.001570942809764359, 0.0015394767097690787, 0.0015089425197736587, 0.0014793559397780968, 0.001450873209782369, 0.0014235251297864714, 0.001397249349790413, 0.00137213568979418, 0.0013481983297977706, 0.001325354209801197, 0.0013036556298044518, 0.0012830866998075371, 0.001263613139810458, 0.0012452095898132186, 0.0012278020698158298, 0.0012114484798182827, 0.0011959596098206062, 0.001181394179822791, 0.0011675956498248608, 0.0011546628298268007, 0.0011423832498286427, 0.0011308195398303772, 0.0011198275598320261, 0.0011094448798335834, 0.001099673789835049, 0.0010902981098364554, 0.0010813634998377956, 0.001072793719839081, 0.001064674279840299, 0.00105673426984149, 0.0010491709498426244, 0.0010418585598437214, 0.0010347241098447916, 0.001027887989845817, 0.0010211400498468292, 0.0010146516498478024, 0.0010081827798487726, 0.0010020191298496972, 0.0009958500128506224, 0.0009898330848515252, 0.000983907568852414, 0.000978061418853291, 0.0009722843108541574, 0.0009666017298550097, 0.0009609873018558521, 0.0009554759698566787, 0.0009500429628574936, 0.000944693653858296, 0.000939426807859086, 0.0009342685188598598, 0.0009292182528606173, 0.000924287522861357, 0.0009194567558620816, 0.0009147477648627878, 0.0009101635118634755, 0.0009057225978641417, 0.0009014243168647863, 0.0008972652988654102, 0.0008932425108660136, 0.000889360212866596, 0.000885639714867154, 0.0008820946078676859, 0.000878727487868191, 0.0008755908308686614, 0.0008727189398690924, 0.0008700961878694856, 0.0008677371908698396, 0.0008656564858701516, 0.0008638548888704218, 0.0008623465348706482, 0.0008611623088708258, 0.0008603076468709539, 0.0008597844418710324, 0.0008596056778710592],
                                   'rho_dns': [1.0, 0.971939557134138, 0.94381348468806, 0.915704830382678, 0.887695394240521, 0.8598628244698647, 0.8322769885057221, 0.8049955145789627, 0.778058259453557, 0.7514827685804428, 0.7253023739302691, 0.6995720666153376, 0.674328328113855, 0.6495819104322569, 0.6253538029733818, 0.6016898150322827, 0.5786152278668132, 0.5561420528118407, 0.5343087028208255, 0.513141163408143, 0.49265475710803297, 0.47288202720139744, 0.4538381496553101, 0.4355308462301786, 0.4179540215863612, 0.4011115425653383, 0.3850480611346416, 0.3697774619412408, 0.35525449705321654, 0.34145977581276477, 0.32843778488158587, 0.31617277263571847, 0.3046085039400353, 0.2937570596970643, 0.2835970838576534, 0.2740678639988257, 0.2651672961248793, 0.25686574854576805, 0.249127952022034, 0.24192408359286152, 0.23520736338053566, 0.22898344758910977, 0.2231655825629801, 0.21776287677179273, 0.21270569982246773, 0.20801974624731168, 0.20361878634752914, 0.19951741056009253, 0.19565749749055256, 0.19204617055521156, 0.1886782933329292, 0.18547471380602762, 0.18244736860537517, 0.1795670451500161, 0.17685922453899347, 0.174231138643885, 0.17174602938306308, 0.16936034109173076, 0.1670487877746664, 0.1648487941113985, 0.16269148039361986, 0.1606305413533268, 0.15858888355598097, 0.15665570556563474, 0.15473268363395762, 0.15286854183359977, 0.15104376208363166, 0.14925416079516896, 0.14749617127629874, 0.14577710702136074, 0.14408855613005592, 0.1424405786780998, 0.1408252990196889, 0.13924390269635253, 0.13769560853077578, 0.13618761723351833, 0.13471924975013297, 0.13329331597270352, 0.1319036482586136, 0.13055602092498178, 0.12925073839957235, 0.12799252252356313, 0.12678057879445878, 0.12561338970690697, 0.12448956763662285, 0.12340978180360401, 0.12237941085240969, 0.1214016322401932, 0.12047657572783049, 0.1196180177663761, 0.11883462324767238, 0.11812143736302537, 0.1174818060531246, 0.11691907366732157, 0.11643291809967692, 0.11602667224638766, 0.11570822147933363, 0.11547866580446511, 0.1153382494235854, 0.11529029279082917]},
                      'case': 'cRets',
                      'constant_Sq_heat': 0.24050632911392406,
                      'use_visc_heating': False,
                      'Pr_turb': 1.0,
                      'fprint': '<function '
                                'Build_arguments_fi_run._mk_args_MK_solver.<locals>.<lambda> '
                                'at 0x7fddf04ff550>',
                      'compressible_correction': False,
                      'bool_solve_energy': False,
                      'output_last': False},
  'u_imp': 1000,
  'k_imp': 1,
  'e_imp': 1,
  'solve_sparse_adj': True,
  'all_ref_beta_distrib': {'K': [1.0, 0.99975665, 0.99951924, 0.99929616, 0.99909457, 0.99892395, 0.99879717, 0.99873115, 0.99874768, 0.99887401, 0.99914341, 0.99959554, 1.00027643, 1.00123766, 1.00253485, 1.00422526, 1.00636448, 1.00900318, 1.01218519, 1.01594855, 1.02033338, 1.02539543, 1.03122206, 1.03793876, 1.04569888, 1.05465726, 1.06493351, 1.07658453, 1.08957588, 1.1037585, 1.11885311, 1.13447292, 1.15014952, 1.1653445, 1.17951329, 1.19213643, 1.20270717, 1.21072401, 1.21564085, 1.21682652, 1.21355025, 1.20503885, 1.1907151, 1.17038487, 1.14439527, 1.11370694, 1.07967492, 1.04390328, 1.00800326, 0.97344281, 0.94145391, 0.91300399, 0.88879626, 0.86930296, 0.85477959, 0.84532442, 0.84086853, 0.84123478, 0.84615604, 0.8552614, 0.86813556, 0.88427939, 0.90316837, 0.9242123, 0.94679504, 0.9702354, 0.99381055, 1.01676533, 1.03833002, 1.05775388, 1.07435681, 1.08758454, 1.09704927, 1.10256913, 1.10420235, 1.10226502, 1.09732536, 1.09015272, 1.08162867, 1.0726552, 1.06405786, 1.05649778, 1.05039033, 1.0458687, 1.04281987, 1.04095726, 1.03989724, 1.03926915, 1.03883363, 1.03845628, 1.03800175, 1.0372915, 1.03615671, 1.03453031, 1.0324802, 1.03019681, 1.02796432, 1.02608977, 1.02483785, 1.01219363], 'E': [1.0, 0.99995322, 0.99986166, 0.99974012, 0.99958634, 0.99939398, 0.99915412, 0.99885557, 0.99848475, 0.99802573, 0.99746011, 0.99676698, 0.99592335, 0.99490474, 0.99368718, 0.9922538, 0.99060953, 0.9887972, 0.98689553, 0.9850008, 0.98322024, 0.98163398, 0.98017461, 0.97855123, 0.97636789, 0.97334601, 0.96943207, 0.9646719, 0.95905376, 0.95251829, 0.94501722, 0.93652955, 0.92706312, 0.91665882, 0.90536989, 0.8932409, 0.8803192, 0.86678331, 0.85334499, 0.84189231, 0.83585224, 0.83942827, 0.85561793, 0.88448943, 0.92304621, 0.96659328, 1.01049908, 1.05122778, 1.08661709, 1.11565983, 1.13813755, 1.15428047, 1.16455671, 1.1695097, 1.16970553, 1.16566724, 1.15791441, 1.14690894, 1.13308567, 1.1168712, 1.0986598, 1.07886154, 1.05787207, 1.0361124, 1.01401502, 0.99206142, 0.97077177, 0.95070409, 0.93244032, 0.91655834, 0.90358661, 0.89394905, 0.88792315, 0.88559657, 0.88683061, 0.89124557, 0.89823311, 0.90701225, 0.91672356, 0.92652128, 0.93566648, 0.94360406, 0.95002431, 0.95487993, 0.95834104, 0.96071902, 0.96239257, 0.96371027, 0.96489347, 0.9660634, 0.96733146, 0.96883172, 0.97067377, 0.9728689, 0.97531236, 0.97780675, 0.98009761, 0.98193664, 0.98312915, 0.99177643]},
  'all_ref_delta_distrib': {'K': [-0.0, 0.005993127762890845, 0.012605471272056365, 0.019627139525042348, 0.0268365416927155, 0.03389155354230095, 0.04026157544611407, 0.04515278012825121, 0.04740565592998031, 0.04537320914395849, 0.036775653769967435, 0.018519918577613644, -0.013515393192659323, -0.06468916405415522, -0.1417947527193348, -0.25322722798678376, -0.40903440205888975, -0.6208410702842023, -0.9017692247210086, -1.2663042582005004, -1.7305741085558928, -2.313447313707956, -3.038022803457945, -3.9329247488184818, -5.0311913078322466, -6.365022436318268, -7.956973224535705, -9.810756508495347, -11.903690194499124, -14.181275356383512, -16.556267659999964, -18.91512317337721, -21.12903967093873, -23.067381803297746, -24.614067711365337, -25.67807886409276, -26.197429143854364, -26.138978927365525, -25.491959543697906, -24.26316333636563, -22.476682004064457, -20.181720340611168, -17.465972327908172, -14.459662966592193, -11.323086370994417, -8.225007303778305, -5.313413775245527, -2.7004431629061894, -0.4545536518074416, 1.3951314779453665, 2.8505900153995487, 3.934740821945076, 4.683245759937527, 5.137584817400721, 5.340869710358409, 5.334401866193846, 5.158024884710688, 4.8465119290437295, 4.43176547293491, 3.9417953194406703, 3.4007240369243905, 2.8302785775371277, 2.2490874669108787, 1.6736917421594586, 1.1180586373790953, 0.5956108895336039, 0.11798956467463273, -0.30449035068715474, -0.6630772819125017, -0.9511995437184906, -1.1648793943193307, -1.3036202843687612, -1.370279506654039, -1.371243896424898, -1.3162537140923627, -1.217724888967922, -1.089690067191431, -0.9466434870711273, -0.8016463927227315, -0.6654829793691511, -0.5457020148512806, -0.44634570879586855, -0.3680543013283203, -0.3088007860632445, -0.26478784568907454, -0.23179057561347852, -0.2058116948542074, -0.18386293963009337, -0.16428188798652293, -0.14628699852524316, -0.1293897006621422, -0.11313386475998179, -0.09739539151261323, -0.0824347590663543, -0.06879796662765271, -0.05707702266120289, -0.04775332414819357, -0.04107162687607773, -0.037077317162226404, -0.017868600509240717], 'E': [-0.0, 0.02728634068174521, 0.11935498203837948, 0.2776215098162174, 0.5163714127773985, 0.8604899673292361, 1.3458416536316142, 2.0214563079761017, 2.952979244934062, 4.226456889377966, 5.953852453060155, 8.280088712029261, 11.389181235383278, 15.510484307037993, 20.923128153791122, 27.94624175565182, 36.88845219564531, 47.97389033236718, 61.338010166051234, 77.10181147318622, 95.38006999738224, 116.32350920368873, 140.46992690814912, 169.08152364272823, 203.78465752848948, 245.95676780538062, 296.52740530100294, 355.90049145045987, 423.7847213321103, 498.99960886103725, 579.3538445359311, 661.7217124553171, 742.2599690176471, 816.7494378120971, 881.1764023033853, 932.239266548067, 967.4807708822531, 984.5095189087348, 978.8096315533548, 941.795517980046, 862.8668985396866, 737.2350152775924, 573.8547665327296, 394.677672482665, 225.01636396556043, 83.4133326266651, -22.389533825297388, -93.49935545400047, -135.79238442400415, -156.48039656133315, -162.15944474711458, -158.06006769087364, -148.02430274122182, -134.7026004223023, -119.85367601441422, -104.59325599223516, -89.6367860089227, -75.37709981107137, -62.04541170822446, -49.7487780474377, -38.51939425574409, -28.35826777343262, -19.241627687228156, -11.140405023130537, -4.023028635422566, 2.125752918319625, 7.315041638584659, 11.545814782579301, 14.81679059015929, 17.13556510322767, 18.52374703785066, 19.033858505599174, 18.748538299214335, 17.785351090457638, 16.294336550441958, 14.44728476901208, 12.42187279349318, 10.385886478016454, 8.475035698230938, 6.785968429122541, 5.370533180123874, 4.239396246637929, 3.370043770066786, 2.7193822998298325, 2.2350346347872025, 1.868149332230933, 1.578103004095298, 1.336934959254736, 1.1293227793935794, 0.9476834771247069, 0.7873465419055949, 0.6445392677285084, 0.5178619667200448, 0.4079483259777872, 0.3163481758356347, 0.2440269496804256, 0.1907521878365053, 0.1549774454350881, 0.13459019986230486, 0.06394784001459161]},
  'fname_print': '/media/rafael/DATA/Dropbox/20220924_FIML_solver/data/output/field_inversion/Beta_k__1__Beta_e__1/u_imp_1000/FI_run_cRets_u_imp_1000_k_imp_1_e_imp_1/FI_run_cRets_u_imp_1000_k_imp_1_e_imp_1.log',
  'folder': '/media/rafael/DATA/Dropbox/20220924_FIML_solver/data/output/field_inversion/Beta_k__1__Beta_e__1/u_imp_1000/FI_run_cRets_u_imp_1000_k_imp_1_e_imp_1',
  'iters_limit': 15000}
# End_Input_Arguments

# ------------------------------------------------------------------------
#                  Iterations
# ------------------------------------------------------------------------

iter:      0 (Jcost: 2.147158e+03) (lr = 1.000e-03) (elapsed time:  0.001) (secs/iter:   None) (n_accepted: 0%) (u_error: 22.817241 %) (beta_change: 19.326602 %) (delta_change: 14.000938 %) (delta_peak/R:  0.000000 %)
-> Saved file: /media/rafael/DATA/Dropbox/20220924_FIML_solver/data/output/field_inversion/Beta_k__1__Beta_e__1/u_imp_1000/FI_run_cRets_u_imp_1000_k_imp_1_e_imp_1/FI_run_cRets_u_imp_1000_k_imp_1_e_imp_1_state_iter_0.dat
iter:    100 (Jcost: 2.544204e+00) (lr = 1.717e-03) (elapsed time: 181.159) (secs/iter:  1.812) (n_accepted: 80%) (u_error:  0.919381 %) (beta_change: 13.743259 %) (delta_change:  9.837954 %) (delta_peak/R: 16.413922 %)
iter:    200 (Jcost: 1.275841e+00) (lr = 2.558e-04) (elapsed time: 341.256) (secs/iter:  1.601) (n_accepted: 77%) (u_error:  0.574422 %) (beta_change: 11.716007 %) (delta_change: 10.059890 %) (delta_peak/R: 17.563384 %)
iter:    300 (Jcost: 1.041912e+00) (lr = 2.196e-04) (elapsed time: 500.298) (secs/iter:  1.590) (n_accepted: 79%) (u_error:  0.507685 %) (beta_change: 10.882404 %) (delta_change:  9.099950 %) (delta_peak/R: 17.312918 %)
iter:    400 (Jcost: 9.407565e-01) (lr = 7.855e-05) (elapsed time: 667.320) (secs/iter:  1.670) (n_accepted: 78%) (u_error:  0.422490 %) (beta_change: 10.231522 %) (delta_change:  8.247212 %) (delta_peak/R: 16.914850 %)
iter:    500 (Jcost: 8.629681e-01) (lr = 2.809e-05) (elapsed time: 839.363) (secs/iter:  1.720) (n_accepted: 78%) (u_error:  0.405382 %) (beta_change:  9.674843 %) (delta_change:  7.360661 %) (delta_peak/R: 16.563186 %)
-> Saved file: /media/rafael/DATA/Dropbox/20220924_FIML_solver/data/output/field_inversion/Beta_k__1__Beta_e__1/u_imp_1000/FI_run_cRets_u_imp_1000_k_imp_1_e_imp_1/FI_run_cRets_u_imp_1000_k_imp_1_e_imp_1_state_iter_500.dat
iter:    600 (Jcost: 8.016698e-01) (lr = 3.334e-04) (elapsed time: 1012.697) (secs/iter:  1.733) (n_accepted: 82%) (u_error:  0.354859 %) (beta_change:  9.141400 %) (delta_change:  6.666203 %) (delta_peak/R: 16.309718 %)
iter:    700 (Jcost: 7.622650e-01) (lr = 2.862e-04) (elapsed time: 1181.979) (secs/iter:  1.693) (n_accepted: 79%) (u_error:  0.347064 %) (beta_change:  8.774525 %) (delta_change:  6.191954 %) (delta_peak/R: 16.153491 %)
iter:    800 (Jcost: 7.312918e-01) (lr = 1.024e-04) (elapsed time: 1359.403) (secs/iter:  1.774) (n_accepted: 78%) (u_error:  0.329919 %) (beta_change:  8.450110 %) (delta_change:  5.794670 %) (delta_peak/R: 16.084333 %)
iter:    900 (Jcost: 7.005801e-01) (lr = 8.786e-05) (elapsed time: 1513.653) (secs/iter:  1.542) (n_accepted: 79%) (u_error:  0.322765 %) (beta_change:  8.099187 %) (delta_change:  5.411406 %) (delta_peak/R: 16.002353 %)
iter:   1000 (Jcost: 6.789847e-01) (lr = 1.043e-03) (elapsed time: 1670.056) (secs/iter:  1.564) (n_accepted: 82%) (u_error:  0.297270 %) (beta_change:  7.865342 %) (delta_change:  5.163603 %) (delta_peak/R: 15.959191 %)
-> Saved file: /media/rafael/DATA/Dropbox/20220924_FIML_solver/data/output/field_inversion/Beta_k__1__Beta_e__1/u_imp_1000/FI_run_cRets_u_imp_1000_k_imp_1_e_imp_1/FI_run_cRets_u_imp_1000_k_imp_1_e_imp_1_state_iter_1000.dat
iter:   1100 (Jcost: 6.620331e-01) (lr = 3.729e-04) (elapsed time: 1794.157) (secs/iter:  1.241) (n_accepted: 78%) (u_error:  0.287563 %) (beta_change:  7.652660 %) (delta_change:  4.939213 %) (delta_peak/R: 15.902434 %)
iter:   1200 (Jcost: 6.458713e-01) (lr = 9.648e-06) (elapsed time: 1943.911) (secs/iter:  1.498) (n_accepted: 75%) (u_error:  0.273832 %) (beta_change:  7.435418 %) (delta_change:  4.727148 %) (delta_peak/R: 15.899580 %)
iter:   1300 (Jcost: 6.313478e-01) (lr = 4.770e-05) (elapsed time: 2082.568) (secs/iter:  1.387) (n_accepted: 81%) (u_error:  0.267427 %) (beta_change:  7.223445 %) (delta_change:  4.551088 %) (delta_peak/R: 15.882725 %)
iter:   1400 (Jcost: 6.169699e-01) (lr = 1.359e-03) (elapsed time: 2241.298) (secs/iter:  1.587) (n_accepted: 83%) (u_error:  0.255671 %) (beta_change:  6.999000 %) (delta_change:  4.365281 %) (delta_peak/R: 15.861762 %)
iter:   1500 (Jcost: 6.070027e-01) (lr = 1.166e-03) (elapsed time: 2371.383) (secs/iter:  1.301) (n_accepted: 79%) (u_error:  0.244087 %) (beta_change:  6.832894 %) (delta_change:  4.227892 %) (delta_peak/R: 15.843451 %)
-> Saved file: /media/rafael/DATA/Dropbox/20220924_FIML_solver/data/output/field_inversion/Beta_k__1__Beta_e__1/u_imp_1000/FI_run_cRets_u_imp_1000_k_imp_1_e_imp_1/FI_run_cRets_u_imp_1000_k_imp_1_e_imp_1_state_iter_1500.dat
iter:   1600 (Jcost: 5.969042e-01) (lr = 4.171e-04) (elapsed time: 2529.382) (secs/iter:  1.580) (n_accepted: 78%) (u_error:  0.235691 %) (beta_change:  6.651572 %) (delta_change:  4.074167 %) (delta_peak/R: 15.814434 %)
iter:   1700 (Jcost: 5.884172e-01) (lr = 3.581e-04) (elapsed time: 2685.236) (secs/iter:  1.559) (n_accepted: 79%) (u_error:  0.227279 %) (beta_change:  6.488340 %) (delta_change:  3.935248 %) (delta_peak/R: 15.784328 %)
iter:   1800 (Jcost: 5.818099e-01) (lr = 2.223e-05) (elapsed time: 2870.713) (secs/iter:  1.855) (n_accepted: 76%) (u_error:  0.224058 %) (beta_change:  6.346041 %) (delta_change:  3.816060 %) (delta_peak/R: 15.758769 %)
iter:   1900 (Jcost: 5.768170e-01) (lr = 1.908e-05) (elapsed time: 3052.374) (secs/iter:  1.817) (n_accepted: 79%) (u_error:  0.216764 %) (beta_change:  6.246666 %) (delta_change:  3.727093 %) (delta_peak/R: 15.729934 %)
iter:   2000 (Jcost: 5.724874e-01) (lr = 1.638e-05) (elapsed time: 3217.326) (secs/iter:  1.650) (n_accepted: 79%) (u_error:  0.212992 %) (beta_change:  6.149919 %) (delta_change:  3.658818 %) (delta_peak/R: 15.709003 %)
-> Saved file: /media/rafael/DATA/Dropbox/20220924_FIML_solver/data/output/field_inversion/Beta_k__1__Beta_e__1/u_imp_1000/FI_run_cRets_u_imp_1000_k_imp_1_e_imp_1/FI_run_cRets_u_imp_1000_k_imp_1_e_imp_1_state_iter_2000.dat
iter:   2100 (Jcost: 5.673317e-01) (lr = 1.944e-04) (elapsed time: 3393.483) (secs/iter:  1.762) (n_accepted: 82%) (u_error:  0.207847 %) (beta_change:  6.029320 %) (delta_change:  3.573677 %) (delta_peak/R: 15.686009 %)
iter:   2200 (Jcost: 5.618159e-01) (lr = 2.897e-05) (elapsed time: 3582.729) (secs/iter:  1.892) (n_accepted: 77%) (u_error:  0.201968 %) (beta_change:  5.892807 %) (delta_change:  3.476361 %) (delta_peak/R: 15.671133 %)
iter:   2300 (Jcost: 5.574237e-01) (lr = 8.251e-04) (elapsed time: 3763.673) (secs/iter:  1.809) (n_accepted: 83%) (u_error:  0.198154 %) (beta_change:  5.778232 %) (delta_change:  3.391914 %) (delta_peak/R: 15.665237 %)
iter:   2400 (Jcost: 5.521014e-01) (lr = 1.230e-04) (elapsed time: 3938.173) (secs/iter:  1.745) (n_accepted: 77%) (u_error:  0.192496 %) (beta_change:  5.635973 %) (delta_change:  3.284583 %) (delta_peak/R: 15.657316 %)
iter:   2500 (Jcost: 5.483985e-01) (lr = 1.832e-05) (elapsed time: 4124.268) (secs/iter:  1.861) (n_accepted: 77%) (u_error:  0.190348 %) (beta_change:  5.535543 %) (delta_change:  3.203964 %) (delta_peak/R: 15.648350 %)
-> Saved file: /media/rafael/DATA/Dropbox/20220924_FIML_solver/data/output/field_inversion/Beta_k__1__Beta_e__1/u_imp_1000/FI_run_cRets_u_imp_1000_k_imp_1_e_imp_1/FI_run_cRets_u_imp_1000_k_imp_1_e_imp_1_state_iter_2500.dat
iter:   2600 (Jcost: 5.436362e-01) (lr = 1.252e-03) (elapsed time: 4299.067) (secs/iter:  1.748) (n_accepted: 84%) (u_error:  0.183853 %) (beta_change:  5.400148 %) (delta_change:  3.098347 %) (delta_peak/R: 15.629651 %)
iter:   2700 (Jcost: 5.408193e-01) (lr = 1.350e-05) (elapsed time: 4486.790) (secs/iter:  1.877) (n_accepted: 74%) (u_error:  0.180832 %) (beta_change:  5.315045 %) (delta_change:  3.032743 %) (delta_peak/R: 15.616333 %)
iter:   2800 (Jcost: 5.383761e-01) (lr = 3.845e-04) (elapsed time: 4667.521) (secs/iter:  1.807) (n_accepted: 83%) (u_error:  0.179196 %) (beta_change:  5.237945 %) (delta_change:  2.973347 %) (delta_peak/R: 15.603366 %)
iter:   2900 (Jcost: 5.349701e-01) (lr = 5.731e-05) (elapsed time: 4839.107) (secs/iter:  1.716) (n_accepted: 77%) (u_error:  0.175024 %) (beta_change:  5.125726 %) (delta_change:  2.885536 %) (delta_peak/R: 15.580776 %)
iter:   3000 (Jcost: 5.323733e-01) (lr = 2.050e-05) (elapsed time: 5015.404) (secs/iter:  1.763) (n_accepted: 78%) (u_error:  0.174173 %) (beta_change:  5.034533 %) (delta_change:  2.814950 %) (delta_peak/R: 15.562131 %)
-> Saved file: /media/rafael/DATA/Dropbox/20220924_FIML_solver/data/output/field_inversion/Beta_k__1__Beta_e__1/u_imp_1000/FI_run_cRets_u_imp_1000_k_imp_1_e_imp_1/FI_run_cRets_u_imp_1000_k_imp_1_e_imp_1_state_iter_3000.dat
iter:   3100 (Jcost: 5.298747e-01) (lr = 1.401e-03) (elapsed time: 5187.865) (secs/iter:  1.725) (n_accepted: 84%) (u_error:  0.174029 %) (beta_change:  4.939252 %) (delta_change:  2.741237 %) (delta_peak/R: 15.541267 %)
iter:   3200 (Jcost: 5.279265e-01) (lr = 5.011e-04) (elapsed time: 5362.144) (secs/iter:  1.743) (n_accepted: 78%) (u_error:  0.167170 %) (beta_change:  4.870952 %) (delta_change:  2.685099 %) (delta_peak/R: 15.519888 %)
iter:   3300 (Jcost: 5.256160e-01) (lr = 4.301e-04) (elapsed time: 5540.547) (secs/iter:  1.784) (n_accepted: 79%) (u_error:  0.164361 %) (beta_change:  4.779847 %) (delta_change:  2.613042 %) (delta_peak/R: 15.494766 %)
iter:   3400 (Jcost: 5.237316e-01) (lr = 1.538e-04) (elapsed time: 5716.316) (secs/iter:  1.758) (n_accepted: 78%) (u_error:  0.162130 %) (beta_change:  4.702422 %) (delta_change:  2.560269 %) (delta_peak/R: 15.472209 %)
iter:   3500 (Jcost: 5.215246e-01) (lr = 5.502e-05) (elapsed time: 5880.804) (secs/iter:  1.645) (n_accepted: 78%) (u_error:  0.160225 %) (beta_change:  4.607913 %) (delta_change:  2.498183 %) (delta_peak/R: 15.443755 %)
-> Saved file: /media/rafael/DATA/Dropbox/20220924_FIML_solver/data/output/field_inversion/Beta_k__1__Beta_e__1/u_imp_1000/FI_run_cRets_u_imp_1000_k_imp_1_e_imp_1/FI_run_cRets_u_imp_1000_k_imp_1_e_imp_1_state_iter_3500.dat
iter:   3600 (Jcost: 5.195794e-01) (lr = 1.968e-05) (elapsed time: 6074.166) (secs/iter:  1.934) (n_accepted: 78%) (u_error:  0.155165 %) (beta_change:  4.519462 %) (delta_change:  2.437946 %) (delta_peak/R: 15.413085 %)
iter:   3700 (Jcost: 5.176084e-01) (lr = 5.605e-04) (elapsed time: 6242.457) (secs/iter:  1.683) (n_accepted: 83%) (u_error:  0.153442 %) (beta_change:  4.428302 %) (delta_change:  2.376905 %) (delta_peak/R: 15.382695 %)
iter:   3800 (Jcost: 5.161085e-01) (lr = 2.005e-04) (elapsed time: 6426.909) (secs/iter:  1.845) (n_accepted: 78%) (u_error:  0.153476 %) (beta_change:  4.356266 %) (delta_change:  2.328937 %) (delta_peak/R: 15.358740 %)
iter:   3900 (Jcost: 5.147007e-01) (lr = 7.170e-05) (elapsed time: 6611.817) (secs/iter:  1.849) (n_accepted: 78%) (u_error:  0.151097 %) (beta_change:  4.285789 %) (delta_change:  2.280635 %) (delta_peak/R: 15.332621 %)
iter:   4000 (Jcost: 5.133051e-01) (lr = 1.069e-05) (elapsed time: 6797.081) (secs/iter:  1.853) (n_accepted: 77%) (u_error:  0.150100 %) (beta_change:  4.213472 %) (delta_change:  2.231424 %) (delta_peak/R: 15.306023 %)
-> Saved file: /media/rafael/DATA/Dropbox/20220924_FIML_solver/data/output/field_inversion/Beta_k__1__Beta_e__1/u_imp_1000/FI_run_cRets_u_imp_1000_k_imp_1_e_imp_1/FI_run_cRets_u_imp_1000_k_imp_1_e_imp_1_state_iter_4000.dat
iter:   4100 (Jcost: 5.120906e-01) (lr = 7.303e-04) (elapsed time: 6980.827) (secs/iter:  1.837) (n_accepted: 84%) (u_error:  0.146870 %) (beta_change:  4.148325 %) (delta_change:  2.185830 %) (delta_peak/R: 15.279563 %)
iter:   4200 (Jcost: 5.110687e-01) (lr = 1.088e-04) (elapsed time: 7156.305) (secs/iter:  1.755) (n_accepted: 77%) (u_error:  0.146857 %) (beta_change:  4.092859 %) (delta_change:  2.148132 %) (delta_peak/R: 15.258660 %)
iter:   4300 (Jcost: 5.095997e-01) (lr = 3.893e-05) (elapsed time: 7327.713) (secs/iter:  1.714) (n_accepted: 78%) (u_error:  0.144892 %) (beta_change:  4.009980 %) (delta_change:  2.090776 %) (delta_peak/R: 15.225196 %)
iter:   4400 (Jcost: 5.084643e-01) (lr = 4.619e-04) (elapsed time: 7511.058) (secs/iter:  1.833) (n_accepted: 82%) (u_error:  0.141850 %) (beta_change:  3.942717 %) (delta_change:  2.043481 %) (delta_peak/R: 15.196290 %)
iter:   4500 (Jcost: 5.073285e-01) (lr = 3.965e-04) (elapsed time: 7681.790) (secs/iter:  1.707) (n_accepted: 79%) (u_error:  0.141585 %) (beta_change:  3.875750 %) (delta_change:  1.997562 %) (delta_peak/R: 15.173416 %)
-> Saved file: /media/rafael/DATA/Dropbox/20220924_FIML_solver/data/output/field_inversion/Beta_k__1__Beta_e__1/u_imp_1000/FI_run_cRets_u_imp_1000_k_imp_1_e_imp_1/FI_run_cRets_u_imp_1000_k_imp_1_e_imp_1_state_iter_4500.dat
iter:   4600 (Jcost: 5.060989e-01) (lr = 5.909e-05) (elapsed time: 7856.567) (secs/iter:  1.748) (n_accepted: 77%) (u_error:  0.140609 %) (beta_change:  3.800087 %) (delta_change:  1.945344 %) (delta_peak/R: 15.152497 %)
iter:   4700 (Jcost: 5.049848e-01) (lr = 2.114e-05) (elapsed time: 8028.251) (secs/iter:  1.717) (n_accepted: 78%) (u_error:  0.137463 %) (beta_change:  3.728236 %) (delta_change:  1.894789 %) (delta_peak/R: 15.130066 %)
iter:   4800 (Jcost: 5.043112e-01) (lr = 1.814e-05) (elapsed time: 8203.508) (secs/iter:  1.753) (n_accepted: 79%) (u_error:  0.138165 %) (beta_change:  3.685644 %) (delta_change:  1.865962 %) (delta_peak/R: 15.118246 %)
iter:   4900 (Jcost: 5.032137e-01) (lr = 1.557e-05) (elapsed time: 8373.346) (secs/iter:  1.698) (n_accepted: 79%) (u_error:  0.137309 %) (beta_change:  3.612682 %) (delta_change:  1.815733 %) (delta_peak/R: 15.095836 %)
iter:   5000 (Jcost: 5.022856e-01) (lr = 1.065e-03) (elapsed time: 8539.531) (secs/iter:  1.662) (n_accepted: 84%) (u_error:  0.136901 %) (beta_change:  3.548731 %) (delta_change:  1.771942 %) (delta_peak/R: 15.075766 %)
-> Saved file: /media/rafael/DATA/Dropbox/20220924_FIML_solver/data/output/field_inversion/Beta_k__1__Beta_e__1/u_imp_1000/FI_run_cRets_u_imp_1000_k_imp_1_e_imp_1/FI_run_cRets_u_imp_1000_k_imp_1_e_imp_1_state_iter_5000.dat
iter:   5100 (Jcost: 5.014103e-01) (lr = 9.138e-04) (elapsed time: 8721.662) (secs/iter:  1.821) (n_accepted: 79%) (u_error:  0.132622 %) (beta_change:  3.487306 %) (delta_change:  1.728306 %) (delta_peak/R: 15.053074 %)
iter:   5200 (Jcost: 5.005791e-01) (lr = 3.268e-04) (elapsed time: 8886.490) (secs/iter:  1.648) (n_accepted: 78%) (u_error:  0.133599 %) (beta_change:  3.429381 %) (delta_change:  1.689422 %) (delta_peak/R: 15.034883 %)
iter:   5300 (Jcost: 4.997560e-01) (lr = 4.871e-05) (elapsed time: 9067.241) (secs/iter:  1.808) (n_accepted: 77%) (u_error:  0.131936 %) (beta_change:  3.369610 %) (delta_change:  1.648286 %) (delta_peak/R: 15.013684 %)
iter:   5400 (Jcost: 4.990373e-01) (lr = 1.742e-05) (elapsed time: 9244.971) (secs/iter:  1.777) (n_accepted: 78%) (u_error:  0.131103 %) (beta_change:  3.316329 %) (delta_change:  1.612031 %) (delta_peak/R: 14.994873 %)
iter:   5500 (Jcost: 4.981337e-01) (lr = 4.961e-04) (elapsed time: 9401.761) (secs/iter:  1.568) (n_accepted: 83%) (u_error:  0.131410 %) (beta_change:  3.246668 %) (delta_change:  1.565344 %) (delta_peak/R: 14.970764 %)
-> Saved file: /media/rafael/DATA/Dropbox/20220924_FIML_solver/data/output/field_inversion/Beta_k__1__Beta_e__1/u_imp_1000/FI_run_cRets_u_imp_1000_k_imp_1_e_imp_1/FI_run_cRets_u_imp_1000_k_imp_1_e_imp_1_state_iter_5500.dat
iter:   5600 (Jcost: 4.975537e-01) (lr = 4.259e-04) (elapsed time: 9576.064) (secs/iter:  1.743) (n_accepted: 79%) (u_error:  0.129190 %) (beta_change:  3.205372 %) (delta_change:  1.535948 %) (delta_peak/R: 14.953724 %)
iter:   5700 (Jcost: 4.968860e-01) (lr = 2.644e-05) (elapsed time: 9748.842) (secs/iter:  1.728) (n_accepted: 76%) (u_error:  0.127656 %) (beta_change:  3.155466 %) (delta_change:  1.501808 %) (delta_peak/R: 14.933738 %)
iter:   5800 (Jcost: 4.961194e-01) (lr = 9.458e-06) (elapsed time: 9916.072) (secs/iter:  1.672) (n_accepted: 78%) (u_error:  0.126894 %) (beta_change:  3.097112 %) (delta_change:  1.462571 %) (delta_peak/R: 14.910812 %)
iter:   5900 (Jcost: 4.954749e-01) (lr = 6.465e-04) (elapsed time: 10085.221) (secs/iter:  1.691) (n_accepted: 84%) (u_error:  0.125562 %) (beta_change:  3.046939 %) (delta_change:  1.428753 %) (delta_peak/R: 14.890356 %)
iter:   6000 (Jcost: 4.949148e-01) (lr = 2.312e-04) (elapsed time: 10260.229) (secs/iter:  1.750) (n_accepted: 78%) (u_error:  0.125372 %) (beta_change:  3.002725 %) (delta_change:  1.401713 %) (delta_peak/R: 14.872868 %)
-> Saved file: /media/rafael/DATA/Dropbox/20220924_FIML_solver/data/output/field_inversion/Beta_k__1__Beta_e__1/u_imp_1000/FI_run_cRets_u_imp_1000_k_imp_1_e_imp_1/FI_run_cRets_u_imp_1000_k_imp_1_e_imp_1_state_iter_6000.dat
iter:   6100 (Jcost: 4.943452e-01) (lr = 8.270e-05) (elapsed time: 10442.099) (secs/iter:  1.819) (n_accepted: 78%) (u_error:  0.124601 %) (beta_change:  2.956971 %) (delta_change:  1.375248 %) (delta_peak/R: 14.854195 %)
iter:   6200 (Jcost: 4.937637e-01) (lr = 2.958e-05) (elapsed time: 10612.235) (secs/iter:  1.701) (n_accepted: 78%) (u_error:  0.123005 %) (beta_change:  2.909454 %) (delta_change:  1.347443 %) (delta_peak/R: 14.834069 %)
iter:   6300 (Jcost: 4.931651e-01) (lr = 1.058e-05) (elapsed time: 10780.949) (secs/iter:  1.687) (n_accepted: 78%) (u_error:  0.122541 %) (beta_change:  2.859903 %) (delta_change:  1.318986 %) (delta_peak/R: 14.813797 %)
iter:   6400 (Jcost: 4.925272e-01) (lr = 5.231e-05) (elapsed time: 10937.637) (secs/iter:  1.567) (n_accepted: 81%) (u_error:  0.120674 %) (beta_change:  2.805586 %) (delta_change:  1.287267 %) (delta_peak/R: 14.790435 %)
iter:   6500 (Jcost: 4.920104e-01) (lr = 6.207e-04) (elapsed time: 11105.785) (secs/iter:  1.681) (n_accepted: 82%) (u_error:  0.120804 %) (beta_change:  2.761731 %) (delta_change:  1.262398 %) (delta_peak/R: 14.772641 %)
-> Saved file: /media/rafael/DATA/Dropbox/20220924_FIML_solver/data/output/field_inversion/Beta_k__1__Beta_e__1/u_imp_1000/FI_run_cRets_u_imp_1000_k_imp_1_e_imp_1/FI_run_cRets_u_imp_1000_k_imp_1_e_imp_1_state_iter_6500.dat
iter:   6600 (Jcost: 4.914883e-01) (lr = 3.854e-05) (elapsed time: 11270.865) (secs/iter:  1.651) (n_accepted: 76%) (u_error:  0.119968 %) (beta_change:  2.716287 %) (delta_change:  1.240703 %) (delta_peak/R: 14.753414 %)
iter:   6700 (Jcost: 4.909402e-01) (lr = 3.309e-05) (elapsed time: 11434.583) (secs/iter:  1.637) (n_accepted: 79%) (u_error:  0.119095 %) (beta_change:  2.667846 %) (delta_change:  1.217930 %) (delta_peak/R: 14.732841 %)
iter:   6800 (Jcost: 4.903913e-01) (lr = 1.183e-05) (elapsed time: 11603.232) (secs/iter:  1.686) (n_accepted: 78%) (u_error:  0.118414 %) (beta_change:  2.618596 %) (delta_change:  1.194821 %) (delta_peak/R: 14.711994 %)
iter:   6900 (Jcost: 4.899505e-01) (lr = 3.370e-04) (elapsed time: 11769.235) (secs/iter:  1.660) (n_accepted: 83%) (u_error:  0.117811 %) (beta_change:  2.578484 %) (delta_change:  1.176085 %) (delta_peak/R: 14.694931 %)
iter:   7000 (Jcost: 4.895020e-01) (lr = 2.093e-05) (elapsed time: 11936.897) (secs/iter:  1.677) (n_accepted: 76%) (u_error:  0.116432 %) (beta_change:  2.536977 %) (delta_change:  1.156955 %) (delta_peak/R: 14.676698 %)
-> Saved file: /media/rafael/DATA/Dropbox/20220924_FIML_solver/data/output/field_inversion/Beta_k__1__Beta_e__1/u_imp_1000/FI_run_cRets_u_imp_1000_k_imp_1_e_imp_1/FI_run_cRets_u_imp_1000_k_imp_1_e_imp_1_state_iter_7000.dat
iter:   7100 (Jcost: 4.890639e-01) (lr = 2.483e-04) (elapsed time: 12116.719) (secs/iter:  1.798) (n_accepted: 82%) (u_error:  0.118377 %) (beta_change:  2.493521 %) (delta_change:  1.136159 %) (delta_peak/R: 14.660002 %)
iter:   7200 (Jcost: 4.885847e-01) (lr = 5.116e-04) (elapsed time: 12280.075) (secs/iter:  1.634) (n_accepted: 80%) (u_error:  0.115789 %) (beta_change:  2.450962 %) (delta_change:  1.116995 %) (delta_peak/R: 14.640415 %)
iter:   7300 (Jcost: 4.881426e-01) (lr = 7.624e-05) (elapsed time: 12459.434) (secs/iter:  1.794) (n_accepted: 77%) (u_error:  0.115209 %) (beta_change:  2.408581 %) (delta_change:  1.097490 %) (delta_peak/R: 14.622327 %)
iter:   7400 (Jcost: 4.877224e-01) (lr = 2.727e-05) (elapsed time: 12628.720) (secs/iter:  1.693) (n_accepted: 78%) (u_error:  0.114122 %) (beta_change:  2.367915 %) (delta_change:  1.078986 %) (delta_peak/R: 14.604589 %)
iter:   7500 (Jcost: 4.872584e-01) (lr = 9.753e-06) (elapsed time: 12801.060) (secs/iter:  1.723) (n_accepted: 78%) (u_error:  0.113246 %) (beta_change:  2.322331 %) (delta_change:  1.058248 %) (delta_peak/R: 14.584956 %)
-> Saved file: /media/rafael/DATA/Dropbox/20220924_FIML_solver/data/output/field_inversion/Beta_k__1__Beta_e__1/u_imp_1000/FI_run_cRets_u_imp_1000_k_imp_1_e_imp_1/FI_run_cRets_u_imp_1000_k_imp_1_e_imp_1_state_iter_7500.dat
iter:   7600 (Jcost: 4.869095e-01) (lr = 6.666e-04) (elapsed time: 12966.437) (secs/iter:  1.654) (n_accepted: 84%) (u_error:  0.112971 %) (beta_change:  2.287707 %) (delta_change:  1.042465 %) (delta_peak/R: 14.570332 %)
iter:   7700 (Jcost: 4.864460e-01) (lr = 4.140e-05) (elapsed time: 13123.923) (secs/iter:  1.575) (n_accepted: 76%) (u_error:  0.112432 %) (beta_change:  2.241088 %) (delta_change:  1.021341 %) (delta_peak/R: 14.550541 %)
iter:   7800 (Jcost: 4.860394e-01) (lr = 1.481e-05) (elapsed time: 13285.365) (secs/iter:  1.614) (n_accepted: 78%) (u_error:  0.111656 %) (beta_change:  2.199734 %) (delta_change:  1.002770 %) (delta_peak/R: 14.532804 %)
iter:   7900 (Jcost: 4.856643e-01) (lr = 3.050e-05) (elapsed time: 13456.058) (secs/iter:  1.707) (n_accepted: 80%) (u_error:  0.109873 %) (beta_change:  2.160424 %) (delta_change:  0.985465 %) (delta_peak/R: 14.515237 %)
iter:   8000 (Jcost: 4.853526e-01) (lr = 3.619e-04) (elapsed time: 13621.403) (secs/iter:  1.653) (n_accepted: 82%) (u_error:  0.110591 %) (beta_change:  2.128720 %) (delta_change:  0.971012 %) (delta_peak/R: 14.502622 %)
-> Saved file: /media/rafael/DATA/Dropbox/20220924_FIML_solver/data/output/field_inversion/Beta_k__1__Beta_e__1/u_imp_1000/FI_run_cRets_u_imp_1000_k_imp_1_e_imp_1/FI_run_cRets_u_imp_1000_k_imp_1_e_imp_1_state_iter_8000.dat
iter:   8100 (Jcost: 4.849983e-01) (lr = 9.365e-06) (elapsed time: 13800.117) (secs/iter:  1.787) (n_accepted: 75%) (u_error:  0.109989 %) (beta_change:  2.091536 %) (delta_change:  0.954495 %) (delta_peak/R: 14.486841 %)
iter:   8200 (Jcost: 4.846800e-01) (lr = 6.401e-04) (elapsed time: 13966.755) (secs/iter:  1.666) (n_accepted: 84%) (u_error:  0.109179 %) (beta_change:  2.057791 %) (delta_change:  0.939637 %) (delta_peak/R: 14.472369 %)
iter:   8300 (Jcost: 4.843150e-01) (lr = 5.494e-04) (elapsed time: 14129.684) (secs/iter:  1.629) (n_accepted: 79%) (u_error:  0.108774 %) (beta_change:  2.018723 %) (delta_change:  0.922372 %) (delta_peak/R: 14.456040 %)
iter:   8400 (Jcost: 4.839030e-01) (lr = 3.412e-05) (elapsed time: 14303.961) (secs/iter:  1.743) (n_accepted: 76%) (u_error:  0.108410 %) (beta_change:  1.973985 %) (delta_change:  0.902669 %) (delta_peak/R: 14.437478 %)
iter:   8500 (Jcost: 4.836171e-01) (lr = 4.049e-04) (elapsed time: 14475.425) (secs/iter:  1.715) (n_accepted: 82%) (u_error:  0.107901 %) (beta_change:  1.942720 %) (delta_change:  0.889034 %) (delta_peak/R: 14.424377 %)
-> Saved file: /media/rafael/DATA/Dropbox/20220924_FIML_solver/data/output/field_inversion/Beta_k__1__Beta_e__1/u_imp_1000/FI_run_cRets_u_imp_1000_k_imp_1_e_imp_1/FI_run_cRets_u_imp_1000_k_imp_1_e_imp_1_state_iter_8500.dat
iter:   8600 (Jcost: 4.833134e-01) (lr = 6.033e-05) (elapsed time: 14649.042) (secs/iter:  1.736) (n_accepted: 77%) (u_error:  0.107448 %) (beta_change:  1.909268 %) (delta_change:  0.874569 %) (delta_peak/R: 14.410228 %)
iter:   8700 (Jcost: 4.829055e-01) (lr = 2.158e-05) (elapsed time: 14815.544) (secs/iter:  1.665) (n_accepted: 78%) (u_error:  0.107424 %) (beta_change:  1.863732 %) (delta_change:  0.854857 %) (delta_peak/R: 14.391372 %)
iter:   8800 (Jcost: 4.825063e-01) (lr = 1.852e-05) (elapsed time: 14977.445) (secs/iter:  1.619) (n_accepted: 79%) (u_error:  0.107401 %) (beta_change:  1.822752 %) (delta_change:  0.835466 %) (delta_peak/R: 14.372763 %)
iter:   8900 (Jcost: 4.821648e-01) (lr = 1.590e-05) (elapsed time: 15142.883) (secs/iter:  1.654) (n_accepted: 79%) (u_error:  0.107374 %) (beta_change:  1.787144 %) (delta_change:  0.818488 %) (delta_peak/R: 14.357021 %)
iter:   9000 (Jcost: 4.818279e-01) (lr = 1.087e-03) (elapsed time: 15301.166) (secs/iter:  1.583) (n_accepted: 84%) (u_error:  0.107357 %) (beta_change:  1.752347 %) (delta_change:  0.802130 %) (delta_peak/R: 14.341019 %)
-> Saved file: /media/rafael/DATA/Dropbox/20220924_FIML_solver/data/output/field_inversion/Beta_k__1__Beta_e__1/u_imp_1000/FI_run_cRets_u_imp_1000_k_imp_1_e_imp_1/FI_run_cRets_u_imp_1000_k_imp_1_e_imp_1_state_iter_9000.dat
iter:   9100 (Jcost: 4.815720e-01) (lr = 1.620e-04) (elapsed time: 15478.134) (secs/iter:  1.770) (n_accepted: 77%) (u_error:  0.107341 %) (beta_change:  1.725477 %) (delta_change:  0.789483 %) (delta_peak/R: 14.328934 %)
iter:   9200 (Jcost: 4.813671e-01) (lr = 1.390e-04) (elapsed time: 15649.617) (secs/iter:  1.715) (n_accepted: 79%) (u_error:  0.107335 %) (beta_change:  1.703992 %) (delta_change:  0.779518 %) (delta_peak/R: 14.318825 %)
iter:   9300 (Jcost: 4.810330e-01) (lr = 2.072e-05) (elapsed time: 15816.116) (secs/iter:  1.665) (n_accepted: 77%) (u_error:  0.107309 %) (beta_change:  1.668427 %) (delta_change:  0.763132 %) (delta_peak/R: 14.303239 %)
iter:   9400 (Jcost: 4.807241e-01) (lr = 1.779e-05) (elapsed time: 15970.532) (secs/iter:  1.544) (n_accepted: 79%) (u_error:  0.107276 %) (beta_change:  1.634017 %) (delta_change:  0.747463 %) (delta_peak/R: 14.288733 %)
iter:   9500 (Jcost: 4.804075e-01) (lr = 8.794e-05) (elapsed time: 16135.294) (secs/iter:  1.648) (n_accepted: 81%) (u_error:  0.107284 %) (beta_change:  1.600234 %) (delta_change:  0.732586 %) (delta_peak/R: 14.271840 %)
-> Saved file: /media/rafael/DATA/Dropbox/20220924_FIML_solver/data/output/field_inversion/Beta_k__1__Beta_e__1/u_imp_1000/FI_run_cRets_u_imp_1000_k_imp_1_e_imp_1/FI_run_cRets_u_imp_1000_k_imp_1_e_imp_1_state_iter_9500.dat
iter:   9600 (Jcost: 4.801109e-01) (lr = 1.044e-03) (elapsed time: 16305.271) (secs/iter:  1.700) (n_accepted: 82%) (u_error:  0.107260 %) (beta_change:  1.568512 %) (delta_change:  0.718256 %) (delta_peak/R: 14.258194 %)
iter:   9700 (Jcost: 4.798780e-01) (lr = 1.555e-04) (elapsed time: 16463.942) (secs/iter:  1.587) (n_accepted: 77%) (u_error:  0.107237 %) (beta_change:  1.543294 %) (delta_change:  0.706831 %) (delta_peak/R: 14.247655 %)
iter:   9800 (Jcost: 4.795599e-01) (lr = 5.562e-05) (elapsed time: 16627.912) (secs/iter:  1.640) (n_accepted: 78%) (u_error:  0.107214 %) (beta_change:  1.508121 %) (delta_change:  0.691033 %) (delta_peak/R: 14.232379 %)
iter:   9900 (Jcost: 4.792686e-01) (lr = 8.289e-06) (elapsed time: 16802.837) (secs/iter:  1.749) (n_accepted: 77%) (u_error:  0.107192 %) (beta_change:  1.475623 %) (delta_change:  0.676455 %) (delta_peak/R: 14.218369 %)
iter:  10000 (Jcost: 4.790685e-01) (lr = 9.836e-05) (elapsed time: 16968.909) (secs/iter:  1.661) (n_accepted: 82%) (u_error:  0.107179 %) (beta_change:  1.453209 %) (delta_change:  0.666437 %) (delta_peak/R: 14.208625 %)
-> Saved file: /media/rafael/DATA/Dropbox/20220924_FIML_solver/data/output/field_inversion/Beta_k__1__Beta_e__1/u_imp_1000/FI_run_cRets_u_imp_1000_k_imp_1_e_imp_1/FI_run_cRets_u_imp_1000_k_imp_1_e_imp_1_state_iter_10000.dat
iter:  10100 (Jcost: 4.788024e-01) (lr = 1.466e-05) (elapsed time: 17145.510) (secs/iter:  1.766) (n_accepted: 77%) (u_error:  0.107162 %) (beta_change:  1.423218 %) (delta_change:  0.653051 %) (delta_peak/R: 14.195626 %)
iter:  10200 (Jcost: 4.785209e-01) (lr = 1.258e-05) (elapsed time: 17301.915) (secs/iter:  1.564) (n_accepted: 79%) (u_error:  0.107142 %) (beta_change:  1.391226 %) (delta_change:  0.638772 %) (delta_peak/R: 14.181944 %)
iter:  10300 (Jcost: 4.782794e-01) (lr = 3.584e-04) (elapsed time: 17470.083) (secs/iter:  1.682) (n_accepted: 83%) (u_error:  0.107129 %) (beta_change:  1.363593 %) (delta_change:  0.626503 %) (delta_peak/R: 14.169947 %)
iter:  10400 (Jcost: 4.780439e-01) (lr = 9.272e-06) (elapsed time: 17643.523) (secs/iter:  1.734) (n_accepted: 75%) (u_error:  0.107110 %) (beta_change:  1.336493 %) (delta_change:  0.614414 %) (delta_peak/R: 14.158619 %)
iter:  10500 (Jcost: 4.778319e-01) (lr = 6.337e-04) (elapsed time: 17810.496) (secs/iter:  1.670) (n_accepted: 84%) (u_error:  0.107092 %) (beta_change:  1.311887 %) (delta_change:  0.603447 %) (delta_peak/R: 14.148411 %)
-> Saved file: /media/rafael/DATA/Dropbox/20220924_FIML_solver/data/output/field_inversion/Beta_k__1__Beta_e__1/u_imp_1000/FI_run_cRets_u_imp_1000_k_imp_1_e_imp_1/FI_run_cRets_u_imp_1000_k_imp_1_e_imp_1_state_iter_10500.dat
iter:  10600 (Jcost: 4.775881e-01) (lr = 5.440e-04) (elapsed time: 17977.061) (secs/iter:  1.666) (n_accepted: 79%) (u_error:  0.107076 %) (beta_change:  1.283506 %) (delta_change:  0.590866 %) (delta_peak/R: 14.136418 %)
iter:  10700 (Jcost: 4.773083e-01) (lr = 8.107e-05) (elapsed time: 18148.393) (secs/iter:  1.713) (n_accepted: 77%) (u_error:  0.107053 %) (beta_change:  1.250605 %) (delta_change:  0.576250 %) (delta_peak/R: 14.122867 %)
iter:  10800 (Jcost: 4.770767e-01) (lr = 2.900e-05) (elapsed time: 18321.173) (secs/iter:  1.728) (n_accepted: 78%) (u_error:  0.107042 %) (beta_change:  1.223280 %) (delta_change:  0.564228 %) (delta_peak/R: 14.111174 %)
iter:  10900 (Jcost: 4.768353e-01) (lr = 1.037e-05) (elapsed time: 18494.085) (secs/iter:  1.729) (n_accepted: 78%) (u_error:  0.107021 %) (beta_change:  1.194600 %) (delta_change:  0.551509 %) (delta_peak/R: 14.099590 %)
iter:  11000 (Jcost: 4.765750e-01) (lr = 5.128e-05) (elapsed time: 18650.878) (secs/iter:  1.568) (n_accepted: 81%) (u_error:  0.107008 %) (beta_change:  1.163231 %) (delta_change:  0.537746 %) (delta_peak/R: 14.086333 %)
-> Saved file: /media/rafael/DATA/Dropbox/20220924_FIML_solver/data/output/field_inversion/Beta_k__1__Beta_e__1/u_imp_1000/FI_run_cRets_u_imp_1000_k_imp_1_e_imp_1/FI_run_cRets_u_imp_1000_k_imp_1_e_imp_1_state_iter_11000.dat
iter:  11100 (Jcost: 4.763614e-01) (lr = 6.085e-04) (elapsed time: 18821.259) (secs/iter:  1.704) (n_accepted: 82%) (u_error:  0.106985 %) (beta_change:  1.137697 %) (delta_change:  0.526406 %) (delta_peak/R: 14.076403 %)
iter:  11200 (Jcost: 4.761446e-01) (lr = 1.574e-05) (elapsed time: 18974.767) (secs/iter:  1.535) (n_accepted: 75%) (u_error:  0.106966 %) (beta_change:  1.111356 %) (delta_change:  0.514779 %) (delta_peak/R: 14.065924 %)
iter:  11300 (Jcost: 4.758917e-01) (lr = 7.784e-05) (elapsed time: 19129.515) (secs/iter:  1.547) (n_accepted: 81%) (u_error:  0.106964 %) (beta_change:  1.079236 %) (delta_change:  0.500884 %) (delta_peak/R: 14.051890 %)
iter:  11400 (Jcost: 4.757253e-01) (lr = 1.604e-04) (elapsed time: 19295.395) (secs/iter:  1.659) (n_accepted: 80%) (u_error:  0.106935 %) (beta_change:  1.060118 %) (delta_change:  0.492269 %) (delta_peak/R: 14.045406 %)
iter:  11500 (Jcost: 4.755216e-01) (lr = 9.958e-06) (elapsed time: 19467.934) (secs/iter:  1.725) (n_accepted: 76%) (u_error:  0.106921 %) (beta_change:  1.035042 %) (delta_change:  0.481299 %) (delta_peak/R: 14.035328 %)
-> Saved file: /media/rafael/DATA/Dropbox/20220924_FIML_solver/data/output/field_inversion/Beta_k__1__Beta_e__1/u_imp_1000/FI_run_cRets_u_imp_1000_k_imp_1_e_imp_1/FI_run_cRets_u_imp_1000_k_imp_1_e_imp_1_state_iter_11500.dat
iter:  11600 (Jcost: 4.753270e-01) (lr = 6.806e-04) (elapsed time: 19623.383) (secs/iter:  1.554) (n_accepted: 84%) (u_error:  0.106900 %) (beta_change:  1.010683 %) (delta_change:  0.470557 %) (delta_peak/R: 14.026105 %)
iter:  11700 (Jcost: 4.751194e-01) (lr = 2.434e-04) (elapsed time: 19781.464) (secs/iter:  1.581) (n_accepted: 78%) (u_error:  0.106888 %) (beta_change:  0.985017 %) (delta_change:  0.459380 %) (delta_peak/R: 14.015798 %)
iter:  11800 (Jcost: 4.749117e-01) (lr = 8.707e-05) (elapsed time: 19945.910) (secs/iter:  1.644) (n_accepted: 78%) (u_error:  0.106872 %) (beta_change:  0.958992 %) (delta_change:  0.448016 %) (delta_peak/R: 14.005646 %)
iter:  11900 (Jcost: 4.746655e-01) (lr = 1.298e-05) (elapsed time: 20108.430) (secs/iter:  1.625) (n_accepted: 77%) (u_error:  0.106853 %) (beta_change:  0.927941 %) (delta_change:  0.434470 %) (delta_peak/R: 13.993663 %)
iter:  12000 (Jcost: 4.744729e-01) (lr = 6.416e-05) (elapsed time: 20269.986) (secs/iter:  1.616) (n_accepted: 81%) (u_error:  0.106831 %) (beta_change:  0.903106 %) (delta_change:  0.423569 %) (delta_peak/R: 13.984558 %)
-> Saved file: /media/rafael/DATA/Dropbox/20220924_FIML_solver/data/output/field_inversion/Beta_k__1__Beta_e__1/u_imp_1000/FI_run_cRets_u_imp_1000_k_imp_1_e_imp_1/FI_run_cRets_u_imp_1000_k_imp_1_e_imp_1_state_iter_12000.dat
iter:  12100 (Jcost: 4.742736e-01) (lr = 5.507e-05) (elapsed time: 20441.737) (secs/iter:  1.718) (n_accepted: 79%) (u_error:  0.106830 %) (beta_change:  0.880203 %) (delta_change:  0.412722 %) (delta_peak/R: 13.973900 %)
iter:  12200 (Jcost: 4.740601e-01) (lr = 6.535e-04) (elapsed time: 20591.753) (secs/iter:  1.500) (n_accepted: 82%) (u_error:  0.106807 %) (beta_change:  0.866356 %) (delta_change:  0.400895 %) (delta_peak/R: 13.964063 %)
iter:  12300 (Jcost: 4.738559e-01) (lr = 9.739e-05) (elapsed time: 20748.982) (secs/iter:  1.572) (n_accepted: 77%) (u_error:  0.106788 %) (beta_change:  0.852867 %) (delta_change:  0.389436 %) (delta_peak/R: 13.954324 %)
iter:  12400 (Jcost: 4.736518e-01) (lr = 1.451e-05) (elapsed time: 20917.617) (secs/iter:  1.686) (n_accepted: 77%) (u_error:  0.106770 %) (beta_change:  0.839662 %) (delta_change:  0.377932 %) (delta_peak/R: 13.944548 %)
iter:  12500 (Jcost: 4.734660e-01) (lr = 1.246e-05) (elapsed time: 21085.541) (secs/iter:  1.679) (n_accepted: 79%) (u_error:  0.106756 %) (beta_change:  0.827897 %) (delta_change:  0.367459 %) (delta_peak/R: 13.935538 %)
-> Saved file: /media/rafael/DATA/Dropbox/20220924_FIML_solver/data/output/field_inversion/Beta_k__1__Beta_e__1/u_imp_1000/FI_run_cRets_u_imp_1000_k_imp_1_e_imp_1/FI_run_cRets_u_imp_1000_k_imp_1_e_imp_1_state_iter_12500.dat
iter:  12600 (Jcost: 4.732933e-01) (lr = 6.160e-05) (elapsed time: 21253.840) (secs/iter:  1.683) (n_accepted: 81%) (u_error:  0.106753 %) (beta_change:  0.816510 %) (delta_change:  0.359795 %) (delta_peak/R: 13.926203 %)
iter:  12700 (Jcost: 4.730964e-01) (lr = 7.310e-04) (elapsed time: 21402.241) (secs/iter:  1.484) (n_accepted: 82%) (u_error:  0.106725 %) (beta_change:  0.804185 %) (delta_change:  0.355768 %) (delta_peak/R: 13.917801 %)
iter:  12800 (Jcost: 4.729435e-01) (lr = 2.614e-04) (elapsed time: 21566.407) (secs/iter:  1.642) (n_accepted: 78%) (u_error:  0.106714 %) (beta_change:  0.794273 %) (delta_change:  0.352685 %) (delta_peak/R: 13.910303 %)
iter:  12900 (Jcost: 4.727284e-01) (lr = 3.896e-05) (elapsed time: 21729.042) (secs/iter:  1.626) (n_accepted: 77%) (u_error:  0.106697 %) (beta_change:  0.780205 %) (delta_change:  0.348439 %) (delta_peak/R: 13.899982 %)
iter:  13000 (Jcost: 4.725226e-01) (lr = 1.394e-05) (elapsed time: 21885.111) (secs/iter:  1.561) (n_accepted: 78%) (u_error:  0.106678 %) (beta_change:  0.766616 %) (delta_change:  0.344620 %) (delta_peak/R: 13.890271 %)
-> Saved file: /media/rafael/DATA/Dropbox/20220924_FIML_solver/data/output/field_inversion/Beta_k__1__Beta_e__1/u_imp_1000/FI_run_cRets_u_imp_1000_k_imp_1_e_imp_1/FI_run_cRets_u_imp_1000_k_imp_1_e_imp_1_state_iter_13000.dat
iter:  13100 (Jcost: 4.723588e-01) (lr = 6.890e-05) (elapsed time: 22057.219) (secs/iter:  1.721) (n_accepted: 81%) (u_error:  0.106674 %) (beta_change:  0.755397 %) (delta_change:  0.341706 %) (delta_peak/R: 13.881595 %)
iter:  13200 (Jcost: 4.721981e-01) (lr = 8.176e-04) (elapsed time: 22219.428) (secs/iter:  1.622) (n_accepted: 82%) (u_error:  0.106654 %) (beta_change:  0.744892 %) (delta_change:  0.338686 %) (delta_peak/R: 13.874563 %)
iter:  13300 (Jcost: 4.720381e-01) (lr = 2.924e-04) (elapsed time: 22373.773) (secs/iter:  1.543) (n_accepted: 78%) (u_error:  0.106635 %) (beta_change:  0.734104 %) (delta_change:  0.335626 %) (delta_peak/R: 13.867311 %)
iter:  13400 (Jcost: 4.718517e-01) (lr = 1.046e-04) (elapsed time: 22539.053) (secs/iter:  1.653) (n_accepted: 78%) (u_error:  0.106622 %) (beta_change:  0.721418 %) (delta_change:  0.332205 %) (delta_peak/R: 13.858340 %)
iter:  13500 (Jcost: 4.716573e-01) (lr = 1.559e-05) (elapsed time: 22702.936) (secs/iter:  1.639) (n_accepted: 77%) (u_error:  0.106603 %) (beta_change:  0.708052 %) (delta_change:  0.328528 %) (delta_peak/R: 13.849300 %)
-> Saved file: /media/rafael/DATA/Dropbox/20220924_FIML_solver/data/output/field_inversion/Beta_k__1__Beta_e__1/u_imp_1000/FI_run_cRets_u_imp_1000_k_imp_1_e_imp_1/FI_run_cRets_u_imp_1000_k_imp_1_e_imp_1_state_iter_13500.dat
iter:  13600 (Jcost: 4.714965e-01) (lr = 1.338e-05) (elapsed time: 22862.477) (secs/iter:  1.595) (n_accepted: 79%) (u_error:  0.106589 %) (beta_change:  0.696909 %) (delta_change:  0.325507 %) (delta_peak/R: 13.841754 %)
iter:  13700 (Jcost: 4.713815e-01) (lr = 3.811e-04) (elapsed time: 23013.247) (secs/iter:  1.508) (n_accepted: 83%) (u_error:  0.106579 %) (beta_change:  0.688893 %) (delta_change:  0.323356 %) (delta_peak/R: 13.836331 %)
iter:  13800 (Jcost: 4.711733e-01) (lr = 5.679e-05) (elapsed time: 23167.868) (secs/iter:  1.546) (n_accepted: 77%) (u_error:  0.106561 %) (beta_change:  0.674263 %) (delta_change:  0.319426 %) (delta_peak/R: 13.826591 %)
iter:  13900 (Jcost: 4.710135e-01) (lr = 2.031e-05) (elapsed time: 23333.007) (secs/iter:  1.651) (n_accepted: 78%) (u_error:  0.106547 %) (beta_change:  0.662938 %) (delta_change:  0.316405 %) (delta_peak/R: 13.819135 %)
iter:  14000 (Jcost: 4.708301e-01) (lr = 4.185e-05) (elapsed time: 23491.974) (secs/iter:  1.590) (n_accepted: 80%) (u_error:  0.106544 %) (beta_change:  0.649246 %) (delta_change:  0.313039 %) (delta_peak/R: 13.809347 %)
-> Saved file: /media/rafael/DATA/Dropbox/20220924_FIML_solver/data/output/field_inversion/Beta_k__1__Beta_e__1/u_imp_1000/FI_run_cRets_u_imp_1000_k_imp_1_e_imp_1/FI_run_cRets_u_imp_1000_k_imp_1_e_imp_1_state_iter_14000.dat
iter:  14100 (Jcost: 4.707005e-01) (lr = 4.966e-04) (elapsed time: 23659.519) (secs/iter:  1.675) (n_accepted: 82%) (u_error:  0.106521 %) (beta_change:  0.640505 %) (delta_change:  0.310482 %) (delta_peak/R: 13.804537 %)
iter:  14200 (Jcost: 4.705575e-01) (lr = 1.285e-05) (elapsed time: 23820.864) (secs/iter:  1.613) (n_accepted: 75%) (u_error:  0.106507 %) (beta_change:  0.630141 %) (delta_change:  0.307738 %) (delta_peak/R: 13.797980 %)
iter:  14300 (Jcost: 4.704041e-01) (lr = 1.103e-05) (elapsed time: 23980.414) (secs/iter:  1.595) (n_accepted: 79%) (u_error:  0.106492 %) (beta_change:  0.618925 %) (delta_change:  0.304780 %) (delta_peak/R: 13.790965 %)
iter:  14400 (Jcost: 4.702419e-01) (lr = 1.309e-04) (elapsed time: 24131.777) (secs/iter:  1.514) (n_accepted: 82%) (u_error:  0.106484 %) (beta_change:  0.606957 %) (delta_change:  0.301781 %) (delta_peak/R: 13.783105 %)
iter:  14500 (Jcost: 4.700853e-01) (lr = 6.470e-04) (elapsed time: 24292.999) (secs/iter:  1.612) (n_accepted: 81%) (u_error:  0.106457 %) (beta_change:  0.595133 %) (delta_change:  0.298476 %) (delta_peak/R: 13.776581 %)
-> Saved file: /media/rafael/DATA/Dropbox/20220924_FIML_solver/data/output/field_inversion/Beta_k__1__Beta_e__1/u_imp_1000/FI_run_cRets_u_imp_1000_k_imp_1_e_imp_1/FI_run_cRets_u_imp_1000_k_imp_1_e_imp_1_state_iter_14500.dat
iter:  14600 (Jcost: 4.699811e-01) (lr = 9.643e-05) (elapsed time: 24463.105) (secs/iter:  1.701) (n_accepted: 77%) (u_error:  0.106453 %) (beta_change:  0.587586 %) (delta_change:  0.296964 %) (delta_peak/R: 13.771658 %)
iter:  14700 (Jcost: 4.698151e-01) (lr = 3.449e-05) (elapsed time: 24623.060) (secs/iter:  1.600) (n_accepted: 78%) (u_error:  0.106438 %) (beta_change:  0.581027 %) (delta_change:  0.298564 %) (delta_peak/R: 13.764127 %)
iter:  14800 (Jcost: 4.696777e-01) (lr = 1.234e-05) (elapsed time: 24788.356) (secs/iter:  1.653) (n_accepted: 78%) (u_error:  0.106428 %) (beta_change:  0.579233 %) (delta_change:  0.299874 %) (delta_peak/R: 13.757738 %)
iter:  14900 (Jcost: 4.695297e-01) (lr = 2.541e-05) (elapsed time: 24942.771) (secs/iter:  1.544) (n_accepted: 80%) (u_error:  0.106408 %) (beta_change:  0.581623 %) (delta_change:  0.301315 %) (delta_peak/R: 13.751331 %)
iter:  15000 (Jcost: 4.694117e-01) (lr = 3.016e-04) (elapsed time: 25099.652) (secs/iter:  1.569) (n_accepted: 82%) (u_error:  0.106403 %) (beta_change:  0.588086 %) (delta_change:  0.302412 %) (delta_peak/R: 13.745778 %)
-> Saved file: /media/rafael/DATA/Dropbox/20220924_FIML_solver/data/output/field_inversion/Beta_k__1__Beta_e__1/u_imp_1000/FI_run_cRets_u_imp_1000_k_imp_1_e_imp_1/FI_run_cRets_u_imp_1000_k_imp_1_e_imp_1_state_iter_15000.dat
iter:  15000 (Jcost: 4.694092e-01) (lr = 3.619e-04) (elapsed time: 25106.399) (secs/iter:   None) (n_accepted: 0%) (u_error:  0.106406 %) (beta_change:  0.588297 %) (delta_change:  0.302435 %) (delta_peak/R: 13.745533 %)
