# ------------------------------------------------------------------------
#                  Input Arguments
# ------------------------------------------------------------------------
# Begin_Input_Arguments
{ 'all_b_mode': ['Beta_e'],
  'args_mk_solver': { 'torch': "<module 'torch' from "
                               "'/home/rafael/anaconda3/lib/python3.9/site-packages/torch/__init__.py'>",
                      'y_grid': [0.0, 0.000309700312, 0.000638645973, 0.00098802599, 0.00135910194, 0.00175321227, 0.00217177688, 0.00261630193, 0.00308838486, 0.00358971984, 0.00412210331, 0.00468744001, 0.00528774917, 0.00592517114, 0.00660197432, 0.0073205624, 0.00808348206, 0.00889343092, 0.00975326602, 0.0106660126, 0.0116348733, 0.0126632377, 0.0137546927, 0.0149130326, 0.0161422702, 0.0174466482, 0.0188306506, 0.0202990157, 0.0218567475, 0.02350913, 0.0252617393, 0.0271204584, 0.0290914903, 0.0311813732, 0.033396994, 0.0357456039, 0.0382348325, 0.0408727029, 0.0436676462, 0.0466285159, 0.0497646022, 0.0530856456, 0.0566018496, 0.0603238931, 0.0642629411, 0.068430655, 0.0728392004, 0.0775012535, 0.0824300053, 0.0876391634, 0.0931429507, 0.0989561006, 0.105093849, 0.111571922, 0.118406518, 0.125614286, 0.133212296, 0.141218006, 0.14964922, 0.158524039, 0.167860801, 0.177678022, 0.187994313, 0.1988283, 0.21019853, 0.222123362, 0.234620856, 0.247708641, 0.261403784, 0.275722637, 0.290680679, 0.306292354, 0.322570888, 0.339528108, 0.357174255, 0.375517785, 0.394565175, 0.414320726, 0.43478637, 0.45596148, 0.47784269, 0.500423731, 0.523695275, 0.547644806, 0.572256506, 0.597511177, 0.623386184, 0.649855436, 0.676889401, 0.704455158, 0.73251649, 0.761034018, 0.789965372, 0.819265404, 0.848886442, 0.878778572, 0.908889961, 0.939167201, 0.969555687, 1.0],
                      'Ret': 649.889823,
                      'cp': 210.480673,
                      'A_sca_rho': 1.0,
                      'A_sca_mu': 0.0015387223566355186,
                      'A_sca_k': 0.46267331026398567,
                      'b_exp_rho': -1.0,
                      'b_exp_mu': 0.75,
                      'b_exp_k': 0.75,
                      'tensor_device': 'cpu',
                      'as_tensor': '<function '
                                   'Build_arguments_fi_run._mk_args_MK_solver.<locals>.<lambda> '
                                   'at 0x7fbf07041e50>',
                      'ref_dns': { 'u_dns': [0.0, 0.199533576, 0.408290403, 0.626565643, 0.854663643, 1.0929026, 1.34162107, 1.60118688, 1.87200894, 2.154553, 2.44936192, 2.75698514, 3.07776201, 3.41198315, 3.75993774, 4.12191724, 4.498187, 4.8889959, 5.29460801, 5.71525529, 6.15098775, 6.6017849, 7.06755964, 7.54808248, 8.04303672, 8.55196141, 9.07422955, 9.60907424, 10.1555475, 10.712545, 11.2787792, 11.8527996, 12.4329898, 13.0175859, 13.6046984, 14.192329, 14.7784082, 15.3608324, 15.9374982, 16.5063493, 17.0654177, 17.6128669, 18.1470301, 18.6664393, 19.1698511, 19.6562608, 20.1249132, 20.5753022, 21.0071641, 21.4204604, 21.8153479, 22.1921372, 22.5512573, 22.8932302, 23.2186529, 23.5282076, 23.822673, 24.102948, 24.3700438, 24.625046, 24.8691045, 25.1034568, 25.3293269, 25.5478553, 25.7602361, 25.9677699, 26.171731, 26.3731539, 26.5728088, 26.7713771, 26.9695075, 27.1675683, 27.3655089, 27.5630328, 27.760047, 27.9566329, 28.1528225, 28.3486563, 28.5437191, 28.7376135, 28.9299705, 29.1205355, 29.309313, 29.496093, 29.6799333, 29.8599147, 30.0358764, 30.2079811, 30.3755032, 30.5368245, 30.6899554, 30.8330515, 30.964845, 31.0840312, 31.188616, 31.2768881, 31.3478167, 31.4001326, 31.4324665, 31.4434329],
                                   'T_dns': [1.0, 1.0186007633053693, 1.037829412504506, 1.0576811525855287, 1.078151443851835, 1.0992376122463319, 1.1209409989401358, 1.1432699460293783, 1.1662437468589788, 1.1898978941204594, 1.2142908371423817, 1.2394815132405324, 1.2654584161771527, 1.292189738497268, 1.3196372196496142, 1.3477577125201405, 1.3765162488006508, 1.4058894692714796, 1.4358644122694542, 1.4664281353280029, 1.4975304137097132, 1.529114693710203, 1.5611241841919008, 1.5934907497258806, 1.6261500948004093, 1.6590273411620893, 1.6920354287565977, 1.7250867477055662, 1.7580830557355256, 1.7909276540570644, 1.8235149700718432, 1.8557410637523233, 1.887499515027725, 1.9186851019961344, 1.949197431140054, 1.9789385746972645, 2.0078182469153454, 2.0357551279423065, 2.0626770199602253, 2.088522711023671, 2.1132431783248573, 2.1368020380459334, 2.1591756655536596, 2.180352821984773, 2.2003343715421693, 2.219132205640771, 2.2367686375370726, 2.2532750687137972, 2.268690953727655, 2.2830621671277362, 2.296438994743354, 2.308874424129305, 2.3204234267762063, 2.3311426445488785, 2.3410893594196103, 2.3503209866681223, 2.358894795782324, 2.366867742656318, 2.374294036601921, 2.3812234228989175, 2.3877014359621263, 2.393769886647218, 2.399466062845091, 2.4048251476609717, 2.409882606410853, 2.4146725543216236, 2.4192267369983838, 2.423572785683353, 2.4277321022772984, 2.4317225132686904, 2.435558420855027, 2.4392459201734544, 2.442784666763864, 2.446170107577907, 2.449405626056449, 2.4525001696556883, 2.455461706017433, 2.4582889198291085, 2.460976180544819, 2.463528908966993, 2.465955197845375, 2.468249001147775, 2.4703959946291305, 2.4723957343113714, 2.4742509451381696, 2.475961686756596, 2.477534395934809, 2.47898023845478, 2.480304204351319, 2.4815079195485015, 2.4825890234129697, 2.483543494494443, 2.484375277891707, 2.4850895105797752, 2.4856918031809823, 2.486184616164718, 2.4865652891040293, 2.486830838459782, 2.4869848568522595, 2.487034085785826],
                                   'mu_dns': [0.0015387223566355186, 0.0015601388865886905, 0.0015821758265405059, 0.0016048200364909932, 0.0016280588164401804, 0.0016518817263880907, 0.0016762829563347363, 0.0017012645562801132, 0.00172684063622419, 0.0017530428661668975, 0.0017799274561081135, 0.0018075499360477156, 0.0018358879559857535, 0.0018648975559223228, 0.0018945286658575333, 0.001924726975791503, 0.00195544799572433, 0.0019866604556560826, 0.002018344695586804, 0.0020504814855165357, 0.0020830131054454036, 0.0021158764753735466, 0.0021490095853011, 0.0021823400552282214, 0.0022158009051550572, 0.0022493157350817763, 0.0022827973150085674, 0.0023161595249356196, 0.0023493071748631406, 0.002382148304791332, 0.0024145836947204106, 0.002446517334650587, 0.0024778522145820717, 0.0025084938545150725, 0.0025383536944497825, 0.0025673465743863886, 0.002595395584325058, 0.002622433094265939, 0.0026484006542091603, 0.002673250554154825, 0.0026969467441030123, 0.002719465044053775, 0.00274079306400714, 0.0027609296839631106, 0.002779884653921664, 0.00279767747388276, 0.002814336753846334, 0.0028298989138123066, 0.002844407193780583, 0.0028579101237510584, 0.0028704596637236187, 0.002882109643698145, 0.0028929151436745187, 0.002902932253652616, 0.0029122171636323142, 0.0029208257436134913, 0.0029288133335960255, 0.0029362346335797987, 0.0029431414835646968, 0.0029495813135506158, 0.0029555974235374615, 0.0029612294735251463, 0.0029665127735135945, 0.002971480553502732, 0.002976166193492487, 0.002980601723482788, 0.0029848168934735715, 0.0029888375734647807, 0.0029926838134563703, 0.0029963723134483053, 0.0029999165734405555, 0.0030033223934331087, 0.003006589613425965, 0.0030097141834191325, 0.0030126993734126053, 0.0030155535734063643, 0.003018284253400394, 0.003020890313394696, 0.0030233666733892805, 0.003025718433384139, 0.0030279531433792524, 0.003030065323374634, 0.003032041873370312, 0.0030338824733662875, 0.003035589713362555, 0.003037163723359113, 0.003038610493355949, 0.0030399403533530422, 0.0030411579433503796, 0.0030422648033479596, 0.003043258803345786, 0.003044136283343867, 0.003044900903342195, 0.00304555741334076, 0.0030461109933395494, 0.0030465639233385592, 0.003046913773337794, 0.003047157813337261, 0.0030472993533369516, 0.0030473445933368527],
                                   'rho_dns': [1.0, 0.9817389069638927, 0.9635494889153166, 0.945464516934498, 0.9275134821759096, 0.9097214186079967, 0.8921076140006592, 0.8746840616890521, 0.8574536864127077, 0.8404082442209658, 0.8235259374544263, 0.8067889591879223, 0.7902274679407633, 0.7738801587783343, 0.7577840220856432, 0.7419731237375918, 0.7264716278295248, 0.7112934706867047, 0.6964445886777366, 0.6819290873577827, 0.6677660706220847, 0.6539731807648953, 0.6405640307965886, 0.6275530624649214, 0.6149493845601861, 0.602762820834246, 0.591004173437938, 0.579680993625416, 0.568801341175336, 0.5583698468973091, 0.5483914398358911, 0.5388682826137349, 0.5298014606299442, 0.5211902666881784, 0.5130316631984869, 0.5053213944010256, 0.4980530491424319, 0.49121821493863876, 0.4848068749121387, 0.47880733818300636, 0.4732063069015503, 0.4679890706742688, 0.46313971389797887, 0.45864136754238743, 0.4544763800145159, 0.4506265996492316, 0.4470735073883679, 0.4437984575805984, 0.44078282163417354, 0.43800822176387566, 0.4354568104308637, 0.433111471784399, 0.43095582834608454, 0.42897417810891597, 0.4271515719707147, 0.42547379939691843, 0.4239273416466, 0.4224993150135662, 0.421177825738549, 0.41995219364279274, 0.41881283184681306, 0.41775109862403204, 0.41675938471673224, 0.41583064821683174, 0.41495797236751925, 0.41413482677403407, 0.41335521995790014, 0.41261397466882305, 0.41190706300005864, 0.41123113124277194, 0.41058345857659206, 0.40996276420086836, 0.40936887053772664, 0.4088023138301519, 0.4082623103997696, 0.4077471685314469, 0.40725538400756484, 0.4067870102386161, 0.40634281953050705, 0.4059217638405226, 0.4055223715636637, 0.4051455098472578, 0.4047934024237784, 0.4044659947120184, 0.4041627232536662, 0.4038834709554643, 0.403627090562626, 0.40339167875873383, 0.4031763516126978, 0.4029807812106218, 0.40280529341309895, 0.40265048798896225, 0.4025156782467345, 0.402399992331342, 0.4023024892789536, 0.40222274464180285, 0.4021611676081607, 0.4021182239397312, 0.4020933208518549, 0.40208536172274895]},
                      'case': 'Supersonic_M3.0R200',
                      'constant_Sq_heat': 0.0,
                      'use_visc_heating': True,
                      'Pr_turb': 1.0,
                      'fprint': '<function '
                                'Build_arguments_fi_run._mk_args_MK_solver.<locals>.<lambda> '
                                'at 0x7fbf07041d30>',
                      'compressible_correction': False,
                      'bool_solve_energy': False,
                      'output_last': False},
  'u_imp': 100,
  'k_imp': 0,
  'e_imp': 1,
  'solve_sparse_adj': True,
  'all_ref_beta_distrib': {'K': [1.0, 1.0, 1.0, 1.0, 1.0, 1.0, 1.0, 1.0, 1.0, 1.0, 1.0, 1.0, 1.0, 1.0, 1.0, 1.0, 1.0, 1.0, 1.0, 1.0, 1.0, 1.0, 1.0, 1.0, 1.0, 1.0, 1.0, 1.0, 1.0, 1.0, 1.0, 1.0, 1.0, 1.0, 1.0, 1.0, 1.0, 1.0, 1.0, 1.0, 1.0, 1.0, 1.0, 1.0, 1.0, 1.0, 1.0, 1.0, 1.0, 1.0, 1.0, 1.0, 1.0, 1.0, 1.0, 1.0, 1.0, 1.0, 1.0, 1.0, 1.0, 1.0, 1.0, 1.0, 1.0, 1.0, 1.0, 1.0, 1.0, 1.0, 1.0, 1.0, 1.0, 1.0, 1.0, 1.0, 1.0, 1.0, 1.0, 1.0, 1.0, 1.0, 1.0, 1.0, 1.0, 1.0, 1.0, 1.0, 1.0, 1.0, 1.0, 1.0, 1.0, 1.0, 1.0, 1.0, 1.0, 1.0, 1.0, 1.0], 'E': [1.0, 1.00018477, 1.00046497, 1.00074767, 1.00102789, 1.00131379, 1.00161653, 1.0019472, 1.00231573, 1.00273052, 1.00319833, 1.00372424, 1.0043119, 1.00496319, 1.00567775, 1.00645217, 1.00727646, 1.00813092, 1.00898377, 1.00978813, 1.01048096, 1.01098815, 1.01123715, 1.01117338, 1.01077124, 1.01001698, 1.00886542, 1.00720282, 1.0048542, 1.00163243, 0.99737732, 0.99195961, 0.98527414, 0.9772411, 0.96781199, 0.95697702, 0.94476889, 0.93126492, 0.91659033, 0.90091249, 0.88444284, 0.86743165, 0.8501659, 0.83297274, 0.81620964, 0.80027702, 0.78572044, 0.77387902, 0.76864361, 0.77840348, 0.81428497, 0.88267892, 0.9786539, 1.08791945, 1.19479071, 1.28828468, 1.36338127, 1.4194106, 1.45798218, 1.48151848, 1.49247393, 1.49301426, 1.48493484, 1.46968838, 1.44844759, 1.4221727, 1.39167128, 1.35764374, 1.32071841, 1.28147739, 1.24047693, 1.19826188, 1.15537409, 1.11235979, 1.06977819, 1.02820915, 0.98825725, 0.95054794, 0.91571531, 0.88438272, 0.85713855, 0.83450682, 0.81691282, 0.8046443, 0.79780907, 0.79630418, 0.79980836, 0.80779211, 0.81953159, 0.8341314, 0.8505727, 0.86779094, 0.88476899, 0.9006203, 0.91464442, 0.92635412, 0.93547266, 0.94189441, 0.9456168, 0.97339643]},
  'all_ref_delta_distrib': {'K': [-0.0, -0.0, -0.0, -0.0, -0.0, -0.0, -0.0, -0.0, -0.0, -0.0, -0.0, -0.0, -0.0, -0.0, -0.0, -0.0, -0.0, -0.0, -0.0, -0.0, -0.0, -0.0, -0.0, -0.0, -0.0, -0.0, -0.0, -0.0, -0.0, -0.0, -0.0, -0.0, -0.0, -0.0, -0.0, -0.0, -0.0, -0.0, -0.0, -0.0, -0.0, -0.0, -0.0, -0.0, -0.0, -0.0, -0.0, -0.0, -0.0, -0.0, -0.0, -0.0, -0.0, -0.0, -0.0, -0.0, -0.0, -0.0, -0.0, -0.0, -0.0, -0.0, -0.0, -0.0, -0.0, -0.0, -0.0, -0.0, -0.0, -0.0, -0.0, -0.0, -0.0, -0.0, -0.0, -0.0, -0.0, -0.0, -0.0, -0.0, -0.0, -0.0, -0.0, -0.0, -0.0, -0.0, -0.0, -0.0, -0.0, -0.0, -0.0, -0.0, -0.0, -0.0, -0.0, -0.0, -0.0, -0.0, -0.0, -0.0], 'E': [-0.0, -0.07930956542997596, -0.30403069325290627, -0.6147392212750511, -0.9930062559168986, -1.4405764017515135, -1.9697884110293444, -2.5992240269512568, -3.351295891046095, -4.250774185828065, -5.323825897492219, -6.597093287950684, -8.096574200244966, -9.84584491870018, -11.863453026194929, -14.159206377585862, -16.72909173267055, -19.549023460750583, -22.56698030558998, -25.69425975127773, -28.796789784522165, -31.687098524524377, -34.11892376902551, -35.785594568302514, -36.32194559570818, -35.30835944140341, -32.27712527532657, -26.72676995814369, -18.15420647194565, -6.106260385447209, 9.75855798475886, 29.61316829860433, 53.41623664004433, 80.88195142182857, 111.46845875776823, 144.38593317392633, 178.62583646410664, 213.0080863484749, 246.23835652296415, 276.9791138455718, 303.91663090459093, 325.8323421201692, 341.6691920291805, 350.5914960247893, 352.05610718471826, 345.85277779076466, 331.9817133837023, 309.89553850923323, 277.0443237873505, 228.85485106926262, 163.2736869790479, 86.77727383249594, 13.16349078993963, -44.9590653533338, -82.47004525187627, -101.22836211391642, -106.27845349136105, -102.78047716365866, -94.6979349243774, -84.643105946199, -74.16582821322316, -64.1019456430515, -54.849079557238916, -46.553229060971056, -39.22468479130982, -32.80648951369992, -27.213184081258543, -22.351618708868582, -18.131650766956867, -14.471122611810573, -11.297856039836628, -8.54995535216122, -6.175181643781385, -4.130119867150764, -2.3793258542594757, -0.8944420572787355, 0.3468344830237949, 1.362005048935773, 2.16518934492607, 2.7685957679725735, 3.1840099459563764, 3.4242975790271752, 3.5047430254854057, 3.4440245253374036, 3.264755278477866, 2.993156267323666, 2.657745088892127, 2.28741438200175, 1.9093894949662382, 1.547244702195801, 1.219181226416116, 0.9369311607091599, 0.7056219129457697, 0.5246636298625772, 0.38935115577623264, 0.2926959411583951, 0.2271140354456163, 0.18575420893876005, 0.1633630260554332, 0.07817518261571797]},
  'fname_print': '/media/rafael/DATA/Dropbox/20220924_FIML_solver/data/output/field_inversion/Beta_e/u_imp_100/FI_run_Supersonic_M3.0R200_u_imp_100_k_imp_0_e_imp_1/FI_run_Supersonic_M3.0R200_u_imp_100_k_imp_0_e_imp_1.log',
  'folder': '/media/rafael/DATA/Dropbox/20220924_FIML_solver/data/output/field_inversion/Beta_e/u_imp_100/FI_run_Supersonic_M3.0R200_u_imp_100_k_imp_0_e_imp_1',
  'iters_limit': 15000}
# End_Input_Arguments

# ------------------------------------------------------------------------
#                  Iterations
# ------------------------------------------------------------------------

iter:      0 (Jcost: 1.847632e+01) (lr = 1.000e-03) (elapsed time:  0.001) (secs/iter:   None) (n_accepted: 0%) (u_error:  7.317439 %) (beta_change: 49.301426 %) (delta_change:  8.109240 %) (delta_peak/R:  0.000000 %)
-> Saved file: /media/rafael/DATA/Dropbox/20220924_FIML_solver/data/output/field_inversion/Beta_e/u_imp_100/FI_run_Supersonic_M3.0R200_u_imp_100_k_imp_0_e_imp_1/FI_run_Supersonic_M3.0R200_u_imp_100_k_imp_0_e_imp_1_state_iter_0.dat
iter:    100 (Jcost: 3.030692e-01) (lr = 7.153e-04) (elapsed time: 118.770) (secs/iter:  1.188) (n_accepted: 79%) (u_error:  0.749710 %) (beta_change: 34.014877 %) (delta_change:  5.671899 %) (delta_peak/R:  9.345102 %)
iter:    200 (Jcost: 2.357611e-01) (lr = 8.488e-03) (elapsed time: 213.702) (secs/iter:  0.949) (n_accepted: 82%) (u_error:  0.685440 %) (beta_change: 28.564400 %) (delta_change:  4.852649 %) (delta_peak/R:  9.476665 %)
iter:    300 (Jcost: 2.067300e-01) (lr = 7.286e-03) (elapsed time: 324.628) (secs/iter:  1.109) (n_accepted: 79%) (u_error:  0.672620 %) (beta_change: 25.414649 %) (delta_change:  4.464944 %) (delta_peak/R:  9.328411 %)
iter:    400 (Jcost: 1.880087e-01) (lr = 1.501e-02) (elapsed time: 435.223) (secs/iter:  1.106) (n_accepted: 80%) (u_error:  0.665911 %) (beta_change: 22.680034 %) (delta_change:  4.141648 %) (delta_peak/R:  9.264027 %)
iter:    500 (Jcost: 1.752394e-01) (lr = 5.369e-03) (elapsed time: 545.160) (secs/iter:  1.099) (n_accepted: 78%) (u_error:  0.667011 %) (beta_change: 20.664804 %) (delta_change:  3.839801 %) (delta_peak/R:  9.189887 %)
-> Saved file: /media/rafael/DATA/Dropbox/20220924_FIML_solver/data/output/field_inversion/Beta_e/u_imp_100/FI_run_Supersonic_M3.0R200_u_imp_100_k_imp_0_e_imp_1/FI_run_Supersonic_M3.0R200_u_imp_100_k_imp_0_e_imp_1_state_iter_500.dat
iter:    600 (Jcost: 1.652475e-01) (lr = 8.001e-04) (elapsed time: 661.813) (secs/iter:  1.167) (n_accepted: 77%) (u_error:  0.665035 %) (beta_change: 18.601897 %) (delta_change:  3.482796 %) (delta_peak/R:  9.126611 %)
iter:    700 (Jcost: 1.586441e-01) (lr = 6.868e-04) (elapsed time: 753.077) (secs/iter:  0.913) (n_accepted: 79%) (u_error:  0.663016 %) (beta_change: 16.965733 %) (delta_change:  3.161743 %) (delta_peak/R:  9.001919 %)
iter:    800 (Jcost: 1.539441e-01) (lr = 3.396e-03) (elapsed time: 824.475) (secs/iter:  0.714) (n_accepted: 81%) (u_error:  0.658677 %) (beta_change: 15.537747 %) (delta_change:  2.905101 %) (delta_peak/R:  8.837074 %)
iter:    900 (Jcost: 1.506351e-01) (lr = 4.030e-02) (elapsed time: 935.437) (secs/iter:  1.110) (n_accepted: 82%) (u_error:  0.659682 %) (beta_change: 14.527523 %) (delta_change:  2.732519 %) (delta_peak/R:  8.787371 %)
iter:   1000 (Jcost: 1.478270e-01) (lr = 2.502e-03) (elapsed time: 1041.760) (secs/iter:  1.063) (n_accepted: 76%) (u_error:  0.658639 %) (beta_change: 13.491686 %) (delta_change:  2.544581 %) (delta_peak/R:  8.699141 %)
-> Saved file: /media/rafael/DATA/Dropbox/20220924_FIML_solver/data/output/field_inversion/Beta_e/u_imp_100/FI_run_Supersonic_M3.0R200_u_imp_100_k_imp_0_e_imp_1/FI_run_Supersonic_M3.0R200_u_imp_100_k_imp_0_e_imp_1_state_iter_1000.dat
iter:   1100 (Jcost: 1.454987e-01) (lr = 8.950e-04) (elapsed time: 1158.377) (secs/iter:  1.166) (n_accepted: 78%) (u_error:  0.657249 %) (beta_change: 12.524030 %) (delta_change:  2.356552 %) (delta_peak/R:  8.594132 %)
iter:   1200 (Jcost: 1.434111e-01) (lr = 7.683e-04) (elapsed time: 1251.579) (secs/iter:  0.932) (n_accepted: 79%) (u_error:  0.656036 %) (beta_change: 11.542258 %) (delta_change:  2.154528 %) (delta_peak/R:  8.474619 %)
iter:   1300 (Jcost: 1.418939e-01) (lr = 5.251e-02) (elapsed time: 1359.435) (secs/iter:  1.079) (n_accepted: 84%) (u_error:  0.655208 %) (beta_change: 10.741229 %) (delta_change:  1.982204 %) (delta_peak/R:  8.370250 %)
iter:   1400 (Jcost: 1.406614e-01) (lr = 4.508e-02) (elapsed time: 1469.550) (secs/iter:  1.101) (n_accepted: 79%) (u_error:  0.654701 %) (beta_change: 10.024257 %) (delta_change:  1.823132 %) (delta_peak/R:  8.274783 %)
iter:   1500 (Jcost: 1.396391e-01) (lr = 3.869e-02) (elapsed time: 1570.198) (secs/iter:  1.006) (n_accepted: 79%) (u_error:  0.654408 %) (beta_change:  9.370366 %) (delta_change:  1.675106 %) (delta_peak/R:  8.187518 %)
-> Saved file: /media/rafael/DATA/Dropbox/20220924_FIML_solver/data/output/field_inversion/Beta_e/u_imp_100/FI_run_Supersonic_M3.0R200_u_imp_100_k_imp_0_e_imp_1/FI_run_Supersonic_M3.0R200_u_imp_100_k_imp_0_e_imp_1_state_iter_1500.dat
iter:   1600 (Jcost: 1.387782e-01) (lr = 2.403e-03) (elapsed time: 1689.096) (secs/iter:  1.189) (n_accepted: 76%) (u_error:  0.653847 %) (beta_change:  8.766056 %) (delta_change:  1.537454 %) (delta_peak/R:  8.105032 %)
iter:   1700 (Jcost: 1.380067e-01) (lr = 2.062e-03) (elapsed time: 1792.470) (secs/iter:  1.034) (n_accepted: 79%) (u_error:  0.653479 %) (beta_change:  8.176594 %) (delta_change:  1.402446 %) (delta_peak/R:  8.026850 %)
iter:   1800 (Jcost: 1.371693e-01) (lr = 7.376e-04) (elapsed time: 1899.670) (secs/iter:  1.072) (n_accepted: 78%) (u_error:  0.652953 %) (beta_change:  7.473956 %) (delta_change:  1.242406 %) (delta_peak/R:  7.935589 %)
iter:   1900 (Jcost: 1.365494e-01) (lr = 5.042e-02) (elapsed time: 2004.933) (secs/iter:  1.053) (n_accepted: 84%) (u_error:  0.652216 %) (beta_change:  6.896012 %) (delta_change:  1.113150 %) (delta_peak/R:  7.861537 %)
iter:   2000 (Jcost: 1.361698e-01) (lr = 7.514e-03) (elapsed time: 2116.333) (secs/iter:  1.114) (n_accepted: 77%) (u_error:  0.652531 %) (beta_change:  6.528340 %) (delta_change:  1.030715 %) (delta_peak/R:  7.821192 %)
-> Saved file: /media/rafael/DATA/Dropbox/20220924_FIML_solver/data/output/field_inversion/Beta_e/u_imp_100/FI_run_Supersonic_M3.0R200_u_imp_100_k_imp_0_e_imp_1/FI_run_Supersonic_M3.0R200_u_imp_100_k_imp_0_e_imp_1_state_iter_2000.dat
iter:   2100 (Jcost: 1.357310e-01) (lr = 6.450e-03) (elapsed time: 2231.390) (secs/iter:  1.151) (n_accepted: 79%) (u_error:  0.652130 %) (beta_change:  6.070302 %) (delta_change:  0.931489 %) (delta_peak/R:  7.767852 %)
iter:   2200 (Jcost: 1.353524e-01) (lr = 2.307e-03) (elapsed time: 2340.707) (secs/iter:  1.093) (n_accepted: 78%) (u_error:  0.651945 %) (beta_change:  5.648628 %) (delta_change:  0.842030 %) (delta_peak/R:  7.722062 %)
iter:   2300 (Jcost: 1.349237e-01) (lr = 8.251e-04) (elapsed time: 2443.581) (secs/iter:  1.029) (n_accepted: 78%) (u_error:  0.651563 %) (beta_change:  5.139619 %) (delta_change:  0.737703 %) (delta_peak/R:  7.668557 %)
iter:   2400 (Jcost: 1.345789e-01) (lr = 9.791e-03) (elapsed time: 2547.874) (secs/iter:  1.043) (n_accepted: 82%) (u_error:  0.650951 %) (beta_change:  4.691154 %) (delta_change:  0.649998 %) (delta_peak/R:  7.622395 %)
iter:   2500 (Jcost: 1.342847e-01) (lr = 2.017e-02) (elapsed time: 2653.558) (secs/iter:  1.057) (n_accepted: 80%) (u_error:  0.651233 %) (beta_change:  4.312547 %) (delta_change:  0.657325 %) (delta_peak/R:  7.590227 %)
-> Saved file: /media/rafael/DATA/Dropbox/20220924_FIML_solver/data/output/field_inversion/Beta_e/u_imp_100/FI_run_Supersonic_M3.0R200_u_imp_100_k_imp_0_e_imp_1/FI_run_Supersonic_M3.0R200_u_imp_100_k_imp_0_e_imp_1_state_iter_2500.dat
iter:   2600 (Jcost: 1.340312e-01) (lr = 7.214e-03) (elapsed time: 2759.717) (secs/iter:  1.062) (n_accepted: 78%) (u_error:  0.651057 %) (beta_change:  3.977199 %) (delta_change:  0.673912 %) (delta_peak/R:  7.559119 %)
iter:   2700 (Jcost: 1.337464e-01) (lr = 2.580e-03) (elapsed time: 2862.879) (secs/iter:  1.032) (n_accepted: 78%) (u_error:  0.650834 %) (beta_change:  3.582031 %) (delta_change:  0.692461 %) (delta_peak/R:  7.524336 %)
iter:   2800 (Jcost: 1.335947e-01) (lr = 5.316e-03) (elapsed time: 2970.439) (secs/iter:  1.076) (n_accepted: 80%) (u_error:  0.650787 %) (beta_change:  3.363452 %) (delta_change:  0.701698 %) (delta_peak/R:  7.506529 %)
iter:   2900 (Jcost: 1.333614e-01) (lr = 7.922e-04) (elapsed time: 3074.868) (secs/iter:  1.044) (n_accepted: 77%) (u_error:  0.650663 %) (beta_change:  3.015267 %) (delta_change:  0.716077 %) (delta_peak/R:  7.479110 %)
iter:   3000 (Jcost: 1.331417e-01) (lr = 1.632e-03) (elapsed time: 3180.621) (secs/iter:  1.058) (n_accepted: 80%) (u_error:  0.650371 %) (beta_change:  2.685335 %) (delta_change:  0.730882 %) (delta_peak/R:  7.452591 %)
-> Saved file: /media/rafael/DATA/Dropbox/20220924_FIML_solver/data/output/field_inversion/Beta_e/u_imp_100/FI_run_Supersonic_M3.0R200_u_imp_100_k_imp_0_e_imp_1/FI_run_Supersonic_M3.0R200_u_imp_100_k_imp_0_e_imp_1_state_iter_3000.dat
iter:   3100 (Jcost: 1.329712e-01) (lr = 8.070e-03) (elapsed time: 3276.504) (secs/iter:  0.959) (n_accepted: 81%) (u_error:  0.650480 %) (beta_change:  2.448927 %) (delta_change:  0.742169 %) (delta_peak/R:  7.434596 %)
iter:   3200 (Jcost: 1.327810e-01) (lr = 2.886e-03) (elapsed time: 3377.001) (secs/iter:  1.005) (n_accepted: 78%) (u_error:  0.650288 %) (beta_change:  2.193629 %) (delta_change:  0.756604 %) (delta_peak/R:  7.412961 %)
iter:   3300 (Jcost: 1.326091e-01) (lr = 1.032e-03) (elapsed time: 3486.340) (secs/iter:  1.093) (n_accepted: 78%) (u_error:  0.650191 %) (beta_change:  2.010240 %) (delta_change:  0.768907 %) (delta_peak/R:  7.394287 %)
iter:   3400 (Jcost: 1.325018e-01) (lr = 1.225e-02) (elapsed time: 3586.015) (secs/iter:  0.997) (n_accepted: 82%) (u_error:  0.650102 %) (beta_change:  1.957112 %) (delta_change:  0.776643 %) (delta_peak/R:  7.382683 %)
iter:   3500 (Jcost: 1.323338e-01) (lr = 4.381e-03) (elapsed time: 3684.648) (secs/iter:  0.986) (n_accepted: 78%) (u_error:  0.650036 %) (beta_change:  1.962776 %) (delta_change:  0.788090 %) (delta_peak/R:  7.365289 %)
-> Saved file: /media/rafael/DATA/Dropbox/20220924_FIML_solver/data/output/field_inversion/Beta_e/u_imp_100/FI_run_Supersonic_M3.0R200_u_imp_100_k_imp_0_e_imp_1/FI_run_Supersonic_M3.0R200_u_imp_100_k_imp_0_e_imp_1_state_iter_3500.dat
iter:   3600 (Jcost: 1.321956e-01) (lr = 6.529e-04) (elapsed time: 3787.911) (secs/iter:  1.033) (n_accepted: 77%) (u_error:  0.649924 %) (beta_change:  2.065737 %) (delta_change:  0.797698 %) (delta_peak/R:  7.350967 %)
iter:   3700 (Jcost: 1.320550e-01) (lr = 5.605e-04) (elapsed time: 3893.393) (secs/iter:  1.055) (n_accepted: 79%) (u_error:  0.649780 %) (beta_change:  2.244437 %) (delta_change:  0.807521 %) (delta_peak/R:  7.336487 %)
iter:   3800 (Jcost: 1.319151e-01) (lr = 3.831e-02) (elapsed time: 3989.923) (secs/iter:  0.965) (n_accepted: 84%) (u_error:  0.649907 %) (beta_change:  2.441060 %) (delta_change:  0.815337 %) (delta_peak/R:  7.324072 %)
iter:   3900 (Jcost: 1.318167e-01) (lr = 1.370e-02) (elapsed time: 4074.072) (secs/iter:  0.841) (n_accepted: 78%) (u_error:  0.649751 %) (beta_change:  2.644964 %) (delta_change:  0.822283 %) (delta_peak/R:  7.314116 %)
iter:   4000 (Jcost: 1.317095e-01) (lr = 8.508e-04) (elapsed time: 4153.609) (secs/iter:  0.795) (n_accepted: 76%) (u_error:  0.649608 %) (beta_change:  2.874079 %) (delta_change:  0.829638 %) (delta_peak/R:  7.303526 %)
-> Saved file: /media/rafael/DATA/Dropbox/20220924_FIML_solver/data/output/field_inversion/Beta_e/u_imp_100/FI_run_Supersonic_M3.0R200_u_imp_100_k_imp_0_e_imp_1/FI_run_Supersonic_M3.0R200_u_imp_100_k_imp_0_e_imp_1_state_iter_4000.dat
iter:   4100 (Jcost: 1.316339e-01) (lr = 1.010e-02) (elapsed time: 4247.799) (secs/iter:  0.942) (n_accepted: 82%) (u_error:  0.649610 %) (beta_change:  3.038462 %) (delta_change:  0.834062 %) (delta_peak/R:  7.296845 %)
iter:   4200 (Jcost: 1.315231e-01) (lr = 8.667e-03) (elapsed time: 4340.252) (secs/iter:  0.925) (n_accepted: 79%) (u_error:  0.649550 %) (beta_change:  3.284032 %) (delta_change:  0.841583 %) (delta_peak/R:  7.286805 %)
iter:   4300 (Jcost: 1.313922e-01) (lr = 1.292e-03) (elapsed time: 4429.606) (secs/iter:  0.894) (n_accepted: 77%) (u_error:  0.649529 %) (beta_change:  3.581449 %) (delta_change:  0.850917 %) (delta_peak/R:  7.275478 %)
iter:   4400 (Jcost: 1.312935e-01) (lr = 1.109e-03) (elapsed time: 4538.537) (secs/iter:  1.089) (n_accepted: 79%) (u_error:  0.649367 %) (beta_change:  3.809862 %) (delta_change:  0.858760 %) (delta_peak/R:  7.266228 %)
iter:   4500 (Jcost: 1.312213e-01) (lr = 1.316e-02) (elapsed time: 4640.912) (secs/iter:  1.024) (n_accepted: 82%) (u_error:  0.649406 %) (beta_change:  3.979451 %) (delta_change:  0.863381 %) (delta_peak/R:  7.260568 %)
-> Saved file: /media/rafael/DATA/Dropbox/20220924_FIML_solver/data/output/field_inversion/Beta_e/u_imp_100/FI_run_Supersonic_M3.0R200_u_imp_100_k_imp_0_e_imp_1/FI_run_Supersonic_M3.0R200_u_imp_100_k_imp_0_e_imp_1_state_iter_4500.dat
iter:   4600 (Jcost: 1.311353e-01) (lr = 8.169e-04) (elapsed time: 4754.781) (secs/iter:  1.139) (n_accepted: 76%) (u_error:  0.649285 %) (beta_change:  4.184674 %) (delta_change:  0.869931 %) (delta_peak/R:  7.252850 %)
iter:   4700 (Jcost: 1.310445e-01) (lr = 2.327e-02) (elapsed time: 4856.148) (secs/iter:  1.014) (n_accepted: 83%) (u_error:  0.649060 %) (beta_change:  4.409618 %) (delta_change:  0.877535 %) (delta_peak/R:  7.244046 %)
iter:   4800 (Jcost: 1.309582e-01) (lr = 1.997e-02) (elapsed time: 4954.774) (secs/iter:  0.986) (n_accepted: 79%) (u_error:  0.649254 %) (beta_change:  4.616595 %) (delta_change:  0.881733 %) (delta_peak/R:  7.238693 %)
iter:   4900 (Jcost: 1.308701e-01) (lr = 1.714e-02) (elapsed time: 5057.655) (secs/iter:  1.029) (n_accepted: 79%) (u_error:  0.649179 %) (beta_change:  4.836056 %) (delta_change:  0.887871 %) (delta_peak/R:  7.231451 %)
iter:   5000 (Jcost: 1.307863e-01) (lr = 2.555e-03) (elapsed time: 5162.762) (secs/iter:  1.051) (n_accepted: 77%) (u_error:  0.649138 %) (beta_change:  5.048046 %) (delta_change:  0.893451 %) (delta_peak/R:  7.224840 %)
-> Saved file: /media/rafael/DATA/Dropbox/20220924_FIML_solver/data/output/field_inversion/Beta_e/u_imp_100/FI_run_Supersonic_M3.0R200_u_imp_100_k_imp_0_e_imp_1/FI_run_Supersonic_M3.0R200_u_imp_100_k_imp_0_e_imp_1_state_iter_5000.dat
iter:   5100 (Jcost: 1.307104e-01) (lr = 9.138e-04) (elapsed time: 5272.003) (secs/iter:  1.092) (n_accepted: 78%) (u_error:  0.649114 %) (beta_change:  5.242409 %) (delta_change:  0.898361 %) (delta_peak/R:  7.219021 %)
iter:   5200 (Jcost: 1.306509e-01) (lr = 4.518e-03) (elapsed time: 5341.321) (secs/iter:  0.693) (n_accepted: 81%) (u_error:  0.649094 %) (beta_change:  5.396324 %) (delta_change:  0.902176 %) (delta_peak/R:  7.214511 %)
iter:   5300 (Jcost: 1.305702e-01) (lr = 3.878e-03) (elapsed time: 5441.681) (secs/iter:  1.004) (n_accepted: 79%) (u_error:  0.649092 %) (beta_change:  5.607904 %) (delta_change:  0.907161 %) (delta_peak/R:  7.208596 %)
iter:   5400 (Jcost: 1.304864e-01) (lr = 5.780e-04) (elapsed time: 5541.796) (secs/iter:  1.001) (n_accepted: 77%) (u_error:  0.649000 %) (beta_change:  5.829339 %) (delta_change:  0.912843 %) (delta_peak/R:  7.202002 %)
iter:   5500 (Jcost: 1.304116e-01) (lr = 6.858e-03) (elapsed time: 5640.432) (secs/iter:  0.986) (n_accepted: 82%) (u_error:  0.649037 %) (beta_change:  6.031002 %) (delta_change:  0.917128 %) (delta_peak/R:  7.196889 %)
-> Saved file: /media/rafael/DATA/Dropbox/20220924_FIML_solver/data/output/field_inversion/Beta_e/u_imp_100/FI_run_Supersonic_M3.0R200_u_imp_100_k_imp_0_e_imp_1/FI_run_Supersonic_M3.0R200_u_imp_100_k_imp_0_e_imp_1_state_iter_5500.dat
iter:   5600 (Jcost: 1.303609e-01) (lr = 1.413e-02) (elapsed time: 5747.204) (secs/iter:  1.068) (n_accepted: 80%) (u_error:  0.648927 %) (beta_change:  6.166792 %) (delta_change:  0.920840 %) (delta_peak/R:  7.192670 %)
iter:   5700 (Jcost: 1.302920e-01) (lr = 8.774e-04) (elapsed time: 5851.323) (secs/iter:  1.041) (n_accepted: 76%) (u_error:  0.648842 %) (beta_change:  6.354899 %) (delta_change:  0.925485 %) (delta_peak/R:  7.187327 %)
iter:   5800 (Jcost: 1.302205e-01) (lr = 1.807e-03) (elapsed time: 5952.779) (secs/iter:  1.015) (n_accepted: 80%) (u_error:  0.648615 %) (beta_change:  6.558265 %) (delta_change:  0.931316 %) (delta_peak/R:  7.180802 %)
iter:   5900 (Jcost: 1.301688e-01) (lr = 8.937e-03) (elapsed time: 6036.785) (secs/iter:  0.840) (n_accepted: 81%) (u_error:  0.648825 %) (beta_change:  6.695592 %) (delta_change:  0.932831 %) (delta_peak/R:  7.178740 %)
iter:   6000 (Jcost: 1.301025e-01) (lr = 3.196e-03) (elapsed time: 6119.311) (secs/iter:  0.825) (n_accepted: 78%) (u_error:  0.648736 %) (beta_change:  6.881553 %) (delta_change:  0.937277 %) (delta_peak/R:  7.173667 %)
-> Saved file: /media/rafael/DATA/Dropbox/20220924_FIML_solver/data/output/field_inversion/Beta_e/u_imp_100/FI_run_Supersonic_M3.0R200_u_imp_100_k_imp_0_e_imp_1/FI_run_Supersonic_M3.0R200_u_imp_100_k_imp_0_e_imp_1_state_iter_6000.dat
iter:   6100 (Jcost: 1.300335e-01) (lr = 1.143e-03) (elapsed time: 6222.771) (secs/iter:  1.035) (n_accepted: 78%) (u_error:  0.648713 %) (beta_change:  7.076589 %) (delta_change:  0.941417 %) (delta_peak/R:  7.168872 %)
iter:   6200 (Jcost: 1.299729e-01) (lr = 1.357e-02) (elapsed time: 6325.965) (secs/iter:  1.032) (n_accepted: 82%) (u_error:  0.648984 %) (beta_change:  7.260560 %) (delta_change:  0.949935 %) (delta_peak/R:  7.166255 %)
iter:   6300 (Jcost: 1.299124e-01) (lr = 2.795e-02) (elapsed time: 6426.586) (secs/iter:  1.006) (n_accepted: 80%) (u_error:  0.648689 %) (beta_change:  7.423551 %) (delta_change:  0.968921 %) (delta_peak/R:  7.160643 %)
iter:   6400 (Jcost: 1.298660e-01) (lr = 1.735e-03) (elapsed time: 6528.443) (secs/iter:  1.019) (n_accepted: 76%) (u_error:  0.648627 %) (beta_change:  7.557978 %) (delta_change:  0.984510 %) (delta_peak/R:  7.157182 %)
iter:   6500 (Jcost: 1.298124e-01) (lr = 6.207e-04) (elapsed time: 6622.065) (secs/iter:  0.936) (n_accepted: 78%) (u_error:  0.648634 %) (beta_change:  7.714338 %) (delta_change:  1.002495 %) (delta_peak/R:  7.153696 %)
-> Saved file: /media/rafael/DATA/Dropbox/20220924_FIML_solver/data/output/field_inversion/Beta_e/u_imp_100/FI_run_Supersonic_M3.0R200_u_imp_100_k_imp_0_e_imp_1/FI_run_Supersonic_M3.0R200_u_imp_100_k_imp_0_e_imp_1_state_iter_6500.dat
iter:   6600 (Jcost: 1.297516e-01) (lr = 3.069e-03) (elapsed time: 6718.323) (secs/iter:  0.963) (n_accepted: 81%) (u_error:  0.648485 %) (beta_change:  7.894577 %) (delta_change:  1.022882 %) (delta_peak/R:  7.148741 %)
iter:   6700 (Jcost: 1.296986e-01) (lr = 1.517e-02) (elapsed time: 6823.291) (secs/iter:  1.050) (n_accepted: 81%) (u_error:  0.648335 %) (beta_change:  8.057137 %) (delta_change:  1.041016 %) (delta_peak/R:  7.144224 %)
iter:   6800 (Jcost: 1.296589e-01) (lr = 5.427e-03) (elapsed time: 6918.220) (secs/iter:  0.949) (n_accepted: 78%) (u_error:  0.648546 %) (beta_change:  8.168479 %) (delta_change:  1.053500 %) (delta_peak/R:  7.143107 %)
iter:   6900 (Jcost: 1.296039e-01) (lr = 1.941e-03) (elapsed time: 7012.153) (secs/iter:  0.939) (n_accepted: 78%) (u_error:  0.648567 %) (beta_change:  8.333856 %) (delta_change:  1.071672 %) (delta_peak/R:  7.139652 %)
iter:   7000 (Jcost: 1.295555e-01) (lr = 1.666e-03) (elapsed time: 7098.224) (secs/iter:  0.861) (n_accepted: 79%) (u_error:  0.648265 %) (beta_change:  8.486159 %) (delta_change:  1.087989 %) (delta_peak/R:  7.134501 %)
-> Saved file: /media/rafael/DATA/Dropbox/20220924_FIML_solver/data/output/field_inversion/Beta_e/u_imp_100/FI_run_Supersonic_M3.0R200_u_imp_100_k_imp_0_e_imp_1/FI_run_Supersonic_M3.0R200_u_imp_100_k_imp_0_e_imp_1_state_iter_7000.dat
iter:   7100 (Jcost: 1.295157e-01) (lr = 1.977e-02) (elapsed time: 7184.665) (secs/iter:  0.864) (n_accepted: 82%) (u_error:  0.648453 %) (beta_change:  8.600295 %) (delta_change:  1.100351 %) (delta_peak/R:  7.133245 %)
iter:   7200 (Jcost: 1.294690e-01) (lr = 2.947e-03) (elapsed time: 7289.490) (secs/iter:  1.048) (n_accepted: 77%) (u_error:  0.648465 %) (beta_change:  8.743054 %) (delta_change:  1.115517 %) (delta_peak/R:  7.130300 %)
iter:   7300 (Jcost: 1.294251e-01) (lr = 1.054e-03) (elapsed time: 7383.941) (secs/iter:  0.945) (n_accepted: 78%) (u_error:  0.648409 %) (beta_change:  8.877570 %) (delta_change:  1.129597 %) (delta_peak/R:  7.127126 %)
iter:   7400 (Jcost: 1.293819e-01) (lr = 3.002e-02) (elapsed time: 7457.720) (secs/iter:  0.738) (n_accepted: 83%) (u_error:  0.648629 %) (beta_change:  9.019807 %) (delta_change:  1.144505 %) (delta_peak/R:  7.125527 %)
iter:   7500 (Jcost: 1.293449e-01) (lr = 2.577e-02) (elapsed time: 7537.725) (secs/iter:  0.800) (n_accepted: 79%) (u_error:  0.648422 %) (beta_change:  9.126006 %) (delta_change:  1.155266 %) (delta_peak/R:  7.122033 %)
-> Saved file: /media/rafael/DATA/Dropbox/20220924_FIML_solver/data/output/field_inversion/Beta_e/u_imp_100/FI_run_Supersonic_M3.0R200_u_imp_100_k_imp_0_e_imp_1/FI_run_Supersonic_M3.0R200_u_imp_100_k_imp_0_e_imp_1_state_iter_7500.dat
iter:   7600 (Jcost: 1.293041e-01) (lr = 3.840e-03) (elapsed time: 7613.412) (secs/iter:  0.757) (n_accepted: 77%) (u_error:  0.648329 %) (beta_change:  9.252910 %) (delta_change:  1.168106 %) (delta_peak/R:  7.118825 %)
iter:   7700 (Jcost: 1.292631e-01) (lr = 5.722e-04) (elapsed time: 7707.844) (secs/iter:  0.944) (n_accepted: 77%) (u_error:  0.648332 %) (beta_change:  9.381103 %) (delta_change:  1.180997 %) (delta_peak/R:  7.116212 %)
iter:   7800 (Jcost: 1.292245e-01) (lr = 2.829e-03) (elapsed time: 7811.399) (secs/iter:  1.036) (n_accepted: 81%) (u_error:  0.648440 %) (beta_change:  9.505522 %) (delta_change:  1.193445 %) (delta_peak/R:  7.114337 %)
iter:   7900 (Jcost: 1.291932e-01) (lr = 1.399e-02) (elapsed time: 7909.313) (secs/iter:  0.979) (n_accepted: 81%) (u_error:  0.648318 %) (beta_change:  9.601648 %) (delta_change:  1.202822 %) (delta_peak/R:  7.111615 %)
iter:   8000 (Jcost: 1.291579e-01) (lr = 5.004e-03) (elapsed time: 8004.269) (secs/iter:  0.950) (n_accepted: 78%) (u_error:  0.648278 %) (beta_change:  9.713517 %) (delta_change:  1.213706 %) (delta_peak/R:  7.109089 %)
-> Saved file: /media/rafael/DATA/Dropbox/20220924_FIML_solver/data/output/field_inversion/Beta_e/u_imp_100/FI_run_Supersonic_M3.0R200_u_imp_100_k_imp_0_e_imp_1/FI_run_Supersonic_M3.0R200_u_imp_100_k_imp_0_e_imp_1_state_iter_8000.dat
iter:   8100 (Jcost: 1.291083e-01) (lr = 7.457e-04) (elapsed time: 8095.900) (secs/iter:  0.916) (n_accepted: 77%) (u_error:  0.648271 %) (beta_change:  9.871784 %) (delta_change:  1.228958 %) (delta_peak/R:  7.105839 %)
iter:   8200 (Jcost: 1.290720e-01) (lr = 1.536e-03) (elapsed time: 8199.446) (secs/iter:  1.035) (n_accepted: 80%) (u_error:  0.648056 %) (beta_change:  9.992407 %) (delta_change:  1.240273 %) (delta_peak/R:  7.102071 %)
iter:   8300 (Jcost: 1.290417e-01) (lr = 1.823e-02) (elapsed time: 8299.483) (secs/iter:  1.000) (n_accepted: 82%) (u_error:  0.648249 %) (beta_change: 10.085778 %) (delta_change:  1.249206 %) (delta_peak/R:  7.101387 %)
iter:   8400 (Jcost: 1.290102e-01) (lr = 2.717e-03) (elapsed time: 8398.687) (secs/iter:  0.992) (n_accepted: 77%) (u_error:  0.648198 %) (beta_change: 10.187355 %) (delta_change:  1.258645 %) (delta_peak/R:  7.099029 %)
iter:   8500 (Jcost: 1.289742e-01) (lr = 4.049e-04) (elapsed time: 8498.077) (secs/iter:  0.994) (n_accepted: 77%) (u_error:  0.648154 %) (beta_change: 10.304032 %) (delta_change:  1.269385 %) (delta_peak/R:  7.096418 %)
-> Saved file: /media/rafael/DATA/Dropbox/20220924_FIML_solver/data/output/field_inversion/Beta_e/u_imp_100/FI_run_Supersonic_M3.0R200_u_imp_100_k_imp_0_e_imp_1/FI_run_Supersonic_M3.0R200_u_imp_100_k_imp_0_e_imp_1_state_iter_8500.dat
iter:   8600 (Jcost: 1.289506e-01) (lr = 4.804e-03) (elapsed time: 8599.449) (secs/iter:  1.014) (n_accepted: 82%) (u_error:  0.648136 %) (beta_change: 10.380892 %) (delta_change:  1.276399 %) (delta_peak/R:  7.094764 %)
iter:   8700 (Jcost: 1.289160e-01) (lr = 4.124e-03) (elapsed time: 8695.128) (secs/iter:  0.957) (n_accepted: 79%) (u_error:  0.648143 %) (beta_change: 10.493730 %) (delta_change:  1.286627 %) (delta_peak/R:  7.092547 %)
iter:   8800 (Jcost: 1.288733e-01) (lr = 6.146e-04) (elapsed time: 8789.742) (secs/iter:  0.946) (n_accepted: 77%) (u_error:  0.648115 %) (beta_change: 10.633529 %) (delta_change:  1.299117 %) (delta_peak/R:  7.089580 %)
iter:   8900 (Jcost: 1.288419e-01) (lr = 3.039e-03) (elapsed time: 8889.000) (secs/iter:  0.993) (n_accepted: 81%) (u_error:  0.648222 %) (beta_change: 10.739403 %) (delta_change:  1.308554 %) (delta_peak/R:  7.088132 %)
iter:   9000 (Jcost: 1.288092e-01) (lr = 6.260e-03) (elapsed time: 8979.188) (secs/iter:  0.902) (n_accepted: 80%) (u_error:  0.648209 %) (beta_change: 10.847509 %) (delta_change:  1.317989 %) (delta_peak/R:  7.085891 %)
-> Saved file: /media/rafael/DATA/Dropbox/20220924_FIML_solver/data/output/field_inversion/Beta_e/u_imp_100/FI_run_Supersonic_M3.0R200_u_imp_100_k_imp_0_e_imp_1/FI_run_Supersonic_M3.0R200_u_imp_100_k_imp_0_e_imp_1_state_iter_9000.dat
iter:   9100 (Jcost: 1.287827e-01) (lr = 3.095e-02) (elapsed time: 9077.341) (secs/iter:  0.982) (n_accepted: 81%) (u_error:  0.648072 %) (beta_change: 10.932488 %) (delta_change:  1.325229 %) (delta_peak/R:  7.083343 %)
iter:   9200 (Jcost: 1.287496e-01) (lr = 4.613e-03) (elapsed time: 9174.945) (secs/iter:  0.976) (n_accepted: 77%) (u_error:  0.648022 %) (beta_change: 11.042461 %) (delta_change:  1.334606 %) (delta_peak/R:  7.080834 %)
iter:   9300 (Jcost: 1.287157e-01) (lr = 1.650e-03) (elapsed time: 9269.251) (secs/iter:  0.943) (n_accepted: 78%) (u_error:  0.647994 %) (beta_change: 11.155402 %) (delta_change:  1.344137 %) (delta_peak/R:  7.078402 %)
iter:   9400 (Jcost: 1.286845e-01) (lr = 4.699e-02) (elapsed time: 9368.821) (secs/iter:  0.996) (n_accepted: 83%) (u_error:  0.648181 %) (beta_change: 11.264453 %) (delta_change:  1.353401 %) (delta_peak/R:  7.077382 %)
iter:   9500 (Jcost: 1.286569e-01) (lr = 5.065e-04) (elapsed time: 9467.759) (secs/iter:  0.989) (n_accepted: 74%) (u_error:  0.647988 %) (beta_change: 11.352247 %) (delta_change:  1.360503 %) (delta_peak/R:  7.074433 %)
-> Saved file: /media/rafael/DATA/Dropbox/20220924_FIML_solver/data/output/field_inversion/Beta_e/u_imp_100/FI_run_Supersonic_M3.0R200_u_imp_100_k_imp_0_e_imp_1/FI_run_Supersonic_M3.0R200_u_imp_100_k_imp_0_e_imp_1_state_iter_9500.dat
iter:   9600 (Jcost: 1.286256e-01) (lr = 6.011e-03) (elapsed time: 9568.015) (secs/iter:  1.003) (n_accepted: 82%) (u_error:  0.647896 %) (beta_change: 11.458329 %) (delta_change:  1.369099 %) (delta_peak/R:  7.071737 %)
iter:   9700 (Jcost: 1.285978e-01) (lr = 5.160e-03) (elapsed time: 9668.167) (secs/iter:  1.002) (n_accepted: 79%) (u_error:  0.648080 %) (beta_change: 11.553628 %) (delta_change:  1.376950 %) (delta_peak/R:  7.070966 %)
iter:   9800 (Jcost: 1.285691e-01) (lr = 2.551e-02) (elapsed time: 9761.961) (secs/iter:  0.938) (n_accepted: 81%) (u_error:  0.647897 %) (beta_change: 11.648528 %) (delta_change:  1.384381 %) (delta_peak/R:  7.067920 %)
iter:   9900 (Jcost: 1.285389e-01) (lr = 6.600e-04) (elapsed time: 9864.916) (secs/iter:  1.030) (n_accepted: 75%) (u_error:  0.647951 %) (beta_change: 11.750417 %) (delta_change:  1.395632 %) (delta_peak/R:  7.066203 %)
iter:  10000 (Jcost: 1.285146e-01) (lr = 4.511e-02) (elapsed time: 9964.413) (secs/iter:  0.995) (n_accepted: 84%) (u_error:  0.648030 %) (beta_change: 11.835145 %) (delta_change:  1.406035 %) (delta_peak/R:  7.064983 %)
-> Saved file: /media/rafael/DATA/Dropbox/20220924_FIML_solver/data/output/field_inversion/Beta_e/u_imp_100/FI_run_Supersonic_M3.0R200_u_imp_100_k_imp_0_e_imp_1/FI_run_Supersonic_M3.0R200_u_imp_100_k_imp_0_e_imp_1_state_iter_10000.dat
iter:  10100 (Jcost: 1.284960e-01) (lr = 6.723e-03) (elapsed time: 10038.682) (secs/iter:  0.743) (n_accepted: 77%) (u_error:  0.647898 %) (beta_change: 11.896050 %) (delta_change:  1.413495 %) (delta_peak/R:  7.062935 %)
iter:  10200 (Jcost: 1.284713e-01) (lr = 1.002e-03) (elapsed time: 10101.197) (secs/iter:  0.625) (n_accepted: 77%) (u_error:  0.647931 %) (beta_change: 11.980443 %) (delta_change:  1.423860 %) (delta_peak/R:  7.061428 %)
iter:  10300 (Jcost: 1.284456e-01) (lr = 8.601e-04) (elapsed time: 10193.376) (secs/iter:  0.922) (n_accepted: 79%) (u_error:  0.647904 %) (beta_change: 12.067900 %) (delta_change:  1.434599 %) (delta_peak/R:  7.059484 %)
iter:  10400 (Jcost: 1.284224e-01) (lr = 2.449e-02) (elapsed time: 10292.764) (secs/iter:  0.994) (n_accepted: 83%) (u_error:  0.648016 %) (beta_change: 12.151087 %) (delta_change:  1.444836 %) (delta_peak/R:  7.058486 %)
iter:  10500 (Jcost: 1.284044e-01) (lr = 8.761e-03) (elapsed time: 10393.286) (secs/iter:  1.005) (n_accepted: 78%) (u_error:  0.647842 %) (beta_change: 12.208677 %) (delta_change:  1.451895 %) (delta_peak/R:  7.056231 %)
-> Saved file: /media/rafael/DATA/Dropbox/20220924_FIML_solver/data/output/field_inversion/Beta_e/u_imp_100/FI_run_Supersonic_M3.0R200_u_imp_100_k_imp_0_e_imp_1/FI_run_Supersonic_M3.0R200_u_imp_100_k_imp_0_e_imp_1_state_iter_10500.dat
iter:  10600 (Jcost: 1.283829e-01) (lr = 3.133e-03) (elapsed time: 10495.346) (secs/iter:  1.021) (n_accepted: 78%) (u_error:  0.647854 %) (beta_change: 12.282430 %) (delta_change:  1.460968 %) (delta_peak/R:  7.054793 %)
iter:  10700 (Jcost: 1.283587e-01) (lr = 4.670e-04) (elapsed time: 10593.973) (secs/iter:  0.986) (n_accepted: 77%) (u_error:  0.647844 %) (beta_change: 12.365660 %) (delta_change:  1.471207 %) (delta_peak/R:  7.053024 %)
iter:  10800 (Jcost: 1.283338e-01) (lr = 7.660e-02) (elapsed time: 10665.816) (secs/iter:  0.718) (n_accepted: 85%) (u_error:  0.647710 %) (beta_change: 12.452696 %) (delta_change:  1.481905 %) (delta_peak/R:  7.050398 %)
iter:  10900 (Jcost: 1.283143e-01) (lr = 1.142e-02) (elapsed time: 10747.834) (secs/iter:  0.820) (n_accepted: 77%) (u_error:  0.647834 %) (beta_change: 12.518147 %) (delta_change:  1.489982 %) (delta_peak/R:  7.049816 %)
iter:  11000 (Jcost: 1.282907e-01) (lr = 4.083e-03) (elapsed time: 10837.280) (secs/iter:  0.894) (n_accepted: 78%) (u_error:  0.647765 %) (beta_change: 12.599456 %) (delta_change:  1.499992 %) (delta_peak/R:  7.047701 %)
-> Saved file: /media/rafael/DATA/Dropbox/20220924_FIML_solver/data/output/field_inversion/Beta_e/u_imp_100/FI_run_Supersonic_M3.0R200_u_imp_100_k_imp_0_e_imp_1/FI_run_Supersonic_M3.0R200_u_imp_100_k_imp_0_e_imp_1_state_iter_11000.dat
iter:  11100 (Jcost: 1.282682e-01) (lr = 6.085e-04) (elapsed time: 10942.935) (secs/iter:  1.057) (n_accepted: 77%) (u_error:  0.647780 %) (beta_change: 12.677053 %) (delta_change:  1.509560 %) (delta_peak/R:  7.046179 %)
iter:  11200 (Jcost: 1.282528e-01) (lr = 1.733e-02) (elapsed time: 11037.380) (secs/iter:  0.944) (n_accepted: 83%) (u_error:  0.647770 %) (beta_change: 12.729960 %) (delta_change:  1.516083 %) (delta_peak/R:  7.045012 %)
iter:  11300 (Jcost: 1.282298e-01) (lr = 6.198e-03) (elapsed time: 11134.356) (secs/iter:  0.970) (n_accepted: 78%) (u_error:  0.647763 %) (beta_change: 12.809525 %) (delta_change:  1.525899 %) (delta_peak/R:  7.043298 %)
iter:  11400 (Jcost: 1.282064e-01) (lr = 2.217e-03) (elapsed time: 11228.597) (secs/iter:  0.942) (n_accepted: 78%) (u_error:  0.647743 %) (beta_change: 12.890346 %) (delta_change:  1.535872 %) (delta_peak/R:  7.041472 %)
iter:  11500 (Jcost: 1.281829e-01) (lr = 7.929e-04) (elapsed time: 11329.134) (secs/iter:  1.005) (n_accepted: 78%) (u_error:  0.647741 %) (beta_change: 12.971506 %) (delta_change:  1.545896 %) (delta_peak/R:  7.039740 %)
-> Saved file: /media/rafael/DATA/Dropbox/20220924_FIML_solver/data/output/field_inversion/Beta_e/u_imp_100/FI_run_Supersonic_M3.0R200_u_imp_100_k_imp_0_e_imp_1/FI_run_Supersonic_M3.0R200_u_imp_100_k_imp_0_e_imp_1_state_iter_11500.dat
iter:  11600 (Jcost: 1.281661e-01) (lr = 9.409e-03) (elapsed time: 11425.239) (secs/iter:  0.961) (n_accepted: 82%) (u_error:  0.647722 %) (beta_change: 13.029567 %) (delta_change:  1.553067 %) (delta_peak/R:  7.038385 %)
iter:  11700 (Jcost: 1.281478e-01) (lr = 5.843e-04) (elapsed time: 11525.564) (secs/iter:  1.003) (n_accepted: 76%) (u_error:  0.647708 %) (beta_change: 13.092886 %) (delta_change:  1.560892 %) (delta_peak/R:  7.036946 %)
iter:  11800 (Jcost: 1.281255e-01) (lr = 2.889e-03) (elapsed time: 11619.713) (secs/iter:  0.941) (n_accepted: 81%) (u_error:  0.647830 %) (beta_change: 13.173404 %) (delta_change:  1.570869 %) (delta_peak/R:  7.035974 %)
iter:  11900 (Jcost: 1.281054e-01) (lr = 3.428e-02) (elapsed time: 11708.554) (secs/iter:  0.888) (n_accepted: 82%) (u_error:  0.647684 %) (beta_change: 13.239455 %) (delta_change:  1.579018 %) (delta_peak/R:  7.033643 %)
iter:  12000 (Jcost: 1.280901e-01) (lr = 1.226e-02) (elapsed time: 11806.439) (secs/iter:  0.979) (n_accepted: 78%) (u_error:  0.647682 %) (beta_change: 13.292653 %) (delta_change:  1.585602 %) (delta_peak/R:  7.032481 %)
-> Saved file: /media/rafael/DATA/Dropbox/20220924_FIML_solver/data/output/field_inversion/Beta_e/u_imp_100/FI_run_Supersonic_M3.0R200_u_imp_100_k_imp_0_e_imp_1/FI_run_Supersonic_M3.0R200_u_imp_100_k_imp_0_e_imp_1_state_iter_12000.dat
iter:  12100 (Jcost: 1.280704e-01) (lr = 7.613e-04) (elapsed time: 11907.819) (secs/iter:  1.014) (n_accepted: 76%) (u_error:  0.647673 %) (beta_change: 13.360616 %) (delta_change:  1.594017 %) (delta_peak/R:  7.030943 %)
iter:  12200 (Jcost: 1.280518e-01) (lr = 5.204e-02) (elapsed time: 11998.846) (secs/iter:  0.910) (n_accepted: 84%) (u_error:  0.647609 %) (beta_change: 13.425198 %) (delta_change:  1.602007 %) (delta_peak/R:  7.029130 %)
iter:  12300 (Jcost: 1.280385e-01) (lr = 7.755e-03) (elapsed time: 12086.951) (secs/iter:  0.881) (n_accepted: 77%) (u_error:  0.647679 %) (beta_change: 13.470983 %) (delta_change:  1.607693 %) (delta_peak/R:  7.028553 %)
iter:  12400 (Jcost: 1.280205e-01) (lr = 4.815e-04) (elapsed time: 12180.251) (secs/iter:  0.933) (n_accepted: 76%) (u_error:  0.647640 %) (beta_change: 13.533191 %) (delta_change:  1.615399 %) (delta_peak/R:  7.026942 %)
iter:  12500 (Jcost: 1.280048e-01) (lr = 5.714e-03) (elapsed time: 12265.710) (secs/iter:  0.855) (n_accepted: 82%) (u_error:  0.647541 %) (beta_change: 13.588326 %) (delta_change:  1.622221 %) (delta_peak/R:  7.025104 %)
-> Saved file: /media/rafael/DATA/Dropbox/20220924_FIML_solver/data/output/field_inversion/Beta_e/u_imp_100/FI_run_Supersonic_M3.0R200_u_imp_100_k_imp_0_e_imp_1/FI_run_Supersonic_M3.0R200_u_imp_100_k_imp_0_e_imp_1_state_iter_12500.dat
iter:  12600 (Jcost: 1.279906e-01) (lr = 2.825e-02) (elapsed time: 12369.207) (secs/iter:  1.035) (n_accepted: 81%) (u_error:  0.647630 %) (beta_change: 13.636240 %) (delta_change:  1.628182 %) (delta_peak/R:  7.024579 %)
iter:  12700 (Jcost: 1.279744e-01) (lr = 1.011e-02) (elapsed time: 12450.377) (secs/iter:  0.812) (n_accepted: 78%) (u_error:  0.647618 %) (beta_change: 13.692501 %) (delta_change:  1.635108 %) (delta_peak/R:  7.023255 %)
iter:  12800 (Jcost: 1.279587e-01) (lr = 3.614e-03) (elapsed time: 12536.950) (secs/iter:  0.866) (n_accepted: 78%) (u_error:  0.647577 %) (beta_change: 13.797817 %) (delta_change:  1.641806 %) (delta_peak/R:  7.021780 %)
iter:  12900 (Jcost: 1.279465e-01) (lr = 1.787e-02) (elapsed time: 12632.551) (secs/iter:  0.956) (n_accepted: 81%) (u_error:  0.647573 %) (beta_change: 13.880493 %) (delta_change:  1.647032 %) (delta_peak/R:  7.020803 %)
iter:  13000 (Jcost: 1.279317e-01) (lr = 1.534e-02) (elapsed time: 12728.484) (secs/iter:  0.959) (n_accepted: 79%) (u_error:  0.647591 %) (beta_change: 13.981594 %) (delta_change:  1.653377 %) (delta_peak/R:  7.019748 %)
-> Saved file: /media/rafael/DATA/Dropbox/20220924_FIML_solver/data/output/field_inversion/Beta_e/u_imp_100/FI_run_Supersonic_M3.0R200_u_imp_100_k_imp_0_e_imp_1/FI_run_Supersonic_M3.0R200_u_imp_100_k_imp_0_e_imp_1_state_iter_13000.dat
iter:  13100 (Jcost: 1.279149e-01) (lr = 5.487e-03) (elapsed time: 12828.039) (secs/iter:  0.996) (n_accepted: 78%) (u_error:  0.647579 %) (beta_change: 14.097158 %) (delta_change:  1.660536 %) (delta_peak/R:  7.018356 %)
iter:  13200 (Jcost: 1.279004e-01) (lr = 8.176e-04) (elapsed time: 12914.409) (secs/iter:  0.864) (n_accepted: 77%) (u_error:  0.647574 %) (beta_change: 14.198061 %) (delta_change:  1.666719 %) (delta_peak/R:  7.017177 %)
iter:  13300 (Jcost: 1.278850e-01) (lr = 7.019e-04) (elapsed time: 13008.939) (secs/iter:  0.945) (n_accepted: 79%) (u_error:  0.647565 %) (beta_change: 14.306478 %) (delta_change:  1.673289 %) (delta_peak/R:  7.015891 %)
iter:  13400 (Jcost: 1.278698e-01) (lr = 1.999e-02) (elapsed time: 13104.526) (secs/iter:  0.956) (n_accepted: 83%) (u_error:  0.647638 %) (beta_change: 14.416495 %) (delta_change:  1.679930 %) (delta_peak/R:  7.015103 %)
iter:  13500 (Jcost: 1.278569e-01) (lr = 7.149e-03) (elapsed time: 13195.901) (secs/iter:  0.914) (n_accepted: 78%) (u_error:  0.647563 %) (beta_change: 14.506444 %) (delta_change:  1.685225 %) (delta_peak/R:  7.013639 %)
-> Saved file: /media/rafael/DATA/Dropbox/20220924_FIML_solver/data/output/field_inversion/Beta_e/u_imp_100/FI_run_Supersonic_M3.0R200_u_imp_100_k_imp_0_e_imp_1/FI_run_Supersonic_M3.0R200_u_imp_100_k_imp_0_e_imp_1_state_iter_13500.dat
iter:  13600 (Jcost: 1.278427e-01) (lr = 2.557e-03) (elapsed time: 13300.513) (secs/iter:  1.046) (n_accepted: 78%) (u_error:  0.647541 %) (beta_change: 14.609123 %) (delta_change:  1.691243 %) (delta_peak/R:  7.012355 %)
iter:  13700 (Jcost: 1.278297e-01) (lr = 9.146e-04) (elapsed time: 13385.703) (secs/iter:  0.852) (n_accepted: 78%) (u_error:  0.647470 %) (beta_change: 14.705225 %) (delta_change:  1.696787 %) (delta_peak/R:  7.010859 %)
iter:  13800 (Jcost: 1.278168e-01) (lr = 2.605e-02) (elapsed time: 13480.418) (secs/iter:  0.947) (n_accepted: 83%) (u_error:  0.647508 %) (beta_change: 14.798899 %) (delta_change:  1.702197 %) (delta_peak/R:  7.010055 %)
iter:  13900 (Jcost: 1.278068e-01) (lr = 1.617e-03) (elapsed time: 13547.257) (secs/iter:  0.668) (n_accepted: 76%) (u_error:  0.647522 %) (beta_change: 14.873563 %) (delta_change:  1.706460 %) (delta_peak/R:  7.009318 %)
iter:  14000 (Jcost: 1.277912e-01) (lr = 5.785e-04) (elapsed time: 13620.863) (secs/iter:  0.736) (n_accepted: 78%) (u_error:  0.647495 %) (beta_change: 14.989912 %) (delta_change:  1.713009 %) (delta_peak/R:  7.007886 %)
-> Saved file: /media/rafael/DATA/Dropbox/20220924_FIML_solver/data/output/field_inversion/Beta_e/u_imp_100/FI_run_Supersonic_M3.0R200_u_imp_100_k_imp_0_e_imp_1/FI_run_Supersonic_M3.0R200_u_imp_100_k_imp_0_e_imp_1_state_iter_14000.dat
iter:  14100 (Jcost: 1.277790e-01) (lr = 3.954e-02) (elapsed time: 13693.488) (secs/iter:  0.726) (n_accepted: 84%) (u_error:  0.647444 %) (beta_change: 15.083737 %) (delta_change:  1.718208 %) (delta_peak/R:  7.006552 %)
iter:  14200 (Jcost: 1.277666e-01) (lr = 3.394e-02) (elapsed time: 13766.440) (secs/iter:  0.730) (n_accepted: 79%) (u_error:  0.647473 %) (beta_change: 15.176932 %) (delta_change:  1.723366 %) (delta_peak/R:  7.005719 %)
iter:  14300 (Jcost: 1.277543e-01) (lr = 1.214e-02) (elapsed time: 13855.538) (secs/iter:  0.891) (n_accepted: 78%) (u_error:  0.647472 %) (beta_change: 15.271456 %) (delta_change:  1.728525 %) (delta_peak/R:  7.004690 %)
iter:  14400 (Jcost: 1.277420e-01) (lr = 1.809e-03) (elapsed time: 13954.244) (secs/iter:  0.987) (n_accepted: 77%) (u_error:  0.647491 %) (beta_change: 15.367257 %) (delta_change:  1.733710 %) (delta_peak/R:  7.003783 %)
iter:  14500 (Jcost: 1.277299e-01) (lr = 1.553e-03) (elapsed time: 14051.378) (secs/iter:  0.971) (n_accepted: 79%) (u_error:  0.647486 %) (beta_change: 15.462169 %) (delta_change:  1.738774 %) (delta_peak/R:  7.002739 %)
-> Saved file: /media/rafael/DATA/Dropbox/20220924_FIML_solver/data/output/field_inversion/Beta_e/u_imp_100/FI_run_Supersonic_M3.0R200_u_imp_100_k_imp_0_e_imp_1/FI_run_Supersonic_M3.0R200_u_imp_100_k_imp_0_e_imp_1_state_iter_14500.dat
iter:  14600 (Jcost: 1.277187e-01) (lr = 5.554e-04) (elapsed time: 14153.399) (secs/iter:  1.020) (n_accepted: 78%) (u_error:  0.647470 %) (beta_change: 15.550410 %) (delta_change:  1.743425 %) (delta_peak/R:  7.001698 %)
iter:  14700 (Jcost: 1.277036e-01) (lr = 1.582e-02) (elapsed time: 14239.729) (secs/iter:  0.863) (n_accepted: 83%) (u_error:  0.647507 %) (beta_change: 15.671564 %) (delta_change:  1.749772 %) (delta_peak/R:  7.000647 %)
iter:  14800 (Jcost: 1.276949e-01) (lr = 1.358e-02) (elapsed time: 14337.202) (secs/iter:  0.975) (n_accepted: 79%) (u_error:  0.647439 %) (beta_change: 15.740809 %) (delta_change:  1.753303 %) (delta_peak/R:  6.999502 %)
iter:  14900 (Jcost: 1.276827e-01) (lr = 4.857e-03) (elapsed time: 14426.946) (secs/iter:  0.897) (n_accepted: 78%) (u_error:  0.647461 %) (beta_change: 15.839650 %) (delta_change:  1.758366 %) (delta_peak/R:  6.998602 %)
iter:  15000 (Jcost: 1.276722e-01) (lr = 1.737e-03) (elapsed time: 14526.021) (secs/iter:  0.991) (n_accepted: 78%) (u_error:  0.647347 %) (beta_change: 15.929055 %) (delta_change:  1.762811 %) (delta_peak/R:  6.996973 %)
-> Saved file: /media/rafael/DATA/Dropbox/20220924_FIML_solver/data/output/field_inversion/Beta_e/u_imp_100/FI_run_Supersonic_M3.0R200_u_imp_100_k_imp_0_e_imp_1/FI_run_Supersonic_M3.0R200_u_imp_100_k_imp_0_e_imp_1_state_iter_15000.dat
iter:  15000 (Jcost: 1.276722e-01) (lr = 8.685e-04) (elapsed time: 14532.180) (secs/iter:   None) (n_accepted: 0%) (u_error:  0.647347 %) (beta_change: 15.929055 %) (delta_change:  1.762811 %) (delta_peak/R:  6.996973 %)
