# ------------------------------------------------------------------------
#                  Input Arguments
# ------------------------------------------------------------------------
# Begin_Input_Arguments
{ 'all_b_mode': ['Beta_e'],
  'args_mk_solver': { 'torch': "<module 'torch' from "
                               "'/home/rafael/anaconda3/lib/python3.9/site-packages/torch/__init__.py'>",
                      'y_grid': [0.0, 0.000309700312, 0.000638645973, 0.00098802599, 0.00135910194, 0.00175321227, 0.00217177688, 0.00261630193, 0.00308838486, 0.00358971984, 0.00412210331, 0.00468744001, 0.00528774917, 0.00592517114, 0.00660197432, 0.0073205624, 0.00808348206, 0.00889343092, 0.00975326602, 0.0106660126, 0.0116348733, 0.0126632377, 0.0137546927, 0.0149130326, 0.0161422702, 0.0174466482, 0.0188306506, 0.0202990157, 0.0218567475, 0.02350913, 0.0252617393, 0.0271204584, 0.0290914903, 0.0311813732, 0.033396994, 0.0357456039, 0.0382348325, 0.0408727029, 0.0436676462, 0.0466285159, 0.0497646022, 0.0530856456, 0.0566018496, 0.0603238931, 0.0642629411, 0.068430655, 0.0728392004, 0.0775012535, 0.0824300053, 0.0876391634, 0.0931429507, 0.0989561006, 0.105093849, 0.111571922, 0.118406518, 0.125614286, 0.133212296, 0.141218006, 0.14964922, 0.158524039, 0.167860801, 0.177678022, 0.187994313, 0.1988283, 0.21019853, 0.222123362, 0.234620856, 0.247708641, 0.261403784, 0.275722637, 0.290680679, 0.306292354, 0.322570888, 0.339528108, 0.357174255, 0.375517785, 0.394565175, 0.414320726, 0.43478637, 0.45596148, 0.47784269, 0.500423731, 0.523695275, 0.547644806, 0.572256506, 0.597511177, 0.623386184, 0.649855436, 0.676889401, 0.704455158, 0.73251649, 0.761034018, 0.789965372, 0.819265404, 0.848886442, 0.878778572, 0.908889961, 0.939167201, 0.969555687, 1.0],
                      'Ret': 150.0,
                      'cp': 1.0,
                      'A_sca_rho': 1.0,
                      'A_sca_mu': 0.006666666666666667,
                      'A_sca_k': 0.006666666666666667,
                      'b_exp_rho': 0.0,
                      'b_exp_mu': -1.0,
                      'b_exp_k': 0.0,
                      'tensor_device': 'cpu',
                      'as_tensor': '<function '
                                   'Build_arguments_fi_run._mk_args_MK_solver.<locals>.<lambda> '
                                   'at 0x7f9db4dfcaf0>',
                      'ref_dns': { 'u_dns': [0.0, 0.0460661241, 0.096219331, 0.150840695, 0.210345376, 0.275184911, 0.345849449, 0.422869838, 0.506819491, 0.598330805, 0.698156574, 0.807149442, 0.92625796, 1.05651382, 1.19896504, 1.35472285, 1.52496737, 1.71083875, 1.91343816, 2.13381994, 2.37279299, 2.63092085, 2.90844344, 3.205133, 3.52023046, 3.85235125, 4.19948389, 4.55946253, 4.92946928, 5.30595163, 5.6853638, 6.06466068, 6.44045831, 6.80952386, 7.16952698, 7.51835853, 7.85446957, 8.17693514, 8.48502216, 8.77871734, 9.05816066, 9.32374122, 9.57602952, 9.8158078, 10.0434015, 10.2607239, 10.4680067, 10.6658607, 10.8560111, 11.0379133, 11.213729, 11.3844612, 11.549265, 11.7107585, 11.8676449, 12.0227251, 12.1747066, 12.3262325, 12.476147, 12.6244305, 12.7736197, 12.922243, 13.0698825, 13.2191765, 13.3678254, 13.5183785, 13.6700158, 13.8233611, 13.9771741, 14.1325789, 14.2881149, 14.4446511, 14.6010664, 14.7577765, 14.9148779, 15.071893, 15.2285344, 15.3844685, 15.5391227, 15.6952925, 15.8487315, 16.0003092, 16.148505, 16.2929106, 16.4340977, 16.5710789, 16.7051848, 16.8339619, 16.9577478, 17.0775577, 17.189906, 17.2928273, 17.3863435, 17.4690424, 17.5393124, 17.5984842, 17.6457763, 17.681166, 17.7019517, 17.7093206],
                                   'T_dns': [1.0, 1.018747596876295, 1.038646325866886, 1.0597494216029402, 1.0821100518810143, 1.1057817339389826, 1.1308194591426002, 1.1572819292910936, 1.185235515618713, 1.2147554275410655, 1.245911683159167, 1.2787855398542516, 1.3134873182063938, 1.350149945728934, 1.3888583723140566, 1.4296984217454762, 1.4727827429604181, 1.51819722657249, 1.5660190793319182, 1.6163531068120651, 1.6692625209537097, 1.7248168049218584, 1.7830718616697128, 1.8440216400328122, 1.9076598044709745, 1.9739181097708076, 2.0427330698477317, 2.1140109227942427, 2.187637203204587, 2.263332458600605, 2.34085551686613, 2.420086143111426, 2.5006695899169067, 2.582197153030033, 2.664477192485573, 2.747214502721174, 2.830050161719325, 2.9126810409485713, 2.9949262280936835, 3.07650836986637, 3.1572834318498897, 3.237040602637259, 3.3157501770710063, 3.3931872407765065, 3.4691986547120646, 3.543945535057357, 3.6173692008222553, 3.6893443060999975, 3.7598866049031603, 3.8290603996389185, 3.897127587428686, 3.963874290253692, 4.029409176758584, 4.094162077796752, 4.157744512828115, 4.220621110611917, 4.282336897451673, 4.343501359250971, 4.403787651517406, 4.463859288424182, 4.522886219232685, 4.581810579469808, 4.640480557864466, 4.698813791507148, 4.757031151891807, 4.814740384010741, 4.872457697139578, 4.929859550692453, 4.987503811699786, 5.044832864624218, 5.10248827585962, 5.159805486272053, 5.216553687199035, 5.273362464336777, 5.329599631682028, 5.38544222875234, 5.440513364338166, 5.4955511013381155, 5.5496818213409735, 5.603486003167191, 5.655818707414443, 5.707778393152392, 5.7580291686095695, 5.8073410063349, 5.854761588019303, 5.901149180348969, 5.945420407499174, 5.987907746652653, 6.028769502070815, 6.067081625320931, 6.1028563601396595, 6.135649519551033, 6.1653469571964346, 6.191968851696994, 6.2149525456211006, 6.23372522706687, 6.248556625597965, 6.259781145907274, 6.2662386669003345, 6.268709672372032],
                                   'mu_dns': [0.006666666666666667, 0.00654398271672801, 0.006418610936790695, 0.006290795286854603, 0.0061608028269196, 0.006028917336985543, 0.005895429737052285, 0.005760624527119688, 0.00562476113718762, 0.005488073167255964, 0.005350834057324584, 0.0052132796773933605, 0.0050755470374622275, 0.004937723167531139, 0.004800105467599947, 0.004662988057668506, 0.004526578477736711, 0.004391172997804413, 0.0042570788278714616, 0.004124511307937744, 0.003993779638003111, 0.0038651447780674282, 0.0037388659481305676, 0.003615286568192357, 0.003494683198252659, 0.0033773775283113118, 0.003263601478368199, 0.003153563018423219, 0.003047427908476286, 0.0029455092385272455, 0.002847961618576019, 0.0027547228786226393, 0.0026659526286670243, 0.0025817806587091104, 0.002502054318748973, 0.00242670044878665, 0.0023556708488221647, 0.0022888419888555792, 0.0022259869388870064, 0.002166958728916521, 0.0021115198589442405, 0.002059494298970253, 0.0020106058389946974, 0.00196472112901764, 0.0019216733690391634, 0.0018811425290594288, 0.0018429599790785202, 0.0018070058290964972, 0.0017731031191134483, 0.0017410711691294646, 0.0017106616391446695, 0.001681856229159072, 0.001654502279172749, 0.0016283348191858326, 0.0016034334591982836, 0.0015795463492102267, 0.0015567823892216088, 0.0015348600392325702, 0.001513848349243076, 0.001493475989253262, 0.0014739850492630074, 0.0014550288692724857, 0.0014366328192816835, 0.001418797799290601, 0.0014014343092992828, 0.0013846367893076818, 0.0013682348993158825, 0.0013523035693238483, 0.0013366739993316632, 0.0013214841493392581, 0.001306552079346724, 0.0012920383693539807, 0.0012779829493610086, 0.0012642155193678924, 0.0012508756993745624, 0.0012379051493810475, 0.001225374559387313, 0.001213102479393449, 0.0012012700693993653, 0.0011897355794051323, 0.0011787270794106363, 0.0011679967594160016, 0.0011578035594210982, 0.001147972309426014, 0.0011386743194306628, 0.0011297234594351382, 0.0011213112294393445, 0.0011133549394433226, 0.0011058088494470956, 0.001098825939450587, 0.0010923846594538078, 0.0010865461994567268, 0.0010813124894593438, 0.0010766634694616682, 0.001072681829463659, 0.0010694514794652745, 0.0010669130594665437, 0.0010649999594674999, 0.001063902449468049, 0.0010634830794682586],
                                   'rho_dns': [1.0, 1.0, 1.0, 1.0, 1.0, 1.0, 1.0, 1.0, 1.0, 1.0, 1.0, 1.0, 1.0, 1.0, 1.0, 1.0, 1.0, 1.0, 1.0, 1.0, 1.0, 1.0, 1.0, 1.0, 1.0, 1.0, 1.0, 1.0, 1.0, 1.0, 1.0, 1.0, 1.0, 1.0, 1.0, 1.0, 1.0, 1.0, 1.0, 1.0, 1.0, 1.0, 1.0, 1.0, 1.0, 1.0, 1.0, 1.0, 1.0, 1.0, 1.0, 1.0, 1.0, 1.0, 1.0, 1.0, 1.0, 1.0, 1.0, 1.0, 1.0, 1.0, 1.0, 1.0, 1.0, 1.0, 1.0, 1.0, 1.0, 1.0, 1.0, 1.0, 1.0, 1.0, 1.0, 1.0, 1.0, 1.0, 1.0, 1.0, 1.0, 1.0, 1.0, 1.0, 1.0, 1.0, 1.0, 1.0, 1.0, 1.0, 1.0, 1.0, 1.0, 1.0, 1.0, 1.0, 1.0, 1.0, 1.0, 1.0]},
                      'case': 'liquidLike',
                      'constant_Sq_heat': 0.41333333333333333,
                      'use_visc_heating': False,
                      'Pr_turb': 1.0,
                      'fprint': '<function '
                                'Build_arguments_fi_run._mk_args_MK_solver.<locals>.<lambda> '
                                'at 0x7f9db3a025e0>',
                      'compressible_correction': False,
                      'bool_solve_energy': False,
                      'output_last': False},
  'u_imp': 1,
  'k_imp': 0,
  'e_imp': 1,
  'solve_sparse_adj': True,
  'all_ref_beta_distrib': {'K': [1.0, 1.0, 1.0, 1.0, 1.0, 1.0, 1.0, 1.0, 1.0, 1.0, 1.0, 1.0, 1.0, 1.0, 1.0, 1.0, 1.0, 1.0, 1.0, 1.0, 1.0, 1.0, 1.0, 1.0, 1.0, 1.0, 1.0, 1.0, 1.0, 1.0, 1.0, 1.0, 1.0, 1.0, 1.0, 1.0, 1.0, 1.0, 1.0, 1.0, 1.0, 1.0, 1.0, 1.0, 1.0, 1.0, 1.0, 1.0, 1.0, 1.0, 1.0, 1.0, 1.0, 1.0, 1.0, 1.0, 1.0, 1.0, 1.0, 1.0, 1.0, 1.0, 1.0, 1.0, 1.0, 1.0, 1.0, 1.0, 1.0, 1.0, 1.0, 1.0, 1.0, 1.0, 1.0, 1.0, 1.0, 1.0, 1.0, 1.0, 1.0, 1.0, 1.0, 1.0, 1.0, 1.0, 1.0, 1.0, 1.0, 1.0, 1.0, 1.0, 1.0, 1.0, 1.0, 1.0, 1.0, 1.0, 1.0, 1.0], 'E': [1.0, 0.99998767, 0.99996838, 0.99994583, 0.99991948, 0.99988854, 0.99985219, 0.9998095, 0.9997594, 0.99970066, 0.9996319, 0.99955154, 0.9994578, 0.99934873, 0.99922221, 0.99907603, 0.99890796, 0.998716, 0.99849878, 0.9982565, 0.99799275, 0.99771726, 0.99744698, 0.99719701, 0.9969538, 0.99665104, 0.99621248, 0.99563599, 0.99495215, 0.99415953, 0.99324481, 0.9921941, 0.99099279, 0.98962532, 0.98807565, 0.98632708, 0.98436272, 0.98216574, 0.97971681, 0.976984, 0.97390996, 0.97041635, 0.96645484, 0.96208296, 0.95750872, 0.95306164, 0.94910363, 0.94593693, 0.94374658, 0.94258602, 0.94239857, 0.94304896, 0.94436402, 0.94616272, 0.94827111, 0.95054296, 0.95285542, 0.95511849, 0.95726408, 0.95925013, 0.96104878, 0.96265116, 0.96405682, 0.96527479, 0.96632092, 0.96721497, 0.9679809, 0.96864368, 0.96922981, 0.96976512, 0.97027543, 0.9707849, 0.97131633, 0.97189052, 0.97252587, 0.97323803, 0.9740395, 0.97493904, 0.97594186, 0.97704893, 0.97825705, 0.97955763, 0.98093822, 0.98238201, 0.98386964, 0.98537916, 0.98688746, 0.98837016, 0.98980261, 0.99116093, 0.99242237, 0.99356661, 0.99457747, 0.99544447, 0.99616348, 0.99673654, 0.9971701, 0.99747238, 0.99765071, 0.9988548]},
  'all_ref_delta_distrib': {'K': [-0.0, -0.0, -0.0, -0.0, -0.0, -0.0, -0.0, -0.0, -0.0, -0.0, -0.0, -0.0, -0.0, -0.0, -0.0, -0.0, -0.0, -0.0, -0.0, -0.0, -0.0, -0.0, -0.0, -0.0, -0.0, -0.0, -0.0, -0.0, -0.0, -0.0, -0.0, -0.0, -0.0, -0.0, -0.0, -0.0, -0.0, -0.0, -0.0, -0.0, -0.0, -0.0, -0.0, -0.0, -0.0, -0.0, -0.0, -0.0, -0.0, -0.0, -0.0, -0.0, -0.0, -0.0, -0.0, -0.0, -0.0, -0.0, -0.0, -0.0, -0.0, -0.0, -0.0, -0.0, -0.0, -0.0, -0.0, -0.0, -0.0, -0.0, -0.0, -0.0, -0.0, -0.0, -0.0, -0.0, -0.0, -0.0, -0.0, -0.0, -0.0, -0.0, -0.0, -0.0, -0.0, -0.0, -0.0, -0.0, -0.0, -0.0, -0.0, -0.0, -0.0, -0.0, -0.0, -0.0, -0.0, -0.0, -0.0, -0.0], 'E': [-0.0, 0.0033289057624713387, 0.011668975463862728, 0.022982353890343768, 0.03720234083380936, 0.05475773980582736, 0.07625836913713936, 0.10248281823302977, 0.13439708738156503, 0.1731891108230314, 0.22029619392728356, 0.27748892290561433, 0.3469527937799447, 0.4313696044172242, 0.534007430999199, 0.6588517631908262, 0.8108118033170727, 0.9958498073896167, 1.2212594291738088, 1.4960140588566133, 1.8311025289081084, 2.2402254982818284, 2.74105326107289, 3.3570025331844464, 4.116174057237546, 5.04757482607063, 6.18009134391528, 7.533904219964616, 9.109627321398364, 10.882868782553032, 12.803760799586033, 14.802729459157394, 16.801759130528293, 18.728084087949657, 20.52362975566932, 22.14851429909965, 23.58059261031641, 24.812886053852537, 25.85317698578896, 26.7300248340477, 27.496566865334238, 28.211571153165437, 28.887193836069063, 29.446061058173036, 29.73227821867108, 29.575934472949015, 28.866744771836522, 27.590729637275746, 25.824003058432677, 23.70085041682651, 21.375081256726446, 18.991539674678695, 16.666996035032593, 14.484253232110216, 12.495070870456493, 10.723164237440145, 9.173366848599677, 7.8360218984387, 6.694162511810294, 5.726129492530128, 4.909684029784816, 4.222586490972244, 3.6446907603814775, 3.1579353001085035, 2.746612074261372, 2.3974213727030502, 2.099163605631326, 1.8426654513553955, 1.6204148167484989, 1.4263922501350303, 1.255757904804491, 1.104694302777512, 0.9701821535905998, 0.8498536299422632, 0.7418582373741945, 0.6447504200435744, 0.5573984761868235, 0.47891300990699015, 0.408573998227603, 0.34578994120963835, 0.29005281797097915, 0.2409203294812598, 0.19796885772558243, 0.16078594311991418, 0.12894552713213606, 0.1020113889162194, 0.07953200616891601, 0.06105071038641049, 0.04610856950455478, 0.03424996513324143, 0.025031958562363368, 0.01802974059602148, 0.012842644797468376, 0.009101959135299043, 0.00648015336108368, 0.004698532309930885, 0.0035327277229523137, 0.0028140233047084626, 0.002426953608771766, 0.0011525627843898708]},
  'fname_print': '/media/rafael/DATA/Dropbox/20220924_FIML_solver/data/output/field_inversion/Beta_e/u_imp_1/FI_run_liquidLike_u_imp_1_k_imp_0_e_imp_1/FI_run_liquidLike_u_imp_1_k_imp_0_e_imp_1.log',
  'folder': '/media/rafael/DATA/Dropbox/20220924_FIML_solver/data/output/field_inversion/Beta_e/u_imp_1/FI_run_liquidLike_u_imp_1_k_imp_0_e_imp_1',
  'iters_limit': 15000}
# End_Input_Arguments

# ------------------------------------------------------------------------
#                  Iterations
# ------------------------------------------------------------------------

iter:      0 (Jcost: 8.287847e-02) (lr = 1.000e-03) (elapsed time:  0.002) (secs/iter:   None) (n_accepted: 0%) (u_error:  4.979517 %) (beta_change:  5.760143 %) (delta_change:  1.124085 %) (delta_peak/R:  0.000000 %)
-> Saved file: /media/rafael/DATA/Dropbox/20220924_FIML_solver/data/output/field_inversion/Beta_e/u_imp_1/FI_run_liquidLike_u_imp_1_k_imp_0_e_imp_1/FI_run_liquidLike_u_imp_1_k_imp_0_e_imp_1_state_iter_0.dat
iter:    100 (Jcost: 3.661522e-03) (lr = 1.890e+00) (elapsed time: 110.215) (secs/iter:  1.102) (n_accepted: 88%) (u_error:  1.140294 %) (beta_change:  0.952724 %) (delta_change:  0.121611 %) (delta_peak/R:  1.003585 %)
iter:    200 (Jcost: 3.650713e-03) (lr = 2.816e-01) (elapsed time: 203.669) (secs/iter:  0.935) (n_accepted: 77%) (u_error:  1.139262 %) (beta_change:  1.591452 %) (delta_change:  0.146297 %) (delta_peak/R:  0.994299 %)
iter:    300 (Jcost: 3.645727e-03) (lr = 5.802e-01) (elapsed time: 292.174) (secs/iter:  0.885) (n_accepted: 80%) (u_error:  1.134575 %) (beta_change:  1.844647 %) (delta_change:  0.162830 %) (delta_peak/R:  0.994066 %)
iter:    400 (Jcost: 3.642393e-03) (lr = 2.075e-01) (elapsed time: 384.666) (secs/iter:  0.925) (n_accepted: 78%) (u_error:  1.134477 %) (beta_change:  2.031149 %) (delta_change:  0.170317 %) (delta_peak/R:  0.992508 %)
iter:    500 (Jcost: 3.640031e-03) (lr = 2.462e+00) (elapsed time: 457.081) (secs/iter:  0.724) (n_accepted: 82%) (u_error:  1.132968 %) (beta_change:  2.354258 %) (delta_change:  0.176879 %) (delta_peak/R:  0.992153 %)
-> Saved file: /media/rafael/DATA/Dropbox/20220924_FIML_solver/data/output/field_inversion/Beta_e/u_imp_1/FI_run_liquidLike_u_imp_1_k_imp_0_e_imp_1/FI_run_liquidLike_u_imp_1_k_imp_0_e_imp_1_state_iter_500.dat
iter:    600 (Jcost: 3.638360e-03) (lr = 2.114e+00) (elapsed time: 549.219) (secs/iter:  0.921) (n_accepted: 79%) (u_error:  1.132290 %) (beta_change:  2.669381 %) (delta_change:  0.180558 %) (delta_peak/R:  0.991716 %)
iter:    700 (Jcost: 3.637008e-03) (lr = 3.150e-01) (elapsed time: 636.069) (secs/iter:  0.868) (n_accepted: 77%) (u_error:  1.132116 %) (beta_change:  2.944774 %) (delta_change:  0.182942 %) (delta_peak/R:  0.991204 %)
iter:    800 (Jcost: 3.635861e-03) (lr = 6.490e-01) (elapsed time: 717.893) (secs/iter:  0.818) (n_accepted: 80%) (u_error:  1.131694 %) (beta_change:  3.187716 %) (delta_change:  0.184635 %) (delta_peak/R:  0.990965 %)
iter:    900 (Jcost: 3.634868e-03) (lr = 5.571e-01) (elapsed time: 801.978) (secs/iter:  0.841) (n_accepted: 79%) (u_error:  1.130389 %) (beta_change:  3.401561 %) (delta_change:  0.185977 %) (delta_peak/R:  0.991301 %)
iter:   1000 (Jcost: 3.634039e-03) (lr = 4.782e-01) (elapsed time: 886.293) (secs/iter:  0.843) (n_accepted: 79%) (u_error:  1.130980 %) (beta_change:  3.579577 %) (delta_change:  0.186776 %) (delta_peak/R:  0.990736 %)
-> Saved file: /media/rafael/DATA/Dropbox/20220924_FIML_solver/data/output/field_inversion/Beta_e/u_imp_1/FI_run_liquidLike_u_imp_1_k_imp_0_e_imp_1/FI_run_liquidLike_u_imp_1_k_imp_0_e_imp_1_state_iter_1000.dat
iter:   1100 (Jcost: 3.633272e-03) (lr = 1.710e-01) (elapsed time: 971.383) (secs/iter:  0.851) (n_accepted: 78%) (u_error:  1.130414 %) (beta_change:  3.742820 %) (delta_change:  0.187554 %) (delta_peak/R:  0.990831 %)
iter:   1200 (Jcost: 3.632494e-03) (lr = 2.030e+00) (elapsed time: 1048.589) (secs/iter:  0.772) (n_accepted: 82%) (u_error:  1.129967 %) (beta_change:  3.906858 %) (delta_change:  0.188269 %) (delta_peak/R:  0.990889 %)
iter:   1300 (Jcost: 3.631828e-03) (lr = 1.742e+00) (elapsed time: 1131.823) (secs/iter:  0.832) (n_accepted: 79%) (u_error:  1.129833 %) (beta_change:  4.067705 %) (delta_change:  0.188814 %) (delta_peak/R:  0.990832 %)
iter:   1400 (Jcost: 3.631256e-03) (lr = 1.495e+00) (elapsed time: 1217.106) (secs/iter:  0.853) (n_accepted: 79%) (u_error:  1.129861 %) (beta_change:  4.207377 %) (delta_change:  0.189247 %) (delta_peak/R:  0.990722 %)
iter:   1500 (Jcost: 3.630642e-03) (lr = 1.284e+00) (elapsed time: 1301.225) (secs/iter:  0.841) (n_accepted: 79%) (u_error:  1.129646 %) (beta_change:  4.357597 %) (delta_change:  0.189723 %) (delta_peak/R:  0.990747 %)
-> Saved file: /media/rafael/DATA/Dropbox/20220924_FIML_solver/data/output/field_inversion/Beta_e/u_imp_1/FI_run_liquidLike_u_imp_1_k_imp_0_e_imp_1/FI_run_liquidLike_u_imp_1_k_imp_0_e_imp_1_state_iter_1500.dat
iter:   1600 (Jcost: 3.630121e-03) (lr = 1.102e+00) (elapsed time: 1393.341) (secs/iter:  0.921) (n_accepted: 79%) (u_error:  1.129494 %) (beta_change:  4.485398 %) (delta_change:  0.190117 %) (delta_peak/R:  0.990763 %)
iter:   1700 (Jcost: 3.629658e-03) (lr = 9.459e-01) (elapsed time: 1477.703) (secs/iter:  0.844) (n_accepted: 79%) (u_error:  1.129298 %) (beta_change:  4.598971 %) (delta_change:  0.190469 %) (delta_peak/R:  0.990817 %)
iter:   1800 (Jcost: 3.629210e-03) (lr = 8.120e-01) (elapsed time: 1558.206) (secs/iter:  0.805) (n_accepted: 79%) (u_error:  1.129545 %) (beta_change:  4.709323 %) (delta_change:  0.190761 %) (delta_peak/R:  0.990643 %)
iter:   1900 (Jcost: 3.628788e-03) (lr = 1.673e+00) (elapsed time: 1640.396) (secs/iter:  0.822) (n_accepted: 80%) (u_error:  1.129189 %) (beta_change:  4.812758 %) (delta_change:  0.191099 %) (delta_peak/R:  0.990795 %)
iter:   2000 (Jcost: 3.628409e-03) (lr = 5.983e-01) (elapsed time: 1725.759) (secs/iter:  0.854) (n_accepted: 78%) (u_error:  1.129117 %) (beta_change:  4.905725 %) (delta_change:  0.191377 %) (delta_peak/R:  0.990804 %)
-> Saved file: /media/rafael/DATA/Dropbox/20220924_FIML_solver/data/output/field_inversion/Beta_e/u_imp_1/FI_run_liquidLike_u_imp_1_k_imp_0_e_imp_1/FI_run_liquidLike_u_imp_1_k_imp_0_e_imp_1_state_iter_2000.dat
iter:   2100 (Jcost: 3.627995e-03) (lr = 5.136e-01) (elapsed time: 1807.219) (secs/iter:  0.815) (n_accepted: 79%) (u_error:  1.128606 %) (beta_change:  5.008047 %) (delta_change:  0.191731 %) (delta_peak/R:  0.991044 %)
iter:   2200 (Jcost: 3.627646e-03) (lr = 1.058e+00) (elapsed time: 1887.053) (secs/iter:  0.798) (n_accepted: 80%) (u_error:  1.128799 %) (beta_change:  5.092968 %) (delta_change:  0.191959 %) (delta_peak/R:  0.990920 %)
iter:   2300 (Jcost: 3.627328e-03) (lr = 3.784e-01) (elapsed time: 1959.448) (secs/iter:  0.724) (n_accepted: 78%) (u_error:  1.128883 %) (beta_change:  5.170753 %) (delta_change:  0.192179 %) (delta_peak/R:  0.990856 %)
iter:   2400 (Jcost: 3.627013e-03) (lr = 7.796e-01) (elapsed time: 2024.247) (secs/iter:  0.648) (n_accepted: 80%) (u_error:  1.128770 %) (beta_change:  5.247748 %) (delta_change:  0.192422 %) (delta_peak/R:  0.990897 %)
iter:   2500 (Jcost: 3.626694e-03) (lr = 1.606e+00) (elapsed time: 2095.332) (secs/iter:  0.711) (n_accepted: 80%) (u_error:  1.128616 %) (beta_change:  5.325445 %) (delta_change:  0.192673 %) (delta_peak/R:  0.990961 %)
-> Saved file: /media/rafael/DATA/Dropbox/20220924_FIML_solver/data/output/field_inversion/Beta_e/u_imp_1/FI_run_liquidLike_u_imp_1_k_imp_0_e_imp_1/FI_run_liquidLike_u_imp_1_k_imp_0_e_imp_1_state_iter_2500.dat
iter:   2600 (Jcost: 3.626431e-03) (lr = 2.394e-01) (elapsed time: 2178.509) (secs/iter:  0.832) (n_accepted: 77%) (u_error:  1.129031 %) (beta_change:  5.389881 %) (delta_change:  0.192824 %) (delta_peak/R:  0.990727 %)
iter:   2700 (Jcost: 3.626148e-03) (lr = 4.931e-01) (elapsed time: 2258.068) (secs/iter:  0.796) (n_accepted: 80%) (u_error:  1.128523 %) (beta_change:  5.457228 %) (delta_change:  0.193089 %) (delta_peak/R:  0.990980 %)
iter:   2800 (Jcost: 3.625892e-03) (lr = 4.233e-01) (elapsed time: 2348.452) (secs/iter:  0.904) (n_accepted: 79%) (u_error:  1.128849 %) (beta_change:  5.519453 %) (delta_change:  0.193248 %) (delta_peak/R:  0.990794 %)
iter:   2900 (Jcost: 3.625675e-03) (lr = 3.633e-01) (elapsed time: 2456.439) (secs/iter:  1.080) (n_accepted: 79%) (u_error:  1.128455 %) (beta_change:  5.570368 %) (delta_change:  0.193454 %) (delta_peak/R:  0.990990 %)
iter:   3000 (Jcost: 3.625444e-03) (lr = 7.485e-01) (elapsed time: 2552.591) (secs/iter:  0.962) (n_accepted: 80%) (u_error:  1.128123 %) (beta_change:  5.625243 %) (delta_change:  0.193668 %) (delta_peak/R:  0.991153 %)
-> Saved file: /media/rafael/DATA/Dropbox/20220924_FIML_solver/data/output/field_inversion/Beta_e/u_imp_1/FI_run_liquidLike_u_imp_1_k_imp_0_e_imp_1/FI_run_liquidLike_u_imp_1_k_imp_0_e_imp_1_state_iter_3000.dat
iter:   3100 (Jcost: 3.625231e-03) (lr = 1.542e+00) (elapsed time: 2665.411) (secs/iter:  1.128) (n_accepted: 80%) (u_error:  1.128328 %) (beta_change:  5.674913 %) (delta_change:  0.193808 %) (delta_peak/R:  0.991032 %)
iter:   3200 (Jcost: 3.625001e-03) (lr = 3.177e+00) (elapsed time: 2763.023) (secs/iter:  0.976) (n_accepted: 80%) (u_error:  1.128173 %) (beta_change:  5.749017 %) (delta_change:  0.194003 %) (delta_peak/R:  0.991101 %)
iter:   3300 (Jcost: 3.624801e-03) (lr = 1.973e-01) (elapsed time: 2865.288) (secs/iter:  1.023) (n_accepted: 76%) (u_error:  1.128191 %) (beta_change:  5.814846 %) (delta_change:  0.194157 %) (delta_peak/R:  0.991079 %)
iter:   3400 (Jcost: 3.624615e-03) (lr = 2.341e+00) (elapsed time: 2963.393) (secs/iter:  0.981) (n_accepted: 82%) (u_error:  1.128207 %) (beta_change:  5.876461 %) (delta_change:  0.194301 %) (delta_peak/R:  0.991059 %)
iter:   3500 (Jcost: 3.624448e-03) (lr = 8.373e-01) (elapsed time: 3051.195) (secs/iter:  0.878) (n_accepted: 78%) (u_error:  1.127898 %) (beta_change:  5.932132 %) (delta_change:  0.194467 %) (delta_peak/R:  0.991211 %)
-> Saved file: /media/rafael/DATA/Dropbox/20220924_FIML_solver/data/output/field_inversion/Beta_e/u_imp_1/FI_run_liquidLike_u_imp_1_k_imp_0_e_imp_1/FI_run_liquidLike_u_imp_1_k_imp_0_e_imp_1_state_iter_3500.dat
iter:   3600 (Jcost: 3.624297e-03) (lr = 7.187e-01) (elapsed time: 3159.280) (secs/iter:  1.081) (n_accepted: 79%) (u_error:  1.128054 %) (beta_change:  6.002647 %) (delta_change:  0.194569 %) (delta_peak/R:  0.991118 %)
iter:   3700 (Jcost: 3.624117e-03) (lr = 6.170e-01) (elapsed time: 3260.241) (secs/iter:  1.010) (n_accepted: 79%) (u_error:  1.128210 %) (beta_change:  6.104169 %) (delta_change:  0.194695 %) (delta_peak/R:  0.991023 %)
iter:   3800 (Jcost: 3.623968e-03) (lr = 5.296e-01) (elapsed time: 3364.396) (secs/iter:  1.042) (n_accepted: 79%) (u_error:  1.127722 %) (beta_change:  6.191225 %) (delta_change:  0.194869 %) (delta_peak/R:  0.991270 %)
iter:   3900 (Jcost: 3.623821e-03) (lr = 4.546e-01) (elapsed time: 3467.155) (secs/iter:  1.028) (n_accepted: 79%) (u_error:  1.128323 %) (beta_change:  6.278744 %) (delta_change:  0.194921 %) (delta_peak/R:  0.990941 %)
iter:   4000 (Jcost: 3.623686e-03) (lr = 9.365e-01) (elapsed time: 3563.562) (secs/iter:  0.964) (n_accepted: 80%) (u_error:  1.127719 %) (beta_change:  6.359415 %) (delta_change:  0.195095 %) (delta_peak/R:  0.991249 %)
-> Saved file: /media/rafael/DATA/Dropbox/20220924_FIML_solver/data/output/field_inversion/Beta_e/u_imp_1/FI_run_liquidLike_u_imp_1_k_imp_0_e_imp_1/FI_run_liquidLike_u_imp_1_k_imp_0_e_imp_1_state_iter_4000.dat
iter:   4100 (Jcost: 3.623549e-03) (lr = 8.039e-01) (elapsed time: 3645.852) (secs/iter:  0.823) (n_accepted: 79%) (u_error:  1.127682 %) (beta_change:  6.443630 %) (delta_change:  0.195209 %) (delta_peak/R:  0.991257 %)
iter:   4200 (Jcost: 3.623415e-03) (lr = 2.875e-01) (elapsed time: 3722.963) (secs/iter:  0.771) (n_accepted: 78%) (u_error:  1.127990 %) (beta_change:  6.528196 %) (delta_change:  0.195283 %) (delta_peak/R:  0.991082 %)
iter:   4300 (Jcost: 3.623294e-03) (lr = 5.924e-01) (elapsed time: 3788.540) (secs/iter:  0.656) (n_accepted: 80%) (u_error:  1.127813 %) (beta_change:  6.605727 %) (delta_change:  0.195400 %) (delta_peak/R:  0.991165 %)
iter:   4400 (Jcost: 3.623176e-03) (lr = 1.220e+00) (elapsed time: 3851.942) (secs/iter:  0.634) (n_accepted: 80%) (u_error:  1.127772 %) (beta_change:  6.683389 %) (delta_change:  0.195500 %) (delta_peak/R:  0.991175 %)
iter:   4500 (Jcost: 3.623068e-03) (lr = 4.365e-01) (elapsed time: 3931.070) (secs/iter:  0.791) (n_accepted: 78%) (u_error:  1.127737 %) (beta_change:  6.755973 %) (delta_change:  0.195592 %) (delta_peak/R:  0.991183 %)
-> Saved file: /media/rafael/DATA/Dropbox/20220924_FIML_solver/data/output/field_inversion/Beta_e/u_imp_1/FI_run_liquidLike_u_imp_1_k_imp_0_e_imp_1/FI_run_liquidLike_u_imp_1_k_imp_0_e_imp_1_state_iter_4500.dat
iter:   4600 (Jcost: 3.622952e-03) (lr = 3.747e-01) (elapsed time: 4018.770) (secs/iter:  0.877) (n_accepted: 79%) (u_error:  1.127536 %) (beta_change:  6.835840 %) (delta_change:  0.195709 %) (delta_peak/R:  0.991277 %)
iter:   4700 (Jcost: 3.622843e-03) (lr = 4.446e+00) (elapsed time: 4095.358) (secs/iter:  0.766) (n_accepted: 82%) (u_error:  1.127649 %) (beta_change:  6.911692 %) (delta_change:  0.195785 %) (delta_peak/R:  0.991206 %)
iter:   4800 (Jcost: 3.622735e-03) (lr = 6.626e-01) (elapsed time: 4167.379) (secs/iter:  0.720) (n_accepted: 77%) (u_error:  1.127364 %) (beta_change:  6.989209 %) (delta_change:  0.195905 %) (delta_peak/R:  0.991344 %)
iter:   4900 (Jcost: 3.622641e-03) (lr = 5.688e-01) (elapsed time: 4243.891) (secs/iter:  0.765) (n_accepted: 79%) (u_error:  1.127640 %) (beta_change:  7.056584 %) (delta_change:  0.195950 %) (delta_peak/R:  0.991187 %)
iter:   5000 (Jcost: 3.622548e-03) (lr = 4.882e-01) (elapsed time: 4324.243) (secs/iter:  0.804) (n_accepted: 79%) (u_error:  1.127917 %) (beta_change:  7.126257 %) (delta_change:  0.195996 %) (delta_peak/R:  0.991030 %)
-> Saved file: /media/rafael/DATA/Dropbox/20220924_FIML_solver/data/output/field_inversion/Beta_e/u_imp_1/FI_run_liquidLike_u_imp_1_k_imp_0_e_imp_1/FI_run_liquidLike_u_imp_1_k_imp_0_e_imp_1_state_iter_5000.dat
iter:   5100 (Jcost: 3.622461e-03) (lr = 1.006e+00) (elapsed time: 4409.351) (secs/iter:  0.851) (n_accepted: 80%) (u_error:  1.127545 %) (beta_change:  7.189875 %) (delta_change:  0.196106 %) (delta_peak/R:  0.991215 %)
iter:   5200 (Jcost: 3.622386e-03) (lr = 8.634e-01) (elapsed time: 4488.333) (secs/iter:  0.790) (n_accepted: 79%) (u_error:  1.127549 %) (beta_change:  7.246774 %) (delta_change:  0.196166 %) (delta_peak/R:  0.991204 %)
iter:   5300 (Jcost: 3.622291e-03) (lr = 7.411e-01) (elapsed time: 4570.405) (secs/iter:  0.821) (n_accepted: 79%) (u_error:  1.127520 %) (beta_change:  7.320545 %) (delta_change:  0.196247 %) (delta_peak/R:  0.991206 %)
iter:   5400 (Jcost: 3.622214e-03) (lr = 2.651e-01) (elapsed time: 4651.505) (secs/iter:  0.811) (n_accepted: 78%) (u_error:  1.127484 %) (beta_change:  7.380963 %) (delta_change:  0.196313 %) (delta_peak/R:  0.991215 %)
iter:   5500 (Jcost: 3.622140e-03) (lr = 1.311e+00) (elapsed time: 4726.427) (secs/iter:  0.749) (n_accepted: 81%) (u_error:  1.127480 %) (beta_change:  7.439797 %) (delta_change:  0.196372 %) (delta_peak/R:  0.991206 %)
-> Saved file: /media/rafael/DATA/Dropbox/20220924_FIML_solver/data/output/field_inversion/Beta_e/u_imp_1/FI_run_liquidLike_u_imp_1_k_imp_0_e_imp_1/FI_run_liquidLike_u_imp_1_k_imp_0_e_imp_1_state_iter_5500.dat
iter:   5600 (Jcost: 3.622063e-03) (lr = 4.688e-01) (elapsed time: 4780.452) (secs/iter:  0.540) (n_accepted: 78%) (u_error:  1.127503 %) (beta_change:  7.502550 %) (delta_change:  0.196432 %) (delta_peak/R:  0.991183 %)
iter:   5700 (Jcost: 3.621993e-03) (lr = 1.677e-01) (elapsed time: 4855.228) (secs/iter:  0.748) (n_accepted: 78%) (u_error:  1.127283 %) (beta_change:  7.559994 %) (delta_change:  0.196512 %) (delta_peak/R:  0.991289 %)
iter:   5800 (Jcost: 3.621930e-03) (lr = 8.290e-01) (elapsed time: 4933.005) (secs/iter:  0.778) (n_accepted: 81%) (u_error:  1.127417 %) (beta_change:  7.612367 %) (delta_change:  0.196548 %) (delta_peak/R:  0.991209 %)
iter:   5900 (Jcost: 3.621860e-03) (lr = 2.965e-01) (elapsed time: 5008.714) (secs/iter:  0.757) (n_accepted: 78%) (u_error:  1.127400 %) (beta_change:  7.671091 %) (delta_change:  0.196605 %) (delta_peak/R:  0.991207 %)
iter:   6000 (Jcost: 3.621792e-03) (lr = 2.545e-01) (elapsed time: 5084.377) (secs/iter:  0.757) (n_accepted: 79%) (u_error:  1.127351 %) (beta_change:  7.728722 %) (delta_change:  0.196664 %) (delta_peak/R:  0.991222 %)
-> Saved file: /media/rafael/DATA/Dropbox/20220924_FIML_solver/data/output/field_inversion/Beta_e/u_imp_1/FI_run_liquidLike_u_imp_1_k_imp_0_e_imp_1/FI_run_liquidLike_u_imp_1_k_imp_0_e_imp_1_state_iter_6000.dat
iter:   6100 (Jcost: 3.621731e-03) (lr = 5.244e-01) (elapsed time: 5146.649) (secs/iter:  0.623) (n_accepted: 80%) (u_error:  1.127364 %) (beta_change:  7.781499 %) (delta_change:  0.196711 %) (delta_peak/R:  0.991205 %)
iter:   6200 (Jcost: 3.621667e-03) (lr = 4.501e-01) (elapsed time: 5222.184) (secs/iter:  0.755) (n_accepted: 79%) (u_error:  1.127344 %) (beta_change:  7.837913 %) (delta_change:  0.196764 %) (delta_peak/R:  0.991204 %)
iter:   6300 (Jcost: 3.621608e-03) (lr = 2.225e+00) (elapsed time: 5289.227) (secs/iter:  0.670) (n_accepted: 81%) (u_error:  1.127335 %) (beta_change:  7.890264 %) (delta_change:  0.196811 %) (delta_peak/R:  0.991199 %)
iter:   6400 (Jcost: 3.621554e-03) (lr = 3.317e-01) (elapsed time: 5365.994) (secs/iter:  0.768) (n_accepted: 77%) (u_error:  1.127316 %) (beta_change:  7.938648 %) (delta_change:  0.196855 %) (delta_peak/R:  0.991199 %)
iter:   6500 (Jcost: 3.621495e-03) (lr = 2.847e-01) (elapsed time: 5439.513) (secs/iter:  0.735) (n_accepted: 79%) (u_error:  1.127582 %) (beta_change:  7.993608 %) (delta_change:  0.196872 %) (delta_peak/R:  0.991047 %)
-> Saved file: /media/rafael/DATA/Dropbox/20220924_FIML_solver/data/output/field_inversion/Beta_e/u_imp_1/FI_run_liquidLike_u_imp_1_k_imp_0_e_imp_1/FI_run_liquidLike_u_imp_1_k_imp_0_e_imp_1_state_iter_6500.dat
iter:   6600 (Jcost: 3.621444e-03) (lr = 5.865e-01) (elapsed time: 5517.608) (secs/iter:  0.781) (n_accepted: 80%) (u_error:  1.127294 %) (beta_change:  8.038660 %) (delta_change:  0.196942 %) (delta_peak/R:  0.991190 %)
iter:   6700 (Jcost: 3.621389e-03) (lr = 1.208e+00) (elapsed time: 5583.715) (secs/iter:  0.661) (n_accepted: 80%) (u_error:  1.127277 %) (beta_change:  8.089811 %) (delta_change:  0.196986 %) (delta_peak/R:  0.991189 %)
iter:   6800 (Jcost: 3.621336e-03) (lr = 4.322e-01) (elapsed time: 5664.768) (secs/iter:  0.811) (n_accepted: 78%) (u_error:  1.127370 %) (beta_change:  8.139320 %) (delta_change:  0.197015 %) (delta_peak/R:  0.991130 %)
iter:   6900 (Jcost: 3.621286e-03) (lr = 8.903e-01) (elapsed time: 5740.177) (secs/iter:  0.754) (n_accepted: 80%) (u_error:  1.127358 %) (beta_change:  8.186242 %) (delta_change:  0.197054 %) (delta_peak/R:  0.991126 %)
iter:   7000 (Jcost: 3.621240e-03) (lr = 7.643e-01) (elapsed time: 5820.090) (secs/iter:  0.799) (n_accepted: 79%) (u_error:  1.127193 %) (beta_change:  8.230196 %) (delta_change:  0.197107 %) (delta_peak/R:  0.991204 %)
-> Saved file: /media/rafael/DATA/Dropbox/20220924_FIML_solver/data/output/field_inversion/Beta_e/u_imp_1/FI_run_liquidLike_u_imp_1_k_imp_0_e_imp_1/FI_run_liquidLike_u_imp_1_k_imp_0_e_imp_1_state_iter_7000.dat
iter:   7100 (Jcost: 3.621193e-03) (lr = 2.733e-01) (elapsed time: 5897.335) (secs/iter:  0.772) (n_accepted: 78%) (u_error:  1.127492 %) (beta_change:  8.276354 %) (delta_change:  0.197109 %) (delta_peak/R:  0.991036 %)
iter:   7200 (Jcost: 3.621145e-03) (lr = 2.346e-01) (elapsed time: 5964.079) (secs/iter:  0.667) (n_accepted: 79%) (u_error:  1.127250 %) (beta_change:  8.321437 %) (delta_change:  0.197170 %) (delta_peak/R:  0.991154 %)
iter:   7300 (Jcost: 3.621103e-03) (lr = 4.834e-01) (elapsed time: 6038.564) (secs/iter:  0.745) (n_accepted: 80%) (u_error:  1.127172 %) (beta_change:  8.362613 %) (delta_change:  0.197209 %) (delta_peak/R:  0.991186 %)
iter:   7400 (Jcost: 3.621062e-03) (lr = 9.959e-01) (elapsed time: 6117.360) (secs/iter:  0.788) (n_accepted: 80%) (u_error:  1.127181 %) (beta_change:  8.403024 %) (delta_change:  0.197238 %) (delta_peak/R:  0.991172 %)
iter:   7500 (Jcost: 3.621015e-03) (lr = 2.052e+00) (elapsed time: 6189.072) (secs/iter:  0.717) (n_accepted: 80%) (u_error:  1.127177 %) (beta_change:  8.448851 %) (delta_change:  0.197272 %) (delta_peak/R:  0.991164 %)
-> Saved file: /media/rafael/DATA/Dropbox/20220924_FIML_solver/data/output/field_inversion/Beta_e/u_imp_1/FI_run_liquidLike_u_imp_1_k_imp_0_e_imp_1/FI_run_liquidLike_u_imp_1_k_imp_0_e_imp_1_state_iter_7500.dat
iter:   7600 (Jcost: 3.620973e-03) (lr = 7.338e-01) (elapsed time: 6269.603) (secs/iter:  0.805) (n_accepted: 78%) (u_error:  1.127202 %) (beta_change:  8.491092 %) (delta_change:  0.197299 %) (delta_peak/R:  0.991141 %)
iter:   7700 (Jcost: 3.620930e-03) (lr = 3.628e+00) (elapsed time: 6318.429) (secs/iter:  0.488) (n_accepted: 81%) (u_error:  1.127178 %) (beta_change:  8.534088 %) (delta_change:  0.197331 %) (delta_peak/R:  0.991144 %)
iter:   7800 (Jcost: 3.620889e-03) (lr = 5.407e-01) (elapsed time: 6357.814) (secs/iter:  0.394) (n_accepted: 77%) (u_error:  1.126986 %) (beta_change:  8.576560 %) (delta_change:  0.197381 %) (delta_peak/R:  0.991236 %)
iter:   7900 (Jcost: 3.620853e-03) (lr = 1.114e+00) (elapsed time: 6403.375) (secs/iter:  0.456) (n_accepted: 80%) (u_error:  1.127062 %) (beta_change:  8.617751 %) (delta_change:  0.197397 %) (delta_peak/R:  0.991187 %)
iter:   8000 (Jcost: 3.620817e-03) (lr = 9.562e-01) (elapsed time: 6448.940) (secs/iter:  0.456) (n_accepted: 79%) (u_error:  1.127108 %) (beta_change:  8.660050 %) (delta_change:  0.197417 %) (delta_peak/R:  0.991154 %)
-> Saved file: /media/rafael/DATA/Dropbox/20220924_FIML_solver/data/output/field_inversion/Beta_e/u_imp_1/FI_run_liquidLike_u_imp_1_k_imp_0_e_imp_1/FI_run_liquidLike_u_imp_1_k_imp_0_e_imp_1_state_iter_8000.dat
iter:   8100 (Jcost: 3.620779e-03) (lr = 8.208e-01) (elapsed time: 6523.011) (secs/iter:  0.741) (n_accepted: 79%) (u_error:  1.127055 %) (beta_change:  8.704088 %) (delta_change:  0.197448 %) (delta_peak/R:  0.991174 %)
iter:   8200 (Jcost: 3.620744e-03) (lr = 7.046e-01) (elapsed time: 6596.275) (secs/iter:  0.733) (n_accepted: 79%) (u_error:  1.127027 %) (beta_change:  8.745712 %) (delta_change:  0.197474 %) (delta_peak/R:  0.991180 %)
iter:   8300 (Jcost: 3.620710e-03) (lr = 6.048e-01) (elapsed time: 6666.074) (secs/iter:  0.698) (n_accepted: 79%) (u_error:  1.127231 %) (beta_change:  8.787229 %) (delta_change:  0.197474 %) (delta_peak/R:  0.991063 %)
iter:   8400 (Jcost: 3.620676e-03) (lr = 5.192e-01) (elapsed time: 6740.127) (secs/iter:  0.741) (n_accepted: 79%) (u_error:  1.127086 %) (beta_change:  8.826646 %) (delta_change:  0.197512 %) (delta_peak/R:  0.991131 %)
iter:   8500 (Jcost: 3.620643e-03) (lr = 4.456e-01) (elapsed time: 6812.140) (secs/iter:  0.720) (n_accepted: 79%) (u_error:  1.126857 %) (beta_change:  8.867702 %) (delta_change:  0.197558 %) (delta_peak/R:  0.991243 %)
-> Saved file: /media/rafael/DATA/Dropbox/20220924_FIML_solver/data/output/field_inversion/Beta_e/u_imp_1/FI_run_liquidLike_u_imp_1_k_imp_0_e_imp_1/FI_run_liquidLike_u_imp_1_k_imp_0_e_imp_1_state_iter_8500.dat
iter:   8600 (Jcost: 3.620609e-03) (lr = 2.203e+00) (elapsed time: 6886.533) (secs/iter:  0.744) (n_accepted: 81%) (u_error:  1.127066 %) (beta_change:  8.908447 %) (delta_change:  0.197557 %) (delta_peak/R:  0.991125 %)
iter:   8700 (Jcost: 3.620573e-03) (lr = 3.284e-01) (elapsed time: 6957.485) (secs/iter:  0.710) (n_accepted: 77%) (u_error:  1.127163 %) (beta_change:  8.952421 %) (delta_change:  0.197568 %) (delta_peak/R:  0.991064 %)
iter:   8800 (Jcost: 3.620541e-03) (lr = 2.819e-01) (elapsed time: 7028.822) (secs/iter:  0.713) (n_accepted: 79%) (u_error:  1.126992 %) (beta_change:  8.992706 %) (delta_change:  0.197607 %) (delta_peak/R:  0.991146 %)
iter:   8900 (Jcost: 3.620510e-03) (lr = 1.394e+00) (elapsed time: 7101.826) (secs/iter:  0.730) (n_accepted: 81%) (u_error:  1.127049 %) (beta_change:  9.030585 %) (delta_change:  0.197619 %) (delta_peak/R:  0.991108 %)
iter:   9000 (Jcost: 3.620476e-03) (lr = 1.196e+00) (elapsed time: 7177.140) (secs/iter:  0.753) (n_accepted: 79%) (u_error:  1.127103 %) (beta_change:  9.072631 %) (delta_change:  0.197633 %) (delta_peak/R:  0.991070 %)
-> Saved file: /media/rafael/DATA/Dropbox/20220924_FIML_solver/data/output/field_inversion/Beta_e/u_imp_1/FI_run_liquidLike_u_imp_1_k_imp_0_e_imp_1/FI_run_liquidLike_u_imp_1_k_imp_0_e_imp_1_state_iter_9000.dat
iter:   9100 (Jcost: 3.620447e-03) (lr = 2.465e+00) (elapsed time: 7253.376) (secs/iter:  0.762) (n_accepted: 80%) (u_error:  1.126995 %) (beta_change:  9.108888 %) (delta_change:  0.197662 %) (delta_peak/R:  0.991119 %)
iter:   9200 (Jcost: 3.620418e-03) (lr = 8.815e-01) (elapsed time: 7325.928) (secs/iter:  0.726) (n_accepted: 78%) (u_error:  1.127006 %) (beta_change:  9.145489 %) (delta_change:  0.197678 %) (delta_peak/R:  0.991105 %)
iter:   9300 (Jcost: 3.620390e-03) (lr = 3.153e-01) (elapsed time: 7397.373) (secs/iter:  0.714) (n_accepted: 78%) (u_error:  1.127230 %) (beta_change:  9.181805 %) (delta_change:  0.197669 %) (delta_peak/R:  0.990979 %)
iter:   9400 (Jcost: 3.620361e-03) (lr = 2.706e-01) (elapsed time: 7459.446) (secs/iter:  0.621) (n_accepted: 79%) (u_error:  1.127061 %) (beta_change:  9.218445 %) (delta_change:  0.197704 %) (delta_peak/R:  0.991060 %)
iter:   9500 (Jcost: 3.620332e-03) (lr = 2.323e-01) (elapsed time: 7536.415) (secs/iter:  0.770) (n_accepted: 79%) (u_error:  1.126870 %) (beta_change:  9.255395 %) (delta_change:  0.197741 %) (delta_peak/R:  0.991152 %)
-> Saved file: /media/rafael/DATA/Dropbox/20220924_FIML_solver/data/output/field_inversion/Beta_e/u_imp_1/FI_run_liquidLike_u_imp_1_k_imp_0_e_imp_1/FI_run_liquidLike_u_imp_1_k_imp_0_e_imp_1_state_iter_9500.dat
iter:   9600 (Jcost: 3.620303e-03) (lr = 4.786e-01) (elapsed time: 7613.635) (secs/iter:  0.772) (n_accepted: 80%) (u_error:  1.127104 %) (beta_change:  9.291876 %) (delta_change:  0.197731 %) (delta_peak/R:  0.991021 %)
iter:   9700 (Jcost: 3.620273e-03) (lr = 2.366e+00) (elapsed time: 7680.805) (secs/iter:  0.672) (n_accepted: 81%) (u_error:  1.126938 %) (beta_change:  9.330176 %) (delta_change:  0.197765 %) (delta_peak/R:  0.991100 %)
iter:   9800 (Jcost: 3.620248e-03) (lr = 8.464e-01) (elapsed time: 7758.187) (secs/iter:  0.774) (n_accepted: 78%) (u_error:  1.126970 %) (beta_change:  9.362868 %) (delta_change:  0.197775 %) (delta_peak/R:  0.991075 %)
iter:   9900 (Jcost: 3.620219e-03) (lr = 1.744e+00) (elapsed time: 7820.685) (secs/iter:  0.625) (n_accepted: 80%) (u_error:  1.126985 %) (beta_change:  9.399050 %) (delta_change:  0.197787 %) (delta_peak/R:  0.991059 %)
iter:  10000 (Jcost: 3.620195e-03) (lr = 6.237e-01) (elapsed time: 7893.333) (secs/iter:  0.726) (n_accepted: 78%) (u_error:  1.127130 %) (beta_change:  9.431713 %) (delta_change:  0.197784 %) (delta_peak/R:  0.990976 %)
-> Saved file: /media/rafael/DATA/Dropbox/20220924_FIML_solver/data/output/field_inversion/Beta_e/u_imp_1/FI_run_liquidLike_u_imp_1_k_imp_0_e_imp_1/FI_run_liquidLike_u_imp_1_k_imp_0_e_imp_1_state_iter_10000.dat
iter:  10100 (Jcost: 3.620169e-03) (lr = 1.285e+00) (elapsed time: 7974.725) (secs/iter:  0.814) (n_accepted: 80%) (u_error:  1.127036 %) (beta_change:  9.464179 %) (delta_change:  0.197807 %) (delta_peak/R:  0.991018 %)
iter:  10200 (Jcost: 3.620143e-03) (lr = 2.647e+00) (elapsed time: 8047.840) (secs/iter:  0.731) (n_accepted: 80%) (u_error:  1.126945 %) (beta_change:  9.498155 %) (delta_change:  0.197830 %) (delta_peak/R:  0.991058 %)
iter:  10300 (Jcost: 3.620118e-03) (lr = 3.945e-01) (elapsed time: 8124.023) (secs/iter:  0.762) (n_accepted: 77%) (u_error:  1.127054 %) (beta_change:  9.530624 %) (delta_change:  0.197829 %) (delta_peak/R:  0.990993 %)
iter:  10400 (Jcost: 3.620092e-03) (lr = 3.386e-01) (elapsed time: 8193.601) (secs/iter:  0.696) (n_accepted: 79%) (u_error:  1.127001 %) (beta_change:  9.564189 %) (delta_change:  0.197847 %) (delta_peak/R:  0.991013 %)
iter:  10500 (Jcost: 3.620069e-03) (lr = 1.674e+00) (elapsed time: 8260.826) (secs/iter:  0.672) (n_accepted: 81%) (u_error:  1.126899 %) (beta_change:  9.594023 %) (delta_change:  0.197869 %) (delta_peak/R:  0.991060 %)
-> Saved file: /media/rafael/DATA/Dropbox/20220924_FIML_solver/data/output/field_inversion/Beta_e/u_imp_1/FI_run_liquidLike_u_imp_1_k_imp_0_e_imp_1/FI_run_liquidLike_u_imp_1_k_imp_0_e_imp_1_state_iter_10500.dat
iter:  10600 (Jcost: 3.620047e-03) (lr = 2.495e-01) (elapsed time: 8307.985) (secs/iter:  0.472) (n_accepted: 77%) (u_error:  1.126855 %) (beta_change:  9.622856 %) (delta_change:  0.197884 %) (delta_peak/R:  0.991076 %)
iter:  10700 (Jcost: 3.620023e-03) (lr = 5.140e-01) (elapsed time: 8378.130) (secs/iter:  0.701) (n_accepted: 80%) (u_error:  1.126793 %) (beta_change:  9.653738 %) (delta_change:  0.197901 %) (delta_peak/R:  0.991101 %)
iter:  10800 (Jcost: 3.620001e-03) (lr = 1.059e+00) (elapsed time: 8454.198) (secs/iter:  0.761) (n_accepted: 80%) (u_error:  1.126924 %) (beta_change:  9.682667 %) (delta_change:  0.197896 %) (delta_peak/R:  0.991026 %)
iter:  10900 (Jcost: 3.619978e-03) (lr = 2.182e+00) (elapsed time: 8527.149) (secs/iter:  0.730) (n_accepted: 80%) (u_error:  1.126958 %) (beta_change:  9.712120 %) (delta_change:  0.197902 %) (delta_peak/R:  0.991001 %)
iter:  11000 (Jcost: 3.619956e-03) (lr = 3.251e-01) (elapsed time: 8596.736) (secs/iter:  0.696) (n_accepted: 77%) (u_error:  1.126913 %) (beta_change:  9.739949 %) (delta_change:  0.197916 %) (delta_peak/R:  0.991018 %)
-> Saved file: /media/rafael/DATA/Dropbox/20220924_FIML_solver/data/output/field_inversion/Beta_e/u_imp_1/FI_run_liquidLike_u_imp_1_k_imp_0_e_imp_1/FI_run_liquidLike_u_imp_1_k_imp_0_e_imp_1_state_iter_11000.dat
iter:  11100 (Jcost: 3.619935e-03) (lr = 1.608e+00) (elapsed time: 8673.105) (secs/iter:  0.764) (n_accepted: 81%) (u_error:  1.126906 %) (beta_change:  9.768305 %) (delta_change:  0.197926 %) (delta_peak/R:  0.991015 %)
iter:  11200 (Jcost: 3.619912e-03) (lr = 5.750e-01) (elapsed time: 8745.272) (secs/iter:  0.722) (n_accepted: 78%) (u_error:  1.126866 %) (beta_change:  9.797024 %) (delta_change:  0.197939 %) (delta_peak/R:  0.991028 %)
iter:  11300 (Jcost: 3.619889e-03) (lr = 2.056e-01) (elapsed time: 8813.399) (secs/iter:  0.681) (n_accepted: 78%) (u_error:  1.126895 %) (beta_change:  9.827008 %) (delta_change:  0.197945 %) (delta_peak/R:  0.991006 %)
iter:  11400 (Jcost: 3.619868e-03) (lr = 1.017e+00) (elapsed time: 8879.792) (secs/iter:  0.664) (n_accepted: 81%) (u_error:  1.126894 %) (beta_change:  9.854940 %) (delta_change:  0.197953 %) (delta_peak/R:  0.991000 %)
iter:  11500 (Jcost: 3.619845e-03) (lr = 8.728e-01) (elapsed time: 8950.567) (secs/iter:  0.708) (n_accepted: 79%) (u_error:  1.126887 %) (beta_change:  9.883868 %) (delta_change:  0.197962 %) (delta_peak/R:  0.990996 %)
-> Saved file: /media/rafael/DATA/Dropbox/20220924_FIML_solver/data/output/field_inversion/Beta_e/u_imp_1/FI_run_liquidLike_u_imp_1_k_imp_0_e_imp_1/FI_run_liquidLike_u_imp_1_k_imp_0_e_imp_1_state_iter_11500.dat
iter:  11600 (Jcost: 3.619824e-03) (lr = 7.492e-01) (elapsed time: 9028.006) (secs/iter:  0.774) (n_accepted: 79%) (u_error:  1.126885 %) (beta_change:  9.911425 %) (delta_change:  0.197970 %) (delta_peak/R:  0.990991 %)
iter:  11700 (Jcost: 3.619803e-03) (lr = 1.543e+00) (elapsed time: 9098.902) (secs/iter:  0.709) (n_accepted: 80%) (u_error:  1.126880 %) (beta_change:  9.938558 %) (delta_change:  0.197978 %) (delta_peak/R:  0.990986 %)
iter:  11800 (Jcost: 3.619779e-03) (lr = 1.325e+00) (elapsed time: 9171.577) (secs/iter:  0.727) (n_accepted: 79%) (u_error:  1.126875 %) (beta_change:  9.968011 %) (delta_change:  0.197986 %) (delta_peak/R:  0.990981 %)
iter:  11900 (Jcost: 3.619759e-03) (lr = 1.137e+00) (elapsed time: 9246.195) (secs/iter:  0.746) (n_accepted: 79%) (u_error:  1.126914 %) (beta_change:  9.994544 %) (delta_change:  0.197989 %) (delta_peak/R:  0.990954 %)
iter:  12000 (Jcost: 3.619739e-03) (lr = 4.068e-01) (elapsed time: 9316.912) (secs/iter:  0.707) (n_accepted: 78%) (u_error:  1.126700 %) (beta_change: 10.020054 %) (delta_change:  0.198019 %) (delta_peak/R:  0.991061 %)
-> Saved file: /media/rafael/DATA/Dropbox/20220924_FIML_solver/data/output/field_inversion/Beta_e/u_imp_1/FI_run_liquidLike_u_imp_1_k_imp_0_e_imp_1/FI_run_liquidLike_u_imp_1_k_imp_0_e_imp_1_state_iter_12000.dat
iter:  12100 (Jcost: 3.619718e-03) (lr = 2.011e+00) (elapsed time: 9390.925) (secs/iter:  0.740) (n_accepted: 81%) (u_error:  1.126830 %) (beta_change: 10.046292 %) (delta_change:  0.198011 %) (delta_peak/R:  0.990985 %)
iter:  12200 (Jcost: 3.619697e-03) (lr = 1.726e+00) (elapsed time: 9462.009) (secs/iter:  0.711) (n_accepted: 79%) (u_error:  1.126838 %) (beta_change: 10.072539 %) (delta_change:  0.198017 %) (delta_peak/R:  0.990974 %)
iter:  12300 (Jcost: 3.619678e-03) (lr = 2.573e-01) (elapsed time: 9537.300) (secs/iter:  0.753) (n_accepted: 77%) (u_error:  1.126821 %) (beta_change: 10.097325 %) (delta_change:  0.198025 %) (delta_peak/R:  0.990977 %)
iter:  12400 (Jcost: 3.619658e-03) (lr = 1.272e+00) (elapsed time: 9611.135) (secs/iter:  0.738) (n_accepted: 81%) (u_error:  1.126862 %) (beta_change: 10.122190 %) (delta_change:  0.198026 %) (delta_peak/R:  0.990949 %)
iter:  12500 (Jcost: 3.619638e-03) (lr = 1.092e+00) (elapsed time: 9684.756) (secs/iter:  0.736) (n_accepted: 79%) (u_error:  1.126739 %) (beta_change: 10.147261 %) (delta_change:  0.198045 %) (delta_peak/R:  0.991007 %)
-> Saved file: /media/rafael/DATA/Dropbox/20220924_FIML_solver/data/output/field_inversion/Beta_e/u_imp_1/FI_run_liquidLike_u_imp_1_k_imp_0_e_imp_1/FI_run_liquidLike_u_imp_1_k_imp_0_e_imp_1_state_iter_12500.dat
iter:  12600 (Jcost: 3.619620e-03) (lr = 3.906e-01) (elapsed time: 9760.333) (secs/iter:  0.756) (n_accepted: 78%) (u_error:  1.126834 %) (beta_change: 10.168874 %) (delta_change:  0.198040 %) (delta_peak/R:  0.990951 %)
iter:  12700 (Jcost: 3.619602e-03) (lr = 1.931e+00) (elapsed time: 9804.662) (secs/iter:  0.443) (n_accepted: 81%) (u_error:  1.126846 %) (beta_change: 10.191933 %) (delta_change:  0.198043 %) (delta_peak/R:  0.990939 %)
iter:  12800 (Jcost: 3.619583e-03) (lr = 6.907e-01) (elapsed time: 9865.768) (secs/iter:  0.611) (n_accepted: 78%) (u_error:  1.126868 %) (beta_change: 10.215305 %) (delta_change:  0.198046 %) (delta_peak/R:  0.990921 %)
iter:  12900 (Jcost: 3.619564e-03) (lr = 1.423e+00) (elapsed time: 9940.300) (secs/iter:  0.745) (n_accepted: 80%) (u_error:  1.126807 %) (beta_change: 10.238741 %) (delta_change:  0.198057 %) (delta_peak/R:  0.990947 %)
iter:  13000 (Jcost: 3.619546e-03) (lr = 1.221e+00) (elapsed time: 10012.516) (secs/iter:  0.722) (n_accepted: 79%) (u_error:  1.126827 %) (beta_change: 10.260189 %) (delta_change:  0.198060 %) (delta_peak/R:  0.990930 %)
-> Saved file: /media/rafael/DATA/Dropbox/20220924_FIML_solver/data/output/field_inversion/Beta_e/u_imp_1/FI_run_liquidLike_u_imp_1_k_imp_0_e_imp_1/FI_run_liquidLike_u_imp_1_k_imp_0_e_imp_1_state_iter_13000.dat
iter:  13100 (Jcost: 3.619528e-03) (lr = 2.516e+00) (elapsed time: 10087.828) (secs/iter:  0.753) (n_accepted: 80%) (u_error:  1.126670 %) (beta_change: 10.283332 %) (delta_change:  0.198082 %) (delta_peak/R:  0.991007 %)
iter:  13200 (Jcost: 3.619508e-03) (lr = 3.750e-01) (elapsed time: 10150.091) (secs/iter:  0.623) (n_accepted: 77%) (u_error:  1.126913 %) (beta_change: 10.306031 %) (delta_change:  0.198059 %) (delta_peak/R:  0.990873 %)
iter:  13300 (Jcost: 3.619489e-03) (lr = 3.219e-01) (elapsed time: 10224.914) (secs/iter:  0.748) (n_accepted: 79%) (u_error:  1.126808 %) (beta_change: 10.329314 %) (delta_change:  0.198075 %) (delta_peak/R:  0.990922 %)
iter:  13400 (Jcost: 3.619469e-03) (lr = 6.632e-01) (elapsed time: 10288.117) (secs/iter:  0.632) (n_accepted: 80%) (u_error:  1.126829 %) (beta_change: 10.352927 %) (delta_change:  0.198077 %) (delta_peak/R:  0.990904 %)
iter:  13500 (Jcost: 3.619451e-03) (lr = 1.366e+00) (elapsed time: 10362.657) (secs/iter:  0.745) (n_accepted: 80%) (u_error:  1.126812 %) (beta_change: 10.375003 %) (delta_change:  0.198083 %) (delta_peak/R:  0.990907 %)
-> Saved file: /media/rafael/DATA/Dropbox/20220924_FIML_solver/data/output/field_inversion/Beta_e/u_imp_1/FI_run_liquidLike_u_imp_1_k_imp_0_e_imp_1/FI_run_liquidLike_u_imp_1_k_imp_0_e_imp_1_state_iter_13500.dat
iter:  13600 (Jcost: 3.619433e-03) (lr = 2.815e+00) (elapsed time: 10437.492) (secs/iter:  0.748) (n_accepted: 80%) (u_error:  1.126760 %) (beta_change: 10.395919 %) (delta_change:  0.198092 %) (delta_peak/R:  0.990929 %)
iter:  13700 (Jcost: 3.619417e-03) (lr = 1.007e+00) (elapsed time: 10501.338) (secs/iter:  0.638) (n_accepted: 78%) (u_error:  1.126807 %) (beta_change: 10.414972 %) (delta_change:  0.198090 %) (delta_peak/R:  0.990898 %)
iter:  13800 (Jcost: 3.619397e-03) (lr = 3.601e-01) (elapsed time: 10565.905) (secs/iter:  0.646) (n_accepted: 78%) (u_error:  1.126764 %) (beta_change: 10.438222 %) (delta_change:  0.198099 %) (delta_peak/R:  0.990914 %)
iter:  13900 (Jcost: 3.619379e-03) (lr = 1.780e+00) (elapsed time: 10637.221) (secs/iter:  0.713) (n_accepted: 81%) (u_error:  1.126875 %) (beta_change: 10.459605 %) (delta_change:  0.198090 %) (delta_peak/R:  0.990850 %)
iter:  14000 (Jcost: 3.619361e-03) (lr = 2.653e-01) (elapsed time: 10713.124) (secs/iter:  0.759) (n_accepted: 77%) (u_error:  1.126768 %) (beta_change: 10.479599 %) (delta_change:  0.198105 %) (delta_peak/R:  0.990900 %)
-> Saved file: /media/rafael/DATA/Dropbox/20220924_FIML_solver/data/output/field_inversion/Beta_e/u_imp_1/FI_run_liquidLike_u_imp_1_k_imp_0_e_imp_1/FI_run_liquidLike_u_imp_1_k_imp_0_e_imp_1_state_iter_14000.dat
iter:  14100 (Jcost: 3.619343e-03) (lr = 5.466e-01) (elapsed time: 10789.839) (secs/iter:  0.767) (n_accepted: 80%) (u_error:  1.126631 %) (beta_change: 10.500866 %) (delta_change:  0.198123 %) (delta_peak/R:  0.990966 %)
iter:  14200 (Jcost: 3.619326e-03) (lr = 2.703e+00) (elapsed time: 10858.819) (secs/iter:  0.690) (n_accepted: 81%) (u_error:  1.126809 %) (beta_change: 10.520691 %) (delta_change:  0.198107 %) (delta_peak/R:  0.990867 %)
iter:  14300 (Jcost: 3.619308e-03) (lr = 4.028e-01) (elapsed time: 10933.876) (secs/iter:  0.751) (n_accepted: 77%) (u_error:  1.126782 %) (beta_change: 10.540519 %) (delta_change:  0.198112 %) (delta_peak/R:  0.990875 %)
iter:  14400 (Jcost: 3.619289e-03) (lr = 8.297e-01) (elapsed time: 11005.150) (secs/iter:  0.713) (n_accepted: 80%) (u_error:  1.126847 %) (beta_change: 10.561817 %) (delta_change:  0.198108 %) (delta_peak/R:  0.990835 %)
iter:  14500 (Jcost: 3.619272e-03) (lr = 1.709e+00) (elapsed time: 11076.883) (secs/iter:  0.717) (n_accepted: 80%) (u_error:  1.126792 %) (beta_change: 10.581265 %) (delta_change:  0.198117 %) (delta_peak/R:  0.990858 %)
-> Saved file: /media/rafael/DATA/Dropbox/20220924_FIML_solver/data/output/field_inversion/Beta_e/u_imp_1/FI_run_liquidLike_u_imp_1_k_imp_0_e_imp_1/FI_run_liquidLike_u_imp_1_k_imp_0_e_imp_1_state_iter_14500.dat
iter:  14600 (Jcost: 3.619254e-03) (lr = 6.114e-01) (elapsed time: 11156.617) (secs/iter:  0.797) (n_accepted: 78%) (u_error:  1.126871 %) (beta_change: 10.600817 %) (delta_change:  0.198111 %) (delta_peak/R:  0.990810 %)
iter:  14700 (Jcost: 3.619236e-03) (lr = 3.023e+00) (elapsed time: 11218.101) (secs/iter:  0.615) (n_accepted: 81%) (u_error:  1.126771 %) (beta_change: 10.620528 %) (delta_change:  0.198124 %) (delta_peak/R:  0.990857 %)
iter:  14800 (Jcost: 3.619218e-03) (lr = 1.081e+00) (elapsed time: 11280.061) (secs/iter:  0.620) (n_accepted: 78%) (u_error:  1.126631 %) (beta_change: 10.641433 %) (delta_change:  0.198142 %) (delta_peak/R:  0.990924 %)
iter:  14900 (Jcost: 3.619202e-03) (lr = 3.867e-01) (elapsed time: 11354.807) (secs/iter:  0.747) (n_accepted: 78%) (u_error:  1.126687 %) (beta_change: 10.658790 %) (delta_change:  0.198138 %) (delta_peak/R:  0.990890 %)
iter:  15000 (Jcost: 3.619183e-03) (lr = 3.319e-01) (elapsed time: 11425.012) (secs/iter:  0.702) (n_accepted: 79%) (u_error:  1.126851 %) (beta_change: 10.679046 %) (delta_change:  0.198122 %) (delta_peak/R:  0.990797 %)
-> Saved file: /media/rafael/DATA/Dropbox/20220924_FIML_solver/data/output/field_inversion/Beta_e/u_imp_1/FI_run_liquidLike_u_imp_1_k_imp_0_e_imp_1/FI_run_liquidLike_u_imp_1_k_imp_0_e_imp_1_state_iter_15000.dat
iter:  15000 (Jcost: 3.619183e-03) (lr = 3.983e-01) (elapsed time: 11430.809) (secs/iter:   None) (n_accepted: 0%) (u_error:  1.126698 %) (beta_change: 10.679174 %) (delta_change:  0.198139 %) (delta_peak/R:  0.990877 %)
