# ------------------------------------------------------------------------
#                  Input Arguments
# ------------------------------------------------------------------------
# Begin_Input_Arguments
{ 'all_b_mode': ['Beta_k'],
  'args_mk_solver': { 'torch': "<module 'torch' from "
                               "'/home/rafael/anaconda3/lib/python3.9/site-packages/torch/__init__.py'>",
                      'y_grid': [0.0, 0.000309700312, 0.000638645973, 0.00098802599, 0.00135910194, 0.00175321227, 0.00217177688, 0.00261630193, 0.00308838486, 0.00358971984, 0.00412210331, 0.00468744001, 0.00528774917, 0.00592517114, 0.00660197432, 0.0073205624, 0.00808348206, 0.00889343092, 0.00975326602, 0.0106660126, 0.0116348733, 0.0126632377, 0.0137546927, 0.0149130326, 0.0161422702, 0.0174466482, 0.0188306506, 0.0202990157, 0.0218567475, 0.02350913, 0.0252617393, 0.0271204584, 0.0290914903, 0.0311813732, 0.033396994, 0.0357456039, 0.0382348325, 0.0408727029, 0.0436676462, 0.0466285159, 0.0497646022, 0.0530856456, 0.0566018496, 0.0603238931, 0.0642629411, 0.068430655, 0.0728392004, 0.0775012535, 0.0824300053, 0.0876391634, 0.0931429507, 0.0989561006, 0.105093849, 0.111571922, 0.118406518, 0.125614286, 0.133212296, 0.141218006, 0.14964922, 0.158524039, 0.167860801, 0.177678022, 0.187994313, 0.1988283, 0.21019853, 0.222123362, 0.234620856, 0.247708641, 0.261403784, 0.275722637, 0.290680679, 0.306292354, 0.322570888, 0.339528108, 0.357174255, 0.375517785, 0.394565175, 0.414320726, 0.43478637, 0.45596148, 0.47784269, 0.500423731, 0.523695275, 0.547644806, 0.572256506, 0.597511177, 0.623386184, 0.649855436, 0.676889401, 0.704455158, 0.73251649, 0.761034018, 0.789965372, 0.819265404, 0.848886442, 0.878778572, 0.908889961, 0.939167201, 0.969555687, 1.0],
                      'Ret': 395,
                      'cp': 1.0,
                      'A_sca_rho': 1.0,
                      'A_sca_mu': 0.002531645569620253,
                      'A_sca_k': 0.002531645569620253,
                      'b_exp_rho': 0,
                      'b_exp_mu': 0,
                      'b_exp_k': 1,
                      'tensor_device': 'cpu',
                      'as_tensor': '<function '
                                   'Build_arguments_fi_run._mk_args_MK_solver.<locals>.<lambda> '
                                   'at 0x7f13b911de50>',
                      'ref_dns': { 'u_dns': [-2.3228473061543783e-17, 0.12120897241779903, 0.24963366406792814, 0.385760173731681, 0.5301255333528029, 0.6833266741602049, 0.8460313269290284, 1.0189912416851359, 1.2030582166782495, 1.399203618414759, 1.6085388882129206, 1.8319530572969307, 2.0695623693917686, 2.3211155109883452, 2.585970977141617, 2.8632261027067893, 3.1532476242156777, 3.4572271435797384, 3.7766726257305394, 4.112559341918521, 4.463387760096723, 4.8263857459200645, 5.198768286231356, 5.581379272325309, 5.976646674886434, 6.385433071405985, 6.80391795522469, 7.226764122253503, 7.649901032905433, 8.06960916465154, 8.484076817316788, 8.893236678585827, 9.297501443687931, 9.69697428359126, 10.085399792471316, 10.456189190588123, 10.812185464645264, 11.154472944678375, 11.480936925568264, 11.791833070674514, 12.087065026602426, 12.366482869153039, 12.631286068106311, 12.882258652224513, 13.119961213604833, 13.344821520768003, 13.55724950045734, 13.757416018856578, 13.945160817811159, 14.122809478312888, 14.291765714683942, 14.451203144215272, 14.6052609086555, 14.751061523193256, 14.89266547364898, 15.03060517580052, 15.164524954518283, 15.296503462671447, 15.426128612080682, 15.555064507950096, 15.681425283622357, 15.808775270276096, 15.93889492077305, 16.07248699672032, 16.20756906049197, 16.343172094909438, 16.478394018957125, 16.613769127562318, 16.747356562706436, 16.87858302596123, 17.00705074357985, 17.129396620705403, 17.24302385796549, 17.354769392618273, 17.46364630261899, 17.57268785519854, 17.690584761998466, 17.81280738056884, 17.93350392042932, 18.04965474747048, 18.168216226397575, 18.29806078650121, 18.436443178830523, 18.572098028257816, 18.696291827371034, 18.816692095672348, 18.938491455943257, 19.05498853637071, 19.164563530877313, 19.27271549358156, 19.378541572407027, 19.482540544845534, 19.578868800024356, 19.667598589698414, 19.748733875035352, 19.823327089409045, 19.88743001161854, 19.937079044774507, 19.97186495343536, 19.984996608927638],
                                   'T_dns': [1.0, 1.0053616812117114, 1.011008037055675, 1.0169543072516554, 1.0232171312660527, 1.029814845276121, 1.0367678550478205, 1.0440991012461307, 1.051834638418602, 1.0600043572743114, 1.068642761163072, 1.0777755042579202, 1.0873989639371429, 1.097495441198948, 1.1080324801302974, 1.1189676786052318, 1.1303044741755737, 1.1420762542523906, 1.1543282410492195, 1.1670880524604208, 1.1802978147596477, 1.193857591040157, 1.2076713429076056, 1.2217779291482673, 1.2362803370445599, 1.2512246971399998, 1.2664773197463968, 1.2818511085259554, 1.2972059646015688, 1.3124186785619993, 1.3274508892615648, 1.3423412400304322, 1.357121654138688, 1.3717933085134166, 1.3861308610679541, 1.399901602133968, 1.4132225807738208, 1.4261315898979405, 1.4385447657053423, 1.4505095490656459, 1.4620137300836884, 1.473016049355302, 1.483564799391626, 1.4936877698219686, 1.5033652877498427, 1.5126035382931544, 1.5214654672490275, 1.5299421860558213, 1.5379834454221615, 1.5456786908520155, 1.553091176361463, 1.560243258714368, 1.5670831095016218, 1.5738679980526182, 1.5804190797409692, 1.5869403253849066, 1.593313431788783, 1.5995443097247084, 1.6056201034843296, 1.6115904262393879, 1.617405104603542, 1.623235825649594, 1.6291052332435587, 1.6347520656392438, 1.6402727404069557, 1.6457886228746768, 1.6514420231729505, 1.65702206379948, 1.6623649131826939, 1.66774718177592, 1.6731423209494598, 1.6784646593025903, 1.6836270638327984, 1.6887240691105778, 1.6936545974920814, 1.6981963553310468, 1.7025832106066034, 1.7070611498979087, 1.7115873253867802, 1.716046245952106, 1.7204119173234318, 1.7248956390280754, 1.7294144040505823, 1.7339467039089398, 1.7384494029589823, 1.742820551049879, 1.746965536244865, 1.7510937752986415, 1.75502012810371, 1.7587726047664902, 1.7621548682637123, 1.7653968796694124, 1.7682873000917791, 1.7708334323930166, 1.7731584138305112, 1.775032114100666, 1.7764126571566647, 1.7773783784858845, 1.7780015264130704, 1.7782529066643402],
                                   'mu_dns': [0.002531645569620253, 0.002531645569620253, 0.002531645569620253, 0.002531645569620253, 0.002531645569620253, 0.002531645569620253, 0.002531645569620253, 0.002531645569620253, 0.002531645569620253, 0.002531645569620253, 0.002531645569620253, 0.002531645569620253, 0.002531645569620253, 0.002531645569620253, 0.002531645569620253, 0.002531645569620253, 0.002531645569620253, 0.002531645569620253, 0.002531645569620253, 0.002531645569620253, 0.002531645569620253, 0.002531645569620253, 0.002531645569620253, 0.002531645569620253, 0.002531645569620253, 0.002531645569620253, 0.002531645569620253, 0.002531645569620253, 0.002531645569620253, 0.002531645569620253, 0.002531645569620253, 0.002531645569620253, 0.002531645569620253, 0.002531645569620253, 0.002531645569620253, 0.002531645569620253, 0.002531645569620253, 0.002531645569620253, 0.002531645569620253, 0.002531645569620253, 0.002531645569620253, 0.002531645569620253, 0.002531645569620253, 0.002531645569620253, 0.002531645569620253, 0.002531645569620253, 0.002531645569620253, 0.002531645569620253, 0.002531645569620253, 0.002531645569620253, 0.002531645569620253, 0.002531645569620253, 0.002531645569620253, 0.002531645569620253, 0.002531645569620253, 0.002531645569620253, 0.002531645569620253, 0.002531645569620253, 0.002531645569620253, 0.002531645569620253, 0.002531645569620253, 0.002531645569620253, 0.002531645569620253, 0.002531645569620253, 0.002531645569620253, 0.002531645569620253, 0.002531645569620253, 0.002531645569620253, 0.002531645569620253, 0.002531645569620253, 0.002531645569620253, 0.002531645569620253, 0.002531645569620253, 0.002531645569620253, 0.002531645569620253, 0.002531645569620253, 0.002531645569620253, 0.002531645569620253, 0.002531645569620253, 0.002531645569620253, 0.002531645569620253, 0.002531645569620253, 0.002531645569620253, 0.002531645569620253, 0.002531645569620253, 0.002531645569620253, 0.002531645569620253, 0.002531645569620253, 0.002531645569620253, 0.002531645569620253, 0.002531645569620253, 0.002531645569620253, 0.002531645569620253, 0.002531645569620253, 0.002531645569620253, 0.002531645569620253, 0.002531645569620253, 0.002531645569620253, 0.002531645569620253, 0.002531645569620253],
                                   'rho_dns': [1.0, 1.0, 1.0, 1.0, 1.0, 1.0, 1.0, 1.0, 1.0, 1.0, 1.0, 1.0, 1.0, 1.0, 1.0, 1.0, 1.0, 1.0, 1.0, 1.0, 1.0, 1.0, 1.0, 1.0, 1.0, 1.0, 1.0, 1.0, 1.0, 1.0, 1.0, 1.0, 1.0, 1.0, 1.0, 1.0, 1.0, 1.0, 1.0, 1.0, 1.0, 1.0, 1.0, 1.0, 1.0, 1.0, 1.0, 1.0, 1.0, 1.0, 1.0, 1.0, 1.0, 1.0, 1.0, 1.0, 1.0, 1.0, 1.0, 1.0, 1.0, 1.0, 1.0, 1.0, 1.0, 1.0, 1.0, 1.0, 1.0, 1.0, 1.0, 1.0, 1.0, 1.0, 1.0, 1.0, 1.0, 1.0, 1.0, 1.0, 1.0, 1.0, 1.0, 1.0, 1.0, 1.0, 1.0, 1.0, 1.0, 1.0, 1.0, 1.0, 1.0, 1.0, 1.0, 1.0, 1.0, 1.0, 1.0, 1.0]},
                      'case': 'T61_VLambdaSPrStar_LL',
                      'constant_Sq_heat': 0.04443037974683545,
                      'use_visc_heating': False,
                      'Pr_turb': 1.0,
                      'fprint': '<function '
                                'Build_arguments_fi_run._mk_args_MK_solver.<locals>.<lambda> '
                                'at 0x7f13af448b80>',
                      'compressible_correction': False,
                      'bool_solve_energy': False,
                      'output_last': False},
  'u_imp': 0.1,
  'k_imp': 1,
  'e_imp': 0,
  'solve_sparse_adj': True,
  'all_ref_beta_distrib': {'K': [1.0, 0.99998345, 0.99996646, 0.99994927, 0.99993204, 0.999915, 0.99989845, 0.99988279, 0.99986851, 0.9998562, 0.99984654, 0.99984032, 0.9998384, 0.99984176, 0.99985145, 0.99986865, 0.99989459, 0.99993064, 0.99997826, 1.00003902, 1.00011455, 1.00020639, 1.00031573, 1.00044305, 1.00058783, 1.00074818, 1.0009214, 1.00110055, 1.00129787, 1.00151166, 1.00174067, 1.00198935, 1.00223399, 1.00247821, 1.00271981, 1.00295742, 1.00318928, 1.00341329, 1.00362706, 1.00382795, 1.00401298, 1.00417882, 1.0043218, 1.0044378, 1.00452231, 1.00457033, 1.00457639, 1.00453455, 1.00443835, 1.0042808, 1.00405451, 1.00375131, 1.00336299, 1.00288, 1.00229377, 1.0015931, 1.00076834, 0.99981027, 0.99870315, 0.99743891, 0.9960117, 0.99439989, 0.99258481, 0.99057146, 0.98836389, 0.98593389, 0.98323787, 0.98026478, 0.9770564, 0.97367529, 0.97015049, 0.96644818, 0.96249029, 0.95820899, 0.95360715, 0.94879653, 0.94399986, 0.93952159, 0.93569996, 0.93285306, 0.93123002, 0.93097737, 0.93212819, 0.93461231, 0.93827561, 0.94289899, 0.94821852, 0.9539513, 0.95981924, 0.96556594, 0.97097156, 0.97586562, 0.98013424, 0.98371975, 0.98661326, 0.98884432, 0.99046908, 0.99155632, 0.99217177, 0.99618266], 'E': [1.0, 1.0, 1.0, 1.0, 1.0, 1.0, 1.0, 1.0, 1.0, 1.0, 1.0, 1.0, 1.0, 1.0, 1.0, 1.0, 1.0, 1.0, 1.0, 1.0, 1.0, 1.0, 1.0, 1.0, 1.0, 1.0, 1.0, 1.0, 1.0, 1.0, 1.0, 1.0, 1.0, 1.0, 1.0, 1.0, 1.0, 1.0, 1.0, 1.0, 1.0, 1.0, 1.0, 1.0, 1.0, 1.0, 1.0, 1.0, 1.0, 1.0, 1.0, 1.0, 1.0, 1.0, 1.0, 1.0, 1.0, 1.0, 1.0, 1.0, 1.0, 1.0, 1.0, 1.0, 1.0, 1.0, 1.0, 1.0, 1.0, 1.0, 1.0, 1.0, 1.0, 1.0, 1.0, 1.0, 1.0, 1.0, 1.0, 1.0, 1.0, 1.0, 1.0, 1.0, 1.0, 1.0, 1.0, 1.0, 1.0, 1.0, 1.0, 1.0, 1.0, 1.0, 1.0, 1.0, 1.0, 1.0, 1.0, 1.0]},
  'all_ref_delta_distrib': {'K': [-0.0, 0.0005178353941041271, 0.0010604009046305547, 0.0016234872227231627, 0.002206064823135687, 0.0028053575508000575, 0.0034165160675491955, 0.004031127286066368, 0.004636790335714019, 0.005215726428482988, 0.0057437203909062595, 0.006187544983852621, 0.006504158711807356, 0.006635999944264601, 0.006509725530413598, 0.006030172193189832, 0.005080374071170773, 0.003514650108572127, 0.0011591260286209907, -0.0021890812659172403, -0.006756785067293698, -0.012780032380751845, -0.020474050109665812, -0.029980677067621014, -0.0413051672883736, -0.05424905077020727, -0.06842902926383712, -0.08302881944689872, -0.09860738735988187, -0.11465597430145835, -0.13069025013854957, -0.14667876711087338, -0.16058744216570436, -0.17255515133229282, -0.18240002093520283, -0.19009693250738166, -0.19567188949333042, -0.1991900017912373, -0.2007448878642277, -0.2004495527003038, -0.19842304722677184, -0.1947850033322727, -0.18965320473645184, -0.18313747399115193, -0.17534276972588464, -0.1663659971670565, -0.15629849552601782, -0.14522749006436583, -0.13323583695435406, -0.12040320733379438, -0.1068107225518164, -0.09253136599000912, -0.07764975289681551, -0.062230629542399864, -0.04637189284730689, -0.030126073311839266, -0.013587895367470001, 0.003137187995619685, 0.020045037903900748, 0.03699646293121093, 0.05383248509940725, 0.07061115960967729, 0.08731977401022768, 0.10366556498982245, 0.11941944962699126, 0.1347054996017065, 0.1497404359424516, 0.16439573248904846, 0.17814445911077964, 0.19043249330030493, 0.20107787171653205, 0.21035424236454187, 0.21873490009519136, 0.226514868462337, 0.23354475558272972, 0.23919416575224164, 0.24252445262961567, 0.2425580568116411, 0.2385357751721924, 0.23009707593828896, 0.21735657948406584, 0.20087459846585531, 0.18153974235792772, 0.1604098154117587, 0.13856786873272062, 0.11701927534148102, 0.0966195502779121, 0.0780209810371241, 0.06165152991942006, 0.04772508272926627, 0.03626585855772605, 0.02714258324728201, 0.020111805383903957, 0.014865732175822497, 0.01107747607878576, 0.008436334629456001, 0.006671796590029199, 0.005567934167577569, 0.004970059856350495, 0.0023922760928578013], 'E': [-0.0, -0.0, -0.0, -0.0, -0.0, -0.0, -0.0, -0.0, -0.0, -0.0, -0.0, -0.0, -0.0, -0.0, -0.0, -0.0, -0.0, -0.0, -0.0, -0.0, -0.0, -0.0, -0.0, -0.0, -0.0, -0.0, -0.0, -0.0, -0.0, -0.0, -0.0, -0.0, -0.0, -0.0, -0.0, -0.0, -0.0, -0.0, -0.0, -0.0, -0.0, -0.0, -0.0, -0.0, -0.0, -0.0, -0.0, -0.0, -0.0, -0.0, -0.0, -0.0, -0.0, -0.0, -0.0, -0.0, -0.0, -0.0, -0.0, -0.0, -0.0, -0.0, -0.0, -0.0, -0.0, -0.0, -0.0, -0.0, -0.0, -0.0, -0.0, -0.0, -0.0, -0.0, -0.0, -0.0, -0.0, -0.0, -0.0, -0.0, -0.0, -0.0, -0.0, -0.0, -0.0, -0.0, -0.0, -0.0, -0.0, -0.0, -0.0, -0.0, -0.0, -0.0, -0.0, -0.0, -0.0, -0.0, -0.0, -0.0]},
  'fname_print': '/media/rafael/DATA/Dropbox/20220924_FIML_solver/data/output/field_inversion/Beta_k/u_imp_0.1/FI_run_T61_VLambdaSPrStar_LL_u_imp_0.1_k_imp_1_e_imp_0/FI_run_T61_VLambdaSPrStar_LL_u_imp_0.1_k_imp_1_e_imp_0.log',
  'folder': '/media/rafael/DATA/Dropbox/20220924_FIML_solver/data/output/field_inversion/Beta_k/u_imp_0.1/FI_run_T61_VLambdaSPrStar_LL_u_imp_0.1_k_imp_1_e_imp_0',
  'iters_limit': 15000}
# End_Input_Arguments

# ------------------------------------------------------------------------
#                  Iterations
# ------------------------------------------------------------------------

iter:      0 (Jcost: 2.263694e-03) (lr = 1.000e-03) (elapsed time:  0.001) (secs/iter:   None) (n_accepted: 0%) (u_error:  3.254028 %) (beta_change:  6.902263 %) (delta_change:  0.256100 %) (delta_peak/R:  0.000000 %)
-> Saved file: /media/rafael/DATA/Dropbox/20220924_FIML_solver/data/output/field_inversion/Beta_k/u_imp_0.1/FI_run_T61_VLambdaSPrStar_LL_u_imp_0.1_k_imp_1_e_imp_0/FI_run_T61_VLambdaSPrStar_LL_u_imp_0.1_k_imp_1_e_imp_0_state_iter_0.dat
iter:    100 (Jcost: 1.886223e-03) (lr = 1.890e+00) (elapsed time: 87.226) (secs/iter:  0.872) (n_accepted: 88%) (u_error:  3.108921 %) (beta_change:  2.922541 %) (delta_change:  0.083329 %) (delta_peak/R:  0.258847 %)
iter:    200 (Jcost: 1.872260e-03) (lr = 3.893e+00) (elapsed time: 172.352) (secs/iter:  0.851) (n_accepted: 80%) (u_error:  3.103095 %) (beta_change:  1.259547 %) (delta_change:  0.033315 %) (delta_peak/R:  0.260444 %)
iter:    300 (Jcost: 1.869075e-03) (lr = 3.342e+00) (elapsed time: 251.487) (secs/iter:  0.791) (n_accepted: 79%) (u_error:  3.099167 %) (beta_change:  0.333501 %) (delta_change:  0.010974 %) (delta_peak/R:  0.253702 %)
iter:    400 (Jcost: 1.868026e-03) (lr = 1.195e+00) (elapsed time: 327.537) (secs/iter:  0.761) (n_accepted: 78%) (u_error:  3.097766 %) (beta_change:  0.408400 %) (delta_change:  0.010370 %) (delta_peak/R:  0.246881 %)
iter:    500 (Jcost: 1.867580e-03) (lr = 2.462e+00) (elapsed time: 402.710) (secs/iter:  0.752) (n_accepted: 80%) (u_error:  3.097235 %) (beta_change:  0.796256 %) (delta_change:  0.014998 %) (delta_peak/R:  0.242060 %)
-> Saved file: /media/rafael/DATA/Dropbox/20220924_FIML_solver/data/output/field_inversion/Beta_k/u_imp_0.1/FI_run_T61_VLambdaSPrStar_LL_u_imp_0.1_k_imp_1_e_imp_0/FI_run_T61_VLambdaSPrStar_LL_u_imp_0.1_k_imp_1_e_imp_0_state_iter_500.dat
iter:    600 (Jcost: 1.867331e-03) (lr = 2.114e+00) (elapsed time: 482.583) (secs/iter:  0.799) (n_accepted: 79%) (u_error:  3.095810 %) (beta_change:  1.107129 %) (delta_change:  0.020730 %) (delta_peak/R:  0.238552 %)
iter:    700 (Jcost: 1.867201e-03) (lr = 4.355e+00) (elapsed time: 553.310) (secs/iter:  0.707) (n_accepted: 80%) (u_error:  3.095804 %) (beta_change:  1.320971 %) (delta_change:  0.024462 %) (delta_peak/R:  0.236556 %)
iter:    800 (Jcost: 1.867116e-03) (lr = 1.558e+00) (elapsed time: 620.560) (secs/iter:  0.672) (n_accepted: 78%) (u_error:  3.096014 %) (beta_change:  1.496158 %) (delta_change:  0.027348 %) (delta_peak/R:  0.235133 %)
iter:    900 (Jcost: 1.867059e-03) (lr = 3.209e+00) (elapsed time: 667.538) (secs/iter:  0.470) (n_accepted: 80%) (u_error:  3.095461 %) (beta_change:  1.650525 %) (delta_change:  0.029492 %) (delta_peak/R:  0.234125 %)
iter:   1000 (Jcost: 1.867023e-03) (lr = 2.754e+00) (elapsed time: 712.772) (secs/iter:  0.452) (n_accepted: 79%) (u_error:  3.095455 %) (beta_change:  1.770396 %) (delta_change:  0.030955 %) (delta_peak/R:  0.233441 %)
-> Saved file: /media/rafael/DATA/Dropbox/20220924_FIML_solver/data/output/field_inversion/Beta_k/u_imp_0.1/FI_run_T61_VLambdaSPrStar_LL_u_imp_0.1_k_imp_1_e_imp_0/FI_run_T61_VLambdaSPrStar_LL_u_imp_0.1_k_imp_1_e_imp_0_state_iter_1000.dat
iter:   1100 (Jcost: 1.866996e-03) (lr = 2.364e+00) (elapsed time: 772.732) (secs/iter:  0.600) (n_accepted: 79%) (u_error:  3.095686 %) (beta_change:  1.876626 %) (delta_change:  0.032392 %) (delta_peak/R:  0.232890 %)
iter:   1200 (Jcost: 1.866977e-03) (lr = 4.871e+00) (elapsed time: 835.623) (secs/iter:  0.629) (n_accepted: 80%) (u_error:  3.095565 %) (beta_change:  1.958569 %) (delta_change:  0.033501 %) (delta_peak/R:  0.232493 %)
iter:   1300 (Jcost: 1.866964e-03) (lr = 1.003e+01) (elapsed time: 899.783) (secs/iter:  0.642) (n_accepted: 80%) (u_error:  3.095478 %) (beta_change:  2.023229 %) (delta_change:  0.034327 %) (delta_peak/R:  0.232195 %)
iter:   1400 (Jcost: 1.866955e-03) (lr = 3.589e+00) (elapsed time: 963.569) (secs/iter:  0.638) (n_accepted: 78%) (u_error:  3.095313 %) (beta_change:  2.073000 %) (delta_change:  0.034925 %) (delta_peak/R:  0.231970 %)
iter:   1500 (Jcost: 1.866947e-03) (lr = 3.081e+00) (elapsed time: 1026.609) (secs/iter:  0.630) (n_accepted: 79%) (u_error:  3.095316 %) (beta_change:  2.119405 %) (delta_change:  0.035447 %) (delta_peak/R:  0.231764 %)
-> Saved file: /media/rafael/DATA/Dropbox/20220924_FIML_solver/data/output/field_inversion/Beta_k/u_imp_0.1/FI_run_T61_VLambdaSPrStar_LL_u_imp_0.1_k_imp_1_e_imp_0/FI_run_T61_VLambdaSPrStar_LL_u_imp_0.1_k_imp_1_e_imp_0_state_iter_1500.dat
iter:   1600 (Jcost: 1.866941e-03) (lr = 6.347e+00) (elapsed time: 1092.301) (secs/iter:  0.657) (n_accepted: 80%) (u_error:  3.095242 %) (beta_change:  2.156513 %) (delta_change:  0.035833 %) (delta_peak/R:  0.231599 %)
iter:   1700 (Jcost: 1.866936e-03) (lr = 2.270e+00) (elapsed time: 1148.912) (secs/iter:  0.566) (n_accepted: 78%) (u_error:  3.095257 %) (beta_change:  2.191225 %) (delta_change:  0.036133 %) (delta_peak/R:  0.231457 %)
iter:   1800 (Jcost: 1.866933e-03) (lr = 8.120e-01) (elapsed time: 1207.560) (secs/iter:  0.586) (n_accepted: 78%) (u_error:  3.095135 %) (beta_change:  2.228214 %) (delta_change:  0.036349 %) (delta_peak/R:  0.231340 %)
iter:   1900 (Jcost: 1.866930e-03) (lr = 1.673e+00) (elapsed time: 1265.020) (secs/iter:  0.575) (n_accepted: 80%) (u_error:  3.095319 %) (beta_change:  2.260666 %) (delta_change:  0.036507 %) (delta_peak/R:  0.231240 %)
iter:   2000 (Jcost: 1.866927e-03) (lr = 8.271e+00) (elapsed time: 1322.572) (secs/iter:  0.576) (n_accepted: 81%) (u_error:  3.095243 %) (beta_change:  2.286362 %) (delta_change:  0.036608 %) (delta_peak/R:  0.231160 %)
-> Saved file: /media/rafael/DATA/Dropbox/20220924_FIML_solver/data/output/field_inversion/Beta_k/u_imp_0.1/FI_run_T61_VLambdaSPrStar_LL_u_imp_0.1_k_imp_1_e_imp_0/FI_run_T61_VLambdaSPrStar_LL_u_imp_0.1_k_imp_1_e_imp_0_state_iter_2000.dat
iter:   2100 (Jcost: 1.866925e-03) (lr = 2.958e+00) (elapsed time: 1386.812) (secs/iter:  0.642) (n_accepted: 78%) (u_error:  3.095206 %) (beta_change:  2.308857 %) (delta_change:  0.036676 %) (delta_peak/R:  0.231091 %)
iter:   2200 (Jcost: 1.866924e-03) (lr = 1.058e+00) (elapsed time: 1441.877) (secs/iter:  0.551) (n_accepted: 78%) (u_error:  3.095191 %) (beta_change:  2.328668 %) (delta_change:  0.036719 %) (delta_peak/R:  0.231029 %)
iter:   2300 (Jcost: 1.866923e-03) (lr = 9.082e-01) (elapsed time: 1499.810) (secs/iter:  0.579) (n_accepted: 79%) (u_error:  3.095142 %) (beta_change:  2.345245 %) (delta_change:  0.036786 %) (delta_peak/R:  0.230977 %)
iter:   2400 (Jcost: 1.866922e-03) (lr = 4.491e+00) (elapsed time: 1549.601) (secs/iter:  0.498) (n_accepted: 81%) (u_error:  3.095220 %) (beta_change:  2.359218 %) (delta_change:  0.036890 %) (delta_peak/R:  0.230933 %)
iter:   2500 (Jcost: 1.866921e-03) (lr = 9.251e+00) (elapsed time: 1579.124) (secs/iter:  0.295) (n_accepted: 80%) (u_error:  3.095185 %) (beta_change:  2.370905 %) (delta_change:  0.036970 %) (delta_peak/R:  0.230895 %)
-> Saved file: /media/rafael/DATA/Dropbox/20220924_FIML_solver/data/output/field_inversion/Beta_k/u_imp_0.1/FI_run_T61_VLambdaSPrStar_LL_u_imp_0.1_k_imp_1_e_imp_0/FI_run_T61_VLambdaSPrStar_LL_u_imp_0.1_k_imp_1_e_imp_0_state_iter_2500.dat
iter:   2600 (Jcost: 1.866920e-03) (lr = 1.379e+00) (elapsed time: 1631.496) (secs/iter:  0.524) (n_accepted: 77%) (u_error:  3.095147 %) (beta_change:  2.381102 %) (delta_change:  0.037033 %) (delta_peak/R:  0.230860 %)
iter:   2700 (Jcost: 1.866920e-03) (lr = 1.183e+00) (elapsed time: 1681.336) (secs/iter:  0.498) (n_accepted: 79%) (u_error:  3.095176 %) (beta_change:  2.390194 %) (delta_change:  0.037083 %) (delta_peak/R:  0.230829 %)
iter:   2800 (Jcost: 1.866919e-03) (lr = 5.851e+00) (elapsed time: 1724.245) (secs/iter:  0.429) (n_accepted: 81%) (u_error:  3.095170 %) (beta_change:  2.397818 %) (delta_change:  0.037120 %) (delta_peak/R:  0.230802 %)
iter:   2900 (Jcost: 1.866919e-03) (lr = 8.720e-01) (elapsed time: 1769.029) (secs/iter:  0.448) (n_accepted: 77%) (u_error:  3.095189 %) (beta_change:  2.404643 %) (delta_change:  0.037147 %) (delta_peak/R:  0.230776 %)
iter:   3000 (Jcost: 1.866918e-03) (lr = 1.797e+00) (elapsed time: 1820.433) (secs/iter:  0.514) (n_accepted: 80%) (u_error:  3.095169 %) (beta_change:  2.410089 %) (delta_change:  0.037165 %) (delta_peak/R:  0.230755 %)
-> Saved file: /media/rafael/DATA/Dropbox/20220924_FIML_solver/data/output/field_inversion/Beta_k/u_imp_0.1/FI_run_T61_VLambdaSPrStar_LL_u_imp_0.1_k_imp_1_e_imp_0/FI_run_T61_VLambdaSPrStar_LL_u_imp_0.1_k_imp_1_e_imp_0_state_iter_3000.dat
iter:   3100 (Jcost: 1.866918e-03) (lr = 4.648e-02) (elapsed time: 1877.428) (secs/iter:  0.570) (n_accepted: 75%) (u_error:  3.095163 %) (beta_change:  2.414093 %) (delta_change:  0.037174 %) (delta_peak/R:  0.230739 %)
iter:   3128 (Jcost: 1.866918e-03) (lr = 8.658e-11) (elapsed time: 1878.109) (secs/iter:  0.024) (n_accepted: 0%) (u_error:  3.095163 %) (beta_change:  2.414093 %) (delta_change:  0.037174 %) (delta_peak/R:  0.230739 %)
-> Saved file: /media/rafael/DATA/Dropbox/20220924_FIML_solver/data/output/field_inversion/Beta_k/u_imp_0.1/FI_run_T61_VLambdaSPrStar_LL_u_imp_0.1_k_imp_1_e_imp_0/FI_run_T61_VLambdaSPrStar_LL_u_imp_0.1_k_imp_1_e_imp_0_state_iter_3128.dat
