# ------------------------------------------------------------------------
#                  Input Arguments
# ------------------------------------------------------------------------
# Begin_Input_Arguments
{ 'all_b_mode': ['Beta_k', 'Beta_e'],
  'args_mk_solver': { 'torch': "<module 'torch' from "
                               "'/home/rafael/anaconda3/lib/python3.9/site-packages/torch/__init__.py'>",
                      'y_grid': [0.0, 0.000309700312, 0.000638645973, 0.00098802599, 0.00135910194, 0.00175321227, 0.00217177688, 0.00261630193, 0.00308838486, 0.00358971984, 0.00412210331, 0.00468744001, 0.00528774917, 0.00592517114, 0.00660197432, 0.0073205624, 0.00808348206, 0.00889343092, 0.00975326602, 0.0106660126, 0.0116348733, 0.0126632377, 0.0137546927, 0.0149130326, 0.0161422702, 0.0174466482, 0.0188306506, 0.0202990157, 0.0218567475, 0.02350913, 0.0252617393, 0.0271204584, 0.0290914903, 0.0311813732, 0.033396994, 0.0357456039, 0.0382348325, 0.0408727029, 0.0436676462, 0.0466285159, 0.0497646022, 0.0530856456, 0.0566018496, 0.0603238931, 0.0642629411, 0.068430655, 0.0728392004, 0.0775012535, 0.0824300053, 0.0876391634, 0.0931429507, 0.0989561006, 0.105093849, 0.111571922, 0.118406518, 0.125614286, 0.133212296, 0.141218006, 0.14964922, 0.158524039, 0.167860801, 0.177678022, 0.187994313, 0.1988283, 0.21019853, 0.222123362, 0.234620856, 0.247708641, 0.261403784, 0.275722637, 0.290680679, 0.306292354, 0.322570888, 0.339528108, 0.357174255, 0.375517785, 0.394565175, 0.414320726, 0.43478637, 0.45596148, 0.47784269, 0.500423731, 0.523695275, 0.547644806, 0.572256506, 0.597511177, 0.623386184, 0.649855436, 0.676889401, 0.704455158, 0.73251649, 0.761034018, 0.789965372, 0.819265404, 0.848886442, 0.878778572, 0.908889961, 0.939167201, 0.969555687, 1.0],
                      'Ret': 395,
                      'cp': 1.0,
                      'A_sca_rho': 1.0,
                      'A_sca_mu': 0.002531645569620253,
                      'A_sca_k': 0.002531645569620253,
                      'b_exp_rho': 0,
                      'b_exp_mu': 0,
                      'b_exp_k': 0,
                      'tensor_device': 'cpu',
                      'as_tensor': '<function '
                                   'Build_arguments_fi_run._mk_args_MK_solver.<locals>.<lambda> '
                                   'at 0x7f2f8752b280>',
                      'ref_dns': { 'u_dns': [-1.1621891653647745e-17, 0.12038147061592142, 0.2486667194193228, 0.3853316777014896, 0.5308664780141247, 0.6857717402547939, 0.8505535450121167, 1.0257167446173359, 1.2117562114235156, 1.4091456291899656, 1.6183238869359076, 1.8397511203786363, 2.0739846083524762, 2.3215858175559485, 2.5830998617461347, 2.8590281200741208, 3.1496935262525536, 3.4552359470531533, 3.7756142665572257, 4.110583303842652, 4.45969946165573, 4.822206882730351, 5.197035265506851, 5.583025879652095, 5.978686814446167, 6.382207543471064, 6.791570648443869, 7.2043873700132925, 7.618385062963329, 8.03118634310432, 8.44041357554915, 8.84371142714813, 9.238979314381995, 9.624420091437981, 9.998469678649556, 10.35979096526142, 10.707129584683727, 11.039995370680495, 11.358551726082448, 11.662349268071521, 11.950718757107493, 12.223954157654832, 12.483709539516381, 12.729468296591788, 12.96189725891004, 13.181956912817093, 13.390830787523823, 13.589209456905074, 13.77774548120034, 13.957142176959408, 14.128008166098704, 14.292972400407937, 14.451390315255287, 14.604479160838446, 14.752729261499471, 14.897697302804033, 15.039633734259159, 15.178810140910235, 15.315947154448178, 15.451877409291745, 15.58669225918589, 15.721138532227114, 15.854113944398788, 15.987734105521263, 16.121146738748497, 16.254797365725366, 16.390071930809857, 16.524387395782732, 16.661463094046834, 16.798449310680184, 16.935625193579543, 17.073748174616334, 17.21187841549901, 17.35116308134969, 17.490589767101305, 17.630331843371298, 17.770657796637234, 17.910695071912688, 18.050115139616302, 18.189517885217317, 18.32769582858952, 18.464841616619317, 18.60232210083399, 18.737956916045317, 18.870869207741464, 19.001600969032044, 19.12847102790439, 19.2508118593921, 19.36853072042538, 19.481329243880012, 19.588082521880576, 19.686505896880114, 19.777464171831337, 19.858088464867063, 19.927955576763132, 19.98636731139984, 20.032412099278943, 20.065798107151412, 20.085227943575234, 20.092280221845982],
                                   'T_dns': [1.0, 1.0054168528182075, 1.0111892962951508, 1.0173388130340817, 1.0238875533374603, 1.0308581760577802, 1.038273632259914, 1.0461568763752858, 1.0545304873210575, 1.063416182446312, 1.0728342242475137, 1.0828056393146548, 1.0933552273933103, 1.104507706787982, 1.116286773847495, 1.1287138246039798, 1.1418020678500613, 1.1555561605518632, 1.1699720933427529, 1.1850375840993346, 1.200735906860395, 1.2170387130493567, 1.2339014140607178, 1.2512581885103229, 1.2690181325379986, 1.287088741319823, 1.3054054302266418, 1.3238929976112008, 1.342431658848353, 1.360870263513284, 1.3790997791952193, 1.397047949236261, 1.4146313584437984, 1.431761278275473, 1.4483587373565916, 1.4643623677516326, 1.4797384612603242, 1.494473409424734, 1.508558496762553, 1.5219502031919958, 1.5346836754995963, 1.5467957301326059, 1.5582499134154453, 1.569206687024354, 1.5795728055559435, 1.5893775176201004, 1.5987815903998888, 1.6077745001500987, 1.616297234691477, 1.6244646808727117, 1.6323569959770459, 1.6398761731000604, 1.647174520995295, 1.654288889365429, 1.6611891912578163, 1.6678853125030262, 1.674449470427603, 1.680971934865867, 1.6872570539729184, 1.6934178543768799, 1.6996246511056405, 1.7055444730030138, 1.7115323049608075, 1.7174212239002198, 1.7232113971651495, 1.7290349517100991, 1.7347599758705545, 1.7404252448428215, 1.746047374646889, 1.7516535825175776, 1.7572424028311684, 1.7627378999831622, 1.7682097929452725, 1.773712007084633, 1.7791755564288452, 1.784550175366191, 1.7899215472647867, 1.795180291250174, 1.8003429919401863, 1.805546840700353, 1.8106374644347318, 1.8156927850528817, 1.8206115329022907, 1.8255740816578867, 1.8303518807461197, 1.834913210939768, 1.8393867538308046, 1.8435541788207273, 1.8476276869749704, 1.8513787248624893, 1.8549071642459707, 1.8581864104438248, 1.8611135303961226, 1.863686875191405, 1.8658579517653304, 1.8676793778142577, 1.8691153775492937, 1.8701597252012252, 1.870756762510009, 1.8708954248221819],
                                   'mu_dns': [0.002531645569620253, 0.002531645569620253, 0.002531645569620253, 0.002531645569620253, 0.002531645569620253, 0.002531645569620253, 0.002531645569620253, 0.002531645569620253, 0.002531645569620253, 0.002531645569620253, 0.002531645569620253, 0.002531645569620253, 0.002531645569620253, 0.002531645569620253, 0.002531645569620253, 0.002531645569620253, 0.002531645569620253, 0.002531645569620253, 0.002531645569620253, 0.002531645569620253, 0.002531645569620253, 0.002531645569620253, 0.002531645569620253, 0.002531645569620253, 0.002531645569620253, 0.002531645569620253, 0.002531645569620253, 0.002531645569620253, 0.002531645569620253, 0.002531645569620253, 0.002531645569620253, 0.002531645569620253, 0.002531645569620253, 0.002531645569620253, 0.002531645569620253, 0.002531645569620253, 0.002531645569620253, 0.002531645569620253, 0.002531645569620253, 0.002531645569620253, 0.002531645569620253, 0.002531645569620253, 0.002531645569620253, 0.002531645569620253, 0.002531645569620253, 0.002531645569620253, 0.002531645569620253, 0.002531645569620253, 0.002531645569620253, 0.002531645569620253, 0.002531645569620253, 0.002531645569620253, 0.002531645569620253, 0.002531645569620253, 0.002531645569620253, 0.002531645569620253, 0.002531645569620253, 0.002531645569620253, 0.002531645569620253, 0.002531645569620253, 0.002531645569620253, 0.002531645569620253, 0.002531645569620253, 0.002531645569620253, 0.002531645569620253, 0.002531645569620253, 0.002531645569620253, 0.002531645569620253, 0.002531645569620253, 0.002531645569620253, 0.002531645569620253, 0.002531645569620253, 0.002531645569620253, 0.002531645569620253, 0.002531645569620253, 0.002531645569620253, 0.002531645569620253, 0.002531645569620253, 0.002531645569620253, 0.002531645569620253, 0.002531645569620253, 0.002531645569620253, 0.002531645569620253, 0.002531645569620253, 0.002531645569620253, 0.002531645569620253, 0.002531645569620253, 0.002531645569620253, 0.002531645569620253, 0.002531645569620253, 0.002531645569620253, 0.002531645569620253, 0.002531645569620253, 0.002531645569620253, 0.002531645569620253, 0.002531645569620253, 0.002531645569620253, 0.002531645569620253, 0.002531645569620253, 0.002531645569620253],
                                   'rho_dns': [1.0, 1.0, 1.0, 1.0, 1.0, 1.0, 1.0, 1.0, 1.0, 1.0, 1.0, 1.0, 1.0, 1.0, 1.0, 1.0, 1.0, 1.0, 1.0, 1.0, 1.0, 1.0, 1.0, 1.0, 1.0, 1.0, 1.0, 1.0, 1.0, 1.0, 1.0, 1.0, 1.0, 1.0, 1.0, 1.0, 1.0, 1.0, 1.0, 1.0, 1.0, 1.0, 1.0, 1.0, 1.0, 1.0, 1.0, 1.0, 1.0, 1.0, 1.0, 1.0, 1.0, 1.0, 1.0, 1.0, 1.0, 1.0, 1.0, 1.0, 1.0, 1.0, 1.0, 1.0, 1.0, 1.0, 1.0, 1.0, 1.0, 1.0, 1.0, 1.0, 1.0, 1.0, 1.0, 1.0, 1.0, 1.0, 1.0, 1.0, 1.0, 1.0, 1.0, 1.0, 1.0, 1.0, 1.0, 1.0, 1.0, 1.0, 1.0, 1.0, 1.0, 1.0, 1.0, 1.0, 1.0, 1.0, 1.0, 1.0]},
                      'case': 'T31_CP395',
                      'constant_Sq_heat': 0.04443037974683545,
                      'use_visc_heating': False,
                      'Pr_turb': 1.0,
                      'fprint': '<function '
                                'Build_arguments_fi_run._mk_args_MK_solver.<locals>.<lambda> '
                                'at 0x7f2f8752be50>',
                      'compressible_correction': False,
                      'bool_solve_energy': False,
                      'output_last': False},
  'u_imp': 1000,
  'k_imp': 1,
  'e_imp': 1,
  'solve_sparse_adj': True,
  'all_ref_beta_distrib': {'K': [1.0, 1.00041471, 1.00073515, 1.00092721, 1.00096202, 1.00080377, 1.00040664, 0.99971286, 0.99865087, 0.9971337, 0.99505785, 0.99230354, 0.98873717, 0.98421767, 0.97860842, 0.97179687, 0.96372326, 0.95441845, 0.94404755, 0.93295192, 0.92167907, 0.91099057, 0.90184018, 0.89530912, 0.89247993, 0.89425804, 0.9012005, 0.91341275, 0.93052999, 0.95176814, 0.97601934, 1.00196184, 1.02816322, 1.05316606, 1.07556011, 1.09405012, 1.10753037, 1.11516636, 1.11647664, 1.11140193, 1.100329, 1.08403787, 1.06358578, 1.04017839, 1.01504835, 0.98934803, 0.96408125, 0.94007418, 0.91797369, 0.89825865, 0.88125727, 0.86716505, 0.85607139, 0.84798525, 0.8428503, 0.84055777, 0.84095905, 0.84387773, 0.84911554, 0.85645581, 0.86566831, 0.87651272, 0.88874231, 0.90210158, 0.91632586, 0.93114466, 0.94628075, 0.96145765, 0.97639977, 0.99083896, 1.00452608, 1.01722867, 1.0287351, 1.0388578, 1.04743873, 1.05435684, 1.05953061, 1.0629249, 1.06455443, 1.06447859, 1.06280027, 1.05966167, 1.05523477, 1.04973164, 1.04341278, 1.03657107, 1.02951992, 1.02257822, 1.01604219, 1.0101633, 1.00513731, 1.00109532, 0.99808417, 0.99606, 0.99489645, 0.99439848, 0.99433672, 0.99448699, 0.99466405, 0.99737253], 'E': [1.0, 1.0001587, 1.0004548, 1.00083197, 1.00129233, 1.00184972, 1.00252444, 1.00334277, 1.00433756, 1.00554915, 1.00702621, 1.00882645, 1.01101682, 1.01367308, 1.01687874, 1.02072321, 1.02529864, 1.03068971, 1.03693841, 1.04395127, 1.05135446, 1.05844595, 1.06439555, 1.06845103, 1.06993184, 1.06819657, 1.06266267, 1.05292175, 1.03886707, 1.0207563, 0.99923747, 0.97536339, 0.95059973, 0.92681031, 0.90617264, 0.89096514, 0.88320112, 0.88418173, 0.89413602, 0.91212237, 0.93626033, 0.96419819, 0.99360804, 1.0225255, 1.04949639, 1.0735822, 1.09427711, 1.11139355, 1.12495496, 1.13511399, 1.14209642, 1.14616646, 1.14759892, 1.14666112, 1.14360828, 1.13868203, 1.13210906, 1.12409986, 1.11485152, 1.10455151, 1.09337914, 1.08150743, 1.06910405, 1.0563368, 1.04337666, 1.03039739, 1.01757839, 1.00510021, 0.99314601, 0.98189719, 0.97152448, 0.9621903, 0.95404471, 0.94722157, 0.9418321, 0.93795653, 0.93563978, 0.93488359, 0.93564227, 0.93782636, 0.94130401, 0.9459059, 0.95143553, 0.95766393, 0.96432727, 0.97114512, 0.97783447, 0.98412517, 0.98978456, 0.99463476, 0.99855928, 1.00150685, 1.00350308, 1.00464952, 1.00510976, 1.00509083, 1.00480938, 1.00445818, 1.00418345, 1.00203776]},
  'all_ref_delta_distrib': {'K': [-0.0, -0.01359407963863252, -0.024291282909013417, -0.030934384773373836, -0.03247115700225487, -0.027509272475517668, -0.014147638994663675, 0.010183223328699507, 0.04891471019146466, 0.10657294265865758, 0.1890492555732617, 0.30387904748902483, 0.4604856331504754, 0.6702853355677224, 0.9465016980051778, 1.303450422432581, 1.7550084436732316, 2.311988056897647, 2.97832462733908, 3.7463708115736822, 4.592019619894739, 5.47045328336757, 6.313121417078257, 7.027723857924608, 7.50561207427741, 7.639225601198219, 7.3446123828568926, 6.580810968135636, 5.3607351955302835, 3.751675660682057, 1.8664151459750074, -0.1516410022490704, -2.1456503912184357, -3.9620459162403017, -5.465658988983238, -6.552793330293661, -7.161702369335727, -7.278815598033434, -6.938864121020043, -6.218062719959191, -5.220522211922634, -4.0602973709516945, -2.844269103287458, -1.660719059423744, -0.5741568939014806, 0.3750345176847169, 1.1672800811266875, 1.7988066502623972, 2.276581902680171, 2.61412159951043, 2.8283495234261142, 2.937444964128115, 2.959257879272956, 2.910345706292502, 2.8056068842501283, 2.6581538162911302, 2.4793039122544673, 2.278646810121939, 2.064231199813898, 1.8427711100134352, 1.6198088555132357, 1.3998750229235126, 1.1866237980465517, 0.9830099758902879, 0.7914102242615509, 0.613687098297991, 0.45128058682788247, 0.3052132551484166, 0.1761564468902004, 0.06443689640176288, -0.029986507880243117, -0.10744479575181716, -0.1685374297784181, -0.2141067531132237, -0.24522564084616671, -0.26319031130140313, -0.26948145146173774, -0.26574248197410827, -0.2537344839097403, -0.23525535773600412, -0.21208296828575904, -0.18591248401050914, -0.15828771483597687, -0.1306024658995506, -0.10408750196245763, -0.07974123269160954, -0.05829891421433447, -0.04021809808005217, -0.02566547081283951, -0.01454370171190314, -0.006550232383503678, -0.0012403537418570864, 0.0019229311771613517, 0.0035050522892000487, 0.0040365432482459655, 0.003969038162024818, 0.003643812797049631, 0.0032872114895838244, 0.0030294266502524873, 0.0014666689670512806], 'E': [-0.0, -0.11305813177324175, -0.43103544364032176, -0.8818809039467524, -1.4526671715517712, -2.156460698108232, -3.021133865520747, -4.087658841151476, -5.411590983566029, -7.0661651379032815, -9.1464348900691, -11.774657071548152, -15.107120870892647, -19.34380506048228, -24.744287595936644, -31.65648231175073, -40.56783295755184, -52.17493558141562, -67.39991162686123, -87.10931637877592, -111.18230303653472, -137.2771099999437, -161.1568777651601, -179.14561602033484, -189.21555576034683, -189.48723981576018, -177.64083491479698, -151.91840565454703, -112.01816324121286, -59.497281444977126, 2.151834315227685, 67.69575175901912, 130.6211759067418, 183.89196280492587, 221.04200728232263, 237.5257182701152, 231.98933159114046, 206.87510289331163, 167.87517369346767, 122.31049478231475, 77.12801148705228, 37.38831004408572, 5.731502909409091, -17.290057696741354, -32.48401061778035, -41.30479261600602, -45.33746747091151, -46.00794898469085, -44.46742895797211, -41.58156867830307, -37.96817790960535, -34.04972226807483, -30.102025903244037, -26.29556457813717, -22.728790593207606, -19.4522149590483, -16.48510714890767, -13.826926027260022, -11.465454129625117, -9.382210433965456, -7.555728393936025, -5.963671010586927, -4.584071007227727, -3.396336732463182, -2.3816444912955435, -1.5229164993471078, -0.8048808465004743, -0.21370503548957537, 0.2630651700505844, 0.6368315559004601, 0.9183530871775157, 1.1177005621468465, 1.2444581179254894, 1.307876424523101, 1.3170433801045835, 1.2810172505064268, 1.2087872126036265, 1.1092466908563265, 0.9910284571154017, 0.8621962822489421, 0.7300138896656053, 0.600710276368652, 0.47926715628302874, 0.36945959382824073, 0.27388299293596524, 0.1938804611276955, 0.12964277446881406, 0.08038585064728608, 0.04454295548427068, 0.020038938405348792, 0.004586726559749394, -0.004072350621726058, -0.008015464255847399, -0.009006252597493856, -0.008412381015555543, -0.007195211585905427, -0.0059426633279078935, -0.0049523461900414425, -0.004338119815064034, -0.002063424717329797]},
  'fname_print': '/media/rafael/DATA/Dropbox/20220924_FIML_solver/data/output/field_inversion/Beta_k__1__Beta_e__1/u_imp_1000/FI_run_T31_CP395_u_imp_1000_k_imp_1_e_imp_1/FI_run_T31_CP395_u_imp_1000_k_imp_1_e_imp_1.log',
  'folder': '/media/rafael/DATA/Dropbox/20220924_FIML_solver/data/output/field_inversion/Beta_k__1__Beta_e__1/u_imp_1000/FI_run_T31_CP395_u_imp_1000_k_imp_1_e_imp_1',
  'iters_limit': 15000}
# End_Input_Arguments

# ------------------------------------------------------------------------
#                  Iterations
# ------------------------------------------------------------------------

iter:      0 (Jcost: 1.062153e+01) (lr = 1.000e-03) (elapsed time:  0.002) (secs/iter:   None) (n_accepted: 0%) (u_error:  2.442983 %) (beta_change: 15.352058 %) (delta_change:  7.251849 %) (delta_peak/R:  0.000000 %)
-> Saved file: /media/rafael/DATA/Dropbox/20220924_FIML_solver/data/output/field_inversion/Beta_k__1__Beta_e__1/u_imp_1000/FI_run_T31_CP395_u_imp_1000_k_imp_1_e_imp_1/FI_run_T31_CP395_u_imp_1000_k_imp_1_e_imp_1_state_iter_0.dat
iter:    100 (Jcost: 1.043554e+00) (lr = 1.242e-04) (elapsed time: 108.405) (secs/iter:  1.084) (n_accepted: 77%) (u_error:  0.713000 %) (beta_change:  9.853275 %) (delta_change:  7.287447 %) (delta_peak/R:  3.611824 %)
iter:    200 (Jcost: 6.179424e-01) (lr = 3.537e-03) (elapsed time: 197.926) (secs/iter:  0.895) (n_accepted: 83%) (u_error:  0.613561 %) (beta_change:  7.077573 %) (delta_change:  5.141654 %) (delta_peak/R:  4.307413 %)
iter:    300 (Jcost: 4.653221e-01) (lr = 2.196e-04) (elapsed time: 278.959) (secs/iter:  0.810) (n_accepted: 76%) (u_error:  0.521651 %) (beta_change:  5.179453 %) (delta_change:  3.664602 %) (delta_peak/R:  5.038084 %)
iter:    400 (Jcost: 4.030130e-01) (lr = 1.885e-04) (elapsed time: 371.257) (secs/iter:  0.923) (n_accepted: 79%) (u_error:  0.482000 %) (beta_change:  4.133840 %) (delta_change:  2.911368 %) (delta_peak/R:  5.488381 %)
iter:    500 (Jcost: 3.585608e-01) (lr = 5.369e-03) (elapsed time: 459.735) (secs/iter:  0.885) (n_accepted: 83%) (u_error:  0.449458 %) (beta_change:  3.184429 %) (delta_change:  2.260326 %) (delta_peak/R:  5.934810 %)
-> Saved file: /media/rafael/DATA/Dropbox/20220924_FIML_solver/data/output/field_inversion/Beta_k__1__Beta_e__1/u_imp_1000/FI_run_T31_CP395_u_imp_1000_k_imp_1_e_imp_1/FI_run_T31_CP395_u_imp_1000_k_imp_1_e_imp_1_state_iter_500.dat
iter:    600 (Jcost: 3.390033e-01) (lr = 5.788e-05) (elapsed time: 551.587) (secs/iter:  0.919) (n_accepted: 74%) (u_error:  0.433193 %) (beta_change:  2.800321 %) (delta_change:  1.970541 %) (delta_peak/R:  6.130845 %)
iter:    700 (Jcost: 3.236793e-01) (lr = 2.862e-04) (elapsed time: 643.483) (secs/iter:  0.919) (n_accepted: 81%) (u_error:  0.420834 %) (beta_change:  2.416081 %) (delta_change:  1.687917 %) (delta_peak/R:  6.315477 %)
iter:    800 (Jcost: 3.127928e-01) (lr = 4.265e-05) (elapsed time: 731.667) (secs/iter:  0.882) (n_accepted: 77%) (u_error:  0.412710 %) (beta_change:  2.124926 %) (delta_change:  1.472063 %) (delta_peak/R:  6.453342 %)
iter:    900 (Jcost: 3.053606e-01) (lr = 1.215e-03) (elapsed time: 821.189) (secs/iter:  0.895) (n_accepted: 83%) (u_error:  0.405425 %) (beta_change:  1.881358 %) (delta_change:  1.297722 %) (delta_peak/R:  6.547328 %)
iter:   1000 (Jcost: 3.002974e-01) (lr = 2.502e-03) (elapsed time: 934.946) (secs/iter:  1.138) (n_accepted: 80%) (u_error:  0.401192 %) (beta_change:  1.706647 %) (delta_change:  1.175058 %) (delta_peak/R:  6.611643 %)
-> Saved file: /media/rafael/DATA/Dropbox/20220924_FIML_solver/data/output/field_inversion/Beta_k__1__Beta_e__1/u_imp_1000/FI_run_T31_CP395_u_imp_1000_k_imp_1_e_imp_1/FI_run_T31_CP395_u_imp_1000_k_imp_1_e_imp_1_state_iter_1000.dat
iter:   1100 (Jcost: 2.962466e-01) (lr = 3.729e-04) (elapsed time: 1055.985) (secs/iter:  1.210) (n_accepted: 77%) (u_error:  0.396772 %) (beta_change:  1.548956 %) (delta_change:  1.064165 %) (delta_peak/R:  6.658249 %)
iter:   1200 (Jcost: 2.922112e-01) (lr = 1.334e-04) (elapsed time: 1168.045) (secs/iter:  1.121) (n_accepted: 78%) (u_error:  0.392318 %) (beta_change:  1.390311 %) (delta_change:  0.944917 %) (delta_peak/R:  6.700399 %)
iter:   1300 (Jcost: 2.892862e-01) (lr = 4.770e-05) (elapsed time: 1281.053) (secs/iter:  1.130) (n_accepted: 78%) (u_error:  0.388852 %) (beta_change:  1.293725 %) (delta_change:  0.851746 %) (delta_peak/R:  6.723445 %)
iter:   1400 (Jcost: 2.865406e-01) (lr = 3.261e-03) (elapsed time: 1387.696) (secs/iter:  1.066) (n_accepted: 84%) (u_error:  0.385526 %) (beta_change:  1.264407 %) (delta_change:  0.767727 %) (delta_peak/R:  6.744523 %)
iter:   1500 (Jcost: 2.850132e-01) (lr = 1.166e-03) (elapsed time: 1471.000) (secs/iter:  0.833) (n_accepted: 78%) (u_error:  0.383395 %) (beta_change:  1.372865 %) (delta_change:  0.726216 %) (delta_peak/R:  6.755476 %)
-> Saved file: /media/rafael/DATA/Dropbox/20220924_FIML_solver/data/output/field_inversion/Beta_k__1__Beta_e__1/u_imp_1000/FI_run_T31_CP395_u_imp_1000_k_imp_1_e_imp_1/FI_run_T31_CP395_u_imp_1000_k_imp_1_e_imp_1_state_iter_1500.dat
iter:   1600 (Jcost: 2.835144e-01) (lr = 7.242e-05) (elapsed time: 1565.204) (secs/iter:  0.942) (n_accepted: 76%) (u_error:  0.381370 %) (beta_change:  1.504062 %) (delta_change:  0.706933 %) (delta_peak/R:  6.762028 %)
iter:   1700 (Jcost: 2.823686e-01) (lr = 2.062e-03) (elapsed time: 1645.429) (secs/iter:  0.802) (n_accepted: 83%) (u_error:  0.379733 %) (beta_change:  1.621683 %) (delta_change:  0.716041 %) (delta_peak/R:  6.761733 %)
iter:   1800 (Jcost: 2.814038e-01) (lr = 1.770e-03) (elapsed time: 1726.207) (secs/iter:  0.808) (n_accepted: 79%) (u_error:  0.378602 %) (beta_change:  1.731338 %) (delta_change:  0.740571 %) (delta_peak/R:  6.767897 %)
iter:   1900 (Jcost: 2.802927e-01) (lr = 6.332e-04) (elapsed time: 1808.268) (secs/iter:  0.821) (n_accepted: 78%) (u_error:  0.377148 %) (beta_change:  1.874137 %) (delta_change:  0.791351 %) (delta_peak/R:  6.785394 %)
iter:   2000 (Jcost: 2.795686e-01) (lr = 9.436e-05) (elapsed time: 1892.267) (secs/iter:  0.840) (n_accepted: 77%) (u_error:  0.376259 %) (beta_change:  1.976953 %) (delta_change:  0.830319 %) (delta_peak/R:  6.794036 %)
-> Saved file: /media/rafael/DATA/Dropbox/20220924_FIML_solver/data/output/field_inversion/Beta_k__1__Beta_e__1/u_imp_1000/FI_run_T31_CP395_u_imp_1000_k_imp_1_e_imp_1/FI_run_T31_CP395_u_imp_1000_k_imp_1_e_imp_1_state_iter_2000.dat
iter:   2100 (Jcost: 2.787701e-01) (lr = 8.100e-05) (elapsed time: 1980.247) (secs/iter:  0.880) (n_accepted: 79%) (u_error:  0.375035 %) (beta_change:  2.104817 %) (delta_change:  0.879083 %) (delta_peak/R:  6.800365 %)
iter:   2200 (Jcost: 2.782180e-01) (lr = 2.307e-03) (elapsed time: 2060.039) (secs/iter:  0.798) (n_accepted: 83%) (u_error:  0.374684 %) (beta_change:  2.191340 %) (delta_change:  0.920041 %) (delta_peak/R:  6.803355 %)
iter:   2300 (Jcost: 2.776200e-01) (lr = 1.980e-03) (elapsed time: 2143.895) (secs/iter:  0.839) (n_accepted: 79%) (u_error:  0.373962 %) (beta_change:  2.296237 %) (delta_change:  0.972312 %) (delta_peak/R:  6.804056 %)
iter:   2400 (Jcost: 2.770748e-01) (lr = 1.230e-04) (elapsed time: 2224.324) (secs/iter:  0.804) (n_accepted: 76%) (u_error:  0.373457 %) (beta_change:  2.397174 %) (delta_change:  1.021736 %) (delta_peak/R:  6.807224 %)
iter:   2500 (Jcost: 2.765625e-01) (lr = 4.398e-05) (elapsed time: 2305.471) (secs/iter:  0.811) (n_accepted: 78%) (u_error:  0.372920 %) (beta_change:  2.496795 %) (delta_change:  1.069900 %) (delta_peak/R:  6.810779 %)
-> Saved file: /media/rafael/DATA/Dropbox/20220924_FIML_solver/data/output/field_inversion/Beta_k__1__Beta_e__1/u_imp_1000/FI_run_T31_CP395_u_imp_1000_k_imp_1_e_imp_1/FI_run_T31_CP395_u_imp_1000_k_imp_1_e_imp_1_state_iter_2500.dat
iter:   2600 (Jcost: 2.761162e-01) (lr = 3.006e-03) (elapsed time: 2390.417) (secs/iter:  0.849) (n_accepted: 84%) (u_error:  0.372679 %) (beta_change:  2.592934 %) (delta_change:  1.115224 %) (delta_peak/R:  6.813199 %)
iter:   2700 (Jcost: 2.757545e-01) (lr = 2.580e-03) (elapsed time: 2470.804) (secs/iter:  0.804) (n_accepted: 79%) (u_error:  0.372232 %) (beta_change:  2.663919 %) (delta_change:  1.148603 %) (delta_peak/R:  6.813277 %)
iter:   2800 (Jcost: 2.754214e-01) (lr = 1.602e-04) (elapsed time: 2551.709) (secs/iter:  0.809) (n_accepted: 76%) (u_error:  0.371909 %) (beta_change:  2.735790 %) (delta_change:  1.181745 %) (delta_peak/R:  6.812930 %)
iter:   2900 (Jcost: 2.750068e-01) (lr = 5.731e-05) (elapsed time: 2631.980) (secs/iter:  0.803) (n_accepted: 78%) (u_error:  0.371576 %) (beta_change:  2.828658 %) (delta_change:  1.223599 %) (delta_peak/R:  6.811635 %)
iter:   3000 (Jcost: 2.746150e-01) (lr = 1.181e-04) (elapsed time: 2710.842) (secs/iter:  0.789) (n_accepted: 80%) (u_error:  0.371402 %) (beta_change:  2.922923 %) (delta_change:  1.264907 %) (delta_peak/R:  6.809660 %)
-> Saved file: /media/rafael/DATA/Dropbox/20220924_FIML_solver/data/output/field_inversion/Beta_k__1__Beta_e__1/u_imp_1000/FI_run_T31_CP395_u_imp_1000_k_imp_1_e_imp_1/FI_run_T31_CP395_u_imp_1000_k_imp_1_e_imp_1_state_iter_3000.dat
iter:   3100 (Jcost: 2.742577e-01) (lr = 3.362e-03) (elapsed time: 2795.769) (secs/iter:  0.849) (n_accepted: 83%) (u_error:  0.371034 %) (beta_change:  3.004654 %) (delta_change:  1.300262 %) (delta_peak/R:  6.806516 %)
iter:   3200 (Jcost: 2.740051e-01) (lr = 2.088e-04) (elapsed time: 2876.755) (secs/iter:  0.810) (n_accepted: 76%) (u_error:  0.370840 %) (beta_change:  3.066104 %) (delta_change:  1.326242 %) (delta_peak/R:  6.803919 %)
iter:   3300 (Jcost: 2.737140e-01) (lr = 7.467e-05) (elapsed time: 2958.122) (secs/iter:  0.814) (n_accepted: 78%) (u_error:  0.370643 %) (beta_change:  3.138423 %) (delta_change:  1.356228 %) (delta_peak/R:  6.800477 %)
iter:   3400 (Jcost: 2.734017e-01) (lr = 5.104e-03) (elapsed time: 3054.289) (secs/iter:  0.962) (n_accepted: 84%) (u_error:  0.370444 %) (beta_change:  3.217666 %) (delta_change:  1.388385 %) (delta_peak/R:  6.796233 %)
iter:   3500 (Jcost: 2.731418e-01) (lr = 7.606e-04) (elapsed time: 3157.082) (secs/iter:  1.028) (n_accepted: 77%) (u_error:  0.370253 %) (beta_change:  3.284850 %) (delta_change:  1.415117 %) (delta_peak/R:  6.792181 %)
-> Saved file: /media/rafael/DATA/Dropbox/20220924_FIML_solver/data/output/field_inversion/Beta_k__1__Beta_e__1/u_imp_1000/FI_run_T31_CP395_u_imp_1000_k_imp_1_e_imp_1/FI_run_T31_CP395_u_imp_1000_k_imp_1_e_imp_1_state_iter_3500.dat
iter:   3600 (Jcost: 2.728824e-01) (lr = 4.723e-05) (elapsed time: 3248.807) (secs/iter:  0.917) (n_accepted: 76%) (u_error:  0.370134 %) (beta_change:  3.353175 %) (delta_change:  1.444183 %) (delta_peak/R:  6.787919 %)
iter:   3700 (Jcost: 2.726434e-01) (lr = 1.345e-03) (elapsed time: 3347.915) (secs/iter:  0.991) (n_accepted: 83%) (u_error:  0.369981 %) (beta_change:  3.416907 %) (delta_change:  1.471202 %) (delta_peak/R:  6.783541 %)
iter:   3800 (Jcost: 2.724016e-01) (lr = 2.005e-04) (elapsed time: 3442.578) (secs/iter:  0.947) (n_accepted: 77%) (u_error:  0.369839 %) (beta_change:  3.482398 %) (delta_change:  1.498457 %) (delta_peak/R:  6.778814 %)
iter:   3900 (Jcost: 2.721180e-01) (lr = 7.170e-05) (elapsed time: 3508.838) (secs/iter:  0.663) (n_accepted: 78%) (u_error:  0.369681 %) (beta_change:  3.560435 %) (delta_change:  1.530282 %) (delta_peak/R:  6.772892 %)
iter:   4000 (Jcost: 2.718670e-01) (lr = 6.155e-05) (elapsed time: 3582.172) (secs/iter:  0.733) (n_accepted: 79%) (u_error:  0.369538 %) (beta_change:  3.630522 %) (delta_change:  1.558246 %) (delta_peak/R:  6.767288 %)
-> Saved file: /media/rafael/DATA/Dropbox/20220924_FIML_solver/data/output/field_inversion/Beta_k__1__Beta_e__1/u_imp_1000/FI_run_T31_CP395_u_imp_1000_k_imp_1_e_imp_1/FI_run_T31_CP395_u_imp_1000_k_imp_1_e_imp_1_state_iter_4000.dat
iter:   4100 (Jcost: 2.716087e-01) (lr = 3.043e-04) (elapsed time: 3663.143) (secs/iter:  0.810) (n_accepted: 81%) (u_error:  0.369460 %) (beta_change:  3.704432 %) (delta_change:  1.587025 %) (delta_peak/R:  6.761334 %)
iter:   4200 (Jcost: 2.713939e-01) (lr = 3.611e-03) (elapsed time: 3739.846) (secs/iter:  0.767) (n_accepted: 82%) (u_error:  0.369295 %) (beta_change:  3.765167 %) (delta_change:  1.610296 %) (delta_peak/R:  6.755962 %)
iter:   4300 (Jcost: 2.711659e-01) (lr = 5.382e-04) (elapsed time: 3820.202) (secs/iter:  0.804) (n_accepted: 77%) (u_error:  0.369179 %) (beta_change:  3.831207 %) (delta_change:  1.635039 %) (delta_peak/R:  6.750136 %)
iter:   4400 (Jcost: 2.709705e-01) (lr = 1.925e-04) (elapsed time: 3901.043) (secs/iter:  0.808) (n_accepted: 78%) (u_error:  0.369105 %) (beta_change:  3.888496 %) (delta_change:  1.656027 %) (delta_peak/R:  6.745016 %)
iter:   4500 (Jcost: 2.707692e-01) (lr = 6.884e-05) (elapsed time: 3959.689) (secs/iter:  0.586) (n_accepted: 78%) (u_error:  0.368977 %) (beta_change:  3.947658 %) (delta_change:  1.677343 %) (delta_peak/R:  6.739454 %)
-> Saved file: /media/rafael/DATA/Dropbox/20220924_FIML_solver/data/output/field_inversion/Beta_k__1__Beta_e__1/u_imp_1000/FI_run_T31_CP395_u_imp_1000_k_imp_1_e_imp_1/FI_run_T31_CP395_u_imp_1000_k_imp_1_e_imp_1_state_iter_4500.dat
iter:   4600 (Jcost: 2.705530e-01) (lr = 1.418e-04) (elapsed time: 4035.577) (secs/iter:  0.759) (n_accepted: 80%) (u_error:  0.368851 %) (beta_change:  4.012051 %) (delta_change:  1.700053 %) (delta_peak/R:  6.733311 %)
iter:   4700 (Jcost: 2.703689e-01) (lr = 4.039e-03) (elapsed time: 4116.245) (secs/iter:  0.807) (n_accepted: 83%) (u_error:  0.368857 %) (beta_change:  4.068292 %) (delta_change:  1.719345 %) (delta_peak/R:  6.728174 %)
iter:   4800 (Jcost: 2.701922e-01) (lr = 1.445e-03) (elapsed time: 4190.598) (secs/iter:  0.744) (n_accepted: 78%) (u_error:  0.368691 %) (beta_change:  4.120472 %) (delta_change:  1.737089 %) (delta_peak/R:  6.722824 %)
iter:   4900 (Jcost: 2.700271e-01) (lr = 8.971e-05) (elapsed time: 4272.592) (secs/iter:  0.820) (n_accepted: 76%) (u_error:  0.368516 %) (beta_change:  4.172998 %) (delta_change:  1.754617 %) (delta_peak/R:  6.719679 %)
iter:   5000 (Jcost: 2.698768e-01) (lr = 2.555e-03) (elapsed time: 4349.430) (secs/iter:  0.768) (n_accepted: 83%) (u_error:  0.368579 %) (beta_change:  4.216425 %) (delta_change:  1.768642 %) (delta_peak/R:  6.718642 %)
-> Saved file: /media/rafael/DATA/Dropbox/20220924_FIML_solver/data/output/field_inversion/Beta_k__1__Beta_e__1/u_imp_1000/FI_run_T31_CP395_u_imp_1000_k_imp_1_e_imp_1/FI_run_T31_CP395_u_imp_1000_k_imp_1_e_imp_1_state_iter_5000.dat
iter:   5100 (Jcost: 2.697146e-01) (lr = 2.193e-03) (elapsed time: 4427.691) (secs/iter:  0.783) (n_accepted: 79%) (u_error:  0.368493 %) (beta_change:  4.265998 %) (delta_change:  1.784535 %) (delta_peak/R:  6.716937 %)
iter:   5200 (Jcost: 2.695365e-01) (lr = 7.844e-04) (elapsed time: 4505.150) (secs/iter:  0.775) (n_accepted: 78%) (u_error:  0.368418 %) (beta_change:  4.320808 %) (delta_change:  1.801755 %) (delta_peak/R:  6.714956 %)
iter:   5300 (Jcost: 2.693650e-01) (lr = 1.169e-04) (elapsed time: 4581.384) (secs/iter:  0.762) (n_accepted: 77%) (u_error:  0.368354 %) (beta_change:  4.373910 %) (delta_change:  1.818075 %) (delta_peak/R:  6.712906 %)
iter:   5400 (Jcost: 2.692166e-01) (lr = 1.003e-04) (elapsed time: 4631.602) (secs/iter:  0.502) (n_accepted: 79%) (u_error:  0.368266 %) (beta_change:  4.423777 %) (delta_change:  1.831925 %) (delta_peak/R:  6.710930 %)
iter:   5500 (Jcost: 2.690738e-01) (lr = 1.191e-03) (elapsed time: 4708.807) (secs/iter:  0.772) (n_accepted: 82%) (u_error:  0.368127 %) (beta_change:  4.482413 %) (delta_change:  1.845498 %) (delta_peak/R:  6.708725 %)
-> Saved file: /media/rafael/DATA/Dropbox/20220924_FIML_solver/data/output/field_inversion/Beta_k__1__Beta_e__1/u_imp_1000/FI_run_T31_CP395_u_imp_1000_k_imp_1_e_imp_1/FI_run_T31_CP395_u_imp_1000_k_imp_1_e_imp_1_state_iter_5500.dat
iter:   5600 (Jcost: 2.689493e-01) (lr = 2.453e-03) (elapsed time: 4791.112) (secs/iter:  0.823) (n_accepted: 80%) (u_error:  0.368181 %) (beta_change:  4.530685 %) (delta_change:  1.856387 %) (delta_peak/R:  6.707255 %)
iter:   5700 (Jcost: 2.688192e-01) (lr = 1.523e-04) (elapsed time: 4871.515) (secs/iter:  0.804) (n_accepted: 76%) (u_error:  0.368124 %) (beta_change:  4.583558 %) (delta_change:  1.868010 %) (delta_peak/R:  6.705302 %)
iter:   5800 (Jcost: 2.686574e-01) (lr = 5.448e-05) (elapsed time: 4947.414) (secs/iter:  0.759) (n_accepted: 78%) (u_error:  0.368041 %) (beta_change:  4.650134 %) (delta_change:  1.882207 %) (delta_peak/R:  6.702725 %)
iter:   5900 (Jcost: 2.684906e-01) (lr = 3.724e-03) (elapsed time: 5022.949) (secs/iter:  0.755) (n_accepted: 84%) (u_error:  0.368032 %) (beta_change:  4.721296 %) (delta_change:  1.896863 %) (delta_peak/R:  6.700061 %)
iter:   6000 (Jcost: 2.683714e-01) (lr = 1.332e-03) (elapsed time: 5102.286) (secs/iter:  0.793) (n_accepted: 78%) (u_error:  0.367905 %) (beta_change:  4.770441 %) (delta_change:  1.906652 %) (delta_peak/R:  6.697867 %)
-> Saved file: /media/rafael/DATA/Dropbox/20220924_FIML_solver/data/output/field_inversion/Beta_k__1__Beta_e__1/u_imp_1000/FI_run_T31_CP395_u_imp_1000_k_imp_1_e_imp_1/FI_run_T31_CP395_u_imp_1000_k_imp_1_e_imp_1_state_iter_6000.dat
iter:   6100 (Jcost: 2.682530e-01) (lr = 3.446e-05) (elapsed time: 5186.008) (secs/iter:  0.837) (n_accepted: 75%) (u_error:  0.367878 %) (beta_change:  4.821091 %) (delta_change:  1.916490 %) (delta_peak/R:  6.695808 %)
iter:   6200 (Jcost: 2.681099e-01) (lr = 2.355e-03) (elapsed time: 5258.733) (secs/iter:  0.727) (n_accepted: 84%) (u_error:  0.367851 %) (beta_change:  4.883569 %) (delta_change:  1.928277 %) (delta_peak/R:  6.693222 %)
iter:   6300 (Jcost: 2.679826e-01) (lr = 2.022e-03) (elapsed time: 5336.336) (secs/iter:  0.776) (n_accepted: 79%) (u_error:  0.367706 %) (beta_change:  4.939786 %) (delta_change:  1.938535 %) (delta_peak/R:  6.690545 %)
iter:   6400 (Jcost: 2.678588e-01) (lr = 1.735e-03) (elapsed time: 5410.079) (secs/iter:  0.737) (n_accepted: 79%) (u_error:  0.367693 %) (beta_change:  4.993840 %) (delta_change:  1.948133 %) (delta_peak/R:  6.688231 %)
iter:   6500 (Jcost: 2.677318e-01) (lr = 6.207e-04) (elapsed time: 5487.374) (secs/iter:  0.773) (n_accepted: 78%) (u_error:  0.367671 %) (beta_change:  5.050630 %) (delta_change:  1.957918 %) (delta_peak/R:  6.685729 %)
-> Saved file: /media/rafael/DATA/Dropbox/20220924_FIML_solver/data/output/field_inversion/Beta_k__1__Beta_e__1/u_imp_1000/FI_run_T31_CP395_u_imp_1000_k_imp_1_e_imp_1/FI_run_T31_CP395_u_imp_1000_k_imp_1_e_imp_1_state_iter_6500.dat
iter:   6600 (Jcost: 2.676198e-01) (lr = 9.250e-05) (elapsed time: 5570.838) (secs/iter:  0.835) (n_accepted: 77%) (u_error:  0.367617 %) (beta_change:  5.101293 %) (delta_change:  1.966389 %) (delta_peak/R:  6.683376 %)
iter:   6700 (Jcost: 2.674873e-01) (lr = 2.634e-03) (elapsed time: 5644.188) (secs/iter:  0.733) (n_accepted: 83%) (u_error:  0.367572 %) (beta_change:  5.161855 %) (delta_change:  1.976227 %) (delta_peak/R:  6.680565 %)
iter:   6800 (Jcost: 2.673885e-01) (lr = 9.423e-04) (elapsed time: 5723.151) (secs/iter:  0.790) (n_accepted: 78%) (u_error:  0.367521 %) (beta_change:  5.207505 %) (delta_change:  1.983419 %) (delta_peak/R:  6.678372 %)
iter:   6900 (Jcost: 2.672638e-01) (lr = 3.370e-04) (elapsed time: 5797.545) (secs/iter:  0.744) (n_accepted: 78%) (u_error:  0.367474 %) (beta_change:  5.265584 %) (delta_change:  1.992321 %) (delta_peak/R:  6.675589 %)
iter:   7000 (Jcost: 2.671443e-01) (lr = 5.022e-05) (elapsed time: 5877.890) (secs/iter:  0.803) (n_accepted: 77%) (u_error:  0.367437 %) (beta_change:  5.321805 %) (delta_change:  2.000667 %) (delta_peak/R:  6.672879 %)
-> Saved file: /media/rafael/DATA/Dropbox/20220924_FIML_solver/data/output/field_inversion/Beta_k__1__Beta_e__1/u_imp_1000/FI_run_T31_CP395_u_imp_1000_k_imp_1_e_imp_1/FI_run_T31_CP395_u_imp_1000_k_imp_1_e_imp_1_state_iter_7000.dat
iter:   7100 (Jcost: 2.670429e-01) (lr = 5.960e-04) (elapsed time: 5960.946) (secs/iter:  0.831) (n_accepted: 82%) (u_error:  0.367319 %) (beta_change:  5.372346 %) (delta_change:  2.007935 %) (delta_peak/R:  6.670211 %)
iter:   7200 (Jcost: 2.669597e-01) (lr = 1.228e-03) (elapsed time: 6037.547) (secs/iter:  0.766) (n_accepted: 80%) (u_error:  0.367363 %) (beta_change:  5.409765 %) (delta_change:  2.013198 %) (delta_peak/R:  6.668537 %)
iter:   7300 (Jcost: 2.668565e-01) (lr = 1.054e-03) (elapsed time: 6113.834) (secs/iter:  0.763) (n_accepted: 79%) (u_error:  0.367336 %) (beta_change:  5.459480 %) (delta_change:  2.020014 %) (delta_peak/R:  6.666085 %)
iter:   7400 (Jcost: 2.667614e-01) (lr = 6.545e-05) (elapsed time: 6193.677) (secs/iter:  0.798) (n_accepted: 76%) (u_error:  0.367304 %) (beta_change:  5.505647 %) (delta_change:  2.026173 %) (delta_peak/R:  6.663775 %)
iter:   7500 (Jcost: 2.666308e-01) (lr = 7.766e-04) (elapsed time: 6267.763) (secs/iter:  0.741) (n_accepted: 82%) (u_error:  0.367297 %) (beta_change:  5.570181 %) (delta_change:  2.036751 %) (delta_peak/R:  6.660607 %)
-> Saved file: /media/rafael/DATA/Dropbox/20220924_FIML_solver/data/output/field_inversion/Beta_k__1__Beta_e__1/u_imp_1000/FI_run_T31_CP395_u_imp_1000_k_imp_1_e_imp_1/FI_run_T31_CP395_u_imp_1000_k_imp_1_e_imp_1_state_iter_7500.dat
iter:   7600 (Jcost: 2.665385e-01) (lr = 1.600e-03) (elapsed time: 6343.617) (secs/iter:  0.759) (n_accepted: 80%) (u_error:  0.367224 %) (beta_change:  5.615318 %) (delta_change:  2.044349 %) (delta_peak/R:  6.658207 %)
iter:   7700 (Jcost: 2.664394e-01) (lr = 2.384e-04) (elapsed time: 6420.480) (secs/iter:  0.769) (n_accepted: 77%) (u_error:  0.367193 %) (beta_change:  5.664646 %) (delta_change:  2.052479 %) (delta_peak/R:  6.655690 %)
iter:   7800 (Jcost: 2.663433e-01) (lr = 2.047e-04) (elapsed time: 6497.476) (secs/iter:  0.770) (n_accepted: 79%) (u_error:  0.367157 %) (beta_change:  5.712867 %) (delta_change:  2.060277 %) (delta_peak/R:  6.653199 %)
iter:   7900 (Jcost: 2.662507e-01) (lr = 7.320e-05) (elapsed time: 6573.766) (secs/iter:  0.763) (n_accepted: 78%) (u_error:  0.367127 %) (beta_change:  5.759632 %) (delta_change:  2.067697 %) (delta_peak/R:  6.650784 %)
iter:   8000 (Jcost: 2.661434e-01) (lr = 3.619e-04) (elapsed time: 6645.353) (secs/iter:  0.716) (n_accepted: 81%) (u_error:  0.367186 %) (beta_change:  5.817404 %) (delta_change:  2.076642 %) (delta_peak/R:  6.648017 %)
-> Saved file: /media/rafael/DATA/Dropbox/20220924_FIML_solver/data/output/field_inversion/Beta_k__1__Beta_e__1/u_imp_1000/FI_run_T31_CP395_u_imp_1000_k_imp_1_e_imp_1/FI_run_T31_CP395_u_imp_1000_k_imp_1_e_imp_1_state_iter_8000.dat
iter:   8100 (Jcost: 2.660544e-01) (lr = 4.295e-03) (elapsed time: 6724.543) (secs/iter:  0.792) (n_accepted: 82%) (u_error:  0.367064 %) (beta_change:  5.859913 %) (delta_change:  2.083160 %) (delta_peak/R:  6.645573 %)
iter:   8200 (Jcost: 2.659770e-01) (lr = 1.111e-04) (elapsed time: 6800.736) (secs/iter:  0.762) (n_accepted: 75%) (u_error:  0.367039 %) (beta_change:  5.899856 %) (delta_change:  2.089154 %) (delta_peak/R:  6.643486 %)
iter:   8300 (Jcost: 2.658690e-01) (lr = 5.494e-04) (elapsed time: 6873.282) (secs/iter:  0.725) (n_accepted: 81%) (u_error:  0.367050 %) (beta_change:  5.956611 %) (delta_change:  2.097489 %) (delta_peak/R:  6.640623 %)
iter:   8400 (Jcost: 2.657797e-01) (lr = 1.132e-03) (elapsed time: 6945.523) (secs/iter:  0.722) (n_accepted: 80%) (u_error:  0.367008 %) (beta_change:  6.002941 %) (delta_change:  2.104172 %) (delta_peak/R:  6.638158 %)
iter:   8500 (Jcost: 2.657074e-01) (lr = 2.332e-03) (elapsed time: 7020.102) (secs/iter:  0.746) (n_accepted: 80%) (u_error:  0.366942 %) (beta_change:  6.040753 %) (delta_change:  2.109549 %) (delta_peak/R:  6.636065 %)
-> Saved file: /media/rafael/DATA/Dropbox/20220924_FIML_solver/data/output/field_inversion/Beta_k__1__Beta_e__1/u_imp_1000/FI_run_T31_CP395_u_imp_1000_k_imp_1_e_imp_1/FI_run_T31_CP395_u_imp_1000_k_imp_1_e_imp_1_state_iter_8500.dat
iter:   8600 (Jcost: 2.656178e-01) (lr = 8.341e-04) (elapsed time: 7096.958) (secs/iter:  0.769) (n_accepted: 78%) (u_error:  0.366916 %) (beta_change:  6.088145 %) (delta_change:  2.116157 %) (delta_peak/R:  6.633574 %)
iter:   8700 (Jcost: 2.655225e-01) (lr = 1.243e-04) (elapsed time: 7175.005) (secs/iter:  0.780) (n_accepted: 77%) (u_error:  0.366891 %) (beta_change:  6.138882 %) (delta_change:  2.123091 %) (delta_peak/R:  6.630912 %)
iter:   8800 (Jcost: 2.654409e-01) (lr = 1.067e-04) (elapsed time: 7251.377) (secs/iter:  0.764) (n_accepted: 79%) (u_error:  0.366884 %) (beta_change:  6.182573 %) (delta_change:  2.128941 %) (delta_peak/R:  6.628654 %)
iter:   8900 (Jcost: 2.653784e-01) (lr = 1.266e-03) (elapsed time: 7326.925) (secs/iter:  0.755) (n_accepted: 82%) (u_error:  0.366838 %) (beta_change:  6.216296 %) (delta_change:  2.133403 %) (delta_peak/R:  6.626812 %)
iter:   9000 (Jcost: 2.653059e-01) (lr = 1.087e-03) (elapsed time: 7393.718) (secs/iter:  0.668) (n_accepted: 79%) (u_error:  0.366788 %) (beta_change:  6.256270 %) (delta_change:  2.138614 %) (delta_peak/R:  6.624639 %)
-> Saved file: /media/rafael/DATA/Dropbox/20220924_FIML_solver/data/output/field_inversion/Beta_k__1__Beta_e__1/u_imp_1000/FI_run_T31_CP395_u_imp_1000_k_imp_1_e_imp_1/FI_run_T31_CP395_u_imp_1000_k_imp_1_e_imp_1_state_iter_9000.dat
iter:   9100 (Jcost: 2.652221e-01) (lr = 5.374e-03) (elapsed time: 7474.455) (secs/iter:  0.807) (n_accepted: 81%) (u_error:  0.366873 %) (beta_change:  6.302513 %) (delta_change:  2.144478 %) (delta_peak/R:  6.622470 %)
iter:   9200 (Jcost: 2.651446e-01) (lr = 1.922e-03) (elapsed time: 7548.810) (secs/iter:  0.744) (n_accepted: 78%) (u_error:  0.366794 %) (beta_change:  6.343353 %) (delta_change:  2.149632 %) (delta_peak/R:  6.620183 %)
iter:   9300 (Jcost: 2.650665e-01) (lr = 2.864e-04) (elapsed time: 7626.998) (secs/iter:  0.782) (n_accepted: 77%) (u_error:  0.366760 %) (beta_change:  6.386238 %) (delta_change:  2.154931 %) (delta_peak/R:  6.617902 %)
iter:   9400 (Jcost: 2.649891e-01) (lr = 2.459e-04) (elapsed time: 7703.623) (secs/iter:  0.766) (n_accepted: 79%) (u_error:  0.366744 %) (beta_change:  6.428976 %) (delta_change:  2.160111 %) (delta_peak/R:  6.615676 %)
iter:   9500 (Jcost: 2.649145e-01) (lr = 8.794e-05) (elapsed time: 7779.456) (secs/iter:  0.758) (n_accepted: 78%) (u_error:  0.366730 %) (beta_change:  6.470402 %) (delta_change:  2.165046 %) (delta_peak/R:  6.613524 %)
-> Saved file: /media/rafael/DATA/Dropbox/20220924_FIML_solver/data/output/field_inversion/Beta_k__1__Beta_e__1/u_imp_1000/FI_run_T31_CP395_u_imp_1000_k_imp_1_e_imp_1/FI_run_T31_CP395_u_imp_1000_k_imp_1_e_imp_1_state_iter_9500.dat
iter:   9600 (Jcost: 2.648247e-01) (lr = 1.812e-04) (elapsed time: 7855.862) (secs/iter:  0.764) (n_accepted: 80%) (u_error:  0.366642 %) (beta_change:  6.521793 %) (delta_change:  2.171084 %) (delta_peak/R:  6.610687 %)
iter:   9700 (Jcost: 2.647507e-01) (lr = 5.160e-03) (elapsed time: 7924.403) (secs/iter:  0.685) (n_accepted: 83%) (u_error:  0.366676 %) (beta_change:  6.562031 %) (delta_change:  2.175676 %) (delta_peak/R:  6.608720 %)
iter:   9800 (Jcost: 2.646781e-01) (lr = 7.689e-04) (elapsed time: 8001.110) (secs/iter:  0.767) (n_accepted: 77%) (u_error:  0.366675 %) (beta_change:  6.603024 %) (delta_change:  2.180295 %) (delta_peak/R:  6.606635 %)
iter:   9900 (Jcost: 2.645979e-01) (lr = 2.750e-04) (elapsed time: 8072.811) (secs/iter:  0.717) (n_accepted: 78%) (u_error:  0.366639 %) (beta_change:  6.648331 %) (delta_change:  2.185321 %) (delta_peak/R:  6.604249 %)
iter:  10000 (Jcost: 2.645310e-01) (lr = 5.666e-04) (elapsed time: 8150.371) (secs/iter:  0.776) (n_accepted: 80%) (u_error:  0.366695 %) (beta_change:  6.688727 %) (delta_change:  2.189684 %) (delta_peak/R:  6.602344 %)
-> Saved file: /media/rafael/DATA/Dropbox/20220924_FIML_solver/data/output/field_inversion/Beta_k__1__Beta_e__1/u_imp_1000/FI_run_T31_CP395_u_imp_1000_k_imp_1_e_imp_1/FI_run_T31_CP395_u_imp_1000_k_imp_1_e_imp_1_state_iter_10000.dat
iter:  10100 (Jcost: 2.644753e-01) (lr = 2.026e-04) (elapsed time: 8227.205) (secs/iter:  0.768) (n_accepted: 78%) (u_error:  0.366597 %) (beta_change:  6.718232 %) (delta_change:  2.192881 %) (delta_peak/R:  6.600619 %)
iter:  10200 (Jcost: 2.644070e-01) (lr = 7.248e-05) (elapsed time: 8305.311) (secs/iter:  0.781) (n_accepted: 78%) (u_error:  0.366585 %) (beta_change:  6.757331 %) (delta_change:  2.197008 %) (delta_peak/R:  6.598626 %)
iter:  10300 (Jcost: 2.643286e-01) (lr = 1.493e-04) (elapsed time: 8377.485) (secs/iter:  0.722) (n_accepted: 80%) (u_error:  0.366528 %) (beta_change:  6.803084 %) (delta_change:  2.201770 %) (delta_peak/R:  6.596196 %)
iter:  10400 (Jcost: 2.642657e-01) (lr = 1.772e-03) (elapsed time: 8458.138) (secs/iter:  0.807) (n_accepted: 82%) (u_error:  0.366541 %) (beta_change:  6.838851 %) (delta_change:  2.205403 %) (delta_peak/R:  6.594441 %)
iter:  10500 (Jcost: 2.641985e-01) (lr = 1.521e-03) (elapsed time: 8535.458) (secs/iter:  0.773) (n_accepted: 79%) (u_error:  0.366535 %) (beta_change:  6.877825 %) (delta_change:  2.209307 %) (delta_peak/R:  6.592487 %)
-> Saved file: /media/rafael/DATA/Dropbox/20220924_FIML_solver/data/output/field_inversion/Beta_k__1__Beta_e__1/u_imp_1000/FI_run_T31_CP395_u_imp_1000_k_imp_1_e_imp_1/FI_run_T31_CP395_u_imp_1000_k_imp_1_e_imp_1_state_iter_10500.dat
iter:  10600 (Jcost: 2.641365e-01) (lr = 5.440e-04) (elapsed time: 8607.153) (secs/iter:  0.717) (n_accepted: 78%) (u_error:  0.366523 %) (beta_change:  6.913929 %) (delta_change:  2.212868 %) (delta_peak/R:  6.590670 %)
iter:  10700 (Jcost: 2.640570e-01) (lr = 8.107e-05) (elapsed time: 8679.362) (secs/iter:  0.722) (n_accepted: 77%) (u_error:  0.366492 %) (beta_change:  6.960520 %) (delta_change:  2.217389 %) (delta_peak/R:  6.588296 %)
iter:  10800 (Jcost: 2.639836e-01) (lr = 6.959e-05) (elapsed time: 8754.246) (secs/iter:  0.749) (n_accepted: 79%) (u_error:  0.366454 %) (beta_change:  7.003942 %) (delta_change:  2.221524 %) (delta_peak/R:  6.586073 %)
iter:  10900 (Jcost: 2.639234e-01) (lr = 1.982e-03) (elapsed time: 8829.396) (secs/iter:  0.751) (n_accepted: 83%) (u_error:  0.366474 %) (beta_change:  7.039109 %) (delta_change:  2.224793 %) (delta_peak/R:  6.584402 %)
iter:  11000 (Jcost: 2.638673e-01) (lr = 5.128e-05) (elapsed time: 8901.255) (secs/iter:  0.719) (n_accepted: 75%) (u_error:  0.366462 %) (beta_change:  7.072331 %) (delta_change:  2.227848 %) (delta_peak/R:  6.582755 %)
-> Saved file: /media/rafael/DATA/Dropbox/20220924_FIML_solver/data/output/field_inversion/Beta_k__1__Beta_e__1/u_imp_1000/FI_run_T31_CP395_u_imp_1000_k_imp_1_e_imp_1/FI_run_T31_CP395_u_imp_1000_k_imp_1_e_imp_1_state_iter_11000.dat
iter:  11100 (Jcost: 2.638278e-01) (lr = 4.402e-05) (elapsed time: 8980.577) (secs/iter:  0.793) (n_accepted: 79%) (u_error:  0.366444 %) (beta_change:  7.095803 %) (delta_change:  2.229982 %) (delta_peak/R:  6.581573 %)
iter:  11200 (Jcost: 2.637714e-01) (lr = 5.223e-04) (elapsed time: 9052.239) (secs/iter:  0.717) (n_accepted: 82%) (u_error:  0.366431 %) (beta_change:  7.129366 %) (delta_change:  2.232992 %) (delta_peak/R:  6.579920 %)
iter:  11300 (Jcost: 2.637080e-01) (lr = 4.484e-04) (elapsed time: 9127.928) (secs/iter:  0.757) (n_accepted: 79%) (u_error:  0.366426 %) (beta_change:  7.167279 %) (delta_change:  2.236332 %) (delta_peak/R:  6.578083 %)
iter:  11400 (Jcost: 2.636507e-01) (lr = 1.604e-04) (elapsed time: 9206.541) (secs/iter:  0.786) (n_accepted: 78%) (u_error:  0.366403 %) (beta_change:  7.201610 %) (delta_change:  2.239315 %) (delta_peak/R:  6.576384 %)
iter:  11500 (Jcost: 2.635759e-01) (lr = 5.736e-05) (elapsed time: 9281.242) (secs/iter:  0.747) (n_accepted: 78%) (u_error:  0.366380 %) (beta_change:  7.246702 %) (delta_change:  2.243157 %) (delta_peak/R:  6.574185 %)
-> Saved file: /media/rafael/DATA/Dropbox/20220924_FIML_solver/data/output/field_inversion/Beta_k__1__Beta_e__1/u_imp_1000/FI_run_T31_CP395_u_imp_1000_k_imp_1_e_imp_1/FI_run_T31_CP395_u_imp_1000_k_imp_1_e_imp_1_state_iter_11500.dat
iter:  11600 (Jcost: 2.635191e-01) (lr = 1.182e-04) (elapsed time: 9362.995) (secs/iter:  0.818) (n_accepted: 80%) (u_error:  0.366415 %) (beta_change:  7.281835 %) (delta_change:  2.246063 %) (delta_peak/R:  6.572613 %)
iter:  11700 (Jcost: 2.634699e-01) (lr = 1.402e-03) (elapsed time: 9434.784) (secs/iter:  0.718) (n_accepted: 82%) (u_error:  0.366362 %) (beta_change:  7.311045 %) (delta_change:  2.248478 %) (delta_peak/R:  6.571116 %)
iter:  11800 (Jcost: 2.634056e-01) (lr = 8.707e-05) (elapsed time: 9511.536) (secs/iter:  0.768) (n_accepted: 76%) (u_error:  0.366352 %) (beta_change:  7.350308 %) (delta_change:  2.251649 %) (delta_peak/R:  6.569259 %)
iter:  11900 (Jcost: 2.633490e-01) (lr = 1.794e-04) (elapsed time: 9584.917) (secs/iter:  0.734) (n_accepted: 80%) (u_error:  0.366395 %) (beta_change:  7.386435 %) (delta_change:  2.254494 %) (delta_peak/R:  6.567685 %)
iter:  12000 (Jcost: 2.632992e-01) (lr = 2.129e-03) (elapsed time: 9659.267) (secs/iter:  0.743) (n_accepted: 82%) (u_error:  0.366322 %) (beta_change:  7.415610 %) (delta_change:  2.256800 %) (delta_peak/R:  6.566166 %)
-> Saved file: /media/rafael/DATA/Dropbox/20220924_FIML_solver/data/output/field_inversion/Beta_k__1__Beta_e__1/u_imp_1000/FI_run_T31_CP395_u_imp_1000_k_imp_1_e_imp_1/FI_run_T31_CP395_u_imp_1000_k_imp_1_e_imp_1_state_iter_12000.dat
iter:  12100 (Jcost: 2.632486e-01) (lr = 7.613e-04) (elapsed time: 9738.883) (secs/iter:  0.796) (n_accepted: 78%) (u_error:  0.366321 %) (beta_change:  7.446744 %) (delta_change:  2.259196 %) (delta_peak/R:  6.564733 %)
iter:  12200 (Jcost: 2.631905e-01) (lr = 6.535e-04) (elapsed time: 9813.178) (secs/iter:  0.743) (n_accepted: 79%) (u_error:  0.366306 %) (beta_change:  7.482660 %) (delta_change:  2.261922 %) (delta_peak/R:  6.563058 %)
iter:  12300 (Jcost: 2.631376e-01) (lr = 2.337e-04) (elapsed time: 9886.652) (secs/iter:  0.735) (n_accepted: 78%) (u_error:  0.366292 %) (beta_change:  7.515445 %) (delta_change:  2.264370 %) (delta_peak/R:  6.561534 %)
iter:  12400 (Jcost: 2.630640e-01) (lr = 8.360e-05) (elapsed time: 9958.208) (secs/iter:  0.716) (n_accepted: 78%) (u_error:  0.366280 %) (beta_change:  7.561265 %) (delta_change:  2.267727 %) (delta_peak/R:  6.559438 %)
iter:  12500 (Jcost: 2.630097e-01) (lr = 1.722e-04) (elapsed time: 10031.064) (secs/iter:  0.729) (n_accepted: 80%) (u_error:  0.366328 %) (beta_change:  7.596904 %) (delta_change:  2.270263 %) (delta_peak/R:  6.557958 %)
-> Saved file: /media/rafael/DATA/Dropbox/20220924_FIML_solver/data/output/field_inversion/Beta_k__1__Beta_e__1/u_imp_1000/FI_run_T31_CP395_u_imp_1000_k_imp_1_e_imp_1/FI_run_T31_CP395_u_imp_1000_k_imp_1_e_imp_1_state_iter_12500.dat
iter:  12600 (Jcost: 2.629627e-01) (lr = 2.044e-03) (elapsed time: 10105.576) (secs/iter:  0.745) (n_accepted: 82%) (u_error:  0.366255 %) (beta_change:  7.624534 %) (delta_change:  2.272243 %) (delta_peak/R:  6.556553 %)
iter:  12700 (Jcost: 2.628952e-01) (lr = 7.310e-04) (elapsed time: 10176.901) (secs/iter:  0.713) (n_accepted: 78%) (u_error:  0.366237 %) (beta_change:  7.666933 %) (delta_change:  2.275196 %) (delta_peak/R:  6.554633 %)
iter:  12800 (Jcost: 2.628430e-01) (lr = 2.614e-04) (elapsed time: 10253.595) (secs/iter:  0.767) (n_accepted: 78%) (u_error:  0.366232 %) (beta_change:  7.699822 %) (delta_change:  2.277439 %) (delta_peak/R:  6.553175 %)
iter:  12900 (Jcost: 2.627810e-01) (lr = 9.351e-05) (elapsed time: 10314.320) (secs/iter:  0.607) (n_accepted: 78%) (u_error:  0.366224 %) (beta_change:  7.739052 %) (delta_change:  2.280070 %) (delta_peak/R:  6.551445 %)
iter:  13000 (Jcost: 2.627305e-01) (lr = 1.110e-03) (elapsed time: 10388.618) (secs/iter:  0.743) (n_accepted: 82%) (u_error:  0.366220 %) (beta_change:  7.771097 %) (delta_change:  2.282180 %) (delta_peak/R:  6.550046 %)
-> Saved file: /media/rafael/DATA/Dropbox/20220924_FIML_solver/data/output/field_inversion/Beta_k__1__Beta_e__1/u_imp_1000/FI_run_T31_CP395_u_imp_1000_k_imp_1_e_imp_1/FI_run_T31_CP395_u_imp_1000_k_imp_1_e_imp_1_state_iter_13000.dat
iter:  13100 (Jcost: 2.626810e-01) (lr = 1.654e-04) (elapsed time: 10471.138) (secs/iter:  0.825) (n_accepted: 77%) (u_error:  0.366210 %) (beta_change:  7.802510 %) (delta_change:  2.284217 %) (delta_peak/R:  6.548667 %)
iter:  13200 (Jcost: 2.626306e-01) (lr = 5.915e-05) (elapsed time: 10546.681) (secs/iter:  0.755) (n_accepted: 78%) (u_error:  0.366189 %) (beta_change:  7.834635 %) (delta_change:  2.286272 %) (delta_peak/R:  6.547244 %)
iter:  13300 (Jcost: 2.625745e-01) (lr = 5.077e-05) (elapsed time: 10620.117) (secs/iter:  0.734) (n_accepted: 79%) (u_error:  0.366172 %) (beta_change:  7.870527 %) (delta_change:  2.288527 %) (delta_peak/R:  6.545676 %)
iter:  13400 (Jcost: 2.625374e-01) (lr = 1.446e-03) (elapsed time: 10690.243) (secs/iter:  0.701) (n_accepted: 83%) (u_error:  0.366172 %) (beta_change:  7.894240 %) (delta_change:  2.289989 %) (delta_peak/R:  6.544675 %)
iter:  13500 (Jcost: 2.624734e-01) (lr = 5.172e-04) (elapsed time: 10755.799) (secs/iter:  0.656) (n_accepted: 78%) (u_error:  0.366167 %) (beta_change:  7.935385 %) (delta_change:  2.292490 %) (delta_peak/R:  6.542933 %)
-> Saved file: /media/rafael/DATA/Dropbox/20220924_FIML_solver/data/output/field_inversion/Beta_k__1__Beta_e__1/u_imp_1000/FI_run_T31_CP395_u_imp_1000_k_imp_1_e_imp_1/FI_run_T31_CP395_u_imp_1000_k_imp_1_e_imp_1_state_iter_13500.dat
iter:  13600 (Jcost: 2.624245e-01) (lr = 7.707e-05) (elapsed time: 10831.632) (secs/iter:  0.758) (n_accepted: 77%) (u_error:  0.366152 %) (beta_change:  7.966954 %) (delta_change:  2.294376 %) (delta_peak/R:  6.541582 %)
iter:  13700 (Jcost: 2.623635e-01) (lr = 1.588e-04) (elapsed time: 10904.084) (secs/iter:  0.725) (n_accepted: 80%) (u_error:  0.366165 %) (beta_change:  8.006674 %) (delta_change:  2.296693 %) (delta_peak/R:  6.539971 %)
iter:  13800 (Jcost: 2.623237e-01) (lr = 1.884e-03) (elapsed time: 10979.256) (secs/iter:  0.752) (n_accepted: 82%) (u_error:  0.366128 %) (beta_change:  8.032201 %) (delta_change:  2.298175 %) (delta_peak/R:  6.538833 %)
iter:  13900 (Jcost: 2.622763e-01) (lr = 4.875e-05) (elapsed time: 11055.867) (secs/iter:  0.766) (n_accepted: 75%) (u_error:  0.366125 %) (beta_change:  8.062983 %) (delta_change:  2.299920 %) (delta_peak/R:  6.537568 %)
iter:  14000 (Jcost: 2.622261e-01) (lr = 1.004e-04) (elapsed time: 11131.544) (secs/iter:  0.757) (n_accepted: 80%) (u_error:  0.366111 %) (beta_change:  8.095698 %) (delta_change:  2.301748 %) (delta_peak/R:  6.536209 %)
-> Saved file: /media/rafael/DATA/Dropbox/20220924_FIML_solver/data/output/field_inversion/Beta_k__1__Beta_e__1/u_imp_1000/FI_run_T31_CP395_u_imp_1000_k_imp_1_e_imp_1/FI_run_T31_CP395_u_imp_1000_k_imp_1_e_imp_1_state_iter_14000.dat
iter:  14100 (Jcost: 2.621705e-01) (lr = 1.192e-03) (elapsed time: 11208.071) (secs/iter:  0.765) (n_accepted: 82%) (u_error:  0.366132 %) (beta_change:  8.132350 %) (delta_change:  2.303744 %) (delta_peak/R:  6.534784 %)
iter:  14200 (Jcost: 2.621287e-01) (lr = 1.023e-03) (elapsed time: 11284.781) (secs/iter:  0.767) (n_accepted: 79%) (u_error:  0.366094 %) (beta_change:  8.159393 %) (delta_change:  2.305214 %) (delta_peak/R:  6.533612 %)
iter:  14300 (Jcost: 2.620807e-01) (lr = 8.781e-04) (elapsed time: 11359.514) (secs/iter:  0.747) (n_accepted: 79%) (u_error:  0.366093 %) (beta_change:  8.190940 %) (delta_change:  2.306884 %) (delta_peak/R:  6.532356 %)
iter:  14400 (Jcost: 2.620352e-01) (lr = 3.141e-04) (elapsed time: 11434.816) (secs/iter:  0.753) (n_accepted: 78%) (u_error:  0.366075 %) (beta_change:  8.220909 %) (delta_change:  2.308451 %) (delta_peak/R:  6.531132 %)
iter:  14500 (Jcost: 2.619808e-01) (lr = 1.123e-04) (elapsed time: 11505.902) (secs/iter:  0.711) (n_accepted: 78%) (u_error:  0.366066 %) (beta_change:  8.256841 %) (delta_change:  2.310293 %) (delta_peak/R:  6.529703 %)
-> Saved file: /media/rafael/DATA/Dropbox/20220924_FIML_solver/data/output/field_inversion/Beta_k__1__Beta_e__1/u_imp_1000/FI_run_T31_CP395_u_imp_1000_k_imp_1_e_imp_1/FI_run_T31_CP395_u_imp_1000_k_imp_1_e_imp_1_state_iter_14500.dat
iter:  14600 (Jcost: 2.619232e-01) (lr = 2.314e-04) (elapsed time: 11582.991) (secs/iter:  0.771) (n_accepted: 80%) (u_error:  0.366099 %) (beta_change:  8.295574 %) (delta_change:  2.312221 %) (delta_peak/R:  6.528279 %)
iter:  14700 (Jcost: 2.618770e-01) (lr = 2.746e-03) (elapsed time: 11655.735) (secs/iter:  0.727) (n_accepted: 82%) (u_error:  0.366057 %) (beta_change:  8.325662 %) (delta_change:  2.313717 %) (delta_peak/R:  6.527019 %)
iter:  14800 (Jcost: 2.618370e-01) (lr = 9.822e-04) (elapsed time: 11730.441) (secs/iter:  0.747) (n_accepted: 78%) (u_error:  0.366051 %) (beta_change:  8.352256 %) (delta_change:  2.315006 %) (delta_peak/R:  6.525988 %)
iter:  14900 (Jcost: 2.617918e-01) (lr = 3.513e-04) (elapsed time: 11803.050) (secs/iter:  0.726) (n_accepted: 78%) (u_error:  0.366049 %) (beta_change:  8.382443 %) (delta_change:  2.316445 %) (delta_peak/R:  6.524836 %)
iter:  15000 (Jcost: 2.617405e-01) (lr = 1.257e-04) (elapsed time: 11874.531) (secs/iter:  0.715) (n_accepted: 78%) (u_error:  0.366035 %) (beta_change:  8.416724 %) (delta_change:  2.318055 %) (delta_peak/R:  6.523510 %)
-> Saved file: /media/rafael/DATA/Dropbox/20220924_FIML_solver/data/output/field_inversion/Beta_k__1__Beta_e__1/u_imp_1000/FI_run_T31_CP395_u_imp_1000_k_imp_1_e_imp_1/FI_run_T31_CP395_u_imp_1000_k_imp_1_e_imp_1_state_iter_15000.dat
iter:  15000 (Jcost: 2.617405e-01) (lr = 1.508e-04) (elapsed time: 11880.038) (secs/iter:   None) (n_accepted: 0%) (u_error:  0.366035 %) (beta_change:  8.416778 %) (delta_change:  2.318057 %) (delta_peak/R:  6.523507 %)
