# ------------------------------------------------------------------------
#                  Input Arguments
# ------------------------------------------------------------------------
# Begin_Input_Arguments
{ 'all_b_mode': ['Beta_e'],
  'args_mk_solver': { 'torch': "<module 'torch' from "
                               "'/home/rafael/anaconda3/lib/python3.9/site-packages/torch/__init__.py'>",
                      'y_grid': [0.0, 0.000309700312, 0.000638645973, 0.00098802599, 0.00135910194, 0.00175321227, 0.00217177688, 0.00261630193, 0.00308838486, 0.00358971984, 0.00412210331, 0.00468744001, 0.00528774917, 0.00592517114, 0.00660197432, 0.0073205624, 0.00808348206, 0.00889343092, 0.00975326602, 0.0106660126, 0.0116348733, 0.0126632377, 0.0137546927, 0.0149130326, 0.0161422702, 0.0174466482, 0.0188306506, 0.0202990157, 0.0218567475, 0.02350913, 0.0252617393, 0.0271204584, 0.0290914903, 0.0311813732, 0.033396994, 0.0357456039, 0.0382348325, 0.0408727029, 0.0436676462, 0.0466285159, 0.0497646022, 0.0530856456, 0.0566018496, 0.0603238931, 0.0642629411, 0.068430655, 0.0728392004, 0.0775012535, 0.0824300053, 0.0876391634, 0.0931429507, 0.0989561006, 0.105093849, 0.111571922, 0.118406518, 0.125614286, 0.133212296, 0.141218006, 0.14964922, 0.158524039, 0.167860801, 0.177678022, 0.187994313, 0.1988283, 0.21019853, 0.222123362, 0.234620856, 0.247708641, 0.261403784, 0.275722637, 0.290680679, 0.306292354, 0.322570888, 0.339528108, 0.357174255, 0.375517785, 0.394565175, 0.414320726, 0.43478637, 0.45596148, 0.47784269, 0.500423731, 0.523695275, 0.547644806, 0.572256506, 0.597511177, 0.623386184, 0.649855436, 0.676889401, 0.704455158, 0.73251649, 0.761034018, 0.789965372, 0.819265404, 0.848886442, 0.878778572, 0.908889961, 0.939167201, 0.969555687, 1.0],
                      'Ret': 934.126735,
                      'cp': 1.0,
                      'A_sca_rho': 1.0,
                      'A_sca_mu': 0.0010705185522818807,
                      'A_sca_k': 0.0010705185522818807,
                      'b_exp_rho': 0.0,
                      'b_exp_mu': 0.0,
                      'b_exp_k': 0.0,
                      'tensor_device': 'cpu',
                      'as_tensor': '<function '
                                   'Build_arguments_fi_run._mk_args_MK_solver.<locals>.<lambda> '
                                   'at 0x7f44acfdbd30>',
                      'ref_dns': { 'u_dns': [0.0, 0.289202326, 0.596361542, 0.922232815, 1.26786587, 1.63406494, 2.02166109, 2.43038921, 2.85994791, 3.31047454, 3.78194088, 4.26981818, 4.77110545, 5.28643164, 5.81398678, 6.33957158, 6.86490559, 7.38963256, 7.91001422, 8.41230193, 8.89623699, 9.36504453, 9.81596309, 10.246646, 10.6549934, 11.0336573, 11.3913522, 11.7280697, 12.0442383, 12.340618, 12.6182616, 12.8784029, 13.1223756, 13.3515833, 13.5674626, 13.7714332, 13.9649014, 14.148244, 14.3224877, 14.4901709, 14.6524075, 14.8101366, 14.9622363, 15.1118588, 15.2593734, 15.4040247, 15.5481455, 15.69054, 15.8331708, 15.974796, 16.116925, 16.2590961, 16.4015223, 16.5446293, 16.6883036, 16.8323089, 16.9767882, 17.1220215, 17.2679857, 17.4146323, 17.5619305, 17.7099824, 17.8584942, 18.0075215, 18.1571147, 18.3074341, 18.4582366, 18.6096905, 18.7611669, 18.9129714, 19.064844, 19.2171413, 19.3696687, 19.521806, 19.6730767, 19.8237726, 19.9739835, 20.1234321, 20.2718903, 20.4193407, 20.5653876, 20.7097738, 20.8521392, 20.9925785, 21.1312054, 21.2673777, 21.4006557, 21.5299285, 21.6547188, 21.7744124, 21.887869, 21.993718, 22.0913253, 22.1794352, 22.2568929, 22.3224476, 22.3750086, 22.4133742, 22.4367832, 22.4446805],
                                   'T_dns': [1.0, 1.0, 1.0, 1.0, 1.0, 1.0, 1.0, 1.0, 1.0, 1.0, 1.0, 1.0, 1.0, 1.0, 1.0, 1.0, 1.0, 1.0, 1.0, 1.0, 1.0, 1.0, 1.0, 1.0, 1.0, 1.0, 1.0, 1.0, 1.0, 1.0, 1.0, 1.0, 1.0, 1.0, 1.0, 1.0, 1.0, 1.0, 1.0, 1.0, 1.0, 1.0, 1.0, 1.0, 1.0, 1.0, 1.0, 1.0, 1.0, 1.0, 1.0, 1.0, 1.0, 1.0, 1.0, 1.0, 1.0, 1.0, 1.0, 1.0, 1.0, 1.0, 1.0, 1.0, 1.0, 1.0, 1.0, 1.0, 1.0, 1.0, 1.0, 1.0, 1.0, 1.0, 1.0, 1.0, 1.0, 1.0, 1.0, 1.0, 1.0, 1.0, 1.0, 1.0, 1.0, 1.0, 1.0, 1.0, 1.0, 1.0, 1.0, 1.0, 1.0, 1.0, 1.0, 1.0, 1.0, 1.0, 1.0, 1.0],
                                   'mu_dns': [0.0010705185522818807, 0.0010705185522818807, 0.0010705185522818807, 0.0010705185522818807, 0.0010705185522818807, 0.0010705185522818807, 0.0010705185522818807, 0.0010705185522818807, 0.0010705185522818807, 0.0010705185522818807, 0.0010705185522818807, 0.0010705185522818807, 0.0010705185522818807, 0.0010705185522818807, 0.0010705185522818807, 0.0010705185522818807, 0.0010705185522818807, 0.0010705185522818807, 0.0010705185522818807, 0.0010705185522818807, 0.0010705185522818807, 0.0010705185522818807, 0.0010705185522818807, 0.0010705185522818807, 0.0010705185522818807, 0.0010705185522818807, 0.0010705185522818807, 0.0010705185522818807, 0.0010705185522818807, 0.0010705185522818807, 0.0010705185522818807, 0.0010705185522818807, 0.0010705185522818807, 0.0010705185522818807, 0.0010705185522818807, 0.0010705185522818807, 0.0010705185522818807, 0.0010705185522818807, 0.0010705185522818807, 0.0010705185522818807, 0.0010705185522818807, 0.0010705185522818807, 0.0010705185522818807, 0.0010705185522818807, 0.0010705185522818807, 0.0010705185522818807, 0.0010705185522818807, 0.0010705185522818807, 0.0010705185522818807, 0.0010705185522818807, 0.0010705185522818807, 0.0010705185522818807, 0.0010705185522818807, 0.0010705185522818807, 0.0010705185522818807, 0.0010705185522818807, 0.0010705185522818807, 0.0010705185522818807, 0.0010705185522818807, 0.0010705185522818807, 0.0010705185522818807, 0.0010705185522818807, 0.0010705185522818807, 0.0010705185522818807, 0.0010705185522818807, 0.0010705185522818807, 0.0010705185522818807, 0.0010705185522818807, 0.0010705185522818807, 0.0010705185522818807, 0.0010705185522818807, 0.0010705185522818807, 0.0010705185522818807, 0.0010705185522818807, 0.0010705185522818807, 0.0010705185522818807, 0.0010705185522818807, 0.0010705185522818807, 0.0010705185522818807, 0.0010705185522818807, 0.0010705185522818807, 0.0010705185522818807, 0.0010705185522818807, 0.0010705185522818807, 0.0010705185522818807, 0.0010705185522818807, 0.0010705185522818807, 0.0010705185522818807, 0.0010705185522818807, 0.0010705185522818807, 0.0010705185522818807, 0.0010705185522818807, 0.0010705185522818807, 0.0010705185522818807, 0.0010705185522818807, 0.0010705185522818807, 0.0010705185522818807, 0.0010705185522818807, 0.0010705185522818807, 0.0010705185522818807],
                                   'rho_dns': [1.0, 1.0, 1.0, 1.0, 1.0, 1.0, 1.0, 1.0, 1.0, 1.0, 1.0, 1.0, 1.0, 1.0, 1.0, 1.0, 1.0, 1.0, 1.0, 1.0, 1.0, 1.0, 1.0, 1.0, 1.0, 1.0, 1.0, 1.0, 1.0, 1.0, 1.0, 1.0, 1.0, 1.0, 1.0, 1.0, 1.0, 1.0, 1.0, 1.0, 1.0, 1.0, 1.0, 1.0, 1.0, 1.0, 1.0, 1.0, 1.0, 1.0, 1.0, 1.0, 1.0, 1.0, 1.0, 1.0, 1.0, 1.0, 1.0, 1.0, 1.0, 1.0, 1.0, 1.0, 1.0, 1.0, 1.0, 1.0, 1.0, 1.0, 1.0, 1.0, 1.0, 1.0, 1.0, 1.0, 1.0, 1.0, 1.0, 1.0, 1.0, 1.0, 1.0, 1.0, 1.0, 1.0, 1.0, 1.0, 1.0, 1.0, 1.0, 1.0, 1.0, 1.0, 1.0, 1.0, 1.0, 1.0, 1.0, 1.0]},
                      'case': 'Jimenez_Re950',
                      'constant_Sq_heat': 0.0,
                      'use_visc_heating': False,
                      'Pr_turb': 1.0,
                      'fprint': '<function '
                                'Build_arguments_fi_run._mk_args_MK_solver.<locals>.<lambda> '
                                'at 0x7f44acfdbca0>',
                      'compressible_correction': False,
                      'bool_solve_energy': False,
                      'output_last': False},
  'u_imp': 10,
  'k_imp': 0,
  'e_imp': 1,
  'solve_sparse_adj': True,
  'all_ref_beta_distrib': {'K': [1.0, 1.0, 1.0, 1.0, 1.0, 1.0, 1.0, 1.0, 1.0, 1.0, 1.0, 1.0, 1.0, 1.0, 1.0, 1.0, 1.0, 1.0, 1.0, 1.0, 1.0, 1.0, 1.0, 1.0, 1.0, 1.0, 1.0, 1.0, 1.0, 1.0, 1.0, 1.0, 1.0, 1.0, 1.0, 1.0, 1.0, 1.0, 1.0, 1.0, 1.0, 1.0, 1.0, 1.0, 1.0, 1.0, 1.0, 1.0, 1.0, 1.0, 1.0, 1.0, 1.0, 1.0, 1.0, 1.0, 1.0, 1.0, 1.0, 1.0, 1.0, 1.0, 1.0, 1.0, 1.0, 1.0, 1.0, 1.0, 1.0, 1.0, 1.0, 1.0, 1.0, 1.0, 1.0, 1.0, 1.0, 1.0, 1.0, 1.0, 1.0, 1.0, 1.0, 1.0, 1.0, 1.0, 1.0, 1.0, 1.0, 1.0, 1.0, 1.0, 1.0, 1.0, 1.0, 1.0, 1.0, 1.0, 1.0, 1.0], 'E': [1.0, 0.9999172, 0.99986189, 0.9997896, 0.99969295, 0.99956234, 0.99938572, 0.9991486, 0.99883579, 0.99843703, 0.99795667, 0.99740662, 0.99674508, 0.99582826, 0.99453375, 0.99284985, 0.99075587, 0.98820584, 0.9851581, 0.98157985, 0.9774491, 0.97275887, 0.96752195, 0.96177561, 0.95558681, 0.94905794, 0.94233618, 0.93562618, 0.92920135, 0.9234168, 0.91872451, 0.91569064, 0.91501501, 0.91755144, 0.92432621, 0.936549, 0.95560714, 0.98302902, 1.02040711, 1.0692927, 1.13111995, 1.20690267, 1.29499851, 1.38701014, 1.46805995, 1.52363512, 1.54598341, 1.53508691, 1.49597448, 1.43566151, 1.36118725, 1.2787773, 1.19364609, 1.11011452, 1.03177276, 0.96159088, 0.90197717, 0.85477054, 0.82115578, 0.80154244, 0.79547853, 0.80164341, 0.81794565, 0.84174127, 0.87015054, 0.90038049, 0.92997165, 0.95696337, 0.979952, 0.99810574, 1.01113433, 1.01919375, 1.02274234, 1.02235046, 1.01860251, 1.01212922, 1.00363848, 0.9938675, 0.98353216, 0.97331375, 0.96383721, 0.95565842, 0.94928741, 0.94522597, 0.94395347, 0.94577885, 0.95068037, 0.95821668, 0.9675667, 0.9776701, 0.98735454, 0.99551135, 1.00135213, 1.00458587, 1.00543925, 1.00456052, 1.00280599, 1.00098585, 0.99968451, 0.99961622]},
  'all_ref_delta_distrib': {'K': [-0.0, -0.0, -0.0, -0.0, -0.0, -0.0, -0.0, -0.0, -0.0, -0.0, -0.0, -0.0, -0.0, -0.0, -0.0, -0.0, -0.0, -0.0, -0.0, -0.0, -0.0, -0.0, -0.0, -0.0, -0.0, -0.0, -0.0, -0.0, -0.0, -0.0, -0.0, -0.0, -0.0, -0.0, -0.0, -0.0, -0.0, -0.0, -0.0, -0.0, -0.0, -0.0, -0.0, -0.0, -0.0, -0.0, -0.0, -0.0, -0.0, -0.0, -0.0, -0.0, -0.0, -0.0, -0.0, -0.0, -0.0, -0.0, -0.0, -0.0, -0.0, -0.0, -0.0, -0.0, -0.0, -0.0, -0.0, -0.0, -0.0, -0.0, -0.0, -0.0, -0.0, -0.0, -0.0, -0.0, -0.0, -0.0, -0.0, -0.0, -0.0, -0.0, -0.0, -0.0, -0.0, -0.0, -0.0, -0.0, -0.0, -0.0, -0.0, -0.0, -0.0, -0.0, -0.0, -0.0, -0.0, -0.0, -0.0, -0.0], 'E': [-0.0, 0.29713672372625655, 0.6773769142981723, 1.1940128049028929, 1.9256727539428928, 2.9868433189676784, 4.541477300767509, 6.821965353716092, 10.151585484640995, 14.971361972118425, 21.864907216087442, 31.58109025136405, 45.0422770566267, 63.28758594034453, 87.23384366004477, 117.32307790014646, 153.2970898341946, 194.11107131654705, 238.02669767273346, 282.8862595526424, 326.4339371954928, 366.56166396983144, 401.464823905303, 429.7170448171054, 450.27975331830675, 462.4756066871354, 465.9240454768126, 460.4752780470311, 446.19078686661425, 423.3345124992778, 392.36997752207486, 353.9611835721421, 308.97192310890426, 258.46078974109696, 203.6686196235456, 145.99647374458178, 86.97223157492613, 28.20544421319792, -28.682377326862927, -82.17652069784494, -131.06143519833907, -174.3730411880757, -210.0835138165278, -233.89542917075698, -241.6270746826093, -232.84639392399944, -211.1861706170315, -181.93518420599102, -149.8190983672462, -118.11792997223304, -88.73068184160483, -62.580990463539706, -40.0100050104516, -21.062146716168428, -5.650309783094486, 6.367543125353372, 15.164503209882435, 20.95335303960067, 24.01263359940839, 24.710492247759795, 23.508119559137842, 20.935888778108165, 17.545484074302042, 13.849304807953688, 10.264720376758493, 7.08176478644152, 4.460408925738835, 2.4494080507983313, 1.0177370893360849, 0.0856903451847547, -0.44872515622028997, -0.6893471493937133, -0.7284196990490311, -0.6390066824960406, -0.47522178868224185, -0.2771158931574363, -0.07439660463724443, 0.11225933678455338, 0.2698464335318709, 0.3911636761723675, 0.47351719506377793, 0.5175919104536567, 0.526213673351326, 0.5034044473282178, 0.4542304983091341, 0.38552959118693597, 0.30589950621670003, 0.2246665969336483, 0.15020764340637052, 0.08849684918365416, 0.042619870805063166, 0.012794985633306274, -0.003246428527930543, -0.009258801598173922, -0.009256818547036093, -0.0065992736419981865, -0.003513600804683959, -0.0010992729721224827, 0.00032612681784394165, 0.0003863770797276794]},
  'fname_print': '/media/rafael/DATA/Dropbox/20220924_FIML_solver/data/output/field_inversion/Beta_e/u_imp_10/FI_run_Jimenez_Re950_u_imp_10_k_imp_0_e_imp_1/FI_run_Jimenez_Re950_u_imp_10_k_imp_0_e_imp_1.log',
  'folder': '/media/rafael/DATA/Dropbox/20220924_FIML_solver/data/output/field_inversion/Beta_e/u_imp_10/FI_run_Jimenez_Re950_u_imp_10_k_imp_0_e_imp_1',
  'iters_limit': 15000}
# End_Input_Arguments

# ------------------------------------------------------------------------
#                  Iterations
# ------------------------------------------------------------------------

iter:      0 (Jcost: 9.900261e-02) (lr = 1.000e-03) (elapsed time:  0.002) (secs/iter:   None) (n_accepted: 0%) (u_error:  2.448376 %) (beta_change: 54.598341 %) (delta_change:  2.182610 %) (delta_peak/R:  0.000000 %)
-> Saved file: /media/rafael/DATA/Dropbox/20220924_FIML_solver/data/output/field_inversion/Beta_e/u_imp_10/FI_run_Jimenez_Re950_u_imp_10_k_imp_0_e_imp_1/FI_run_Jimenez_Re950_u_imp_10_k_imp_0_e_imp_1_state_iter_0.dat
iter:    100 (Jcost: 1.849353e-02) (lr = 2.373e-02) (elapsed time: 71.404) (secs/iter:  0.714) (n_accepted: 83%) (u_error:  0.874726 %) (beta_change: 43.511085 %) (delta_change:  1.452346 %) (delta_peak/R:  2.724532 %)
iter:    200 (Jcost: 1.644800e-02) (lr = 2.037e-02) (elapsed time: 161.426) (secs/iter:  0.900) (n_accepted: 79%) (u_error:  0.748622 %) (beta_change: 40.232166 %) (delta_change:  1.209357 %) (delta_peak/R:  2.469360 %)
iter:    300 (Jcost: 1.540137e-02) (lr = 2.417e-01) (elapsed time: 244.925) (secs/iter:  0.835) (n_accepted: 82%) (u_error:  0.742436 %) (beta_change: 37.040540 %) (delta_change:  0.978798 %) (delta_peak/R:  2.328513 %)
iter:    400 (Jcost: 1.491576e-02) (lr = 4.980e-01) (elapsed time: 327.425) (secs/iter:  0.825) (n_accepted: 80%) (u_error:  0.719201 %) (beta_change: 35.093025 %) (delta_change:  0.884294 %) (delta_peak/R:  2.301630 %)
iter:    500 (Jcost: 1.465872e-02) (lr = 1.781e-01) (elapsed time: 409.725) (secs/iter:  0.823) (n_accepted: 78%) (u_error:  0.711103 %) (beta_change: 33.679664 %) (delta_change:  0.801941 %) (delta_peak/R:  2.282845 %)
-> Saved file: /media/rafael/DATA/Dropbox/20220924_FIML_solver/data/output/field_inversion/Beta_e/u_imp_10/FI_run_Jimenez_Re950_u_imp_10_k_imp_0_e_imp_1/FI_run_Jimenez_Re950_u_imp_10_k_imp_0_e_imp_1_state_iter_500.dat
iter:    600 (Jcost: 1.438323e-02) (lr = 1.106e-02) (elapsed time: 498.801) (secs/iter:  0.891) (n_accepted: 76%) (u_error:  0.702678 %) (beta_change: 31.829979 %) (delta_change:  0.729791 %) (delta_peak/R:  2.259530 %)
iter:    700 (Jcost: 1.426213e-02) (lr = 7.560e-01) (elapsed time: 570.814) (secs/iter:  0.720) (n_accepted: 84%) (u_error:  0.699397 %) (beta_change: 30.852924 %) (delta_change:  0.682253 %) (delta_peak/R:  2.247698 %)
iter:    800 (Jcost: 1.414413e-02) (lr = 2.704e-01) (elapsed time: 651.524) (secs/iter:  0.807) (n_accepted: 78%) (u_error:  0.697200 %) (beta_change: 29.747603 %) (delta_change:  0.626413 %) (delta_peak/R:  2.234366 %)
iter:    900 (Jcost: 1.406394e-02) (lr = 9.672e-02) (elapsed time: 729.806) (secs/iter:  0.783) (n_accepted: 78%) (u_error:  0.693757 %) (beta_change: 28.898421 %) (delta_change:  0.599414 %) (delta_peak/R:  2.226641 %)
iter:   1000 (Jcost: 1.398511e-02) (lr = 1.441e-02) (elapsed time: 797.127) (secs/iter:  0.673) (n_accepted: 77%) (u_error:  0.691775 %) (beta_change: 27.966419 %) (delta_change:  0.566081 %) (delta_peak/R:  2.217561 %)
-> Saved file: /media/rafael/DATA/Dropbox/20220924_FIML_solver/data/output/field_inversion/Beta_e/u_imp_10/FI_run_Jimenez_Re950_u_imp_10_k_imp_0_e_imp_1/FI_run_Jimenez_Re950_u_imp_10_k_imp_0_e_imp_1_state_iter_1000.dat
iter:   1100 (Jcost: 1.391760e-02) (lr = 9.852e-01) (elapsed time: 877.590) (secs/iter:  0.805) (n_accepted: 84%) (u_error:  0.691932 %) (beta_change: 27.070902 %) (delta_change:  0.531116 %) (delta_peak/R:  2.208020 %)
iter:   1200 (Jcost: 1.387627e-02) (lr = 6.117e-02) (elapsed time: 956.995) (secs/iter:  0.794) (n_accepted: 76%) (u_error:  0.688915 %) (beta_change: 26.501739 %) (delta_change:  0.507699 %) (delta_peak/R:  2.205037 %)
iter:   1300 (Jcost: 1.382408e-02) (lr = 2.188e-02) (elapsed time: 1010.574) (secs/iter:  0.536) (n_accepted: 78%) (u_error:  0.687302 %) (beta_change: 25.715020 %) (delta_change:  0.474393 %) (delta_peak/R:  2.199273 %)
iter:   1400 (Jcost: 1.378962e-02) (lr = 6.231e-01) (elapsed time: 1071.691) (secs/iter:  0.611) (n_accepted: 83%) (u_error:  0.686067 %) (beta_change: 25.160594 %) (delta_change:  0.456413 %) (delta_peak/R:  2.195678 %)
iter:   1500 (Jcost: 1.374821e-02) (lr = 9.286e-02) (elapsed time: 1149.950) (secs/iter:  0.783) (n_accepted: 77%) (u_error:  0.684703 %) (beta_change: 24.452743 %) (delta_change:  0.438117 %) (delta_peak/R:  2.191264 %)
-> Saved file: /media/rafael/DATA/Dropbox/20220924_FIML_solver/data/output/field_inversion/Beta_e/u_imp_10/FI_run_Jimenez_Re950_u_imp_10_k_imp_0_e_imp_1/FI_run_Jimenez_Re950_u_imp_10_k_imp_0_e_imp_1_state_iter_1500.dat
iter:   1600 (Jcost: 1.371640e-02) (lr = 1.384e-02) (elapsed time: 1234.173) (secs/iter:  0.842) (n_accepted: 77%) (u_error:  0.684130 %) (beta_change: 23.874832 %) (delta_change:  0.422199 %) (delta_peak/R:  2.187531 %)
iter:   1700 (Jcost: 1.368878e-02) (lr = 3.941e-01) (elapsed time: 1310.076) (secs/iter:  0.759) (n_accepted: 83%) (u_error:  0.685240 %) (beta_change: 23.336123 %) (delta_change:  0.406738 %) (delta_peak/R:  2.182881 %)
iter:   1800 (Jcost: 1.366798e-02) (lr = 1.020e-02) (elapsed time: 1386.636) (secs/iter:  0.766) (n_accepted: 75%) (u_error:  0.683136 %) (beta_change: 22.928331 %) (delta_change:  0.394732 %) (delta_peak/R:  2.181990 %)
iter:   1900 (Jcost: 1.364096e-02) (lr = 2.101e-02) (elapsed time: 1462.446) (secs/iter:  0.758) (n_accepted: 80%) (u_error:  0.682578 %) (beta_change: 22.359522 %) (delta_change:  0.377603 %) (delta_peak/R:  2.178914 %)
iter:   2000 (Jcost: 1.361483e-02) (lr = 2.493e-01) (elapsed time: 1535.307) (secs/iter:  0.729) (n_accepted: 82%) (u_error:  0.680269 %) (beta_change: 21.770528 %) (delta_change:  0.359540 %) (delta_peak/R:  2.177397 %)
-> Saved file: /media/rafael/DATA/Dropbox/20220924_FIML_solver/data/output/field_inversion/Beta_e/u_imp_10/FI_run_Jimenez_Re950_u_imp_10_k_imp_0_e_imp_1/FI_run_Jimenez_Re950_u_imp_10_k_imp_0_e_imp_1_state_iter_2000.dat
iter:   2100 (Jcost: 1.359818e-02) (lr = 3.715e-02) (elapsed time: 1618.910) (secs/iter:  0.836) (n_accepted: 77%) (u_error:  0.681598 %) (beta_change: 21.387397 %) (delta_change:  0.347658 %) (delta_peak/R:  2.174117 %)
iter:   2200 (Jcost: 1.357888e-02) (lr = 1.329e-02) (elapsed time: 1697.830) (secs/iter:  0.789) (n_accepted: 78%) (u_error:  0.680665 %) (beta_change: 20.916160 %) (delta_change:  0.332972 %) (delta_peak/R:  2.172354 %)
iter:   2300 (Jcost: 1.356111e-02) (lr = 6.570e-02) (elapsed time: 1773.500) (secs/iter:  0.757) (n_accepted: 81%) (u_error:  0.678713 %) (beta_change: 20.449546 %) (delta_change:  0.318405 %) (delta_peak/R:  2.171629 %)
iter:   2400 (Jcost: 1.354901e-02) (lr = 5.640e-02) (elapsed time: 1844.563) (secs/iter:  0.711) (n_accepted: 79%) (u_error:  0.680026 %) (beta_change: 20.137413 %) (delta_change:  0.308671 %) (delta_peak/R:  2.168938 %)
iter:   2500 (Jcost: 1.353271e-02) (lr = 4.841e-02) (elapsed time: 1918.361) (secs/iter:  0.738) (n_accepted: 79%) (u_error:  0.679651 %) (beta_change: 19.684128 %) (delta_change:  0.300459 %) (delta_peak/R:  2.167120 %)
-> Saved file: /media/rafael/DATA/Dropbox/20220924_FIML_solver/data/output/field_inversion/Beta_e/u_imp_10/FI_run_Jimenez_Re950_u_imp_10_k_imp_0_e_imp_1/FI_run_Jimenez_Re950_u_imp_10_k_imp_0_e_imp_1_state_iter_2500.dat
iter:   2600 (Jcost: 1.351382e-02) (lr = 1.731e-02) (elapsed time: 1996.829) (secs/iter:  0.785) (n_accepted: 78%) (u_error:  0.679051 %) (beta_change: 19.130627 %) (delta_change:  0.290833 %) (delta_peak/R:  2.165127 %)
iter:   2700 (Jcost: 1.349866e-02) (lr = 4.931e-01) (elapsed time: 2065.821) (secs/iter:  0.690) (n_accepted: 83%) (u_error:  0.679542 %) (beta_change: 18.659183 %) (delta_change:  0.282699 %) (delta_peak/R:  2.162628 %)
iter:   2800 (Jcost: 1.348963e-02) (lr = 7.349e-02) (elapsed time: 2130.403) (secs/iter:  0.646) (n_accepted: 77%) (u_error:  0.678325 %) (beta_change: 18.370197 %) (delta_change:  0.277703 %) (delta_peak/R:  2.162473 %)
iter:   2900 (Jcost: 1.347903e-02) (lr = 2.628e-02) (elapsed time: 2201.330) (secs/iter:  0.709) (n_accepted: 78%) (u_error:  0.679591 %) (beta_change: 18.009280 %) (delta_change:  0.271542 %) (delta_peak/R:  2.159847 %)
iter:   3000 (Jcost: 1.346668e-02) (lr = 1.300e-01) (elapsed time: 2270.052) (secs/iter:  0.687) (n_accepted: 81%) (u_error:  0.677996 %) (beta_change: 17.588805 %) (delta_change:  0.264333 %) (delta_peak/R:  2.159553 %)
-> Saved file: /media/rafael/DATA/Dropbox/20220924_FIML_solver/data/output/field_inversion/Beta_e/u_imp_10/FI_run_Jimenez_Re950_u_imp_10_k_imp_0_e_imp_1/FI_run_Jimenez_Re950_u_imp_10_k_imp_0_e_imp_1_state_iter_3000.dat
iter:   3100 (Jcost: 1.345637e-02) (lr = 4.648e-02) (elapsed time: 2351.224) (secs/iter:  0.812) (n_accepted: 78%) (u_error:  0.677712 %) (beta_change: 17.215200 %) (delta_change:  0.257979 %) (delta_peak/R:  2.158329 %)
iter:   3200 (Jcost: 1.344583e-02) (lr = 1.662e-02) (elapsed time: 2423.680) (secs/iter:  0.725) (n_accepted: 78%) (u_error:  0.677719 %) (beta_change: 16.817760 %) (delta_change:  0.251257 %) (delta_peak/R:  2.156792 %)
iter:   3300 (Jcost: 1.343668e-02) (lr = 1.427e-02) (elapsed time: 2499.550) (secs/iter:  0.759) (n_accepted: 79%) (u_error:  0.677453 %) (beta_change: 16.458596 %) (delta_change:  0.245204 %) (delta_peak/R:  2.155678 %)
iter:   3400 (Jcost: 1.342849e-02) (lr = 4.064e-01) (elapsed time: 2573.270) (secs/iter:  0.737) (n_accepted: 83%) (u_error:  0.677439 %) (beta_change: 16.125413 %) (delta_change:  0.239617 %) (delta_peak/R:  2.154465 %)
iter:   3500 (Jcost: 1.342120e-02) (lr = 1.052e-02) (elapsed time: 2648.948) (secs/iter:  0.757) (n_accepted: 75%) (u_error:  0.677071 %) (beta_change: 15.819214 %) (delta_change:  0.234495 %) (delta_peak/R:  2.153688 %)
-> Saved file: /media/rafael/DATA/Dropbox/20220924_FIML_solver/data/output/field_inversion/Beta_e/u_imp_10/FI_run_Jimenez_Re950_u_imp_10_k_imp_0_e_imp_1/FI_run_Jimenez_Re950_u_imp_10_k_imp_0_e_imp_1_state_iter_3500.dat
iter:   3600 (Jcost: 1.341439e-02) (lr = 7.187e-01) (elapsed time: 2725.349) (secs/iter:  0.764) (n_accepted: 84%) (u_error:  0.676800 %) (beta_change: 15.524266 %) (delta_change:  0.229582 %) (delta_peak/R:  2.152886 %)
iter:   3700 (Jcost: 1.340724e-02) (lr = 6.170e-01) (elapsed time: 2795.253) (secs/iter:  0.699) (n_accepted: 79%) (u_error:  0.676713 %) (beta_change: 15.204505 %) (delta_change:  0.224279 %) (delta_peak/R:  2.151852 %)
iter:   3800 (Jcost: 1.339950e-02) (lr = 9.194e-02) (elapsed time: 2868.864) (secs/iter:  0.736) (n_accepted: 77%) (u_error:  0.676411 %) (beta_change: 14.846657 %) (delta_change:  0.218366 %) (delta_peak/R:  2.150901 %)
iter:   3900 (Jcost: 1.339320e-02) (lr = 3.288e-02) (elapsed time: 2943.026) (secs/iter:  0.742) (n_accepted: 78%) (u_error:  0.676749 %) (beta_change: 14.544922 %) (delta_change:  0.213415 %) (delta_peak/R:  2.149598 %)
iter:   4000 (Jcost: 1.338684e-02) (lr = 1.176e-02) (elapsed time: 3016.798) (secs/iter:  0.738) (n_accepted: 78%) (u_error:  0.676228 %) (beta_change: 14.233209 %) (delta_change:  0.208302 %) (delta_peak/R:  2.149039 %)
-> Saved file: /media/rafael/DATA/Dropbox/20220924_FIML_solver/data/output/field_inversion/Beta_e/u_imp_10/FI_run_Jimenez_Re950_u_imp_10_k_imp_0_e_imp_1/FI_run_Jimenez_Re950_u_imp_10_k_imp_0_e_imp_1_state_iter_4000.dat
iter:   4100 (Jcost: 1.338023e-02) (lr = 2.423e-02) (elapsed time: 3090.777) (secs/iter:  0.740) (n_accepted: 80%) (u_error:  0.676712 %) (beta_change: 13.894045 %) (delta_change:  0.202785 %) (delta_peak/R:  2.147523 %)
iter:   4200 (Jcost: 1.337479e-02) (lr = 6.901e-01) (elapsed time: 3163.234) (secs/iter:  0.725) (n_accepted: 83%) (u_error:  0.675559 %) (beta_change: 13.612253 %) (delta_change:  0.198187 %) (delta_peak/R:  2.147657 %)
iter:   4300 (Jcost: 1.336977e-02) (lr = 4.285e-02) (elapsed time: 3233.111) (secs/iter:  0.699) (n_accepted: 76%) (u_error:  0.675852 %) (beta_change: 13.344521 %) (delta_change:  0.193865 %) (delta_peak/R:  2.146568 %)
iter:   4400 (Jcost: 1.336445e-02) (lr = 1.533e-02) (elapsed time: 3304.564) (secs/iter:  0.715) (n_accepted: 78%) (u_error:  0.675778 %) (beta_change: 13.051383 %) (delta_change:  0.189143 %) (delta_peak/R:  2.145742 %)
iter:   4500 (Jcost: 1.335968e-02) (lr = 7.578e-02) (elapsed time: 3376.435) (secs/iter:  0.719) (n_accepted: 81%) (u_error:  0.676766 %) (beta_change: 12.767224 %) (delta_change:  0.184609 %) (delta_peak/R:  2.144019 %)
-> Saved file: /media/rafael/DATA/Dropbox/20220924_FIML_solver/data/output/field_inversion/Beta_e/u_imp_10/FI_run_Jimenez_Re950_u_imp_10_k_imp_0_e_imp_1/FI_run_Jimenez_Re950_u_imp_10_k_imp_0_e_imp_1_state_iter_4500.dat
iter:   4600 (Jcost: 1.335513e-02) (lr = 8.992e-01) (elapsed time: 3452.168) (secs/iter:  0.757) (n_accepted: 82%) (u_error:  0.675282 %) (beta_change: 12.518597 %) (delta_change:  0.180604 %) (delta_peak/R:  2.144600 %)
iter:   4700 (Jcost: 1.335061e-02) (lr = 7.719e-01) (elapsed time: 3523.805) (secs/iter:  0.716) (n_accepted: 79%) (u_error:  0.675523 %) (beta_change: 12.250890 %) (delta_change:  0.176350 %) (delta_peak/R:  2.143611 %)
iter:   4800 (Jcost: 1.334622e-02) (lr = 2.761e-01) (elapsed time: 3593.646) (secs/iter:  0.698) (n_accepted: 78%) (u_error:  0.675178 %) (beta_change: 11.985236 %) (delta_change:  0.172131 %) (delta_peak/R:  2.143159 %)
iter:   4900 (Jcost: 1.334235e-02) (lr = 4.114e-02) (elapsed time: 3664.445) (secs/iter:  0.708) (n_accepted: 77%) (u_error:  0.675198 %) (beta_change: 11.745271 %) (delta_change:  0.168344 %) (delta_peak/R:  2.142470 %)
iter:   5000 (Jcost: 1.333812e-02) (lr = 3.532e-02) (elapsed time: 3734.900) (secs/iter:  0.705) (n_accepted: 79%) (u_error:  0.675132 %) (beta_change: 11.477608 %) (delta_change:  0.164133 %) (delta_peak/R:  2.141789 %)
-> Saved file: /media/rafael/DATA/Dropbox/20220924_FIML_solver/data/output/field_inversion/Beta_e/u_imp_10/FI_run_Jimenez_Re950_u_imp_10_k_imp_0_e_imp_1/FI_run_Jimenez_Re950_u_imp_10_k_imp_0_e_imp_1_state_iter_5000.dat
iter:   5100 (Jcost: 1.333402e-02) (lr = 3.032e-02) (elapsed time: 3812.608) (secs/iter:  0.777) (n_accepted: 79%) (u_error:  0.674544 %) (beta_change: 11.210346 %) (delta_change:  0.159935 %) (delta_peak/R:  2.141584 %)
iter:   5200 (Jcost: 1.333045e-02) (lr = 3.598e-01) (elapsed time: 3881.494) (secs/iter:  0.689) (n_accepted: 82%) (u_error:  0.675048 %) (beta_change: 10.975822 %) (delta_change:  0.156289 %) (delta_peak/R:  2.140512 %)
iter:   5300 (Jcost: 1.332676e-02) (lr = 3.088e-01) (elapsed time: 3951.397) (secs/iter:  0.699) (n_accepted: 79%) (u_error:  0.674886 %) (beta_change: 10.727546 %) (delta_change:  0.152429 %) (delta_peak/R:  2.140002 %)
iter:   5400 (Jcost: 1.332368e-02) (lr = 1.105e-01) (elapsed time: 4025.096) (secs/iter:  0.737) (n_accepted: 78%) (u_error:  0.674797 %) (beta_change: 10.516364 %) (delta_change:  0.149160 %) (delta_peak/R:  2.139534 %)
iter:   5500 (Jcost: 1.332003e-02) (lr = 3.950e-02) (elapsed time: 4091.962) (secs/iter:  0.669) (n_accepted: 78%) (u_error:  0.674779 %) (beta_change: 10.260420 %) (delta_change:  0.145215 %) (delta_peak/R:  2.138895 %)
-> Saved file: /media/rafael/DATA/Dropbox/20220924_FIML_solver/data/output/field_inversion/Beta_e/u_imp_10/FI_run_Jimenez_Re950_u_imp_10_k_imp_0_e_imp_1/FI_run_Jimenez_Re950_u_imp_10_k_imp_0_e_imp_1_state_iter_5500.dat
iter:   5600 (Jcost: 1.331684e-02) (lr = 3.391e-02) (elapsed time: 4168.243) (secs/iter:  0.763) (n_accepted: 79%) (u_error:  0.673766 %) (beta_change: 10.024704 %) (delta_change:  0.141574 %) (delta_peak/R:  2.139198 %)
iter:   5700 (Jcost: 1.331336e-02) (lr = 9.658e-01) (elapsed time: 4235.492) (secs/iter:  0.672) (n_accepted: 83%) (u_error:  0.675027 %) (beta_change:  9.776410 %) (delta_change:  0.137811 %) (delta_peak/R:  2.137469 %)
iter:   5800 (Jcost: 1.331100e-02) (lr = 1.439e-01) (elapsed time: 4306.815) (secs/iter:  0.713) (n_accepted: 77%) (u_error:  0.674674 %) (beta_change:  9.604998 %) (delta_change:  0.135193 %) (delta_peak/R:  2.137362 %)
iter:   5900 (Jcost: 1.330820e-02) (lr = 1.235e-01) (elapsed time: 4376.097) (secs/iter:  0.693) (n_accepted: 79%) (u_error:  0.674406 %) (beta_change:  9.395557 %) (delta_change:  0.132010 %) (delta_peak/R:  2.137094 %)
iter:   6000 (Jcost: 1.330543e-02) (lr = 4.419e-02) (elapsed time: 4447.171) (secs/iter:  0.711) (n_accepted: 78%) (u_error:  0.674393 %) (beta_change:  9.183980 %) (delta_change:  0.128814 %) (delta_peak/R:  2.136602 %)
-> Saved file: /media/rafael/DATA/Dropbox/20220924_FIML_solver/data/output/field_inversion/Beta_e/u_imp_10/FI_run_Jimenez_Re950_u_imp_10_k_imp_0_e_imp_1/FI_run_Jimenez_Re950_u_imp_10_k_imp_0_e_imp_1_state_iter_6000.dat
iter:   6100 (Jcost: 1.330281e-02) (lr = 1.580e-02) (elapsed time: 4523.458) (secs/iter:  0.763) (n_accepted: 78%) (u_error:  0.674327 %) (beta_change:  8.981397 %) (delta_change:  0.125764 %) (delta_peak/R:  2.136186 %)
iter:   6200 (Jcost: 1.330066e-02) (lr = 4.501e-01) (elapsed time: 4592.809) (secs/iter:  0.693) (n_accepted: 83%) (u_error:  0.674338 %) (beta_change:  8.812660 %) (delta_change:  0.123234 %) (delta_peak/R:  2.135784 %)
iter:   6300 (Jcost: 1.329856e-02) (lr = 2.795e-02) (elapsed time: 4662.811) (secs/iter:  0.700) (n_accepted: 76%) (u_error:  0.674661 %) (beta_change:  8.642361 %) (delta_change:  0.120697 %) (delta_peak/R:  2.135109 %)
iter:   6400 (Jcost: 1.329597e-02) (lr = 1.382e-01) (elapsed time: 4731.435) (secs/iter:  0.686) (n_accepted: 81%) (u_error:  0.673529 %) (beta_change:  8.431634 %) (delta_change:  0.117533 %) (delta_peak/R:  2.135632 %)
iter:   6500 (Jcost: 1.329342e-02) (lr = 6.833e-01) (elapsed time: 4797.375) (secs/iter:  0.659) (n_accepted: 81%) (u_error:  0.674009 %) (beta_change:  8.227997 %) (delta_change:  0.114611 %) (delta_peak/R:  2.134753 %)
-> Saved file: /media/rafael/DATA/Dropbox/20220924_FIML_solver/data/output/field_inversion/Beta_e/u_imp_10/FI_run_Jimenez_Re950_u_imp_10_k_imp_0_e_imp_1/FI_run_Jimenez_Re950_u_imp_10_k_imp_0_e_imp_1_state_iter_6500.dat
iter:   6600 (Jcost: 1.329131e-02) (lr = 1.018e-01) (elapsed time: 4873.582) (secs/iter:  0.762) (n_accepted: 77%) (u_error:  0.674072 %) (beta_change:  8.052196 %) (delta_change:  0.112101 %) (delta_peak/R:  2.134309 %)
iter:   6700 (Jcost: 1.328905e-02) (lr = 8.741e-02) (elapsed time: 4943.770) (secs/iter:  0.702) (n_accepted: 79%) (u_error:  0.674036 %) (beta_change:  7.862617 %) (delta_change:  0.109394 %) (delta_peak/R:  2.133927 %)
iter:   6800 (Jcost: 1.328694e-02) (lr = 3.126e-02) (elapsed time: 5014.349) (secs/iter:  0.706) (n_accepted: 78%) (u_error:  0.673769 %) (beta_change:  7.681472 %) (delta_change:  0.106803 %) (delta_peak/R:  2.133773 %)
iter:   6900 (Jcost: 1.328435e-02) (lr = 1.118e-02) (elapsed time: 5078.783) (secs/iter:  0.644) (n_accepted: 78%) (u_error:  0.673729 %) (beta_change:  7.457495 %) (delta_change:  0.103606 %) (delta_peak/R:  2.133332 %)
iter:   7000 (Jcost: 1.328212e-02) (lr = 7.643e-01) (elapsed time: 5146.174) (secs/iter:  0.674) (n_accepted: 84%) (u_error:  0.674517 %) (beta_change:  7.254019 %) (delta_change:  0.100719 %) (delta_peak/R:  2.132209 %)
-> Saved file: /media/rafael/DATA/Dropbox/20220924_FIML_solver/data/output/field_inversion/Beta_e/u_imp_10/FI_run_Jimenez_Re950_u_imp_10_k_imp_0_e_imp_1/FI_run_Jimenez_Re950_u_imp_10_k_imp_0_e_imp_1_state_iter_7000.dat
iter:   7100 (Jcost: 1.328030e-02) (lr = 2.733e-01) (elapsed time: 5222.862) (secs/iter:  0.767) (n_accepted: 78%) (u_error:  0.673719 %) (beta_change:  7.099652 %) (delta_change:  0.098501 %) (delta_peak/R:  2.132594 %)
iter:   7200 (Jcost: 1.327853e-02) (lr = 1.697e-02) (elapsed time: 5286.579) (secs/iter:  0.637) (n_accepted: 76%) (u_error:  0.673804 %) (beta_change:  6.940769 %) (delta_change:  0.096237 %) (delta_peak/R:  2.132193 %)
iter:   7300 (Jcost: 1.327676e-02) (lr = 1.457e-02) (elapsed time: 5350.871) (secs/iter:  0.643) (n_accepted: 79%) (u_error:  0.673507 %) (beta_change:  6.778917 %) (delta_change:  0.093924 %) (delta_peak/R:  2.132127 %)
iter:   7400 (Jcost: 1.327488e-02) (lr = 9.959e-01) (elapsed time: 5418.300) (secs/iter:  0.674) (n_accepted: 84%) (u_error:  0.673444 %) (beta_change:  6.604500 %) (delta_change:  0.091437 %) (delta_peak/R:  2.131833 %)
iter:   7500 (Jcost: 1.327336e-02) (lr = 1.484e-01) (elapsed time: 5485.545) (secs/iter:  0.672) (n_accepted: 77%) (u_error:  0.673769 %) (beta_change:  6.463472 %) (delta_change:  0.089434 %) (delta_peak/R:  2.131265 %)
-> Saved file: /media/rafael/DATA/Dropbox/20220924_FIML_solver/data/output/field_inversion/Beta_e/u_imp_10/FI_run_Jimenez_Re950_u_imp_10_k_imp_0_e_imp_1/FI_run_Jimenez_Re950_u_imp_10_k_imp_0_e_imp_1_state_iter_7500.dat
iter:   7600 (Jcost: 1.327143e-02) (lr = 5.308e-02) (elapsed time: 5559.080) (secs/iter:  0.735) (n_accepted: 78%) (u_error:  0.673619 %) (beta_change:  6.282039 %) (delta_change:  0.086847 %) (delta_peak/R:  2.131040 %)
iter:   7700 (Jcost: 1.326955e-02) (lr = 7.911e-03) (elapsed time: 5628.326) (secs/iter:  0.692) (n_accepted: 77%) (u_error:  0.673618 %) (beta_change:  6.102518 %) (delta_change:  0.084291 %) (delta_peak/R:  2.130693 %)
iter:   7800 (Jcost: 1.326793e-02) (lr = 1.630e-02) (elapsed time: 5671.430) (secs/iter:  0.431) (n_accepted: 80%) (u_error:  0.673020 %) (beta_change:  5.940845 %) (delta_change:  0.081977 %) (delta_peak/R:  2.130910 %)
iter:   7900 (Jcost: 1.326633e-02) (lr = 4.641e-01) (elapsed time: 5735.704) (secs/iter:  0.643) (n_accepted: 83%) (u_error:  0.674059 %) (beta_change:  5.783704 %) (delta_change:  0.079761 %) (delta_peak/R:  2.129692 %)
iter:   8000 (Jcost: 1.326476e-02) (lr = 3.984e-01) (elapsed time: 5792.003) (secs/iter:  0.563) (n_accepted: 79%) (u_error:  0.673445 %) (beta_change:  5.634164 %) (delta_change:  0.077621 %) (delta_peak/R:  2.129953 %)
-> Saved file: /media/rafael/DATA/Dropbox/20220924_FIML_solver/data/output/field_inversion/Beta_e/u_imp_10/FI_run_Jimenez_Re950_u_imp_10_k_imp_0_e_imp_1/FI_run_Jimenez_Re950_u_imp_10_k_imp_0_e_imp_1_state_iter_8000.dat
iter:   8100 (Jcost: 1.326325e-02) (lr = 1.425e-01) (elapsed time: 5851.994) (secs/iter:  0.600) (n_accepted: 78%) (u_error:  0.673447 %) (beta_change:  5.482839 %) (delta_change:  0.075468 %) (delta_peak/R:  2.129669 %)
iter:   8200 (Jcost: 1.326135e-02) (lr = 2.124e-02) (elapsed time: 5919.581) (secs/iter:  0.676) (n_accepted: 77%) (u_error:  0.673321 %) (beta_change:  5.290926 %) (delta_change:  0.072736 %) (delta_peak/R:  2.129425 %)
iter:   8300 (Jcost: 1.325994e-02) (lr = 1.823e-02) (elapsed time: 5976.641) (secs/iter:  0.571) (n_accepted: 79%) (u_error:  0.673002 %) (beta_change:  5.143535 %) (delta_change:  0.070634 %) (delta_peak/R:  2.129437 %)
iter:   8400 (Jcost: 1.325848e-02) (lr = 3.756e-02) (elapsed time: 6026.454) (secs/iter:  0.498) (n_accepted: 80%) (u_error:  0.672929 %) (beta_change:  4.991708 %) (delta_change:  0.068474 %) (delta_peak/R:  2.129226 %)
iter:   8500 (Jcost: 1.325708e-02) (lr = 1.070e+00) (elapsed time: 6068.768) (secs/iter:  0.423) (n_accepted: 83%) (u_error:  0.673303 %) (beta_change:  4.848967 %) (delta_change:  0.067646 %) (delta_peak/R:  2.128639 %)
-> Saved file: /media/rafael/DATA/Dropbox/20220924_FIML_solver/data/output/field_inversion/Beta_e/u_imp_10/FI_run_Jimenez_Re950_u_imp_10_k_imp_0_e_imp_1/FI_run_Jimenez_Re950_u_imp_10_k_imp_0_e_imp_1_state_iter_8500.dat
iter:   8600 (Jcost: 1.325579e-02) (lr = 1.594e-01) (elapsed time: 6143.845) (secs/iter:  0.751) (n_accepted: 77%) (u_error:  0.673424 %) (beta_change:  4.712435 %) (delta_change:  0.067502 %) (delta_peak/R:  2.128289 %)
iter:   8700 (Jcost: 1.325431e-02) (lr = 5.701e-02) (elapsed time: 6211.195) (secs/iter:  0.673) (n_accepted: 78%) (u_error:  0.673279 %) (beta_change:  4.553896 %) (delta_change:  0.067473 %) (delta_peak/R:  2.128137 %)
iter:   8800 (Jcost: 1.325291e-02) (lr = 2.039e-02) (elapsed time: 6283.364) (secs/iter:  0.722) (n_accepted: 78%) (u_error:  0.673254 %) (beta_change:  4.403308 %) (delta_change:  0.067393 %) (delta_peak/R:  2.127896 %)
iter:   8900 (Jcost: 1.325182e-02) (lr = 5.807e-01) (elapsed time: 6350.711) (secs/iter:  0.673) (n_accepted: 83%) (u_error:  0.673197 %) (beta_change:  4.284046 %) (delta_change:  0.067347 %) (delta_peak/R:  2.127740 %)
iter:   9000 (Jcost: 1.325075e-02) (lr = 8.654e-02) (elapsed time: 6420.458) (secs/iter:  0.697) (n_accepted: 77%) (u_error:  0.673052 %) (beta_change:  4.166194 %) (delta_change:  0.067346 %) (delta_peak/R:  2.127664 %)
-> Saved file: /media/rafael/DATA/Dropbox/20220924_FIML_solver/data/output/field_inversion/Beta_e/u_imp_10/FI_run_Jimenez_Re950_u_imp_10_k_imp_0_e_imp_1/FI_run_Jimenez_Re950_u_imp_10_k_imp_0_e_imp_1_state_iter_9000.dat
iter:   9100 (Jcost: 1.324949e-02) (lr = 3.095e-02) (elapsed time: 6494.648) (secs/iter:  0.742) (n_accepted: 78%) (u_error:  0.673236 %) (beta_change:  4.026435 %) (delta_change:  0.067173 %) (delta_peak/R:  2.127262 %)
iter:   9200 (Jcost: 1.324831e-02) (lr = 1.107e-02) (elapsed time: 6563.060) (secs/iter:  0.684) (n_accepted: 78%) (u_error:  0.673023 %) (beta_change:  3.893744 %) (delta_change:  0.067197 %) (delta_peak/R:  2.127225 %)
iter:   9300 (Jcost: 1.324701e-02) (lr = 7.567e-01) (elapsed time: 6627.371) (secs/iter:  0.643) (n_accepted: 84%) (u_error:  0.673345 %) (beta_change:  3.746145 %) (delta_change:  0.066953 %) (delta_peak/R:  2.126692 %)
iter:   9400 (Jcost: 1.324608e-02) (lr = 2.706e-01) (elapsed time: 6696.005) (secs/iter:  0.686) (n_accepted: 78%) (u_error:  0.673152 %) (beta_change:  3.640744 %) (delta_change:  0.066985 %) (delta_peak/R:  2.126686 %)
iter:   9500 (Jcost: 1.324505e-02) (lr = 9.680e-02) (elapsed time: 6765.220) (secs/iter:  0.692) (n_accepted: 78%) (u_error:  0.673146 %) (beta_change:  3.522080 %) (delta_change:  0.066919 %) (delta_peak/R:  2.126494 %)
-> Saved file: /media/rafael/DATA/Dropbox/20220924_FIML_solver/data/output/field_inversion/Beta_e/u_imp_10/FI_run_Jimenez_Re950_u_imp_10_k_imp_0_e_imp_1/FI_run_Jimenez_Re950_u_imp_10_k_imp_0_e_imp_1_state_iter_9500.dat
iter:   9600 (Jcost: 1.324394e-02) (lr = 8.309e-02) (elapsed time: 6840.121) (secs/iter:  0.749) (n_accepted: 79%) (u_error:  0.673046 %) (beta_change:  3.392404 %) (delta_change:  0.066892 %) (delta_peak/R:  2.126369 %)
iter:   9700 (Jcost: 1.324256e-02) (lr = 1.238e-02) (elapsed time: 6910.281) (secs/iter:  0.702) (n_accepted: 77%) (u_error:  0.673022 %) (beta_change:  3.230653 %) (delta_change:  0.066810 %) (delta_peak/R:  2.126124 %)
iter:   9800 (Jcost: 1.324138e-02) (lr = 6.123e-02) (elapsed time: 6977.003) (secs/iter:  0.667) (n_accepted: 81%) (u_error:  0.673245 %) (beta_change:  3.089246 %) (delta_change:  0.066621 %) (delta_peak/R:  2.125698 %)
iter:   9900 (Jcost: 1.324048e-02) (lr = 3.027e-01) (elapsed time: 7048.681) (secs/iter:  0.717) (n_accepted: 81%) (u_error:  0.672968 %) (beta_change:  2.981928 %) (delta_change:  0.066695 %) (delta_peak/R:  2.125769 %)
iter:  10000 (Jcost: 1.323964e-02) (lr = 1.880e-02) (elapsed time: 7120.854) (secs/iter:  0.722) (n_accepted: 76%) (u_error:  0.672961 %) (beta_change:  2.896273 %) (delta_change:  0.066642 %) (delta_peak/R:  2.125613 %)
-> Saved file: /media/rafael/DATA/Dropbox/20220924_FIML_solver/data/output/field_inversion/Beta_e/u_imp_10/FI_run_Jimenez_Re950_u_imp_10_k_imp_0_e_imp_1/FI_run_Jimenez_Re950_u_imp_10_k_imp_0_e_imp_1_state_iter_10000.dat
iter:  10100 (Jcost: 1.323850e-02) (lr = 1.614e-02) (elapsed time: 7181.993) (secs/iter:  0.611) (n_accepted: 79%) (u_error:  0.672520 %) (beta_change:  2.795815 %) (delta_change:  0.066775 %) (delta_peak/R:  2.125775 %)
iter:  10200 (Jcost: 1.323737e-02) (lr = 1.915e-01) (elapsed time: 7225.154) (secs/iter:  0.432) (n_accepted: 82%) (u_error:  0.673371 %) (beta_change:  2.697150 %) (delta_change:  0.066284 %) (delta_peak/R:  2.124800 %)
iter:  10300 (Jcost: 1.323640e-02) (lr = 3.945e-01) (elapsed time: 7269.467) (secs/iter:  0.443) (n_accepted: 80%) (u_error:  0.672900 %) (beta_change:  2.614602 %) (delta_change:  0.066448 %) (delta_peak/R:  2.125033 %)
iter:  10400 (Jcost: 1.323553e-02) (lr = 5.879e-02) (elapsed time: 7326.799) (secs/iter:  0.573) (n_accepted: 77%) (u_error:  0.672919 %) (beta_change:  2.541800 %) (delta_change:  0.066380 %) (delta_peak/R:  2.124847 %)
iter:  10500 (Jcost: 1.323468e-02) (lr = 2.103e-02) (elapsed time: 7398.366) (secs/iter:  0.716) (n_accepted: 78%) (u_error:  0.672818 %) (beta_change:  2.475062 %) (delta_change:  0.066370 %) (delta_peak/R:  2.124768 %)
-> Saved file: /media/rafael/DATA/Dropbox/20220924_FIML_solver/data/output/field_inversion/Beta_e/u_imp_10/FI_run_Jimenez_Re950_u_imp_10_k_imp_0_e_imp_1/FI_run_Jimenez_Re950_u_imp_10_k_imp_0_e_imp_1_state_iter_10500.dat
iter:  10600 (Jcost: 1.323374e-02) (lr = 7.520e-03) (elapsed time: 7474.242) (secs/iter:  0.759) (n_accepted: 78%) (u_error:  0.672800 %) (beta_change:  2.400335 %) (delta_change:  0.066313 %) (delta_peak/R:  2.124598 %)
iter:  10700 (Jcost: 1.323274e-02) (lr = 5.140e-01) (elapsed time: 7542.883) (secs/iter:  0.686) (n_accepted: 84%) (u_error:  0.673217 %) (beta_change:  2.317626 %) (delta_change:  0.066040 %) (delta_peak/R:  2.124025 %)
iter:  10800 (Jcost: 1.323185e-02) (lr = 1.059e+00) (elapsed time: 7609.368) (secs/iter:  0.665) (n_accepted: 80%) (u_error:  0.672771 %) (beta_change:  2.247097 %) (delta_change:  0.066196 %) (delta_peak/R:  2.124248 %)
iter:  10900 (Jcost: 1.323106e-02) (lr = 6.576e-02) (elapsed time: 7680.587) (secs/iter:  0.712) (n_accepted: 76%) (u_error:  0.672865 %) (beta_change:  2.181598 %) (delta_change:  0.066095 %) (delta_peak/R:  2.124007 %)
iter:  11000 (Jcost: 1.323032e-02) (lr = 7.803e-01) (elapsed time: 7751.329) (secs/iter:  0.707) (n_accepted: 82%) (u_error:  0.672977 %) (beta_change:  2.118629 %) (delta_change:  0.065987 %) (delta_peak/R:  2.123756 %)
-> Saved file: /media/rafael/DATA/Dropbox/20220924_FIML_solver/data/output/field_inversion/Beta_e/u_imp_10/FI_run_Jimenez_Re950_u_imp_10_k_imp_0_e_imp_1/FI_run_Jimenez_Re950_u_imp_10_k_imp_0_e_imp_1_state_iter_11000.dat
iter:  11100 (Jcost: 1.322978e-02) (lr = 1.163e-01) (elapsed time: 7828.944) (secs/iter:  0.776) (n_accepted: 77%) (u_error:  0.672261 %) (beta_change:  2.070495 %) (delta_change:  0.066295 %) (delta_peak/R:  2.124275 %)
iter:  11200 (Jcost: 1.322886e-02) (lr = 5.750e-01) (elapsed time: 7894.989) (secs/iter:  0.660) (n_accepted: 81%) (u_error:  0.672718 %) (beta_change:  1.995524 %) (delta_change:  0.066011 %) (delta_peak/R:  2.123694 %)
iter:  11300 (Jcost: 1.322808e-02) (lr = 2.056e-01) (elapsed time: 7960.727) (secs/iter:  0.657) (n_accepted: 78%) (u_error:  0.672696 %) (beta_change:  1.927333 %) (delta_change:  0.065966 %) (delta_peak/R:  2.123555 %)
iter:  11400 (Jcost: 1.322719e-02) (lr = 3.065e-02) (elapsed time: 8029.387) (secs/iter:  0.687) (n_accepted: 77%) (u_error:  0.672723 %) (beta_change:  1.849313 %) (delta_change:  0.065889 %) (delta_peak/R:  2.123350 %)
iter:  11500 (Jcost: 1.322648e-02) (lr = 2.631e-02) (elapsed time: 8094.758) (secs/iter:  0.654) (n_accepted: 79%) (u_error:  0.672650 %) (beta_change:  1.786139 %) (delta_change:  0.065874 %) (delta_peak/R:  2.123269 %)
-> Saved file: /media/rafael/DATA/Dropbox/20220924_FIML_solver/data/output/field_inversion/Beta_e/u_imp_10/FI_run_Jimenez_Re950_u_imp_10_k_imp_0_e_imp_1/FI_run_Jimenez_Re950_u_imp_10_k_imp_0_e_imp_1_state_iter_11500.dat
iter:  11600 (Jcost: 1.322569e-02) (lr = 2.258e-02) (elapsed time: 8167.652) (secs/iter:  0.729) (n_accepted: 79%) (u_error:  0.672740 %) (beta_change:  1.719690 %) (delta_change:  0.065774 %) (delta_peak/R:  2.123029 %)
iter:  11700 (Jcost: 1.322520e-02) (lr = 1.938e-02) (elapsed time: 8233.899) (secs/iter:  0.662) (n_accepted: 79%) (u_error:  0.672569 %) (beta_change:  1.686391 %) (delta_change:  0.065822 %) (delta_peak/R:  2.123079 %)
iter:  11800 (Jcost: 1.322451e-02) (lr = 1.664e-02) (elapsed time: 8303.839) (secs/iter:  0.699) (n_accepted: 79%) (u_error:  0.672615 %) (beta_change:  1.639529 %) (delta_change:  0.065749 %) (delta_peak/R:  2.122897 %)
iter:  11900 (Jcost: 1.322371e-02) (lr = 1.428e-02) (elapsed time: 8370.961) (secs/iter:  0.671) (n_accepted: 79%) (u_error:  0.672409 %) (beta_change:  1.583828 %) (delta_change:  0.065791 %) (delta_peak/R:  2.122911 %)
iter:  12000 (Jcost: 1.322317e-02) (lr = 7.062e-02) (elapsed time: 8440.622) (secs/iter:  0.697) (n_accepted: 81%) (u_error:  0.672518 %) (beta_change:  1.546301 %) (delta_change:  0.065699 %) (delta_peak/R:  2.122704 %)
-> Saved file: /media/rafael/DATA/Dropbox/20220924_FIML_solver/data/output/field_inversion/Beta_e/u_imp_10/FI_run_Jimenez_Re950_u_imp_10_k_imp_0_e_imp_1/FI_run_Jimenez_Re950_u_imp_10_k_imp_0_e_imp_1_state_iter_12000.dat
iter:  12100 (Jcost: 1.322255e-02) (lr = 2.526e-02) (elapsed time: 8518.974) (secs/iter:  0.784) (n_accepted: 78%) (u_error:  0.672626 %) (beta_change:  1.502445 %) (delta_change:  0.065601 %) (delta_peak/R:  2.122478 %)
iter:  12200 (Jcost: 1.322193e-02) (lr = 1.249e-01) (elapsed time: 8588.723) (secs/iter:  0.697) (n_accepted: 81%) (u_error:  0.672949 %) (beta_change:  1.519953 %) (delta_change:  0.065398 %) (delta_peak/R:  2.122059 %)
iter:  12300 (Jcost: 1.322148e-02) (lr = 1.072e-01) (elapsed time: 8647.612) (secs/iter:  0.589) (n_accepted: 79%) (u_error:  0.672544 %) (beta_change:  1.541551 %) (delta_change:  0.065562 %) (delta_peak/R:  2.122326 %)
iter:  12400 (Jcost: 1.322082e-02) (lr = 9.202e-02) (elapsed time: 8689.586) (secs/iter:  0.420) (n_accepted: 79%) (u_error:  0.672460 %) (beta_change:  1.575172 %) (delta_change:  0.065554 %) (delta_peak/R:  2.122262 %)
iter:  12500 (Jcost: 1.322013e-02) (lr = 3.291e-02) (elapsed time: 8745.300) (secs/iter:  0.557) (n_accepted: 78%) (u_error:  0.672420 %) (beta_change:  1.610905 %) (delta_change:  0.065523 %) (delta_peak/R:  2.122151 %)
-> Saved file: /media/rafael/DATA/Dropbox/20220924_FIML_solver/data/output/field_inversion/Beta_e/u_imp_10/FI_run_Jimenez_Re950_u_imp_10_k_imp_0_e_imp_1/FI_run_Jimenez_Re950_u_imp_10_k_imp_0_e_imp_1_state_iter_12500.dat
iter:  12600 (Jcost: 1.321949e-02) (lr = 2.825e-02) (elapsed time: 8813.139) (secs/iter:  0.678) (n_accepted: 79%) (u_error:  0.672761 %) (beta_change:  1.644773 %) (delta_change:  0.065309 %) (delta_peak/R:  2.121712 %)
iter:  12700 (Jcost: 1.321902e-02) (lr = 3.353e-01) (elapsed time: 8882.184) (secs/iter:  0.690) (n_accepted: 82%) (u_error:  0.672472 %) (beta_change:  1.669315 %) (delta_change:  0.065415 %) (delta_peak/R:  2.121869 %)
iter:  12800 (Jcost: 1.321848e-02) (lr = 4.996e-02) (elapsed time: 8944.798) (secs/iter:  0.626) (n_accepted: 77%) (u_error:  0.672483 %) (beta_change:  1.698442 %) (delta_change:  0.065369 %) (delta_peak/R:  2.121744 %)
iter:  12900 (Jcost: 1.321789e-02) (lr = 1.787e-02) (elapsed time: 8986.177) (secs/iter:  0.414) (n_accepted: 78%) (u_error:  0.672524 %) (beta_change:  1.730784 %) (delta_change:  0.065305 %) (delta_peak/R:  2.121580 %)
iter:  13000 (Jcost: 1.321736e-02) (lr = 3.682e-02) (elapsed time: 9028.109) (secs/iter:  0.419) (n_accepted: 80%) (u_error:  0.672878 %) (beta_change:  1.761524 %) (delta_change:  0.065091 %) (delta_peak/R:  2.121147 %)
-> Saved file: /media/rafael/DATA/Dropbox/20220924_FIML_solver/data/output/field_inversion/Beta_e/u_imp_10/FI_run_Jimenez_Re950_u_imp_10_k_imp_0_e_imp_1/FI_run_Jimenez_Re950_u_imp_10_k_imp_0_e_imp_1_state_iter_13000.dat
iter:  13100 (Jcost: 1.321680e-02) (lr = 1.048e+00) (elapsed time: 9069.302) (secs/iter:  0.412) (n_accepted: 83%) (u_error:  0.672460 %) (beta_change:  1.791218 %) (delta_change:  0.065254 %) (delta_peak/R:  2.121402 %)
iter:  13200 (Jcost: 1.321630e-02) (lr = 1.563e-01) (elapsed time: 9110.121) (secs/iter:  0.408) (n_accepted: 77%) (u_error:  0.672397 %) (beta_change:  1.819744 %) (delta_change:  0.065246 %) (delta_peak/R:  2.121348 %)
iter:  13300 (Jcost: 1.321580e-02) (lr = 5.589e-02) (elapsed time: 9152.834) (secs/iter:  0.427) (n_accepted: 78%) (u_error:  0.672437 %) (beta_change:  1.848591 %) (delta_change:  0.065188 %) (delta_peak/R:  2.121203 %)
iter:  13400 (Jcost: 1.321526e-02) (lr = 4.797e-02) (elapsed time: 9193.147) (secs/iter:  0.403) (n_accepted: 79%) (u_error:  0.672417 %) (beta_change:  1.879564 %) (delta_change:  0.065157 %) (delta_peak/R:  2.121103 %)
iter:  13500 (Jcost: 1.321460e-02) (lr = 1.716e-02) (elapsed time: 9257.081) (secs/iter:  0.639) (n_accepted: 78%) (u_error:  0.672372 %) (beta_change:  1.918742 %) (delta_change:  0.065128 %) (delta_peak/R:  2.120996 %)
-> Saved file: /media/rafael/DATA/Dropbox/20220924_FIML_solver/data/output/field_inversion/Beta_e/u_imp_10/FI_run_Jimenez_Re950_u_imp_10_k_imp_0_e_imp_1/FI_run_Jimenez_Re950_u_imp_10_k_imp_0_e_imp_1_state_iter_13500.dat
iter:  13600 (Jcost: 1.321403e-02) (lr = 4.887e-01) (elapsed time: 9325.110) (secs/iter:  0.680) (n_accepted: 83%) (u_error:  0.672544 %) (beta_change:  1.952949 %) (delta_change:  0.065000 %) (delta_peak/R:  2.120717 %)
iter:  13700 (Jcost: 1.321361e-02) (lr = 1.748e-01) (elapsed time: 9395.826) (secs/iter:  0.707) (n_accepted: 78%) (u_error:  0.672415 %) (beta_change:  1.977844 %) (delta_change:  0.065030 %) (delta_peak/R:  2.120739 %)
iter:  13800 (Jcost: 1.321313e-02) (lr = 1.500e-01) (elapsed time: 9465.076) (secs/iter:  0.692) (n_accepted: 79%) (u_error:  0.672394 %) (beta_change:  2.007330 %) (delta_change:  0.065003 %) (delta_peak/R:  2.120649 %)
iter:  13900 (Jcost: 1.321267e-02) (lr = 5.366e-02) (elapsed time: 9529.420) (secs/iter:  0.643) (n_accepted: 78%) (u_error:  0.672355 %) (beta_change:  2.035462 %) (delta_change:  0.064986 %) (delta_peak/R:  2.120581 %)
iter:  14000 (Jcost: 1.321213e-02) (lr = 1.919e-02) (elapsed time: 9592.294) (secs/iter:  0.629) (n_accepted: 78%) (u_error:  0.672317 %) (beta_change:  2.068997 %) (delta_change:  0.064962 %) (delta_peak/R:  2.120494 %)
-> Saved file: /media/rafael/DATA/Dropbox/20220924_FIML_solver/data/output/field_inversion/Beta_e/u_imp_10/FI_run_Jimenez_Re950_u_imp_10_k_imp_0_e_imp_1/FI_run_Jimenez_Re950_u_imp_10_k_imp_0_e_imp_1_state_iter_14000.dat
iter:  14100 (Jcost: 1.321165e-02) (lr = 2.277e-01) (elapsed time: 9666.976) (secs/iter:  0.747) (n_accepted: 82%) (u_error:  0.672657 %) (beta_change:  2.109128 %) (delta_change:  0.064758 %) (delta_peak/R:  2.120080 %)
iter:  14200 (Jcost: 1.321119e-02) (lr = 4.692e-01) (elapsed time: 9731.768) (secs/iter:  0.648) (n_accepted: 80%) (u_error:  0.672341 %) (beta_change:  2.178669 %) (delta_change:  0.064876 %) (delta_peak/R:  2.120259 %)
iter:  14300 (Jcost: 1.321080e-02) (lr = 2.913e-02) (elapsed time: 9802.308) (secs/iter:  0.705) (n_accepted: 76%) (u_error:  0.672250 %) (beta_change:  2.241415 %) (delta_change:  0.064889 %) (delta_peak/R:  2.120250 %)
iter:  14400 (Jcost: 1.321040e-02) (lr = 8.297e-01) (elapsed time: 9873.084) (secs/iter:  0.708) (n_accepted: 83%) (u_error:  0.672084 %) (beta_change:  2.307508 %) (delta_change:  0.064936 %) (delta_peak/R:  2.120302 %)
iter:  14500 (Jcost: 1.320993e-02) (lr = 5.152e-02) (elapsed time: 9936.462) (secs/iter:  0.634) (n_accepted: 76%) (u_error:  0.672285 %) (beta_change:  2.383028 %) (delta_change:  0.064802 %) (delta_peak/R:  2.120019 %)
-> Saved file: /media/rafael/DATA/Dropbox/20220924_FIML_solver/data/output/field_inversion/Beta_e/u_imp_10/FI_run_Jimenez_Re950_u_imp_10_k_imp_0_e_imp_1/FI_run_Jimenez_Re950_u_imp_10_k_imp_0_e_imp_1_state_iter_14500.dat
iter:  14600 (Jcost: 1.320950e-02) (lr = 1.843e-02) (elapsed time: 10012.022) (secs/iter:  0.756) (n_accepted: 78%) (u_error:  0.672323 %) (beta_change:  2.454394 %) (delta_change:  0.065624 %) (delta_peak/R:  2.119886 %)
iter:  14700 (Jcost: 1.320905e-02) (lr = 3.796e-02) (elapsed time: 10077.949) (secs/iter:  0.659) (n_accepted: 80%) (u_error:  0.671870 %) (beta_change:  2.535563 %) (delta_change:  0.066642 %) (delta_peak/R:  2.120173 %)
iter:  14800 (Jcost: 1.320866e-02) (lr = 1.877e-01) (elapsed time: 10143.361) (secs/iter:  0.654) (n_accepted: 81%) (u_error:  0.672305 %) (beta_change:  2.596156 %) (delta_change:  0.067414 %) (delta_peak/R:  2.119706 %)
iter:  14900 (Jcost: 1.320826e-02) (lr = 3.867e-01) (elapsed time: 10210.328) (secs/iter:  0.670) (n_accepted: 80%) (u_error:  0.672072 %) (beta_change:  2.668878 %) (delta_change:  0.068282 %) (delta_peak/R:  2.119816 %)
iter:  15000 (Jcost: 1.320794e-02) (lr = 3.319e-01) (elapsed time: 10274.131) (secs/iter:  0.638) (n_accepted: 79%) (u_error:  0.672257 %) (beta_change:  2.732714 %) (delta_change:  0.068965 %) (delta_peak/R:  2.119578 %)
-> Saved file: /media/rafael/DATA/Dropbox/20220924_FIML_solver/data/output/field_inversion/Beta_e/u_imp_10/FI_run_Jimenez_Re950_u_imp_10_k_imp_0_e_imp_1/FI_run_Jimenez_Re950_u_imp_10_k_imp_0_e_imp_1_state_iter_15000.dat
iter:  15000 (Jcost: 1.320793e-02) (lr = 3.983e-01) (elapsed time: 10279.710) (secs/iter:   None) (n_accepted: 0%) (u_error:  0.672259 %) (beta_change:  2.734554 %) (delta_change:  0.068985 %) (delta_peak/R:  2.119574 %)
