# ------------------------------------------------------------------------
#                  Input Arguments
# ------------------------------------------------------------------------
# Begin_Input_Arguments
{ 'all_b_mode': ['Beta_k'],
  'args_mk_solver': { 'torch': "<module 'torch' from "
                               "'/home/rafael/anaconda3/lib/python3.9/site-packages/torch/__init__.py'>",
                      'y_grid': [0.0, 0.000309700312, 0.000638645973, 0.00098802599, 0.00135910194, 0.00175321227, 0.00217177688, 0.00261630193, 0.00308838486, 0.00358971984, 0.00412210331, 0.00468744001, 0.00528774917, 0.00592517114, 0.00660197432, 0.0073205624, 0.00808348206, 0.00889343092, 0.00975326602, 0.0106660126, 0.0116348733, 0.0126632377, 0.0137546927, 0.0149130326, 0.0161422702, 0.0174466482, 0.0188306506, 0.0202990157, 0.0218567475, 0.02350913, 0.0252617393, 0.0271204584, 0.0290914903, 0.0311813732, 0.033396994, 0.0357456039, 0.0382348325, 0.0408727029, 0.0436676462, 0.0466285159, 0.0497646022, 0.0530856456, 0.0566018496, 0.0603238931, 0.0642629411, 0.068430655, 0.0728392004, 0.0775012535, 0.0824300053, 0.0876391634, 0.0931429507, 0.0989561006, 0.105093849, 0.111571922, 0.118406518, 0.125614286, 0.133212296, 0.141218006, 0.14964922, 0.158524039, 0.167860801, 0.177678022, 0.187994313, 0.1988283, 0.21019853, 0.222123362, 0.234620856, 0.247708641, 0.261403784, 0.275722637, 0.290680679, 0.306292354, 0.322570888, 0.339528108, 0.357174255, 0.375517785, 0.394565175, 0.414320726, 0.43478637, 0.45596148, 0.47784269, 0.500423731, 0.523695275, 0.547644806, 0.572256506, 0.597511177, 0.623386184, 0.649855436, 0.676889401, 0.704455158, 0.73251649, 0.761034018, 0.789965372, 0.819265404, 0.848886442, 0.878778572, 0.908889961, 0.939167201, 0.969555687, 1.0],
                      'Ret': 971.686833,
                      'cp': 468.430887,
                      'A_sca_rho': 1.0,
                      'A_sca_mu': 0.0010291381606073488,
                      'A_sca_k': 0.6886858591697841,
                      'b_exp_rho': -1.0,
                      'b_exp_mu': 0.75,
                      'b_exp_k': 0.75,
                      'tensor_device': 'cpu',
                      'as_tensor': '<function '
                                   'Build_arguments_fi_run._mk_args_MK_solver.<locals>.<lambda> '
                                   'at 0x7f97f7299e50>',
                      'ref_dns': { 'u_dns': [0.0, 0.299377243, 0.614697684, 0.946524783, 1.29538633, 1.66176014, 2.04605667, 2.44859808, 2.86958847, 3.30905241, 3.7668035, 4.24240583, 4.7351016, 5.24372255, 5.76662127, 6.30181868, 6.84715456, 7.39999962, 7.95759517, 8.51690811, 9.07482267, 9.62823593, 10.1740952, 10.7095275, 11.2319001, 11.7389047, 12.2285884, 12.6993835, 13.1501429, 13.5801005, 13.9888486, 14.3763211, 14.7427495, 15.088625, 15.4146585, 15.7217335, 16.0108659, 16.2831668, 16.5398226, 16.7820851, 17.0112662, 17.2287317, 17.4358646, 17.6340485, 17.8246367, 18.0088521, 18.1877859, 18.3624894, 18.5340013, 18.7032413, 18.8708882, 19.0373396, 19.202784, 19.3675492, 19.5322096, 19.6972121, 19.8627139, 20.0288634, 20.1958651, 20.3642132, 20.5342359, 20.705664, 20.8781019, 21.0514387, 21.226035, 21.4018936, 21.5790219, 21.7573158, 21.9365151, 22.11643, 22.2967629, 22.4772547, 22.6583508, 22.8405675, 23.0237445, 23.2076018, 23.3915357, 23.575226, 23.7584635, 23.9410658, 24.1227221, 24.302653, 24.4804248, 24.6555203, 24.8287737, 25.0007165, 25.1714159, 25.3394371, 25.5024078, 25.6572206, 25.8040173, 25.9435817, 26.0741641, 26.1938393, 26.3015643, 26.3948725, 26.4703405, 26.5254477, 26.5600641, 26.5721248],
                                   'T_dns': [1.0, 1.0106353521297637, 1.021564071419269, 1.032781228021001, 1.0442839545038356, 1.0560730342941416, 1.0681550584074186, 1.080545202386834, 1.093263669139021, 1.1062914003485829, 1.1195828714009552, 1.1330812325570498, 1.146727612615941, 1.160473839268161, 1.1742709827706541, 1.188063501487583, 1.201785000535895, 1.2153660361950753, 1.2287387926562432, 1.241839655646604, 1.254606632789099, 1.2669826038053305, 1.2789160277591543, 1.2903643609463127, 1.3012920028752175, 1.311674427740218, 1.3214942374820067, 1.3307435818103206, 1.339423633986051, 1.3475421185241114, 1.3551134169469463, 1.3621573627556594, 1.3686981587717748, 1.374763379248886, 1.3803826390337965, 1.3855871389049184, 1.3904085193686644, 1.3948784560996432, 1.3990279316598988, 1.4028868027458201, 1.4064836225808568, 1.409845296139438, 1.4129972030298246, 1.4159631395855428, 1.418764414561963, 1.4214190007865422, 1.4239427669545062, 1.4263500773151747, 1.4286532608694313, 1.4308626044742077, 1.4329871547556106, 1.4350344589329507, 1.4370090998130316, 1.438915400062019, 1.4407590393224412, 1.4425445000130073, 1.4442709460517615, 1.4459396307462522, 1.4475549229659448, 1.4491224632771755, 1.4506474305362258, 1.4521315683925486, 1.4535730668203104, 1.4549714809889633, 1.456327263314083, 1.457640355165663, 1.4589144009462236, 1.460150628035302, 1.4613490833469374, 1.462513903661341, 1.4636425605894918, 1.4647338927560922, 1.4657910723362628, 1.466813980866075, 1.4678063792636573, 1.4687614485772391, 1.4696786711911733, 1.4705580720701361, 1.471399791104049, 1.4722050108028846, 1.4729776697205876, 1.4737154995640163, 1.4744175163927922, 1.4750770823465151, 1.4756954968597202, 1.476276702780568, 1.4768234312852595, 1.4773308021005107, 1.477800776345536, 1.4782296165228643, 1.4786176851206927, 1.4789651884149069, 1.4792722907076585, 1.4795369566895968, 1.4797644248616266, 1.4799531476311525, 1.480100677668933, 1.480204553939218, 1.4802631450179804, 1.4802811083014242],
                                   'mu_dns': [0.0010291381606073488, 0.001037336230612187, 0.0010457380006171455, 0.0010543381806222209, 0.0010631330906274111, 0.0010721218506327158, 0.001081307980638137, 0.0010907014406436807, 0.0011003158506493545, 0.0011101351006551493, 0.0011201233906610439, 0.0011302368606670124, 0.0011404306606730282, 0.0011506684306790704, 0.0011609136806851165, 0.001171125460691143, 0.001181255290697121, 0.0011912529907030214, 0.001201070110708815, 0.0012106617607144754, 0.0012199846507199774, 0.0012289994007252975, 0.001237670970730415, 0.0012459710507353133, 0.0012538764707399786, 0.0012613721007444024, 0.0012684479107485781, 0.0012751006507525043, 0.0012813334107561827, 0.0012871538007596173, 0.0012925740007628161, 0.0012976098807657881, 0.0013022802207685443, 0.0013066060007710975, 0.0013106094607734599, 0.001314313790775646, 0.0013177423307776694, 0.0013209183007795436, 0.0013238643007812822, 0.001326602020782898, 0.001329152130784403, 0.0013315340507858084, 0.0013337660507871257, 0.0013358652207883647, 0.001337846840789534, 0.0013397237907906416, 0.0013415074307916944, 0.001343208030792698, 0.0013448344007936579, 0.0013463938907945783, 0.0013478929607954628, 0.001349337000796315, 0.0013507293007971367, 0.0013520729607979297, 0.001353372030798696, 0.0013546297107994384, 0.0013558454508001562, 0.0013570201708008494, 0.0013581569808015202, 0.001359259880802171, 0.0013603325408028041, 0.0013613762108034202, 0.001362389640804018, 0.0013633725408045982, 0.0013643252508051605, 0.001365247750805705, 0.001366142620806233, 0.0013670107408067453, 0.0013678521608072418, 0.0013686698008077243, 0.001369461900808192, 0.001370227660808644, 0.0013709693208090814, 0.0013716868108095048, 0.0013723827808099155, 0.0013730524608103107, 0.0013736955008106903, 0.0013743119308110541, 0.0013749018608114022, 0.0013754661308117352, 0.0013760075108120546, 0.0013765244208123596, 0.0013770161808126498, 0.0013774781508129226, 0.0013779112508131783, 0.0013783182508134183, 0.0013787010708136442, 0.001379056300813854, 0.0013793853208140482, 0.0013796855208142254, 0.0013799571608143857, 0.0013802003908145292, 0.0013804153308146561, 0.0013806005608147653, 0.0013807597508148594, 0.001380891820814937, 0.0013809950608149983, 0.001381067750815041, 0.0013811087508150653, 0.0013811213208150726],
                                   'rho_dns': [1.0, 0.9894765682722741, 0.9788911219349072, 0.9682592720204493, 0.9575939529542269, 0.9469042078783693, 0.9361936660122778, 0.9254587385988884, 0.9146924280283922, 0.9039209738816633, 0.893189799115702, 0.8825492570760153, 0.8720466735066904, 0.8617169695360285, 0.851592191812943, 0.8417058505272593, 0.8320955907704657, 0.8227973879627919, 0.8138426213745853, 0.8052569391330298, 0.7970625803060786, 0.789276819584216, 0.7819121649074525, 0.7749749065191411, 0.7684670295294908, 0.762384307303164, 0.7567191529381269, 0.751459570174757, 0.7465897828187897, 0.7420918324209747, 0.7379456121488248, 0.7341295707398953, 0.7306212794918695, 0.7273979035914957, 0.7244368131867794, 0.7217157058706085, 0.7192130845501902, 0.7169083411010578, 0.7147820121171806, 0.7128158865296443, 0.7109929926983642, 0.7092976816238544, 0.7077154844013465, 0.7062330734772541, 0.7048386537864678, 0.7035223248364135, 0.7022754166860059, 0.7010901572510898, 0.6999599044707552, 0.6988791214985071, 0.6978429615934314, 0.6968473779671956, 0.6958898173505716, 0.694967890368606, 0.6940785882351841, 0.6932195159254936, 0.6923908583314815, 0.6915918055886594, 0.6908200746891633, 0.6900728029144688, 0.6893473761783414, 0.6886428349649887, 0.687959912594899, 0.6872986948997013, 0.6866588473557487, 0.6860402817856593, 0.6854411741713012, 0.6848608498326948, 0.6842991940773614, 0.6837541834621488, 0.6832269209206675, 0.6827178676929272, 0.6822254677852158, 0.6817497058553762, 0.6812887681423363, 0.6808457567896276, 0.6804208427339432, 0.6800139477608514, 0.6796249435713598, 0.6792532240157491, 0.6788969178261149, 0.6785570215525587, 0.6782339390856742, 0.6779306735680724, 0.6776465755489529, 0.6773797880278808, 0.6771290181451912, 0.6768964666398154, 0.6766811981740238, 0.6764848903191574, 0.6763073443953665, 0.676148436645597, 0.6760080657778137, 0.675887138525731, 0.6757832417099163, 0.6756970662217404, 0.6756297156588957, 0.6755823020127415, 0.6755555614321893, 0.6755473635325039]},
                      'case': 'Supersonic_M1.7R600',
                      'constant_Sq_heat': 0.0,
                      'use_visc_heating': True,
                      'Pr_turb': 1.0,
                      'fprint': '<function '
                                'Build_arguments_fi_run._mk_args_MK_solver.<locals>.<lambda> '
                                'at 0x7f97f7299dc0>',
                      'compressible_correction': False,
                      'bool_solve_energy': False,
                      'output_last': False},
  'u_imp': 10,
  'k_imp': 1,
  'e_imp': 0,
  'solve_sparse_adj': True,
  'all_ref_beta_distrib': {'K': [1.0, 0.99893353, 0.99797089, 0.99713732, 0.99645141, 0.99593422, 0.99561048, 0.99550886, 0.99566211, 0.99610586, 0.99687946, 0.99802713, 0.99959874, 1.00164815, 1.00422601, 1.00736681, 1.01107674, 1.01533291, 1.02009027, 1.02528613, 1.03084316, 1.03667288, 1.04267882, 1.04875924, 1.05480913, 1.06072153, 1.06638711, 1.07169516, 1.07653376, 1.08078916, 1.08434809, 1.08709712, 1.08892479, 1.08972315, 1.0893884, 1.08782458, 1.08494374, 1.08066983, 1.07494057, 1.06770917, 1.05894895, 1.04865343, 1.03684006, 1.02355218, 1.00885925, 0.99285737, 0.97566846, 0.95744022, 0.93835197, 0.91863046, 0.8985751, 0.87858559, 0.85917983, 0.84098962, 0.82472971, 0.81114472, 0.80094461, 0.79473782, 0.79297632, 0.79591773, 0.80360722, 0.81588139, 0.8323861, 0.85260272, 0.87588128, 0.90147795, 0.92859215, 0.95640453, 0.98411201, 1.01095817, 1.03625968, 1.05942606, 1.07997114, 1.09752111, 1.11182483, 1.12276285, 1.13035289, 1.1347456, 1.13621025, 1.13511254, 1.1318878, 1.12701077, 1.12095767, 1.11416387, 1.10698131, 1.09965783, 1.09235218, 1.08517768, 1.07824764, 1.07169111, 1.06562318, 1.06010885, 1.05516932, 1.0508051, 1.04700721, 1.04376997, 1.04111068, 1.0390837, 1.03778144, 1.01864888], 'E': [1.0, 1.0, 1.0, 1.0, 1.0, 1.0, 1.0, 1.0, 1.0, 1.0, 1.0, 1.0, 1.0, 1.0, 1.0, 1.0, 1.0, 1.0, 1.0, 1.0, 1.0, 1.0, 1.0, 1.0, 1.0, 1.0, 1.0, 1.0, 1.0, 1.0, 1.0, 1.0, 1.0, 1.0, 1.0, 1.0, 1.0, 1.0, 1.0, 1.0, 1.0, 1.0, 1.0, 1.0, 1.0, 1.0, 1.0, 1.0, 1.0, 1.0, 1.0, 1.0, 1.0, 1.0, 1.0, 1.0, 1.0, 1.0, 1.0, 1.0, 1.0, 1.0, 1.0, 1.0, 1.0, 1.0, 1.0, 1.0, 1.0, 1.0, 1.0, 1.0, 1.0, 1.0, 1.0, 1.0, 1.0, 1.0, 1.0, 1.0, 1.0, 1.0, 1.0, 1.0, 1.0, 1.0, 1.0, 1.0, 1.0, 1.0, 1.0, 1.0, 1.0, 1.0, 1.0, 1.0, 1.0, 1.0, 1.0, 1.0]},
  'all_ref_delta_distrib': {'K': [-0.0, 0.05553197220120554, 0.11258951175672313, 0.16985218233969426, 0.2259672914128125, 0.27880547047448995, 0.3250906333461999, 0.36004681976359265, 0.37700631336300594, 0.367039141002944, 0.3186544690865049, 0.21771235684699625, 0.04766463578647838, -0.20969732194400706, -0.5726425774241923, -1.0563967874773152, -1.668488086846663, -2.404732321543201, -3.248067704691604, -4.1696484341844915, -5.131739575090366, -6.092071627009921, -7.008640772555304, -7.84382110414874, -8.567115935751097, -9.156419056515166, -9.59796343790185, -9.885526996448794, -10.01918223951142, -10.003893867201263, -9.848352108180272, -9.563807641691161, -9.163254521977407, -8.660754245567217, -8.0708703433082, -7.408366610597226, -6.687821222962662, -5.923473376291728, -5.129016206778692, -4.317425501291081, -3.5009077343793384, -2.6907239471376796, -1.8971553368004117, -1.1294383108321284, -0.3956796810535585, 0.2971864249071158, 0.9434320564561842, 1.538473263453458, 2.0785854877139656, 2.560366762618821, 2.9800944083956846, 3.3332585292898584, 3.6145566700624854, 3.8184699398083657, 3.9402772161933894, 3.9771924644252463, 3.929297348349309, 3.8000794059431984, 3.5964644538138706, 3.3284165922773816, 3.0082271227638446, 2.6496057561556605, 2.2667766993271945, 1.8736502441160428, 1.4831548530671486, 1.1067439666386512, 0.7540452501771553, 0.43267583776372187, 0.1481667390741757, -0.09598965658764308, -0.2982036268972027, -0.4585762863593781, -0.5786265822324121, -0.6610235707316833, -0.7093544622699165, -0.7279108938094382, -0.7214604394312476, -0.6950129857298813, -0.6535571109022641, -0.6018233544281111, -0.5440904058528336, -0.48402961000612355, -0.4245907842363973, -0.36793651286975376, -0.3154319098735451, -0.26775826677333403, -0.22512070386192884, -0.18747781427808563, -0.15469838410610062, -0.12660262989333979, -0.10291063900786776, -0.08322191318257904, -0.06708024593221017, -0.05404072733665142, -0.0436971811530432, -0.0356988310501669, -0.029760776508111306, -0.025664198134713535, -0.023255833207021414, -0.011221232184337078], 'E': [-0.0, -0.0, -0.0, -0.0, -0.0, -0.0, -0.0, -0.0, -0.0, -0.0, -0.0, -0.0, -0.0, -0.0, -0.0, -0.0, -0.0, -0.0, -0.0, -0.0, -0.0, -0.0, -0.0, -0.0, -0.0, -0.0, -0.0, -0.0, -0.0, -0.0, -0.0, -0.0, -0.0, -0.0, -0.0, -0.0, -0.0, -0.0, -0.0, -0.0, -0.0, -0.0, -0.0, -0.0, -0.0, -0.0, -0.0, -0.0, -0.0, -0.0, -0.0, -0.0, -0.0, -0.0, -0.0, -0.0, -0.0, -0.0, -0.0, -0.0, -0.0, -0.0, -0.0, -0.0, -0.0, -0.0, -0.0, -0.0, -0.0, -0.0, -0.0, -0.0, -0.0, -0.0, -0.0, -0.0, -0.0, -0.0, -0.0, -0.0, -0.0, -0.0, -0.0, -0.0, -0.0, -0.0, -0.0, -0.0, -0.0, -0.0, -0.0, -0.0, -0.0, -0.0, -0.0, -0.0, -0.0, -0.0, -0.0, -0.0]},
  'fname_print': '/media/rafael/DATA/Dropbox/20220924_FIML_solver/data/output/field_inversion/Beta_k/u_imp_10/FI_run_Supersonic_M1.7R600_u_imp_10_k_imp_1_e_imp_0/FI_run_Supersonic_M1.7R600_u_imp_10_k_imp_1_e_imp_0.log',
  'folder': '/media/rafael/DATA/Dropbox/20220924_FIML_solver/data/output/field_inversion/Beta_k/u_imp_10/FI_run_Supersonic_M1.7R600_u_imp_10_k_imp_1_e_imp_0',
  'iters_limit': 15000}
# End_Input_Arguments

# ------------------------------------------------------------------------
#                  Iterations
# ------------------------------------------------------------------------

iter:      0 (Jcost: 8.332279e-01) (lr = 1.000e-03) (elapsed time:  0.001) (secs/iter:   None) (n_accepted: 0%) (u_error:  4.741170 %) (beta_change: 20.702368 %) (delta_change:  5.014392 %) (delta_peak/R:  0.000000 %)
-> Saved file: /media/rafael/DATA/Dropbox/20220924_FIML_solver/data/output/field_inversion/Beta_k/u_imp_10/FI_run_Supersonic_M1.7R600_u_imp_10_k_imp_1_e_imp_0/FI_run_Supersonic_M1.7R600_u_imp_10_k_imp_1_e_imp_0_state_iter_0.dat
iter:    100 (Jcost: 6.586945e-02) (lr = 1.367e-01) (elapsed time: 116.203) (secs/iter:  1.162) (n_accepted: 85%) (u_error:  1.367319 %) (beta_change: 12.008364 %) (delta_change:  1.317081 %) (delta_peak/R:  5.065881 %)
iter:    200 (Jcost: 6.018637e-02) (lr = 2.037e-02) (elapsed time: 221.725) (secs/iter:  1.055) (n_accepted: 77%) (u_error:  1.290689 %) (beta_change:  5.455039 %) (delta_change:  0.423968 %) (delta_peak/R:  4.790352 %)
iter:    300 (Jcost: 5.987360e-02) (lr = 1.749e-02) (elapsed time: 321.727) (secs/iter:  1.000) (n_accepted: 79%) (u_error:  1.289553 %) (beta_change:  3.410330 %) (delta_change:  0.353379 %) (delta_peak/R:  4.726658 %)
iter:    400 (Jcost: 5.976239e-02) (lr = 1.195e+00) (elapsed time: 415.149) (secs/iter:  0.934) (n_accepted: 84%) (u_error:  1.284397 %) (beta_change:  2.287113 %) (delta_change:  0.366027 %) (delta_peak/R:  4.720060 %)
iter:    500 (Jcost: 5.971454e-02) (lr = 7.422e-02) (elapsed time: 508.230) (secs/iter:  0.931) (n_accepted: 76%) (u_error:  1.289293 %) (beta_change:  1.839718 %) (delta_change:  0.350424 %) (delta_peak/R:  4.701015 %)
-> Saved file: /media/rafael/DATA/Dropbox/20220924_FIML_solver/data/output/field_inversion/Beta_k/u_imp_10/FI_run_Supersonic_M1.7R600_u_imp_10_k_imp_1_e_imp_0/FI_run_Supersonic_M1.7R600_u_imp_10_k_imp_1_e_imp_0_state_iter_500.dat
iter:    600 (Jcost: 5.966406e-02) (lr = 1.106e-02) (elapsed time: 606.633) (secs/iter:  0.984) (n_accepted: 77%) (u_error:  1.288644 %) (beta_change:  1.150065 %) (delta_change:  0.329281 %) (delta_peak/R:  4.685111 %)
iter:    700 (Jcost: 5.963892e-02) (lr = 1.313e-01) (elapsed time: 693.506) (secs/iter:  0.869) (n_accepted: 82%) (u_error:  1.288163 %) (beta_change:  0.786105 %) (delta_change:  0.332904 %) (delta_peak/R:  4.686694 %)
iter:    800 (Jcost: 5.961616e-02) (lr = 4.695e-02) (elapsed time: 784.125) (secs/iter:  0.906) (n_accepted: 78%) (u_error:  1.287855 %) (beta_change:  0.785646 %) (delta_change:  0.340951 %) (delta_peak/R:  4.690116 %)
iter:    900 (Jcost: 5.959795e-02) (lr = 1.679e-02) (elapsed time: 871.322) (secs/iter:  0.872) (n_accepted: 78%) (u_error:  1.287142 %) (beta_change:  0.815059 %) (delta_change:  0.336079 %) (delta_peak/R:  4.685734 %)
iter:   1000 (Jcost: 5.958440e-02) (lr = 3.459e-02) (elapsed time: 960.477) (secs/iter:  0.892) (n_accepted: 80%) (u_error:  1.285396 %) (beta_change:  0.995154 %) (delta_change:  0.338143 %) (delta_peak/R:  4.688519 %)
-> Saved file: /media/rafael/DATA/Dropbox/20220924_FIML_solver/data/output/field_inversion/Beta_k/u_imp_10/FI_run_Supersonic_M1.7R600_u_imp_10_k_imp_1_e_imp_0/FI_run_Supersonic_M1.7R600_u_imp_10_k_imp_1_e_imp_0_state_iter_1000.dat
iter:   1100 (Jcost: 5.957715e-02) (lr = 4.105e-01) (elapsed time: 1052.405) (secs/iter:  0.919) (n_accepted: 82%) (u_error:  1.287021 %) (beta_change:  1.211140 %) (delta_change:  0.339506 %) (delta_peak/R:  4.685022 %)
iter:   1200 (Jcost: 5.957065e-02) (lr = 1.468e-01) (elapsed time: 1139.679) (secs/iter:  0.873) (n_accepted: 78%) (u_error:  1.286613 %) (beta_change:  1.431074 %) (delta_change:  0.339657 %) (delta_peak/R:  4.684727 %)
iter:   1300 (Jcost: 5.956454e-02) (lr = 1.260e-01) (elapsed time: 1225.915) (secs/iter:  0.862) (n_accepted: 79%) (u_error:  1.286368 %) (beta_change:  1.654950 %) (delta_change:  0.340267 %) (delta_peak/R:  4.684560 %)
iter:   1400 (Jcost: 5.955981e-02) (lr = 4.508e-02) (elapsed time: 1311.592) (secs/iter:  0.857) (n_accepted: 78%) (u_error:  1.286296 %) (beta_change:  1.838521 %) (delta_change:  0.340494 %) (delta_peak/R:  4.683942 %)
iter:   1500 (Jcost: 5.955422e-02) (lr = 1.612e-02) (elapsed time: 1393.074) (secs/iter:  0.815) (n_accepted: 78%) (u_error:  1.286144 %) (beta_change:  2.064302 %) (delta_change:  0.341033 %) (delta_peak/R:  4.683590 %)
-> Saved file: /media/rafael/DATA/Dropbox/20220924_FIML_solver/data/output/field_inversion/Beta_k/u_imp_10/FI_run_Supersonic_M1.7R600_u_imp_10_k_imp_1_e_imp_0/FI_run_Supersonic_M1.7R600_u_imp_10_k_imp_1_e_imp_0_state_iter_1500.dat
iter:   1600 (Jcost: 5.955071e-02) (lr = 3.321e-02) (elapsed time: 1481.879) (secs/iter:  0.888) (n_accepted: 80%) (u_error:  1.284851 %) (beta_change:  2.255570 %) (delta_change:  0.340002 %) (delta_peak/R:  4.684639 %)
iter:   1700 (Jcost: 5.954794e-02) (lr = 3.941e-01) (elapsed time: 1561.760) (secs/iter:  0.799) (n_accepted: 82%) (u_error:  1.286020 %) (beta_change:  2.394659 %) (delta_change:  0.341505 %) (delta_peak/R:  4.682990 %)
iter:   1800 (Jcost: 5.954430e-02) (lr = 5.874e-02) (elapsed time: 1642.971) (secs/iter:  0.812) (n_accepted: 77%) (u_error:  1.285994 %) (beta_change:  2.600671 %) (delta_change:  0.341844 %) (delta_peak/R:  4.682620 %)
iter:   1900 (Jcost: 5.954170e-02) (lr = 2.101e-02) (elapsed time: 1726.617) (secs/iter:  0.836) (n_accepted: 78%) (u_error:  1.285851 %) (beta_change:  2.751221 %) (delta_change:  0.341940 %) (delta_peak/R:  4.682507 %)
iter:   2000 (Jcost: 5.953917e-02) (lr = 1.803e-02) (elapsed time: 1808.809) (secs/iter:  0.822) (n_accepted: 79%) (u_error:  1.285876 %) (beta_change:  2.900101 %) (delta_change:  0.342211 %) (delta_peak/R:  4.682215 %)
-> Saved file: /media/rafael/DATA/Dropbox/20220924_FIML_solver/data/output/field_inversion/Beta_k/u_imp_10/FI_run_Supersonic_M1.7R600_u_imp_10_k_imp_1_e_imp_0/FI_run_Supersonic_M1.7R600_u_imp_10_k_imp_1_e_imp_0_state_iter_2000.dat
iter:   2100 (Jcost: 5.953623e-02) (lr = 8.916e-02) (elapsed time: 1892.259) (secs/iter:  0.834) (n_accepted: 81%) (u_error:  1.286319 %) (beta_change:  3.077525 %) (delta_change:  0.342947 %) (delta_peak/R:  4.681383 %)
iter:   2200 (Jcost: 5.953421e-02) (lr = 4.408e-01) (elapsed time: 1967.918) (secs/iter:  0.757) (n_accepted: 81%) (u_error:  1.285764 %) (beta_change:  3.197684 %) (delta_change:  0.342547 %) (delta_peak/R:  4.681845 %)
iter:   2300 (Jcost: 5.953240e-02) (lr = 2.737e-02) (elapsed time: 2050.343) (secs/iter:  0.824) (n_accepted: 76%) (u_error:  1.285620 %) (beta_change:  3.307036 %) (delta_change:  0.342556 %) (delta_peak/R:  4.681839 %)
iter:   2400 (Jcost: 5.953106e-02) (lr = 3.248e-01) (elapsed time: 2129.894) (secs/iter:  0.796) (n_accepted: 82%) (u_error:  1.285770 %) (beta_change:  3.388353 %) (delta_change:  0.342829 %) (delta_peak/R:  4.681531 %)
iter:   2500 (Jcost: 5.952919e-02) (lr = 1.162e-01) (elapsed time: 2211.481) (secs/iter:  0.816) (n_accepted: 78%) (u_error:  1.285783 %) (beta_change:  3.502444 %) (delta_change:  0.343004 %) (delta_peak/R:  4.681337 %)
-> Saved file: /media/rafael/DATA/Dropbox/20220924_FIML_solver/data/output/field_inversion/Beta_k/u_imp_10/FI_run_Supersonic_M1.7R600_u_imp_10_k_imp_1_e_imp_0/FI_run_Supersonic_M1.7R600_u_imp_10_k_imp_1_e_imp_0_state_iter_2500.dat
iter:   2600 (Jcost: 5.952728e-02) (lr = 4.155e-02) (elapsed time: 2296.656) (secs/iter:  0.852) (n_accepted: 78%) (u_error:  1.285754 %) (beta_change:  3.619035 %) (delta_change:  0.343136 %) (delta_peak/R:  4.681191 %)
iter:   2700 (Jcost: 5.952550e-02) (lr = 3.567e-02) (elapsed time: 2380.373) (secs/iter:  0.837) (n_accepted: 79%) (u_error:  1.286192 %) (beta_change:  3.730512 %) (delta_change:  0.343746 %) (delta_peak/R:  4.680501 %)
iter:   2800 (Jcost: 5.952428e-02) (lr = 1.764e-01) (elapsed time: 2461.152) (secs/iter:  0.808) (n_accepted: 81%) (u_error:  1.285811 %) (beta_change:  3.803076 %) (delta_change:  0.343446 %) (delta_peak/R:  4.680844 %)
iter:   2900 (Jcost: 5.952255e-02) (lr = 2.628e-02) (elapsed time: 2538.943) (secs/iter:  0.778) (n_accepted: 77%) (u_error:  1.285515 %) (beta_change:  3.908592 %) (delta_change:  0.343280 %) (delta_peak/R:  4.681036 %)
iter:   3000 (Jcost: 5.952113e-02) (lr = 2.256e-02) (elapsed time: 2620.105) (secs/iter:  0.812) (n_accepted: 79%) (u_error:  1.285594 %) (beta_change:  3.995226 %) (delta_change:  0.343479 %) (delta_peak/R:  4.680811 %)
-> Saved file: /media/rafael/DATA/Dropbox/20220924_FIML_solver/data/output/field_inversion/Beta_k/u_imp_10/FI_run_Supersonic_M1.7R600_u_imp_10_k_imp_1_e_imp_0/FI_run_Supersonic_M1.7R600_u_imp_10_k_imp_1_e_imp_0_state_iter_3000.dat
iter:   3100 (Jcost: 5.951950e-02) (lr = 1.937e-02) (elapsed time: 2702.821) (secs/iter:  0.827) (n_accepted: 79%) (u_error:  1.285575 %) (beta_change:  4.094271 %) (delta_change:  0.343594 %) (delta_peak/R:  4.680683 %)
iter:   3200 (Jcost: 5.951813e-02) (lr = 2.298e-01) (elapsed time: 2783.049) (secs/iter:  0.802) (n_accepted: 82%) (u_error:  1.285875 %) (beta_change:  4.178163 %) (delta_change:  0.344020 %) (delta_peak/R:  4.680199 %)
iter:   3300 (Jcost: 5.951688e-02) (lr = 1.973e-01) (elapsed time: 2856.869) (secs/iter:  0.738) (n_accepted: 79%) (u_error:  1.285480 %) (beta_change:  4.253471 %) (delta_change:  0.343711 %) (delta_peak/R:  4.680552 %)
iter:   3400 (Jcost: 5.951576e-02) (lr = 7.056e-02) (elapsed time: 2937.437) (secs/iter:  0.806) (n_accepted: 78%) (u_error:  1.285581 %) (beta_change:  4.345507 %) (delta_change:  0.343909 %) (delta_peak/R:  4.680328 %)
iter:   3500 (Jcost: 5.951451e-02) (lr = 1.052e-02) (elapsed time: 3015.988) (secs/iter:  0.786) (n_accepted: 77%) (u_error:  1.285578 %) (beta_change:  4.527321 %) (delta_change:  0.344010 %) (delta_peak/R:  4.680214 %)
-> Saved file: /media/rafael/DATA/Dropbox/20220924_FIML_solver/data/output/field_inversion/Beta_k/u_imp_10/FI_run_Supersonic_M1.7R600_u_imp_10_k_imp_1_e_imp_0/FI_run_Supersonic_M1.7R600_u_imp_10_k_imp_1_e_imp_0_state_iter_3500.dat
iter:   3600 (Jcost: 5.951348e-02) (lr = 7.187e-01) (elapsed time: 3094.259) (secs/iter:  0.783) (n_accepted: 84%) (u_error:  1.285297 %) (beta_change:  4.684924 %) (delta_change:  0.343804 %) (delta_peak/R:  4.680450 %)
iter:   3700 (Jcost: 5.951239e-02) (lr = 2.571e-01) (elapsed time: 3170.218) (secs/iter:  0.760) (n_accepted: 78%) (u_error:  1.285478 %) (beta_change:  4.852801 %) (delta_change:  0.344084 %) (delta_peak/R:  4.680132 %)
iter:   3800 (Jcost: 5.951126e-02) (lr = 1.596e-02) (elapsed time: 3252.463) (secs/iter:  0.822) (n_accepted: 76%) (u_error:  1.285536 %) (beta_change:  5.031964 %) (delta_change:  0.344242 %) (delta_peak/R:  4.679954 %)
iter:   3900 (Jcost: 5.951027e-02) (lr = 4.546e-01) (elapsed time: 3331.388) (secs/iter:  0.789) (n_accepted: 83%) (u_error:  1.285168 %) (beta_change:  5.196636 %) (delta_change:  0.343943 %) (delta_peak/R:  4.680294 %)
iter:   4000 (Jcost: 5.950929e-02) (lr = 3.902e-01) (elapsed time: 3405.364) (secs/iter:  0.740) (n_accepted: 79%) (u_error:  1.285535 %) (beta_change:  5.359541 %) (delta_change:  0.344411 %) (delta_peak/R:  4.679763 %)
-> Saved file: /media/rafael/DATA/Dropbox/20220924_FIML_solver/data/output/field_inversion/Beta_k/u_imp_10/FI_run_Supersonic_M1.7R600_u_imp_10_k_imp_1_e_imp_0/FI_run_Supersonic_M1.7R600_u_imp_10_k_imp_1_e_imp_0_state_iter_4000.dat
iter:   4100 (Jcost: 5.950833e-02) (lr = 1.396e-01) (elapsed time: 3486.721) (secs/iter:  0.814) (n_accepted: 78%) (u_error:  1.285472 %) (beta_change:  5.524140 %) (delta_change:  0.344429 %) (delta_peak/R:  4.679744 %)
iter:   4200 (Jcost: 5.950744e-02) (lr = 4.992e-02) (elapsed time: 3565.711) (secs/iter:  0.790) (n_accepted: 78%) (u_error:  1.285504 %) (beta_change:  5.682582 %) (delta_change:  0.344541 %) (delta_peak/R:  4.679616 %)
iter:   4300 (Jcost: 5.950639e-02) (lr = 1.785e-02) (elapsed time: 3638.987) (secs/iter:  0.733) (n_accepted: 78%) (u_error:  1.285417 %) (beta_change:  5.871128 %) (delta_change:  0.344544 %) (delta_peak/R:  4.679615 %)
iter:   4400 (Jcost: 5.950546e-02) (lr = 3.678e-02) (elapsed time: 3717.693) (secs/iter:  0.787) (n_accepted: 80%) (u_error:  1.285263 %) (beta_change:  6.043870 %) (delta_change:  0.344468 %) (delta_peak/R:  4.679702 %)
iter:   4500 (Jcost: 5.950491e-02) (lr = 7.578e-02) (elapsed time: 3795.476) (secs/iter:  0.778) (n_accepted: 80%) (u_error:  1.285407 %) (beta_change:  6.148376 %) (delta_change:  0.344668 %) (delta_peak/R:  4.679475 %)
-> Saved file: /media/rafael/DATA/Dropbox/20220924_FIML_solver/data/output/field_inversion/Beta_k/u_imp_10/FI_run_Supersonic_M1.7R600_u_imp_10_k_imp_1_e_imp_0/FI_run_Supersonic_M1.7R600_u_imp_10_k_imp_1_e_imp_0_state_iter_4500.dat
iter:   4600 (Jcost: 5.950389e-02) (lr = 2.710e-02) (elapsed time: 3879.419) (secs/iter:  0.839) (n_accepted: 78%) (u_error:  1.285366 %) (beta_change:  6.343254 %) (delta_change:  0.344719 %) (delta_peak/R:  4.679419 %)
iter:   4700 (Jcost: 5.950309e-02) (lr = 1.340e-01) (elapsed time: 3955.372) (secs/iter:  0.760) (n_accepted: 81%) (u_error:  1.285088 %) (beta_change:  6.504616 %) (delta_change:  0.344504 %) (delta_peak/R:  4.679663 %)
iter:   4800 (Jcost: 5.950226e-02) (lr = 2.761e-01) (elapsed time: 4034.030) (secs/iter:  0.787) (n_accepted: 80%) (u_error:  1.284806 %) (beta_change:  6.678318 %) (delta_change:  0.344290 %) (delta_peak/R:  4.679907 %)
iter:   4900 (Jcost: 5.950163e-02) (lr = 2.370e-01) (elapsed time: 4114.000) (secs/iter:  0.800) (n_accepted: 79%) (u_error:  1.285336 %) (beta_change:  6.796640 %) (delta_change:  0.344899 %) (delta_peak/R:  4.679216 %)
iter:   5000 (Jcost: 5.950092e-02) (lr = 8.476e-02) (elapsed time: 4184.141) (secs/iter:  0.701) (n_accepted: 78%) (u_error:  1.285334 %) (beta_change:  6.944767 %) (delta_change:  0.344966 %) (delta_peak/R:  4.679142 %)
-> Saved file: /media/rafael/DATA/Dropbox/20220924_FIML_solver/data/output/field_inversion/Beta_k/u_imp_10/FI_run_Supersonic_M1.7R600_u_imp_10_k_imp_1_e_imp_0/FI_run_Supersonic_M1.7R600_u_imp_10_k_imp_1_e_imp_0_state_iter_5000.dat
iter:   5100 (Jcost: 5.950012e-02) (lr = 1.263e-02) (elapsed time: 4232.622) (secs/iter:  0.485) (n_accepted: 77%) (u_error:  1.285364 %) (beta_change:  7.115262 %) (delta_change:  0.345075 %) (delta_peak/R:  4.679019 %)
iter:   5200 (Jcost: 5.949929e-02) (lr = 8.634e-01) (elapsed time: 4275.478) (secs/iter:  0.429) (n_accepted: 84%) (u_error:  1.285724 %) (beta_change:  7.297609 %) (delta_change:  0.345532 %) (delta_peak/R:  4.678500 %)
iter:   5300 (Jcost: 5.949857e-02) (lr = 3.088e-01) (elapsed time: 4321.382) (secs/iter:  0.459) (n_accepted: 78%) (u_error:  1.285295 %) (beta_change:  7.452029 %) (delta_change:  0.345154 %) (delta_peak/R:  4.678931 %)
iter:   5400 (Jcost: 5.949791e-02) (lr = 4.602e-02) (elapsed time: 4367.549) (secs/iter:  0.462) (n_accepted: 77%) (u_error:  1.285300 %) (beta_change:  7.598607 %) (delta_change:  0.345224 %) (delta_peak/R:  4.678852 %)
iter:   5500 (Jcost: 5.949727e-02) (lr = 2.275e-01) (elapsed time: 4413.623) (secs/iter:  0.461) (n_accepted: 81%) (u_error:  1.285075 %) (beta_change:  7.745862 %) (delta_change:  0.345053 %) (delta_peak/R:  4.679048 %)
-> Saved file: /media/rafael/DATA/Dropbox/20220924_FIML_solver/data/output/field_inversion/Beta_k/u_imp_10/FI_run_Supersonic_M1.7R600_u_imp_10_k_imp_1_e_imp_0/FI_run_Supersonic_M1.7R600_u_imp_10_k_imp_1_e_imp_0_state_iter_5500.dat
iter:   5600 (Jcost: 5.949663e-02) (lr = 1.953e-01) (elapsed time: 4460.899) (secs/iter:  0.473) (n_accepted: 79%) (u_error:  1.285437 %) (beta_change:  7.893272 %) (delta_change:  0.345497 %) (delta_peak/R:  4.678545 %)
iter:   5700 (Jcost: 5.949592e-02) (lr = 6.986e-02) (elapsed time: 4508.221) (secs/iter:  0.473) (n_accepted: 78%) (u_error:  1.285261 %) (beta_change:  8.057122 %) (delta_change:  0.345384 %) (delta_peak/R:  4.678675 %)
iter:   5800 (Jcost: 5.949525e-02) (lr = 5.997e-02) (elapsed time: 4553.902) (secs/iter:  0.457) (n_accepted: 79%) (u_error:  1.285302 %) (beta_change:  8.217340 %) (delta_change:  0.345496 %) (delta_peak/R:  4.678549 %)
iter:   5900 (Jcost: 5.949450e-02) (lr = 2.145e-02) (elapsed time: 4619.482) (secs/iter:  0.656) (n_accepted: 78%) (u_error:  1.285337 %) (beta_change:  8.396726 %) (delta_change:  0.345609 %) (delta_peak/R:  4.678423 %)
iter:   6000 (Jcost: 5.949382e-02) (lr = 2.545e-01) (elapsed time: 4680.170) (secs/iter:  0.607) (n_accepted: 82%) (u_error:  1.285043 %) (beta_change:  8.567135 %) (delta_change:  0.345374 %) (delta_peak/R:  4.678691 %)
-> Saved file: /media/rafael/DATA/Dropbox/20220924_FIML_solver/data/output/field_inversion/Beta_k/u_imp_10/FI_run_Supersonic_M1.7R600_u_imp_10_k_imp_1_e_imp_0/FI_run_Supersonic_M1.7R600_u_imp_10_k_imp_1_e_imp_0_state_iter_6000.dat
iter:   6100 (Jcost: 5.949317e-02) (lr = 5.244e-01) (elapsed time: 4727.684) (secs/iter:  0.475) (n_accepted: 80%) (u_error:  1.285103 %) (beta_change:  8.726621 %) (delta_change:  0.345504 %) (delta_peak/R:  4.678544 %)
iter:   6200 (Jcost: 5.949266e-02) (lr = 4.501e-01) (elapsed time: 4777.523) (secs/iter:  0.498) (n_accepted: 79%) (u_error:  1.285190 %) (beta_change:  8.853061 %) (delta_change:  0.345648 %) (delta_peak/R:  4.678382 %)
iter:   6300 (Jcost: 5.949198e-02) (lr = 6.708e-02) (elapsed time: 4847.536) (secs/iter:  0.700) (n_accepted: 77%) (u_error:  1.285333 %) (beta_change:  9.027028 %) (delta_change:  0.345871 %) (delta_peak/R:  4.678131 %)
iter:   6400 (Jcost: 5.949130e-02) (lr = 2.399e-02) (elapsed time: 4923.783) (secs/iter:  0.762) (n_accepted: 78%) (u_error:  1.285295 %) (beta_change:  9.201028 %) (delta_change:  0.345902 %) (delta_peak/R:  4.678097 %)
iter:   6500 (Jcost: 5.949080e-02) (lr = 6.833e-01) (elapsed time: 4994.679) (secs/iter:  0.709) (n_accepted: 83%) (u_error:  1.285242 %) (beta_change:  9.330645 %) (delta_change:  0.345901 %) (delta_peak/R:  4.678100 %)
-> Saved file: /media/rafael/DATA/Dropbox/20220924_FIML_solver/data/output/field_inversion/Beta_k/u_imp_10/FI_run_Supersonic_M1.7R600_u_imp_10_k_imp_1_e_imp_0/FI_run_Supersonic_M1.7R600_u_imp_10_k_imp_1_e_imp_0_state_iter_6500.dat
iter:   6600 (Jcost: 5.949018e-02) (lr = 1.018e-01) (elapsed time: 5075.910) (secs/iter:  0.812) (n_accepted: 77%) (u_error:  1.285154 %) (beta_change:  9.496756 %) (delta_change:  0.345877 %) (delta_peak/R:  4.678129 %)
iter:   6700 (Jcost: 5.948953e-02) (lr = 3.642e-02) (elapsed time: 5150.117) (secs/iter:  0.742) (n_accepted: 78%) (u_error:  1.285331 %) (beta_change:  9.669007 %) (delta_change:  0.346132 %) (delta_peak/R:  4.677842 %)
iter:   6800 (Jcost: 5.948903e-02) (lr = 4.322e-01) (elapsed time: 5224.177) (secs/iter:  0.741) (n_accepted: 82%) (u_error:  1.285138 %) (beta_change:  9.803901 %) (delta_change:  0.345985 %) (delta_peak/R:  4.678010 %)
iter:   6900 (Jcost: 5.948850e-02) (lr = 1.118e-02) (elapsed time: 5298.823) (secs/iter:  0.746) (n_accepted: 75%) (u_error:  1.285195 %) (beta_change:  9.946683 %) (delta_change:  0.346102 %) (delta_peak/R:  4.677878 %)
iter:   7000 (Jcost: 5.948792e-02) (lr = 7.643e-01) (elapsed time: 5367.422) (secs/iter:  0.686) (n_accepted: 84%) (u_error:  1.285189 %) (beta_change: 10.107916 %) (delta_change:  0.346160 %) (delta_peak/R:  4.677814 %)
-> Saved file: /media/rafael/DATA/Dropbox/20220924_FIML_solver/data/output/field_inversion/Beta_k/u_imp_10/FI_run_Supersonic_M1.7R600_u_imp_10_k_imp_1_e_imp_0/FI_run_Supersonic_M1.7R600_u_imp_10_k_imp_1_e_imp_0_state_iter_7000.dat
iter:   7100 (Jcost: 5.948745e-02) (lr = 1.139e-01) (elapsed time: 5447.812) (secs/iter:  0.804) (n_accepted: 77%) (u_error:  1.285206 %) (beta_change: 10.236245 %) (delta_change:  0.346229 %) (delta_peak/R:  4.677737 %)
iter:   7200 (Jcost: 5.948682e-02) (lr = 4.074e-02) (elapsed time: 5521.761) (secs/iter:  0.739) (n_accepted: 78%) (u_error:  1.285230 %) (beta_change: 10.413169 %) (delta_change:  0.346324 %) (delta_peak/R:  4.677632 %)
iter:   7300 (Jcost: 5.948624e-02) (lr = 3.497e-02) (elapsed time: 5598.031) (secs/iter:  0.763) (n_accepted: 79%) (u_error:  1.285298 %) (beta_change: 10.577896 %) (delta_change:  0.346461 %) (delta_peak/R:  4.677479 %)
iter:   7400 (Jcost: 5.948562e-02) (lr = 1.251e-02) (elapsed time: 5652.737) (secs/iter:  0.547) (n_accepted: 78%) (u_error:  1.285232 %) (beta_change: 10.755118 %) (delta_change:  0.346461 %) (delta_peak/R:  4.677481 %)
iter:   7500 (Jcost: 5.948495e-02) (lr = 3.562e-01) (elapsed time: 5698.139) (secs/iter:  0.454) (n_accepted: 83%) (u_error:  1.285575 %) (beta_change: 10.955356 %) (delta_change:  0.346898 %) (delta_peak/R:  4.676986 %)
-> Saved file: /media/rafael/DATA/Dropbox/20220924_FIML_solver/data/output/field_inversion/Beta_k/u_imp_10/FI_run_Supersonic_M1.7R600_u_imp_10_k_imp_1_e_imp_0/FI_run_Supersonic_M1.7R600_u_imp_10_k_imp_1_e_imp_0_state_iter_7500.dat
iter:   7600 (Jcost: 5.948456e-02) (lr = 2.212e-02) (elapsed time: 5746.758) (secs/iter:  0.486) (n_accepted: 76%) (u_error:  1.285154 %) (beta_change: 11.061924 %) (delta_change:  0.346499 %) (delta_peak/R:  4.677442 %)
iter:   7700 (Jcost: 5.948395e-02) (lr = 1.899e-02) (elapsed time: 5790.332) (secs/iter:  0.436) (n_accepted: 79%) (u_error:  1.285186 %) (beta_change: 11.241170 %) (delta_change:  0.346601 %) (delta_peak/R:  4.677327 %)
iter:   7800 (Jcost: 5.948341e-02) (lr = 5.407e-01) (elapsed time: 5839.109) (secs/iter:  0.488) (n_accepted: 83%) (u_error:  1.285391 %) (beta_change: 11.400773 %) (delta_change:  0.346877 %) (delta_peak/R:  4.677016 %)
iter:   7900 (Jcost: 5.948289e-02) (lr = 4.641e-01) (elapsed time: 5914.732) (secs/iter:  0.756) (n_accepted: 79%) (u_error:  1.284910 %) (beta_change: 11.557221 %) (delta_change:  0.346435 %) (delta_peak/R:  4.677521 %)
iter:   8000 (Jcost: 5.948237e-02) (lr = 3.984e-01) (elapsed time: 5961.246) (secs/iter:  0.465) (n_accepted: 79%) (u_error:  1.285064 %) (beta_change: 11.709173 %) (delta_change:  0.346654 %) (delta_peak/R:  4.677274 %)
-> Saved file: /media/rafael/DATA/Dropbox/20220924_FIML_solver/data/output/field_inversion/Beta_k/u_imp_10/FI_run_Supersonic_M1.7R600_u_imp_10_k_imp_1_e_imp_0/FI_run_Supersonic_M1.7R600_u_imp_10_k_imp_1_e_imp_0_state_iter_8000.dat
iter:   8100 (Jcost: 5.948179e-02) (lr = 5.937e-02) (elapsed time: 6008.331) (secs/iter:  0.471) (n_accepted: 77%) (u_error:  1.285159 %) (beta_change: 11.883946 %) (delta_change:  0.346819 %) (delta_peak/R:  4.677089 %)
iter:   8200 (Jcost: 5.948127e-02) (lr = 8.848e-03) (elapsed time: 6076.207) (secs/iter:  0.679) (n_accepted: 77%) (u_error:  1.285123 %) (beta_change: 12.043233 %) (delta_change:  0.346841 %) (delta_peak/R:  4.677066 %)
iter:   8300 (Jcost: 5.948078e-02) (lr = 1.823e-02) (elapsed time: 6150.994) (secs/iter:  0.748) (n_accepted: 80%) (u_error:  1.285442 %) (beta_change: 12.196391 %) (delta_change:  0.347232 %) (delta_peak/R:  4.676623 %)
iter:   8400 (Jcost: 5.948035e-02) (lr = 5.192e-01) (elapsed time: 6223.970) (secs/iter:  0.730) (n_accepted: 83%) (u_error:  1.285119 %) (beta_change: 12.327016 %) (delta_change:  0.346944 %) (delta_peak/R:  4.676953 %)
iter:   8500 (Jcost: 5.947984e-02) (lr = 4.456e-01) (elapsed time: 6299.473) (secs/iter:  0.755) (n_accepted: 79%) (u_error:  1.285214 %) (beta_change: 12.486052 %) (delta_change:  0.347102 %) (delta_peak/R:  4.676775 %)
-> Saved file: /media/rafael/DATA/Dropbox/20220924_FIML_solver/data/output/field_inversion/Beta_k/u_imp_10/FI_run_Supersonic_M1.7R600_u_imp_10_k_imp_1_e_imp_0/FI_run_Supersonic_M1.7R600_u_imp_10_k_imp_1_e_imp_0_state_iter_8500.dat
iter:   8600 (Jcost: 5.947931e-02) (lr = 1.594e-01) (elapsed time: 6376.365) (secs/iter:  0.769) (n_accepted: 78%) (u_error:  1.285065 %) (beta_change: 12.648323 %) (delta_change:  0.347007 %) (delta_peak/R:  4.676885 %)
iter:   8700 (Jcost: 5.947880e-02) (lr = 2.375e-02) (elapsed time: 6454.320) (secs/iter:  0.780) (n_accepted: 77%) (u_error:  1.285096 %) (beta_change: 12.808483 %) (delta_change:  0.347098 %) (delta_peak/R:  4.676784 %)
iter:   8800 (Jcost: 5.947840e-02) (lr = 6.765e-01) (elapsed time: 6526.193) (secs/iter:  0.719) (n_accepted: 83%) (u_error:  1.285132 %) (beta_change: 12.934371 %) (delta_change:  0.347183 %) (delta_peak/R:  4.676690 %)
iter:   8900 (Jcost: 5.947789e-02) (lr = 2.420e-01) (elapsed time: 6585.660) (secs/iter:  0.595) (n_accepted: 78%) (u_error:  1.285127 %) (beta_change: 13.098220 %) (delta_change:  0.347238 %) (delta_peak/R:  4.676630 %)
iter:   9000 (Jcost: 5.947734e-02) (lr = 8.654e-02) (elapsed time: 6651.002) (secs/iter:  0.653) (n_accepted: 78%) (u_error:  1.285077 %) (beta_change: 13.273938 %) (delta_change:  0.347250 %) (delta_peak/R:  4.676618 %)
-> Saved file: /media/rafael/DATA/Dropbox/20220924_FIML_solver/data/output/field_inversion/Beta_k/u_imp_10/FI_run_Supersonic_M1.7R600_u_imp_10_k_imp_1_e_imp_0/FI_run_Supersonic_M1.7R600_u_imp_10_k_imp_1_e_imp_0_state_iter_9000.dat
iter:   9100 (Jcost: 5.947674e-02) (lr = 3.095e-02) (elapsed time: 6699.497) (secs/iter:  0.485) (n_accepted: 78%) (u_error:  1.285100 %) (beta_change: 13.463510 %) (delta_change:  0.347343 %) (delta_peak/R:  4.676515 %)
iter:   9200 (Jcost: 5.947617e-02) (lr = 2.657e-02) (elapsed time: 6770.085) (secs/iter:  0.706) (n_accepted: 79%) (u_error:  1.285056 %) (beta_change: 13.650036 %) (delta_change:  0.347365 %) (delta_peak/R:  4.676493 %)
iter:   9300 (Jcost: 5.947574e-02) (lr = 7.567e-01) (elapsed time: 6845.255) (secs/iter:  0.752) (n_accepted: 83%) (u_error:  1.285141 %) (beta_change: 13.786882 %) (delta_change:  0.347503 %) (delta_peak/R:  4.676338 %)
iter:   9400 (Jcost: 5.947534e-02) (lr = 1.958e-02) (elapsed time: 6923.134) (secs/iter:  0.779) (n_accepted: 75%) (u_error:  1.285168 %) (beta_change: 13.918359 %) (delta_change:  0.347580 %) (delta_peak/R:  4.676253 %)
iter:   9500 (Jcost: 5.947486e-02) (lr = 1.681e-02) (elapsed time: 6994.133) (secs/iter:  0.710) (n_accepted: 79%) (u_error:  1.285080 %) (beta_change: 14.074309 %) (delta_change:  0.347543 %) (delta_peak/R:  4.676298 %)
-> Saved file: /media/rafael/DATA/Dropbox/20220924_FIML_solver/data/output/field_inversion/Beta_k/u_imp_10/FI_run_Supersonic_M1.7R600_u_imp_10_k_imp_1_e_imp_0/FI_run_Supersonic_M1.7R600_u_imp_10_k_imp_1_e_imp_0_state_iter_9500.dat
iter:   9600 (Jcost: 5.947433e-02) (lr = 3.462e-02) (elapsed time: 7070.071) (secs/iter:  0.759) (n_accepted: 80%) (u_error:  1.284920 %) (beta_change: 14.250113 %) (delta_change:  0.347440 %) (delta_peak/R:  4.676418 %)
iter:   9700 (Jcost: 5.947391e-02) (lr = 4.108e-01) (elapsed time: 7147.253) (secs/iter:  0.772) (n_accepted: 82%) (u_error:  1.285169 %) (beta_change: 14.388784 %) (delta_change:  0.347749 %) (delta_peak/R:  4.676068 %)
iter:   9800 (Jcost: 5.947350e-02) (lr = 1.469e-01) (elapsed time: 7224.893) (secs/iter:  0.776) (n_accepted: 78%) (u_error:  1.285098 %) (beta_change: 14.524250 %) (delta_change:  0.347723 %) (delta_peak/R:  4.676100 %)
iter:   9900 (Jcost: 5.947300e-02) (lr = 5.256e-02) (elapsed time: 7299.665) (secs/iter:  0.748) (n_accepted: 78%) (u_error:  1.284772 %) (beta_change: 14.691835 %) (delta_change:  0.347442 %) (delta_peak/R:  4.676422 %)
iter:  10000 (Jcost: 5.947252e-02) (lr = 6.237e-01) (elapsed time: 7375.306) (secs/iter:  0.756) (n_accepted: 82%) (u_error:  1.284666 %) (beta_change: 14.855919 %) (delta_change:  0.347389 %) (delta_peak/R:  4.676484 %)
-> Saved file: /media/rafael/DATA/Dropbox/20220924_FIML_solver/data/output/field_inversion/Beta_k/u_imp_10/FI_run_Supersonic_M1.7R600_u_imp_10_k_imp_1_e_imp_0/FI_run_Supersonic_M1.7R600_u_imp_10_k_imp_1_e_imp_0_state_iter_10000.dat
iter:  10100 (Jcost: 5.947217e-02) (lr = 2.231e-01) (elapsed time: 7455.482) (secs/iter:  0.802) (n_accepted: 78%) (u_error:  1.285050 %) (beta_change: 14.964465 %) (delta_change:  0.347829 %) (delta_peak/R:  4.675986 %)
iter:  10200 (Jcost: 5.947170e-02) (lr = 7.978e-02) (elapsed time: 7528.954) (secs/iter:  0.735) (n_accepted: 78%) (u_error:  1.285004 %) (beta_change: 15.121963 %) (delta_change:  0.347836 %) (delta_peak/R:  4.675980 %)
iter:  10300 (Jcost: 5.947127e-02) (lr = 2.854e-02) (elapsed time: 7605.283) (secs/iter:  0.763) (n_accepted: 78%) (u_error:  1.285093 %) (beta_change: 15.268053 %) (delta_change:  0.347982 %) (delta_peak/R:  4.675817 %)
iter:  10400 (Jcost: 5.947081e-02) (lr = 2.449e-02) (elapsed time: 7680.790) (secs/iter:  0.755) (n_accepted: 79%) (u_error:  1.285085 %) (beta_change: 15.424010 %) (delta_change:  0.348028 %) (delta_peak/R:  4.675767 %)
iter:  10500 (Jcost: 5.947037e-02) (lr = 2.103e-02) (elapsed time: 7757.126) (secs/iter:  0.763) (n_accepted: 79%) (u_error:  1.285051 %) (beta_change: 15.570310 %) (delta_change:  0.348043 %) (delta_peak/R:  4.675752 %)
-> Saved file: /media/rafael/DATA/Dropbox/20220924_FIML_solver/data/output/field_inversion/Beta_k/u_imp_10/FI_run_Supersonic_M1.7R600_u_imp_10_k_imp_1_e_imp_0/FI_run_Supersonic_M1.7R600_u_imp_10_k_imp_1_e_imp_0_state_iter_10500.dat
iter:  10600 (Jcost: 5.946987e-02) (lr = 5.988e-01) (elapsed time: 7810.477) (secs/iter:  0.534) (n_accepted: 83%) (u_error:  1.285125 %) (beta_change: 15.743286 %) (delta_change:  0.348181 %) (delta_peak/R:  4.675598 %)
iter:  10700 (Jcost: 5.946941e-02) (lr = 2.142e-01) (elapsed time: 7879.867) (secs/iter:  0.694) (n_accepted: 78%) (u_error:  1.285054 %) (beta_change: 15.898803 %) (delta_change:  0.348161 %) (delta_peak/R:  4.675623 %)
iter:  10800 (Jcost: 5.946893e-02) (lr = 3.192e-02) (elapsed time: 7958.303) (secs/iter:  0.784) (n_accepted: 77%) (u_error:  1.285105 %) (beta_change: 16.062138 %) (delta_change:  0.348271 %) (delta_peak/R:  4.675500 %)
iter:  10900 (Jcost: 5.946850e-02) (lr = 6.576e-02) (elapsed time: 8034.604) (secs/iter:  0.763) (n_accepted: 80%) (u_error:  1.285240 %) (beta_change: 16.211335 %) (delta_change:  0.348464 %) (delta_peak/R:  4.675284 %)
iter:  11000 (Jcost: 5.946811e-02) (lr = 7.803e-01) (elapsed time: 8109.215) (secs/iter:  0.746) (n_accepted: 82%) (u_error:  1.285046 %) (beta_change: 16.343453 %) (delta_change:  0.348307 %) (delta_peak/R:  4.675464 %)
-> Saved file: /media/rafael/DATA/Dropbox/20220924_FIML_solver/data/output/field_inversion/Beta_k/u_imp_10/FI_run_Supersonic_M1.7R600_u_imp_10_k_imp_1_e_imp_0/FI_run_Supersonic_M1.7R600_u_imp_10_k_imp_1_e_imp_0_state_iter_11000.dat
iter:  11100 (Jcost: 5.946772e-02) (lr = 2.791e-01) (elapsed time: 8189.745) (secs/iter:  0.805) (n_accepted: 78%) (u_error:  1.284967 %) (beta_change: 16.477768 %) (delta_change:  0.348271 %) (delta_peak/R:  4.675507 %)
iter:  11200 (Jcost: 5.946726e-02) (lr = 4.159e-02) (elapsed time: 8267.617) (secs/iter:  0.779) (n_accepted: 77%) (u_error:  1.284980 %) (beta_change: 16.636902 %) (delta_change:  0.348340 %) (delta_peak/R:  4.675432 %)
iter:  11300 (Jcost: 5.946682e-02) (lr = 1.488e-02) (elapsed time: 8345.817) (secs/iter:  0.782) (n_accepted: 78%) (u_error:  1.285043 %) (beta_change: 16.789606 %) (delta_change:  0.348458 %) (delta_peak/R:  4.675300 %)
iter:  11400 (Jcost: 5.946639e-02) (lr = 1.017e+00) (elapsed time: 8422.106) (secs/iter:  0.763) (n_accepted: 84%) (u_error:  1.284803 %) (beta_change: 16.938700 %) (delta_change:  0.348258 %) (delta_peak/R:  4.675530 %)
iter:  11500 (Jcost: 5.946596e-02) (lr = 8.728e-01) (elapsed time: 8498.412) (secs/iter:  0.763) (n_accepted: 79%) (u_error:  1.285086 %) (beta_change: 17.087428 %) (delta_change:  0.348605 %) (delta_peak/R:  4.675137 %)
-> Saved file: /media/rafael/DATA/Dropbox/20220924_FIML_solver/data/output/field_inversion/Beta_k/u_imp_10/FI_run_Supersonic_M1.7R600_u_imp_10_k_imp_1_e_imp_0/FI_run_Supersonic_M1.7R600_u_imp_10_k_imp_1_e_imp_0_state_iter_11500.dat
iter:  11600 (Jcost: 5.946559e-02) (lr = 3.122e-01) (elapsed time: 8579.356) (secs/iter:  0.809) (n_accepted: 78%) (u_error:  1.285076 %) (beta_change: 17.214039 %) (delta_change:  0.348638 %) (delta_peak/R:  4.675102 %)
iter:  11700 (Jcost: 5.946510e-02) (lr = 1.117e-01) (elapsed time: 8648.149) (secs/iter:  0.688) (n_accepted: 78%) (u_error:  1.284959 %) (beta_change: 17.384227 %) (delta_change:  0.348574 %) (delta_peak/R:  4.675177 %)
iter:  11800 (Jcost: 5.946461e-02) (lr = 3.993e-02) (elapsed time: 8725.624) (secs/iter:  0.775) (n_accepted: 78%) (u_error:  1.284975 %) (beta_change: 17.556516 %) (delta_change:  0.348649 %) (delta_peak/R:  4.675094 %)
iter:  11900 (Jcost: 5.946411e-02) (lr = 1.428e-02) (elapsed time: 8799.612) (secs/iter:  0.740) (n_accepted: 78%) (u_error:  1.285019 %) (beta_change: 17.730372 %) (delta_change:  0.348754 %) (delta_peak/R:  4.674978 %)
iter:  12000 (Jcost: 5.946369e-02) (lr = 2.943e-02) (elapsed time: 8872.831) (secs/iter:  0.732) (n_accepted: 80%) (u_error:  1.285205 %) (beta_change: 17.879711 %) (delta_change:  0.348999 %) (delta_peak/R:  4.674702 %)
-> Saved file: /media/rafael/DATA/Dropbox/20220924_FIML_solver/data/output/field_inversion/Beta_k/u_imp_10/FI_run_Supersonic_M1.7R600_u_imp_10_k_imp_1_e_imp_0/FI_run_Supersonic_M1.7R600_u_imp_10_k_imp_1_e_imp_0_state_iter_12000.dat
iter:  12100 (Jcost: 5.946322e-02) (lr = 3.492e-01) (elapsed time: 8941.835) (secs/iter:  0.690) (n_accepted: 82%) (u_error:  1.285008 %) (beta_change: 18.044584 %) (delta_change:  0.348849 %) (delta_peak/R:  4.674875 %)
iter:  12200 (Jcost: 5.946275e-02) (lr = 1.249e-01) (elapsed time: 9012.064) (secs/iter:  0.702) (n_accepted: 78%) (u_error:  1.284993 %) (beta_change: 18.211247 %) (delta_change:  0.348890 %) (delta_peak/R:  4.674831 %)
iter:  12300 (Jcost: 5.946226e-02) (lr = 1.861e-02) (elapsed time: 9086.963) (secs/iter:  0.749) (n_accepted: 77%) (u_error:  1.284939 %) (beta_change: 18.381944 %) (delta_change:  0.348891 %) (delta_peak/R:  4.674833 %)
iter:  12400 (Jcost: 5.946177e-02) (lr = 1.598e-02) (elapsed time: 9157.704) (secs/iter:  0.707) (n_accepted: 79%) (u_error:  1.284901 %) (beta_change: 18.556630 %) (delta_change:  0.348910 %) (delta_peak/R:  4.674814 %)
iter:  12500 (Jcost: 5.946132e-02) (lr = 1.092e+00) (elapsed time: 9228.398) (secs/iter:  0.707) (n_accepted: 84%) (u_error:  1.284655 %) (beta_change: 18.721174 %) (delta_change:  0.348708 %) (delta_peak/R:  4.675046 %)
-> Saved file: /media/rafael/DATA/Dropbox/20220924_FIML_solver/data/output/field_inversion/Beta_k/u_imp_10/FI_run_Supersonic_M1.7R600_u_imp_10_k_imp_1_e_imp_0/FI_run_Supersonic_M1.7R600_u_imp_10_k_imp_1_e_imp_0_state_iter_12500.dat
iter:  12600 (Jcost: 5.946096e-02) (lr = 3.906e-01) (elapsed time: 9305.646) (secs/iter:  0.772) (n_accepted: 78%) (u_error:  1.284925 %) (beta_change: 18.841346 %) (delta_change:  0.349032 %) (delta_peak/R:  4.674680 %)
iter:  12700 (Jcost: 5.946052e-02) (lr = 3.353e-01) (elapsed time: 9370.521) (secs/iter:  0.649) (n_accepted: 79%) (u_error:  1.284974 %) (beta_change: 18.999478 %) (delta_change:  0.349136 %) (delta_peak/R:  4.674564 %)
iter:  12800 (Jcost: 5.945997e-02) (lr = 4.996e-02) (elapsed time: 9436.093) (secs/iter:  0.656) (n_accepted: 77%) (u_error:  1.284992 %) (beta_change: 19.192214 %) (delta_change:  0.349219 %) (delta_peak/R:  4.674472 %)
iter:  12900 (Jcost: 5.945947e-02) (lr = 1.787e-02) (elapsed time: 9492.934) (secs/iter:  0.568) (n_accepted: 78%) (u_error:  1.284953 %) (beta_change: 19.371360 %) (delta_change:  0.349238 %) (delta_peak/R:  4.674454 %)
iter:  13000 (Jcost: 5.945900e-02) (lr = 5.089e-01) (elapsed time: 9538.618) (secs/iter:  0.457) (n_accepted: 83%) (u_error:  1.285157 %) (beta_change: 19.542078 %) (delta_change:  0.349509 %) (delta_peak/R:  4.674149 %)
-> Saved file: /media/rafael/DATA/Dropbox/20220924_FIML_solver/data/output/field_inversion/Beta_k/u_imp_10/FI_run_Supersonic_M1.7R600_u_imp_10_k_imp_1_e_imp_0/FI_run_Supersonic_M1.7R600_u_imp_10_k_imp_1_e_imp_0_state_iter_13000.dat
iter:  13100 (Jcost: 5.945854e-02) (lr = 1.048e+00) (elapsed time: 9611.357) (secs/iter:  0.727) (n_accepted: 80%) (u_error:  1.285097 %) (beta_change: 19.702286 %) (delta_change:  0.349500 %) (delta_peak/R:  4.674161 %)
iter:  13200 (Jcost: 5.945819e-02) (lr = 3.750e-01) (elapsed time: 9656.404) (secs/iter:  0.450) (n_accepted: 78%) (u_error:  1.284990 %) (beta_change: 19.826049 %) (delta_change:  0.349429 %) (delta_peak/R:  4.674244 %)
iter:  13300 (Jcost: 5.945769e-02) (lr = 5.589e-02) (elapsed time: 9700.887) (secs/iter:  0.445) (n_accepted: 77%) (u_error:  1.284946 %) (beta_change: 20.004967 %) (delta_change:  0.349442 %) (delta_peak/R:  4.674232 %)
iter:  13400 (Jcost: 5.945720e-02) (lr = 1.999e-02) (elapsed time: 9771.443) (secs/iter:  0.706) (n_accepted: 78%) (u_error:  1.284926 %) (beta_change: 20.181801 %) (delta_change:  0.349480 %) (delta_peak/R:  4.674192 %)
iter:  13500 (Jcost: 5.945677e-02) (lr = 1.716e-02) (elapsed time: 9825.373) (secs/iter:  0.539) (n_accepted: 79%) (u_error:  1.284953 %) (beta_change: 20.336073 %) (delta_change:  0.349560 %) (delta_peak/R:  4.674104 %)
-> Saved file: /media/rafael/DATA/Dropbox/20220924_FIML_solver/data/output/field_inversion/Beta_k/u_imp_10/FI_run_Supersonic_M1.7R600_u_imp_10_k_imp_1_e_imp_0/FI_run_Supersonic_M1.7R600_u_imp_10_k_imp_1_e_imp_0_state_iter_13500.dat
iter:  13600 (Jcost: 5.945631e-02) (lr = 8.484e-02) (elapsed time: 9872.247) (secs/iter:  0.469) (n_accepted: 81%) (u_error:  1.285368 %) (beta_change: 20.510998 %) (delta_change:  0.350053 %) (delta_peak/R:  4.673546 %)
iter:  13700 (Jcost: 5.945599e-02) (lr = 3.034e-02) (elapsed time: 9929.028) (secs/iter:  0.568) (n_accepted: 78%) (u_error:  1.284847 %) (beta_change: 20.616428 %) (delta_change:  0.349543 %) (delta_peak/R:  4.674128 %)
iter:  13800 (Jcost: 5.945554e-02) (lr = 1.085e-02) (elapsed time: 9992.853) (secs/iter:  0.638) (n_accepted: 78%) (u_error:  1.284879 %) (beta_change: 20.778060 %) (delta_change:  0.349630 %) (delta_peak/R:  4.674031 %)
iter:  13900 (Jcost: 5.945508e-02) (lr = 3.091e-01) (elapsed time: 10036.794) (secs/iter:  0.439) (n_accepted: 83%) (u_error:  1.284670 %) (beta_change: 20.947223 %) (delta_change:  0.349467 %) (delta_peak/R:  4.674219 %)
iter:  14000 (Jcost: 5.945462e-02) (lr = 6.368e-01) (elapsed time: 10085.164) (secs/iter:  0.484) (n_accepted: 80%) (u_error:  1.284930 %) (beta_change: 21.107145 %) (delta_change:  0.349792 %) (delta_peak/R:  4.673852 %)
-> Saved file: /media/rafael/DATA/Dropbox/20220924_FIML_solver/data/output/field_inversion/Beta_k/u_imp_10/FI_run_Supersonic_M1.7R600_u_imp_10_k_imp_1_e_imp_0/FI_run_Supersonic_M1.7R600_u_imp_10_k_imp_1_e_imp_0_state_iter_14000.dat
iter:  14100 (Jcost: 5.945424e-02) (lr = 3.954e-02) (elapsed time: 10143.169) (secs/iter:  0.580) (n_accepted: 76%) (u_error:  1.284878 %) (beta_change: 21.242991 %) (delta_change:  0.349782 %) (delta_peak/R:  4.673865 %)
iter:  14200 (Jcost: 5.945384e-02) (lr = 4.692e-01) (elapsed time: 10213.895) (secs/iter:  0.707) (n_accepted: 82%) (u_error:  1.284677 %) (beta_change: 21.391934 %) (delta_change:  0.349622 %) (delta_peak/R:  4.674050 %)
iter:  14300 (Jcost: 5.945336e-02) (lr = 4.028e-01) (elapsed time: 10273.912) (secs/iter:  0.600) (n_accepted: 79%) (u_error:  1.284919 %) (beta_change: 21.560623 %) (delta_change:  0.349931 %) (delta_peak/R:  4.673702 %)
iter:  14400 (Jcost: 5.945285e-02) (lr = 6.002e-02) (elapsed time: 10342.286) (secs/iter:  0.684) (n_accepted: 77%) (u_error:  1.284918 %) (beta_change: 21.746314 %) (delta_change:  0.349990 %) (delta_peak/R:  4.673637 %)
iter:  14500 (Jcost: 5.945234e-02) (lr = 2.147e-02) (elapsed time: 10394.107) (secs/iter:  0.518) (n_accepted: 78%) (u_error:  1.284959 %) (beta_change: 21.929488 %) (delta_change:  0.350094 %) (delta_peak/R:  4.673522 %)
-> Saved file: /media/rafael/DATA/Dropbox/20220924_FIML_solver/data/output/field_inversion/Beta_k/u_imp_10/FI_run_Supersonic_M1.7R600_u_imp_10_k_imp_1_e_imp_0/FI_run_Supersonic_M1.7R600_u_imp_10_k_imp_1_e_imp_0_state_iter_14500.dat
iter:  14600 (Jcost: 5.945186e-02) (lr = 2.547e-01) (elapsed time: 10447.390) (secs/iter:  0.533) (n_accepted: 82%) (u_error:  1.284673 %) (beta_change: 22.104240 %) (delta_change:  0.349853 %) (delta_peak/R:  4.673799 %)
iter:  14700 (Jcost: 5.945153e-02) (lr = 2.187e-01) (elapsed time: 10492.114) (secs/iter:  0.447) (n_accepted: 79%) (u_error:  1.284927 %) (beta_change: 22.222281 %) (delta_change:  0.350157 %) (delta_peak/R:  4.673455 %)
iter:  14800 (Jcost: 5.945112e-02) (lr = 7.821e-02) (elapsed time: 10544.392) (secs/iter:  0.523) (n_accepted: 78%) (u_error:  1.284904 %) (beta_change: 22.370161 %) (delta_change:  0.350181 %) (delta_peak/R:  4.673430 %)
iter:  14900 (Jcost: 5.945056e-02) (lr = 1.166e-02) (elapsed time: 10614.938) (secs/iter:  0.705) (n_accepted: 77%) (u_error:  1.284862 %) (beta_change: 22.571511 %) (delta_change:  0.350205 %) (delta_peak/R:  4.673407 %)
iter:  15000 (Jcost: 5.945005e-02) (lr = 1.383e-01) (elapsed time: 10687.720) (secs/iter:  0.728) (n_accepted: 82%) (u_error:  1.285148 %) (beta_change: 22.757971 %) (delta_change:  0.350565 %) (delta_peak/R:  4.673000 %)
-> Saved file: /media/rafael/DATA/Dropbox/20220924_FIML_solver/data/output/field_inversion/Beta_k/u_imp_10/FI_run_Supersonic_M1.7R600_u_imp_10_k_imp_1_e_imp_0/FI_run_Supersonic_M1.7R600_u_imp_10_k_imp_1_e_imp_0_state_iter_15000.dat
iter:  15000 (Jcost: 5.945005e-02) (lr = 6.916e-02) (elapsed time: 10693.658) (secs/iter:   None) (n_accepted: 0%) (u_error:  1.285148 %) (beta_change: 22.757971 %) (delta_change:  0.350565 %) (delta_peak/R:  4.673000 %)
