# ------------------------------------------------------------------------
#                  Input Arguments
# ------------------------------------------------------------------------
# Begin_Input_Arguments
{ 'all_b_mode': ['Beta_k', 'Beta_e'],
  'args_mk_solver': { 'torch': "<module 'torch' from "
                               "'/home/rafael/anaconda3/lib/python3.9/site-packages/torch/__init__.py'>",
                      'y_grid': [0.0, 0.000309700312, 0.000638645973, 0.00098802599, 0.00135910194, 0.00175321227, 0.00217177688, 0.00261630193, 0.00308838486, 0.00358971984, 0.00412210331, 0.00468744001, 0.00528774917, 0.00592517114, 0.00660197432, 0.0073205624, 0.00808348206, 0.00889343092, 0.00975326602, 0.0106660126, 0.0116348733, 0.0126632377, 0.0137546927, 0.0149130326, 0.0161422702, 0.0174466482, 0.0188306506, 0.0202990157, 0.0218567475, 0.02350913, 0.0252617393, 0.0271204584, 0.0290914903, 0.0311813732, 0.033396994, 0.0357456039, 0.0382348325, 0.0408727029, 0.0436676462, 0.0466285159, 0.0497646022, 0.0530856456, 0.0566018496, 0.0603238931, 0.0642629411, 0.068430655, 0.0728392004, 0.0775012535, 0.0824300053, 0.0876391634, 0.0931429507, 0.0989561006, 0.105093849, 0.111571922, 0.118406518, 0.125614286, 0.133212296, 0.141218006, 0.14964922, 0.158524039, 0.167860801, 0.177678022, 0.187994313, 0.1988283, 0.21019853, 0.222123362, 0.234620856, 0.247708641, 0.261403784, 0.275722637, 0.290680679, 0.306292354, 0.322570888, 0.339528108, 0.357174255, 0.375517785, 0.394565175, 0.414320726, 0.43478637, 0.45596148, 0.47784269, 0.500423731, 0.523695275, 0.547644806, 0.572256506, 0.597511177, 0.623386184, 0.649855436, 0.676889401, 0.704455158, 0.73251649, 0.761034018, 0.789965372, 0.819265404, 0.848886442, 0.878778572, 0.908889961, 0.939167201, 0.969555687, 1.0],
                      'Ret': 395,
                      'cp': 1.0,
                      'A_sca_rho': 1.0,
                      'A_sca_mu': 0.002531645569620253,
                      'A_sca_k': 0.002531645569620253,
                      'b_exp_rho': 0,
                      'b_exp_mu': 0,
                      'b_exp_k': 0,
                      'tensor_device': 'cpu',
                      'as_tensor': '<function '
                                   'Build_arguments_fi_run._mk_args_MK_solver.<locals>.<lambda> '
                                   'at 0x7fa70c5dae50>',
                      'ref_dns': { 'u_dns': [-1.1621891653647745e-17, 0.12038147061592142, 0.2486667194193228, 0.3853316777014896, 0.5308664780141247, 0.6857717402547939, 0.8505535450121167, 1.0257167446173359, 1.2117562114235156, 1.4091456291899656, 1.6183238869359076, 1.8397511203786363, 2.0739846083524762, 2.3215858175559485, 2.5830998617461347, 2.8590281200741208, 3.1496935262525536, 3.4552359470531533, 3.7756142665572257, 4.110583303842652, 4.45969946165573, 4.822206882730351, 5.197035265506851, 5.583025879652095, 5.978686814446167, 6.382207543471064, 6.791570648443869, 7.2043873700132925, 7.618385062963329, 8.03118634310432, 8.44041357554915, 8.84371142714813, 9.238979314381995, 9.624420091437981, 9.998469678649556, 10.35979096526142, 10.707129584683727, 11.039995370680495, 11.358551726082448, 11.662349268071521, 11.950718757107493, 12.223954157654832, 12.483709539516381, 12.729468296591788, 12.96189725891004, 13.181956912817093, 13.390830787523823, 13.589209456905074, 13.77774548120034, 13.957142176959408, 14.128008166098704, 14.292972400407937, 14.451390315255287, 14.604479160838446, 14.752729261499471, 14.897697302804033, 15.039633734259159, 15.178810140910235, 15.315947154448178, 15.451877409291745, 15.58669225918589, 15.721138532227114, 15.854113944398788, 15.987734105521263, 16.121146738748497, 16.254797365725366, 16.390071930809857, 16.524387395782732, 16.661463094046834, 16.798449310680184, 16.935625193579543, 17.073748174616334, 17.21187841549901, 17.35116308134969, 17.490589767101305, 17.630331843371298, 17.770657796637234, 17.910695071912688, 18.050115139616302, 18.189517885217317, 18.32769582858952, 18.464841616619317, 18.60232210083399, 18.737956916045317, 18.870869207741464, 19.001600969032044, 19.12847102790439, 19.2508118593921, 19.36853072042538, 19.481329243880012, 19.588082521880576, 19.686505896880114, 19.777464171831337, 19.858088464867063, 19.927955576763132, 19.98636731139984, 20.032412099278943, 20.065798107151412, 20.085227943575234, 20.092280221845982],
                                   'T_dns': [1.0, 1.0054168528182075, 1.0111892962951508, 1.0173388130340817, 1.0238875533374603, 1.0308581760577802, 1.038273632259914, 1.0461568763752858, 1.0545304873210575, 1.063416182446312, 1.0728342242475137, 1.0828056393146548, 1.0933552273933103, 1.104507706787982, 1.116286773847495, 1.1287138246039798, 1.1418020678500613, 1.1555561605518632, 1.1699720933427529, 1.1850375840993346, 1.200735906860395, 1.2170387130493567, 1.2339014140607178, 1.2512581885103229, 1.2690181325379986, 1.287088741319823, 1.3054054302266418, 1.3238929976112008, 1.342431658848353, 1.360870263513284, 1.3790997791952193, 1.397047949236261, 1.4146313584437984, 1.431761278275473, 1.4483587373565916, 1.4643623677516326, 1.4797384612603242, 1.494473409424734, 1.508558496762553, 1.5219502031919958, 1.5346836754995963, 1.5467957301326059, 1.5582499134154453, 1.569206687024354, 1.5795728055559435, 1.5893775176201004, 1.5987815903998888, 1.6077745001500987, 1.616297234691477, 1.6244646808727117, 1.6323569959770459, 1.6398761731000604, 1.647174520995295, 1.654288889365429, 1.6611891912578163, 1.6678853125030262, 1.674449470427603, 1.680971934865867, 1.6872570539729184, 1.6934178543768799, 1.6996246511056405, 1.7055444730030138, 1.7115323049608075, 1.7174212239002198, 1.7232113971651495, 1.7290349517100991, 1.7347599758705545, 1.7404252448428215, 1.746047374646889, 1.7516535825175776, 1.7572424028311684, 1.7627378999831622, 1.7682097929452725, 1.773712007084633, 1.7791755564288452, 1.784550175366191, 1.7899215472647867, 1.795180291250174, 1.8003429919401863, 1.805546840700353, 1.8106374644347318, 1.8156927850528817, 1.8206115329022907, 1.8255740816578867, 1.8303518807461197, 1.834913210939768, 1.8393867538308046, 1.8435541788207273, 1.8476276869749704, 1.8513787248624893, 1.8549071642459707, 1.8581864104438248, 1.8611135303961226, 1.863686875191405, 1.8658579517653304, 1.8676793778142577, 1.8691153775492937, 1.8701597252012252, 1.870756762510009, 1.8708954248221819],
                                   'mu_dns': [0.002531645569620253, 0.002531645569620253, 0.002531645569620253, 0.002531645569620253, 0.002531645569620253, 0.002531645569620253, 0.002531645569620253, 0.002531645569620253, 0.002531645569620253, 0.002531645569620253, 0.002531645569620253, 0.002531645569620253, 0.002531645569620253, 0.002531645569620253, 0.002531645569620253, 0.002531645569620253, 0.002531645569620253, 0.002531645569620253, 0.002531645569620253, 0.002531645569620253, 0.002531645569620253, 0.002531645569620253, 0.002531645569620253, 0.002531645569620253, 0.002531645569620253, 0.002531645569620253, 0.002531645569620253, 0.002531645569620253, 0.002531645569620253, 0.002531645569620253, 0.002531645569620253, 0.002531645569620253, 0.002531645569620253, 0.002531645569620253, 0.002531645569620253, 0.002531645569620253, 0.002531645569620253, 0.002531645569620253, 0.002531645569620253, 0.002531645569620253, 0.002531645569620253, 0.002531645569620253, 0.002531645569620253, 0.002531645569620253, 0.002531645569620253, 0.002531645569620253, 0.002531645569620253, 0.002531645569620253, 0.002531645569620253, 0.002531645569620253, 0.002531645569620253, 0.002531645569620253, 0.002531645569620253, 0.002531645569620253, 0.002531645569620253, 0.002531645569620253, 0.002531645569620253, 0.002531645569620253, 0.002531645569620253, 0.002531645569620253, 0.002531645569620253, 0.002531645569620253, 0.002531645569620253, 0.002531645569620253, 0.002531645569620253, 0.002531645569620253, 0.002531645569620253, 0.002531645569620253, 0.002531645569620253, 0.002531645569620253, 0.002531645569620253, 0.002531645569620253, 0.002531645569620253, 0.002531645569620253, 0.002531645569620253, 0.002531645569620253, 0.002531645569620253, 0.002531645569620253, 0.002531645569620253, 0.002531645569620253, 0.002531645569620253, 0.002531645569620253, 0.002531645569620253, 0.002531645569620253, 0.002531645569620253, 0.002531645569620253, 0.002531645569620253, 0.002531645569620253, 0.002531645569620253, 0.002531645569620253, 0.002531645569620253, 0.002531645569620253, 0.002531645569620253, 0.002531645569620253, 0.002531645569620253, 0.002531645569620253, 0.002531645569620253, 0.002531645569620253, 0.002531645569620253, 0.002531645569620253],
                                   'rho_dns': [1.0, 1.0, 1.0, 1.0, 1.0, 1.0, 1.0, 1.0, 1.0, 1.0, 1.0, 1.0, 1.0, 1.0, 1.0, 1.0, 1.0, 1.0, 1.0, 1.0, 1.0, 1.0, 1.0, 1.0, 1.0, 1.0, 1.0, 1.0, 1.0, 1.0, 1.0, 1.0, 1.0, 1.0, 1.0, 1.0, 1.0, 1.0, 1.0, 1.0, 1.0, 1.0, 1.0, 1.0, 1.0, 1.0, 1.0, 1.0, 1.0, 1.0, 1.0, 1.0, 1.0, 1.0, 1.0, 1.0, 1.0, 1.0, 1.0, 1.0, 1.0, 1.0, 1.0, 1.0, 1.0, 1.0, 1.0, 1.0, 1.0, 1.0, 1.0, 1.0, 1.0, 1.0, 1.0, 1.0, 1.0, 1.0, 1.0, 1.0, 1.0, 1.0, 1.0, 1.0, 1.0, 1.0, 1.0, 1.0, 1.0, 1.0, 1.0, 1.0, 1.0, 1.0, 1.0, 1.0, 1.0, 1.0, 1.0, 1.0]},
                      'case': 'T31_CP395',
                      'constant_Sq_heat': 0.04443037974683545,
                      'use_visc_heating': False,
                      'Pr_turb': 1.0,
                      'fprint': '<function '
                                'Build_arguments_fi_run._mk_args_MK_solver.<locals>.<lambda> '
                                'at 0x7fa70c5daaf0>',
                      'compressible_correction': False,
                      'bool_solve_energy': False,
                      'output_last': False},
  'u_imp': 1,
  'k_imp': 1,
  'e_imp': 1,
  'solve_sparse_adj': True,
  'all_ref_beta_distrib': {'K': [1.0, 0.99995662, 0.99991177, 0.99986604, 0.99981981, 0.99977365, 0.99972833, 0.99968486, 0.9996445, 0.99960876, 0.99957943, 0.99955856, 0.99954848, 0.99955182, 0.99957146, 0.9996106, 0.99967273, 0.99976165, 0.99988153, 1.00003682, 1.00023224, 1.00047243, 1.00076133, 1.00110131, 1.00149263, 1.0019335, 1.0024203, 1.00294782, 1.00350946, 1.00409762, 1.00470406, 1.00532021, 1.00593735, 1.00654672, 1.00713946, 1.00770665, 1.0082392, 1.00872786, 1.00916317, 1.0095355, 1.00983515, 1.01005241, 1.01017761, 1.01020126, 1.0101142, 1.00990766, 1.00957338, 1.00910375, 1.00849191, 1.00773193, 1.00681894, 1.00574938, 1.00452138, 1.00313558, 1.00159629, 0.99991309, 0.99810239, 0.99618857, 0.99420404, 0.99218864, 0.99018846, 0.98825473, 0.98644241, 0.98480857, 0.98341072, 0.98230547, 0.98154798, 0.98119334, 0.98129916, 0.98192895, 0.98315494, 0.98505603, 0.98771107, 0.99118698, 0.99552346, 1.00071675, 1.00670447, 1.01335579, 1.02046804, 1.02776983, 1.03493388, 1.04159848, 1.04739457, 1.05198583, 1.05511195, 1.05662112, 1.05649444, 1.05485515, 1.05195347, 1.04813542, 1.04380221, 1.0393618, 1.03517157, 1.03149345, 1.02847108, 1.02613033, 1.02441517, 1.02324124, 1.02254091, 1.01113379], 'E': [1.0, 0.99998547, 0.99997617, 0.99996498, 0.99995152, 0.99993534, 0.99991591, 0.99989258, 0.99986458, 0.999831, 0.99979076, 0.9997426, 0.99968504, 0.99961641, 0.99953493, 0.99943889, 0.99932717, 0.9991999, 0.99905909, 0.99890757, 0.9987441, 0.99855563, 0.99831594, 0.99799964, 0.99759838, 0.99711296, 0.99653766, 0.99586163, 0.9950731, 0.9941604, 0.99311228, 0.9919183, 0.99056926, 0.98905792, 0.98737993, 0.98553504, 0.98352868, 0.98137396, 0.97909404, 0.97672505, 0.97431938, 0.97194973, 0.96971388, 0.96774026, 0.96619464, 0.96528823, 0.96528795, 0.96652947, 0.96943533, 0.97454398, 0.98256658, 0.99448336, 1.01156323, 1.03497203, 1.0648578, 1.09956248, 1.13578653, 1.16966468, 1.19795646, 1.21869748, 1.23122801, 1.23586269, 1.23348442, 1.22521584, 1.21220739, 1.19552426, 1.17610239, 1.15474112, 1.13211759, 1.108807, 1.08530094, 1.06203013, 1.03938123, 1.01770918, 0.99734427, 0.97859454, 0.96174546, 0.94705361, 0.93473759, 0.92496905, 0.91785931, 0.91344581, 0.91168249, 0.91242388, 0.91541669, 0.92030977, 0.92667142, 0.9340162, 0.94184434, 0.94968111, 0.95710979, 0.96379951, 0.96953192, 0.97421141, 0.97785607, 0.98057323, 0.98251274, 0.98381612, 0.98458243, 0.9924358]},
  'all_ref_delta_distrib': {'K': [-0.0, 0.0012490400437156733, 0.002573659178537155, 0.003966090143923261, 0.005426415873098438, 0.006950500167101784, 0.008528850412135608, 0.010144127987989528, 0.011768933805163445, 0.01336314933942771, 0.014869299159439355, 0.016208407037570156, 0.017273171464942276, 0.01791955372202941, 0.017959688456733774, 0.017149041446723304, 0.015177048851174867, 0.01165673805437663, 0.006114902487182652, -0.002005795266270441, -0.013341995644903671, -0.028577586379768892, -0.04837635238971719, -0.07325980389126037, -0.10345872383555654, -0.13879771121719733, -0.17863687910014409, -0.22188119353764027, -0.26705786325292113, -0.3124690818969181, -0.35637427673899813, -0.39716225666868105, -0.43347676674070607, -0.46428598585027725, -0.48889112060266865, -0.5069060840234499, -0.5182055409245762, -0.5228734888719331, -0.5211491163989507, -0.5133846376169506, -0.5000139798795903, -0.48152657522905135, -0.45844766721930286, -0.43132824663354125, -0.40073830793186693, -0.3672583087949644, -0.33147456046558854, -0.2939752325895364, -0.2553441657947285, -0.2161559874173556, -0.17696769623341874, -0.13831149953897437, -0.10068760728001196, -0.06456184693451747, -0.030361834361686147, 0.0015262044452900977, 0.030763886975507304, 0.057066952023689235, 0.08021385686806742, 0.10004727170590617, 0.11647155381045923, 0.12944343369301414, 0.13896552797903008, 0.14508257826953017, 0.14787892636303238, 0.14747405682820358, 0.1440137154876987, 0.13765043951980643, 0.12852341149783195, 0.11674173088386286, 0.10237919387300261, 0.08550193197642486, 0.06621551210722397, 0.04472517968708454, 0.021392836373380672, -0.003223810979825197, -0.028357606455449307, -0.05305723980183305, -0.07624609080992246, -0.09680506948411528, -0.11368071580919548, -0.1260010147005456, -0.13317787153569488, -0.13500717815609312, -0.1317240581989048, -0.12398023327060152, -0.11276787770533088, -0.09929336954987114, -0.08481216789147582, -0.0704726034071417, -0.05719736340207784, -0.045612005115480005, -0.03602022903311833, -0.02844168556521793, -0.022693988387360475, -0.018489429291746684, -0.015529812360184154, -0.013570590946849165, -0.012445606859303815, -0.006028131289530857], 'E': [-0.0, 0.009136156018876776, 0.020104199252955972, 0.03333523709651411, 0.0493815109334139, 0.06894429399681164, 0.09291136940164713, 0.12243796887229394, 0.15899777643840302, 0.2044697050486804, 0.26125741972539296, 0.33241277311638917, 0.421838648515751, 0.5344741118306231, 0.6765355196816483, 0.8558541961897973, 1.0821057208746017, 1.3672518599208647, 1.7258216893475182, 2.1752827303294016, 2.7363787963100203, 3.433331628029003, 4.292863206213297, 5.340947043959647, 6.597036432117847, 8.068935496314428, 9.749935696408727, 11.616744693574038, 13.629714724331127, 15.73541861663305, 17.871356574347235, 19.971422788614152, 21.97118128073814, 23.811582901617417, 25.44118320571233, 26.816935157052036, 27.903868654478828, 28.67413339912403, 29.10596560596838, 29.18261917242337, 28.89175221396213, 28.224865289451927, 27.177053101967036, 25.74707354208088, 23.9375361343253, 21.755155459258283, 19.210792635742287, 16.319322139989524, 13.098646384322468, 9.566532423768283, 5.731945643504618, 1.5833596070230753, -2.891167797207454, -7.604063681098971, -12.24846091480309, -16.322400237949772, -19.33157492360499, -21.002997831491246, -21.353939219957436, -20.61741630935133, -19.11724277278015, -17.168032031949462, -15.02367751080134, -12.864524374045127, -10.805437078088335, -8.911165853594314, -7.211777887601869, -5.715067585006388, -4.415668223824507, -3.3011504553587065, -2.3558314612649442, -1.5632440170110198, -0.9074580038007817, -0.37371467788788276, 0.05138257343801622, 0.37993434747817956, 0.6229276416629247, 0.7905284611898921, 0.8923712553800559, 0.93778133582531, 0.935977926654734, 0.8961729558489927, 0.8275227666211603, 0.7390459192907998, 0.6393705998654359, 0.5363101326186306, 0.43646683261863395, 0.3449139001627019, 0.264999794770127, 0.19837093747685444, 0.14519440741392425, 0.10450052283990302, 0.07456612893249871, 0.053320213349137544, 0.03869897512004829, 0.028894345887165822, 0.022495515405714175, 0.01851385852717028, 0.016327493287784184, 0.007795394757819808]},
  'fname_print': '/media/rafael/DATA/Dropbox/20220924_FIML_solver/data/output/field_inversion/Beta_k__1__Beta_e__1/u_imp_1/FI_run_T31_CP395_u_imp_1_k_imp_1_e_imp_1/FI_run_T31_CP395_u_imp_1_k_imp_1_e_imp_1.log',
  'folder': '/media/rafael/DATA/Dropbox/20220924_FIML_solver/data/output/field_inversion/Beta_k__1__Beta_e__1/u_imp_1/FI_run_T31_CP395_u_imp_1_k_imp_1_e_imp_1',
  'iters_limit': 15000}
# End_Input_Arguments

# ------------------------------------------------------------------------
#                  Iterations
# ------------------------------------------------------------------------

iter:      0 (Jcost: 1.062153e-02) (lr = 1.000e-03) (elapsed time:  0.002) (secs/iter:   None) (n_accepted: 0%) (u_error:  2.442983 %) (beta_change: 14.624191 %) (delta_change:  0.671520 %) (delta_peak/R:  0.000000 %)
-> Saved file: /media/rafael/DATA/Dropbox/20220924_FIML_solver/data/output/field_inversion/Beta_k__1__Beta_e__1/u_imp_1/FI_run_T31_CP395_u_imp_1_k_imp_1_e_imp_1/FI_run_T31_CP395_u_imp_1_k_imp_1_e_imp_1_state_iter_0.dat
iter:    100 (Jcost: 5.375698e-03) (lr = 3.281e-01) (elapsed time: 101.688) (secs/iter:  1.017) (n_accepted: 86%) (u_error:  1.551429 %) (beta_change: 11.396160 %) (delta_change:  0.331393 %) (delta_peak/R:  0.625893 %)
iter:    200 (Jcost: 4.936001e-03) (lr = 2.816e-01) (elapsed time: 202.693) (secs/iter:  1.010) (n_accepted: 79%) (u_error:  1.492395 %) (beta_change:  9.177708 %) (delta_change:  0.269536 %) (delta_peak/R:  0.639127 %)
iter:    300 (Jcost: 4.674033e-03) (lr = 5.802e-01) (elapsed time: 295.565) (secs/iter:  0.929) (n_accepted: 80%) (u_error:  1.421610 %) (beta_change:  7.380996 %) (delta_change:  0.219829 %) (delta_peak/R:  0.661857 %)
iter:    400 (Jcost: 4.522186e-03) (lr = 2.075e-01) (elapsed time: 373.722) (secs/iter:  0.782) (n_accepted: 78%) (u_error:  1.402546 %) (beta_change:  6.205854 %) (delta_change:  0.178213 %) (delta_peak/R:  0.660747 %)
iter:    500 (Jcost: 4.443533e-03) (lr = 1.026e+00) (elapsed time: 426.634) (secs/iter:  0.529) (n_accepted: 81%) (u_error:  1.402186 %) (beta_change:  5.385099 %) (delta_change:  0.149778 %) (delta_peak/R:  0.653991 %)
-> Saved file: /media/rafael/DATA/Dropbox/20220924_FIML_solver/data/output/field_inversion/Beta_k__1__Beta_e__1/u_imp_1/FI_run_T31_CP395_u_imp_1_k_imp_1_e_imp_1/FI_run_T31_CP395_u_imp_1_k_imp_1_e_imp_1_state_iter_500.dat
iter:    600 (Jcost: 4.382216e-03) (lr = 8.807e-01) (elapsed time: 487.160) (secs/iter:  0.605) (n_accepted: 79%) (u_error:  1.395645 %) (beta_change:  4.541860 %) (delta_change:  0.122307 %) (delta_peak/R:  0.650739 %)
iter:    700 (Jcost: 4.336914e-03) (lr = 1.814e+00) (elapsed time: 544.094) (secs/iter:  0.569) (n_accepted: 80%) (u_error:  1.381342 %) (beta_change:  3.787630 %) (delta_change:  0.099644 %) (delta_peak/R:  0.652317 %)
iter:    800 (Jcost: 4.304634e-03) (lr = 2.704e-01) (elapsed time: 596.683) (secs/iter:  0.526) (n_accepted: 77%) (u_error:  1.375872 %) (beta_change:  3.147583 %) (delta_change:  0.081064 %) (delta_peak/R:  0.650857 %)
iter:    900 (Jcost: 4.278093e-03) (lr = 5.571e-01) (elapsed time: 653.261) (secs/iter:  0.566) (n_accepted: 80%) (u_error:  1.368977 %) (beta_change:  2.544442 %) (delta_change:  0.064296 %) (delta_peak/R:  0.650530 %)
iter:   1000 (Jcost: 4.256606e-03) (lr = 1.992e-01) (elapsed time: 705.261) (secs/iter:  0.520) (n_accepted: 78%) (u_error:  1.363871 %) (beta_change:  1.997175 %) (delta_change:  0.049666 %) (delta_peak/R:  0.649894 %)
-> Saved file: /media/rafael/DATA/Dropbox/20220924_FIML_solver/data/output/field_inversion/Beta_k__1__Beta_e__1/u_imp_1/FI_run_T31_CP395_u_imp_1_k_imp_1_e_imp_1/FI_run_T31_CP395_u_imp_1_k_imp_1_e_imp_1_state_iter_1000.dat
iter:   1100 (Jcost: 4.238401e-03) (lr = 9.852e-01) (elapsed time: 761.264) (secs/iter:  0.560) (n_accepted: 81%) (u_error:  1.361307 %) (beta_change:  1.486387 %) (delta_change:  0.036556 %) (delta_peak/R:  0.648455 %)
iter:   1200 (Jcost: 4.224618e-03) (lr = 3.524e-01) (elapsed time: 814.318) (secs/iter:  0.531) (n_accepted: 78%) (u_error:  1.358061 %) (beta_change:  1.077051 %) (delta_change:  0.027726 %) (delta_peak/R:  0.647921 %)
iter:   1300 (Jcost: 4.211393e-03) (lr = 7.259e-01) (elapsed time: 868.025) (secs/iter:  0.537) (n_accepted: 80%) (u_error:  1.355438 %) (beta_change:  0.709686 %) (delta_change:  0.025920 %) (delta_peak/R:  0.647157 %)
iter:   1400 (Jcost: 4.199857e-03) (lr = 6.231e-01) (elapsed time: 926.703) (secs/iter:  0.587) (n_accepted: 79%) (u_error:  1.353219 %) (beta_change:  0.518749 %) (delta_change:  0.026456 %) (delta_peak/R:  0.646447 %)
iter:   1500 (Jcost: 4.189407e-03) (lr = 5.349e-01) (elapsed time: 1013.918) (secs/iter:  0.872) (n_accepted: 79%) (u_error:  1.353184 %) (beta_change:  0.564220 %) (delta_change:  0.032309 %) (delta_peak/R:  0.644884 %)
-> Saved file: /media/rafael/DATA/Dropbox/20220924_FIML_solver/data/output/field_inversion/Beta_k__1__Beta_e__1/u_imp_1/FI_run_T31_CP395_u_imp_1_k_imp_1_e_imp_1/FI_run_T31_CP395_u_imp_1_k_imp_1_e_imp_1_state_iter_1500.dat
iter:   1600 (Jcost: 4.180639e-03) (lr = 4.591e-01) (elapsed time: 1100.540) (secs/iter:  0.866) (n_accepted: 79%) (u_error:  1.349081 %) (beta_change:  0.673053 %) (delta_change:  0.037457 %) (delta_peak/R:  0.645474 %)
iter:   1700 (Jcost: 4.172906e-03) (lr = 3.941e-01) (elapsed time: 1184.210) (secs/iter:  0.837) (n_accepted: 79%) (u_error:  1.347824 %) (beta_change:  0.916617 %) (delta_change:  0.042073 %) (delta_peak/R:  0.644962 %)
iter:   1800 (Jcost: 4.165074e-03) (lr = 1.410e-01) (elapsed time: 1266.748) (secs/iter:  0.825) (n_accepted: 78%) (u_error:  1.341647 %) (beta_change:  1.245165 %) (delta_change:  0.047034 %) (delta_peak/R:  0.646769 %)
iter:   1900 (Jcost: 4.157966e-03) (lr = 2.904e-01) (elapsed time: 1350.448) (secs/iter:  0.837) (n_accepted: 80%) (u_error:  1.346053 %) (beta_change:  1.531066 %) (delta_change:  0.053071 %) (delta_peak/R:  0.643706 %)
iter:   2000 (Jcost: 4.151556e-03) (lr = 2.493e-01) (elapsed time: 1431.144) (secs/iter:  0.807) (n_accepted: 79%) (u_error:  1.341902 %) (beta_change:  1.810163 %) (delta_change:  0.058803 %) (delta_peak/R:  0.644808 %)
-> Saved file: /media/rafael/DATA/Dropbox/20220924_FIML_solver/data/output/field_inversion/Beta_k__1__Beta_e__1/u_imp_1/FI_run_T31_CP395_u_imp_1_k_imp_1_e_imp_1/FI_run_T31_CP395_u_imp_1_k_imp_1_e_imp_1_state_iter_2000.dat
iter:   2100 (Jcost: 4.145679e-03) (lr = 5.136e-01) (elapsed time: 1517.720) (secs/iter:  0.866) (n_accepted: 80%) (u_error:  1.342571 %) (beta_change:  2.092284 %) (delta_change:  0.063797 %) (delta_peak/R:  0.643701 %)
iter:   2200 (Jcost: 4.140247e-03) (lr = 4.408e-01) (elapsed time: 1600.444) (secs/iter:  0.827) (n_accepted: 79%) (u_error:  1.341952 %) (beta_change:  2.369676 %) (delta_change:  0.068328 %) (delta_peak/R:  0.643277 %)
iter:   2300 (Jcost: 4.135135e-03) (lr = 9.082e-01) (elapsed time: 1682.597) (secs/iter:  0.822) (n_accepted: 80%) (u_error:  1.341287 %) (beta_change:  2.639925 %) (delta_change:  0.072458 %) (delta_peak/R:  0.642929 %)
iter:   2400 (Jcost: 4.129504e-03) (lr = 3.248e-01) (elapsed time: 1764.393) (secs/iter:  0.818) (n_accepted: 78%) (u_error:  1.341913 %) (beta_change:  2.949931 %) (delta_change:  0.076859 %) (delta_peak/R:  0.641904 %)
iter:   2500 (Jcost: 4.124924e-03) (lr = 1.162e-01) (elapsed time: 1849.577) (secs/iter:  0.852) (n_accepted: 78%) (u_error:  1.337144 %) (beta_change:  3.211372 %) (delta_change:  0.080357 %) (delta_peak/R:  0.643610 %)
-> Saved file: /media/rafael/DATA/Dropbox/20220924_FIML_solver/data/output/field_inversion/Beta_k__1__Beta_e__1/u_imp_1/FI_run_T31_CP395_u_imp_1_k_imp_1_e_imp_1/FI_run_T31_CP395_u_imp_1_k_imp_1_e_imp_1_state_iter_2500.dat
iter:   2600 (Jcost: 4.120201e-03) (lr = 2.394e-01) (elapsed time: 1935.158) (secs/iter:  0.856) (n_accepted: 80%) (u_error:  1.337191 %) (beta_change:  3.483189 %) (delta_change:  0.084071 %) (delta_peak/R:  0.643013 %)
iter:   2700 (Jcost: 4.115759e-03) (lr = 4.931e-01) (elapsed time: 2019.406) (secs/iter:  0.842) (n_accepted: 80%) (u_error:  1.337480 %) (beta_change:  3.746551 %) (delta_change:  0.087581 %) (delta_peak/R:  0.642342 %)
iter:   2800 (Jcost: 4.111965e-03) (lr = 1.016e+00) (elapsed time: 2102.231) (secs/iter:  0.828) (n_accepted: 80%) (u_error:  1.337511 %) (beta_change:  3.978258 %) (delta_change:  0.090521 %) (delta_peak/R:  0.641879 %)
iter:   2900 (Jcost: 4.107902e-03) (lr = 3.633e-01) (elapsed time: 2181.427) (secs/iter:  0.792) (n_accepted: 78%) (u_error:  1.337211 %) (beta_change:  4.232641 %) (delta_change:  0.093598 %) (delta_peak/R:  0.641548 %)
iter:   3000 (Jcost: 4.104230e-03) (lr = 1.797e+00) (elapsed time: 2260.517) (secs/iter:  0.791) (n_accepted: 81%) (u_error:  1.336310 %) (beta_change:  4.467454 %) (delta_change:  0.096302 %) (delta_peak/R:  0.641560 %)
-> Saved file: /media/rafael/DATA/Dropbox/20220924_FIML_solver/data/output/field_inversion/Beta_k__1__Beta_e__1/u_imp_1/FI_run_T31_CP395_u_imp_1_k_imp_1_e_imp_1/FI_run_T31_CP395_u_imp_1_k_imp_1_e_imp_1_state_iter_3000.dat
iter:   3100 (Jcost: 4.100803e-03) (lr = 2.677e-01) (elapsed time: 2345.291) (secs/iter:  0.848) (n_accepted: 77%) (u_error:  1.336159 %) (beta_change:  4.691361 %) (delta_change:  0.098762 %) (delta_peak/R:  0.641245 %)
iter:   3200 (Jcost: 4.097345e-03) (lr = 2.298e-01) (elapsed time: 2431.012) (secs/iter:  0.857) (n_accepted: 79%) (u_error:  1.333986 %) (beta_change:  4.923064 %) (delta_change:  0.101201 %) (delta_peak/R:  0.641899 %)
iter:   3300 (Jcost: 4.094134e-03) (lr = 1.973e-01) (elapsed time: 2512.116) (secs/iter:  0.811) (n_accepted: 79%) (u_error:  1.332763 %) (beta_change:  5.143391 %) (delta_change:  0.103413 %) (delta_peak/R:  0.642128 %)
iter:   3400 (Jcost: 4.090917e-03) (lr = 9.754e-01) (elapsed time: 2594.034) (secs/iter:  0.819) (n_accepted: 81%) (u_error:  1.334358 %) (beta_change:  5.361724 %) (delta_change:  0.105496 %) (delta_peak/R:  0.641021 %)
iter:   3500 (Jcost: 4.087894e-03) (lr = 8.373e-01) (elapsed time: 2675.592) (secs/iter:  0.816) (n_accepted: 79%) (u_error:  1.336233 %) (beta_change:  5.580749 %) (delta_change:  0.107494 %) (delta_peak/R:  0.639788 %)
-> Saved file: /media/rafael/DATA/Dropbox/20220924_FIML_solver/data/output/field_inversion/Beta_k__1__Beta_e__1/u_imp_1/FI_run_T31_CP395_u_imp_1_k_imp_1_e_imp_1/FI_run_T31_CP395_u_imp_1_k_imp_1_e_imp_1_state_iter_3500.dat
iter:   3600 (Jcost: 4.085121e-03) (lr = 7.187e-01) (elapsed time: 2764.952) (secs/iter:  0.894) (n_accepted: 79%) (u_error:  1.333494 %) (beta_change:  5.772984 %) (delta_change:  0.109201 %) (delta_peak/R:  0.640815 %)
iter:   3700 (Jcost: 4.082332e-03) (lr = 6.170e-01) (elapsed time: 2843.013) (secs/iter:  0.781) (n_accepted: 79%) (u_error:  1.333062 %) (beta_change:  5.975921 %) (delta_change:  0.110922 %) (delta_peak/R:  0.640728 %)
iter:   3800 (Jcost: 4.079759e-03) (lr = 1.271e+00) (elapsed time: 2926.984) (secs/iter:  0.840) (n_accepted: 80%) (u_error:  1.331590 %) (beta_change:  6.167201 %) (delta_change:  0.112490 %) (delta_peak/R:  0.641163 %)
iter:   3900 (Jcost: 4.077386e-03) (lr = 1.091e+00) (elapsed time: 3009.711) (secs/iter:  0.827) (n_accepted: 79%) (u_error:  1.332395 %) (beta_change:  6.344230 %) (delta_change:  0.113880 %) (delta_peak/R:  0.640532 %)
iter:   4000 (Jcost: 4.074966e-03) (lr = 3.902e-01) (elapsed time: 3089.933) (secs/iter:  0.802) (n_accepted: 78%) (u_error:  1.331350 %) (beta_change:  6.528796 %) (delta_change:  0.115292 %) (delta_peak/R:  0.640781 %)
-> Saved file: /media/rafael/DATA/Dropbox/20220924_FIML_solver/data/output/field_inversion/Beta_k__1__Beta_e__1/u_imp_1/FI_run_T31_CP395_u_imp_1_k_imp_1_e_imp_1/FI_run_T31_CP395_u_imp_1_k_imp_1_e_imp_1_state_iter_4000.dat
iter:   4100 (Jcost: 4.072543e-03) (lr = 8.039e-01) (elapsed time: 3176.399) (secs/iter:  0.865) (n_accepted: 80%) (u_error:  1.331548 %) (beta_change:  6.715868 %) (delta_change:  0.116669 %) (delta_peak/R:  0.640437 %)
iter:   4200 (Jcost: 4.070334e-03) (lr = 1.198e-01) (elapsed time: 3257.649) (secs/iter:  0.813) (n_accepted: 77%) (u_error:  1.331082 %) (beta_change:  6.889220 %) (delta_change:  0.117908 %) (delta_peak/R:  0.640434 %)
iter:   4300 (Jcost: 4.068237e-03) (lr = 5.924e-01) (elapsed time: 3334.044) (secs/iter:  0.764) (n_accepted: 81%) (u_error:  1.330850 %) (beta_change:  7.056102 %) (delta_change:  0.119066 %) (delta_peak/R:  0.640329 %)
iter:   4400 (Jcost: 4.066008e-03) (lr = 5.085e-01) (elapsed time: 3413.787) (secs/iter:  0.797) (n_accepted: 79%) (u_error:  1.330826 %) (beta_change:  7.236191 %) (delta_change:  0.120278 %) (delta_peak/R:  0.640113 %)
iter:   4500 (Jcost: 4.063963e-03) (lr = 4.365e-01) (elapsed time: 3493.665) (secs/iter:  0.799) (n_accepted: 79%) (u_error:  1.329883 %) (beta_change:  7.403643 %) (delta_change:  0.121394 %) (delta_peak/R:  0.640355 %)
-> Saved file: /media/rafael/DATA/Dropbox/20220924_FIML_solver/data/output/field_inversion/Beta_k__1__Beta_e__1/u_imp_1/FI_run_T31_CP395_u_imp_1_k_imp_1_e_imp_1/FI_run_T31_CP395_u_imp_1_k_imp_1_e_imp_1_state_iter_4500.dat
iter:   4600 (Jcost: 4.062000e-03) (lr = 1.561e-01) (elapsed time: 3580.854) (secs/iter:  0.872) (n_accepted: 78%) (u_error:  1.330202 %) (beta_change:  7.566735 %) (delta_change:  0.122460 %) (delta_peak/R:  0.640001 %)
iter:   4700 (Jcost: 4.060062e-03) (lr = 7.719e-01) (elapsed time: 3661.186) (secs/iter:  0.803) (n_accepted: 81%) (u_error:  1.329587 %) (beta_change:  7.729715 %) (delta_change:  0.123507 %) (delta_peak/R:  0.640097 %)
iter:   4800 (Jcost: 4.058144e-03) (lr = 6.626e-01) (elapsed time: 3739.749) (secs/iter:  0.786) (n_accepted: 79%) (u_error:  1.330489 %) (beta_change:  7.895411 %) (delta_change:  0.124538 %) (delta_peak/R:  0.639466 %)
iter:   4900 (Jcost: 4.056381e-03) (lr = 5.688e-01) (elapsed time: 3815.952) (secs/iter:  0.762) (n_accepted: 79%) (u_error:  1.329901 %) (beta_change:  8.047066 %) (delta_change:  0.125470 %) (delta_peak/R:  0.639567 %)
iter:   5000 (Jcost: 4.054796e-03) (lr = 2.034e-01) (elapsed time: 3896.101) (secs/iter:  0.801) (n_accepted: 78%) (u_error:  1.328652 %) (beta_change:  8.184844 %) (delta_change:  0.126305 %) (delta_peak/R:  0.640002 %)
-> Saved file: /media/rafael/DATA/Dropbox/20220924_FIML_solver/data/output/field_inversion/Beta_k__1__Beta_e__1/u_imp_1/FI_run_T31_CP395_u_imp_1_k_imp_1_e_imp_1/FI_run_T31_CP395_u_imp_1_k_imp_1_e_imp_1_state_iter_5000.dat
iter:   5100 (Jcost: 4.052984e-03) (lr = 4.191e-01) (elapsed time: 3975.611) (secs/iter:  0.795) (n_accepted: 80%) (u_error:  1.328399 %) (beta_change:  8.345775 %) (delta_change:  0.127726 %) (delta_peak/R:  0.639934 %)
iter:   5200 (Jcost: 4.051405e-03) (lr = 3.598e-01) (elapsed time: 4050.488) (secs/iter:  0.749) (n_accepted: 79%) (u_error:  1.328265 %) (beta_change:  8.487803 %) (delta_change:  0.129104 %) (delta_peak/R:  0.639833 %)
iter:   5300 (Jcost: 4.049733e-03) (lr = 3.088e-01) (elapsed time: 4122.537) (secs/iter:  0.720) (n_accepted: 79%) (u_error:  1.330034 %) (beta_change:  8.646514 %) (delta_change:  0.130644 %) (delta_peak/R:  0.638803 %)
iter:   5400 (Jcost: 4.048228e-03) (lr = 6.362e-01) (elapsed time: 4205.642) (secs/iter:  0.831) (n_accepted: 80%) (u_error:  1.327438 %) (beta_change:  8.779229 %) (delta_change:  0.131929 %) (delta_peak/R:  0.639894 %)
iter:   5500 (Jcost: 4.046834e-03) (lr = 5.461e-01) (elapsed time: 4290.594) (secs/iter:  0.850) (n_accepted: 79%) (u_error:  1.327437 %) (beta_change:  8.909509 %) (delta_change:  0.133183 %) (delta_peak/R:  0.639745 %)
-> Saved file: /media/rafael/DATA/Dropbox/20220924_FIML_solver/data/output/field_inversion/Beta_k__1__Beta_e__1/u_imp_1/FI_run_T31_CP395_u_imp_1_k_imp_1_e_imp_1/FI_run_T31_CP395_u_imp_1_k_imp_1_e_imp_1_state_iter_5500.dat
iter:   5600 (Jcost: 4.045425e-03) (lr = 1.125e+00) (elapsed time: 4378.298) (secs/iter:  0.877) (n_accepted: 80%) (u_error:  1.326663 %) (beta_change:  9.043225 %) (delta_change:  0.134464 %) (delta_peak/R:  0.639964 %)
iter:   5700 (Jcost: 4.044096e-03) (lr = 4.024e-01) (elapsed time: 4463.896) (secs/iter:  0.856) (n_accepted: 78%) (u_error:  1.326430 %) (beta_change:  9.170415 %) (delta_change:  0.135677 %) (delta_peak/R:  0.639931 %)
iter:   5800 (Jcost: 4.042860e-03) (lr = 3.454e-01) (elapsed time: 4546.623) (secs/iter:  0.827) (n_accepted: 79%) (u_error:  1.326826 %) (beta_change:  9.289746 %) (delta_change:  0.136809 %) (delta_peak/R:  0.639607 %)
iter:   5900 (Jcost: 4.041600e-03) (lr = 1.235e-01) (elapsed time: 4625.146) (secs/iter:  0.785) (n_accepted: 78%) (u_error:  1.326535 %) (beta_change:  9.413115 %) (delta_change:  0.137977 %) (delta_peak/R:  0.639607 %)
iter:   6000 (Jcost: 4.040291e-03) (lr = 1.060e-01) (elapsed time: 4706.342) (secs/iter:  0.812) (n_accepted: 79%) (u_error:  1.326385 %) (beta_change:  9.542853 %) (delta_change:  0.139199 %) (delta_peak/R:  0.639533 %)
-> Saved file: /media/rafael/DATA/Dropbox/20220924_FIML_solver/data/output/field_inversion/Beta_k__1__Beta_e__1/u_imp_1/FI_run_T31_CP395_u_imp_1_k_imp_1_e_imp_1/FI_run_T31_CP395_u_imp_1_k_imp_1_e_imp_1_state_iter_6000.dat
iter:   6100 (Jcost: 4.039132e-03) (lr = 5.244e-01) (elapsed time: 4790.335) (secs/iter:  0.840) (n_accepted: 81%) (u_error:  1.326242 %) (beta_change:  9.662962 %) (delta_change:  0.140291 %) (delta_peak/R:  0.639471 %)
iter:   6200 (Jcost: 4.037969e-03) (lr = 4.501e-01) (elapsed time: 4871.284) (secs/iter:  0.809) (n_accepted: 79%) (u_error:  1.327639 %) (beta_change:  9.794091 %) (delta_change:  0.141434 %) (delta_peak/R:  0.638665 %)
iter:   6300 (Jcost: 4.036804e-03) (lr = 9.273e-01) (elapsed time: 4953.248) (secs/iter:  0.820) (n_accepted: 80%) (u_error:  1.325651 %) (beta_change:  9.917723 %) (delta_change:  0.142508 %) (delta_peak/R:  0.639488 %)
iter:   6400 (Jcost: 4.035626e-03) (lr = 1.910e+00) (elapsed time: 5032.612) (secs/iter:  0.794) (n_accepted: 80%) (u_error:  1.324422 %) (beta_change: 10.051533 %) (delta_change:  0.143663 %) (delta_peak/R:  0.639937 %)
iter:   6500 (Jcost: 4.034618e-03) (lr = 2.847e-01) (elapsed time: 5114.923) (secs/iter:  0.823) (n_accepted: 77%) (u_error:  1.325239 %) (beta_change: 10.163811 %) (delta_change:  0.144625 %) (delta_peak/R:  0.639429 %)
-> Saved file: /media/rafael/DATA/Dropbox/20220924_FIML_solver/data/output/field_inversion/Beta_k__1__Beta_e__1/u_imp_1/FI_run_T31_CP395_u_imp_1_k_imp_1_e_imp_1/FI_run_T31_CP395_u_imp_1_k_imp_1_e_imp_1_state_iter_6500.dat
iter:   6600 (Jcost: 4.033554e-03) (lr = 5.865e-01) (elapsed time: 5184.691) (secs/iter:  0.698) (n_accepted: 80%) (u_error:  1.325806 %) (beta_change: 10.286844 %) (delta_change:  0.145673 %) (delta_peak/R:  0.639030 %)
iter:   6700 (Jcost: 4.032588e-03) (lr = 5.035e-01) (elapsed time: 5240.799) (secs/iter:  0.561) (n_accepted: 79%) (u_error:  1.325078 %) (beta_change: 10.398734 %) (delta_change:  0.146622 %) (delta_peak/R:  0.639263 %)
iter:   6800 (Jcost: 4.031620e-03) (lr = 4.322e-01) (elapsed time: 5290.695) (secs/iter:  0.499) (n_accepted: 79%) (u_error:  1.324843 %) (beta_change: 10.512985 %) (delta_change:  0.147585 %) (delta_peak/R:  0.639258 %)
iter:   6900 (Jcost: 4.030722e-03) (lr = 8.903e-01) (elapsed time: 5359.831) (secs/iter:  0.691) (n_accepted: 80%) (u_error:  1.324659 %) (beta_change: 10.620514 %) (delta_change:  0.148487 %) (delta_peak/R:  0.639234 %)
iter:   7000 (Jcost: 4.029753e-03) (lr = 3.184e-01) (elapsed time: 5437.641) (secs/iter:  0.778) (n_accepted: 78%) (u_error:  1.325333 %) (beta_change: 10.739320 %) (delta_change:  0.149478 %) (delta_peak/R:  0.638789 %)
-> Saved file: /media/rafael/DATA/Dropbox/20220924_FIML_solver/data/output/field_inversion/Beta_k__1__Beta_e__1/u_imp_1/FI_run_T31_CP395_u_imp_1_k_imp_1_e_imp_1/FI_run_T31_CP395_u_imp_1_k_imp_1_e_imp_1_state_iter_7000.dat
iter:   7100 (Jcost: 4.028879e-03) (lr = 2.733e-01) (elapsed time: 5526.158) (secs/iter:  0.885) (n_accepted: 79%) (u_error:  1.324472 %) (beta_change: 10.845317 %) (delta_change:  0.150358 %) (delta_peak/R:  0.639092 %)
iter:   7200 (Jcost: 4.028025e-03) (lr = 2.346e-01) (elapsed time: 5602.167) (secs/iter:  0.760) (n_accepted: 79%) (u_error:  1.323684 %) (beta_change: 10.951933 %) (delta_change:  0.151239 %) (delta_peak/R:  0.639360 %)
iter:   7300 (Jcost: 4.027220e-03) (lr = 1.160e+00) (elapsed time: 5681.597) (secs/iter:  0.794) (n_accepted: 81%) (u_error:  1.324092 %) (beta_change: 11.053036 %) (delta_change:  0.152069 %) (delta_peak/R:  0.639060 %)
iter:   7400 (Jcost: 4.026344e-03) (lr = 9.959e-01) (elapsed time: 5762.503) (secs/iter:  0.809) (n_accepted: 79%) (u_error:  1.324110 %) (beta_change: 11.164905 %) (delta_change:  0.152983 %) (delta_peak/R:  0.638937 %)
iter:   7500 (Jcost: 4.025619e-03) (lr = 8.549e-01) (elapsed time: 5820.020) (secs/iter:  0.575) (n_accepted: 79%) (u_error:  1.323739 %) (beta_change: 11.258354 %) (delta_change:  0.153743 %) (delta_peak/R:  0.639018 %)
-> Saved file: /media/rafael/DATA/Dropbox/20220924_FIML_solver/data/output/field_inversion/Beta_k__1__Beta_e__1/u_imp_1/FI_run_T31_CP395_u_imp_1_k_imp_1_e_imp_1/FI_run_T31_CP395_u_imp_1_k_imp_1_e_imp_1_state_iter_7500.dat
iter:   7600 (Jcost: 4.024863e-03) (lr = 1.761e+00) (elapsed time: 5899.272) (secs/iter:  0.793) (n_accepted: 80%) (u_error:  1.323539 %) (beta_change: 11.357185 %) (delta_change:  0.154543 %) (delta_peak/R:  0.639011 %)
iter:   7700 (Jcost: 4.024128e-03) (lr = 6.299e-01) (elapsed time: 5979.135) (secs/iter:  0.799) (n_accepted: 78%) (u_error:  1.323045 %) (beta_change: 11.454601 %) (delta_change:  0.155328 %) (delta_peak/R:  0.639147 %)
iter:   7800 (Jcost: 4.023372e-03) (lr = 1.298e+00) (elapsed time: 6058.011) (secs/iter:  0.789) (n_accepted: 80%) (u_error:  1.322974 %) (beta_change: 11.555710 %) (delta_change:  0.156139 %) (delta_peak/R:  0.639077 %)
iter:   7900 (Jcost: 4.022697e-03) (lr = 1.114e+00) (elapsed time: 6133.774) (secs/iter:  0.758) (n_accepted: 79%) (u_error:  1.323161 %) (beta_change: 11.646954 %) (delta_change:  0.156866 %) (delta_peak/R:  0.638893 %)
iter:   8000 (Jcost: 4.022027e-03) (lr = 3.984e-01) (elapsed time: 6212.918) (secs/iter:  0.791) (n_accepted: 78%) (u_error:  1.323250 %) (beta_change: 11.738939 %) (delta_change:  0.157597 %) (delta_peak/R:  0.638755 %)
-> Saved file: /media/rafael/DATA/Dropbox/20220924_FIML_solver/data/output/field_inversion/Beta_k__1__Beta_e__1/u_imp_1/FI_run_T31_CP395_u_imp_1_k_imp_1_e_imp_1/FI_run_T31_CP395_u_imp_1_k_imp_1_e_imp_1_state_iter_8000.dat
iter:   8100 (Jcost: 4.021391e-03) (lr = 3.420e-01) (elapsed time: 6290.231) (secs/iter:  0.773) (n_accepted: 79%) (u_error:  1.322895 %) (beta_change: 11.826766 %) (delta_change:  0.158291 %) (delta_peak/R:  0.638834 %)
iter:   8200 (Jcost: 4.020738e-03) (lr = 7.046e-01) (elapsed time: 6368.122) (secs/iter:  0.779) (n_accepted: 80%) (u_error:  1.323047 %) (beta_change: 11.918473 %) (delta_change:  0.159012 %) (delta_peak/R:  0.638666 %)
iter:   8300 (Jcost: 4.020146e-03) (lr = 1.050e-01) (elapsed time: 6448.303) (secs/iter:  0.802) (n_accepted: 77%) (u_error:  1.322685 %) (beta_change: 12.002061 %) (delta_change:  0.159667 %) (delta_peak/R:  0.638752 %)
iter:   8400 (Jcost: 4.019506e-03) (lr = 1.246e+00) (elapsed time: 6524.046) (secs/iter:  0.757) (n_accepted: 82%) (u_error:  1.322134 %) (beta_change: 12.093941 %) (delta_change:  0.160384 %) (delta_peak/R:  0.638920 %)
iter:   8500 (Jcost: 4.018913e-03) (lr = 4.456e-01) (elapsed time: 6599.260) (secs/iter:  0.752) (n_accepted: 78%) (u_error:  1.322258 %) (beta_change: 12.179441 %) (delta_change:  0.161047 %) (delta_peak/R:  0.638771 %)
-> Saved file: /media/rafael/DATA/Dropbox/20220924_FIML_solver/data/output/field_inversion/Beta_k__1__Beta_e__1/u_imp_1/FI_run_T31_CP395_u_imp_1_k_imp_1_e_imp_1/FI_run_T31_CP395_u_imp_1_k_imp_1_e_imp_1_state_iter_8500.dat
iter:   8600 (Jcost: 4.018357e-03) (lr = 9.181e-01) (elapsed time: 6678.582) (secs/iter:  0.793) (n_accepted: 80%) (u_error:  1.322241 %) (beta_change: 12.260646 %) (delta_change:  0.161674 %) (delta_peak/R:  0.638694 %)
iter:   8700 (Jcost: 4.017779e-03) (lr = 3.284e-01) (elapsed time: 6754.130) (secs/iter:  0.755) (n_accepted: 78%) (u_error:  1.321269 %) (beta_change: 12.347632 %) (delta_change:  0.162344 %) (delta_peak/R:  0.639068 %)
iter:   8800 (Jcost: 4.017235e-03) (lr = 6.765e-01) (elapsed time: 6830.576) (secs/iter:  0.764) (n_accepted: 80%) (u_error:  1.322058 %) (beta_change: 12.427271 %) (delta_change:  0.162953 %) (delta_peak/R:  0.638606 %)
iter:   8900 (Jcost: 4.016688e-03) (lr = 5.807e-01) (elapsed time: 6907.398) (secs/iter:  0.768) (n_accepted: 79%) (u_error:  1.321533 %) (beta_change: 12.510005 %) (delta_change:  0.163583 %) (delta_peak/R:  0.638770 %)
iter:   9000 (Jcost: 4.016150e-03) (lr = 1.196e+00) (elapsed time: 6988.173) (secs/iter:  0.808) (n_accepted: 80%) (u_error:  1.320944 %) (beta_change: 12.593203 %) (delta_change:  0.164215 %) (delta_peak/R:  0.638964 %)
-> Saved file: /media/rafael/DATA/Dropbox/20220924_FIML_solver/data/output/field_inversion/Beta_k__1__Beta_e__1/u_imp_1/FI_run_T31_CP395_u_imp_1_k_imp_1_e_imp_1/FI_run_T31_CP395_u_imp_1_k_imp_1_e_imp_1_state_iter_9000.dat
iter:   9100 (Jcost: 4.015667e-03) (lr = 1.783e-01) (elapsed time: 7072.267) (secs/iter:  0.841) (n_accepted: 77%) (u_error:  1.321627 %) (beta_change: 12.665959 %) (delta_change:  0.164763 %) (delta_peak/R:  0.638560 %)
iter:   9200 (Jcost: 4.015150e-03) (lr = 2.116e+00) (elapsed time: 7142.286) (secs/iter:  0.700) (n_accepted: 82%) (u_error:  1.321476 %) (beta_change: 12.746141 %) (delta_change:  0.165366 %) (delta_peak/R:  0.638547 %)
iter:   9300 (Jcost: 4.014703e-03) (lr = 1.314e-01) (elapsed time: 7221.779) (secs/iter:  0.795) (n_accepted: 76%) (u_error:  1.322006 %) (beta_change: 12.817010 %) (delta_change:  0.165896 %) (delta_peak/R:  0.638217 %)
iter:   9400 (Jcost: 4.014263e-03) (lr = 1.128e-01) (elapsed time: 7299.319) (secs/iter:  0.775) (n_accepted: 79%) (u_error:  1.320685 %) (beta_change: 12.886836 %) (delta_change:  0.166417 %) (delta_peak/R:  0.638775 %)
iter:   9500 (Jcost: 4.013792e-03) (lr = 5.576e-01) (elapsed time: 7353.355) (secs/iter:  0.540) (n_accepted: 81%) (u_error:  1.321257 %) (beta_change: 12.960835 %) (delta_change:  0.166966 %) (delta_peak/R:  0.638421 %)
-> Saved file: /media/rafael/DATA/Dropbox/20220924_FIML_solver/data/output/field_inversion/Beta_k__1__Beta_e__1/u_imp_1/FI_run_T31_CP395_u_imp_1_k_imp_1_e_imp_1/FI_run_T31_CP395_u_imp_1_k_imp_1_e_imp_1_state_iter_9500.dat
iter:   9600 (Jcost: 4.013332e-03) (lr = 1.149e+00) (elapsed time: 7402.614) (secs/iter:  0.493) (n_accepted: 80%) (u_error:  1.321198 %) (beta_change: 13.034961 %) (delta_change:  0.167514 %) (delta_peak/R:  0.638370 %)
iter:   9700 (Jcost: 4.012881e-03) (lr = 4.108e-01) (elapsed time: 7472.905) (secs/iter:  0.703) (n_accepted: 78%) (u_error:  1.321613 %) (beta_change: 13.108881 %) (delta_change:  0.168057 %) (delta_peak/R:  0.638091 %)
iter:   9800 (Jcost: 4.012488e-03) (lr = 3.527e-01) (elapsed time: 7549.363) (secs/iter:  0.765) (n_accepted: 79%) (u_error:  1.321106 %) (beta_change: 13.172617 %) (delta_change:  0.168524 %) (delta_peak/R:  0.638265 %)
iter:   9900 (Jcost: 4.012088e-03) (lr = 7.265e-01) (elapsed time: 7624.415) (secs/iter:  0.751) (n_accepted: 80%) (u_error:  1.320956 %) (beta_change: 13.238547 %) (delta_change:  0.169005 %) (delta_peak/R:  0.638265 %)
iter:  10000 (Jcost: 4.011682e-03) (lr = 6.237e-01) (elapsed time: 7695.800) (secs/iter:  0.714) (n_accepted: 79%) (u_error:  1.320796 %) (beta_change: 13.306161 %) (delta_change:  0.169496 %) (delta_peak/R:  0.638268 %)
-> Saved file: /media/rafael/DATA/Dropbox/20220924_FIML_solver/data/output/field_inversion/Beta_k__1__Beta_e__1/u_imp_1/FI_run_T31_CP395_u_imp_1_k_imp_1_e_imp_1/FI_run_T31_CP395_u_imp_1_k_imp_1_e_imp_1_state_iter_10000.dat
iter:  10100 (Jcost: 4.011255e-03) (lr = 2.231e-01) (elapsed time: 7773.217) (secs/iter:  0.774) (n_accepted: 78%) (u_error:  1.321146 %) (beta_change: 13.378445 %) (delta_change:  0.170209 %) (delta_peak/R:  0.638021 %)
iter:  10200 (Jcost: 4.010890e-03) (lr = 4.595e-01) (elapsed time: 7847.384) (secs/iter:  0.742) (n_accepted: 80%) (u_error:  1.320352 %) (beta_change: 13.439752 %) (delta_change:  0.170872 %) (delta_peak/R:  0.638333 %)
iter:  10300 (Jcost: 4.010512e-03) (lr = 9.467e-01) (elapsed time: 7923.469) (secs/iter:  0.761) (n_accepted: 80%) (u_error:  1.320540 %) (beta_change: 13.503962 %) (delta_change:  0.171560 %) (delta_peak/R:  0.638173 %)
iter:  10400 (Jcost: 4.010138e-03) (lr = 1.411e-01) (elapsed time: 7985.389) (secs/iter:  0.619) (n_accepted: 77%) (u_error:  1.320099 %) (beta_change: 13.568547 %) (delta_change:  0.172251 %) (delta_peak/R:  0.638312 %)
iter:  10500 (Jcost: 4.009777e-03) (lr = 6.976e-01) (elapsed time: 8041.420) (secs/iter:  0.560) (n_accepted: 81%) (u_error:  1.320336 %) (beta_change: 13.630831 %) (delta_change:  0.172913 %) (delta_peak/R:  0.638130 %)
-> Saved file: /media/rafael/DATA/Dropbox/20220924_FIML_solver/data/output/field_inversion/Beta_k__1__Beta_e__1/u_imp_1/FI_run_T31_CP395_u_imp_1_k_imp_1_e_imp_1/FI_run_T31_CP395_u_imp_1_k_imp_1_e_imp_1_state_iter_10500.dat
iter:  10600 (Jcost: 4.009420e-03) (lr = 1.437e+00) (elapsed time: 8122.049) (secs/iter:  0.806) (n_accepted: 80%) (u_error:  1.319549 %) (beta_change: 13.694378 %) (delta_change:  0.173588 %) (delta_peak/R:  0.638436 %)
iter:  10700 (Jcost: 4.009107e-03) (lr = 5.140e-01) (elapsed time: 8193.037) (secs/iter:  0.710) (n_accepted: 78%) (u_error:  1.320207 %) (beta_change: 13.747969 %) (delta_change:  0.174151 %) (delta_peak/R:  0.638060 %)
iter:  10800 (Jcost: 4.008741e-03) (lr = 1.838e-01) (elapsed time: 8266.477) (secs/iter:  0.734) (n_accepted: 78%) (u_error:  1.320316 %) (beta_change: 13.812905 %) (delta_change:  0.174832 %) (delta_peak/R:  0.637935 %)
iter:  10900 (Jcost: 4.008405e-03) (lr = 3.788e-01) (elapsed time: 8349.241) (secs/iter:  0.828) (n_accepted: 80%) (u_error:  1.320130 %) (beta_change: 13.872506 %) (delta_change:  0.175455 %) (delta_peak/R:  0.637957 %)
iter:  11000 (Jcost: 4.008111e-03) (lr = 3.251e-01) (elapsed time: 8429.398) (secs/iter:  0.802) (n_accepted: 79%) (u_error:  1.319965 %) (beta_change: 13.925183 %) (delta_change:  0.176004 %) (delta_peak/R:  0.637976 %)
-> Saved file: /media/rafael/DATA/Dropbox/20220924_FIML_solver/data/output/field_inversion/Beta_k__1__Beta_e__1/u_imp_1/FI_run_T31_CP395_u_imp_1_k_imp_1_e_imp_1/FI_run_T31_CP395_u_imp_1_k_imp_1_e_imp_1_state_iter_11000.dat
iter:  11100 (Jcost: 4.007798e-03) (lr = 1.163e-01) (elapsed time: 8507.447) (secs/iter:  0.780) (n_accepted: 78%) (u_error:  1.319948 %) (beta_change: 13.981757 %) (delta_change:  0.176590 %) (delta_peak/R:  0.637920 %)
iter:  11200 (Jcost: 4.007482e-03) (lr = 5.750e-01) (elapsed time: 8583.709) (secs/iter:  0.763) (n_accepted: 81%) (u_error:  1.319893 %) (beta_change: 14.039000 %) (delta_change:  0.177180 %) (delta_peak/R:  0.637881 %)
iter:  11300 (Jcost: 4.007195e-03) (lr = 1.185e+00) (elapsed time: 8642.588) (secs/iter:  0.589) (n_accepted: 80%) (u_error:  1.319891 %) (beta_change: 14.091497 %) (delta_change:  0.177719 %) (delta_peak/R:  0.637822 %)
iter:  11400 (Jcost: 4.006905e-03) (lr = 1.765e-01) (elapsed time: 8695.902) (secs/iter:  0.533) (n_accepted: 77%) (u_error:  1.319229 %) (beta_change: 14.145311 %) (delta_change:  0.178271 %) (delta_peak/R:  0.638077 %)
iter:  11500 (Jcost: 4.006629e-03) (lr = 3.637e-01) (elapsed time: 8746.451) (secs/iter:  0.505) (n_accepted: 80%) (u_error:  1.319817 %) (beta_change: 14.195912 %) (delta_change:  0.178784 %) (delta_peak/R:  0.637737 %)
-> Saved file: /media/rafael/DATA/Dropbox/20220924_FIML_solver/data/output/field_inversion/Beta_k__1__Beta_e__1/u_imp_1/FI_run_T31_CP395_u_imp_1_k_imp_1_e_imp_1/FI_run_T31_CP395_u_imp_1_k_imp_1_e_imp_1_state_iter_11500.dat
iter:  11600 (Jcost: 4.006340e-03) (lr = 1.798e+00) (elapsed time: 8826.097) (secs/iter:  0.796) (n_accepted: 81%) (u_error:  1.318790 %) (beta_change: 14.250852 %) (delta_change:  0.179344 %) (delta_peak/R:  0.638165 %)
iter:  11700 (Jcost: 4.006069e-03) (lr = 2.680e-01) (elapsed time: 8902.750) (secs/iter:  0.767) (n_accepted: 77%) (u_error:  1.319448 %) (beta_change: 14.299978 %) (delta_change:  0.179837 %) (delta_peak/R:  0.637793 %)
iter:  11800 (Jcost: 4.005786e-03) (lr = 1.325e+00) (elapsed time: 8974.939) (secs/iter:  0.722) (n_accepted: 81%) (u_error:  1.319435 %) (beta_change: 14.353263 %) (delta_change:  0.180372 %) (delta_peak/R:  0.637737 %)
iter:  11900 (Jcost: 4.005530e-03) (lr = 1.975e-01) (elapsed time: 9033.663) (secs/iter:  0.587) (n_accepted: 77%) (u_error:  1.319629 %) (beta_change: 14.401650 %) (delta_change:  0.180854 %) (delta_peak/R:  0.637587 %)
iter:  12000 (Jcost: 4.005282e-03) (lr = 4.068e-01) (elapsed time: 9078.394) (secs/iter:  0.447) (n_accepted: 80%) (u_error:  1.319239 %) (beta_change: 14.448562 %) (delta_change:  0.181322 %) (delta_peak/R:  0.637719 %)
-> Saved file: /media/rafael/DATA/Dropbox/20220924_FIML_solver/data/output/field_inversion/Beta_k__1__Beta_e__1/u_imp_1/FI_run_T31_CP395_u_imp_1_k_imp_1_e_imp_1/FI_run_T31_CP395_u_imp_1_k_imp_1_e_imp_1_state_iter_12000.dat
iter:  12100 (Jcost: 4.005056e-03) (lr = 3.492e-01) (elapsed time: 9126.499) (secs/iter:  0.481) (n_accepted: 79%) (u_error:  1.319234 %) (beta_change: 14.491687 %) (delta_change:  0.181749 %) (delta_peak/R:  0.637670 %)
iter:  12200 (Jcost: 4.004783e-03) (lr = 2.997e-01) (elapsed time: 9172.806) (secs/iter:  0.463) (n_accepted: 79%) (u_error:  1.319559 %) (beta_change: 14.544285 %) (delta_change:  0.182266 %) (delta_peak/R:  0.637452 %)
iter:  12300 (Jcost: 4.004547e-03) (lr = 2.573e-01) (elapsed time: 9218.963) (secs/iter:  0.462) (n_accepted: 79%) (u_error:  1.319715 %) (beta_change: 14.590468 %) (delta_change:  0.182718 %) (delta_peak/R:  0.637322 %)
iter:  12400 (Jcost: 4.004302e-03) (lr = 9.202e-02) (elapsed time: 9261.765) (secs/iter:  0.428) (n_accepted: 78%) (u_error:  1.319395 %) (beta_change: 14.636926 %) (delta_change:  0.183172 %) (delta_peak/R:  0.637420 %)
iter:  12500 (Jcost: 4.004074e-03) (lr = 4.550e-01) (elapsed time: 9307.118) (secs/iter:  0.454) (n_accepted: 81%) (u_error:  1.318637 %) (beta_change: 14.681148 %) (delta_change:  0.183605 %) (delta_peak/R:  0.637729 %)
-> Saved file: /media/rafael/DATA/Dropbox/20220924_FIML_solver/data/output/field_inversion/Beta_k__1__Beta_e__1/u_imp_1/FI_run_T31_CP395_u_imp_1_k_imp_1_e_imp_1/FI_run_T31_CP395_u_imp_1_k_imp_1_e_imp_1_state_iter_12500.dat
iter:  12600 (Jcost: 4.003857e-03) (lr = 1.627e-01) (elapsed time: 9358.222) (secs/iter:  0.511) (n_accepted: 78%) (u_error:  1.319507 %) (beta_change: 14.724047 %) (delta_change:  0.184016 %) (delta_peak/R:  0.637261 %)
iter:  12700 (Jcost: 4.003609e-03) (lr = 1.397e-01) (elapsed time: 9400.035) (secs/iter:  0.418) (n_accepted: 79%) (u_error:  1.318833 %) (beta_change: 14.771622 %) (delta_change:  0.184476 %) (delta_peak/R:  0.637526 %)
iter:  12800 (Jcost: 4.003393e-03) (lr = 6.907e-01) (elapsed time: 9445.469) (secs/iter:  0.454) (n_accepted: 81%) (u_error:  1.318643 %) (beta_change: 14.814168 %) (delta_change:  0.184884 %) (delta_peak/R:  0.637565 %)
iter:  12900 (Jcost: 4.003185e-03) (lr = 1.423e+00) (elapsed time: 9488.026) (secs/iter:  0.426) (n_accepted: 80%) (u_error:  1.318769 %) (beta_change: 14.854966 %) (delta_change:  0.185272 %) (delta_peak/R:  0.637454 %)
iter:  13000 (Jcost: 4.002970e-03) (lr = 5.089e-01) (elapsed time: 9533.662) (secs/iter:  0.456) (n_accepted: 78%) (u_error:  1.319039 %) (beta_change: 14.897927 %) (delta_change:  0.185678 %) (delta_peak/R:  0.637272 %)
-> Saved file: /media/rafael/DATA/Dropbox/20220924_FIML_solver/data/output/field_inversion/Beta_k__1__Beta_e__1/u_imp_1/FI_run_T31_CP395_u_imp_1_k_imp_1_e_imp_1/FI_run_T31_CP395_u_imp_1_k_imp_1_e_imp_1_state_iter_13000.dat
iter:  13100 (Jcost: 4.002773e-03) (lr = 1.048e+00) (elapsed time: 9597.993) (secs/iter:  0.643) (n_accepted: 80%) (u_error:  1.318657 %) (beta_change: 14.936720 %) (delta_change:  0.186045 %) (delta_peak/R:  0.637407 %)
iter:  13200 (Jcost: 4.002539e-03) (lr = 3.750e-01) (elapsed time: 9645.336) (secs/iter:  0.473) (n_accepted: 78%) (u_error:  1.318371 %) (beta_change: 14.983259 %) (delta_change:  0.186482 %) (delta_peak/R:  0.637486 %)
iter:  13300 (Jcost: 4.002352e-03) (lr = 3.219e-01) (elapsed time: 9697.376) (secs/iter:  0.520) (n_accepted: 79%) (u_error:  1.317956 %) (beta_change: 15.021598 %) (delta_change:  0.186841 %) (delta_peak/R:  0.637637 %)
iter:  13400 (Jcost: 4.002161e-03) (lr = 1.151e-01) (elapsed time: 9760.394) (secs/iter:  0.630) (n_accepted: 78%) (u_error:  1.318541 %) (beta_change: 15.058733 %) (delta_change:  0.187184 %) (delta_peak/R:  0.637310 %)
iter:  13500 (Jcost: 4.001977e-03) (lr = 2.372e-01) (elapsed time: 9812.786) (secs/iter:  0.524) (n_accepted: 80%) (u_error:  1.319073 %) (beta_change: 15.096967 %) (delta_change:  0.187534 %) (delta_peak/R:  0.637007 %)
-> Saved file: /media/rafael/DATA/Dropbox/20220924_FIML_solver/data/output/field_inversion/Beta_k__1__Beta_e__1/u_imp_1/FI_run_T31_CP395_u_imp_1_k_imp_1_e_imp_1/FI_run_T31_CP395_u_imp_1_k_imp_1_e_imp_1_state_iter_13500.dat
iter:  13600 (Jcost: 4.001792e-03) (lr = 2.036e-01) (elapsed time: 9861.680) (secs/iter:  0.489) (n_accepted: 79%) (u_error:  1.318390 %) (beta_change: 15.132884 %) (delta_change:  0.187867 %) (delta_peak/R:  0.637288 %)
iter:  13700 (Jcost: 4.001610e-03) (lr = 4.195e-01) (elapsed time: 9905.323) (secs/iter:  0.436) (n_accepted: 80%) (u_error:  1.318729 %) (beta_change: 15.170057 %) (delta_change:  0.188205 %) (delta_peak/R:  0.637079 %)
iter:  13800 (Jcost: 4.001451e-03) (lr = 8.642e-01) (elapsed time: 9958.669) (secs/iter:  0.533) (n_accepted: 80%) (u_error:  1.318325 %) (beta_change: 15.201749 %) (delta_change:  0.188495 %) (delta_peak/R:  0.637232 %)
iter:  13900 (Jcost: 4.001248e-03) (lr = 7.418e-01) (elapsed time: 10022.107) (secs/iter:  0.634) (n_accepted: 79%) (u_error:  1.318120 %) (beta_change: 15.242970 %) (delta_change:  0.188869 %) (delta_peak/R:  0.637277 %)
iter:  14000 (Jcost: 4.001080e-03) (lr = 1.105e-01) (elapsed time: 10072.117) (secs/iter:  0.500) (n_accepted: 77%) (u_error:  1.318541 %) (beta_change: 15.277145 %) (delta_change:  0.189175 %) (delta_peak/R:  0.637031 %)
-> Saved file: /media/rafael/DATA/Dropbox/20220924_FIML_solver/data/output/field_inversion/Beta_k__1__Beta_e__1/u_imp_1/FI_run_T31_CP395_u_imp_1_k_imp_1_e_imp_1/FI_run_T31_CP395_u_imp_1_k_imp_1_e_imp_1_state_iter_14000.dat
iter:  14100 (Jcost: 4.000918e-03) (lr = 2.277e-01) (elapsed time: 10142.540) (secs/iter:  0.704) (n_accepted: 80%) (u_error:  1.318443 %) (beta_change: 15.310058 %) (delta_change:  0.189469 %) (delta_peak/R:  0.637035 %)
iter:  14200 (Jcost: 4.000761e-03) (lr = 4.692e-01) (elapsed time: 10206.171) (secs/iter:  0.636) (n_accepted: 80%) (u_error:  1.318063 %) (beta_change: 15.341798 %) (delta_change:  0.189754 %) (delta_peak/R:  0.637176 %)
iter:  14300 (Jcost: 4.000605e-03) (lr = 6.992e-02) (elapsed time: 10251.946) (secs/iter:  0.458) (n_accepted: 77%) (u_error:  1.318079 %) (beta_change: 15.373585 %) (delta_change:  0.190035 %) (delta_peak/R:  0.637126 %)
iter:  14400 (Jcost: 4.000438e-03) (lr = 3.457e-01) (elapsed time: 10295.338) (secs/iter:  0.434) (n_accepted: 81%) (u_error:  1.317845 %) (beta_change: 15.407780 %) (delta_change:  0.190337 %) (delta_peak/R:  0.637193 %)
iter:  14500 (Jcost: 4.000294e-03) (lr = 2.968e-01) (elapsed time: 10346.897) (secs/iter:  0.516) (n_accepted: 79%) (u_error:  1.318032 %) (beta_change: 15.437067 %) (delta_change:  0.190593 %) (delta_peak/R:  0.637065 %)
-> Saved file: /media/rafael/DATA/Dropbox/20220924_FIML_solver/data/output/field_inversion/Beta_k__1__Beta_e__1/u_imp_1/FI_run_T31_CP395_u_imp_1_k_imp_1_e_imp_1/FI_run_T31_CP395_u_imp_1_k_imp_1_e_imp_1_state_iter_14500.dat
iter:  14600 (Jcost: 4.000127e-03) (lr = 6.114e-01) (elapsed time: 10391.408) (secs/iter:  0.445) (n_accepted: 80%) (u_error:  1.317965 %) (beta_change: 15.479218 %) (delta_change:  0.190891 %) (delta_peak/R:  0.637051 %)
iter:  14700 (Jcost: 3.999979e-03) (lr = 2.187e-01) (elapsed time: 10457.644) (secs/iter:  0.662) (n_accepted: 78%) (u_error:  1.317954 %) (beta_change: 15.517197 %) (delta_change:  0.191154 %) (delta_peak/R:  0.637016 %)
iter:  14800 (Jcost: 3.999822e-03) (lr = 4.505e-01) (elapsed time: 10524.997) (secs/iter:  0.674) (n_accepted: 80%) (u_error:  1.317698 %) (beta_change: 15.557642 %) (delta_change:  0.191432 %) (delta_peak/R:  0.637095 %)
iter:  14900 (Jcost: 3.999680e-03) (lr = 1.611e-01) (elapsed time: 10600.536) (secs/iter:  0.755) (n_accepted: 78%) (u_error:  1.317838 %) (beta_change: 15.594115 %) (delta_change:  0.191679 %) (delta_peak/R:  0.636989 %)
iter:  15000 (Jcost: 3.999532e-03) (lr = 3.319e-01) (elapsed time: 10674.271) (secs/iter:  0.737) (n_accepted: 80%) (u_error:  1.317535 %) (beta_change: 15.632927 %) (delta_change:  0.191942 %) (delta_peak/R:  0.637092 %)
-> Saved file: /media/rafael/DATA/Dropbox/20220924_FIML_solver/data/output/field_inversion/Beta_k__1__Beta_e__1/u_imp_1/FI_run_T31_CP395_u_imp_1_k_imp_1_e_imp_1/FI_run_T31_CP395_u_imp_1_k_imp_1_e_imp_1_state_iter_15000.dat
iter:  15000 (Jcost: 3.999530e-03) (lr = 3.983e-01) (elapsed time: 10680.170) (secs/iter:   None) (n_accepted: 0%) (u_error:  1.317694 %) (beta_change: 15.633251 %) (delta_change:  0.191943 %) (delta_peak/R:  0.637015 %)
