# ------------------------------------------------------------------------
#                  Input Arguments
# ------------------------------------------------------------------------
# Begin_Input_Arguments
{ 'all_b_mode': ['Beta_k', 'Beta_e'],
  'args_mk_solver': { 'torch': "<module 'torch' from "
                               "'/home/rafael/anaconda3/lib/python3.9/site-packages/torch/__init__.py'>",
                      'y_grid': [0.0, 0.000309700312, 0.000638645973, 0.00098802599, 0.00135910194, 0.00175321227, 0.00217177688, 0.00261630193, 0.00308838486, 0.00358971984, 0.00412210331, 0.00468744001, 0.00528774917, 0.00592517114, 0.00660197432, 0.0073205624, 0.00808348206, 0.00889343092, 0.00975326602, 0.0106660126, 0.0116348733, 0.0126632377, 0.0137546927, 0.0149130326, 0.0161422702, 0.0174466482, 0.0188306506, 0.0202990157, 0.0218567475, 0.02350913, 0.0252617393, 0.0271204584, 0.0290914903, 0.0311813732, 0.033396994, 0.0357456039, 0.0382348325, 0.0408727029, 0.0436676462, 0.0466285159, 0.0497646022, 0.0530856456, 0.0566018496, 0.0603238931, 0.0642629411, 0.068430655, 0.0728392004, 0.0775012535, 0.0824300053, 0.0876391634, 0.0931429507, 0.0989561006, 0.105093849, 0.111571922, 0.118406518, 0.125614286, 0.133212296, 0.141218006, 0.14964922, 0.158524039, 0.167860801, 0.177678022, 0.187994313, 0.1988283, 0.21019853, 0.222123362, 0.234620856, 0.247708641, 0.261403784, 0.275722637, 0.290680679, 0.306292354, 0.322570888, 0.339528108, 0.357174255, 0.375517785, 0.394565175, 0.414320726, 0.43478637, 0.45596148, 0.47784269, 0.500423731, 0.523695275, 0.547644806, 0.572256506, 0.597511177, 0.623386184, 0.649855436, 0.676889401, 0.704455158, 0.73251649, 0.761034018, 0.789965372, 0.819265404, 0.848886442, 0.878778572, 0.908889961, 0.939167201, 0.969555687, 1.0],
                      'Ret': 1876.12424,
                      'cp': 266.497823,
                      'A_sca_rho': 1.0,
                      'A_sca_mu': 0.0005330137411368876,
                      'A_sca_k': 0.2029242880600944,
                      'b_exp_rho': -1.0,
                      'b_exp_mu': 0.75,
                      'b_exp_k': 0.75,
                      'tensor_device': 'cpu',
                      'as_tensor': '<function '
                                   'Build_arguments_fi_run._mk_args_MK_solver.<locals>.<lambda> '
                                   'at 0x7faf248b2e50>',
                      'ref_dns': { 'u_dns': [0.0, 0.569399876, 1.15202336, 1.7483514, 2.35934985, 2.98623599, 3.62899177, 4.28722471, 4.96037455, 5.64775044, 6.3482195, 7.0602293, 7.78189937, 8.51105466, 9.24520953, 9.98164002, 10.7174349, 11.4495601, 12.1749233, 12.8904534, 13.5931759, 14.2802823, 14.9492039, 15.5976623, 16.2237219, 16.8258137, 17.402755, 17.9537449, 18.4783556, 18.9765103, 19.4484492, 19.8946892, 20.3159849, 20.7132724, 21.0876455, 21.4403268, 21.7726682, 22.086143, 22.3823284, 22.6628578, 22.9293818, 23.183558, 23.4270175, 23.6613019, 23.887859, 24.1080914, 24.3233276, 24.5348018, 24.7437316, 24.9511076, 25.1576305, 25.3638865, 25.5704784, 25.7778989, 25.9864103, 26.1961845, 26.4072598, 26.6197462, 26.8339877, 27.0502507, 27.2685012, 27.4889743, 27.7120513, 27.9376197, 28.1656137, 28.3965641, 28.6304677, 28.8669453, 29.1054668, 29.3456013, 29.5875777, 29.8315471, 30.0773114, 30.3244557, 30.5715201, 30.8170428, 31.0612168, 31.3043526, 31.5462887, 31.7876997, 32.0280645, 32.2669521, 32.5057063, 32.7456118, 32.9873359, 33.2274752, 33.4621921, 33.688997, 33.9054606, 34.1122311, 34.3115672, 34.5028502, 34.6817608, 34.847253, 34.9952399, 35.1212894, 35.2214298, 35.2929126, 35.3355064, 35.3497957],
                                   'T_dns': [1.0, 1.0466493263339878, 1.0928733337171308, 1.1387443672378808, 1.1845074158310558, 1.2305054068269876, 1.2766762924781856, 1.3228308598183511, 1.3688585822490755, 1.4147351793889693, 1.460376145261093, 1.5056515493673621, 1.5504303597606666, 1.5945881349364206, 1.6379821464252384, 1.6804699720121565, 1.7219137508801474, 1.7621793102481014, 1.8011414339417713, 1.838688283165918, 1.8747234162563235, 1.909167577082784, 1.9419609039753423, 1.97306293216033, 2.0024534851581697, 2.03013126160829, 2.056113234296602, 2.0804324744877234, 2.1031365833398956, 2.1242856431137427, 2.1439495743827415, 2.1622060769765876, 2.17913877765053, 2.1948344452884045, 2.2093822769069256, 2.2228720624254943, 2.2353935093823503, 2.2470345885675123, 2.257880042347343, 2.268009060965749, 2.2774948379816253, 2.286405652987902, 2.2948056053287513, 2.3027537606802255, 2.310303151575031, 2.3175012632037912, 2.324388391664548, 2.3309988233379317, 2.3373649230202798, 2.3435124215388248, 2.349457071877803, 2.3552170387103373, 2.3608093978984432, 2.366241411355004, 2.3715196538667502, 2.3766508483864355, 2.3816356500444424, 2.386475345243489, 2.3911836735308665, 2.3957702692614484, 2.4002406188484735, 2.4046074509777666, 2.408871648330968, 2.413027707718028, 2.417079727289961, 2.4210331890675274, 2.424889716948119, 2.4286526271511866, 2.432333054177017, 2.4359188387035715, 2.4394153445843454, 2.442820346891098, 2.4461151964619265, 2.4492802212936935, 2.4523267508920954, 2.4552602782838417, 2.4580807947556154, 2.4608029271891487, 2.4634138692086553, 2.4659169168928976, 2.4683092907316526, 2.4705967741525767, 2.4727689733441776, 2.4748421582610356, 2.47680581615698, 2.47864996307755, 2.4803704509111304, 2.4819525208635134, 2.4834159528119986, 2.484752905292618, 2.4859622591640216, 2.4870390672012603, 2.487984951374464, 2.4888160238790658, 2.489528956644852, 2.490130857426344, 2.4906143525984854, 2.490961857642444, 2.491157079212975, 2.491219178827318],
                                   'mu_dns': [0.0005330137411368876, 0.0005515556071416495, 0.0005697256561463158, 0.000587567934150898, 0.0006051900001554238, 0.0006227318091599288, 0.0006401754281644086, 0.0006574559251688466, 0.000674539432173234, 0.0006914245091775703, 0.0007080875411818497, 0.0007244889431860618, 0.0007405895901901968, 0.0007563534661942452, 0.0007717386981981965, 0.0007867042072020399, 0.0008012110882057655, 0.0008152221642093639, 0.0008287036812128261, 0.0008416266652161449, 0.0008539674322193142, 0.0008657080242223295, 0.0008768367972251875, 0.0008873482732278872, 0.0008972433182304283, 0.0009065285672328129, 0.0009152161532350441, 0.0009233229352371261, 0.0009308699562390642, 0.0009378817622408649, 0.0009443855432425352, 0.0009504104832440826, 0.0009559871882455146, 0.0009611468142468397, 0.000965920881248066, 0.0009703407182492011, 0.0009744372882502531, 0.0009782406902512299, 0.0009817797132521387, 0.0009850811172529867, 0.0009881695252537798, 0.000991067807254524, 0.0009937973442552248, 0.0009963777722558878, 0.0009988266772565167, 0.0010011597702571156, 0.0010033903702576887, 0.0010055298002582384, 0.001007588720258767, 0.0010095756102592771, 0.0010114957002597706, 0.0010133549802602477, 0.0010151590702607114, 0.0010169104102611612, 0.0010186112102615978, 0.001020263720262022, 0.0010218682302624341, 0.001023425230262834, 0.0010249392102632227, 0.0010264133302636017, 0.0010278494102639703, 0.0010292515902643302, 0.001030620200264682, 0.0010319535202650244, 0.001033252910265358, 0.0010345201702656834, 0.001035755860266001, 0.0010369610802663104, 0.0010381394302666131, 0.0010392870502669077, 0.0010404056902671949, 0.0010414946702674746, 0.0010425480602677451, 0.001043559610268005, 0.0010445329802682547, 0.0010454699602684954, 0.001046370580268727, 0.00104723954026895, 0.001048072780269164, 0.001048871380269369, 0.0010496344802695652, 0.0010503639502697523, 0.0010510565002699304, 0.0010517173402701, 0.0010523431402702605, 0.0010529307402704115, 0.0010534788402705522, 0.0010539827602706819, 0.0010544488202708013, 0.0010548745402709106, 0.0010552595802710096, 0.001055602380271098, 0.0010559034702711753, 0.001056167990271243, 0.0010563948902713011, 0.0010565864402713504, 0.0010567403002713898, 0.0010568508802714183, 0.0010569130002714344, 0.0010569327602714396],
                                   'rho_dns': [1.0, 0.9554298415330925, 0.9150191235783512, 0.878160216436972, 0.8442327896262224, 0.8126742023658599, 0.7832839114282267, 0.755954544436103, 0.7305356542799112, 0.7068460688394733, 0.6847550908339545, 0.6641642951320148, 0.6449822100712513, 0.6271211845182029, 0.610507264796761, 0.595071626779872, 0.5807491806653238, 0.5674791402806832, 0.5552034843879611, 0.5438659772597044, 0.5334120176494739, 0.5237884887653519, 0.5149434254587328, 0.5068262059462484, 0.4993873802372054, 0.4925789868423533, 0.4863545369582239, 0.48066928980534956, 0.4754802935394455, 0.4707464851733482, 0.46642888058032206, 0.46249060653751367, 0.4588968863553355, 0.45561522972572016, 0.45261519948461454, 0.44986844582897256, 0.447348529823863, 0.44503097775522066, 0.44289332526292113, 0.4409153460675269, 0.4390789315185565, 0.4373677079975673, 0.4357667584905263, 0.4342626715348859, 0.43284362890569483, 0.4314992254276343, 0.43022069959826165, 0.42900064555503514, 0.427832209746618, 0.42670992089018595, 0.4256302496307159, 0.424589319610042, 0.42358353914135755, 0.4226111482967244, 0.42167055135701925, 0.42076016368955654, 0.4198795059107129, 0.41902800378521043, 0.41820292228885175, 0.41740229137590606, 0.4166248967487912, 0.4158682946746164, 0.4151321224162644, 0.4144171228542121, 0.4137223893401331, 0.4130467952755141, 0.41238988850122427, 0.4117509391093948, 0.4111279079494117, 0.4105227087665258, 0.40993429110793395, 0.4093628912468611, 0.40881149074516404, 0.4082832136993319, 0.40777600278438625, 0.4072887949374443, 0.40682145279094495, 0.40637142818350336, 0.4059407201118174, 0.4055286669025407, 0.40513561398279285, 0.4047605058267768, 0.40440494473189625, 0.4040661731343128, 0.4037458219278584, 0.40344542993008037, 0.40316558344446635, 0.40290859377603366, 0.40267116705427025, 0.40245450477991673, 0.4022587214724167, 0.4020845563657872, 0.401931691527137, 0.4017974773568844, 0.40168241358706824, 0.40158532111583184, 0.40150736261384223, 0.4014513497795763, 0.40141988971483383, 0.4014098833610964]},
                      'case': 'Supersonic_M3.0R600',
                      'constant_Sq_heat': 0.0,
                      'use_visc_heating': True,
                      'Pr_turb': 1.0,
                      'fprint': '<function '
                                'Build_arguments_fi_run._mk_args_MK_solver.<locals>.<lambda> '
                                'at 0x7faf248b2d30>',
                      'compressible_correction': False,
                      'bool_solve_energy': False,
                      'output_last': False},
  'u_imp': 1,
  'k_imp': 1,
  'e_imp': 1,
  'solve_sparse_adj': True,
  'all_ref_beta_distrib': {'K': [1.0, 0.99963662, 0.99939796, 0.99925273, 0.99918576, 0.99919258, 0.99927342, 0.99943168, 0.9996742, 1.00001031, 1.00045028, 1.00100357, 1.00167542, 1.00246452, 1.0033644, 1.0043656, 1.00545637, 1.00662303, 1.00785011, 1.00912092, 1.01041792, 1.01172277, 1.01301709, 1.01428196, 1.01549904, 1.01664981, 1.01771687, 1.01868331, 1.01953347, 1.02025346, 1.0208304, 1.02125375, 1.02151492, 1.02160688, 1.02152465, 1.02126508, 1.02082617, 1.02020667, 1.01940545, 1.01842077, 1.01724944, 1.01588609, 1.01432286, 1.01255044, 1.01056131, 1.00835498, 1.00594276, 1.00334993, 1.0006152, 0.99778869, 0.99492964, 0.99210454, 0.98938542, 0.98684843, 0.98457219, 0.98263591, 0.98111767, 0.98009294, 0.97963326, 0.97980701, 0.98067964, 0.98231245, 0.9847598, 0.98806278, 0.99223983, 0.99727695, 1.00311763, 1.0096559, 1.01673345, 1.02414093, 1.03162379, 1.03889419, 1.04564809, 1.05158974, 1.05646149, 1.06007073, 1.06231013, 1.06316534, 1.06271352, 1.06111077, 1.05857031, 1.05533513, 1.05164124, 1.04769217, 1.04365757, 1.0397053, 1.03603304, 1.03286557, 1.03041998, 1.02884892, 1.02819554, 1.02839494, 1.02930889, 1.03074702, 1.0324717, 1.0342106, 1.03568593, 1.03669142, 1.03717848, 1.01860715], 'E': [1.0, 0.99990548, 0.99985451, 0.99978534, 0.99968904, 0.99955632, 0.99937678, 0.99914025, 0.99884229, 0.99848676, 0.99806899, 0.99754274, 0.99682635, 0.99586367, 0.99464006, 0.993136, 0.99131731, 0.98914674, 0.98658826, 0.98360799, 0.98017525, 0.97626423, 0.97185402, 0.96693169, 0.96149125, 0.95553812, 0.9490879, 0.94217119, 0.93483508, 0.92714533, 0.91919473, 0.91110489, 0.90303622, 0.89520169, 0.88788065, 0.88144197, 0.87637884, 0.87335801, 0.87329336, 0.87747187, 0.88782064, 0.90741477, 0.94056484, 0.99074168, 1.05677619, 1.13149269, 1.20478473, 1.26802682, 1.31639475, 1.34870915, 1.36614903, 1.37097473, 1.36567943, 1.35255511, 1.3335307, 1.31015424, 1.28363969, 1.25492972, 1.22475895, 1.19370956, 1.16225695, 1.130802, 1.09970113, 1.06928511, 1.03987328, 1.0117856, 0.9853474, 0.96089032, 0.93874587, 0.91923689, 0.90266494, 0.88928823, 0.87929803, 0.87278801, 0.86972546, 0.86993241, 0.87308671, 0.87874232, 0.88636174, 0.8953618, 0.90516193, 0.91522954, 0.92512256, 0.9345116, 0.94316861, 0.95092567, 0.95763915, 0.96318718, 0.96749378, 0.97056514, 0.97251095, 0.97352419, 0.97383682, 0.97369187, 0.97332982, 0.97296884, 0.97277586, 0.97281305, 0.97299993, 0.98659624]},
  'all_ref_delta_distrib': {'K': [-0.0, 0.027377340520175267, 0.0532967281418962, 0.07642021855089827, 0.09506532050703874, 0.10667671622115833, 0.10770912309245759, 0.09361789020301085, 0.059017005259189945, -0.002032160932071659, -0.09557228808703944, -0.2270857603183242, -0.40029186573284276, -0.6156232740603472, -0.8695141387836919, -1.1548334277809322, -1.4617413339343344, -1.7787587065917712, -2.0939379769542583, -2.395965537113139, -2.6749787484368563, -2.9230174612235946, -3.1342381609270054, -3.3047843437866677, -3.4326481069896655, -3.517312463693768, -3.5595379386197106, -3.5610166430807273, -3.52417615225736, -3.452003504941504, -3.3478179540241366, -3.215239013648224, -3.0580550449349646, -2.880132580471541, -2.685391450854074, -2.4777458678292352, -2.2610290614023105, -2.038950406983814, -1.8150270612862076, -1.5925252109233483, -1.374396621132171, -1.1632299645252753, -0.961230683058582, -0.7702517756913266, -0.5918420501436347, -0.4272658344520149, -0.2774625789455388, -0.14299670169139653, -0.024061218170287068, 0.07945582567065396, 0.16787668156391214, 0.24163974095059532, 0.30123683474967644, 0.34717583348648373, 0.3799684619637061, 0.4001366137107072, 0.40822337248522705, 0.4047957770855812, 0.39044246521321474, 0.3657489761393363, 0.3312882368112674, 0.2876347202719067, 0.23541591014011704, 0.17539568532262823, 0.10858140761040182, 0.03631619304925773, -0.0396554126038676, -0.11717911918754195, -0.1937439049392643, -0.26658731248544876, -0.3328411298457616, -0.3897427472707252, -0.4348615942177328, -0.466364086749397, -0.4832574697817008, -0.4855467138858096, -0.47424718023823914, -0.4512493063904952, -0.4190883693424656, -0.38062989945058007, -0.3387444965814064, -0.2960166411573408, -0.25450389552256464, -0.21564070563752416, -0.18032925348592893, -0.14915289178226845, -0.12251912796036489, -0.1006421555138815, -0.08344411395079786, -0.07048115791292675, -0.060982222977157954, -0.054032490749474714, -0.04877954201578695, -0.04454199420985397, -0.04085110570872104, -0.03747041284722695, -0.034388555752894456, -0.03179382467703329, -0.029997346200881583, -0.014635773471712705], 'E': [-0.0, 0.7570135845133618, 1.7637631635401363, 3.2250810940281696, 5.405851300935628, 8.644732632830312, 13.372095022920496, 20.120714975782022, 29.52673489541255, 42.32784761148565, 59.36696737339471, 81.58594704176123, 109.91519516651368, 145.0130722299962, 187.05491586836965, 235.70204087105472, 290.1386543159957, 349.13770126290086, 411.1651954698216, 474.5125881696334, 537.4273039400009, 598.2163183899007, 655.3325629535468, 707.4070455229072, 753.2885564333608, 792.022205974221, 822.8592929092957, 845.2215754812914, 858.6879441458839, 862.98239999813, 857.9362028155863, 843.497739456916, 819.7131701044566, 786.714566145717, 744.7271055179175, 694.0647007697631, 635.1210711685368, 568.3566719112507, 494.26591515649443, 413.2731543085814, 325.3974807624754, 229.73565028022412, 125.53538467092035, 16.57718802353419, -85.94761412016045, -168.15263423897585, -221.49561607304508, -245.95556404204652, -247.46324294656614, -233.7710077689659, -211.7123206061764, -186.22481136145933, -160.42412734009238, -136.05145262812044, -113.93704798836103, -94.36116455685705, -77.29980234414975, -62.57581121801091, -49.94786819971476, -39.16200348139641, -29.977266612031496, -22.17638791053768, -15.571389961575433, -10.002852699983709, -5.337695968783073, -1.4667485386313956, 1.6989684183198357, 4.231831109543612, 6.191636380813805, 7.629361910611093, 8.590692909492308, 9.120238934614191, 9.264673631399159, 9.075658096756603, 8.61118349690245, 7.935248529081704, 7.114961365329757, 6.216311524311512, 5.29962080362091, 4.415205333912002, 3.6006358233269133, 2.8797602680577117, 2.2634382177408696, 1.7518193678103797, 1.337912246566312, 1.011112582143533, 0.7595457922287664, 0.5710633386914229, 0.43357368296216714, 0.33536695915675396, 0.26567711161911683, 0.21549246145174122, 0.17806501726662657, 0.14882369800026726, 0.12501145079266357, 0.10528134509716419, 0.08926920884305398, 0.07720965394106671, 0.0695704988226199, 0.03334378556149951]},
  'fname_print': '/media/rafael/DATA/Dropbox/20220924_FIML_solver/data/output/field_inversion/Beta_k__1__Beta_e__1/u_imp_1/FI_run_Supersonic_M3.0R600_u_imp_1_k_imp_1_e_imp_1/FI_run_Supersonic_M3.0R600_u_imp_1_k_imp_1_e_imp_1.log',
  'folder': '/media/rafael/DATA/Dropbox/20220924_FIML_solver/data/output/field_inversion/Beta_k__1__Beta_e__1/u_imp_1/FI_run_Supersonic_M3.0R600_u_imp_1_k_imp_1_e_imp_1',
  'iters_limit': 15000}
# End_Input_Arguments

# ------------------------------------------------------------------------
#                  Iterations
# ------------------------------------------------------------------------

iter:      0 (Jcost: 1.967839e-01) (lr = 1.000e-03) (elapsed time:  0.002) (secs/iter:   None) (n_accepted: 0%) (u_error:  6.407260 %) (beta_change: 21.707003 %) (delta_change:  1.627891 %) (delta_peak/R:  0.000000 %)
-> Saved file: /media/rafael/DATA/Dropbox/20220924_FIML_solver/data/output/field_inversion/Beta_k__1__Beta_e__1/u_imp_1/FI_run_Supersonic_M3.0R600_u_imp_1_k_imp_1_e_imp_1/FI_run_Supersonic_M3.0R600_u_imp_1_k_imp_1_e_imp_1_state_iter_0.dat
iter:    100 (Jcost: 1.728319e-02) (lr = 1.367e-01) (elapsed time: 124.471) (secs/iter:  1.245) (n_accepted: 85%) (u_error:  2.355804 %) (beta_change: 18.998885 %) (delta_change:  0.678226 %) (delta_peak/R:  1.569949 %)
iter:    200 (Jcost: 1.564947e-02) (lr = 1.173e-01) (elapsed time: 242.563) (secs/iter:  1.181) (n_accepted: 79%) (u_error:  2.263504 %) (beta_change: 16.947757 %) (delta_change:  0.625203 %) (delta_peak/R:  1.536341 %)
iter:    300 (Jcost: 1.496486e-02) (lr = 1.007e-01) (elapsed time: 353.446) (secs/iter:  1.109) (n_accepted: 79%) (u_error:  2.183462 %) (beta_change: 16.134275 %) (delta_change:  0.574592 %) (delta_peak/R:  1.529546 %)
iter:    400 (Jcost: 1.458195e-02) (lr = 8.646e-02) (elapsed time: 465.148) (secs/iter:  1.117) (n_accepted: 79%) (u_error:  2.147691 %) (beta_change: 15.297570 %) (delta_change:  0.522282 %) (delta_peak/R:  1.514526 %)
iter:    500 (Jcost: 1.438470e-02) (lr = 1.781e-01) (elapsed time: 575.877) (secs/iter:  1.107) (n_accepted: 80%) (u_error:  2.128173 %) (beta_change: 14.618378 %) (delta_change:  0.482322 %) (delta_peak/R:  1.503966 %)
-> Saved file: /media/rafael/DATA/Dropbox/20220924_FIML_solver/data/output/field_inversion/Beta_k__1__Beta_e__1/u_imp_1/FI_run_Supersonic_M3.0R600_u_imp_1_k_imp_1_e_imp_1/FI_run_Supersonic_M3.0R600_u_imp_1_k_imp_1_e_imp_1_state_iter_500.dat
iter:    600 (Jcost: 1.424357e-02) (lr = 3.670e-01) (elapsed time: 692.022) (secs/iter:  1.161) (n_accepted: 80%) (u_error:  2.129836 %) (beta_change: 13.937048 %) (delta_change:  0.445233 %) (delta_peak/R:  1.489032 %)
iter:    700 (Jcost: 1.413838e-02) (lr = 3.150e-01) (elapsed time: 800.147) (secs/iter:  1.081) (n_accepted: 79%) (u_error:  2.105205 %) (beta_change: 13.333267 %) (delta_change:  0.411692 %) (delta_peak/R:  1.488476 %)
iter:    800 (Jcost: 1.405127e-02) (lr = 2.704e-01) (elapsed time: 912.966) (secs/iter:  1.128) (n_accepted: 79%) (u_error:  2.107834 %) (beta_change: 12.703617 %) (delta_change:  0.378060 %) (delta_peak/R:  1.478986 %)
iter:    900 (Jcost: 1.397734e-02) (lr = 2.321e-01) (elapsed time: 1020.810) (secs/iter:  1.078) (n_accepted: 79%) (u_error:  2.095183 %) (beta_change: 12.107091 %) (delta_change:  0.352463 %) (delta_peak/R:  1.477273 %)
iter:   1000 (Jcost: 1.392241e-02) (lr = 1.992e-01) (elapsed time: 1129.691) (secs/iter:  1.089) (n_accepted: 79%) (u_error:  2.087982 %) (beta_change: 11.608989 %) (delta_change:  0.331765 %) (delta_peak/R:  1.475335 %)
-> Saved file: /media/rafael/DATA/Dropbox/20220924_FIML_solver/data/output/field_inversion/Beta_k__1__Beta_e__1/u_imp_1/FI_run_Supersonic_M3.0R600_u_imp_1_k_imp_1_e_imp_1/FI_run_Supersonic_M3.0R600_u_imp_1_k_imp_1_e_imp_1_state_iter_1000.dat
iter:   1100 (Jcost: 1.387135e-02) (lr = 1.710e-01) (elapsed time: 1242.778) (secs/iter:  1.131) (n_accepted: 79%) (u_error:  2.082995 %) (beta_change: 11.104166 %) (delta_change:  0.310831 %) (delta_peak/R:  1.473066 %)
iter:   1200 (Jcost: 1.382572e-02) (lr = 1.468e-01) (elapsed time: 1348.219) (secs/iter:  1.054) (n_accepted: 79%) (u_error:  2.074577 %) (beta_change: 10.610223 %) (delta_change:  0.291113 %) (delta_peak/R:  1.472676 %)
iter:   1300 (Jcost: 1.378335e-02) (lr = 1.260e-01) (elapsed time: 1454.950) (secs/iter:  1.067) (n_accepted: 79%) (u_error:  2.072828 %) (beta_change: 10.133616 %) (delta_change:  0.272542 %) (delta_peak/R:  1.470155 %)
iter:   1400 (Jcost: 1.374526e-02) (lr = 6.231e-01) (elapsed time: 1561.659) (secs/iter:  1.067) (n_accepted: 81%) (u_error:  2.072159 %) (beta_change:  9.679183 %) (delta_change:  0.255230 %) (delta_peak/R:  1.467618 %)
iter:   1500 (Jcost: 1.371087e-02) (lr = 3.869e-02) (elapsed time: 1668.938) (secs/iter:  1.073) (n_accepted: 76%) (u_error:  2.069481 %) (beta_change:  9.243073 %) (delta_change:  0.239264 %) (delta_peak/R:  1.466155 %)
-> Saved file: /media/rafael/DATA/Dropbox/20220924_FIML_solver/data/output/field_inversion/Beta_k__1__Beta_e__1/u_imp_1/FI_run_Supersonic_M3.0R600_u_imp_1_k_imp_1_e_imp_1/FI_run_Supersonic_M3.0R600_u_imp_1_k_imp_1_e_imp_1_state_iter_1500.dat
iter:   1600 (Jcost: 1.367835e-02) (lr = 1.913e-01) (elapsed time: 1782.761) (secs/iter:  1.138) (n_accepted: 81%) (u_error:  2.070365 %) (beta_change:  8.815430 %) (delta_change:  0.224040 %) (delta_peak/R:  1.463489 %)
iter:   1700 (Jcost: 1.364844e-02) (lr = 3.941e-01) (elapsed time: 1893.358) (secs/iter:  1.106) (n_accepted: 80%) (u_error:  2.064153 %) (beta_change:  8.419763 %) (delta_change:  0.209678 %) (delta_peak/R:  1.463751 %)
iter:   1800 (Jcost: 1.362241e-02) (lr = 3.383e-01) (elapsed time: 2000.545) (secs/iter:  1.072) (n_accepted: 79%) (u_error:  2.059847 %) (beta_change:  8.056698 %) (delta_change:  0.196938 %) (delta_peak/R:  1.463547 %)
iter:   1900 (Jcost: 1.359725e-02) (lr = 5.042e-02) (elapsed time: 2108.995) (secs/iter:  1.084) (n_accepted: 77%) (u_error:  2.058195 %) (beta_change:  7.694174 %) (delta_change:  0.185031 %) (delta_peak/R:  1.462398 %)
iter:   2000 (Jcost: 1.357281e-02) (lr = 5.983e-01) (elapsed time: 2199.047) (secs/iter:  0.901) (n_accepted: 82%) (u_error:  2.061991 %) (beta_change:  7.327255 %) (delta_change:  0.179358 %) (delta_peak/R:  1.459204 %)
-> Saved file: /media/rafael/DATA/Dropbox/20220924_FIML_solver/data/output/field_inversion/Beta_k__1__Beta_e__1/u_imp_1/FI_run_Supersonic_M3.0R600_u_imp_1_k_imp_1_e_imp_1/FI_run_Supersonic_M3.0R600_u_imp_1_k_imp_1_e_imp_1_state_iter_2000.dat
iter:   2100 (Jcost: 1.355132e-02) (lr = 8.916e-02) (elapsed time: 2291.005) (secs/iter:  0.920) (n_accepted: 77%) (u_error:  2.061451 %) (beta_change:  6.988640 %) (delta_change:  0.173684 %) (delta_peak/R:  1.457858 %)
iter:   2200 (Jcost: 1.352816e-02) (lr = 4.408e-01) (elapsed time: 2389.285) (secs/iter:  0.983) (n_accepted: 81%) (u_error:  2.055461 %) (beta_change:  6.617990 %) (delta_change:  0.170922 %) (delta_peak/R:  1.458497 %)
iter:   2300 (Jcost: 1.350808e-02) (lr = 1.577e-01) (elapsed time: 2493.024) (secs/iter:  1.037) (n_accepted: 78%) (u_error:  2.053469 %) (beta_change:  6.281795 %) (delta_change:  0.171520 %) (delta_peak/R:  1.457790 %)
iter:   2400 (Jcost: 1.348911e-02) (lr = 3.248e-01) (elapsed time: 2574.175) (secs/iter:  0.812) (n_accepted: 80%) (u_error:  2.052938 %) (beta_change:  5.952321 %) (delta_change:  0.172564 %) (delta_peak/R:  1.456586 %)
iter:   2500 (Jcost: 1.347132e-02) (lr = 6.692e-01) (elapsed time: 2635.462) (secs/iter:  0.613) (n_accepted: 80%) (u_error:  2.047325 %) (beta_change:  5.631268 %) (delta_change:  0.171804 %) (delta_peak/R:  1.457396 %)
-> Saved file: /media/rafael/DATA/Dropbox/20220924_FIML_solver/data/output/field_inversion/Beta_k__1__Beta_e__1/u_imp_1/FI_run_Supersonic_M3.0R600_u_imp_1_k_imp_1_e_imp_1/FI_run_Supersonic_M3.0R600_u_imp_1_k_imp_1_e_imp_1_state_iter_2500.dat
iter:   2600 (Jcost: 1.345586e-02) (lr = 9.973e-02) (elapsed time: 2705.612) (secs/iter:  0.701) (n_accepted: 77%) (u_error:  2.051178 %) (beta_change:  5.344813 %) (delta_change:  0.174153 %) (delta_peak/R:  1.454746 %)
iter:   2700 (Jcost: 1.344000e-02) (lr = 2.055e-01) (elapsed time: 2769.003) (secs/iter:  0.634) (n_accepted: 80%) (u_error:  2.050994 %) (beta_change:  5.039045 %) (delta_change:  0.175177 %) (delta_peak/R:  1.453586 %)
iter:   2800 (Jcost: 1.342466e-02) (lr = 1.764e-01) (elapsed time: 2832.952) (secs/iter:  0.639) (n_accepted: 79%) (u_error:  2.047719 %) (beta_change:  4.740927 %) (delta_change:  0.175075 %) (delta_peak/R:  1.453661 %)
iter:   2900 (Jcost: 1.341087e-02) (lr = 6.308e-02) (elapsed time: 2895.976) (secs/iter:  0.630) (n_accepted: 78%) (u_error:  2.047008 %) (beta_change:  4.460527 %) (delta_change:  0.175808 %) (delta_peak/R:  1.452843 %)
iter:   3000 (Jcost: 1.339783e-02) (lr = 1.300e-01) (elapsed time: 2963.230) (secs/iter:  0.673) (n_accepted: 80%) (u_error:  2.039922 %) (beta_change:  4.189181 %) (delta_change:  0.174258 %) (delta_peak/R:  1.454514 %)
-> Saved file: /media/rafael/DATA/Dropbox/20220924_FIML_solver/data/output/field_inversion/Beta_k__1__Beta_e__1/u_imp_1/FI_run_Supersonic_M3.0R600_u_imp_1_k_imp_1_e_imp_1/FI_run_Supersonic_M3.0R600_u_imp_1_k_imp_1_e_imp_1_state_iter_3000.dat
iter:   3100 (Jcost: 1.338490e-02) (lr = 2.677e-01) (elapsed time: 3027.235) (secs/iter:  0.640) (n_accepted: 80%) (u_error:  2.043317 %) (beta_change:  3.915042 %) (delta_change:  0.176394 %) (delta_peak/R:  1.452178 %)
iter:   3200 (Jcost: 1.337291e-02) (lr = 5.516e-01) (elapsed time: 3093.303) (secs/iter:  0.661) (n_accepted: 80%) (u_error:  2.038294 %) (beta_change:  3.652188 %) (delta_change:  0.175488 %) (delta_peak/R:  1.453120 %)
iter:   3300 (Jcost: 1.336185e-02) (lr = 1.973e-01) (elapsed time: 3165.373) (secs/iter:  0.721) (n_accepted: 78%) (u_error:  2.039361 %) (beta_change:  3.405855 %) (delta_change:  0.176770 %) (delta_peak/R:  1.451804 %)
iter:   3400 (Jcost: 1.334993e-02) (lr = 7.056e-02) (elapsed time: 3239.732) (secs/iter:  0.744) (n_accepted: 78%) (u_error:  2.039263 %) (beta_change:  3.131894 %) (delta_change:  0.177707 %) (delta_peak/R:  1.450845 %)
iter:   3500 (Jcost: 1.333940e-02) (lr = 8.373e-01) (elapsed time: 3303.121) (secs/iter:  0.634) (n_accepted: 82%) (u_error:  2.032514 %) (beta_change:  2.876958 %) (delta_change:  0.176099 %) (delta_peak/R:  1.452511 %)
-> Saved file: /media/rafael/DATA/Dropbox/20220924_FIML_solver/data/output/field_inversion/Beta_k__1__Beta_e__1/u_imp_1/FI_run_Supersonic_M3.0R600_u_imp_1_k_imp_1_e_imp_1/FI_run_Supersonic_M3.0R600_u_imp_1_k_imp_1_e_imp_1_state_iter_3500.dat
iter:   3600 (Jcost: 1.332986e-02) (lr = 1.248e-01) (elapsed time: 3369.138) (secs/iter:  0.660) (n_accepted: 77%) (u_error:  2.038642 %) (beta_change:  2.653602 %) (delta_change:  0.179145 %) (delta_peak/R:  1.449374 %)
iter:   3700 (Jcost: 1.332065e-02) (lr = 1.071e-01) (elapsed time: 3429.675) (secs/iter:  0.605) (n_accepted: 79%) (u_error:  2.035262 %) (beta_change:  2.433488 %) (delta_change:  0.178656 %) (delta_peak/R:  1.449885 %)
iter:   3800 (Jcost: 1.331160e-02) (lr = 9.194e-02) (elapsed time: 3506.682) (secs/iter:  0.770) (n_accepted: 79%) (u_error:  2.036172 %) (beta_change:  2.225230 %) (delta_change:  0.179765 %) (delta_peak/R:  1.448747 %)
iter:   3900 (Jcost: 1.330204e-02) (lr = 3.288e-02) (elapsed time: 3592.496) (secs/iter:  0.858) (n_accepted: 78%) (u_error:  2.033546 %) (beta_change:  2.003327 %) (delta_change:  0.179604 %) (delta_peak/R:  1.448921 %)
iter:   4000 (Jcost: 1.329303e-02) (lr = 1.626e-01) (elapsed time: 3660.229) (secs/iter:  0.677) (n_accepted: 81%) (u_error:  2.033987 %) (beta_change:  1.788965 %) (delta_change:  0.180548 %) (delta_peak/R:  1.447954 %)
-> Saved file: /media/rafael/DATA/Dropbox/20220924_FIML_solver/data/output/field_inversion/Beta_k__1__Beta_e__1/u_imp_1/FI_run_Supersonic_M3.0R600_u_imp_1_k_imp_1_e_imp_1/FI_run_Supersonic_M3.0R600_u_imp_1_k_imp_1_e_imp_1_state_iter_4000.dat
iter:   4100 (Jcost: 1.328461e-02) (lr = 5.815e-02) (elapsed time: 3723.800) (secs/iter:  0.636) (n_accepted: 78%) (u_error:  2.031176 %) (beta_change:  1.599743 %) (delta_change:  0.180235 %) (delta_peak/R:  1.448284 %)
iter:   4200 (Jcost: 1.327674e-02) (lr = 6.901e-01) (elapsed time: 3813.909) (secs/iter:  0.901) (n_accepted: 82%) (u_error:  2.031254 %) (beta_change:  1.418726 %) (delta_change:  0.180953 %) (delta_peak/R:  1.447550 %)
iter:   4300 (Jcost: 1.326898e-02) (lr = 4.285e-02) (elapsed time: 3923.809) (secs/iter:  1.099) (n_accepted: 76%) (u_error:  2.028608 %) (beta_change:  1.248515 %) (delta_change:  0.180660 %) (delta_peak/R:  1.447859 %)
iter:   4400 (Jcost: 1.326177e-02) (lr = 5.085e-01) (elapsed time: 4029.812) (secs/iter:  1.060) (n_accepted: 82%) (u_error:  2.030193 %) (beta_change:  1.103505 %) (delta_change:  0.181885 %) (delta_peak/R:  1.446601 %)
iter:   4500 (Jcost: 1.325405e-02) (lr = 1.819e-01) (elapsed time: 4126.512) (secs/iter:  0.967) (n_accepted: 78%) (u_error:  2.033239 %) (beta_change:  0.979293 %) (delta_change:  0.183736 %) (delta_peak/R:  1.444698 %)
-> Saved file: /media/rafael/DATA/Dropbox/20220924_FIML_solver/data/output/field_inversion/Beta_k__1__Beta_e__1/u_imp_1/FI_run_Supersonic_M3.0R600_u_imp_1_k_imp_1_e_imp_1/FI_run_Supersonic_M3.0R600_u_imp_1_k_imp_1_e_imp_1_state_iter_4500.dat
iter:   4600 (Jcost: 1.324685e-02) (lr = 3.747e-01) (elapsed time: 4236.287) (secs/iter:  1.098) (n_accepted: 80%) (u_error:  2.027810 %) (beta_change:  0.913743 %) (delta_change:  0.182338 %) (delta_peak/R:  1.446147 %)
iter:   4700 (Jcost: 1.324009e-02) (lr = 1.340e-01) (elapsed time: 4344.675) (secs/iter:  1.084) (n_accepted: 78%) (u_error:  2.025597 %) (beta_change:  0.899368 %) (delta_change:  0.182133 %) (delta_peak/R:  1.446365 %)
iter:   4800 (Jcost: 1.323397e-02) (lr = 4.793e-02) (elapsed time: 4420.464) (secs/iter:  0.758) (n_accepted: 78%) (u_error:  2.026429 %) (beta_change:  0.934639 %) (delta_change:  0.182993 %) (delta_peak/R:  1.445484 %)
iter:   4900 (Jcost: 1.322731e-02) (lr = 9.874e-02) (elapsed time: 4480.810) (secs/iter:  0.603) (n_accepted: 80%) (u_error:  2.024244 %) (beta_change:  0.981365 %) (delta_change:  0.182795 %) (delta_peak/R:  1.445694 %)
iter:   5000 (Jcost: 1.322142e-02) (lr = 4.882e-01) (elapsed time: 4579.534) (secs/iter:  0.987) (n_accepted: 81%) (u_error:  2.025381 %) (beta_change:  1.028742 %) (delta_change:  0.183753 %) (delta_peak/R:  1.444712 %)
-> Saved file: /media/rafael/DATA/Dropbox/20220924_FIML_solver/data/output/field_inversion/Beta_k__1__Beta_e__1/u_imp_1/FI_run_Supersonic_M3.0R600_u_imp_1_k_imp_1_e_imp_1/FI_run_Supersonic_M3.0R600_u_imp_1_k_imp_1_e_imp_1_state_iter_5000.dat
iter:   5100 (Jcost: 1.321537e-02) (lr = 1.746e-01) (elapsed time: 4685.552) (secs/iter:  1.060) (n_accepted: 78%) (u_error:  2.024095 %) (beta_change:  1.112610 %) (delta_change:  0.183834 %) (delta_peak/R:  1.444634 %)
iter:   5200 (Jcost: 1.320964e-02) (lr = 3.598e-01) (elapsed time: 4787.052) (secs/iter:  1.015) (n_accepted: 80%) (u_error:  2.024165 %) (beta_change:  1.198048 %) (delta_change:  0.184389 %) (delta_peak/R:  1.444067 %)
iter:   5300 (Jcost: 1.320329e-02) (lr = 7.411e-01) (elapsed time: 4894.092) (secs/iter:  1.070) (n_accepted: 80%) (u_error:  2.026334 %) (beta_change:  1.298863 %) (delta_change:  0.185797 %) (delta_peak/R:  1.442622 %)
iter:   5400 (Jcost: 1.319807e-02) (lr = 1.105e-01) (elapsed time: 4993.700) (secs/iter:  0.996) (n_accepted: 77%) (u_error:  2.022150 %) (beta_change:  1.380907 %) (delta_change:  0.184720 %) (delta_peak/R:  1.443739 %)
iter:   5500 (Jcost: 1.319268e-02) (lr = 5.461e-01) (elapsed time: 5099.572) (secs/iter:  1.059) (n_accepted: 81%) (u_error:  2.023713 %) (beta_change:  1.475532 %) (delta_change:  0.185805 %) (delta_peak/R:  1.442625 %)
-> Saved file: /media/rafael/DATA/Dropbox/20220924_FIML_solver/data/output/field_inversion/Beta_k__1__Beta_e__1/u_imp_1/FI_run_Supersonic_M3.0R600_u_imp_1_k_imp_1_e_imp_1/FI_run_Supersonic_M3.0R600_u_imp_1_k_imp_1_e_imp_1_state_iter_5500.dat
iter:   5600 (Jcost: 1.318784e-02) (lr = 8.139e-02) (elapsed time: 5206.178) (secs/iter:  1.066) (n_accepted: 77%) (u_error:  2.022064 %) (beta_change:  1.639019 %) (delta_change:  0.185645 %) (delta_peak/R:  1.442795 %)
iter:   5700 (Jcost: 1.318162e-02) (lr = 1.677e-01) (elapsed time: 5303.722) (secs/iter:  0.975) (n_accepted: 80%) (u_error:  2.020965 %) (beta_change:  1.856170 %) (delta_change:  0.185823 %) (delta_peak/R:  1.442619 %)
iter:   5800 (Jcost: 1.317587e-02) (lr = 3.454e-01) (elapsed time: 5405.795) (secs/iter:  1.021) (n_accepted: 80%) (u_error:  2.018089 %) (beta_change:  2.063664 %) (delta_change:  0.185310 %) (delta_peak/R:  1.443154 %)
iter:   5900 (Jcost: 1.317104e-02) (lr = 1.235e-01) (elapsed time: 5506.064) (secs/iter:  1.003) (n_accepted: 78%) (u_error:  2.021836 %) (beta_change:  2.236768 %) (delta_change:  0.187149 %) (delta_peak/R:  1.441262 %)
iter:   6000 (Jcost: 1.316660e-02) (lr = 4.419e-02) (elapsed time: 5609.859) (secs/iter:  1.038) (n_accepted: 78%) (u_error:  2.019619 %) (beta_change:  2.396776 %) (delta_change:  0.186745 %) (delta_peak/R:  1.441684 %)
-> Saved file: /media/rafael/DATA/Dropbox/20220924_FIML_solver/data/output/field_inversion/Beta_k__1__Beta_e__1/u_imp_1/FI_run_Supersonic_M3.0R600_u_imp_1_k_imp_1_e_imp_1/FI_run_Supersonic_M3.0R600_u_imp_1_k_imp_1_e_imp_1_state_iter_6000.dat
iter:   6100 (Jcost: 1.316219e-02) (lr = 2.185e-01) (elapsed time: 5716.841) (secs/iter:  1.070) (n_accepted: 81%) (u_error:  2.019424 %) (beta_change:  2.560075 %) (delta_change:  0.187092 %) (delta_peak/R:  1.441331 %)
iter:   6200 (Jcost: 1.315776e-02) (lr = 1.875e-01) (elapsed time: 5815.660) (secs/iter:  0.988) (n_accepted: 79%) (u_error:  2.018360 %) (beta_change:  2.725688 %) (delta_change:  0.187120 %) (delta_peak/R:  1.441308 %)
iter:   6300 (Jcost: 1.315308e-02) (lr = 6.708e-02) (elapsed time: 5911.488) (secs/iter:  0.958) (n_accepted: 78%) (u_error:  2.018181 %) (beta_change:  2.903099 %) (delta_change:  0.187500 %) (delta_peak/R:  1.440921 %)
iter:   6400 (Jcost: 1.314869e-02) (lr = 3.317e-01) (elapsed time: 6004.864) (secs/iter:  0.934) (n_accepted: 81%) (u_error:  2.017701 %) (beta_change:  3.071590 %) (delta_change:  0.187742 %) (delta_peak/R:  1.440677 %)
iter:   6500 (Jcost: 1.314413e-02) (lr = 6.833e-01) (elapsed time: 6102.467) (secs/iter:  0.976) (n_accepted: 80%) (u_error:  2.017604 %) (beta_change:  3.249036 %) (delta_change:  0.188143 %) (delta_peak/R:  1.440268 %)
-> Saved file: /media/rafael/DATA/Dropbox/20220924_FIML_solver/data/output/field_inversion/Beta_k__1__Beta_e__1/u_imp_1/FI_run_Supersonic_M3.0R600_u_imp_1_k_imp_1_e_imp_1/FI_run_Supersonic_M3.0R600_u_imp_1_k_imp_1_e_imp_1_state_iter_6500.dat
iter:   6600 (Jcost: 1.314031e-02) (lr = 2.444e-01) (elapsed time: 6207.076) (secs/iter:  1.046) (n_accepted: 78%) (u_error:  2.016892 %) (beta_change:  3.399117 %) (delta_change:  0.188246 %) (delta_peak/R:  1.440167 %)
iter:   6700 (Jcost: 1.313609e-02) (lr = 2.098e-01) (elapsed time: 6306.897) (secs/iter:  0.998) (n_accepted: 79%) (u_error:  2.017317 %) (beta_change:  3.567767 %) (delta_change:  0.188810 %) (delta_peak/R:  1.439590 %)
iter:   6800 (Jcost: 1.313181e-02) (lr = 1.801e-01) (elapsed time: 6403.453) (secs/iter:  0.966) (n_accepted: 79%) (u_error:  2.017243 %) (beta_change:  3.740445 %) (delta_change:  0.189196 %) (delta_peak/R:  1.439197 %)
iter:   6900 (Jcost: 1.312801e-02) (lr = 1.546e-01) (elapsed time: 6494.336) (secs/iter:  0.909) (n_accepted: 79%) (u_error:  2.016967 %) (beta_change:  3.895073 %) (delta_change:  0.189460 %) (delta_peak/R:  1.438930 %)
iter:   7000 (Jcost: 1.312440e-02) (lr = 1.327e-01) (elapsed time: 6599.073) (secs/iter:  1.047) (n_accepted: 79%) (u_error:  2.015411 %) (beta_change:  4.042081 %) (delta_change:  0.189230 %) (delta_peak/R:  1.439171 %)
-> Saved file: /media/rafael/DATA/Dropbox/20220924_FIML_solver/data/output/field_inversion/Beta_k__1__Beta_e__1/u_imp_1/FI_run_Supersonic_M3.0R600_u_imp_1_k_imp_1_e_imp_1/FI_run_Supersonic_M3.0R600_u_imp_1_k_imp_1_e_imp_1_state_iter_7000.dat
iter:   7100 (Jcost: 1.312050e-02) (lr = 6.560e-01) (elapsed time: 6708.003) (secs/iter:  1.089) (n_accepted: 81%) (u_error:  2.016523 %) (beta_change:  4.206010 %) (delta_change:  0.190022 %) (delta_peak/R:  1.438359 %)
iter:   7200 (Jcost: 1.311696e-02) (lr = 5.631e-01) (elapsed time: 6810.882) (secs/iter:  1.029) (n_accepted: 79%) (u_error:  2.013373 %) (beta_change:  4.353757 %) (delta_change:  0.189199 %) (delta_peak/R:  1.439213 %)
iter:   7300 (Jcost: 1.311384e-02) (lr = 4.834e-01) (elapsed time: 6910.491) (secs/iter:  0.996) (n_accepted: 79%) (u_error:  2.014210 %) (beta_change:  4.484769 %) (delta_change:  0.189807 %) (delta_peak/R:  1.438589 %)
iter:   7400 (Jcost: 1.311010e-02) (lr = 7.204e-02) (elapsed time: 7012.396) (secs/iter:  1.019) (n_accepted: 77%) (u_error:  2.014109 %) (beta_change:  4.644570 %) (delta_change:  0.190133 %) (delta_peak/R:  1.438258 %)
iter:   7500 (Jcost: 1.310653e-02) (lr = 3.562e-01) (elapsed time: 7109.286) (secs/iter:  0.969) (n_accepted: 81%) (u_error:  2.013271 %) (beta_change:  4.798856 %) (delta_change:  0.190170 %) (delta_peak/R:  1.438224 %)
-> Saved file: /media/rafael/DATA/Dropbox/20220924_FIML_solver/data/output/field_inversion/Beta_k__1__Beta_e__1/u_imp_1/FI_run_Supersonic_M3.0R600_u_imp_1_k_imp_1_e_imp_1/FI_run_Supersonic_M3.0R600_u_imp_1_k_imp_1_e_imp_1_state_iter_7500.dat
iter:   7600 (Jcost: 1.310313e-02) (lr = 7.338e-01) (elapsed time: 7210.313) (secs/iter:  1.010) (n_accepted: 80%) (u_error:  2.013568 %) (beta_change:  4.947233 %) (delta_change:  0.190610 %) (delta_peak/R:  1.437775 %)
iter:   7700 (Jcost: 1.309981e-02) (lr = 4.557e-02) (elapsed time: 7311.939) (secs/iter:  1.016) (n_accepted: 76%) (u_error:  2.012123 %) (beta_change:  5.093526 %) (delta_change:  0.190400 %) (delta_peak/R:  1.437996 %)
iter:   7800 (Jcost: 1.309654e-02) (lr = 5.407e-01) (elapsed time: 7413.840) (secs/iter:  1.019) (n_accepted: 82%) (u_error:  2.012335 %) (beta_change:  5.238454 %) (delta_change:  0.190796 %) (delta_peak/R:  1.437591 %)
iter:   7900 (Jcost: 1.309308e-02) (lr = 1.934e-01) (elapsed time: 7514.638) (secs/iter:  1.008) (n_accepted: 78%) (u_error:  2.014688 %) (beta_change:  5.398495 %) (delta_change:  0.192013 %) (delta_peak/R:  1.436341 %)
iter:   8000 (Jcost: 1.308983e-02) (lr = 6.917e-02) (elapsed time: 7620.045) (secs/iter:  1.054) (n_accepted: 78%) (u_error:  2.013644 %) (beta_change:  5.543180 %) (delta_change:  0.191939 %) (delta_peak/R:  1.436421 %)
-> Saved file: /media/rafael/DATA/Dropbox/20220924_FIML_solver/data/output/field_inversion/Beta_k__1__Beta_e__1/u_imp_1/FI_run_Supersonic_M3.0R600_u_imp_1_k_imp_1_e_imp_1/FI_run_Supersonic_M3.0R600_u_imp_1_k_imp_1_e_imp_1_state_iter_8000.dat
iter:   8100 (Jcost: 1.308676e-02) (lr = 5.937e-02) (elapsed time: 7724.877) (secs/iter:  1.048) (n_accepted: 79%) (u_error:  2.011543 %) (beta_change:  5.680533 %) (delta_change:  0.191458 %) (delta_peak/R:  1.436921 %)
iter:   8200 (Jcost: 1.308371e-02) (lr = 1.223e-01) (elapsed time: 7819.040) (secs/iter:  0.942) (n_accepted: 80%) (u_error:  2.009683 %) (beta_change:  5.822639 %) (delta_change:  0.191073 %) (delta_peak/R:  1.437322 %)
iter:   8300 (Jcost: 1.308073e-02) (lr = 6.048e-01) (elapsed time: 7918.212) (secs/iter:  0.992) (n_accepted: 81%) (u_error:  2.010960 %) (beta_change:  5.958769 %) (delta_change:  0.191832 %) (delta_peak/R:  1.436543 %)
iter:   8400 (Jcost: 1.307790e-02) (lr = 2.163e-01) (elapsed time: 8017.536) (secs/iter:  0.993) (n_accepted: 78%) (u_error:  2.010624 %) (beta_change:  6.091503 %) (delta_change:  0.191987 %) (delta_peak/R:  1.436388 %)
iter:   8500 (Jcost: 1.307456e-02) (lr = 4.456e-01) (elapsed time: 8115.080) (secs/iter:  0.975) (n_accepted: 80%) (u_error:  2.012797 %) (beta_change:  6.253829 %) (delta_change:  0.193126 %) (delta_peak/R:  1.435216 %)
-> Saved file: /media/rafael/DATA/Dropbox/20220924_FIML_solver/data/output/field_inversion/Beta_k__1__Beta_e__1/u_imp_1/FI_run_Supersonic_M3.0R600_u_imp_1_k_imp_1_e_imp_1/FI_run_Supersonic_M3.0R600_u_imp_1_k_imp_1_e_imp_1_state_iter_8500.dat
iter:   8600 (Jcost: 1.307202e-02) (lr = 1.594e-01) (elapsed time: 8220.552) (secs/iter:  1.055) (n_accepted: 78%) (u_error:  2.010013 %) (beta_change:  6.369767 %) (delta_change:  0.192338 %) (delta_peak/R:  1.436033 %)
iter:   8700 (Jcost: 1.306919e-02) (lr = 5.701e-02) (elapsed time: 8321.084) (secs/iter:  1.005) (n_accepted: 78%) (u_error:  2.011200 %) (beta_change:  6.506984 %) (delta_change:  0.193058 %) (delta_peak/R:  1.435294 %)
iter:   8800 (Jcost: 1.306638e-02) (lr = 6.765e-01) (elapsed time: 8413.990) (secs/iter:  0.929) (n_accepted: 82%) (u_error:  2.011004 %) (beta_change:  6.642997 %) (delta_change:  0.193263 %) (delta_peak/R:  1.435086 %)
iter:   8900 (Jcost: 1.306398e-02) (lr = 1.008e-01) (elapsed time: 8518.557) (secs/iter:  1.046) (n_accepted: 77%) (u_error:  2.009315 %) (beta_change:  6.757549 %) (delta_change:  0.192872 %) (delta_peak/R:  1.435493 %)
iter:   9000 (Jcost: 1.306135e-02) (lr = 4.985e-01) (elapsed time: 8617.212) (secs/iter:  0.987) (n_accepted: 81%) (u_error:  2.008998 %) (beta_change:  6.886317 %) (delta_change:  0.193015 %) (delta_peak/R:  1.435349 %)
-> Saved file: /media/rafael/DATA/Dropbox/20220924_FIML_solver/data/output/field_inversion/Beta_k__1__Beta_e__1/u_imp_1/FI_run_Supersonic_M3.0R600_u_imp_1_k_imp_1_e_imp_1/FI_run_Supersonic_M3.0R600_u_imp_1_k_imp_1_e_imp_1_state_iter_9000.dat
iter:   9100 (Jcost: 1.305846e-02) (lr = 1.783e-01) (elapsed time: 8725.589) (secs/iter:  1.084) (n_accepted: 78%) (u_error:  2.009514 %) (beta_change:  7.029416 %) (delta_change:  0.193491 %) (delta_peak/R:  1.434861 %)
iter:   9200 (Jcost: 1.305600e-02) (lr = 1.530e-01) (elapsed time: 8823.834) (secs/iter:  0.982) (n_accepted: 79%) (u_error:  2.007583 %) (beta_change:  7.152067 %) (delta_change:  0.193023 %) (delta_peak/R:  1.435348 %)
iter:   9300 (Jcost: 1.305351e-02) (lr = 1.314e-01) (elapsed time: 8918.615) (secs/iter:  0.948) (n_accepted: 79%) (u_error:  2.008212 %) (beta_change:  7.275671 %) (delta_change:  0.193500 %) (delta_peak/R:  1.434859 %)
iter:   9400 (Jcost: 1.305095e-02) (lr = 4.699e-02) (elapsed time: 9016.840) (secs/iter:  0.982) (n_accepted: 78%) (u_error:  2.008045 %) (beta_change:  7.404859 %) (delta_change:  0.193693 %) (delta_peak/R:  1.434664 %)
iter:   9500 (Jcost: 1.304833e-02) (lr = 5.576e-01) (elapsed time: 9111.273) (secs/iter:  0.944) (n_accepted: 82%) (u_error:  2.006669 %) (beta_change:  7.538648 %) (delta_change:  0.193447 %) (delta_peak/R:  1.434921 %)
-> Saved file: /media/rafael/DATA/Dropbox/20220924_FIML_solver/data/output/field_inversion/Beta_k__1__Beta_e__1/u_imp_1/FI_run_Supersonic_M3.0R600_u_imp_1_k_imp_1_e_imp_1/FI_run_Supersonic_M3.0R600_u_imp_1_k_imp_1_e_imp_1_state_iter_9500.dat
iter:   9600 (Jcost: 1.304589e-02) (lr = 1.994e-01) (elapsed time: 9216.162) (secs/iter:  1.049) (n_accepted: 78%) (u_error:  2.007464 %) (beta_change:  7.662839 %) (delta_change:  0.193982 %) (delta_peak/R:  1.434373 %)
iter:   9700 (Jcost: 1.304339e-02) (lr = 4.108e-01) (elapsed time: 9317.808) (secs/iter:  1.016) (n_accepted: 80%) (u_error:  2.007257 %) (beta_change:  7.791508 %) (delta_change:  0.194154 %) (delta_peak/R:  1.434198 %)
iter:   9800 (Jcost: 1.304104e-02) (lr = 6.123e-02) (elapsed time: 9418.851) (secs/iter:  1.010) (n_accepted: 77%) (u_error:  2.007093 %) (beta_change:  7.913313 %) (delta_change:  0.194328 %) (delta_peak/R:  1.434022 %)
iter:   9900 (Jcost: 1.303863e-02) (lr = 5.256e-02) (elapsed time: 9514.592) (secs/iter:  0.957) (n_accepted: 79%) (u_error:  2.006655 %) (beta_change:  8.039221 %) (delta_change:  0.194408 %) (delta_peak/R:  1.433943 %)
iter:  10000 (Jcost: 1.303636e-02) (lr = 2.599e-01) (elapsed time: 9607.959) (secs/iter:  0.934) (n_accepted: 81%) (u_error:  2.006474 %) (beta_change:  8.158505 %) (delta_change:  0.194568 %) (delta_peak/R:  1.433781 %)
-> Saved file: /media/rafael/DATA/Dropbox/20220924_FIML_solver/data/output/field_inversion/Beta_k__1__Beta_e__1/u_imp_1/FI_run_Supersonic_M3.0R600_u_imp_1_k_imp_1_e_imp_1/FI_run_Supersonic_M3.0R600_u_imp_1_k_imp_1_e_imp_1_state_iter_10000.dat
iter:  10100 (Jcost: 1.303420e-02) (lr = 3.873e-02) (elapsed time: 9695.935) (secs/iter:  0.880) (n_accepted: 77%) (u_error:  2.006351 %) (beta_change:  8.272574 %) (delta_change:  0.194739 %) (delta_peak/R:  1.433607 %)
iter:  10200 (Jcost: 1.303172e-02) (lr = 4.595e-01) (elapsed time: 9754.883) (secs/iter:  0.589) (n_accepted: 82%) (u_error:  2.004964 %) (beta_change:  8.405817 %) (delta_change:  0.194479 %) (delta_peak/R:  1.433879 %)
iter:  10300 (Jcost: 1.302964e-02) (lr = 1.644e-01) (elapsed time: 9819.973) (secs/iter:  0.651) (n_accepted: 78%) (u_error:  2.006721 %) (beta_change:  8.516761 %) (delta_change:  0.195335 %) (delta_peak/R:  1.432999 %)
iter:  10400 (Jcost: 1.302766e-02) (lr = 1.411e-01) (elapsed time: 9901.253) (secs/iter:  0.813) (n_accepted: 79%) (u_error:  2.005678 %) (beta_change:  8.622752 %) (delta_change:  0.195149 %) (delta_peak/R:  1.433194 %)
iter:  10500 (Jcost: 1.302542e-02) (lr = 1.211e-01) (elapsed time: 10000.497) (secs/iter:  0.992) (n_accepted: 79%) (u_error:  2.005421 %) (beta_change:  8.743766 %) (delta_change:  0.195280 %) (delta_peak/R:  1.433062 %)
-> Saved file: /media/rafael/DATA/Dropbox/20220924_FIML_solver/data/output/field_inversion/Beta_k__1__Beta_e__1/u_imp_1/FI_run_Supersonic_M3.0R600_u_imp_1_k_imp_1_e_imp_1/FI_run_Supersonic_M3.0R600_u_imp_1_k_imp_1_e_imp_1_state_iter_10500.dat
iter:  10600 (Jcost: 1.302336e-02) (lr = 2.495e-01) (elapsed time: 10106.311) (secs/iter:  1.058) (n_accepted: 80%) (u_error:  2.005283 %) (beta_change:  8.856526 %) (delta_change:  0.195438 %) (delta_peak/R:  1.432902 %)
iter:  10700 (Jcost: 1.302116e-02) (lr = 3.718e-02) (elapsed time: 10206.909) (secs/iter:  1.006) (n_accepted: 77%) (u_error:  2.005389 %) (beta_change:  8.977156 %) (delta_change:  0.195700 %) (delta_peak/R:  1.432635 %)
iter:  10800 (Jcost: 1.301908e-02) (lr = 1.838e-01) (elapsed time: 10308.511) (secs/iter:  1.016) (n_accepted: 81%) (u_error:  2.004389 %) (beta_change:  9.092302 %) (delta_change:  0.195543 %) (delta_peak/R:  1.432800 %)
iter:  10900 (Jcost: 1.301714e-02) (lr = 6.576e-02) (elapsed time: 10410.347) (secs/iter:  1.018) (n_accepted: 78%) (u_error:  2.003448 %) (beta_change:  9.201047 %) (delta_change:  0.195395 %) (delta_peak/R:  1.432955 %)
iter:  11000 (Jcost: 1.301511e-02) (lr = 3.251e-01) (elapsed time: 10496.114) (secs/iter:  0.858) (n_accepted: 81%) (u_error:  2.003876 %) (beta_change:  9.313208 %) (delta_change:  0.195757 %) (delta_peak/R:  1.432584 %)
-> Saved file: /media/rafael/DATA/Dropbox/20220924_FIML_solver/data/output/field_inversion/Beta_k__1__Beta_e__1/u_imp_1/FI_run_Supersonic_M3.0R600_u_imp_1_k_imp_1_e_imp_1/FI_run_Supersonic_M3.0R600_u_imp_1_k_imp_1_e_imp_1_state_iter_11000.dat
iter:  11100 (Jcost: 1.301310e-02) (lr = 2.791e-01) (elapsed time: 10599.801) (secs/iter:  1.037) (n_accepted: 79%) (u_error:  2.004259 %) (beta_change:  9.425903 %) (delta_change:  0.196103 %) (delta_peak/R:  1.432230 %)
iter:  11200 (Jcost: 1.301121e-02) (lr = 9.982e-02) (elapsed time: 10699.534) (secs/iter:  0.997) (n_accepted: 78%) (u_error:  2.004824 %) (beta_change:  9.533456 %) (delta_change:  0.196506 %) (delta_peak/R:  1.431817 %)
iter:  11300 (Jcost: 1.300932e-02) (lr = 2.056e-01) (elapsed time: 10803.072) (secs/iter:  1.035) (n_accepted: 80%) (u_error:  2.004782 %) (beta_change:  9.640680 %) (delta_change:  0.196684 %) (delta_peak/R:  1.431636 %)
iter:  11400 (Jcost: 1.300731e-02) (lr = 4.237e-01) (elapsed time: 10906.016) (secs/iter:  1.029) (n_accepted: 80%) (u_error:  2.003923 %) (beta_change:  9.754878 %) (delta_change:  0.196573 %) (delta_peak/R:  1.431754 %)
iter:  11500 (Jcost: 1.300541e-02) (lr = 8.728e-01) (elapsed time: 11003.158) (secs/iter:  0.971) (n_accepted: 80%) (u_error:  2.002188 %) (beta_change:  9.865284 %) (delta_change:  0.196131 %) (delta_peak/R:  1.432213 %)
-> Saved file: /media/rafael/DATA/Dropbox/20220924_FIML_solver/data/output/field_inversion/Beta_k__1__Beta_e__1/u_imp_1/FI_run_Supersonic_M3.0R600_u_imp_1_k_imp_1_e_imp_1/FI_run_Supersonic_M3.0R600_u_imp_1_k_imp_1_e_imp_1_state_iter_11500.dat
iter:  11600 (Jcost: 1.300368e-02) (lr = 1.301e-01) (elapsed time: 11109.953) (secs/iter:  1.068) (n_accepted: 77%) (u_error:  2.003424 %) (beta_change:  9.963886 %) (delta_change:  0.196763 %) (delta_peak/R:  1.431563 %)
iter:  11700 (Jcost: 1.300196e-02) (lr = 4.652e-02) (elapsed time: 11203.407) (secs/iter:  0.935) (n_accepted: 78%) (u_error:  2.002077 %) (beta_change: 10.064738 %) (delta_change:  0.196446 %) (delta_peak/R:  1.431893 %)
iter:  11800 (Jcost: 1.300029e-02) (lr = 9.584e-02) (elapsed time: 11302.825) (secs/iter:  0.994) (n_accepted: 80%) (u_error:  2.002957 %) (beta_change: 10.161095 %) (delta_change:  0.196941 %) (delta_peak/R:  1.431384 %)
iter:  11900 (Jcost: 1.299830e-02) (lr = 4.739e-01) (elapsed time: 11403.103) (secs/iter:  1.003) (n_accepted: 81%) (u_error:  2.003695 %) (beta_change: 10.278801 %) (delta_change:  0.197422 %) (delta_peak/R:  1.430892 %)
iter:  12000 (Jcost: 1.299654e-02) (lr = 4.068e-01) (elapsed time: 11476.385) (secs/iter:  0.733) (n_accepted: 79%) (u_error:  2.003084 %) (beta_change: 10.381885 %) (delta_change:  0.197379 %) (delta_peak/R:  1.430939 %)
-> Saved file: /media/rafael/DATA/Dropbox/20220924_FIML_solver/data/output/field_inversion/Beta_k__1__Beta_e__1/u_imp_1/FI_run_Supersonic_M3.0R600_u_imp_1_k_imp_1_e_imp_1/FI_run_Supersonic_M3.0R600_u_imp_1_k_imp_1_e_imp_1_state_iter_12000.dat
iter:  12100 (Jcost: 1.299492e-02) (lr = 6.062e-02) (elapsed time: 11582.079) (secs/iter:  1.057) (n_accepted: 77%) (u_error:  2.003538 %) (beta_change: 10.478985 %) (delta_change:  0.197717 %) (delta_peak/R:  1.430592 %)
iter:  12200 (Jcost: 1.299330e-02) (lr = 1.249e-01) (elapsed time: 11681.476) (secs/iter:  0.994) (n_accepted: 80%) (u_error:  2.002036 %) (beta_change: 10.574305 %) (delta_change:  0.197330 %) (delta_peak/R:  1.430993 %)
iter:  12300 (Jcost: 1.299164e-02) (lr = 6.175e-01) (elapsed time: 11782.389) (secs/iter:  1.009) (n_accepted: 81%) (u_error:  2.002307 %) (beta_change: 10.673227 %) (delta_change:  0.197604 %) (delta_peak/R:  1.430714 %)
iter:  12400 (Jcost: 1.299000e-02) (lr = 5.301e-01) (elapsed time: 11878.718) (secs/iter:  0.963) (n_accepted: 79%) (u_error:  2.001918 %) (beta_change: 10.772064 %) (delta_change:  0.197633 %) (delta_peak/R:  1.430686 %)
iter:  12500 (Jcost: 1.298848e-02) (lr = 1.896e-01) (elapsed time: 11977.146) (secs/iter:  0.984) (n_accepted: 78%) (u_error:  2.001729 %) (beta_change: 10.863567 %) (delta_change:  0.197723 %) (delta_peak/R:  1.430596 %)
-> Saved file: /media/rafael/DATA/Dropbox/20220924_FIML_solver/data/output/field_inversion/Beta_k__1__Beta_e__1/u_imp_1/FI_run_Supersonic_M3.0R600_u_imp_1_k_imp_1_e_imp_1/FI_run_Supersonic_M3.0R600_u_imp_1_k_imp_1_e_imp_1_state_iter_12500.dat
iter:  12600 (Jcost: 1.298666e-02) (lr = 1.627e-01) (elapsed time: 12075.038) (secs/iter:  0.979) (n_accepted: 79%) (u_error:  2.000361 %) (beta_change: 10.975700 %) (delta_change:  0.197413 %) (delta_peak/R:  1.430918 %)
iter:  12700 (Jcost: 1.298508e-02) (lr = 3.353e-01) (elapsed time: 12177.577) (secs/iter:  1.025) (n_accepted: 80%) (u_error:  2.001406 %) (beta_change: 11.070401 %) (delta_change:  0.197963 %) (delta_peak/R:  1.430353 %)
iter:  12800 (Jcost: 1.298354e-02) (lr = 2.878e-01) (elapsed time: 12279.121) (secs/iter:  1.015) (n_accepted: 79%) (u_error:  2.001387 %) (beta_change: 11.165183 %) (delta_change:  0.198120 %) (delta_peak/R:  1.430194 %)
iter:  12900 (Jcost: 1.298201e-02) (lr = 1.029e-01) (elapsed time: 12376.014) (secs/iter:  0.969) (n_accepted: 78%) (u_error:  2.001039 %) (beta_change: 11.259459 %) (delta_change:  0.198154 %) (delta_peak/R:  1.430160 %)
iter:  13000 (Jcost: 1.298038e-02) (lr = 5.089e-01) (elapsed time: 12446.531) (secs/iter:  0.705) (n_accepted: 81%) (u_error:  1.998858 %) (beta_change: 11.364324 %) (delta_change:  0.197532 %) (delta_peak/R:  1.430805 %)
-> Saved file: /media/rafael/DATA/Dropbox/20220924_FIML_solver/data/output/field_inversion/Beta_k__1__Beta_e__1/u_imp_1/FI_run_Supersonic_M3.0R600_u_imp_1_k_imp_1_e_imp_1/FI_run_Supersonic_M3.0R600_u_imp_1_k_imp_1_e_imp_1_state_iter_13000.dat
iter:  13100 (Jcost: 1.297884e-02) (lr = 1.820e-01) (elapsed time: 12544.848) (secs/iter:  0.983) (n_accepted: 78%) (u_error:  2.000377 %) (beta_change: 11.456014 %) (delta_change:  0.198249 %) (delta_peak/R:  1.430068 %)
iter:  13200 (Jcost: 1.297739e-02) (lr = 1.563e-01) (elapsed time: 12634.406) (secs/iter:  0.896) (n_accepted: 79%) (u_error:  2.000555 %) (beta_change: 11.546595 %) (delta_change:  0.198470 %) (delta_peak/R:  1.429842 %)
iter:  13300 (Jcost: 1.297592e-02) (lr = 3.219e-01) (elapsed time: 12715.772) (secs/iter:  0.814) (n_accepted: 80%) (u_error:  2.000385 %) (beta_change: 11.638447 %) (delta_change:  0.198564 %) (delta_peak/R:  1.429747 %)
iter:  13400 (Jcost: 1.297439e-02) (lr = 1.151e-01) (elapsed time: 12812.384) (secs/iter:  0.966) (n_accepted: 78%) (u_error:  2.000786 %) (beta_change: 11.735161 %) (delta_change:  0.198878 %) (delta_peak/R:  1.429426 %)
iter:  13500 (Jcost: 1.297295e-02) (lr = 9.883e-02) (elapsed time: 12911.021) (secs/iter:  0.986) (n_accepted: 79%) (u_error:  1.999164 %) (beta_change: 11.827283 %) (delta_change:  0.198733 %) (delta_peak/R:  1.429882 %)
-> Saved file: /media/rafael/DATA/Dropbox/20220924_FIML_solver/data/output/field_inversion/Beta_k__1__Beta_e__1/u_imp_1/FI_run_Supersonic_M3.0R600_u_imp_1_k_imp_1_e_imp_1/FI_run_Supersonic_M3.0R600_u_imp_1_k_imp_1_e_imp_1_state_iter_13500.dat
iter:  13600 (Jcost: 1.297143e-02) (lr = 8.484e-02) (elapsed time: 12996.013) (secs/iter:  0.850) (n_accepted: 79%) (u_error:  1.998731 %) (beta_change: 11.924163 %) (delta_change:  0.199408 %) (delta_peak/R:  1.429879 %)
iter:  13700 (Jcost: 1.296998e-02) (lr = 7.282e-02) (elapsed time: 13075.101) (secs/iter:  0.791) (n_accepted: 79%) (u_error:  1.999633 %) (beta_change: 12.015066 %) (delta_change:  0.200320 %) (delta_peak/R:  1.429379 %)
iter:  13800 (Jcost: 1.296860e-02) (lr = 1.500e-01) (elapsed time: 13174.110) (secs/iter:  0.990) (n_accepted: 80%) (u_error:  1.999691 %) (beta_change: 12.103689 %) (delta_change:  0.201028 %) (delta_peak/R:  1.429204 %)
iter:  13900 (Jcost: 1.296719e-02) (lr = 5.366e-02) (elapsed time: 13274.983) (secs/iter:  1.009) (n_accepted: 78%) (u_error:  1.999469 %) (beta_change: 12.194219 %) (delta_change:  0.201687 %) (delta_peak/R:  1.429132 %)
iter:  14000 (Jcost: 1.296569e-02) (lr = 6.368e-01) (elapsed time: 13333.703) (secs/iter:  0.587) (n_accepted: 82%) (u_error:  1.998962 %) (beta_change: 12.291405 %) (delta_change:  0.202332 %) (delta_peak/R:  1.429157 %)
-> Saved file: /media/rafael/DATA/Dropbox/20220924_FIML_solver/data/output/field_inversion/Beta_k__1__Beta_e__1/u_imp_1/FI_run_Supersonic_M3.0R600_u_imp_1_k_imp_1_e_imp_1/FI_run_Supersonic_M3.0R600_u_imp_1_k_imp_1_e_imp_1_state_iter_14000.dat
iter:  14100 (Jcost: 1.296436e-02) (lr = 9.489e-02) (elapsed time: 13410.705) (secs/iter:  0.770) (n_accepted: 77%) (u_error:  1.997691 %) (beta_change: 12.380635 %) (delta_change:  0.202747 %) (delta_peak/R:  1.429486 %)
iter:  14200 (Jcost: 1.296297e-02) (lr = 4.692e-01) (elapsed time: 13494.338) (secs/iter:  0.836) (n_accepted: 81%) (u_error:  1.998967 %) (beta_change: 12.468329 %) (delta_change:  0.203696 %) (delta_peak/R:  1.428851 %)
iter:  14300 (Jcost: 1.296161e-02) (lr = 4.028e-01) (elapsed time: 13588.639) (secs/iter:  0.943) (n_accepted: 79%) (u_error:  1.998684 %) (beta_change: 12.557836 %) (delta_change:  0.204319 %) (delta_peak/R:  1.428805 %)
iter:  14400 (Jcost: 1.296035e-02) (lr = 1.441e-01) (elapsed time: 13691.074) (secs/iter:  1.024) (n_accepted: 78%) (u_error:  1.999449 %) (beta_change: 12.641102 %) (delta_change:  0.205117 %) (delta_peak/R:  1.428372 %)
iter:  14500 (Jcost: 1.295907e-02) (lr = 5.152e-02) (elapsed time: 13786.111) (secs/iter:  0.950) (n_accepted: 78%) (u_error:  1.997782 %) (beta_change: 12.725912 %) (delta_change:  0.205399 %) (delta_peak/R:  1.428860 %)
-> Saved file: /media/rafael/DATA/Dropbox/20220924_FIML_solver/data/output/field_inversion/Beta_k__1__Beta_e__1/u_imp_1/FI_run_Supersonic_M3.0R600_u_imp_1_k_imp_1_e_imp_1/FI_run_Supersonic_M3.0R600_u_imp_1_k_imp_1_e_imp_1_state_iter_14500.dat
iter:  14600 (Jcost: 1.295754e-02) (lr = 6.114e-01) (elapsed time: 13875.848) (secs/iter:  0.897) (n_accepted: 82%) (u_error:  1.997580 %) (beta_change: 12.827381 %) (delta_change:  0.206119 %) (delta_peak/R:  1.428763 %)
iter:  14700 (Jcost: 1.295628e-02) (lr = 9.111e-02) (elapsed time: 13971.525) (secs/iter:  0.957) (n_accepted: 77%) (u_error:  1.998304 %) (beta_change: 12.909819 %) (delta_change:  0.206892 %) (delta_peak/R:  1.428347 %)
iter:  14800 (Jcost: 1.295497e-02) (lr = 1.877e-01) (elapsed time: 14064.462) (secs/iter:  0.929) (n_accepted: 80%) (u_error:  1.998908 %) (beta_change: 12.998125 %) (delta_change:  0.207680 %) (delta_peak/R:  1.427967 %)
iter:  14900 (Jcost: 1.295376e-02) (lr = 1.611e-01) (elapsed time: 14165.434) (secs/iter:  1.010) (n_accepted: 79%) (u_error:  1.998083 %) (beta_change: 13.088332 %) (delta_change:  0.208097 %) (delta_peak/R:  1.428143 %)
iter:  15000 (Jcost: 1.295255e-02) (lr = 1.383e-01) (elapsed time: 14264.469) (secs/iter:  0.990) (n_accepted: 79%) (u_error:  1.997733 %) (beta_change: 13.185000 %) (delta_change:  0.208623 %) (delta_peak/R:  1.428137 %)
-> Saved file: /media/rafael/DATA/Dropbox/20220924_FIML_solver/data/output/field_inversion/Beta_k__1__Beta_e__1/u_imp_1/FI_run_Supersonic_M3.0R600_u_imp_1_k_imp_1_e_imp_1/FI_run_Supersonic_M3.0R600_u_imp_1_k_imp_1_e_imp_1_state_iter_15000.dat
iter:  15000 (Jcost: 1.295254e-02) (lr = 1.660e-01) (elapsed time: 14270.456) (secs/iter:   None) (n_accepted: 0%) (u_error:  1.997792 %) (beta_change: 13.185765 %) (delta_change:  0.208641 %) (delta_peak/R:  1.428113 %)
