# ------------------------------------------------------------------------
#                  Input Arguments
# ------------------------------------------------------------------------
# Begin_Input_Arguments
{ 'all_b_mode': ['Beta_k', 'Beta_e'],
  'args_mk_solver': { 'torch': "<module 'torch' from "
                               "'/home/rafael/anaconda3/lib/python3.9/site-packages/torch/__init__.py'>",
                      'y_grid': [0.0, 0.000309700312, 0.000638645973, 0.00098802599, 0.00135910194, 0.00175321227, 0.00217177688, 0.00261630193, 0.00308838486, 0.00358971984, 0.00412210331, 0.00468744001, 0.00528774917, 0.00592517114, 0.00660197432, 0.0073205624, 0.00808348206, 0.00889343092, 0.00975326602, 0.0106660126, 0.0116348733, 0.0126632377, 0.0137546927, 0.0149130326, 0.0161422702, 0.0174466482, 0.0188306506, 0.0202990157, 0.0218567475, 0.02350913, 0.0252617393, 0.0271204584, 0.0290914903, 0.0311813732, 0.033396994, 0.0357456039, 0.0382348325, 0.0408727029, 0.0436676462, 0.0466285159, 0.0497646022, 0.0530856456, 0.0566018496, 0.0603238931, 0.0642629411, 0.068430655, 0.0728392004, 0.0775012535, 0.0824300053, 0.0876391634, 0.0931429507, 0.0989561006, 0.105093849, 0.111571922, 0.118406518, 0.125614286, 0.133212296, 0.141218006, 0.14964922, 0.158524039, 0.167860801, 0.177678022, 0.187994313, 0.1988283, 0.21019853, 0.222123362, 0.234620856, 0.247708641, 0.261403784, 0.275722637, 0.290680679, 0.306292354, 0.322570888, 0.339528108, 0.357174255, 0.375517785, 0.394565175, 0.414320726, 0.43478637, 0.45596148, 0.47784269, 0.500423731, 0.523695275, 0.547644806, 0.572256506, 0.597511177, 0.623386184, 0.649855436, 0.676889401, 0.704455158, 0.73251649, 0.761034018, 0.789965372, 0.819265404, 0.848886442, 0.878778572, 0.908889961, 0.939167201, 0.969555687, 1.0],
                      'Ret': 395,
                      'cp': 1.0,
                      'A_sca_rho': 1.0,
                      'A_sca_mu': 0.002531645569620253,
                      'A_sca_k': 0.002531645569620253,
                      'b_exp_rho': -1,
                      'b_exp_mu': -0.5,
                      'b_exp_k': -0.5,
                      'tensor_device': 'cpu',
                      'as_tensor': '<function '
                                   'Build_arguments_fi_run._mk_args_MK_solver.<locals>.<lambda> '
                                   'at 0x7f87f535aa60>',
                      'ref_dns': { 'u_dns': [1.7432837480471617e-17, 0.12027669467947424, 0.2488704548628635, 0.3863349433875872, 0.5332491379304491, 0.6902150327759791, 0.8578541928576389, 1.0368028272611538, 1.2277049993610252, 1.4312036009758828, 1.6479291069988276, 1.8785525145637678, 2.123856504257327, 2.3846508052574347, 2.661754117339089, 2.955965402380132, 3.267909043635591, 3.598033615182029, 3.9466188672728326, 4.313738981955232, 4.699239957261714, 5.102628186236999, 5.523054593649455, 5.959514864796417, 6.410581579933639, 6.874420974390492, 7.3489060439416605, 7.8313991644538765, 8.319344111899058, 8.809945397579833, 9.30022340247517, 9.787023784880818, 10.267687122050237, 10.73993889265944, 11.20108108373553, 11.648662922544139, 12.081548813185062, 12.49859300575985, 12.898698379044216, 13.281925175043767, 13.64721262226022, 13.994405567396186, 14.325911384829688, 14.639438426467267, 14.937749392707852, 15.221353957236095, 15.489845772699685, 15.745368785155058, 15.989078647750949, 16.22178190881966, 16.443774134853506, 16.657162970665787, 16.86272845398083, 17.061674199253165, 17.255556101485585, 17.444878613676202, 17.630944155582498, 17.815524900439982, 17.997843165609503, 18.17878060109179, 18.358751641110455, 18.538478437519416, 18.719534450971462, 18.901309533711856, 19.084181616754428, 19.267441331838, 19.45268652380836, 19.639647295514653, 19.82983581416468, 20.021548534728968, 20.214400515870782, 20.408332158967784, 20.604943523472592, 20.804007856438286, 21.00453843351122, 21.207929422672436, 21.412148994020875, 21.618653711912835, 21.82465320228124, 22.03203893224057, 22.239503361803532, 22.44739275113946, 22.65348629046666, 22.858234819421035, 23.06042103843732, 23.257375459412703, 23.44769077862449, 23.631546690878206, 23.809304708949625, 23.979585266964207, 24.142451347310015, 24.294975416609937, 24.43479630211543, 24.559727738592134, 24.66811799193461, 24.7580203923182, 24.827183806158867, 24.875874616258976, 24.90524993626688, 24.915193092289936],
                                   'T_dns': [1.0, 1.0053373339184222, 1.0110474839151784, 1.0171552986529768, 1.0236866875504866, 1.0306684877123666, 1.038128271203646, 1.0460940758450252, 1.054594040041861, 1.063655922094632, 1.0733065124127457, 1.0835749490591766, 1.094497173292773, 1.1061110330858208, 1.1184554629002064, 1.131568718412909, 1.1454765790898511, 1.1601931407875716, 1.175722503124559, 1.1920617189046383, 1.209211495674859, 1.2271639613839003, 1.2458943266464262, 1.2653469068916698, 1.285434841299312, 1.3060639735188233, 1.3271604321695156, 1.3486317788272908, 1.3703426138701373, 1.3921222985605914, 1.4138466582727693, 1.4354281003295732, 1.4567400794771388, 1.4776273562317386, 1.4979634987912438, 1.5176653393303337, 1.5367302813499373, 1.5551162984117564, 1.5727431089012218, 1.589612329702312, 1.6057016906417023, 1.621001924649821, 1.635589682014747, 1.6495032206456117, 1.662747761231781, 1.675348566809943, 1.687352645660501, 1.6988369510779742, 1.709881223589422, 1.7204333734871373, 1.7305249057505396, 1.74031382341605, 1.7497744487102764, 1.7588298276066614, 1.7678316588648897, 1.7765796525065665, 1.7851761847264773, 1.7936497087833922, 1.8019895128792023, 1.810162657030067, 1.8182232193972256, 1.8261494925035997, 1.834045176806869, 1.8419069260732779, 1.8497309876970767, 1.8575407339600873, 1.8652723658450434, 1.872991395874166, 1.8806510581838018, 1.888303165770126, 1.8960307999376667, 1.903609694529181, 1.9112893880531754, 1.9189727568067925, 1.926570399479897, 1.9342711709286557, 1.9419181456540462, 1.949547824495566, 1.9570595814127558, 1.964437237660621, 1.9717744719306045, 1.979047406051728, 1.9862166411531146, 1.9932507531285724, 2.000170954313582, 2.0069746746085175, 2.0133496910705393, 2.0195220892134005, 2.0252625206193966, 2.030811238190491, 2.0358599912750557, 2.0405877381272206, 2.0448952467596273, 2.048766839092658, 2.0521514761477153, 2.0550515802961793, 2.057282275427125, 2.0588082674660337, 2.0597550500933735, 2.060118600748105],
                                   'mu_dns': [0.002531645569620253, 0.0025249163757530796, 0.0025177762235844884, 0.002510205469177133, 0.0025021847713437282, 0.002493695407338433, 0.00248471965390931, 0.002475241244878254, 0.0024652459163109555, 0.0024547220465672755, 0.002443661362540815, 0.0024320551915190175, 0.002419889762429199, 0.00240715215238648, 0.0023938313861418, 0.002379920433659149, 0.002365428349258079, 0.0023503782393331416, 0.0023348043247142882, 0.0023187478998018428, 0.002302246231452505, 0.00228534414098153, 0.002268100531030247, 0.002250598890694744, 0.002232944201872561, 0.002215239462412331, 0.002197562278659529, 0.002179998575599579, 0.002162660373511192, 0.0021456763255603456, 0.002129127892974737, 0.0021130617199596733, 0.00209754781564134, 0.0020826699122229544, 0.0020684845857539044, 0.0020550145280502155, 0.002042227311093239, 0.002030118869363477, 0.002018710346372041, 0.0020079703378388775, 0.00199788493473346, 0.001988433810653222, 0.001979546570190397, 0.0019711801651611867, 0.0019633137967077336, 0.0019559165213849784, 0.0019489467620861802, 0.0019423480549879124, 0.001936064994779644, 0.0019301185074816138, 0.0019244825491567333, 0.0019190625017558886, 0.0019138675069052457, 0.0019089343519811679, 0.0019040679847862406, 0.00189937432244464, 0.0018947955763466517, 0.0018903146001769077, 0.001885935236138076, 0.0018816727851909583, 0.0018774972285162247, 0.0018734182253795973, 0.0018693812819422103, 0.001865387507194614, 0.001861438183440456, 0.0018575209955521723, 0.0018536672468523138, 0.0018498436078857724, 0.0018460726706647562, 0.0018423283865583362, 0.0018385701734369086, 0.0018349065478140297, 0.0018312164463289034, 0.001827546768617689, 0.001823939642793739, 0.001820305263536403, 0.001816717687263673, 0.0018131592824952847, 0.0018096762239227177, 0.001806274810052685, 0.0018029109837838825, 0.0017995951152714777, 0.0017963443662274649, 0.0017931719467923967, 0.0017900672465447972, 0.0017870304727232603, 0.0017841990269131251, 0.001781470357967369, 0.0017789438546022547, 0.0017765119179165155, 0.001774307754158442, 0.0017722511549488056, 0.0017703835747903312, 0.001768710020597735, 0.0017672508417897015, 0.001766003422744849, 0.0017650457311990519, 0.0017643914825596005, 0.001763985927731215, 0.0017638302749125323],
                                   'rho_dns': [1.0, 0.9946910019767999, 0.9890732294071906, 0.9831340418953766, 0.9768613894870852, 0.9702440813142185, 0.9632721001235824, 0.9559369688545546, 0.9482321746862007, 0.940153652349083, 0.9317003003662432, 0.922871095228123, 0.9136615647818621, 0.9040683711563811, 0.894090138740933, 0.8837289187373067, 0.8729990802557999, 0.8619254543438966, 0.8505408353947763, 0.838882739157902, 0.8269851912397687, 0.8148870334101709, 0.8026362899425828, 0.79029710710441, 0.7779468611487178, 0.7656592787761998, 0.7534884070988276, 0.7414922410248665, 0.7297445105175475, 0.7183276936472945, 0.7072902808439308, 0.6966562795938025, 0.6864642595396466, 0.6767606161205697, 0.6675730088262718, 0.6589067919553646, 0.6507322801770733, 0.6430387238699139, 0.6358317479442895, 0.629084199533902, 0.6227806857451587, 0.616902413743911, 0.6114002863897888, 0.6062431327709699, 0.6014141310641066, 0.5968907126617331, 0.5926443429426442, 0.5886380087067588, 0.5848359442773323, 0.5812488965923193, 0.5778593516204228, 0.57460900818285, 0.571502230322931, 0.568559836946111, 0.565664719819585, 0.5628793499852964, 0.5601687993351866, 0.5575224611043402, 0.5549421863183928, 0.5524365427141776, 0.5499874764175096, 0.5476002945569522, 0.5452428395144725, 0.5429155978754467, 0.5406191530829055, 0.5383462024372957, 0.536114734936825, 0.5339052823215337, 0.531730751246182, 0.5295759802384061, 0.5274175926007508, 0.525317770167865, 0.523207006877484, 0.5211121400514405, 0.519057076902024, 0.5169905931648113, 0.5149547637926808, 0.5129394557216077, 0.5109706467281508, 0.5090516412684504, 0.5071573926103626, 0.5052936058742709, 0.5034697521310876, 0.5016930250398336, 0.49995726507446436, 0.498262390976638, 0.49668470630567885, 0.4951666561812641, 0.4937631491319776, 0.49241405660677146, 0.4911929132089784, 0.49005489022381593, 0.48902260474448045, 0.48809848974462716, 0.4872934632862449, 0.48660579110908614, 0.48607816824377387, 0.48571788631429613, 0.48549462226329665, 0.4854089466678584]},
                      'case': 'T61_CReStar_tauCPrStar',
                      'constant_Sq_heat': 0.04443037974683545,
                      'use_visc_heating': False,
                      'Pr_turb': 1.0,
                      'fprint': '<function '
                                'Build_arguments_fi_run._mk_args_MK_solver.<locals>.<lambda> '
                                'at 0x7f87f535a940>',
                      'compressible_correction': False,
                      'bool_solve_energy': False,
                      'output_last': False},
  'u_imp': 100,
  'k_imp': 1,
  'e_imp': 1,
  'solve_sparse_adj': True,
  'all_ref_beta_distrib': {'K': [1.0, 0.9998546, 0.99966573, 0.99942845, 0.99913989, 0.99879811, 0.99840229, 0.99795317, 0.99745349, 0.99690859, 0.99632704, 0.99572124, 0.99510812, 0.99450993, 0.99395496, 0.99347839, 0.9931232, 0.992941, 0.99299275, 0.99334902, 0.9940894, 0.99529996, 0.99706704, 0.99946703, 1.00255487, 1.00635589, 1.01086177, 1.01602771, 1.0217704, 1.02796842, 1.03446814, 1.04109118, 1.04763985, 1.05390452, 1.05967483, 1.06474965, 1.06894862, 1.07211175, 1.07410458, 1.07483148, 1.07423115, 1.0722808, 1.06899879, 1.06443519, 1.05867197, 1.05182216, 1.04403123, 1.03547667, 1.02636617, 1.01694026, 1.00748676, 0.99833717, 0.98985385, 0.98241209, 0.9763527, 0.97196934, 0.96946792, 0.96895673, 0.97044667, 0.97385868, 0.97902125, 0.98567698, 0.9934754, 1.00199664, 1.01077844, 1.01934529, 1.02721915, 1.03393766, 1.03908736, 1.04239422, 1.04382599, 1.04358326, 1.04206098, 1.03974424, 1.03722588, 1.03513408, 1.03405817, 1.03450718, 1.03682433, 1.0410293, 1.04663041, 1.05269684, 1.05809973, 1.06174241, 1.06279476, 1.06111636, 1.05717907, 1.05141181, 1.04372022, 1.03367851, 1.02104345, 1.00630847, 0.99097473, 0.97704155, 0.96625198, 0.95949051, 0.956568, 0.95632114, 0.95710566, 0.97876294], 'E': [1.0, 1.0000674, 1.0001083, 1.00015486, 1.000207, 1.00026428, 1.00032576, 1.00038985, 1.0004541, 1.00051498, 1.00056759, 1.00060531, 1.00061937, 1.00059831, 1.00052743, 1.00038822, 1.00015845, 0.9998134, 0.99932931, 0.9986878, 0.99787397, 0.99685746, 0.99556149, 0.9938616, 0.9916413, 0.98883377, 0.98538767, 0.9812427, 0.97634388, 0.97065374, 0.96415652, 0.95686261, 0.94881644, 0.94010393, 0.93085757, 0.92126408, 0.91157064, 0.90210775, 0.8933099, 0.88572713, 0.88006355, 0.87720694, 0.87826076, 0.88459584, 0.89787983, 0.92009654, 0.95354443, 1.00087978, 1.06519585, 1.14889765, 1.24946334, 1.35571043, 1.45104142, 1.52137454, 1.5601543, 1.56762446, 1.54826297, 1.50802886, 1.45278113, 1.38759101, 1.31665553, 1.24342441, 1.17081244, 1.10130007, 1.03697899, 0.97958489, 0.93055415, 0.89101404, 0.86168488, 0.84266792, 0.8332669, 0.83210236, 0.83739515, 0.8471968, 0.85948487, 0.87241708, 0.88446045, 0.89451232, 0.90196998, 0.9068631, 0.90992873, 0.91233123, 0.91528184, 0.91976556, 0.92633648, 0.93479172, 0.9443937, 0.95457565, 0.96532046, 0.97691203, 0.98945363, 1.00244783, 1.01466745, 1.02467025, 1.03141558, 1.03466117, 1.03500121, 1.03367507, 1.03213404, 1.01575578]},
  'all_ref_delta_distrib': {'K': [-0.0, 0.004437823854331137, 0.010406643396754508, 0.01818342719266441, 0.028022325657256365, 0.04019389921351029, 0.05498394663211395, 0.07268201919033658, 0.09356561133568335, 0.11787176409324175, 0.1457566683950313, 0.1772405180948454, 0.21212676766542693, 0.2498906215226674, 0.2895347055643842, 0.32939752466585964, 0.3669163497009546, 0.39834868386684685, 0.41847132245106783, 0.42030753427722783, 0.3949485197402994, 0.33159871538402225, 0.21802444870266166, 0.04162227102502365, -0.2087789405943959, -0.5406429371000099, -0.9555198803682236, -1.4473734097460946, -2.0018603085774407, -2.5968959959855225, -3.2045819539542477, -3.7940135479918022, -4.3342921508728285, -4.797294136575768, -5.159961864954827, -5.4057727443339845, -5.52551030810191, -5.517055008370648, -5.384904526636152, -5.139571788523364, -4.796275776980201, -4.373763122561232, -3.8929320177548083, -3.375368791289906, -2.842201877171879, -2.312941786295822, -1.8047342400098818, -1.3317098807116186, -0.9045711871951517, -0.5306154773252636, -0.2141120472105466, 0.04347334144258395, 0.24310933976925078, 0.3876326856025804, 0.481406342142612, 0.529583241001822, 0.5379037068293826, 0.5123807744636142, 0.45902421426270645, 0.3836577290269695, 0.2919920336016864, 0.18966514095409898, 0.08241472202856355, -0.02410706769146866, -0.1245765679300616, -0.21422204519368318, -0.28886250569166533, -0.34503625357198847, -0.3803488129939392, -0.39425017040135535, -0.3887420017060339, -0.36792739998336826, -0.33707319036051553, -0.3015608245513824, -0.26671891915873297, -0.23705920672632733, -0.21583633310110986, -0.20484988333832665, -0.2042353999081479, -0.21200747440974912, -0.2237972038853484, -0.23411406653498898, -0.2380345841919946, -0.23230609613880362, -0.21598147106767637, -0.19121206283216427, -0.16190218112982008, -0.13103743839211446, -0.09977116126905837, -0.06844379458834589, -0.03790284592262262, -0.01003034684409525, 0.012637082890382225, 0.028310132050978952, 0.036781613527506855, 0.03935475151351359, 0.038166227847220575, 0.035477838871920415, 0.03312571951639764, 0.016119535637873248], 'E': [-0.0, -0.045471323684170124, -0.09947738742350343, -0.1629123971178215, -0.23656801055085733, -0.32098038627477654, -0.41620606647214115, -0.5215237892204929, -0.6349649069046917, -0.7526876715337247, -0.868056627865552, -0.9703523298611274, -1.0429764813778888, -1.060963438098292, -0.9877112793443424, -0.7704522999369862, -0.3347805931217142, 0.4224372279445513, 1.6411302553457552, 3.5066177769065736, 6.258263623432029, 10.195373558774966, 15.67701289072961, 23.10483450227097, 32.87956912868181, 45.33394796578612, 60.660137932691335, 78.84126048333792, 99.5989470937216, 122.37156395390578, 146.3362192245021, 170.4664148914147, 193.6101526968742, 214.5773698516188, 232.228266380429, 245.54625001884855, 253.69915618676848, 256.06859943761236, 252.27524559582577, 242.20392255300735, 225.99740463573127, 204.05469659743576, 177.01269324307054, 145.71282150139655, 111.16788137842805, 74.50346814120958, 36.88944393735036, -0.5922086277549371, -37.08111778294028, -71.45958245097661, -101.10974048290223, -122.15942582978072, -132.0115263891592, -131.0888329922894, -122.11033930887564, -108.3790497743451, -92.64190752965217, -76.74544873406053, -61.74558258732783, -48.14663051926942, -36.1248292635019, -25.689953355545615, -16.779793785026875, -9.3101761149436, -3.1922382832961924, 1.6598372069403742, 5.325919552006662, 7.886195041888082, 9.434811529189451, 10.097107243519183, 10.038458969987236, 9.450847989637476, 8.523471363281654, 7.428232579812216, 6.3092867508371615, 5.26992141743498, 4.373873010277282, 3.6466699270698104, 3.083895470464267, 2.656764785160466, 2.320568907751696, 2.0309237286166266, 1.7556804897672673, 1.4788214725029492, 1.1996241708545414, 0.9315871070863494, 0.6917260480562879, 0.4881644713847758, 0.31943179204373945, 0.18082962780978154, 0.0697296992806248, -0.01357923332722177, -0.06800626767954125, -0.09556352995875152, -0.1021430763024503, -0.09569033607226471, -0.08374170879291915, -0.07198851979064365, -0.06390521460321098, -0.030574212415090837]},
  'fname_print': '/media/rafael/DATA/Dropbox/20220924_FIML_solver/data/output/field_inversion/Beta_k__1__Beta_e__1/u_imp_100/FI_run_T61_CReStar_tauCPrStar_u_imp_100_k_imp_1_e_imp_1/FI_run_T61_CReStar_tauCPrStar_u_imp_100_k_imp_1_e_imp_1.log',
  'folder': '/media/rafael/DATA/Dropbox/20220924_FIML_solver/data/output/field_inversion/Beta_k__1__Beta_e__1/u_imp_100/FI_run_T61_CReStar_tauCPrStar_u_imp_100_k_imp_1_e_imp_1',
  'iters_limit': 15000}
# End_Input_Arguments

# ------------------------------------------------------------------------
#                  Iterations
# ------------------------------------------------------------------------

iter:      0 (Jcost: 2.547808e+01) (lr = 1.000e-03) (elapsed time:  0.001) (secs/iter:   None) (n_accepted: 0%) (u_error:  7.778034 %) (beta_change: 32.122797 %) (delta_change:  5.142278 %) (delta_peak/R:  0.000000 %)
-> Saved file: /media/rafael/DATA/Dropbox/20220924_FIML_solver/data/output/field_inversion/Beta_k__1__Beta_e__1/u_imp_100/FI_run_T61_CReStar_tauCPrStar_u_imp_100_k_imp_1_e_imp_1/FI_run_T61_CReStar_tauCPrStar_u_imp_100_k_imp_1_e_imp_1_state_iter_0.dat
iter:    100 (Jcost: 2.057636e-01) (lr = 2.373e-02) (elapsed time: 136.447) (secs/iter:  1.364) (n_accepted: 83%) (u_error:  0.815951 %) (beta_change: 28.996070 %) (delta_change:  3.198135 %) (delta_peak/R:  6.298067 %)
iter:    200 (Jcost: 1.368458e-01) (lr = 2.037e-02) (elapsed time: 254.311) (secs/iter:  1.179) (n_accepted: 79%) (u_error:  0.455621 %) (beta_change: 27.810247 %) (delta_change:  2.530854 %) (delta_peak/R:  6.456813 %)
iter:    300 (Jcost: 1.230185e-01) (lr = 3.036e-03) (elapsed time: 371.981) (secs/iter:  1.177) (n_accepted: 77%) (u_error:  0.421046 %) (beta_change: 27.518921 %) (delta_change:  2.198820 %) (delta_peak/R:  6.306847 %)
iter:    400 (Jcost: 1.151978e-01) (lr = 2.606e-03) (elapsed time: 488.851) (secs/iter:  1.169) (n_accepted: 79%) (u_error:  0.395929 %) (beta_change: 27.227507 %) (delta_change:  2.072549 %) (delta_peak/R:  6.147282 %)
iter:    500 (Jcost: 1.102852e-01) (lr = 9.321e-04) (elapsed time: 606.073) (secs/iter:  1.172) (n_accepted: 78%) (u_error:  0.382839 %) (beta_change: 26.985120 %) (delta_change:  1.983887 %) (delta_peak/R:  6.031534 %)
-> Saved file: /media/rafael/DATA/Dropbox/20220924_FIML_solver/data/output/field_inversion/Beta_k__1__Beta_e__1/u_imp_100/FI_run_T61_CReStar_tauCPrStar_u_imp_100_k_imp_1_e_imp_1/FI_run_T61_CReStar_tauCPrStar_u_imp_100_k_imp_1_e_imp_1_state_iter_500.dat
iter:    600 (Jcost: 1.072660e-01) (lr = 8.001e-04) (elapsed time: 729.531) (secs/iter:  1.235) (n_accepted: 79%) (u_error:  0.378438 %) (beta_change: 26.804787 %) (delta_change:  1.919765 %) (delta_peak/R:  5.928933 %)
iter:    700 (Jcost: 1.050875e-01) (lr = 6.868e-04) (elapsed time: 844.715) (secs/iter:  1.152) (n_accepted: 79%) (u_error:  0.377464 %) (beta_change: 26.636252 %) (delta_change:  1.882166 %) (delta_peak/R:  5.841956 %)
iter:    800 (Jcost: 1.035400e-01) (lr = 8.150e-03) (elapsed time: 956.875) (secs/iter:  1.122) (n_accepted: 82%) (u_error:  0.374141 %) (beta_change: 26.509922 %) (delta_change:  1.852656 %) (delta_peak/R:  5.774978 %)
iter:    900 (Jcost: 1.021527e-01) (lr = 1.215e-03) (elapsed time: 1070.046) (secs/iter:  1.132) (n_accepted: 77%) (u_error:  0.372446 %) (beta_change: 26.361923 %) (delta_change:  1.830147 %) (delta_peak/R:  5.721885 %)
iter:   1000 (Jcost: 1.008813e-01) (lr = 4.344e-04) (elapsed time: 1183.662) (secs/iter:  1.136) (n_accepted: 78%) (u_error:  0.371613 %) (beta_change: 26.194483 %) (delta_change:  1.819825 %) (delta_peak/R:  5.670205 %)
-> Saved file: /media/rafael/DATA/Dropbox/20220924_FIML_solver/data/output/field_inversion/Beta_k__1__Beta_e__1/u_imp_100/FI_run_T61_CReStar_tauCPrStar_u_imp_100_k_imp_1_e_imp_1/FI_run_T61_CReStar_tauCPrStar_u_imp_100_k_imp_1_e_imp_1_state_iter_1000.dat
iter:   1100 (Jcost: 9.984354e-02) (lr = 1.237e-02) (elapsed time: 1277.117) (secs/iter:  0.935) (n_accepted: 83%) (u_error:  0.370229 %) (beta_change: 26.028320 %) (delta_change:  1.807640 %) (delta_peak/R:  5.621858 %)
iter:   1200 (Jcost: 9.899054e-02) (lr = 4.425e-03) (elapsed time: 1352.632) (secs/iter:  0.755) (n_accepted: 78%) (u_error:  0.369220 %) (beta_change: 25.863148 %) (delta_change:  1.793632 %) (delta_peak/R:  5.580043 %)
iter:   1300 (Jcost: 9.815057e-02) (lr = 1.583e-03) (elapsed time: 1453.905) (secs/iter:  1.013) (n_accepted: 78%) (u_error:  0.368306 %) (beta_change: 25.668111 %) (delta_change:  1.777229 %) (delta_peak/R:  5.537199 %)
iter:   1400 (Jcost: 9.756791e-02) (lr = 7.826e-03) (elapsed time: 1564.719) (secs/iter:  1.108) (n_accepted: 81%) (u_error:  0.368162 %) (beta_change: 25.505253 %) (delta_change:  1.764199 %) (delta_peak/R:  5.507753 %)
iter:   1500 (Jcost: 9.705058e-02) (lr = 4.859e-04) (elapsed time: 1668.213) (secs/iter:  1.035) (n_accepted: 76%) (u_error:  0.367083 %) (beta_change: 25.346718 %) (delta_change:  1.750716 %) (delta_peak/R:  5.478711 %)
-> Saved file: /media/rafael/DATA/Dropbox/20220924_FIML_solver/data/output/field_inversion/Beta_k__1__Beta_e__1/u_imp_100/FI_run_T61_CReStar_tauCPrStar_u_imp_100_k_imp_1_e_imp_1/FI_run_T61_CReStar_tauCPrStar_u_imp_100_k_imp_1_e_imp_1_state_iter_1500.dat
iter:   1600 (Jcost: 9.660181e-02) (lr = 2.403e-03) (elapsed time: 1780.849) (secs/iter:  1.126) (n_accepted: 81%) (u_error:  0.365854 %) (beta_change: 25.182931 %) (delta_change:  1.735982 %) (delta_peak/R:  5.451225 %)
iter:   1700 (Jcost: 9.618367e-02) (lr = 2.851e-02) (elapsed time: 1887.815) (secs/iter:  1.070) (n_accepted: 82%) (u_error:  0.365661 %) (beta_change: 25.020093 %) (delta_change:  1.720625 %) (delta_peak/R:  5.429940 %)
iter:   1800 (Jcost: 9.582125e-02) (lr = 1.020e-02) (elapsed time: 1991.268) (secs/iter:  1.035) (n_accepted: 78%) (u_error:  0.365619 %) (beta_change: 24.862084 %) (delta_change:  1.705234 %) (delta_peak/R:  5.411759 %)
iter:   1900 (Jcost: 9.549064e-02) (lr = 3.647e-03) (elapsed time: 2092.586) (secs/iter:  1.013) (n_accepted: 78%) (u_error:  0.365246 %) (beta_change: 24.702015 %) (delta_change:  1.691032 %) (delta_peak/R:  5.393996 %)
iter:   2000 (Jcost: 9.516163e-02) (lr = 5.435e-04) (elapsed time: 2202.417) (secs/iter:  1.098) (n_accepted: 77%) (u_error:  0.364839 %) (beta_change: 24.527840 %) (delta_change:  1.675815 %) (delta_peak/R:  5.376426 %)
-> Saved file: /media/rafael/DATA/Dropbox/20220924_FIML_solver/data/output/field_inversion/Beta_k__1__Beta_e__1/u_imp_100/FI_run_T61_CReStar_tauCPrStar_u_imp_100_k_imp_1_e_imp_1/FI_run_T61_CReStar_tauCPrStar_u_imp_100_k_imp_1_e_imp_1_state_iter_2000.dat
iter:   2100 (Jcost: 9.485524e-02) (lr = 4.666e-04) (elapsed time: 2316.128) (secs/iter:  1.137) (n_accepted: 79%) (u_error:  0.364462 %) (beta_change: 24.350960 %) (delta_change:  1.659955 %) (delta_peak/R:  5.360363 %)
iter:   2200 (Jcost: 9.457368e-02) (lr = 5.536e-03) (elapsed time: 2417.185) (secs/iter:  1.011) (n_accepted: 82%) (u_error:  0.364132 %) (beta_change: 24.175294 %) (delta_change:  1.643887 %) (delta_peak/R:  5.345935 %)
iter:   2300 (Jcost: 9.434140e-02) (lr = 1.980e-03) (elapsed time: 2524.210) (secs/iter:  1.070) (n_accepted: 78%) (u_error:  0.363933 %) (beta_change: 24.019960 %) (delta_change:  1.629428 %) (delta_peak/R:  5.334604 %)
iter:   2400 (Jcost: 9.412710e-02) (lr = 7.083e-04) (elapsed time: 2632.136) (secs/iter:  1.079) (n_accepted: 78%) (u_error:  0.363703 %) (beta_change: 23.868008 %) (delta_change:  1.615119 %) (delta_peak/R:  5.324224 %)
iter:   2500 (Jcost: 9.386432e-02) (lr = 1.459e-03) (elapsed time: 2732.769) (secs/iter:  1.006) (n_accepted: 80%) (u_error:  0.363619 %) (beta_change: 23.669311 %) (delta_change:  1.596194 %) (delta_peak/R:  5.312464 %)
-> Saved file: /media/rafael/DATA/Dropbox/20220924_FIML_solver/data/output/field_inversion/Beta_k__1__Beta_e__1/u_imp_100/FI_run_T61_CReStar_tauCPrStar_u_imp_100_k_imp_1_e_imp_1/FI_run_T61_CReStar_tauCPrStar_u_imp_100_k_imp_1_e_imp_1_state_iter_2500.dat
iter:   2600 (Jcost: 9.372696e-02) (lr = 5.219e-04) (elapsed time: 2823.945) (secs/iter:  0.912) (n_accepted: 78%) (u_error:  0.363353 %) (beta_change: 23.561335 %) (delta_change:  1.585846 %) (delta_peak/R:  5.305785 %)
iter:   2700 (Jcost: 9.359577e-02) (lr = 6.193e-03) (elapsed time: 2904.351) (secs/iter:  0.804) (n_accepted: 82%) (u_error:  0.363188 %) (beta_change: 23.454024 %) (delta_change:  1.575508 %) (delta_peak/R:  5.299792 %)
iter:   2800 (Jcost: 9.337554e-02) (lr = 9.229e-04) (elapsed time: 3013.863) (secs/iter:  1.095) (n_accepted: 77%) (u_error:  0.362880 %) (beta_change: 23.266044 %) (delta_change:  1.558252 %) (delta_peak/R:  5.289867 %)
iter:   2900 (Jcost: 9.319241e-02) (lr = 7.922e-04) (elapsed time: 3114.172) (secs/iter:  1.003) (n_accepted: 79%) (u_error:  0.362845 %) (beta_change: 23.102353 %) (delta_change:  1.543888 %) (delta_peak/R:  5.282950 %)
iter:   3000 (Jcost: 9.300587e-02) (lr = 9.401e-03) (elapsed time: 3207.749) (secs/iter:  0.936) (n_accepted: 82%) (u_error:  0.362461 %) (beta_change: 22.927701 %) (delta_change:  1.528495 %) (delta_peak/R:  5.274864 %)
-> Saved file: /media/rafael/DATA/Dropbox/20220924_FIML_solver/data/output/field_inversion/Beta_k__1__Beta_e__1/u_imp_100/FI_run_T61_CReStar_tauCPrStar_u_imp_100_k_imp_1_e_imp_1/FI_run_T61_CReStar_tauCPrStar_u_imp_100_k_imp_1_e_imp_1_state_iter_3000.dat
iter:   3100 (Jcost: 9.284181e-02) (lr = 1.937e-02) (elapsed time: 3321.962) (secs/iter:  1.142) (n_accepted: 80%) (u_error:  0.362731 %) (beta_change: 22.767206 %) (delta_change:  1.514219 %) (delta_peak/R:  5.270022 %)
iter:   3200 (Jcost: 9.270626e-02) (lr = 2.886e-03) (elapsed time: 3430.334) (secs/iter:  1.084) (n_accepted: 77%) (u_error:  0.362256 %) (beta_change: 22.633368 %) (delta_change:  1.502334 %) (delta_peak/R:  5.263814 %)
iter:   3300 (Jcost: 9.258615e-02) (lr = 1.427e-02) (elapsed time: 3540.872) (secs/iter:  1.105) (n_accepted: 81%) (u_error:  0.362158 %) (beta_change: 22.509783 %) (delta_change:  1.491299 %) (delta_peak/R:  5.259477 %)
iter:   3400 (Jcost: 9.243810e-02) (lr = 1.225e-02) (elapsed time: 3648.154) (secs/iter:  1.073) (n_accepted: 79%) (u_error:  0.362168 %) (beta_change: 22.353442 %) (delta_change:  1.477298 %) (delta_peak/R:  5.254701 %)
iter:   3500 (Jcost: 9.228436e-02) (lr = 4.381e-03) (elapsed time: 3750.832) (secs/iter:  1.027) (n_accepted: 78%) (u_error:  0.362013 %) (beta_change: 22.185806 %) (delta_change:  1.462274 %) (delta_peak/R:  5.249288 %)
-> Saved file: /media/rafael/DATA/Dropbox/20220924_FIML_solver/data/output/field_inversion/Beta_k__1__Beta_e__1/u_imp_100/FI_run_T61_CReStar_tauCPrStar_u_imp_100_k_imp_1_e_imp_1/FI_run_T61_CReStar_tauCPrStar_u_imp_100_k_imp_1_e_imp_1_state_iter_3500.dat
iter:   3600 (Jcost: 9.213316e-02) (lr = 1.567e-03) (elapsed time: 3863.651) (secs/iter:  1.128) (n_accepted: 78%) (u_error:  0.361851 %) (beta_change: 22.015724 %) (delta_change:  1.447011 %) (delta_peak/R:  5.244052 %)
iter:   3700 (Jcost: 9.200715e-02) (lr = 5.605e-04) (elapsed time: 3966.692) (secs/iter:  1.030) (n_accepted: 78%) (u_error:  0.361783 %) (beta_change: 21.870140 %) (delta_change:  1.433932 %) (delta_peak/R:  5.240019 %)
iter:   3800 (Jcost: 9.187417e-02) (lr = 2.771e-03) (elapsed time: 4068.917) (secs/iter:  1.022) (n_accepted: 81%) (u_error:  0.361208 %) (beta_change: 21.703411 %) (delta_change:  1.419000 %) (delta_peak/R:  5.233872 %)
iter:   3900 (Jcost: 9.175224e-02) (lr = 3.288e-02) (elapsed time: 4172.208) (secs/iter:  1.033) (n_accepted: 82%) (u_error:  0.361655 %) (beta_change: 21.564413 %) (delta_change:  1.406466 %) (delta_peak/R:  5.232123 %)
iter:   4000 (Jcost: 9.164982e-02) (lr = 3.545e-04) (elapsed time: 4275.731) (secs/iter:  1.035) (n_accepted: 74%) (u_error:  0.361587 %) (beta_change: 21.437397 %) (delta_change:  1.395066 %) (delta_peak/R:  5.228976 %)
-> Saved file: /media/rafael/DATA/Dropbox/20220924_FIML_solver/data/output/field_inversion/Beta_k__1__Beta_e__1/u_imp_100/FI_run_T61_CReStar_tauCPrStar_u_imp_100_k_imp_1_e_imp_1/FI_run_T61_CReStar_tauCPrStar_u_imp_100_k_imp_1_e_imp_1_state_iter_4000.dat
iter:   4100 (Jcost: 9.152683e-02) (lr = 1.010e-02) (elapsed time: 4382.299) (secs/iter:  1.066) (n_accepted: 83%) (u_error:  0.361656 %) (beta_change: 21.279675 %) (delta_change:  1.380908 %) (delta_peak/R:  5.225743 %)
iter:   4200 (Jcost: 9.142794e-02) (lr = 2.080e-02) (elapsed time: 4486.266) (secs/iter:  1.040) (n_accepted: 80%) (u_error:  0.361380 %) (beta_change: 21.154041 %) (delta_change:  1.369678 %) (delta_peak/R:  5.222114 %)
iter:   4300 (Jcost: 9.133141e-02) (lr = 7.439e-03) (elapsed time: 4590.910) (secs/iter:  1.046) (n_accepted: 78%) (u_error:  0.361277 %) (beta_change: 21.027061 %) (delta_change:  1.358656 %) (delta_peak/R:  5.219144 %)
iter:   4400 (Jcost: 9.120059e-02) (lr = 1.109e-03) (elapsed time: 4673.606) (secs/iter:  0.827) (n_accepted: 77%) (u_error:  0.361264 %) (beta_change: 20.851247 %) (delta_change:  1.344001 %) (delta_peak/R:  5.215604 %)
iter:   4500 (Jcost: 9.109766e-02) (lr = 3.965e-04) (elapsed time: 4765.165) (secs/iter:  0.916) (n_accepted: 78%) (u_error:  0.361132 %) (beta_change: 20.710244 %) (delta_change:  1.332263 %) (delta_peak/R:  5.212444 %)
-> Saved file: /media/rafael/DATA/Dropbox/20220924_FIML_solver/data/output/field_inversion/Beta_k__1__Beta_e__1/u_imp_100/FI_run_T61_CReStar_tauCPrStar_u_imp_100_k_imp_1_e_imp_1/FI_run_T61_CReStar_tauCPrStar_u_imp_100_k_imp_1_e_imp_1_state_iter_4500.dat
iter:   4600 (Jcost: 9.098634e-02) (lr = 8.169e-04) (elapsed time: 4856.749) (secs/iter:  0.916) (n_accepted: 80%) (u_error:  0.361132 %) (beta_change: 20.555712 %) (delta_change:  1.319277 %) (delta_peak/R:  5.209553 %)
iter:   4700 (Jcost: 9.087473e-02) (lr = 5.584e-02) (elapsed time: 4957.540) (secs/iter:  1.008) (n_accepted: 84%) (u_error:  0.360807 %) (beta_change: 20.397802 %) (delta_change:  1.305962 %) (delta_peak/R:  5.205543 %)
iter:   4800 (Jcost: 9.078727e-02) (lr = 1.997e-02) (elapsed time: 5059.201) (secs/iter:  1.017) (n_accepted: 78%) (u_error:  0.361017 %) (beta_change: 20.273857 %) (delta_change:  1.295473 %) (delta_peak/R:  5.204078 %)
iter:   4900 (Jcost: 9.071343e-02) (lr = 1.240e-03) (elapsed time: 5168.114) (secs/iter:  1.089) (n_accepted: 76%) (u_error:  0.360878 %) (beta_change: 20.167203 %) (delta_change:  1.286490 %) (delta_peak/R:  5.201744 %)
iter:   5000 (Jcost: 9.061069e-02) (lr = 1.472e-02) (elapsed time: 5270.223) (secs/iter:  1.021) (n_accepted: 82%) (u_error:  0.360732 %) (beta_change: 20.015594 %) (delta_change:  1.273732 %) (delta_peak/R:  5.198669 %)
-> Saved file: /media/rafael/DATA/Dropbox/20220924_FIML_solver/data/output/field_inversion/Beta_k__1__Beta_e__1/u_imp_100/FI_run_T61_CReStar_tauCPrStar_u_imp_100_k_imp_1_e_imp_1/FI_run_T61_CReStar_tauCPrStar_u_imp_100_k_imp_1_e_imp_1_state_iter_5000.dat
iter:   5100 (Jcost: 9.051274e-02) (lr = 5.263e-03) (elapsed time: 5365.847) (secs/iter:  0.956) (n_accepted: 78%) (u_error:  0.360806 %) (beta_change: 19.868829 %) (delta_change:  1.261583 %) (delta_peak/R:  5.196509 %)
iter:   5200 (Jcost: 9.041431e-02) (lr = 1.882e-03) (elapsed time: 5469.019) (secs/iter:  1.032) (n_accepted: 78%) (u_error:  0.360693 %) (beta_change: 19.718779 %) (delta_change:  1.249639 %) (delta_peak/R:  5.193704 %)
iter:   5300 (Jcost: 9.033138e-02) (lr = 6.733e-04) (elapsed time: 5555.853) (secs/iter:  0.868) (n_accepted: 78%) (u_error:  0.360621 %) (beta_change: 19.590122 %) (delta_change:  1.239408 %) (delta_peak/R:  5.191434 %)
iter:   5400 (Jcost: 9.026154e-02) (lr = 7.990e-03) (elapsed time: 5657.334) (secs/iter:  1.015) (n_accepted: 82%) (u_error:  0.360635 %) (beta_change: 19.480146 %) (delta_change:  1.230665 %) (delta_peak/R:  5.189786 %)
iter:   5500 (Jcost: 9.018088e-02) (lr = 6.858e-03) (elapsed time: 5759.110) (secs/iter:  1.018) (n_accepted: 79%) (u_error:  0.360067 %) (beta_change: 19.339998 %) (delta_change:  1.219595 %) (delta_peak/R:  5.185694 %)
-> Saved file: /media/rafael/DATA/Dropbox/20220924_FIML_solver/data/output/field_inversion/Beta_k__1__Beta_e__1/u_imp_100/FI_run_T61_CReStar_tauCPrStar_u_imp_100_k_imp_1_e_imp_1/FI_run_T61_CReStar_tauCPrStar_u_imp_100_k_imp_1_e_imp_1_state_iter_5500.dat
iter:   5600 (Jcost: 9.010551e-02) (lr = 1.413e-02) (elapsed time: 5866.135) (secs/iter:  1.070) (n_accepted: 80%) (u_error:  0.360549 %) (beta_change: 19.229602 %) (delta_change:  1.210798 %) (delta_peak/R:  5.185726 %)
iter:   5700 (Jcost: 9.002996e-02) (lr = 5.054e-03) (elapsed time: 5952.934) (secs/iter:  0.868) (n_accepted: 78%) (u_error:  0.360495 %) (beta_change: 19.105810 %) (delta_change:  1.201005 %) (delta_peak/R:  5.183728 %)
iter:   5800 (Jcost: 8.994138e-02) (lr = 3.138e-04) (elapsed time: 6037.355) (secs/iter:  0.844) (n_accepted: 76%) (u_error:  0.360403 %) (beta_change: 18.958586 %) (delta_change:  1.189381 %) (delta_peak/R:  5.181297 %)
iter:   5900 (Jcost: 8.985180e-02) (lr = 3.724e-03) (elapsed time: 6135.303) (secs/iter:  0.979) (n_accepted: 82%) (u_error:  0.360507 %) (beta_change: 18.805250 %) (delta_change:  1.177280 %) (delta_peak/R:  5.179493 %)
iter:   6000 (Jcost: 8.978031e-02) (lr = 7.671e-03) (elapsed time: 6233.690) (secs/iter:  0.984) (n_accepted: 80%) (u_error:  0.360280 %) (beta_change: 18.684435 %) (delta_change:  1.167795 %) (delta_peak/R:  5.177036 %)
-> Saved file: /media/rafael/DATA/Dropbox/20220924_FIML_solver/data/output/field_inversion/Beta_k__1__Beta_e__1/u_imp_100/FI_run_T61_CReStar_tauCPrStar_u_imp_100_k_imp_1_e_imp_1/FI_run_T61_CReStar_tauCPrStar_u_imp_100_k_imp_1_e_imp_1_state_iter_6000.dat
iter:   6100 (Jcost: 8.970514e-02) (lr = 2.744e-03) (elapsed time: 6346.462) (secs/iter:  1.128) (n_accepted: 78%) (u_error:  0.360294 %) (beta_change: 18.553449 %) (delta_change:  1.157505 %) (delta_peak/R:  5.175294 %)
iter:   6200 (Jcost: 8.963229e-02) (lr = 2.355e-03) (elapsed time: 6450.320) (secs/iter:  1.039) (n_accepted: 79%) (u_error:  0.360161 %) (beta_change: 18.425100 %) (delta_change:  1.147458 %) (delta_peak/R:  5.173109 %)
iter:   6300 (Jcost: 8.955254e-02) (lr = 8.424e-04) (elapsed time: 6550.096) (secs/iter:  0.998) (n_accepted: 78%) (u_error:  0.360095 %) (beta_change: 18.282326 %) (delta_change:  1.136298 %) (delta_peak/R:  5.170987 %)
iter:   6400 (Jcost: 8.949438e-02) (lr = 9.996e-03) (elapsed time: 6655.127) (secs/iter:  1.050) (n_accepted: 82%) (u_error:  0.360146 %) (beta_change: 18.176932 %) (delta_change:  1.128066 %) (delta_peak/R:  5.169787 %)
iter:   6500 (Jcost: 8.943188e-02) (lr = 3.575e-03) (elapsed time: 6762.213) (secs/iter:  1.071) (n_accepted: 78%) (u_error:  0.360130 %) (beta_change: 18.062175 %) (delta_change:  1.119128 %) (delta_peak/R:  5.168246 %)
-> Saved file: /media/rafael/DATA/Dropbox/20220924_FIML_solver/data/output/field_inversion/Beta_k__1__Beta_e__1/u_imp_100/FI_run_T61_CReStar_tauCPrStar_u_imp_100_k_imp_1_e_imp_1/FI_run_T61_CReStar_tauCPrStar_u_imp_100_k_imp_1_e_imp_1_state_iter_6500.dat
iter:   6600 (Jcost: 8.936511e-02) (lr = 1.279e-03) (elapsed time: 6872.516) (secs/iter:  1.103) (n_accepted: 78%) (u_error:  0.360062 %) (beta_change: 17.938428 %) (delta_change:  1.109516 %) (delta_peak/R:  5.166430 %)
iter:   6700 (Jcost: 8.929172e-02) (lr = 4.574e-04) (elapsed time: 6974.229) (secs/iter:  1.017) (n_accepted: 78%) (u_error:  0.359976 %) (beta_change: 17.800462 %) (delta_change:  1.098825 %) (delta_peak/R:  5.164390 %)
iter:   6800 (Jcost: 8.921703e-02) (lr = 2.261e-03) (elapsed time: 7078.795) (secs/iter:  1.046) (n_accepted: 81%) (u_error:  0.359693 %) (beta_change: 17.654323 %) (delta_change:  1.087552 %) (delta_peak/R:  5.161589 %)
iter:   6900 (Jcost: 8.916757e-02) (lr = 1.118e-02) (elapsed time: 7183.344) (secs/iter:  1.045) (n_accepted: 81%) (u_error:  0.359900 %) (beta_change: 17.562418 %) (delta_change:  1.080465 %) (delta_peak/R:  5.161173 %)
iter:   7000 (Jcost: 8.911301e-02) (lr = 1.666e-03) (elapsed time: 7287.941) (secs/iter:  1.046) (n_accepted: 77%) (u_error:  0.359844 %) (beta_change: 17.455941 %) (delta_change:  1.072637 %) (delta_peak/R:  5.159679 %)
-> Saved file: /media/rafael/DATA/Dropbox/20220924_FIML_solver/data/output/field_inversion/Beta_k__1__Beta_e__1/u_imp_100/FI_run_T61_CReStar_tauCPrStar_u_imp_100_k_imp_1_e_imp_1/FI_run_T61_CReStar_tauCPrStar_u_imp_100_k_imp_1_e_imp_1_state_iter_7000.dat
iter:   7100 (Jcost: 8.905155e-02) (lr = 5.960e-04) (elapsed time: 7384.244) (secs/iter:  0.963) (n_accepted: 78%) (u_error:  0.359791 %) (beta_change: 17.334603 %) (delta_change:  1.063728 %) (delta_peak/R:  5.158025 %)
iter:   7200 (Jcost: 8.901161e-02) (lr = 2.947e-03) (elapsed time: 7487.226) (secs/iter:  1.030) (n_accepted: 81%) (u_error:  0.359746 %) (beta_change: 17.254884 %) (delta_change:  1.057883 %) (delta_peak/R:  5.156914 %)
iter:   7300 (Jcost: 8.895239e-02) (lr = 2.530e-03) (elapsed time: 7589.241) (secs/iter:  1.020) (n_accepted: 79%) (u_error:  0.359760 %) (beta_change: 17.135871 %) (delta_change:  1.049160 %) (delta_peak/R:  5.155544 %)
iter:   7400 (Jcost: 8.887904e-02) (lr = 3.770e-04) (elapsed time: 7693.930) (secs/iter:  1.047) (n_accepted: 77%) (u_error:  0.359717 %) (beta_change: 16.986254 %) (delta_change:  1.038219 %) (delta_peak/R:  5.153629 %)
iter:   7500 (Jcost: 8.882504e-02) (lr = 4.473e-03) (elapsed time: 7793.497) (secs/iter:  0.996) (n_accepted: 82%) (u_error:  0.359867 %) (beta_change: 16.872218 %) (delta_change:  1.029874 %) (delta_peak/R:  5.152817 %)
-> Saved file: /media/rafael/DATA/Dropbox/20220924_FIML_solver/data/output/field_inversion/Beta_k__1__Beta_e__1/u_imp_100/FI_run_T61_CReStar_tauCPrStar_u_imp_100_k_imp_1_e_imp_1/FI_run_T61_CReStar_tauCPrStar_u_imp_100_k_imp_1_e_imp_1_state_iter_7500.dat
iter:   7600 (Jcost: 8.876869e-02) (lr = 9.216e-03) (elapsed time: 7900.309) (secs/iter:  1.068) (n_accepted: 80%) (u_error:  0.359837 %) (beta_change: 16.754277 %) (delta_change:  1.021278 %) (delta_peak/R:  5.151348 %)
iter:   7700 (Jcost: 8.872484e-02) (lr = 1.899e-02) (elapsed time: 8001.159) (secs/iter:  1.009) (n_accepted: 80%) (u_error:  0.359617 %) (beta_change: 16.664327 %) (delta_change:  1.014753 %) (delta_peak/R:  5.149553 %)
iter:   7800 (Jcost: 8.866592e-02) (lr = 2.829e-03) (elapsed time: 8092.843) (secs/iter:  0.917) (n_accepted: 77%) (u_error:  0.359531 %) (beta_change: 16.538460 %) (delta_change:  1.005612 %) (delta_peak/R:  5.147819 %)
iter:   7900 (Jcost: 8.860692e-02) (lr = 1.012e-03) (elapsed time: 8170.002) (secs/iter:  0.772) (n_accepted: 78%) (u_error:  0.359483 %) (beta_change: 16.410953 %) (delta_change:  0.996365 %) (delta_peak/R:  5.146214 %)
iter:   8000 (Jcost: 8.854460e-02) (lr = 8.687e-04) (elapsed time: 8269.953) (secs/iter:  1.000) (n_accepted: 79%) (u_error:  0.359365 %) (beta_change: 16.273509 %) (delta_change:  0.986424 %) (delta_peak/R:  5.144262 %)
-> Saved file: /media/rafael/DATA/Dropbox/20220924_FIML_solver/data/output/field_inversion/Beta_k__1__Beta_e__1/u_imp_100/FI_run_T61_CReStar_tauCPrStar_u_imp_100_k_imp_1_e_imp_1/FI_run_T61_CReStar_tauCPrStar_u_imp_100_k_imp_1_e_imp_1_state_iter_8000.dat
iter:   8100 (Jcost: 8.849657e-02) (lr = 1.790e-03) (elapsed time: 8366.653) (secs/iter:  0.967) (n_accepted: 80%) (u_error:  0.359627 %) (beta_change: 16.166645 %) (delta_change:  0.978670 %) (delta_peak/R:  5.143983 %)
iter:   8200 (Jcost: 8.845228e-02) (lr = 2.124e-02) (elapsed time: 8464.371) (secs/iter:  0.977) (n_accepted: 82%) (u_error:  0.359435 %) (beta_change: 16.069578 %) (delta_change:  0.971686 %) (delta_peak/R:  5.142246 %)
iter:   8300 (Jcost: 8.840329e-02) (lr = 1.823e-02) (elapsed time: 8565.019) (secs/iter:  1.006) (n_accepted: 79%) (u_error:  0.359352 %) (beta_change: 15.958735 %) (delta_change:  0.963709 %) (delta_peak/R:  5.140740 %)
iter:   8400 (Jcost: 8.835603e-02) (lr = 1.565e-02) (elapsed time: 8661.676) (secs/iter:  0.967) (n_accepted: 79%) (u_error:  0.359377 %) (beta_change: 15.851168 %) (delta_change:  0.955968 %) (delta_peak/R:  5.139654 %)
iter:   8500 (Jcost: 8.830163e-02) (lr = 4.049e-04) (elapsed time: 8764.804) (secs/iter:  1.031) (n_accepted: 75%) (u_error:  0.359342 %) (beta_change: 15.725711 %) (delta_change:  0.946964 %) (delta_peak/R:  5.138174 %)
-> Saved file: /media/rafael/DATA/Dropbox/20220924_FIML_solver/data/output/field_inversion/Beta_k__1__Beta_e__1/u_imp_100/FI_run_T61_CReStar_tauCPrStar_u_imp_100_k_imp_1_e_imp_1/FI_run_T61_CReStar_tauCPrStar_u_imp_100_k_imp_1_e_imp_1_state_iter_8500.dat
iter:   8600 (Jcost: 8.826012e-02) (lr = 2.767e-02) (elapsed time: 8873.931) (secs/iter:  1.091) (n_accepted: 84%) (u_error:  0.359225 %) (beta_change: 15.628359 %) (delta_change:  0.940001 %) (delta_peak/R:  5.136721 %)
iter:   8700 (Jcost: 8.822585e-02) (lr = 4.124e-03) (elapsed time: 8975.688) (secs/iter:  1.018) (n_accepted: 77%) (u_error:  0.359298 %) (beta_change: 15.548403 %) (delta_change:  0.934271 %) (delta_peak/R:  5.136115 %)
iter:   8800 (Jcost: 8.818441e-02) (lr = 1.475e-03) (elapsed time: 9077.650) (secs/iter:  1.020) (n_accepted: 78%) (u_error:  0.359261 %) (beta_change: 15.450186 %) (delta_change:  0.927257 %) (delta_peak/R:  5.134943 %)
iter:   8900 (Jcost: 8.812741e-02) (lr = 5.276e-04) (elapsed time: 9161.473) (secs/iter:  0.838) (n_accepted: 78%) (u_error:  0.359234 %) (beta_change: 15.313586 %) (delta_change:  0.917518 %) (delta_peak/R:  5.133403 %)
iter:   9000 (Jcost: 8.807898e-02) (lr = 3.606e-02) (elapsed time: 9247.892) (secs/iter:  0.864) (n_accepted: 84%) (u_error:  0.359338 %) (beta_change: 15.194326 %) (delta_change:  0.909019 %) (delta_peak/R:  5.132510 %)
-> Saved file: /media/rafael/DATA/Dropbox/20220924_FIML_solver/data/output/field_inversion/Beta_k__1__Beta_e__1/u_imp_100/FI_run_T61_CReStar_tauCPrStar_u_imp_100_k_imp_1_e_imp_1/FI_run_T61_CReStar_tauCPrStar_u_imp_100_k_imp_1_e_imp_1_state_iter_9000.dat
iter:   9100 (Jcost: 8.804344e-02) (lr = 5.374e-03) (elapsed time: 9346.931) (secs/iter:  0.990) (n_accepted: 77%) (u_error:  0.359207 %) (beta_change: 15.109004 %) (delta_change:  0.902974 %) (delta_peak/R:  5.131163 %)
iter:   9200 (Jcost: 8.800463e-02) (lr = 8.008e-04) (elapsed time: 9449.436) (secs/iter:  1.025) (n_accepted: 77%) (u_error:  0.359114 %) (beta_change: 15.013252 %) (delta_change:  0.896195 %) (delta_peak/R:  5.129845 %)
iter:   9300 (Jcost: 8.796535e-02) (lr = 6.874e-04) (elapsed time: 9549.222) (secs/iter:  0.998) (n_accepted: 79%) (u_error:  0.358835 %) (beta_change: 14.909013 %) (delta_change:  0.888849 %) (delta_peak/R:  5.127803 %)
iter:   9400 (Jcost: 8.792267e-02) (lr = 4.699e-02) (elapsed time: 9647.518) (secs/iter:  0.983) (n_accepted: 84%) (u_error:  0.359334 %) (beta_change: 14.802582 %) (delta_change:  0.881267 %) (delta_peak/R:  5.128431 %)
iter:   9500 (Jcost: 8.789173e-02) (lr = 7.002e-03) (elapsed time: 9748.803) (secs/iter:  1.013) (n_accepted: 77%) (u_error:  0.359045 %) (beta_change: 14.729580 %) (delta_change:  0.876152 %) (delta_peak/R:  5.126684 %)
-> Saved file: /media/rafael/DATA/Dropbox/20220924_FIML_solver/data/output/field_inversion/Beta_k__1__Beta_e__1/u_imp_100/FI_run_T61_CReStar_tauCPrStar_u_imp_100_k_imp_1_e_imp_1/FI_run_T61_CReStar_tauCPrStar_u_imp_100_k_imp_1_e_imp_1_state_iter_9500.dat
iter:   9600 (Jcost: 8.785497e-02) (lr = 1.044e-03) (elapsed time: 9858.313) (secs/iter:  1.095) (n_accepted: 77%) (u_error:  0.359084 %) (beta_change: 14.635384 %) (delta_change:  0.869512 %) (delta_peak/R:  5.125857 %)
iter:   9700 (Jcost: 8.781800e-02) (lr = 3.732e-04) (elapsed time: 9963.655) (secs/iter:  1.053) (n_accepted: 78%) (u_error:  0.359000 %) (beta_change: 14.540202 %) (delta_change:  0.862829 %) (delta_peak/R:  5.124600 %)
iter:   9800 (Jcost: 8.779072e-02) (lr = 1.063e-02) (elapsed time: 10060.379) (secs/iter:  0.967) (n_accepted: 83%) (u_error:  0.358994 %) (beta_change: 14.469296 %) (delta_change:  0.857852 %) (delta_peak/R:  5.123860 %)
iter:   9900 (Jcost: 8.774808e-02) (lr = 3.802e-03) (elapsed time: 10161.133) (secs/iter:  1.008) (n_accepted: 78%) (u_error:  0.358952 %) (beta_change: 14.357519 %) (delta_change:  0.850022 %) (delta_peak/R:  5.122589 %)
iter:  10000 (Jcost: 8.770972e-02) (lr = 4.511e-02) (elapsed time: 10258.852) (secs/iter:  0.977) (n_accepted: 82%) (u_error:  0.358815 %) (beta_change: 14.254711 %) (delta_change:  0.842847 %) (delta_peak/R:  5.121086 %)
-> Saved file: /media/rafael/DATA/Dropbox/20220924_FIML_solver/data/output/field_inversion/Beta_k__1__Beta_e__1/u_imp_100/FI_run_T61_CReStar_tauCPrStar_u_imp_100_k_imp_1_e_imp_1/FI_run_T61_CReStar_tauCPrStar_u_imp_100_k_imp_1_e_imp_1_state_iter_10000.dat
iter:  10100 (Jcost: 8.768437e-02) (lr = 1.167e-03) (elapsed time: 10364.080) (secs/iter:  1.052) (n_accepted: 75%) (u_error:  0.358875 %) (beta_change: 14.188196 %) (delta_change:  0.838194 %) (delta_peak/R:  5.120630 %)
iter:  10200 (Jcost: 8.764650e-02) (lr = 1.002e-03) (elapsed time: 10462.899) (secs/iter:  0.988) (n_accepted: 79%) (u_error:  0.358834 %) (beta_change: 14.086251 %) (delta_change:  0.831090 %) (delta_peak/R:  5.119474 %)
iter:  10300 (Jcost: 8.760521e-02) (lr = 8.601e-04) (elapsed time: 10564.818) (secs/iter:  1.019) (n_accepted: 79%) (u_error:  0.358905 %) (beta_change: 13.974221 %) (delta_change:  0.823285 %) (delta_peak/R:  5.118609 %)
iter:  10400 (Jcost: 8.757905e-02) (lr = 4.253e-03) (elapsed time: 10662.214) (secs/iter:  0.974) (n_accepted: 81%) (u_error:  0.358840 %) (beta_change: 13.902812 %) (delta_change:  0.818333 %) (delta_peak/R:  5.117681 %)
iter:  10500 (Jcost: 8.754265e-02) (lr = 1.521e-03) (elapsed time: 10764.319) (secs/iter:  1.021) (n_accepted: 78%) (u_error:  0.358836 %) (beta_change: 13.802336 %) (delta_change:  0.811365 %) (delta_peak/R:  5.116682 %)
-> Saved file: /media/rafael/DATA/Dropbox/20220924_FIML_solver/data/output/field_inversion/Beta_k__1__Beta_e__1/u_imp_100/FI_run_T61_CReStar_tauCPrStar_u_imp_100_k_imp_1_e_imp_1/FI_run_T61_CReStar_tauCPrStar_u_imp_100_k_imp_1_e_imp_1_state_iter_10500.dat
iter:  10600 (Jcost: 8.750497e-02) (lr = 5.440e-04) (elapsed time: 10870.179) (secs/iter:  1.059) (n_accepted: 78%) (u_error:  0.358778 %) (beta_change: 13.697448 %) (delta_change:  0.804113 %) (delta_peak/R:  5.115455 %)
iter:  10700 (Jcost: 8.747943e-02) (lr = 1.549e-02) (elapsed time: 10964.386) (secs/iter:  0.942) (n_accepted: 83%) (u_error:  0.358768 %) (beta_change: 13.625731 %) (delta_change:  0.799159 %) (delta_peak/R:  5.114723 %)
iter:  10800 (Jcost: 8.744297e-02) (lr = 2.309e-03) (elapsed time: 11062.482) (secs/iter:  0.981) (n_accepted: 77%) (u_error:  0.358727 %) (beta_change: 13.522540 %) (delta_change:  0.792047 %) (delta_peak/R:  5.113582 %)
iter:  10900 (Jcost: 8.741114e-02) (lr = 8.258e-04) (elapsed time: 11162.807) (secs/iter:  1.003) (n_accepted: 78%) (u_error:  0.358753 %) (beta_change: 13.431576 %) (delta_change:  0.785782 %) (delta_peak/R:  5.112794 %)
iter:  11000 (Jcost: 8.737576e-02) (lr = 5.645e-02) (elapsed time: 11259.473) (secs/iter:  0.967) (n_accepted: 84%) (u_error:  0.358545 %) (beta_change: 13.327756 %) (delta_change:  0.778676 %) (delta_peak/R:  5.111077 %)
-> Saved file: /media/rafael/DATA/Dropbox/20220924_FIML_solver/data/output/field_inversion/Beta_k__1__Beta_e__1/u_imp_100/FI_run_T61_CReStar_tauCPrStar_u_imp_100_k_imp_1_e_imp_1/FI_run_T61_CReStar_tauCPrStar_u_imp_100_k_imp_1_e_imp_1_state_iter_11000.dat
iter:  11100 (Jcost: 8.734818e-02) (lr = 8.412e-03) (elapsed time: 11368.438) (secs/iter:  1.090) (n_accepted: 77%) (u_error:  0.358712 %) (beta_change: 13.249554 %) (delta_change:  0.773291 %) (delta_peak/R:  5.110905 %)
iter:  11200 (Jcost: 8.731440e-02) (lr = 3.009e-03) (elapsed time: 11466.782) (secs/iter:  0.983) (n_accepted: 78%) (u_error:  0.358593 %) (beta_change: 13.150624 %) (delta_change:  0.766534 %) (delta_peak/R:  5.109552 %)
iter:  11300 (Jcost: 8.728304e-02) (lr = 1.076e-03) (elapsed time: 11572.166) (secs/iter:  1.054) (n_accepted: 78%) (u_error:  0.358567 %) (beta_change: 13.058021 %) (delta_change:  0.760211 %) (delta_peak/R:  5.108581 %)
iter:  11400 (Jcost: 8.725460e-02) (lr = 3.849e-04) (elapsed time: 11675.662) (secs/iter:  1.035) (n_accepted: 78%) (u_error:  0.358601 %) (beta_change: 12.973658 %) (delta_change:  0.754453 %) (delta_peak/R:  5.107900 %)
iter:  11500 (Jcost: 8.722693e-02) (lr = 2.631e-02) (elapsed time: 11771.827) (secs/iter:  0.962) (n_accepted: 84%) (u_error:  0.358578 %) (beta_change: 12.890689 %) (delta_change:  0.748807 %) (delta_peak/R:  5.107040 %)
-> Saved file: /media/rafael/DATA/Dropbox/20220924_FIML_solver/data/output/field_inversion/Beta_k__1__Beta_e__1/u_imp_100/FI_run_T61_CReStar_tauCPrStar_u_imp_100_k_imp_1_e_imp_1/FI_run_T61_CReStar_tauCPrStar_u_imp_100_k_imp_1_e_imp_1_state_iter_11500.dat
iter:  11600 (Jcost: 8.719780e-02) (lr = 3.920e-03) (elapsed time: 11881.413) (secs/iter:  1.096) (n_accepted: 77%) (u_error:  0.358544 %) (beta_change: 12.802672 %) (delta_change:  0.742830 %) (delta_peak/R:  5.106094 %)
iter:  11700 (Jcost: 8.716968e-02) (lr = 1.402e-03) (elapsed time: 11957.513) (secs/iter:  0.761) (n_accepted: 78%) (u_error:  0.358648 %) (beta_change: 12.715708 %) (delta_change:  0.736917 %) (delta_peak/R:  5.105638 %)
iter:  11800 (Jcost: 8.715017e-02) (lr = 1.204e-03) (elapsed time: 12054.452) (secs/iter:  0.969) (n_accepted: 79%) (u_error:  0.358497 %) (beta_change: 12.657214 %) (delta_change:  0.732975 %) (delta_peak/R:  5.104572 %)
iter:  11900 (Jcost: 8.712100e-02) (lr = 4.305e-04) (elapsed time: 12156.063) (secs/iter:  1.016) (n_accepted: 78%) (u_error:  0.358499 %) (beta_change: 12.567268 %) (delta_change:  0.726892 %) (delta_peak/R:  5.103741 %)
iter:  12000 (Jcost: 8.709390e-02) (lr = 3.695e-04) (elapsed time: 12255.293) (secs/iter:  0.992) (n_accepted: 79%) (u_error:  0.358483 %) (beta_change: 12.482990 %) (delta_change:  0.721205 %) (delta_peak/R:  5.102905 %)
-> Saved file: /media/rafael/DATA/Dropbox/20220924_FIML_solver/data/output/field_inversion/Beta_k__1__Beta_e__1/u_imp_100/FI_run_T61_CReStar_tauCPrStar_u_imp_100_k_imp_1_e_imp_1/FI_run_T61_CReStar_tauCPrStar_u_imp_100_k_imp_1_e_imp_1_state_iter_12000.dat
iter:  12100 (Jcost: 8.706492e-02) (lr = 7.613e-04) (elapsed time: 12361.934) (secs/iter:  1.066) (n_accepted: 80%) (u_error:  0.358476 %) (beta_change: 12.392115 %) (delta_change:  0.715084 %) (delta_peak/R:  5.102043 %)
iter:  12200 (Jcost: 8.704634e-02) (lr = 9.034e-03) (elapsed time: 12441.700) (secs/iter:  0.798) (n_accepted: 82%) (u_error:  0.358436 %) (beta_change: 12.333576 %) (delta_change:  0.711151 %) (delta_peak/R:  5.101362 %)
iter:  12300 (Jcost: 8.701387e-02) (lr = 5.610e-04) (elapsed time: 12542.642) (secs/iter:  1.009) (n_accepted: 76%) (u_error:  0.358384 %) (beta_change: 12.230303 %) (delta_change:  0.704223 %) (delta_peak/R:  5.100235 %)
iter:  12400 (Jcost: 8.699287e-02) (lr = 1.598e-02) (elapsed time: 12641.768) (secs/iter:  0.991) (n_accepted: 83%) (u_error:  0.358387 %) (beta_change: 12.163148 %) (delta_change:  0.699722 %) (delta_peak/R:  5.099632 %)
iter:  12500 (Jcost: 8.697241e-02) (lr = 9.920e-04) (elapsed time: 12743.617) (secs/iter:  1.018) (n_accepted: 76%) (u_error:  0.358384 %) (beta_change: 12.097227 %) (delta_change:  0.695310 %) (delta_peak/R:  5.099021 %)
-> Saved file: /media/rafael/DATA/Dropbox/20220924_FIML_solver/data/output/field_inversion/Beta_k__1__Beta_e__1/u_imp_100/FI_run_T61_CReStar_tauCPrStar_u_imp_100_k_imp_1_e_imp_1/FI_run_T61_CReStar_tauCPrStar_u_imp_100_k_imp_1_e_imp_1_state_iter_12500.dat
iter:  12600 (Jcost: 8.694190e-02) (lr = 3.548e-04) (elapsed time: 12847.524) (secs/iter:  1.039) (n_accepted: 78%) (u_error:  0.358361 %) (beta_change: 11.998231 %) (delta_change:  0.688844 %) (delta_peak/R:  5.098040 %)
iter:  12700 (Jcost: 8.692422e-02) (lr = 4.210e-03) (elapsed time: 12944.412) (secs/iter:  0.969) (n_accepted: 82%) (u_error:  0.358340 %) (beta_change: 11.940485 %) (delta_change:  0.685083 %) (delta_peak/R:  5.097446 %)
iter:  12800 (Jcost: 8.689983e-02) (lr = 3.614e-03) (elapsed time: 13045.112) (secs/iter:  1.007) (n_accepted: 79%) (u_error:  0.358420 %) (beta_change: 11.859183 %) (delta_change:  0.679778 %) (delta_peak/R:  5.096986 %)
iter:  12900 (Jcost: 8.688066e-02) (lr = 1.293e-03) (elapsed time: 13135.814) (secs/iter:  0.907) (n_accepted: 78%) (u_error:  0.358331 %) (beta_change: 11.796819 %) (delta_change:  0.675734 %) (delta_peak/R:  5.096115 %)
iter:  13000 (Jcost: 8.685628e-02) (lr = 4.624e-04) (elapsed time: 13238.347) (secs/iter:  1.025) (n_accepted: 78%) (u_error:  0.358278 %) (beta_change: 11.715700 %) (delta_change:  0.670472 %) (delta_peak/R:  5.095204 %)
-> Saved file: /media/rafael/DATA/Dropbox/20220924_FIML_solver/data/output/field_inversion/Beta_k__1__Beta_e__1/u_imp_100/FI_run_T61_CReStar_tauCPrStar_u_imp_100_k_imp_1_e_imp_1/FI_run_T61_CReStar_tauCPrStar_u_imp_100_k_imp_1_e_imp_1_state_iter_13000.dat
iter:  13100 (Jcost: 8.683859e-02) (lr = 1.317e-02) (elapsed time: 13339.358) (secs/iter:  1.010) (n_accepted: 83%) (u_error:  0.358271 %) (beta_change: 11.656418 %) (delta_change:  0.666627 %) (delta_peak/R:  5.094648 %)
iter:  13200 (Jcost: 8.680906e-02) (lr = 1.962e-03) (elapsed time: 13435.893) (secs/iter:  0.965) (n_accepted: 77%) (u_error:  0.358250 %) (beta_change: 11.556799 %) (delta_change:  0.660176 %) (delta_peak/R:  5.093686 %)
iter:  13300 (Jcost: 8.678447e-02) (lr = 7.019e-04) (elapsed time: 13539.053) (secs/iter:  1.032) (n_accepted: 78%) (u_error:  0.358229 %) (beta_change: 11.473126 %) (delta_change:  0.654766 %) (delta_peak/R:  5.092865 %)
iter:  13400 (Jcost: 8.675645e-02) (lr = 1.446e-03) (elapsed time: 13615.817) (secs/iter:  0.768) (n_accepted: 80%) (u_error:  0.358146 %) (beta_change: 11.376671 %) (delta_change:  0.648548 %) (delta_peak/R:  5.091723 %)
iter:  13500 (Jcost: 8.673491e-02) (lr = 1.716e-02) (elapsed time: 13716.365) (secs/iter:  1.005) (n_accepted: 82%) (u_error:  0.357979 %) (beta_change: 11.297636 %) (delta_change:  0.643474 %) (delta_peak/R:  5.090449 %)
-> Saved file: /media/rafael/DATA/Dropbox/20220924_FIML_solver/data/output/field_inversion/Beta_k__1__Beta_e__1/u_imp_100/FI_run_T61_CReStar_tauCPrStar_u_imp_100_k_imp_1_e_imp_1/FI_run_T61_CReStar_tauCPrStar_u_imp_100_k_imp_1_e_imp_1_state_iter_13500.dat
iter:  13600 (Jcost: 8.672000e-02) (lr = 1.473e-02) (elapsed time: 13820.810) (secs/iter:  1.044) (n_accepted: 79%) (u_error:  0.358064 %) (beta_change: 11.249430 %) (delta_change:  0.640357 %) (delta_peak/R:  5.090317 %)
iter:  13700 (Jcost: 8.669968e-02) (lr = 5.268e-03) (elapsed time: 13916.956) (secs/iter:  0.961) (n_accepted: 78%) (u_error:  0.358133 %) (beta_change: 11.179776 %) (delta_change:  0.635865 %) (delta_peak/R:  5.089943 %)
iter:  13800 (Jcost: 8.667703e-02) (lr = 1.884e-03) (elapsed time: 14012.720) (secs/iter:  0.958) (n_accepted: 78%) (u_error:  0.358136 %) (beta_change: 11.100204 %) (delta_change:  0.630751 %) (delta_peak/R:  5.089254 %)
iter:  13900 (Jcost: 8.665403e-02) (lr = 6.739e-04) (elapsed time: 14109.776) (secs/iter:  0.971) (n_accepted: 78%) (u_error:  0.358134 %) (beta_change: 11.018720 %) (delta_change:  0.625522 %) (delta_peak/R:  5.088533 %)
iter:  14000 (Jcost: 8.662988e-02) (lr = 4.606e-02) (elapsed time: 14198.824) (secs/iter:  0.890) (n_accepted: 84%) (u_error:  0.358104 %) (beta_change: 10.932561 %) (delta_change:  0.620006 %) (delta_peak/R:  5.087677 %)
-> Saved file: /media/rafael/DATA/Dropbox/20220924_FIML_solver/data/output/field_inversion/Beta_k__1__Beta_e__1/u_imp_100/FI_run_T61_CReStar_tauCPrStar_u_imp_100_k_imp_1_e_imp_1/FI_run_T61_CReStar_tauCPrStar_u_imp_100_k_imp_1_e_imp_1_state_iter_14000.dat
iter:  14100 (Jcost: 8.660846e-02) (lr = 2.860e-03) (elapsed time: 14292.607) (secs/iter:  0.938) (n_accepted: 76%) (u_error:  0.358060 %) (beta_change: 10.855548 %) (delta_change:  0.615085 %) (delta_peak/R:  5.086854 %)
iter:  14200 (Jcost: 8.658704e-02) (lr = 1.023e-03) (elapsed time: 14390.586) (secs/iter:  0.980) (n_accepted: 78%) (u_error:  0.358090 %) (beta_change: 10.777984 %) (delta_change:  0.610125 %) (delta_peak/R:  5.086285 %)
iter:  14300 (Jcost: 8.656674e-02) (lr = 8.781e-04) (elapsed time: 14484.667) (secs/iter:  0.941) (n_accepted: 79%) (u_error:  0.358050 %) (beta_change: 10.704108 %) (delta_change:  0.605417 %) (delta_peak/R:  5.085511 %)
iter:  14400 (Jcost: 8.654585e-02) (lr = 7.538e-04) (elapsed time: 14583.518) (secs/iter:  0.989) (n_accepted: 79%) (u_error:  0.358014 %) (beta_change: 10.627496 %) (delta_change:  0.600541 %) (delta_peak/R:  5.084725 %)
iter:  14500 (Jcost: 8.652322e-02) (lr = 8.945e-03) (elapsed time: 14674.639) (secs/iter:  0.911) (n_accepted: 82%) (u_error:  0.358069 %) (beta_change: 10.543460 %) (delta_change:  0.595187 %) (delta_peak/R:  5.084192 %)
-> Saved file: /media/rafael/DATA/Dropbox/20220924_FIML_solver/data/output/field_inversion/Beta_k__1__Beta_e__1/u_imp_100/FI_run_T61_CReStar_tauCPrStar_u_imp_100_k_imp_1_e_imp_1/FI_run_T61_CReStar_tauCPrStar_u_imp_100_k_imp_1_e_imp_1_state_iter_14500.dat
iter:  14600 (Jcost: 8.650884e-02) (lr = 3.199e-03) (elapsed time: 14780.095) (secs/iter:  1.055) (n_accepted: 78%) (u_error:  0.357969 %) (beta_change: 10.490459 %) (delta_change:  0.591833 %) (delta_peak/R:  5.083391 %)
iter:  14700 (Jcost: 8.649120e-02) (lr = 1.144e-03) (elapsed time: 14884.535) (secs/iter:  1.044) (n_accepted: 78%) (u_error:  0.357906 %) (beta_change: 10.423982 %) (delta_change:  0.587623 %) (delta_peak/R:  5.082606 %)
iter:  14800 (Jcost: 8.646777e-02) (lr = 5.658e-03) (elapsed time: 14978.040) (secs/iter:  0.935) (n_accepted: 81%) (u_error:  0.357973 %) (beta_change: 10.336481 %) (delta_change:  0.582068 %) (delta_peak/R:  5.082088 %)
iter:  14900 (Jcost: 8.644776e-02) (lr = 4.857e-03) (elapsed time: 15075.732) (secs/iter:  0.977) (n_accepted: 79%) (u_error:  0.357958 %) (beta_change: 10.260669 %) (delta_change:  0.577273 %) (delta_peak/R:  5.081393 %)
iter:  15000 (Jcost: 8.642679e-02) (lr = 1.737e-03) (elapsed time: 15170.066) (secs/iter:  0.943) (n_accepted: 78%) (u_error:  0.357907 %) (beta_change: 10.180819 %) (delta_change:  0.572228 %) (delta_peak/R:  5.080539 %)
-> Saved file: /media/rafael/DATA/Dropbox/20220924_FIML_solver/data/output/field_inversion/Beta_k__1__Beta_e__1/u_imp_100/FI_run_T61_CReStar_tauCPrStar_u_imp_100_k_imp_1_e_imp_1/FI_run_T61_CReStar_tauCPrStar_u_imp_100_k_imp_1_e_imp_1_state_iter_15000.dat
iter:  15000 (Jcost: 8.642672e-02) (lr = 2.084e-03) (elapsed time: 15176.003) (secs/iter:   None) (n_accepted: 0%) (u_error:  0.357927 %) (beta_change: 10.180586 %) (delta_change:  0.572210 %) (delta_peak/R:  5.080605 %)
