# ------------------------------------------------------------------------
#                  Input Arguments
# ------------------------------------------------------------------------
# Begin_Input_Arguments
{ 'all_b_mode': ['Beta_k'],
  'args_mk_solver': { 'torch': "<module 'torch' from "
                               "'/home/rafael/anaconda3/lib/python3.9/site-packages/torch/__init__.py'>",
                      'y_grid': [0.0, 0.000309700312, 0.000638645973, 0.00098802599, 0.00135910194, 0.00175321227, 0.00217177688, 0.00261630193, 0.00308838486, 0.00358971984, 0.00412210331, 0.00468744001, 0.00528774917, 0.00592517114, 0.00660197432, 0.0073205624, 0.00808348206, 0.00889343092, 0.00975326602, 0.0106660126, 0.0116348733, 0.0126632377, 0.0137546927, 0.0149130326, 0.0161422702, 0.0174466482, 0.0188306506, 0.0202990157, 0.0218567475, 0.02350913, 0.0252617393, 0.0271204584, 0.0290914903, 0.0311813732, 0.033396994, 0.0357456039, 0.0382348325, 0.0408727029, 0.0436676462, 0.0466285159, 0.0497646022, 0.0530856456, 0.0566018496, 0.0603238931, 0.0642629411, 0.068430655, 0.0728392004, 0.0775012535, 0.0824300053, 0.0876391634, 0.0931429507, 0.0989561006, 0.105093849, 0.111571922, 0.118406518, 0.125614286, 0.133212296, 0.141218006, 0.14964922, 0.158524039, 0.167860801, 0.177678022, 0.187994313, 0.1988283, 0.21019853, 0.222123362, 0.234620856, 0.247708641, 0.261403784, 0.275722637, 0.290680679, 0.306292354, 0.322570888, 0.339528108, 0.357174255, 0.375517785, 0.394565175, 0.414320726, 0.43478637, 0.45596148, 0.47784269, 0.500423731, 0.523695275, 0.547644806, 0.572256506, 0.597511177, 0.623386184, 0.649855436, 0.676889401, 0.704455158, 0.73251649, 0.761034018, 0.789965372, 0.819265404, 0.848886442, 0.878778572, 0.908889961, 0.939167201, 0.969555687, 1.0],
                      'Ret': 950.0,
                      'cp': 1.0,
                      'A_sca_rho': 1.0,
                      'A_sca_mu': 0.0010526315789473684,
                      'A_sca_k': 0.0010526315789473684,
                      'b_exp_rho': -1.0,
                      'b_exp_mu': 0.7,
                      'b_exp_k': 0.0,
                      'tensor_device': 'cpu',
                      'as_tensor': '<function '
                                   'Build_arguments_fi_run._mk_args_MK_solver.<locals>.<lambda> '
                                   'at 0x7f97f91c93a0>',
                      'ref_dns': { 'u_dns': [0.0, 0.288135637, 0.589636405, 0.904756114, 1.23369276, 1.57657645, 1.93345556, 2.30428095, 2.68894846, 3.08760438, 3.50054172, 3.92813447, 4.37068555, 4.82823638, 5.3007982, 5.78835325, 6.29081213, 6.80809095, 7.34002236, 7.88636842, 8.44683519, 9.02095561, 9.60826462, 10.2083747, 10.820792, 11.4444757, 12.0784519, 12.7220662, 13.3742144, 14.0337701, 14.7004185, 15.3723753, 16.0478859, 16.7267714, 17.4067846, 18.0871391, 18.7662671, 19.4422014, 20.1135605, 20.7790091, 21.4368362, 22.0854666, 22.725137, 23.3516111, 23.9661719, 24.565557, 25.1500982, 25.717247, 26.2682942, 26.8006308, 27.3152563, 27.8114278, 28.2882111, 28.7466233, 29.187041, 29.6099901, 30.0146724, 30.4041195, 30.777196, 31.1347424, 31.4794059, 31.8110683, 32.1313463, 32.4415069, 32.7422333, 33.0363163, 33.3242957, 33.6069229, 33.8864724, 34.1614681, 34.4352266, 34.7084589, 34.9801781, 35.2511343, 35.522368, 35.7935478, 36.0645099, 36.3354375, 36.6062621, 36.8764669, 37.1450242, 37.4111233, 37.6758767, 37.9371405, 38.1950228, 38.4468521, 38.6929038, 38.9298467, 39.1581239, 39.3760287, 39.5820682, 39.7742581, 39.9514236, 40.1113749, 40.2502494, 40.3687429, 40.4632992, 40.5324941, 40.5741622, 40.5893089],
                                   'T_dns': [1.0, 1.0229111349861848, 1.0473053572457185, 1.0732652680757668, 1.1008737064494514, 1.1302124669356173, 1.1613604278724001, 1.1943912358918214, 1.2293753508281917, 1.2664036900671032, 1.3055775367795204, 1.3470006876944771, 1.390780398078587, 1.4370287649727762, 1.4858615712689134, 1.5373794026700585, 1.591637723971817, 1.6486658697229892, 1.7085006201072155, 1.7711890813701903, 1.8367599845746008, 1.9052125260235349, 1.976500268237945, 2.0504799242442027, 2.126972611706912, 2.2058592088903417, 2.2869624686048358, 2.3699973682251887, 2.4547451409366943, 2.540953466750624, 2.6280973161043155, 2.7157973578271783, 2.8037513351014325, 2.8915148751839297, 2.9785992502801952, 3.0646298860712458, 3.1492174165423394, 3.231902057485672, 3.31249268168601, 3.390634026998509, 3.465933191078566, 3.5384579768319355, 3.607780444052321, 3.6741315848790648, 3.7371117572770434, 3.7969710204587965, 3.853499961018371, 3.9071241194868493, 3.957518808226009, 4.005386399770704, 4.050542375626154, 4.092929415648557, 4.13331563358252, 4.17121572845359, 4.20736126337199, 4.241689645391768, 4.274115826658514, 4.305361515374841, 4.334894970165083, 4.363224368429332, 4.390285046167019, 4.416381844987386, 4.4413835887369535, 4.465869369638762, 4.489407531943197, 4.512446731149355, 4.535210223897129, 4.557334693877809, 4.5791947340539005, 4.600493267968971, 4.621623750593042, 4.642558447185411, 4.663272354680969, 4.6837300904726735, 4.704035919851216, 4.72395366802808, 4.743664854504782, 4.762843183681378, 4.781904206943213, 4.800503627119878, 4.818587948950984, 4.8361222053096204, 4.853353208383921, 4.87004616849128, 4.8860169534727405, 4.901568778108049, 4.916413439893673, 4.930705343247829, 4.943985005592301, 4.9566168315302415, 4.968448811587905, 4.979197096914096, 4.988846963562491, 4.9972425659289, 5.004422739848421, 5.0102375503621595, 5.014753325724322, 5.017975351980792, 5.020016068020751, 5.02085588206569],
                                   'mu_dns': [0.0010526315789473684, 0.001069456018930544, 0.0010872457589127544, 0.0011060413088939587, 0.0011258813988741186, 0.0011468020488531981, 0.0011688352788311648, 0.0011920075888079923, 0.0012163415587836584, 0.001241872218758128, 0.0012686395987313605, 0.0012966831487033167, 0.0013260423286739578, 0.0013567574586432426, 0.0013888688586111313, 0.0014224045585775956, 0.0014573616985426383, 0.0014937201785062799, 0.0015314647084685353, 0.0015705864384294138, 0.001611065068388935, 0.0016528627583471372, 0.0016959154983040847, 0.0017401042182598957, 0.0017852939082147062, 0.0018313900381686102, 0.0018782686981217312, 0.0019257499680742501, 0.001973698818026301, 0.0020219671379780326, 0.002070262447929738, 0.002118383317881617, 0.002166177497833823, 0.0022134218677865784, 0.0022598772377401227, 0.002305372017694628, 0.002349731537650269, 0.002392748917607251, 0.00243436022756564, 0.002474417827525583, 0.002512757197487243, 0.002549448387450552, 0.002584309147415691, 0.0026174879373825123, 0.0026488151673511847, 0.0026784435173215567, 0.0027062950672937054, 0.002732602367267398, 0.002757226767242774, 0.002780529377219471, 0.0028024354671975643, 0.002822931717177068, 0.002842401307157599, 0.00286062052713938, 0.0028779500871220502, 0.0028943671271056334, 0.0029098378970901628, 0.002924712167075288, 0.002938741597061259, 0.0029521721370478283, 0.0029649767870350238, 0.0029773029370226967, 0.0029890913870109087, 0.0030006172769993828, 0.003011679246988321, 0.00302248988697751, 0.003033154906966845, 0.003043505156956495, 0.003053716906946283, 0.003063652296936348, 0.003073495666926504, 0.0030832345269167657, 0.0030928577169071422, 0.0031023493168976504, 0.003111758146888242, 0.003120975326879025, 0.0031300854468699147, 0.0031389383968610618, 0.0031477266068522737, 0.0031562918668437082, 0.00316461037683539, 0.0031726669268273334, 0.0031805756068194247, 0.003188229306811771, 0.0031955445268044553, 0.0032026609567973397, 0.003209447476790552, 0.0032159754867840244, 0.003222036056777964, 0.003227796436772204, 0.0032331880767668118, 0.0032380825567619176, 0.003242474146757526, 0.0032462928567537066, 0.0032495572067504433, 0.003252199786747801, 0.003254251376745749, 0.003255714856744285, 0.0032566416267433584, 0.003257022986742977],
                                   'rho_dns': [1.0, 0.9776020279743125, 0.9548313613422874, 0.9317361045260297, 0.9083694107157939, 0.8847893907163609, 0.8610591303097775, 0.8372465988946457, 0.8134212218638769, 0.7896376233292662, 0.7659445508435361, 0.7423901183833821, 0.7190207752291704, 0.695880294378759, 0.6730102045414691, 0.6504575241890456, 0.6282836759514422, 0.606551041278013, 0.5853085379256379, 0.564592459674831, 0.5444369478854926, 0.5248758268911607, 0.5059447833475391, 0.4876907050765666, 0.47015179908569305, 0.4533380897428401, 0.43726122038638054, 0.42194139681634596, 0.40737426599749366, 0.39355305521545103, 0.38050341358071216, 0.3682159853046133, 0.3566650107235072, 0.345839479707463, 0.33572827895727514, 0.32630367684691836, 0.3175392066445329, 0.30941531711452036, 0.30188745941349965, 0.29493009037169077, 0.28852258392459357, 0.28260898011153535, 0.27717872955616524, 0.2721731589895998, 0.26758632466710763, 0.2633678251985099, 0.2595043493229278, 0.2559427265216589, 0.2526835748503387, 0.24966380273754535, 0.24688051803072786, 0.24432378339501418, 0.2419365198909955, 0.23973825980243263, 0.237678663038921, 0.2357551078934816, 0.23396651858679174, 0.23226853225423888, 0.23068609663728892, 0.2291883056107836, 0.22777564314942594, 0.22642969632143667, 0.22515506261065402, 0.22392056668708352, 0.22274654124954427, 0.221609264237296, 0.2204969451538886, 0.21942649973533232, 0.21837900724407788, 0.21736799550659505, 0.21637416933208398, 0.21539847292741318, 0.21444168899897195, 0.21350504420272473, 0.21258341072183587, 0.21168708888235774, 0.210807472844621, 0.20995862375360907, 0.20912171317610742, 0.2083114768106034, 0.20752967686678872, 0.20677723960368316, 0.2060431122697913, 0.20533686240387242, 0.20466568362789841, 0.2040163150349568, 0.20340030638709403, 0.20281074012451641, 0.20226598561056874, 0.20175051531898885, 0.201270061929128, 0.20083559267411993, 0.20044711880396288, 0.20011035822394935, 0.19982324675278912, 0.19959133473176657, 0.19941160313315348, 0.19928356156736815, 0.1992025496432866, 0.19916923000557787]},
                      'case': 'gasLike',
                      'constant_Sq_heat': 0.07894736842105263,
                      'use_visc_heating': False,
                      'Pr_turb': 1.0,
                      'fprint': '<function '
                                'Build_arguments_fi_run._mk_args_MK_solver.<locals>.<lambda> '
                                'at 0x7f97f91c9dc0>',
                      'compressible_correction': False,
                      'bool_solve_energy': False,
                      'output_last': False},
  'u_imp': 1000,
  'k_imp': 1,
  'e_imp': 0,
  'solve_sparse_adj': True,
  'all_ref_beta_distrib': {'K': [1.0, 1.00046157, 1.00098078, 1.00138548, 1.00149749, 1.00112869, 1.00008519, 0.99817832, 0.99524213, 0.99115583, 0.98586799, 0.97941773, 0.97194655, 0.96369613, 0.95499116, 0.94620841, 0.93773967, 0.92995747, 0.9231924, 0.91772383, 0.91377984, 0.91154566, 0.91116759, 0.91275723, 0.91638477, 0.92207506, 0.92980497, 0.93950667, 0.95106729, 0.96433149, 0.97910672, 0.99516754, 1.01226204, 1.03011586, 1.04844091, 1.06694461, 1.08533509, 1.10333382, 1.12066679, 1.13705873, 1.15222759, 1.16582396, 1.17744611, 1.18657465, 1.19261497, 1.19486939, 1.19263036, 1.18522286, 1.17212236, 1.15303668, 1.12797313, 1.0972753, 1.0616168, 1.02195171, 0.97943976, 0.9353635, 0.89105437, 0.84781665, 0.80687463, 0.76933174, 0.73614164, 0.70807807, 0.68575402, 0.66959566, 0.65987056, 0.65667285, 0.65993243, 0.66945055, 0.68487229, 0.70574245, 0.73149083, 0.76145131, 0.7948751, 0.83095106, 0.86881871, 0.90759078, 0.94636694, 0.98426382, 1.02042812, 1.05406854, 1.08448028, 1.11106705, 1.13335776, 1.1510271, 1.16391434, 1.17204316, 1.17562335, 1.17503992, 1.17081506, 1.16359283, 1.15410274, 1.14312445, 1.13144606, 1.11982696, 1.10895629, 1.09941545, 1.09165182, 1.08598704, 1.08262826, 1.04065461], 'E': [1.0, 1.0, 1.0, 1.0, 1.0, 1.0, 1.0, 1.0, 1.0, 1.0, 1.0, 1.0, 1.0, 1.0, 1.0, 1.0, 1.0, 1.0, 1.0, 1.0, 1.0, 1.0, 1.0, 1.0, 1.0, 1.0, 1.0, 1.0, 1.0, 1.0, 1.0, 1.0, 1.0, 1.0, 1.0, 1.0, 1.0, 1.0, 1.0, 1.0, 1.0, 1.0, 1.0, 1.0, 1.0, 1.0, 1.0, 1.0, 1.0, 1.0, 1.0, 1.0, 1.0, 1.0, 1.0, 1.0, 1.0, 1.0, 1.0, 1.0, 1.0, 1.0, 1.0, 1.0, 1.0, 1.0, 1.0, 1.0, 1.0, 1.0, 1.0, 1.0, 1.0, 1.0, 1.0, 1.0, 1.0, 1.0, 1.0, 1.0, 1.0, 1.0, 1.0, 1.0, 1.0, 1.0, 1.0, 1.0, 1.0, 1.0, 1.0, 1.0, 1.0, 1.0, 1.0, 1.0, 1.0, 1.0, 1.0, 1.0]},
  'all_ref_delta_distrib': {'K': [-0.0, -0.005816734787311221, -0.015090993412074767, -0.02528431611852195, -0.03176963036042373, -0.027431991860341034, -0.002345470297001433, 0.056307177937598, 0.1638622432303933, 0.3371647656756127, 0.5928105641828828, 0.9446734901661318, 1.4010802280618975, 1.962251029023889, 2.618420250579922, 3.349376489579719, 4.125703446983337, 4.911054755381549, 5.665340990152186, 6.3478240673057496, 6.919688809685165, 7.346031520025483, 7.597028046137604, 7.64892712610151, 7.484500325655253, 7.093582137596544, 6.473963157191653, 5.631954154950482, 4.582265854815555, 3.3477795555570435, 1.9587089331675989, 0.450978563861623, -1.135368960930668, -2.7577504454232846, -4.372900865329627, -5.938674224420319, -7.415577327145167, -8.768313123131087, -9.966092745634839, -10.982632290252653, -11.795638057279037, -12.384710143040195, -12.731545416882227, -12.818684427735322, -12.63207050501351, -12.162058885857395, -11.408107972403775, -10.381697412554214, -9.108959223738285, -7.630945821436733, -6.001914150469231, -4.284773655584565, -2.546157689480479, -0.8502730769865559, 0.7460868264423421, 2.196739248681464, 3.467334800778934, 4.53593636810306, 5.391567390491261, 6.0333215479895355, 6.468203784796195, 6.709189616171658, 6.773404854871518, 6.681199931626608, 6.453802554143609, 6.114033603341893, 5.684085249306047, 5.185689708130934, 4.639853397491583, 4.065620737138909, 3.4802766562929346, 2.899169745933591, 2.336241725397578, 1.8030886975812475, 1.309166590535693, 0.8620684980499972, 0.4671353726328088, 0.1277970335555786, -0.15444112714823363, -0.3798519738711259, -0.5504514325768354, -0.6696720677222061, -0.7422465422546025, -0.7738550295129364, -0.7709343795699782, -0.740336275589168, -0.6891370825259534, -0.6241797427880926, -0.5516010426932845, -0.4768397358918001, -0.4042976179503996, -0.3373304580078813, -0.2781684409605582, -0.2280659478478572, -0.18738194341873235, -0.15582791927956693, -0.1326780806849391, -0.11707165502129681, -0.10822651795312942, -0.05255454317148075], 'E': [-0.0, -0.0, -0.0, -0.0, -0.0, -0.0, -0.0, -0.0, -0.0, -0.0, -0.0, -0.0, -0.0, -0.0, -0.0, -0.0, -0.0, -0.0, -0.0, -0.0, -0.0, -0.0, -0.0, -0.0, -0.0, -0.0, -0.0, -0.0, -0.0, -0.0, -0.0, -0.0, -0.0, -0.0, -0.0, -0.0, -0.0, -0.0, -0.0, -0.0, -0.0, -0.0, -0.0, -0.0, -0.0, -0.0, -0.0, -0.0, -0.0, -0.0, -0.0, -0.0, -0.0, -0.0, -0.0, -0.0, -0.0, -0.0, -0.0, -0.0, -0.0, -0.0, -0.0, -0.0, -0.0, -0.0, -0.0, -0.0, -0.0, -0.0, -0.0, -0.0, -0.0, -0.0, -0.0, -0.0, -0.0, -0.0, -0.0, -0.0, -0.0, -0.0, -0.0, -0.0, -0.0, -0.0, -0.0, -0.0, -0.0, -0.0, -0.0, -0.0, -0.0, -0.0, -0.0, -0.0, -0.0, -0.0, -0.0, -0.0]},
  'fname_print': '/media/rafael/DATA/Dropbox/20220924_FIML_solver/data/output/field_inversion/Beta_k/u_imp_1000/FI_run_gasLike_u_imp_1000_k_imp_1_e_imp_0/FI_run_gasLike_u_imp_1000_k_imp_1_e_imp_0.log',
  'folder': '/media/rafael/DATA/Dropbox/20220924_FIML_solver/data/output/field_inversion/Beta_k/u_imp_1000/FI_run_gasLike_u_imp_1000_k_imp_1_e_imp_0',
  'iters_limit': 15000}
# End_Input_Arguments

# ------------------------------------------------------------------------
#                  Iterations
# ------------------------------------------------------------------------

iter:      0 (Jcost: 3.353809e+01) (lr = 1.000e-03) (elapsed time:  0.001) (secs/iter:   None) (n_accepted: 0%) (u_error:  3.906170 %) (beta_change: 34.332715 %) (delta_change: 12.138629 %) (delta_peak/R:  0.000000 %)
-> Saved file: /media/rafael/DATA/Dropbox/20220924_FIML_solver/data/output/field_inversion/Beta_k/u_imp_1000/FI_run_gasLike_u_imp_1000_k_imp_1_e_imp_0/FI_run_gasLike_u_imp_1000_k_imp_1_e_imp_0_state_iter_0.dat
iter:    100 (Jcost: 1.572149e+00) (lr = 4.120e-03) (elapsed time: 136.971) (secs/iter:  1.370) (n_accepted: 81%) (u_error:  0.636929 %) (beta_change: 18.057604 %) (delta_change:  7.471742 %) (delta_peak/R:  9.819220 %)
iter:    200 (Jcost: 8.344275e-01) (lr = 1.474e-03) (elapsed time: 252.834) (secs/iter:  1.159) (n_accepted: 78%) (u_error:  0.441262 %) (beta_change: 12.388556 %) (delta_change:  4.496609 %) (delta_peak/R: 11.219368 %)
iter:    300 (Jcost: 5.921445e-01) (lr = 2.196e-04) (elapsed time: 362.758) (secs/iter:  1.099) (n_accepted: 77%) (u_error:  0.405647 %) (beta_change:  8.934621 %) (delta_change:  3.519460 %) (delta_peak/R: 12.067886 %)
iter:    400 (Jcost: 5.044095e-01) (lr = 6.255e-03) (elapsed time: 458.726) (secs/iter:  0.960) (n_accepted: 83%) (u_error:  0.388850 %) (beta_change:  6.928117 %) (delta_change:  2.943674 %) (delta_peak/R: 12.346582 %)
iter:    500 (Jcost: 4.607937e-01) (lr = 1.618e-04) (elapsed time: 558.269) (secs/iter:  0.995) (n_accepted: 75%) (u_error:  0.380585 %) (beta_change:  5.891961 %) (delta_change:  2.415295 %) (delta_peak/R: 12.359915 %)
-> Saved file: /media/rafael/DATA/Dropbox/20220924_FIML_solver/data/output/field_inversion/Beta_k/u_imp_1000/FI_run_gasLike_u_imp_1000_k_imp_1_e_imp_0/FI_run_gasLike_u_imp_1000_k_imp_1_e_imp_0_state_iter_500.dat
iter:    600 (Jcost: 4.410322e-01) (lr = 4.609e-03) (elapsed time: 658.480) (secs/iter:  1.002) (n_accepted: 83%) (u_error:  0.377303 %) (beta_change:  5.013716 %) (delta_change:  2.023317 %) (delta_peak/R: 12.165643 %)
iter:    700 (Jcost: 4.310321e-01) (lr = 2.862e-04) (elapsed time: 753.507) (secs/iter:  0.950) (n_accepted: 76%) (u_error:  0.376153 %) (beta_change:  4.306442 %) (delta_change:  1.722652 %) (delta_peak/R: 11.955225 %)
iter:    800 (Jcost: 4.255890e-01) (lr = 2.457e-04) (elapsed time: 848.313) (secs/iter:  0.948) (n_accepted: 79%) (u_error:  0.375426 %) (beta_change:  3.818666 %) (delta_change:  1.522096 %) (delta_peak/R: 11.795365 %)
iter:    900 (Jcost: 4.207823e-01) (lr = 2.109e-04) (elapsed time: 944.091) (secs/iter:  0.958) (n_accepted: 79%) (u_error:  0.375062 %) (beta_change:  3.253917 %) (delta_change:  1.305015 %) (delta_peak/R: 11.585604 %)
iter:   1000 (Jcost: 4.172501e-01) (lr = 4.344e-04) (elapsed time: 1038.685) (secs/iter:  0.946) (n_accepted: 80%) (u_error:  0.375008 %) (beta_change:  2.741960 %) (delta_change:  1.299858 %) (delta_peak/R: 11.378210 %)
-> Saved file: /media/rafael/DATA/Dropbox/20220924_FIML_solver/data/output/field_inversion/Beta_k/u_imp_1000/FI_run_gasLike_u_imp_1000_k_imp_1_e_imp_0/FI_run_gasLike_u_imp_1000_k_imp_1_e_imp_0_state_iter_1000.dat
iter:   1100 (Jcost: 4.147187e-01) (lr = 1.237e-02) (elapsed time: 1131.621) (secs/iter:  0.929) (n_accepted: 83%) (u_error:  0.375226 %) (beta_change:  2.317083 %) (delta_change:  1.349492 %) (delta_peak/R: 11.199901 %)
iter:   1200 (Jcost: 4.129159e-01) (lr = 1.334e-04) (elapsed time: 1224.191) (secs/iter:  0.926) (n_accepted: 74%) (u_error:  0.375250 %) (beta_change:  1.972466 %) (delta_change:  1.408683 %) (delta_peak/R: 11.039563 %)
iter:   1300 (Jcost: 4.113670e-01) (lr = 2.748e-04) (elapsed time: 1313.415) (secs/iter:  0.892) (n_accepted: 80%) (u_error:  0.375084 %) (beta_change:  2.035573 %) (delta_change:  1.483818 %) (delta_peak/R: 10.872846 %)
iter:   1400 (Jcost: 4.104272e-01) (lr = 3.261e-03) (elapsed time: 1403.887) (secs/iter:  0.905) (n_accepted: 82%) (u_error:  0.375207 %) (beta_change:  2.166626 %) (delta_change:  1.533055 %) (delta_peak/R: 10.771331 %)
iter:   1500 (Jcost: 4.095241e-01) (lr = 2.799e-03) (elapsed time: 1493.804) (secs/iter:  0.899) (n_accepted: 79%) (u_error:  0.375112 %) (beta_change:  2.321217 %) (delta_change:  1.600281 %) (delta_peak/R: 10.659134 %)
-> Saved file: /media/rafael/DATA/Dropbox/20220924_FIML_solver/data/output/field_inversion/Beta_k/u_imp_1000/FI_run_gasLike_u_imp_1000_k_imp_1_e_imp_0/FI_run_gasLike_u_imp_1000_k_imp_1_e_imp_0_state_iter_1500.dat
iter:   1600 (Jcost: 4.087824e-01) (lr = 1.001e-03) (elapsed time: 1588.247) (secs/iter:  0.944) (n_accepted: 78%) (u_error:  0.375095 %) (beta_change:  2.466769 %) (delta_change:  1.662282 %) (delta_peak/R: 10.563555 %)
iter:   1700 (Jcost: 4.080718e-01) (lr = 3.581e-04) (elapsed time: 1673.984) (secs/iter:  0.857) (n_accepted: 78%) (u_error:  0.374998 %) (beta_change:  2.613116 %) (delta_change:  1.726792 %) (delta_peak/R: 10.468395 %)
iter:   1800 (Jcost: 4.075043e-01) (lr = 1.281e-04) (elapsed time: 1763.864) (secs/iter:  0.899) (n_accepted: 78%) (u_error:  0.374906 %) (beta_change:  2.730414 %) (delta_change:  1.784017 %) (delta_peak/R: 10.392081 %)
iter:   1900 (Jcost: 4.069427e-01) (lr = 3.647e-03) (elapsed time: 1848.597) (secs/iter:  0.847) (n_accepted: 83%) (u_error:  0.374925 %) (beta_change:  2.865797 %) (delta_change:  1.845267 %) (delta_peak/R: 10.315360 %)
iter:   2000 (Jcost: 4.066119e-01) (lr = 3.131e-03) (elapsed time: 1938.024) (secs/iter:  0.894) (n_accepted: 79%) (u_error:  0.374753 %) (beta_change:  2.938585 %) (delta_change:  1.876056 %) (delta_peak/R: 10.275804 %)
-> Saved file: /media/rafael/DATA/Dropbox/20220924_FIML_solver/data/output/field_inversion/Beta_k/u_imp_1000/FI_run_gasLike_u_imp_1000_k_imp_1_e_imp_0/FI_run_gasLike_u_imp_1000_k_imp_1_e_imp_0_state_iter_2000.dat
iter:   2100 (Jcost: 4.062727e-01) (lr = 1.944e-04) (elapsed time: 2032.448) (secs/iter:  0.944) (n_accepted: 76%) (u_error:  0.374662 %) (beta_change:  3.017995 %) (delta_change:  1.907372 %) (delta_peak/R: 10.233902 %)
iter:   2200 (Jcost: 4.059594e-01) (lr = 1.669e-04) (elapsed time: 2120.131) (secs/iter:  0.877) (n_accepted: 79%) (u_error:  0.374638 %) (beta_change:  3.088775 %) (delta_change:  1.940877 %) (delta_peak/R: 10.197752 %)
iter:   2300 (Jcost: 4.057077e-01) (lr = 8.251e-04) (elapsed time: 2205.337) (secs/iter:  0.852) (n_accepted: 81%) (u_error:  0.374538 %) (beta_change:  3.145081 %) (delta_change:  1.969128 %) (delta_peak/R: 10.169501 %)
iter:   2400 (Jcost: 4.053938e-01) (lr = 2.951e-04) (elapsed time: 2290.920) (secs/iter:  0.856) (n_accepted: 78%) (u_error:  0.374481 %) (beta_change:  3.211719 %) (delta_change:  2.001425 %) (delta_peak/R: 10.137204 %)
iter:   2500 (Jcost: 4.051423e-01) (lr = 2.533e-04) (elapsed time: 2379.187) (secs/iter:  0.883) (n_accepted: 79%) (u_error:  0.374437 %) (beta_change:  3.262523 %) (delta_change:  2.025244 %) (delta_peak/R: 10.113385 %)
-> Saved file: /media/rafael/DATA/Dropbox/20220924_FIML_solver/data/output/field_inversion/Beta_k/u_imp_1000/FI_run_gasLike_u_imp_1000_k_imp_1_e_imp_0/FI_run_gasLike_u_imp_1000_k_imp_1_e_imp_0_state_iter_2500.dat
iter:   2600 (Jcost: 4.048954e-01) (lr = 2.174e-04) (elapsed time: 2469.719) (secs/iter:  0.905) (n_accepted: 79%) (u_error:  0.374465 %) (beta_change:  3.311511 %) (delta_change:  2.047209 %) (delta_peak/R: 10.091420 %)
iter:   2700 (Jcost: 4.046851e-01) (lr = 2.580e-03) (elapsed time: 2552.330) (secs/iter:  0.826) (n_accepted: 82%) (u_error:  0.374343 %) (beta_change:  3.351770 %) (delta_change:  2.063953 %) (delta_peak/R: 10.074676 %)
iter:   2800 (Jcost: 4.044865e-01) (lr = 3.845e-04) (elapsed time: 2636.722) (secs/iter:  0.844) (n_accepted: 77%) (u_error:  0.374307 %) (beta_change:  3.396802 %) (delta_change:  2.078653 %) (delta_peak/R: 10.059976 %)
iter:   2900 (Jcost: 4.042912e-01) (lr = 3.301e-04) (elapsed time: 2723.883) (secs/iter:  0.872) (n_accepted: 79%) (u_error:  0.374286 %) (beta_change:  3.439510 %) (delta_change:  2.091772 %) (delta_peak/R: 10.046857 %)
iter:   3000 (Jcost: 4.041135e-01) (lr = 6.800e-04) (elapsed time: 2811.193) (secs/iter:  0.873) (n_accepted: 80%) (u_error:  0.374146 %) (beta_change:  3.481224 %) (delta_change:  2.105901 %) (delta_peak/R: 10.033900 %)
-> Saved file: /media/rafael/DATA/Dropbox/20220924_FIML_solver/data/output/field_inversion/Beta_k/u_imp_1000/FI_run_gasLike_u_imp_1000_k_imp_1_e_imp_0/FI_run_gasLike_u_imp_1000_k_imp_1_e_imp_0_state_iter_3000.dat
iter:   3100 (Jcost: 4.039502e-01) (lr = 8.070e-03) (elapsed time: 2867.673) (secs/iter:  0.565) (n_accepted: 82%) (u_error:  0.374198 %) (beta_change:  3.510295 %) (delta_change:  2.118493 %) (delta_peak/R: 10.026408 %)
iter:   3200 (Jcost: 4.038069e-01) (lr = 2.886e-03) (elapsed time: 2926.324) (secs/iter:  0.587) (n_accepted: 78%) (u_error:  0.374160 %) (beta_change:  3.538623 %) (delta_change:  2.130878 %) (delta_peak/R: 10.018810 %)
iter:   3300 (Jcost: 4.036454e-01) (lr = 2.478e-03) (elapsed time: 3003.962) (secs/iter:  0.776) (n_accepted: 79%) (u_error:  0.374141 %) (beta_change:  3.568798 %) (delta_change:  2.143712 %) (delta_peak/R: 10.014618 %)
iter:   3400 (Jcost: 4.034997e-01) (lr = 8.861e-04) (elapsed time: 3059.073) (secs/iter:  0.551) (n_accepted: 78%) (u_error:  0.374085 %) (beta_change:  3.596097 %) (delta_change:  2.155248 %) (delta_peak/R: 10.012107 %)
iter:   3500 (Jcost: 4.033975e-01) (lr = 3.169e-04) (elapsed time: 3109.241) (secs/iter:  0.502) (n_accepted: 78%) (u_error:  0.374116 %) (beta_change:  3.612597 %) (delta_change:  2.161792 %) (delta_peak/R: 10.011539 %)
-> Saved file: /media/rafael/DATA/Dropbox/20220924_FIML_solver/data/output/field_inversion/Beta_k/u_imp_1000/FI_run_gasLike_u_imp_1000_k_imp_1_e_imp_0/FI_run_gasLike_u_imp_1000_k_imp_1_e_imp_0_state_iter_3500.dat
iter:   3600 (Jcost: 4.032610e-01) (lr = 2.721e-04) (elapsed time: 3164.308) (secs/iter:  0.551) (n_accepted: 79%) (u_error:  0.374082 %) (beta_change:  3.657874 %) (delta_change:  2.171120 %) (delta_peak/R: 10.010076 %)
iter:   3700 (Jcost: 4.031166e-01) (lr = 2.335e-04) (elapsed time: 3228.381) (secs/iter:  0.641) (n_accepted: 79%) (u_error:  0.374055 %) (beta_change:  3.776451 %) (delta_change:  2.180299 %) (delta_peak/R: 10.008953 %)
iter:   3800 (Jcost: 4.029916e-01) (lr = 2.771e-03) (elapsed time: 3282.729) (secs/iter:  0.543) (n_accepted: 82%) (u_error:  0.373987 %) (beta_change:  3.887615 %) (delta_change:  2.188619 %) (delta_peak/R: 10.007647 %)
iter:   3900 (Jcost: 4.029000e-01) (lr = 2.379e-03) (elapsed time: 3365.270) (secs/iter:  0.825) (n_accepted: 79%) (u_error:  0.374026 %) (beta_change:  3.961901 %) (delta_change:  2.192738 %) (delta_peak/R: 10.007984 %)
iter:   4000 (Jcost: 4.027965e-01) (lr = 2.042e-03) (elapsed time: 3445.183) (secs/iter:  0.799) (n_accepted: 79%) (u_error:  0.374015 %) (beta_change:  4.054030 %) (delta_change:  2.198173 %) (delta_peak/R: 10.007753 %)
-> Saved file: /media/rafael/DATA/Dropbox/20220924_FIML_solver/data/output/field_inversion/Beta_k/u_imp_1000/FI_run_gasLike_u_imp_1000_k_imp_1_e_imp_0/FI_run_gasLike_u_imp_1000_k_imp_1_e_imp_0_state_iter_4000.dat
iter:   4100 (Jcost: 4.026882e-01) (lr = 7.303e-04) (elapsed time: 3531.379) (secs/iter:  0.862) (n_accepted: 78%) (u_error:  0.373997 %) (beta_change:  4.153239 %) (delta_change:  2.203625 %) (delta_peak/R: 10.007559 %)
iter:   4200 (Jcost: 4.025866e-01) (lr = 1.088e-04) (elapsed time: 3613.232) (secs/iter:  0.819) (n_accepted: 77%) (u_error:  0.373983 %) (beta_change:  4.248905 %) (delta_change:  2.208434 %) (delta_peak/R: 10.007490 %)
iter:   4300 (Jcost: 4.025297e-01) (lr = 5.382e-04) (elapsed time: 3694.338) (secs/iter:  0.811) (n_accepted: 81%) (u_error:  0.373978 %) (beta_change:  4.303690 %) (delta_change:  2.210962 %) (delta_peak/R: 10.007536 %)
iter:   4400 (Jcost: 4.024355e-01) (lr = 1.925e-04) (elapsed time: 3776.447) (secs/iter:  0.821) (n_accepted: 78%) (u_error:  0.373960 %) (beta_change:  4.396544 %) (delta_change:  2.215111 %) (delta_peak/R: 10.007529 %)
iter:   4500 (Jcost: 4.023434e-01) (lr = 1.652e-04) (elapsed time: 3856.555) (secs/iter:  0.801) (n_accepted: 79%) (u_error:  0.373934 %) (beta_change:  4.490806 %) (delta_change:  2.219117 %) (delta_peak/R: 10.007455 %)
-> Saved file: /media/rafael/DATA/Dropbox/20220924_FIML_solver/data/output/field_inversion/Beta_k/u_imp_1000/FI_run_gasLike_u_imp_1000_k_imp_1_e_imp_0/FI_run_gasLike_u_imp_1000_k_imp_1_e_imp_0_state_iter_4500.dat
iter:   4600 (Jcost: 4.022584e-01) (lr = 1.129e-02) (elapsed time: 3942.940) (secs/iter:  0.864) (n_accepted: 84%) (u_error:  0.373980 %) (beta_change:  4.581181 %) (delta_change:  2.221794 %) (delta_peak/R: 10.008336 %)
iter:   4700 (Jcost: 4.022058e-01) (lr = 2.922e-04) (elapsed time: 4025.976) (secs/iter:  0.830) (n_accepted: 75%) (u_error:  0.373928 %) (beta_change:  4.634774 %) (delta_change:  2.224249 %) (delta_peak/R: 10.007846 %)
iter:   4800 (Jcost: 4.021251e-01) (lr = 2.508e-04) (elapsed time: 4103.568) (secs/iter:  0.776) (n_accepted: 79%) (u_error:  0.373930 %) (beta_change:  4.722712 %) (delta_change:  2.227027 %) (delta_peak/R: 10.008173 %)
iter:   4900 (Jcost: 4.020635e-01) (lr = 7.143e-03) (elapsed time: 4184.649) (secs/iter:  0.811) (n_accepted: 83%) (u_error:  0.373911 %) (beta_change:  4.791869 %) (delta_change:  2.229316 %) (delta_peak/R: 10.008180 %)
iter:   5000 (Jcost: 4.019962e-01) (lr = 6.132e-03) (elapsed time: 4264.848) (secs/iter:  0.802) (n_accepted: 79%) (u_error:  0.373900 %) (beta_change:  4.869207 %) (delta_change:  2.231620 %) (delta_peak/R: 10.008317 %)
-> Saved file: /media/rafael/DATA/Dropbox/20220924_FIML_solver/data/output/field_inversion/Beta_k/u_imp_1000/FI_run_gasLike_u_imp_1000_k_imp_1_e_imp_0/FI_run_gasLike_u_imp_1000_k_imp_1_e_imp_0_state_iter_5000.dat
iter:   5100 (Jcost: 4.019334e-01) (lr = 2.193e-03) (elapsed time: 4346.989) (secs/iter:  0.821) (n_accepted: 78%) (u_error:  0.373903 %) (beta_change:  4.942774 %) (delta_change:  2.233518 %) (delta_peak/R: 10.008628 %)
iter:   5200 (Jcost: 4.018709e-01) (lr = 3.268e-04) (elapsed time: 4430.047) (secs/iter:  0.831) (n_accepted: 77%) (u_error:  0.373890 %) (beta_change:  5.018291 %) (delta_change:  2.235552 %) (delta_peak/R: 10.008735 %)
iter:   5300 (Jcost: 4.018142e-01) (lr = 2.805e-04) (elapsed time: 4493.771) (secs/iter:  0.637) (n_accepted: 79%) (u_error:  0.373887 %) (beta_change:  5.088248 %) (delta_change:  2.237241 %) (delta_peak/R: 10.008933 %)
iter:   5400 (Jcost: 4.017612e-01) (lr = 2.408e-04) (elapsed time: 4551.700) (secs/iter:  0.579) (n_accepted: 79%) (u_error:  0.373886 %) (beta_change:  5.155384 %) (delta_change:  2.238746 %) (delta_peak/R: 10.009155 %)
iter:   5500 (Jcost: 4.017022e-01) (lr = 2.858e-03) (elapsed time: 4596.426) (secs/iter:  0.447) (n_accepted: 82%) (u_error:  0.373862 %) (beta_change:  5.232529 %) (delta_change:  2.240665 %) (delta_peak/R: 10.009122 %)
-> Saved file: /media/rafael/DATA/Dropbox/20220924_FIML_solver/data/output/field_inversion/Beta_k/u_imp_1000/FI_run_gasLike_u_imp_1000_k_imp_1_e_imp_0/FI_run_gasLike_u_imp_1000_k_imp_1_e_imp_0_state_iter_5500.dat
iter:   5600 (Jcost: 4.016599e-01) (lr = 2.453e-03) (elapsed time: 4648.141) (secs/iter:  0.517) (n_accepted: 79%) (u_error:  0.373873 %) (beta_change:  5.288307 %) (delta_change:  2.241647 %) (delta_peak/R: 10.009451 %)
iter:   5700 (Jcost: 4.016094e-01) (lr = 8.774e-04) (elapsed time: 4719.701) (secs/iter:  0.716) (n_accepted: 78%) (u_error:  0.373862 %) (beta_change:  5.356912 %) (delta_change:  2.243110 %) (delta_peak/R: 10.009531 %)
iter:   5800 (Jcost: 4.015643e-01) (lr = 1.308e-04) (elapsed time: 4792.345) (secs/iter:  0.726) (n_accepted: 77%) (u_error:  0.373857 %) (beta_change:  5.419652 %) (delta_change:  2.244316 %) (delta_peak/R: 10.009676 %)
iter:   5900 (Jcost: 4.015372e-01) (lr = 6.465e-04) (elapsed time: 4840.327) (secs/iter:  0.480) (n_accepted: 81%) (u_error:  0.373854 %) (beta_change:  5.458200 %) (delta_change:  2.245041 %) (delta_peak/R: 10.009754 %)
iter:   6000 (Jcost: 4.014873e-01) (lr = 2.312e-04) (elapsed time: 4898.134) (secs/iter:  0.578) (n_accepted: 78%) (u_error:  0.373850 %) (beta_change:  5.530424 %) (delta_change:  2.246326 %) (delta_peak/R: 10.009928 %)
-> Saved file: /media/rafael/DATA/Dropbox/20220924_FIML_solver/data/output/field_inversion/Beta_k/u_imp_1000/FI_run_gasLike_u_imp_1000_k_imp_1_e_imp_0/FI_run_gasLike_u_imp_1000_k_imp_1_e_imp_0_state_iter_6000.dat
iter:   6100 (Jcost: 4.014479e-01) (lr = 2.744e-03) (elapsed time: 4970.014) (secs/iter:  0.719) (n_accepted: 82%) (u_error:  0.373866 %) (beta_change:  5.590399 %) (delta_change:  2.247095 %) (delta_peak/R: 10.010329 %)
iter:   6200 (Jcost: 4.014120e-01) (lr = 5.653e-03) (elapsed time: 5033.279) (secs/iter:  0.633) (n_accepted: 80%) (u_error:  0.373842 %) (beta_change:  5.643249 %) (delta_change:  2.248234 %) (delta_peak/R: 10.010173 %)
iter:   6300 (Jcost: 4.013694e-01) (lr = 3.510e-04) (elapsed time: 5112.898) (secs/iter:  0.796) (n_accepted: 76%) (u_error:  0.373838 %) (beta_change:  5.709273 %) (delta_change:  2.249282 %) (delta_peak/R: 10.010324 %)
iter:   6400 (Jcost: 4.013304e-01) (lr = 7.231e-04) (elapsed time: 5189.799) (secs/iter:  0.769) (n_accepted: 80%) (u_error:  0.373812 %) (beta_change:  5.771906 %) (delta_change:  2.250511 %) (delta_peak/R: 10.010181 %)
iter:   6500 (Jcost: 4.012983e-01) (lr = 8.581e-03) (elapsed time: 5271.114) (secs/iter:  0.813) (n_accepted: 82%) (u_error:  0.373829 %) (beta_change:  5.823453 %) (delta_change:  2.251022 %) (delta_peak/R: 10.010550 %)
-> Saved file: /media/rafael/DATA/Dropbox/20220924_FIML_solver/data/output/field_inversion/Beta_k/u_imp_1000/FI_run_gasLike_u_imp_1000_k_imp_1_e_imp_0/FI_run_gasLike_u_imp_1000_k_imp_1_e_imp_0_state_iter_6500.dat
iter:   6600 (Jcost: 4.012717e-01) (lr = 3.069e-03) (elapsed time: 5322.862) (secs/iter:  0.517) (n_accepted: 78%) (u_error:  0.373823 %) (beta_change:  5.867319 %) (delta_change:  2.251690 %) (delta_peak/R: 10.010605 %)
iter:   6700 (Jcost: 4.012422e-01) (lr = 7.941e-05) (elapsed time: 5369.312) (secs/iter:  0.465) (n_accepted: 75%) (u_error:  0.373812 %) (beta_change:  5.916943 %) (delta_change:  2.252471 %) (delta_peak/R: 10.010620 %)
iter:   6800 (Jcost: 4.012114e-01) (lr = 3.926e-04) (elapsed time: 5414.740) (secs/iter:  0.454) (n_accepted: 81%) (u_error:  0.373817 %) (beta_change:  5.970109 %) (delta_change:  2.253092 %) (delta_peak/R: 10.010837 %)
iter:   6900 (Jcost: 4.011893e-01) (lr = 4.659e-03) (elapsed time: 5460.831) (secs/iter:  0.461) (n_accepted: 82%) (u_error:  0.373806 %) (beta_change:  6.008772 %) (delta_change:  2.253696 %) (delta_peak/R: 10.010822 %)
iter:   7000 (Jcost: 4.011635e-01) (lr = 1.666e-03) (elapsed time: 5508.195) (secs/iter:  0.474) (n_accepted: 78%) (u_error:  0.373805 %) (beta_change:  6.054777 %) (delta_change:  2.254267 %) (delta_peak/R: 10.010944 %)
-> Saved file: /media/rafael/DATA/Dropbox/20220924_FIML_solver/data/output/field_inversion/Beta_k/u_imp_1000/FI_run_gasLike_u_imp_1000_k_imp_1_e_imp_0/FI_run_gasLike_u_imp_1000_k_imp_1_e_imp_0_state_iter_7000.dat
iter:   7100 (Jcost: 4.011358e-01) (lr = 1.430e-03) (elapsed time: 5580.341) (secs/iter:  0.721) (n_accepted: 79%) (u_error:  0.373797 %) (beta_change:  6.104968 %) (delta_change:  2.254941 %) (delta_peak/R: 10.011005 %)
iter:   7200 (Jcost: 4.011064e-01) (lr = 5.116e-04) (elapsed time: 5656.990) (secs/iter:  0.766) (n_accepted: 78%) (u_error:  0.373791 %) (beta_change:  6.159577 %) (delta_change:  2.255629 %) (delta_peak/R: 10.011098 %)
iter:   7300 (Jcost: 4.010797e-01) (lr = 1.830e-04) (elapsed time: 5737.619) (secs/iter:  0.806) (n_accepted: 78%) (u_error:  0.373789 %) (beta_change:  6.210207 %) (delta_change:  2.256205 %) (delta_peak/R: 10.011231 %)
iter:   7400 (Jcost: 4.010569e-01) (lr = 3.770e-04) (elapsed time: 5816.703) (secs/iter:  0.791) (n_accepted: 80%) (u_error:  0.373768 %) (beta_change:  6.255505 %) (delta_change:  2.256947 %) (delta_peak/R: 10.011103 %)
iter:   7500 (Jcost: 4.010351e-01) (lr = 1.074e-02) (elapsed time: 5877.154) (secs/iter:  0.605) (n_accepted: 83%) (u_error:  0.373800 %) (beta_change:  6.298872 %) (delta_change:  2.256979 %) (delta_peak/R: 10.011663 %)
-> Saved file: /media/rafael/DATA/Dropbox/20220924_FIML_solver/data/output/field_inversion/Beta_k/u_imp_1000/FI_run_gasLike_u_imp_1000_k_imp_1_e_imp_0/FI_run_gasLike_u_imp_1000_k_imp_1_e_imp_0_state_iter_7500.dat
iter:   7600 (Jcost: 4.010142e-01) (lr = 3.840e-03) (elapsed time: 5923.122) (secs/iter:  0.460) (n_accepted: 78%) (u_error:  0.373776 %) (beta_change:  6.339296 %) (delta_change:  2.257684 %) (delta_peak/R: 10.011485 %)
iter:   7700 (Jcost: 4.009947e-01) (lr = 1.373e-03) (elapsed time: 5969.302) (secs/iter:  0.462) (n_accepted: 78%) (u_error:  0.373773 %) (beta_change:  6.379101 %) (delta_change:  2.258102 %) (delta_peak/R: 10.011581 %)
iter:   7800 (Jcost: 4.009695e-01) (lr = 2.047e-04) (elapsed time: 6015.639) (secs/iter:  0.463) (n_accepted: 77%) (u_error:  0.373764 %) (beta_change:  6.431737 %) (delta_change:  2.259038 %) (delta_peak/R: 10.011658 %)
iter:   7900 (Jcost: 4.009479e-01) (lr = 4.217e-04) (elapsed time: 6059.846) (secs/iter:  0.442) (n_accepted: 80%) (u_error:  0.373771 %) (beta_change:  6.477634 %) (delta_change:  2.259791 %) (delta_peak/R: 10.011911 %)
iter:   8000 (Jcost: 4.009299e-01) (lr = 8.687e-04) (elapsed time: 6121.707) (secs/iter:  0.619) (n_accepted: 80%) (u_error:  0.373737 %) (beta_change:  6.519061 %) (delta_change:  2.260942 %) (delta_peak/R: 10.011619 %)
-> Saved file: /media/rafael/DATA/Dropbox/20220924_FIML_solver/data/output/field_inversion/Beta_k/u_imp_1000/FI_run_gasLike_u_imp_1000_k_imp_1_e_imp_0/FI_run_gasLike_u_imp_1000_k_imp_1_e_imp_0_state_iter_8000.dat
iter:   8100 (Jcost: 4.009171e-01) (lr = 3.107e-04) (elapsed time: 6201.274) (secs/iter:  0.796) (n_accepted: 78%) (u_error:  0.373762 %) (beta_change:  6.544607 %) (delta_change:  2.261077 %) (delta_peak/R: 10.012043 %)
iter:   8200 (Jcost: 4.009026e-01) (lr = 3.687e-03) (elapsed time: 6274.699) (secs/iter:  0.734) (n_accepted: 82%) (u_error:  0.373752 %) (beta_change:  6.577081 %) (delta_change:  2.261752 %) (delta_peak/R: 10.012036 %)
iter:   8300 (Jcost: 4.008871e-01) (lr = 9.539e-05) (elapsed time: 6348.519) (secs/iter:  0.738) (n_accepted: 75%) (u_error:  0.373751 %) (beta_change:  6.611989 %) (delta_change:  2.262354 %) (delta_peak/R: 10.012149 %)
iter:   8400 (Jcost: 4.008717e-01) (lr = 2.717e-03) (elapsed time: 6420.500) (secs/iter:  0.720) (n_accepted: 83%) (u_error:  0.373727 %) (beta_change:  6.649611 %) (delta_change:  2.263253 %) (delta_peak/R: 10.011992 %)
iter:   8500 (Jcost: 4.008595e-01) (lr = 2.332e-03) (elapsed time: 6492.446) (secs/iter:  0.719) (n_accepted: 79%) (u_error:  0.373746 %) (beta_change:  6.675890 %) (delta_change:  2.263443 %) (delta_peak/R: 10.012340 %)
-> Saved file: /media/rafael/DATA/Dropbox/20220924_FIML_solver/data/output/field_inversion/Beta_k/u_imp_1000/FI_run_gasLike_u_imp_1000_k_imp_1_e_imp_0/FI_run_gasLike_u_imp_1000_k_imp_1_e_imp_0_state_iter_8500.dat
iter:   8600 (Jcost: 4.008417e-01) (lr = 3.475e-04) (elapsed time: 6572.088) (secs/iter:  0.796) (n_accepted: 77%) (u_error:  0.373745 %) (beta_change:  6.717848 %) (delta_change:  2.264108 %) (delta_peak/R: 10.012500 %)
iter:   8700 (Jcost: 4.008277e-01) (lr = 1.243e-04) (elapsed time: 6645.662) (secs/iter:  0.736) (n_accepted: 78%) (u_error:  0.373738 %) (beta_change:  6.751575 %) (delta_change:  2.264705 %) (delta_peak/R: 10.012550 %)
iter:   8800 (Jcost: 4.008132e-01) (lr = 3.540e-03) (elapsed time: 6716.425) (secs/iter:  0.708) (n_accepted: 83%) (u_error:  0.373745 %) (beta_change:  6.787501 %) (delta_change:  2.265160 %) (delta_peak/R: 10.012785 %)
iter:   8900 (Jcost: 4.008043e-01) (lr = 2.198e-04) (elapsed time: 6790.744) (secs/iter:  0.743) (n_accepted: 76%) (u_error:  0.373734 %) (beta_change:  6.809059 %) (delta_change:  2.265607 %) (delta_peak/R: 10.012736 %)
iter:   9000 (Jcost: 4.007884e-01) (lr = 2.608e-03) (elapsed time: 6860.431) (secs/iter:  0.697) (n_accepted: 82%) (u_error:  0.373742 %) (beta_change:  6.849758 %) (delta_change:  2.266080 %) (delta_peak/R: 10.013028 %)
-> Saved file: /media/rafael/DATA/Dropbox/20220924_FIML_solver/data/output/field_inversion/Beta_k/u_imp_1000/FI_run_gasLike_u_imp_1000_k_imp_1_e_imp_0/FI_run_gasLike_u_imp_1000_k_imp_1_e_imp_0_state_iter_9000.dat
iter:   9100 (Jcost: 4.007778e-01) (lr = 5.374e-03) (elapsed time: 6938.618) (secs/iter:  0.782) (n_accepted: 80%) (u_error:  0.373727 %) (beta_change:  6.876008 %) (delta_change:  2.266634 %) (delta_peak/R: 10.012943 %)
iter:   9200 (Jcost: 4.007650e-01) (lr = 4.613e-03) (elapsed time: 7012.616) (secs/iter:  0.740) (n_accepted: 79%) (u_error:  0.373728 %) (beta_change:  6.909331 %) (delta_change:  2.267068 %) (delta_peak/R: 10.013114 %)
iter:   9300 (Jcost: 4.007523e-01) (lr = 1.650e-03) (elapsed time: 7082.664) (secs/iter:  0.700) (n_accepted: 78%) (u_error:  0.373718 %) (beta_change:  6.942725 %) (delta_change:  2.267629 %) (delta_peak/R: 10.013143 %)
iter:   9400 (Jcost: 4.007401e-01) (lr = 2.459e-04) (elapsed time: 7141.946) (secs/iter:  0.593) (n_accepted: 77%) (u_error:  0.373716 %) (beta_change:  6.974989 %) (delta_change:  2.268075 %) (delta_peak/R: 10.013264 %)
iter:   9500 (Jcost: 4.007276e-01) (lr = 2.111e-04) (elapsed time: 7184.577) (secs/iter:  0.426) (n_accepted: 79%) (u_error:  0.373734 %) (beta_change:  7.010809 %) (delta_change:  2.268309 %) (delta_peak/R: 10.013667 %)
-> Saved file: /media/rafael/DATA/Dropbox/20220924_FIML_solver/data/output/field_inversion/Beta_k/u_imp_1000/FI_run_gasLike_u_imp_1000_k_imp_1_e_imp_0/FI_run_gasLike_u_imp_1000_k_imp_1_e_imp_0_state_iter_9500.dat
iter:   9600 (Jcost: 4.007180e-01) (lr = 6.011e-03) (elapsed time: 7232.486) (secs/iter:  0.479) (n_accepted: 83%) (u_error:  0.373710 %) (beta_change:  7.035235 %) (delta_change:  2.268900 %) (delta_peak/R: 10.013478 %)
iter:   9700 (Jcost: 4.007079e-01) (lr = 5.160e-03) (elapsed time: 7298.890) (secs/iter:  0.664) (n_accepted: 79%) (u_error:  0.373709 %) (beta_change:  7.063283 %) (delta_change:  2.269243 %) (delta_peak/R: 10.013610 %)
iter:   9800 (Jcost: 4.006969e-01) (lr = 1.845e-03) (elapsed time: 7370.322) (secs/iter:  0.714) (n_accepted: 78%) (u_error:  0.373706 %) (beta_change:  7.094359 %) (delta_change:  2.269655 %) (delta_peak/R: 10.013718 %)
iter:   9900 (Jcost: 4.006870e-01) (lr = 6.600e-04) (elapsed time: 7439.968) (secs/iter:  0.696) (n_accepted: 78%) (u_error:  0.373704 %) (beta_change:  7.122863 %) (delta_change:  2.270001 %) (delta_peak/R: 10.013843 %)
iter:  10000 (Jcost: 4.006756e-01) (lr = 2.361e-04) (elapsed time: 7511.730) (secs/iter:  0.718) (n_accepted: 78%) (u_error:  0.373699 %) (beta_change:  7.155778 %) (delta_change:  2.270428 %) (delta_peak/R: 10.013952 %)
-> Saved file: /media/rafael/DATA/Dropbox/20220924_FIML_solver/data/output/field_inversion/Beta_k/u_imp_1000/FI_run_gasLike_u_imp_1000_k_imp_1_e_imp_0/FI_run_gasLike_u_imp_1000_k_imp_1_e_imp_0_state_iter_10000.dat
iter:  10100 (Jcost: 4.006670e-01) (lr = 1.167e-03) (elapsed time: 7591.771) (secs/iter:  0.800) (n_accepted: 81%) (u_error:  0.373707 %) (beta_change:  7.181593 %) (delta_change:  2.270614 %) (delta_peak/R: 10.014188 %)
iter:  10200 (Jcost: 4.006582e-01) (lr = 2.405e-03) (elapsed time: 7660.537) (secs/iter:  0.688) (n_accepted: 80%) (u_error:  0.373695 %) (beta_change:  7.207443 %) (delta_change:  2.271034 %) (delta_peak/R: 10.014173 %)
iter:  10300 (Jcost: 4.006498e-01) (lr = 2.064e-03) (elapsed time: 7734.099) (secs/iter:  0.736) (n_accepted: 79%) (u_error:  0.373694 %) (beta_change:  7.232600 %) (delta_change:  2.271305 %) (delta_peak/R: 10.014299 %)
iter:  10400 (Jcost: 4.006404e-01) (lr = 7.383e-04) (elapsed time: 7804.649) (secs/iter:  0.705) (n_accepted: 78%) (u_error:  0.373691 %) (beta_change:  7.261504 %) (delta_change:  2.271628 %) (delta_peak/R: 10.014425 %)
iter:  10500 (Jcost: 4.006315e-01) (lr = 2.641e-04) (elapsed time: 7879.489) (secs/iter:  0.748) (n_accepted: 78%) (u_error:  0.373686 %) (beta_change:  7.288840 %) (delta_change:  2.271954 %) (delta_peak/R: 10.014519 %)
-> Saved file: /media/rafael/DATA/Dropbox/20220924_FIML_solver/data/output/field_inversion/Beta_k/u_imp_1000/FI_run_gasLike_u_imp_1000_k_imp_1_e_imp_0/FI_run_gasLike_u_imp_1000_k_imp_1_e_imp_0_state_iter_10500.dat
iter:  10600 (Jcost: 4.006238e-01) (lr = 2.267e-04) (elapsed time: 7949.601) (secs/iter:  0.701) (n_accepted: 79%) (u_error:  0.373684 %) (beta_change:  7.313088 %) (delta_change:  2.272206 %) (delta_peak/R: 10.014635 %)
iter:  10700 (Jcost: 4.006167e-01) (lr = 2.690e-03) (elapsed time: 8019.720) (secs/iter:  0.701) (n_accepted: 82%) (u_error:  0.373671 %) (beta_change:  7.336522 %) (delta_change:  2.272591 %) (delta_peak/R: 10.014594 %)
iter:  10800 (Jcost: 4.006085e-01) (lr = 5.541e-03) (elapsed time: 8089.373) (secs/iter:  0.697) (n_accepted: 80%) (u_error:  0.373678 %) (beta_change:  7.361775 %) (delta_change:  2.272738 %) (delta_peak/R: 10.014830 %)
iter:  10900 (Jcost: 4.006009e-01) (lr = 8.258e-04) (elapsed time: 8157.133) (secs/iter:  0.678) (n_accepted: 77%) (u_error:  0.373674 %) (beta_change:  7.386421 %) (delta_change:  2.272995 %) (delta_peak/R: 10.014936 %)
iter:  11000 (Jcost: 4.005934e-01) (lr = 2.954e-04) (elapsed time: 8229.398) (secs/iter:  0.723) (n_accepted: 78%) (u_error:  0.373674 %) (beta_change:  7.411063 %) (delta_change:  2.273216 %) (delta_peak/R: 10.015074 %)
-> Saved file: /media/rafael/DATA/Dropbox/20220924_FIML_solver/data/output/field_inversion/Beta_k/u_imp_1000/FI_run_gasLike_u_imp_1000_k_imp_1_e_imp_0/FI_run_gasLike_u_imp_1000_k_imp_1_e_imp_0_state_iter_11000.dat
iter:  11100 (Jcost: 4.005870e-01) (lr = 2.535e-04) (elapsed time: 8308.848) (secs/iter:  0.794) (n_accepted: 79%) (u_error:  0.373673 %) (beta_change:  7.432187 %) (delta_change:  2.273399 %) (delta_peak/R: 10.015196 %)
iter:  11200 (Jcost: 4.005804e-01) (lr = 2.176e-04) (elapsed time: 8380.503) (secs/iter:  0.717) (n_accepted: 79%) (u_error:  0.373683 %) (beta_change:  7.455560 %) (delta_change:  2.273470 %) (delta_peak/R: 10.015467 %)
iter:  11300 (Jcost: 4.005740e-01) (lr = 6.198e-03) (elapsed time: 8451.696) (secs/iter:  0.712) (n_accepted: 83%) (u_error:  0.373674 %) (beta_change:  7.476206 %) (delta_change:  2.273743 %) (delta_peak/R: 10.015481 %)
iter:  11400 (Jcost: 4.005679e-01) (lr = 1.277e-02) (elapsed time: 8523.620) (secs/iter:  0.719) (n_accepted: 80%) (u_error:  0.373678 %) (beta_change:  7.498052 %) (delta_change:  2.273868 %) (delta_peak/R: 10.015665 %)
iter:  11500 (Jcost: 4.005620e-01) (lr = 4.567e-03) (elapsed time: 8594.277) (secs/iter:  0.707) (n_accepted: 78%) (u_error:  0.373664 %) (beta_change:  7.517199 %) (delta_change:  2.274170 %) (delta_peak/R: 10.015620 %)
-> Saved file: /media/rafael/DATA/Dropbox/20220924_FIML_solver/data/output/field_inversion/Beta_k/u_imp_1000/FI_run_gasLike_u_imp_1000_k_imp_1_e_imp_0/FI_run_gasLike_u_imp_1000_k_imp_1_e_imp_0_state_iter_11500.dat
iter:  11600 (Jcost: 4.005569e-01) (lr = 6.806e-04) (elapsed time: 8671.440) (secs/iter:  0.772) (n_accepted: 77%) (u_error:  0.373661 %) (beta_change:  7.535126 %) (delta_change:  2.274341 %) (delta_peak/R: 10.015694 %)
iter:  11700 (Jcost: 4.005510e-01) (lr = 5.843e-04) (elapsed time: 8743.221) (secs/iter:  0.718) (n_accepted: 79%) (u_error:  0.373659 %) (beta_change:  7.555886 %) (delta_change:  2.274513 %) (delta_peak/R: 10.015804 %)
iter:  11800 (Jcost: 4.005455e-01) (lr = 6.933e-03) (elapsed time: 8814.040) (secs/iter:  0.708) (n_accepted: 82%) (u_error:  0.373656 %) (beta_change:  7.575268 %) (delta_change:  2.274686 %) (delta_peak/R: 10.015891 %)
iter:  11900 (Jcost: 4.005403e-01) (lr = 2.480e-03) (elapsed time: 8884.979) (secs/iter:  0.709) (n_accepted: 78%) (u_error:  0.373655 %) (beta_change:  7.593991 %) (delta_change:  2.274830 %) (delta_peak/R: 10.015997 %)
iter:  12000 (Jcost: 4.005355e-01) (lr = 8.869e-04) (elapsed time: 8961.464) (secs/iter:  0.765) (n_accepted: 78%) (u_error:  0.373651 %) (beta_change:  7.611168 %) (delta_change:  2.274993 %) (delta_peak/R: 10.016060 %)
-> Saved file: /media/rafael/DATA/Dropbox/20220924_FIML_solver/data/output/field_inversion/Beta_k/u_imp_1000/FI_run_gasLike_u_imp_1000_k_imp_1_e_imp_0/FI_run_gasLike_u_imp_1000_k_imp_1_e_imp_0_state_iter_12000.dat
iter:  12100 (Jcost: 4.005299e-01) (lr = 3.172e-04) (elapsed time: 9035.534) (secs/iter:  0.741) (n_accepted: 78%) (u_error:  0.373648 %) (beta_change:  7.631607 %) (delta_change:  2.275156 %) (delta_peak/R: 10.016164 %)
iter:  12200 (Jcost: 4.005249e-01) (lr = 1.135e-04) (elapsed time: 9108.523) (secs/iter:  0.730) (n_accepted: 78%) (u_error:  0.373649 %) (beta_change:  7.652024 %) (delta_change:  2.275257 %) (delta_peak/R: 10.016305 %)
iter:  12300 (Jcost: 4.005205e-01) (lr = 5.610e-04) (elapsed time: 9179.449) (secs/iter:  0.709) (n_accepted: 81%) (u_error:  0.373641 %) (beta_change:  7.672353 %) (delta_change:  2.275457 %) (delta_peak/R: 10.016313 %)
iter:  12400 (Jcost: 4.005164e-01) (lr = 6.657e-03) (elapsed time: 9248.176) (secs/iter:  0.687) (n_accepted: 82%) (u_error:  0.373645 %) (beta_change:  7.690849 %) (delta_change:  2.275493 %) (delta_peak/R: 10.016474 %)
iter:  12500 (Jcost: 4.005121e-01) (lr = 1.722e-04) (elapsed time: 9320.757) (secs/iter:  0.726) (n_accepted: 75%) (u_error:  0.373644 %) (beta_change:  7.710645 %) (delta_change:  2.275601 %) (delta_peak/R: 10.016569 %)
-> Saved file: /media/rafael/DATA/Dropbox/20220924_FIML_solver/data/output/field_inversion/Beta_k/u_imp_1000/FI_run_gasLike_u_imp_1000_k_imp_1_e_imp_0/FI_run_gasLike_u_imp_1000_k_imp_1_e_imp_0_state_iter_12500.dat
iter:  12600 (Jcost: 4.005079e-01) (lr = 1.177e-02) (elapsed time: 9395.995) (secs/iter:  0.752) (n_accepted: 84%) (u_error:  0.373652 %) (beta_change:  7.731472 %) (delta_change:  2.275595 %) (delta_peak/R: 10.016793 %)
iter:  12700 (Jcost: 4.005041e-01) (lr = 4.210e-03) (elapsed time: 9467.006) (secs/iter:  0.710) (n_accepted: 78%) (u_error:  0.373638 %) (beta_change:  7.748457 %) (delta_change:  2.275841 %) (delta_peak/R: 10.016707 %)
iter:  12800 (Jcost: 4.005004e-01) (lr = 1.506e-03) (elapsed time: 9539.559) (secs/iter:  0.726) (n_accepted: 78%) (u_error:  0.373638 %) (beta_change:  7.766007 %) (delta_change:  2.275918 %) (delta_peak/R: 10.016805 %)
iter:  12900 (Jcost: 4.004961e-01) (lr = 9.351e-05) (elapsed time: 9612.582) (secs/iter:  0.730) (n_accepted: 76%) (u_error:  0.373636 %) (beta_change:  7.786417 %) (delta_change:  2.276027 %) (delta_peak/R: 10.016896 %)
iter:  13000 (Jcost: 4.004917e-01) (lr = 1.110e-03) (elapsed time: 9680.808) (secs/iter:  0.682) (n_accepted: 82%) (u_error:  0.373628 %) (beta_change:  7.808345 %) (delta_change:  2.276214 %) (delta_peak/R: 10.016917 %)
-> Saved file: /media/rafael/DATA/Dropbox/20220924_FIML_solver/data/output/field_inversion/Beta_k/u_imp_1000/FI_run_gasLike_u_imp_1000_k_imp_1_e_imp_0/FI_run_gasLike_u_imp_1000_k_imp_1_e_imp_0_state_iter_13000.dat
iter:  13100 (Jcost: 4.004880e-01) (lr = 5.487e-03) (elapsed time: 9757.158) (secs/iter:  0.763) (n_accepted: 81%) (u_error:  0.373635 %) (beta_change:  7.826282 %) (delta_change:  2.276194 %) (delta_peak/R: 10.017114 %)
iter:  13200 (Jcost: 4.004841e-01) (lr = 1.962e-03) (elapsed time: 9825.053) (secs/iter:  0.679) (n_accepted: 78%) (u_error:  0.373633 %) (beta_change:  7.845800 %) (delta_change:  2.276292 %) (delta_peak/R: 10.017201 %)
iter:  13300 (Jcost: 4.004803e-01) (lr = 2.924e-04) (elapsed time: 9898.878) (secs/iter:  0.738) (n_accepted: 77%) (u_error:  0.373630 %) (beta_change:  7.864940 %) (delta_change:  2.276395 %) (delta_peak/R: 10.017275 %)
iter:  13400 (Jcost: 4.004772e-01) (lr = 8.329e-03) (elapsed time: 9966.019) (secs/iter:  0.671) (n_accepted: 83%) (u_error:  0.373628 %) (beta_change:  7.880618 %) (delta_change:  2.276477 %) (delta_peak/R: 10.017338 %)
iter:  13500 (Jcost: 4.004735e-01) (lr = 2.979e-03) (elapsed time: 10037.103) (secs/iter:  0.711) (n_accepted: 78%) (u_error:  0.373625 %) (beta_change:  7.899338 %) (delta_change:  2.276569 %) (delta_peak/R: 10.017416 %)
-> Saved file: /media/rafael/DATA/Dropbox/20220924_FIML_solver/data/output/field_inversion/Beta_k/u_imp_1000/FI_run_gasLike_u_imp_1000_k_imp_1_e_imp_0/FI_run_gasLike_u_imp_1000_k_imp_1_e_imp_0_state_iter_13500.dat
iter:  13600 (Jcost: 4.004696e-01) (lr = 1.065e-03) (elapsed time: 10111.394) (secs/iter:  0.743) (n_accepted: 78%) (u_error:  0.373625 %) (beta_change:  7.919422 %) (delta_change:  2.276642 %) (delta_peak/R: 10.017526 %)
iter:  13700 (Jcost: 4.004654e-01) (lr = 1.588e-04) (elapsed time: 10183.721) (secs/iter:  0.723) (n_accepted: 77%) (u_error:  0.373621 %) (beta_change:  7.941072 %) (delta_change:  2.276748 %) (delta_peak/R: 10.017612 %)
iter:  13800 (Jcost: 4.004624e-01) (lr = 3.271e-04) (elapsed time: 10257.753) (secs/iter:  0.740) (n_accepted: 80%) (u_error:  0.373627 %) (beta_change:  7.957461 %) (delta_change:  2.276727 %) (delta_peak/R: 10.017782 %)
iter:  13900 (Jcost: 4.004594e-01) (lr = 9.316e-03) (elapsed time: 10327.008) (secs/iter:  0.693) (n_accepted: 83%) (u_error:  0.373617 %) (beta_change:  7.973117 %) (delta_change:  2.276896 %) (delta_peak/R: 10.017743 %)
iter:  14000 (Jcost: 4.004564e-01) (lr = 7.997e-03) (elapsed time: 10398.458) (secs/iter:  0.714) (n_accepted: 79%) (u_error:  0.373618 %) (beta_change:  7.989231 %) (delta_change:  2.276922 %) (delta_peak/R: 10.017858 %)
-> Saved file: /media/rafael/DATA/Dropbox/20220924_FIML_solver/data/output/field_inversion/Beta_k/u_imp_1000/FI_run_gasLike_u_imp_1000_k_imp_1_e_imp_0/FI_run_gasLike_u_imp_1000_k_imp_1_e_imp_0_state_iter_14000.dat
iter:  14100 (Jcost: 4.004539e-01) (lr = 2.860e-03) (elapsed time: 10455.064) (secs/iter:  0.566) (n_accepted: 78%) (u_error:  0.373616 %) (beta_change:  8.002302 %) (delta_change:  2.276983 %) (delta_peak/R: 10.017908 %)
iter:  14200 (Jcost: 4.004500e-01) (lr = 4.262e-04) (elapsed time: 10513.993) (secs/iter:  0.589) (n_accepted: 77%) (u_error:  0.373614 %) (beta_change:  8.023687 %) (delta_change:  2.277065 %) (delta_peak/R: 10.018006 %)
iter:  14300 (Jcost: 4.004469e-01) (lr = 1.525e-04) (elapsed time: 10585.875) (secs/iter:  0.719) (n_accepted: 78%) (u_error:  0.373612 %) (beta_change:  8.040333 %) (delta_change:  2.277121 %) (delta_peak/R: 10.018090 %)
iter:  14400 (Jcost: 4.004435e-01) (lr = 1.042e-02) (elapsed time: 10649.600) (secs/iter:  0.637) (n_accepted: 84%) (u_error:  0.373615 %) (beta_change:  8.059546 %) (delta_change:  2.277127 %) (delta_peak/R: 10.018245 %)
iter:  14500 (Jcost: 4.004408e-01) (lr = 8.945e-03) (elapsed time: 10717.400) (secs/iter:  0.678) (n_accepted: 79%) (u_error:  0.373608 %) (beta_change:  8.074292 %) (delta_change:  2.277256 %) (delta_peak/R: 10.018232 %)
-> Saved file: /media/rafael/DATA/Dropbox/20220924_FIML_solver/data/output/field_inversion/Beta_k/u_imp_1000/FI_run_gasLike_u_imp_1000_k_imp_1_e_imp_0/FI_run_gasLike_u_imp_1000_k_imp_1_e_imp_0_state_iter_14500.dat
iter:  14600 (Jcost: 4.004386e-01) (lr = 3.199e-03) (elapsed time: 10776.435) (secs/iter:  0.590) (n_accepted: 78%) (u_error:  0.373607 %) (beta_change:  8.086647 %) (delta_change:  2.277293 %) (delta_peak/R: 10.018293 %)
iter:  14700 (Jcost: 4.004357e-01) (lr = 1.144e-03) (elapsed time: 10815.873) (secs/iter:  0.394) (n_accepted: 78%) (u_error:  0.373607 %) (beta_change:  8.103010 %) (delta_change:  2.277315 %) (delta_peak/R: 10.018404 %)
iter:  14800 (Jcost: 4.004327e-01) (lr = 4.093e-04) (elapsed time: 10870.052) (secs/iter:  0.542) (n_accepted: 78%) (u_error:  0.373609 %) (beta_change:  8.120167 %) (delta_change:  2.277334 %) (delta_peak/R: 10.018522 %)
iter:  14900 (Jcost: 4.004301e-01) (lr = 1.166e-02) (elapsed time: 10921.880) (secs/iter:  0.518) (n_accepted: 83%) (u_error:  0.373596 %) (beta_change:  8.135761 %) (delta_change:  2.277509 %) (delta_peak/R: 10.018462 %)
iter:  15000 (Jcost: 4.004282e-01) (lr = 1.737e-03) (elapsed time: 10991.805) (secs/iter:  0.699) (n_accepted: 77%) (u_error:  0.373604 %) (beta_change:  8.146300 %) (delta_change:  2.277436 %) (delta_peak/R: 10.018622 %)
-> Saved file: /media/rafael/DATA/Dropbox/20220924_FIML_solver/data/output/field_inversion/Beta_k/u_imp_1000/FI_run_gasLike_u_imp_1000_k_imp_1_e_imp_0/FI_run_gasLike_u_imp_1000_k_imp_1_e_imp_0_state_iter_15000.dat
iter:  15000 (Jcost: 4.004281e-01) (lr = 2.084e-03) (elapsed time: 10997.450) (secs/iter:   None) (n_accepted: 0%) (u_error:  0.373603 %) (beta_change:  8.146452 %) (delta_change:  2.277447 %) (delta_peak/R: 10.018612 %)
