# ------------------------------------------------------------------------
#                  Input Arguments
# ------------------------------------------------------------------------
# Begin_Input_Arguments
{ 'all_b_mode': ['Beta_e'],
  'args_mk_solver': { 'torch': "<module 'torch' from "
                               "'/home/rafael/anaconda3/lib/python3.9/site-packages/torch/__init__.py'>",
                      'y_grid': [0.0, 0.000309700312, 0.000638645973, 0.00098802599, 0.00135910194, 0.00175321227, 0.00217177688, 0.00261630193, 0.00308838486, 0.00358971984, 0.00412210331, 0.00468744001, 0.00528774917, 0.00592517114, 0.00660197432, 0.0073205624, 0.00808348206, 0.00889343092, 0.00975326602, 0.0106660126, 0.0116348733, 0.0126632377, 0.0137546927, 0.0149130326, 0.0161422702, 0.0174466482, 0.0188306506, 0.0202990157, 0.0218567475, 0.02350913, 0.0252617393, 0.0271204584, 0.0290914903, 0.0311813732, 0.033396994, 0.0357456039, 0.0382348325, 0.0408727029, 0.0436676462, 0.0466285159, 0.0497646022, 0.0530856456, 0.0566018496, 0.0603238931, 0.0642629411, 0.068430655, 0.0728392004, 0.0775012535, 0.0824300053, 0.0876391634, 0.0931429507, 0.0989561006, 0.105093849, 0.111571922, 0.118406518, 0.125614286, 0.133212296, 0.141218006, 0.14964922, 0.158524039, 0.167860801, 0.177678022, 0.187994313, 0.1988283, 0.21019853, 0.222123362, 0.234620856, 0.247708641, 0.261403784, 0.275722637, 0.290680679, 0.306292354, 0.322570888, 0.339528108, 0.357174255, 0.375517785, 0.394565175, 0.414320726, 0.43478637, 0.45596148, 0.47784269, 0.500423731, 0.523695275, 0.547644806, 0.572256506, 0.597511177, 0.623386184, 0.649855436, 0.676889401, 0.704455158, 0.73251649, 0.761034018, 0.789965372, 0.819265404, 0.848886442, 0.878778572, 0.908889961, 0.939167201, 0.969555687, 1.0],
                      'Ret': 550,
                      'cp': 1.0,
                      'A_sca_rho': 1.0,
                      'A_sca_mu': 0.0018181818181818182,
                      'A_sca_k': 0.0018181818181818182,
                      'b_exp_rho': 0,
                      'b_exp_mu': 0,
                      'b_exp_k': 0,
                      'tensor_device': 'cpu',
                      'as_tensor': '<function '
                                   'Build_arguments_fi_run._mk_args_MK_solver.<locals>.<lambda> '
                                   'at 0x7fb6e161ce50>',
                      'ref_dns': { 'u_dns': [8.593757917394234e-19, 0.07471691589104469, 0.1881727004132301, 0.34024053525192943, 0.5290903786622478, 0.7505971107711776, 0.9975947127112981, 1.2589850205711581, 1.5252396136228326, 1.7982462119349392, 2.0829357735131206, 2.3857302353738414, 2.7089432065394194, 3.050945039711519, 3.4091223548178564, 3.782127367535942, 4.1700006341792175, 4.572559206734663, 4.988429662523664, 5.415318077396213, 5.850814714968657, 6.292561592248587, 6.7381366477600935, 7.185585773925325, 7.632137069228108, 8.073177901040397, 8.505475210894412, 8.92904806893342, 9.341538918661833, 9.738847344999998, 10.120700612218469, 10.487173554902961, 10.837083210467702, 11.16985113012744, 11.48531319, 11.783968277974044, 12.067051956270259, 12.334613590427661, 12.587013037035526, 12.824949612414834, 13.049715393551512, 13.262527625765975, 13.46409622827462, 13.656043944901143, 13.839568234426396, 14.014739770000004, 14.18209793444786, 14.34265636355098, 14.498146189098755, 14.650338691255413, 14.799437042171483, 14.945660750293424, 15.089457459999997, 15.231254089999998, 15.371804680000002, 15.5117742, 15.651273270000003, 15.79054652, 15.929914200000002, 16.069433120000003, 16.20923658, 16.349488710000003, 16.49016887, 16.63132991, 16.77310268, 16.915478070000006, 17.05847983, 17.20219303, 17.346598240000002, 17.491719599999996, 17.637647859999998, 17.784289440000002, 17.93149044, 18.07914898, 18.227217710000005, 18.375725669999998, 18.52475044, 18.67400239, 18.822941950000008, 18.97098914, 19.11750379, 19.26179744, 19.403179750000003, 19.54136704, 19.676447680000003, 19.808628650000003, 19.93792105, 20.063891320000003, 20.186075310000007, 20.303947310000005, 20.41647498, 20.522382620000002, 20.62035349, 20.709052699999997, 20.78717375, 20.85343608, 20.906593319999995, 20.945452869999997, 20.96899738000001, 20.97686483],
                                   'T_dns': [1.0000000000000004, 1.0000000000000002, 1.0, 1.0000000000000002, 1.0, 1.0000000000000004, 1.0, 1.0000000000000002, 1.0, 0.9999999999999998, 1.0, 1.0000000000000002, 0.9999999999999998, 1.0000000000000004, 1.0, 1.0000000000000002, 1.0000000000000002, 1.0, 1.0, 1.0000000000000002, 1.0, 1.0, 0.9999999999999998, 1.0, 0.9999999999999999, 1.0000000000000004, 0.9999999999999998, 0.9999999999999998, 0.9999999999999999, 1.0, 1.0, 1.0000000000000004, 0.9999999999999998, 1.0000000000000002, 1.0, 1.0, 1.0, 1.0, 1.0, 1.0, 0.9999999999999996, 0.9999999999999999, 1.0, 1.0, 1.0, 1.0, 0.9999999999999998, 1.0000000000000004, 1.0000000000000002, 0.9999999999999999, 1.0, 0.9999999999999999, 0.9999999999999998, 0.9999999999999999, 1.0, 1.0, 1.0000000000000002, 0.9999999999999998, 1.0000000000000002, 1.0000000000000002, 1.0000000000000002, 1.0, 1.0, 1.0, 1.0, 1.0000000000000002, 0.9999999999999999, 1.0, 1.0, 0.9999999999999998, 0.9999999999999998, 0.9999999999999998, 1.0, 1.0, 1.0, 1.0, 1.0, 1.0, 1.0, 0.9999999999999999, 0.9999999999999999, 0.9999999999999999, 1.0, 1.0, 1.0000000000000002, 1.0000000000000002, 1.0, 1.0, 1.0000000000000004, 1.0000000000000002, 1.0, 1.0000000000000002, 0.9999999999999998, 1.0000000000000002, 0.9999999999999998, 1.0, 1.0, 1.0, 1.0, 1.0],
                                   'mu_dns': [0.0018181818181818182, 0.0018181818181818182, 0.0018181818181818182, 0.0018181818181818182, 0.0018181818181818182, 0.0018181818181818182, 0.0018181818181818182, 0.0018181818181818182, 0.0018181818181818182, 0.0018181818181818182, 0.0018181818181818182, 0.0018181818181818182, 0.0018181818181818182, 0.0018181818181818182, 0.0018181818181818182, 0.0018181818181818182, 0.0018181818181818182, 0.0018181818181818182, 0.0018181818181818182, 0.0018181818181818182, 0.0018181818181818182, 0.0018181818181818182, 0.0018181818181818182, 0.0018181818181818182, 0.0018181818181818182, 0.0018181818181818182, 0.0018181818181818182, 0.0018181818181818182, 0.0018181818181818182, 0.0018181818181818182, 0.0018181818181818182, 0.0018181818181818182, 0.0018181818181818182, 0.0018181818181818182, 0.0018181818181818182, 0.0018181818181818182, 0.0018181818181818182, 0.0018181818181818182, 0.0018181818181818182, 0.0018181818181818182, 0.0018181818181818182, 0.0018181818181818182, 0.0018181818181818182, 0.0018181818181818182, 0.0018181818181818182, 0.0018181818181818182, 0.0018181818181818182, 0.0018181818181818182, 0.0018181818181818182, 0.0018181818181818182, 0.0018181818181818182, 0.0018181818181818182, 0.0018181818181818182, 0.0018181818181818182, 0.0018181818181818182, 0.0018181818181818182, 0.0018181818181818182, 0.0018181818181818182, 0.0018181818181818182, 0.0018181818181818182, 0.0018181818181818182, 0.0018181818181818182, 0.0018181818181818182, 0.0018181818181818182, 0.0018181818181818182, 0.0018181818181818182, 0.0018181818181818182, 0.0018181818181818182, 0.0018181818181818182, 0.0018181818181818182, 0.0018181818181818182, 0.0018181818181818182, 0.0018181818181818182, 0.0018181818181818182, 0.0018181818181818182, 0.0018181818181818182, 0.0018181818181818182, 0.0018181818181818182, 0.0018181818181818182, 0.0018181818181818182, 0.0018181818181818182, 0.0018181818181818182, 0.0018181818181818182, 0.0018181818181818182, 0.0018181818181818182, 0.0018181818181818182, 0.0018181818181818182, 0.0018181818181818182, 0.0018181818181818182, 0.0018181818181818182, 0.0018181818181818182, 0.0018181818181818182, 0.0018181818181818182, 0.0018181818181818182, 0.0018181818181818182, 0.0018181818181818182, 0.0018181818181818182, 0.0018181818181818182, 0.0018181818181818182, 0.0018181818181818182],
                                   'rho_dns': [1.0, 1.0, 1.0, 1.0, 1.0, 1.0, 1.0, 1.0, 1.0, 1.0, 1.0, 1.0, 1.0, 1.0, 1.0, 1.0, 1.0, 1.0, 1.0, 1.0, 1.0, 1.0, 1.0, 1.0, 1.0, 1.0, 1.0, 1.0, 1.0, 1.0, 1.0, 1.0, 1.0, 1.0, 1.0, 1.0, 1.0, 1.0, 1.0, 1.0, 1.0, 1.0, 1.0, 1.0, 1.0, 1.0, 1.0, 1.0, 1.0, 1.0, 1.0, 1.0, 1.0, 1.0, 1.0, 1.0, 1.0, 1.0, 1.0, 1.0, 1.0, 1.0, 1.0, 1.0, 1.0, 1.0, 1.0, 1.0, 1.0, 1.0, 1.0, 1.0, 1.0, 1.0, 1.0, 1.0, 1.0, 1.0, 1.0, 1.0, 1.0, 1.0, 1.0, 1.0, 1.0, 1.0, 1.0, 1.0, 1.0, 1.0, 1.0, 1.0, 1.0, 1.0, 1.0, 1.0, 1.0, 1.0, 1.0, 1.0]},
                      'case': 'T31_CP550',
                      'constant_Sq_heat': 0.0,
                      'use_visc_heating': False,
                      'Pr_turb': 1.0,
                      'fprint': '<function '
                                'Build_arguments_fi_run._mk_args_MK_solver.<locals>.<lambda> '
                                'at 0x7fb6e161cd30>',
                      'compressible_correction': False,
                      'bool_solve_energy': False,
                      'output_last': False},
  'u_imp': 100,
  'k_imp': 0,
  'e_imp': 1,
  'solve_sparse_adj': True,
  'all_ref_beta_distrib': {'K': [1.0, 1.0, 1.0, 1.0, 1.0, 1.0, 1.0, 1.0, 1.0, 1.0, 1.0, 1.0, 1.0, 1.0, 1.0, 1.0, 1.0, 1.0, 1.0, 1.0, 1.0, 1.0, 1.0, 1.0, 1.0, 1.0, 1.0, 1.0, 1.0, 1.0, 1.0, 1.0, 1.0, 1.0, 1.0, 1.0, 1.0, 1.0, 1.0, 1.0, 1.0, 1.0, 1.0, 1.0, 1.0, 1.0, 1.0, 1.0, 1.0, 1.0, 1.0, 1.0, 1.0, 1.0, 1.0, 1.0, 1.0, 1.0, 1.0, 1.0, 1.0, 1.0, 1.0, 1.0, 1.0, 1.0, 1.0, 1.0, 1.0, 1.0, 1.0, 1.0, 1.0, 1.0, 1.0, 1.0, 1.0, 1.0, 1.0, 1.0, 1.0, 1.0, 1.0, 1.0, 1.0, 1.0, 1.0, 1.0, 1.0, 1.0, 1.0, 1.0, 1.0, 1.0, 1.0, 1.0, 1.0, 1.0, 1.0, 1.0], 'E': [1.0, 1.00059604, 1.00151612, 1.00259283, 1.00386239, 1.00536824, 1.0071539, 1.00926134, 1.01172718, 1.01457599, 1.01781003, 1.02139326, 1.02522514, 1.029098, 1.03264844, 1.03538907, 1.03700984, 1.03783303, 1.03856537, 1.03933383, 1.03952381, 1.03854064, 1.03604766, 1.03178583, 1.02552651, 1.01708093, 1.00630835, 0.99311467, 0.97743424, 0.95922266, 0.93856923, 0.91605924, 0.89334, 0.87351611, 0.86082701, 0.85941719, 0.87174452, 0.89758314, 0.93418842, 0.97737902, 1.02281482, 1.06689362, 1.10710763, 1.14200193, 1.17094329, 1.1938522, 1.210981, 1.2227605, 1.22970267, 1.23234066, 1.2311903, 1.22672921, 1.21939081, 1.20956619, 1.19760913, 1.18384176, 1.16855825, 1.15202885, 1.13450426, 1.11621956, 1.09739752, 1.0782529, 1.05899458, 1.03982886, 1.0209619, 1.00260103, 0.98495596, 0.96823811, 0.95265972, 0.93843033, 0.92575226, 0.91481424, 0.90578237, 0.89879135, 0.8939357, 0.89126045, 0.89075237, 0.89233071, 0.89584029, 0.90105081, 0.90766473, 0.91533414, 0.92368533, 0.93234994, 0.94099603, 0.94935164, 0.95721464, 0.96444983, 0.97097846, 0.97676467, 0.98180056, 0.98609436, 0.98966539, 0.99254454, 0.99477674, 0.99642258, 0.99755797, 0.99827022, 0.99864734, 0.99937847]},
  'all_ref_delta_distrib': {'K': [-0.0, -0.0, -0.0, -0.0, -0.0, -0.0, -0.0, -0.0, -0.0, -0.0, -0.0, -0.0, -0.0, -0.0, -0.0, -0.0, -0.0, -0.0, -0.0, -0.0, -0.0, -0.0, -0.0, -0.0, -0.0, -0.0, -0.0, -0.0, -0.0, -0.0, -0.0, -0.0, -0.0, -0.0, -0.0, -0.0, -0.0, -0.0, -0.0, -0.0, -0.0, -0.0, -0.0, -0.0, -0.0, -0.0, -0.0, -0.0, -0.0, -0.0, -0.0, -0.0, -0.0, -0.0, -0.0, -0.0, -0.0, -0.0, -0.0, -0.0, -0.0, -0.0, -0.0, -0.0, -0.0, -0.0, -0.0, -0.0, -0.0, -0.0, -0.0, -0.0, -0.0, -0.0, -0.0, -0.0, -0.0, -0.0, -0.0, -0.0, -0.0, -0.0, -0.0, -0.0, -0.0, -0.0, -0.0, -0.0, -0.0, -0.0, -0.0, -0.0, -0.0, -0.0, -0.0, -0.0, -0.0, -0.0, -0.0, -0.0], 'E': [-0.0, -0.7851948768690529, -2.668068527355728, -5.134100359977089, -8.177177980066489, -11.912294028048525, -16.506678518889778, -22.166944228535066, -29.132480115799787, -37.66492791821274, -48.03080661209527, -60.475743411964885, -75.18711836064725, -92.22540718972999, -111.3721185908932, -131.87213973288297, -152.38441945503686, -171.6021515303163, -188.5210824451436, -201.65820729043057, -208.83991287465147, -207.6550874002371, -195.96753266698386, -172.3515715316767, -136.40897975194906, -88.89180420435028, -31.60776200512357, 32.85888083997105, 101.54686068667074, 171.4126329554696, 239.07597234278512, 299.8183179330572, 346.5833075763136, 370.54352336494117, 364.17705498267236, 325.510517338408, 260.4075413833823, 180.85982094447235, 100.3934391257964, 29.656391388470873, -25.62004797602312, -64.2396219053104, -87.9534084528296, -99.82616629599704, -103.09830122198726, -100.59356643969376, -94.51925585690798, -86.48113373590606, -77.58471627942222, -68.55346702029449, -59.83390587695434, -51.68035217826117, -44.21934435592485, -37.49576427017523, -31.504470849206495, -26.21132720014583, -21.566640494298003, -17.513847004264363, -13.99499345327049, -10.954001791103053, -8.338474437660297, -6.100687828402213, -4.19782289855631, -2.5919645064986674, -1.2498249559934151, -0.14229587422383055, 0.756036962137975, 1.4674749290501854, 2.011753822721946, 2.4066507440338105, 2.6685359540777114, 2.8128875055338045, 2.8547631618204785, 2.8091044561708194, 2.6908913948204916, 2.5151633106051188, 2.296882906914862, 2.050688278445882, 1.790506573502751, 1.52903990131276, 1.277206828747357, 1.0436563504218535, 0.8344609230743381, 0.6530389439725378, 0.5003564144233237, 0.37537810828568197, 0.27567401090027643, 0.19803303724596846, 0.1389698915680968, 0.0950830741295555, 0.06327550842245809, 0.04085466419056498, 0.0255471422888676, 0.015474306702709217, 0.009119672802489954, 0.005297628311200629, 0.00312091221884937, 0.001963749189902351, 0.0014211375321537146, 0.0006355691342714843]},
  'fname_print': '/media/rafael/DATA/Dropbox/20220924_FIML_solver/data/output/field_inversion/Beta_e/u_imp_100/FI_run_T31_CP550_u_imp_100_k_imp_0_e_imp_1/FI_run_T31_CP550_u_imp_100_k_imp_0_e_imp_1.log',
  'folder': '/media/rafael/DATA/Dropbox/20220924_FIML_solver/data/output/field_inversion/Beta_e/u_imp_100/FI_run_T31_CP550_u_imp_100_k_imp_0_e_imp_1',
  'iters_limit': 15000}
# End_Input_Arguments

# ------------------------------------------------------------------------
#                  Iterations
# ------------------------------------------------------------------------

iter:      0 (Jcost: 8.259834e-01) (lr = 1.000e-03) (elapsed time:  0.001) (secs/iter:   None) (n_accepted: 0%) (u_error:  1.808878 %) (beta_change: 23.234066 %) (delta_change:  5.091998 %) (delta_peak/R:  0.000000 %)
-> Saved file: /media/rafael/DATA/Dropbox/20220924_FIML_solver/data/output/field_inversion/Beta_e/u_imp_100/FI_run_T31_CP550_u_imp_100_k_imp_0_e_imp_1/FI_run_T31_CP550_u_imp_100_k_imp_0_e_imp_1_state_iter_0.dat
iter:    100 (Jcost: 3.302415e-01) (lr = 9.889e-03) (elapsed time: 100.856) (secs/iter:  1.009) (n_accepted: 82%) (u_error:  1.194373 %) (beta_change: 10.909265 %) (delta_change:  3.330752 %) (delta_peak/R:  4.379367 %)
iter:    200 (Jcost: 3.098502e-01) (lr = 3.537e-03) (elapsed time: 188.433) (secs/iter:  0.876) (n_accepted: 78%) (u_error:  1.159959 %) (beta_change:  6.483408 %) (delta_change:  1.868060 %) (delta_peak/R:  4.634693 %)
iter:    300 (Jcost: 3.023000e-01) (lr = 3.036e-03) (elapsed time: 274.902) (secs/iter:  0.865) (n_accepted: 79%) (u_error:  1.150781 %) (beta_change:  3.615802 %) (delta_change:  1.034567 %) (delta_peak/R:  4.693663 %)
iter:    400 (Jcost: 2.978780e-01) (lr = 3.603e-02) (elapsed time: 330.295) (secs/iter:  0.554) (n_accepted: 82%) (u_error:  1.145207 %) (beta_change:  1.553824 %) (delta_change:  0.810420 %) (delta_peak/R:  4.702092 %)
iter:    500 (Jcost: 2.950058e-01) (lr = 1.289e-02) (elapsed time: 384.866) (secs/iter:  0.546) (n_accepted: 78%) (u_error:  1.142508 %) (beta_change:  1.152114 %) (delta_change:  0.778482 %) (delta_peak/R:  4.610509 %)
-> Saved file: /media/rafael/DATA/Dropbox/20220924_FIML_solver/data/output/field_inversion/Beta_e/u_imp_100/FI_run_T31_CP550_u_imp_100_k_imp_0_e_imp_1/FI_run_T31_CP550_u_imp_100_k_imp_0_e_imp_1_state_iter_500.dat
iter:    600 (Jcost: 2.927836e-01) (lr = 2.655e-02) (elapsed time: 445.407) (secs/iter:  0.605) (n_accepted: 80%) (u_error:  1.139734 %) (beta_change:  2.089921 %) (delta_change:  0.749676 %) (delta_peak/R:  4.587527 %)
iter:    700 (Jcost: 2.914938e-01) (lr = 5.469e-02) (elapsed time: 499.923) (secs/iter:  0.545) (n_accepted: 80%) (u_error:  1.139426 %) (beta_change:  3.164311 %) (delta_change:  0.816038 %) (delta_peak/R:  4.543941 %)
iter:    800 (Jcost: 2.906350e-01) (lr = 8.150e-03) (elapsed time: 557.679) (secs/iter:  0.578) (n_accepted: 77%) (u_error:  1.138813 %) (beta_change:  4.040362 %) (delta_change:  0.902865 %) (delta_peak/R:  4.490632 %)
iter:    900 (Jcost: 2.897585e-01) (lr = 2.915e-03) (elapsed time: 617.910) (secs/iter:  0.602) (n_accepted: 78%) (u_error:  1.138118 %) (beta_change:  5.075104 %) (delta_change:  1.039879 %) (delta_peak/R:  4.418165 %)
iter:   1000 (Jcost: 2.891226e-01) (lr = 1.441e-02) (elapsed time: 674.331) (secs/iter:  0.564) (n_accepted: 81%) (u_error:  1.137400 %) (beta_change:  5.946147 %) (delta_change:  1.194567 %) (delta_peak/R:  4.373195 %)
-> Saved file: /media/rafael/DATA/Dropbox/20220924_FIML_solver/data/output/field_inversion/Beta_e/u_imp_100/FI_run_T31_CP550_u_imp_100_k_imp_0_e_imp_1/FI_run_T31_CP550_u_imp_100_k_imp_0_e_imp_1_state_iter_1000.dat
iter:   1100 (Jcost: 2.888171e-01) (lr = 5.155e-03) (elapsed time: 743.901) (secs/iter:  0.696) (n_accepted: 78%) (u_error:  1.137404 %) (beta_change:  6.412509 %) (delta_change:  1.269201 %) (delta_peak/R:  4.355782 %)
iter:   1200 (Jcost: 2.883720e-01) (lr = 1.844e-03) (elapsed time: 817.283) (secs/iter:  0.734) (n_accepted: 78%) (u_error:  1.137067 %) (beta_change:  7.181148 %) (delta_change:  1.380567 %) (delta_peak/R:  4.319496 %)
iter:   1300 (Jcost: 2.881276e-01) (lr = 3.799e-03) (elapsed time: 878.027) (secs/iter:  0.607) (n_accepted: 80%) (u_error:  1.136875 %) (beta_change:  7.643396 %) (delta_change:  1.440969 %) (delta_peak/R:  4.295712 %)
iter:   1400 (Jcost: 2.878400e-01) (lr = 3.261e-03) (elapsed time: 946.834) (secs/iter:  0.688) (n_accepted: 79%) (u_error:  1.136733 %) (beta_change:  8.235017 %) (delta_change:  1.511286 %) (delta_peak/R:  4.264893 %)
iter:   1500 (Jcost: 2.875907e-01) (lr = 9.286e-02) (elapsed time: 1027.924) (secs/iter:  0.811) (n_accepted: 83%) (u_error:  1.136214 %) (beta_change:  8.788522 %) (delta_change:  1.567647 %) (delta_peak/R:  4.232122 %)
-> Saved file: /media/rafael/DATA/Dropbox/20220924_FIML_solver/data/output/field_inversion/Beta_e/u_imp_100/FI_run_T31_CP550_u_imp_100_k_imp_0_e_imp_1/FI_run_T31_CP550_u_imp_100_k_imp_0_e_imp_1_state_iter_1500.dat
iter:   1600 (Jcost: 2.873610e-01) (lr = 3.321e-02) (elapsed time: 1113.360) (secs/iter:  0.854) (n_accepted: 78%) (u_error:  1.136239 %) (beta_change:  9.322192 %) (delta_change:  1.643953 %) (delta_peak/R:  4.205139 %)
iter:   1700 (Jcost: 2.871514e-01) (lr = 4.950e-03) (elapsed time: 1200.154) (secs/iter:  0.868) (n_accepted: 77%) (u_error:  1.136024 %) (beta_change:  9.853066 %) (delta_change:  1.713795 %) (delta_peak/R:  4.176736 %)
iter:   1800 (Jcost: 2.869724e-01) (lr = 1.770e-03) (elapsed time: 1287.820) (secs/iter:  0.877) (n_accepted: 78%) (u_error:  1.135886 %) (beta_change: 10.335437 %) (delta_change:  1.772755 %) (delta_peak/R:  4.152199 %)
iter:   1900 (Jcost: 2.868173e-01) (lr = 5.042e-02) (elapsed time: 1373.172) (secs/iter:  0.854) (n_accepted: 83%) (u_error:  1.135655 %) (beta_change: 10.784741 %) (delta_change:  1.823106 %) (delta_peak/R:  4.129305 %)
iter:   2000 (Jcost: 2.867062e-01) (lr = 1.803e-02) (elapsed time: 1456.753) (secs/iter:  0.836) (n_accepted: 78%) (u_error:  1.135745 %) (beta_change: 11.106230 %) (delta_change:  1.857692 %) (delta_peak/R:  4.115718 %)
-> Saved file: /media/rafael/DATA/Dropbox/20220924_FIML_solver/data/output/field_inversion/Beta_e/u_imp_100/FI_run_T31_CP550_u_imp_100_k_imp_0_e_imp_1/FI_run_T31_CP550_u_imp_100_k_imp_0_e_imp_1_state_iter_2000.dat
iter:   2100 (Jcost: 2.865824e-01) (lr = 8.916e-02) (elapsed time: 1541.151) (secs/iter:  0.844) (n_accepted: 81%) (u_error:  1.135758 %) (beta_change: 11.495640 %) (delta_change:  1.896407 %) (delta_peak/R:  4.099109 %)
iter:   2200 (Jcost: 2.864539e-01) (lr = 7.654e-02) (elapsed time: 1614.366) (secs/iter:  0.732) (n_accepted: 79%) (u_error:  1.135589 %) (beta_change: 11.903394 %) (delta_change:  1.932906 %) (delta_peak/R:  4.080978 %)
iter:   2300 (Jcost: 2.863350e-01) (lr = 2.737e-02) (elapsed time: 1681.126) (secs/iter:  0.668) (n_accepted: 78%) (u_error:  1.135509 %) (beta_change: 12.303391 %) (delta_change:  1.965907 %) (delta_peak/R:  4.064786 %)
iter:   2400 (Jcost: 2.862026e-01) (lr = 4.080e-03) (elapsed time: 1768.690) (secs/iter:  0.876) (n_accepted: 77%) (u_error:  1.135371 %) (beta_change: 12.769065 %) (delta_change:  2.000228 %) (delta_peak/R:  4.046606 %)
iter:   2500 (Jcost: 2.860836e-01) (lr = 1.459e-03) (elapsed time: 1847.824) (secs/iter:  0.791) (n_accepted: 78%) (u_error:  1.135322 %) (beta_change: 13.206854 %) (delta_change:  2.028981 %) (delta_peak/R:  4.031294 %)
-> Saved file: /media/rafael/DATA/Dropbox/20220924_FIML_solver/data/output/field_inversion/Beta_e/u_imp_100/FI_run_T31_CP550_u_imp_100_k_imp_0_e_imp_1/FI_run_T31_CP550_u_imp_100_k_imp_0_e_imp_1_state_iter_2500.dat
iter:   2600 (Jcost: 2.860116e-01) (lr = 4.155e-02) (elapsed time: 1935.273) (secs/iter:  0.874) (n_accepted: 83%) (u_error:  1.135277 %) (beta_change: 13.482009 %) (delta_change:  2.045119 %) (delta_peak/R:  4.022083 %)
iter:   2700 (Jcost: 2.859353e-01) (lr = 1.075e-03) (elapsed time: 2021.941) (secs/iter:  0.867) (n_accepted: 75%) (u_error:  1.135241 %) (beta_change: 13.781805 %) (delta_change:  2.061286 %) (delta_peak/R:  4.012570 %)
iter:   2800 (Jcost: 2.858540e-01) (lr = 1.276e-02) (elapsed time: 2089.266) (secs/iter:  0.673) (n_accepted: 82%) (u_error:  1.135091 %) (beta_change: 14.121174 %) (delta_change:  2.077306 %) (delta_peak/R:  4.001373 %)
iter:   2900 (Jcost: 2.857742e-01) (lr = 6.308e-02) (elapsed time: 2154.657) (secs/iter:  0.654) (n_accepted: 81%) (u_error:  1.135178 %) (beta_change: 14.446502 %) (delta_change:  2.091932 %) (delta_peak/R:  3.993125 %)
iter:   3000 (Jcost: 2.857005e-01) (lr = 5.415e-02) (elapsed time: 2208.633) (secs/iter:  0.540) (n_accepted: 79%) (u_error:  1.135151 %) (beta_change: 14.765605 %) (delta_change:  2.104242 %) (delta_peak/R:  3.984516 %)
-> Saved file: /media/rafael/DATA/Dropbox/20220924_FIML_solver/data/output/field_inversion/Beta_e/u_imp_100/FI_run_T31_CP550_u_imp_100_k_imp_0_e_imp_1/FI_run_T31_CP550_u_imp_100_k_imp_0_e_imp_1_state_iter_3000.dat
iter:   3100 (Jcost: 2.856350e-01) (lr = 3.362e-03) (elapsed time: 2261.223) (secs/iter:  0.526) (n_accepted: 76%) (u_error:  1.135084 %) (beta_change: 15.059486 %) (delta_change:  2.114145 %) (delta_peak/R:  3.976585 %)
iter:   3200 (Jcost: 2.855598e-01) (lr = 1.203e-03) (elapsed time: 2316.452) (secs/iter:  0.552) (n_accepted: 78%) (u_error:  1.135085 %) (beta_change: 15.405815 %) (delta_change:  2.124710 %) (delta_peak/R:  3.968360 %)
iter:   3300 (Jcost: 2.854907e-01) (lr = 1.427e-02) (elapsed time: 2396.284) (secs/iter:  0.798) (n_accepted: 82%) (u_error:  1.135192 %) (beta_change: 15.748886 %) (delta_change:  2.134149 %) (delta_peak/R:  3.961558 %)
iter:   3400 (Jcost: 2.854452e-01) (lr = 2.940e-02) (elapsed time: 2474.664) (secs/iter:  0.784) (n_accepted: 80%) (u_error:  1.135028 %) (beta_change: 15.959911 %) (delta_change:  2.138306 %) (delta_peak/R:  3.955601 %)
iter:   3500 (Jcost: 2.853888e-01) (lr = 2.524e-02) (elapsed time: 2543.216) (secs/iter:  0.686) (n_accepted: 79%) (u_error:  1.135001 %) (beta_change: 16.244204 %) (delta_change:  2.143996 %) (delta_peak/R:  3.949461 %)
-> Saved file: /media/rafael/DATA/Dropbox/20220924_FIML_solver/data/output/field_inversion/Beta_e/u_imp_100/FI_run_T31_CP550_u_imp_100_k_imp_0_e_imp_1/FI_run_T31_CP550_u_imp_100_k_imp_0_e_imp_1_state_iter_3500.dat
iter:   3600 (Jcost: 2.853331e-01) (lr = 9.026e-03) (elapsed time: 2626.173) (secs/iter:  0.830) (n_accepted: 78%) (u_error:  1.135025 %) (beta_change: 16.533979 %) (delta_change:  2.149218 %) (delta_peak/R:  3.943894 %)
iter:   3700 (Jcost: 2.852834e-01) (lr = 3.228e-03) (elapsed time: 2708.603) (secs/iter:  0.824) (n_accepted: 78%) (u_error:  1.134952 %) (beta_change: 16.800583 %) (delta_change:  2.152950 %) (delta_peak/R:  3.938170 %)
iter:   3800 (Jcost: 2.852399e-01) (lr = 1.155e-03) (elapsed time: 2786.319) (secs/iter:  0.777) (n_accepted: 78%) (u_error:  1.134966 %) (beta_change: 17.038897 %) (delta_change:  2.156120 %) (delta_peak/R:  3.933895 %)
iter:   3900 (Jcost: 2.851943e-01) (lr = 2.379e-03) (elapsed time: 2843.963) (secs/iter:  0.576) (n_accepted: 80%) (u_error:  1.134940 %) (beta_change: 17.295881 %) (delta_change:  2.158886 %) (delta_peak/R:  3.929081 %)
iter:   4000 (Jcost: 2.851521e-01) (lr = 2.042e-03) (elapsed time: 2906.860) (secs/iter:  0.629) (n_accepted: 79%) (u_error:  1.134935 %) (beta_change: 17.540187 %) (delta_change:  2.168117 %) (delta_peak/R:  3.924825 %)
-> Saved file: /media/rafael/DATA/Dropbox/20220924_FIML_solver/data/output/field_inversion/Beta_e/u_imp_100/FI_run_T31_CP550_u_imp_100_k_imp_0_e_imp_1/FI_run_T31_CP550_u_imp_100_k_imp_0_e_imp_1_state_iter_4000.dat
iter:   4100 (Jcost: 2.851146e-01) (lr = 2.423e-02) (elapsed time: 2986.396) (secs/iter:  0.795) (n_accepted: 82%) (u_error:  1.134914 %) (beta_change: 17.762608 %) (delta_change:  2.177659 %) (delta_peak/R:  3.920924 %)
iter:   4200 (Jcost: 2.850753e-01) (lr = 2.080e-02) (elapsed time: 3064.353) (secs/iter:  0.780) (n_accepted: 79%) (u_error:  1.134915 %) (beta_change: 18.001418 %) (delta_change:  2.187344 %) (delta_peak/R:  3.917052 %)
iter:   4300 (Jcost: 2.850341e-01) (lr = 3.100e-03) (elapsed time: 3143.323) (secs/iter:  0.790) (n_accepted: 77%) (u_error:  1.134989 %) (beta_change: 18.266720 %) (delta_change:  2.197637 %) (delta_peak/R:  3.913505 %)
iter:   4400 (Jcost: 2.850012e-01) (lr = 8.828e-02) (elapsed time: 3218.789) (secs/iter:  0.755) (n_accepted: 83%) (u_error:  1.134864 %) (beta_change: 18.469585 %) (delta_change:  2.204418 %) (delta_peak/R:  3.909321 %)
iter:   4500 (Jcost: 2.849675e-01) (lr = 7.578e-02) (elapsed time: 3267.694) (secs/iter:  0.489) (n_accepted: 79%) (u_error:  1.134905 %) (beta_change: 18.690674 %) (delta_change:  2.211904 %) (delta_peak/R:  3.906365 %)
-> Saved file: /media/rafael/DATA/Dropbox/20220924_FIML_solver/data/output/field_inversion/Beta_e/u_imp_100/FI_run_T31_CP550_u_imp_100_k_imp_0_e_imp_1/FI_run_T31_CP550_u_imp_100_k_imp_0_e_imp_1_state_iter_4500.dat
iter:   4600 (Jcost: 2.849360e-01) (lr = 2.710e-02) (elapsed time: 3334.112) (secs/iter:  0.664) (n_accepted: 78%) (u_error:  1.134888 %) (beta_change: 18.901950 %) (delta_change:  2.218458 %) (delta_peak/R:  3.903136 %)
iter:   4700 (Jcost: 2.849035e-01) (lr = 9.694e-03) (elapsed time: 3398.309) (secs/iter:  0.642) (n_accepted: 78%) (u_error:  1.134838 %) (beta_change: 19.124150 %) (delta_change:  2.224805 %) (delta_peak/R:  3.899541 %)
iter:   4800 (Jcost: 2.848746e-01) (lr = 1.445e-03) (elapsed time: 3476.727) (secs/iter:  0.784) (n_accepted: 77%) (u_error:  1.134839 %) (beta_change: 19.326782 %) (delta_change:  2.230352 %) (delta_peak/R:  3.896725 %)
iter:   4900 (Jcost: 2.848483e-01) (lr = 9.874e-02) (elapsed time: 3540.773) (secs/iter:  0.640) (n_accepted: 84%) (u_error:  1.134875 %) (beta_change: 19.516243 %) (delta_change:  2.235336 %) (delta_peak/R:  3.894453 %)
iter:   5000 (Jcost: 2.848227e-01) (lr = 8.476e-02) (elapsed time: 3607.397) (secs/iter:  0.666) (n_accepted: 79%) (u_error:  1.134815 %) (beta_change: 19.701939 %) (delta_change:  2.239641 %) (delta_peak/R:  3.891450 %)
-> Saved file: /media/rafael/DATA/Dropbox/20220924_FIML_solver/data/output/field_inversion/Beta_e/u_imp_100/FI_run_T31_CP550_u_imp_100_k_imp_0_e_imp_1/FI_run_T31_CP550_u_imp_100_k_imp_0_e_imp_1_state_iter_5000.dat
iter:   5100 (Jcost: 2.847964e-01) (lr = 3.032e-02) (elapsed time: 3654.671) (secs/iter:  0.473) (n_accepted: 78%) (u_error:  1.134823 %) (beta_change: 19.897783 %) (delta_change:  2.244125 %) (delta_peak/R:  3.888944 %)
iter:   5200 (Jcost: 2.847717e-01) (lr = 1.084e-02) (elapsed time: 3727.887) (secs/iter:  0.732) (n_accepted: 78%) (u_error:  1.134809 %) (beta_change: 20.085612 %) (delta_change:  2.248086 %) (delta_peak/R:  3.886399 %)
iter:   5300 (Jcost: 2.847433e-01) (lr = 3.878e-03) (elapsed time: 3805.326) (secs/iter:  0.774) (n_accepted: 78%) (u_error:  1.134781 %) (beta_change: 20.306535 %) (delta_change:  2.252394 %) (delta_peak/R:  3.883365 %)
iter:   5400 (Jcost: 2.847217e-01) (lr = 1.387e-03) (elapsed time: 3861.592) (secs/iter:  0.563) (n_accepted: 78%) (u_error:  1.134793 %) (beta_change: 20.477092 %) (delta_change:  2.255590 %) (delta_peak/R:  3.881345 %)
iter:   5500 (Jcost: 2.846994e-01) (lr = 1.646e-02) (elapsed time: 3935.579) (secs/iter:  0.740) (n_accepted: 82%) (u_error:  1.134885 %) (beta_change: 20.669913 %) (delta_change:  2.259232 %) (delta_peak/R:  3.879787 %)
-> Saved file: /media/rafael/DATA/Dropbox/20220924_FIML_solver/data/output/field_inversion/Beta_e/u_imp_100/FI_run_T31_CP550_u_imp_100_k_imp_0_e_imp_1/FI_run_T31_CP550_u_imp_100_k_imp_0_e_imp_1_state_iter_5500.dat
iter:   5600 (Jcost: 2.846802e-01) (lr = 1.413e-02) (elapsed time: 3986.905) (secs/iter:  0.513) (n_accepted: 79%) (u_error:  1.134770 %) (beta_change: 20.815269 %) (delta_change:  2.261246 %) (delta_peak/R:  3.877044 %)
iter:   5700 (Jcost: 2.846599e-01) (lr = 8.774e-04) (elapsed time: 4044.835) (secs/iter:  0.579) (n_accepted: 76%) (u_error:  1.134772 %) (beta_change: 20.984173 %) (delta_change:  2.263853 %) (delta_peak/R:  3.875055 %)
iter:   5800 (Jcost: 2.846390e-01) (lr = 4.338e-03) (elapsed time: 4096.149) (secs/iter:  0.513) (n_accepted: 81%) (u_error:  1.134820 %) (beta_change: 21.166401 %) (delta_change:  2.266629 %) (delta_peak/R:  3.873338 %)
iter:   5900 (Jcost: 2.846201e-01) (lr = 5.148e-02) (elapsed time: 4170.463) (secs/iter:  0.743) (n_accepted: 82%) (u_error:  1.134760 %) (beta_change: 21.325332 %) (delta_change:  2.268585 %) (delta_peak/R:  3.870990 %)
iter:   6000 (Jcost: 2.846034e-01) (lr = 7.671e-03) (elapsed time: 4248.690) (secs/iter:  0.782) (n_accepted: 77%) (u_error:  1.134734 %) (beta_change: 21.472759 %) (delta_change:  2.270375 %) (delta_peak/R:  3.869090 %)
-> Saved file: /media/rafael/DATA/Dropbox/20220924_FIML_solver/data/output/field_inversion/Beta_e/u_imp_100/FI_run_T31_CP550_u_imp_100_k_imp_0_e_imp_1/FI_run_T31_CP550_u_imp_100_k_imp_0_e_imp_1_state_iter_6000.dat
iter:   6100 (Jcost: 2.845830e-01) (lr = 2.744e-03) (elapsed time: 4332.305) (secs/iter:  0.836) (n_accepted: 78%) (u_error:  1.134751 %) (beta_change: 21.654936 %) (delta_change:  2.272594 %) (delta_peak/R:  3.867190 %)
iter:   6200 (Jcost: 2.845654e-01) (lr = 2.355e-03) (elapsed time: 4411.869) (secs/iter:  0.796) (n_accepted: 79%) (u_error:  1.134723 %) (beta_change: 21.814919 %) (delta_change:  2.274277 %) (delta_peak/R:  3.865181 %)
iter:   6300 (Jcost: 2.845531e-01) (lr = 1.165e-02) (elapsed time: 4488.244) (secs/iter:  0.764) (n_accepted: 81%) (u_error:  1.134728 %) (beta_change: 21.928152 %) (delta_change:  2.275475 %) (delta_peak/R:  3.863983 %)
iter:   6400 (Jcost: 2.845370e-01) (lr = 1.735e-03) (elapsed time: 4564.147) (secs/iter:  0.759) (n_accepted: 77%) (u_error:  1.134713 %) (beta_change: 22.078429 %) (delta_change:  2.276911 %) (delta_peak/R:  3.862224 %)
iter:   6500 (Jcost: 2.845236e-01) (lr = 4.943e-02) (elapsed time: 4627.200) (secs/iter:  0.631) (n_accepted: 83%) (u_error:  1.134719 %) (beta_change: 22.204232 %) (delta_change:  2.278101 %) (delta_peak/R:  3.860935 %)
-> Saved file: /media/rafael/DATA/Dropbox/20220924_FIML_solver/data/output/field_inversion/Beta_e/u_imp_100/FI_run_T31_CP550_u_imp_100_k_imp_0_e_imp_1/FI_run_T31_CP550_u_imp_100_k_imp_0_e_imp_1_state_iter_6500.dat
iter:   6600 (Jcost: 2.845105e-01) (lr = 1.768e-02) (elapsed time: 4706.257) (secs/iter:  0.791) (n_accepted: 78%) (u_error:  1.134707 %) (beta_change: 22.329802 %) (delta_change:  2.279169 %) (delta_peak/R:  3.859502 %)
iter:   6700 (Jcost: 2.844963e-01) (lr = 8.741e-02) (elapsed time: 4780.629) (secs/iter:  0.744) (n_accepted: 81%) (u_error:  1.134688 %) (beta_change: 22.467995 %) (delta_change:  2.280255 %) (delta_peak/R:  3.857888 %)
iter:   6800 (Jcost: 2.844814e-01) (lr = 7.503e-02) (elapsed time: 4858.133) (secs/iter:  0.775) (n_accepted: 79%) (u_error:  1.134718 %) (beta_change: 22.613915 %) (delta_change:  2.281480 %) (delta_peak/R:  3.856628 %)
iter:   6900 (Jcost: 2.844674e-01) (lr = 2.684e-02) (elapsed time: 4930.723) (secs/iter:  0.726) (n_accepted: 78%) (u_error:  1.134709 %) (beta_change: 22.753994 %) (delta_change:  2.282472 %) (delta_peak/R:  3.855116 %)
iter:   7000 (Jcost: 2.844531e-01) (lr = 1.666e-03) (elapsed time: 5010.249) (secs/iter:  0.795) (n_accepted: 76%) (u_error:  1.134682 %) (beta_change: 22.897389 %) (delta_change:  2.283360 %) (delta_peak/R:  3.853427 %)
-> Saved file: /media/rafael/DATA/Dropbox/20220924_FIML_solver/data/output/field_inversion/Beta_e/u_imp_100/FI_run_T31_CP550_u_imp_100_k_imp_0_e_imp_1/FI_run_T31_CP550_u_imp_100_k_imp_0_e_imp_1_state_iter_7000.dat
iter:   7100 (Jcost: 2.844397e-01) (lr = 1.139e-01) (elapsed time: 5086.949) (secs/iter:  0.767) (n_accepted: 84%) (u_error:  1.134678 %) (beta_change: 23.034805 %) (delta_change:  2.284219 %) (delta_peak/R:  3.852018 %)
iter:   7200 (Jcost: 2.844278e-01) (lr = 1.697e-02) (elapsed time: 5161.015) (secs/iter:  0.741) (n_accepted: 77%) (u_error:  1.134678 %) (beta_change: 23.158133 %) (delta_change:  2.284950 %) (delta_peak/R:  3.850790 %)
iter:   7300 (Jcost: 2.844144e-01) (lr = 1.457e-02) (elapsed time: 5237.695) (secs/iter:  0.767) (n_accepted: 79%) (u_error:  1.134675 %) (beta_change: 23.297623 %) (delta_change:  2.285714 %) (delta_peak/R:  3.849393 %)
iter:   7400 (Jcost: 2.844007e-01) (lr = 5.211e-03) (elapsed time: 5310.512) (secs/iter:  0.728) (n_accepted: 78%) (u_error:  1.134654 %) (beta_change: 23.443352 %) (delta_change:  2.286399 %) (delta_peak/R:  3.847799 %)
iter:   7500 (Jcost: 2.843887e-01) (lr = 1.074e-02) (elapsed time: 5388.523) (secs/iter:  0.780) (n_accepted: 80%) (u_error:  1.134624 %) (beta_change: 23.574198 %) (delta_change:  2.286928 %) (delta_peak/R:  3.846278 %)
-> Saved file: /media/rafael/DATA/Dropbox/20220924_FIML_solver/data/output/field_inversion/Beta_e/u_imp_100/FI_run_T31_CP550_u_imp_100_k_imp_0_e_imp_1/FI_run_T31_CP550_u_imp_100_k_imp_0_e_imp_1_state_iter_7500.dat
iter:   7600 (Jcost: 2.843797e-01) (lr = 3.840e-03) (elapsed time: 5469.084) (secs/iter:  0.806) (n_accepted: 78%) (u_error:  1.134642 %) (beta_change: 23.670211 %) (delta_change:  2.287415 %) (delta_peak/R:  3.845520 %)
iter:   7700 (Jcost: 2.843722e-01) (lr = 3.296e-03) (elapsed time: 5545.347) (secs/iter:  0.763) (n_accepted: 79%) (u_error:  1.134659 %) (beta_change: 23.757562 %) (delta_change:  2.287820 %) (delta_peak/R:  3.844889 %)
iter:   7800 (Jcost: 2.843597e-01) (lr = 1.179e-03) (elapsed time: 5596.137) (secs/iter:  0.508) (n_accepted: 78%) (u_error:  1.134632 %) (beta_change: 23.905666 %) (delta_change:  2.288281 %) (delta_peak/R:  3.843362 %)
iter:   7900 (Jcost: 2.843494e-01) (lr = 8.058e-02) (elapsed time: 5642.694) (secs/iter:  0.466) (n_accepted: 84%) (u_error:  1.134623 %) (beta_change: 24.030347 %) (delta_change:  2.288682 %) (delta_peak/R:  3.842221 %)
iter:   8000 (Jcost: 2.843394e-01) (lr = 6.917e-02) (elapsed time: 5689.174) (secs/iter:  0.465) (n_accepted: 79%) (u_error:  1.134630 %) (beta_change: 24.153156 %) (delta_change:  2.289096 %) (delta_peak/R:  3.841237 %)
-> Saved file: /media/rafael/DATA/Dropbox/20220924_FIML_solver/data/output/field_inversion/Beta_e/u_imp_100/FI_run_T31_CP550_u_imp_100_k_imp_0_e_imp_1/FI_run_T31_CP550_u_imp_100_k_imp_0_e_imp_1_state_iter_8000.dat
iter:   8100 (Jcost: 2.843295e-01) (lr = 4.295e-03) (elapsed time: 5746.416) (secs/iter:  0.572) (n_accepted: 76%) (u_error:  1.134624 %) (beta_change: 24.274913 %) (delta_change:  2.289439 %) (delta_peak/R:  3.840162 %)
iter:   8200 (Jcost: 2.843154e-01) (lr = 1.536e-03) (elapsed time: 5800.177) (secs/iter:  0.538) (n_accepted: 78%) (u_error:  1.134607 %) (beta_change: 24.452741 %) (delta_change:  2.289867 %) (delta_peak/R:  3.838535 %)
iter:   8300 (Jcost: 2.843058e-01) (lr = 1.050e-01) (elapsed time: 5868.208) (secs/iter:  0.680) (n_accepted: 84%) (u_error:  1.134671 %) (beta_change: 24.582641 %) (delta_change:  2.290389 %) (delta_peak/R:  3.838031 %)
iter:   8400 (Jcost: 2.842980e-01) (lr = 3.756e-02) (elapsed time: 5917.561) (secs/iter:  0.494) (n_accepted: 78%) (u_error:  1.134611 %) (beta_change: 24.675937 %) (delta_change:  2.290411 %) (delta_peak/R:  3.836754 %)
iter:   8500 (Jcost: 2.842891e-01) (lr = 2.332e-03) (elapsed time: 5962.816) (secs/iter:  0.453) (n_accepted: 76%) (u_error:  1.134606 %) (beta_change: 24.790974 %) (delta_change:  2.290642 %) (delta_peak/R:  3.835792 %)
-> Saved file: /media/rafael/DATA/Dropbox/20220924_FIML_solver/data/output/field_inversion/Beta_e/u_imp_100/FI_run_T31_CP550_u_imp_100_k_imp_0_e_imp_1/FI_run_T31_CP550_u_imp_100_k_imp_0_e_imp_1_state_iter_8500.dat
iter:   8600 (Jcost: 2.842812e-01) (lr = 2.767e-02) (elapsed time: 6020.630) (secs/iter:  0.578) (n_accepted: 82%) (u_error:  1.134586 %) (beta_change: 24.894894 %) (delta_change:  2.290783 %) (delta_peak/R:  3.834791 %)
iter:   8700 (Jcost: 2.842731e-01) (lr = 9.897e-03) (elapsed time: 6077.365) (secs/iter:  0.567) (n_accepted: 78%) (u_error:  1.134586 %) (beta_change: 25.002890 %) (delta_change:  2.290979 %) (delta_peak/R:  3.833939 %)
iter:   8800 (Jcost: 2.842645e-01) (lr = 1.475e-03) (elapsed time: 6134.040) (secs/iter:  0.567) (n_accepted: 77%) (u_error:  1.134589 %) (beta_change: 25.118244 %) (delta_change:  2.291183 %) (delta_peak/R:  3.833067 %)
iter:   8900 (Jcost: 2.842565e-01) (lr = 4.201e-02) (elapsed time: 6186.693) (secs/iter:  0.527) (n_accepted: 83%) (u_error:  1.134613 %) (beta_change: 25.227978 %) (delta_change:  2.291428 %) (delta_peak/R:  3.832427 %)
iter:   9000 (Jcost: 2.842494e-01) (lr = 1.502e-02) (elapsed time: 6234.649) (secs/iter:  0.480) (n_accepted: 78%) (u_error:  1.134566 %) (beta_change: 25.324021 %) (delta_change:  2.291416 %) (delta_peak/R:  3.831286 %)
-> Saved file: /media/rafael/DATA/Dropbox/20220924_FIML_solver/data/output/field_inversion/Beta_e/u_imp_100/FI_run_T31_CP550_u_imp_100_k_imp_0_e_imp_1/FI_run_T31_CP550_u_imp_100_k_imp_0_e_imp_1_state_iter_9000.dat
iter:   9100 (Jcost: 2.842413e-01) (lr = 5.374e-03) (elapsed time: 6297.968) (secs/iter:  0.633) (n_accepted: 78%) (u_error:  1.134573 %) (beta_change: 25.435595 %) (delta_change:  2.291583 %) (delta_peak/R:  3.830499 %)
iter:   9200 (Jcost: 2.842335e-01) (lr = 1.922e-03) (elapsed time: 6372.994) (secs/iter:  0.750) (n_accepted: 78%) (u_error:  1.134565 %) (beta_change: 25.543287 %) (delta_change:  2.291685 %) (delta_peak/R:  3.829623 %)
iter:   9300 (Jcost: 2.842259e-01) (lr = 3.960e-03) (elapsed time: 6427.935) (secs/iter:  0.549) (n_accepted: 80%) (u_error:  1.134537 %) (beta_change: 25.652530 %) (delta_change:  2.291715 %) (delta_peak/R:  3.828573 %)
iter:   9400 (Jcost: 2.842195e-01) (lr = 1.958e-02) (elapsed time: 6480.373) (secs/iter:  0.524) (n_accepted: 81%) (u_error:  1.134555 %) (beta_change: 25.741504 %) (delta_change:  2.291858 %) (delta_peak/R:  3.828071 %)
iter:   9500 (Jcost: 2.842112e-01) (lr = 7.002e-03) (elapsed time: 6541.591) (secs/iter:  0.612) (n_accepted: 78%) (u_error:  1.134551 %) (beta_change: 25.861145 %) (delta_change:  2.291950 %) (delta_peak/R:  3.827164 %)
-> Saved file: /media/rafael/DATA/Dropbox/20220924_FIML_solver/data/output/field_inversion/Beta_e/u_imp_100/FI_run_T31_CP550_u_imp_100_k_imp_0_e_imp_1/FI_run_T31_CP550_u_imp_100_k_imp_0_e_imp_1_state_iter_9500.dat
iter:   9600 (Jcost: 2.842034e-01) (lr = 2.504e-03) (elapsed time: 6624.121) (secs/iter:  0.825) (n_accepted: 78%) (u_error:  1.134548 %) (beta_change: 25.974450 %) (delta_change:  2.292029 %) (delta_peak/R:  3.826321 %)
iter:   9700 (Jcost: 2.841944e-01) (lr = 2.150e-03) (elapsed time: 6697.377) (secs/iter:  0.733) (n_accepted: 79%) (u_error:  1.134594 %) (beta_change: 26.111854 %) (delta_change:  2.292269 %) (delta_peak/R:  3.825745 %)
iter:   9800 (Jcost: 2.841880e-01) (lr = 6.123e-02) (elapsed time: 6771.116) (secs/iter:  0.737) (n_accepted: 83%) (u_error:  1.134540 %) (beta_change: 26.200886 %) (delta_change:  2.292148 %) (delta_peak/R:  3.824645 %)
iter:   9900 (Jcost: 2.841811e-01) (lr = 5.256e-02) (elapsed time: 6844.927) (secs/iter:  0.738) (n_accepted: 79%) (u_error:  1.134538 %) (beta_change: 26.303649 %) (delta_change:  2.292195 %) (delta_peak/R:  3.823913 %)
iter:  10000 (Jcost: 2.841753e-01) (lr = 1.880e-02) (elapsed time: 6908.743) (secs/iter:  0.638) (n_accepted: 78%) (u_error:  1.134529 %) (beta_change: 26.391014 %) (delta_change:  2.292205 %) (delta_peak/R:  3.823231 %)
-> Saved file: /media/rafael/DATA/Dropbox/20220924_FIML_solver/data/output/field_inversion/Beta_e/u_imp_100/FI_run_T31_CP550_u_imp_100_k_imp_0_e_imp_1/FI_run_T31_CP550_u_imp_100_k_imp_0_e_imp_1_state_iter_10000.dat
iter:  10100 (Jcost: 2.841669e-01) (lr = 2.801e-03) (elapsed time: 6972.199) (secs/iter:  0.635) (n_accepted: 77%) (u_error:  1.134532 %) (beta_change: 26.519851 %) (delta_change:  2.292261 %) (delta_peak/R:  3.822371 %)
iter:  10200 (Jcost: 2.841594e-01) (lr = 2.405e-03) (elapsed time: 7031.868) (secs/iter:  0.597) (n_accepted: 79%) (u_error:  1.134522 %) (beta_change: 26.634964 %) (delta_change:  2.292262 %) (delta_peak/R:  3.821501 %)
iter:  10300 (Jcost: 2.841543e-01) (lr = 1.189e-02) (elapsed time: 7086.364) (secs/iter:  0.545) (n_accepted: 81%) (u_error:  1.134517 %) (beta_change: 26.713806 %) (delta_change:  2.292265 %) (delta_peak/R:  3.820931 %)
iter:  10400 (Jcost: 2.841482e-01) (lr = 4.253e-03) (elapsed time: 7163.846) (secs/iter:  0.775) (n_accepted: 78%) (u_error:  1.134501 %) (beta_change: 26.808631 %) (delta_change:  2.292232 %) (delta_peak/R:  3.820162 %)
iter:  10500 (Jcost: 2.841419e-01) (lr = 1.521e-03) (elapsed time: 7239.477) (secs/iter:  0.756) (n_accepted: 78%) (u_error:  1.134508 %) (beta_change: 26.907921 %) (delta_change:  2.292267 %) (delta_peak/R:  3.819568 %)
-> Saved file: /media/rafael/DATA/Dropbox/20220924_FIML_solver/data/output/field_inversion/Beta_e/u_imp_100/FI_run_T31_CP550_u_imp_100_k_imp_0_e_imp_1/FI_run_T31_CP550_u_imp_100_k_imp_0_e_imp_1_state_iter_10500.dat
iter:  10600 (Jcost: 2.841351e-01) (lr = 3.133e-03) (elapsed time: 7315.233) (secs/iter:  0.758) (n_accepted: 80%) (u_error:  1.134516 %) (beta_change: 27.017327 %) (delta_change:  2.292298 %) (delta_peak/R:  3.818916 %)
iter:  10700 (Jcost: 2.841282e-01) (lr = 8.924e-02) (elapsed time: 7387.312) (secs/iter:  0.721) (n_accepted: 83%) (u_error:  1.134506 %) (beta_change: 27.127198 %) (delta_change:  2.292269 %) (delta_peak/R:  3.818120 %)
iter:  10800 (Jcost: 2.841231e-01) (lr = 5.541e-03) (elapsed time: 7465.028) (secs/iter:  0.777) (n_accepted: 76%) (u_error:  1.134493 %) (beta_change: 27.209249 %) (delta_change:  2.292227 %) (delta_peak/R:  3.817486 %)
iter:  10900 (Jcost: 2.841176e-01) (lr = 6.576e-02) (elapsed time: 7537.472) (secs/iter:  0.724) (n_accepted: 82%) (u_error:  1.134451 %) (beta_change: 27.303267 %) (delta_change:  2.292086 %) (delta_peak/R:  3.816521 %)
iter:  11000 (Jcost: 2.841131e-01) (lr = 2.352e-02) (elapsed time: 7610.904) (secs/iter:  0.734) (n_accepted: 78%) (u_error:  1.134491 %) (beta_change: 27.373617 %) (delta_change:  2.292206 %) (delta_peak/R:  3.816422 %)
-> Saved file: /media/rafael/DATA/Dropbox/20220924_FIML_solver/data/output/field_inversion/Beta_e/u_imp_100/FI_run_T31_CP550_u_imp_100_k_imp_0_e_imp_1/FI_run_T31_CP550_u_imp_100_k_imp_0_e_imp_1_state_iter_11000.dat
iter:  11100 (Jcost: 2.841080e-01) (lr = 3.505e-03) (elapsed time: 7679.873) (secs/iter:  0.690) (n_accepted: 77%) (u_error:  1.134476 %) (beta_change: 27.458646 %) (delta_change:  2.292148 %) (delta_peak/R:  3.815761 %)
iter:  11200 (Jcost: 2.841024e-01) (lr = 3.009e-03) (elapsed time: 7753.834) (secs/iter:  0.740) (n_accepted: 79%) (u_error:  1.134477 %) (beta_change: 27.551996 %) (delta_change:  2.292137 %) (delta_peak/R:  3.815194 %)
iter:  11300 (Jcost: 2.840955e-01) (lr = 2.583e-03) (elapsed time: 7826.844) (secs/iter:  0.730) (n_accepted: 79%) (u_error:  1.134482 %) (beta_change: 27.668783 %) (delta_change:  2.292128 %) (delta_peak/R:  3.814515 %)
iter:  11400 (Jcost: 2.840919e-01) (lr = 5.321e-03) (elapsed time: 7901.229) (secs/iter:  0.744) (n_accepted: 80%) (u_error:  1.134469 %) (beta_change: 27.729150 %) (delta_change:  2.292072 %) (delta_peak/R:  3.814033 %)
iter:  11500 (Jcost: 2.840872e-01) (lr = 1.096e-02) (elapsed time: 7954.505) (secs/iter:  0.533) (n_accepted: 80%) (u_error:  1.134487 %) (beta_change: 27.810314 %) (delta_change:  2.292110 %) (delta_peak/R:  3.813699 %)
-> Saved file: /media/rafael/DATA/Dropbox/20220924_FIML_solver/data/output/field_inversion/Beta_e/u_imp_100/FI_run_T31_CP550_u_imp_100_k_imp_0_e_imp_1/FI_run_T31_CP550_u_imp_100_k_imp_0_e_imp_1_state_iter_11500.dat
iter:  11600 (Jcost: 2.840820e-01) (lr = 5.420e-02) (elapsed time: 8032.241) (secs/iter:  0.777) (n_accepted: 81%) (u_error:  1.134472 %) (beta_change: 27.899882 %) (delta_change:  2.292039 %) (delta_peak/R:  3.813036 %)
iter:  11700 (Jcost: 2.840777e-01) (lr = 1.402e-03) (elapsed time: 8110.187) (secs/iter:  0.779) (n_accepted: 75%) (u_error:  1.134458 %) (beta_change: 27.974130 %) (delta_change:  2.291970 %) (delta_peak/R:  3.812466 %)
iter:  11800 (Jcost: 2.840736e-01) (lr = 1.664e-02) (elapsed time: 8175.938) (secs/iter:  0.658) (n_accepted: 82%) (u_error:  1.134451 %) (beta_change: 28.045085 %) (delta_change:  2.291926 %) (delta_peak/R:  3.811988 %)
iter:  11900 (Jcost: 2.840685e-01) (lr = 1.428e-02) (elapsed time: 8246.303) (secs/iter:  0.704) (n_accepted: 79%) (u_error:  1.134449 %) (beta_change: 28.134279 %) (delta_change:  2.291889 %) (delta_peak/R:  3.811446 %)
iter:  12000 (Jcost: 2.840637e-01) (lr = 1.226e-02) (elapsed time: 8317.978) (secs/iter:  0.717) (n_accepted: 79%) (u_error:  1.134448 %) (beta_change: 28.220066 %) (delta_change:  2.291854 %) (delta_peak/R:  3.810936 %)
-> Saved file: /media/rafael/DATA/Dropbox/20220924_FIML_solver/data/output/field_inversion/Beta_e/u_imp_100/FI_run_T31_CP550_u_imp_100_k_imp_0_e_imp_1/FI_run_T31_CP550_u_imp_100_k_imp_0_e_imp_1_state_iter_12000.dat
iter:  12100 (Jcost: 2.840593e-01) (lr = 4.385e-03) (elapsed time: 8384.577) (secs/iter:  0.666) (n_accepted: 78%) (u_error:  1.134443 %) (beta_change: 28.298439 %) (delta_change:  2.291811 %) (delta_peak/R:  3.810445 %)
iter:  12200 (Jcost: 2.840526e-01) (lr = 1.568e-03) (elapsed time: 8452.612) (secs/iter:  0.680) (n_accepted: 78%) (u_error:  1.134423 %) (beta_change: 28.418562 %) (delta_change:  2.291698 %) (delta_peak/R:  3.809579 %)
iter:  12300 (Jcost: 2.840479e-01) (lr = 4.467e-02) (elapsed time: 8525.788) (secs/iter:  0.732) (n_accepted: 83%) (u_error:  1.134413 %) (beta_change: 28.505926 %) (delta_change:  2.291631 %) (delta_peak/R:  3.809003 %)
iter:  12400 (Jcost: 2.840434e-01) (lr = 3.834e-02) (elapsed time: 8595.756) (secs/iter:  0.700) (n_accepted: 79%) (u_error:  1.134423 %) (beta_change: 28.586041 %) (delta_change:  2.291628 %) (delta_peak/R:  3.808637 %)
iter:  12500 (Jcost: 2.840391e-01) (lr = 1.371e-02) (elapsed time: 8671.642) (secs/iter:  0.759) (n_accepted: 78%) (u_error:  1.134428 %) (beta_change: 28.664485 %) (delta_change:  2.291609 %) (delta_peak/R:  3.808245 %)
-> Saved file: /media/rafael/DATA/Dropbox/20220924_FIML_solver/data/output/field_inversion/Beta_e/u_imp_100/FI_run_T31_CP550_u_imp_100_k_imp_0_e_imp_1/FI_run_T31_CP550_u_imp_100_k_imp_0_e_imp_1_state_iter_12500.dat
iter:  12600 (Jcost: 2.840351e-01) (lr = 2.044e-03) (elapsed time: 8735.458) (secs/iter:  0.638) (n_accepted: 77%) (u_error:  1.134423 %) (beta_change: 28.739613 %) (delta_change:  2.291558 %) (delta_peak/R:  3.807782 %)
iter:  12700 (Jcost: 2.840302e-01) (lr = 1.754e-03) (elapsed time: 8787.604) (secs/iter:  0.521) (n_accepted: 79%) (u_error:  1.134454 %) (beta_change: 28.834289 %) (delta_change:  2.291611 %) (delta_peak/R:  3.807526 %)
iter:  12800 (Jcost: 2.840265e-01) (lr = 4.996e-02) (elapsed time: 8849.140) (secs/iter:  0.615) (n_accepted: 83%) (u_error:  1.134415 %) (beta_change: 28.900908 %) (delta_change:  2.291456 %) (delta_peak/R:  3.806828 %)
iter:  12900 (Jcost: 2.840222e-01) (lr = 4.289e-02) (elapsed time: 8901.758) (secs/iter:  0.526) (n_accepted: 79%) (u_error:  1.134417 %) (beta_change: 28.981247 %) (delta_change:  2.291423 %) (delta_peak/R:  3.806411 %)
iter:  13000 (Jcost: 2.840187e-01) (lr = 6.392e-03) (elapsed time: 8954.419) (secs/iter:  0.527) (n_accepted: 77%) (u_error:  1.134413 %) (beta_change: 29.048985 %) (delta_change:  2.291377 %) (delta_peak/R:  3.806011 %)
-> Saved file: /media/rafael/DATA/Dropbox/20220924_FIML_solver/data/output/field_inversion/Beta_e/u_imp_100/FI_run_T31_CP550_u_imp_100_k_imp_0_e_imp_1/FI_run_T31_CP550_u_imp_100_k_imp_0_e_imp_1_state_iter_13000.dat
iter:  13100 (Jcost: 2.840147e-01) (lr = 5.487e-03) (elapsed time: 9011.802) (secs/iter:  0.574) (n_accepted: 79%) (u_error:  1.134406 %) (beta_change: 29.125630 %) (delta_change:  2.291317 %) (delta_peak/R:  3.805544 %)
iter:  13200 (Jcost: 2.840108e-01) (lr = 1.962e-03) (elapsed time: 9058.403) (secs/iter:  0.466) (n_accepted: 78%) (u_error:  1.134400 %) (beta_change: 29.199802 %) (delta_change:  2.291259 %) (delta_peak/R:  3.805096 %)
iter:  13300 (Jcost: 2.840063e-01) (lr = 4.043e-03) (elapsed time: 9104.408) (secs/iter:  0.460) (n_accepted: 80%) (u_error:  1.134437 %) (beta_change: 29.291444 %) (delta_change:  2.291331 %) (delta_peak/R:  3.804938 %)
iter:  13400 (Jcost: 2.840024e-01) (lr = 1.151e-01) (elapsed time: 9172.791) (secs/iter:  0.684) (n_accepted: 83%) (u_error:  1.134397 %) (beta_change: 29.363376 %) (delta_change:  2.291166 %) (delta_peak/R:  3.804216 %)
iter:  13500 (Jcost: 2.839987e-01) (lr = 1.716e-02) (elapsed time: 9243.491) (secs/iter:  0.707) (n_accepted: 77%) (u_error:  1.134398 %) (beta_change: 29.436355 %) (delta_change:  2.291130 %) (delta_peak/R:  3.803844 %)
-> Saved file: /media/rafael/DATA/Dropbox/20220924_FIML_solver/data/output/field_inversion/Beta_e/u_imp_100/FI_run_T31_CP550_u_imp_100_k_imp_0_e_imp_1/FI_run_T31_CP550_u_imp_100_k_imp_0_e_imp_1_state_iter_13500.dat
iter:  13600 (Jcost: 2.839952e-01) (lr = 1.065e-03) (elapsed time: 9310.167) (secs/iter:  0.667) (n_accepted: 76%) (u_error:  1.134389 %) (beta_change: 29.505217 %) (delta_change:  2.291067 %) (delta_peak/R:  3.803417 %)
iter:  13700 (Jcost: 2.839919e-01) (lr = 5.268e-03) (elapsed time: 9356.752) (secs/iter:  0.466) (n_accepted: 81%) (u_error:  1.134406 %) (beta_change: 29.572982 %) (delta_change:  2.291082 %) (delta_peak/R:  3.803211 %)
iter:  13800 (Jcost: 2.839887e-01) (lr = 6.251e-02) (elapsed time: 9419.607) (secs/iter:  0.629) (n_accepted: 82%) (u_error:  1.134383 %) (beta_change: 29.636199 %) (delta_change:  2.290977 %) (delta_peak/R:  3.802696 %)
iter:  13900 (Jcost: 2.839853e-01) (lr = 9.316e-03) (elapsed time: 9491.995) (secs/iter:  0.724) (n_accepted: 77%) (u_error:  1.134376 %) (beta_change: 29.704666 %) (delta_change:  2.290917 %) (delta_peak/R:  3.802287 %)
iter:  14000 (Jcost: 2.839820e-01) (lr = 3.332e-03) (elapsed time: 9566.597) (secs/iter:  0.746) (n_accepted: 78%) (u_error:  1.134383 %) (beta_change: 29.772163 %) (delta_change:  2.290903 %) (delta_peak/R:  3.802010 %)
-> Saved file: /media/rafael/DATA/Dropbox/20220924_FIML_solver/data/output/field_inversion/Beta_e/u_imp_100/FI_run_T31_CP550_u_imp_100_k_imp_0_e_imp_1/FI_run_T31_CP550_u_imp_100_k_imp_0_e_imp_1_state_iter_14000.dat
iter:  14100 (Jcost: 2.839778e-01) (lr = 1.192e-03) (elapsed time: 9638.207) (secs/iter:  0.716) (n_accepted: 78%) (u_error:  1.134380 %) (beta_change: 29.856220 %) (delta_change:  2.290847 %) (delta_peak/R:  3.801562 %)
iter:  14200 (Jcost: 2.839753e-01) (lr = 3.394e-02) (elapsed time: 9707.896) (secs/iter:  0.697) (n_accepted: 83%) (u_error:  1.134373 %) (beta_change: 29.908982 %) (delta_change:  2.290796 %) (delta_peak/R:  3.801241 %)
iter:  14300 (Jcost: 2.839722e-01) (lr = 1.214e-02) (elapsed time: 9781.230) (secs/iter:  0.733) (n_accepted: 78%) (u_error:  1.134367 %) (beta_change: 29.972546 %) (delta_change:  2.290742 %) (delta_peak/R:  3.800875 %)
iter:  14400 (Jcost: 2.839685e-01) (lr = 4.342e-03) (elapsed time: 9847.156) (secs/iter:  0.659) (n_accepted: 78%) (u_error:  1.134361 %) (beta_change: 30.050235 %) (delta_change:  2.290680 %) (delta_peak/R:  3.800444 %)
iter:  14500 (Jcost: 2.839645e-01) (lr = 1.553e-03) (elapsed time: 9917.461) (secs/iter:  0.703) (n_accepted: 78%) (u_error:  1.134348 %) (beta_change: 30.134248 %) (delta_change:  2.290591 %) (delta_peak/R:  3.799919 %)
-> Saved file: /media/rafael/DATA/Dropbox/20220924_FIML_solver/data/output/field_inversion/Beta_e/u_imp_100/FI_run_T31_CP550_u_imp_100_k_imp_0_e_imp_1/FI_run_T31_CP550_u_imp_100_k_imp_0_e_imp_1_state_iter_14500.dat
iter:  14600 (Jcost: 2.839614e-01) (lr = 3.199e-03) (elapsed time: 9979.507) (secs/iter:  0.620) (n_accepted: 80%) (u_error:  1.134396 %) (beta_change: 30.202956 %) (delta_change:  2.290706 %) (delta_peak/R:  3.800003 %)
iter:  14700 (Jcost: 2.839583e-01) (lr = 9.111e-02) (elapsed time: 10036.953) (secs/iter:  0.574) (n_accepted: 83%) (u_error:  1.134359 %) (beta_change: 30.264506 %) (delta_change:  2.290557 %) (delta_peak/R:  3.799393 %)
iter:  14800 (Jcost: 2.839557e-01) (lr = 5.658e-03) (elapsed time: 10109.166) (secs/iter:  0.722) (n_accepted: 76%) (u_error:  1.134356 %) (beta_change: 30.319490 %) (delta_change:  2.290517 %) (delta_peak/R:  3.799104 %)
iter:  14900 (Jcost: 2.839523e-01) (lr = 8.431e-04) (elapsed time: 10158.618) (secs/iter:  0.495) (n_accepted: 77%) (u_error:  1.134349 %) (beta_change: 30.392194 %) (delta_change:  2.290454 %) (delta_peak/R:  3.798698 %)
iter:  15000 (Jcost: 2.839499e-01) (lr = 2.401e-02) (elapsed time: 10205.518) (secs/iter:  0.469) (n_accepted: 83%) (u_error:  1.134354 %) (beta_change: 30.442728 %) (delta_change:  2.290442 %) (delta_peak/R:  3.798501 %)
-> Saved file: /media/rafael/DATA/Dropbox/20220924_FIML_solver/data/output/field_inversion/Beta_e/u_imp_100/FI_run_T31_CP550_u_imp_100_k_imp_0_e_imp_1/FI_run_T31_CP550_u_imp_100_k_imp_0_e_imp_1_state_iter_15000.dat
iter:  15000 (Jcost: 2.839499e-01) (lr = 2.881e-02) (elapsed time: 10211.216) (secs/iter:   None) (n_accepted: 0%) (u_error:  1.134354 %) (beta_change: 30.443717 %) (delta_change:  2.290442 %) (delta_peak/R:  3.798498 %)
