# ------------------------------------------------------------------------
#                  Input Arguments
# ------------------------------------------------------------------------
# Begin_Input_Arguments
{ 'all_b_mode': ['Beta_e'],
  'args_mk_solver': { 'torch': "<module 'torch' from "
                               "'/home/rafael/anaconda3/lib/python3.9/site-packages/torch/__init__.py'>",
                      'y_grid': [0.0, 0.000309700312, 0.000638645973, 0.00098802599, 0.00135910194, 0.00175321227, 0.00217177688, 0.00261630193, 0.00308838486, 0.00358971984, 0.00412210331, 0.00468744001, 0.00528774917, 0.00592517114, 0.00660197432, 0.0073205624, 0.00808348206, 0.00889343092, 0.00975326602, 0.0106660126, 0.0116348733, 0.0126632377, 0.0137546927, 0.0149130326, 0.0161422702, 0.0174466482, 0.0188306506, 0.0202990157, 0.0218567475, 0.02350913, 0.0252617393, 0.0271204584, 0.0290914903, 0.0311813732, 0.033396994, 0.0357456039, 0.0382348325, 0.0408727029, 0.0436676462, 0.0466285159, 0.0497646022, 0.0530856456, 0.0566018496, 0.0603238931, 0.0642629411, 0.068430655, 0.0728392004, 0.0775012535, 0.0824300053, 0.0876391634, 0.0931429507, 0.0989561006, 0.105093849, 0.111571922, 0.118406518, 0.125614286, 0.133212296, 0.141218006, 0.14964922, 0.158524039, 0.167860801, 0.177678022, 0.187994313, 0.1988283, 0.21019853, 0.222123362, 0.234620856, 0.247708641, 0.261403784, 0.275722637, 0.290680679, 0.306292354, 0.322570888, 0.339528108, 0.357174255, 0.375517785, 0.394565175, 0.414320726, 0.43478637, 0.45596148, 0.47784269, 0.500423731, 0.523695275, 0.547644806, 0.572256506, 0.597511177, 0.623386184, 0.649855436, 0.676889401, 0.704455158, 0.73251649, 0.761034018, 0.789965372, 0.819265404, 0.848886442, 0.878778572, 0.908889961, 0.939167201, 0.969555687, 1.0],
                      'Ret': 1876.12424,
                      'cp': 266.497823,
                      'A_sca_rho': 1.0,
                      'A_sca_mu': 0.0005330137411368876,
                      'A_sca_k': 0.2029242880600944,
                      'b_exp_rho': -1.0,
                      'b_exp_mu': 0.75,
                      'b_exp_k': 0.75,
                      'tensor_device': 'cpu',
                      'as_tensor': '<function '
                                   'Build_arguments_fi_run._mk_args_MK_solver.<locals>.<lambda> '
                                   'at 0x7fbec86e0790>',
                      'ref_dns': { 'u_dns': [0.0, 0.569399876, 1.15202336, 1.7483514, 2.35934985, 2.98623599, 3.62899177, 4.28722471, 4.96037455, 5.64775044, 6.3482195, 7.0602293, 7.78189937, 8.51105466, 9.24520953, 9.98164002, 10.7174349, 11.4495601, 12.1749233, 12.8904534, 13.5931759, 14.2802823, 14.9492039, 15.5976623, 16.2237219, 16.8258137, 17.402755, 17.9537449, 18.4783556, 18.9765103, 19.4484492, 19.8946892, 20.3159849, 20.7132724, 21.0876455, 21.4403268, 21.7726682, 22.086143, 22.3823284, 22.6628578, 22.9293818, 23.183558, 23.4270175, 23.6613019, 23.887859, 24.1080914, 24.3233276, 24.5348018, 24.7437316, 24.9511076, 25.1576305, 25.3638865, 25.5704784, 25.7778989, 25.9864103, 26.1961845, 26.4072598, 26.6197462, 26.8339877, 27.0502507, 27.2685012, 27.4889743, 27.7120513, 27.9376197, 28.1656137, 28.3965641, 28.6304677, 28.8669453, 29.1054668, 29.3456013, 29.5875777, 29.8315471, 30.0773114, 30.3244557, 30.5715201, 30.8170428, 31.0612168, 31.3043526, 31.5462887, 31.7876997, 32.0280645, 32.2669521, 32.5057063, 32.7456118, 32.9873359, 33.2274752, 33.4621921, 33.688997, 33.9054606, 34.1122311, 34.3115672, 34.5028502, 34.6817608, 34.847253, 34.9952399, 35.1212894, 35.2214298, 35.2929126, 35.3355064, 35.3497957],
                                   'T_dns': [1.0, 1.0466493263339878, 1.0928733337171308, 1.1387443672378808, 1.1845074158310558, 1.2305054068269876, 1.2766762924781856, 1.3228308598183511, 1.3688585822490755, 1.4147351793889693, 1.460376145261093, 1.5056515493673621, 1.5504303597606666, 1.5945881349364206, 1.6379821464252384, 1.6804699720121565, 1.7219137508801474, 1.7621793102481014, 1.8011414339417713, 1.838688283165918, 1.8747234162563235, 1.909167577082784, 1.9419609039753423, 1.97306293216033, 2.0024534851581697, 2.03013126160829, 2.056113234296602, 2.0804324744877234, 2.1031365833398956, 2.1242856431137427, 2.1439495743827415, 2.1622060769765876, 2.17913877765053, 2.1948344452884045, 2.2093822769069256, 2.2228720624254943, 2.2353935093823503, 2.2470345885675123, 2.257880042347343, 2.268009060965749, 2.2774948379816253, 2.286405652987902, 2.2948056053287513, 2.3027537606802255, 2.310303151575031, 2.3175012632037912, 2.324388391664548, 2.3309988233379317, 2.3373649230202798, 2.3435124215388248, 2.349457071877803, 2.3552170387103373, 2.3608093978984432, 2.366241411355004, 2.3715196538667502, 2.3766508483864355, 2.3816356500444424, 2.386475345243489, 2.3911836735308665, 2.3957702692614484, 2.4002406188484735, 2.4046074509777666, 2.408871648330968, 2.413027707718028, 2.417079727289961, 2.4210331890675274, 2.424889716948119, 2.4286526271511866, 2.432333054177017, 2.4359188387035715, 2.4394153445843454, 2.442820346891098, 2.4461151964619265, 2.4492802212936935, 2.4523267508920954, 2.4552602782838417, 2.4580807947556154, 2.4608029271891487, 2.4634138692086553, 2.4659169168928976, 2.4683092907316526, 2.4705967741525767, 2.4727689733441776, 2.4748421582610356, 2.47680581615698, 2.47864996307755, 2.4803704509111304, 2.4819525208635134, 2.4834159528119986, 2.484752905292618, 2.4859622591640216, 2.4870390672012603, 2.487984951374464, 2.4888160238790658, 2.489528956644852, 2.490130857426344, 2.4906143525984854, 2.490961857642444, 2.491157079212975, 2.491219178827318],
                                   'mu_dns': [0.0005330137411368876, 0.0005515556071416495, 0.0005697256561463158, 0.000587567934150898, 0.0006051900001554238, 0.0006227318091599288, 0.0006401754281644086, 0.0006574559251688466, 0.000674539432173234, 0.0006914245091775703, 0.0007080875411818497, 0.0007244889431860618, 0.0007405895901901968, 0.0007563534661942452, 0.0007717386981981965, 0.0007867042072020399, 0.0008012110882057655, 0.0008152221642093639, 0.0008287036812128261, 0.0008416266652161449, 0.0008539674322193142, 0.0008657080242223295, 0.0008768367972251875, 0.0008873482732278872, 0.0008972433182304283, 0.0009065285672328129, 0.0009152161532350441, 0.0009233229352371261, 0.0009308699562390642, 0.0009378817622408649, 0.0009443855432425352, 0.0009504104832440826, 0.0009559871882455146, 0.0009611468142468397, 0.000965920881248066, 0.0009703407182492011, 0.0009744372882502531, 0.0009782406902512299, 0.0009817797132521387, 0.0009850811172529867, 0.0009881695252537798, 0.000991067807254524, 0.0009937973442552248, 0.0009963777722558878, 0.0009988266772565167, 0.0010011597702571156, 0.0010033903702576887, 0.0010055298002582384, 0.001007588720258767, 0.0010095756102592771, 0.0010114957002597706, 0.0010133549802602477, 0.0010151590702607114, 0.0010169104102611612, 0.0010186112102615978, 0.001020263720262022, 0.0010218682302624341, 0.001023425230262834, 0.0010249392102632227, 0.0010264133302636017, 0.0010278494102639703, 0.0010292515902643302, 0.001030620200264682, 0.0010319535202650244, 0.001033252910265358, 0.0010345201702656834, 0.001035755860266001, 0.0010369610802663104, 0.0010381394302666131, 0.0010392870502669077, 0.0010404056902671949, 0.0010414946702674746, 0.0010425480602677451, 0.001043559610268005, 0.0010445329802682547, 0.0010454699602684954, 0.001046370580268727, 0.00104723954026895, 0.001048072780269164, 0.001048871380269369, 0.0010496344802695652, 0.0010503639502697523, 0.0010510565002699304, 0.0010517173402701, 0.0010523431402702605, 0.0010529307402704115, 0.0010534788402705522, 0.0010539827602706819, 0.0010544488202708013, 0.0010548745402709106, 0.0010552595802710096, 0.001055602380271098, 0.0010559034702711753, 0.001056167990271243, 0.0010563948902713011, 0.0010565864402713504, 0.0010567403002713898, 0.0010568508802714183, 0.0010569130002714344, 0.0010569327602714396],
                                   'rho_dns': [1.0, 0.9554298415330925, 0.9150191235783512, 0.878160216436972, 0.8442327896262224, 0.8126742023658599, 0.7832839114282267, 0.755954544436103, 0.7305356542799112, 0.7068460688394733, 0.6847550908339545, 0.6641642951320148, 0.6449822100712513, 0.6271211845182029, 0.610507264796761, 0.595071626779872, 0.5807491806653238, 0.5674791402806832, 0.5552034843879611, 0.5438659772597044, 0.5334120176494739, 0.5237884887653519, 0.5149434254587328, 0.5068262059462484, 0.4993873802372054, 0.4925789868423533, 0.4863545369582239, 0.48066928980534956, 0.4754802935394455, 0.4707464851733482, 0.46642888058032206, 0.46249060653751367, 0.4588968863553355, 0.45561522972572016, 0.45261519948461454, 0.44986844582897256, 0.447348529823863, 0.44503097775522066, 0.44289332526292113, 0.4409153460675269, 0.4390789315185565, 0.4373677079975673, 0.4357667584905263, 0.4342626715348859, 0.43284362890569483, 0.4314992254276343, 0.43022069959826165, 0.42900064555503514, 0.427832209746618, 0.42670992089018595, 0.4256302496307159, 0.424589319610042, 0.42358353914135755, 0.4226111482967244, 0.42167055135701925, 0.42076016368955654, 0.4198795059107129, 0.41902800378521043, 0.41820292228885175, 0.41740229137590606, 0.4166248967487912, 0.4158682946746164, 0.4151321224162644, 0.4144171228542121, 0.4137223893401331, 0.4130467952755141, 0.41238988850122427, 0.4117509391093948, 0.4111279079494117, 0.4105227087665258, 0.40993429110793395, 0.4093628912468611, 0.40881149074516404, 0.4082832136993319, 0.40777600278438625, 0.4072887949374443, 0.40682145279094495, 0.40637142818350336, 0.4059407201118174, 0.4055286669025407, 0.40513561398279285, 0.4047605058267768, 0.40440494473189625, 0.4040661731343128, 0.4037458219278584, 0.40344542993008037, 0.40316558344446635, 0.40290859377603366, 0.40267116705427025, 0.40245450477991673, 0.4022587214724167, 0.4020845563657872, 0.401931691527137, 0.4017974773568844, 0.40168241358706824, 0.40158532111583184, 0.40150736261384223, 0.4014513497795763, 0.40141988971483383, 0.4014098833610964]},
                      'case': 'Supersonic_M3.0R600',
                      'constant_Sq_heat': 0.0,
                      'use_visc_heating': True,
                      'Pr_turb': 1.0,
                      'fprint': '<function '
                                'Build_arguments_fi_run._mk_args_MK_solver.<locals>.<lambda> '
                                'at 0x7fbec86e0b80>',
                      'compressible_correction': False,
                      'bool_solve_energy': False,
                      'output_last': False},
  'u_imp': 1,
  'k_imp': 0,
  'e_imp': 1,
  'solve_sparse_adj': True,
  'all_ref_beta_distrib': {'K': [1.0, 1.0, 1.0, 1.0, 1.0, 1.0, 1.0, 1.0, 1.0, 1.0, 1.0, 1.0, 1.0, 1.0, 1.0, 1.0, 1.0, 1.0, 1.0, 1.0, 1.0, 1.0, 1.0, 1.0, 1.0, 1.0, 1.0, 1.0, 1.0, 1.0, 1.0, 1.0, 1.0, 1.0, 1.0, 1.0, 1.0, 1.0, 1.0, 1.0, 1.0, 1.0, 1.0, 1.0, 1.0, 1.0, 1.0, 1.0, 1.0, 1.0, 1.0, 1.0, 1.0, 1.0, 1.0, 1.0, 1.0, 1.0, 1.0, 1.0, 1.0, 1.0, 1.0, 1.0, 1.0, 1.0, 1.0, 1.0, 1.0, 1.0, 1.0, 1.0, 1.0, 1.0, 1.0, 1.0, 1.0, 1.0, 1.0, 1.0, 1.0, 1.0, 1.0, 1.0, 1.0, 1.0, 1.0, 1.0, 1.0, 1.0, 1.0, 1.0, 1.0, 1.0, 1.0, 1.0, 1.0, 1.0, 1.0, 1.0], 'E': [1.0, 0.99988067, 0.99981526, 0.99972737, 0.99960622, 0.99944069, 0.9992187, 0.9989291, 0.99856865, 0.99814338, 0.99764393, 0.99700712, 0.99613609, 0.99497535, 0.99351249, 0.99172284, 0.98956687, 0.98700316, 0.98399228, 0.98049781, 0.97648747, 0.97193499, 0.96681988, 0.96113079, 0.95486391, 0.94802764, 0.94064033, 0.93273498, 0.92435952, 0.91557755, 0.90647557, 0.89716179, 0.88777328, 0.87848575, 0.86952146, 0.86116437, 0.85378403, 0.84786805, 0.84406784, 0.84326611, 0.84667512, 0.85598835, 0.87367265, 0.9036598, 0.95202085, 1.02450602, 1.11976759, 1.22600557, 1.3266091, 1.40845742, 1.46555357, 1.49787797, 1.50866164, 1.50217958, 1.48253238, 1.45316413, 1.41678382, 1.37545142, 1.33071584, 1.28375079, 1.23547106, 1.18661728, 1.13783181, 1.08970827, 1.04283001, 0.99780149, 0.95526315, 0.91589649, 0.8804103, 0.84951759, 0.82389879, 0.80413973, 0.79066475, 0.78365505, 0.78297784, 0.78814709, 0.79834081, 0.81247185, 0.82929229, 0.84752286, 0.86597555, 0.8836532, 0.89982585, 0.91405267, 0.92613381, 0.93600392, 0.94364129, 0.94904633, 0.95227573, 0.95350492, 0.95306523, 0.95140646, 0.94901692, 0.94637476, 0.94392613, 0.94204716, 0.94098242, 0.94073466, 0.94100106, 0.97068381]},
  'all_ref_delta_distrib': {'K': [-0.0, -0.0, -0.0, -0.0, -0.0, -0.0, -0.0, -0.0, -0.0, -0.0, -0.0, -0.0, -0.0, -0.0, -0.0, -0.0, -0.0, -0.0, -0.0, -0.0, -0.0, -0.0, -0.0, -0.0, -0.0, -0.0, -0.0, -0.0, -0.0, -0.0, -0.0, -0.0, -0.0, -0.0, -0.0, -0.0, -0.0, -0.0, -0.0, -0.0, -0.0, -0.0, -0.0, -0.0, -0.0, -0.0, -0.0, -0.0, -0.0, -0.0, -0.0, -0.0, -0.0, -0.0, -0.0, -0.0, -0.0, -0.0, -0.0, -0.0, -0.0, -0.0, -0.0, -0.0, -0.0, -0.0, -0.0, -0.0, -0.0, -0.0, -0.0, -0.0, -0.0, -0.0, -0.0, -0.0, -0.0, -0.0, -0.0, -0.0, -0.0, -0.0, -0.0, -0.0, -0.0, -0.0, -0.0, -0.0, -0.0, -0.0, -0.0, -0.0, -0.0, -0.0, -0.0, -0.0, -0.0, -0.0, -0.0, -0.0], 'E': [-0.0, 0.9927599027529596, 2.3032833661234453, 4.184936670142922, 6.962766304360919, 11.049505994024653, 16.963663470864596, 25.342519734207567, 36.940360991470186, 52.62663372027417, 73.39176735828498, 100.33321706119268, 134.49799837570683, 176.5667207670878, 226.6408975557575, 284.2349457297496, 348.32589405655085, 417.43812450524484, 489.7770049083239, 563.3828292928496, 636.2795633120246, 706.586613219746, 772.6117843520399, 832.8788735481971, 886.1658514594134, 931.4746907926553, 968.040288406908, 995.2848489317582, 1012.8026635769563, 1020.3452397481468, 1017.7770985578438, 1005.0874366465753, 982.3678420579191, 949.8001768943534, 907.6654333975604, 856.3437131579709, 796.3114683927743, 728.1437359484587, 652.5136748204711, 570.180315070006, 481.960465204604, 388.6565344053396, 290.8049674149094, 187.96733822332027, 78.88271752622195, -33.79537309934547, -138.17361024014045, -218.10511976599318, -264.35032606984777, -278.66906101506345, -269.5650468844393, -246.61578523068152, -217.38788729969434, -186.79208836606412, -157.56771436605993, -131.00187416999938, -107.52465735157803, -87.10712768227259, -69.50276283984546, -54.38614130526635, -41.4246627741326, -30.311345239631212, -20.78183930306249, -12.61736055991036, -5.643499286810329, 0.27237763483717414, 5.22644198136127, 9.284280923441775, 12.488593667295714, 14.867754477961299, 16.445277394423318, 17.251989775093136, 17.336382517076675, 16.773959704322746, 15.671159063474645, 14.162532343102821, 12.399237152018152, 10.532744060279025, 8.698196693612843, 7.000821017899171, 5.509281906784544, 4.255951425298026, 3.2424463067467264, 2.4486213284073575, 1.8429832151451784, 1.3915327215795397, 1.062772134428255, 0.8290986138371286, 0.6665027398894687, 0.5541231772866511, 0.47439397316086945, 0.41383977519382553, 0.3634952999588104, 0.31836886733173525, 0.2765207818276834, 0.23818050219719694, 0.2048867531907666, 0.17875549022503118, 0.1618082704435505, 0.07765954881733395]},
  'fname_print': '/media/rafael/DATA/Dropbox/20220924_FIML_solver/data/output/field_inversion/Beta_e/u_imp_1/FI_run_Supersonic_M3.0R600_u_imp_1_k_imp_0_e_imp_1/FI_run_Supersonic_M3.0R600_u_imp_1_k_imp_0_e_imp_1.log',
  'folder': '/media/rafael/DATA/Dropbox/20220924_FIML_solver/data/output/field_inversion/Beta_e/u_imp_1/FI_run_Supersonic_M3.0R600_u_imp_1_k_imp_0_e_imp_1',
  'iters_limit': 15000}
# End_Input_Arguments

# ------------------------------------------------------------------------
#                  Iterations
# ------------------------------------------------------------------------

iter:      0 (Jcost: 1.967839e-01) (lr = 1.000e-03) (elapsed time:  0.002) (secs/iter:   None) (n_accepted: 0%) (u_error:  6.407260 %) (beta_change: 50.866164 %) (delta_change:  2.434156 %) (delta_peak/R:  0.000000 %)
-> Saved file: /media/rafael/DATA/Dropbox/20220924_FIML_solver/data/output/field_inversion/Beta_e/u_imp_1/FI_run_Supersonic_M3.0R600_u_imp_1_k_imp_0_e_imp_1/FI_run_Supersonic_M3.0R600_u_imp_1_k_imp_0_e_imp_1_state_iter_0.dat
iter:    100 (Jcost: 2.005801e-02) (lr = 7.874e-01) (elapsed time: 127.984) (secs/iter:  1.280) (n_accepted: 87%) (u_error:  2.605203 %) (beta_change: 45.932237 %) (delta_change:  1.180199 %) (delta_peak/R:  2.319022 %)
iter:    200 (Jcost: 1.786056e-02) (lr = 1.173e-01) (elapsed time: 257.157) (secs/iter:  1.292) (n_accepted: 77%) (u_error:  2.442994 %) (beta_change: 40.450155 %) (delta_change:  0.999368 %) (delta_peak/R:  2.305651 %)
iter:    300 (Jcost: 1.694853e-02) (lr = 5.802e-01) (elapsed time: 377.858) (secs/iter:  1.207) (n_accepted: 81%) (u_error:  2.429122 %) (beta_change: 36.862854 %) (delta_change:  0.897894 %) (delta_peak/R:  2.279011 %)
iter:    400 (Jcost: 1.648752e-02) (lr = 4.980e-01) (elapsed time: 455.888) (secs/iter:  0.780) (n_accepted: 79%) (u_error:  2.382498 %) (beta_change: 34.038248 %) (delta_change:  0.821546 %) (delta_peak/R:  2.270542 %)
iter:    500 (Jcost: 1.622940e-02) (lr = 4.275e-01) (elapsed time: 558.306) (secs/iter:  1.024) (n_accepted: 79%) (u_error:  2.357035 %) (beta_change: 31.813041 %) (delta_change:  0.744257 %) (delta_peak/R:  2.256044 %)
-> Saved file: /media/rafael/DATA/Dropbox/20220924_FIML_solver/data/output/field_inversion/Beta_e/u_imp_1/FI_run_Supersonic_M3.0R600_u_imp_1_k_imp_0_e_imp_1/FI_run_Supersonic_M3.0R600_u_imp_1_k_imp_0_e_imp_1_state_iter_500.dat
iter:    600 (Jcost: 1.605452e-02) (lr = 8.807e-01) (elapsed time: 679.459) (secs/iter:  1.212) (n_accepted: 80%) (u_error:  2.335916 %) (beta_change: 29.800816 %) (delta_change:  0.682755 %) (delta_peak/R:  2.242673 %)
iter:    700 (Jcost: 1.595323e-02) (lr = 3.150e-01) (elapsed time: 792.959) (secs/iter:  1.135) (n_accepted: 78%) (u_error:  2.332643 %) (beta_change: 28.331998 %) (delta_change:  0.629641 %) (delta_peak/R:  2.228070 %)
iter:    800 (Jcost: 1.586953e-02) (lr = 1.127e-01) (elapsed time: 907.079) (secs/iter:  1.141) (n_accepted: 78%) (u_error:  2.318371 %) (beta_change: 26.895109 %) (delta_change:  0.573363 %) (delta_peak/R:  2.220967 %)
iter:    900 (Jcost: 1.580837e-02) (lr = 5.571e-01) (elapsed time: 1012.718) (secs/iter:  1.056) (n_accepted: 81%) (u_error:  2.315891 %) (beta_change: 25.677726 %) (delta_change:  0.538291 %) (delta_peak/R:  2.211383 %)
iter:   1000 (Jcost: 1.575954e-02) (lr = 1.992e-01) (elapsed time: 1126.781) (secs/iter:  1.141) (n_accepted: 78%) (u_error:  2.310368 %) (beta_change: 24.595272 %) (delta_change:  0.504817 %) (delta_peak/R:  2.205590 %)
-> Saved file: /media/rafael/DATA/Dropbox/20220924_FIML_solver/data/output/field_inversion/Beta_e/u_imp_1/FI_run_Supersonic_M3.0R600_u_imp_1_k_imp_0_e_imp_1/FI_run_Supersonic_M3.0R600_u_imp_1_k_imp_0_e_imp_1_state_iter_1000.dat
iter:   1100 (Jcost: 1.571825e-02) (lr = 4.105e-01) (elapsed time: 1240.941) (secs/iter:  1.142) (n_accepted: 80%) (u_error:  2.306198 %) (beta_change: 23.595757 %) (delta_change:  0.472732 %) (delta_peak/R:  2.200601 %)
iter:   1200 (Jcost: 1.567673e-02) (lr = 8.457e-01) (elapsed time: 1351.060) (secs/iter:  1.101) (n_accepted: 80%) (u_error:  2.302949 %) (beta_change: 22.523344 %) (delta_change:  0.437333 %) (delta_peak/R:  2.195378 %)
iter:   1300 (Jcost: 1.564150e-02) (lr = 3.025e-01) (elapsed time: 1458.081) (secs/iter:  1.070) (n_accepted: 78%) (u_error:  2.299865 %) (beta_change: 21.552592 %) (delta_change:  0.405231 %) (delta_peak/R:  2.191387 %)
iter:   1400 (Jcost: 1.561201e-02) (lr = 6.231e-01) (elapsed time: 1567.682) (secs/iter:  1.096) (n_accepted: 80%) (u_error:  2.298662 %) (beta_change: 20.690699 %) (delta_change:  0.377267 %) (delta_peak/R:  2.187562 %)
iter:   1500 (Jcost: 1.558675e-02) (lr = 9.286e-02) (elapsed time: 1670.996) (secs/iter:  1.033) (n_accepted: 77%) (u_error:  2.296082 %) (beta_change: 19.916782 %) (delta_change:  0.352770 %) (delta_peak/R:  2.185242 %)
-> Saved file: /media/rafael/DATA/Dropbox/20220924_FIML_solver/data/output/field_inversion/Beta_e/u_imp_1/FI_run_Supersonic_M3.0R600_u_imp_1_k_imp_0_e_imp_1/FI_run_Supersonic_M3.0R600_u_imp_1_k_imp_0_e_imp_1_state_iter_1500.dat
iter:   1600 (Jcost: 1.556282e-02) (lr = 7.971e-02) (elapsed time: 1780.072) (secs/iter:  1.091) (n_accepted: 79%) (u_error:  2.294263 %) (beta_change: 19.149407 %) (delta_change:  0.330136 %) (delta_peak/R:  2.182855 %)
iter:   1700 (Jcost: 1.554007e-02) (lr = 1.642e-01) (elapsed time: 1885.024) (secs/iter:  1.050) (n_accepted: 80%) (u_error:  2.290216 %) (beta_change: 18.385870 %) (delta_change:  0.311616 %) (delta_peak/R:  2.181865 %)
iter:   1800 (Jcost: 1.552055e-02) (lr = 3.383e-01) (elapsed time: 1981.012) (secs/iter:  0.960) (n_accepted: 80%) (u_error:  2.291293 %) (beta_change: 17.707947 %) (delta_change:  0.295285 %) (delta_peak/R:  2.178802 %)
iter:   1900 (Jcost: 1.550196e-02) (lr = 6.970e-01) (elapsed time: 2075.763) (secs/iter:  0.948) (n_accepted: 80%) (u_error:  2.289713 %) (beta_change: 17.035323 %) (delta_change:  0.279188 %) (delta_peak/R:  2.177259 %)
iter:   2000 (Jcost: 1.548407e-02) (lr = 5.983e-01) (elapsed time: 2179.927) (secs/iter:  1.042) (n_accepted: 79%) (u_error:  2.287901 %) (beta_change: 16.364052 %) (delta_change:  0.263314 %) (delta_peak/R:  2.175968 %)
-> Saved file: /media/rafael/DATA/Dropbox/20220924_FIML_solver/data/output/field_inversion/Beta_e/u_imp_1/FI_run_Supersonic_M3.0R600_u_imp_1_k_imp_0_e_imp_1/FI_run_Supersonic_M3.0R600_u_imp_1_k_imp_0_e_imp_1_state_iter_2000.dat
iter:   2100 (Jcost: 1.546683e-02) (lr = 5.136e-01) (elapsed time: 2299.057) (secs/iter:  1.191) (n_accepted: 79%) (u_error:  2.288016 %) (beta_change: 15.690922 %) (delta_change:  0.260901 %) (delta_peak/R:  2.173813 %)
iter:   2200 (Jcost: 1.545176e-02) (lr = 7.654e-02) (elapsed time: 2412.047) (secs/iter:  1.130) (n_accepted: 77%) (u_error:  2.286638 %) (beta_change: 15.083065 %) (delta_change:  0.261946 %) (delta_peak/R:  2.172708 %)
iter:   2300 (Jcost: 1.543804e-02) (lr = 1.577e-01) (elapsed time: 2521.556) (secs/iter:  1.095) (n_accepted: 80%) (u_error:  2.283850 %) (beta_change: 14.512136 %) (delta_change:  0.262172 %) (delta_peak/R:  2.172494 %)
iter:   2400 (Jcost: 1.542341e-02) (lr = 7.796e-01) (elapsed time: 2628.011) (secs/iter:  1.065) (n_accepted: 81%) (u_error:  2.278496 %) (beta_change: 13.866533 %) (delta_change:  0.261341 %) (delta_peak/R:  2.173439 %)
iter:   2500 (Jcost: 1.541092e-02) (lr = 6.692e-01) (elapsed time: 2738.790) (secs/iter:  1.108) (n_accepted: 79%) (u_error:  2.281681 %) (beta_change: 13.325680 %) (delta_change:  0.264130 %) (delta_peak/R:  2.170397 %)
-> Saved file: /media/rafael/DATA/Dropbox/20220924_FIML_solver/data/output/field_inversion/Beta_e/u_imp_1/FI_run_Supersonic_M3.0R600_u_imp_1_k_imp_0_e_imp_1/FI_run_Supersonic_M3.0R600_u_imp_1_k_imp_0_e_imp_1_state_iter_2500.dat
iter:   2600 (Jcost: 1.539876e-02) (lr = 5.745e-01) (elapsed time: 2857.013) (secs/iter:  1.182) (n_accepted: 79%) (u_error:  2.280888 %) (beta_change: 12.767409 %) (delta_change:  0.265084 %) (delta_peak/R:  2.169369 %)
iter:   2700 (Jcost: 1.538608e-02) (lr = 8.561e-02) (elapsed time: 2969.951) (secs/iter:  1.129) (n_accepted: 77%) (u_error:  2.279964 %) (beta_change: 12.166003 %) (delta_change:  0.266035 %) (delta_peak/R:  2.168343 %)
iter:   2800 (Jcost: 1.537495e-02) (lr = 1.016e+00) (elapsed time: 3079.268) (secs/iter:  1.093) (n_accepted: 82%) (u_error:  2.278726 %) (beta_change: 11.621955 %) (delta_change:  0.266672 %) (delta_peak/R:  2.167656 %)
iter:   2900 (Jcost: 1.536421e-02) (lr = 1.514e-01) (elapsed time: 3187.161) (secs/iter:  1.079) (n_accepted: 77%) (u_error:  2.278976 %) (beta_change: 11.079434 %) (delta_change:  0.267962 %) (delta_peak/R:  2.166251 %)
iter:   3000 (Jcost: 1.535373e-02) (lr = 1.300e-01) (elapsed time: 3300.355) (secs/iter:  1.132) (n_accepted: 79%) (u_error:  2.274726 %) (beta_change: 10.533039 %) (delta_change:  0.267158 %) (delta_peak/R:  2.167146 %)
-> Saved file: /media/rafael/DATA/Dropbox/20220924_FIML_solver/data/output/field_inversion/Beta_e/u_imp_1/FI_run_Supersonic_M3.0R600_u_imp_1_k_imp_0_e_imp_1/FI_run_Supersonic_M3.0R600_u_imp_1_k_imp_0_e_imp_1_state_iter_3000.dat
iter:   3100 (Jcost: 1.534428e-02) (lr = 6.426e-01) (elapsed time: 3395.439) (secs/iter:  0.951) (n_accepted: 81%) (u_error:  2.276282 %) (beta_change: 10.032958 %) (delta_change:  0.268925 %) (delta_peak/R:  2.165231 %)
iter:   3200 (Jcost: 1.533455e-02) (lr = 2.298e-01) (elapsed time: 3505.683) (secs/iter:  1.102) (n_accepted: 78%) (u_error:  2.278090 %) (beta_change:  9.490219 %) (delta_change:  0.271039 %) (delta_peak/R:  2.163117 %)
iter:   3300 (Jcost: 1.532599e-02) (lr = 4.735e-01) (elapsed time: 3613.794) (secs/iter:  1.081) (n_accepted: 80%) (u_error:  2.274335 %) (beta_change:  9.017410 %) (delta_change:  0.270163 %) (delta_peak/R:  2.163993 %)
iter:   3400 (Jcost: 1.531782e-02) (lr = 4.064e-01) (elapsed time: 3722.514) (secs/iter:  1.087) (n_accepted: 79%) (u_error:  2.273548 %) (beta_change:  8.545285 %) (delta_change:  0.270772 %) (delta_peak/R:  2.163385 %)
iter:   3500 (Jcost: 1.530922e-02) (lr = 8.373e-01) (elapsed time: 3831.750) (secs/iter:  1.092) (n_accepted: 80%) (u_error:  2.273385 %) (beta_change:  8.046261 %) (delta_change:  0.271759 %) (delta_peak/R:  2.162397 %)
-> Saved file: /media/rafael/DATA/Dropbox/20220924_FIML_solver/data/output/field_inversion/Beta_e/u_imp_1/FI_run_Supersonic_M3.0R600_u_imp_1_k_imp_0_e_imp_1/FI_run_Supersonic_M3.0R600_u_imp_1_k_imp_0_e_imp_1_state_iter_3500.dat
iter:   3600 (Jcost: 1.530181e-02) (lr = 7.187e-01) (elapsed time: 3943.261) (secs/iter:  1.115) (n_accepted: 79%) (u_error:  2.270670 %) (beta_change:  7.608663 %) (delta_change:  0.271318 %) (delta_peak/R:  2.162838 %)
iter:   3700 (Jcost: 1.529429e-02) (lr = 6.170e-01) (elapsed time: 4052.386) (secs/iter:  1.091) (n_accepted: 79%) (u_error:  2.271589 %) (beta_change:  7.158546 %) (delta_change:  0.272731 %) (delta_peak/R:  2.161425 %)
iter:   3800 (Jcost: 1.528700e-02) (lr = 5.296e-01) (elapsed time: 4163.552) (secs/iter:  1.112) (n_accepted: 79%) (u_error:  2.269970 %) (beta_change:  6.710953 %) (delta_change:  0.272843 %) (delta_peak/R:  2.161313 %)
iter:   3900 (Jcost: 1.528024e-02) (lr = 1.091e+00) (elapsed time: 4268.374) (secs/iter:  1.048) (n_accepted: 80%) (u_error:  2.269727 %) (beta_change:  6.288687 %) (delta_change:  0.273590 %) (delta_peak/R:  2.160566 %)
iter:   4000 (Jcost: 1.527397e-02) (lr = 3.902e-01) (elapsed time: 4376.382) (secs/iter:  1.080) (n_accepted: 78%) (u_error:  2.269760 %) (beta_change:  5.888867 %) (delta_change:  0.274423 %) (delta_peak/R:  2.159734 %)
-> Saved file: /media/rafael/DATA/Dropbox/20220924_FIML_solver/data/output/field_inversion/Beta_e/u_imp_1/FI_run_Supersonic_M3.0R600_u_imp_1_k_imp_0_e_imp_1/FI_run_Supersonic_M3.0R600_u_imp_1_k_imp_0_e_imp_1_state_iter_4000.dat
iter:   4100 (Jcost: 1.526761e-02) (lr = 8.039e-01) (elapsed time: 4483.590) (secs/iter:  1.072) (n_accepted: 80%) (u_error:  2.268716 %) (beta_change:  5.476224 %) (delta_change:  0.274728 %) (delta_peak/R:  2.159428 %)
iter:   4200 (Jcost: 1.526143e-02) (lr = 2.875e-01) (elapsed time: 4592.448) (secs/iter:  1.089) (n_accepted: 78%) (u_error:  2.265256 %) (beta_change:  5.059105 %) (delta_change:  0.273814 %) (delta_peak/R:  2.160343 %)
iter:   4300 (Jcost: 1.525595e-02) (lr = 2.468e-01) (elapsed time: 4697.038) (secs/iter:  1.046) (n_accepted: 79%) (u_error:  2.267557 %) (beta_change:  4.701106 %) (delta_change:  0.275689 %) (delta_peak/R:  2.158468 %)
iter:   4400 (Jcost: 1.525022e-02) (lr = 1.220e+00) (elapsed time: 4803.860) (secs/iter:  1.068) (n_accepted: 81%) (u_error:  2.266840 %) (beta_change:  4.310292 %) (delta_change:  0.276096 %) (delta_peak/R:  2.158060 %)
iter:   4500 (Jcost: 1.524462e-02) (lr = 1.819e-01) (elapsed time: 4915.979) (secs/iter:  1.121) (n_accepted: 77%) (u_error:  2.265545 %) (beta_change:  3.944297 %) (delta_change:  0.276201 %) (delta_peak/R:  2.157955 %)
-> Saved file: /media/rafael/DATA/Dropbox/20220924_FIML_solver/data/output/field_inversion/Beta_e/u_imp_1/FI_run_Supersonic_M3.0R600_u_imp_1_k_imp_0_e_imp_1/FI_run_Supersonic_M3.0R600_u_imp_1_k_imp_0_e_imp_1_state_iter_4500.dat
iter:   4600 (Jcost: 1.523932e-02) (lr = 1.561e-01) (elapsed time: 5025.975) (secs/iter:  1.100) (n_accepted: 79%) (u_error:  2.264855 %) (beta_change:  3.623137 %) (delta_change:  0.276574 %) (delta_peak/R:  2.157582 %)
iter:   4700 (Jcost: 1.523467e-02) (lr = 3.216e-01) (elapsed time: 5133.009) (secs/iter:  1.070) (n_accepted: 80%) (u_error:  2.265412 %) (beta_change:  3.339476 %) (delta_change:  0.277491 %) (delta_peak/R:  2.156665 %)
iter:   4800 (Jcost: 1.522938e-02) (lr = 2.761e-01) (elapsed time: 5234.355) (secs/iter:  1.013) (n_accepted: 79%) (u_error:  2.265213 %) (beta_change:  3.062758 %) (delta_change:  0.278123 %) (delta_peak/R:  2.156034 %)
iter:   4900 (Jcost: 1.522466e-02) (lr = 1.365e+00) (elapsed time: 5340.016) (secs/iter:  1.057) (n_accepted: 81%) (u_error:  2.267154 %) (beta_change:  2.845850 %) (delta_change:  0.279780 %) (delta_peak/R:  2.154377 %)
iter:   5000 (Jcost: 1.521961e-02) (lr = 4.882e-01) (elapsed time: 5440.133) (secs/iter:  1.001) (n_accepted: 78%) (u_error:  2.264149 %) (beta_change:  2.718528 %) (delta_change:  0.278946 %) (delta_peak/R:  2.155211 %)
-> Saved file: /media/rafael/DATA/Dropbox/20220924_FIML_solver/data/output/field_inversion/Beta_e/u_imp_1/FI_run_Supersonic_M3.0R600_u_imp_1_k_imp_0_e_imp_1/FI_run_Supersonic_M3.0R600_u_imp_1_k_imp_0_e_imp_1_state_iter_5000.dat
iter:   5100 (Jcost: 1.521502e-02) (lr = 1.746e-01) (elapsed time: 5534.210) (secs/iter:  0.941) (n_accepted: 78%) (u_error:  2.264821 %) (beta_change:  2.627932 %) (delta_change:  0.279937 %) (delta_peak/R:  2.154220 %)
iter:   5200 (Jcost: 1.521082e-02) (lr = 1.499e-01) (elapsed time: 5624.643) (secs/iter:  0.904) (n_accepted: 79%) (u_error:  2.265494 %) (beta_change:  2.640738 %) (delta_change:  0.280882 %) (delta_peak/R:  2.153274 %)
iter:   5300 (Jcost: 1.520626e-02) (lr = 7.411e-01) (elapsed time: 5723.654) (secs/iter:  0.990) (n_accepted: 81%) (u_error:  2.262043 %) (beta_change:  2.682677 %) (delta_change:  0.279770 %) (delta_peak/R:  2.154386 %)
iter:   5400 (Jcost: 1.520189e-02) (lr = 1.527e+00) (elapsed time: 5829.414) (secs/iter:  1.058) (n_accepted: 80%) (u_error:  2.260391 %) (beta_change:  2.728684 %) (delta_change:  0.279565 %) (delta_peak/R:  2.154591 %)
iter:   5500 (Jcost: 1.519818e-02) (lr = 9.481e-02) (elapsed time: 5934.305) (secs/iter:  1.049) (n_accepted: 76%) (u_error:  2.261604 %) (beta_change:  2.770070 %) (delta_change:  0.280704 %) (delta_peak/R:  2.153452 %)
-> Saved file: /media/rafael/DATA/Dropbox/20220924_FIML_solver/data/output/field_inversion/Beta_e/u_imp_1/FI_run_Supersonic_M3.0R600_u_imp_1_k_imp_0_e_imp_1/FI_run_Supersonic_M3.0R600_u_imp_1_k_imp_0_e_imp_1_state_iter_5500.dat
iter:   5600 (Jcost: 1.519462e-02) (lr = 1.953e-01) (elapsed time: 6045.522) (secs/iter:  1.112) (n_accepted: 80%) (u_error:  2.261422 %) (beta_change:  2.880428 %) (delta_change:  0.281124 %) (delta_peak/R:  2.153033 %)
iter:   5700 (Jcost: 1.519056e-02) (lr = 4.024e-01) (elapsed time: 6127.703) (secs/iter:  0.822) (n_accepted: 80%) (u_error:  2.260608 %) (beta_change:  3.018530 %) (delta_change:  0.281299 %) (delta_peak/R:  2.152857 %)
iter:   5800 (Jcost: 1.518717e-02) (lr = 1.439e-01) (elapsed time: 6191.683) (secs/iter:  0.640) (n_accepted: 78%) (u_error:  2.261117 %) (beta_change:  3.136651 %) (delta_change:  0.282049 %) (delta_peak/R:  2.152107 %)
iter:   5900 (Jcost: 1.518347e-02) (lr = 7.116e-01) (elapsed time: 6253.449) (secs/iter:  0.618) (n_accepted: 81%) (u_error:  2.259747 %) (beta_change:  3.268182 %) (delta_change:  0.281894 %) (delta_peak/R:  2.152262 %)
iter:   6000 (Jcost: 1.518000e-02) (lr = 2.545e-01) (elapsed time: 6355.095) (secs/iter:  1.016) (n_accepted: 78%) (u_error:  2.259029 %) (beta_change:  3.394583 %) (delta_change:  0.282039 %) (delta_peak/R:  2.152118 %)
-> Saved file: /media/rafael/DATA/Dropbox/20220924_FIML_solver/data/output/field_inversion/Beta_e/u_imp_1/FI_run_Supersonic_M3.0R600_u_imp_1_k_imp_0_e_imp_1/FI_run_Supersonic_M3.0R600_u_imp_1_k_imp_0_e_imp_1_state_iter_6000.dat
iter:   6100 (Jcost: 1.517660e-02) (lr = 5.244e-01) (elapsed time: 6445.077) (secs/iter:  0.900) (n_accepted: 80%) (u_error:  2.259626 %) (beta_change:  3.519871 %) (delta_change:  0.282836 %) (delta_peak/R:  2.151320 %)
iter:   6200 (Jcost: 1.517314e-02) (lr = 7.814e-02) (elapsed time: 6538.163) (secs/iter:  0.931) (n_accepted: 77%) (u_error:  2.258963 %) (beta_change:  3.650116 %) (delta_change:  0.283008 %) (delta_peak/R:  2.151149 %)
iter:   6300 (Jcost: 1.516975e-02) (lr = 1.610e-01) (elapsed time: 6638.367) (secs/iter:  1.002) (n_accepted: 80%) (u_error:  2.258919 %) (beta_change:  3.780290 %) (delta_change:  0.283484 %) (delta_peak/R:  2.150672 %)
iter:   6400 (Jcost: 1.516639e-02) (lr = 7.960e-01) (elapsed time: 6730.640) (secs/iter:  0.923) (n_accepted: 81%) (u_error:  2.258636 %) (beta_change:  3.911691 %) (delta_change:  0.283837 %) (delta_peak/R:  2.150319 %)
iter:   6500 (Jcost: 1.516330e-02) (lr = 6.833e-01) (elapsed time: 6830.310) (secs/iter:  0.997) (n_accepted: 79%) (u_error:  2.258090 %) (beta_change:  4.033979 %) (delta_change:  0.284016 %) (delta_peak/R:  2.150141 %)
-> Saved file: /media/rafael/DATA/Dropbox/20220924_FIML_solver/data/output/field_inversion/Beta_e/u_imp_1/FI_run_Supersonic_M3.0R600_u_imp_1_k_imp_0_e_imp_1/FI_run_Supersonic_M3.0R600_u_imp_1_k_imp_0_e_imp_1_state_iter_6500.dat
iter:   6600 (Jcost: 1.516005e-02) (lr = 5.865e-01) (elapsed time: 6899.811) (secs/iter:  0.695) (n_accepted: 79%) (u_error:  2.257463 %) (beta_change:  4.165367 %) (delta_change:  0.284181 %) (delta_peak/R:  2.149975 %)
iter:   6700 (Jcost: 1.515694e-02) (lr = 2.098e-01) (elapsed time: 6998.586) (secs/iter:  0.988) (n_accepted: 78%) (u_error:  2.258861 %) (beta_change:  4.293190 %) (delta_change:  0.285352 %) (delta_peak/R:  2.148805 %)
iter:   6800 (Jcost: 1.515378e-02) (lr = 1.037e+00) (elapsed time: 7101.044) (secs/iter:  1.025) (n_accepted: 81%) (u_error:  2.257413 %) (beta_change:  4.422832 %) (delta_change:  0.285084 %) (delta_peak/R:  2.149073 %)
iter:   6900 (Jcost: 1.515090e-02) (lr = 8.903e-01) (elapsed time: 7207.615) (secs/iter:  1.066) (n_accepted: 79%) (u_error:  2.257850 %) (beta_change:  4.607561 %) (delta_change:  0.285736 %) (delta_peak/R:  2.148421 %)
iter:   7000 (Jcost: 1.514829e-02) (lr = 3.184e-01) (elapsed time: 7311.722) (secs/iter:  1.041) (n_accepted: 78%) (u_error:  2.257475 %) (beta_change:  4.868271 %) (delta_change:  0.285932 %) (delta_peak/R:  2.148224 %)
-> Saved file: /media/rafael/DATA/Dropbox/20220924_FIML_solver/data/output/field_inversion/Beta_e/u_imp_1/FI_run_Supersonic_M3.0R600_u_imp_1_k_imp_0_e_imp_1/FI_run_Supersonic_M3.0R600_u_imp_1_k_imp_0_e_imp_1_state_iter_7000.dat
iter:   7100 (Jcost: 1.514559e-02) (lr = 6.560e-01) (elapsed time: 7417.813) (secs/iter:  1.061) (n_accepted: 80%) (u_error:  2.256357 %) (beta_change:  5.140619 %) (delta_change:  0.285768 %) (delta_peak/R:  2.148388 %)
iter:   7200 (Jcost: 1.514276e-02) (lr = 1.352e+00) (elapsed time: 7518.783) (secs/iter:  1.010) (n_accepted: 80%) (u_error:  2.254366 %) (beta_change:  5.434360 %) (delta_change:  0.285192 %) (delta_peak/R:  2.148965 %)
iter:   7300 (Jcost: 1.513988e-02) (lr = 1.160e+00) (elapsed time: 7619.088) (secs/iter:  1.003) (n_accepted: 79%) (u_error:  2.256166 %) (beta_change:  5.725917 %) (delta_change:  0.286522 %) (delta_peak/R:  2.147634 %)
iter:   7400 (Jcost: 1.513726e-02) (lr = 4.149e-01) (elapsed time: 7726.551) (secs/iter:  1.075) (n_accepted: 78%) (u_error:  2.257271 %) (beta_change:  6.003930 %) (delta_change:  0.287480 %) (delta_peak/R:  2.146676 %)
iter:   7500 (Jcost: 1.513482e-02) (lr = 8.549e-01) (elapsed time: 7828.151) (secs/iter:  1.016) (n_accepted: 80%) (u_error:  2.255263 %) (beta_change:  6.252863 %) (delta_change:  0.286821 %) (delta_peak/R:  2.147335 %)
-> Saved file: /media/rafael/DATA/Dropbox/20220924_FIML_solver/data/output/field_inversion/Beta_e/u_imp_1/FI_run_Supersonic_M3.0R600_u_imp_1_k_imp_0_e_imp_1/FI_run_Supersonic_M3.0R600_u_imp_1_k_imp_0_e_imp_1_state_iter_7500.dat
iter:   7600 (Jcost: 1.513224e-02) (lr = 3.058e-01) (elapsed time: 7899.475) (secs/iter:  0.713) (n_accepted: 78%) (u_error:  2.254496 %) (beta_change:  6.525432 %) (delta_change:  0.286820 %) (delta_peak/R:  2.147336 %)
iter:   7700 (Jcost: 1.512973e-02) (lr = 6.299e-01) (elapsed time: 7963.783) (secs/iter:  0.643) (n_accepted: 80%) (u_error:  2.253893 %) (beta_change:  6.792948 %) (delta_change:  0.286892 %) (delta_peak/R:  2.147265 %)
iter:   7800 (Jcost: 1.512737e-02) (lr = 2.253e-01) (elapsed time: 8027.073) (secs/iter:  0.633) (n_accepted: 78%) (u_error:  2.254292 %) (beta_change:  7.043721 %) (delta_change:  0.287443 %) (delta_peak/R:  2.146713 %)
iter:   7900 (Jcost: 1.512502e-02) (lr = 1.934e-01) (elapsed time: 8124.903) (secs/iter:  0.978) (n_accepted: 79%) (u_error:  2.253294 %) (beta_change:  7.298642 %) (delta_change:  0.287293 %) (delta_peak/R:  2.146863 %)
iter:   8000 (Jcost: 1.512267e-02) (lr = 1.660e-01) (elapsed time: 8228.530) (secs/iter:  1.036) (n_accepted: 79%) (u_error:  2.253067 %) (beta_change:  7.553932 %) (delta_change:  0.287530 %) (delta_peak/R:  2.146626 %)
-> Saved file: /media/rafael/DATA/Dropbox/20220924_FIML_solver/data/output/field_inversion/Beta_e/u_imp_1/FI_run_Supersonic_M3.0R600_u_imp_1_k_imp_0_e_imp_1/FI_run_Supersonic_M3.0R600_u_imp_1_k_imp_0_e_imp_1_state_iter_8000.dat
iter:   8100 (Jcost: 1.512028e-02) (lr = 3.420e-01) (elapsed time: 8335.306) (secs/iter:  1.068) (n_accepted: 80%) (u_error:  2.255104 %) (beta_change:  7.816176 %) (delta_change:  0.288917 %) (delta_peak/R:  2.145239 %)
iter:   8200 (Jcost: 1.511801e-02) (lr = 1.223e-01) (elapsed time: 8442.374) (secs/iter:  1.071) (n_accepted: 78%) (u_error:  2.254261 %) (beta_change:  8.062720 %) (delta_change:  0.288827 %) (delta_peak/R:  2.145329 %)
iter:   8300 (Jcost: 1.511567e-02) (lr = 2.520e-01) (elapsed time: 8543.972) (secs/iter:  1.016) (n_accepted: 80%) (u_error:  2.253930 %) (beta_change:  8.321674 %) (delta_change:  0.289009 %) (delta_peak/R:  2.145147 %)
iter:   8400 (Jcost: 1.511329e-02) (lr = 5.192e-01) (elapsed time: 8606.023) (secs/iter:  0.621) (n_accepted: 80%) (u_error:  2.251768 %) (beta_change:  8.590530 %) (delta_change:  0.288279 %) (delta_peak/R:  2.145877 %)
iter:   8500 (Jcost: 1.511127e-02) (lr = 4.456e-01) (elapsed time: 8665.950) (secs/iter:  0.599) (n_accepted: 79%) (u_error:  2.252965 %) (beta_change:  8.813438 %) (delta_change:  0.289180 %) (delta_peak/R:  2.144977 %)
-> Saved file: /media/rafael/DATA/Dropbox/20220924_FIML_solver/data/output/field_inversion/Beta_e/u_imp_1/FI_run_Supersonic_M3.0R600_u_imp_1_k_imp_0_e_imp_1/FI_run_Supersonic_M3.0R600_u_imp_1_k_imp_0_e_imp_1_state_iter_8500.dat
iter:   8600 (Jcost: 1.510889e-02) (lr = 9.181e-01) (elapsed time: 8739.851) (secs/iter:  0.739) (n_accepted: 80%) (u_error:  2.252418 %) (beta_change:  9.082645 %) (delta_change:  0.289260 %) (delta_peak/R:  2.144896 %)
iter:   8700 (Jcost: 1.510676e-02) (lr = 1.368e-01) (elapsed time: 8842.956) (secs/iter:  1.031) (n_accepted: 77%) (u_error:  2.253756 %) (beta_change:  9.327020 %) (delta_change:  0.290257 %) (delta_peak/R:  2.143899 %)
iter:   8800 (Jcost: 1.510472e-02) (lr = 1.174e-01) (elapsed time: 8945.457) (secs/iter:  1.025) (n_accepted: 79%) (u_error:  2.251480 %) (beta_change:  9.558691 %) (delta_change:  0.289411 %) (delta_peak/R:  2.144745 %)
iter:   8900 (Jcost: 1.510272e-02) (lr = 1.394e+00) (elapsed time: 9042.361) (secs/iter:  0.969) (n_accepted: 82%) (u_error:  2.252141 %) (beta_change:  9.787263 %) (delta_change:  0.290042 %) (delta_peak/R:  2.144115 %)
iter:   9000 (Jcost: 1.510067e-02) (lr = 4.985e-01) (elapsed time: 9145.548) (secs/iter:  1.032) (n_accepted: 78%) (u_error:  2.251884 %) (beta_change: 10.024218 %) (delta_change:  0.290218 %) (delta_peak/R:  2.143938 %)
-> Saved file: /media/rafael/DATA/Dropbox/20220924_FIML_solver/data/output/field_inversion/Beta_e/u_imp_1/FI_run_Supersonic_M3.0R600_u_imp_1_k_imp_0_e_imp_1/FI_run_Supersonic_M3.0R600_u_imp_1_k_imp_0_e_imp_1_state_iter_9000.dat
iter:   9100 (Jcost: 1.509864e-02) (lr = 4.279e-01) (elapsed time: 9254.637) (secs/iter:  1.091) (n_accepted: 79%) (u_error:  2.250645 %) (beta_change: 10.263557 %) (delta_change:  0.289900 %) (delta_peak/R:  2.144256 %)
iter:   9200 (Jcost: 1.509682e-02) (lr = 1.530e-01) (elapsed time: 9356.212) (secs/iter:  1.016) (n_accepted: 78%) (u_error:  2.251563 %) (beta_change: 10.474021 %) (delta_change:  0.290632 %) (delta_peak/R:  2.143524 %)
iter:   9300 (Jcost: 1.509480e-02) (lr = 3.153e-01) (elapsed time: 9457.767) (secs/iter:  1.016) (n_accepted: 80%) (u_error:  2.251435 %) (beta_change: 10.711321 %) (delta_change:  0.290869 %) (delta_peak/R:  2.143287 %)
iter:   9400 (Jcost: 1.509291e-02) (lr = 1.128e-01) (elapsed time: 9561.183) (secs/iter:  1.034) (n_accepted: 78%) (u_error:  2.250449 %) (beta_change: 10.936059 %) (delta_change:  0.290655 %) (delta_peak/R:  2.143501 %)
iter:   9500 (Jcost: 1.509090e-02) (lr = 2.323e-01) (elapsed time: 9658.654) (secs/iter:  0.975) (n_accepted: 80%) (u_error:  2.251865 %) (beta_change: 11.176214 %) (delta_change:  0.291671 %) (delta_peak/R:  2.142485 %)
-> Saved file: /media/rafael/DATA/Dropbox/20220924_FIML_solver/data/output/field_inversion/Beta_e/u_imp_1/FI_run_Supersonic_M3.0R600_u_imp_1_k_imp_0_e_imp_1/FI_run_Supersonic_M3.0R600_u_imp_1_k_imp_0_e_imp_1_state_iter_9500.dat
iter:   9600 (Jcost: 1.508905e-02) (lr = 4.786e-01) (elapsed time: 9765.135) (secs/iter:  1.065) (n_accepted: 80%) (u_error:  2.250656 %) (beta_change: 11.395436 %) (delta_change:  0.291335 %) (delta_peak/R:  2.142821 %)
iter:   9700 (Jcost: 1.508711e-02) (lr = 1.712e-01) (elapsed time: 9864.167) (secs/iter:  0.990) (n_accepted: 78%) (u_error:  2.248835 %) (beta_change: 11.635283 %) (delta_change:  0.290714 %) (delta_peak/R:  2.143442 %)
iter:   9800 (Jcost: 1.508532e-02) (lr = 3.527e-01) (elapsed time: 9965.834) (secs/iter:  1.017) (n_accepted: 80%) (u_error:  2.251032 %) (beta_change: 11.846108 %) (delta_change:  0.292083 %) (delta_peak/R:  2.142073 %)
iter:   9900 (Jcost: 1.508366e-02) (lr = 1.261e-01) (elapsed time: 10068.664) (secs/iter:  1.028) (n_accepted: 78%) (u_error:  2.250331 %) (beta_change: 12.046560 %) (delta_change:  0.291976 %) (delta_peak/R:  2.142180 %)
iter:  10000 (Jcost: 1.508198e-02) (lr = 1.083e-01) (elapsed time: 10168.629) (secs/iter:  1.000) (n_accepted: 79%) (u_error:  2.250094 %) (beta_change: 12.252093 %) (delta_change:  0.292108 %) (delta_peak/R:  2.142048 %)
-> Saved file: /media/rafael/DATA/Dropbox/20220924_FIML_solver/data/output/field_inversion/Beta_e/u_imp_1/FI_run_Supersonic_M3.0R600_u_imp_1_k_imp_0_e_imp_1/FI_run_Supersonic_M3.0R600_u_imp_1_k_imp_0_e_imp_1_state_iter_10000.dat
iter:  10100 (Jcost: 1.507999e-02) (lr = 5.354e-01) (elapsed time: 10272.010) (secs/iter:  1.034) (n_accepted: 81%) (u_error:  2.251246 %) (beta_change: 12.499723 %) (delta_change:  0.292991 %) (delta_peak/R:  2.141165 %)
iter:  10200 (Jcost: 1.507839e-02) (lr = 4.595e-01) (elapsed time: 10376.243) (secs/iter:  1.042) (n_accepted: 79%) (u_error:  2.249771 %) (beta_change: 12.693511 %) (delta_change:  0.292481 %) (delta_peak/R:  2.141675 %)
iter:  10300 (Jcost: 1.507665e-02) (lr = 3.945e-01) (elapsed time: 10478.072) (secs/iter:  1.018) (n_accepted: 79%) (u_error:  2.249269 %) (beta_change: 12.909149 %) (delta_change:  0.292489 %) (delta_peak/R:  2.141668 %)
iter:  10400 (Jcost: 1.507492e-02) (lr = 5.879e-02) (elapsed time: 10579.969) (secs/iter:  1.019) (n_accepted: 77%) (u_error:  2.249259 %) (beta_change: 13.125102 %) (delta_change:  0.292742 %) (delta_peak/R:  2.141414 %)
iter:  10500 (Jcost: 1.507327e-02) (lr = 6.976e-01) (elapsed time: 10679.921) (secs/iter:  1.000) (n_accepted: 82%) (u_error:  2.249490 %) (beta_change: 13.331359 %) (delta_change:  0.293105 %) (delta_peak/R:  2.141051 %)
-> Saved file: /media/rafael/DATA/Dropbox/20220924_FIML_solver/data/output/field_inversion/Beta_e/u_imp_1/FI_run_Supersonic_M3.0R600_u_imp_1_k_imp_0_e_imp_1/FI_run_Supersonic_M3.0R600_u_imp_1_k_imp_0_e_imp_1_state_iter_10500.dat
iter:  10600 (Jcost: 1.507174e-02) (lr = 1.040e-01) (elapsed time: 10787.328) (secs/iter:  1.074) (n_accepted: 77%) (u_error:  2.249209 %) (beta_change: 13.523245 %) (delta_change:  0.293192 %) (delta_peak/R:  2.140964 %)
iter:  10700 (Jcost: 1.506992e-02) (lr = 2.142e-01) (elapsed time: 10881.193) (secs/iter:  0.939) (n_accepted: 80%) (u_error:  2.248466 %) (beta_change: 13.753983 %) (delta_change:  0.293090 %) (delta_peak/R:  2.141066 %)
iter:  10800 (Jcost: 1.506828e-02) (lr = 1.059e+00) (elapsed time: 10979.850) (secs/iter:  0.987) (n_accepted: 81%) (u_error:  2.247147 %) (beta_change: 13.968036 %) (delta_change:  0.292678 %) (delta_peak/R:  2.141479 %)
iter:  10900 (Jcost: 1.506668e-02) (lr = 1.578e-01) (elapsed time: 11064.209) (secs/iter:  0.844) (n_accepted: 77%) (u_error:  2.249354 %) (beta_change: 14.167637 %) (delta_change:  0.294025 %) (delta_peak/R:  2.140131 %)
iter:  11000 (Jcost: 1.506504e-02) (lr = 7.803e-01) (elapsed time: 11154.279) (secs/iter:  0.901) (n_accepted: 81%) (u_error:  2.248255 %) (beta_change: 14.376166 %) (delta_change:  0.293714 %) (delta_peak/R:  2.140442 %)
-> Saved file: /media/rafael/DATA/Dropbox/20220924_FIML_solver/data/output/field_inversion/Beta_e/u_imp_1/FI_run_Supersonic_M3.0R600_u_imp_1_k_imp_0_e_imp_1/FI_run_Supersonic_M3.0R600_u_imp_1_k_imp_0_e_imp_1_state_iter_11000.dat
iter:  11100 (Jcost: 1.506339e-02) (lr = 2.791e-01) (elapsed time: 11239.717) (secs/iter:  0.854) (n_accepted: 78%) (u_error:  2.248173 %) (beta_change: 14.589088 %) (delta_change:  0.293920 %) (delta_peak/R:  2.140236 %)
iter:  11200 (Jcost: 1.506173e-02) (lr = 5.750e-01) (elapsed time: 11298.295) (secs/iter:  0.586) (n_accepted: 80%) (u_error:  2.248205 %) (beta_change: 14.803816 %) (delta_change:  0.294185 %) (delta_peak/R:  2.139971 %)
iter:  11300 (Jcost: 1.506021e-02) (lr = 2.056e-01) (elapsed time: 11360.287) (secs/iter:  0.620) (n_accepted: 78%) (u_error:  2.249392 %) (beta_change: 15.006437 %) (delta_change:  0.295018 %) (delta_peak/R:  2.139138 %)
iter:  11400 (Jcost: 1.505882e-02) (lr = 4.237e-01) (elapsed time: 11421.415) (secs/iter:  0.611) (n_accepted: 80%) (u_error:  2.247932 %) (beta_change: 15.183810 %) (delta_change:  0.294485 %) (delta_peak/R:  2.139671 %)
iter:  11500 (Jcost: 1.505721e-02) (lr = 8.728e-01) (elapsed time: 11483.978) (secs/iter:  0.626) (n_accepted: 80%) (u_error:  2.247675 %) (beta_change: 15.395153 %) (delta_change:  0.294598 %) (delta_peak/R:  2.139558 %)
-> Saved file: /media/rafael/DATA/Dropbox/20220924_FIML_solver/data/output/field_inversion/Beta_e/u_imp_1/FI_run_Supersonic_M3.0R600_u_imp_1_k_imp_0_e_imp_1/FI_run_Supersonic_M3.0R600_u_imp_1_k_imp_0_e_imp_1_state_iter_11500.dat
iter:  11600 (Jcost: 1.505578e-02) (lr = 3.122e-01) (elapsed time: 11549.448) (secs/iter:  0.655) (n_accepted: 78%) (u_error:  2.247181 %) (beta_change: 15.583805 %) (delta_change:  0.294564 %) (delta_peak/R:  2.139592 %)
iter:  11700 (Jcost: 1.505441e-02) (lr = 1.117e-01) (elapsed time: 11610.309) (secs/iter:  0.609) (n_accepted: 78%) (u_error:  2.247559 %) (beta_change: 15.764238 %) (delta_change:  0.294960 %) (delta_peak/R:  2.139196 %)
iter:  11800 (Jcost: 1.505277e-02) (lr = 2.300e-01) (elapsed time: 11668.077) (secs/iter:  0.578) (n_accepted: 80%) (u_error:  2.247129 %) (beta_change: 15.982976 %) (delta_change:  0.294991 %) (delta_peak/R:  2.139165 %)
iter:  11900 (Jcost: 1.505135e-02) (lr = 4.739e-01) (elapsed time: 11729.645) (secs/iter:  0.616) (n_accepted: 80%) (u_error:  2.247081 %) (beta_change: 16.172274 %) (delta_change:  0.295181 %) (delta_peak/R:  2.138975 %)
iter:  12000 (Jcost: 1.505007e-02) (lr = 4.068e-01) (elapsed time: 11790.181) (secs/iter:  0.605) (n_accepted: 79%) (u_error:  2.246986 %) (beta_change: 16.343523 %) (delta_change:  0.295325 %) (delta_peak/R:  2.138831 %)
-> Saved file: /media/rafael/DATA/Dropbox/20220924_FIML_solver/data/output/field_inversion/Beta_e/u_imp_1/FI_run_Supersonic_M3.0R600_u_imp_1_k_imp_0_e_imp_1/FI_run_Supersonic_M3.0R600_u_imp_1_k_imp_0_e_imp_1_state_iter_12000.dat
iter:  12100 (Jcost: 1.504855e-02) (lr = 8.380e-01) (elapsed time: 11856.049) (secs/iter:  0.659) (n_accepted: 80%) (u_error:  2.246764 %) (beta_change: 16.548617 %) (delta_change:  0.295444 %) (delta_peak/R:  2.138713 %)
iter:  12200 (Jcost: 1.504715e-02) (lr = 7.194e-01) (elapsed time: 11934.905) (secs/iter:  0.789) (n_accepted: 79%) (u_error:  2.246305 %) (beta_change: 16.738357 %) (delta_change:  0.295424 %) (delta_peak/R:  2.138732 %)
iter:  12300 (Jcost: 1.504576e-02) (lr = 6.175e-01) (elapsed time: 12039.066) (secs/iter:  1.042) (n_accepted: 79%) (u_error:  2.247026 %) (beta_change: 16.927442 %) (delta_change:  0.295999 %) (delta_peak/R:  2.138158 %)
iter:  12400 (Jcost: 1.504447e-02) (lr = 2.209e-01) (elapsed time: 12144.022) (secs/iter:  1.050) (n_accepted: 78%) (u_error:  2.245834 %) (beta_change: 17.103901 %) (delta_change:  0.295594 %) (delta_peak/R:  2.138562 %)
iter:  12500 (Jcost: 1.504312e-02) (lr = 4.550e-01) (elapsed time: 12243.527) (secs/iter:  0.995) (n_accepted: 80%) (u_error:  2.246309 %) (beta_change: 17.288082 %) (delta_change:  0.296037 %) (delta_peak/R:  2.138119 %)
-> Saved file: /media/rafael/DATA/Dropbox/20220924_FIML_solver/data/output/field_inversion/Beta_e/u_imp_1/FI_run_Supersonic_M3.0R600_u_imp_1_k_imp_0_e_imp_1/FI_run_Supersonic_M3.0R600_u_imp_1_k_imp_0_e_imp_1_state_iter_12500.dat
iter:  12600 (Jcost: 1.504186e-02) (lr = 3.906e-01) (elapsed time: 12352.783) (secs/iter:  1.093) (n_accepted: 79%) (u_error:  2.246170 %) (beta_change: 17.461081 %) (delta_change:  0.296158 %) (delta_peak/R:  2.137998 %)
iter:  12700 (Jcost: 1.504049e-02) (lr = 3.353e-01) (elapsed time: 12454.860) (secs/iter:  1.021) (n_accepted: 79%) (u_error:  2.246064 %) (beta_change: 17.650786 %) (delta_change:  0.296314 %) (delta_peak/R:  2.137843 %)
iter:  12800 (Jcost: 1.503913e-02) (lr = 1.199e-01) (elapsed time: 12557.126) (secs/iter:  1.023) (n_accepted: 78%) (u_error:  2.246110 %) (beta_change: 17.838415 %) (delta_change:  0.296543 %) (delta_peak/R:  2.137613 %)
iter:  12900 (Jcost: 1.503771e-02) (lr = 1.423e+00) (elapsed time: 12619.740) (secs/iter:  0.626) (n_accepted: 82%) (u_error:  2.245406 %) (beta_change: 18.037640 %) (delta_change:  0.296407 %) (delta_peak/R:  2.137750 %)
iter:  13000 (Jcost: 1.503648e-02) (lr = 2.121e-01) (elapsed time: 12681.162) (secs/iter:  0.614) (n_accepted: 77%) (u_error:  2.245012 %) (beta_change: 18.210287 %) (delta_change:  0.296397 %) (delta_peak/R:  2.137759 %)
-> Saved file: /media/rafael/DATA/Dropbox/20220924_FIML_solver/data/output/field_inversion/Beta_e/u_imp_1/FI_run_Supersonic_M3.0R600_u_imp_1_k_imp_0_e_imp_1/FI_run_Supersonic_M3.0R600_u_imp_1_k_imp_0_e_imp_1_state_iter_13000.dat
iter:  13100 (Jcost: 1.503518e-02) (lr = 1.820e-01) (elapsed time: 12766.999) (secs/iter:  0.858) (n_accepted: 79%) (u_error:  2.244654 %) (beta_change: 18.392782 %) (delta_change:  0.296415 %) (delta_peak/R:  2.137741 %)
iter:  13200 (Jcost: 1.503392e-02) (lr = 3.750e-01) (elapsed time: 12872.939) (secs/iter:  1.059) (n_accepted: 80%) (u_error:  2.245711 %) (beta_change: 18.570026 %) (delta_change:  0.297141 %) (delta_peak/R:  2.137015 %)
iter:  13300 (Jcost: 1.503272e-02) (lr = 1.341e-01) (elapsed time: 12960.183) (secs/iter:  0.872) (n_accepted: 78%) (u_error:  2.245730 %) (beta_change: 18.738780 %) (delta_change:  0.297334 %) (delta_peak/R:  2.136823 %)
iter:  13400 (Jcost: 1.503148e-02) (lr = 2.763e-01) (elapsed time: 13020.072) (secs/iter:  0.599) (n_accepted: 80%) (u_error:  2.244504 %) (beta_change: 18.915525 %) (delta_change:  0.296907 %) (delta_peak/R:  2.137250 %)
iter:  13500 (Jcost: 1.503025e-02) (lr = 5.693e-01) (elapsed time: 13084.596) (secs/iter:  0.645) (n_accepted: 80%) (u_error:  2.245497 %) (beta_change: 19.090657 %) (delta_change:  0.297596 %) (delta_peak/R:  2.136560 %)
-> Saved file: /media/rafael/DATA/Dropbox/20220924_FIML_solver/data/output/field_inversion/Beta_e/u_imp_1/FI_run_Supersonic_M3.0R600_u_imp_1_k_imp_0_e_imp_1/FI_run_Supersonic_M3.0R600_u_imp_1_k_imp_0_e_imp_1_state_iter_13500.dat
iter:  13600 (Jcost: 1.502917e-02) (lr = 4.887e-01) (elapsed time: 13148.250) (secs/iter:  0.637) (n_accepted: 79%) (u_error:  2.244949 %) (beta_change: 19.245642 %) (delta_change:  0.297487 %) (delta_peak/R:  2.136669 %)
iter:  13700 (Jcost: 1.502785e-02) (lr = 1.007e+00) (elapsed time: 13226.649) (secs/iter:  0.784) (n_accepted: 80%) (u_error:  2.244043 %) (beta_change: 19.436004 %) (delta_change:  0.297235 %) (delta_peak/R:  2.136921 %)
iter:  13800 (Jcost: 1.502677e-02) (lr = 3.601e-01) (elapsed time: 13296.105) (secs/iter:  0.695) (n_accepted: 78%) (u_error:  2.244704 %) (beta_change: 19.590478 %) (delta_change:  0.297734 %) (delta_peak/R:  2.136422 %)
iter:  13900 (Jcost: 1.502561e-02) (lr = 1.288e-01) (elapsed time: 13357.043) (secs/iter:  0.609) (n_accepted: 78%) (u_error:  2.244657 %) (beta_change: 19.758623 %) (delta_change:  0.297891 %) (delta_peak/R:  2.136265 %)
iter:  14000 (Jcost: 1.502441e-02) (lr = 6.368e-01) (elapsed time: 13417.936) (secs/iter:  0.609) (n_accepted: 81%) (u_error:  2.245789 %) (beta_change: 19.937555 %) (delta_change:  0.298653 %) (delta_peak/R:  2.135504 %)
-> Saved file: /media/rafael/DATA/Dropbox/20220924_FIML_solver/data/output/field_inversion/Beta_e/u_imp_1/FI_run_Supersonic_M3.0R600_u_imp_1_k_imp_0_e_imp_1/FI_run_Supersonic_M3.0R600_u_imp_1_k_imp_0_e_imp_1_state_iter_14000.dat
iter:  14100 (Jcost: 1.502329e-02) (lr = 5.466e-01) (elapsed time: 13495.780) (secs/iter:  0.778) (n_accepted: 79%) (u_error:  2.244374 %) (beta_change: 20.096400 %) (delta_change:  0.298109 %) (delta_peak/R:  2.136047 %)
iter:  14200 (Jcost: 1.502213e-02) (lr = 4.692e-01) (elapsed time: 13584.872) (secs/iter:  0.891) (n_accepted: 79%) (u_error:  2.244257 %) (beta_change: 20.266806 %) (delta_change:  0.298231 %) (delta_peak/R:  2.135925 %)
iter:  14300 (Jcost: 1.502102e-02) (lr = 1.678e-01) (elapsed time: 13682.852) (secs/iter:  0.980) (n_accepted: 78%) (u_error:  2.244126 %) (beta_change: 20.430208 %) (delta_change:  0.298340 %) (delta_peak/R:  2.135817 %)
iter:  14400 (Jcost: 1.501988e-02) (lr = 8.297e-01) (elapsed time: 13779.808) (secs/iter:  0.970) (n_accepted: 81%) (u_error:  2.244100 %) (beta_change: 20.598272 %) (delta_change:  0.298505 %) (delta_peak/R:  2.135652 %)
iter:  14500 (Jcost: 1.501873e-02) (lr = 2.968e-01) (elapsed time: 13880.299) (secs/iter:  1.005) (n_accepted: 78%) (u_error:  2.243331 %) (beta_change: 20.768716 %) (delta_change:  0.298298 %) (delta_peak/R:  2.135858 %)
-> Saved file: /media/rafael/DATA/Dropbox/20220924_FIML_solver/data/output/field_inversion/Beta_e/u_imp_1/FI_run_Supersonic_M3.0R600_u_imp_1_k_imp_0_e_imp_1/FI_run_Supersonic_M3.0R600_u_imp_1_k_imp_0_e_imp_1_state_iter_14500.dat
iter:  14600 (Jcost: 1.501767e-02) (lr = 6.114e-01) (elapsed time: 13986.018) (secs/iter:  1.057) (n_accepted: 80%) (u_error:  2.243765 %) (beta_change: 20.925319 %) (delta_change:  0.298682 %) (delta_peak/R:  2.135474 %)
iter:  14700 (Jcost: 1.501667e-02) (lr = 2.187e-01) (elapsed time: 14086.512) (secs/iter:  1.005) (n_accepted: 78%) (u_error:  2.243665 %) (beta_change: 21.074110 %) (delta_change:  0.298790 %) (delta_peak/R:  2.135367 %)
iter:  14800 (Jcost: 1.501556e-02) (lr = 4.505e-01) (elapsed time: 14182.131) (secs/iter:  0.956) (n_accepted: 80%) (u_error:  2.243564 %) (beta_change: 21.241276 %) (delta_change:  0.298915 %) (delta_peak/R:  2.135241 %)
iter:  14900 (Jcost: 1.501449e-02) (lr = 3.867e-01) (elapsed time: 14281.969) (secs/iter:  0.998) (n_accepted: 79%) (u_error:  2.243368 %) (beta_change: 21.401525 %) (delta_change:  0.298986 %) (delta_peak/R:  2.135171 %)
iter:  15000 (Jcost: 1.501343e-02) (lr = 1.383e-01) (elapsed time: 14379.123) (secs/iter:  0.972) (n_accepted: 78%) (u_error:  2.243388 %) (beta_change: 21.561495 %) (delta_change:  0.299164 %) (delta_peak/R:  2.134992 %)
-> Saved file: /media/rafael/DATA/Dropbox/20220924_FIML_solver/data/output/field_inversion/Beta_e/u_imp_1/FI_run_Supersonic_M3.0R600_u_imp_1_k_imp_0_e_imp_1/FI_run_Supersonic_M3.0R600_u_imp_1_k_imp_0_e_imp_1_state_iter_15000.dat
iter:  15000 (Jcost: 1.501342e-02) (lr = 1.660e-01) (elapsed time: 14385.006) (secs/iter:   None) (n_accepted: 0%) (u_error:  2.243300 %) (beta_change: 21.562216 %) (delta_change:  0.299121 %) (delta_peak/R:  2.135036 %)
