# ------------------------------------------------------------------------
#                  Input Arguments
# ------------------------------------------------------------------------
# Begin_Input_Arguments
{ 'all_b_mode': ['Beta_e'],
  'args_mk_solver': { 'torch': "<module 'torch' from "
                               "'/home/rafael/anaconda3/lib/python3.9/site-packages/torch/__init__.py'>",
                      'y_grid': [0.0, 0.000309700312, 0.000638645973, 0.00098802599, 0.00135910194, 0.00175321227, 0.00217177688, 0.00261630193, 0.00308838486, 0.00358971984, 0.00412210331, 0.00468744001, 0.00528774917, 0.00592517114, 0.00660197432, 0.0073205624, 0.00808348206, 0.00889343092, 0.00975326602, 0.0106660126, 0.0116348733, 0.0126632377, 0.0137546927, 0.0149130326, 0.0161422702, 0.0174466482, 0.0188306506, 0.0202990157, 0.0218567475, 0.02350913, 0.0252617393, 0.0271204584, 0.0290914903, 0.0311813732, 0.033396994, 0.0357456039, 0.0382348325, 0.0408727029, 0.0436676462, 0.0466285159, 0.0497646022, 0.0530856456, 0.0566018496, 0.0603238931, 0.0642629411, 0.068430655, 0.0728392004, 0.0775012535, 0.0824300053, 0.0876391634, 0.0931429507, 0.0989561006, 0.105093849, 0.111571922, 0.118406518, 0.125614286, 0.133212296, 0.141218006, 0.14964922, 0.158524039, 0.167860801, 0.177678022, 0.187994313, 0.1988283, 0.21019853, 0.222123362, 0.234620856, 0.247708641, 0.261403784, 0.275722637, 0.290680679, 0.306292354, 0.322570888, 0.339528108, 0.357174255, 0.375517785, 0.394565175, 0.414320726, 0.43478637, 0.45596148, 0.47784269, 0.500423731, 0.523695275, 0.547644806, 0.572256506, 0.597511177, 0.623386184, 0.649855436, 0.676889401, 0.704455158, 0.73251649, 0.761034018, 0.789965372, 0.819265404, 0.848886442, 0.878778572, 0.908889961, 0.939167201, 0.969555687, 1.0],
                      'Ret': 321.606813,
                      'cp': 356.639123,
                      'A_sca_rho': 1.0,
                      'A_sca_mu': 0.0031093868648858504,
                      'A_sca_k': 1.5841842922294416,
                      'b_exp_rho': -1.0,
                      'b_exp_mu': 0.75,
                      'b_exp_k': 0.75,
                      'tensor_device': 'cpu',
                      'as_tensor': '<function '
                                   'Build_arguments_fi_run._mk_args_MK_solver.<locals>.<lambda> '
                                   'at 0x7f97ff92e040>',
                      'ref_dns': { 'u_dns': [0.0, 0.0994945737, 0.204795827, 0.316215567, 0.434078864, 0.558724156, 0.690503266, 0.829781345, 0.976936704, 1.13236053, 1.2964565, 1.46964019, 1.65233835, 1.84498802, 2.04803537, 2.26193436, 2.48714513, 2.72412871, 2.97331903, 3.2351232, 3.50992395, 3.79807099, 4.09987074, 4.41557234, 4.7453382, 5.08922832, 5.44718403, 5.81900185, 6.20433951, 6.60274885, 7.01359359, 7.4360083, 7.86897274, 8.31133131, 8.76167414, 9.21841842, 9.67991517, 10.1443162, 10.6096978, 11.0741126, 11.5355531, 11.9920696, 12.4417877, 12.8829117, 13.3138387, 13.7330803, 14.1394133, 14.5317429, 14.9092747, 15.2713718, 15.6176757, 15.9480789, 16.2626677, 16.5617733, 16.8458711, 17.1154836, 17.371206, 17.6136926, 17.843684, 18.0620943, 18.2699833, 18.4684657, 18.6586336, 18.8415426, 19.0182441, 19.1897677, 19.3569982, 19.5205473, 19.6807346, 19.8376838, 19.9915493, 20.1425348, 20.2909687, 20.43759, 20.5834859, 20.729653, 20.8766268, 21.0242798, 21.1720843, 21.3195963, 21.4663358, 21.6117571, 21.7553917, 21.896856, 22.0358588, 22.1721876, 22.3056428, 22.4354497, 22.560717, 22.6805852, 22.793671, 22.8982414, 22.9928352, 23.0770893, 23.1508226, 23.2132356, 23.2630239, 23.2990395, 23.3207721, 23.3280077],
                                   'T_dns': [1.0, 1.0040940494487904, 1.0083895236443046, 1.0128931999015132, 1.0176117509363198, 1.022551755190342, 1.0277196812341047, 1.0331218719498707, 1.0387645804149128, 1.0446539929436498, 1.0507962956259678, 1.0571977848413285, 1.0638650310071898, 1.0708051093672177, 1.078025885672953, 1.0855364889857513, 1.093347838337063, 1.101471941748228, 1.1099115452315873, 1.1186625287615386, 1.1277176319092728, 1.1370660185871153, 1.1466926969472182, 1.1565786105968947, 1.1667056944002006, 1.1770557750331005, 1.1876085362230409, 1.19834188031354, 1.2092298853330439, 1.2202387298290132, 1.2313307081748095, 1.2424655554313346, 1.2536005958874679, 1.2646916387749816, 1.2756952799584438, 1.286567254737648, 1.2972607679393744, 1.3077333823739912, 1.3179430856598886, 1.3278502578251372, 1.3374228020290084, 1.346627995651091, 1.3554437414468012, 1.36384817281858, 1.3718294949038292, 1.3793773599898829, 1.3864908770735531, 1.3931697523127455, 1.399422246047789, 1.405257617971563, 1.4106907674358404, 1.415739610594781, 1.4204234082772274, 1.4247641996129092, 1.4287838111968496, 1.4325032881172193, 1.4359440141909694, 1.439127452105246, 1.4420752970962933, 1.4448097542683747, 1.4473529144625614, 1.4497250329956661, 1.4519435115269064, 1.4540235462182558, 1.4559789390346887, 1.457821634882577, 1.4595600332718301, 1.4612002020938082, 1.4627476980291672, 1.4642083761842608, 1.4655894463939385, 1.466898496985832, 1.4681426068188925, 1.4693290614608214, 1.4704634827013456, 1.471548758945801, 1.4725848533606383, 1.4735695618174152, 1.4745007603958122, 1.475379865037577, 1.4762076889644984, 1.4769820501667663, 1.4777016463069825, 1.4783675779400396, 1.4789831512612233, 1.4795521575938906, 1.4800769057655099, 1.4805596449712273, 1.4810000054046817, 1.4813997137936306, 1.481759485752512, 1.4820769578063668, 1.4823529369772122, 1.4825894473756167, 1.4827888076298477, 1.4829504934710804, 1.483073394504313, 1.4831577496594657, 1.4832057199132729, 1.483221047572437],
                                   'mu_dns': [0.0031093868648858504, 0.003118929474900845, 0.003128931124916561, 0.00313940612493302, 0.0031503684149502454, 0.0031618315849682582, 0.003173808834987078, 0.0031863129350067263, 0.003199356305027222, 0.003212951065048583, 0.00322710918507083, 0.003241842735093981, 0.0032571642551180568, 0.0032730872751430763, 0.0032896269551690657, 0.003306801145196052, 0.0033246315552240696, 0.003343142115253155, 0.003362335425283315, 0.0033821983853145254, 0.003402710785346757, 0.0034238444053799645, 0.00344556180541409, 0.0034678166454490595, 0.0034905651454848045, 0.0035137636155212573, 0.0035373639255583404, 0.0035613143755959748, 0.0035855552056340643, 0.0036100096556724907, 0.003634593055711119, 0.0036592158457498095, 0.0036837839557884136, 0.0037082008158267803, 0.0037323724158647613, 0.003756203645902208, 0.0037795946259389633, 0.0038024557359748854, 0.0038246989060098367, 0.0038462418260436873, 0.003867018966076335, 0.003886963736107675, 0.0039060327661376384, 0.003924183246166159, 0.003941394096193202, 0.0039576472262187416, 0.003972944716242779, 0.003987289666265319, 0.004000703256286397, 0.004013208476306046, 0.004024840066324323, 0.0040356388763412914, 0.00404564829635702, 0.004054917336371584, 0.004063494256385062, 0.004071425386397524, 0.004078757546409045, 0.004085537516419698, 0.004091812386429558, 0.004097630166438699, 0.0041030384764471975, 0.004108080906455121, 0.004112794876462529, 0.0041172130364694704, 0.004121365006475995, 0.004125276406482141, 0.004128965286487938, 0.0041324447164934035, 0.004135726656498561, 0.004138823676503428, 0.004141751196508028, 0.004144525416512387, 0.004147161436516529, 0.004149674776520479, 0.004152077416524253, 0.004154375536527865, 0.004156569116531312, 0.004158653546534587, 0.004160624386537684, 0.0041624846865406075, 0.00416423621654336, 0.004165874406545933, 0.004167396546548325, 0.004168805006550538, 0.004170106816552584, 0.004171310026554475, 0.004172419546556217, 0.004173440156557822, 0.0041743710965592845, 0.004175216036560612, 0.004175976506561807, 0.004176647526562861, 0.004177230816563778, 0.004177730666564563, 0.004178151986565225, 0.004178493676565762, 0.00417875339656617, 0.004178931656566451, 0.00417903302656661, 0.0041790654165666605],
                                   'rho_dns': [1.0, 0.9959226434505434, 0.9916802748862513, 0.9872709186883999, 0.9826930546742262, 0.9779456100135058, 0.9730279747091946, 0.9679400147754516, 0.9626820348462121, 0.9572547530136531, 0.9516592361075007, 0.945896798440688, 0.9399688596337009, 0.9338767542778542, 0.9276215101047915, 0.9212034879954422, 0.9146220122600314, 0.9078760539399903, 0.9009726984967493, 0.8939246415155169, 0.8867467987593299, 0.879456411196397, 0.8720732264731861, 0.8646191368556552, 0.8571141846651367, 0.8495774127371989, 0.8420283026764918, 0.8344863986046747, 0.8269726146609268, 0.8195117689307614, 0.8121295062008899, 0.8048512859198256, 0.797702237284009, 0.7907065796438966, 0.7838862585056953, 0.7772621262647604, 0.7708550391055482, 0.764681863656835, 0.7587581063861374, 0.7530969656457217, 0.7477067076192336, 0.7425955818752326, 0.7377657732460364, 0.7332194447519494, 0.7289535643568474, 0.7249647768666687, 0.7212452793852391, 0.7177876194483407, 0.7145806084076292, 0.7116132922612886, 0.7088725772393495, 0.7063445795515177, 0.7040154324215612, 0.7018705272575544, 0.6998959479827321, 0.6980786768834081, 0.6964059810948923, 0.6948654884854967, 0.6934450662968578, 0.6921326472538814, 0.6909164931424656, 0.6897859781959007, 0.6887320285266268, 0.6877467717774464, 0.6868231216744097, 0.6859549728664487, 0.685137971172275, 0.6843689171183133, 0.6836448974401736, 0.6829629008174426, 0.6823193237782146, 0.6817104264915328, 0.6811327423885316, 0.6805827409455784, 0.680057690492884, 0.6795561437708577, 0.6790780155845447, 0.6786242237296609, 0.678195648899877, 0.6777915462297099, 0.6774114560407558, 0.6770562986104603, 0.6767265926103304, 0.6764217606783571, 0.6761402245503854, 0.6758801944679271, 0.6756405671249835, 0.6754202732706751, 0.6752194438559446, 0.6750372574591351, 0.6748733580687352, 0.6747287951093359, 0.6746031765142128, 0.6744955602983246, 0.674404874689095, 0.6743313444397875, 0.6742754631737087, 0.6742371135029979, 0.6742153071378882, 0.6742083397728769]},
                      'case': 'Supersonic_M1.7R200',
                      'constant_Sq_heat': 0.0,
                      'use_visc_heating': True,
                      'Pr_turb': 1.0,
                      'fprint': '<function '
                                'Build_arguments_fi_run._mk_args_MK_solver.<locals>.<lambda> '
                                'at 0x7f97ff92e790>',
                      'compressible_correction': False,
                      'bool_solve_energy': False,
                      'output_last': False},
  'u_imp': 1,
  'k_imp': 0,
  'e_imp': 1,
  'solve_sparse_adj': True,
  'all_ref_beta_distrib': {'K': [1.0, 1.0, 1.0, 1.0, 1.0, 1.0, 1.0, 1.0, 1.0, 1.0, 1.0, 1.0, 1.0, 1.0, 1.0, 1.0, 1.0, 1.0, 1.0, 1.0, 1.0, 1.0, 1.0, 1.0, 1.0, 1.0, 1.0, 1.0, 1.0, 1.0, 1.0, 1.0, 1.0, 1.0, 1.0, 1.0, 1.0, 1.0, 1.0, 1.0, 1.0, 1.0, 1.0, 1.0, 1.0, 1.0, 1.0, 1.0, 1.0, 1.0, 1.0, 1.0, 1.0, 1.0, 1.0, 1.0, 1.0, 1.0, 1.0, 1.0, 1.0, 1.0, 1.0, 1.0, 1.0, 1.0, 1.0, 1.0, 1.0, 1.0, 1.0, 1.0, 1.0, 1.0, 1.0, 1.0, 1.0, 1.0, 1.0, 1.0, 1.0, 1.0, 1.0, 1.0, 1.0, 1.0, 1.0, 1.0, 1.0, 1.0, 1.0, 1.0, 1.0, 1.0, 1.0, 1.0, 1.0, 1.0, 1.0, 1.0], 'E': [1.0, 0.99998794, 0.99998057, 0.99997195, 0.99996186, 0.99995002, 0.9999361, 0.9999197, 0.99990034, 0.99987743, 0.99985026, 0.99981799, 0.99977961, 0.99973388, 0.99967937, 0.99961435, 0.9995368, 0.99944437, 0.99933431, 0.99920354, 0.9990487, 0.99886645, 0.99865389, 0.99840912, 0.99813172, 0.99782195, 0.99747744, 0.99708711, 0.99662569, 0.99605527, 0.99533776, 0.99444936, 0.99338012, 0.99211963, 0.99064939, 0.98894621, 0.98698585, 0.98474403, 0.98219734, 0.97932396, 0.97610412, 0.97252132, 0.96856276, 0.96422109, 0.95949505, 0.95439128, 0.94892522, 0.94312376, 0.93702625, 0.93068709, 0.92417797, 0.9175914, 0.91104384, 0.90468071, 0.89868385, 0.89327903, 0.88874896, 0.88545035, 0.88383529, 0.88448523, 0.88815177, 0.8958144, 0.90875539, 0.92865072, 0.95768351, 0.99866007, 1.05508865, 1.13100805, 1.22946917, 1.34764066, 1.47176871, 1.58082786, 1.657168, 1.69323062, 1.69068161, 1.65618342, 1.59773161, 1.52269574, 1.43715078, 1.34588706, 1.25266552, 1.16050633, 1.07192982, 0.9891178, 0.91400025, 0.84826197, 0.79328519, 0.75003711, 0.71893807, 0.69974952, 0.69152232, 0.69264168, 0.70099023, 0.71420436, 0.72995179, 0.74616007, 0.76114876, 0.77367485, 0.78291876, 0.89456543]},
  'all_ref_delta_distrib': {'K': [-0.0, -0.0, -0.0, -0.0, -0.0, -0.0, -0.0, -0.0, -0.0, -0.0, -0.0, -0.0, -0.0, -0.0, -0.0, -0.0, -0.0, -0.0, -0.0, -0.0, -0.0, -0.0, -0.0, -0.0, -0.0, -0.0, -0.0, -0.0, -0.0, -0.0, -0.0, -0.0, -0.0, -0.0, -0.0, -0.0, -0.0, -0.0, -0.0, -0.0, -0.0, -0.0, -0.0, -0.0, -0.0, -0.0, -0.0, -0.0, -0.0, -0.0, -0.0, -0.0, -0.0, -0.0, -0.0, -0.0, -0.0, -0.0, -0.0, -0.0, -0.0, -0.0, -0.0, -0.0, -0.0, -0.0, -0.0, -0.0, -0.0, -0.0, -0.0, -0.0, -0.0, -0.0, -0.0, -0.0, -0.0, -0.0, -0.0, -0.0, -0.0, -0.0, -0.0, -0.0, -0.0, -0.0, -0.0, -0.0, -0.0, -0.0, -0.0, -0.0, -0.0, -0.0, -0.0, -0.0, -0.0, -0.0, -0.0, -0.0], 'E': [-0.0, 0.002911592293250183, 0.0063932509761095435, 0.010567665126550786, 0.015586359271420337, 0.021646031896786867, 0.028991637648770933, 0.03793268807387266, 0.0488582574512728, 0.06226475854591491, 0.07877850311949725, 0.09918213329332387, 0.1244626300227492, 0.15588026078883316, 0.19499058683534992, 0.24376438503972037, 0.3046569798801063, 0.38072834181401977, 0.47579576242817434, 0.5945551983580166, 0.7428042525203475, 0.9276003252177876, 1.1574795440758958, 1.4426869348601192, 1.795378301714943, 2.229863350911683, 2.762815478807517, 3.4134888048835226, 4.203539658317759, 5.156171809938603, 6.293936903455762, 7.635567923751117, 9.193058072567108, 10.969468627503234, 12.957577914514976, 15.139040810963477, 17.484365134853874, 19.954036321380013, 22.500434137948552, 25.07045346323208, 27.608375011636593, 30.05853517005061, 32.36766512341249, 34.48647335693374, 36.370899628533, 37.98258744694182, 39.28921750638751, 40.264115205475754, 40.88623534544797, 41.13965516264173, 41.013336620362765, 40.500720433760705, 39.59971610343768, 38.31262045708087, 36.64600322102432, 34.61112647892921, 32.22403069740594, 29.50576660418602, 26.482881645041637, 23.187254253650895, 19.656351195236716, 15.932907663600774, 12.064289508524098, 8.101744794811305, 4.098827990263847, 0.10999072819710833, -3.80965041346241, -7.59570864775509, -11.119395052008967, -14.068560474652786, -15.979727324239233, -16.554290531626485, -15.886647621625166, -14.355746968410212, -12.387432855137426, -10.308497126009007, -8.317119860868589, -6.510294909279995, -4.921646621858201, -3.551097645516379, -2.383796504089593, -1.4006524779229685, -0.5835893956866554, 0.08239405086122495, 0.6089789392215615, 1.005437701007319, 1.2801915843699685, 1.4426601031034123, 1.5049081214092181, 1.4826051394091555, 1.3949465056053594, 1.2633718763201673, 1.1093303410190622, 0.9518068585586754, 0.8054554204067563, 0.6798663688556396, 0.5799782606612571, 0.5072353473260017, 0.4610006784284047, 0.21919760306472505]},
  'fname_print': '/media/rafael/DATA/Dropbox/20220924_FIML_solver/data/output/field_inversion/Beta_e/u_imp_1/FI_run_Supersonic_M1.7R200_u_imp_1_k_imp_0_e_imp_1/FI_run_Supersonic_M1.7R200_u_imp_1_k_imp_0_e_imp_1.log',
  'folder': '/media/rafael/DATA/Dropbox/20220924_FIML_solver/data/output/field_inversion/Beta_e/u_imp_1/FI_run_Supersonic_M1.7R200_u_imp_1_k_imp_0_e_imp_1',
  'iters_limit': 15000}
# End_Input_Arguments

# ------------------------------------------------------------------------
#                  Iterations
# ------------------------------------------------------------------------

iter:      0 (Jcost: 1.089902e-01) (lr = 1.000e-03) (elapsed time:  0.001) (secs/iter:   None) (n_accepted: 0%) (u_error:  6.222100 %) (beta_change: 69.323062 %) (delta_change:  2.449638 %) (delta_peak/R:  0.000000 %)
-> Saved file: /media/rafael/DATA/Dropbox/20220924_FIML_solver/data/output/field_inversion/Beta_e/u_imp_1/FI_run_Supersonic_M1.7R200_u_imp_1_k_imp_0_e_imp_1/FI_run_Supersonic_M1.7R200_u_imp_1_k_imp_0_e_imp_1_state_iter_0.dat
iter:    100 (Jcost: 2.184156e-02) (lr = 1.367e-01) (elapsed time: 117.486) (secs/iter:  1.175) (n_accepted: 85%) (u_error:  2.761567 %) (beta_change: 57.876124 %) (delta_change:  1.089554 %) (delta_peak/R:  2.455700 %)
iter:    200 (Jcost: 2.065219e-02) (lr = 2.816e-01) (elapsed time: 223.090) (secs/iter:  1.056) (n_accepted: 80%) (u_error:  2.617240 %) (beta_change: 52.044141 %) (delta_change:  0.816306 %) (delta_peak/R:  2.408630 %)
iter:    300 (Jcost: 2.032505e-02) (lr = 5.802e-01) (elapsed time: 332.429) (secs/iter:  1.093) (n_accepted: 80%) (u_error:  2.619469 %) (beta_change: 48.969723 %) (delta_change:  0.678910 %) (delta_peak/R:  2.360054 %)
iter:    400 (Jcost: 2.016526e-02) (lr = 4.980e-01) (elapsed time: 442.210) (secs/iter:  1.098) (n_accepted: 79%) (u_error:  2.605714 %) (beta_change: 46.612609 %) (delta_change:  0.573203 %) (delta_peak/R:  2.339949 %)
iter:    500 (Jcost: 2.006905e-02) (lr = 1.026e+00) (elapsed time: 551.315) (secs/iter:  1.091) (n_accepted: 80%) (u_error:  2.597596 %) (beta_change: 44.704441 %) (delta_change:  0.500508 %) (delta_peak/R:  2.326667 %)
-> Saved file: /media/rafael/DATA/Dropbox/20220924_FIML_solver/data/output/field_inversion/Beta_e/u_imp_1/FI_run_Supersonic_M1.7R200_u_imp_1_k_imp_0_e_imp_1/FI_run_Supersonic_M1.7R200_u_imp_1_k_imp_0_e_imp_1_state_iter_500.dat
iter:    600 (Jcost: 2.000288e-02) (lr = 8.807e-01) (elapsed time: 664.744) (secs/iter:  1.134) (n_accepted: 79%) (u_error:  2.588132 %) (beta_change: 43.088447 %) (delta_change:  0.472957 %) (delta_peak/R:  2.319897 %)
iter:    700 (Jcost: 1.995717e-02) (lr = 3.150e-01) (elapsed time: 771.665) (secs/iter:  1.069) (n_accepted: 78%) (u_error:  2.588192 %) (beta_change: 41.824249 %) (delta_change:  0.452909 %) (delta_peak/R:  2.312031 %)
iter:    800 (Jcost: 1.991597e-02) (lr = 6.490e-01) (elapsed time: 875.281) (secs/iter:  1.036) (n_accepted: 80%) (u_error:  2.586655 %) (beta_change: 40.578972 %) (delta_change:  0.433332 %) (delta_peak/R:  2.306516 %)
iter:    900 (Jcost: 1.988012e-02) (lr = 5.571e-01) (elapsed time: 979.039) (secs/iter:  1.038) (n_accepted: 79%) (u_error:  2.584003 %) (beta_change: 39.431768 %) (delta_change:  0.415499 %) (delta_peak/R:  2.303169 %)
iter:   1000 (Jcost: 1.984774e-02) (lr = 1.148e+00) (elapsed time: 1088.602) (secs/iter:  1.096) (n_accepted: 80%) (u_error:  2.579320 %) (beta_change: 38.353545 %) (delta_change:  0.398948 %) (delta_peak/R:  2.302067 %)
-> Saved file: /media/rafael/DATA/Dropbox/20220924_FIML_solver/data/output/field_inversion/Beta_e/u_imp_1/FI_run_Supersonic_M1.7R200_u_imp_1_k_imp_0_e_imp_1/FI_run_Supersonic_M1.7R200_u_imp_1_k_imp_0_e_imp_1_state_iter_1000.dat
iter:   1100 (Jcost: 1.981925e-02) (lr = 4.105e-01) (elapsed time: 1197.974) (secs/iter:  1.094) (n_accepted: 78%) (u_error:  2.583841 %) (beta_change: 37.381484 %) (delta_change:  0.384360 %) (delta_peak/R:  2.296601 %)
iter:   1200 (Jcost: 1.979156e-02) (lr = 3.524e-01) (elapsed time: 1304.773) (secs/iter:  1.068) (n_accepted: 79%) (u_error:  2.577521 %) (beta_change: 36.428588 %) (delta_change:  0.370167 %) (delta_peak/R:  2.297864 %)
iter:   1300 (Jcost: 1.976625e-02) (lr = 1.260e-01) (elapsed time: 1411.005) (secs/iter:  1.062) (n_accepted: 78%) (u_error:  2.574313 %) (beta_change: 35.537564 %) (delta_change:  0.357159 %) (delta_peak/R:  2.297825 %)
iter:   1400 (Jcost: 1.974273e-02) (lr = 2.596e-01) (elapsed time: 1518.634) (secs/iter:  1.076) (n_accepted: 80%) (u_error:  2.576502 %) (beta_change: 34.708662 %) (delta_change:  0.345335 %) (delta_peak/R:  2.295057 %)
iter:   1500 (Jcost: 1.971768e-02) (lr = 1.284e+00) (elapsed time: 1625.301) (secs/iter:  1.067) (n_accepted: 81%) (u_error:  2.571757 %) (beta_change: 33.805947 %) (delta_change:  0.332609 %) (delta_peak/R:  2.296367 %)
-> Saved file: /media/rafael/DATA/Dropbox/20220924_FIML_solver/data/output/field_inversion/Beta_e/u_imp_1/FI_run_Supersonic_M1.7R200_u_imp_1_k_imp_0_e_imp_1/FI_run_Supersonic_M1.7R200_u_imp_1_k_imp_0_e_imp_1_state_iter_1500.dat
iter:   1600 (Jcost: 1.969603e-02) (lr = 7.971e-02) (elapsed time: 1738.925) (secs/iter:  1.136) (n_accepted: 76%) (u_error:  2.574359 %) (beta_change: 33.025692 %) (delta_change:  0.321906 %) (delta_peak/R:  2.293799 %)
iter:   1700 (Jcost: 1.967210e-02) (lr = 3.941e-01) (elapsed time: 1845.149) (secs/iter:  1.062) (n_accepted: 81%) (u_error:  2.574404 %) (beta_change: 32.146247 %) (delta_change:  0.310041 %) (delta_peak/R:  2.292711 %)
iter:   1800 (Jcost: 1.965050e-02) (lr = 8.120e-01) (elapsed time: 1951.842) (secs/iter:  1.067) (n_accepted: 80%) (u_error:  2.570168 %) (beta_change: 31.344006 %) (delta_change:  0.299380 %) (delta_peak/R:  2.294283 %)
iter:   1900 (Jcost: 1.963028e-02) (lr = 6.970e-01) (elapsed time: 2061.755) (secs/iter:  1.099) (n_accepted: 79%) (u_error:  2.570905 %) (beta_change: 30.582030 %) (delta_change:  0.289567 %) (delta_peak/R:  2.293116 %)
iter:   2000 (Jcost: 1.961061e-02) (lr = 5.983e-01) (elapsed time: 2169.970) (secs/iter:  1.082) (n_accepted: 79%) (u_error:  2.569492 %) (beta_change: 29.829627 %) (delta_change:  0.280742 %) (delta_peak/R:  2.293251 %)
-> Saved file: /media/rafael/DATA/Dropbox/20220924_FIML_solver/data/output/field_inversion/Beta_e/u_imp_1/FI_run_Supersonic_M1.7R200_u_imp_1_k_imp_0_e_imp_1/FI_run_Supersonic_M1.7R200_u_imp_1_k_imp_0_e_imp_1_state_iter_2000.dat
iter:   2100 (Jcost: 1.959096e-02) (lr = 5.136e-01) (elapsed time: 2279.766) (secs/iter:  1.098) (n_accepted: 79%) (u_error:  2.565963 %) (beta_change: 29.065016 %) (delta_change:  0.271860 %) (delta_peak/R:  2.294640 %)
iter:   2200 (Jcost: 1.957284e-02) (lr = 1.058e+00) (elapsed time: 2380.849) (secs/iter:  1.011) (n_accepted: 80%) (u_error:  2.566868 %) (beta_change: 28.352051 %) (delta_change:  0.263725 %) (delta_peak/R:  2.293556 %)
iter:   2300 (Jcost: 1.955498e-02) (lr = 1.577e-01) (elapsed time: 2490.072) (secs/iter:  1.092) (n_accepted: 77%) (u_error:  2.564953 %) (beta_change: 27.635726 %) (delta_change:  0.255616 %) (delta_peak/R:  2.294112 %)
iter:   2400 (Jcost: 1.953699e-02) (lr = 1.353e-01) (elapsed time: 2595.725) (secs/iter:  1.057) (n_accepted: 79%) (u_error:  2.564834 %) (beta_change: 26.902498 %) (delta_change:  0.247435 %) (delta_peak/R:  2.293642 %)
iter:   2500 (Jcost: 1.951889e-02) (lr = 2.788e-01) (elapsed time: 2699.646) (secs/iter:  1.039) (n_accepted: 80%) (u_error:  2.564304 %) (beta_change: 26.150713 %) (delta_change:  0.239145 %) (delta_peak/R:  2.293405 %)
-> Saved file: /media/rafael/DATA/Dropbox/20220924_FIML_solver/data/output/field_inversion/Beta_e/u_imp_1/FI_run_Supersonic_M1.7R200_u_imp_1_k_imp_0_e_imp_1/FI_run_Supersonic_M1.7R200_u_imp_1_k_imp_0_e_imp_1_state_iter_2500.dat
iter:   2600 (Jcost: 1.950192e-02) (lr = 5.745e-01) (elapsed time: 2810.144) (secs/iter:  1.105) (n_accepted: 80%) (u_error:  2.564567 %) (beta_change: 25.430892 %) (delta_change:  0.231314 %) (delta_peak/R:  2.292742 %)
iter:   2700 (Jcost: 1.948491e-02) (lr = 4.931e-01) (elapsed time: 2917.703) (secs/iter:  1.076) (n_accepted: 79%) (u_error:  2.565269 %) (beta_change: 24.691198 %) (delta_change:  0.223368 %) (delta_peak/R:  2.291813 %)
iter:   2800 (Jcost: 1.946829e-02) (lr = 1.016e+00) (elapsed time: 3027.167) (secs/iter:  1.095) (n_accepted: 80%) (u_error:  2.557176 %) (beta_change: 23.968055 %) (delta_change:  0.215585 %) (delta_peak/R:  2.295951 %)
iter:   2900 (Jcost: 1.945283e-02) (lr = 3.633e-01) (elapsed time: 3133.812) (secs/iter:  1.066) (n_accepted: 78%) (u_error:  2.558362 %) (beta_change: 23.280594 %) (delta_change:  0.208380 %) (delta_peak/R:  2.294774 %)
iter:   3000 (Jcost: 1.943830e-02) (lr = 3.119e-01) (elapsed time: 3238.709) (secs/iter:  1.049) (n_accepted: 79%) (u_error:  2.557685 %) (beta_change: 22.618470 %) (delta_change:  0.201494 %) (delta_peak/R:  2.294680 %)
-> Saved file: /media/rafael/DATA/Dropbox/20220924_FIML_solver/data/output/field_inversion/Beta_e/u_imp_1/FI_run_Supersonic_M1.7R200_u_imp_1_k_imp_0_e_imp_1/FI_run_Supersonic_M1.7R200_u_imp_1_k_imp_0_e_imp_1_state_iter_3000.dat
iter:   3100 (Jcost: 1.942232e-02) (lr = 6.426e-01) (elapsed time: 3348.886) (secs/iter:  1.102) (n_accepted: 80%) (u_error:  2.558641 %) (beta_change: 21.873707 %) (delta_change:  0.193858 %) (delta_peak/R:  2.293576 %)
iter:   3200 (Jcost: 1.940893e-02) (lr = 5.516e-01) (elapsed time: 3457.042) (secs/iter:  1.082) (n_accepted: 79%) (u_error:  2.556434 %) (beta_change: 21.242237 %) (delta_change:  0.187418 %) (delta_peak/R:  2.294365 %)
iter:   3300 (Jcost: 1.939579e-02) (lr = 1.973e-01) (elapsed time: 3566.253) (secs/iter:  1.092) (n_accepted: 78%) (u_error:  2.552403 %) (beta_change: 20.607331 %) (delta_change:  0.180985 %) (delta_peak/R:  2.296190 %)
iter:   3400 (Jcost: 1.938233e-02) (lr = 9.754e-01) (elapsed time: 3659.619) (secs/iter:  0.934) (n_accepted: 81%) (u_error:  2.554466 %) (beta_change: 19.949073 %) (delta_change:  0.174464 %) (delta_peak/R:  2.294481 %)
iter:   3500 (Jcost: 1.936986e-02) (lr = 2.009e+00) (elapsed time: 3724.343) (secs/iter:  0.647) (n_accepted: 80%) (u_error:  2.548362 %) (beta_change: 19.316500 %) (delta_change:  0.168156 %) (delta_peak/R:  2.297477 %)
-> Saved file: /media/rafael/DATA/Dropbox/20220924_FIML_solver/data/output/field_inversion/Beta_e/u_imp_1/FI_run_Supersonic_M1.7R200_u_imp_1_k_imp_0_e_imp_1/FI_run_Supersonic_M1.7R200_u_imp_1_k_imp_0_e_imp_1_state_iter_3500.dat
iter:   3600 (Jcost: 1.935754e-02) (lr = 1.725e+00) (elapsed time: 3811.558) (secs/iter:  0.872) (n_accepted: 79%) (u_error:  2.551062 %) (beta_change: 18.700581 %) (delta_change:  0.162188 %) (delta_peak/R:  2.295411 %)
iter:   3700 (Jcost: 1.934588e-02) (lr = 2.571e-01) (elapsed time: 3912.287) (secs/iter:  1.007) (n_accepted: 77%) (u_error:  2.550485 %) (beta_change: 18.097816 %) (delta_change:  0.156362 %) (delta_peak/R:  2.295228 %)
iter:   3800 (Jcost: 1.933355e-02) (lr = 1.271e+00) (elapsed time: 4014.557) (secs/iter:  1.023) (n_accepted: 81%) (u_error:  2.547324 %) (beta_change: 17.446050 %) (delta_change:  0.153972 %) (delta_peak/R:  2.296477 %)
iter:   3900 (Jcost: 1.932260e-02) (lr = 1.894e-01) (elapsed time: 4114.431) (secs/iter:  0.999) (n_accepted: 77%) (u_error:  2.547280 %) (beta_change: 16.861480 %) (delta_change:  0.154350 %) (delta_peak/R:  2.295978 %)
iter:   4000 (Jcost: 1.931127e-02) (lr = 9.365e-01) (elapsed time: 4211.521) (secs/iter:  0.971) (n_accepted: 81%) (u_error:  2.547468 %) (beta_change: 16.245125 %) (delta_change:  0.154884 %) (delta_peak/R:  2.295305 %)
-> Saved file: /media/rafael/DATA/Dropbox/20220924_FIML_solver/data/output/field_inversion/Beta_e/u_imp_1/FI_run_Supersonic_M1.7R200_u_imp_1_k_imp_0_e_imp_1/FI_run_Supersonic_M1.7R200_u_imp_1_k_imp_0_e_imp_1_state_iter_4000.dat
iter:   4100 (Jcost: 1.929967e-02) (lr = 1.396e-01) (elapsed time: 4310.602) (secs/iter:  0.991) (n_accepted: 77%) (u_error:  2.541798 %) (beta_change: 15.586466 %) (delta_change:  0.152399 %) (delta_peak/R:  2.297947 %)
iter:   4200 (Jcost: 1.928985e-02) (lr = 2.875e-01) (elapsed time: 4411.758) (secs/iter:  1.012) (n_accepted: 80%) (u_error:  2.545581 %) (beta_change: 15.047904 %) (delta_change:  0.154786 %) (delta_peak/R:  2.295254 %)
iter:   4300 (Jcost: 1.927900e-02) (lr = 2.468e-01) (elapsed time: 4512.326) (secs/iter:  1.006) (n_accepted: 79%) (u_error:  2.547389 %) (beta_change: 14.418976 %) (delta_change:  0.156221 %) (delta_peak/R:  2.293597 %)
iter:   4400 (Jcost: 1.926938e-02) (lr = 2.119e-01) (elapsed time: 4622.819) (secs/iter:  1.105) (n_accepted: 79%) (u_error:  2.543691 %) (beta_change: 13.864519 %) (delta_change:  0.154730 %) (delta_peak/R:  2.295166 %)
iter:   4500 (Jcost: 1.925955e-02) (lr = 1.048e+00) (elapsed time: 4724.137) (secs/iter:  1.013) (n_accepted: 81%) (u_error:  2.540723 %) (beta_change: 13.278536 %) (delta_change:  0.153660 %) (delta_peak/R:  2.296272 %)
-> Saved file: /media/rafael/DATA/Dropbox/20220924_FIML_solver/data/output/field_inversion/Beta_e/u_imp_1/FI_run_Supersonic_M1.7R200_u_imp_1_k_imp_0_e_imp_1/FI_run_Supersonic_M1.7R200_u_imp_1_k_imp_0_e_imp_1_state_iter_4500.dat
iter:   4600 (Jcost: 1.925046e-02) (lr = 8.992e-01) (elapsed time: 4837.124) (secs/iter:  1.130) (n_accepted: 79%) (u_error:  2.542068 %) (beta_change: 12.735071 %) (delta_change:  0.154824 %) (delta_peak/R:  2.294931 %)
iter:   4700 (Jcost: 1.924166e-02) (lr = 1.340e-01) (elapsed time: 4943.423) (secs/iter:  1.063) (n_accepted: 77%) (u_error:  2.540815 %) (beta_change: 12.196868 %) (delta_change:  0.154636 %) (delta_peak/R:  2.295078 %)
iter:   4800 (Jcost: 1.923229e-02) (lr = 2.761e-01) (elapsed time: 5042.668) (secs/iter:  0.992) (n_accepted: 80%) (u_error:  2.538479 %) (beta_change: 11.613125 %) (delta_change:  0.153933 %) (delta_peak/R:  2.295788 %)
iter:   4900 (Jcost: 1.922341e-02) (lr = 5.688e-01) (elapsed time: 5150.439) (secs/iter:  1.078) (n_accepted: 80%) (u_error:  2.539783 %) (beta_change: 11.055305 %) (delta_change:  0.155217 %) (delta_peak/R:  2.294421 %)
iter:   5000 (Jcost: 1.921543e-02) (lr = 4.882e-01) (elapsed time: 5259.117) (secs/iter:  1.087) (n_accepted: 79%) (u_error:  2.536634 %) (beta_change: 10.541727 %) (delta_change:  0.153985 %) (delta_peak/R:  2.295653 %)
-> Saved file: /media/rafael/DATA/Dropbox/20220924_FIML_solver/data/output/field_inversion/Beta_e/u_imp_1/FI_run_Supersonic_M1.7R200_u_imp_1_k_imp_0_e_imp_1/FI_run_Supersonic_M1.7R200_u_imp_1_k_imp_0_e_imp_1_state_iter_5000.dat
iter:   5100 (Jcost: 1.920705e-02) (lr = 4.191e-01) (elapsed time: 5368.171) (secs/iter:  1.091) (n_accepted: 79%) (u_error:  2.536444 %) (beta_change:  9.998769 %) (delta_change:  0.154497 %) (delta_peak/R:  2.295140 %)
iter:   5200 (Jcost: 1.919863e-02) (lr = 2.072e+00) (elapsed time: 5467.829) (secs/iter:  0.997) (n_accepted: 81%) (u_error:  2.536291 %) (beta_change:  9.445184 %) (delta_change:  0.155053 %) (delta_peak/R:  2.294585 %)
iter:   5300 (Jcost: 1.919071e-02) (lr = 1.287e-01) (elapsed time: 5569.902) (secs/iter:  1.021) (n_accepted: 76%) (u_error:  2.536006 %) (beta_change:  8.915920 %) (delta_change:  0.155515 %) (delta_peak/R:  2.294122 %)
iter:   5400 (Jcost: 1.918340e-02) (lr = 6.362e-01) (elapsed time: 5674.156) (secs/iter:  1.043) (n_accepted: 81%) (u_error:  2.536885 %) (beta_change:  8.417383 %) (delta_change:  0.156619 %) (delta_peak/R:  2.293018 %)
iter:   5500 (Jcost: 1.917617e-02) (lr = 5.461e-01) (elapsed time: 5776.584) (secs/iter:  1.024) (n_accepted: 79%) (u_error:  2.535598 %) (beta_change:  7.922009 %) (delta_change:  0.156483 %) (delta_peak/R:  2.293154 %)
-> Saved file: /media/rafael/DATA/Dropbox/20220924_FIML_solver/data/output/field_inversion/Beta_e/u_imp_1/FI_run_Supersonic_M1.7R200_u_imp_1_k_imp_0_e_imp_1/FI_run_Supersonic_M1.7R200_u_imp_1_k_imp_0_e_imp_1_state_iter_5500.dat
iter:   5600 (Jcost: 1.916976e-02) (lr = 4.688e-01) (elapsed time: 5888.525) (secs/iter:  1.119) (n_accepted: 79%) (u_error:  2.534089 %) (beta_change:  7.476096 %) (delta_change:  0.156166 %) (delta_peak/R:  2.293471 %)
iter:   5700 (Jcost: 1.916215e-02) (lr = 9.658e-01) (elapsed time: 5990.991) (secs/iter:  1.025) (n_accepted: 80%) (u_error:  2.533544 %) (beta_change:  6.938989 %) (delta_change:  0.156525 %) (delta_peak/R:  2.293113 %)
iter:   5800 (Jcost: 1.915573e-02) (lr = 8.290e-01) (elapsed time: 6093.008) (secs/iter:  1.020) (n_accepted: 79%) (u_error:  2.532274 %) (beta_change:  6.484598 %) (delta_change:  0.156377 %) (delta_peak/R:  2.293261 %)
iter:   5900 (Jcost: 1.914893e-02) (lr = 7.116e-01) (elapsed time: 6188.727) (secs/iter:  0.957) (n_accepted: 79%) (u_error:  2.534687 %) (beta_change:  6.058630 %) (delta_change:  0.158406 %) (delta_peak/R:  2.291232 %)
iter:   6000 (Jcost: 1.914321e-02) (lr = 2.545e-01) (elapsed time: 6296.089) (secs/iter:  1.074) (n_accepted: 78%) (u_error:  2.531572 %) (beta_change:  5.708930 %) (delta_change:  0.157151 %) (delta_peak/R:  2.292486 %)
-> Saved file: /media/rafael/DATA/Dropbox/20220924_FIML_solver/data/output/field_inversion/Beta_e/u_imp_1/FI_run_Supersonic_M1.7R200_u_imp_1_k_imp_0_e_imp_1/FI_run_Supersonic_M1.7R200_u_imp_1_k_imp_0_e_imp_1_state_iter_6000.dat
iter:   6100 (Jcost: 1.913730e-02) (lr = 1.258e+00) (elapsed time: 6407.163) (secs/iter:  1.111) (n_accepted: 81%) (u_error:  2.530609 %) (beta_change:  5.338725 %) (delta_change:  0.157173 %) (delta_peak/R:  2.292464 %)
iter:   6200 (Jcost: 1.913140e-02) (lr = 4.501e-01) (elapsed time: 6512.497) (secs/iter:  1.053) (n_accepted: 78%) (u_error:  2.529461 %) (beta_change:  4.966362 %) (delta_change:  0.157101 %) (delta_peak/R:  2.292536 %)
iter:   6300 (Jcost: 1.912557e-02) (lr = 9.273e-01) (elapsed time: 6579.878) (secs/iter:  0.674) (n_accepted: 80%) (u_error:  2.530046 %) (beta_change:  4.687759 %) (delta_change:  0.158032 %) (delta_peak/R:  2.291606 %)
iter:   6400 (Jcost: 1.912031e-02) (lr = 7.960e-01) (elapsed time: 6655.943) (secs/iter:  0.761) (n_accepted: 79%) (u_error:  2.528996 %) (beta_change:  4.454492 %) (delta_change:  0.157976 %) (delta_peak/R:  2.291662 %)
iter:   6500 (Jcost: 1.911476e-02) (lr = 2.847e-01) (elapsed time: 6760.987) (secs/iter:  1.050) (n_accepted: 78%) (u_error:  2.526548 %) (beta_change:  4.207555 %) (delta_change:  0.157163 %) (delta_peak/R:  2.292475 %)
-> Saved file: /media/rafael/DATA/Dropbox/20220924_FIML_solver/data/output/field_inversion/Beta_e/u_imp_1/FI_run_Supersonic_M1.7R200_u_imp_1_k_imp_0_e_imp_1/FI_run_Supersonic_M1.7R200_u_imp_1_k_imp_0_e_imp_1_state_iter_6500.dat
iter:   6600 (Jcost: 1.910948e-02) (lr = 5.865e-01) (elapsed time: 6872.110) (secs/iter:  1.111) (n_accepted: 80%) (u_error:  2.528304 %) (beta_change:  4.098301 %) (delta_change:  0.158741 %) (delta_peak/R:  2.290896 %)
iter:   6700 (Jcost: 1.910399e-02) (lr = 5.035e-01) (elapsed time: 6978.570) (secs/iter:  1.065) (n_accepted: 79%) (u_error:  2.524970 %) (beta_change:  3.990914 %) (delta_change:  0.157439 %) (delta_peak/R:  2.292198 %)
iter:   6800 (Jcost: 1.909824e-02) (lr = 1.801e-01) (elapsed time: 7080.247) (secs/iter:  1.017) (n_accepted: 78%) (u_error:  2.525983 %) (beta_change:  3.884107 %) (delta_change:  0.158667 %) (delta_peak/R:  2.290971 %)
iter:   6900 (Jcost: 1.909327e-02) (lr = 3.710e-01) (elapsed time: 7185.010) (secs/iter:  1.048) (n_accepted: 80%) (u_error:  2.527703 %) (beta_change:  3.854533 %) (delta_change:  0.160234 %) (delta_peak/R:  2.289404 %)
iter:   7000 (Jcost: 1.908857e-02) (lr = 3.184e-01) (elapsed time: 7290.215) (secs/iter:  1.052) (n_accepted: 79%) (u_error:  2.527617 %) (beta_change:  3.875422 %) (delta_change:  0.160741 %) (delta_peak/R:  2.288897 %)
-> Saved file: /media/rafael/DATA/Dropbox/20220924_FIML_solver/data/output/field_inversion/Beta_e/u_imp_1/FI_run_Supersonic_M1.7R200_u_imp_1_k_imp_0_e_imp_1/FI_run_Supersonic_M1.7R200_u_imp_1_k_imp_0_e_imp_1_state_iter_7000.dat
iter:   7100 (Jcost: 1.908364e-02) (lr = 1.574e+00) (elapsed time: 7394.714) (secs/iter:  1.045) (n_accepted: 81%) (u_error:  2.522991 %) (beta_change:  3.901745 %) (delta_change:  0.158673 %) (delta_peak/R:  2.290964 %)
iter:   7200 (Jcost: 1.907927e-02) (lr = 2.346e-01) (elapsed time: 7499.534) (secs/iter:  1.048) (n_accepted: 77%) (u_error:  2.523563 %) (beta_change:  3.927891 %) (delta_change:  0.159531 %) (delta_peak/R:  2.290106 %)
iter:   7300 (Jcost: 1.907461e-02) (lr = 1.160e+00) (elapsed time: 7606.002) (secs/iter:  1.065) (n_accepted: 81%) (u_error:  2.526925 %) (beta_change:  3.960269 %) (delta_change:  0.162055 %) (delta_peak/R:  2.287582 %)
iter:   7400 (Jcost: 1.907019e-02) (lr = 4.149e-01) (elapsed time: 7708.737) (secs/iter:  1.027) (n_accepted: 78%) (u_error:  2.524692 %) (beta_change:  3.993979 %) (delta_change:  0.161319 %) (delta_peak/R:  2.288318 %)
iter:   7500 (Jcost: 1.906597e-02) (lr = 3.562e-01) (elapsed time: 7813.720) (secs/iter:  1.050) (n_accepted: 79%) (u_error:  2.521361 %) (beta_change:  4.030757 %) (delta_change:  0.159952 %) (delta_peak/R:  2.289686 %)
-> Saved file: /media/rafael/DATA/Dropbox/20220924_FIML_solver/data/output/field_inversion/Beta_e/u_imp_1/FI_run_Supersonic_M1.7R200_u_imp_1_k_imp_0_e_imp_1/FI_run_Supersonic_M1.7R200_u_imp_1_k_imp_0_e_imp_1_state_iter_7500.dat
iter:   7600 (Jcost: 1.906188e-02) (lr = 1.761e+00) (elapsed time: 7916.531) (secs/iter:  1.028) (n_accepted: 81%) (u_error:  2.522148 %) (beta_change:  4.068887 %) (delta_change:  0.160936 %) (delta_peak/R:  2.288702 %)
iter:   7700 (Jcost: 1.905771e-02) (lr = 1.512e+00) (elapsed time: 8017.075) (secs/iter:  1.005) (n_accepted: 79%) (u_error:  2.521913 %) (beta_change:  4.111622 %) (delta_change:  0.161354 %) (delta_peak/R:  2.288283 %)
iter:   7800 (Jcost: 1.905384e-02) (lr = 5.407e-01) (elapsed time: 8123.687) (secs/iter:  1.066) (n_accepted: 78%) (u_error:  2.522076 %) (beta_change:  4.154735 %) (delta_change:  0.161972 %) (delta_peak/R:  2.287665 %)
iter:   7900 (Jcost: 1.904967e-02) (lr = 1.934e-01) (elapsed time: 8231.271) (secs/iter:  1.076) (n_accepted: 78%) (u_error:  2.522097 %) (beta_change:  4.208894 %) (delta_change:  0.162558 %) (delta_peak/R:  2.287079 %)
iter:   8000 (Jcost: 1.904592e-02) (lr = 1.660e-01) (elapsed time: 8328.171) (secs/iter:  0.969) (n_accepted: 79%) (u_error:  2.520438 %) (beta_change:  4.426383 %) (delta_change:  0.162129 %) (delta_peak/R:  2.287508 %)
-> Saved file: /media/rafael/DATA/Dropbox/20220924_FIML_solver/data/output/field_inversion/Beta_e/u_imp_1/FI_run_Supersonic_M1.7R200_u_imp_1_k_imp_0_e_imp_1/FI_run_Supersonic_M1.7R200_u_imp_1_k_imp_0_e_imp_1_state_iter_8000.dat
iter:   8100 (Jcost: 1.904253e-02) (lr = 3.420e-01) (elapsed time: 8432.006) (secs/iter:  1.038) (n_accepted: 80%) (u_error:  2.520494 %) (beta_change:  4.768233 %) (delta_change:  0.162640 %) (delta_peak/R:  2.286997 %)
iter:   8200 (Jcost: 1.903877e-02) (lr = 7.046e-01) (elapsed time: 8530.439) (secs/iter:  0.984) (n_accepted: 80%) (u_error:  2.520094 %) (beta_change:  5.154234 %) (delta_change:  0.162951 %) (delta_peak/R:  2.286686 %)
iter:   8300 (Jcost: 1.903480e-02) (lr = 6.048e-01) (elapsed time: 8626.266) (secs/iter:  0.958) (n_accepted: 79%) (u_error:  2.519602 %) (beta_change:  5.567625 %) (delta_change:  0.163248 %) (delta_peak/R:  2.286389 %)
iter:   8400 (Jcost: 1.903161e-02) (lr = 2.163e-01) (elapsed time: 8703.234) (secs/iter:  0.770) (n_accepted: 78%) (u_error:  2.519258 %) (beta_change:  5.904144 %) (delta_change:  0.163523 %) (delta_peak/R:  2.286115 %)
iter:   8500 (Jcost: 1.902803e-02) (lr = 1.857e-01) (elapsed time: 8762.372) (secs/iter:  0.591) (n_accepted: 79%) (u_error:  2.521452 %) (beta_change:  6.297570 %) (delta_change:  0.165335 %) (delta_peak/R:  2.284303 %)
-> Saved file: /media/rafael/DATA/Dropbox/20220924_FIML_solver/data/output/field_inversion/Beta_e/u_imp_1/FI_run_Supersonic_M1.7R200_u_imp_1_k_imp_0_e_imp_1/FI_run_Supersonic_M1.7R200_u_imp_1_k_imp_0_e_imp_1_state_iter_8500.dat
iter:   8600 (Jcost: 1.902480e-02) (lr = 9.181e-01) (elapsed time: 8828.649) (secs/iter:  0.663) (n_accepted: 81%) (u_error:  2.520572 %) (beta_change:  6.644326 %) (delta_change:  0.165316 %) (delta_peak/R:  2.284322 %)
iter:   8700 (Jcost: 1.902173e-02) (lr = 7.881e-01) (elapsed time: 8919.461) (secs/iter:  0.908) (n_accepted: 79%) (u_error:  2.516691 %) (beta_change:  6.979313 %) (delta_change:  0.163556 %) (delta_peak/R:  2.286081 %)
iter:   8800 (Jcost: 1.901859e-02) (lr = 1.624e+00) (elapsed time: 8984.272) (secs/iter:  0.648) (n_accepted: 80%) (u_error:  2.518260 %) (beta_change:  7.325826 %) (delta_change:  0.164944 %) (delta_peak/R:  2.284693 %)
iter:   8900 (Jcost: 1.901572e-02) (lr = 5.807e-01) (elapsed time: 9073.337) (secs/iter:  0.891) (n_accepted: 78%) (u_error:  2.517488 %) (beta_change:  7.649274 %) (delta_change:  0.164954 %) (delta_peak/R:  2.284683 %)
iter:   9000 (Jcost: 1.901265e-02) (lr = 2.077e-01) (elapsed time: 9173.951) (secs/iter:  1.006) (n_accepted: 78%) (u_error:  2.517277 %) (beta_change:  7.999819 %) (delta_change:  0.165324 %) (delta_peak/R:  2.284313 %)
-> Saved file: /media/rafael/DATA/Dropbox/20220924_FIML_solver/data/output/field_inversion/Beta_e/u_imp_1/FI_run_Supersonic_M1.7R200_u_imp_1_k_imp_0_e_imp_1/FI_run_Supersonic_M1.7R200_u_imp_1_k_imp_0_e_imp_1_state_iter_9000.dat
iter:   9100 (Jcost: 1.900971e-02) (lr = 4.279e-01) (elapsed time: 9274.619) (secs/iter:  1.007) (n_accepted: 80%) (u_error:  2.516624 %) (beta_change:  8.340495 %) (delta_change:  0.165427 %) (delta_peak/R:  2.284211 %)
iter:   9200 (Jcost: 1.900670e-02) (lr = 1.530e-01) (elapsed time: 9339.214) (secs/iter:  0.646) (n_accepted: 78%) (u_error:  2.516987 %) (beta_change:  8.693759 %) (delta_change:  0.166131 %) (delta_peak/R:  2.283507 %)
iter:   9300 (Jcost: 1.900374e-02) (lr = 1.816e+00) (elapsed time: 9395.397) (secs/iter:  0.562) (n_accepted: 82%) (u_error:  2.515467 %) (beta_change:  9.045829 %) (delta_change:  0.165751 %) (delta_peak/R:  2.283886 %)
iter:   9400 (Jcost: 1.900103e-02) (lr = 6.495e-01) (elapsed time: 9452.757) (secs/iter:  0.574) (n_accepted: 78%) (u_error:  2.516165 %) (beta_change:  9.370744 %) (delta_change:  0.166608 %) (delta_peak/R:  2.283030 %)
iter:   9500 (Jcost: 1.899853e-02) (lr = 2.323e-01) (elapsed time: 9511.856) (secs/iter:  0.591) (n_accepted: 78%) (u_error:  2.515606 %) (beta_change:  9.674121 %) (delta_change:  0.166711 %) (delta_peak/R:  2.282926 %)
-> Saved file: /media/rafael/DATA/Dropbox/20220924_FIML_solver/data/output/field_inversion/Beta_e/u_imp_1/FI_run_Supersonic_M1.7R200_u_imp_1_k_imp_0_e_imp_1/FI_run_Supersonic_M1.7R200_u_imp_1_k_imp_0_e_imp_1_state_iter_9500.dat
iter:   9600 (Jcost: 1.899571e-02) (lr = 4.786e-01) (elapsed time: 9594.188) (secs/iter:  0.823) (n_accepted: 80%) (u_error:  2.513818 %) (beta_change: 10.023985 %) (delta_change:  0.166175 %) (delta_peak/R:  2.283463 %)
iter:   9700 (Jcost: 1.899309e-02) (lr = 4.108e-01) (elapsed time: 9694.808) (secs/iter:  1.006) (n_accepted: 79%) (u_error:  2.514210 %) (beta_change: 10.348452 %) (delta_change:  0.166854 %) (delta_peak/R:  2.282783 %)
iter:   9800 (Jcost: 1.899055e-02) (lr = 3.527e-01) (elapsed time: 9790.306) (secs/iter:  0.955) (n_accepted: 79%) (u_error:  2.514810 %) (beta_change: 10.667957 %) (delta_change:  0.167646 %) (delta_peak/R:  2.281992 %)
iter:   9900 (Jcost: 1.898797e-02) (lr = 3.027e-01) (elapsed time: 9893.529) (secs/iter:  1.032) (n_accepted: 79%) (u_error:  2.512875 %) (beta_change: 11.000069 %) (delta_change:  0.166999 %) (delta_peak/R:  2.282639 %)
iter:  10000 (Jcost: 1.898562e-02) (lr = 1.083e-01) (elapsed time: 9995.642) (secs/iter:  1.021) (n_accepted: 78%) (u_error:  2.513083 %) (beta_change: 11.300279 %) (delta_change:  0.167538 %) (delta_peak/R:  2.282100 %)
-> Saved file: /media/rafael/DATA/Dropbox/20220924_FIML_solver/data/output/field_inversion/Beta_e/u_imp_1/FI_run_Supersonic_M1.7R200_u_imp_1_k_imp_0_e_imp_1/FI_run_Supersonic_M1.7R200_u_imp_1_k_imp_0_e_imp_1_state_iter_10000.dat
iter:  10100 (Jcost: 1.898306e-02) (lr = 1.285e+00) (elapsed time: 10096.744) (secs/iter:  1.011) (n_accepted: 82%) (u_error:  2.513613 %) (beta_change: 11.632904 %) (delta_change:  0.168306 %) (delta_peak/R:  2.281331 %)
iter:  10200 (Jcost: 1.898075e-02) (lr = 4.595e-01) (elapsed time: 10196.372) (secs/iter:  0.996) (n_accepted: 78%) (u_error:  2.511147 %) (beta_change: 11.946502 %) (delta_change:  0.167329 %) (delta_peak/R:  2.282309 %)
iter:  10300 (Jcost: 1.897859e-02) (lr = 1.644e-01) (elapsed time: 10293.439) (secs/iter:  0.971) (n_accepted: 78%) (u_error:  2.513359 %) (beta_change: 12.223529 %) (delta_change:  0.168986 %) (delta_peak/R:  2.280652 %)
iter:  10400 (Jcost: 1.897615e-02) (lr = 1.950e+00) (elapsed time: 10388.737) (secs/iter:  0.953) (n_accepted: 82%) (u_error:  2.511756 %) (beta_change: 12.555404 %) (delta_change:  0.168528 %) (delta_peak/R:  2.281110 %)
iter:  10500 (Jcost: 1.897393e-02) (lr = 6.976e-01) (elapsed time: 10490.663) (secs/iter:  1.019) (n_accepted: 78%) (u_error:  2.512054 %) (beta_change: 12.854812 %) (delta_change:  0.169117 %) (delta_peak/R:  2.280520 %)
-> Saved file: /media/rafael/DATA/Dropbox/20220924_FIML_solver/data/output/field_inversion/Beta_e/u_imp_1/FI_run_Supersonic_M1.7R200_u_imp_1_k_imp_0_e_imp_1/FI_run_Supersonic_M1.7R200_u_imp_1_k_imp_0_e_imp_1_state_iter_10500.dat
iter:  10600 (Jcost: 1.897162e-02) (lr = 2.495e-01) (elapsed time: 10593.754) (secs/iter:  1.031) (n_accepted: 78%) (u_error:  2.511041 %) (beta_change: 13.175229 %) (delta_change:  0.168982 %) (delta_peak/R:  2.280656 %)
iter:  10700 (Jcost: 1.896924e-02) (lr = 1.234e+00) (elapsed time: 10686.414) (secs/iter:  0.927) (n_accepted: 81%) (u_error:  2.512326 %) (beta_change: 13.502753 %) (delta_change:  0.170176 %) (delta_peak/R:  2.279462 %)
iter:  10800 (Jcost: 1.896713e-02) (lr = 1.059e+00) (elapsed time: 10787.424) (secs/iter:  1.010) (n_accepted: 79%) (u_error:  2.512387 %) (beta_change: 13.799637 %) (delta_change:  0.170625 %) (delta_peak/R:  2.279013 %)
iter:  10900 (Jcost: 1.896534e-02) (lr = 3.788e-01) (elapsed time: 10886.974) (secs/iter:  0.996) (n_accepted: 78%) (u_error:  2.511840 %) (beta_change: 14.052863 %) (delta_change:  0.170662 %) (delta_peak/R:  2.278975 %)
iter:  11000 (Jcost: 1.896316e-02) (lr = 3.251e-01) (elapsed time: 10984.818) (secs/iter:  0.978) (n_accepted: 79%) (u_error:  2.510819 %) (beta_change: 14.365671 %) (delta_change:  0.170512 %) (delta_peak/R:  2.279125 %)
-> Saved file: /media/rafael/DATA/Dropbox/20220924_FIML_solver/data/output/field_inversion/Beta_e/u_imp_1/FI_run_Supersonic_M1.7R200_u_imp_1_k_imp_0_e_imp_1/FI_run_Supersonic_M1.7R200_u_imp_1_k_imp_0_e_imp_1_state_iter_11000.dat
iter:  11100 (Jcost: 1.896119e-02) (lr = 1.608e+00) (elapsed time: 11088.739) (secs/iter:  1.039) (n_accepted: 81%) (u_error:  2.511112 %) (beta_change: 14.648664 %) (delta_change:  0.171074 %) (delta_peak/R:  2.278564 %)
iter:  11200 (Jcost: 1.895941e-02) (lr = 1.380e+00) (elapsed time: 11185.417) (secs/iter:  0.967) (n_accepted: 79%) (u_error:  2.511148 %) (beta_change: 14.907397 %) (delta_change:  0.171454 %) (delta_peak/R:  2.278184 %)
iter:  11300 (Jcost: 1.895737e-02) (lr = 1.185e+00) (elapsed time: 11285.049) (secs/iter:  0.996) (n_accepted: 79%) (u_error:  2.512842 %) (beta_change: 15.215936 %) (delta_change:  0.172855 %) (delta_peak/R:  2.276782 %)
iter:  11400 (Jcost: 1.895567e-02) (lr = 4.237e-01) (elapsed time: 11383.725) (secs/iter:  0.987) (n_accepted: 78%) (u_error:  2.510598 %) (beta_change: 15.460398 %) (delta_change:  0.171907 %) (delta_peak/R:  2.277731 %)
iter:  11500 (Jcost: 1.895377e-02) (lr = 8.728e-01) (elapsed time: 11484.226) (secs/iter:  1.005) (n_accepted: 80%) (u_error:  2.510537 %) (beta_change: 15.744727 %) (delta_change:  0.172266 %) (delta_peak/R:  2.277372 %)
-> Saved file: /media/rafael/DATA/Dropbox/20220924_FIML_solver/data/output/field_inversion/Beta_e/u_imp_1/FI_run_Supersonic_M1.7R200_u_imp_1_k_imp_0_e_imp_1/FI_run_Supersonic_M1.7R200_u_imp_1_k_imp_0_e_imp_1_state_iter_11500.dat
iter:  11600 (Jcost: 1.895194e-02) (lr = 7.492e-01) (elapsed time: 11585.587) (secs/iter:  1.014) (n_accepted: 79%) (u_error:  2.510198 %) (beta_change: 16.020808 %) (delta_change:  0.172455 %) (delta_peak/R:  2.277183 %)
iter:  11700 (Jcost: 1.895020e-02) (lr = 6.431e-01) (elapsed time: 11677.616) (secs/iter:  0.920) (n_accepted: 79%) (u_error:  2.510220 %) (beta_change: 16.285527 %) (delta_change:  0.172835 %) (delta_peak/R:  2.276803 %)
iter:  11800 (Jcost: 1.894837e-02) (lr = 2.300e-01) (elapsed time: 11769.870) (secs/iter:  0.923) (n_accepted: 78%) (u_error:  2.509891 %) (beta_change: 16.566534 %) (delta_change:  0.173036 %) (delta_peak/R:  2.276602 %)
iter:  11900 (Jcost: 1.894656e-02) (lr = 1.137e+00) (elapsed time: 11859.983) (secs/iter:  0.901) (n_accepted: 81%) (u_error:  2.509701 %) (beta_change: 16.846024 %) (delta_change:  0.173314 %) (delta_peak/R:  2.276323 %)
iter:  12000 (Jcost: 1.894476e-02) (lr = 9.763e-01) (elapsed time: 11954.367) (secs/iter:  0.944) (n_accepted: 79%) (u_error:  2.508281 %) (beta_change: 17.130892 %) (delta_change:  0.174811 %) (delta_peak/R:  2.276743 %)
-> Saved file: /media/rafael/DATA/Dropbox/20220924_FIML_solver/data/output/field_inversion/Beta_e/u_imp_1/FI_run_Supersonic_M1.7R200_u_imp_1_k_imp_0_e_imp_1/FI_run_Supersonic_M1.7R200_u_imp_1_k_imp_0_e_imp_1_state_iter_12000.dat
iter:  12100 (Jcost: 1.894308e-02) (lr = 3.492e-01) (elapsed time: 12058.820) (secs/iter:  1.045) (n_accepted: 78%) (u_error:  2.508216 %) (beta_change: 17.394398 %) (delta_change:  0.176550 %) (delta_peak/R:  2.276415 %)
iter:  12200 (Jcost: 1.894146e-02) (lr = 7.194e-01) (elapsed time: 12158.256) (secs/iter:  0.994) (n_accepted: 80%) (u_error:  2.509284 %) (beta_change: 17.648544 %) (delta_change:  0.178243 %) (delta_peak/R:  2.275450 %)
iter:  12300 (Jcost: 1.893982e-02) (lr = 6.175e-01) (elapsed time: 12253.100) (secs/iter:  0.948) (n_accepted: 79%) (u_error:  2.508464 %) (beta_change: 17.911463 %) (delta_change:  0.179961 %) (delta_peak/R:  2.275557 %)
iter:  12400 (Jcost: 1.893836e-02) (lr = 2.209e-01) (elapsed time: 12352.310) (secs/iter:  0.992) (n_accepted: 78%) (u_error:  2.508759 %) (beta_change: 18.145134 %) (delta_change:  0.181501 %) (delta_peak/R:  2.275064 %)
iter:  12500 (Jcost: 1.893678e-02) (lr = 4.550e-01) (elapsed time: 12450.611) (secs/iter:  0.983) (n_accepted: 80%) (u_error:  2.509475 %) (beta_change: 18.403595 %) (delta_change:  0.183209 %) (delta_peak/R:  2.274294 %)
-> Saved file: /media/rafael/DATA/Dropbox/20220924_FIML_solver/data/output/field_inversion/Beta_e/u_imp_1/FI_run_Supersonic_M1.7R200_u_imp_1_k_imp_0_e_imp_1/FI_run_Supersonic_M1.7R200_u_imp_1_k_imp_0_e_imp_1_state_iter_12500.dat
iter:  12600 (Jcost: 1.893520e-02) (lr = 1.627e-01) (elapsed time: 12556.390) (secs/iter:  1.058) (n_accepted: 78%) (u_error:  2.508698 %) (beta_change: 18.659815 %) (delta_change:  0.184874 %) (delta_peak/R:  2.274386 %)
iter:  12700 (Jcost: 1.893369e-02) (lr = 3.353e-01) (elapsed time: 12656.754) (secs/iter:  1.004) (n_accepted: 80%) (u_error:  2.510093 %) (beta_change: 18.914780 %) (delta_change:  0.186563 %) (delta_peak/R:  2.273232 %)
iter:  12800 (Jcost: 1.893207e-02) (lr = 6.907e-01) (elapsed time: 12754.655) (secs/iter:  0.979) (n_accepted: 80%) (u_error:  2.507905 %) (beta_change: 19.175293 %) (delta_change:  0.188228 %) (delta_peak/R:  2.274126 %)
iter:  12900 (Jcost: 1.893060e-02) (lr = 1.029e-01) (elapsed time: 12856.169) (secs/iter:  1.015) (n_accepted: 77%) (u_error:  2.507857 %) (beta_change: 19.421591 %) (delta_change:  0.189830 %) (delta_peak/R:  2.273813 %)
iter:  13000 (Jcost: 1.892912e-02) (lr = 8.836e-02) (elapsed time: 12951.651) (secs/iter:  0.955) (n_accepted: 79%) (u_error:  2.508023 %) (beta_change: 19.668978 %) (delta_change:  0.191439 %) (delta_peak/R:  2.273375 %)
-> Saved file: /media/rafael/DATA/Dropbox/20220924_FIML_solver/data/output/field_inversion/Beta_e/u_imp_1/FI_run_Supersonic_M1.7R200_u_imp_1_k_imp_0_e_imp_1/FI_run_Supersonic_M1.7R200_u_imp_1_k_imp_0_e_imp_1_state_iter_13000.dat
iter:  13100 (Jcost: 1.892779e-02) (lr = 1.820e-01) (elapsed time: 13054.523) (secs/iter:  1.029) (n_accepted: 80%) (u_error:  2.507675 %) (beta_change: 19.893986 %) (delta_change:  0.192891 %) (delta_peak/R:  2.273263 %)
iter:  13200 (Jcost: 1.892635e-02) (lr = 3.750e-01) (elapsed time: 13152.040) (secs/iter:  0.975) (n_accepted: 80%) (u_error:  2.507788 %) (beta_change: 20.137542 %) (delta_change:  0.194467 %) (delta_peak/R:  2.272860 %)
iter:  13300 (Jcost: 1.892498e-02) (lr = 7.726e-01) (elapsed time: 13252.361) (secs/iter:  1.003) (n_accepted: 80%) (u_error:  2.507292 %) (beta_change: 20.370866 %) (delta_change:  0.195963 %) (delta_peak/R:  2.272821 %)
iter:  13400 (Jcost: 1.892354e-02) (lr = 6.632e-01) (elapsed time: 13344.032) (secs/iter:  0.917) (n_accepted: 79%) (u_error:  2.507056 %) (beta_change: 20.618439 %) (delta_change:  0.197552 %) (delta_peak/R:  2.272613 %)
iter:  13500 (Jcost: 1.892220e-02) (lr = 5.693e-01) (elapsed time: 13443.524) (secs/iter:  0.995) (n_accepted: 79%) (u_error:  2.507690 %) (beta_change: 20.850696 %) (delta_change:  0.199051 %) (delta_peak/R:  2.271927 %)
-> Saved file: /media/rafael/DATA/Dropbox/20220924_FIML_solver/data/output/field_inversion/Beta_e/u_imp_1/FI_run_Supersonic_M1.7R200_u_imp_1_k_imp_0_e_imp_1/FI_run_Supersonic_M1.7R200_u_imp_1_k_imp_0_e_imp_1_state_iter_13500.dat
iter:  13600 (Jcost: 1.892086e-02) (lr = 2.036e-01) (elapsed time: 13542.082) (secs/iter:  0.986) (n_accepted: 78%) (u_error:  2.508031 %) (beta_change: 21.085832 %) (delta_change:  0.200560 %) (delta_peak/R:  2.271405 %)
iter:  13700 (Jcost: 1.891958e-02) (lr = 1.007e+00) (elapsed time: 13641.558) (secs/iter:  0.995) (n_accepted: 81%) (u_error:  2.506551 %) (beta_change: 21.305703 %) (delta_change:  0.201939 %) (delta_peak/R:  2.271949 %)
iter:  13800 (Jcost: 1.891838e-02) (lr = 1.500e-01) (elapsed time: 13743.265) (secs/iter:  1.017) (n_accepted: 77%) (u_error:  2.506605 %) (beta_change: 21.515488 %) (delta_change:  0.203275 %) (delta_peak/R:  2.271626 %)
iter:  13900 (Jcost: 1.891692e-02) (lr = 1.780e+00) (elapsed time: 13830.527) (secs/iter:  0.873) (n_accepted: 82%) (u_error:  2.505859 %) (beta_change: 21.772970 %) (delta_change:  0.204896 %) (delta_peak/R:  2.271696 %)
iter:  14000 (Jcost: 1.891578e-02) (lr = 1.105e-01) (elapsed time: 13930.548) (secs/iter:  1.000) (n_accepted: 76%) (u_error:  2.506179 %) (beta_change: 21.973853 %) (delta_change:  0.206171 %) (delta_peak/R:  2.271234 %)
-> Saved file: /media/rafael/DATA/Dropbox/20220924_FIML_solver/data/output/field_inversion/Beta_e/u_imp_1/FI_run_Supersonic_M1.7R200_u_imp_1_k_imp_0_e_imp_1/FI_run_Supersonic_M1.7R200_u_imp_1_k_imp_0_e_imp_1_state_iter_14000.dat
iter:  14100 (Jcost: 1.891446e-02) (lr = 2.277e-01) (elapsed time: 14025.743) (secs/iter:  0.952) (n_accepted: 80%) (u_error:  2.505278 %) (beta_change: 22.210302 %) (delta_change:  0.207647 %) (delta_peak/R:  2.271421 %)
iter:  14200 (Jcost: 1.891322e-02) (lr = 4.692e-01) (elapsed time: 14124.542) (secs/iter:  0.988) (n_accepted: 80%) (u_error:  2.505653 %) (beta_change: 22.431110 %) (delta_change:  0.209041 %) (delta_peak/R:  2.270898 %)
iter:  14300 (Jcost: 1.891204e-02) (lr = 1.678e-01) (elapsed time: 14226.438) (secs/iter:  1.019) (n_accepted: 78%) (u_error:  2.505701 %) (beta_change: 22.641843 %) (delta_change:  0.210361 %) (delta_peak/R:  2.270577 %)
iter:  14400 (Jcost: 1.891092e-02) (lr = 8.297e-01) (elapsed time: 14321.021) (secs/iter:  0.946) (n_accepted: 81%) (u_error:  2.505735 %) (beta_change: 22.842945 %) (delta_change:  0.211618 %) (delta_peak/R:  2.270277 %)
iter:  14500 (Jcost: 1.890958e-02) (lr = 2.968e-01) (elapsed time: 14413.309) (secs/iter:  0.923) (n_accepted: 78%) (u_error:  2.504981 %) (beta_change: 23.086677 %) (delta_change:  0.213123 %) (delta_peak/R:  2.270369 %)
-> Saved file: /media/rafael/DATA/Dropbox/20220924_FIML_solver/data/output/field_inversion/Beta_e/u_imp_1/FI_run_Supersonic_M1.7R200_u_imp_1_k_imp_0_e_imp_1/FI_run_Supersonic_M1.7R200_u_imp_1_k_imp_0_e_imp_1_state_iter_14500.dat
iter:  14600 (Jcost: 1.890838e-02) (lr = 1.061e-01) (elapsed time: 14500.742) (secs/iter:  0.874) (n_accepted: 78%) (u_error:  2.504785 %) (beta_change: 23.303589 %) (delta_change:  0.214465 %) (delta_peak/R:  2.270178 %)
iter:  14700 (Jcost: 1.890718e-02) (lr = 2.187e-01) (elapsed time: 14585.659) (secs/iter:  0.849) (n_accepted: 80%) (u_error:  2.505398 %) (beta_change: 23.519546 %) (delta_change:  0.215809 %) (delta_peak/R:  2.269524 %)
iter:  14800 (Jcost: 1.890600e-02) (lr = 1.081e+00) (elapsed time: 14675.485) (secs/iter:  0.898) (n_accepted: 81%) (u_error:  2.504640 %) (beta_change: 23.735710 %) (delta_change:  0.217129 %) (delta_peak/R:  2.269656 %)
iter:  14900 (Jcost: 1.890489e-02) (lr = 9.281e-01) (elapsed time: 14770.828) (secs/iter:  0.953) (n_accepted: 79%) (u_error:  2.504920 %) (beta_change: 23.938274 %) (delta_change:  0.218377 %) (delta_peak/R:  2.269211 %)
iter:  15000 (Jcost: 1.890382e-02) (lr = 3.319e-01) (elapsed time: 14867.452) (secs/iter:  0.966) (n_accepted: 78%) (u_error:  2.504947 %) (beta_change: 24.135143 %) (delta_change:  0.219581 %) (delta_peak/R:  2.268919 %)
-> Saved file: /media/rafael/DATA/Dropbox/20220924_FIML_solver/data/output/field_inversion/Beta_e/u_imp_1/FI_run_Supersonic_M1.7R200_u_imp_1_k_imp_0_e_imp_1/FI_run_Supersonic_M1.7R200_u_imp_1_k_imp_0_e_imp_1_state_iter_15000.dat
iter:  15000 (Jcost: 1.890381e-02) (lr = 3.983e-01) (elapsed time: 14873.211) (secs/iter:   None) (n_accepted: 0%) (u_error:  2.504942 %) (beta_change: 24.136718 %) (delta_change:  0.219591 %) (delta_peak/R:  2.268919 %)
