# ------------------------------------------------------------------------
#                  Input Arguments
# ------------------------------------------------------------------------
# Begin_Input_Arguments
{ 'all_b_mode': ['Beta_k'],
  'args_mk_solver': { 'torch': "<module 'torch' from "
                               "'/home/rafael/anaconda3/lib/python3.9/site-packages/torch/__init__.py'>",
                      'y_grid': [0.0, 0.000309700312, 0.000638645973, 0.00098802599, 0.00135910194, 0.00175321227, 0.00217177688, 0.00261630193, 0.00308838486, 0.00358971984, 0.00412210331, 0.00468744001, 0.00528774917, 0.00592517114, 0.00660197432, 0.0073205624, 0.00808348206, 0.00889343092, 0.00975326602, 0.0106660126, 0.0116348733, 0.0126632377, 0.0137546927, 0.0149130326, 0.0161422702, 0.0174466482, 0.0188306506, 0.0202990157, 0.0218567475, 0.02350913, 0.0252617393, 0.0271204584, 0.0290914903, 0.0311813732, 0.033396994, 0.0357456039, 0.0382348325, 0.0408727029, 0.0436676462, 0.0466285159, 0.0497646022, 0.0530856456, 0.0566018496, 0.0603238931, 0.0642629411, 0.068430655, 0.0728392004, 0.0775012535, 0.0824300053, 0.0876391634, 0.0931429507, 0.0989561006, 0.105093849, 0.111571922, 0.118406518, 0.125614286, 0.133212296, 0.141218006, 0.14964922, 0.158524039, 0.167860801, 0.177678022, 0.187994313, 0.1988283, 0.21019853, 0.222123362, 0.234620856, 0.247708641, 0.261403784, 0.275722637, 0.290680679, 0.306292354, 0.322570888, 0.339528108, 0.357174255, 0.375517785, 0.394565175, 0.414320726, 0.43478637, 0.45596148, 0.47784269, 0.500423731, 0.523695275, 0.547644806, 0.572256506, 0.597511177, 0.623386184, 0.649855436, 0.676889401, 0.704455158, 0.73251649, 0.761034018, 0.789965372, 0.819265404, 0.848886442, 0.878778572, 0.908889961, 0.939167201, 0.969555687, 1.0],
                      'Ret': 395,
                      'cp': 1.0,
                      'A_sca_rho': 1.0,
                      'A_sca_mu': 0.002531645569620253,
                      'A_sca_k': 0.002531645569620253,
                      'b_exp_rho': 0,
                      'b_exp_mu': 1.2,
                      'b_exp_k': 0,
                      'tensor_device': 'cpu',
                      'as_tensor': '<function '
                                   'Build_arguments_fi_run._mk_args_MK_solver.<locals>.<lambda> '
                                   'at 0x7fa3012848b0>',
                      'ref_dns': { 'u_dns': [1.7432837480471617e-17, 0.11990110421919825, 0.24661234633075435, 0.3804347075635376, 0.521664697751676, 0.6705896534408367, 0.8274819131129758, 0.9925916092532061, 1.1661377906517532, 1.3482976173947114, 1.539194070183328, 1.7389728291622486, 1.947906440838165, 2.1662897969270527, 2.3944300921508157, 2.6326377130265963, 2.8811208780048094, 3.1400086170049932, 3.409387272416332, 3.689296098267596, 3.979724479723237, 4.280603494983008, 4.591810631479703, 4.913203786122452, 5.2446003103781536, 5.585713048882576, 5.936082779405661, 6.2951528920284305, 6.662351015369341, 7.03705553470482, 7.4184400530757815, 7.8055065489947415, 8.197331372069778, 8.593025129125996, 8.991372736866596, 9.391132388089986, 9.791454204834835, 10.190856048516816, 10.587565635627154, 10.981482134651019, 11.371221106896328, 11.754774966560896, 12.131499378846142, 12.500355847588121, 12.860331547011493, 13.210972338708814, 13.550997256179743, 13.879864905739856, 14.197846503078345, 14.5032770147596, 14.796780006270996, 15.078013806367027, 15.34760624768268, 15.60341456953914, 15.848546299395847, 16.081088828507934, 16.3027295587461, 16.51351193923378, 16.713331659266785, 16.903383929301672, 17.085175957854318, 17.257771062685364, 17.42258164878426, 17.580770185379276, 17.733736266214297, 17.880323301675922, 18.022139688712297, 18.160710318871264, 18.296176811679892, 18.42838256640673, 18.558274209869317, 18.686874236898227, 18.813007593188473, 18.938396316307408, 19.062070598496312, 19.185171185032868, 19.308199615235832, 19.430247399923623, 19.550958948008347, 19.672066935508653, 19.79123496491779, 19.910414471803136, 20.028276324991158, 20.14404665088518, 20.258331274133766, 20.370904457308143, 20.480208052437145, 20.58635986447408, 20.688186636600427, 20.786033151876968, 20.87744701778078, 20.963467549441695, 21.042483568160513, 21.112677130881796, 21.17412489176391, 21.226294013282413, 21.26740753401386, 21.298271306027438, 21.316120364361833, 21.323284376550788],
                                   'T_dns': [1.0, 1.005659799930168, 1.011686170839201, 1.0181015792152606, 1.0249294243421223, 1.0321939543353287, 1.0399201435831131, 1.048133520382824, 1.0568599322720746, 1.0661252381676911, 1.0759549366358159, 1.0863768723919975, 1.0974248658255439, 1.109135072649456, 1.1215455800706864, 1.1346958412923076, 1.1486217701769552, 1.1633563916187803, 1.1789309474394374, 1.1953743788971758, 1.2127131616085507, 1.2309693114880964, 1.2501589305706104, 1.2702913786069068, 1.2913664510192553, 1.3133763432969523, 1.336308545550176, 1.360136930994465, 1.3848144067540173, 1.4102704313912537, 1.4364131748409603, 1.4631279032145141, 1.4903133973764866, 1.5178670214597136, 1.5456142076339745, 1.5733802836139144, 1.6011165797480214, 1.6286422976637158, 1.655691359353327, 1.6822944519791476, 1.7082531114145751, 1.7333294200904505, 1.7576235287057773, 1.780997576974859, 1.8032754214822753, 1.8245306089923896, 1.8447786687681547, 1.863931355756318, 1.8820260121798713, 1.8991382288509482, 1.9151846639439463, 1.9303544565185626, 1.944617175556832, 1.958001203598023, 1.9705555641340902, 1.9824925925247423, 1.9936878654895733, 2.0041822168598986, 2.014231941076856, 2.0236222925673, 2.032695803657889, 2.041233426346869, 2.049527649347405, 2.0574065361691614, 2.0650879965726436, 2.072365158499107, 2.079575956070667, 2.0864037832935782, 2.093205011316531, 2.0997966285264877, 2.106292783507256, 2.11259846490907, 2.1187574972296748, 2.1247893884747797, 2.130649410295704, 2.136454640484929, 2.142141143416726, 2.1476760332735285, 2.1531431407819435, 2.158448627082768, 2.163639392656871, 2.16864936531881, 2.1735115882466025, 2.1783139721826674, 2.1829307121810775, 2.187322980957127, 2.1915306743542735, 2.1955326033696068, 2.1993111620174415, 2.202873047926701, 2.206107922566592, 2.209098210101015, 2.211834672840017, 2.214237044551139, 2.2163035887916025, 2.2180398014092098, 2.2194198137140684, 2.2203947368651575, 2.2209937469522822, 2.2211973858335856],
                                   'mu_dns': [0.002531645569620253, 0.0025488496155176925, 0.0025671892207454004, 0.0025867367768301567, 0.002607568091296754, 0.0026297621942359324, 0.0026534010290074107, 0.0026785689910582755, 0.0027053522740502945, 0.002733837986436556, 0.00276411306282222, 0.002796272670450763, 0.0028304315725656425, 0.0028667130978398186, 0.00290524804887922, 0.0029461731019589927, 0.00298961563687231, 0.003035695736453334, 0.003084529628976669, 0.0031362280598173915, 0.0031908957354739474, 0.0032486249505062313, 0.003309490795401082, 0.0033735482425770653, 0.0034408227717012347, 0.0035113161315587053, 0.0035850151821179353, 0.0036618627614678446, 0.0037417329811891566, 0.0038244217969509065, 0.003909652520554679, 0.003997069095026588, 0.0040863544172998435, 0.004177181775941734, 0.004268981038841252, 0.004361173341583123, 0.004453592224148201, 0.0045456265817119135, 0.004636370812642977, 0.0047259086168078305, 0.0048135509037213284, 0.004898467539758267, 0.004980970087159492, 0.005060563732435493, 0.005136619313444046, 0.005209359013519114, 0.0052788099452865025, 0.005344644231179513, 0.00540696614599695, 0.005466014703545753, 0.005521482383492977, 0.005574005327402124, 0.005623463040053902, 0.005669939824158915, 0.005713593340884427, 0.005755151920269972, 0.005794173600335005, 0.00583079200400966, 0.005865894917356026, 0.005898726367426333, 0.005930479009561461, 0.00596038221566953, 0.0059894568749744624, 0.006017097414714699, 0.006044065736711382, 0.006069633148841754, 0.00609498511563006, 0.00611900683414935, 0.006142950606959215, 0.006166171296289735, 0.006189069963275969, 0.006211310733101746, 0.006233047078284302, 0.006254346971760994, 0.006275051542569782, 0.006295573757020154, 0.0063156870717765694, 0.006335274385156038, 0.006354631738758096, 0.006373426242290053, 0.006391823295805061, 0.006409587958713615, 0.0064268365720710225, 0.006443880485144219, 0.006460272624818619, 0.006475874197452658, 0.006490826026169407, 0.006505052009726538, 0.0065184887214041805, 0.006531159164142017, 0.006542669904163785, 0.006553313326444218, 0.006563055827693097, 0.006571610867653204, 0.006578971484318321, 0.006585156587112307, 0.006590073448800205, 0.006593547382297046, 0.006595681980007775, 0.006596407681977733],
                                   'rho_dns': [1.0, 1.0, 1.0, 1.0, 1.0, 1.0, 1.0, 1.0, 1.0, 1.0, 1.0, 1.0, 1.0, 1.0, 1.0, 1.0, 1.0, 1.0, 1.0, 1.0, 1.0, 1.0, 1.0, 1.0, 1.0, 1.0, 1.0, 1.0, 1.0, 1.0, 1.0, 1.0, 1.0, 1.0, 1.0, 1.0, 1.0, 1.0, 1.0, 1.0, 1.0, 1.0, 1.0, 1.0, 1.0, 1.0, 1.0, 1.0, 1.0, 1.0, 1.0, 1.0, 1.0, 1.0, 1.0, 1.0, 1.0, 1.0, 1.0, 1.0, 1.0, 1.0, 1.0, 1.0, 1.0, 1.0, 1.0, 1.0, 1.0, 1.0, 1.0, 1.0, 1.0, 1.0, 1.0, 1.0, 1.0, 1.0, 1.0, 1.0, 1.0, 1.0, 1.0, 1.0, 1.0, 1.0, 1.0, 1.0, 1.0, 1.0, 1.0, 1.0, 1.0, 1.0, 1.0, 1.0, 1.0, 1.0, 1.0, 1.0]},
                      'case': 'T31_SReStar_tauGL',
                      'constant_Sq_heat': 0.0469620253164557,
                      'use_visc_heating': False,
                      'Pr_turb': 1.0,
                      'fprint': '<function '
                                'Build_arguments_fi_run._mk_args_MK_solver.<locals>.<lambda> '
                                'at 0x7fa301284d30>',
                      'compressible_correction': False,
                      'bool_solve_energy': False,
                      'output_last': False},
  'u_imp': 10,
  'k_imp': 1,
  'e_imp': 0,
  'solve_sparse_adj': True,
  'all_ref_beta_distrib': {'K': [1.0, 1.00004806, 1.00008237, 1.00010063, 1.00010189, 1.0000854, 1.00005045, 0.99999646, 0.99992304, 0.99983, 0.99971747, 0.99958596, 0.99943635, 0.99927003, 0.99908888, 0.99889537, 0.99869259, 0.99848432, 0.99827508, 0.99807019, 0.99787583, 0.99769914, 0.99754824, 0.9974323, 0.99736164, 0.99734772, 0.99740311, 0.99754134, 0.9977764, 0.998122, 0.99859051, 0.99919191, 0.99993314, 1.00081774, 1.00184566, 1.00301314, 1.00431202, 1.00572962, 1.00724858, 1.00884567, 1.01049244, 1.01215482, 1.01379204, 1.01535773, 1.0167992, 1.01805716, 1.01906641, 1.01975593, 1.02004912, 1.01986471, 1.01911741, 1.0177193, 1.01558083, 1.01261304, 1.00872925, 1.0038476, 0.99789333, 0.99080236, 0.98252379, 0.97302491, 0.96229126, 0.95033588, 0.93719574, 0.92294406, 0.90768234, 0.89155916, 0.87475121, 0.85749501, 0.84005176, 0.82274617, 0.80593763, 0.79004102, 0.77551316, 0.76286152, 0.75265416, 0.74552457, 0.74221059, 0.7435609, 0.75050907, 0.76399279, 0.78476931, 0.81320519, 0.84904353, 0.89125677, 0.93801664, 0.98680554, 1.03469327, 1.07870693, 1.11622931, 1.14535725, 1.16515114, 1.1757244, 1.17815493, 1.17426253, 1.16627193, 1.15645626, 1.14684977, 1.13906299, 1.13421627, 1.06619992], 'E': [1.0, 1.0, 1.0, 1.0, 1.0, 1.0, 1.0, 1.0, 1.0, 1.0, 1.0, 1.0, 1.0, 1.0, 1.0, 1.0, 1.0, 1.0, 1.0, 1.0, 1.0, 1.0, 1.0, 1.0, 1.0, 1.0, 1.0, 1.0, 1.0, 1.0, 1.0, 1.0, 1.0, 1.0, 1.0, 1.0, 1.0, 1.0, 1.0, 1.0, 1.0, 1.0, 1.0, 1.0, 1.0, 1.0, 1.0, 1.0, 1.0, 1.0, 1.0, 1.0, 1.0, 1.0, 1.0, 1.0, 1.0, 1.0, 1.0, 1.0, 1.0, 1.0, 1.0, 1.0, 1.0, 1.0, 1.0, 1.0, 1.0, 1.0, 1.0, 1.0, 1.0, 1.0, 1.0, 1.0, 1.0, 1.0, 1.0, 1.0, 1.0, 1.0, 1.0, 1.0, 1.0, 1.0, 1.0, 1.0, 1.0, 1.0, 1.0, 1.0, 1.0, 1.0, 1.0, 1.0, 1.0, 1.0, 1.0, 1.0]},
  'all_ref_delta_distrib': {'K': [-0.0, -0.0003913111426672298, -0.000698621631923227, -0.0008905010358120242, -0.0009423971783333522, -0.000827086337741053, -0.0005125726891473575, 3.7801716965057134e-05, 0.0008653464500929663, 0.002016380074200041, 0.0035410891560364384, 0.005492518478805658, 0.007925936748986374, 0.010895524175730132, 0.014452196200327883, 0.01863859820057846, 0.023483629767901058, 0.028994645169571568, 0.03514803950839398, 0.04187764018196139, 0.04906116882324166, 0.05650424879267382, 0.06392560927159985, 0.07094225689766863, 0.07705676279549296, 0.0816528553109629, 0.08399909722028759, 0.08326378954397157, 0.07854754699305573, 0.0689298436713617, 0.0535364476129679, 0.03162585899662123, 0.0026834837453548767, -0.03348708105703006, -0.07669605306087461, -0.12633540604890534, -0.18135918967412282, -0.24032278416004207, -0.3014520896209753, -0.3626938409618032, -0.42185954522787344, -0.4767286364696759, -0.5251205102248205, -0.5650410795364507, -0.5947347966587245, -0.6127334573358516, -0.617916321687693, -0.6095227974681294, -0.5871495114287689, -0.5507497953106769, -0.5006084359372435, -0.4373228113448978, -0.361763054808412, -0.2750528546412232, -0.17852755109736046, -0.07370468523780119, 0.03775652106176919, 0.15407689486958293, 0.2734037161013384, 0.3938188948356322, 0.5134249464351393, 0.6302950647242477, 0.7426030926185812, 0.8485392869541646, 0.946471550887155, 1.0347962721769641, 1.1121811168068385, 1.1773008693162386, 1.2291845773106804, 1.2669002720784186, 1.2898077854642191, 1.2974053409777462, 1.2894284629487769, 1.2657880202955483, 1.2265244897809962, 1.1718027394563333, 1.101769046640392, 1.0166059733483852, 0.9167015576518422, 0.8029530403464347, 0.677269444823422, 0.5428978430720371, 0.40457361973560707, 0.26823883823441563, 0.1404203529117313, 0.027385954092116038, -0.0657968353325521, -0.13600726487778722, -0.18247031968866675, -0.20674226787548, -0.2122991166730435, -0.203831633758104, -0.18641684706325704, -0.1647761170083756, -0.14272773991331567, -0.12294001067072531, -0.1069824672497257, -0.0955734484484868, -0.08891235591100491, -0.04331011466742965], 'E': [-0.0, -0.0, -0.0, -0.0, -0.0, -0.0, -0.0, -0.0, -0.0, -0.0, -0.0, -0.0, -0.0, -0.0, -0.0, -0.0, -0.0, -0.0, -0.0, -0.0, -0.0, -0.0, -0.0, -0.0, -0.0, -0.0, -0.0, -0.0, -0.0, -0.0, -0.0, -0.0, -0.0, -0.0, -0.0, -0.0, -0.0, -0.0, -0.0, -0.0, -0.0, -0.0, -0.0, -0.0, -0.0, -0.0, -0.0, -0.0, -0.0, -0.0, -0.0, -0.0, -0.0, -0.0, -0.0, -0.0, -0.0, -0.0, -0.0, -0.0, -0.0, -0.0, -0.0, -0.0, -0.0, -0.0, -0.0, -0.0, -0.0, -0.0, -0.0, -0.0, -0.0, -0.0, -0.0, -0.0, -0.0, -0.0, -0.0, -0.0, -0.0, -0.0, -0.0, -0.0, -0.0, -0.0, -0.0, -0.0, -0.0, -0.0, -0.0, -0.0, -0.0, -0.0, -0.0, -0.0, -0.0, -0.0, -0.0, -0.0]},
  'fname_print': '/media/rafael/DATA/Dropbox/20220924_FIML_solver/data/output/field_inversion/Beta_k/u_imp_10/FI_run_T31_SReStar_tauGL_u_imp_10_k_imp_1_e_imp_0/FI_run_T31_SReStar_tauGL_u_imp_10_k_imp_1_e_imp_0.log',
  'folder': '/media/rafael/DATA/Dropbox/20220924_FIML_solver/data/output/field_inversion/Beta_k/u_imp_10/FI_run_T31_SReStar_tauGL_u_imp_10_k_imp_1_e_imp_0',
  'iters_limit': 15000}
# End_Input_Arguments

# ------------------------------------------------------------------------
#                  Iterations
# ------------------------------------------------------------------------

iter:      0 (Jcost: 5.144114e-01) (lr = 1.000e-03) (elapsed time:  0.001) (secs/iter:   None) (n_accepted: 0%) (u_error:  4.484660 %) (beta_change: 25.778941 %) (delta_change:  2.777449 %) (delta_peak/R:  0.000000 %)
-> Saved file: /media/rafael/DATA/Dropbox/20220924_FIML_solver/data/output/field_inversion/Beta_k/u_imp_10/FI_run_T31_SReStar_tauGL_u_imp_10_k_imp_1_e_imp_0/FI_run_T31_SReStar_tauGL_u_imp_10_k_imp_1_e_imp_0_state_iter_0.dat
iter:    100 (Jcost: 3.825485e-02) (lr = 7.874e-01) (elapsed time: 106.451) (secs/iter:  1.065) (n_accepted: 87%) (u_error:  0.989673 %) (beta_change: 20.250748 %) (delta_change:  0.901436 %) (delta_peak/R:  2.737733 %)
iter:    200 (Jcost: 3.748158e-02) (lr = 6.759e-01) (elapsed time: 193.646) (secs/iter:  0.872) (n_accepted: 79%) (u_error:  0.950927 %) (beta_change: 17.382402 %) (delta_change:  0.682813 %) (delta_peak/R:  2.738091 %)
iter:    300 (Jcost: 3.704698e-02) (lr = 1.007e-01) (elapsed time: 276.955) (secs/iter:  0.833) (n_accepted: 77%) (u_error:  0.944012 %) (beta_change: 14.329560 %) (delta_change:  0.531002 %) (delta_peak/R:  2.754628 %)
iter:    400 (Jcost: 3.682102e-02) (lr = 8.646e-02) (elapsed time: 359.140) (secs/iter:  0.822) (n_accepted: 79%) (u_error:  0.944821 %) (beta_change: 12.115181 %) (delta_change:  0.429611 %) (delta_peak/R:  2.745890 %)
iter:    500 (Jcost: 3.667900e-02) (lr = 3.093e-02) (elapsed time: 438.383) (secs/iter:  0.792) (n_accepted: 78%) (u_error:  0.939855 %) (beta_change: 10.365071 %) (delta_change:  0.352314 %) (delta_peak/R:  2.747057 %)
-> Saved file: /media/rafael/DATA/Dropbox/20220924_FIML_solver/data/output/field_inversion/Beta_k/u_imp_10/FI_run_T31_SReStar_tauGL_u_imp_10_k_imp_1_e_imp_0/FI_run_T31_SReStar_tauGL_u_imp_10_k_imp_1_e_imp_0_state_iter_500.dat
iter:    600 (Jcost: 3.654877e-02) (lr = 1.529e-01) (elapsed time: 519.646) (secs/iter:  0.813) (n_accepted: 81%) (u_error:  0.930717 %) (beta_change:  8.280345 %) (delta_change:  0.262655 %) (delta_peak/R:  2.738139 %)
iter:    700 (Jcost: 3.648448e-02) (lr = 7.560e-01) (elapsed time: 596.842) (secs/iter:  0.772) (n_accepted: 81%) (u_error:  0.937621 %) (beta_change:  7.185997 %) (delta_change:  0.215287 %) (delta_peak/R:  2.733401 %)
iter:    800 (Jcost: 3.643108e-02) (lr = 4.695e-02) (elapsed time: 674.990) (secs/iter:  0.781) (n_accepted: 76%) (u_error:  0.937201 %) (beta_change:  6.066625 %) (delta_change:  0.169485 %) (delta_peak/R:  2.727631 %)
iter:    900 (Jcost: 3.638392e-02) (lr = 4.030e-02) (elapsed time: 751.021) (secs/iter:  0.760) (n_accepted: 79%) (u_error:  0.934754 %) (beta_change:  4.952580 %) (delta_change:  0.125942 %) (delta_peak/R:  2.721555 %)
iter:   1000 (Jcost: 3.634331e-02) (lr = 3.459e-02) (elapsed time: 826.787) (secs/iter:  0.758) (n_accepted: 79%) (u_error:  0.933675 %) (beta_change:  3.865814 %) (delta_change:  0.121621 %) (delta_peak/R:  2.715976 %)
-> Saved file: /media/rafael/DATA/Dropbox/20220924_FIML_solver/data/output/field_inversion/Beta_k/u_imp_10/FI_run_T31_SReStar_tauGL_u_imp_10_k_imp_1_e_imp_0/FI_run_T31_SReStar_tauGL_u_imp_10_k_imp_1_e_imp_0_state_iter_1000.dat
iter:   1100 (Jcost: 3.630883e-02) (lr = 7.126e-02) (elapsed time: 904.210) (secs/iter:  0.774) (n_accepted: 80%) (u_error:  0.935954 %) (beta_change:  2.811986 %) (delta_change:  0.120026 %) (delta_peak/R:  2.710742 %)
iter:   1200 (Jcost: 3.628743e-02) (lr = 8.457e-01) (elapsed time: 974.787) (secs/iter:  0.706) (n_accepted: 82%) (u_error:  0.932995 %) (beta_change:  2.120236 %) (delta_change:  0.120352 %) (delta_peak/R:  2.707307 %)
iter:   1300 (Jcost: 3.626699e-02) (lr = 2.188e-02) (elapsed time: 1048.378) (secs/iter:  0.736) (n_accepted: 75%) (u_error:  0.932209 %) (beta_change:  1.468956 %) (delta_change:  0.120023 %) (delta_peak/R:  2.703843 %)
iter:   1400 (Jcost: 3.624736e-02) (lr = 4.508e-02) (elapsed time: 1121.579) (secs/iter:  0.732) (n_accepted: 80%) (u_error:  0.936078 %) (beta_change:  1.274833 %) (delta_change:  0.118414 %) (delta_peak/R:  2.700280 %)
iter:   1500 (Jcost: 3.623184e-02) (lr = 1.284e+00) (elapsed time: 1194.724) (secs/iter:  0.731) (n_accepted: 83%) (u_error:  0.930949 %) (beta_change:  1.550231 %) (delta_change:  0.119380 %) (delta_peak/R:  2.697480 %)
-> Saved file: /media/rafael/DATA/Dropbox/20220924_FIML_solver/data/output/field_inversion/Beta_k/u_imp_10/FI_run_T31_SReStar_tauGL_u_imp_10_k_imp_1_e_imp_0/FI_run_T31_SReStar_tauGL_u_imp_10_k_imp_1_e_imp_0_state_iter_1500.dat
iter:   1600 (Jcost: 3.621876e-02) (lr = 1.102e+00) (elapsed time: 1271.698) (secs/iter:  0.770) (n_accepted: 79%) (u_error:  0.931384 %) (beta_change:  1.880911 %) (delta_change:  0.118891 %) (delta_peak/R:  2.695016 %)
iter:   1700 (Jcost: 3.620700e-02) (lr = 3.941e-01) (elapsed time: 1338.867) (secs/iter:  0.672) (n_accepted: 78%) (u_error:  0.931132 %) (beta_change:  2.226672 %) (delta_change:  0.118605 %) (delta_peak/R:  2.692689 %)
iter:   1800 (Jcost: 3.619693e-02) (lr = 5.874e-02) (elapsed time: 1411.642) (secs/iter:  0.728) (n_accepted: 77%) (u_error:  0.931436 %) (beta_change:  2.561139 %) (delta_change:  0.123910 %) (delta_peak/R:  2.690651 %)
iter:   1900 (Jcost: 3.618708e-02) (lr = 2.101e-02) (elapsed time: 1480.028) (secs/iter:  0.684) (n_accepted: 78%) (u_error:  0.930613 %) (beta_change:  2.907352 %) (delta_change:  0.140729 %) (delta_peak/R:  2.688561 %)
iter:   2000 (Jcost: 3.617925e-02) (lr = 1.803e-02) (elapsed time: 1550.546) (secs/iter:  0.705) (n_accepted: 79%) (u_error:  0.930540 %) (beta_change:  3.214577 %) (delta_change:  0.154841 %) (delta_peak/R:  2.686871 %)
-> Saved file: /media/rafael/DATA/Dropbox/20220924_FIML_solver/data/output/field_inversion/Beta_k/u_imp_10/FI_run_T31_SReStar_tauGL_u_imp_10_k_imp_1_e_imp_0/FI_run_T31_SReStar_tauGL_u_imp_10_k_imp_1_e_imp_0_state_iter_2000.dat
iter:   2100 (Jcost: 3.617055e-02) (lr = 1.233e+00) (elapsed time: 1619.026) (secs/iter:  0.685) (n_accepted: 84%) (u_error:  0.931087 %) (beta_change:  3.832276 %) (delta_change:  0.171381 %) (delta_peak/R:  2.684948 %)
iter:   2200 (Jcost: 3.616619e-02) (lr = 7.654e-02) (elapsed time: 1687.997) (secs/iter:  0.690) (n_accepted: 76%) (u_error:  0.930240 %) (beta_change:  4.156303 %) (delta_change:  0.179800 %) (delta_peak/R:  2.683938 %)
iter:   2300 (Jcost: 3.615970e-02) (lr = 2.737e-02) (elapsed time: 1755.121) (secs/iter:  0.671) (n_accepted: 78%) (u_error:  0.930098 %) (beta_change:  4.673154 %) (delta_change:  0.192852 %) (delta_peak/R:  2.682423 %)
iter:   2400 (Jcost: 3.615648e-02) (lr = 5.640e-02) (elapsed time: 1824.892) (secs/iter:  0.698) (n_accepted: 80%) (u_error:  0.929691 %) (beta_change:  4.943927 %) (delta_change:  0.199471 %) (delta_peak/R:  2.681644 %)
iter:   2500 (Jcost: 3.615146e-02) (lr = 2.017e-02) (elapsed time: 1892.110) (secs/iter:  0.672) (n_accepted: 78%) (u_error:  0.930053 %) (beta_change:  5.385799 %) (delta_change:  0.209961 %) (delta_peak/R:  2.680446 %)
-> Saved file: /media/rafael/DATA/Dropbox/20220924_FIML_solver/data/output/field_inversion/Beta_k/u_imp_10/FI_run_T31_SReStar_tauGL_u_imp_10_k_imp_1_e_imp_0/FI_run_T31_SReStar_tauGL_u_imp_10_k_imp_1_e_imp_0_state_iter_2500.dat
iter:   2600 (Jcost: 3.614771e-02) (lr = 1.379e+00) (elapsed time: 1964.186) (secs/iter:  0.721) (n_accepted: 84%) (u_error:  0.929585 %) (beta_change:  5.735026 %) (delta_change:  0.217932 %) (delta_peak/R:  2.679503 %)
iter:   2700 (Jcost: 3.614427e-02) (lr = 8.561e-02) (elapsed time: 2031.587) (secs/iter:  0.674) (n_accepted: 76%) (u_error:  0.929717 %) (beta_change:  6.072812 %) (delta_change:  0.225330 %) (delta_peak/R:  2.678644 %)
iter:   2800 (Jcost: 3.614055e-02) (lr = 3.062e-02) (elapsed time: 2095.841) (secs/iter:  0.643) (n_accepted: 78%) (u_error:  0.929520 %) (beta_change:  6.464909 %) (delta_change:  0.233437 %) (delta_peak/R:  2.677680 %)
iter:   2900 (Jcost: 3.613744e-02) (lr = 2.628e-02) (elapsed time: 2163.112) (secs/iter:  0.673) (n_accepted: 79%) (u_error:  0.929404 %) (beta_change:  6.810806 %) (delta_change:  0.240244 %) (delta_peak/R:  2.676863 %)
iter:   3000 (Jcost: 3.613521e-02) (lr = 7.485e-01) (elapsed time: 2229.406) (secs/iter:  0.663) (n_accepted: 83%) (u_error:  0.929209 %) (beta_change:  7.071610 %) (delta_change:  0.245161 %) (delta_peak/R:  2.676261 %)
-> Saved file: /media/rafael/DATA/Dropbox/20220924_FIML_solver/data/output/field_inversion/Beta_k/u_imp_10/FI_run_T31_SReStar_tauGL_u_imp_10_k_imp_1_e_imp_0/FI_run_T31_SReStar_tauGL_u_imp_10_k_imp_1_e_imp_0_state_iter_3000.dat
iter:   3100 (Jcost: 3.613265e-02) (lr = 1.116e-01) (elapsed time: 2300.068) (secs/iter:  0.707) (n_accepted: 77%) (u_error:  0.929260 %) (beta_change:  7.382918 %) (delta_change:  0.250801 %) (delta_peak/R:  2.675572 %)
iter:   3200 (Jcost: 3.613033e-02) (lr = 3.990e-02) (elapsed time: 2367.499) (secs/iter:  0.674) (n_accepted: 78%) (u_error:  0.929320 %) (beta_change:  7.679370 %) (delta_change:  0.255920 %) (delta_peak/R:  2.674936 %)
iter:   3300 (Jcost: 3.612824e-02) (lr = 1.136e+00) (elapsed time: 2435.765) (secs/iter:  0.683) (n_accepted: 83%) (u_error:  0.929003 %) (beta_change:  7.959057 %) (delta_change:  0.260532 %) (delta_peak/R:  2.674339 %)
iter:   3400 (Jcost: 3.612673e-02) (lr = 2.940e-02) (elapsed time: 2505.461) (secs/iter:  0.697) (n_accepted: 75%) (u_error:  0.929197 %) (beta_change:  8.168711 %) (delta_change:  0.263853 %) (delta_peak/R:  2.673918 %)
iter:   3500 (Jcost: 3.612480e-02) (lr = 1.454e-01) (elapsed time: 2570.247) (secs/iter:  0.648) (n_accepted: 81%) (u_error:  0.930198 %) (beta_change:  8.461913 %) (delta_change:  0.268308 %) (delta_peak/R:  2.673371 %)
-> Saved file: /media/rafael/DATA/Dropbox/20220924_FIML_solver/data/output/field_inversion/Beta_k/u_imp_10/FI_run_T31_SReStar_tauGL_u_imp_10_k_imp_1_e_imp_0/FI_run_T31_SReStar_tauGL_u_imp_10_k_imp_1_e_imp_0_state_iter_3500.dat
iter:   3600 (Jcost: 3.612314e-02) (lr = 1.725e+00) (elapsed time: 2639.800) (secs/iter:  0.696) (n_accepted: 82%) (u_error:  0.928938 %) (beta_change:  8.698982 %) (delta_change:  0.271730 %) (delta_peak/R:  2.672865 %)
iter:   3700 (Jcost: 3.612190e-02) (lr = 2.571e-01) (elapsed time: 2707.832) (secs/iter:  0.680) (n_accepted: 77%) (u_error:  0.928921 %) (beta_change:  8.892356 %) (delta_change:  0.274420 %) (delta_peak/R:  2.672498 %)
iter:   3800 (Jcost: 3.612023e-02) (lr = 9.194e-02) (elapsed time: 2771.144) (secs/iter:  0.633) (n_accepted: 78%) (u_error:  0.929090 %) (beta_change:  9.163861 %) (delta_change:  0.278040 %) (delta_peak/R:  2.672000 %)
iter:   3900 (Jcost: 3.611877e-02) (lr = 3.288e-02) (elapsed time: 2838.309) (secs/iter:  0.672) (n_accepted: 78%) (u_error:  0.929378 %) (beta_change:  9.414737 %) (delta_change:  0.281218 %) (delta_peak/R:  2.671558 %)
iter:   4000 (Jcost: 3.611769e-02) (lr = 9.365e-01) (elapsed time: 2900.766) (secs/iter:  0.625) (n_accepted: 83%) (u_error:  0.928784 %) (beta_change:  9.601758 %) (delta_change:  0.283480 %) (delta_peak/R:  2.671206 %)
-> Saved file: /media/rafael/DATA/Dropbox/20220924_FIML_solver/data/output/field_inversion/Beta_k/u_imp_10/FI_run_T31_SReStar_tauGL_u_imp_10_k_imp_1_e_imp_0/FI_run_T31_SReStar_tauGL_u_imp_10_k_imp_1_e_imp_0_state_iter_4000.dat
iter:   4100 (Jcost: 3.611663e-02) (lr = 2.423e-02) (elapsed time: 2972.789) (secs/iter:  0.720) (n_accepted: 75%) (u_error:  0.928818 %) (beta_change:  9.793442 %) (delta_change:  0.285717 %) (delta_peak/R:  2.670875 %)
iter:   4200 (Jcost: 3.611558e-02) (lr = 1.656e+00) (elapsed time: 3036.875) (secs/iter:  0.641) (n_accepted: 84%) (u_error:  0.929072 %) (beta_change:  9.992183 %) (delta_change:  0.288679 %) (delta_peak/R:  2.670547 %)
iter:   4300 (Jcost: 3.611454e-02) (lr = 1.422e+00) (elapsed time: 3098.582) (secs/iter:  0.617) (n_accepted: 79%) (u_error:  0.928820 %) (beta_change: 10.192768 %) (delta_change:  0.291614 %) (delta_peak/R:  2.670205 %)
iter:   4400 (Jcost: 3.611347e-02) (lr = 2.119e-01) (elapsed time: 3164.007) (secs/iter:  0.654) (n_accepted: 77%) (u_error:  0.928783 %) (beta_change: 10.409361 %) (delta_change:  0.294678 %) (delta_peak/R:  2.669850 %)
iter:   4500 (Jcost: 3.611259e-02) (lr = 1.316e-02) (elapsed time: 3230.259) (secs/iter:  0.663) (n_accepted: 76%) (u_error:  0.928719 %) (beta_change: 10.594003 %) (delta_change:  0.297197 %) (delta_peak/R:  2.669553 %)
-> Saved file: /media/rafael/DATA/Dropbox/20220924_FIML_solver/data/output/field_inversion/Beta_k/u_imp_10/FI_run_T31_SReStar_tauGL_u_imp_10_k_imp_1_e_imp_0/FI_run_T31_SReStar_tauGL_u_imp_10_k_imp_1_e_imp_0_state_iter_4500.dat
iter:   4600 (Jcost: 3.611178e-02) (lr = 8.992e-01) (elapsed time: 3298.112) (secs/iter:  0.679) (n_accepted: 84%) (u_error:  0.927930 %) (beta_change: 10.779031 %) (delta_change:  0.299635 %) (delta_peak/R:  2.669235 %)
iter:   4700 (Jcost: 3.611114e-02) (lr = 5.584e-02) (elapsed time: 3361.254) (secs/iter:  0.631) (n_accepted: 76%) (u_error:  0.928838 %) (beta_change: 10.910276 %) (delta_change:  0.301322 %) (delta_peak/R:  2.669066 %)
iter:   4800 (Jcost: 3.611027e-02) (lr = 1.997e-02) (elapsed time: 3420.321) (secs/iter:  0.591) (n_accepted: 78%) (u_error:  0.928680 %) (beta_change: 11.109048 %) (delta_change:  0.303793 %) (delta_peak/R:  2.668759 %)
iter:   4900 (Jcost: 3.610951e-02) (lr = 2.370e-01) (elapsed time: 3468.051) (secs/iter:  0.477) (n_accepted: 82%) (u_error:  0.929344 %) (beta_change: 11.298978 %) (delta_change:  0.306071 %) (delta_peak/R:  2.668502 %)
iter:   5000 (Jcost: 3.610897e-02) (lr = 4.882e-01) (elapsed time: 3507.883) (secs/iter:  0.398) (n_accepted: 80%) (u_error:  0.928738 %) (beta_change: 11.421955 %) (delta_change:  0.307494 %) (delta_peak/R:  2.668300 %)
-> Saved file: /media/rafael/DATA/Dropbox/20220924_FIML_solver/data/output/field_inversion/Beta_k/u_imp_10/FI_run_T31_SReStar_tauGL_u_imp_10_k_imp_1_e_imp_0/FI_run_T31_SReStar_tauGL_u_imp_10_k_imp_1_e_imp_0_state_iter_5000.dat
iter:   5100 (Jcost: 3.610839e-02) (lr = 7.276e-02) (elapsed time: 3551.809) (secs/iter:  0.439) (n_accepted: 77%) (u_error:  0.928671 %) (beta_change: 11.567413 %) (delta_change:  0.309137 %) (delta_peak/R:  2.668089 %)
iter:   5200 (Jcost: 3.610781e-02) (lr = 2.602e-02) (elapsed time: 3618.169) (secs/iter:  0.664) (n_accepted: 78%) (u_error:  0.928587 %) (beta_change: 11.716105 %) (delta_change:  0.310767 %) (delta_peak/R:  2.667875 %)
iter:   5300 (Jcost: 3.610708e-02) (lr = 3.088e-01) (elapsed time: 3676.453) (secs/iter:  0.583) (n_accepted: 82%) (u_error:  0.928967 %) (beta_change: 11.915184 %) (delta_change:  0.312876 %) (delta_peak/R:  2.667611 %)
iter:   5400 (Jcost: 3.610664e-02) (lr = 6.362e-01) (elapsed time: 3739.505) (secs/iter:  0.631) (n_accepted: 80%) (u_error:  0.928572 %) (beta_change: 12.030595 %) (delta_change:  0.314054 %) (delta_peak/R:  2.667439 %)
iter:   5500 (Jcost: 3.610619e-02) (lr = 9.481e-02) (elapsed time: 3803.796) (secs/iter:  0.643) (n_accepted: 77%) (u_error:  0.928531 %) (beta_change: 12.159491 %) (delta_change:  0.315337 %) (delta_peak/R:  2.667263 %)
-> Saved file: /media/rafael/DATA/Dropbox/20220924_FIML_solver/data/output/field_inversion/Beta_k/u_imp_10/FI_run_T31_SReStar_tauGL_u_imp_10_k_imp_1_e_imp_0/FI_run_T31_SReStar_tauGL_u_imp_10_k_imp_1_e_imp_0_state_iter_5500.dat
iter:   5600 (Jcost: 3.610573e-02) (lr = 3.391e-02) (elapsed time: 3871.626) (secs/iter:  0.678) (n_accepted: 78%) (u_error:  0.928741 %) (beta_change: 12.293593 %) (delta_change:  0.316636 %) (delta_peak/R:  2.667092 %)
iter:   5700 (Jcost: 3.610528e-02) (lr = 2.318e+00) (elapsed time: 3931.655) (secs/iter:  0.600) (n_accepted: 84%) (u_error:  0.929061 %) (beta_change: 12.432781 %) (delta_change:  0.317944 %) (delta_peak/R:  2.666921 %)
iter:   5800 (Jcost: 3.610492e-02) (lr = 8.290e-01) (elapsed time: 3993.276) (secs/iter:  0.616) (n_accepted: 78%) (u_error:  0.928445 %) (beta_change: 12.532606 %) (delta_change:  0.318854 %) (delta_peak/R:  2.666769 %)
iter:   5900 (Jcost: 3.610452e-02) (lr = 1.235e-01) (elapsed time: 4055.720) (secs/iter:  0.624) (n_accepted: 77%) (u_error:  0.928428 %) (beta_change: 12.658165 %) (delta_change:  0.319973 %) (delta_peak/R:  2.666607 %)
iter:   6000 (Jcost: 3.610414e-02) (lr = 1.841e-02) (elapsed time: 4119.918) (secs/iter:  0.642) (n_accepted: 77%) (u_error:  0.928471 %) (beta_change: 12.780464 %) (delta_change:  0.321033 %) (delta_peak/R:  2.666454 %)
-> Saved file: /media/rafael/DATA/Dropbox/20220924_FIML_solver/data/output/field_inversion/Beta_k/u_imp_10/FI_run_T31_SReStar_tauGL_u_imp_10_k_imp_1_e_imp_0/FI_run_T31_SReStar_tauGL_u_imp_10_k_imp_1_e_imp_0_state_iter_6000.dat
iter:   6100 (Jcost: 3.610379e-02) (lr = 2.185e-01) (elapsed time: 4187.168) (secs/iter:  0.672) (n_accepted: 82%) (u_error:  0.928702 %) (beta_change: 12.897183 %) (delta_change:  0.322017 %) (delta_peak/R:  2.666316 %)
iter:   6200 (Jcost: 3.610343e-02) (lr = 4.501e-01) (elapsed time: 4223.820) (secs/iter:  0.367) (n_accepted: 80%) (u_error:  0.928607 %) (beta_change: 13.018544 %) (delta_change:  0.322997 %) (delta_peak/R:  2.666165 %)
iter:   6300 (Jcost: 3.610315e-02) (lr = 9.273e-01) (elapsed time: 4269.034) (secs/iter:  0.452) (n_accepted: 80%) (u_error:  0.928327 %) (beta_change: 13.124076 %) (delta_change:  0.323760 %) (delta_peak/R:  2.666038 %)
iter:   6400 (Jcost: 3.610281e-02) (lr = 3.317e-01) (elapsed time: 4311.450) (secs/iter:  0.424) (n_accepted: 78%) (u_error:  0.928321 %) (beta_change: 13.254432 %) (delta_change:  0.324678 %) (delta_peak/R:  2.665896 %)
iter:   6500 (Jcost: 3.610248e-02) (lr = 1.186e-01) (elapsed time: 4371.435) (secs/iter:  0.600) (n_accepted: 78%) (u_error:  0.928339 %) (beta_change: 13.386658 %) (delta_change:  0.325580 %) (delta_peak/R:  2.665755 %)
-> Saved file: /media/rafael/DATA/Dropbox/20220924_FIML_solver/data/output/field_inversion/Beta_k/u_imp_10/FI_run_T31_SReStar_tauGL_u_imp_10_k_imp_1_e_imp_0/FI_run_T31_SReStar_tauGL_u_imp_10_k_imp_1_e_imp_0_state_iter_6500.dat
iter:   6600 (Jcost: 3.610221e-02) (lr = 5.865e-01) (elapsed time: 4417.449) (secs/iter:  0.460) (n_accepted: 81%) (u_error:  0.928696 %) (beta_change: 13.504653 %) (delta_change:  0.326361 %) (delta_peak/R:  2.665643 %)
iter:   6700 (Jcost: 3.610199e-02) (lr = 5.035e-01) (elapsed time: 4452.495) (secs/iter:  0.350) (n_accepted: 79%) (u_error:  0.928277 %) (beta_change: 13.594095 %) (delta_change:  0.326934 %) (delta_peak/R:  2.665535 %)
iter:   6800 (Jcost: 3.610175e-02) (lr = 1.801e-01) (elapsed time: 4509.033) (secs/iter:  0.565) (n_accepted: 78%) (u_error:  0.928337 %) (beta_change: 13.694805 %) (delta_change:  0.327567 %) (delta_peak/R:  2.665433 %)
iter:   6900 (Jcost: 3.610148e-02) (lr = 2.684e-02) (elapsed time: 4557.704) (secs/iter:  0.487) (n_accepted: 77%) (u_error:  0.928329 %) (beta_change: 13.817653 %) (delta_change:  0.328318 %) (delta_peak/R:  2.665309 %)
iter:   7000 (Jcost: 3.610124e-02) (lr = 1.834e+00) (elapsed time: 4592.093) (secs/iter:  0.344) (n_accepted: 84%) (u_error:  0.928554 %) (beta_change: 13.927317 %) (delta_change:  0.328969 %) (delta_peak/R:  2.665207 %)
-> Saved file: /media/rafael/DATA/Dropbox/20220924_FIML_solver/data/output/field_inversion/Beta_k/u_imp_10/FI_run_T31_SReStar_tauGL_u_imp_10_k_imp_1_e_imp_0/FI_run_T31_SReStar_tauGL_u_imp_10_k_imp_1_e_imp_0_state_iter_7000.dat
iter:   7100 (Jcost: 3.610102e-02) (lr = 1.574e+00) (elapsed time: 4639.217) (secs/iter:  0.471) (n_accepted: 79%) (u_error:  0.928218 %) (beta_change: 14.032719 %) (delta_change:  0.329576 %) (delta_peak/R:  2.665091 %)
iter:   7200 (Jcost: 3.610085e-02) (lr = 9.777e-02) (elapsed time: 4686.104) (secs/iter:  0.469) (n_accepted: 76%) (u_error:  0.928305 %) (beta_change: 14.110102 %) (delta_change:  0.330013 %) (delta_peak/R:  2.665019 %)
iter:   7300 (Jcost: 3.610066e-02) (lr = 3.497e-02) (elapsed time: 4721.566) (secs/iter:  0.355) (n_accepted: 78%) (u_error:  0.928309 %) (beta_change: 14.205732 %) (delta_change:  0.330540 %) (delta_peak/R:  2.664927 %)
iter:   7400 (Jcost: 3.610048e-02) (lr = 4.149e-01) (elapsed time: 4754.432) (secs/iter:  0.329) (n_accepted: 82%) (u_error:  0.928279 %) (beta_change: 14.296590 %) (delta_change:  0.331030 %) (delta_peak/R:  2.664840 %)
iter:   7500 (Jcost: 3.610030e-02) (lr = 1.484e-01) (elapsed time: 4809.774) (secs/iter:  0.553) (n_accepted: 78%) (u_error:  0.928247 %) (beta_change: 14.386395 %) (delta_change:  0.331502 %) (delta_peak/R:  2.664754 %)
-> Saved file: /media/rafael/DATA/Dropbox/20220924_FIML_solver/data/output/field_inversion/Beta_k/u_imp_10/FI_run_T31_SReStar_tauGL_u_imp_10_k_imp_1_e_imp_0/FI_run_T31_SReStar_tauGL_u_imp_10_k_imp_1_e_imp_0_state_iter_7500.dat
iter:   7600 (Jcost: 3.610014e-02) (lr = 5.308e-02) (elapsed time: 4875.218) (secs/iter:  0.654) (n_accepted: 78%) (u_error:  0.928286 %) (beta_change: 14.473427 %) (delta_change:  0.331950 %) (delta_peak/R:  2.664675 %)
iter:   7700 (Jcost: 3.609993e-02) (lr = 1.094e-01) (elapsed time: 4931.191) (secs/iter:  0.560) (n_accepted: 80%) (u_error:  0.928054 %) (beta_change: 14.586776 %) (delta_change:  0.332518 %) (delta_peak/R:  2.664563 %)
iter:   7800 (Jcost: 3.609979e-02) (lr = 1.298e+00) (elapsed time: 4987.861) (secs/iter:  0.567) (n_accepted: 82%) (u_error:  0.928234 %) (beta_change: 14.665765 %) (delta_change:  0.332905 %) (delta_peak/R:  2.664498 %)
iter:   7900 (Jcost: 3.609963e-02) (lr = 1.114e+00) (elapsed time: 5046.992) (secs/iter:  0.591) (n_accepted: 79%) (u_error:  0.928260 %) (beta_change: 14.757042 %) (delta_change:  0.333341 %) (delta_peak/R:  2.664417 %)
iter:   8000 (Jcost: 3.609948e-02) (lr = 3.984e-01) (elapsed time: 5100.999) (secs/iter:  0.540) (n_accepted: 78%) (u_error:  0.928256 %) (beta_change: 14.845603 %) (delta_change:  0.333756 %) (delta_peak/R:  2.664339 %)
-> Saved file: /media/rafael/DATA/Dropbox/20220924_FIML_solver/data/output/field_inversion/Beta_k/u_imp_10/FI_run_T31_SReStar_tauGL_u_imp_10_k_imp_1_e_imp_0/FI_run_T31_SReStar_tauGL_u_imp_10_k_imp_1_e_imp_0_state_iter_8000.dat
iter:   8100 (Jcost: 3.609931e-02) (lr = 5.937e-02) (elapsed time: 5163.044) (secs/iter:  0.620) (n_accepted: 77%) (u_error:  0.928222 %) (beta_change: 14.945258 %) (delta_change:  0.334211 %) (delta_peak/R:  2.664251 %)
iter:   8200 (Jcost: 3.609917e-02) (lr = 2.124e-02) (elapsed time: 5222.671) (secs/iter:  0.596) (n_accepted: 78%) (u_error:  0.928252 %) (beta_change: 15.028757 %) (delta_change:  0.334583 %) (delta_peak/R:  2.664180 %)
iter:   8300 (Jcost: 3.609903e-02) (lr = 1.452e+00) (elapsed time: 5277.257) (secs/iter:  0.546) (n_accepted: 84%) (u_error:  0.928335 %) (beta_change: 15.121940 %) (delta_change:  0.334989 %) (delta_peak/R:  2.664104 %)
iter:   8400 (Jcost: 3.609893e-02) (lr = 5.192e-01) (elapsed time: 5333.904) (secs/iter:  0.566) (n_accepted: 78%) (u_error:  0.928242 %) (beta_change: 15.184475 %) (delta_change:  0.335256 %) (delta_peak/R:  2.664048 %)
iter:   8500 (Jcost: 3.609881e-02) (lr = 4.456e-01) (elapsed time: 5387.807) (secs/iter:  0.539) (n_accepted: 79%) (u_error:  0.928258 %) (beta_change: 15.264899 %) (delta_change:  0.335593 %) (delta_peak/R:  2.663982 %)
-> Saved file: /media/rafael/DATA/Dropbox/20220924_FIML_solver/data/output/field_inversion/Beta_k/u_imp_10/FI_run_T31_SReStar_tauGL_u_imp_10_k_imp_1_e_imp_0/FI_run_T31_SReStar_tauGL_u_imp_10_k_imp_1_e_imp_0_state_iter_8500.dat
iter:   8600 (Jcost: 3.609869e-02) (lr = 2.767e-02) (elapsed time: 5426.585) (secs/iter:  0.388) (n_accepted: 76%) (u_error:  0.928237 %) (beta_change: 15.345849 %) (delta_change:  0.335926 %) (delta_peak/R:  2.663914 %)
iter:   8700 (Jcost: 3.609857e-02) (lr = 1.891e+00) (elapsed time: 5478.436) (secs/iter:  0.519) (n_accepted: 84%) (u_error:  0.928107 %) (beta_change: 15.428978 %) (delta_change:  0.336259 %) (delta_peak/R:  2.663842 %)
iter:   8800 (Jcost: 3.609849e-02) (lr = 2.819e-01) (elapsed time: 5535.888) (secs/iter:  0.575) (n_accepted: 77%) (u_error:  0.928217 %) (beta_change: 15.481783 %) (delta_change:  0.336468 %) (delta_peak/R:  2.663803 %)
iter:   8900 (Jcost: 3.609838e-02) (lr = 1.008e-01) (elapsed time: 5591.257) (secs/iter:  0.554) (n_accepted: 78%) (u_error:  0.928190 %) (beta_change: 15.561018 %) (delta_change:  0.336776 %) (delta_peak/R:  2.663739 %)
iter:   9000 (Jcost: 3.609829e-02) (lr = 8.654e-02) (elapsed time: 5647.984) (secs/iter:  0.567) (n_accepted: 79%) (u_error:  0.928218 %) (beta_change: 15.633668 %) (delta_change:  0.337053 %) (delta_peak/R:  2.663683 %)
-> Saved file: /media/rafael/DATA/Dropbox/20220924_FIML_solver/data/output/field_inversion/Beta_k/u_imp_10/FI_run_T31_SReStar_tauGL_u_imp_10_k_imp_1_e_imp_0/FI_run_T31_SReStar_tauGL_u_imp_10_k_imp_1_e_imp_0_state_iter_9000.dat
iter:   9100 (Jcost: 3.609818e-02) (lr = 3.095e-02) (elapsed time: 5707.261) (secs/iter:  0.593) (n_accepted: 78%) (u_error:  0.928170 %) (beta_change: 15.709938 %) (delta_change:  0.337338 %) (delta_peak/R:  2.663621 %)
iter:   9200 (Jcost: 3.609811e-02) (lr = 3.673e-01) (elapsed time: 5758.876) (secs/iter:  0.516) (n_accepted: 82%) (u_error:  0.928183 %) (beta_change: 15.767047 %) (delta_change:  0.337548 %) (delta_peak/R:  2.663578 %)
iter:   9300 (Jcost: 3.609803e-02) (lr = 5.474e-02) (elapsed time: 5815.367) (secs/iter:  0.565) (n_accepted: 77%) (u_error:  0.928158 %) (beta_change: 15.829242 %) (delta_change:  0.337773 %) (delta_peak/R:  2.663529 %)
iter:   9400 (Jcost: 3.609794e-02) (lr = 1.958e-02) (elapsed time: 5864.814) (secs/iter:  0.494) (n_accepted: 78%) (u_error:  0.928171 %) (beta_change: 15.901764 %) (delta_change:  0.338031 %) (delta_peak/R:  2.663474 %)
iter:   9500 (Jcost: 3.609787e-02) (lr = 9.680e-02) (elapsed time: 5897.076) (secs/iter:  0.323) (n_accepted: 81%) (u_error:  0.928063 %) (beta_change: 15.960654 %) (delta_change:  0.338237 %) (delta_peak/R:  2.663426 %)
-> Saved file: /media/rafael/DATA/Dropbox/20220924_FIML_solver/data/output/field_inversion/Beta_k/u_imp_10/FI_run_T31_SReStar_tauGL_u_imp_10_k_imp_1_e_imp_0/FI_run_T31_SReStar_tauGL_u_imp_10_k_imp_1_e_imp_0_state_iter_9500.dat
iter:   9600 (Jcost: 3.609780e-02) (lr = 4.786e-01) (elapsed time: 5946.680) (secs/iter:  0.496) (n_accepted: 81%) (u_error:  0.927961 %) (beta_change: 16.025309 %) (delta_change:  0.338459 %) (delta_peak/R:  2.663374 %)
iter:   9700 (Jcost: 3.609774e-02) (lr = 9.860e-01) (elapsed time: 5992.237) (secs/iter:  0.456) (n_accepted: 80%) (u_error:  0.928160 %) (beta_change: 16.070751 %) (delta_change:  0.338614 %) (delta_peak/R:  2.663348 %)
iter:   9800 (Jcost: 3.609767e-02) (lr = 3.527e-01) (elapsed time: 6048.414) (secs/iter:  0.562) (n_accepted: 78%) (u_error:  0.928189 %) (beta_change: 16.134552 %) (delta_change:  0.338828 %) (delta_peak/R:  2.663302 %)
iter:   9900 (Jcost: 3.609761e-02) (lr = 1.261e-01) (elapsed time: 6102.416) (secs/iter:  0.540) (n_accepted: 78%) (u_error:  0.928142 %) (beta_change: 16.185992 %) (delta_change:  0.338998 %) (delta_peak/R:  2.663263 %)
iter:  10000 (Jcost: 3.609755e-02) (lr = 4.511e-02) (elapsed time: 6157.209) (secs/iter:  0.548) (n_accepted: 78%) (u_error:  0.928168 %) (beta_change: 16.241723 %) (delta_change:  0.339180 %) (delta_peak/R:  2.663224 %)
-> Saved file: /media/rafael/DATA/Dropbox/20220924_FIML_solver/data/output/field_inversion/Beta_k/u_imp_10/FI_run_T31_SReStar_tauGL_u_imp_10_k_imp_1_e_imp_0/FI_run_T31_SReStar_tauGL_u_imp_10_k_imp_1_e_imp_0_state_iter_10000.dat
iter:  10100 (Jcost: 3.609749e-02) (lr = 3.873e-02) (elapsed time: 6204.167) (secs/iter:  0.470) (n_accepted: 79%) (u_error:  0.928149 %) (beta_change: 16.298226 %) (delta_change:  0.339361 %) (delta_peak/R:  2.663183 %)
iter:  10200 (Jcost: 3.609742e-02) (lr = 3.324e-02) (elapsed time: 6255.389) (secs/iter:  0.512) (n_accepted: 79%) (u_error:  0.928143 %) (beta_change: 16.360536 %) (delta_change:  0.339558 %) (delta_peak/R:  2.663138 %)
iter:  10300 (Jcost: 3.609737e-02) (lr = 9.467e-01) (elapsed time: 6310.135) (secs/iter:  0.547) (n_accepted: 83%) (u_error:  0.928188 %) (beta_change: 16.409059 %) (delta_change:  0.339710 %) (delta_peak/R:  2.663106 %)
iter:  10400 (Jcost: 3.609733e-02) (lr = 5.879e-02) (elapsed time: 6365.594) (secs/iter:  0.555) (n_accepted: 76%) (u_error:  0.928096 %) (beta_change: 16.454217 %) (delta_change:  0.339848 %) (delta_peak/R:  2.663071 %)
iter:  10500 (Jcost: 3.609727e-02) (lr = 2.103e-02) (elapsed time: 6418.181) (secs/iter:  0.526) (n_accepted: 78%) (u_error:  0.928158 %) (beta_change: 16.512755 %) (delta_change:  0.340027 %) (delta_peak/R:  2.663032 %)
-> Saved file: /media/rafael/DATA/Dropbox/20220924_FIML_solver/data/output/field_inversion/Beta_k/u_imp_10/FI_run_T31_SReStar_tauGL_u_imp_10_k_imp_1_e_imp_0/FI_run_T31_SReStar_tauGL_u_imp_10_k_imp_1_e_imp_0_state_iter_10500.dat
iter:  10600 (Jcost: 3.609722e-02) (lr = 2.495e-01) (elapsed time: 6476.661) (secs/iter:  0.585) (n_accepted: 82%) (u_error:  0.928266 %) (beta_change: 16.560687 %) (delta_change:  0.340171 %) (delta_peak/R:  2.663003 %)
iter:  10700 (Jcost: 3.609717e-02) (lr = 2.961e+00) (elapsed time: 6527.833) (secs/iter:  0.512) (n_accepted: 82%) (u_error:  0.927966 %) (beta_change: 16.616828 %) (delta_change:  0.340336 %) (delta_peak/R:  2.662954 %)
iter:  10800 (Jcost: 3.609714e-02) (lr = 1.838e-01) (elapsed time: 6570.966) (secs/iter:  0.431) (n_accepted: 76%) (u_error:  0.928140 %) (beta_change: 16.654239 %) (delta_change:  0.340432 %) (delta_peak/R:  2.662939 %)
iter:  10900 (Jcost: 3.609709e-02) (lr = 1.578e-01) (elapsed time: 6602.329) (secs/iter:  0.314) (n_accepted: 79%) (u_error:  0.928154 %) (beta_change: 16.709388 %) (delta_change:  0.340571 %) (delta_peak/R:  2.662907 %)
iter:  11000 (Jcost: 3.609705e-02) (lr = 5.645e-02) (elapsed time: 6633.866) (secs/iter:  0.315) (n_accepted: 78%) (u_error:  0.928135 %) (beta_change: 16.761389 %) (delta_change:  0.340700 %) (delta_peak/R:  2.662876 %)
-> Saved file: /media/rafael/DATA/Dropbox/20220924_FIML_solver/data/output/field_inversion/Beta_k/u_imp_10/FI_run_T31_SReStar_tauGL_u_imp_10_k_imp_1_e_imp_0/FI_run_T31_SReStar_tauGL_u_imp_10_k_imp_1_e_imp_0_state_iter_11000.dat
iter:  11100 (Jcost: 3.609701e-02) (lr = 2.019e-02) (elapsed time: 6666.009) (secs/iter:  0.321) (n_accepted: 78%) (u_error:  0.928120 %) (beta_change: 16.823892 %) (delta_change:  0.340852 %) (delta_peak/R:  2.662840 %)
iter:  11200 (Jcost: 3.609696e-02) (lr = 2.396e-01) (elapsed time: 6694.120) (secs/iter:  0.281) (n_accepted: 82%) (u_error:  0.928058 %) (beta_change: 16.880750 %) (delta_change:  0.340989 %) (delta_peak/R:  2.662806 %)
iter:  11300 (Jcost: 3.609693e-02) (lr = 4.935e-01) (elapsed time: 6725.997) (secs/iter:  0.319) (n_accepted: 80%) (u_error:  0.928133 %) (beta_change: 16.922830 %) (delta_change:  0.341089 %) (delta_peak/R:  2.662785 %)
iter:  11400 (Jcost: 3.609690e-02) (lr = 1.765e-01) (elapsed time: 6763.162) (secs/iter:  0.372) (n_accepted: 78%) (u_error:  0.928094 %) (beta_change: 16.973355 %) (delta_change:  0.341207 %) (delta_peak/R:  2.662755 %)
iter:  11500 (Jcost: 3.609687e-02) (lr = 1.515e-01) (elapsed time: 6801.255) (secs/iter:  0.381) (n_accepted: 79%) (u_error:  0.928105 %) (beta_change: 17.018242 %) (delta_change:  0.341311 %) (delta_peak/R:  2.662731 %)
-> Saved file: /media/rafael/DATA/Dropbox/20220924_FIML_solver/data/output/field_inversion/Beta_k/u_imp_10/FI_run_T31_SReStar_tauGL_u_imp_10_k_imp_1_e_imp_0/FI_run_T31_SReStar_tauGL_u_imp_10_k_imp_1_e_imp_0_state_iter_11500.dat
iter:  11600 (Jcost: 3.609683e-02) (lr = 2.258e-02) (elapsed time: 6835.080) (secs/iter:  0.338) (n_accepted: 77%) (u_error:  0.928097 %) (beta_change: 17.067555 %) (delta_change:  0.341423 %) (delta_peak/R:  2.662704 %)
iter:  11700 (Jcost: 3.609681e-02) (lr = 2.680e-01) (elapsed time: 6867.215) (secs/iter:  0.321) (n_accepted: 82%) (u_error:  0.928112 %) (beta_change: 17.098780 %) (delta_change:  0.341494 %) (delta_peak/R:  2.662688 %)
iter:  11800 (Jcost: 3.609678e-02) (lr = 2.300e-01) (elapsed time: 6904.410) (secs/iter:  0.372) (n_accepted: 79%) (u_error:  0.928092 %) (beta_change: 17.143595 %) (delta_change:  0.341594 %) (delta_peak/R:  2.662663 %)
iter:  11900 (Jcost: 3.609675e-02) (lr = 3.428e-02) (elapsed time: 6954.683) (secs/iter:  0.503) (n_accepted: 77%) (u_error:  0.928075 %) (beta_change: 17.198802 %) (delta_change:  0.341715 %) (delta_peak/R:  2.662633 %)
iter:  12000 (Jcost: 3.609672e-02) (lr = 7.062e-02) (elapsed time: 6986.145) (secs/iter:  0.315) (n_accepted: 80%) (u_error:  0.928002 %) (beta_change: 17.240826 %) (delta_change:  0.341806 %) (delta_peak/R:  2.662608 %)
-> Saved file: /media/rafael/DATA/Dropbox/20220924_FIML_solver/data/output/field_inversion/Beta_k/u_imp_10/FI_run_T31_SReStar_tauGL_u_imp_10_k_imp_1_e_imp_0/FI_run_T31_SReStar_tauGL_u_imp_10_k_imp_1_e_imp_0_state_iter_12000.dat
iter:  12100 (Jcost: 3.609670e-02) (lr = 1.455e-01) (elapsed time: 7023.673) (secs/iter:  0.375) (n_accepted: 80%) (u_error:  0.928091 %) (beta_change: 17.275620 %) (delta_change:  0.341882 %) (delta_peak/R:  2.662593 %)
iter:  12200 (Jcost: 3.609667e-02) (lr = 2.168e-02) (elapsed time: 7073.711) (secs/iter:  0.500) (n_accepted: 77%) (u_error:  0.928084 %) (beta_change: 17.317160 %) (delta_change:  0.341970 %) (delta_peak/R:  2.662571 %)
iter:  12300 (Jcost: 3.609665e-02) (lr = 4.467e-02) (elapsed time: 7104.442) (secs/iter:  0.307) (n_accepted: 80%) (u_error:  0.928092 %) (beta_change: 17.360362 %) (delta_change:  0.342061 %) (delta_peak/R:  2.662549 %)
iter:  12400 (Jcost: 3.609662e-02) (lr = 9.202e-02) (elapsed time: 7144.398) (secs/iter:  0.400) (n_accepted: 80%) (u_error:  0.928154 %) (beta_change: 17.405020 %) (delta_change:  0.342154 %) (delta_peak/R:  2.662529 %)
iter:  12500 (Jcost: 3.609660e-02) (lr = 4.550e-01) (elapsed time: 7175.077) (secs/iter:  0.307) (n_accepted: 81%) (u_error:  0.928204 %) (beta_change: 17.445091 %) (delta_change:  0.342236 %) (delta_peak/R:  2.662511 %)
-> Saved file: /media/rafael/DATA/Dropbox/20220924_FIML_solver/data/output/field_inversion/Beta_k/u_imp_10/FI_run_T31_SReStar_tauGL_u_imp_10_k_imp_1_e_imp_0/FI_run_T31_SReStar_tauGL_u_imp_10_k_imp_1_e_imp_0_state_iter_12500.dat
iter:  12600 (Jcost: 3.609658e-02) (lr = 3.906e-01) (elapsed time: 7207.528) (secs/iter:  0.325) (n_accepted: 79%) (u_error:  0.928076 %) (beta_change: 17.473040 %) (delta_change:  0.342293 %) (delta_peak/R:  2.662492 %)
iter:  12700 (Jcost: 3.609656e-02) (lr = 5.821e-02) (elapsed time: 7239.288) (secs/iter:  0.318) (n_accepted: 77%) (u_error:  0.928091 %) (beta_change: 17.516686 %) (delta_change:  0.342381 %) (delta_peak/R:  2.662471 %)
iter:  12800 (Jcost: 3.609654e-02) (lr = 2.082e-02) (elapsed time: 7274.991) (secs/iter:  0.357) (n_accepted: 78%) (u_error:  0.928071 %) (beta_change: 17.552734 %) (delta_change:  0.342452 %) (delta_peak/R:  2.662452 %)
iter:  12900 (Jcost: 3.609652e-02) (lr = 1.787e-02) (elapsed time: 7305.750) (secs/iter:  0.308) (n_accepted: 79%) (u_error:  0.928071 %) (beta_change: 17.591871 %) (delta_change:  0.342526 %) (delta_peak/R:  2.662434 %)
iter:  13000 (Jcost: 3.609649e-02) (lr = 1.221e+00) (elapsed time: 7333.753) (secs/iter:  0.280) (n_accepted: 84%) (u_error:  0.928191 %) (beta_change: 17.643389 %) (delta_change:  0.342617 %) (delta_peak/R:  2.662416 %)
-> Saved file: /media/rafael/DATA/Dropbox/20220924_FIML_solver/data/output/field_inversion/Beta_k/u_imp_10/FI_run_T31_SReStar_tauGL_u_imp_10_k_imp_1_e_imp_0/FI_run_T31_SReStar_tauGL_u_imp_10_k_imp_1_e_imp_0_state_iter_13000.dat
iter:  13100 (Jcost: 3.609648e-02) (lr = 4.369e-01) (elapsed time: 7367.146) (secs/iter:  0.334) (n_accepted: 78%) (u_error:  0.928073 %) (beta_change: 17.671882 %) (delta_change:  0.342666 %) (delta_peak/R:  2.662399 %)
iter:  13200 (Jcost: 3.609646e-02) (lr = 2.713e-02) (elapsed time: 7397.666) (secs/iter:  0.305) (n_accepted: 76%) (u_error:  0.928031 %) (beta_change: 17.712825 %) (delta_change:  0.342736 %) (delta_peak/R:  2.662380 %)
iter:  13300 (Jcost: 3.609644e-02) (lr = 1.341e-01) (elapsed time: 7427.848) (secs/iter:  0.302) (n_accepted: 81%) (u_error:  0.928159 %) (beta_change: 17.753316 %) (delta_change:  0.342805 %) (delta_peak/R:  2.662368 %)
iter:  13400 (Jcost: 3.609643e-02) (lr = 6.632e-01) (elapsed time: 7457.670) (secs/iter:  0.298) (n_accepted: 81%) (u_error:  0.928072 %) (beta_change: 17.781614 %) (delta_change:  0.342852 %) (delta_peak/R:  2.662352 %)
iter:  13500 (Jcost: 3.609642e-02) (lr = 2.372e-01) (elapsed time: 7487.852) (secs/iter:  0.302) (n_accepted: 78%) (u_error:  0.928054 %) (beta_change: 17.818264 %) (delta_change:  0.342913 %) (delta_peak/R:  2.662336 %)
-> Saved file: /media/rafael/DATA/Dropbox/20220924_FIML_solver/data/output/field_inversion/Beta_k/u_imp_10/FI_run_T31_SReStar_tauGL_u_imp_10_k_imp_1_e_imp_0/FI_run_T31_SReStar_tauGL_u_imp_10_k_imp_1_e_imp_0_state_iter_13500.dat
iter:  13600 (Jcost: 3.609640e-02) (lr = 8.484e-02) (elapsed time: 7521.640) (secs/iter:  0.338) (n_accepted: 78%) (u_error:  0.928054 %) (beta_change: 17.852392 %) (delta_change:  0.342969 %) (delta_peak/R:  2.662322 %)
iter:  13700 (Jcost: 3.609639e-02) (lr = 7.282e-02) (elapsed time: 7552.278) (secs/iter:  0.306) (n_accepted: 79%) (u_error:  0.928143 %) (beta_change: 17.888082 %) (delta_change:  0.343028 %) (delta_peak/R:  2.662311 %)
iter:  13800 (Jcost: 3.609638e-02) (lr = 8.642e-01) (elapsed time: 7581.796) (secs/iter:  0.295) (n_accepted: 82%) (u_error:  0.928045 %) (beta_change: 17.917582 %) (delta_change:  0.343075 %) (delta_peak/R:  2.662295 %)
iter:  13900 (Jcost: 3.609636e-02) (lr = 3.091e-01) (elapsed time: 7611.869) (secs/iter:  0.301) (n_accepted: 78%) (u_error:  0.928067 %) (beta_change: 17.950711 %) (delta_change:  0.343128 %) (delta_peak/R:  2.662283 %)
iter:  14000 (Jcost: 3.609635e-02) (lr = 4.606e-02) (elapsed time: 7643.148) (secs/iter:  0.313) (n_accepted: 77%) (u_error:  0.928038 %) (beta_change: 17.983485 %) (delta_change:  0.343180 %) (delta_peak/R:  2.662268 %)
-> Saved file: /media/rafael/DATA/Dropbox/20220924_FIML_solver/data/output/field_inversion/Beta_k/u_imp_10/FI_run_T31_SReStar_tauGL_u_imp_10_k_imp_1_e_imp_0/FI_run_T31_SReStar_tauGL_u_imp_10_k_imp_1_e_imp_0_state_iter_14000.dat
iter:  14100 (Jcost: 3.609634e-02) (lr = 3.954e-02) (elapsed time: 7677.037) (secs/iter:  0.339) (n_accepted: 79%) (u_error:  0.928058 %) (beta_change: 18.016059 %) (delta_change:  0.343231 %) (delta_peak/R:  2.662256 %)
iter:  14200 (Jcost: 3.609633e-02) (lr = 4.692e-01) (elapsed time: 7716.999) (secs/iter:  0.400) (n_accepted: 82%) (u_error:  0.928113 %) (beta_change: 18.048757 %) (delta_change:  0.343281 %) (delta_peak/R:  2.662245 %)
iter:  14246 (Jcost: 3.609632e-02) (lr = 5.073e-11) (elapsed time: 7730.621) (secs/iter:  0.296) (n_accepted: 23%) (u_error:  0.928043 %) (beta_change: 18.049105 %) (delta_change:  0.343282 %) (delta_peak/R:  2.662242 %)
-> Saved file: /media/rafael/DATA/Dropbox/20220924_FIML_solver/data/output/field_inversion/Beta_k/u_imp_10/FI_run_T31_SReStar_tauGL_u_imp_10_k_imp_1_e_imp_0/FI_run_T31_SReStar_tauGL_u_imp_10_k_imp_1_e_imp_0_state_iter_14246.dat
