# ------------------------------------------------------------------------
#                  Input Arguments
# ------------------------------------------------------------------------
# Begin_Input_Arguments
{ 'all_b_mode': ['Beta_k', 'Beta_e'],
  'args_mk_solver': { 'torch': "<module 'torch' from "
                               "'/home/rafael/anaconda3/lib/python3.9/site-packages/torch/__init__.py'>",
                      'y_grid': [0.0, 0.000309700312, 0.000638645973, 0.00098802599, 0.00135910194, 0.00175321227, 0.00217177688, 0.00261630193, 0.00308838486, 0.00358971984, 0.00412210331, 0.00468744001, 0.00528774917, 0.00592517114, 0.00660197432, 0.0073205624, 0.00808348206, 0.00889343092, 0.00975326602, 0.0106660126, 0.0116348733, 0.0126632377, 0.0137546927, 0.0149130326, 0.0161422702, 0.0174466482, 0.0188306506, 0.0202990157, 0.0218567475, 0.02350913, 0.0252617393, 0.0271204584, 0.0290914903, 0.0311813732, 0.033396994, 0.0357456039, 0.0382348325, 0.0408727029, 0.0436676462, 0.0466285159, 0.0497646022, 0.0530856456, 0.0566018496, 0.0603238931, 0.0642629411, 0.068430655, 0.0728392004, 0.0775012535, 0.0824300053, 0.0876391634, 0.0931429507, 0.0989561006, 0.105093849, 0.111571922, 0.118406518, 0.125614286, 0.133212296, 0.141218006, 0.14964922, 0.158524039, 0.167860801, 0.177678022, 0.187994313, 0.1988283, 0.21019853, 0.222123362, 0.234620856, 0.247708641, 0.261403784, 0.275722637, 0.290680679, 0.306292354, 0.322570888, 0.339528108, 0.357174255, 0.375517785, 0.394565175, 0.414320726, 0.43478637, 0.45596148, 0.47784269, 0.500423731, 0.523695275, 0.547644806, 0.572256506, 0.597511177, 0.623386184, 0.649855436, 0.676889401, 0.704455158, 0.73251649, 0.761034018, 0.789965372, 0.819265404, 0.848886442, 0.878778572, 0.908889961, 0.939167201, 0.969555687, 1.0],
                      'Ret': 395,
                      'cp': 1.0,
                      'A_sca_rho': 1.0,
                      'A_sca_mu': 0.002531645569620253,
                      'A_sca_k': 0.002531645569620253,
                      'b_exp_rho': 0,
                      'b_exp_mu': 0,
                      'b_exp_k': 1,
                      'tensor_device': 'cpu',
                      'as_tensor': '<function '
                                   'Build_arguments_fi_run._mk_args_MK_solver.<locals>.<lambda> '
                                   'at 0x7f11d9f305e0>',
                      'ref_dns': { 'u_dns': [-2.3228473061543783e-17, 0.12120897241779903, 0.24963366406792814, 0.385760173731681, 0.5301255333528029, 0.6833266741602049, 0.8460313269290284, 1.0189912416851359, 1.2030582166782495, 1.399203618414759, 1.6085388882129206, 1.8319530572969307, 2.0695623693917686, 2.3211155109883452, 2.585970977141617, 2.8632261027067893, 3.1532476242156777, 3.4572271435797384, 3.7766726257305394, 4.112559341918521, 4.463387760096723, 4.8263857459200645, 5.198768286231356, 5.581379272325309, 5.976646674886434, 6.385433071405985, 6.80391795522469, 7.226764122253503, 7.649901032905433, 8.06960916465154, 8.484076817316788, 8.893236678585827, 9.297501443687931, 9.69697428359126, 10.085399792471316, 10.456189190588123, 10.812185464645264, 11.154472944678375, 11.480936925568264, 11.791833070674514, 12.087065026602426, 12.366482869153039, 12.631286068106311, 12.882258652224513, 13.119961213604833, 13.344821520768003, 13.55724950045734, 13.757416018856578, 13.945160817811159, 14.122809478312888, 14.291765714683942, 14.451203144215272, 14.6052609086555, 14.751061523193256, 14.89266547364898, 15.03060517580052, 15.164524954518283, 15.296503462671447, 15.426128612080682, 15.555064507950096, 15.681425283622357, 15.808775270276096, 15.93889492077305, 16.07248699672032, 16.20756906049197, 16.343172094909438, 16.478394018957125, 16.613769127562318, 16.747356562706436, 16.87858302596123, 17.00705074357985, 17.129396620705403, 17.24302385796549, 17.354769392618273, 17.46364630261899, 17.57268785519854, 17.690584761998466, 17.81280738056884, 17.93350392042932, 18.04965474747048, 18.168216226397575, 18.29806078650121, 18.436443178830523, 18.572098028257816, 18.696291827371034, 18.816692095672348, 18.938491455943257, 19.05498853637071, 19.164563530877313, 19.27271549358156, 19.378541572407027, 19.482540544845534, 19.578868800024356, 19.667598589698414, 19.748733875035352, 19.823327089409045, 19.88743001161854, 19.937079044774507, 19.97186495343536, 19.984996608927638],
                                   'T_dns': [1.0, 1.0053616812117114, 1.011008037055675, 1.0169543072516554, 1.0232171312660527, 1.029814845276121, 1.0367678550478205, 1.0440991012461307, 1.051834638418602, 1.0600043572743114, 1.068642761163072, 1.0777755042579202, 1.0873989639371429, 1.097495441198948, 1.1080324801302974, 1.1189676786052318, 1.1303044741755737, 1.1420762542523906, 1.1543282410492195, 1.1670880524604208, 1.1802978147596477, 1.193857591040157, 1.2076713429076056, 1.2217779291482673, 1.2362803370445599, 1.2512246971399998, 1.2664773197463968, 1.2818511085259554, 1.2972059646015688, 1.3124186785619993, 1.3274508892615648, 1.3423412400304322, 1.357121654138688, 1.3717933085134166, 1.3861308610679541, 1.399901602133968, 1.4132225807738208, 1.4261315898979405, 1.4385447657053423, 1.4505095490656459, 1.4620137300836884, 1.473016049355302, 1.483564799391626, 1.4936877698219686, 1.5033652877498427, 1.5126035382931544, 1.5214654672490275, 1.5299421860558213, 1.5379834454221615, 1.5456786908520155, 1.553091176361463, 1.560243258714368, 1.5670831095016218, 1.5738679980526182, 1.5804190797409692, 1.5869403253849066, 1.593313431788783, 1.5995443097247084, 1.6056201034843296, 1.6115904262393879, 1.617405104603542, 1.623235825649594, 1.6291052332435587, 1.6347520656392438, 1.6402727404069557, 1.6457886228746768, 1.6514420231729505, 1.65702206379948, 1.6623649131826939, 1.66774718177592, 1.6731423209494598, 1.6784646593025903, 1.6836270638327984, 1.6887240691105778, 1.6936545974920814, 1.6981963553310468, 1.7025832106066034, 1.7070611498979087, 1.7115873253867802, 1.716046245952106, 1.7204119173234318, 1.7248956390280754, 1.7294144040505823, 1.7339467039089398, 1.7384494029589823, 1.742820551049879, 1.746965536244865, 1.7510937752986415, 1.75502012810371, 1.7587726047664902, 1.7621548682637123, 1.7653968796694124, 1.7682873000917791, 1.7708334323930166, 1.7731584138305112, 1.775032114100666, 1.7764126571566647, 1.7773783784858845, 1.7780015264130704, 1.7782529066643402],
                                   'mu_dns': [0.002531645569620253, 0.002531645569620253, 0.002531645569620253, 0.002531645569620253, 0.002531645569620253, 0.002531645569620253, 0.002531645569620253, 0.002531645569620253, 0.002531645569620253, 0.002531645569620253, 0.002531645569620253, 0.002531645569620253, 0.002531645569620253, 0.002531645569620253, 0.002531645569620253, 0.002531645569620253, 0.002531645569620253, 0.002531645569620253, 0.002531645569620253, 0.002531645569620253, 0.002531645569620253, 0.002531645569620253, 0.002531645569620253, 0.002531645569620253, 0.002531645569620253, 0.002531645569620253, 0.002531645569620253, 0.002531645569620253, 0.002531645569620253, 0.002531645569620253, 0.002531645569620253, 0.002531645569620253, 0.002531645569620253, 0.002531645569620253, 0.002531645569620253, 0.002531645569620253, 0.002531645569620253, 0.002531645569620253, 0.002531645569620253, 0.002531645569620253, 0.002531645569620253, 0.002531645569620253, 0.002531645569620253, 0.002531645569620253, 0.002531645569620253, 0.002531645569620253, 0.002531645569620253, 0.002531645569620253, 0.002531645569620253, 0.002531645569620253, 0.002531645569620253, 0.002531645569620253, 0.002531645569620253, 0.002531645569620253, 0.002531645569620253, 0.002531645569620253, 0.002531645569620253, 0.002531645569620253, 0.002531645569620253, 0.002531645569620253, 0.002531645569620253, 0.002531645569620253, 0.002531645569620253, 0.002531645569620253, 0.002531645569620253, 0.002531645569620253, 0.002531645569620253, 0.002531645569620253, 0.002531645569620253, 0.002531645569620253, 0.002531645569620253, 0.002531645569620253, 0.002531645569620253, 0.002531645569620253, 0.002531645569620253, 0.002531645569620253, 0.002531645569620253, 0.002531645569620253, 0.002531645569620253, 0.002531645569620253, 0.002531645569620253, 0.002531645569620253, 0.002531645569620253, 0.002531645569620253, 0.002531645569620253, 0.002531645569620253, 0.002531645569620253, 0.002531645569620253, 0.002531645569620253, 0.002531645569620253, 0.002531645569620253, 0.002531645569620253, 0.002531645569620253, 0.002531645569620253, 0.002531645569620253, 0.002531645569620253, 0.002531645569620253, 0.002531645569620253, 0.002531645569620253, 0.002531645569620253],
                                   'rho_dns': [1.0, 1.0, 1.0, 1.0, 1.0, 1.0, 1.0, 1.0, 1.0, 1.0, 1.0, 1.0, 1.0, 1.0, 1.0, 1.0, 1.0, 1.0, 1.0, 1.0, 1.0, 1.0, 1.0, 1.0, 1.0, 1.0, 1.0, 1.0, 1.0, 1.0, 1.0, 1.0, 1.0, 1.0, 1.0, 1.0, 1.0, 1.0, 1.0, 1.0, 1.0, 1.0, 1.0, 1.0, 1.0, 1.0, 1.0, 1.0, 1.0, 1.0, 1.0, 1.0, 1.0, 1.0, 1.0, 1.0, 1.0, 1.0, 1.0, 1.0, 1.0, 1.0, 1.0, 1.0, 1.0, 1.0, 1.0, 1.0, 1.0, 1.0, 1.0, 1.0, 1.0, 1.0, 1.0, 1.0, 1.0, 1.0, 1.0, 1.0, 1.0, 1.0, 1.0, 1.0, 1.0, 1.0, 1.0, 1.0, 1.0, 1.0, 1.0, 1.0, 1.0, 1.0, 1.0, 1.0, 1.0, 1.0, 1.0, 1.0]},
                      'case': 'T61_VLambdaSPrStar_LL',
                      'constant_Sq_heat': 0.04443037974683545,
                      'use_visc_heating': False,
                      'Pr_turb': 1.0,
                      'fprint': '<function '
                                'Build_arguments_fi_run._mk_args_MK_solver.<locals>.<lambda> '
                                'at 0x7f11d9f304c0>',
                      'compressible_correction': False,
                      'bool_solve_energy': False,
                      'output_last': False},
  'u_imp': 0.1,
  'k_imp': 1,
  'e_imp': 1,
  'solve_sparse_adj': True,
  'all_ref_beta_distrib': {'K': [1.0, 0.9999854, 0.99997039, 0.99995519, 0.99993993, 0.99992482, 0.99991012, 0.99989618, 0.99988343, 0.99987236, 0.99986359, 0.99985778, 0.9998557, 0.9998582, 0.9998662, 0.99988071, 0.99990284, 0.99993377, 0.99997478, 1.00002726, 1.00009266, 1.00017236, 1.00026746, 1.00037851, 1.00050535, 1.00064711, 1.00080247, 1.00097, 1.00114884, 1.00133891, 1.00153938, 1.00174774, 1.00196096, 1.0021764, 1.00239184, 1.00260536, 1.00281514, 1.00301939, 1.00321628, 1.00340388, 1.00358015, 1.0037429, 1.00388984, 1.0040185, 1.00412631, 1.00421057, 1.00426847, 1.00429716, 1.00429372, 1.00425521, 1.0041787, 1.00406125, 1.00389997, 1.00369202, 1.00343458, 1.00312491, 1.00276029, 1.00233808, 1.00185577, 1.00131107, 1.00070211, 1.00002786, 0.99928843, 0.99848569, 0.99762369, 0.99670914, 0.99575176, 0.99476461, 0.99376481, 0.99277423, 0.99182054, 0.99093833, 0.99017002, 0.98956596, 0.98918394, 0.98908829, 0.98934799, 0.99003563, 0.99122744, 0.99300141, 0.99543091, 0.99857376, 1.0024607, 1.00708518, 1.01238941, 1.01824305, 1.02442565, 1.03063198, 1.03649879, 1.04164442, 1.04572557, 1.04850284, 1.04989405, 1.04999491, 1.0490593, 1.04745252, 1.04559222, 1.0438873, 1.0426821, 1.02109405], 'E': [1.0, 0.99999472, 0.99999131, 0.9999872, 0.99998225, 0.99997628, 0.99996911, 0.9999605, 0.99995016, 0.99993778, 0.99992297, 0.99990528, 0.9998842, 0.99985917, 0.99982958, 0.99979493, 0.99975494, 0.99970988, 0.99966068, 0.99960838, 0.99955208, 0.99948634, 0.99940167, 0.9992902, 0.99915024, 0.9989817, 0.99878142, 0.99854443, 0.99826554, 0.99793965, 0.99756171, 0.9971264, 0.99662809, 0.99606086, 0.99541869, 0.9946956, 0.99388605, 0.99298523, 0.99198964, 0.99089766, 0.98971025, 0.98843186, 0.98707146, 0.98564375, 0.9841705, 0.98268222, 0.98121992, 0.97983731, 0.97860332, 0.97760524, 0.97695253, 0.97678161, 0.97726187, 0.97860345, 0.98106763, 0.98498155, 0.9907619, 0.99895619, 1.01028155, 1.02553689, 1.04522754, 1.06901474, 1.09543589, 1.12219545, 1.14684328, 1.16740776, 1.1827059, 1.19232966, 1.1964484, 1.19557361, 1.19036646, 1.18151045, 1.16964786, 1.15536389, 1.13919103, 1.12162054, 1.10311659, 1.08411773, 1.06503204, 1.04624432, 1.02813178, 1.01106942, 0.99540904, 0.98144511, 0.96939896, 0.95942881, 0.95163795, 0.94606008, 0.94264702, 0.9412704, 0.94171942, 0.9436978, 0.94683162, 0.95069482, 0.95484823, 0.95887703, 0.96241915, 0.96518348, 0.96695883, 0.9838168]},
  'all_ref_delta_distrib': {'K': [-0.0, 0.00044270127708726447, 0.000908118237713806, 0.0013925317036988937, 0.001895541448786579, 0.002414688474532475, 0.002946098745037962, 0.003482774013025619, 0.0040142466985224985, 0.004526384615155848, 0.00499773367781701, 0.0054010618982880875, 0.005698867905743451, 0.005841971817218752, 0.00576710848702635, 0.005393030425853534, 0.004616861509830326, 0.0033127557784173463, 0.0013289059546385284, -0.0015131924565525243, -0.005414327071946452, -0.010585232897300945, -0.017222338528799765, -0.025466293874462, -0.03535413000856697, -0.04678367603555247, -0.05951360602607456, -0.07319302706209362, -0.08743926370347858, -0.10189364386616674, -0.116143575406145, -0.12968890131420327, -0.1420658169959864, -0.1529362262923577, -0.1620919040791271, -0.16943502379088807, -0.17494788312012308, -0.17867106587158466, -0.18068340818419376, -0.1810858743746158, -0.17999165029761463, -0.1775175119837067, -0.1737820229586879, -0.16889910746710185, -0.16298043999087897, -0.1561333678668823, -0.14846160542769282, -0.14006763608657388, -0.13105140207780433, -0.12151184003497137, -0.11154738934033145, -0.10125500990748514, -0.09073131389944682, -0.08007179862927738, -0.06936947048403648, -0.058715350855441696, -0.048196257191447905, -0.037894842611081725, -0.02788880044771475, -0.018250012235244223, -0.009044205299875418, -0.00033185738773721133, 0.007833957847190341, 0.01540607142511309, 0.02234358603261445, 0.02861022027370586, 0.03417290632608252, 0.03900001140679014, 0.04305700160201273, 0.04630400683487023, 0.04869263137359876, 0.05016438323547422, 0.05065184053476368, 0.050084498216920965, 0.048396333705776874, 0.045533464292875574, 0.04146390196033487, 0.0361814882919241, 0.029705434674602536, 0.02208677977518468, 0.013426222486955257, 0.003897142409734463, -0.006241569831618237, -0.01664690042620986, -0.026893796481937956, -0.036474706120691855, -0.04482423355849644, -0.05139421290344022, -0.05574978151028891, -0.05765186332350527, -0.057120021269252835, -0.05445368739158805, -0.05019086271828302, -0.045008292189375805, -0.03959490641699393, -0.034544796323606, -0.030296638390214847, -0.027124383820862977, -0.025168157142518965, -0.01223531007332405], 'E': [-0.0, 0.0034908148456404215, 0.0076878605785077655, 0.012741303210725544, 0.018852902294161644, 0.02629600719110212, 0.035380830131450734, 0.046532075154210845, 0.06029799124398641, 0.0773362531359461, 0.09851461883769602, 0.12492716383494178, 0.15794757477287694, 0.1992947921589558, 0.25116446555101546, 0.31622474940654594, 0.3978224195929497, 0.49999492834584996, 0.6276302548225868, 0.7864975793645523, 0.9833445888550658, 1.2258755134581456, 1.5224851988822525, 1.881602625822596, 2.3094026317053857, 2.808394643417287, 3.3773708444750445, 4.010810511903729, 4.697654471785892, 5.421776639597761, 6.163774872902738, 6.903746067316174, 7.6230768716001664, 8.305629176504176, 8.938080039614979, 9.510048324821797, 10.013551610212128, 10.442711282686377, 10.793090672244178, 11.061308827818813, 11.244705343357243, 11.34101147945692, 11.34817263295954, 11.26424768260276, 11.087426484523956, 10.816010043672172, 10.44855724507735, 9.983957711065552, 9.421569654898505, 8.7613060504528, 8.003731839558364, 7.150121315075814, 6.202492716035036, 5.16356268128977, 4.0365643618175, 2.8247865521149986, 1.5303938744294001, 0.15204728922314809, -1.3146966548287369, -2.861893400036426, -4.436142179175498, -5.918544061550683, -7.152003632751305, -8.002986667341842, -8.411120395971107, -8.397900488532143, -8.042118499784953, -7.445597539143163, -6.706281522049382, -5.904042252106574, -5.096805113661571, -4.322533560702211, -3.603636321457327, -2.9516391223193246, -2.3709541215018364, -1.8615997589998636, -1.4210621941720434, -1.045352103875396, -0.7296334649134952, -0.46876450478766, -0.2576984284070273, -0.09160457636488922, 0.034290320748327406, 0.12488739148411872, 0.18518525005871345, 0.2200922724364655, 0.2343150685324376, 0.2323808080824151, 0.21860129288055033, 0.19695479573087327, 0.17098881785862288, 0.14372914537189674, 0.11757986388193263, 0.09424207019612024, 0.07470013623220086, 0.059308934757021106, 0.04796085834871527, 0.04028927854345844, 0.03586651717263296, 0.017172515478894323]},
  'fname_print': '/media/rafael/DATA/Dropbox/20220924_FIML_solver/data/output/field_inversion/Beta_k__1__Beta_e__1/u_imp_0.1/FI_run_T61_VLambdaSPrStar_LL_u_imp_0.1_k_imp_1_e_imp_1/FI_run_T61_VLambdaSPrStar_LL_u_imp_0.1_k_imp_1_e_imp_1.log',
  'folder': '/media/rafael/DATA/Dropbox/20220924_FIML_solver/data/output/field_inversion/Beta_k__1__Beta_e__1/u_imp_0.1/FI_run_T61_VLambdaSPrStar_LL_u_imp_0.1_k_imp_1_e_imp_1',
  'iters_limit': 15000}
# End_Input_Arguments

# ------------------------------------------------------------------------
#                  Iterations
# ------------------------------------------------------------------------

iter:      0 (Jcost: 2.263694e-03) (lr = 1.000e-03) (elapsed time:  0.002) (secs/iter:   None) (n_accepted: 0%) (u_error:  3.254028 %) (beta_change: 12.322165 %) (delta_change:  0.249390 %) (delta_peak/R:  0.000000 %)
-> Saved file: /media/rafael/DATA/Dropbox/20220924_FIML_solver/data/output/field_inversion/Beta_k__1__Beta_e__1/u_imp_0.1/FI_run_T61_VLambdaSPrStar_LL_u_imp_0.1_k_imp_1_e_imp_1/FI_run_T61_VLambdaSPrStar_LL_u_imp_0.1_k_imp_1_e_imp_1_state_iter_0.dat
iter:    100 (Jcost: 1.546619e-03) (lr = 1.890e+00) (elapsed time: 80.066) (secs/iter:  0.801) (n_accepted: 88%) (u_error:  2.797579 %) (beta_change: 10.132299 %) (delta_change:  0.143083 %) (delta_peak/R:  0.225791 %)
iter:    200 (Jcost: 1.485875e-03) (lr = 1.622e+00) (elapsed time: 163.898) (secs/iter:  0.838) (n_accepted: 79%) (u_error:  2.741959 %) (beta_change:  8.470036 %) (delta_change:  0.093067 %) (delta_peak/R:  0.231556 %)
iter:    300 (Jcost: 1.459893e-03) (lr = 3.342e+00) (elapsed time: 256.529) (secs/iter:  0.926) (n_accepted: 80%) (u_error:  2.715716 %) (beta_change:  7.153087 %) (delta_change:  0.075020 %) (delta_peak/R:  0.235106 %)
iter:    400 (Jcost: 1.442997e-03) (lr = 4.980e-01) (elapsed time: 349.199) (secs/iter:  0.927) (n_accepted: 77%) (u_error:  2.710487 %) (beta_change:  6.025478 %) (delta_change:  0.061265 %) (delta_peak/R:  0.234463 %)
iter:    500 (Jcost: 1.429988e-03) (lr = 1.026e+00) (elapsed time: 437.551) (secs/iter:  0.884) (n_accepted: 80%) (u_error:  2.696294 %) (beta_change:  4.984616 %) (delta_change:  0.049265 %) (delta_peak/R:  0.236816 %)
-> Saved file: /media/rafael/DATA/Dropbox/20220924_FIML_solver/data/output/field_inversion/Beta_k__1__Beta_e__1/u_imp_0.1/FI_run_T61_VLambdaSPrStar_LL_u_imp_0.1_k_imp_1_e_imp_1/FI_run_T61_VLambdaSPrStar_LL_u_imp_0.1_k_imp_1_e_imp_1_state_iter_500.dat
iter:    600 (Jcost: 1.419533e-03) (lr = 2.114e+00) (elapsed time: 530.901) (secs/iter:  0.934) (n_accepted: 80%) (u_error:  2.700736 %) (beta_change:  4.031584 %) (delta_change:  0.039045 %) (delta_peak/R:  0.234767 %)
iter:    700 (Jcost: 1.411710e-03) (lr = 1.814e+00) (elapsed time: 616.187) (secs/iter:  0.853) (n_accepted: 79%) (u_error:  2.688312 %) (beta_change:  3.272578 %) (delta_change:  0.031206 %) (delta_peak/R:  0.237185 %)
iter:    800 (Jcost: 1.404123e-03) (lr = 1.558e+00) (elapsed time: 702.924) (secs/iter:  0.867) (n_accepted: 79%) (u_error:  2.683575 %) (beta_change:  2.462660 %) (delta_change:  0.023235 %) (delta_peak/R:  0.237694 %)
iter:    900 (Jcost: 1.398002e-03) (lr = 3.209e+00) (elapsed time: 790.720) (secs/iter:  0.878) (n_accepted: 80%) (u_error:  2.679351 %) (beta_change:  1.766831 %) (delta_change:  0.016856 %) (delta_peak/R:  0.238184 %)
iter:   1000 (Jcost: 1.392003e-03) (lr = 1.148e+00) (elapsed time: 875.426) (secs/iter:  0.847) (n_accepted: 78%) (u_error:  2.680700 %) (beta_change:  1.053246 %) (delta_change:  0.012659 %) (delta_peak/R:  0.237274 %)
-> Saved file: /media/rafael/DATA/Dropbox/20220924_FIML_solver/data/output/field_inversion/Beta_k__1__Beta_e__1/u_imp_0.1/FI_run_T61_VLambdaSPrStar_LL_u_imp_0.1_k_imp_1_e_imp_1/FI_run_T61_VLambdaSPrStar_LL_u_imp_0.1_k_imp_1_e_imp_1_state_iter_1000.dat
iter:   1100 (Jcost: 1.387302e-03) (lr = 9.852e-01) (elapsed time: 965.453) (secs/iter:  0.900) (n_accepted: 79%) (u_error:  2.673508 %) (beta_change:  0.596548 %) (delta_change:  0.011125 %) (delta_peak/R:  0.238594 %)
iter:   1200 (Jcost: 1.382741e-03) (lr = 8.457e-01) (elapsed time: 1049.862) (secs/iter:  0.844) (n_accepted: 79%) (u_error:  2.672241 %) (beta_change:  0.478581 %) (delta_change:  0.013558 %) (delta_peak/R:  0.238432 %)
iter:   1300 (Jcost: 1.378766e-03) (lr = 4.181e+00) (elapsed time: 1132.277) (secs/iter:  0.824) (n_accepted: 81%) (u_error:  2.664978 %) (beta_change:  0.801672 %) (delta_change:  0.015230 %) (delta_peak/R:  0.239799 %)
iter:   1400 (Jcost: 1.374877e-03) (lr = 8.614e+00) (elapsed time: 1194.840) (secs/iter:  0.626) (n_accepted: 80%) (u_error:  2.665232 %) (beta_change:  1.350948 %) (delta_change:  0.017627 %) (delta_peak/R:  0.239294 %)
iter:   1500 (Jcost: 1.371354e-03) (lr = 3.081e+00) (elapsed time: 1263.788) (secs/iter:  0.689) (n_accepted: 78%) (u_error:  2.663103 %) (beta_change:  1.880719 %) (delta_change:  0.020050 %) (delta_peak/R:  0.239400 %)
-> Saved file: /media/rafael/DATA/Dropbox/20220924_FIML_solver/data/output/field_inversion/Beta_k__1__Beta_e__1/u_imp_0.1/FI_run_T61_VLambdaSPrStar_LL_u_imp_0.1_k_imp_1_e_imp_1/FI_run_T61_VLambdaSPrStar_LL_u_imp_0.1_k_imp_1_e_imp_1_state_iter_1500.dat
iter:   1600 (Jcost: 1.368128e-03) (lr = 2.645e+00) (elapsed time: 1355.646) (secs/iter:  0.919) (n_accepted: 79%) (u_error:  2.654303 %) (beta_change:  2.394790 %) (delta_change:  0.023393 %) (delta_peak/R:  0.241171 %)
iter:   1700 (Jcost: 1.365134e-03) (lr = 5.448e+00) (elapsed time: 1439.877) (secs/iter:  0.842) (n_accepted: 80%) (u_error:  2.658765 %) (beta_change:  2.867449 %) (delta_change:  0.026346 %) (delta_peak/R:  0.239685 %)
iter:   1800 (Jcost: 1.362537e-03) (lr = 8.120e-01) (elapsed time: 1527.366) (secs/iter:  0.875) (n_accepted: 77%) (u_error:  2.656071 %) (beta_change:  3.298716 %) (delta_change:  0.028975 %) (delta_peak/R:  0.240003 %)
iter:   1900 (Jcost: 1.359957e-03) (lr = 4.015e+00) (elapsed time: 1600.120) (secs/iter:  0.728) (n_accepted: 81%) (u_error:  2.655119 %) (beta_change:  3.742431 %) (delta_change:  0.031573 %) (delta_peak/R:  0.239877 %)
iter:   2000 (Jcost: 1.357464e-03) (lr = 3.446e+00) (elapsed time: 1684.810) (secs/iter:  0.847) (n_accepted: 79%) (u_error:  2.652536 %) (beta_change:  4.183637 %) (delta_change:  0.034042 %) (delta_peak/R:  0.240156 %)
-> Saved file: /media/rafael/DATA/Dropbox/20220924_FIML_solver/data/output/field_inversion/Beta_k__1__Beta_e__1/u_imp_0.1/FI_run_T61_VLambdaSPrStar_LL_u_imp_0.1_k_imp_1_e_imp_1/FI_run_T61_VLambdaSPrStar_LL_u_imp_0.1_k_imp_1_e_imp_1_state_iter_2000.dat
iter:   2100 (Jcost: 1.355053e-03) (lr = 2.958e+00) (elapsed time: 1779.060) (secs/iter:  0.942) (n_accepted: 79%) (u_error:  2.650099 %) (beta_change:  4.622934 %) (delta_change:  0.036390 %) (delta_peak/R:  0.240398 %)
iter:   2200 (Jcost: 1.352953e-03) (lr = 1.058e+00) (elapsed time: 1867.205) (secs/iter:  0.881) (n_accepted: 78%) (u_error:  2.649158 %) (beta_change:  5.016207 %) (delta_change:  0.038397 %) (delta_peak/R:  0.240304 %)
iter:   2300 (Jcost: 1.351038e-03) (lr = 2.180e+00) (elapsed time: 1954.052) (secs/iter:  0.868) (n_accepted: 80%) (u_error:  2.649745 %) (beta_change:  5.388519 %) (delta_change:  0.040203 %) (delta_peak/R:  0.239848 %)
iter:   2400 (Jcost: 1.349138e-03) (lr = 1.078e+01) (elapsed time: 2026.913) (secs/iter:  0.729) (n_accepted: 81%) (u_error:  2.642001 %) (beta_change:  5.765772 %) (delta_change:  0.041966 %) (delta_peak/R:  0.241453 %)
iter:   2500 (Jcost: 1.347379e-03) (lr = 3.855e+00) (elapsed time: 2111.578) (secs/iter:  0.847) (n_accepted: 78%) (u_error:  2.642342 %) (beta_change:  6.116217 %) (delta_change:  0.043622 %) (delta_peak/R:  0.241073 %)
-> Saved file: /media/rafael/DATA/Dropbox/20220924_FIML_solver/data/output/field_inversion/Beta_k__1__Beta_e__1/u_imp_0.1/FI_run_T61_VLambdaSPrStar_LL_u_imp_0.1_k_imp_1_e_imp_1/FI_run_T61_VLambdaSPrStar_LL_u_imp_0.1_k_imp_1_e_imp_1_state_iter_2500.dat
iter:   2600 (Jcost: 1.345638e-03) (lr = 3.309e+00) (elapsed time: 2200.418) (secs/iter:  0.888) (n_accepted: 79%) (u_error:  2.641126 %) (beta_change:  6.475347 %) (delta_change:  0.045257 %) (delta_peak/R:  0.241069 %)
iter:   2700 (Jcost: 1.344023e-03) (lr = 2.840e+00) (elapsed time: 2285.159) (secs/iter:  0.847) (n_accepted: 79%) (u_error:  2.641503 %) (beta_change:  6.814115 %) (delta_change:  0.046741 %) (delta_peak/R:  0.240685 %)
iter:   2800 (Jcost: 1.342441e-03) (lr = 5.851e+00) (elapsed time: 2370.734) (secs/iter:  0.856) (n_accepted: 80%) (u_error:  2.639579 %) (beta_change:  7.154118 %) (delta_change:  0.048172 %) (delta_peak/R:  0.240870 %)
iter:   2900 (Jcost: 1.341006e-03) (lr = 2.093e+00) (elapsed time: 2450.891) (secs/iter:  0.802) (n_accepted: 78%) (u_error:  2.641651 %) (beta_change:  7.480001 %) (delta_change:  0.049460 %) (delta_peak/R:  0.240078 %)
iter:   3000 (Jcost: 1.339626e-03) (lr = 7.485e-01) (elapsed time: 2536.549) (secs/iter:  0.857) (n_accepted: 78%) (u_error:  2.637881 %) (beta_change:  7.792633 %) (delta_change:  0.050637 %) (delta_peak/R:  0.240749 %)
-> Saved file: /media/rafael/DATA/Dropbox/20220924_FIML_solver/data/output/field_inversion/Beta_k__1__Beta_e__1/u_imp_0.1/FI_run_T61_VLambdaSPrStar_LL_u_imp_0.1_k_imp_1_e_imp_1/FI_run_T61_VLambdaSPrStar_LL_u_imp_0.1_k_imp_1_e_imp_1_state_iter_3000.dat
iter:   3100 (Jcost: 1.338344e-03) (lr = 3.701e+00) (elapsed time: 2622.039) (secs/iter:  0.855) (n_accepted: 81%) (u_error:  2.636368 %) (beta_change:  8.093645 %) (delta_change:  0.051720 %) (delta_peak/R:  0.240868 %)
iter:   3200 (Jcost: 1.337044e-03) (lr = 7.625e+00) (elapsed time: 2704.153) (secs/iter:  0.821) (n_accepted: 80%) (u_error:  2.634725 %) (beta_change:  8.405118 %) (delta_change:  0.052900 %) (delta_peak/R:  0.241010 %)
iter:   3300 (Jcost: 1.335914e-03) (lr = 4.735e-01) (elapsed time: 2770.773) (secs/iter:  0.666) (n_accepted: 76%) (u_error:  2.635486 %) (beta_change:  8.680381 %) (delta_change:  0.053933 %) (delta_peak/R:  0.240584 %)
iter:   3400 (Jcost: 1.334783e-03) (lr = 2.341e+00) (elapsed time: 2827.461) (secs/iter:  0.567) (n_accepted: 81%) (u_error:  2.634551 %) (beta_change:  8.961206 %) (delta_change:  0.054957 %) (delta_peak/R:  0.240574 %)
iter:   3500 (Jcost: 1.333723e-03) (lr = 2.009e+00) (elapsed time: 2905.070) (secs/iter:  0.776) (n_accepted: 79%) (u_error:  2.632929 %) (beta_change:  9.228108 %) (delta_change:  0.055900 %) (delta_peak/R:  0.240745 %)
-> Saved file: /media/rafael/DATA/Dropbox/20220924_FIML_solver/data/output/field_inversion/Beta_k__1__Beta_e__1/u_imp_0.1/FI_run_T61_VLambdaSPrStar_LL_u_imp_0.1_k_imp_1_e_imp_1/FI_run_T61_VLambdaSPrStar_LL_u_imp_0.1_k_imp_1_e_imp_1_state_iter_3500.dat
iter:   3600 (Jcost: 1.332694e-03) (lr = 7.187e-01) (elapsed time: 2971.595) (secs/iter:  0.665) (n_accepted: 78%) (u_error:  2.631876 %) (beta_change:  9.492277 %) (delta_change:  0.056806 %) (delta_peak/R:  0.240777 %)
iter:   3700 (Jcost: 1.331614e-03) (lr = 3.554e+00) (elapsed time: 3044.238) (secs/iter:  0.726) (n_accepted: 81%) (u_error:  2.630003 %) (beta_change:  9.774909 %) (delta_change:  0.057743 %) (delta_peak/R:  0.240994 %)
iter:   3800 (Jcost: 1.330655e-03) (lr = 3.050e+00) (elapsed time: 3128.249) (secs/iter:  0.840) (n_accepted: 79%) (u_error:  2.631989 %) (beta_change: 10.031024 %) (delta_change:  0.058564 %) (delta_peak/R:  0.240276 %)
iter:   3900 (Jcost: 1.329696e-03) (lr = 6.284e+00) (elapsed time: 3205.805) (secs/iter:  0.776) (n_accepted: 80%) (u_error:  2.626936 %) (beta_change: 10.290945 %) (delta_change:  0.059371 %) (delta_peak/R:  0.241301 %)
iter:   4000 (Jcost: 1.328867e-03) (lr = 5.394e+00) (elapsed time: 3284.489) (secs/iter:  0.787) (n_accepted: 79%) (u_error:  2.628558 %) (beta_change: 10.513448 %) (delta_change:  0.060101 %) (delta_peak/R:  0.240701 %)
-> Saved file: /media/rafael/DATA/Dropbox/20220924_FIML_solver/data/output/field_inversion/Beta_k__1__Beta_e__1/u_imp_0.1/FI_run_T61_VLambdaSPrStar_LL_u_imp_0.1_k_imp_1_e_imp_1/FI_run_T61_VLambdaSPrStar_LL_u_imp_0.1_k_imp_1_e_imp_1_state_iter_4000.dat
iter:   4100 (Jcost: 1.327941e-03) (lr = 4.631e+00) (elapsed time: 3372.473) (secs/iter:  0.880) (n_accepted: 79%) (u_error:  2.628100 %) (beta_change: 10.770667 %) (delta_change:  0.060980 %) (delta_peak/R:  0.240585 %)
iter:   4200 (Jcost: 1.327168e-03) (lr = 3.975e+00) (elapsed time: 3453.457) (secs/iter:  0.810) (n_accepted: 79%) (u_error:  2.627114 %) (beta_change: 10.988073 %) (delta_change:  0.061709 %) (delta_peak/R:  0.240635 %)
iter:   4300 (Jcost: 1.326370e-03) (lr = 1.422e+00) (elapsed time: 3520.083) (secs/iter:  0.666) (n_accepted: 78%) (u_error:  2.626433 %) (beta_change: 11.215452 %) (delta_change:  0.062457 %) (delta_peak/R:  0.240599 %)
iter:   4400 (Jcost: 1.325548e-03) (lr = 1.220e+00) (elapsed time: 3589.985) (secs/iter:  0.699) (n_accepted: 79%) (u_error:  2.627776 %) (beta_change: 11.457126 %) (delta_change:  0.063235 %) (delta_peak/R:  0.240046 %)
iter:   4500 (Jcost: 1.324841e-03) (lr = 1.048e+00) (elapsed time: 3672.544) (secs/iter:  0.826) (n_accepted: 79%) (u_error:  2.625019 %) (beta_change: 11.660174 %) (delta_change:  0.063878 %) (delta_peak/R:  0.240545 %)
-> Saved file: /media/rafael/DATA/Dropbox/20220924_FIML_solver/data/output/field_inversion/Beta_k__1__Beta_e__1/u_imp_0.1/FI_run_T61_VLambdaSPrStar_LL_u_imp_0.1_k_imp_1_e_imp_1/FI_run_T61_VLambdaSPrStar_LL_u_imp_0.1_k_imp_1_e_imp_1_state_iter_4500.dat
iter:   4600 (Jcost: 1.324077e-03) (lr = 2.158e+00) (elapsed time: 3751.957) (secs/iter:  0.794) (n_accepted: 80%) (u_error:  2.623249 %) (beta_change: 11.887508 %) (delta_change:  0.064582 %) (delta_peak/R:  0.240776 %)
iter:   4700 (Jcost: 1.323344e-03) (lr = 1.853e+00) (elapsed time: 3829.190) (secs/iter:  0.772) (n_accepted: 79%) (u_error:  2.621779 %) (beta_change: 12.109476 %) (delta_change:  0.065299 %) (delta_peak/R:  0.240937 %)
iter:   4800 (Jcost: 1.322627e-03) (lr = 3.817e+00) (elapsed time: 3908.137) (secs/iter:  0.789) (n_accepted: 80%) (u_error:  2.623307 %) (beta_change: 12.325482 %) (delta_change:  0.066011 %) (delta_peak/R:  0.240356 %)
iter:   4900 (Jcost: 1.322002e-03) (lr = 5.688e-01) (elapsed time: 3992.813) (secs/iter:  0.847) (n_accepted: 77%) (u_error:  2.622013 %) (beta_change: 12.517699 %) (delta_change:  0.066725 %) (delta_peak/R:  0.240498 %)
iter:   5000 (Jcost: 1.321376e-03) (lr = 1.172e+00) (elapsed time: 4078.142) (secs/iter:  0.853) (n_accepted: 80%) (u_error:  2.621536 %) (beta_change: 12.712468 %) (delta_change:  0.067465 %) (delta_peak/R:  0.240434 %)
-> Saved file: /media/rafael/DATA/Dropbox/20220924_FIML_solver/data/output/field_inversion/Beta_k__1__Beta_e__1/u_imp_0.1/FI_run_T61_VLambdaSPrStar_LL_u_imp_0.1_k_imp_1_e_imp_1/FI_run_T61_VLambdaSPrStar_LL_u_imp_0.1_k_imp_1_e_imp_1_state_iter_5000.dat
iter:   5100 (Jcost: 1.320751e-03) (lr = 4.191e-01) (elapsed time: 4165.127) (secs/iter:  0.870) (n_accepted: 78%) (u_error:  2.620741 %) (beta_change: 12.909151 %) (delta_change:  0.068237 %) (delta_peak/R:  0.240445 %)
iter:   5200 (Jcost: 1.320142e-03) (lr = 2.072e+00) (elapsed time: 4244.945) (secs/iter:  0.798) (n_accepted: 81%) (u_error:  2.621325 %) (beta_change: 13.103429 %) (delta_change:  0.068987 %) (delta_peak/R:  0.240115 %)
iter:   5300 (Jcost: 1.319598e-03) (lr = 4.269e+00) (elapsed time: 4320.578) (secs/iter:  0.756) (n_accepted: 80%) (u_error:  2.619739 %) (beta_change: 13.277466 %) (delta_change:  0.069652 %) (delta_peak/R:  0.240342 %)
iter:   5400 (Jcost: 1.319017e-03) (lr = 1.527e+00) (elapsed time: 4398.108) (secs/iter:  0.775) (n_accepted: 78%) (u_error:  2.619078 %) (beta_change: 13.466014 %) (delta_change:  0.070362 %) (delta_peak/R:  0.240324 %)
iter:   5500 (Jcost: 1.318473e-03) (lr = 1.311e+00) (elapsed time: 4478.797) (secs/iter:  0.807) (n_accepted: 79%) (u_error:  2.615967 %) (beta_change: 13.650695 %) (delta_change:  0.071049 %) (delta_peak/R:  0.240918 %)
-> Saved file: /media/rafael/DATA/Dropbox/20220924_FIML_solver/data/output/field_inversion/Beta_k__1__Beta_e__1/u_imp_0.1/FI_run_T61_VLambdaSPrStar_LL_u_imp_0.1_k_imp_1_e_imp_1/FI_run_T61_VLambdaSPrStar_LL_u_imp_0.1_k_imp_1_e_imp_1_state_iter_5500.dat
iter:   5600 (Jcost: 1.317955e-03) (lr = 4.688e-01) (elapsed time: 4552.195) (secs/iter:  0.734) (n_accepted: 78%) (u_error:  2.617831 %) (beta_change: 13.815605 %) (delta_change:  0.071649 %) (delta_peak/R:  0.240294 %)
iter:   5700 (Jcost: 1.317426e-03) (lr = 5.563e+00) (elapsed time: 4604.834) (secs/iter:  0.526) (n_accepted: 82%) (u_error:  2.618165 %) (beta_change: 13.992377 %) (delta_change:  0.072285 %) (delta_peak/R:  0.240036 %)
iter:   5800 (Jcost: 1.316908e-03) (lr = 4.775e+00) (elapsed time: 4658.399) (secs/iter:  0.536) (n_accepted: 79%) (u_error:  2.616355 %) (beta_change: 14.166726 %) (delta_change:  0.072940 %) (delta_peak/R:  0.240313 %)
iter:   5900 (Jcost: 1.316463e-03) (lr = 1.708e+00) (elapsed time: 4708.526) (secs/iter:  0.501) (n_accepted: 78%) (u_error:  2.616442 %) (beta_change: 14.317387 %) (delta_change:  0.073526 %) (delta_peak/R:  0.240141 %)
iter:   6000 (Jcost: 1.315944e-03) (lr = 8.444e+00) (elapsed time: 4765.392) (secs/iter:  0.569) (n_accepted: 81%) (u_error:  2.617527 %) (beta_change: 14.497176 %) (delta_change:  0.074219 %) (delta_peak/R:  0.239690 %)
-> Saved file: /media/rafael/DATA/Dropbox/20220924_FIML_solver/data/output/field_inversion/Beta_k__1__Beta_e__1/u_imp_0.1/FI_run_T61_VLambdaSPrStar_LL_u_imp_0.1_k_imp_1_e_imp_1/FI_run_T61_VLambdaSPrStar_LL_u_imp_0.1_k_imp_1_e_imp_1_state_iter_6000.dat
iter:   6100 (Jcost: 1.315486e-03) (lr = 3.020e+00) (elapsed time: 4822.639) (secs/iter:  0.572) (n_accepted: 78%) (u_error:  2.614683 %) (beta_change: 14.653719 %) (delta_change:  0.074921 %) (delta_peak/R:  0.240238 %)
iter:   6200 (Jcost: 1.315045e-03) (lr = 1.080e+00) (elapsed time: 4875.978) (secs/iter:  0.533) (n_accepted: 78%) (u_error:  2.614664 %) (beta_change: 14.818223 %) (delta_change:  0.075604 %) (delta_peak/R:  0.240087 %)
iter:   6300 (Jcost: 1.314593e-03) (lr = 9.273e-01) (elapsed time: 4928.952) (secs/iter:  0.530) (n_accepted: 79%) (u_error:  2.614913 %) (beta_change: 14.988993 %) (delta_change:  0.076309 %) (delta_peak/R:  0.239862 %)
iter:   6400 (Jcost: 1.314150e-03) (lr = 4.585e+00) (elapsed time: 4978.289) (secs/iter:  0.493) (n_accepted: 81%) (u_error:  2.613946 %) (beta_change: 15.158639 %) (delta_change:  0.077005 %) (delta_peak/R:  0.239940 %)
iter:   6500 (Jcost: 1.313741e-03) (lr = 1.640e+00) (elapsed time: 5033.355) (secs/iter:  0.551) (n_accepted: 78%) (u_error:  2.613847 %) (beta_change: 15.316547 %) (delta_change:  0.077650 %) (delta_peak/R:  0.239812 %)
-> Saved file: /media/rafael/DATA/Dropbox/20220924_FIML_solver/data/output/field_inversion/Beta_k__1__Beta_e__1/u_imp_0.1/FI_run_T61_VLambdaSPrStar_LL_u_imp_0.1_k_imp_1_e_imp_1/FI_run_T61_VLambdaSPrStar_LL_u_imp_0.1_k_imp_1_e_imp_1_state_iter_6500.dat
iter:   6600 (Jcost: 1.313306e-03) (lr = 8.108e+00) (elapsed time: 5087.268) (secs/iter:  0.539) (n_accepted: 81%) (u_error:  2.613596 %) (beta_change: 15.485813 %) (delta_change:  0.078339 %) (delta_peak/R:  0.239711 %)
iter:   6700 (Jcost: 1.312925e-03) (lr = 6.960e+00) (elapsed time: 5157.124) (secs/iter:  0.699) (n_accepted: 79%) (u_error:  2.612462 %) (beta_change: 15.635446 %) (delta_change:  0.078945 %) (delta_peak/R:  0.239847 %)
iter:   6800 (Jcost: 1.312565e-03) (lr = 2.489e+00) (elapsed time: 5216.257) (secs/iter:  0.591) (n_accepted: 78%) (u_error:  2.612338 %) (beta_change: 15.777863 %) (delta_change:  0.079518 %) (delta_peak/R:  0.239738 %)
iter:   6900 (Jcost: 1.312179e-03) (lr = 2.137e+00) (elapsed time: 5294.217) (secs/iter:  0.780) (n_accepted: 79%) (u_error:  2.611636 %) (beta_change: 15.932097 %) (delta_change:  0.080138 %) (delta_peak/R:  0.239761 %)
iter:   7000 (Jcost: 1.311816e-03) (lr = 1.834e+00) (elapsed time: 5372.038) (secs/iter:  0.778) (n_accepted: 79%) (u_error:  2.611571 %) (beta_change: 16.077766 %) (delta_change:  0.080720 %) (delta_peak/R:  0.239632 %)
-> Saved file: /media/rafael/DATA/Dropbox/20220924_FIML_solver/data/output/field_inversion/Beta_k__1__Beta_e__1/u_imp_0.1/FI_run_T61_VLambdaSPrStar_LL_u_imp_0.1_k_imp_1_e_imp_1/FI_run_T61_VLambdaSPrStar_LL_u_imp_0.1_k_imp_1_e_imp_1_state_iter_7000.dat
iter:   7100 (Jcost: 1.311424e-03) (lr = 9.069e+00) (elapsed time: 5452.014) (secs/iter:  0.800) (n_accepted: 81%) (u_error:  2.610979 %) (beta_change: 16.236808 %) (delta_change:  0.081353 %) (delta_peak/R:  0.239620 %)
iter:   7200 (Jcost: 1.311079e-03) (lr = 5.631e-01) (elapsed time: 5534.061) (secs/iter:  0.820) (n_accepted: 76%) (u_error:  2.610630 %) (beta_change: 16.377538 %) (delta_change:  0.081910 %) (delta_peak/R:  0.239566 %)
iter:   7300 (Jcost: 1.310722e-03) (lr = 4.834e-01) (elapsed time: 5611.784) (secs/iter:  0.777) (n_accepted: 79%) (u_error:  2.610819 %) (beta_change: 16.524381 %) (delta_change:  0.082490 %) (delta_peak/R:  0.239370 %)
iter:   7400 (Jcost: 1.310366e-03) (lr = 2.390e+00) (elapsed time: 5690.433) (secs/iter:  0.786) (n_accepted: 81%) (u_error:  2.610539 %) (beta_change: 16.671904 %) (delta_change:  0.083070 %) (delta_peak/R:  0.239290 %)
iter:   7500 (Jcost: 1.310030e-03) (lr = 4.924e+00) (elapsed time: 5767.572) (secs/iter:  0.771) (n_accepted: 80%) (u_error:  2.607557 %) (beta_change: 16.815627 %) (delta_change:  0.083635 %) (delta_peak/R:  0.239884 %)
-> Saved file: /media/rafael/DATA/Dropbox/20220924_FIML_solver/data/output/field_inversion/Beta_k__1__Beta_e__1/u_imp_0.1/FI_run_T61_VLambdaSPrStar_LL_u_imp_0.1_k_imp_1_e_imp_1/FI_run_T61_VLambdaSPrStar_LL_u_imp_0.1_k_imp_1_e_imp_1_state_iter_7500.dat
iter:   7600 (Jcost: 1.309687e-03) (lr = 1.761e+00) (elapsed time: 5822.669) (secs/iter:  0.551) (n_accepted: 78%) (u_error:  2.609060 %) (beta_change: 16.954655 %) (delta_change:  0.084177 %) (delta_peak/R:  0.239367 %)
iter:   7700 (Jcost: 1.309363e-03) (lr = 8.708e+00) (elapsed time: 5869.034) (secs/iter:  0.464) (n_accepted: 81%) (u_error:  2.608493 %) (beta_change: 17.091089 %) (delta_change:  0.084708 %) (delta_peak/R:  0.239366 %)
iter:   7800 (Jcost: 1.309050e-03) (lr = 1.298e+00) (elapsed time: 5917.875) (secs/iter:  0.488) (n_accepted: 77%) (u_error:  2.608311 %) (beta_change: 17.223564 %) (delta_change:  0.085222 %) (delta_peak/R:  0.239273 %)
iter:   7900 (Jcost: 1.308724e-03) (lr = 6.416e+00) (elapsed time: 5964.525) (secs/iter:  0.466) (n_accepted: 81%) (u_error:  2.607174 %) (beta_change: 17.362856 %) (delta_change:  0.085761 %) (delta_peak/R:  0.239409 %)
iter:   8000 (Jcost: 1.308443e-03) (lr = 3.984e-01) (elapsed time: 6013.699) (secs/iter:  0.492) (n_accepted: 76%) (u_error:  2.607694 %) (beta_change: 17.482110 %) (delta_change:  0.086221 %) (delta_peak/R:  0.239153 %)
-> Saved file: /media/rafael/DATA/Dropbox/20220924_FIML_solver/data/output/field_inversion/Beta_k__1__Beta_e__1/u_imp_0.1/FI_run_T61_VLambdaSPrStar_LL_u_imp_0.1_k_imp_1_e_imp_1/FI_run_T61_VLambdaSPrStar_LL_u_imp_0.1_k_imp_1_e_imp_1_state_iter_8000.dat
iter:   8100 (Jcost: 1.308146e-03) (lr = 1.970e+00) (elapsed time: 6062.180) (secs/iter:  0.485) (n_accepted: 81%) (u_error:  2.607267 %) (beta_change: 17.609329 %) (delta_change:  0.086711 %) (delta_peak/R:  0.239123 %)
iter:   8200 (Jcost: 1.307834e-03) (lr = 4.058e+00) (elapsed time: 6106.114) (secs/iter:  0.439) (n_accepted: 80%) (u_error:  2.606908 %) (beta_change: 17.743846 %) (delta_change:  0.087227 %) (delta_peak/R:  0.239067 %)
iter:   8300 (Jcost: 1.307526e-03) (lr = 1.452e+00) (elapsed time: 6151.476) (secs/iter:  0.454) (n_accepted: 78%) (u_error:  2.606461 %) (beta_change: 17.876945 %) (delta_change:  0.087737 %) (delta_peak/R:  0.239034 %)
iter:   8400 (Jcost: 1.307210e-03) (lr = 2.990e+00) (elapsed time: 6199.144) (secs/iter:  0.477) (n_accepted: 80%) (u_error:  2.607124 %) (beta_change: 18.014967 %) (delta_change:  0.088264 %) (delta_peak/R:  0.238718 %)
iter:   8500 (Jcost: 1.306943e-03) (lr = 2.567e+00) (elapsed time: 6246.759) (secs/iter:  0.476) (n_accepted: 79%) (u_error:  2.605618 %) (beta_change: 18.130043 %) (delta_change:  0.088705 %) (delta_peak/R:  0.238965 %)
-> Saved file: /media/rafael/DATA/Dropbox/20220924_FIML_solver/data/output/field_inversion/Beta_k__1__Beta_e__1/u_imp_0.1/FI_run_T61_VLambdaSPrStar_LL_u_imp_0.1_k_imp_1_e_imp_1/FI_run_T61_VLambdaSPrStar_LL_u_imp_0.1_k_imp_1_e_imp_1_state_iter_8500.dat
iter:   8600 (Jcost: 1.306635e-03) (lr = 1.269e+01) (elapsed time: 6297.228) (secs/iter:  0.505) (n_accepted: 81%) (u_error:  2.605419 %) (beta_change: 18.264043 %) (delta_change:  0.089215 %) (delta_peak/R:  0.238866 %)
iter:   8700 (Jcost: 1.306354e-03) (lr = 4.539e+00) (elapsed time: 6364.397) (secs/iter:  0.672) (n_accepted: 78%) (u_error:  2.605069 %) (beta_change: 18.387017 %) (delta_change:  0.089683 %) (delta_peak/R:  0.238815 %)
iter:   8800 (Jcost: 1.306070e-03) (lr = 9.352e+00) (elapsed time: 6437.679) (secs/iter:  0.733) (n_accepted: 80%) (u_error:  2.604346 %) (beta_change: 18.511411 %) (delta_change:  0.090157 %) (delta_peak/R:  0.238854 %)
iter:   8900 (Jcost: 1.305812e-03) (lr = 1.394e+00) (elapsed time: 6512.177) (secs/iter:  0.745) (n_accepted: 77%) (u_error:  2.604542 %) (beta_change: 18.624346 %) (delta_change:  0.090585 %) (delta_peak/R:  0.238676 %)
iter:   9000 (Jcost: 1.305542e-03) (lr = 2.871e+00) (elapsed time: 6590.778) (secs/iter:  0.786) (n_accepted: 80%) (u_error:  2.603670 %) (beta_change: 18.743057 %) (delta_change:  0.091036 %) (delta_peak/R:  0.238757 %)
-> Saved file: /media/rafael/DATA/Dropbox/20220924_FIML_solver/data/output/field_inversion/Beta_k__1__Beta_e__1/u_imp_0.1/FI_run_T61_VLambdaSPrStar_LL_u_imp_0.1_k_imp_1_e_imp_1/FI_run_T61_VLambdaSPrStar_LL_u_imp_0.1_k_imp_1_e_imp_1_state_iter_9000.dat
iter:   9100 (Jcost: 1.305297e-03) (lr = 2.465e+00) (elapsed time: 6669.191) (secs/iter:  0.784) (n_accepted: 79%) (u_error:  2.603744 %) (beta_change: 18.850558 %) (delta_change:  0.091444 %) (delta_peak/R:  0.238613 %)
iter:   9200 (Jcost: 1.305008e-03) (lr = 8.815e-01) (elapsed time: 6749.598) (secs/iter:  0.804) (n_accepted: 78%) (u_error:  2.603818 %) (beta_change: 18.978168 %) (delta_change:  0.091928 %) (delta_peak/R:  0.238446 %)
iter:   9300 (Jcost: 1.304743e-03) (lr = 1.046e+01) (elapsed time: 6805.114) (secs/iter:  0.555) (n_accepted: 82%) (u_error:  2.601227 %) (beta_change: 19.098571 %) (delta_change:  0.092387 %) (delta_peak/R:  0.238948 %)
iter:   9400 (Jcost: 1.304494e-03) (lr = 1.559e+00) (elapsed time: 6887.467) (secs/iter:  0.824) (n_accepted: 77%) (u_error:  2.603607 %) (beta_change: 19.204976 %) (delta_change:  0.092789 %) (delta_peak/R:  0.238229 %)
iter:   9500 (Jcost: 1.304242e-03) (lr = 1.338e+00) (elapsed time: 6968.135) (secs/iter:  0.807) (n_accepted: 79%) (u_error:  2.602375 %) (beta_change: 19.315006 %) (delta_change:  0.093208 %) (delta_peak/R:  0.238403 %)
-> Saved file: /media/rafael/DATA/Dropbox/20220924_FIML_solver/data/output/field_inversion/Beta_k__1__Beta_e__1/u_imp_0.1/FI_run_T61_VLambdaSPrStar_LL_u_imp_0.1_k_imp_1_e_imp_1/FI_run_T61_VLambdaSPrStar_LL_u_imp_0.1_k_imp_1_e_imp_1_state_iter_9500.dat
iter:   9600 (Jcost: 1.303982e-03) (lr = 1.149e+00) (elapsed time: 7054.548) (secs/iter:  0.864) (n_accepted: 79%) (u_error:  2.601366 %) (beta_change: 19.429637 %) (delta_change:  0.093644 %) (delta_peak/R:  0.238515 %)
iter:   9700 (Jcost: 1.303723e-03) (lr = 2.366e+00) (elapsed time: 7130.187) (secs/iter:  0.756) (n_accepted: 80%) (u_error:  2.600764 %) (beta_change: 19.543862 %) (delta_change:  0.094079 %) (delta_peak/R:  0.238525 %)
iter:   9800 (Jcost: 1.303461e-03) (lr = 4.875e+00) (elapsed time: 7207.167) (secs/iter:  0.770) (n_accepted: 80%) (u_error:  2.601515 %) (beta_change: 19.657577 %) (delta_change:  0.094512 %) (delta_peak/R:  0.238198 %)
iter:   9900 (Jcost: 1.303224e-03) (lr = 1.744e+00) (elapsed time: 7282.597) (secs/iter:  0.754) (n_accepted: 78%) (u_error:  2.601074 %) (beta_change: 19.761569 %) (delta_change:  0.094909 %) (delta_peak/R:  0.238178 %)
iter:  10000 (Jcost: 1.302943e-03) (lr = 8.622e+00) (elapsed time: 7359.728) (secs/iter:  0.771) (n_accepted: 81%) (u_error:  2.600914 %) (beta_change: 19.884260 %) (delta_change:  0.095379 %) (delta_peak/R:  0.238063 %)
-> Saved file: /media/rafael/DATA/Dropbox/20220924_FIML_solver/data/output/field_inversion/Beta_k__1__Beta_e__1/u_imp_0.1/FI_run_T61_VLambdaSPrStar_LL_u_imp_0.1_k_imp_1_e_imp_1/FI_run_T61_VLambdaSPrStar_LL_u_imp_0.1_k_imp_1_e_imp_1_state_iter_10000.dat
iter:  10100 (Jcost: 1.302692e-03) (lr = 7.401e+00) (elapsed time: 7442.678) (secs/iter:  0.829) (n_accepted: 79%) (u_error:  2.599673 %) (beta_change: 19.994175 %) (delta_change:  0.095802 %) (delta_peak/R:  0.238232 %)
iter:  10200 (Jcost: 1.302451e-03) (lr = 1.103e+00) (elapsed time: 7520.053) (secs/iter:  0.774) (n_accepted: 77%) (u_error:  2.598798 %) (beta_change: 20.100556 %) (delta_change:  0.096211 %) (delta_peak/R:  0.238313 %)
iter:  10300 (Jcost: 1.302171e-03) (lr = 5.453e+00) (elapsed time: 7585.135) (secs/iter:  0.651) (n_accepted: 81%) (u_error:  2.599972 %) (beta_change: 20.220296 %) (delta_change:  0.096672 %) (delta_peak/R:  0.237865 %)
iter:  10400 (Jcost: 1.301924e-03) (lr = 4.681e+00) (elapsed time: 7664.177) (secs/iter:  0.790) (n_accepted: 79%) (u_error:  2.599338 %) (beta_change: 20.326645 %) (delta_change:  0.097084 %) (delta_peak/R:  0.237884 %)
iter:  10500 (Jcost: 1.301689e-03) (lr = 6.976e-01) (elapsed time: 7735.499) (secs/iter:  0.713) (n_accepted: 77%) (u_error:  2.600526 %) (beta_change: 20.430519 %) (delta_change:  0.097487 %) (delta_peak/R:  0.237451 %)
-> Saved file: /media/rafael/DATA/Dropbox/20220924_FIML_solver/data/output/field_inversion/Beta_k__1__Beta_e__1/u_imp_0.1/FI_run_T61_VLambdaSPrStar_LL_u_imp_0.1_k_imp_1_e_imp_1/FI_run_T61_VLambdaSPrStar_LL_u_imp_0.1_k_imp_1_e_imp_1_state_iter_10500.dat
iter:  10600 (Jcost: 1.301449e-03) (lr = 1.437e+00) (elapsed time: 7817.196) (secs/iter:  0.817) (n_accepted: 80%) (u_error:  2.598804 %) (beta_change: 20.531121 %) (delta_change:  0.097880 %) (delta_peak/R:  0.237744 %)
iter:  10700 (Jcost: 1.301205e-03) (lr = 1.234e+00) (elapsed time: 7896.521) (secs/iter:  0.793) (n_accepted: 79%) (u_error:  2.599008 %) (beta_change: 20.635716 %) (delta_change:  0.098289 %) (delta_peak/R:  0.237552 %)
iter:  10800 (Jcost: 1.300932e-03) (lr = 1.059e+00) (elapsed time: 7970.335) (secs/iter:  0.738) (n_accepted: 79%) (u_error:  2.598294 %) (beta_change: 20.751329 %) (delta_change:  0.098790 %) (delta_peak/R:  0.237572 %)
iter:  10900 (Jcost: 1.300694e-03) (lr = 2.182e+00) (elapsed time: 8047.058) (secs/iter:  0.767) (n_accepted: 80%) (u_error:  2.597999 %) (beta_change: 20.880032 %) (delta_change:  0.099262 %) (delta_peak/R:  0.237506 %)
iter:  11000 (Jcost: 1.300421e-03) (lr = 1.873e+00) (elapsed time: 8117.702) (secs/iter:  0.706) (n_accepted: 79%) (u_error:  2.596058 %) (beta_change: 21.146058 %) (delta_change:  0.099808 %) (delta_peak/R:  0.237826 %)
-> Saved file: /media/rafael/DATA/Dropbox/20220924_FIML_solver/data/output/field_inversion/Beta_k__1__Beta_e__1/u_imp_0.1/FI_run_T61_VLambdaSPrStar_LL_u_imp_0.1_k_imp_1_e_imp_1/FI_run_T61_VLambdaSPrStar_LL_u_imp_0.1_k_imp_1_e_imp_1_state_iter_11000.dat
iter:  11100 (Jcost: 1.300180e-03) (lr = 1.608e+00) (elapsed time: 8202.661) (secs/iter:  0.850) (n_accepted: 79%) (u_error:  2.595512 %) (beta_change: 21.380565 %) (delta_change:  0.100284 %) (delta_peak/R:  0.237819 %)
iter:  11200 (Jcost: 1.299909e-03) (lr = 3.312e+00) (elapsed time: 8280.235) (secs/iter:  0.776) (n_accepted: 80%) (u_error:  2.595653 %) (beta_change: 21.642157 %) (delta_change:  0.100811 %) (delta_peak/R:  0.237624 %)
iter:  11300 (Jcost: 1.299641e-03) (lr = 6.823e+00) (elapsed time: 8359.469) (secs/iter:  0.792) (n_accepted: 80%) (u_error:  2.596319 %) (beta_change: 21.903209 %) (delta_change:  0.101332 %) (delta_peak/R:  0.237300 %)
iter:  11400 (Jcost: 1.299375e-03) (lr = 5.857e+00) (elapsed time: 8440.492) (secs/iter:  0.810) (n_accepted: 79%) (u_error:  2.595566 %) (beta_change: 22.166785 %) (delta_change:  0.101856 %) (delta_peak/R:  0.237328 %)
iter:  11500 (Jcost: 1.299133e-03) (lr = 5.027e+00) (elapsed time: 8519.999) (secs/iter:  0.795) (n_accepted: 79%) (u_error:  2.595572 %) (beta_change: 22.407022 %) (delta_change:  0.102329 %) (delta_peak/R:  0.237181 %)
-> Saved file: /media/rafael/DATA/Dropbox/20220924_FIML_solver/data/output/field_inversion/Beta_k__1__Beta_e__1/u_imp_0.1/FI_run_T61_VLambdaSPrStar_LL_u_imp_0.1_k_imp_1_e_imp_1/FI_run_T61_VLambdaSPrStar_LL_u_imp_0.1_k_imp_1_e_imp_1_state_iter_11500.dat
iter:  11600 (Jcost: 1.298879e-03) (lr = 4.315e+00) (elapsed time: 8602.027) (secs/iter:  0.820) (n_accepted: 79%) (u_error:  2.593655 %) (beta_change: 22.666689 %) (delta_change:  0.102838 %) (delta_peak/R:  0.237500 %)
iter:  11700 (Jcost: 1.298618e-03) (lr = 1.543e+00) (elapsed time: 8676.901) (secs/iter:  0.749) (n_accepted: 78%) (u_error:  2.594588 %) (beta_change: 22.922827 %) (delta_change:  0.103335 %) (delta_peak/R:  0.237113 %)
iter:  11800 (Jcost: 1.298341e-03) (lr = 7.632e+00) (elapsed time: 8751.228) (secs/iter:  0.743) (n_accepted: 81%) (u_error:  2.593462 %) (beta_change: 23.204033 %) (delta_change:  0.103880 %) (delta_peak/R:  0.237223 %)
iter:  11900 (Jcost: 1.298099e-03) (lr = 1.137e+00) (elapsed time: 8822.275) (secs/iter:  0.710) (n_accepted: 77%) (u_error:  2.594077 %) (beta_change: 23.446802 %) (delta_change:  0.104346 %) (delta_peak/R:  0.236923 %)
iter:  12000 (Jcost: 1.297817e-03) (lr = 5.623e+00) (elapsed time: 8896.930) (secs/iter:  0.747) (n_accepted: 81%) (u_error:  2.593631 %) (beta_change: 23.732875 %) (delta_change:  0.104893 %) (delta_peak/R:  0.236861 %)
-> Saved file: /media/rafael/DATA/Dropbox/20220924_FIML_solver/data/output/field_inversion/Beta_k__1__Beta_e__1/u_imp_0.1/FI_run_T61_VLambdaSPrStar_LL_u_imp_0.1_k_imp_1_e_imp_1/FI_run_T61_VLambdaSPrStar_LL_u_imp_0.1_k_imp_1_e_imp_1_state_iter_12000.dat
iter:  12100 (Jcost: 1.297552e-03) (lr = 8.380e-01) (elapsed time: 8980.433) (secs/iter:  0.835) (n_accepted: 77%) (u_error:  2.593193 %) (beta_change: 24.002221 %) (delta_change:  0.105406 %) (delta_peak/R:  0.236806 %)
iter:  12200 (Jcost: 1.297255e-03) (lr = 1.726e+00) (elapsed time: 9054.757) (secs/iter:  0.743) (n_accepted: 80%) (u_error:  2.593895 %) (beta_change: 24.308382 %) (delta_change:  0.105986 %) (delta_peak/R:  0.236446 %)
iter:  12300 (Jcost: 1.296976e-03) (lr = 3.557e+00) (elapsed time: 9132.160) (secs/iter:  0.774) (n_accepted: 80%) (u_error:  2.592641 %) (beta_change: 24.590075 %) (delta_change:  0.106517 %) (delta_peak/R:  0.236586 %)
iter:  12400 (Jcost: 1.296687e-03) (lr = 3.053e+00) (elapsed time: 9206.596) (secs/iter:  0.744) (n_accepted: 79%) (u_error:  2.592069 %) (beta_change: 24.885690 %) (delta_change:  0.107073 %) (delta_peak/R:  0.236548 %)
iter:  12500 (Jcost: 1.296392e-03) (lr = 1.092e+00) (elapsed time: 9286.489) (secs/iter:  0.799) (n_accepted: 78%) (u_error:  2.591657 %) (beta_change: 25.187444 %) (delta_change:  0.107638 %) (delta_peak/R:  0.236466 %)
-> Saved file: /media/rafael/DATA/Dropbox/20220924_FIML_solver/data/output/field_inversion/Beta_k__1__Beta_e__1/u_imp_0.1/FI_run_T61_VLambdaSPrStar_LL_u_imp_0.1_k_imp_1_e_imp_1/FI_run_T61_VLambdaSPrStar_LL_u_imp_0.1_k_imp_1_e_imp_1_state_iter_12500.dat
iter:  12600 (Jcost: 1.296068e-03) (lr = 9.374e-01) (elapsed time: 9370.033) (secs/iter:  0.835) (n_accepted: 79%) (u_error:  2.589853 %) (beta_change: 25.522698 %) (delta_change:  0.108265 %) (delta_peak/R:  0.236709 %)
iter:  12700 (Jcost: 1.295774e-03) (lr = 4.635e+00) (elapsed time: 9448.523) (secs/iter:  0.785) (n_accepted: 81%) (u_error:  2.590710 %) (beta_change: 25.818125 %) (delta_change:  0.108814 %) (delta_peak/R:  0.236314 %)
iter:  12800 (Jcost: 1.295469e-03) (lr = 3.978e+00) (elapsed time: 9533.745) (secs/iter:  0.852) (n_accepted: 79%) (u_error:  2.590227 %) (beta_change: 26.129461 %) (delta_change:  0.109392 %) (delta_peak/R:  0.236241 %)
iter:  12900 (Jcost: 1.295168e-03) (lr = 1.423e+00) (elapsed time: 9617.308) (secs/iter:  0.836) (n_accepted: 78%) (u_error:  2.588832 %) (beta_change: 26.439017 %) (delta_change:  0.109966 %) (delta_peak/R:  0.236396 %)
iter:  13000 (Jcost: 1.294831e-03) (lr = 1.221e+00) (elapsed time: 9698.046) (secs/iter:  0.807) (n_accepted: 79%) (u_error:  2.588939 %) (beta_change: 26.778328 %) (delta_change:  0.110594 %) (delta_peak/R:  0.236158 %)
-> Saved file: /media/rafael/DATA/Dropbox/20220924_FIML_solver/data/output/field_inversion/Beta_k__1__Beta_e__1/u_imp_0.1/FI_run_T61_VLambdaSPrStar_LL_u_imp_0.1_k_imp_1_e_imp_1/FI_run_T61_VLambdaSPrStar_LL_u_imp_0.1_k_imp_1_e_imp_1_state_iter_13000.dat
iter:  13100 (Jcost: 1.294492e-03) (lr = 2.516e+00) (elapsed time: 9785.711) (secs/iter:  0.877) (n_accepted: 80%) (u_error:  2.589934 %) (beta_change: 27.124058 %) (delta_change:  0.111231 %) (delta_peak/R:  0.235694 %)
iter:  13200 (Jcost: 1.294157e-03) (lr = 2.160e+00) (elapsed time: 9859.049) (secs/iter:  0.733) (n_accepted: 79%) (u_error:  2.589924 %) (beta_change: 27.464628 %) (delta_change:  0.111860 %) (delta_peak/R:  0.235481 %)
iter:  13300 (Jcost: 1.293826e-03) (lr = 4.450e+00) (elapsed time: 9941.871) (secs/iter:  0.828) (n_accepted: 80%) (u_error:  2.588105 %) (beta_change: 27.790734 %) (delta_change:  0.112462 %) (delta_peak/R:  0.235726 %)
iter:  13400 (Jcost: 1.293492e-03) (lr = 6.632e-01) (elapsed time: 10024.684) (secs/iter:  0.828) (n_accepted: 77%) (u_error:  2.587545 %) (beta_change: 28.124453 %) (delta_change:  0.113077 %) (delta_peak/R:  0.235652 %)
iter:  13500 (Jcost: 1.293091e-03) (lr = 1.366e+00) (elapsed time: 10101.813) (secs/iter:  0.771) (n_accepted: 80%) (u_error:  2.587478 %) (beta_change: 28.523489 %) (delta_change:  0.113812 %) (delta_peak/R:  0.235411 %)
-> Saved file: /media/rafael/DATA/Dropbox/20220924_FIML_solver/data/output/field_inversion/Beta_k__1__Beta_e__1/u_imp_0.1/FI_run_T61_VLambdaSPrStar_LL_u_imp_0.1_k_imp_1_e_imp_1/FI_run_T61_VLambdaSPrStar_LL_u_imp_0.1_k_imp_1_e_imp_1_state_iter_13500.dat
iter:  13600 (Jcost: 1.292747e-03) (lr = 2.815e+00) (elapsed time: 10188.376) (secs/iter:  0.866) (n_accepted: 80%) (u_error:  2.586397 %) (beta_change: 28.862085 %) (delta_change:  0.114437 %) (delta_peak/R:  0.235459 %)
iter:  13700 (Jcost: 1.292328e-03) (lr = 5.799e+00) (elapsed time: 10265.334) (secs/iter:  0.770) (n_accepted: 80%) (u_error:  2.585909 %) (beta_change: 29.272237 %) (delta_change:  0.115194 %) (delta_peak/R:  0.235312 %)
iter:  13800 (Jcost: 1.291922e-03) (lr = 2.074e+00) (elapsed time: 10348.304) (secs/iter:  0.830) (n_accepted: 78%) (u_error:  2.586371 %) (beta_change: 29.671307 %) (delta_change:  0.115931 %) (delta_peak/R:  0.234933 %)
iter:  13900 (Jcost: 1.291526e-03) (lr = 1.780e+00) (elapsed time: 10429.632) (secs/iter:  0.813) (n_accepted: 79%) (u_error:  2.584636 %) (beta_change: 30.048543 %) (delta_change:  0.116629 %) (delta_peak/R:  0.235111 %)
iter:  14000 (Jcost: 1.291111e-03) (lr = 3.668e+00) (elapsed time: 10511.095) (secs/iter:  0.815) (n_accepted: 80%) (u_error:  2.584145 %) (beta_change: 30.444911 %) (delta_change:  0.117363 %) (delta_peak/R:  0.234965 %)
-> Saved file: /media/rafael/DATA/Dropbox/20220924_FIML_solver/data/output/field_inversion/Beta_k__1__Beta_e__1/u_imp_0.1/FI_run_T61_VLambdaSPrStar_LL_u_imp_0.1_k_imp_1_e_imp_1/FI_run_T61_VLambdaSPrStar_LL_u_imp_0.1_k_imp_1_e_imp_1_state_iter_14000.dat
iter:  14100 (Jcost: 1.290655e-03) (lr = 5.466e-01) (elapsed time: 10591.755) (secs/iter:  0.807) (n_accepted: 77%) (u_error:  2.582511 %) (beta_change: 30.877459 %) (delta_change:  0.118167 %) (delta_peak/R:  0.235074 %)
iter:  14200 (Jcost: 1.290209e-03) (lr = 1.126e+00) (elapsed time: 10671.523) (secs/iter:  0.798) (n_accepted: 80%) (u_error:  2.582030 %) (beta_change: 31.293003 %) (delta_change:  0.118940 %) (delta_peak/R:  0.234906 %)
iter:  14300 (Jcost: 1.289737e-03) (lr = 5.568e+00) (elapsed time: 10746.474) (secs/iter:  0.750) (n_accepted: 81%) (u_error:  2.580200 %) (beta_change: 31.735587 %) (delta_change:  0.119766 %) (delta_peak/R:  0.235049 %)
iter:  14400 (Jcost: 1.289207e-03) (lr = 1.147e+01) (elapsed time: 10825.583) (secs/iter:  0.791) (n_accepted: 80%) (u_error:  2.582393 %) (beta_change: 32.214794 %) (delta_change:  0.120661 %) (delta_peak/R:  0.234163 %)
iter:  14500 (Jcost: 1.288691e-03) (lr = 4.103e+00) (elapsed time: 10887.547) (secs/iter:  0.620) (n_accepted: 78%) (u_error:  2.580437 %) (beta_change: 32.675253 %) (delta_change:  0.121526 %) (delta_peak/R:  0.234315 %)
-> Saved file: /media/rafael/DATA/Dropbox/20220924_FIML_solver/data/output/field_inversion/Beta_k__1__Beta_e__1/u_imp_0.1/FI_run_T61_VLambdaSPrStar_LL_u_imp_0.1_k_imp_1_e_imp_1/FI_run_T61_VLambdaSPrStar_LL_u_imp_0.1_k_imp_1_e_imp_1_state_iter_14500.dat
iter:  14600 (Jcost: 1.288145e-03) (lr = 3.522e+00) (elapsed time: 10940.267) (secs/iter:  0.527) (n_accepted: 79%) (u_error:  2.579651 %) (beta_change: 33.158393 %) (delta_change:  0.122436 %) (delta_peak/R:  0.234154 %)
iter:  14700 (Jcost: 1.287575e-03) (lr = 5.248e-01) (elapsed time: 11003.995) (secs/iter:  0.637) (n_accepted: 77%) (u_error:  2.579215 %) (beta_change: 33.655087 %) (delta_change:  0.123375 %) (delta_peak/R:  0.233890 %)
iter:  14800 (Jcost: 1.287000e-03) (lr = 1.081e+00) (elapsed time: 11084.394) (secs/iter:  0.804) (n_accepted: 80%) (u_error:  2.576284 %) (beta_change: 34.152297 %) (delta_change:  0.124320 %) (delta_peak/R:  0.234238 %)
iter:  14900 (Jcost: 1.286379e-03) (lr = 9.281e-01) (elapsed time: 11163.942) (secs/iter:  0.795) (n_accepted: 79%) (u_error:  2.576482 %) (beta_change: 34.670092 %) (delta_change:  0.125307 %) (delta_peak/R:  0.233786 %)
iter:  15000 (Jcost: 1.285707e-03) (lr = 4.589e+00) (elapsed time: 11213.525) (secs/iter:  0.496) (n_accepted: 81%) (u_error:  2.573280 %) (beta_change: 35.238611 %) (delta_change:  0.126397 %) (delta_peak/R:  0.234128 %)
-> Saved file: /media/rafael/DATA/Dropbox/20220924_FIML_solver/data/output/field_inversion/Beta_k__1__Beta_e__1/u_imp_0.1/FI_run_T61_VLambdaSPrStar_LL_u_imp_0.1_k_imp_1_e_imp_1/FI_run_T61_VLambdaSPrStar_LL_u_imp_0.1_k_imp_1_e_imp_1_state_iter_15000.dat
iter:  15000 (Jcost: 1.285707e-03) (lr = 2.294e+00) (elapsed time: 11216.435) (secs/iter:   None) (n_accepted: 0%) (u_error:  2.573280 %) (beta_change: 35.238611 %) (delta_change:  0.126397 %) (delta_peak/R:  0.234128 %)
