# ------------------------------------------------------------------------
#                  Input Arguments
# ------------------------------------------------------------------------
# Begin_Input_Arguments
{ 'all_b_mode': ['Beta_k', 'Beta_e'],
  'args_mk_solver': { 'torch': "<module 'torch' from "
                               "'/home/rafael/anaconda3/lib/python3.9/site-packages/torch/__init__.py'>",
                      'y_grid': [0.0, 0.000309700312, 0.000638645973, 0.00098802599, 0.00135910194, 0.00175321227, 0.00217177688, 0.00261630193, 0.00308838486, 0.00358971984, 0.00412210331, 0.00468744001, 0.00528774917, 0.00592517114, 0.00660197432, 0.0073205624, 0.00808348206, 0.00889343092, 0.00975326602, 0.0106660126, 0.0116348733, 0.0126632377, 0.0137546927, 0.0149130326, 0.0161422702, 0.0174466482, 0.0188306506, 0.0202990157, 0.0218567475, 0.02350913, 0.0252617393, 0.0271204584, 0.0290914903, 0.0311813732, 0.033396994, 0.0357456039, 0.0382348325, 0.0408727029, 0.0436676462, 0.0466285159, 0.0497646022, 0.0530856456, 0.0566018496, 0.0603238931, 0.0642629411, 0.068430655, 0.0728392004, 0.0775012535, 0.0824300053, 0.0876391634, 0.0931429507, 0.0989561006, 0.105093849, 0.111571922, 0.118406518, 0.125614286, 0.133212296, 0.141218006, 0.14964922, 0.158524039, 0.167860801, 0.177678022, 0.187994313, 0.1988283, 0.21019853, 0.222123362, 0.234620856, 0.247708641, 0.261403784, 0.275722637, 0.290680679, 0.306292354, 0.322570888, 0.339528108, 0.357174255, 0.375517785, 0.394565175, 0.414320726, 0.43478637, 0.45596148, 0.47784269, 0.500423731, 0.523695275, 0.547644806, 0.572256506, 0.597511177, 0.623386184, 0.649855436, 0.676889401, 0.704455158, 0.73251649, 0.761034018, 0.789965372, 0.819265404, 0.848886442, 0.878778572, 0.908889961, 0.939167201, 0.969555687, 1.0],
                      'Ret': 321.606813,
                      'cp': 356.639123,
                      'A_sca_rho': 1.0,
                      'A_sca_mu': 0.0031093868648858504,
                      'A_sca_k': 1.5841842922294416,
                      'b_exp_rho': -1.0,
                      'b_exp_mu': 0.75,
                      'b_exp_k': 0.75,
                      'tensor_device': 'cpu',
                      'as_tensor': '<function '
                                   'Build_arguments_fi_run._mk_args_MK_solver.<locals>.<lambda> '
                                   'at 0x7f5271b9f9d0>',
                      'ref_dns': { 'u_dns': [0.0, 0.0994945737, 0.204795827, 0.316215567, 0.434078864, 0.558724156, 0.690503266, 0.829781345, 0.976936704, 1.13236053, 1.2964565, 1.46964019, 1.65233835, 1.84498802, 2.04803537, 2.26193436, 2.48714513, 2.72412871, 2.97331903, 3.2351232, 3.50992395, 3.79807099, 4.09987074, 4.41557234, 4.7453382, 5.08922832, 5.44718403, 5.81900185, 6.20433951, 6.60274885, 7.01359359, 7.4360083, 7.86897274, 8.31133131, 8.76167414, 9.21841842, 9.67991517, 10.1443162, 10.6096978, 11.0741126, 11.5355531, 11.9920696, 12.4417877, 12.8829117, 13.3138387, 13.7330803, 14.1394133, 14.5317429, 14.9092747, 15.2713718, 15.6176757, 15.9480789, 16.2626677, 16.5617733, 16.8458711, 17.1154836, 17.371206, 17.6136926, 17.843684, 18.0620943, 18.2699833, 18.4684657, 18.6586336, 18.8415426, 19.0182441, 19.1897677, 19.3569982, 19.5205473, 19.6807346, 19.8376838, 19.9915493, 20.1425348, 20.2909687, 20.43759, 20.5834859, 20.729653, 20.8766268, 21.0242798, 21.1720843, 21.3195963, 21.4663358, 21.6117571, 21.7553917, 21.896856, 22.0358588, 22.1721876, 22.3056428, 22.4354497, 22.560717, 22.6805852, 22.793671, 22.8982414, 22.9928352, 23.0770893, 23.1508226, 23.2132356, 23.2630239, 23.2990395, 23.3207721, 23.3280077],
                                   'T_dns': [1.0, 1.0040940494487904, 1.0083895236443046, 1.0128931999015132, 1.0176117509363198, 1.022551755190342, 1.0277196812341047, 1.0331218719498707, 1.0387645804149128, 1.0446539929436498, 1.0507962956259678, 1.0571977848413285, 1.0638650310071898, 1.0708051093672177, 1.078025885672953, 1.0855364889857513, 1.093347838337063, 1.101471941748228, 1.1099115452315873, 1.1186625287615386, 1.1277176319092728, 1.1370660185871153, 1.1466926969472182, 1.1565786105968947, 1.1667056944002006, 1.1770557750331005, 1.1876085362230409, 1.19834188031354, 1.2092298853330439, 1.2202387298290132, 1.2313307081748095, 1.2424655554313346, 1.2536005958874679, 1.2646916387749816, 1.2756952799584438, 1.286567254737648, 1.2972607679393744, 1.3077333823739912, 1.3179430856598886, 1.3278502578251372, 1.3374228020290084, 1.346627995651091, 1.3554437414468012, 1.36384817281858, 1.3718294949038292, 1.3793773599898829, 1.3864908770735531, 1.3931697523127455, 1.399422246047789, 1.405257617971563, 1.4106907674358404, 1.415739610594781, 1.4204234082772274, 1.4247641996129092, 1.4287838111968496, 1.4325032881172193, 1.4359440141909694, 1.439127452105246, 1.4420752970962933, 1.4448097542683747, 1.4473529144625614, 1.4497250329956661, 1.4519435115269064, 1.4540235462182558, 1.4559789390346887, 1.457821634882577, 1.4595600332718301, 1.4612002020938082, 1.4627476980291672, 1.4642083761842608, 1.4655894463939385, 1.466898496985832, 1.4681426068188925, 1.4693290614608214, 1.4704634827013456, 1.471548758945801, 1.4725848533606383, 1.4735695618174152, 1.4745007603958122, 1.475379865037577, 1.4762076889644984, 1.4769820501667663, 1.4777016463069825, 1.4783675779400396, 1.4789831512612233, 1.4795521575938906, 1.4800769057655099, 1.4805596449712273, 1.4810000054046817, 1.4813997137936306, 1.481759485752512, 1.4820769578063668, 1.4823529369772122, 1.4825894473756167, 1.4827888076298477, 1.4829504934710804, 1.483073394504313, 1.4831577496594657, 1.4832057199132729, 1.483221047572437],
                                   'mu_dns': [0.0031093868648858504, 0.003118929474900845, 0.003128931124916561, 0.00313940612493302, 0.0031503684149502454, 0.0031618315849682582, 0.003173808834987078, 0.0031863129350067263, 0.003199356305027222, 0.003212951065048583, 0.00322710918507083, 0.003241842735093981, 0.0032571642551180568, 0.0032730872751430763, 0.0032896269551690657, 0.003306801145196052, 0.0033246315552240696, 0.003343142115253155, 0.003362335425283315, 0.0033821983853145254, 0.003402710785346757, 0.0034238444053799645, 0.00344556180541409, 0.0034678166454490595, 0.0034905651454848045, 0.0035137636155212573, 0.0035373639255583404, 0.0035613143755959748, 0.0035855552056340643, 0.0036100096556724907, 0.003634593055711119, 0.0036592158457498095, 0.0036837839557884136, 0.0037082008158267803, 0.0037323724158647613, 0.003756203645902208, 0.0037795946259389633, 0.0038024557359748854, 0.0038246989060098367, 0.0038462418260436873, 0.003867018966076335, 0.003886963736107675, 0.0039060327661376384, 0.003924183246166159, 0.003941394096193202, 0.0039576472262187416, 0.003972944716242779, 0.003987289666265319, 0.004000703256286397, 0.004013208476306046, 0.004024840066324323, 0.0040356388763412914, 0.00404564829635702, 0.004054917336371584, 0.004063494256385062, 0.004071425386397524, 0.004078757546409045, 0.004085537516419698, 0.004091812386429558, 0.004097630166438699, 0.0041030384764471975, 0.004108080906455121, 0.004112794876462529, 0.0041172130364694704, 0.004121365006475995, 0.004125276406482141, 0.004128965286487938, 0.0041324447164934035, 0.004135726656498561, 0.004138823676503428, 0.004141751196508028, 0.004144525416512387, 0.004147161436516529, 0.004149674776520479, 0.004152077416524253, 0.004154375536527865, 0.004156569116531312, 0.004158653546534587, 0.004160624386537684, 0.0041624846865406075, 0.00416423621654336, 0.004165874406545933, 0.004167396546548325, 0.004168805006550538, 0.004170106816552584, 0.004171310026554475, 0.004172419546556217, 0.004173440156557822, 0.0041743710965592845, 0.004175216036560612, 0.004175976506561807, 0.004176647526562861, 0.004177230816563778, 0.004177730666564563, 0.004178151986565225, 0.004178493676565762, 0.00417875339656617, 0.004178931656566451, 0.00417903302656661, 0.0041790654165666605],
                                   'rho_dns': [1.0, 0.9959226434505434, 0.9916802748862513, 0.9872709186883999, 0.9826930546742262, 0.9779456100135058, 0.9730279747091946, 0.9679400147754516, 0.9626820348462121, 0.9572547530136531, 0.9516592361075007, 0.945896798440688, 0.9399688596337009, 0.9338767542778542, 0.9276215101047915, 0.9212034879954422, 0.9146220122600314, 0.9078760539399903, 0.9009726984967493, 0.8939246415155169, 0.8867467987593299, 0.879456411196397, 0.8720732264731861, 0.8646191368556552, 0.8571141846651367, 0.8495774127371989, 0.8420283026764918, 0.8344863986046747, 0.8269726146609268, 0.8195117689307614, 0.8121295062008899, 0.8048512859198256, 0.797702237284009, 0.7907065796438966, 0.7838862585056953, 0.7772621262647604, 0.7708550391055482, 0.764681863656835, 0.7587581063861374, 0.7530969656457217, 0.7477067076192336, 0.7425955818752326, 0.7377657732460364, 0.7332194447519494, 0.7289535643568474, 0.7249647768666687, 0.7212452793852391, 0.7177876194483407, 0.7145806084076292, 0.7116132922612886, 0.7088725772393495, 0.7063445795515177, 0.7040154324215612, 0.7018705272575544, 0.6998959479827321, 0.6980786768834081, 0.6964059810948923, 0.6948654884854967, 0.6934450662968578, 0.6921326472538814, 0.6909164931424656, 0.6897859781959007, 0.6887320285266268, 0.6877467717774464, 0.6868231216744097, 0.6859549728664487, 0.685137971172275, 0.6843689171183133, 0.6836448974401736, 0.6829629008174426, 0.6823193237782146, 0.6817104264915328, 0.6811327423885316, 0.6805827409455784, 0.680057690492884, 0.6795561437708577, 0.6790780155845447, 0.6786242237296609, 0.678195648899877, 0.6777915462297099, 0.6774114560407558, 0.6770562986104603, 0.6767265926103304, 0.6764217606783571, 0.6761402245503854, 0.6758801944679271, 0.6756405671249835, 0.6754202732706751, 0.6752194438559446, 0.6750372574591351, 0.6748733580687352, 0.6747287951093359, 0.6746031765142128, 0.6744955602983246, 0.674404874689095, 0.6743313444397875, 0.6742754631737087, 0.6742371135029979, 0.6742153071378882, 0.6742083397728769]},
                      'case': 'Supersonic_M1.7R200',
                      'constant_Sq_heat': 0.0,
                      'use_visc_heating': True,
                      'Pr_turb': 1.0,
                      'fprint': '<function '
                                'Build_arguments_fi_run._mk_args_MK_solver.<locals>.<lambda> '
                                'at 0x7f5271b9f5e0>',
                      'compressible_correction': False,
                      'bool_solve_energy': False,
                      'output_last': False},
  'u_imp': 0.1,
  'k_imp': 1,
  'e_imp': 1,
  'solve_sparse_adj': True,
  'all_ref_beta_distrib': {'K': [1.0, 0.99998643, 0.99997219, 0.99995736, 0.99994198, 0.99992611, 0.99990984, 0.99989331, 0.99987669, 0.99986021, 0.99984415, 0.99982885, 0.9998147, 0.99980217, 0.99979178, 0.99978414, 0.99977997, 0.99978007, 0.99978532, 0.99979673, 0.99981545, 0.99984275, 0.99988007, 0.99992904, 0.99999151, 1.00006953, 1.00016535, 1.00028131, 1.0004197, 1.00058259, 1.00077168, 1.00098822, 1.00123301, 1.00150629, 1.00180751, 1.0021352, 1.002487, 1.00286022, 1.00325235, 1.0036612, 1.00408472, 1.00452062, 1.00496635, 1.00541896, 1.00587523, 1.00633167, 1.00678459, 1.00723007, 1.00766405, 1.00808232, 1.00848054, 1.00885421, 1.00919878, 1.00950961, 1.00978195, 1.01001104, 1.0101921, 1.01032029, 1.01039088, 1.01039908, 1.01034021, 1.01020956, 1.01000228, 1.00971354, 1.00933811, 1.00887051, 1.00830452, 1.00763333, 1.00684939, 1.00594499, 1.00491277, 1.00374656, 1.00244181, 1.00099585, 0.99940751, 0.99767639, 0.99580154, 0.99378, 0.99160591, 0.98927243, 0.98677919, 0.98414594, 0.9814288, 0.9787318, 0.9762053, 0.97402872, 0.97237969, 0.97139929, 0.97116319, 0.9716663, 0.97282415, 0.9744882, 0.97647003, 0.97856857, 0.98059511, 0.98239209, 0.98384315, 0.98487319, 0.98544047, 0.99278025], 'E': [1.0, 0.99999716, 0.99999538, 0.99999326, 0.99999075, 0.99998777, 0.99998423, 0.99998002, 0.999975, 0.99996902, 0.99996188, 0.99995334, 0.99994314, 0.99993094, 0.99991634, 0.99989887, 0.99987799, 0.99985306, 0.99982335, 0.99978806, 0.99974636, 0.99969749, 0.99964087, 0.99957624, 0.99950356, 0.99942239, 0.99933052, 0.9992224, 0.99908888, 0.99891972, 0.99870739, 0.99844799, 0.99813806, 0.997772, 0.99734232, 0.99684038, 0.99625658, 0.99558047, 0.99480089, 0.99390617, 0.99288412, 0.99172232, 0.99040803, 0.98892865, 0.98727178, 0.98542574, 0.98337979, 0.981125, 0.97865462, 0.975965, 0.97305641, 0.96993418, 0.9666097, 0.96310163, 0.95943777, 0.95565613, 0.95180717, 0.94795616, 0.9441853, 0.94059855, 0.93732597, 0.93453235, 0.93243299, 0.9313264, 0.93166054, 0.93409837, 0.93948495, 0.94860729, 0.96181014, 0.97869485, 0.99811418, 1.01846407, 1.0380972, 1.05566045, 1.07026109, 1.08147453, 1.08925607, 1.09382174, 1.09553798, 1.09483825, 1.09216778, 1.08795104, 1.08257572, 1.07638646, 1.06968483, 1.06273179, 1.05575094, 1.04893107, 1.04242831, 1.03636789, 1.03084604, 1.02593156, 1.02166747, 1.01807272, 1.01514398, 1.01285866, 1.01117965, 1.0100635, 1.00947087, 1.00467717]},
  'all_ref_delta_distrib': {'K': [-0.0, 0.00021904474827290262, 0.000456168434746061, 0.0007116767756585316, 0.0009868049299698964, 0.0012827292056787384, 0.0016003621994371308, 0.001939932184061424, 0.0023012295593893293, 0.002682913248561906, 0.0030824651915478266, 0.003495702979596139, 0.003916597124220474, 0.004336160932194755, 0.004742453083973631, 0.005118943203085398, 0.005443006515922239, 0.005685368644374123, 0.005808523314119039, 0.00576387263086211, 0.00548969431511329, 0.004909950244412124, 0.003931278220143445, 0.0024411489350175328, 0.0003062760096088258, -0.0026270058448201713, -0.006532226533053272, -0.011596800808455007, -0.018011727570275825, -0.025954261113607276, -0.035564422923028575, -0.04692042563006819, -0.060020949434331665, -0.07476930168757584, -0.09095781848969055, -0.10826663533902268, -0.1262811147273582, -0.14454354217447007, -0.16260836757293604, -0.18007490716689908, -0.19659564651577674, -0.2118723423354393, -0.22566005559928878, -0.23776627731806663, -0.24805321894703203, -0.2564345392030235, -0.262869615045675, -0.26735721573868004, -0.26992859079629933, -0.27064027530082535, -0.26956772788259464, -0.26679957359190143, -0.26243517872744915, -0.25658017256993276, -0.24934455300912192, -0.24084143761864257, -0.23118661858541611, -0.22049679469298106, -0.2088911751086893, -0.19648973008771253, -0.18341477648632012, -0.16978936950763845, -0.1557364510092749, -0.14138070382030593, -0.12684451691088766, -0.11224981331834104, -0.0977144889608665, -0.08335380925558927, -0.06927841430214528, -0.055595575372865434, -0.04240741519707906, -0.02980946589262289, -0.01788660473156759, -0.006709580948291809, 0.003669003890420247, 0.01321725582316386, 0.02192631518028783, 0.029810131388591583, 0.036900870362770885, 0.04323291301754526, 0.048813037610222425, 0.053584450517382747, 0.05740472737617443, 0.060057464461827345, 0.061305015354619456, 0.06096572025685151, 0.05898813818671017, 0.05549229677893456, 0.0507650313105904, 0.0452135568527386, 0.03929527794422699, 0.033445910658543146, 0.028023343784519157, 0.02327668168598412, 0.01934123611115354, 0.016254868237834997, 0.013987209388489026, 0.012473815795466229, 0.011647460792760442, 0.0057168839490313985], 'E': [-0.0, 0.0008166550505401794, 0.0017935829840623782, 0.0029677050547919966, 0.004376283660072003, 0.0060744858058057695, 0.00812904080685589, 0.010624669422390355, 0.01367208371426862, 0.01740043784457869, 0.021983177798526758, 0.027638662783890246, 0.03462482387035892, 0.04328313242291599, 0.05403900108996031, 0.06742275934805479, 0.08408910834518078, 0.10486413212481495, 0.1307712475548609, 0.1630700356210233, 0.20331092225055467, 0.2533819445705776, 0.31558629295885865, 0.3926855054953456, 0.48800308178654567, 0.6055189620771437, 0.7499756351015386, 0.9269245226869383, 1.1425499260541165, 1.4030108500715688, 1.7137981894312941, 2.079312621781152, 2.5023133961951634, 2.9832956072931136, 3.5202882967815365, 4.108977814609144, 4.742933018755123, 5.413740114745903, 6.111403304133329, 6.824760914674371, 7.5421130577252296, 8.25171231620485, 8.942348395796214, 9.603598482729137, 10.226111151543362, 10.801635690181076, 11.323086035652475, 11.784374542163526, 12.180379858651722, 12.506767491375863, 12.75988126280334, 12.936612722574534, 13.03431360028817, 13.050763565624441, 12.984033643748647, 12.832569019651414, 12.595127114967852, 12.270784617623267, 11.859033752073572, 11.359645744774934, 10.772732720040482, 10.098496438586192, 9.336466023927702, 8.483478833538678, 7.530099758177693, 6.460575015512435, 5.263806921340936, 3.9551918397363472, 2.5931369569907488, 1.2730299943645615, 0.0989349303267418, -0.8489728358548336, -1.5332993608984473, -1.9593948053788326, -2.162738778744827, -2.1930738476324643, -2.1015972083846077, -1.9332725662561934, -1.7236818609777795, -1.4988041701750656, -1.2763040460809587, -1.0672904355616248, -0.8780414646490966, -0.7114524190092896, -0.5681567917594071, -0.4473539403488712, -0.34738125276741383, -0.2661052603995123, -0.20118614469379528, -0.15025441706441983, -0.11103240797905546, -0.0814103522049128, -0.059493525183833114, -0.04362936496232663, -0.03241897906044648, -0.024718883382414434, -0.019633208641072486, -0.016500765331540494, -0.014877558249067816, -0.007241894953225987]},
  'fname_print': '/media/rafael/DATA/Dropbox/20220924_FIML_solver/data/output/field_inversion/Beta_k__1__Beta_e__1/u_imp_0.1/FI_run_Supersonic_M1.7R200_u_imp_0.1_k_imp_1_e_imp_1/FI_run_Supersonic_M1.7R200_u_imp_0.1_k_imp_1_e_imp_1.log',
  'folder': '/media/rafael/DATA/Dropbox/20220924_FIML_solver/data/output/field_inversion/Beta_k__1__Beta_e__1/u_imp_0.1/FI_run_Supersonic_M1.7R200_u_imp_0.1_k_imp_1_e_imp_1',
  'iters_limit': 15000}
# End_Input_Arguments

# ------------------------------------------------------------------------
#                  Iterations
# ------------------------------------------------------------------------

iter:      0 (Jcost: 1.089902e-02) (lr = 1.000e-03) (elapsed time:  0.002) (secs/iter:   None) (n_accepted: 0%) (u_error:  6.222100 %) (beta_change:  6.218740 %) (delta_change:  0.614182 %) (delta_peak/R:  0.000000 %)
-> Saved file: /media/rafael/DATA/Dropbox/20220924_FIML_solver/data/output/field_inversion/Beta_k__1__Beta_e__1/u_imp_0.1/FI_run_Supersonic_M1.7R200_u_imp_0.1_k_imp_1_e_imp_1/FI_run_Supersonic_M1.7R200_u_imp_0.1_k_imp_1_e_imp_1_state_iter_0.dat
iter:    100 (Jcost: 4.591471e-03) (lr = 7.874e-01) (elapsed time: 102.125) (secs/iter:  1.021) (n_accepted: 87%) (u_error:  4.203057 %) (beta_change:  4.130439 %) (delta_change:  0.121682 %) (delta_peak/R:  0.574231 %)
iter:    200 (Jcost: 4.525357e-03) (lr = 6.759e-01) (elapsed time: 220.406) (secs/iter:  1.183) (n_accepted: 79%) (u_error:  4.179834 %) (beta_change:  2.218933 %) (delta_change:  0.063027 %) (delta_peak/R:  0.571231 %)
iter:    300 (Jcost: 4.495843e-03) (lr = 1.392e+00) (elapsed time: 308.841) (secs/iter:  0.884) (n_accepted: 80%) (u_error:  4.156811 %) (beta_change:  0.929259 %) (delta_change:  0.041704 %) (delta_peak/R:  0.572594 %)
iter:    400 (Jcost: 4.480126e-03) (lr = 2.869e+00) (elapsed time: 374.815) (secs/iter:  0.660) (n_accepted: 80%) (u_error:  4.149080 %) (beta_change:  0.215300 %) (delta_change:  0.042133 %) (delta_peak/R:  0.572238 %)
iter:    500 (Jcost: 4.468419e-03) (lr = 2.462e+00) (elapsed time: 454.868) (secs/iter:  0.801) (n_accepted: 79%) (u_error:  4.138487 %) (beta_change:  0.894394 %) (delta_change:  0.041614 %) (delta_peak/R:  0.572845 %)
-> Saved file: /media/rafael/DATA/Dropbox/20220924_FIML_solver/data/output/field_inversion/Beta_k__1__Beta_e__1/u_imp_0.1/FI_run_Supersonic_M1.7R200_u_imp_0.1_k_imp_1_e_imp_1/FI_run_Supersonic_M1.7R200_u_imp_0.1_k_imp_1_e_imp_1_state_iter_500.dat
iter:    600 (Jcost: 4.460478e-03) (lr = 5.073e+00) (elapsed time: 564.664) (secs/iter:  1.098) (n_accepted: 80%) (u_error:  4.135527 %) (beta_change:  1.615687 %) (delta_change:  0.042292 %) (delta_peak/R:  0.572301 %)
iter:    700 (Jcost: 4.454225e-03) (lr = 1.814e+00) (elapsed time: 670.631) (secs/iter:  1.060) (n_accepted: 78%) (u_error:  4.129508 %) (beta_change:  2.280760 %) (delta_change:  0.046448 %) (delta_peak/R:  0.572572 %)
iter:    800 (Jcost: 4.449481e-03) (lr = 8.971e+00) (elapsed time: 736.315) (secs/iter:  0.657) (n_accepted: 81%) (u_error:  4.120832 %) (beta_change:  2.873787 %) (delta_change:  0.055538 %) (delta_peak/R:  0.573569 %)
iter:    900 (Jcost: 4.445937e-03) (lr = 1.337e+00) (elapsed time: 827.261) (secs/iter:  0.909) (n_accepted: 77%) (u_error:  4.118932 %) (beta_change:  3.357302 %) (delta_change:  0.062033 %) (delta_peak/R:  0.573348 %)
iter:   1000 (Jcost: 4.443150e-03) (lr = 2.754e+00) (elapsed time: 919.932) (secs/iter:  0.927) (n_accepted: 80%) (u_error:  4.122581 %) (beta_change:  3.763176 %) (delta_change:  0.067306 %) (delta_peak/R:  0.572096 %)
-> Saved file: /media/rafael/DATA/Dropbox/20220924_FIML_solver/data/output/field_inversion/Beta_k__1__Beta_e__1/u_imp_0.1/FI_run_Supersonic_M1.7R200_u_imp_0.1_k_imp_1_e_imp_1/FI_run_Supersonic_M1.7R200_u_imp_0.1_k_imp_1_e_imp_1_state_iter_1000.dat
iter:   1100 (Jcost: 4.440412e-03) (lr = 5.674e+00) (elapsed time: 1024.997) (secs/iter:  1.051) (n_accepted: 80%) (u_error:  4.120971 %) (beta_change:  4.215039 %) (delta_change:  0.073136 %) (delta_peak/R:  0.571909 %)
iter:   1200 (Jcost: 4.438208e-03) (lr = 2.030e+00) (elapsed time: 1122.359) (secs/iter:  0.974) (n_accepted: 78%) (u_error:  4.115899 %) (beta_change:  4.613929 %) (delta_change:  0.077833 %) (delta_peak/R:  0.572520 %)
iter:   1300 (Jcost: 4.436307e-03) (lr = 1.742e+00) (elapsed time: 1215.561) (secs/iter:  0.932) (n_accepted: 79%) (u_error:  4.118540 %) (beta_change:  4.975683 %) (delta_change:  0.081719 %) (delta_peak/R:  0.571584 %)
iter:   1400 (Jcost: 4.434672e-03) (lr = 1.495e+00) (elapsed time: 1310.621) (secs/iter:  0.951) (n_accepted: 79%) (u_error:  4.118463 %) (beta_change:  5.312334 %) (delta_change:  0.085059 %) (delta_peak/R:  0.571250 %)
iter:   1500 (Jcost: 4.433310e-03) (lr = 7.394e+00) (elapsed time: 1409.148) (secs/iter:  0.985) (n_accepted: 81%) (u_error:  4.112908 %) (beta_change:  5.618140 %) (delta_change:  0.087818 %) (delta_peak/R:  0.572100 %)
-> Saved file: /media/rafael/DATA/Dropbox/20220924_FIML_solver/data/output/field_inversion/Beta_k__1__Beta_e__1/u_imp_0.1/FI_run_Supersonic_M1.7R200_u_imp_0.1_k_imp_1_e_imp_1/FI_run_Supersonic_M1.7R200_u_imp_0.1_k_imp_1_e_imp_1_state_iter_1500.dat
iter:   1600 (Jcost: 4.432178e-03) (lr = 1.102e+00) (elapsed time: 1510.320) (secs/iter:  1.012) (n_accepted: 77%) (u_error:  4.117371 %) (beta_change:  5.895199 %) (delta_change:  0.090040 %) (delta_peak/R:  0.570916 %)
iter:   1700 (Jcost: 4.431098e-03) (lr = 9.459e-01) (elapsed time: 1604.639) (secs/iter:  0.943) (n_accepted: 79%) (u_error:  4.113977 %) (beta_change:  6.170145 %) (delta_change:  0.092128 %) (delta_peak/R:  0.571371 %)
iter:   1800 (Jcost: 4.430079e-03) (lr = 4.677e+00) (elapsed time: 1699.765) (secs/iter:  0.951) (n_accepted: 81%) (u_error:  4.112414 %) (beta_change:  6.448489 %) (delta_change:  0.094099 %) (delta_peak/R:  0.571450 %)
iter:   1900 (Jcost: 4.429240e-03) (lr = 6.970e-01) (elapsed time: 1795.023) (secs/iter:  0.953) (n_accepted: 77%) (u_error:  4.114458 %) (beta_change:  6.691835 %) (delta_change:  0.095728 %) (delta_peak/R:  0.570816 %)
iter:   2000 (Jcost: 4.428379e-03) (lr = 8.271e+00) (elapsed time: 1886.542) (secs/iter:  0.915) (n_accepted: 82%) (u_error:  4.113366 %) (beta_change:  6.951079 %) (delta_change:  0.097405 %) (delta_peak/R:  0.570825 %)
-> Saved file: /media/rafael/DATA/Dropbox/20220924_FIML_solver/data/output/field_inversion/Beta_k__1__Beta_e__1/u_imp_0.1/FI_run_Supersonic_M1.7R200_u_imp_0.1_k_imp_1_e_imp_1/FI_run_Supersonic_M1.7R200_u_imp_0.1_k_imp_1_e_imp_1_state_iter_2000.dat
iter:   2100 (Jcost: 4.427684e-03) (lr = 2.958e+00) (elapsed time: 1982.590) (secs/iter:  0.960) (n_accepted: 78%) (u_error:  4.112472 %) (beta_change:  7.170815 %) (delta_change:  0.098751 %) (delta_peak/R:  0.570830 %)
iter:   2200 (Jcost: 4.426994e-03) (lr = 2.539e+00) (elapsed time: 2070.469) (secs/iter:  0.879) (n_accepted: 79%) (u_error:  4.109431 %) (beta_change:  7.400003 %) (delta_change:  0.100093 %) (delta_peak/R:  0.571277 %)
iter:   2300 (Jcost: 4.426392e-03) (lr = 5.231e+00) (elapsed time: 2164.162) (secs/iter:  0.937) (n_accepted: 80%) (u_error:  4.109733 %) (beta_change:  7.611802 %) (delta_change:  0.101245 %) (delta_peak/R:  0.571050 %)
iter:   2400 (Jcost: 4.425863e-03) (lr = 1.871e+00) (elapsed time: 2253.901) (secs/iter:  0.897) (n_accepted: 78%) (u_error:  4.109798 %) (beta_change:  7.806552 %) (delta_change:  0.102262 %) (delta_peak/R:  0.570888 %)
iter:   2500 (Jcost: 4.425311e-03) (lr = 9.251e+00) (elapsed time: 2340.421) (secs/iter:  0.865) (n_accepted: 81%) (u_error:  4.108513 %) (beta_change:  8.018594 %) (delta_change:  0.103329 %) (delta_peak/R:  0.570997 %)
-> Saved file: /media/rafael/DATA/Dropbox/20220924_FIML_solver/data/output/field_inversion/Beta_k__1__Beta_e__1/u_imp_0.1/FI_run_Supersonic_M1.7R200_u_imp_0.1_k_imp_1_e_imp_1/FI_run_Supersonic_M1.7R200_u_imp_0.1_k_imp_1_e_imp_1_state_iter_2500.dat
iter:   2600 (Jcost: 4.424866e-03) (lr = 1.379e+00) (elapsed time: 2436.310) (secs/iter:  0.959) (n_accepted: 77%) (u_error:  4.107642 %) (beta_change:  8.196858 %) (delta_change:  0.104192 %) (delta_peak/R:  0.571047 %)
iter:   2700 (Jcost: 4.424436e-03) (lr = 2.840e+00) (elapsed time: 2527.188) (secs/iter:  0.909) (n_accepted: 80%) (u_error:  4.108735 %) (beta_change:  8.373081 %) (delta_change:  0.105008 %) (delta_peak/R:  0.570693 %)
iter:   2800 (Jcost: 4.424028e-03) (lr = 4.233e-01) (elapsed time: 2630.926) (secs/iter:  1.037) (n_accepted: 77%) (u_error:  4.108243 %) (beta_change:  8.547780 %) (delta_change:  0.105796 %) (delta_peak/R:  0.570671 %)
iter:   2900 (Jcost: 4.423648e-03) (lr = 5.023e+00) (elapsed time: 2716.506) (secs/iter:  0.856) (n_accepted: 82%) (u_error:  4.108208 %) (beta_change:  8.716371 %) (delta_change:  0.106531 %) (delta_peak/R:  0.570560 %)
iter:   3000 (Jcost: 4.423308e-03) (lr = 4.312e+00) (elapsed time: 2810.312) (secs/iter:  0.938) (n_accepted: 79%) (u_error:  4.107962 %) (beta_change:  8.872177 %) (delta_change:  0.107190 %) (delta_peak/R:  0.570503 %)
-> Saved file: /media/rafael/DATA/Dropbox/20220924_FIML_solver/data/output/field_inversion/Beta_k__1__Beta_e__1/u_imp_0.1/FI_run_Supersonic_M1.7R200_u_imp_0.1_k_imp_1_e_imp_1/FI_run_Supersonic_M1.7R200_u_imp_0.1_k_imp_1_e_imp_1_state_iter_3000.dat
iter:   3100 (Jcost: 4.423005e-03) (lr = 8.883e+00) (elapsed time: 2903.614) (secs/iter:  0.933) (n_accepted: 80%) (u_error:  4.108757 %) (beta_change:  9.017327 %) (delta_change:  0.107784 %) (delta_peak/R:  0.570239 %)
iter:   3200 (Jcost: 4.422715e-03) (lr = 7.625e+00) (elapsed time: 2993.723) (secs/iter:  0.901) (n_accepted: 79%) (u_error:  4.107290 %) (beta_change:  9.156128 %) (delta_change:  0.108345 %) (delta_peak/R:  0.570450 %)
iter:   3300 (Jcost: 4.422420e-03) (lr = 6.545e+00) (elapsed time: 3089.729) (secs/iter:  0.960) (n_accepted: 79%) (u_error:  4.107768 %) (beta_change:  9.304598 %) (delta_change:  0.108922 %) (delta_peak/R:  0.570252 %)
iter:   3400 (Jcost: 4.422191e-03) (lr = 4.064e-01) (elapsed time: 3183.794) (secs/iter:  0.941) (n_accepted: 76%) (u_error:  4.106641 %) (beta_change:  9.421869 %) (delta_change:  0.109373 %) (delta_peak/R:  0.570410 %)
iter:   3500 (Jcost: 4.421913e-03) (lr = 2.009e+00) (elapsed time: 3266.562) (secs/iter:  0.828) (n_accepted: 81%) (u_error:  4.107482 %) (beta_change:  9.571537 %) (delta_change:  0.109997 %) (delta_peak/R:  0.570139 %)
-> Saved file: /media/rafael/DATA/Dropbox/20220924_FIML_solver/data/output/field_inversion/Beta_k__1__Beta_e__1/u_imp_0.1/FI_run_Supersonic_M1.7R200_u_imp_0.1_k_imp_1_e_imp_1/FI_run_Supersonic_M1.7R200_u_imp_0.1_k_imp_1_e_imp_1_state_iter_3500.dat
iter:   3600 (Jcost: 4.421676e-03) (lr = 4.140e+00) (elapsed time: 3358.166) (secs/iter:  0.916) (n_accepted: 80%) (u_error:  4.106087 %) (beta_change:  9.700170 %) (delta_change:  0.110535 %) (delta_peak/R:  0.570347 %)
iter:   3700 (Jcost: 4.421473e-03) (lr = 1.481e+00) (elapsed time: 3443.353) (secs/iter:  0.852) (n_accepted: 78%) (u_error:  4.106059 %) (beta_change:  9.814541 %) (delta_change:  0.111000 %) (delta_peak/R:  0.570282 %)
iter:   3800 (Jcost: 4.421253e-03) (lr = 1.271e+00) (elapsed time: 3526.074) (secs/iter:  0.827) (n_accepted: 79%) (u_error:  4.105928 %) (beta_change:  9.940887 %) (delta_change:  0.111503 %) (delta_peak/R:  0.570230 %)
iter:   3900 (Jcost: 4.421035e-03) (lr = 2.618e+00) (elapsed time: 3614.194) (secs/iter:  0.881) (n_accepted: 80%) (u_error:  4.106323 %) (beta_change: 10.069701 %) (delta_change:  0.112002 %) (delta_peak/R:  0.570069 %)
iter:   4000 (Jcost: 4.420859e-03) (lr = 2.248e+00) (elapsed time: 3701.953) (secs/iter:  0.878) (n_accepted: 79%) (u_error:  4.105742 %) (beta_change: 10.177087 %) (delta_change:  0.112403 %) (delta_peak/R:  0.570126 %)
-> Saved file: /media/rafael/DATA/Dropbox/20220924_FIML_solver/data/output/field_inversion/Beta_k__1__Beta_e__1/u_imp_0.1/FI_run_Supersonic_M1.7R200_u_imp_0.1_k_imp_1_e_imp_1/FI_run_Supersonic_M1.7R200_u_imp_0.1_k_imp_1_e_imp_1_state_iter_4000.dat
iter:   4100 (Jcost: 4.420688e-03) (lr = 4.631e+00) (elapsed time: 3793.332) (secs/iter:  0.914) (n_accepted: 80%) (u_error:  4.105032 %) (beta_change: 10.295002 %) (delta_change:  0.112797 %) (delta_peak/R:  0.570210 %)
iter:   4200 (Jcost: 4.420527e-03) (lr = 6.901e-01) (elapsed time: 3878.930) (secs/iter:  0.856) (n_accepted: 77%) (u_error:  4.105245 %) (beta_change: 10.408078 %) (delta_change:  0.113163 %) (delta_peak/R:  0.570106 %)
iter:   4300 (Jcost: 4.420370e-03) (lr = 1.422e+00) (elapsed time: 3963.044) (secs/iter:  0.841) (n_accepted: 80%) (u_error:  4.105132 %) (beta_change: 10.521067 %) (delta_change:  0.113521 %) (delta_peak/R:  0.570070 %)
iter:   4400 (Jcost: 4.420218e-03) (lr = 5.085e-01) (elapsed time: 4037.872) (secs/iter:  0.748) (n_accepted: 78%) (u_error:  4.104940 %) (beta_change: 10.633058 %) (delta_change:  0.113869 %) (delta_peak/R:  0.570052 %)
iter:   4500 (Jcost: 4.420068e-03) (lr = 6.034e+00) (elapsed time: 4124.771) (secs/iter:  0.869) (n_accepted: 82%) (u_error:  4.105619 %) (beta_change: 10.746988 %) (delta_change:  0.114211 %) (delta_peak/R:  0.569853 %)
-> Saved file: /media/rafael/DATA/Dropbox/20220924_FIML_solver/data/output/field_inversion/Beta_k__1__Beta_e__1/u_imp_0.1/FI_run_Supersonic_M1.7R200_u_imp_0.1_k_imp_1_e_imp_1/FI_run_Supersonic_M1.7R200_u_imp_0.1_k_imp_1_e_imp_1_state_iter_4500.dat
iter:   4600 (Jcost: 4.419932e-03) (lr = 2.158e+00) (elapsed time: 4221.509) (secs/iter:  0.967) (n_accepted: 78%) (u_error:  4.104756 %) (beta_change: 10.850767 %) (delta_change:  0.114520 %) (delta_peak/R:  0.569980 %)
iter:   4700 (Jcost: 4.419793e-03) (lr = 1.853e+00) (elapsed time: 4308.314) (secs/iter:  0.868) (n_accepted: 79%) (u_error:  4.103680 %) (beta_change: 10.961140 %) (delta_change:  0.114841 %) (delta_peak/R:  0.570149 %)
iter:   4800 (Jcost: 4.419678e-03) (lr = 3.817e+00) (elapsed time: 4398.010) (secs/iter:  0.897) (n_accepted: 80%) (u_error:  4.104538 %) (beta_change: 11.051606 %) (delta_change:  0.115095 %) (delta_peak/R:  0.569927 %)
iter:   4900 (Jcost: 4.419556e-03) (lr = 3.276e+00) (elapsed time: 4485.366) (secs/iter:  0.874) (n_accepted: 79%) (u_error:  4.104462 %) (beta_change: 11.151200 %) (delta_change:  0.115371 %) (delta_peak/R:  0.569894 %)
iter:   5000 (Jcost: 4.419436e-03) (lr = 1.172e+00) (elapsed time: 4571.592) (secs/iter:  0.862) (n_accepted: 78%) (u_error:  4.103719 %) (beta_change: 11.251001 %) (delta_change:  0.115643 %) (delta_peak/R:  0.570001 %)
-> Saved file: /media/rafael/DATA/Dropbox/20220924_FIML_solver/data/output/field_inversion/Beta_k__1__Beta_e__1/u_imp_0.1/FI_run_Supersonic_M1.7R200_u_imp_0.1_k_imp_1_e_imp_1/FI_run_Supersonic_M1.7R200_u_imp_0.1_k_imp_1_e_imp_1_state_iter_5000.dat
iter:   5100 (Jcost: 4.419328e-03) (lr = 2.414e+00) (elapsed time: 4663.778) (secs/iter:  0.922) (n_accepted: 80%) (u_error:  4.104686 %) (beta_change: 11.341787 %) (delta_change:  0.115882 %) (delta_peak/R:  0.569757 %)
iter:   5200 (Jcost: 4.419219e-03) (lr = 4.973e+00) (elapsed time: 4753.959) (secs/iter:  0.902) (n_accepted: 80%) (u_error:  4.104351 %) (beta_change: 11.434461 %) (delta_change:  0.116124 %) (delta_peak/R:  0.569783 %)
iter:   5300 (Jcost: 4.419125e-03) (lr = 4.269e+00) (elapsed time: 4843.340) (secs/iter:  0.894) (n_accepted: 79%) (u_error:  4.104027 %) (beta_change: 11.516337 %) (delta_change:  0.116334 %) (delta_peak/R:  0.569813 %)
iter:   5400 (Jcost: 4.419030e-03) (lr = 3.664e+00) (elapsed time: 4929.258) (secs/iter:  0.859) (n_accepted: 79%) (u_error:  4.105042 %) (beta_change: 11.601830 %) (delta_change:  0.116545 %) (delta_peak/R:  0.569563 %)
iter:   5500 (Jcost: 4.418936e-03) (lr = 1.311e+00) (elapsed time: 5015.092) (secs/iter:  0.858) (n_accepted: 78%) (u_error:  4.104053 %) (beta_change: 11.683623 %) (delta_change:  0.116748 %) (delta_peak/R:  0.569732 %)
-> Saved file: /media/rafael/DATA/Dropbox/20220924_FIML_solver/data/output/field_inversion/Beta_k__1__Beta_e__1/u_imp_0.1/FI_run_Supersonic_M1.7R200_u_imp_0.1_k_imp_1_e_imp_1/FI_run_Supersonic_M1.7R200_u_imp_0.1_k_imp_1_e_imp_1_state_iter_5500.dat
iter:   5600 (Jcost: 4.418841e-03) (lr = 6.480e+00) (elapsed time: 5115.343) (secs/iter:  1.003) (n_accepted: 81%) (u_error:  4.104477 %) (beta_change: 11.770582 %) (delta_change:  0.116955 %) (delta_peak/R:  0.569605 %)
iter:   5700 (Jcost: 4.418762e-03) (lr = 9.658e-01) (elapsed time: 5188.899) (secs/iter:  0.736) (n_accepted: 77%) (u_error:  4.103759 %) (beta_change: 11.843066 %) (delta_change:  0.117128 %) (delta_peak/R:  0.569723 %)
iter:   5800 (Jcost: 4.418673e-03) (lr = 4.775e+00) (elapsed time: 5283.138) (secs/iter:  0.942) (n_accepted: 81%) (u_error:  4.103717 %) (beta_change: 11.925536 %) (delta_change:  0.117319 %) (delta_peak/R:  0.569696 %)
iter:   5900 (Jcost: 4.418593e-03) (lr = 7.116e-01) (elapsed time: 5364.009) (secs/iter:  0.809) (n_accepted: 77%) (u_error:  4.103693 %) (beta_change: 12.000405 %) (delta_change:  0.117489 %) (delta_peak/R:  0.569668 %)
iter:   6000 (Jcost: 4.418515e-03) (lr = 3.518e+00) (elapsed time: 5448.025) (secs/iter:  0.840) (n_accepted: 81%) (u_error:  4.103557 %) (beta_change: 12.074686 %) (delta_change:  0.117655 %) (delta_peak/R:  0.569665 %)
-> Saved file: /media/rafael/DATA/Dropbox/20220924_FIML_solver/data/output/field_inversion/Beta_k__1__Beta_e__1/u_imp_0.1/FI_run_Supersonic_M1.7R200_u_imp_0.1_k_imp_1_e_imp_1/FI_run_Supersonic_M1.7R200_u_imp_0.1_k_imp_1_e_imp_1_state_iter_6000.dat
iter:   6100 (Jcost: 4.418432e-03) (lr = 3.020e+00) (elapsed time: 5540.053) (secs/iter:  0.920) (n_accepted: 79%) (u_error:  4.103444 %) (beta_change: 12.153677 %) (delta_change:  0.117828 %) (delta_peak/R:  0.569655 %)
iter:   6200 (Jcost: 4.418356e-03) (lr = 1.080e+00) (elapsed time: 5627.380) (secs/iter:  0.873) (n_accepted: 78%) (u_error:  4.102738 %) (beta_change: 12.227711 %) (delta_change:  0.117990 %) (delta_peak/R:  0.569771 %)
iter:   6300 (Jcost: 4.418276e-03) (lr = 5.341e+00) (elapsed time: 5711.537) (secs/iter:  0.842) (n_accepted: 81%) (u_error:  4.103335 %) (beta_change: 12.305182 %) (delta_change:  0.118152 %) (delta_peak/R:  0.569615 %)
iter:   6400 (Jcost: 4.418207e-03) (lr = 1.910e+00) (elapsed time: 5795.617) (secs/iter:  0.841) (n_accepted: 78%) (u_error:  4.103606 %) (beta_change: 12.372001 %) (delta_change:  0.118290 %) (delta_peak/R:  0.569531 %)
iter:   6500 (Jcost: 4.418138e-03) (lr = 3.936e+00) (elapsed time: 5882.796) (secs/iter:  0.872) (n_accepted: 80%) (u_error:  4.103269 %) (beta_change: 12.440122 %) (delta_change:  0.118431 %) (delta_peak/R:  0.569574 %)
-> Saved file: /media/rafael/DATA/Dropbox/20220924_FIML_solver/data/output/field_inversion/Beta_k__1__Beta_e__1/u_imp_0.1/FI_run_Supersonic_M1.7R200_u_imp_0.1_k_imp_1_e_imp_1/FI_run_Supersonic_M1.7R200_u_imp_0.1_k_imp_1_e_imp_1_state_iter_6500.dat
iter:   6600 (Jcost: 4.418067e-03) (lr = 1.408e+00) (elapsed time: 5970.717) (secs/iter:  0.879) (n_accepted: 78%) (u_error:  4.103590 %) (beta_change: 12.510511 %) (delta_change:  0.118572 %) (delta_peak/R:  0.569479 %)
iter:   6700 (Jcost: 4.418004e-03) (lr = 1.208e+00) (elapsed time: 6046.703) (secs/iter:  0.760) (n_accepted: 79%) (u_error:  4.102887 %) (beta_change: 12.573337 %) (delta_change:  0.118698 %) (delta_peak/R:  0.569600 %)
iter:   6800 (Jcost: 4.417944e-03) (lr = 2.489e+00) (elapsed time: 6135.099) (secs/iter:  0.884) (n_accepted: 80%) (u_error:  4.103091 %) (beta_change: 12.632740 %) (delta_change:  0.118813 %) (delta_peak/R:  0.569534 %)
iter:   6900 (Jcost: 4.417877e-03) (lr = 5.128e+00) (elapsed time: 6220.534) (secs/iter:  0.854) (n_accepted: 80%) (u_error:  4.103142 %) (beta_change: 12.699960 %) (delta_change:  0.118942 %) (delta_peak/R:  0.569497 %)
iter:   7000 (Jcost: 4.417812e-03) (lr = 1.834e+00) (elapsed time: 6298.922) (secs/iter:  0.784) (n_accepted: 78%) (u_error:  4.103721 %) (beta_change: 12.766621 %) (delta_change:  0.119066 %) (delta_peak/R:  0.569351 %)
-> Saved file: /media/rafael/DATA/Dropbox/20220924_FIML_solver/data/output/field_inversion/Beta_k__1__Beta_e__1/u_imp_0.1/FI_run_Supersonic_M1.7R200_u_imp_0.1_k_imp_1_e_imp_1/FI_run_Supersonic_M1.7R200_u_imp_0.1_k_imp_1_e_imp_1_state_iter_7000.dat
iter:   7100 (Jcost: 4.417750e-03) (lr = 1.574e+00) (elapsed time: 6386.645) (secs/iter:  0.877) (n_accepted: 79%) (u_error:  4.103470 %) (beta_change: 12.828316 %) (delta_change:  0.119181 %) (delta_peak/R:  0.569379 %)
iter:   7200 (Jcost: 4.417697e-03) (lr = 5.631e-01) (elapsed time: 6474.765) (secs/iter:  0.881) (n_accepted: 78%) (u_error:  4.102208 %) (beta_change: 12.882885 %) (delta_change:  0.119285 %) (delta_peak/R:  0.569621 %)
iter:   7300 (Jcost: 4.417640e-03) (lr = 1.160e+00) (elapsed time: 6556.665) (secs/iter:  0.819) (n_accepted: 80%) (u_error:  4.102892 %) (beta_change: 12.939730 %) (delta_change:  0.119385 %) (delta_peak/R:  0.569457 %)
iter:   7400 (Jcost: 4.417581e-03) (lr = 2.390e+00) (elapsed time: 6636.353) (secs/iter:  0.797) (n_accepted: 80%) (u_error:  4.102827 %) (beta_change: 12.999260 %) (delta_change:  0.119491 %) (delta_peak/R:  0.569448 %)
iter:   7500 (Jcost: 4.417522e-03) (lr = 8.549e-01) (elapsed time: 6718.773) (secs/iter:  0.824) (n_accepted: 78%) (u_error:  4.102832 %) (beta_change: 13.059511 %) (delta_change:  0.119596 %) (delta_peak/R:  0.569425 %)
-> Saved file: /media/rafael/DATA/Dropbox/20220924_FIML_solver/data/output/field_inversion/Beta_k__1__Beta_e__1/u_imp_0.1/FI_run_Supersonic_M1.7R200_u_imp_0.1_k_imp_1_e_imp_1/FI_run_Supersonic_M1.7R200_u_imp_0.1_k_imp_1_e_imp_1_state_iter_7500.dat
iter:   7600 (Jcost: 4.417461e-03) (lr = 4.227e+00) (elapsed time: 6799.892) (secs/iter:  0.811) (n_accepted: 81%) (u_error:  4.102527 %) (beta_change: 13.120954 %) (delta_change:  0.119702 %) (delta_peak/R:  0.569466 %)
iter:   7700 (Jcost: 4.417408e-03) (lr = 3.628e+00) (elapsed time: 6887.949) (secs/iter:  0.881) (n_accepted: 79%) (u_error:  4.102762 %) (beta_change: 13.174805 %) (delta_change:  0.119792 %) (delta_peak/R:  0.569397 %)
iter:   7800 (Jcost: 4.417356e-03) (lr = 1.298e+00) (elapsed time: 6971.252) (secs/iter:  0.833) (n_accepted: 78%) (u_error:  4.102717 %) (beta_change: 13.228142 %) (delta_change:  0.119881 %) (delta_peak/R:  0.569387 %)
iter:   7900 (Jcost: 4.417301e-03) (lr = 6.416e+00) (elapsed time: 7051.828) (secs/iter:  0.806) (n_accepted: 81%) (u_error:  4.102632 %) (beta_change: 13.283272 %) (delta_change:  0.119971 %) (delta_peak/R:  0.569385 %)
iter:   8000 (Jcost: 4.417250e-03) (lr = 2.295e+00) (elapsed time: 7136.035) (secs/iter:  0.842) (n_accepted: 78%) (u_error:  4.102874 %) (beta_change: 13.335124 %) (delta_change:  0.120054 %) (delta_peak/R:  0.569316 %)
-> Saved file: /media/rafael/DATA/Dropbox/20220924_FIML_solver/data/output/field_inversion/Beta_k__1__Beta_e__1/u_imp_0.1/FI_run_Supersonic_M1.7R200_u_imp_0.1_k_imp_1_e_imp_1/FI_run_Supersonic_M1.7R200_u_imp_0.1_k_imp_1_e_imp_1_state_iter_8000.dat
iter:   8100 (Jcost: 4.417200e-03) (lr = 4.728e+00) (elapsed time: 7227.145) (secs/iter:  0.911) (n_accepted: 80%) (u_error:  4.102538 %) (beta_change: 13.386198 %) (delta_change:  0.120136 %) (delta_peak/R:  0.569367 %)
iter:   8200 (Jcost: 4.417145e-03) (lr = 9.740e+00) (elapsed time: 7317.462) (secs/iter:  0.903) (n_accepted: 80%) (u_error:  4.102829 %) (beta_change: 13.441702 %) (delta_change:  0.120222 %) (delta_peak/R:  0.569287 %)
iter:   8300 (Jcost: 4.417101e-03) (lr = 1.452e+00) (elapsed time: 7374.526) (secs/iter:  0.571) (n_accepted: 77%) (u_error:  4.102422 %) (beta_change: 13.485185 %) (delta_change:  0.120290 %) (delta_peak/R:  0.569357 %)
iter:   8400 (Jcost: 4.417048e-03) (lr = 2.990e+00) (elapsed time: 7421.039) (secs/iter:  0.465) (n_accepted: 80%) (u_error:  4.102441 %) (beta_change: 13.538776 %) (delta_change:  0.120371 %) (delta_peak/R:  0.569334 %)
iter:   8500 (Jcost: 4.417002e-03) (lr = 2.567e+00) (elapsed time: 7472.847) (secs/iter:  0.518) (n_accepted: 79%) (u_error:  4.102367 %) (beta_change: 13.584347 %) (delta_change:  0.120439 %) (delta_peak/R:  0.569334 %)
-> Saved file: /media/rafael/DATA/Dropbox/20220924_FIML_solver/data/output/field_inversion/Beta_k__1__Beta_e__1/u_imp_0.1/FI_run_Supersonic_M1.7R200_u_imp_0.1_k_imp_1_e_imp_1/FI_run_Supersonic_M1.7R200_u_imp_0.1_k_imp_1_e_imp_1_state_iter_8500.dat
iter:   8600 (Jcost: 4.416957e-03) (lr = 5.288e+00) (elapsed time: 7524.935) (secs/iter:  0.521) (n_accepted: 80%) (u_error:  4.102330 %) (beta_change: 13.630168 %) (delta_change:  0.120506 %) (delta_peak/R:  0.569326 %)
iter:   8700 (Jcost: 4.416911e-03) (lr = 4.539e+00) (elapsed time: 7596.654) (secs/iter:  0.717) (n_accepted: 79%) (u_error:  4.102346 %) (beta_change: 13.675197 %) (delta_change:  0.120571 %) (delta_peak/R:  0.569307 %)
iter:   8800 (Jcost: 4.416865e-03) (lr = 1.624e+00) (elapsed time: 7684.728) (secs/iter:  0.881) (n_accepted: 78%) (u_error:  4.101897 %) (beta_change: 13.721488 %) (delta_change:  0.120638 %) (delta_peak/R:  0.569385 %)
iter:   8900 (Jcost: 4.416815e-03) (lr = 3.345e+00) (elapsed time: 7767.611) (secs/iter:  0.829) (n_accepted: 80%) (u_error:  4.102165 %) (beta_change: 13.770317 %) (delta_change:  0.120705 %) (delta_peak/R:  0.569313 %)
iter:   9000 (Jcost: 4.416769e-03) (lr = 6.891e+00) (elapsed time: 7851.502) (secs/iter:  0.839) (n_accepted: 80%) (u_error:  4.102459 %) (beta_change: 13.816104 %) (delta_change:  0.120767 %) (delta_peak/R:  0.569236 %)
-> Saved file: /media/rafael/DATA/Dropbox/20220924_FIML_solver/data/output/field_inversion/Beta_k__1__Beta_e__1/u_imp_0.1/FI_run_Supersonic_M1.7R200_u_imp_0.1_k_imp_1_e_imp_1/FI_run_Supersonic_M1.7R200_u_imp_0.1_k_imp_1_e_imp_1_state_iter_9000.dat
iter:   9100 (Jcost: 4.416727e-03) (lr = 5.915e+00) (elapsed time: 7935.255) (secs/iter:  0.838) (n_accepted: 79%) (u_error:  4.102228 %) (beta_change: 13.857172 %) (delta_change:  0.120823 %) (delta_peak/R:  0.569271 %)
iter:   9200 (Jcost: 4.416680e-03) (lr = 8.815e-01) (elapsed time: 7990.268) (secs/iter:  0.550) (n_accepted: 77%) (u_error:  4.101781 %) (beta_change: 13.903630 %) (delta_change:  0.120886 %) (delta_peak/R:  0.569349 %)
iter:   9300 (Jcost: 4.416636e-03) (lr = 7.567e-01) (elapsed time: 8053.325) (secs/iter:  0.631) (n_accepted: 79%) (u_error:  4.101731 %) (beta_change: 13.945774 %) (delta_change:  0.120942 %) (delta_peak/R:  0.569345 %)
iter:   9400 (Jcost: 4.416595e-03) (lr = 3.741e+00) (elapsed time: 8106.804) (secs/iter:  0.535) (n_accepted: 81%) (u_error:  4.102135 %) (beta_change: 13.985516 %) (delta_change:  0.120992 %) (delta_peak/R:  0.569248 %)
iter:   9500 (Jcost: 4.416543e-03) (lr = 3.212e+00) (elapsed time: 8184.969) (secs/iter:  0.782) (n_accepted: 79%) (u_error:  4.102097 %) (beta_change: 14.034595 %) (delta_change:  0.121054 %) (delta_peak/R:  0.569241 %)
-> Saved file: /media/rafael/DATA/Dropbox/20220924_FIML_solver/data/output/field_inversion/Beta_k__1__Beta_e__1/u_imp_0.1/FI_run_Supersonic_M1.7R200_u_imp_0.1_k_imp_1_e_imp_1/FI_run_Supersonic_M1.7R200_u_imp_0.1_k_imp_1_e_imp_1_state_iter_9500.dat
iter:   9600 (Jcost: 4.416500e-03) (lr = 6.616e+00) (elapsed time: 8253.239) (secs/iter:  0.683) (n_accepted: 80%) (u_error:  4.101990 %) (beta_change: 14.075740 %) (delta_change:  0.121105 %) (delta_peak/R:  0.569250 %)
iter:   9700 (Jcost: 4.416459e-03) (lr = 9.860e-01) (elapsed time: 8311.039) (secs/iter:  0.578) (n_accepted: 77%) (u_error:  4.102097 %) (beta_change: 14.114858 %) (delta_change:  0.121153 %) (delta_peak/R:  0.569215 %)
iter:   9800 (Jcost: 4.416420e-03) (lr = 2.031e+00) (elapsed time: 8390.806) (secs/iter:  0.798) (n_accepted: 80%) (u_error:  4.102026 %) (beta_change: 14.151021 %) (delta_change:  0.121197 %) (delta_peak/R:  0.569218 %)
iter:   9900 (Jcost: 4.416379e-03) (lr = 4.185e+00) (elapsed time: 8472.595) (secs/iter:  0.818) (n_accepted: 80%) (u_error:  4.102011 %) (beta_change: 14.189083 %) (delta_change:  0.121242 %) (delta_peak/R:  0.569209 %)
iter:  10000 (Jcost: 4.416334e-03) (lr = 6.237e-01) (elapsed time: 8553.927) (secs/iter:  0.813) (n_accepted: 77%) (u_error:  4.102050 %) (beta_change: 14.231196 %) (delta_change:  0.121291 %) (delta_peak/R:  0.569188 %)
-> Saved file: /media/rafael/DATA/Dropbox/20220924_FIML_solver/data/output/field_inversion/Beta_k__1__Beta_e__1/u_imp_0.1/FI_run_Supersonic_M1.7R200_u_imp_0.1_k_imp_1_e_imp_1/FI_run_Supersonic_M1.7R200_u_imp_0.1_k_imp_1_e_imp_1_state_iter_10000.dat
iter:  10100 (Jcost: 4.416294e-03) (lr = 7.401e+00) (elapsed time: 8641.453) (secs/iter:  0.875) (n_accepted: 82%) (u_error:  4.102107 %) (beta_change: 14.268363 %) (delta_change:  0.121334 %) (delta_peak/R:  0.569165 %)
iter:  10200 (Jcost: 4.416257e-03) (lr = 2.647e+00) (elapsed time: 8716.648) (secs/iter:  0.752) (n_accepted: 78%) (u_error:  4.101926 %) (beta_change: 14.308483 %) (delta_change:  0.121372 %) (delta_peak/R:  0.569192 %)
iter:  10300 (Jcost: 4.416216e-03) (lr = 2.272e+00) (elapsed time: 8777.953) (secs/iter:  0.613) (n_accepted: 79%) (u_error:  4.101886 %) (beta_change: 14.355311 %) (delta_change:  0.121413 %) (delta_peak/R:  0.569189 %)
iter:  10400 (Jcost: 4.416175e-03) (lr = 1.950e+00) (elapsed time: 8839.046) (secs/iter:  0.611) (n_accepted: 79%) (u_error:  4.101460 %) (beta_change: 14.401876 %) (delta_change:  0.121455 %) (delta_peak/R:  0.569266 %)
iter:  10500 (Jcost: 4.416135e-03) (lr = 1.674e+00) (elapsed time: 8906.974) (secs/iter:  0.679) (n_accepted: 79%) (u_error:  4.102138 %) (beta_change: 14.447251 %) (delta_change:  0.121492 %) (delta_peak/R:  0.569114 %)
-> Saved file: /media/rafael/DATA/Dropbox/20220924_FIML_solver/data/output/field_inversion/Beta_k__1__Beta_e__1/u_imp_0.1/FI_run_Supersonic_M1.7R200_u_imp_0.1_k_imp_1_e_imp_1/FI_run_Supersonic_M1.7R200_u_imp_0.1_k_imp_1_e_imp_1_state_iter_10500.dat
iter:  10600 (Jcost: 4.416095e-03) (lr = 3.449e+00) (elapsed time: 8998.640) (secs/iter:  0.917) (n_accepted: 80%) (u_error:  4.102530 %) (beta_change: 14.492624 %) (delta_change:  0.121529 %) (delta_peak/R:  0.569022 %)
iter:  10700 (Jcost: 4.416056e-03) (lr = 7.106e+00) (elapsed time: 9080.141) (secs/iter:  0.815) (n_accepted: 80%) (u_error:  4.102338 %) (beta_change: 14.537875 %) (delta_change:  0.121565 %) (delta_peak/R:  0.569051 %)
iter:  10800 (Jcost: 4.416019e-03) (lr = 4.412e-01) (elapsed time: 9151.871) (secs/iter:  0.717) (n_accepted: 76%) (u_error:  4.101931 %) (beta_change: 14.579486 %) (delta_change:  0.121598 %) (delta_peak/R:  0.569127 %)
iter:  10900 (Jcost: 4.415982e-03) (lr = 9.090e-01) (elapsed time: 9214.068) (secs/iter:  0.622) (n_accepted: 80%) (u_error:  4.101425 %) (beta_change: 14.622313 %) (delta_change:  0.121632 %) (delta_peak/R:  0.569222 %)
iter:  11000 (Jcost: 4.415946e-03) (lr = 1.873e+00) (elapsed time: 9297.526) (secs/iter:  0.835) (n_accepted: 80%) (u_error:  4.102006 %) (beta_change: 14.664709 %) (delta_change:  0.121661 %) (delta_peak/R:  0.569092 %)
-> Saved file: /media/rafael/DATA/Dropbox/20220924_FIML_solver/data/output/field_inversion/Beta_k__1__Beta_e__1/u_imp_0.1/FI_run_Supersonic_M1.7R200_u_imp_0.1_k_imp_1_e_imp_1/FI_run_Supersonic_M1.7R200_u_imp_0.1_k_imp_1_e_imp_1_state_iter_11000.dat
iter:  11100 (Jcost: 4.415906e-03) (lr = 3.858e+00) (elapsed time: 9358.973) (secs/iter:  0.614) (n_accepted: 80%) (u_error:  4.101717 %) (beta_change: 14.709776 %) (delta_change:  0.121695 %) (delta_peak/R:  0.569142 %)
iter:  11200 (Jcost: 4.415868e-03) (lr = 3.312e+00) (elapsed time: 9411.215) (secs/iter:  0.522) (n_accepted: 79%) (u_error:  4.101511 %) (beta_change: 14.753683 %) (delta_change:  0.121727 %) (delta_peak/R:  0.569175 %)
iter:  11300 (Jcost: 4.415834e-03) (lr = 1.185e+00) (elapsed time: 9493.278) (secs/iter:  0.821) (n_accepted: 78%) (u_error:  4.101660 %) (beta_change: 14.791879 %) (delta_change:  0.121753 %) (delta_peak/R:  0.569136 %)
iter:  11400 (Jcost: 4.415793e-03) (lr = 1.017e+00) (elapsed time: 9577.047) (secs/iter:  0.838) (n_accepted: 79%) (u_error:  4.101966 %) (beta_change: 14.837812 %) (delta_change:  0.121783 %) (delta_peak/R:  0.569063 %)
iter:  11500 (Jcost: 4.415756e-03) (lr = 5.027e+00) (elapsed time: 9657.603) (secs/iter:  0.806) (n_accepted: 81%) (u_error:  4.101270 %) (beta_change: 14.879166 %) (delta_change:  0.121813 %) (delta_peak/R:  0.569199 %)
-> Saved file: /media/rafael/DATA/Dropbox/20220924_FIML_solver/data/output/field_inversion/Beta_k__1__Beta_e__1/u_imp_0.1/FI_run_Supersonic_M1.7R200_u_imp_0.1_k_imp_1_e_imp_1/FI_run_Supersonic_M1.7R200_u_imp_0.1_k_imp_1_e_imp_1_state_iter_11500.dat
iter:  11600 (Jcost: 4.415721e-03) (lr = 1.798e+00) (elapsed time: 9746.262) (secs/iter:  0.887) (n_accepted: 78%) (u_error:  4.101590 %) (beta_change: 14.918020 %) (delta_change:  0.121837 %) (delta_peak/R:  0.569124 %)
iter:  11700 (Jcost: 4.415676e-03) (lr = 3.704e+00) (elapsed time: 9824.561) (secs/iter:  0.783) (n_accepted: 80%) (u_error:  4.101569 %) (beta_change: 14.967413 %) (delta_change:  0.121869 %) (delta_peak/R:  0.569118 %)
iter:  11800 (Jcost: 4.415641e-03) (lr = 1.325e+00) (elapsed time: 9902.371) (secs/iter:  0.778) (n_accepted: 78%) (u_error:  4.101658 %) (beta_change: 15.006183 %) (delta_change:  0.121893 %) (delta_peak/R:  0.569091 %)
iter:  11900 (Jcost: 4.415603e-03) (lr = 2.730e+00) (elapsed time: 9983.125) (secs/iter:  0.808) (n_accepted: 80%) (u_error:  4.101224 %) (beta_change: 15.047971 %) (delta_change:  0.121919 %) (delta_peak/R:  0.569173 %)
iter:  12000 (Jcost: 4.415567e-03) (lr = 2.343e+00) (elapsed time: 10065.710) (secs/iter:  0.826) (n_accepted: 79%) (u_error:  4.101484 %) (beta_change: 15.087197 %) (delta_change:  0.121942 %) (delta_peak/R:  0.569111 %)
-> Saved file: /media/rafael/DATA/Dropbox/20220924_FIML_solver/data/output/field_inversion/Beta_k__1__Beta_e__1/u_imp_0.1/FI_run_Supersonic_M1.7R200_u_imp_0.1_k_imp_1_e_imp_1/FI_run_Supersonic_M1.7R200_u_imp_0.1_k_imp_1_e_imp_1_state_iter_12000.dat
iter:  12100 (Jcost: 4.415529e-03) (lr = 8.380e-01) (elapsed time: 10153.142) (secs/iter:  0.874) (n_accepted: 78%) (u_error:  4.101627 %) (beta_change: 15.127096 %) (delta_change:  0.121965 %) (delta_peak/R:  0.569073 %)
iter:  12200 (Jcost: 4.415490e-03) (lr = 4.144e+00) (elapsed time: 10232.575) (secs/iter:  0.794) (n_accepted: 81%) (u_error:  4.101594 %) (beta_change: 15.169535 %) (delta_change:  0.121989 %) (delta_peak/R:  0.569071 %)
iter:  12300 (Jcost: 4.415456e-03) (lr = 3.557e+00) (elapsed time: 10314.585) (secs/iter:  0.820) (n_accepted: 79%) (u_error:  4.101476 %) (beta_change: 15.205495 %) (delta_change:  0.122010 %) (delta_peak/R:  0.569088 %)
iter:  12400 (Jcost: 4.415420e-03) (lr = 7.328e+00) (elapsed time: 10395.210) (secs/iter:  0.806) (n_accepted: 80%) (u_error:  4.102106 %) (beta_change: 15.244310 %) (delta_change:  0.122029 %) (delta_peak/R:  0.568949 %)
iter:  12500 (Jcost: 4.415385e-03) (lr = 1.092e+00) (elapsed time: 10474.597) (secs/iter:  0.794) (n_accepted: 77%) (u_error:  4.101718 %) (beta_change: 15.280871 %) (delta_change:  0.122050 %) (delta_peak/R:  0.569023 %)
-> Saved file: /media/rafael/DATA/Dropbox/20220924_FIML_solver/data/output/field_inversion/Beta_k__1__Beta_e__1/u_imp_0.1/FI_run_Supersonic_M1.7R200_u_imp_0.1_k_imp_1_e_imp_1/FI_run_Supersonic_M1.7R200_u_imp_0.1_k_imp_1_e_imp_1_state_iter_12500.dat
iter:  12600 (Jcost: 4.415347e-03) (lr = 1.296e+01) (elapsed time: 10535.686) (secs/iter:  0.611) (n_accepted: 82%) (u_error:  4.101829 %) (beta_change: 15.320535 %) (delta_change:  0.122070 %) (delta_peak/R:  0.568992 %)
iter:  12700 (Jcost: 4.415308e-03) (lr = 8.046e-01) (elapsed time: 10580.505) (secs/iter:  0.448) (n_accepted: 76%) (u_error:  4.101667 %) (beta_change: 15.360482 %) (delta_change:  0.122091 %) (delta_peak/R:  0.569018 %)
iter:  12800 (Jcost: 4.415273e-03) (lr = 1.658e+00) (elapsed time: 10646.847) (secs/iter:  0.663) (n_accepted: 80%) (u_error:  4.100978 %) (beta_change: 15.396966 %) (delta_change:  0.122111 %) (delta_peak/R:  0.569154 %)
iter:  12900 (Jcost: 4.415238e-03) (lr = 5.929e-01) (elapsed time: 10697.222) (secs/iter:  0.504) (n_accepted: 78%) (u_error:  4.102082 %) (beta_change: 15.433456 %) (delta_change:  0.122126 %) (delta_peak/R:  0.568917 %)
iter:  13000 (Jcost: 4.415200e-03) (lr = 1.221e+00) (elapsed time: 10747.132) (secs/iter:  0.499) (n_accepted: 80%) (u_error:  4.100596 %) (beta_change: 15.471652 %) (delta_change:  0.122148 %) (delta_peak/R:  0.569219 %)
-> Saved file: /media/rafael/DATA/Dropbox/20220924_FIML_solver/data/output/field_inversion/Beta_k__1__Beta_e__1/u_imp_0.1/FI_run_Supersonic_M1.7R200_u_imp_0.1_k_imp_1_e_imp_1/FI_run_Supersonic_M1.7R200_u_imp_0.1_k_imp_1_e_imp_1_state_iter_13000.dat
iter:  13100 (Jcost: 4.415165e-03) (lr = 2.516e+00) (elapsed time: 10839.733) (secs/iter:  0.926) (n_accepted: 80%) (u_error:  4.101208 %) (beta_change: 15.506089 %) (delta_change:  0.122162 %) (delta_peak/R:  0.569085 %)
iter:  13200 (Jcost: 4.415131e-03) (lr = 5.184e+00) (elapsed time: 10922.483) (secs/iter:  0.827) (n_accepted: 80%) (u_error:  4.101230 %) (beta_change: 15.539841 %) (delta_change:  0.122177 %) (delta_peak/R:  0.569074 %)
iter:  13300 (Jcost: 4.415095e-03) (lr = 7.726e-01) (elapsed time: 10970.379) (secs/iter:  0.479) (n_accepted: 77%) (u_error:  4.101069 %) (beta_change: 15.575733 %) (delta_change:  0.122194 %) (delta_peak/R:  0.569101 %)
iter:  13400 (Jcost: 4.415058e-03) (lr = 1.592e+00) (elapsed time: 11053.530) (secs/iter:  0.832) (n_accepted: 80%) (u_error:  4.101863 %) (beta_change: 15.613067 %) (delta_change:  0.122207 %) (delta_peak/R:  0.568928 %)
iter:  13500 (Jcost: 4.415024e-03) (lr = 3.279e+00) (elapsed time: 11130.675) (secs/iter:  0.771) (n_accepted: 80%) (u_error:  4.101246 %) (beta_change: 15.645581 %) (delta_change:  0.122223 %) (delta_peak/R:  0.569050 %)
-> Saved file: /media/rafael/DATA/Dropbox/20220924_FIML_solver/data/output/field_inversion/Beta_k__1__Beta_e__1/u_imp_0.1/FI_run_Supersonic_M1.7R200_u_imp_0.1_k_imp_1_e_imp_1/FI_run_Supersonic_M1.7R200_u_imp_0.1_k_imp_1_e_imp_1_state_iter_13500.dat
iter:  13600 (Jcost: 4.414989e-03) (lr = 1.173e+00) (elapsed time: 11218.098) (secs/iter:  0.874) (n_accepted: 78%) (u_error:  4.101189 %) (beta_change: 15.679456 %) (delta_change:  0.122237 %) (delta_peak/R:  0.569056 %)
iter:  13700 (Jcost: 4.414956e-03) (lr = 1.007e+00) (elapsed time: 11299.999) (secs/iter:  0.819) (n_accepted: 79%) (u_error:  4.101191 %) (beta_change: 15.711683 %) (delta_change:  0.122249 %) (delta_peak/R:  0.569050 %)
iter:  13800 (Jcost: 4.414917e-03) (lr = 2.074e+00) (elapsed time: 11380.027) (secs/iter:  0.800) (n_accepted: 80%) (u_error:  4.100507 %) (beta_change: 15.750297 %) (delta_change:  0.122266 %) (delta_peak/R:  0.569185 %)
iter:  13900 (Jcost: 4.414881e-03) (lr = 1.780e+00) (elapsed time: 11461.990) (secs/iter:  0.820) (n_accepted: 79%) (u_error:  4.101251 %) (beta_change: 15.783199 %) (delta_change:  0.122277 %) (delta_peak/R:  0.569024 %)
iter:  14000 (Jcost: 4.414846e-03) (lr = 1.528e+00) (elapsed time: 11542.216) (secs/iter:  0.802) (n_accepted: 79%) (u_error:  4.101571 %) (beta_change: 15.816814 %) (delta_change:  0.122288 %) (delta_peak/R:  0.568951 %)
-> Saved file: /media/rafael/DATA/Dropbox/20220924_FIML_solver/data/output/field_inversion/Beta_k__1__Beta_e__1/u_imp_0.1/FI_run_Supersonic_M1.7R200_u_imp_0.1_k_imp_1_e_imp_1/FI_run_Supersonic_M1.7R200_u_imp_0.1_k_imp_1_e_imp_1_state_iter_14000.dat
iter:  14100 (Jcost: 4.414809e-03) (lr = 3.148e+00) (elapsed time: 11625.921) (secs/iter:  0.837) (n_accepted: 80%) (u_error:  4.101534 %) (beta_change: 15.852516 %) (delta_change:  0.122300 %) (delta_peak/R:  0.568952 %)
iter:  14200 (Jcost: 4.414776e-03) (lr = 2.703e+00) (elapsed time: 11708.688) (secs/iter:  0.828) (n_accepted: 79%) (u_error:  4.101080 %) (beta_change: 15.882915 %) (delta_change:  0.122312 %) (delta_peak/R:  0.569041 %)
iter:  14300 (Jcost: 4.414742e-03) (lr = 2.320e+00) (elapsed time: 11790.795) (secs/iter:  0.821) (n_accepted: 79%) (u_error:  4.100798 %) (beta_change: 15.914873 %) (delta_change:  0.122324 %) (delta_peak/R:  0.569094 %)
iter:  14400 (Jcost: 4.414706e-03) (lr = 1.991e+00) (elapsed time: 11870.688) (secs/iter:  0.799) (n_accepted: 79%) (u_error:  4.101253 %) (beta_change: 15.948345 %) (delta_change:  0.122333 %) (delta_peak/R:  0.568993 %)
iter:  14500 (Jcost: 4.414670e-03) (lr = 4.103e+00) (elapsed time: 11948.570) (secs/iter:  0.779) (n_accepted: 80%) (u_error:  4.101072 %) (beta_change: 15.981187 %) (delta_change:  0.122344 %) (delta_peak/R:  0.569025 %)
-> Saved file: /media/rafael/DATA/Dropbox/20220924_FIML_solver/data/output/field_inversion/Beta_k__1__Beta_e__1/u_imp_0.1/FI_run_Supersonic_M1.7R200_u_imp_0.1_k_imp_1_e_imp_1/FI_run_Supersonic_M1.7R200_u_imp_0.1_k_imp_1_e_imp_1_state_iter_14500.dat
iter:  14600 (Jcost: 4.414633e-03) (lr = 3.522e+00) (elapsed time: 12037.508) (secs/iter:  0.889) (n_accepted: 79%) (u_error:  4.100605 %) (beta_change: 16.015124 %) (delta_change:  0.122355 %) (delta_peak/R:  0.569116 %)
iter:  14700 (Jcost: 4.414600e-03) (lr = 7.255e+00) (elapsed time: 12112.716) (secs/iter:  0.752) (n_accepted: 80%) (u_error:  4.100999 %) (beta_change: 16.045301 %) (delta_change:  0.122363 %) (delta_peak/R:  0.569029 %)
iter:  14800 (Jcost: 4.414562e-03) (lr = 1.081e+00) (elapsed time: 12191.741) (secs/iter:  0.790) (n_accepted: 77%) (u_error:  4.101002 %) (beta_change: 16.078837 %) (delta_change:  0.122372 %) (delta_peak/R:  0.569022 %)
iter:  14900 (Jcost: 4.414527e-03) (lr = 5.346e+00) (elapsed time: 12272.285) (secs/iter:  0.805) (n_accepted: 81%) (u_error:  4.101006 %) (beta_change: 16.110900 %) (delta_change:  0.122381 %) (delta_peak/R:  0.569016 %)
iter:  15000 (Jcost: 4.414491e-03) (lr = 3.319e-01) (elapsed time: 12353.564) (secs/iter:  0.813) (n_accepted: 76%) (u_error:  4.100949 %) (beta_change: 16.142539 %) (delta_change:  0.122390 %) (delta_peak/R:  0.569022 %)
-> Saved file: /media/rafael/DATA/Dropbox/20220924_FIML_solver/data/output/field_inversion/Beta_k__1__Beta_e__1/u_imp_0.1/FI_run_Supersonic_M1.7R200_u_imp_0.1_k_imp_1_e_imp_1/FI_run_Supersonic_M1.7R200_u_imp_0.1_k_imp_1_e_imp_1_state_iter_15000.dat
iter:  15000 (Jcost: 4.414491e-03) (lr = 3.983e-01) (elapsed time: 12359.256) (secs/iter:   None) (n_accepted: 0%) (u_error:  4.100944 %) (beta_change: 16.142592 %) (delta_change:  0.122390 %) (delta_peak/R:  0.569023 %)
