# ------------------------------------------------------------------------
#                  Input Arguments
# ------------------------------------------------------------------------
# Begin_Input_Arguments
{ 'all_b_mode': ['Beta_k', 'Beta_e'],
  'args_mk_solver': { 'torch': "<module 'torch' from "
                               "'/home/rafael/anaconda3/lib/python3.9/site-packages/torch/__init__.py'>",
                      'y_grid': [0.0, 0.000309700312, 0.000638645973, 0.00098802599, 0.00135910194, 0.00175321227, 0.00217177688, 0.00261630193, 0.00308838486, 0.00358971984, 0.00412210331, 0.00468744001, 0.00528774917, 0.00592517114, 0.00660197432, 0.0073205624, 0.00808348206, 0.00889343092, 0.00975326602, 0.0106660126, 0.0116348733, 0.0126632377, 0.0137546927, 0.0149130326, 0.0161422702, 0.0174466482, 0.0188306506, 0.0202990157, 0.0218567475, 0.02350913, 0.0252617393, 0.0271204584, 0.0290914903, 0.0311813732, 0.033396994, 0.0357456039, 0.0382348325, 0.0408727029, 0.0436676462, 0.0466285159, 0.0497646022, 0.0530856456, 0.0566018496, 0.0603238931, 0.0642629411, 0.068430655, 0.0728392004, 0.0775012535, 0.0824300053, 0.0876391634, 0.0931429507, 0.0989561006, 0.105093849, 0.111571922, 0.118406518, 0.125614286, 0.133212296, 0.141218006, 0.14964922, 0.158524039, 0.167860801, 0.177678022, 0.187994313, 0.1988283, 0.21019853, 0.222123362, 0.234620856, 0.247708641, 0.261403784, 0.275722637, 0.290680679, 0.306292354, 0.322570888, 0.339528108, 0.357174255, 0.375517785, 0.394565175, 0.414320726, 0.43478637, 0.45596148, 0.47784269, 0.500423731, 0.523695275, 0.547644806, 0.572256506, 0.597511177, 0.623386184, 0.649855436, 0.676889401, 0.704455158, 0.73251649, 0.761034018, 0.789965372, 0.819265404, 0.848886442, 0.878778572, 0.908889961, 0.939167201, 0.969555687, 1.0],
                      'Ret': 395,
                      'cp': 1.0,
                      'A_sca_rho': 1.0,
                      'A_sca_mu': 0.002531645569620253,
                      'A_sca_k': 0.002531645569620253,
                      'b_exp_rho': -1,
                      'b_exp_mu': 0.7,
                      'b_exp_k': 0.7,
                      'tensor_device': 'cpu',
                      'as_tensor': '<function '
                                   'Build_arguments_fi_run._mk_args_MK_solver.<locals>.<lambda> '
                                   'at 0x7f6d29c86a60>',
                      'ref_dns': { 'u_dns': [3.5672297915942235e-17, 0.12091023960835971, 0.24827351211575127, 0.38245059914844715, 0.5238389657631443, 0.6728807127804277, 0.830072520712626, 0.9959780167399748, 1.1712431145739657, 1.3566150808310533, 1.5529632792724708, 1.7609618057917864, 1.9806070401790072, 2.2115830391257902, 2.4532500898730034, 2.7047789570510488, 2.9665808411041543, 3.2399222772036866, 3.526487260190727, 3.8276063349441083, 4.142455575330917, 4.469254161506943, 4.806424734815417, 5.155792358351339, 5.52088505660039, 5.904000535364545, 6.303222827290416, 6.715452970639618, 7.138396882704232, 7.5699598347068475, 8.009761163771678, 8.459012191867647, 8.91979226027394, 9.393877305260206, 9.874516322955516, 10.353980438196995, 10.835858679840916, 11.32138036985416, 11.80712821665577, 12.290530807640394, 12.77027709031032, 13.245349837511391, 13.713796653508405, 14.17412762018575, 14.624228655458333, 15.063246870594195, 15.490677411915401, 15.905289101252317, 16.307019569234225, 16.6958501528399, 17.07131528353323, 17.43301854036071, 17.78337532981161, 18.1169016315142, 18.436647868456564, 18.742330013572523, 19.033290428513226, 19.312056440780694, 19.577641774628354, 19.831802403671208, 20.076454408937256, 20.3120033866596, 20.537525885729558, 20.753031030544264, 20.95955663108611, 21.158383470229637, 21.349906846761026, 21.536635119344556, 21.71783133272501, 21.895696342098606, 22.069428382891772, 22.240141868801018, 22.40914238462975, 22.579515734796264, 22.751896031465037, 22.925351306892583, 23.100994152411953, 23.28315611597258, 23.45335940003028, 23.64831494547127, 23.822430890194603, 23.876237993316433, 24.06394749535221, 24.418615777954418, 24.407516476950473, 24.636234385197756, 24.789264937905646, 24.79943769461021, 25.089161462498847, 25.235758292047645, 25.465285088946523, 25.59085769968188, 25.41112596181984, 25.668298456963548, 25.7520836725747, 25.8045129068164, 25.889671359209196, 25.99188838606134, 25.978840634979942, 25.987063710593404],
                                   'T_dns': [1.0, 1.0053713231592927, 1.0110374147264416, 1.0170156660673675, 1.023325257389531, 1.0299875233262106, 1.0370264066753134, 1.0444690190246442, 1.0523463321169297, 1.0606940327465417, 1.0695534422874373, 1.078956545766181, 1.0889032488292203, 1.0993784080856992, 1.1103511362697516, 1.1217813652528452, 1.1336898651671359, 1.1461393473784793, 1.1592129663340192, 1.1729763929853934, 1.1873892916587603, 1.2023639610350783, 1.217821814760137, 1.2338492196705388, 1.250614163426994, 1.2682235901807342, 1.2865784918951835, 1.3055215906951727, 1.3249415048962905, 1.3447395026038502, 1.364890764519286, 1.3854400332780332, 1.4064830200030995, 1.4281077031704523, 1.4499851131679402, 1.4717441518898384, 1.4935812612400579, 1.51553894280772, 1.5374043861976436, 1.5590740118763204, 1.580549297914987, 1.6017658241271473, 1.622498551896548, 1.6428430971470185, 1.66266510832817, 1.681883885932977, 1.7004813608080516, 1.7184628744002883, 1.735824169216193, 1.7524810049458857, 1.7685411229734522, 1.7839509635738897, 1.7988234912321635, 1.8129727282570016, 1.8265564375596521, 1.8394629447305455, 1.8518113186157583, 1.8634261198531643, 1.8748448482572033, 1.8845894954173676, 1.903663273952099, 1.8992148553211659, 1.92056063675427, 1.9185987764609325, 1.937487706671641, 1.9438881311819622, 1.9472527928607186, 1.9602568494901285, 1.9646593003858819, 1.9765113658919908, 1.9870785994933793, 1.9938697721104588, 2.001222021703292, 2.0070211852674578, 2.0132349592361565, 2.02116461582059, 2.028999246643713, 2.03659339160105, 2.0423076249228123, 2.04983621309324, 2.0566058907642137, 2.0596123514279294, 2.066623237150149, 2.0781287461337437, 2.0790553233293596, 2.086818630688668, 2.0922185120541474, 2.0931698809422845, 2.102717546708444, 2.107820686580722, 2.11453689355109, 2.1182054900074827, 2.1145503647953072, 2.1208919886827102, 2.123193558160847, 2.1246873003603732, 2.1269819279574107, 2.1291094779493114, 2.1292487093371744, 2.129544982446892],
                                   'mu_dns': [0.002531645569620253, 0.0025411567186685254, 0.0025511733152622615, 0.0025617235121132894, 0.0025728382857284635, 0.002584552028193557, 0.0025969032811823003, 0.0026099356410849723, 0.002623698871878892, 0.0026382502763115665, 0.0026536561449954205, 0.002669965638951217, 0.0026871716553828464, 0.002705240910861083, 0.0027241131540160224, 0.002743712862987317, 0.002764069057886518, 0.002785281534650518, 0.0028074831964206115, 0.0028307752808749962, 0.002855078765185402, 0.002880235969421073, 0.002906106520314891, 0.002932826473914432, 0.0029606648276606228, 0.0029897851704552415, 0.00302000947280626, 0.003051067005092069, 0.0030827662651356966, 0.0031149395166184756, 0.0031475412537775673, 0.003180638541972597, 0.003214378760768351, 0.0032488942656703815, 0.0032836539674220644, 0.0033180698746721063, 0.0033524561324843006, 0.0033868805077837245, 0.0034210119041895295, 0.003454694249088138, 0.003487936234725467, 0.003520644877320796, 0.003552482333636617, 0.0035836052608719704, 0.003613817798417687, 0.0036430078839654475, 0.0036711591950639804, 0.0036982904176517876, 0.0037244051296759562, 0.0037493866432540485, 0.0037734058486906742, 0.003796391069749011, 0.0038185184181540556, 0.003839518763005659, 0.003859633536848793, 0.003878703971562895, 0.0038969121766005877, 0.003914005481085023, 0.003930779097855944, 0.003945069337107564, 0.003972976501434149, 0.003966475475323036, 0.003997629311475498, 0.003994770357366788, 0.004022260307548123, 0.004031556884962971, 0.004036440352196883, 0.004055290687960388, 0.004061663856216114, 0.00407880014092217, 0.004094052774454382, 0.004103842236593571, 0.004114429220476983, 0.004122771584579679, 0.004131702363622605, 0.004143087303951777, 0.00415432265915873, 0.004165200727073329, 0.004173377934567276, 0.0041841410577908925, 0.0041938090946927725, 0.004198099674318975, 0.004208097756600965, 0.004224483510660249, 0.004225801924567648, 0.00423684131222602, 0.004244512654133319, 0.004245863600662272, 0.004259411131498191, 0.004266644592961459, 0.004276156499682738, 0.004281348364253883, 0.004276175569373861, 0.004285148635224111, 0.0042884032440828074, 0.004290514952245683, 0.004293758007310826, 0.0042967639897550525, 0.004296960676203637, 0.004297379196186157],
                                   'rho_dns': [1.0, 0.9946573738124798, 0.9890830798488026, 0.9832690226560971, 0.9772064089876634, 0.9708855470118999, 0.9642955989963463, 0.9574242814150958, 0.9502575050443437, 0.9427789439058295, 0.9349696429019158, 0.9268213849056239, 0.9183552359451509, 0.9096049118712978, 0.9006160009522045, 0.8914393044625089, 0.8820754517837853, 0.8724942584749941, 0.8626542568467587, 0.852532076502287, 0.842183778331889, 0.8316949213440584, 0.8211381894131702, 0.8104718016250145, 0.7996071284366004, 0.7885044937994651, 0.7772553375480096, 0.7659773741983948, 0.7547503012808666, 0.7436384504684193, 0.7326593643940433, 0.721792337438049, 0.7109932973082009, 0.7002272992295768, 0.6896622530249232, 0.6794659239623403, 0.6695316993798797, 0.6598312796551296, 0.6504469539554464, 0.6414063683843438, 0.6326914328576589, 0.6243109853744891, 0.6163333698086165, 0.60870085630004, 0.6014440280192758, 0.5945713662898189, 0.5880687804333299, 0.5819153936328019, 0.5760952161713173, 0.5706195942653762, 0.5654377989914635, 0.5605535244066594, 0.5559189130418889, 0.5515802771955668, 0.5474782927244435, 0.5436369364572796, 0.540011819750355, 0.5366459068840351, 0.5333774690367411, 0.5306195340850802, 0.5253029848729237, 0.5265333709865572, 0.5206812952753165, 0.5212137171507065, 0.5161323070884788, 0.5144328955761255, 0.5135440060306167, 0.5101372303635131, 0.5089941038650255, 0.5059419425846329, 0.5032513561642491, 0.501537268876656, 0.49969468112732146, 0.49825084425640426, 0.4967130117685871, 0.49476425233874455, 0.4928538054679709, 0.4910160290826922, 0.4896422007129285, 0.4878438548468133, 0.4862380315503279, 0.48552825938662675, 0.4838811361566751, 0.4812021400793627, 0.48098768165467526, 0.47919832863960554, 0.4779615485851889, 0.4777443097689849, 0.475575048853034, 0.4744236577458524, 0.47291678998356457, 0.4720977283447922, 0.4729137771550795, 0.47149972998912676, 0.4709886181390924, 0.4706574938488067, 0.4701497398054166, 0.4696799344311629, 0.4696492221011117, 0.4695838821169107]},
                      'case': 'T61_GLCPrStar',
                      'constant_Sq_heat': 0.04443037974683545,
                      'use_visc_heating': False,
                      'Pr_turb': 1.0,
                      'fprint': '<function '
                                'Build_arguments_fi_run._mk_args_MK_solver.<locals>.<lambda> '
                                'at 0x7f6d29c863a0>',
                      'compressible_correction': False,
                      'bool_solve_energy': False,
                      'output_last': False},
  'u_imp': 0.1,
  'k_imp': 1,
  'e_imp': 1,
  'solve_sparse_adj': True,
  'all_ref_beta_distrib': {'K': [1.0, 0.99999076, 0.99998108, 0.99997102, 0.99996063, 0.99994994, 0.99993905, 0.99992806, 0.99991712, 0.99990639, 0.99989609, 0.99988645, 0.99987778, 0.9998704, 0.99986471, 0.99986117, 0.9998603, 0.99986269, 0.99986902, 0.99988007, 0.99989677, 0.99992016, 0.99995145, 0.99999201, 1.00004338, 1.00010723, 1.00018526, 1.00027914, 1.00039041, 1.00052049, 1.00067069, 1.00084193, 1.00103438, 1.00124705, 1.00147806, 1.00172575, 1.00198976, 1.00227038, 1.0025675, 1.00288055, 1.00320859, 1.00355022, 1.00390302, 1.00426519, 1.00463386, 1.00500593, 1.00537821, 1.00574729, 1.00610951, 1.00646032, 1.00679616, 1.00711206, 1.00740429, 1.00766656, 1.00789525, 1.00808424, 1.00822966, 1.00832424, 1.00836922, 1.00833222, 1.00833796, 1.00805407, 1.00795112, 1.00754402, 1.00724474, 1.00675083, 1.00615299, 1.005524, 1.0047307, 1.00387121, 1.00288581, 1.00177321, 1.0005504, 0.99921634, 0.99777926, 0.99623915, 0.99460044, 0.99286236, 0.99104042, 0.9891009, 0.98705146, 0.98494758, 0.98271306, 0.98032834, 0.97817833, 0.97607025, 0.97434886, 0.97319979, 0.9724946, 0.9724734, 0.97298024, 0.97396422, 0.97532596, 0.97688554, 0.97846036, 0.97987696, 0.98104421, 0.98187796, 0.98232171, 0.99121888], 'E': [1.0, 0.99999825, 0.99999716, 0.99999585, 0.99999428, 0.9999924, 0.99999013, 0.99998738, 0.99998405, 0.99998001, 0.99997508, 0.99996907, 0.99996174, 0.99995279, 0.99994187, 0.99992858, 0.99991242, 0.99989285, 0.99986924, 0.99984101, 0.99980767, 0.99976892, 0.99972451, 0.99967364, 0.9996141, 0.99954155, 0.99944989, 0.99933289, 0.99918587, 0.99900552, 0.99878796, 0.99852767, 0.99821755, 0.99784922, 0.99741429, 0.99690416, 0.99630755, 0.9956125, 0.99480753, 0.99388023, 0.99281693, 0.99160386, 0.99022916, 0.98867773, 0.98693774, 0.98499805, 0.98284845, 0.98048063, 0.97788924, 0.97507559, 0.97204081, 0.96879768, 0.96535981, 0.96176267, 0.95803861, 0.95424689, 0.95045, 0.94675116, 0.94322075, 0.94019857, 0.93687411, 0.93604349, 0.93422243, 0.93580842, 0.93796961, 0.94410264, 0.95417711, 0.96820307, 0.98658651, 1.00780382, 1.03034903, 1.05229135, 1.07211591, 1.08867775, 1.10144622, 1.11030725, 1.11544495, 1.11732225, 1.116377, 1.11313018, 1.10808684, 1.1016686, 1.09419125, 1.08613968, 1.07787845, 1.0695959, 1.06150529, 1.05380919, 1.04656989, 1.04000302, 1.03417373, 1.02912364, 1.02482728, 1.02110822, 1.01812228, 1.01581769, 1.01411884, 1.01298983, 1.0124042, 1.00613178]},
  'all_ref_delta_distrib': {'K': [-0.0, 0.00018781309165481443, 0.0003923560622860149, 0.0006141773555420155, 0.0008543178612018166, 0.0011145248582897437, 0.0013952380370930062, 0.0016969926124903042, 0.002019138249799014, 0.0023605518190435576, 0.0027181329274298034, 0.0030877080497285258, 0.0034618100568932055, 0.003830929429254473, 0.004180868437632013, 0.004492308515151686, 0.004739441087000911, 0.004888474478629266, 0.0048957568805090826, 0.004706340107294126, 0.004251249306651797, 0.0034476874866892506, 0.002195641243750539, 0.0003777761442187383, -0.0021395480739209226, -0.005502271460444874, -0.009861292957545897, -0.015363842169759962, -0.022137231507917233, -0.030276761905801856, -0.039833443189260985, -0.050787255689108114, -0.0630185410776685, -0.07628430878846876, -0.09026930046453759, -0.10466269295898961, -0.1191943272517552, -0.13364581376278137, -0.14781328174638142, -0.16148575891535535, -0.17445451384745783, -0.18653065342652397, -0.197535618951996, -0.20733246442462552, -0.21580233020583534, -0.22285529850900077, -0.22843102771693857, -0.23249302230427737, -0.23502804427459756, -0.23602922912725993, -0.2355269660109571, -0.23354339582679598, -0.23013912843918055, -0.2253479980967979, -0.21925730986143385, -0.21192569530074087, -0.20345650555749445, -0.19390913260410578, -0.1834735918546779, -0.17182198588528155, -0.16067368396833015, -0.14662434536301983, -0.13468565848682668, -0.1201510672136484, -0.10711791069627832, -0.09306729690067315, -0.07906821244626477, -0.06571353862887273, -0.05223028514912338, -0.039452344153811, -0.02712135896161722, -0.01537782594055825, -0.0043991140060531675, 0.0057729614827179004, 0.015067877990009491, 0.023473258118875216, 0.03098992837075298, 0.03765796155644436, 0.04347499334147949, 0.04857059552367304, 0.052977852984192914, 0.0566050033440297, 0.059584251939924, 0.06193713406321254, 0.06300549267590048, 0.0630750729739254, 0.061712202664718455, 0.05891250365707545, 0.05496809493081493, 0.05008578329940819, 0.04473105145523633, 0.039313859531377976, 0.034191313725108724, 0.0293840563006875, 0.025329819204264217, 0.02209600869690798, 0.01965414213836155, 0.017994830689242756, 0.017100391606493414, 0.008418780737063604], 'E': [-0.0, 0.0007766176443864422, 0.0017036908089176671, 0.0028283087315904296, 0.004197855469177508, 0.005871496743117516, 0.007939354405270898, 0.01051101032356494, 0.013717633161705833, 0.017732519204151444, 0.022795243690068596, 0.02918430089096778, 0.037263826926080185, 0.04750721745547909, 0.060506548077429015, 0.07699593866337358, 0.0979251967800777, 0.1244413027836801, 0.15801899211895118, 0.20042465918013633, 0.2538689450458833, 0.3210295387611502, 0.40516773314465593, 0.5102741594426636, 0.641138462790007, 0.8033372712793323, 1.0029431260429544, 1.2458367205258665, 1.5373676567048844, 1.8823539234564306, 2.284616579273063, 2.746305947993546, 3.267849452144364, 3.847958919110552, 4.483805168432247, 5.170512337037295, 5.901349673990513, 6.668211766944188, 7.461706933647547, 8.271538368529429, 9.087041410586204, 9.897432011510046, 10.691375130363712, 11.458759210956371, 12.189091958122164, 12.872543822670318, 13.49992827918965, 14.062643789617315, 14.552750439100825, 14.962094892241085, 15.284394547488027, 15.512372620089533, 15.641126415198814, 15.663528577775665, 15.576201441473765, 15.373560435236332, 15.053355823381677, 14.610119007674546, 14.048598564260526, 13.332934817008598, 12.589949135096903, 11.535179900679015, 10.557382448759645, 9.260435175545766, 7.934745666782901, 6.362048661608706, 4.6357392011999705, 2.837260980776727, 1.057645347506896, -0.540498829590292, -1.8439226959560606, -2.7886527895159214, -3.37245795956006, -3.638778015891789, -3.6529695344472675, -3.4844467169933933, -3.201111637546547, -2.857755242830161, -2.4941044070379315, -2.1324162514559344, -1.7930869399247025, -1.4874972362920067, -1.2130892669773037, -0.9739035645413718, -0.776437098825724, -0.6094389906535165, -0.47314969664961676, -0.36417305545597095, -0.275976170439474, -0.20793808860516058, -0.15576439159482086, -0.11676072323362686, -0.08818155019050168, -0.06650674435372256, -0.051196796576396315, -0.040582036348836566, -0.033418714468468336, -0.028933155561396782, -0.02662256586936313, -0.01299658177479572]},
  'fname_print': '/media/rafael/DATA/Dropbox/20220924_FIML_solver/data/output/field_inversion/Beta_k__1__Beta_e__1/u_imp_0.1/FI_run_T61_GLCPrStar_u_imp_0.1_k_imp_1_e_imp_1/FI_run_T61_GLCPrStar_u_imp_0.1_k_imp_1_e_imp_1.log',
  'folder': '/media/rafael/DATA/Dropbox/20220924_FIML_solver/data/output/field_inversion/Beta_k__1__Beta_e__1/u_imp_0.1/FI_run_T61_GLCPrStar_u_imp_0.1_k_imp_1_e_imp_1',
  'iters_limit': 15000}
# End_Input_Arguments

# ------------------------------------------------------------------------
#                  Iterations
# ------------------------------------------------------------------------

iter:      0 (Jcost: 8.703727e-03) (lr = 1.000e-03) (elapsed time:  0.002) (secs/iter:   None) (n_accepted: 0%) (u_error:  5.666868 %) (beta_change:  7.242442 %) (delta_change:  0.507235 %) (delta_peak/R:  0.000000 %)
-> Saved file: /media/rafael/DATA/Dropbox/20220924_FIML_solver/data/output/field_inversion/Beta_k__1__Beta_e__1/u_imp_0.1/FI_run_T61_GLCPrStar_u_imp_0.1_k_imp_1_e_imp_1/FI_run_T61_GLCPrStar_u_imp_0.1_k_imp_1_e_imp_1_state_iter_0.dat
iter:    100 (Jcost: 3.453798e-03) (lr = 1.890e+00) (elapsed time: 131.587) (secs/iter:  1.316) (n_accepted: 88%) (u_error:  3.605488 %) (beta_change:  5.147973 %) (delta_change:  0.135567 %) (delta_peak/R:  0.494169 %)
iter:    200 (Jcost: 3.363026e-03) (lr = 6.759e-01) (elapsed time: 256.207) (secs/iter:  1.246) (n_accepted: 78%) (u_error:  3.536860 %) (beta_change:  3.108103 %) (delta_change:  0.074465 %) (delta_peak/R:  0.493728 %)
iter:    300 (Jcost: 3.325974e-03) (lr = 1.392e+00) (elapsed time: 371.633) (secs/iter:  1.154) (n_accepted: 80%) (u_error:  3.504205 %) (beta_change:  1.735249 %) (delta_change:  0.033231 %) (delta_peak/R:  0.494379 %)
iter:    400 (Jcost: 3.308120e-03) (lr = 2.869e+00) (elapsed time: 490.330) (secs/iter:  1.187) (n_accepted: 80%) (u_error:  3.489605 %) (beta_change:  0.787581 %) (delta_change:  0.014249 %) (delta_peak/R:  0.494238 %)
iter:    500 (Jcost: 3.296097e-03) (lr = 1.026e+00) (elapsed time: 612.031) (secs/iter:  1.217) (n_accepted: 78%) (u_error:  3.482942 %) (beta_change:  0.414420 %) (delta_change:  0.016315 %) (delta_peak/R:  0.493440 %)
-> Saved file: /media/rafael/DATA/Dropbox/20220924_FIML_solver/data/output/field_inversion/Beta_k__1__Beta_e__1/u_imp_0.1/FI_run_T61_GLCPrStar_u_imp_0.1_k_imp_1_e_imp_1/FI_run_T61_GLCPrStar_u_imp_0.1_k_imp_1_e_imp_1_state_iter_500.dat
iter:    600 (Jcost: 3.287547e-03) (lr = 8.807e-01) (elapsed time: 736.069) (secs/iter:  1.240) (n_accepted: 79%) (u_error:  3.464233 %) (beta_change:  0.832413 %) (delta_change:  0.026747 %) (delta_peak/R:  0.495098 %)
iter:    700 (Jcost: 3.280823e-03) (lr = 1.814e+00) (elapsed time: 852.215) (secs/iter:  1.161) (n_accepted: 80%) (u_error:  3.465052 %) (beta_change:  1.470139 %) (delta_change:  0.038627 %) (delta_peak/R:  0.493737 %)
iter:    800 (Jcost: 3.275857e-03) (lr = 1.558e+00) (elapsed time: 970.298) (secs/iter:  1.181) (n_accepted: 79%) (u_error:  3.463504 %) (beta_change:  2.026749 %) (delta_change:  0.048155 %) (delta_peak/R:  0.493018 %)
iter:    900 (Jcost: 3.271345e-03) (lr = 1.337e+00) (elapsed time: 1081.674) (secs/iter:  1.114) (n_accepted: 79%) (u_error:  3.450843 %) (beta_change:  2.598284 %) (delta_change:  0.057081 %) (delta_peak/R:  0.494200 %)
iter:   1000 (Jcost: 3.268161e-03) (lr = 2.754e+00) (elapsed time: 1185.561) (secs/iter:  1.039) (n_accepted: 80%) (u_error:  3.452305 %) (beta_change:  3.044116 %) (delta_change:  0.063212 %) (delta_peak/R:  0.493268 %)
-> Saved file: /media/rafael/DATA/Dropbox/20220924_FIML_solver/data/output/field_inversion/Beta_k__1__Beta_e__1/u_imp_0.1/FI_run_T61_GLCPrStar_u_imp_0.1_k_imp_1_e_imp_1/FI_run_T61_GLCPrStar_u_imp_0.1_k_imp_1_e_imp_1_state_iter_1000.dat
iter:   1100 (Jcost: 3.265327e-03) (lr = 2.364e+00) (elapsed time: 1303.264) (secs/iter:  1.177) (n_accepted: 79%) (u_error:  3.449684 %) (beta_change:  3.481847 %) (delta_change:  0.068653 %) (delta_peak/R:  0.493058 %)
iter:   1200 (Jcost: 3.262800e-03) (lr = 8.457e-01) (elapsed time: 1415.142) (secs/iter:  1.119) (n_accepted: 78%) (u_error:  3.443222 %) (beta_change:  3.915649 %) (delta_change:  0.074206 %) (delta_peak/R:  0.493529 %)
iter:   1300 (Jcost: 3.260862e-03) (lr = 7.259e-01) (elapsed time: 1528.715) (secs/iter:  1.136) (n_accepted: 79%) (u_error:  3.447771 %) (beta_change:  4.276442 %) (delta_change:  0.078545 %) (delta_peak/R:  0.492287 %)
iter:   1400 (Jcost: 3.259193e-03) (lr = 8.614e+00) (elapsed time: 1637.605) (secs/iter:  1.089) (n_accepted: 82%) (u_error:  3.443567 %) (beta_change:  4.611394 %) (delta_change:  0.082277 %) (delta_peak/R:  0.492562 %)
iter:   1500 (Jcost: 3.257665e-03) (lr = 1.284e+00) (elapsed time: 1753.589) (secs/iter:  1.160) (n_accepted: 77%) (u_error:  3.441701 %) (beta_change:  4.942422 %) (delta_change:  0.085680 %) (delta_peak/R:  0.492464 %)
-> Saved file: /media/rafael/DATA/Dropbox/20220924_FIML_solver/data/output/field_inversion/Beta_k__1__Beta_e__1/u_imp_0.1/FI_run_T61_GLCPrStar_u_imp_0.1_k_imp_1_e_imp_1/FI_run_T61_GLCPrStar_u_imp_0.1_k_imp_1_e_imp_1_state_iter_1500.dat
iter:   1600 (Jcost: 3.256328e-03) (lr = 2.645e+00) (elapsed time: 1868.841) (secs/iter:  1.153) (n_accepted: 80%) (u_error:  3.443996 %) (beta_change:  5.259895 %) (delta_change:  0.088652 %) (delta_peak/R:  0.491702 %)
iter:   1700 (Jcost: 3.255140e-03) (lr = 5.448e+00) (elapsed time: 1973.825) (secs/iter:  1.050) (n_accepted: 80%) (u_error:  3.439376 %) (beta_change:  5.554259 %) (delta_change:  0.091195 %) (delta_peak/R:  0.492141 %)
iter:   1800 (Jcost: 3.254054e-03) (lr = 4.677e+00) (elapsed time: 2084.258) (secs/iter:  1.104) (n_accepted: 79%) (u_error:  3.441759 %) (beta_change:  5.851143 %) (delta_change:  0.093560 %) (delta_peak/R:  0.491412 %)
iter:   1900 (Jcost: 3.253216e-03) (lr = 6.970e-01) (elapsed time: 2190.259) (secs/iter:  1.060) (n_accepted: 77%) (u_error:  3.437429 %) (beta_change:  6.082027 %) (delta_change:  0.095301 %) (delta_peak/R:  0.491889 %)
iter:   2000 (Jcost: 3.252414e-03) (lr = 1.436e+00) (elapsed time: 2294.181) (secs/iter:  1.039) (n_accepted: 80%) (u_error:  3.436632 %) (beta_change:  6.320501 %) (delta_change:  0.096988 %) (delta_peak/R:  0.491771 %)
-> Saved file: /media/rafael/DATA/Dropbox/20220924_FIML_solver/data/output/field_inversion/Beta_k__1__Beta_e__1/u_imp_0.1/FI_run_T61_GLCPrStar_u_imp_0.1_k_imp_1_e_imp_1/FI_run_T61_GLCPrStar_u_imp_0.1_k_imp_1_e_imp_1_state_iter_2000.dat
iter:   2100 (Jcost: 3.251589e-03) (lr = 1.233e+00) (elapsed time: 2405.283) (secs/iter:  1.111) (n_accepted: 79%) (u_error:  3.433782 %) (beta_change:  6.581361 %) (delta_change:  0.098756 %) (delta_peak/R:  0.491980 %)
iter:   2200 (Jcost: 3.250909e-03) (lr = 2.539e+00) (elapsed time: 2507.643) (secs/iter:  1.024) (n_accepted: 80%) (u_error:  3.437390 %) (beta_change:  6.806778 %) (delta_change:  0.100203 %) (delta_peak/R:  0.491147 %)
iter:   2300 (Jcost: 3.250340e-03) (lr = 5.231e+00) (elapsed time: 2600.898) (secs/iter:  0.933) (n_accepted: 80%) (u_error:  3.434409 %) (beta_change:  7.003254 %) (delta_change:  0.101400 %) (delta_peak/R:  0.491457 %)
iter:   2400 (Jcost: 3.249775e-03) (lr = 1.871e+00) (elapsed time: 2707.966) (secs/iter:  1.071) (n_accepted: 78%) (u_error:  3.433576 %) (beta_change:  7.211523 %) (delta_change:  0.102601 %) (delta_peak/R:  0.491399 %)
iter:   2500 (Jcost: 3.249273e-03) (lr = 3.855e+00) (elapsed time: 2815.690) (secs/iter:  1.077) (n_accepted: 80%) (u_error:  3.435144 %) (beta_change:  7.406530 %) (delta_change:  0.103668 %) (delta_peak/R:  0.490955 %)
-> Saved file: /media/rafael/DATA/Dropbox/20220924_FIML_solver/data/output/field_inversion/Beta_k__1__Beta_e__1/u_imp_0.1/FI_run_T61_GLCPrStar_u_imp_0.1_k_imp_1_e_imp_1/FI_run_T61_GLCPrStar_u_imp_0.1_k_imp_1_e_imp_1_state_iter_2500.dat
iter:   2600 (Jcost: 3.248801e-03) (lr = 5.745e-01) (elapsed time: 2910.473) (secs/iter:  0.948) (n_accepted: 77%) (u_error:  3.432666 %) (beta_change:  7.592654 %) (delta_change:  0.104656 %) (delta_peak/R:  0.491201 %)
iter:   2700 (Jcost: 3.248374e-03) (lr = 1.183e+00) (elapsed time: 2999.810) (secs/iter:  0.893) (n_accepted: 80%) (u_error:  3.431966 %) (beta_change:  7.770103 %) (delta_change:  0.105557 %) (delta_peak/R:  0.491159 %)
iter:   2800 (Jcost: 3.247989e-03) (lr = 1.016e+00) (elapsed time: 3098.353) (secs/iter:  0.985) (n_accepted: 79%) (u_error:  3.431861 %) (beta_change:  7.936445 %) (delta_change:  0.106369 %) (delta_peak/R:  0.491030 %)
iter:   2900 (Jcost: 3.247603e-03) (lr = 8.720e-01) (elapsed time: 3201.413) (secs/iter:  1.031) (n_accepted: 79%) (u_error:  3.431987 %) (beta_change:  8.109178 %) (delta_change:  0.107182 %) (delta_peak/R:  0.490859 %)
iter:   3000 (Jcost: 3.247261e-03) (lr = 4.312e+00) (elapsed time: 3303.978) (secs/iter:  1.026) (n_accepted: 81%) (u_error:  3.431112 %) (beta_change:  8.267484 %) (delta_change:  0.107904 %) (delta_peak/R:  0.490870 %)
-> Saved file: /media/rafael/DATA/Dropbox/20220924_FIML_solver/data/output/field_inversion/Beta_k__1__Beta_e__1/u_imp_0.1/FI_run_T61_GLCPrStar_u_imp_0.1_k_imp_1_e_imp_1/FI_run_T61_GLCPrStar_u_imp_0.1_k_imp_1_e_imp_1_state_iter_3000.dat
iter:   3100 (Jcost: 3.246937e-03) (lr = 8.883e+00) (elapsed time: 3411.446) (secs/iter:  1.075) (n_accepted: 80%) (u_error:  3.430541 %) (beta_change:  8.423061 %) (delta_change:  0.108589 %) (delta_peak/R:  0.490835 %)
iter:   3200 (Jcost: 3.246644e-03) (lr = 1.324e+00) (elapsed time: 3516.738) (secs/iter:  1.053) (n_accepted: 77%) (u_error:  3.428882 %) (beta_change:  8.572639 %) (delta_change:  0.109219 %) (delta_peak/R:  0.490993 %)
iter:   3300 (Jcost: 3.246370e-03) (lr = 1.136e+00) (elapsed time: 3621.141) (secs/iter:  1.044) (n_accepted: 79%) (u_error:  3.431772 %) (beta_change:  8.716647 %) (delta_change:  0.109795 %) (delta_peak/R:  0.490392 %)
iter:   3400 (Jcost: 3.246106e-03) (lr = 9.754e-01) (elapsed time: 3720.685) (secs/iter:  0.995) (n_accepted: 79%) (u_error:  3.430231 %) (beta_change:  8.855199 %) (delta_change:  0.110346 %) (delta_peak/R:  0.490541 %)
iter:   3500 (Jcost: 3.245872e-03) (lr = 2.009e+00) (elapsed time: 3819.035) (secs/iter:  0.984) (n_accepted: 80%) (u_error:  3.429231 %) (beta_change:  8.983636 %) (delta_change:  0.110843 %) (delta_peak/R:  0.490609 %)
-> Saved file: /media/rafael/DATA/Dropbox/20220924_FIML_solver/data/output/field_inversion/Beta_k__1__Beta_e__1/u_imp_0.1/FI_run_T61_GLCPrStar_u_imp_0.1_k_imp_1_e_imp_1/FI_run_T61_GLCPrStar_u_imp_0.1_k_imp_1_e_imp_1_state_iter_3500.dat
iter:   3600 (Jcost: 3.245640e-03) (lr = 7.187e-01) (elapsed time: 3923.861) (secs/iter:  1.048) (n_accepted: 78%) (u_error:  3.428336 %) (beta_change:  9.115204 %) (delta_change:  0.111339 %) (delta_peak/R:  0.490658 %)
iter:   3700 (Jcost: 3.245428e-03) (lr = 3.554e+00) (elapsed time: 4028.733) (secs/iter:  1.049) (n_accepted: 81%) (u_error:  3.428934 %) (beta_change:  9.237512 %) (delta_change:  0.111821 %) (delta_peak/R:  0.490465 %)
iter:   3800 (Jcost: 3.245234e-03) (lr = 1.271e+00) (elapsed time: 4127.019) (secs/iter:  0.983) (n_accepted: 78%) (u_error:  3.429805 %) (beta_change:  9.353996 %) (delta_change:  0.112306 %) (delta_peak/R:  0.490232 %)
iter:   3900 (Jcost: 3.245047e-03) (lr = 2.618e+00) (elapsed time: 4211.683) (secs/iter:  0.847) (n_accepted: 80%) (u_error:  3.428293 %) (beta_change:  9.466019 %) (delta_change:  0.112767 %) (delta_peak/R:  0.490403 %)
iter:   4000 (Jcost: 3.244867e-03) (lr = 9.365e-01) (elapsed time: 4286.505) (secs/iter:  0.748) (n_accepted: 78%) (u_error:  3.427610 %) (beta_change:  9.577725 %) (delta_change:  0.113214 %) (delta_peak/R:  0.490435 %)
-> Saved file: /media/rafael/DATA/Dropbox/20220924_FIML_solver/data/output/field_inversion/Beta_k__1__Beta_e__1/u_imp_0.1/FI_run_T61_GLCPrStar_u_imp_0.1_k_imp_1_e_imp_1/FI_run_T61_GLCPrStar_u_imp_0.1_k_imp_1_e_imp_1_state_iter_4000.dat
iter:   4100 (Jcost: 3.244698e-03) (lr = 8.039e-01) (elapsed time: 4374.551) (secs/iter:  0.880) (n_accepted: 79%) (u_error:  3.426627 %) (beta_change:  9.686433 %) (delta_change:  0.113639 %) (delta_peak/R:  0.490522 %)
iter:   4200 (Jcost: 3.244548e-03) (lr = 1.656e+00) (elapsed time: 4473.844) (secs/iter:  0.993) (n_accepted: 80%) (u_error:  3.427782 %) (beta_change:  9.781134 %) (delta_change:  0.113997 %) (delta_peak/R:  0.490260 %)
iter:   4300 (Jcost: 3.244389e-03) (lr = 3.412e+00) (elapsed time: 4546.694) (secs/iter:  0.728) (n_accepted: 80%) (u_error:  3.427524 %) (beta_change:  9.888302 %) (delta_change:  0.114386 %) (delta_peak/R:  0.490230 %)
iter:   4400 (Jcost: 3.244230e-03) (lr = 7.029e+00) (elapsed time: 4616.240) (secs/iter:  0.695) (n_accepted: 80%) (u_error:  3.426264 %) (beta_change: 10.008346 %) (delta_change:  0.114782 %) (delta_peak/R:  0.490366 %)
iter:   4500 (Jcost: 3.244096e-03) (lr = 2.514e+00) (elapsed time: 4716.036) (secs/iter:  0.998) (n_accepted: 78%) (u_error:  3.427031 %) (beta_change: 10.109346 %) (delta_change:  0.115099 %) (delta_peak/R:  0.490175 %)
-> Saved file: /media/rafael/DATA/Dropbox/20220924_FIML_solver/data/output/field_inversion/Beta_k__1__Beta_e__1/u_imp_0.1/FI_run_T61_GLCPrStar_u_imp_0.1_k_imp_1_e_imp_1/FI_run_T61_GLCPrStar_u_imp_0.1_k_imp_1_e_imp_1_state_iter_4500.dat
iter:   4600 (Jcost: 3.243968e-03) (lr = 2.158e+00) (elapsed time: 4814.928) (secs/iter:  0.989) (n_accepted: 79%) (u_error:  3.427775 %) (beta_change: 10.209710 %) (delta_change:  0.115405 %) (delta_peak/R:  0.489990 %)
iter:   4700 (Jcost: 3.243841e-03) (lr = 4.446e+00) (elapsed time: 4907.817) (secs/iter:  0.929) (n_accepted: 80%) (u_error:  3.426784 %) (beta_change: 10.310716 %) (delta_change:  0.115710 %) (delta_peak/R:  0.490096 %)
iter:   4800 (Jcost: 3.243721e-03) (lr = 1.590e+00) (elapsed time: 5008.219) (secs/iter:  1.004) (n_accepted: 78%) (u_error:  3.426080 %) (beta_change: 10.408916 %) (delta_change:  0.115999 %) (delta_peak/R:  0.490157 %)
iter:   4900 (Jcost: 3.243611e-03) (lr = 1.365e+00) (elapsed time: 5106.446) (secs/iter:  0.982) (n_accepted: 79%) (u_error:  3.426782 %) (beta_change: 10.499244 %) (delta_change:  0.116256 %) (delta_peak/R:  0.489987 %)
iter:   5000 (Jcost: 3.243496e-03) (lr = 2.812e+00) (elapsed time: 5174.441) (secs/iter:  0.680) (n_accepted: 80%) (u_error:  3.425966 %) (beta_change: 10.596081 %) (delta_change:  0.116528 %) (delta_peak/R:  0.490070 %)
-> Saved file: /media/rafael/DATA/Dropbox/20220924_FIML_solver/data/output/field_inversion/Beta_k__1__Beta_e__1/u_imp_0.1/FI_run_T61_GLCPrStar_u_imp_0.1_k_imp_1_e_imp_1/FI_run_T61_GLCPrStar_u_imp_0.1_k_imp_1_e_imp_1_state_iter_5000.dat
iter:   5100 (Jcost: 3.243384e-03) (lr = 5.794e+00) (elapsed time: 5262.942) (secs/iter:  0.885) (n_accepted: 80%) (u_error:  3.427595 %) (beta_change: 10.692865 %) (delta_change:  0.116788 %) (delta_peak/R:  0.489742 %)
iter:   5200 (Jcost: 3.243287e-03) (lr = 2.072e+00) (elapsed time: 5360.157) (secs/iter:  0.972) (n_accepted: 78%) (u_error:  3.426403 %) (beta_change: 10.774552 %) (delta_change:  0.117009 %) (delta_peak/R:  0.489897 %)
iter:   5300 (Jcost: 3.243191e-03) (lr = 4.269e+00) (elapsed time: 5456.298) (secs/iter:  0.961) (n_accepted: 80%) (u_error:  3.426223 %) (beta_change: 10.858736 %) (delta_change:  0.117229 %) (delta_peak/R:  0.489882 %)
iter:   5400 (Jcost: 3.243087e-03) (lr = 3.664e+00) (elapsed time: 5555.531) (secs/iter:  0.992) (n_accepted: 79%) (u_error:  3.426101 %) (beta_change: 10.951351 %) (delta_change:  0.117466 %) (delta_peak/R:  0.489853 %)
iter:   5500 (Jcost: 3.242990e-03) (lr = 5.461e-01) (elapsed time: 5647.400) (secs/iter:  0.919) (n_accepted: 77%) (u_error:  3.426040 %) (beta_change: 11.038218 %) (delta_change:  0.117683 %) (delta_peak/R:  0.489817 %)
-> Saved file: /media/rafael/DATA/Dropbox/20220924_FIML_solver/data/output/field_inversion/Beta_k__1__Beta_e__1/u_imp_0.1/FI_run_T61_GLCPrStar_u_imp_0.1_k_imp_1_e_imp_1/FI_run_T61_GLCPrStar_u_imp_0.1_k_imp_1_e_imp_1_state_iter_5500.dat
iter:   5600 (Jcost: 3.242907e-03) (lr = 2.700e+00) (elapsed time: 5747.496) (secs/iter:  1.001) (n_accepted: 81%) (u_error:  3.425973 %) (beta_change: 11.113674 %) (delta_change:  0.117867 %) (delta_peak/R:  0.489789 %)
iter:   5700 (Jcost: 3.242824e-03) (lr = 9.658e-01) (elapsed time: 5847.499) (secs/iter:  1.000) (n_accepted: 78%) (u_error:  3.425876 %) (beta_change: 11.189701 %) (delta_change:  0.118050 %) (delta_peak/R:  0.489766 %)
iter:   5800 (Jcost: 3.242733e-03) (lr = 8.290e-01) (elapsed time: 5939.579) (secs/iter:  0.921) (n_accepted: 79%) (u_error:  3.425373 %) (beta_change: 11.273841 %) (delta_change:  0.118248 %) (delta_peak/R:  0.489809 %)
iter:   5900 (Jcost: 3.242651e-03) (lr = 7.116e-01) (elapsed time: 6010.863) (secs/iter:  0.713) (n_accepted: 79%) (u_error:  3.425778 %) (beta_change: 11.349720 %) (delta_change:  0.118421 %) (delta_peak/R:  0.489703 %)
iter:   6000 (Jcost: 3.242578e-03) (lr = 1.466e+00) (elapsed time: 6072.349) (secs/iter:  0.615) (n_accepted: 80%) (u_error:  3.425529 %) (beta_change: 11.418220 %) (delta_change:  0.118575 %) (delta_peak/R:  0.489711 %)
-> Saved file: /media/rafael/DATA/Dropbox/20220924_FIML_solver/data/output/field_inversion/Beta_k__1__Beta_e__1/u_imp_0.1/FI_run_T61_GLCPrStar_u_imp_0.1_k_imp_1_e_imp_1/FI_run_T61_GLCPrStar_u_imp_0.1_k_imp_1_e_imp_1_state_iter_6000.dat
iter:   6100 (Jcost: 3.242498e-03) (lr = 3.020e+00) (elapsed time: 6131.254) (secs/iter:  0.589) (n_accepted: 80%) (u_error:  3.425433 %) (beta_change: 11.494646 %) (delta_change:  0.118744 %) (delta_peak/R:  0.489690 %)
iter:   6200 (Jcost: 3.242417e-03) (lr = 2.593e+00) (elapsed time: 6210.260) (secs/iter:  0.790) (n_accepted: 79%) (u_error:  3.425358 %) (beta_change: 11.571856 %) (delta_change:  0.118910 %) (delta_peak/R:  0.489666 %)
iter:   6300 (Jcost: 3.242343e-03) (lr = 5.341e+00) (elapsed time: 6306.083) (secs/iter:  0.958) (n_accepted: 80%) (u_error:  3.425952 %) (beta_change: 11.643026 %) (delta_change:  0.119059 %) (delta_peak/R:  0.489532 %)
iter:   6400 (Jcost: 3.242266e-03) (lr = 1.910e+00) (elapsed time: 6395.275) (secs/iter:  0.892) (n_accepted: 78%) (u_error:  3.424995 %) (beta_change: 11.716228 %) (delta_change:  0.119212 %) (delta_peak/R:  0.489659 %)
iter:   6500 (Jcost: 3.242198e-03) (lr = 6.833e-01) (elapsed time: 6483.464) (secs/iter:  0.882) (n_accepted: 78%) (u_error:  3.425107 %) (beta_change: 11.782142 %) (delta_change:  0.119346 %) (delta_peak/R:  0.489610 %)
-> Saved file: /media/rafael/DATA/Dropbox/20220924_FIML_solver/data/output/field_inversion/Beta_k__1__Beta_e__1/u_imp_0.1/FI_run_T61_GLCPrStar_u_imp_0.1_k_imp_1_e_imp_1/FI_run_T61_GLCPrStar_u_imp_0.1_k_imp_1_e_imp_1_state_iter_6500.dat
iter:   6600 (Jcost: 3.242129e-03) (lr = 3.378e+00) (elapsed time: 6574.508) (secs/iter:  0.910) (n_accepted: 81%) (u_error:  3.425050 %) (beta_change: 11.848973 %) (delta_change:  0.119478 %) (delta_peak/R:  0.489590 %)
iter:   6700 (Jcost: 3.242059e-03) (lr = 2.900e+00) (elapsed time: 6668.599) (secs/iter:  0.941) (n_accepted: 79%) (u_error:  3.425071 %) (beta_change: 11.917143 %) (delta_change:  0.119611 %) (delta_peak/R:  0.489556 %)
iter:   6800 (Jcost: 3.241998e-03) (lr = 2.489e+00) (elapsed time: 6763.817) (secs/iter:  0.952) (n_accepted: 79%) (u_error:  3.424774 %) (beta_change: 11.977541 %) (delta_change:  0.119726 %) (delta_peak/R:  0.489579 %)
iter:   6900 (Jcost: 3.241933e-03) (lr = 2.137e+00) (elapsed time: 6855.026) (secs/iter:  0.912) (n_accepted: 79%) (u_error:  3.425877 %) (beta_change: 12.042490 %) (delta_change:  0.119845 %) (delta_peak/R:  0.489366 %)
iter:   7000 (Jcost: 3.241874e-03) (lr = 1.834e+00) (elapsed time: 6950.742) (secs/iter:  0.957) (n_accepted: 79%) (u_error:  3.424782 %) (beta_change: 12.098786 %) (delta_change:  0.119951 %) (delta_peak/R:  0.489526 %)
-> Saved file: /media/rafael/DATA/Dropbox/20220924_FIML_solver/data/output/field_inversion/Beta_k__1__Beta_e__1/u_imp_0.1/FI_run_T61_GLCPrStar_u_imp_0.1_k_imp_1_e_imp_1/FI_run_T61_GLCPrStar_u_imp_0.1_k_imp_1_e_imp_1_state_iter_7000.dat
iter:   7100 (Jcost: 3.241812e-03) (lr = 6.560e-01) (elapsed time: 7043.284) (secs/iter:  0.925) (n_accepted: 78%) (u_error:  3.424730 %) (beta_change: 12.159460 %) (delta_change:  0.120060 %) (delta_peak/R:  0.489509 %)
iter:   7200 (Jcost: 3.241750e-03) (lr = 1.352e+00) (elapsed time: 7132.286) (secs/iter:  0.890) (n_accepted: 80%) (u_error:  3.424738 %) (beta_change: 12.220475 %) (delta_change:  0.120167 %) (delta_peak/R:  0.489482 %)
iter:   7300 (Jcost: 3.241692e-03) (lr = 2.784e+00) (elapsed time: 7227.960) (secs/iter:  0.957) (n_accepted: 80%) (u_error:  3.425032 %) (beta_change: 12.278878 %) (delta_change:  0.120266 %) (delta_peak/R:  0.489409 %)
iter:   7400 (Jcost: 3.241633e-03) (lr = 2.390e+00) (elapsed time: 7318.052) (secs/iter:  0.901) (n_accepted: 79%) (u_error:  3.425064 %) (beta_change: 12.337074 %) (delta_change:  0.120364 %) (delta_peak/R:  0.489380 %)
iter:   7500 (Jcost: 3.241575e-03) (lr = 8.549e-01) (elapsed time: 7413.410) (secs/iter:  0.954) (n_accepted: 78%) (u_error:  3.424265 %) (beta_change: 12.394267 %) (delta_change:  0.120461 %) (delta_peak/R:  0.489492 %)
-> Saved file: /media/rafael/DATA/Dropbox/20220924_FIML_solver/data/output/field_inversion/Beta_k__1__Beta_e__1/u_imp_0.1/FI_run_T61_GLCPrStar_u_imp_0.1_k_imp_1_e_imp_1/FI_run_T61_GLCPrStar_u_imp_0.1_k_imp_1_e_imp_1_state_iter_7500.dat
iter:   7600 (Jcost: 3.241522e-03) (lr = 1.761e+00) (elapsed time: 7512.757) (secs/iter:  0.993) (n_accepted: 80%) (u_error:  3.424378 %) (beta_change: 12.445715 %) (delta_change:  0.120544 %) (delta_peak/R:  0.489452 %)
iter:   7700 (Jcost: 3.241465e-03) (lr = 6.299e-01) (elapsed time: 7600.193) (secs/iter:  0.874) (n_accepted: 78%) (u_error:  3.424831 %) (beta_change: 12.502683 %) (delta_change:  0.120634 %) (delta_peak/R:  0.489354 %)
iter:   7800 (Jcost: 3.241410e-03) (lr = 1.298e+00) (elapsed time: 7703.233) (secs/iter:  1.030) (n_accepted: 80%) (u_error:  3.424242 %) (beta_change: 12.556673 %) (delta_change:  0.120719 %) (delta_peak/R:  0.489433 %)
iter:   7900 (Jcost: 3.241358e-03) (lr = 4.641e-01) (elapsed time: 7789.755) (secs/iter:  0.865) (n_accepted: 78%) (u_error:  3.424287 %) (beta_change: 12.608438 %) (delta_change:  0.120798 %) (delta_peak/R:  0.489406 %)
iter:   8000 (Jcost: 3.241300e-03) (lr = 5.508e+00) (elapsed time: 7881.855) (secs/iter:  0.921) (n_accepted: 82%) (u_error:  3.424183 %) (beta_change: 12.664870 %) (delta_change:  0.120882 %) (delta_peak/R:  0.489402 %)
-> Saved file: /media/rafael/DATA/Dropbox/20220924_FIML_solver/data/output/field_inversion/Beta_k__1__Beta_e__1/u_imp_0.1/FI_run_T61_GLCPrStar_u_imp_0.1_k_imp_1_e_imp_1/FI_run_T61_GLCPrStar_u_imp_0.1_k_imp_1_e_imp_1_state_iter_8000.dat
iter:   8100 (Jcost: 3.241248e-03) (lr = 1.970e+00) (elapsed time: 7955.780) (secs/iter:  0.739) (n_accepted: 78%) (u_error:  3.424633 %) (beta_change: 12.717114 %) (delta_change:  0.120957 %) (delta_peak/R:  0.489308 %)
iter:   8200 (Jcost: 3.241196e-03) (lr = 4.058e+00) (elapsed time: 8042.113) (secs/iter:  0.863) (n_accepted: 80%) (u_error:  3.424405 %) (beta_change: 12.767122 %) (delta_change:  0.121030 %) (delta_peak/R:  0.489328 %)
iter:   8300 (Jcost: 3.241147e-03) (lr = 1.452e+00) (elapsed time: 8142.599) (secs/iter:  1.005) (n_accepted: 78%) (u_error:  3.424123 %) (beta_change: 12.815190 %) (delta_change:  0.121098 %) (delta_peak/R:  0.489358 %)
iter:   8400 (Jcost: 3.241101e-03) (lr = 1.246e+00) (elapsed time: 8240.105) (secs/iter:  0.975) (n_accepted: 79%) (u_error:  3.424051 %) (beta_change: 12.860075 %) (delta_change:  0.121160 %) (delta_peak/R:  0.489355 %)
iter:   8500 (Jcost: 3.241049e-03) (lr = 6.161e+00) (elapsed time: 8332.612) (secs/iter:  0.925) (n_accepted: 81%) (u_error:  3.424123 %) (beta_change: 12.909978 %) (delta_change:  0.121228 %) (delta_peak/R:  0.489325 %)
-> Saved file: /media/rafael/DATA/Dropbox/20220924_FIML_solver/data/output/field_inversion/Beta_k__1__Beta_e__1/u_imp_0.1/FI_run_T61_GLCPrStar_u_imp_0.1_k_imp_1_e_imp_1/FI_run_T61_GLCPrStar_u_imp_0.1_k_imp_1_e_imp_1_state_iter_8500.dat
iter:   8600 (Jcost: 3.241003e-03) (lr = 9.181e-01) (elapsed time: 8435.141) (secs/iter:  1.025) (n_accepted: 77%) (u_error:  3.423975 %) (beta_change: 12.954096 %) (delta_change:  0.121287 %) (delta_peak/R:  0.489335 %)
iter:   8700 (Jcost: 3.240954e-03) (lr = 7.881e-01) (elapsed time: 8528.485) (secs/iter:  0.933) (n_accepted: 79%) (u_error:  3.423966 %) (beta_change: 13.001451 %) (delta_change:  0.121349 %) (delta_peak/R:  0.489320 %)
iter:   8800 (Jcost: 3.240908e-03) (lr = 1.624e+00) (elapsed time: 8623.128) (secs/iter:  0.946) (n_accepted: 80%) (u_error:  3.423880 %) (beta_change: 13.044821 %) (delta_change:  0.121406 %) (delta_peak/R:  0.489320 %)
iter:   8900 (Jcost: 3.240860e-03) (lr = 1.394e+00) (elapsed time: 8718.688) (secs/iter:  0.956) (n_accepted: 79%) (u_error:  3.424228 %) (beta_change: 13.090623 %) (delta_change:  0.121463 %) (delta_peak/R:  0.489246 %)
iter:   9000 (Jcost: 3.240814e-03) (lr = 2.871e+00) (elapsed time: 8810.261) (secs/iter:  0.916) (n_accepted: 80%) (u_error:  3.424060 %) (beta_change: 13.134749 %) (delta_change:  0.121518 %) (delta_peak/R:  0.489260 %)
-> Saved file: /media/rafael/DATA/Dropbox/20220924_FIML_solver/data/output/field_inversion/Beta_k__1__Beta_e__1/u_imp_0.1/FI_run_T61_GLCPrStar_u_imp_0.1_k_imp_1_e_imp_1/FI_run_T61_GLCPrStar_u_imp_0.1_k_imp_1_e_imp_1_state_iter_9000.dat
iter:   9100 (Jcost: 3.240768e-03) (lr = 2.465e+00) (elapsed time: 8912.741) (secs/iter:  1.025) (n_accepted: 79%) (u_error:  3.423323 %) (beta_change: 13.177848 %) (delta_change:  0.121572 %) (delta_peak/R:  0.489370 %)
iter:   9200 (Jcost: 3.240721e-03) (lr = 8.815e-01) (elapsed time: 9009.145) (secs/iter:  0.964) (n_accepted: 78%) (u_error:  3.422835 %) (beta_change: 13.222464 %) (delta_change:  0.121627 %) (delta_peak/R:  0.489438 %)
iter:   9300 (Jcost: 3.240673e-03) (lr = 7.567e-01) (elapsed time: 9094.791) (secs/iter:  0.856) (n_accepted: 79%) (u_error:  3.423422 %) (beta_change: 13.265871 %) (delta_change:  0.121676 %) (delta_peak/R:  0.489326 %)
iter:   9400 (Jcost: 3.240628e-03) (lr = 1.559e+00) (elapsed time: 9190.900) (secs/iter:  0.961) (n_accepted: 80%) (u_error:  3.423259 %) (beta_change: 13.307374 %) (delta_change:  0.121724 %) (delta_peak/R:  0.489340 %)
iter:   9500 (Jcost: 3.240588e-03) (lr = 5.576e-01) (elapsed time: 9288.005) (secs/iter:  0.971) (n_accepted: 78%) (u_error:  3.423618 %) (beta_change: 13.343612 %) (delta_change:  0.121764 %) (delta_peak/R:  0.489269 %)
-> Saved file: /media/rafael/DATA/Dropbox/20220924_FIML_solver/data/output/field_inversion/Beta_k__1__Beta_e__1/u_imp_0.1/FI_run_T61_GLCPrStar_u_imp_0.1_k_imp_1_e_imp_1/FI_run_T61_GLCPrStar_u_imp_0.1_k_imp_1_e_imp_1_state_iter_9500.dat
iter:   9600 (Jcost: 3.240538e-03) (lr = 6.616e+00) (elapsed time: 9385.428) (secs/iter:  0.974) (n_accepted: 82%) (u_error:  3.424290 %) (beta_change: 13.390175 %) (delta_change:  0.121814 %) (delta_peak/R:  0.489141 %)
iter:   9700 (Jcost: 3.240498e-03) (lr = 2.366e+00) (elapsed time: 9481.617) (secs/iter:  0.962) (n_accepted: 78%) (u_error:  3.423568 %) (beta_change: 13.425587 %) (delta_change:  0.121855 %) (delta_peak/R:  0.489252 %)
iter:   9800 (Jcost: 3.240455e-03) (lr = 8.464e-01) (elapsed time: 9575.998) (secs/iter:  0.944) (n_accepted: 78%) (u_error:  3.423517 %) (beta_change: 13.464527 %) (delta_change:  0.121896 %) (delta_peak/R:  0.489249 %)
iter:   9900 (Jcost: 3.240411e-03) (lr = 4.185e+00) (elapsed time: 9664.072) (secs/iter:  0.881) (n_accepted: 81%) (u_error:  3.423491 %) (beta_change: 13.503779 %) (delta_change:  0.121938 %) (delta_peak/R:  0.489242 %)
iter:  10000 (Jcost: 3.240366e-03) (lr = 3.592e+00) (elapsed time: 9756.909) (secs/iter:  0.928) (n_accepted: 79%) (u_error:  3.423454 %) (beta_change: 13.543718 %) (delta_change:  0.121979 %) (delta_peak/R:  0.489237 %)
-> Saved file: /media/rafael/DATA/Dropbox/20220924_FIML_solver/data/output/field_inversion/Beta_k__1__Beta_e__1/u_imp_0.1/FI_run_T61_GLCPrStar_u_imp_0.1_k_imp_1_e_imp_1/FI_run_T61_GLCPrStar_u_imp_0.1_k_imp_1_e_imp_1_state_iter_10000.dat
iter:  10100 (Jcost: 3.240318e-03) (lr = 1.285e+00) (elapsed time: 9856.246) (secs/iter:  0.993) (n_accepted: 78%) (u_error:  3.424152 %) (beta_change: 13.586162 %) (delta_change:  0.122020 %) (delta_peak/R:  0.489107 %)
iter:  10200 (Jcost: 3.240275e-03) (lr = 2.647e+00) (elapsed time: 9952.978) (secs/iter:  0.967) (n_accepted: 80%) (u_error:  3.423100 %) (beta_change: 13.623759 %) (delta_change:  0.122060 %) (delta_peak/R:  0.489273 %)
iter:  10300 (Jcost: 3.240233e-03) (lr = 5.453e+00) (elapsed time: 10049.375) (secs/iter:  0.964) (n_accepted: 80%) (u_error:  3.423895 %) (beta_change: 13.660065 %) (delta_change:  0.122093 %) (delta_peak/R:  0.489130 %)
iter:  10400 (Jcost: 3.240192e-03) (lr = 1.950e+00) (elapsed time: 10135.935) (secs/iter:  0.866) (n_accepted: 78%) (u_error:  3.423646 %) (beta_change: 13.695294 %) (delta_change:  0.122127 %) (delta_peak/R:  0.489162 %)
iter:  10500 (Jcost: 3.240149e-03) (lr = 4.018e+00) (elapsed time: 10231.902) (secs/iter:  0.960) (n_accepted: 80%) (u_error:  3.423294 %) (beta_change: 13.731483 %) (delta_change:  0.122162 %) (delta_peak/R:  0.489211 %)
-> Saved file: /media/rafael/DATA/Dropbox/20220924_FIML_solver/data/output/field_inversion/Beta_k__1__Beta_e__1/u_imp_0.1/FI_run_T61_GLCPrStar_u_imp_0.1_k_imp_1_e_imp_1/FI_run_T61_GLCPrStar_u_imp_0.1_k_imp_1_e_imp_1_state_iter_10500.dat
iter:  10600 (Jcost: 3.240104e-03) (lr = 1.437e+00) (elapsed time: 10334.709) (secs/iter:  1.028) (n_accepted: 78%) (u_error:  3.422803 %) (beta_change: 13.769992 %) (delta_change:  0.122198 %) (delta_peak/R:  0.489283 %)
iter:  10700 (Jcost: 3.240061e-03) (lr = 7.106e+00) (elapsed time: 10429.141) (secs/iter:  0.944) (n_accepted: 81%) (u_error:  3.423073 %) (beta_change: 13.806346 %) (delta_change:  0.122230 %) (delta_peak/R:  0.489228 %)
iter:  10800 (Jcost: 3.240021e-03) (lr = 6.100e+00) (elapsed time: 10521.540) (secs/iter:  0.924) (n_accepted: 79%) (u_error:  3.423180 %) (beta_change: 13.839893 %) (delta_change:  0.122259 %) (delta_peak/R:  0.489201 %)
iter:  10900 (Jcost: 3.239979e-03) (lr = 9.090e-01) (elapsed time: 10618.019) (secs/iter:  0.965) (n_accepted: 77%) (u_error:  3.423344 %) (beta_change: 13.874691 %) (delta_change:  0.122289 %) (delta_peak/R:  0.489165 %)
iter:  11000 (Jcost: 3.239938e-03) (lr = 4.495e+00) (elapsed time: 10710.002) (secs/iter:  0.920) (n_accepted: 81%) (u_error:  3.423452 %) (beta_change: 13.908524 %) (delta_change:  0.122317 %) (delta_peak/R:  0.489138 %)
-> Saved file: /media/rafael/DATA/Dropbox/20220924_FIML_solver/data/output/field_inversion/Beta_k__1__Beta_e__1/u_imp_0.1/FI_run_T61_GLCPrStar_u_imp_0.1_k_imp_1_e_imp_1/FI_run_T61_GLCPrStar_u_imp_0.1_k_imp_1_e_imp_1_state_iter_11000.dat
iter:  11100 (Jcost: 3.239901e-03) (lr = 1.608e+00) (elapsed time: 10810.799) (secs/iter:  1.008) (n_accepted: 78%) (u_error:  3.423116 %) (beta_change: 13.938225 %) (delta_change:  0.122342 %) (delta_peak/R:  0.489187 %)
iter:  11200 (Jcost: 3.239855e-03) (lr = 1.380e+00) (elapsed time: 10902.002) (secs/iter:  0.912) (n_accepted: 79%) (u_error:  3.422376 %) (beta_change: 13.976751 %) (delta_change:  0.122375 %) (delta_peak/R:  0.489301 %)
iter:  11300 (Jcost: 3.239815e-03) (lr = 2.843e+00) (elapsed time: 10995.877) (secs/iter:  0.939) (n_accepted: 80%) (u_error:  3.423104 %) (beta_change: 14.007823 %) (delta_change:  0.122398 %) (delta_peak/R:  0.489171 %)
iter:  11400 (Jcost: 3.239776e-03) (lr = 5.857e+00) (elapsed time: 11088.615) (secs/iter:  0.927) (n_accepted: 80%) (u_error:  3.423012 %) (beta_change: 14.038988 %) (delta_change:  0.122423 %) (delta_peak/R:  0.489179 %)
iter:  11500 (Jcost: 3.239734e-03) (lr = 8.728e-01) (elapsed time: 11186.056) (secs/iter:  0.974) (n_accepted: 77%) (u_error:  3.422697 %) (beta_change: 14.072220 %) (delta_change:  0.122449 %) (delta_peak/R:  0.489224 %)
-> Saved file: /media/rafael/DATA/Dropbox/20220924_FIML_solver/data/output/field_inversion/Beta_k__1__Beta_e__1/u_imp_0.1/FI_run_T61_GLCPrStar_u_imp_0.1_k_imp_1_e_imp_1/FI_run_T61_GLCPrStar_u_imp_0.1_k_imp_1_e_imp_1_state_iter_11500.dat
iter:  11600 (Jcost: 3.239697e-03) (lr = 4.315e+00) (elapsed time: 11285.410) (secs/iter:  0.994) (n_accepted: 81%) (u_error:  3.422856 %) (beta_change: 14.101858 %) (delta_change:  0.122470 %) (delta_peak/R:  0.489190 %)
iter:  11700 (Jcost: 3.239657e-03) (lr = 1.543e+00) (elapsed time: 11374.728) (secs/iter:  0.893) (n_accepted: 78%) (u_error:  3.422573 %) (beta_change: 14.133611 %) (delta_change:  0.122494 %) (delta_peak/R:  0.489230 %)
iter:  11800 (Jcost: 3.239621e-03) (lr = 1.325e+00) (elapsed time: 11467.566) (secs/iter:  0.928) (n_accepted: 79%) (u_error:  3.422896 %) (beta_change: 14.160819 %) (delta_change:  0.122513 %) (delta_peak/R:  0.489170 %)
iter:  11900 (Jcost: 3.239577e-03) (lr = 2.730e+00) (elapsed time: 11562.477) (secs/iter:  0.949) (n_accepted: 80%) (u_error:  3.423158 %) (beta_change: 14.200082 %) (delta_change:  0.122536 %) (delta_peak/R:  0.489118 %)
iter:  12000 (Jcost: 3.239538e-03) (lr = 2.343e+00) (elapsed time: 11652.812) (secs/iter:  0.903) (n_accepted: 79%) (u_error:  3.423016 %) (beta_change: 14.237768 %) (delta_change:  0.122557 %) (delta_peak/R:  0.489135 %)
-> Saved file: /media/rafael/DATA/Dropbox/20220924_FIML_solver/data/output/field_inversion/Beta_k__1__Beta_e__1/u_imp_0.1/FI_run_T61_GLCPrStar_u_imp_0.1_k_imp_1_e_imp_1/FI_run_T61_GLCPrStar_u_imp_0.1_k_imp_1_e_imp_1_state_iter_12000.dat
iter:  12100 (Jcost: 3.239498e-03) (lr = 2.011e+00) (elapsed time: 11751.152) (secs/iter:  0.983) (n_accepted: 79%) (u_error:  3.422986 %) (beta_change: 14.276020 %) (delta_change:  0.122577 %) (delta_peak/R:  0.489133 %)
iter:  12200 (Jcost: 3.239459e-03) (lr = 7.194e-01) (elapsed time: 11843.653) (secs/iter:  0.925) (n_accepted: 78%) (u_error:  3.422399 %) (beta_change: 14.313207 %) (delta_change:  0.122598 %) (delta_peak/R:  0.489225 %)
iter:  12300 (Jcost: 3.239419e-03) (lr = 6.175e-01) (elapsed time: 11938.620) (secs/iter:  0.950) (n_accepted: 79%) (u_error:  3.422650 %) (beta_change: 14.351049 %) (delta_change:  0.122616 %) (delta_peak/R:  0.489176 %)
iter:  12400 (Jcost: 3.239381e-03) (lr = 1.272e+00) (elapsed time: 12029.451) (secs/iter:  0.908) (n_accepted: 80%) (u_error:  3.423162 %) (beta_change: 14.387073 %) (delta_change:  0.122633 %) (delta_peak/R:  0.489084 %)
iter:  12500 (Jcost: 3.239343e-03) (lr = 1.092e+00) (elapsed time: 12120.580) (secs/iter:  0.911) (n_accepted: 79%) (u_error:  3.423119 %) (beta_change: 14.422801 %) (delta_change:  0.122650 %) (delta_peak/R:  0.489085 %)
-> Saved file: /media/rafael/DATA/Dropbox/20220924_FIML_solver/data/output/field_inversion/Beta_k__1__Beta_e__1/u_imp_0.1/FI_run_T61_GLCPrStar_u_imp_0.1_k_imp_1_e_imp_1/FI_run_T61_GLCPrStar_u_imp_0.1_k_imp_1_e_imp_1_state_iter_12500.dat
iter:  12600 (Jcost: 3.239305e-03) (lr = 2.250e+00) (elapsed time: 12219.945) (secs/iter:  0.994) (n_accepted: 80%) (u_error:  3.422874 %) (beta_change: 14.458816 %) (delta_change:  0.122668 %) (delta_peak/R:  0.489120 %)
iter:  12700 (Jcost: 3.239266e-03) (lr = 8.046e-01) (elapsed time: 12316.444) (secs/iter:  0.965) (n_accepted: 78%) (u_error:  3.422624 %) (beta_change: 14.494822 %) (delta_change:  0.122685 %) (delta_peak/R:  0.489156 %)
iter:  12800 (Jcost: 3.239220e-03) (lr = 6.907e-01) (elapsed time: 12404.388) (secs/iter:  0.879) (n_accepted: 79%) (u_error:  3.422599 %) (beta_change: 14.537276 %) (delta_change:  0.122704 %) (delta_peak/R:  0.489154 %)
iter:  12900 (Jcost: 3.239180e-03) (lr = 3.415e+00) (elapsed time: 12495.874) (secs/iter:  0.915) (n_accepted: 81%) (u_error:  3.422544 %) (beta_change: 14.574035 %) (delta_change:  0.122720 %) (delta_peak/R:  0.489157 %)
iter:  13000 (Jcost: 3.239144e-03) (lr = 5.089e-01) (elapsed time: 12594.931) (secs/iter:  0.991) (n_accepted: 77%) (u_error:  3.422557 %) (beta_change: 14.606526 %) (delta_change:  0.122734 %) (delta_peak/R:  0.489150 %)
-> Saved file: /media/rafael/DATA/Dropbox/20220924_FIML_solver/data/output/field_inversion/Beta_k__1__Beta_e__1/u_imp_0.1/FI_run_T61_GLCPrStar_u_imp_0.1_k_imp_1_e_imp_1/FI_run_T61_GLCPrStar_u_imp_0.1_k_imp_1_e_imp_1_state_iter_13000.dat
iter:  13100 (Jcost: 3.239106e-03) (lr = 6.039e+00) (elapsed time: 12693.905) (secs/iter:  0.990) (n_accepted: 82%) (u_error:  3.423203 %) (beta_change: 14.641882 %) (delta_change:  0.122747 %) (delta_peak/R:  0.489036 %)
iter:  13200 (Jcost: 3.239070e-03) (lr = 2.160e+00) (elapsed time: 12789.703) (secs/iter:  0.958) (n_accepted: 78%) (u_error:  3.422187 %) (beta_change: 14.673944 %) (delta_change:  0.122762 %) (delta_peak/R:  0.489201 %)
iter:  13300 (Jcost: 3.239033e-03) (lr = 1.854e+00) (elapsed time: 12867.136) (secs/iter:  0.774) (n_accepted: 79%) (u_error:  3.422059 %) (beta_change: 14.708152 %) (delta_change:  0.122776 %) (delta_peak/R:  0.489218 %)
iter:  13400 (Jcost: 3.238994e-03) (lr = 3.820e+00) (elapsed time: 12922.805) (secs/iter:  0.557) (n_accepted: 80%) (u_error:  3.422459 %) (beta_change: 14.742100 %) (delta_change:  0.122788 %) (delta_peak/R:  0.489145 %)
iter:  13500 (Jcost: 3.238957e-03) (lr = 1.366e+00) (elapsed time: 13018.864) (secs/iter:  0.961) (n_accepted: 78%) (u_error:  3.422435 %) (beta_change: 14.775152 %) (delta_change:  0.122800 %) (delta_peak/R:  0.489145 %)
-> Saved file: /media/rafael/DATA/Dropbox/20220924_FIML_solver/data/output/field_inversion/Beta_k__1__Beta_e__1/u_imp_0.1/FI_run_T61_GLCPrStar_u_imp_0.1_k_imp_1_e_imp_1/FI_run_T61_GLCPrStar_u_imp_0.1_k_imp_1_e_imp_1_state_iter_13500.dat
iter:  13600 (Jcost: 3.238918e-03) (lr = 2.815e+00) (elapsed time: 13080.004) (secs/iter:  0.611) (n_accepted: 80%) (u_error:  3.422745 %) (beta_change: 14.810442 %) (delta_change:  0.122812 %) (delta_peak/R:  0.489087 %)
iter:  13700 (Jcost: 3.238882e-03) (lr = 1.007e+00) (elapsed time: 13137.978) (secs/iter:  0.580) (n_accepted: 78%) (u_error:  3.422142 %) (beta_change: 14.842754 %) (delta_change:  0.122824 %) (delta_peak/R:  0.489184 %)
iter:  13800 (Jcost: 3.238846e-03) (lr = 4.978e+00) (elapsed time: 13195.531) (secs/iter:  0.576) (n_accepted: 81%) (u_error:  3.422311 %) (beta_change: 14.873650 %) (delta_change:  0.122835 %) (delta_peak/R:  0.489151 %)
iter:  13900 (Jcost: 3.238808e-03) (lr = 1.780e+00) (elapsed time: 13258.297) (secs/iter:  0.628) (n_accepted: 78%) (u_error:  3.422561 %) (beta_change: 14.907334 %) (delta_change:  0.122845 %) (delta_peak/R:  0.489104 %)
iter:  14000 (Jcost: 3.238770e-03) (lr = 6.368e-01) (elapsed time: 13352.707) (secs/iter:  0.944) (n_accepted: 78%) (u_error:  3.422374 %) (beta_change: 14.940270 %) (delta_change:  0.122856 %) (delta_peak/R:  0.489131 %)
-> Saved file: /media/rafael/DATA/Dropbox/20220924_FIML_solver/data/output/field_inversion/Beta_k__1__Beta_e__1/u_imp_0.1/FI_run_T61_GLCPrStar_u_imp_0.1_k_imp_1_e_imp_1/FI_run_T61_GLCPrStar_u_imp_0.1_k_imp_1_e_imp_1_state_iter_14000.dat
iter:  14100 (Jcost: 3.238732e-03) (lr = 1.312e+00) (elapsed time: 13431.040) (secs/iter:  0.783) (n_accepted: 80%) (u_error:  3.422369 %) (beta_change: 14.973493 %) (delta_change:  0.122867 %) (delta_peak/R:  0.489128 %)
iter:  14200 (Jcost: 3.238695e-03) (lr = 4.692e-01) (elapsed time: 13493.438) (secs/iter:  0.624) (n_accepted: 78%) (u_error:  3.422060 %) (beta_change: 15.006175 %) (delta_change:  0.122877 %) (delta_peak/R:  0.489175 %)
iter:  14300 (Jcost: 3.238658e-03) (lr = 5.568e+00) (elapsed time: 13575.532) (secs/iter:  0.821) (n_accepted: 82%) (u_error:  3.422188 %) (beta_change: 15.037572 %) (delta_change:  0.122886 %) (delta_peak/R:  0.489149 %)
iter:  14400 (Jcost: 3.238626e-03) (lr = 1.991e+00) (elapsed time: 13662.014) (secs/iter:  0.865) (n_accepted: 78%) (u_error:  3.422225 %) (beta_change: 15.064743 %) (delta_change:  0.122894 %) (delta_peak/R:  0.489139 %)
iter:  14500 (Jcost: 3.238583e-03) (lr = 4.103e+00) (elapsed time: 13732.607) (secs/iter:  0.706) (n_accepted: 80%) (u_error:  3.421960 %) (beta_change: 15.102192 %) (delta_change:  0.122905 %) (delta_peak/R:  0.489179 %)
-> Saved file: /media/rafael/DATA/Dropbox/20220924_FIML_solver/data/output/field_inversion/Beta_k__1__Beta_e__1/u_imp_0.1/FI_run_T61_GLCPrStar_u_imp_0.1_k_imp_1_e_imp_1/FI_run_T61_GLCPrStar_u_imp_0.1_k_imp_1_e_imp_1_state_iter_14500.dat
iter:  14600 (Jcost: 3.238546e-03) (lr = 3.522e+00) (elapsed time: 13814.648) (secs/iter:  0.820) (n_accepted: 79%) (u_error:  3.422018 %) (beta_change: 15.133117 %) (delta_change:  0.122913 %) (delta_peak/R:  0.489165 %)
iter:  14700 (Jcost: 3.238513e-03) (lr = 3.023e+00) (elapsed time: 13907.689) (secs/iter:  0.930) (n_accepted: 79%) (u_error:  3.422142 %) (beta_change: 15.160709 %) (delta_change:  0.122920 %) (delta_peak/R:  0.489141 %)
iter:  14800 (Jcost: 3.238475e-03) (lr = 1.081e+00) (elapsed time: 14006.433) (secs/iter:  0.987) (n_accepted: 78%) (u_error:  3.421839 %) (beta_change: 15.192820 %) (delta_change:  0.122929 %) (delta_peak/R:  0.489188 %)
iter:  14900 (Jcost: 3.238440e-03) (lr = 3.867e-01) (elapsed time: 14065.604) (secs/iter:  0.592) (n_accepted: 78%) (u_error:  3.422108 %) (beta_change: 15.222482 %) (delta_change:  0.122936 %) (delta_peak/R:  0.489139 %)
iter:  15000 (Jcost: 3.238402e-03) (lr = 4.589e+00) (elapsed time: 14144.849) (secs/iter:  0.792) (n_accepted: 82%) (u_error:  3.422050 %) (beta_change: 15.254217 %) (delta_change:  0.122943 %) (delta_peak/R:  0.489145 %)
-> Saved file: /media/rafael/DATA/Dropbox/20220924_FIML_solver/data/output/field_inversion/Beta_k__1__Beta_e__1/u_imp_0.1/FI_run_T61_GLCPrStar_u_imp_0.1_k_imp_1_e_imp_1/FI_run_T61_GLCPrStar_u_imp_0.1_k_imp_1_e_imp_1_state_iter_15000.dat
iter:  15000 (Jcost: 3.238401e-03) (lr = 5.507e+00) (elapsed time: 14150.755) (secs/iter:   None) (n_accepted: 0%) (u_error:  3.422136 %) (beta_change: 15.254959 %) (delta_change:  0.122943 %) (delta_peak/R:  0.489130 %)
