# ------------------------------------------------------------------------
#                  Input Arguments
# ------------------------------------------------------------------------
# Begin_Input_Arguments
{ 'all_b_mode': ['Beta_k'],
  'args_mk_solver': { 'torch': "<module 'torch' from "
                               "'/home/rafael/anaconda3/lib/python3.9/site-packages/torch/__init__.py'>",
                      'y_grid': [0.0, 0.000309700312, 0.000638645973, 0.00098802599, 0.00135910194, 0.00175321227, 0.00217177688, 0.00261630193, 0.00308838486, 0.00358971984, 0.00412210331, 0.00468744001, 0.00528774917, 0.00592517114, 0.00660197432, 0.0073205624, 0.00808348206, 0.00889343092, 0.00975326602, 0.0106660126, 0.0116348733, 0.0126632377, 0.0137546927, 0.0149130326, 0.0161422702, 0.0174466482, 0.0188306506, 0.0202990157, 0.0218567475, 0.02350913, 0.0252617393, 0.0271204584, 0.0290914903, 0.0311813732, 0.033396994, 0.0357456039, 0.0382348325, 0.0408727029, 0.0436676462, 0.0466285159, 0.0497646022, 0.0530856456, 0.0566018496, 0.0603238931, 0.0642629411, 0.068430655, 0.0728392004, 0.0775012535, 0.0824300053, 0.0876391634, 0.0931429507, 0.0989561006, 0.105093849, 0.111571922, 0.118406518, 0.125614286, 0.133212296, 0.141218006, 0.14964922, 0.158524039, 0.167860801, 0.177678022, 0.187994313, 0.1988283, 0.21019853, 0.222123362, 0.234620856, 0.247708641, 0.261403784, 0.275722637, 0.290680679, 0.306292354, 0.322570888, 0.339528108, 0.357174255, 0.375517785, 0.394565175, 0.414320726, 0.43478637, 0.45596148, 0.47784269, 0.500423731, 0.523695275, 0.547644806, 0.572256506, 0.597511177, 0.623386184, 0.649855436, 0.676889401, 0.704455158, 0.73251649, 0.761034018, 0.789965372, 0.819265404, 0.848886442, 0.878778572, 0.908889961, 0.939167201, 0.969555687, 1.0],
                      'Ret': 649.889823,
                      'cp': 210.480673,
                      'A_sca_rho': 1.0,
                      'A_sca_mu': 0.0015387223566355186,
                      'A_sca_k': 0.46267331026398567,
                      'b_exp_rho': -1.0,
                      'b_exp_mu': 0.75,
                      'b_exp_k': 0.75,
                      'tensor_device': 'cpu',
                      'as_tensor': '<function '
                                   'Build_arguments_fi_run._mk_args_MK_solver.<locals>.<lambda> '
                                   'at 0x7f3552a773a0>',
                      'ref_dns': { 'u_dns': [0.0, 0.199533576, 0.408290403, 0.626565643, 0.854663643, 1.0929026, 1.34162107, 1.60118688, 1.87200894, 2.154553, 2.44936192, 2.75698514, 3.07776201, 3.41198315, 3.75993774, 4.12191724, 4.498187, 4.8889959, 5.29460801, 5.71525529, 6.15098775, 6.6017849, 7.06755964, 7.54808248, 8.04303672, 8.55196141, 9.07422955, 9.60907424, 10.1555475, 10.712545, 11.2787792, 11.8527996, 12.4329898, 13.0175859, 13.6046984, 14.192329, 14.7784082, 15.3608324, 15.9374982, 16.5063493, 17.0654177, 17.6128669, 18.1470301, 18.6664393, 19.1698511, 19.6562608, 20.1249132, 20.5753022, 21.0071641, 21.4204604, 21.8153479, 22.1921372, 22.5512573, 22.8932302, 23.2186529, 23.5282076, 23.822673, 24.102948, 24.3700438, 24.625046, 24.8691045, 25.1034568, 25.3293269, 25.5478553, 25.7602361, 25.9677699, 26.171731, 26.3731539, 26.5728088, 26.7713771, 26.9695075, 27.1675683, 27.3655089, 27.5630328, 27.760047, 27.9566329, 28.1528225, 28.3486563, 28.5437191, 28.7376135, 28.9299705, 29.1205355, 29.309313, 29.496093, 29.6799333, 29.8599147, 30.0358764, 30.2079811, 30.3755032, 30.5368245, 30.6899554, 30.8330515, 30.964845, 31.0840312, 31.188616, 31.2768881, 31.3478167, 31.4001326, 31.4324665, 31.4434329],
                                   'T_dns': [1.0, 1.0186007633053693, 1.037829412504506, 1.0576811525855287, 1.078151443851835, 1.0992376122463319, 1.1209409989401358, 1.1432699460293783, 1.1662437468589788, 1.1898978941204594, 1.2142908371423817, 1.2394815132405324, 1.2654584161771527, 1.292189738497268, 1.3196372196496142, 1.3477577125201405, 1.3765162488006508, 1.4058894692714796, 1.4358644122694542, 1.4664281353280029, 1.4975304137097132, 1.529114693710203, 1.5611241841919008, 1.5934907497258806, 1.6261500948004093, 1.6590273411620893, 1.6920354287565977, 1.7250867477055662, 1.7580830557355256, 1.7909276540570644, 1.8235149700718432, 1.8557410637523233, 1.887499515027725, 1.9186851019961344, 1.949197431140054, 1.9789385746972645, 2.0078182469153454, 2.0357551279423065, 2.0626770199602253, 2.088522711023671, 2.1132431783248573, 2.1368020380459334, 2.1591756655536596, 2.180352821984773, 2.2003343715421693, 2.219132205640771, 2.2367686375370726, 2.2532750687137972, 2.268690953727655, 2.2830621671277362, 2.296438994743354, 2.308874424129305, 2.3204234267762063, 2.3311426445488785, 2.3410893594196103, 2.3503209866681223, 2.358894795782324, 2.366867742656318, 2.374294036601921, 2.3812234228989175, 2.3877014359621263, 2.393769886647218, 2.399466062845091, 2.4048251476609717, 2.409882606410853, 2.4146725543216236, 2.4192267369983838, 2.423572785683353, 2.4277321022772984, 2.4317225132686904, 2.435558420855027, 2.4392459201734544, 2.442784666763864, 2.446170107577907, 2.449405626056449, 2.4525001696556883, 2.455461706017433, 2.4582889198291085, 2.460976180544819, 2.463528908966993, 2.465955197845375, 2.468249001147775, 2.4703959946291305, 2.4723957343113714, 2.4742509451381696, 2.475961686756596, 2.477534395934809, 2.47898023845478, 2.480304204351319, 2.4815079195485015, 2.4825890234129697, 2.483543494494443, 2.484375277891707, 2.4850895105797752, 2.4856918031809823, 2.486184616164718, 2.4865652891040293, 2.486830838459782, 2.4869848568522595, 2.487034085785826],
                                   'mu_dns': [0.0015387223566355186, 0.0015601388865886905, 0.0015821758265405059, 0.0016048200364909932, 0.0016280588164401804, 0.0016518817263880907, 0.0016762829563347363, 0.0017012645562801132, 0.00172684063622419, 0.0017530428661668975, 0.0017799274561081135, 0.0018075499360477156, 0.0018358879559857535, 0.0018648975559223228, 0.0018945286658575333, 0.001924726975791503, 0.00195544799572433, 0.0019866604556560826, 0.002018344695586804, 0.0020504814855165357, 0.0020830131054454036, 0.0021158764753735466, 0.0021490095853011, 0.0021823400552282214, 0.0022158009051550572, 0.0022493157350817763, 0.0022827973150085674, 0.0023161595249356196, 0.0023493071748631406, 0.002382148304791332, 0.0024145836947204106, 0.002446517334650587, 0.0024778522145820717, 0.0025084938545150725, 0.0025383536944497825, 0.0025673465743863886, 0.002595395584325058, 0.002622433094265939, 0.0026484006542091603, 0.002673250554154825, 0.0026969467441030123, 0.002719465044053775, 0.00274079306400714, 0.0027609296839631106, 0.002779884653921664, 0.00279767747388276, 0.002814336753846334, 0.0028298989138123066, 0.002844407193780583, 0.0028579101237510584, 0.0028704596637236187, 0.002882109643698145, 0.0028929151436745187, 0.002902932253652616, 0.0029122171636323142, 0.0029208257436134913, 0.0029288133335960255, 0.0029362346335797987, 0.0029431414835646968, 0.0029495813135506158, 0.0029555974235374615, 0.0029612294735251463, 0.0029665127735135945, 0.002971480553502732, 0.002976166193492487, 0.002980601723482788, 0.0029848168934735715, 0.0029888375734647807, 0.0029926838134563703, 0.0029963723134483053, 0.0029999165734405555, 0.0030033223934331087, 0.003006589613425965, 0.0030097141834191325, 0.0030126993734126053, 0.0030155535734063643, 0.003018284253400394, 0.003020890313394696, 0.0030233666733892805, 0.003025718433384139, 0.0030279531433792524, 0.003030065323374634, 0.003032041873370312, 0.0030338824733662875, 0.003035589713362555, 0.003037163723359113, 0.003038610493355949, 0.0030399403533530422, 0.0030411579433503796, 0.0030422648033479596, 0.003043258803345786, 0.003044136283343867, 0.003044900903342195, 0.00304555741334076, 0.0030461109933395494, 0.0030465639233385592, 0.003046913773337794, 0.003047157813337261, 0.0030472993533369516, 0.0030473445933368527],
                                   'rho_dns': [1.0, 0.9817389069638927, 0.9635494889153166, 0.945464516934498, 0.9275134821759096, 0.9097214186079967, 0.8921076140006592, 0.8746840616890521, 0.8574536864127077, 0.8404082442209658, 0.8235259374544263, 0.8067889591879223, 0.7902274679407633, 0.7738801587783343, 0.7577840220856432, 0.7419731237375918, 0.7264716278295248, 0.7112934706867047, 0.6964445886777366, 0.6819290873577827, 0.6677660706220847, 0.6539731807648953, 0.6405640307965886, 0.6275530624649214, 0.6149493845601861, 0.602762820834246, 0.591004173437938, 0.579680993625416, 0.568801341175336, 0.5583698468973091, 0.5483914398358911, 0.5388682826137349, 0.5298014606299442, 0.5211902666881784, 0.5130316631984869, 0.5053213944010256, 0.4980530491424319, 0.49121821493863876, 0.4848068749121387, 0.47880733818300636, 0.4732063069015503, 0.4679890706742688, 0.46313971389797887, 0.45864136754238743, 0.4544763800145159, 0.4506265996492316, 0.4470735073883679, 0.4437984575805984, 0.44078282163417354, 0.43800822176387566, 0.4354568104308637, 0.433111471784399, 0.43095582834608454, 0.42897417810891597, 0.4271515719707147, 0.42547379939691843, 0.4239273416466, 0.4224993150135662, 0.421177825738549, 0.41995219364279274, 0.41881283184681306, 0.41775109862403204, 0.41675938471673224, 0.41583064821683174, 0.41495797236751925, 0.41413482677403407, 0.41335521995790014, 0.41261397466882305, 0.41190706300005864, 0.41123113124277194, 0.41058345857659206, 0.40996276420086836, 0.40936887053772664, 0.4088023138301519, 0.4082623103997696, 0.4077471685314469, 0.40725538400756484, 0.4067870102386161, 0.40634281953050705, 0.4059217638405226, 0.4055223715636637, 0.4051455098472578, 0.4047934024237784, 0.4044659947120184, 0.4041627232536662, 0.4038834709554643, 0.403627090562626, 0.40339167875873383, 0.4031763516126978, 0.4029807812106218, 0.40280529341309895, 0.40265048798896225, 0.4025156782467345, 0.402399992331342, 0.4023024892789536, 0.40222274464180285, 0.4021611676081607, 0.4021182239397312, 0.4020933208518549, 0.40208536172274895]},
                      'case': 'Supersonic_M3.0R200',
                      'constant_Sq_heat': 0.0,
                      'use_visc_heating': True,
                      'Pr_turb': 1.0,
                      'fprint': '<function '
                                'Build_arguments_fi_run._mk_args_MK_solver.<locals>.<lambda> '
                                'at 0x7f3552a77040>',
                      'compressible_correction': False,
                      'bool_solve_energy': False,
                      'output_last': False},
  'u_imp': 0.1,
  'k_imp': 1,
  'e_imp': 0,
  'solve_sparse_adj': True,
  'all_ref_beta_distrib': {'K': [1.0, 0.99995934, 0.99991939, 0.99988042, 0.99984253, 0.99980587, 0.99977067, 0.99973729, 0.99970619, 0.99967797, 0.99965341, 0.99963345, 0.99961919, 0.99961192, 0.99961316, 0.99962469, 0.99964866, 0.99968768, 0.99974478, 0.99982349, 0.99992788, 1.00006251, 1.00023236, 1.00044262, 1.00069848, 1.00100528, 1.00136874, 1.00179696, 1.00229807, 1.00283107, 1.00341118, 1.0041445, 1.00490862, 1.00568748, 1.00654808, 1.0074845, 1.00849303, 1.00957159, 1.01071669, 1.01192504, 1.01319321, 1.01451776, 1.01589516, 1.01732136, 1.0187926, 1.02030441, 1.0218527, 1.02343294, 1.02504051, 1.02667124, 1.02831995, 1.02998239, 1.03165377, 1.0333289, 1.03500333, 1.03667227, 1.03833059, 1.0399736, 1.04159692, 1.0431963, 1.04476786, 1.04630865, 1.04781688, 1.04929178, 1.05073227, 1.0521336, 1.05348244, 1.0547516, 1.0558966, 1.05685607, 1.05755661, 1.05792159, 1.05788202, 1.05738673, 1.05640989, 1.05495387, 1.05304843, 1.0507464, 1.04811765, 1.04524227, 1.04220332, 1.03908092, 1.03594797, 1.0328677, 1.02989198, 1.02706117, 1.0244048, 1.02194275, 1.01968682, 1.01764241, 1.01581006, 1.01418658, 1.01276596, 1.01154029, 1.01050106, 1.00964077, 1.00895471, 1.00844175, 1.0081033, 1.00396108], 'E': [1.0, 1.0, 1.0, 1.0, 1.0, 1.0, 1.0, 1.0, 1.0, 1.0, 1.0, 1.0, 1.0, 1.0, 1.0, 1.0, 1.0, 1.0, 1.0, 1.0, 1.0, 1.0, 1.0, 1.0, 1.0, 1.0, 1.0, 1.0, 1.0, 1.0, 1.0, 1.0, 1.0, 1.0, 1.0, 1.0, 1.0, 1.0, 1.0, 1.0, 1.0, 1.0, 1.0, 1.0, 1.0, 1.0, 1.0, 1.0, 1.0, 1.0, 1.0, 1.0, 1.0, 1.0, 1.0, 1.0, 1.0, 1.0, 1.0, 1.0, 1.0, 1.0, 1.0, 1.0, 1.0, 1.0, 1.0, 1.0, 1.0, 1.0, 1.0, 1.0, 1.0, 1.0, 1.0, 1.0, 1.0, 1.0, 1.0, 1.0, 1.0, 1.0, 1.0, 1.0, 1.0, 1.0, 1.0, 1.0, 1.0, 1.0, 1.0, 1.0, 1.0, 1.0, 1.0, 1.0, 1.0, 1.0, 1.0, 1.0]},
  'all_ref_delta_distrib': {'K': [-0.0, 0.0010476641629556637, 0.0021710489162548217, 0.0033701808844532792, 0.004650295773432645, 0.006015222427329922, 0.007465550108189957, 0.008995859045370843, 0.010594201818063424, 0.012239048433383463, 0.013895535890003126, 0.015512830592820208, 0.017019000858709814, 0.018315931433128485, 0.019272786633857945, 0.01971975205236113, 0.019441831047794105, 0.018170093822533227, 0.015578404369007846, 0.011277098269746965, 0.0048101826338712884, -0.004340077195670289, -0.016743022965311796, -0.032994781305778785, -0.05368017118017829, -0.07934682162085482, -0.1104810077854441, -0.14763277592468355, -0.19120539541131465, -0.23729978449834094, -0.28650340543961184, -0.3469262866106401, -0.40734663312613284, -0.46551422800322984, -0.5260147042590683, -0.5873579813712038, -0.6483025267738333, -0.7078373095807455, -0.7649917155675267, -0.8189529498072101, -0.8690730772718506, -0.9148597365182876, -0.9559607650378418, -0.9921400428508224, -1.0232844872167282, -1.0493607600125738, -1.070427241636008, -1.0865973088377476, -1.0980343046458727, -1.1049491206005975, -1.1075602602900372, -1.1061219700506004, -1.1008898124138358, -1.092118732076832, -1.08007664079006, -1.0650236433854225, -1.0472130738282717, -1.0268995748750944, -1.0043347861895033, -0.9797668548028574, -0.9534438729119806, -0.9256187530587715, -0.8965481501943715, -0.8664828914172302, -0.8356418178469177, -0.8041647409047958, -0.7720625756989323, -0.739186588628856, -0.7052420999612945, -0.6698540772803134, -0.6326702612905383, -0.5934739142016527, -0.5522717319097787, -0.5093343457056163, -0.46518256698686594, -0.4205259058784193, -0.37617801921971317, -0.3329659157317388, -0.29164983385754395, -0.25286331460271033, -0.21707867088178726, -0.1845989518472279, -0.15556587732523966, -0.12997985961769992, -0.10772746390141774, -0.08861182055135887, -0.07238041993970043, -0.05874940708463062, -0.0474240772607185, -0.03811397420000416, -0.03054317632685373, -0.024456399527345032, -0.019622522639650204, -0.015836703242328092, -0.012921740815167764, -0.01072855605522172, -0.00913611043214048, -0.008050344751092472, -0.007402594049374452, -0.003565709090249632], 'E': [-0.0, -0.0, -0.0, -0.0, -0.0, -0.0, -0.0, -0.0, -0.0, -0.0, -0.0, -0.0, -0.0, -0.0, -0.0, -0.0, -0.0, -0.0, -0.0, -0.0, -0.0, -0.0, -0.0, -0.0, -0.0, -0.0, -0.0, -0.0, -0.0, -0.0, -0.0, -0.0, -0.0, -0.0, -0.0, -0.0, -0.0, -0.0, -0.0, -0.0, -0.0, -0.0, -0.0, -0.0, -0.0, -0.0, -0.0, -0.0, -0.0, -0.0, -0.0, -0.0, -0.0, -0.0, -0.0, -0.0, -0.0, -0.0, -0.0, -0.0, -0.0, -0.0, -0.0, -0.0, -0.0, -0.0, -0.0, -0.0, -0.0, -0.0, -0.0, -0.0, -0.0, -0.0, -0.0, -0.0, -0.0, -0.0, -0.0, -0.0, -0.0, -0.0, -0.0, -0.0, -0.0, -0.0, -0.0, -0.0, -0.0, -0.0, -0.0, -0.0, -0.0, -0.0, -0.0, -0.0, -0.0, -0.0, -0.0, -0.0]},
  'fname_print': '/media/rafael/DATA/Dropbox/20220924_FIML_solver/data/output/field_inversion/Beta_k/u_imp_0.1/FI_run_Supersonic_M3.0R200_u_imp_0.1_k_imp_1_e_imp_0/FI_run_Supersonic_M3.0R200_u_imp_0.1_k_imp_1_e_imp_0.log',
  'folder': '/media/rafael/DATA/Dropbox/20220924_FIML_solver/data/output/field_inversion/Beta_k/u_imp_0.1/FI_run_Supersonic_M3.0R200_u_imp_0.1_k_imp_1_e_imp_0',
  'iters_limit': 15000}
# End_Input_Arguments

# ------------------------------------------------------------------------
#                  Iterations
# ------------------------------------------------------------------------

iter:      0 (Jcost: 1.847632e-02) (lr = 1.000e-03) (elapsed time:  0.001) (secs/iter:   None) (n_accepted: 0%) (u_error:  7.317439 %) (beta_change:  5.792159 %) (delta_change:  1.203412 %) (delta_peak/R:  0.000000 %)
-> Saved file: /media/rafael/DATA/Dropbox/20220924_FIML_solver/data/output/field_inversion/Beta_k/u_imp_0.1/FI_run_Supersonic_M3.0R200_u_imp_0.1_k_imp_1_e_imp_0/FI_run_Supersonic_M3.0R200_u_imp_0.1_k_imp_1_e_imp_0_state_iter_0.dat
iter:    100 (Jcost: 1.008418e-02) (lr = 7.874e-01) (elapsed time: 118.788) (secs/iter:  1.188) (n_accepted: 87%) (u_error:  5.636947 %) (beta_change:  0.863514 %) (delta_change:  0.152655 %) (delta_peak/R:  1.052609 %)
iter:    200 (Jcost: 1.007763e-02) (lr = 1.622e+00) (elapsed time: 216.709) (secs/iter:  0.979) (n_accepted: 80%) (u_error:  5.643126 %) (beta_change:  1.061216 %) (delta_change:  0.159650 %) (delta_peak/R:  1.046781 %)
iter:    300 (Jcost: 1.007596e-02) (lr = 1.392e+00) (elapsed time: 309.189) (secs/iter:  0.925) (n_accepted: 79%) (u_error:  5.646918 %) (beta_change:  1.109433 %) (delta_change:  0.161445 %) (delta_peak/R:  1.045154 %)
iter:    400 (Jcost: 1.007478e-02) (lr = 1.195e+00) (elapsed time: 403.132) (secs/iter:  0.939) (n_accepted: 79%) (u_error:  5.647842 %) (beta_change:  1.515712 %) (delta_change:  0.162384 %) (delta_peak/R:  1.044414 %)
iter:    500 (Jcost: 1.007399e-02) (lr = 1.418e+01) (elapsed time: 490.925) (secs/iter:  0.878) (n_accepted: 82%) (u_error:  5.648986 %) (beta_change:  1.975990 %) (delta_change:  0.162976 %) (delta_peak/R:  1.043892 %)
-> Saved file: /media/rafael/DATA/Dropbox/20220924_FIML_solver/data/output/field_inversion/Beta_k/u_imp_0.1/FI_run_Supersonic_M3.0R200_u_imp_0.1_k_imp_1_e_imp_0/FI_run_Supersonic_M3.0R200_u_imp_0.1_k_imp_1_e_imp_0_state_iter_500.dat
iter:    600 (Jcost: 1.007342e-02) (lr = 1.218e+01) (elapsed time: 581.412) (secs/iter:  0.905) (n_accepted: 79%) (u_error:  5.648723 %) (beta_change:  2.400286 %) (delta_change:  0.163279 %) (delta_peak/R:  1.043697 %)
iter:    700 (Jcost: 1.007293e-02) (lr = 1.814e+00) (elapsed time: 667.494) (secs/iter:  0.861) (n_accepted: 77%) (u_error:  5.649295 %) (beta_change:  2.799807 %) (delta_change:  0.163587 %) (delta_peak/R:  1.043423 %)
iter:    800 (Jcost: 1.007255e-02) (lr = 6.490e-01) (elapsed time: 749.129) (secs/iter:  0.816) (n_accepted: 78%) (u_error:  5.651372 %) (beta_change:  3.169878 %) (delta_change:  0.163983 %) (delta_peak/R:  1.042953 %)
iter:    900 (Jcost: 1.007219e-02) (lr = 1.337e+00) (elapsed time: 835.116) (secs/iter:  0.860) (n_accepted: 80%) (u_error:  5.650090 %) (beta_change:  3.557343 %) (delta_change:  0.164041 %) (delta_peak/R:  1.043018 %)
iter:   1000 (Jcost: 1.007191e-02) (lr = 4.782e-01) (elapsed time: 920.067) (secs/iter:  0.850) (n_accepted: 78%) (u_error:  5.651325 %) (beta_change:  3.885051 %) (delta_change:  0.164299 %) (delta_peak/R:  1.042721 %)
-> Saved file: /media/rafael/DATA/Dropbox/20220924_FIML_solver/data/output/field_inversion/Beta_k/u_imp_0.1/FI_run_Supersonic_M3.0R200_u_imp_0.1_k_imp_1_e_imp_0/FI_run_Supersonic_M3.0R200_u_imp_0.1_k_imp_1_e_imp_0_state_iter_1000.dat
iter:   1100 (Jcost: 1.007164e-02) (lr = 2.364e+00) (elapsed time: 1008.900) (secs/iter:  0.888) (n_accepted: 81%) (u_error:  5.651500 %) (beta_change:  4.228364 %) (delta_change:  0.164450 %) (delta_peak/R:  1.042591 %)
iter:   1200 (Jcost: 1.007142e-02) (lr = 2.030e+00) (elapsed time: 1081.249) (secs/iter:  0.723) (n_accepted: 79%) (u_error:  5.651162 %) (beta_change:  4.545970 %) (delta_change:  0.164533 %) (delta_peak/R:  1.042556 %)
iter:   1300 (Jcost: 1.007121e-02) (lr = 1.742e+00) (elapsed time: 1158.600) (secs/iter:  0.774) (n_accepted: 79%) (u_error:  5.650861 %) (beta_change:  4.869832 %) (delta_change:  0.164612 %) (delta_peak/R:  1.042520 %)
iter:   1400 (Jcost: 1.007104e-02) (lr = 1.495e+00) (elapsed time: 1231.422) (secs/iter:  0.728) (n_accepted: 79%) (u_error:  5.650870 %) (beta_change:  5.174365 %) (delta_change:  0.164709 %) (delta_peak/R:  1.042445 %)
iter:   1500 (Jcost: 1.007086e-02) (lr = 3.081e+00) (elapsed time: 1313.833) (secs/iter:  0.824) (n_accepted: 80%) (u_error:  5.651390 %) (beta_change:  5.485960 %) (delta_change:  0.164853 %) (delta_peak/R:  1.042291 %)
-> Saved file: /media/rafael/DATA/Dropbox/20220924_FIML_solver/data/output/field_inversion/Beta_k/u_imp_0.1/FI_run_Supersonic_M3.0R200_u_imp_0.1_k_imp_1_e_imp_0/FI_run_Supersonic_M3.0R200_u_imp_0.1_k_imp_1_e_imp_0_state_iter_1500.dat
iter:   1600 (Jcost: 1.007071e-02) (lr = 4.591e-01) (elapsed time: 1400.511) (secs/iter:  0.867) (n_accepted: 77%) (u_error:  5.651793 %) (beta_change:  5.774189 %) (delta_change:  0.164974 %) (delta_peak/R:  1.042163 %)
iter:   1700 (Jcost: 1.007057e-02) (lr = 2.270e+00) (elapsed time: 1479.031) (secs/iter:  0.785) (n_accepted: 81%) (u_error:  5.651986 %) (beta_change:  6.058053 %) (delta_change:  0.165071 %) (delta_peak/R:  1.042072 %)
iter:   1800 (Jcost: 1.007045e-02) (lr = 1.949e+00) (elapsed time: 1542.869) (secs/iter:  0.638) (n_accepted: 79%) (u_error:  5.651852 %) (beta_change:  6.317315 %) (delta_change:  0.165126 %) (delta_peak/R:  1.042039 %)
iter:   1900 (Jcost: 1.007035e-02) (lr = 1.673e+00) (elapsed time: 1619.804) (secs/iter:  0.769) (n_accepted: 79%) (u_error:  5.651994 %) (beta_change:  6.556688 %) (delta_change:  0.165202 %) (delta_peak/R:  1.041968 %)
iter:   2000 (Jcost: 1.007024e-02) (lr = 1.436e+00) (elapsed time: 1689.411) (secs/iter:  0.696) (n_accepted: 79%) (u_error:  5.651704 %) (beta_change:  6.839506 %) (delta_change:  0.165245 %) (delta_peak/R:  1.041958 %)
-> Saved file: /media/rafael/DATA/Dropbox/20220924_FIML_solver/data/output/field_inversion/Beta_k/u_imp_0.1/FI_run_Supersonic_M3.0R200_u_imp_0.1_k_imp_1_e_imp_0/FI_run_Supersonic_M3.0R200_u_imp_0.1_k_imp_1_e_imp_0_state_iter_2000.dat
iter:   2100 (Jcost: 1.007014e-02) (lr = 2.958e+00) (elapsed time: 1750.228) (secs/iter:  0.608) (n_accepted: 80%) (u_error:  5.652118 %) (beta_change:  7.081356 %) (delta_change:  0.165343 %) (delta_peak/R:  1.041847 %)
iter:   2200 (Jcost: 1.007006e-02) (lr = 1.058e+00) (elapsed time: 1809.335) (secs/iter:  0.591) (n_accepted: 78%) (u_error:  5.652138 %) (beta_change:  7.313343 %) (delta_change:  0.165400 %) (delta_peak/R:  1.041800 %)
iter:   2300 (Jcost: 1.006998e-02) (lr = 2.180e+00) (elapsed time: 1891.293) (secs/iter:  0.820) (n_accepted: 80%) (u_error:  5.652078 %) (beta_change:  7.541330 %) (delta_change:  0.165447 %) (delta_peak/R:  1.041767 %)
iter:   2400 (Jcost: 1.006991e-02) (lr = 4.491e+00) (elapsed time: 1969.348) (secs/iter:  0.781) (n_accepted: 80%) (u_error:  5.652246 %) (beta_change:  7.762756 %) (delta_change:  0.165513 %) (delta_peak/R:  1.041701 %)
iter:   2500 (Jcost: 1.006984e-02) (lr = 3.855e+00) (elapsed time: 2052.694) (secs/iter:  0.833) (n_accepted: 79%) (u_error:  5.652009 %) (beta_change:  7.987538 %) (delta_change:  0.165540 %) (delta_peak/R:  1.041698 %)
-> Saved file: /media/rafael/DATA/Dropbox/20220924_FIML_solver/data/output/field_inversion/Beta_k/u_imp_0.1/FI_run_Supersonic_M3.0R200_u_imp_0.1_k_imp_1_e_imp_0/FI_run_Supersonic_M3.0R200_u_imp_0.1_k_imp_1_e_imp_0_state_iter_2500.dat
iter:   2600 (Jcost: 1.006977e-02) (lr = 3.309e+00) (elapsed time: 2135.936) (secs/iter:  0.832) (n_accepted: 79%) (u_error:  5.652188 %) (beta_change:  8.200339 %) (delta_change:  0.165603 %) (delta_peak/R:  1.041633 %)
iter:   2700 (Jcost: 1.006972e-02) (lr = 2.840e+00) (elapsed time: 2216.191) (secs/iter:  0.803) (n_accepted: 79%) (u_error:  5.652341 %) (beta_change:  8.402260 %) (delta_change:  0.165661 %) (delta_peak/R:  1.041575 %)
iter:   2800 (Jcost: 1.006966e-02) (lr = 5.851e+00) (elapsed time: 2293.088) (secs/iter:  0.769) (n_accepted: 80%) (u_error:  5.652180 %) (beta_change:  8.608645 %) (delta_change:  0.165689 %) (delta_peak/R:  1.041565 %)
iter:   2900 (Jcost: 1.006961e-02) (lr = 2.093e+00) (elapsed time: 2366.393) (secs/iter:  0.733) (n_accepted: 78%) (u_error:  5.652610 %) (beta_change:  8.789283 %) (delta_change:  0.165767 %) (delta_peak/R:  1.041468 %)
iter:   3000 (Jcost: 1.006957e-02) (lr = 4.312e+00) (elapsed time: 2443.483) (secs/iter:  0.771) (n_accepted: 80%) (u_error:  5.652479 %) (beta_change:  8.966267 %) (delta_change:  0.165791 %) (delta_peak/R:  1.041459 %)
-> Saved file: /media/rafael/DATA/Dropbox/20220924_FIML_solver/data/output/field_inversion/Beta_k/u_imp_0.1/FI_run_Supersonic_M3.0R200_u_imp_0.1_k_imp_1_e_imp_0/FI_run_Supersonic_M3.0R200_u_imp_0.1_k_imp_1_e_imp_0_state_iter_3000.dat
iter:   3100 (Jcost: 1.006953e-02) (lr = 1.542e+00) (elapsed time: 2526.261) (secs/iter:  0.828) (n_accepted: 78%) (u_error:  5.652649 %) (beta_change:  9.139037 %) (delta_change:  0.165841 %) (delta_peak/R:  1.041405 %)
iter:   3200 (Jcost: 1.006949e-02) (lr = 3.177e+00) (elapsed time: 2606.274) (secs/iter:  0.800) (n_accepted: 80%) (u_error:  5.652260 %) (beta_change:  9.318552 %) (delta_change:  0.165839 %) (delta_peak/R:  1.041437 %)
iter:   3300 (Jcost: 1.006946e-02) (lr = 1.136e+00) (elapsed time: 2680.203) (secs/iter:  0.739) (n_accepted: 78%) (u_error:  5.652589 %) (beta_change:  9.473144 %) (delta_change:  0.165901 %) (delta_peak/R:  1.041361 %)
iter:   3400 (Jcost: 1.006942e-02) (lr = 2.341e+00) (elapsed time: 2754.672) (secs/iter:  0.745) (n_accepted: 80%) (u_error:  5.652609 %) (beta_change:  9.633190 %) (delta_change:  0.165934 %) (delta_peak/R:  1.041333 %)
iter:   3500 (Jcost: 1.006939e-02) (lr = 4.823e+00) (elapsed time: 2827.080) (secs/iter:  0.724) (n_accepted: 80%) (u_error:  5.652702 %) (beta_change:  9.806109 %) (delta_change:  0.165976 %) (delta_peak/R:  1.041292 %)
-> Saved file: /media/rafael/DATA/Dropbox/20220924_FIML_solver/data/output/field_inversion/Beta_k/u_imp_0.1/FI_run_Supersonic_M3.0R200_u_imp_0.1_k_imp_1_e_imp_0/FI_run_Supersonic_M3.0R200_u_imp_0.1_k_imp_1_e_imp_0_state_iter_3500.dat
iter:   3600 (Jcost: 1.006936e-02) (lr = 1.725e+00) (elapsed time: 2911.398) (secs/iter:  0.843) (n_accepted: 78%) (u_error:  5.652699 %) (beta_change:  9.948854 %) (delta_change:  0.166003 %) (delta_peak/R:  1.041270 %)
iter:   3700 (Jcost: 1.006933e-02) (lr = 1.481e+00) (elapsed time: 2988.587) (secs/iter:  0.772) (n_accepted: 79%) (u_error:  5.652950 %) (beta_change: 10.104071 %) (delta_change:  0.166056 %) (delta_peak/R:  1.041208 %)
iter:   3800 (Jcost: 1.006931e-02) (lr = 3.050e+00) (elapsed time: 3064.143) (secs/iter:  0.756) (n_accepted: 80%) (u_error:  5.652701 %) (beta_change: 10.247671 %) (delta_change:  0.166058 %) (delta_peak/R:  1.041225 %)
iter:   3900 (Jcost: 1.006928e-02) (lr = 1.091e+00) (elapsed time: 3139.056) (secs/iter:  0.749) (n_accepted: 78%) (u_error:  5.652670 %) (beta_change: 10.392178 %) (delta_change:  0.166082 %) (delta_peak/R:  1.041208 %)
iter:   4000 (Jcost: 1.006926e-02) (lr = 9.365e-01) (elapsed time: 3216.653) (secs/iter:  0.776) (n_accepted: 79%) (u_error:  5.652704 %) (beta_change: 10.533985 %) (delta_change:  0.166110 %) (delta_peak/R:  1.041182 %)
-> Saved file: /media/rafael/DATA/Dropbox/20220924_FIML_solver/data/output/field_inversion/Beta_k/u_imp_0.1/FI_run_Supersonic_M3.0R200_u_imp_0.1_k_imp_1_e_imp_0/FI_run_Supersonic_M3.0R200_u_imp_0.1_k_imp_1_e_imp_0_state_iter_4000.dat
iter:   4100 (Jcost: 1.006924e-02) (lr = 1.929e+00) (elapsed time: 3294.349) (secs/iter:  0.777) (n_accepted: 80%) (u_error:  5.652755 %) (beta_change: 10.662143 %) (delta_change:  0.166138 %) (delta_peak/R:  1.041155 %)
iter:   4200 (Jcost: 1.006922e-02) (lr = 1.656e+00) (elapsed time: 3369.981) (secs/iter:  0.756) (n_accepted: 79%) (u_error:  5.652548 %) (beta_change: 10.793665 %) (delta_change:  0.166142 %) (delta_peak/R:  1.041169 %)
iter:   4300 (Jcost: 1.006920e-02) (lr = 3.412e+00) (elapsed time: 3430.852) (secs/iter:  0.609) (n_accepted: 80%) (u_error:  5.652797 %) (beta_change: 10.920938 %) (delta_change:  0.166188 %) (delta_peak/R:  1.041111 %)
iter:   4400 (Jcost: 1.006918e-02) (lr = 5.085e-01) (elapsed time: 3477.657) (secs/iter:  0.468) (n_accepted: 77%) (u_error:  5.652806 %) (beta_change: 11.054790 %) (delta_change:  0.166212 %) (delta_peak/R:  1.041091 %)
iter:   4500 (Jcost: 1.006917e-02) (lr = 4.365e-01) (elapsed time: 3544.335) (secs/iter:  0.667) (n_accepted: 79%) (u_error:  5.652875 %) (beta_change: 11.171773 %) (delta_change:  0.166239 %) (delta_peak/R:  1.041063 %)
-> Saved file: /media/rafael/DATA/Dropbox/20220924_FIML_solver/data/output/field_inversion/Beta_k/u_imp_0.1/FI_run_Supersonic_M3.0R200_u_imp_0.1_k_imp_1_e_imp_0/FI_run_Supersonic_M3.0R200_u_imp_0.1_k_imp_1_e_imp_0_state_iter_4500.dat
iter:   4600 (Jcost: 1.006915e-02) (lr = 2.158e+00) (elapsed time: 3619.643) (secs/iter:  0.753) (n_accepted: 81%) (u_error:  5.652787 %) (beta_change: 11.284508 %) (delta_change:  0.166250 %) (delta_peak/R:  1.041061 %)
iter:   4700 (Jcost: 1.006914e-02) (lr = 7.719e-01) (elapsed time: 3690.068) (secs/iter:  0.704) (n_accepted: 78%) (u_error:  5.652846 %) (beta_change: 11.396114 %) (delta_change:  0.166275 %) (delta_peak/R:  1.041036 %)
iter:   4800 (Jcost: 1.006913e-02) (lr = 3.817e+00) (elapsed time: 3756.330) (secs/iter:  0.663) (n_accepted: 81%) (u_error:  5.652849 %) (beta_change: 11.501310 %) (delta_change:  0.166293 %) (delta_peak/R:  1.041021 %)
iter:   4900 (Jcost: 1.006912e-02) (lr = 3.276e+00) (elapsed time: 3829.794) (secs/iter:  0.735) (n_accepted: 79%) (u_error:  5.652877 %) (beta_change: 11.603865 %) (delta_change:  0.166313 %) (delta_peak/R:  1.041003 %)
iter:   5000 (Jcost: 1.006911e-02) (lr = 2.812e+00) (elapsed time: 3904.832) (secs/iter:  0.750) (n_accepted: 79%) (u_error:  5.652906 %) (beta_change: 11.700008 %) (delta_change:  0.166332 %) (delta_peak/R:  1.040985 %)
-> Saved file: /media/rafael/DATA/Dropbox/20220924_FIML_solver/data/output/field_inversion/Beta_k/u_imp_0.1/FI_run_Supersonic_M3.0R200_u_imp_0.1_k_imp_1_e_imp_0/FI_run_Supersonic_M3.0R200_u_imp_0.1_k_imp_1_e_imp_0_state_iter_5000.dat
iter:   5100 (Jcost: 1.006910e-02) (lr = 2.414e+00) (elapsed time: 3979.803) (secs/iter:  0.750) (n_accepted: 79%) (u_error:  5.652801 %) (beta_change: 11.794456 %) (delta_change:  0.166338 %) (delta_peak/R:  1.040988 %)
iter:   5200 (Jcost: 1.006909e-02) (lr = 8.634e-01) (elapsed time: 4048.361) (secs/iter:  0.686) (n_accepted: 78%) (u_error:  5.652916 %) (beta_change: 11.880513 %) (delta_change:  0.166363 %) (delta_peak/R:  1.040959 %)
iter:   5300 (Jcost: 1.006908e-02) (lr = 1.779e+00) (elapsed time: 4116.613) (secs/iter:  0.683) (n_accepted: 80%) (u_error:  5.653054 %) (beta_change: 11.977698 %) (delta_change:  0.166392 %) (delta_peak/R:  1.040924 %)
iter:   5400 (Jcost: 1.006907e-02) (lr = 6.362e-01) (elapsed time: 4188.941) (secs/iter:  0.723) (n_accepted: 78%) (u_error:  5.652841 %) (beta_change: 12.073691 %) (delta_change:  0.166387 %) (delta_peak/R:  1.040945 %)
iter:   5500 (Jcost: 1.006906e-02) (lr = 3.146e+00) (elapsed time: 4256.073) (secs/iter:  0.671) (n_accepted: 81%) (u_error:  5.652947 %) (beta_change: 12.159653 %) (delta_change:  0.166412 %) (delta_peak/R:  1.040916 %)
-> Saved file: /media/rafael/DATA/Dropbox/20220924_FIML_solver/data/output/field_inversion/Beta_k/u_imp_0.1/FI_run_Supersonic_M3.0R200_u_imp_0.1_k_imp_1_e_imp_0/FI_run_Supersonic_M3.0R200_u_imp_0.1_k_imp_1_e_imp_0_state_iter_5500.dat
iter:   5600 (Jcost: 1.006905e-02) (lr = 6.480e+00) (elapsed time: 4330.932) (secs/iter:  0.749) (n_accepted: 80%) (u_error:  5.652969 %) (beta_change: 12.242077 %) (delta_change:  0.166427 %) (delta_peak/R:  1.040902 %)
iter:   5700 (Jcost: 1.006905e-02) (lr = 2.318e+00) (elapsed time: 4397.692) (secs/iter:  0.668) (n_accepted: 78%) (u_error:  5.652974 %) (beta_change: 12.318385 %) (delta_change:  0.166440 %) (delta_peak/R:  1.040891 %)
iter:   5800 (Jcost: 1.006904e-02) (lr = 8.290e-01) (elapsed time: 4459.281) (secs/iter:  0.616) (n_accepted: 78%) (u_error:  5.652996 %) (beta_change: 12.399840 %) (delta_change:  0.166455 %) (delta_peak/R:  1.040877 %)
iter:   5900 (Jcost: 1.006903e-02) (lr = 4.099e+00) (elapsed time: 4527.773) (secs/iter:  0.685) (n_accepted: 81%) (u_error:  5.652992 %) (beta_change: 12.472277 %) (delta_change:  0.166466 %) (delta_peak/R:  1.040868 %)
iter:   6000 (Jcost: 1.006903e-02) (lr = 8.444e+00) (elapsed time: 4590.000) (secs/iter:  0.622) (n_accepted: 80%) (u_error:  5.652998 %) (beta_change: 12.556114 %) (delta_change:  0.166480 %) (delta_peak/R:  1.040856 %)
-> Saved file: /media/rafael/DATA/Dropbox/20220924_FIML_solver/data/output/field_inversion/Beta_k/u_imp_0.1/FI_run_Supersonic_M3.0R200_u_imp_0.1_k_imp_1_e_imp_0/FI_run_Supersonic_M3.0R200_u_imp_0.1_k_imp_1_e_imp_0_state_iter_6000.dat
iter:   6100 (Jcost: 1.006902e-02) (lr = 5.244e-01) (elapsed time: 4661.532) (secs/iter:  0.715) (n_accepted: 76%) (u_error:  5.653049 %) (beta_change: 12.633352 %) (delta_change:  0.166497 %) (delta_peak/R:  1.040838 %)
iter:   6200 (Jcost: 1.006902e-02) (lr = 6.222e+00) (elapsed time: 4729.355) (secs/iter:  0.678) (n_accepted: 82%) (u_error:  5.652975 %) (beta_change: 12.702662 %) (delta_change:  0.166501 %) (delta_peak/R:  1.040840 %)
iter:   6300 (Jcost: 1.006901e-02) (lr = 5.341e+00) (elapsed time: 4793.778) (secs/iter:  0.644) (n_accepted: 79%) (u_error:  5.653024 %) (beta_change: 12.763999 %) (delta_change:  0.166515 %) (delta_peak/R:  1.040825 %)
iter:   6400 (Jcost: 1.006901e-02) (lr = 4.585e+00) (elapsed time: 4860.936) (secs/iter:  0.672) (n_accepted: 79%) (u_error:  5.652996 %) (beta_change: 12.838679 %) (delta_change:  0.166524 %) (delta_peak/R:  1.040820 %)
iter:   6500 (Jcost: 1.006900e-02) (lr = 3.936e+00) (elapsed time: 4927.576) (secs/iter:  0.666) (n_accepted: 79%) (u_error:  5.653049 %) (beta_change: 12.901554 %) (delta_change:  0.166539 %) (delta_peak/R:  1.040803 %)
-> Saved file: /media/rafael/DATA/Dropbox/20220924_FIML_solver/data/output/field_inversion/Beta_k/u_imp_0.1/FI_run_Supersonic_M3.0R200_u_imp_0.1_k_imp_1_e_imp_0/FI_run_Supersonic_M3.0R200_u_imp_0.1_k_imp_1_e_imp_0_state_iter_6500.dat
iter:   6571 (Jcost: 1.006900e-02) (lr = 8.851e-11) (elapsed time: 4964.594) (secs/iter:  0.521) (n_accepted: 40%) (u_error:  5.653048 %) (beta_change: 12.926262 %) (delta_change:  0.166543 %) (delta_peak/R:  1.040800 %)
-> Saved file: /media/rafael/DATA/Dropbox/20220924_FIML_solver/data/output/field_inversion/Beta_k/u_imp_0.1/FI_run_Supersonic_M3.0R200_u_imp_0.1_k_imp_1_e_imp_0/FI_run_Supersonic_M3.0R200_u_imp_0.1_k_imp_1_e_imp_0_state_iter_6571.dat
