# ------------------------------------------------------------------------
#                  Input Arguments
# ------------------------------------------------------------------------
# Begin_Input_Arguments
{ 'all_b_mode': ['Beta_k', 'Beta_e'],
  'args_mk_solver': { 'torch': "<module 'torch' from "
                               "'/home/rafael/anaconda3/lib/python3.9/site-packages/torch/__init__.py'>",
                      'y_grid': [0.0, 0.000309700312, 0.000638645973, 0.00098802599, 0.00135910194, 0.00175321227, 0.00217177688, 0.00261630193, 0.00308838486, 0.00358971984, 0.00412210331, 0.00468744001, 0.00528774917, 0.00592517114, 0.00660197432, 0.0073205624, 0.00808348206, 0.00889343092, 0.00975326602, 0.0106660126, 0.0116348733, 0.0126632377, 0.0137546927, 0.0149130326, 0.0161422702, 0.0174466482, 0.0188306506, 0.0202990157, 0.0218567475, 0.02350913, 0.0252617393, 0.0271204584, 0.0290914903, 0.0311813732, 0.033396994, 0.0357456039, 0.0382348325, 0.0408727029, 0.0436676462, 0.0466285159, 0.0497646022, 0.0530856456, 0.0566018496, 0.0603238931, 0.0642629411, 0.068430655, 0.0728392004, 0.0775012535, 0.0824300053, 0.0876391634, 0.0931429507, 0.0989561006, 0.105093849, 0.111571922, 0.118406518, 0.125614286, 0.133212296, 0.141218006, 0.14964922, 0.158524039, 0.167860801, 0.177678022, 0.187994313, 0.1988283, 0.21019853, 0.222123362, 0.234620856, 0.247708641, 0.261403784, 0.275722637, 0.290680679, 0.306292354, 0.322570888, 0.339528108, 0.357174255, 0.375517785, 0.394565175, 0.414320726, 0.43478637, 0.45596148, 0.47784269, 0.500423731, 0.523695275, 0.547644806, 0.572256506, 0.597511177, 0.623386184, 0.649855436, 0.676889401, 0.704455158, 0.73251649, 0.761034018, 0.789965372, 0.819265404, 0.848886442, 0.878778572, 0.908889961, 0.939167201, 0.969555687, 1.0],
                      'Ret': 395,
                      'cp': 1.0,
                      'A_sca_rho': 1.0,
                      'A_sca_mu': 0.002531645569620253,
                      'A_sca_k': 0.002531645569620253,
                      'b_exp_rho': -1,
                      'b_exp_mu': -1,
                      'b_exp_k': 0,
                      'tensor_device': 'cpu',
                      'as_tensor': '<function '
                                   'Build_arguments_fi_run._mk_args_MK_solver.<locals>.<lambda> '
                                   'at 0x7fea6bbe8310>',
                      'ref_dns': { 'u_dns': [1.6604070449747038e-18, 0.1205884801203193, 0.2499251942501797, 0.38861246425692714, 0.537277594248109, 0.6965689068607801, 0.8671500803901598, 1.0496923160379636, 1.2448637838289556, 1.4533539816135914, 1.6760104340391078, 1.9137621658553203, 2.1675817616461024, 2.4384245502204136, 2.7270336376081015, 3.034010610343146, 3.359809719612268, 3.704686759507428, 4.06862878142968, 4.451293657858674, 4.852056381085009, 5.269843365917133, 5.703124200245736, 6.149902249470621, 6.607646413651003, 7.073710781337608, 7.545052286779787, 8.018748334933674, 8.491595461327009, 8.960173816766515, 9.421316830014142, 9.872563317159965, 10.312044550119925, 10.737792747178965, 11.147231079447167, 11.54012267473159, 11.916097505254822, 12.274070509151048, 12.614904998269864, 12.938555750671165, 13.245529317765946, 13.536146721332239, 13.812055554148998, 14.073809515779594, 14.322307343368884, 14.55910127545769, 14.784692213466663, 15.000217794939195, 15.208368237063086, 15.408284438057406, 15.60282341282726, 15.792203508355703, 15.975944821298533, 16.15811186467416, 16.336200201770296, 16.51214211204953, 16.687879094209386, 16.862675820087627, 17.037638233565474, 17.213934937197077, 17.39103104332804, 17.569002685686254, 17.748725069177553, 17.93099067052162, 18.11355269802341, 18.297922379129588, 18.484240763876016, 18.672207222222532, 18.861521078261674, 19.052598216706475, 19.24639097159079, 19.44164393032794, 19.639826777990137, 19.83873716309565, 20.039954516629322, 20.241596869747948, 20.442772546909875, 20.64426594822684, 20.844746153382896, 21.042654650619212, 21.238668099133147, 21.43458217352778, 21.629579149039756, 21.82303530690872, 22.014895449627094, 22.204397936215823, 22.388621693507694, 22.56866784486775, 22.742961735273173, 22.911388111894674, 23.07261272715548, 23.222952067516374, 23.361961583434404, 23.486856265297515, 23.596488503006956, 23.6899302964938, 23.76562319087924, 23.82041209075398, 23.853919833758464, 23.865306437535928],
                                   'T_dns': [1.0, 1.0048736149223167, 1.010072583108913, 1.0156156354327224, 1.0215216234940627, 1.027809226260638, 1.034496568092096, 1.0416007260886406, 1.0491371009857058, 1.0571205049703423, 1.0655717815815196, 1.074513933278667, 1.0839701576933294, 1.0939623503314602, 1.104506644308671, 1.1156147373479344, 1.1272937578400295, 1.1395471367311638, 1.1523726734201931, 1.165758477864684, 1.1796743104066452, 1.1940708866471523, 1.2089019272120733, 1.2241410937974821, 1.2397390791648337, 1.2555749791073278, 1.2715169540638522, 1.2875344452658517, 1.3036006865504184, 1.3196111051358241, 1.3354494256749798, 1.3510133053239324, 1.366241095977303, 1.3811103570598133, 1.395611755672266, 1.4096028918009638, 1.4230768240824223, 1.4361366174410695, 1.4486238347845048, 1.460663030991802, 1.4721556901593804, 1.4832094058761813, 1.4937463808777918, 1.5038920661786062, 1.5136283650658429, 1.5229869799876847, 1.5319684484544382, 1.540671002797314, 1.5490953760699808, 1.5572914474420847, 1.5652685923808103, 1.573050134207229, 1.5805643779333212, 1.5880594514417945, 1.595324265286125, 1.602502871526733, 1.609664291303291, 1.616665003918673, 1.6236062804791405, 1.630583760273602, 1.6374480035760504, 1.6443120307284957, 1.6510796891543649, 1.6579624112264426, 1.6647454933458297, 1.6715064903756534, 1.6783385125870478, 1.6850455293387794, 1.6917781997057755, 1.6985062149789518, 1.705196006051974, 1.711999151883593, 1.7187589682390154, 1.7255462606715113, 1.73226664200027, 1.7390211879144033, 1.745795735257988, 1.7524722661256351, 1.7590925851482293, 1.7657587501150056, 1.7722477173491629, 1.77868831363835, 1.7849658543989189, 1.79118266605529, 1.7972220120513203, 1.803120611872639, 1.8087591241429968, 1.8142735176131068, 1.819502260248617, 1.8245817075682653, 1.8292785708467174, 1.8336641090351349, 1.8376499510398334, 1.8412117739112592, 1.844313745972757, 1.8468498334324928, 1.8487898384413675, 1.8502506833170884, 1.8510974303734569, 1.8513968726110601],
                                   'mu_dns': [0.002531645569620253, 0.002519367144310945, 0.0025063996508330865, 0.0024927201603602697, 0.002478308350400737, 0.002463147347714374, 0.0024472247155825017, 0.0024305336067947493, 0.0024130741037007193, 0.00239485049974627, 0.0023758564306787383, 0.0023560844501061395, 0.002335530689338859, 0.0023141980789861635, 0.0022921053328790538, 0.0022692830104042378, 0.0022457727207423344, 0.002221624264602497, 0.0021968983020973906, 0.0021716724499035688, 0.002146054675673636, 0.002120180299118501, 0.002094169520813524, 0.002068099488243371, 0.002042079347313734, 0.00201632368575883, 0.0019910435024314437, 0.0019662740510973404, 0.001942040684497859, 0.001918478527323152, 0.0018957255295090466, 0.00187388648183094, 0.001853000599289769, 0.0018330508903066697, 0.0018140041880062552, 0.001795999131631834, 0.0017789943078109073, 0.0017628166699984146, 0.0017476210930885705, 0.0017332167076900998, 0.0017196860267857735, 0.0017068699534876033, 0.0016948295922447998, 0.0016833957878727105, 0.0016725674730006309, 0.0016622896997062475, 0.0016525441970912404, 0.001643209721623682, 0.0016342735306866512, 0.001625672300312562, 0.001617387317386571, 0.0016093864490187581, 0.0016017351807779735, 0.0015941755627106905, 0.0015869159798470168, 0.0015798071969807513, 0.0015727786118498442, 0.0015659679423280252, 0.001559273082432979, 0.001552600750295378, 0.0015460921898535706, 0.0015396381722626168, 0.0015333273047025905, 0.0015269619820557465, 0.0015207403051935074, 0.0015145891351288098, 0.0015084236884476236, 0.00150241968275699, 0.001496440591361529, 0.0014905129856422844, 0.0014846654347272083, 0.0014787656680991111, 0.0014729497366428842, 0.0014671560115896525, 0.0014614641350461674, 0.0014557876506705702, 0.0014501384775385162, 0.0014446137713877859, 0.0014391769887466869, 0.001433743748660662, 0.0014284941912110112, 0.0014233216411264945, 0.0014183159657543006, 0.001413393294607791, 0.0014086437583360522, 0.0014040356218827765, 0.0013996587692790578, 0.0013954045765662362, 0.0013913945725323412, 0.001387521073525579, 0.0013839584686374101, 0.0013806484825360915, 0.001377653871559011, 0.0013749888011210768, 0.0013726761919702402, 0.0013707912380266577, 0.001369352815003879, 0.0013682716576986073, 0.0013676457695203522, 0.0013674245684826211],
                                   'rho_dns': [1.0, 0.9951500220028232, 0.9900278620790691, 0.9846244633423066, 0.978931798408291, 0.9729432023471777, 0.9666537626550881, 0.9600607746839259, 0.9531642709617841, 0.9459659473997766, 0.9384632901181016, 0.930653357791925, 0.9225346222888493, 0.9141082411995345, 0.9053816064872262, 0.8963667891096738, 0.887080224693222, 0.8775415845179864, 0.8677748293284693, 0.8578106177119096, 0.8476915968910862, 0.8374712181518079, 0.827196960721342, 0.8168992978561315, 0.8066213421889249, 0.7964478558747378, 0.7864621834604202, 0.7766782501834495, 0.7671060703766542, 0.7577990182926451, 0.7488115841560734, 0.7401851603232212, 0.7319352367194587, 0.7240551016711345, 0.7165316542624708, 0.7094196569945744, 0.7027027515853084, 0.6963125846493737, 0.6903103317699854, 0.6846205995375894, 0.6792759805803805, 0.6742136316276033, 0.6694576889366959, 0.6649413362097206, 0.6606641518352492, 0.6566044313839677, 0.65275495785104, 0.6490678400413543, 0.6455380446212272, 0.642140558623462, 0.6388679903676956, 0.6357076473624095, 0.6326853964072995, 0.6296993472707227, 0.6268318120395716, 0.6240238428073968, 0.6212475516806885, 0.61855733721957, 0.6159128675610267, 0.6132772963666743, 0.6107064149921604, 0.6081570780437336, 0.6056642853575233, 0.6031499829120198, 0.6006924205514355, 0.5982627083758799, 0.5958273569368113, 0.593455774689011, 0.5910940335878039, 0.5887526293287023, 0.5864428467172472, 0.5841124388991489, 0.5818151459739392, 0.5795266245779127, 0.5772783333432361, 0.5750361220148752, 0.5728046986277139, 0.5706224396981754, 0.5684749105549413, 0.5663287807209615, 0.5642552055283494, 0.5622120482449653, 0.5602348064729488, 0.5582903513700774, 0.5564142845427406, 0.5545940706436967, 0.5528652138652278, 0.5511848077436633, 0.5496008561502748, 0.5480708240426037, 0.546663595111777, 0.5453561506017561, 0.5441732792658093, 0.5431205764428253, 0.5422070958282449, 0.5414625390205298, 0.5408943619265322, 0.5404673047909498, 0.5402200789605391, 0.5401327045506353]},
                      'case': 'T31_Cv',
                      'constant_Sq_heat': 0.04050632911392405,
                      'use_visc_heating': False,
                      'Pr_turb': 1.0,
                      'fprint': '<function '
                                'Build_arguments_fi_run._mk_args_MK_solver.<locals>.<lambda> '
                                'at 0x7fea6bbe8b80>',
                      'compressible_correction': False,
                      'bool_solve_energy': False,
                      'output_last': False},
  'u_imp': 100,
  'k_imp': 1,
  'e_imp': 1,
  'solve_sparse_adj': True,
  'all_ref_beta_distrib': {'K': [1.0, 0.99987344, 0.99970327, 0.99948353, 0.99921014, 0.9988798, 0.99849024, 0.99804075, 0.99753278, 0.99697076, 0.99636282, 0.9957218, 0.9950662, 0.99442131, 0.99382047, 0.99330633, 0.99293218, 0.99276321, 0.9928774, 0.99336518, 0.99432631, 0.99586148, 0.99805884, 1.00098091, 1.00465606, 1.00907166, 1.01416908, 1.01984554, 1.02595887, 1.03233288, 1.03876721, 1.04504702, 1.05095342, 1.05627351, 1.06081023, 1.06437842, 1.06682661, 1.0680435, 1.06793284, 1.06645634, 1.06359504, 1.05938207, 1.05387087, 1.04715956, 1.03936901, 1.03065599, 1.02121297, 1.01127881, 1.00113473, 0.99110381, 0.98153409, 0.97277534, 0.96517198, 0.95903056, 0.95465264, 0.95230104, 0.95218995, 0.95447322, 0.95918783, 0.96623408, 0.97537625, 0.98622125, 0.99824915, 1.0108271, 1.02329878, 1.03502922, 1.04544207, 1.05406454, 1.06058529, 1.06482998, 1.06672345, 1.06629865, 1.06366027, 1.05903924, 1.05279126, 1.04544782, 1.03777511, 1.0306754, 1.02511639, 1.0220588, 1.02214789, 1.02536568, 1.03101804, 1.03797393, 1.04487338, 1.05040283, 1.05361158, 1.05391613, 1.05104426, 1.04511197, 1.03669386, 1.02689955, 1.01709686, 1.00849368, 1.0018542, 0.99733982, 0.99464693, 0.99327439, 0.99272158, 0.99629309], 'E': [1.0, 1.00007775, 1.00012809, 1.00018502, 1.00024978, 1.00032218, 1.00040141, 1.00048586, 1.00057286, 1.00065839, 1.00073662, 1.00079953, 1.00083621, 1.00083213, 1.00076841, 1.00062136, 1.00036355, 0.99996777, 0.99941299, 0.99868253, 0.99773941, 0.99649204, 0.99481061, 0.99259467, 0.9897779, 0.98629015, 0.98206327, 0.97704334, 0.97119788, 0.96452326, 0.95705, 0.94884974, 0.94004243, 0.93080492, 0.92138074, 0.91210815, 0.90342152, 0.89586802, 0.89017457, 0.88722202, 0.88813851, 0.89428781, 0.90737547, 0.92953162, 0.96355152, 1.01242199, 1.0768704, 1.1522722, 1.22892343, 1.29612926, 1.34625587, 1.3761327, 1.38615482, 1.37880626, 1.35732199, 1.32495932, 1.28469336, 1.23912526, 1.19048327, 1.14071356, 1.09153066, 1.04443891, 1.00078182, 0.96174444, 0.92827244, 0.90104234, 0.88046873, 0.86664447, 0.85932514, 0.85797393, 0.86185337, 0.87006226, 0.88159628, 0.89537846, 0.91030851, 0.92528655, 0.93918836, 0.95100377, 0.9599016, 0.96525413, 0.9668649, 0.96520267, 0.96129532, 0.95644336, 0.95200389, 0.94914993, 0.94861647, 0.95073816, 0.95552826, 0.96264771, 0.97138798, 0.98066186, 0.98928332, 0.99632826, 1.00133895, 1.00439737, 1.00594858, 1.00654149, 1.00665934, 1.00332874]},
  'all_ref_delta_distrib': {'K': [-0.0, 0.004830254621134163, 0.011483524064858626, 0.020304870654376507, 0.03161477241283592, 0.04575996763694924, 0.06311360161078215, 0.0840625264002333, 0.10898722605292717, 0.13822360957017804, 0.17201390462342425, 0.2104236470827375, 0.25322960670988437, 0.29975575765483364, 0.34864642151907477, 0.3975691586250892, 0.44284047660296827, 0.47899192430222837, 0.4983304899902039, 0.4906067590368339, 0.44297093012481925, 0.34052503529959577, 0.1678113896771301, -0.08867868964643666, -0.43741959660986596, -0.8788673667745468, -1.4033896902879148, -1.9910210045229815, -2.61319971091736, -3.2360125462221587, -3.824216149344427, -4.344935540950464, -4.770542216403886, -5.080518076718616, -5.262447705661991, -5.311600575563317, -5.230732368633242, -5.029194788853659, -4.720928834453954, -4.324331461714756, -3.859771773734407, -3.349178647778968, -2.8139344540192286, -2.274359256021624, -1.7483870460235478, -1.251186837498699, -0.794729274087808, -0.3877807104451115, -0.03583335455013862, 0.2585065733878712, 0.49508147976716715, 0.6756585622137565, 0.8030600711524368, 0.8808972379352893, 0.9126552097527543, 0.9017800055508143, 0.8518866271975932, 0.7669221603337462, 0.651743877384403, 0.5123471780807755, 0.35571268148914775, 0.18978336735964116, 0.02301821401688997, -0.13593080916566805, -0.27936716148661994, -0.400987898058092, -0.49614742631162656, -0.5623029112382377, -0.5992059108972732, -0.6084843373273056, -0.5929704828999287, -0.5564801220505564, -0.5034107804733166, -0.43874330857542665, -0.3678023126718178, -0.29617486802511334, -0.22977101609191228, -0.1738200226992032, -0.13233925207392952, -0.10787567965442903, -0.10034402002060984, -0.10624427344239444, -0.11982029729541295, -0.13489131859045994, -0.14607499444927913, -0.14974735810665668, -0.1447004442514197, -0.13150755699940572, -0.11188152766555734, -0.08832774084543234, -0.06380805687432191, -0.041320814822491655, -0.023101320551256736, -0.010072557717250467, -0.0019319363298680693, 0.0024503065741108784, 0.004416878757991458, 0.005080304474429942, 0.005190071647856124, 0.002590846667369461], 'E': [-0.0, -0.06549097267676618, -0.14584059218673165, -0.23960329851861223, -0.34906510880344604, -0.47545964817746256, -0.6194505095500755, -0.780750864658678, -0.9575069016509572, -1.1454364098871732, -1.3363831025534278, -1.5165848960195658, -1.663788469307207, -1.7434150836041813, -1.7033224645070353, -1.4664520565075958, -0.9214769723381447, 0.08876880320622531, 1.7804649903123473, 4.442563504935107, 8.447079770949015, 14.248753341159569, 22.35815074011641, 33.276053106384566, 47.399515514281184, 64.91617254131855, 85.70788721182026, 109.29772560428837, 134.85147252719148, 161.23766092527768, 187.1349296086746, 211.15053980355736, 231.933394605882, 248.2678281721289, 259.1486863759453, 263.80700692668364, 261.75567022934615, 252.80510023357363, 237.02325169159667, 214.7842566818914, 186.69177250599833, 153.5875743739647, 116.44234698012605, 76.23715545932518, 33.78170425558156, -9.830945296925146, -51.8609252689747, -87.59573748994994, -112.55632328341075, -124.99239925073502, -126.22640502446892, -119.2838376342539, -107.38725007654381, -93.12842101207106, -78.30163188205725, -63.97512706855949, -50.72888518522997, -38.835440657946464, -28.373348927189426, -19.329889783132376, -11.651585662957551, -5.2624772614731565, -0.08638780413696852, 3.9517805219691535, 6.934117306841345, 8.952750452106091, 10.10953785470932, 10.524264291127572, 10.330452115910925, 9.67152204170694, 8.689210679863262, 7.5162900521666876, 6.271489690804723, 5.052404222114617, 3.933519041506285, 2.9649978127453984, 2.177104358849881, 1.5785499532749296, 1.16028179676283, 0.9014531434018116, 0.7696710454515765, 0.7224631133549895, 0.7167917017808617, 0.7174778243437039, 0.7005960402574133, 0.6545934811953477, 0.5799541622783424, 0.484148126527274, 0.37770224296905963, 0.271915415358621, 0.17709375135259003, 0.10100078214011744, 0.046944020019346694, 0.013443375853624576, -0.004101489950405467, -0.011358411415907675, -0.013185643203460256, -0.012817573125482913, -0.012036069043704689, -0.0058495824333879235]},
  'fname_print': '/media/rafael/DATA/Dropbox/20220924_FIML_solver/data/output/field_inversion/Beta_k__1__Beta_e__1/u_imp_100/FI_run_T31_Cv_u_imp_100_k_imp_1_e_imp_1/FI_run_T31_Cv_u_imp_100_k_imp_1_e_imp_1.log',
  'folder': '/media/rafael/DATA/Dropbox/20220924_FIML_solver/data/output/field_inversion/Beta_k__1__Beta_e__1/u_imp_100/FI_run_T31_Cv_u_imp_100_k_imp_1_e_imp_1',
  'iters_limit': 15000}
# End_Input_Arguments

# ------------------------------------------------------------------------
#                  Iterations
# ------------------------------------------------------------------------

iter:      0 (Jcost: 2.144690e+01) (lr = 1.000e-03) (elapsed time:  0.001) (secs/iter:   None) (n_accepted: 0%) (u_error:  7.736681 %) (beta_change: 22.709916 %) (delta_change:  4.490582 %) (delta_peak/R:  0.000000 %)
-> Saved file: /media/rafael/DATA/Dropbox/20220924_FIML_solver/data/output/field_inversion/Beta_k__1__Beta_e__1/u_imp_100/FI_run_T31_Cv_u_imp_100_k_imp_1_e_imp_1/FI_run_T31_Cv_u_imp_100_k_imp_1_e_imp_1_state_iter_0.dat
iter:    100 (Jcost: 1.181180e-01) (lr = 5.696e-02) (elapsed time: 77.508) (secs/iter:  0.775) (n_accepted: 84%) (u_error:  0.522590 %) (beta_change: 19.502778 %) (delta_change:  2.813537 %) (delta_peak/R:  5.601539 %)
iter:    200 (Jcost: 9.710176e-02) (lr = 2.037e-02) (elapsed time: 179.468) (secs/iter:  1.020) (n_accepted: 78%) (u_error:  0.440951 %) (beta_change: 18.791382 %) (delta_change:  2.028035 %) (delta_peak/R:  5.326618 %)
iter:    300 (Jcost: 8.904425e-02) (lr = 1.749e-02) (elapsed time: 291.391) (secs/iter:  1.119) (n_accepted: 79%) (u_error:  0.413979 %) (beta_change: 18.106279 %) (delta_change:  1.774956 %) (delta_peak/R:  5.250618 %)
iter:    400 (Jcost: 8.434809e-02) (lr = 6.255e-03) (elapsed time: 400.191) (secs/iter:  1.088) (n_accepted: 78%) (u_error:  0.402393 %) (beta_change: 17.482547 %) (delta_change:  1.658670 %) (delta_peak/R:  5.156771 %)
iter:    500 (Jcost: 8.176184e-02) (lr = 2.237e-03) (elapsed time: 510.819) (secs/iter:  1.106) (n_accepted: 78%) (u_error:  0.397145 %) (beta_change: 17.032892 %) (delta_change:  1.578940 %) (delta_peak/R:  5.085689 %)
-> Saved file: /media/rafael/DATA/Dropbox/20220924_FIML_solver/data/output/field_inversion/Beta_k__1__Beta_e__1/u_imp_100/FI_run_T31_Cv_u_imp_100_k_imp_1_e_imp_1/FI_run_T31_Cv_u_imp_100_k_imp_1_e_imp_1_state_iter_500.dat
iter:    600 (Jcost: 7.981972e-02) (lr = 8.001e-04) (elapsed time: 626.465) (secs/iter:  1.156) (n_accepted: 78%) (u_error:  0.392533 %) (beta_change: 16.732907 %) (delta_change:  1.497310 %) (delta_peak/R:  4.994546 %)
iter:    700 (Jcost: 7.863743e-02) (lr = 2.279e-02) (elapsed time: 731.589) (secs/iter:  1.051) (n_accepted: 83%) (u_error:  0.391728 %) (beta_change: 16.529277 %) (delta_change:  1.455006 %) (delta_peak/R:  4.944360 %)
iter:    800 (Jcost: 7.770074e-02) (lr = 1.956e-02) (elapsed time: 837.892) (secs/iter:  1.063) (n_accepted: 79%) (u_error:  0.389653 %) (beta_change: 16.326162 %) (delta_change:  1.413850 %) (delta_peak/R:  4.897215 %)
iter:    900 (Jcost: 7.691431e-02) (lr = 2.915e-03) (elapsed time: 947.782) (secs/iter:  1.099) (n_accepted: 77%) (u_error:  0.388337 %) (beta_change: 16.118580 %) (delta_change:  1.370390 %) (delta_peak/R:  4.852184 %)
iter:   1000 (Jcost: 7.623058e-02) (lr = 1.043e-03) (elapsed time: 1051.625) (secs/iter:  1.038) (n_accepted: 78%) (u_error:  0.387099 %) (beta_change: 15.902821 %) (delta_change:  1.322671 %) (delta_peak/R:  4.808375 %)
-> Saved file: /media/rafael/DATA/Dropbox/20220924_FIML_solver/data/output/field_inversion/Beta_k__1__Beta_e__1/u_imp_100/FI_run_T31_Cv_u_imp_100_k_imp_1_e_imp_1/FI_run_T31_Cv_u_imp_100_k_imp_1_e_imp_1_state_iter_1000.dat
iter:   1100 (Jcost: 7.576516e-02) (lr = 2.969e-02) (elapsed time: 1162.025) (secs/iter:  1.104) (n_accepted: 83%) (u_error:  0.386024 %) (beta_change: 15.726400 %) (delta_change:  1.288169 %) (delta_peak/R:  4.776149 %)
iter:   1200 (Jcost: 7.539495e-02) (lr = 1.844e-03) (elapsed time: 1267.983) (secs/iter:  1.060) (n_accepted: 76%) (u_error:  0.385455 %) (beta_change: 15.573931 %) (delta_change:  1.259351 %) (delta_peak/R:  4.750984 %)
iter:   1300 (Jcost: 7.507990e-02) (lr = 9.116e-03) (elapsed time: 1372.867) (secs/iter:  1.049) (n_accepted: 81%) (u_error:  0.384938 %) (beta_change: 15.432846 %) (delta_change:  1.244681 %) (delta_peak/R:  4.729383 %)
iter:   1400 (Jcost: 7.470729e-02) (lr = 7.826e-03) (elapsed time: 1478.578) (secs/iter:  1.057) (n_accepted: 79%) (u_error:  0.384457 %) (beta_change: 15.247250 %) (delta_change:  1.224876 %) (delta_peak/R:  4.704533 %)
iter:   1500 (Jcost: 7.431633e-02) (lr = 2.799e-03) (elapsed time: 1582.692) (secs/iter:  1.041) (n_accepted: 78%) (u_error:  0.383881 %) (beta_change: 15.029085 %) (delta_change:  1.202875 %) (delta_peak/R:  4.678846 %)
-> Saved file: /media/rafael/DATA/Dropbox/20220924_FIML_solver/data/output/field_inversion/Beta_k__1__Beta_e__1/u_imp_100/FI_run_T31_Cv_u_imp_100_k_imp_1_e_imp_1/FI_run_T31_Cv_u_imp_100_k_imp_1_e_imp_1_state_iter_1500.dat
iter:   1600 (Jcost: 7.400906e-02) (lr = 4.171e-04) (elapsed time: 1693.182) (secs/iter:  1.105) (n_accepted: 77%) (u_error:  0.383402 %) (beta_change: 14.839355 %) (delta_change:  1.185003 %) (delta_peak/R:  4.659390 %)
iter:   1700 (Jcost: 7.372559e-02) (lr = 4.950e-03) (elapsed time: 1794.008) (secs/iter:  1.008) (n_accepted: 82%) (u_error:  0.383390 %) (beta_change: 14.654477 %) (delta_change:  1.166357 %) (delta_peak/R:  4.643345 %)
iter:   1800 (Jcost: 7.352535e-02) (lr = 1.020e-02) (elapsed time: 1896.306) (secs/iter:  1.023) (n_accepted: 80%) (u_error:  0.382819 %) (beta_change: 14.520428 %) (delta_change:  1.152728 %) (delta_peak/R:  4.631071 %)
iter:   1900 (Jcost: 7.329986e-02) (lr = 3.647e-03) (elapsed time: 2000.940) (secs/iter:  1.046) (n_accepted: 78%) (u_error:  0.382564 %) (beta_change: 14.356846 %) (delta_change:  1.135913 %) (delta_peak/R:  4.618733 %)
iter:   2000 (Jcost: 7.305583e-02) (lr = 3.131e-03) (elapsed time: 2106.776) (secs/iter:  1.058) (n_accepted: 79%) (u_error:  0.382222 %) (beta_change: 14.168950 %) (delta_change:  1.116467 %) (delta_peak/R:  4.605788 %)
-> Saved file: /media/rafael/DATA/Dropbox/20220924_FIML_solver/data/output/field_inversion/Beta_k__1__Beta_e__1/u_imp_100/FI_run_T31_Cv_u_imp_100_k_imp_1_e_imp_1/FI_run_T31_Cv_u_imp_100_k_imp_1_e_imp_1_state_iter_2000.dat
iter:   2100 (Jcost: 7.284377e-02) (lr = 4.666e-04) (elapsed time: 2214.925) (secs/iter:  1.081) (n_accepted: 77%) (u_error:  0.381887 %) (beta_change: 13.995659 %) (delta_change:  1.098448 %) (delta_peak/R:  4.594928 %)
iter:   2200 (Jcost: 7.263614e-02) (lr = 4.005e-04) (elapsed time: 2318.852) (secs/iter:  1.039) (n_accepted: 79%) (u_error:  0.381707 %) (beta_change: 13.816878 %) (delta_change:  1.081744 %) (delta_peak/R:  4.585239 %)
iter:   2300 (Jcost: 7.240113e-02) (lr = 1.141e-02) (elapsed time: 2415.625) (secs/iter:  0.968) (n_accepted: 83%) (u_error:  0.381646 %) (beta_change: 13.602164 %) (delta_change:  1.061594 %) (delta_peak/R:  4.575198 %)
iter:   2400 (Jcost: 7.224052e-02) (lr = 2.350e-02) (elapsed time: 2517.170) (secs/iter:  1.015) (n_accepted: 80%) (u_error:  0.381220 %) (beta_change: 13.449898 %) (delta_change:  1.047229 %) (delta_peak/R:  4.567446 %)
iter:   2500 (Jcost: 7.209917e-02) (lr = 1.459e-03) (elapsed time: 2622.780) (secs/iter:  1.056) (n_accepted: 76%) (u_error:  0.381444 %) (beta_change: 13.311754 %) (delta_change:  1.033859 %) (delta_peak/R:  4.562665 %)
-> Saved file: /media/rafael/DATA/Dropbox/20220924_FIML_solver/data/output/field_inversion/Beta_k__1__Beta_e__1/u_imp_100/FI_run_T31_Cv_u_imp_100_k_imp_1_e_imp_1/FI_run_T31_Cv_u_imp_100_k_imp_1_e_imp_1_state_iter_2500.dat
iter:   2600 (Jcost: 7.192992e-02) (lr = 1.252e-03) (elapsed time: 2732.489) (secs/iter:  1.097) (n_accepted: 79%) (u_error:  0.380811 %) (beta_change: 13.143900 %) (delta_change:  1.018286 %) (delta_peak/R:  4.554349 %)
iter:   2700 (Jcost: 7.180145e-02) (lr = 1.486e-02) (elapsed time: 2834.561) (secs/iter:  1.021) (n_accepted: 82%) (u_error:  0.380959 %) (beta_change: 13.011778 %) (delta_change:  1.005927 %) (delta_peak/R:  4.550251 %)
iter:   2800 (Jcost: 7.164819e-02) (lr = 1.276e-02) (elapsed time: 2935.265) (secs/iter:  1.007) (n_accepted: 79%) (u_error:  0.380743 %) (beta_change: 12.847634 %) (delta_change:  0.990584 %) (delta_peak/R:  4.544182 %)
iter:   2900 (Jcost: 7.147817e-02) (lr = 4.563e-03) (elapsed time: 3037.855) (secs/iter:  1.026) (n_accepted: 78%) (u_error:  0.380669 %) (beta_change: 12.657883 %) (delta_change:  0.972804 %) (delta_peak/R:  4.538152 %)
iter:   3000 (Jcost: 7.134705e-02) (lr = 1.632e-03) (elapsed time: 3140.755) (secs/iter:  1.029) (n_accepted: 78%) (u_error:  0.380462 %) (beta_change: 12.506359 %) (delta_change:  0.958611 %) (delta_peak/R:  4.533141 %)
-> Saved file: /media/rafael/DATA/Dropbox/20220924_FIML_solver/data/output/field_inversion/Beta_k__1__Beta_e__1/u_imp_100/FI_run_T31_Cv_u_imp_100_k_imp_1_e_imp_1/FI_run_T31_Cv_u_imp_100_k_imp_1_e_imp_1_state_iter_3000.dat
iter:   3100 (Jcost: 7.120971e-02) (lr = 5.837e-04) (elapsed time: 3247.985) (secs/iter:  1.072) (n_accepted: 78%) (u_error:  0.380368 %) (beta_change: 12.342129 %) (delta_change:  0.943286 %) (delta_peak/R:  4.528389 %)
iter:   3200 (Jcost: 7.107400e-02) (lr = 5.011e-04) (elapsed time: 3352.013) (secs/iter:  1.040) (n_accepted: 79%) (u_error:  0.380248 %) (beta_change: 12.174295 %) (delta_change:  0.928789 %) (delta_peak/R:  4.523691 %)
iter:   3300 (Jcost: 7.093298e-02) (lr = 1.032e-03) (elapsed time: 3451.232) (secs/iter:  0.992) (n_accepted: 80%) (u_error:  0.380539 %) (beta_change: 11.986609 %) (delta_change:  0.912499 %) (delta_peak/R:  4.520083 %)
iter:   3400 (Jcost: 7.083620e-02) (lr = 1.225e-02) (elapsed time: 3551.502) (secs/iter:  1.003) (n_accepted: 82%) (u_error:  0.379984 %) (beta_change: 11.866159 %) (delta_change:  0.902105 %) (delta_peak/R:  4.515459 %)
iter:   3500 (Jcost: 7.071640e-02) (lr = 1.052e-02) (elapsed time: 3650.783) (secs/iter:  0.993) (n_accepted: 79%) (u_error:  0.379851 %) (beta_change: 11.703716 %) (delta_change:  0.888011 %) (delta_peak/R:  4.511382 %)
-> Saved file: /media/rafael/DATA/Dropbox/20220924_FIML_solver/data/output/field_inversion/Beta_k__1__Beta_e__1/u_imp_100/FI_run_T31_Cv_u_imp_100_k_imp_1_e_imp_1/FI_run_T31_Cv_u_imp_100_k_imp_1_e_imp_1_state_iter_3500.dat
iter:   3600 (Jcost: 7.059418e-02) (lr = 1.567e-03) (elapsed time: 3756.333) (secs/iter:  1.056) (n_accepted: 77%) (u_error:  0.379755 %) (beta_change: 11.533180 %) (delta_change:  0.873201 %) (delta_peak/R:  4.507402 %)
iter:   3700 (Jcost: 7.047568e-02) (lr = 5.605e-04) (elapsed time: 3854.106) (secs/iter:  0.978) (n_accepted: 78%) (u_error:  0.379759 %) (beta_change: 11.362996 %) (delta_change:  0.858407 %) (delta_peak/R:  4.503898 %)
iter:   3800 (Jcost: 7.036770e-02) (lr = 6.651e-03) (elapsed time: 3951.576) (secs/iter:  0.975) (n_accepted: 82%) (u_error:  0.379506 %) (beta_change: 11.202139 %) (delta_change:  0.844453 %) (delta_peak/R:  4.499868 %)
iter:   3900 (Jcost: 7.027750e-02) (lr = 3.288e-02) (elapsed time: 4053.797) (secs/iter:  1.022) (n_accepted: 81%) (u_error:  0.379396 %) (beta_change: 11.065668 %) (delta_change:  0.832513 %) (delta_peak/R:  4.496857 %)
iter:   4000 (Jcost: 7.018571e-02) (lr = 1.176e-02) (elapsed time: 4148.913) (secs/iter:  0.951) (n_accepted: 78%) (u_error:  0.379519 %) (beta_change: 10.927300 %) (delta_change:  0.820245 %) (delta_peak/R:  4.494612 %)
-> Saved file: /media/rafael/DATA/Dropbox/20220924_FIML_solver/data/output/field_inversion/Beta_k__1__Beta_e__1/u_imp_100/FI_run_T31_Cv_u_imp_100_k_imp_1_e_imp_1/FI_run_T31_Cv_u_imp_100_k_imp_1_e_imp_1_state_iter_4000.dat
iter:   4100 (Jcost: 7.009756e-02) (lr = 1.010e-02) (elapsed time: 4249.218) (secs/iter:  1.003) (n_accepted: 79%) (u_error:  0.379411 %) (beta_change: 10.789769 %) (delta_change:  0.808089 %) (delta_peak/R:  4.491699 %)
iter:   4200 (Jcost: 7.000571e-02) (lr = 6.269e-04) (elapsed time: 4347.899) (secs/iter:  0.987) (n_accepted: 76%) (u_error:  0.379398 %) (beta_change: 10.642988 %) (delta_change:  0.795122 %) (delta_peak/R:  4.488991 %)
iter:   4300 (Jcost: 6.993762e-02) (lr = 1.785e-02) (elapsed time: 4443.891) (secs/iter:  0.960) (n_accepted: 83%) (u_error:  0.379240 %) (beta_change: 10.531870 %) (delta_change:  0.785337 %) (delta_peak/R:  4.486504 %)
iter:   4400 (Jcost: 6.985338e-02) (lr = 1.533e-02) (elapsed time: 4537.389) (secs/iter:  0.935) (n_accepted: 79%) (u_error:  0.379218 %) (beta_change: 10.391824 %) (delta_change:  0.773002 %) (delta_peak/R:  4.484004 %)
iter:   4500 (Jcost: 6.976485e-02) (lr = 9.517e-04) (elapsed time: 4634.916) (secs/iter:  0.975) (n_accepted: 76%) (u_error:  0.379192 %) (beta_change: 10.243080 %) (delta_change:  0.759742 %) (delta_peak/R:  4.481361 %)
-> Saved file: /media/rafael/DATA/Dropbox/20220924_FIML_solver/data/output/field_inversion/Beta_k__1__Beta_e__1/u_imp_100/FI_run_T31_Cv_u_imp_100_k_imp_1_e_imp_1/FI_run_T31_Cv_u_imp_100_k_imp_1_e_imp_1_state_iter_4500.dat
iter:   4600 (Jcost: 6.968348e-02) (lr = 8.169e-04) (elapsed time: 4736.859) (secs/iter:  1.019) (n_accepted: 79%) (u_error:  0.379403 %) (beta_change: 10.098350 %) (delta_change:  0.746892 %) (delta_peak/R:  4.479611 %)
iter:   4700 (Jcost: 6.961321e-02) (lr = 2.327e-02) (elapsed time: 4833.173) (secs/iter:  0.963) (n_accepted: 83%) (u_error:  0.378957 %) (beta_change:  9.981402 %) (delta_change:  0.737065 %) (delta_peak/R:  4.476214 %)
iter:   4800 (Jcost: 6.954170e-02) (lr = 1.997e-02) (elapsed time: 4927.351) (secs/iter:  0.942) (n_accepted: 79%) (u_error:  0.378980 %) (beta_change:  9.854324 %) (delta_change:  0.726343 %) (delta_peak/R:  4.474227 %)
iter:   4900 (Jcost: 6.947477e-02) (lr = 5.167e-04) (elapsed time: 5029.276) (secs/iter:  1.019) (n_accepted: 75%) (u_error:  0.378882 %) (beta_change:  9.732916 %) (delta_change:  0.716127 %) (delta_peak/R:  4.471972 %)
iter:   5000 (Jcost: 6.940572e-02) (lr = 2.555e-03) (elapsed time: 5126.833) (secs/iter:  0.976) (n_accepted: 81%) (u_error:  0.379156 %) (beta_change:  9.599218 %) (delta_change:  0.704850 %) (delta_peak/R:  4.470781 %)
-> Saved file: /media/rafael/DATA/Dropbox/20220924_FIML_solver/data/output/field_inversion/Beta_k__1__Beta_e__1/u_imp_100/FI_run_T31_Cv_u_imp_100_k_imp_1_e_imp_1/FI_run_T31_Cv_u_imp_100_k_imp_1_e_imp_1_state_iter_5000.dat
iter:   5100 (Jcost: 6.935299e-02) (lr = 2.193e-03) (elapsed time: 5228.624) (secs/iter:  1.018) (n_accepted: 79%) (u_error:  0.378802 %) (beta_change:  9.505981 %) (delta_change:  0.697061 %) (delta_peak/R:  4.468185 %)
iter:   5200 (Jcost: 6.928795e-02) (lr = 2.602e-02) (elapsed time: 5327.720) (secs/iter:  0.991) (n_accepted: 82%) (u_error:  0.378457 %) (beta_change:  9.376798 %) (delta_change:  0.686268 %) (delta_peak/R:  4.465098 %)
iter:   5300 (Jcost: 6.923571e-02) (lr = 9.308e-03) (elapsed time: 5427.037) (secs/iter:  0.993) (n_accepted: 78%) (u_error:  0.378735 %) (beta_change:  9.279700 %) (delta_change:  0.678107 %) (delta_peak/R:  4.464556 %)
iter:   5400 (Jcost: 6.917731e-02) (lr = 1.918e-02) (elapsed time: 5526.574) (secs/iter:  0.995) (n_accepted: 80%) (u_error:  0.378817 %) (beta_change:  9.162339 %) (delta_change:  0.668287 %) (delta_peak/R:  4.463096 %)
iter:   5500 (Jcost: 6.911397e-02) (lr = 3.950e-02) (elapsed time: 5624.279) (secs/iter:  0.977) (n_accepted: 80%) (u_error:  0.378645 %) (beta_change:  9.036588 %) (delta_change:  0.657818 %) (delta_peak/R:  4.460708 %)
-> Saved file: /media/rafael/DATA/Dropbox/20220924_FIML_solver/data/output/field_inversion/Beta_k__1__Beta_e__1/u_imp_100/FI_run_T31_Cv_u_imp_100_k_imp_1_e_imp_1/FI_run_T31_Cv_u_imp_100_k_imp_1_e_imp_1_state_iter_5500.dat
iter:   5600 (Jcost: 6.906307e-02) (lr = 1.413e-02) (elapsed time: 5733.072) (secs/iter:  1.088) (n_accepted: 78%) (u_error:  0.378561 %) (beta_change:  8.932630 %) (delta_change:  0.649174 %) (delta_peak/R:  4.458945 %)
iter:   5700 (Jcost: 6.899941e-02) (lr = 5.054e-03) (elapsed time: 5827.785) (secs/iter:  0.947) (n_accepted: 78%) (u_error:  0.378486 %) (beta_change:  8.800172 %) (delta_change:  0.638178 %) (delta_peak/R:  4.456832 %)
iter:   5800 (Jcost: 6.894503e-02) (lr = 7.531e-04) (elapsed time: 5932.281) (secs/iter:  1.045) (n_accepted: 77%) (u_error:  0.378164 %) (beta_change:  8.680235 %) (delta_change:  0.628277 %) (delta_peak/R:  4.454109 %)
iter:   5900 (Jcost: 6.887241e-02) (lr = 2.145e-02) (elapsed time: 6026.483) (secs/iter:  0.942) (n_accepted: 83%) (u_error:  0.378571 %) (beta_change:  8.525432 %) (delta_change:  0.615430 %) (delta_peak/R:  4.453323 %)
iter:   6000 (Jcost: 6.882965e-02) (lr = 1.841e-02) (elapsed time: 6122.803) (secs/iter:  0.963) (n_accepted: 79%) (u_error:  0.378328 %) (beta_change:  8.434456 %) (delta_change:  0.607959 %) (delta_peak/R:  4.451302 %)
-> Saved file: /media/rafael/DATA/Dropbox/20220924_FIML_solver/data/output/field_inversion/Beta_k__1__Beta_e__1/u_imp_100/FI_run_T31_Cv_u_imp_100_k_imp_1_e_imp_1/FI_run_T31_Cv_u_imp_100_k_imp_1_e_imp_1_state_iter_6000.dat
iter:   6100 (Jcost: 6.875597e-02) (lr = 2.744e-03) (elapsed time: 6228.937) (secs/iter:  1.061) (n_accepted: 77%) (u_error:  0.378224 %) (beta_change:  8.269809 %) (delta_change:  0.594431 %) (delta_peak/R:  4.448766 %)
iter:   6200 (Jcost: 6.869734e-02) (lr = 9.814e-04) (elapsed time: 6325.170) (secs/iter:  0.962) (n_accepted: 78%) (u_error:  0.378158 %) (beta_change:  8.136117 %) (delta_change:  0.583480 %) (delta_peak/R:  4.446799 %)
iter:   6300 (Jcost: 6.864615e-02) (lr = 4.852e-03) (elapsed time: 6422.972) (secs/iter:  0.978) (n_accepted: 81%) (u_error:  0.378034 %) (beta_change:  8.016553 %) (delta_change:  0.573723 %) (delta_peak/R:  4.444848 %)
iter:   6400 (Jcost: 6.859502e-02) (lr = 2.399e-02) (elapsed time: 6517.409) (secs/iter:  0.944) (n_accepted: 81%) (u_error:  0.378385 %) (beta_change:  7.891523 %) (delta_change:  0.563487 %) (delta_peak/R:  4.444399 %)
iter:   6500 (Jcost: 6.855784e-02) (lr = 1.490e-03) (elapsed time: 6611.161) (secs/iter:  0.938) (n_accepted: 76%) (u_error:  0.378131 %) (beta_change:  7.808353 %) (delta_change:  0.556758 %) (delta_peak/R:  4.442515 %)
-> Saved file: /media/rafael/DATA/Dropbox/20220924_FIML_solver/data/output/field_inversion/Beta_k__1__Beta_e__1/u_imp_100/FI_run_T31_Cv_u_imp_100_k_imp_1_e_imp_1/FI_run_T31_Cv_u_imp_100_k_imp_1_e_imp_1_state_iter_6500.dat
iter:   6600 (Jcost: 6.850463e-02) (lr = 5.328e-04) (elapsed time: 6693.697) (secs/iter:  0.825) (n_accepted: 78%) (u_error:  0.378022 %) (beta_change:  7.680536 %) (delta_change:  0.546353 %) (delta_peak/R:  4.440553 %)
iter:   6700 (Jcost: 6.845534e-02) (lr = 3.642e-02) (elapsed time: 6765.474) (secs/iter:  0.718) (n_accepted: 84%) (u_error:  0.378003 %) (beta_change:  7.560970 %) (delta_change:  0.536555 %) (delta_peak/R:  4.438991 %)
iter:   6800 (Jcost: 6.841210e-02) (lr = 3.126e-02) (elapsed time: 6856.671) (secs/iter:  0.912) (n_accepted: 79%) (u_error:  0.377928 %) (beta_change:  7.454639 %) (delta_change:  0.527877 %) (delta_peak/R:  4.437428 %)
iter:   6900 (Jcost: 6.837034e-02) (lr = 1.941e-03) (elapsed time: 6951.932) (secs/iter:  0.953) (n_accepted: 76%) (u_error:  0.377901 %) (beta_change:  7.350489 %) (delta_change:  0.519485 %) (delta_peak/R:  4.436062 %)
iter:   7000 (Jcost: 6.832953e-02) (lr = 6.943e-04) (elapsed time: 7043.527) (secs/iter:  0.916) (n_accepted: 78%) (u_error:  0.377855 %) (beta_change:  7.247325 %) (delta_change:  0.511410 %) (delta_peak/R:  4.434658 %)
-> Saved file: /media/rafael/DATA/Dropbox/20220924_FIML_solver/data/output/field_inversion/Beta_k__1__Beta_e__1/u_imp_100/FI_run_T31_Cv_u_imp_100_k_imp_1_e_imp_1/FI_run_T31_Cv_u_imp_100_k_imp_1_e_imp_1_state_iter_7000.dat
iter:   7100 (Jcost: 6.827558e-02) (lr = 3.433e-03) (elapsed time: 7137.015) (secs/iter:  0.935) (n_accepted: 81%) (u_error:  0.377999 %) (beta_change:  7.105644 %) (delta_change:  0.500320 %) (delta_peak/R:  4.433426 %)
iter:   7200 (Jcost: 6.824111e-02) (lr = 1.697e-02) (elapsed time: 7236.288) (secs/iter:  0.993) (n_accepted: 81%) (u_error:  0.377800 %) (beta_change:  7.019036 %) (delta_change:  0.493595 %) (delta_peak/R:  4.431746 %)
iter:   7300 (Jcost: 6.820553e-02) (lr = 2.530e-03) (elapsed time: 7338.939) (secs/iter:  1.027) (n_accepted: 77%) (u_error:  0.377757 %) (beta_change:  6.925351 %) (delta_change:  0.486311 %) (delta_peak/R:  4.430501 %)
iter:   7400 (Jcost: 6.816789e-02) (lr = 9.047e-04) (elapsed time: 7439.453) (secs/iter:  1.005) (n_accepted: 78%) (u_error:  0.377681 %) (beta_change:  6.825036 %) (delta_change:  0.478532 %) (delta_peak/R:  4.429080 %)
iter:   7500 (Jcost: 6.812631e-02) (lr = 7.766e-04) (elapsed time: 7538.520) (secs/iter:  0.991) (n_accepted: 79%) (u_error:  0.377618 %) (beta_change:  6.712618 %) (delta_change:  0.469833 %) (delta_peak/R:  4.427572 %)
-> Saved file: /media/rafael/DATA/Dropbox/20220924_FIML_solver/data/output/field_inversion/Beta_k__1__Beta_e__1/u_imp_100/FI_run_T31_Cv_u_imp_100_k_imp_1_e_imp_1/FI_run_T31_Cv_u_imp_100_k_imp_1_e_imp_1_state_iter_7500.dat
iter:   7600 (Jcost: 6.809640e-02) (lr = 2.212e-02) (elapsed time: 7637.417) (secs/iter:  0.989) (n_accepted: 83%) (u_error:  0.377621 %) (beta_change:  6.630966 %) (delta_change:  0.463522 %) (delta_peak/R:  4.426644 %)
iter:   7700 (Jcost: 6.805315e-02) (lr = 3.296e-03) (elapsed time: 7734.664) (secs/iter:  0.972) (n_accepted: 77%) (u_error:  0.377619 %) (beta_change:  6.511113 %) (delta_change:  0.454279 %) (delta_peak/R:  4.425275 %)
iter:   7800 (Jcost: 6.801945e-02) (lr = 1.179e-03) (elapsed time: 7832.858) (secs/iter:  0.982) (n_accepted: 78%) (u_error:  0.377540 %) (beta_change:  6.416754 %) (delta_change:  0.447032 %) (delta_peak/R:  4.423953 %)
iter:   7900 (Jcost: 6.797607e-02) (lr = 1.012e-03) (elapsed time: 7924.055) (secs/iter:  0.912) (n_accepted: 79%) (u_error:  0.377479 %) (beta_change:  6.293476 %) (delta_change:  0.437584 %) (delta_peak/R:  4.422374 %)
iter:   8000 (Jcost: 6.795006e-02) (lr = 1.201e-02) (elapsed time: 8021.632) (secs/iter:  0.976) (n_accepted: 82%) (u_error:  0.377527 %) (beta_change:  6.218448 %) (delta_change:  0.431835 %) (delta_peak/R:  4.421700 %)
-> Saved file: /media/rafael/DATA/Dropbox/20220924_FIML_solver/data/output/field_inversion/Beta_k__1__Beta_e__1/u_imp_100/FI_run_T31_Cv_u_imp_100_k_imp_1_e_imp_1/FI_run_T31_Cv_u_imp_100_k_imp_1_e_imp_1_state_iter_8000.dat
iter:   8100 (Jcost: 6.791033e-02) (lr = 4.295e-03) (elapsed time: 8114.775) (secs/iter:  0.931) (n_accepted: 78%) (u_error:  0.377431 %) (beta_change:  6.103198 %) (delta_change:  0.423050 %) (delta_peak/R:  4.420119 %)
iter:   8200 (Jcost: 6.786904e-02) (lr = 6.401e-04) (elapsed time: 8207.487) (secs/iter:  0.927) (n_accepted: 77%) (u_error:  0.377381 %) (beta_change:  5.981404 %) (delta_change:  0.413787 %) (delta_peak/R:  4.418627 %)
iter:   8300 (Jcost: 6.783190e-02) (lr = 1.319e-03) (elapsed time: 8297.513) (secs/iter:  0.900) (n_accepted: 80%) (u_error:  0.377240 %) (beta_change:  5.869253 %) (delta_change:  0.405297 %) (delta_peak/R:  4.416955 %)
iter:   8400 (Jcost: 6.780446e-02) (lr = 6.520e-03) (elapsed time: 8394.968) (secs/iter:  0.975) (n_accepted: 81%) (u_error:  0.377278 %) (beta_change:  5.787182 %) (delta_change:  0.399080 %) (delta_peak/R:  4.416198 %)
iter:   8500 (Jcost: 6.777484e-02) (lr = 9.717e-04) (elapsed time: 8491.612) (secs/iter:  0.966) (n_accepted: 77%) (u_error:  0.377293 %) (beta_change:  5.696847 %) (delta_change:  0.392257 %) (delta_peak/R:  4.415286 %)
-> Saved file: /media/rafael/DATA/Dropbox/20220924_FIML_solver/data/output/field_inversion/Beta_k__1__Beta_e__1/u_imp_100/FI_run_T31_Cv_u_imp_100_k_imp_1_e_imp_1/FI_run_T31_Cv_u_imp_100_k_imp_1_e_imp_1_state_iter_8500.dat
iter:   8600 (Jcost: 6.773809e-02) (lr = 8.341e-04) (elapsed time: 8587.747) (secs/iter:  0.961) (n_accepted: 79%) (u_error:  0.377369 %) (beta_change:  5.581759 %) (delta_change:  0.383581 %) (delta_peak/R:  4.414319 %)
iter:   8700 (Jcost: 6.771060e-02) (lr = 2.375e-02) (elapsed time: 8684.395) (secs/iter:  0.966) (n_accepted: 83%) (u_error:  0.377192 %) (beta_change:  5.497125 %) (delta_change:  0.377252 %) (delta_peak/R:  4.412854 %)
iter:   8800 (Jcost: 6.768121e-02) (lr = 2.039e-02) (elapsed time: 8770.569) (secs/iter:  0.862) (n_accepted: 79%) (u_error:  0.377219 %) (beta_change:  5.404188 %) (delta_change:  0.370289 %) (delta_peak/R:  4.411975 %)
iter:   8900 (Jcost: 6.765078e-02) (lr = 7.293e-03) (elapsed time: 8844.426) (secs/iter:  0.739) (n_accepted: 78%) (u_error:  0.377191 %) (beta_change:  5.306912 %) (delta_change:  0.363027 %) (delta_peak/R:  4.410879 %)
iter:   9000 (Jcost: 6.762102e-02) (lr = 1.087e-03) (elapsed time: 8942.589) (secs/iter:  0.982) (n_accepted: 77%) (u_error:  0.377139 %) (beta_change:  5.210843 %) (delta_change:  0.355880 %) (delta_peak/R:  4.409722 %)
-> Saved file: /media/rafael/DATA/Dropbox/20220924_FIML_solver/data/output/field_inversion/Beta_k__1__Beta_e__1/u_imp_100/FI_run_T31_Cv_u_imp_100_k_imp_1_e_imp_1/FI_run_T31_Cv_u_imp_100_k_imp_1_e_imp_1_state_iter_9000.dat
iter:   9100 (Jcost: 6.759254e-02) (lr = 9.329e-04) (elapsed time: 9045.065) (secs/iter:  1.025) (n_accepted: 79%) (u_error:  0.377105 %) (beta_change:  5.117802 %) (delta_change:  0.348976 %) (delta_peak/R:  4.408662 %)
iter:   9200 (Jcost: 6.756630e-02) (lr = 8.008e-04) (elapsed time: 9141.965) (secs/iter:  0.969) (n_accepted: 79%) (u_error:  0.377060 %) (beta_change:  5.031249 %) (delta_change:  0.342572 %) (delta_peak/R:  4.407637 %)
iter:   9300 (Jcost: 6.753112e-02) (lr = 5.474e-02) (elapsed time: 9230.500) (secs/iter:  0.885) (n_accepted: 84%) (u_error:  0.377115 %) (beta_change:  4.912852 %) (delta_change:  0.333822 %) (delta_peak/R:  4.406624 %)
iter:   9400 (Jcost: 6.751163e-02) (lr = 8.157e-03) (elapsed time: 9329.985) (secs/iter:  0.995) (n_accepted: 77%) (u_error:  0.377018 %) (beta_change:  4.847975 %) (delta_change:  0.329060 %) (delta_peak/R:  4.405659 %)
iter:   9500 (Jcost: 6.748288e-02) (lr = 2.918e-03) (elapsed time: 9421.599) (secs/iter:  0.916) (n_accepted: 78%) (u_error:  0.376988 %) (beta_change:  4.750080 %) (delta_change:  0.321876 %) (delta_peak/R:  4.404588 %)
-> Saved file: /media/rafael/DATA/Dropbox/20220924_FIML_solver/data/output/field_inversion/Beta_k__1__Beta_e__1/u_imp_100/FI_run_T31_Cv_u_imp_100_k_imp_1_e_imp_1/FI_run_T31_Cv_u_imp_100_k_imp_1_e_imp_1_state_iter_9500.dat
iter:   9600 (Jcost: 6.745618e-02) (lr = 4.348e-04) (elapsed time: 9525.069) (secs/iter:  1.035) (n_accepted: 77%) (u_error:  0.376923 %) (beta_change:  4.658205 %) (delta_change:  0.315159 %) (delta_peak/R:  4.403469 %)
iter:   9700 (Jcost: 6.742837e-02) (lr = 5.160e-03) (elapsed time: 9616.435) (secs/iter:  0.914) (n_accepted: 82%) (u_error:  0.376787 %) (beta_change:  4.559979 %) (delta_change:  0.308010 %) (delta_peak/R:  4.402059 %)
iter:   9800 (Jcost: 6.740760e-02) (lr = 1.063e-02) (elapsed time: 9680.824) (secs/iter:  0.644) (n_accepted: 80%) (u_error:  0.376933 %) (beta_change:  4.488262 %) (delta_change:  0.302767 %) (delta_peak/R:  4.401835 %)
iter:   9900 (Jcost: 6.738382e-02) (lr = 9.124e-03) (elapsed time: 9765.430) (secs/iter:  0.846) (n_accepted: 79%) (u_error:  0.376856 %) (beta_change:  4.404291 %) (delta_change:  0.296716 %) (delta_peak/R:  4.400771 %)
iter:  10000 (Jcost: 6.736026e-02) (lr = 3.264e-03) (elapsed time: 9863.673) (secs/iter:  0.982) (n_accepted: 78%) (u_error:  0.376847 %) (beta_change:  4.320007 %) (delta_change:  0.291560 %) (delta_peak/R:  4.399926 %)
-> Saved file: /media/rafael/DATA/Dropbox/20220924_FIML_solver/data/output/field_inversion/Beta_k__1__Beta_e__1/u_imp_100/FI_run_T31_Cv_u_imp_100_k_imp_1_e_imp_1/FI_run_T31_Cv_u_imp_100_k_imp_1_e_imp_1_state_iter_10000.dat
iter:  10100 (Jcost: 6.733748e-02) (lr = 1.167e-03) (elapsed time: 9966.768) (secs/iter:  1.031) (n_accepted: 78%) (u_error:  0.376754 %) (beta_change:  4.237581 %) (delta_change:  0.288738 %) (delta_peak/R:  4.398830 %)
iter:  10200 (Jcost: 6.731377e-02) (lr = 4.175e-04) (elapsed time: 10064.737) (secs/iter:  0.980) (n_accepted: 78%) (u_error:  0.376766 %) (beta_change:  4.151434 %) (delta_change:  0.285808 %) (delta_peak/R:  4.398047 %)
iter:  10300 (Jcost: 6.728824e-02) (lr = 2.064e-03) (elapsed time: 10155.755) (secs/iter:  0.910) (n_accepted: 81%) (u_error:  0.376652 %) (beta_change:  4.056536 %) (delta_change:  0.282581 %) (delta_peak/R:  4.396773 %)
iter:  10400 (Jcost: 6.726734e-02) (lr = 2.449e-02) (elapsed time: 10251.300) (secs/iter:  0.955) (n_accepted: 82%) (u_error:  0.376711 %) (beta_change:  3.979803 %) (delta_change:  0.279994 %) (delta_peak/R:  4.396239 %)
iter:  10500 (Jcost: 6.724489e-02) (lr = 8.761e-03) (elapsed time: 10341.550) (secs/iter:  0.902) (n_accepted: 78%) (u_error:  0.376684 %) (beta_change:  3.896325 %) (delta_change:  0.277157 %) (delta_peak/R:  4.395361 %)
-> Saved file: /media/rafael/DATA/Dropbox/20220924_FIML_solver/data/output/field_inversion/Beta_k__1__Beta_e__1/u_imp_100/FI_run_T31_Cv_u_imp_100_k_imp_1_e_imp_1/FI_run_T31_Cv_u_imp_100_k_imp_1_e_imp_1_state_iter_10500.dat
iter:  10600 (Jcost: 6.722269e-02) (lr = 1.306e-03) (elapsed time: 10443.013) (secs/iter:  1.015) (n_accepted: 77%) (u_error:  0.376645 %) (beta_change:  3.813134 %) (delta_change:  0.274333 %) (delta_peak/R:  4.394446 %)
iter:  10700 (Jcost: 6.720242e-02) (lr = 2.690e-03) (elapsed time: 10536.911) (secs/iter:  0.939) (n_accepted: 80%) (u_error:  0.376465 %) (beta_change:  3.732936 %) (delta_change:  0.271610 %) (delta_peak/R:  4.393105 %)
iter:  10800 (Jcost: 6.718493e-02) (lr = 1.330e-02) (elapsed time: 10630.388) (secs/iter:  0.935) (n_accepted: 81%) (u_error:  0.376627 %) (beta_change:  3.669884 %) (delta_change:  0.269499 %) (delta_peak/R:  4.393044 %)
iter:  10900 (Jcost: 6.716469e-02) (lr = 4.757e-03) (elapsed time: 10724.506) (secs/iter:  0.941) (n_accepted: 78%) (u_error:  0.376598 %) (beta_change:  3.592134 %) (delta_change:  0.266885 %) (delta_peak/R:  4.392223 %)
iter:  11000 (Jcost: 6.714503e-02) (lr = 7.089e-04) (elapsed time: 10797.978) (secs/iter:  0.735) (n_accepted: 77%) (u_error:  0.376549 %) (beta_change:  3.515902 %) (delta_change:  0.264330 %) (delta_peak/R:  4.391358 %)
-> Saved file: /media/rafael/DATA/Dropbox/20220924_FIML_solver/data/output/field_inversion/Beta_k__1__Beta_e__1/u_imp_100/FI_run_T31_Cv_u_imp_100_k_imp_1_e_imp_1/FI_run_T31_Cv_u_imp_100_k_imp_1_e_imp_1_state_iter_11000.dat
iter:  11100 (Jcost: 6.712282e-02) (lr = 6.085e-04) (elapsed time: 10896.863) (secs/iter:  0.989) (n_accepted: 79%) (u_error:  0.376508 %) (beta_change:  3.428922 %) (delta_change:  0.261425 %) (delta_peak/R:  4.390420 %)
iter:  11200 (Jcost: 6.710286e-02) (lr = 4.159e-02) (elapsed time: 10990.155) (secs/iter:  0.933) (n_accepted: 84%) (u_error:  0.376378 %) (beta_change:  3.347764 %) (delta_change:  0.258718 %) (delta_peak/R:  4.389250 %)
iter:  11300 (Jcost: 6.708881e-02) (lr = 2.583e-03) (elapsed time: 11085.427) (secs/iter:  0.953) (n_accepted: 76%) (u_error:  0.376525 %) (beta_change:  3.294276 %) (delta_change:  0.256956 %) (delta_peak/R:  4.389242 %)
iter:  11400 (Jcost: 6.706738e-02) (lr = 9.237e-04) (elapsed time: 11158.171) (secs/iter:  0.727) (n_accepted: 78%) (u_error:  0.376485 %) (beta_change:  3.208409 %) (delta_change:  0.254116 %) (delta_peak/R:  4.388330 %)
iter:  11500 (Jcost: 6.704633e-02) (lr = 1.096e-02) (elapsed time: 11246.738) (secs/iter:  0.886) (n_accepted: 82%) (u_error:  0.376390 %) (beta_change:  3.124780 %) (delta_change:  0.251288 %) (delta_peak/R:  4.387242 %)
-> Saved file: /media/rafael/DATA/Dropbox/20220924_FIML_solver/data/output/field_inversion/Beta_k__1__Beta_e__1/u_imp_100/FI_run_T31_Cv_u_imp_100_k_imp_1_e_imp_1/FI_run_T31_Cv_u_imp_100_k_imp_1_e_imp_1_state_iter_11500.dat
iter:  11600 (Jcost: 6.703081e-02) (lr = 2.258e-02) (elapsed time: 11349.457) (secs/iter:  1.027) (n_accepted: 80%) (u_error:  0.376457 %) (beta_change:  3.063354 %) (delta_change:  0.249224 %) (delta_peak/R:  4.386892 %)
iter:  11700 (Jcost: 6.701536e-02) (lr = 8.077e-03) (elapsed time: 11445.352) (secs/iter:  0.959) (n_accepted: 78%) (u_error:  0.376402 %) (beta_change:  3.001543 %) (delta_change:  0.247143 %) (delta_peak/R:  4.386142 %)
iter:  11800 (Jcost: 6.699615e-02) (lr = 1.204e-03) (elapsed time: 11539.606) (secs/iter:  0.943) (n_accepted: 77%) (u_error:  0.376343 %) (beta_change:  2.923801 %) (delta_change:  0.244533 %) (delta_peak/R:  4.385234 %)
iter:  11900 (Jcost: 6.697776e-02) (lr = 5.951e-03) (elapsed time: 11631.761) (secs/iter:  0.922) (n_accepted: 81%) (u_error:  0.376487 %) (beta_change:  2.847203 %) (delta_change:  0.241983 %) (delta_peak/R:  4.385003 %)
iter:  12000 (Jcost: 6.695909e-02) (lr = 2.943e-02) (elapsed time: 11721.454) (secs/iter:  0.897) (n_accepted: 81%) (u_error:  0.376349 %) (beta_change:  2.772626 %) (delta_change:  0.241248 %) (delta_peak/R:  4.383873 %)
-> Saved file: /media/rafael/DATA/Dropbox/20220924_FIML_solver/data/output/field_inversion/Beta_k__1__Beta_e__1/u_imp_100/FI_run_T31_Cv_u_imp_100_k_imp_1_e_imp_1/FI_run_T31_Cv_u_imp_100_k_imp_1_e_imp_1_state_iter_12000.dat
iter:  12100 (Jcost: 6.694281e-02) (lr = 1.052e-02) (elapsed time: 11824.063) (secs/iter:  1.026) (n_accepted: 78%) (u_error:  0.376341 %) (beta_change:  2.705298 %) (delta_change:  0.241132 %) (delta_peak/R:  4.383233 %)
iter:  12200 (Jcost: 6.692627e-02) (lr = 3.764e-03) (elapsed time: 11918.503) (secs/iter:  0.944) (n_accepted: 78%) (u_error:  0.376330 %) (beta_change:  2.636365 %) (delta_change:  0.241013 %) (delta_peak/R:  4.382571 %)
iter:  12300 (Jcost: 6.691072e-02) (lr = 1.346e-03) (elapsed time: 12009.431) (secs/iter:  0.909) (n_accepted: 78%) (u_error:  0.376269 %) (beta_change:  2.571318 %) (delta_change:  0.240867 %) (delta_peak/R:  4.381786 %)
iter:  12400 (Jcost: 6.689802e-02) (lr = 6.657e-03) (elapsed time: 12101.405) (secs/iter:  0.920) (n_accepted: 81%) (u_error:  0.376276 %) (beta_change:  2.517682 %) (delta_change:  0.240785 %) (delta_peak/R:  4.381324 %)
iter:  12500 (Jcost: 6.688151e-02) (lr = 4.134e-04) (elapsed time: 12198.038) (secs/iter:  0.966) (n_accepted: 76%) (u_error:  0.376240 %) (beta_change:  2.447619 %) (delta_change:  0.240650 %) (delta_peak/R:  4.380578 %)
-> Saved file: /media/rafael/DATA/Dropbox/20220924_FIML_solver/data/output/field_inversion/Beta_k__1__Beta_e__1/u_imp_100/FI_run_T31_Cv_u_imp_100_k_imp_1_e_imp_1/FI_run_T31_Cv_u_imp_100_k_imp_1_e_imp_1_state_iter_12500.dat
iter:  12600 (Jcost: 6.686412e-02) (lr = 2.044e-03) (elapsed time: 12294.861) (secs/iter:  0.968) (n_accepted: 81%) (u_error:  0.376335 %) (beta_change:  2.371280 %) (delta_change:  0.240593 %) (delta_peak/R:  4.380202 %)
iter:  12700 (Jcost: 6.685028e-02) (lr = 1.011e-02) (elapsed time: 12388.993) (secs/iter:  0.941) (n_accepted: 81%) (u_error:  0.376162 %) (beta_change:  2.313394 %) (delta_change:  0.240385 %) (delta_peak/R:  4.379123 %)
iter:  12800 (Jcost: 6.683664e-02) (lr = 1.506e-03) (elapsed time: 12472.740) (secs/iter:  0.837) (n_accepted: 77%) (u_error:  0.376028 %) (beta_change:  2.251273 %) (delta_change:  0.240196 %) (delta_peak/R:  4.378131 %)
iter:  12900 (Jcost: 6.682583e-02) (lr = 5.386e-04) (elapsed time: 12554.146) (secs/iter:  0.814) (n_accepted: 78%) (u_error:  0.376171 %) (beta_change:  2.207316 %) (delta_change:  0.240226 %) (delta_peak/R:  4.378208 %)
iter:  13000 (Jcost: 6.681307e-02) (lr = 2.663e-03) (elapsed time: 12638.868) (secs/iter:  0.847) (n_accepted: 81%) (u_error:  0.376120 %) (beta_change:  2.151241 %) (delta_change:  0.240104 %) (delta_peak/R:  4.377544 %)
-> Saved file: /media/rafael/DATA/Dropbox/20220924_FIML_solver/data/output/field_inversion/Beta_k__1__Beta_e__1/u_imp_100/FI_run_T31_Cv_u_imp_100_k_imp_1_e_imp_1/FI_run_T31_Cv_u_imp_100_k_imp_1_e_imp_1_state_iter_13000.dat
iter:  13100 (Jcost: 6.679800e-02) (lr = 2.286e-03) (elapsed time: 12718.024) (secs/iter:  0.792) (n_accepted: 79%) (u_error:  0.376129 %) (beta_change:  2.084861 %) (delta_change:  0.240009 %) (delta_peak/R:  4.376987 %)
iter:  13200 (Jcost: 6.678138e-02) (lr = 8.176e-04) (elapsed time: 12775.354) (secs/iter:  0.573) (n_accepted: 78%) (u_error:  0.376122 %) (beta_change:  2.010966 %) (delta_change:  0.239891 %) (delta_peak/R:  4.376312 %)
iter:  13300 (Jcost: 6.676943e-02) (lr = 9.703e-03) (elapsed time: 12860.178) (secs/iter:  0.848) (n_accepted: 82%) (u_error:  0.376077 %) (beta_change:  1.957492 %) (delta_change:  0.239780 %) (delta_peak/R:  4.375695 %)
iter:  13400 (Jcost: 6.675618e-02) (lr = 3.470e-03) (elapsed time: 12954.286) (secs/iter:  0.941) (n_accepted: 78%) (u_error:  0.376033 %) (beta_change:  1.897647 %) (delta_change:  0.239660 %) (delta_peak/R:  4.375026 %)
iter:  13500 (Jcost: 6.674202e-02) (lr = 1.241e-03) (elapsed time: 13046.560) (secs/iter:  0.923) (n_accepted: 78%) (u_error:  0.376029 %) (beta_change:  1.833619 %) (delta_change:  0.239561 %) (delta_peak/R:  4.374454 %)
-> Saved file: /media/rafael/DATA/Dropbox/20220924_FIML_solver/data/output/field_inversion/Beta_k__1__Beta_e__1/u_imp_100/FI_run_T31_Cv_u_imp_100_k_imp_1_e_imp_1/FI_run_T31_Cv_u_imp_100_k_imp_1_e_imp_1_state_iter_13500.dat
iter:  13600 (Jcost: 6.672640e-02) (lr = 4.439e-04) (elapsed time: 13140.364) (secs/iter:  0.938) (n_accepted: 78%) (u_error:  0.376031 %) (beta_change:  1.763128 %) (delta_change:  0.239456 %) (delta_peak/R:  4.373836 %)
iter:  13700 (Jcost: 6.671212e-02) (lr = 3.811e-04) (elapsed time: 13233.634) (secs/iter:  0.933) (n_accepted: 79%) (u_error:  0.376010 %) (beta_change:  1.698386 %) (delta_change:  0.239346 %) (delta_peak/R:  4.373199 %)
iter:  13800 (Jcost: 6.670151e-02) (lr = 4.522e-03) (elapsed time: 13323.940) (secs/iter:  0.903) (n_accepted: 82%) (u_error:  0.375996 %) (beta_change:  1.650048 %) (delta_change:  0.239264 %) (delta_peak/R:  4.372726 %)
iter:  13900 (Jcost: 6.668847e-02) (lr = 6.739e-04) (elapsed time: 13417.487) (secs/iter:  0.935) (n_accepted: 77%) (u_error:  0.375960 %) (beta_change:  1.590182 %) (delta_change:  0.239151 %) (delta_peak/R:  4.372084 %)
iter:  14000 (Jcost: 6.667961e-02) (lr = 3.332e-03) (elapsed time: 13511.910) (secs/iter:  0.944) (n_accepted: 81%) (u_error:  0.375933 %) (beta_change:  1.549241 %) (delta_change:  0.239072 %) (delta_peak/R:  4.371636 %)
-> Saved file: /media/rafael/DATA/Dropbox/20220924_FIML_solver/data/output/field_inversion/Beta_k__1__Beta_e__1/u_imp_100/FI_run_T31_Cv_u_imp_100_k_imp_1_e_imp_1/FI_run_T31_Cv_u_imp_100_k_imp_1_e_imp_1_state_iter_14000.dat
iter:  14100 (Jcost: 6.666280e-02) (lr = 1.192e-03) (elapsed time: 13605.431) (secs/iter:  0.935) (n_accepted: 78%) (u_error:  0.375873 %) (beta_change:  1.470652 %) (delta_change:  0.238916 %) (delta_peak/R:  4.370752 %)
iter:  14200 (Jcost: 6.665426e-02) (lr = 5.892e-03) (elapsed time: 13694.029) (secs/iter:  0.886) (n_accepted: 81%) (u_error:  0.375929 %) (beta_change:  1.431535 %) (delta_change:  0.238898 %) (delta_peak/R:  4.370594 %)
iter:  14300 (Jcost: 6.663969e-02) (lr = 3.659e-04) (elapsed time: 13786.889) (secs/iter:  0.929) (n_accepted: 76%) (u_error:  0.375934 %) (beta_change:  1.363042 %) (delta_change:  0.238802 %) (delta_peak/R:  4.370013 %)
iter:  14400 (Jcost: 6.663109e-02) (lr = 4.342e-03) (elapsed time: 13845.410) (secs/iter:  0.585) (n_accepted: 82%) (u_error:  0.375910 %) (beta_change:  1.322443 %) (delta_change:  0.238727 %) (delta_peak/R:  4.369585 %)
iter:  14500 (Jcost: 6.661949e-02) (lr = 6.470e-04) (elapsed time: 13926.986) (secs/iter:  0.816) (n_accepted: 77%) (u_error:  0.375887 %) (beta_change:  1.268341 %) (delta_change:  0.238633 %) (delta_peak/R:  4.369031 %)
-> Saved file: /media/rafael/DATA/Dropbox/20220924_FIML_solver/data/output/field_inversion/Beta_k__1__Beta_e__1/u_imp_100/FI_run_T31_Cv_u_imp_100_k_imp_1_e_imp_1/FI_run_T31_Cv_u_imp_100_k_imp_1_e_imp_1_state_iter_14500.dat
iter:  14600 (Jcost: 6.661103e-02) (lr = 3.199e-03) (elapsed time: 14025.984) (secs/iter:  0.990) (n_accepted: 81%) (u_error:  0.375903 %) (beta_change:  1.232496 %) (delta_change:  0.238586 %) (delta_peak/R:  4.368733 %)
iter:  14700 (Jcost: 6.659884e-02) (lr = 2.746e-03) (elapsed time: 14117.093) (secs/iter:  0.911) (n_accepted: 79%) (u_error:  0.375842 %) (beta_change:  1.180961 %) (delta_change:  0.238461 %) (delta_peak/R:  4.368028 %)
iter:  14800 (Jcost: 6.658541e-02) (lr = 9.822e-04) (elapsed time: 14204.580) (secs/iter:  0.875) (n_accepted: 78%) (u_error:  0.375815 %) (beta_change:  1.123733 %) (delta_change:  0.238352 %) (delta_peak/R:  4.367383 %)
iter:  14900 (Jcost: 6.657115e-02) (lr = 2.024e-03) (elapsed time: 14285.024) (secs/iter:  0.804) (n_accepted: 80%) (u_error:  0.375758 %) (beta_change:  1.062243 %) (delta_change:  0.238215 %) (delta_peak/R:  4.366596 %)
iter:  15000 (Jcost: 6.656063e-02) (lr = 2.401e-02) (elapsed time: 14377.831) (secs/iter:  0.928) (n_accepted: 82%) (u_error:  0.375793 %) (beta_change:  1.018364 %) (delta_change:  0.238168 %) (delta_peak/R:  4.366272 %)
-> Saved file: /media/rafael/DATA/Dropbox/20220924_FIML_solver/data/output/field_inversion/Beta_k__1__Beta_e__1/u_imp_100/FI_run_T31_Cv_u_imp_100_k_imp_1_e_imp_1/FI_run_T31_Cv_u_imp_100_k_imp_1_e_imp_1_state_iter_15000.dat
iter:  15000 (Jcost: 6.656020e-02) (lr = 2.881e-02) (elapsed time: 14383.935) (secs/iter:   None) (n_accepted: 0%) (u_error:  0.375822 %) (beta_change:  1.016508 %) (delta_change:  0.238185 %) (delta_peak/R:  4.366349 %)
