# ------------------------------------------------------------------------
#                  Input Arguments
# ------------------------------------------------------------------------
# Begin_Input_Arguments
{ 'all_b_mode': ['Beta_e'],
  'args_mk_solver': { 'torch': "<module 'torch' from "
                               "'/home/rafael/anaconda3/lib/python3.9/site-packages/torch/__init__.py'>",
                      'y_grid': [0.0, 0.000309700312, 0.000638645973, 0.00098802599, 0.00135910194, 0.00175321227, 0.00217177688, 0.00261630193, 0.00308838486, 0.00358971984, 0.00412210331, 0.00468744001, 0.00528774917, 0.00592517114, 0.00660197432, 0.0073205624, 0.00808348206, 0.00889343092, 0.00975326602, 0.0106660126, 0.0116348733, 0.0126632377, 0.0137546927, 0.0149130326, 0.0161422702, 0.0174466482, 0.0188306506, 0.0202990157, 0.0218567475, 0.02350913, 0.0252617393, 0.0271204584, 0.0290914903, 0.0311813732, 0.033396994, 0.0357456039, 0.0382348325, 0.0408727029, 0.0436676462, 0.0466285159, 0.0497646022, 0.0530856456, 0.0566018496, 0.0603238931, 0.0642629411, 0.068430655, 0.0728392004, 0.0775012535, 0.0824300053, 0.0876391634, 0.0931429507, 0.0989561006, 0.105093849, 0.111571922, 0.118406518, 0.125614286, 0.133212296, 0.141218006, 0.14964922, 0.158524039, 0.167860801, 0.177678022, 0.187994313, 0.1988283, 0.21019853, 0.222123362, 0.234620856, 0.247708641, 0.261403784, 0.275722637, 0.290680679, 0.306292354, 0.322570888, 0.339528108, 0.357174255, 0.375517785, 0.394565175, 0.414320726, 0.43478637, 0.45596148, 0.47784269, 0.500423731, 0.523695275, 0.547644806, 0.572256506, 0.597511177, 0.623386184, 0.649855436, 0.676889401, 0.704455158, 0.73251649, 0.761034018, 0.789965372, 0.819265404, 0.848886442, 0.878778572, 0.908889961, 0.939167201, 0.969555687, 1.0],
                      'Ret': 4178.88,
                      'cp': 1.0,
                      'A_sca_rho': 1.0,
                      'A_sca_mu': 0.00023929856803736886,
                      'A_sca_k': 0.00023929856803736886,
                      'b_exp_rho': 0.0,
                      'b_exp_mu': 0.0,
                      'b_exp_k': 0.0,
                      'tensor_device': 'cpu',
                      'as_tensor': '<function '
                                   'Build_arguments_fi_run._mk_args_MK_solver.<locals>.<lambda> '
                                   'at 0x7f3dd524d700>',
                      'ref_dns': { 'u_dns': [0.0, 1.29342908, 2.65194048, 4.03670512, 5.40859779, 6.68695496, 7.86019195, 8.91069256, 9.80895505, 10.5848082, 11.256716, 11.838802, 12.3296382, 12.7600093, 13.1410586, 13.4759394, 13.7744531, 14.0477365, 14.2950609, 14.5257574, 14.7416361, 14.9463957, 15.1419829, 15.331636, 15.5147581, 15.6944977, 15.8714078, 16.0458343, 16.2182932, 16.3895662, 16.5599086, 16.7295497, 16.8986118, 17.0669143, 17.2349262, 17.4028312, 17.5701228, 17.7374358, 17.9041343, 18.0707044, 18.2370016, 18.4029699, 18.5685661, 18.7337707, 18.8985825, 19.0628993, 19.2265908, 19.3896394, 19.5519311, 19.7132729, 19.8736228, 20.0329364, 20.1911376, 20.3479704, 20.5037328, 20.658259, 20.8113699, 20.9630469, 21.1135511, 21.2631337, 21.4122384, 21.561234, 21.7100392, 21.8580649, 22.0049074, 22.1497712, 22.2927547, 22.4339372, 22.573864, 22.7126255, 22.8505065, 22.9881435, 23.1249588, 23.2612122, 23.3980224, 23.5351472, 23.6720493, 23.8088436, 23.9452111, 24.0800664, 24.2132574, 24.3458709, 24.4777305, 24.6088033, 24.7377587, 24.8656065, 24.9912607, 25.1139727, 25.2325247, 25.3453248, 25.4509185, 25.5499422, 25.640263, 25.719845, 25.7877871, 25.8450715, 25.8916591, 25.9270062, 25.9491387, 25.95648],
                                   'T_dns': [1.0, 1.0, 1.0, 1.0, 1.0, 1.0, 1.0, 1.0, 1.0, 1.0, 1.0, 1.0, 1.0, 1.0, 1.0, 1.0, 1.0, 1.0, 1.0, 1.0, 1.0, 1.0, 1.0, 1.0, 1.0, 1.0, 1.0, 1.0, 1.0, 1.0, 1.0, 1.0, 1.0, 1.0, 1.0, 1.0, 1.0, 1.0, 1.0, 1.0, 1.0, 1.0, 1.0, 1.0, 1.0, 1.0, 1.0, 1.0, 1.0, 1.0, 1.0, 1.0, 1.0, 1.0, 1.0, 1.0, 1.0, 1.0, 1.0, 1.0, 1.0, 1.0, 1.0, 1.0, 1.0, 1.0, 1.0, 1.0, 1.0, 1.0, 1.0, 1.0, 1.0, 1.0, 1.0, 1.0, 1.0, 1.0, 1.0, 1.0, 1.0, 1.0, 1.0, 1.0, 1.0, 1.0, 1.0, 1.0, 1.0, 1.0, 1.0, 1.0, 1.0, 1.0, 1.0, 1.0, 1.0, 1.0, 1.0, 1.0],
                                   'mu_dns': [0.00023929856803736886, 0.00023929856803736886, 0.00023929856803736886, 0.00023929856803736886, 0.00023929856803736886, 0.00023929856803736886, 0.00023929856803736886, 0.00023929856803736886, 0.00023929856803736886, 0.00023929856803736886, 0.00023929856803736886, 0.00023929856803736886, 0.00023929856803736886, 0.00023929856803736886, 0.00023929856803736886, 0.00023929856803736886, 0.00023929856803736886, 0.00023929856803736886, 0.00023929856803736886, 0.00023929856803736886, 0.00023929856803736886, 0.00023929856803736886, 0.00023929856803736886, 0.00023929856803736886, 0.00023929856803736886, 0.00023929856803736886, 0.00023929856803736886, 0.00023929856803736886, 0.00023929856803736886, 0.00023929856803736886, 0.00023929856803736886, 0.00023929856803736886, 0.00023929856803736886, 0.00023929856803736886, 0.00023929856803736886, 0.00023929856803736886, 0.00023929856803736886, 0.00023929856803736886, 0.00023929856803736886, 0.00023929856803736886, 0.00023929856803736886, 0.00023929856803736886, 0.00023929856803736886, 0.00023929856803736886, 0.00023929856803736886, 0.00023929856803736886, 0.00023929856803736886, 0.00023929856803736886, 0.00023929856803736886, 0.00023929856803736886, 0.00023929856803736886, 0.00023929856803736886, 0.00023929856803736886, 0.00023929856803736886, 0.00023929856803736886, 0.00023929856803736886, 0.00023929856803736886, 0.00023929856803736886, 0.00023929856803736886, 0.00023929856803736886, 0.00023929856803736886, 0.00023929856803736886, 0.00023929856803736886, 0.00023929856803736886, 0.00023929856803736886, 0.00023929856803736886, 0.00023929856803736886, 0.00023929856803736886, 0.00023929856803736886, 0.00023929856803736886, 0.00023929856803736886, 0.00023929856803736886, 0.00023929856803736886, 0.00023929856803736886, 0.00023929856803736886, 0.00023929856803736886, 0.00023929856803736886, 0.00023929856803736886, 0.00023929856803736886, 0.00023929856803736886, 0.00023929856803736886, 0.00023929856803736886, 0.00023929856803736886, 0.00023929856803736886, 0.00023929856803736886, 0.00023929856803736886, 0.00023929856803736886, 0.00023929856803736886, 0.00023929856803736886, 0.00023929856803736886, 0.00023929856803736886, 0.00023929856803736886, 0.00023929856803736886, 0.00023929856803736886, 0.00023929856803736886, 0.00023929856803736886, 0.00023929856803736886, 0.00023929856803736886, 0.00023929856803736886, 0.00023929856803736886],
                                   'rho_dns': [1.0, 1.0, 1.0, 1.0, 1.0, 1.0, 1.0, 1.0, 1.0, 1.0, 1.0, 1.0, 1.0, 1.0, 1.0, 1.0, 1.0, 1.0, 1.0, 1.0, 1.0, 1.0, 1.0, 1.0, 1.0, 1.0, 1.0, 1.0, 1.0, 1.0, 1.0, 1.0, 1.0, 1.0, 1.0, 1.0, 1.0, 1.0, 1.0, 1.0, 1.0, 1.0, 1.0, 1.0, 1.0, 1.0, 1.0, 1.0, 1.0, 1.0, 1.0, 1.0, 1.0, 1.0, 1.0, 1.0, 1.0, 1.0, 1.0, 1.0, 1.0, 1.0, 1.0, 1.0, 1.0, 1.0, 1.0, 1.0, 1.0, 1.0, 1.0, 1.0, 1.0, 1.0, 1.0, 1.0, 1.0, 1.0, 1.0, 1.0, 1.0, 1.0, 1.0, 1.0, 1.0, 1.0, 1.0, 1.0, 1.0, 1.0, 1.0, 1.0, 1.0, 1.0, 1.0, 1.0, 1.0, 1.0, 1.0, 1.0]},
                      'case': 'Jimenez_Re4200',
                      'constant_Sq_heat': 0.0,
                      'use_visc_heating': False,
                      'Pr_turb': 1.0,
                      'fprint': '<function '
                                'Build_arguments_fi_run._mk_args_MK_solver.<locals>.<lambda> '
                                'at 0x7f3dd524d040>',
                      'compressible_correction': False,
                      'bool_solve_energy': False,
                      'output_last': False},
  'u_imp': 10,
  'k_imp': 0,
  'e_imp': 1,
  'solve_sparse_adj': True,
  'all_ref_beta_distrib': {'K': [1.0, 1.0, 1.0, 1.0, 1.0, 1.0, 1.0, 1.0, 1.0, 1.0, 1.0, 1.0, 1.0, 1.0, 1.0, 1.0, 1.0, 1.0, 1.0, 1.0, 1.0, 1.0, 1.0, 1.0, 1.0, 1.0, 1.0, 1.0, 1.0, 1.0, 1.0, 1.0, 1.0, 1.0, 1.0, 1.0, 1.0, 1.0, 1.0, 1.0, 1.0, 1.0, 1.0, 1.0, 1.0, 1.0, 1.0, 1.0, 1.0, 1.0, 1.0, 1.0, 1.0, 1.0, 1.0, 1.0, 1.0, 1.0, 1.0, 1.0, 1.0, 1.0, 1.0, 1.0, 1.0, 1.0, 1.0, 1.0, 1.0, 1.0, 1.0, 1.0, 1.0, 1.0, 1.0, 1.0, 1.0, 1.0, 1.0, 1.0, 1.0, 1.0, 1.0, 1.0, 1.0, 1.0, 1.0, 1.0, 1.0, 1.0, 1.0, 1.0, 1.0, 1.0, 1.0, 1.0, 1.0, 1.0, 1.0, 1.0], 'E': [1.0, 0.99936568, 0.99860851, 0.99725908, 0.99501702, 0.99080435, 0.98482064, 0.97725849, 0.96839641, 0.95859755, 0.94839256, 0.93851509, 0.92990076, 0.9237045, 0.92135732, 0.92456522, 0.9352931, 0.95575862, 0.98842979, 1.03637124, 1.10236709, 1.18162327, 1.25753958, 1.31214051, 1.33682887, 1.33272379, 1.30589903, 1.26340321, 1.21143466, 1.15490762, 1.09758137, 1.04231672, 0.99130433, 0.94621655, 0.90829884, 0.87840326, 0.85697072, 0.84402477, 0.83917807, 0.84167116, 0.85045321, 0.8642752, 0.88180527, 0.90174241, 0.92290996, 0.94431526, 0.96517658, 0.98492592, 1.0031898, 1.01975548, 1.03453805, 1.04755021, 1.05887181, 1.06862391, 1.07695804, 1.08404415, 1.09005543, 1.09517016, 1.09958305, 1.10350797, 1.10716434, 1.11074256, 1.11434871, 1.11794864, 1.12134557, 1.12419715, 1.12607313, 1.12653303, 1.12519144, 1.12175995, 1.11606955, 1.10808609, 1.09790038, 1.08572569, 1.07191507, 1.05693012, 1.0412776, 1.0254762, 1.01003389, 0.99542372, 0.98210713, 0.97059304, 0.96142977, 0.95512656, 0.95205601, 0.95239419, 0.95605029, 0.96258326, 0.97119919, 0.98082879, 0.99030201, 0.99858435, 1.00493342, 1.00897981, 1.01080643, 1.01092502, 1.01008163, 1.00898901, 1.00815438, 1.00392786]},
  'all_ref_delta_distrib': {'K': [-0.0, -0.0, -0.0, -0.0, -0.0, -0.0, -0.0, -0.0, -0.0, -0.0, -0.0, -0.0, -0.0, -0.0, -0.0, -0.0, -0.0, -0.0, -0.0, -0.0, -0.0, -0.0, -0.0, -0.0, -0.0, -0.0, -0.0, -0.0, -0.0, -0.0, -0.0, -0.0, -0.0, -0.0, -0.0, -0.0, -0.0, -0.0, -0.0, -0.0, -0.0, -0.0, -0.0, -0.0, -0.0, -0.0, -0.0, -0.0, -0.0, -0.0, -0.0, -0.0, -0.0, -0.0, -0.0, -0.0, -0.0, -0.0, -0.0, -0.0, -0.0, -0.0, -0.0, -0.0, -0.0, -0.0, -0.0, -0.0, -0.0, -0.0, -0.0, -0.0, -0.0, -0.0, -0.0, -0.0, -0.0, -0.0, -0.0, -0.0, -0.0, -0.0, -0.0, -0.0, -0.0, -0.0, -0.0, -0.0, -0.0, -0.0, -0.0, -0.0, -0.0, -0.0, -0.0, -0.0, -0.0, -0.0, -0.0, -0.0], 'E': [-0.0, 57.703788810938434, 216.11304704122819, 643.8527975354605, 1577.464996117479, 3137.1495351123885, 5005.855752544163, 6695.860100693743, 7913.575888127461, 8585.59083931795, 8743.764148619288, 8456.36949738071, 7802.843518933173, 6862.951234606867, 5710.949356234737, 4418.404222296739, 3054.3843767110543, 1682.0800174833844, 354.385119467039, -898.6952332551224, -2047.12295355783, -2956.624188563993, -3442.5251339575107, -3464.4961477614706, -3143.798860354168, -2645.8292773653848, -2098.79712895566, -1577.4999957287746, -1116.7071586584386, -727.8667469200823, -410.8380195013023, -160.52598163468573, 29.838169039330232, 167.3321095468503, 258.9078324084898, 311.3955157544946, 331.6545740938773, 326.5835554630266, 302.9887728011351, 267.3115589898366, 225.2821535777385, 181.6370759582658, 139.93396695543427, 102.52003022525064, 70.64824757557594, 44.69693546634144, 24.427291387186475, 9.224922907956454, -1.7010447692260573, -9.173965090204634, -13.962401880197802, -16.735363896297063, -18.04529459331003, -18.329944560504785, -17.926859946556206, -17.08910206620625, -16.00023088455948, -14.791030857957978, -13.553934575548244, -12.352516892934169, -11.22714359659391, -10.198225607940442, -9.268514829936809, -8.426576865854333, -7.652700329464697, -6.925309454247222, -6.22654235314976, -5.545496672872466, -4.878506389018026, -4.227573603142396, -3.5982769336093416, -2.9980792853024334, -2.4345933347875235, -1.9148127477891497, -1.4451467235198718, -1.0305722381871196, -0.6737404240095419, -0.3751018832236179, -0.13325426454289618, 0.05477974641686998, 0.19279403334676554, 0.2846234773082563, 0.33439238733419663, 0.3472368389131412, 0.32971203926863996, 0.2895129322994439, 0.2350568235826376, 0.1749520110078905, 0.11701357599765122, 0.06727165113726805, 0.02922596450754886, 0.0036466307734030925, -0.010828627299778504, -0.016786805889766644, -0.017267208883927434, -0.015064306622666642, -0.012208023339113918, -0.009820041356341824, -0.008334540761139826, -0.003923336590957002]},
  'fname_print': '/media/rafael/DATA/Dropbox/20220924_FIML_solver/data/output/field_inversion/Beta_e/u_imp_10/FI_run_Jimenez_Re4200_u_imp_10_k_imp_0_e_imp_1/FI_run_Jimenez_Re4200_u_imp_10_k_imp_0_e_imp_1.log',
  'folder': '/media/rafael/DATA/Dropbox/20220924_FIML_solver/data/output/field_inversion/Beta_e/u_imp_10/FI_run_Jimenez_Re4200_u_imp_10_k_imp_0_e_imp_1',
  'iters_limit': 15000}
# End_Input_Arguments

# ------------------------------------------------------------------------
#                  Iterations
# ------------------------------------------------------------------------

iter:      0 (Jcost: 1.236812e-01) (lr = 1.000e-03) (elapsed time:  0.001) (secs/iter:   None) (n_accepted: 0%) (u_error:  2.310483 %) (beta_change: 33.682887 %) (delta_change:  1.979016 %) (delta_peak/R:  0.000000 %)
-> Saved file: /media/rafael/DATA/Dropbox/20220924_FIML_solver/data/output/field_inversion/Beta_e/u_imp_10/FI_run_Jimenez_Re4200_u_imp_10_k_imp_0_e_imp_1/FI_run_Jimenez_Re4200_u_imp_10_k_imp_0_e_imp_1_state_iter_0.dat
iter:    100 (Jcost: 1.196881e-02) (lr = 1.367e-01) (elapsed time: 253.980) (secs/iter:  2.540) (n_accepted: 85%) (u_error:  0.789267 %) (beta_change: 30.349855 %) (delta_change:  1.103628 %) (delta_peak/R:  2.244405 %)
iter:    200 (Jcost: 1.046853e-02) (lr = 2.037e-02) (elapsed time: 488.285) (secs/iter:  2.343) (n_accepted: 77%) (u_error:  0.798106 %) (beta_change: 28.007700 %) (delta_change:  0.988024 %) (delta_peak/R:  2.125359 %)
iter:    300 (Jcost: 9.789654e-03) (lr = 5.802e-01) (elapsed time: 704.031) (secs/iter:  2.157) (n_accepted: 83%) (u_error:  0.804060 %) (beta_change: 26.491693 %) (delta_change:  0.902020 %) (delta_peak/R:  2.131557 %)
iter:    400 (Jcost: 9.436678e-03) (lr = 8.646e-02) (elapsed time: 899.529) (secs/iter:  1.955) (n_accepted: 77%) (u_error:  0.804913 %) (beta_change: 25.572753 %) (delta_change:  0.858365 %) (delta_peak/R:  2.119456 %)
iter:    500 (Jcost: 9.086947e-03) (lr = 3.093e-02) (elapsed time: 1112.603) (secs/iter:  2.131) (n_accepted: 78%) (u_error:  0.805472 %) (beta_change: 24.504321 %) (delta_change:  0.810010 %) (delta_peak/R:  2.101180 %)
-> Saved file: /media/rafael/DATA/Dropbox/20220924_FIML_solver/data/output/field_inversion/Beta_e/u_imp_10/FI_run_Jimenez_Re4200_u_imp_10_k_imp_0_e_imp_1/FI_run_Jimenez_Re4200_u_imp_10_k_imp_0_e_imp_1_state_iter_500.dat
iter:    600 (Jcost: 8.818228e-03) (lr = 4.609e-03) (elapsed time: 1313.210) (secs/iter:  2.006) (n_accepted: 77%) (u_error:  0.807314 %) (beta_change: 23.543645 %) (delta_change:  0.754480 %) (delta_peak/R:  2.089207 %)
iter:    700 (Jcost: 8.633834e-03) (lr = 3.150e-01) (elapsed time: 1516.106) (secs/iter:  2.029) (n_accepted: 84%) (u_error:  0.807506 %) (beta_change: 22.801282 %) (delta_change:  0.711699 %) (delta_peak/R:  2.076703 %)
iter:    800 (Jcost: 8.457897e-03) (lr = 4.695e-02) (elapsed time: 1714.392) (secs/iter:  1.983) (n_accepted: 77%) (u_error:  0.808032 %) (beta_change: 21.995887 %) (delta_change:  0.686599 %) (delta_peak/R:  2.064241 %)
iter:    900 (Jcost: 8.320859e-03) (lr = 4.030e-02) (elapsed time: 1923.991) (secs/iter:  2.096) (n_accepted: 79%) (u_error:  0.808689 %) (beta_change: 21.283934 %) (delta_change:  0.659018 %) (delta_peak/R:  2.056337 %)
iter:   1000 (Jcost: 8.211091e-03) (lr = 1.441e-02) (elapsed time: 2127.732) (secs/iter:  2.037) (n_accepted: 78%) (u_error:  0.809300 %) (beta_change: 20.637914 %) (delta_change:  0.630351 %) (delta_peak/R:  2.051572 %)
-> Saved file: /media/rafael/DATA/Dropbox/20220924_FIML_solver/data/output/field_inversion/Beta_e/u_imp_10/FI_run_Jimenez_Re4200_u_imp_10_k_imp_0_e_imp_1/FI_run_Jimenez_Re4200_u_imp_10_k_imp_0_e_imp_1_state_iter_1000.dat
iter:   1100 (Jcost: 8.103771e-03) (lr = 1.237e-02) (elapsed time: 2328.798) (secs/iter:  2.011) (n_accepted: 79%) (u_error:  0.809627 %) (beta_change: 19.920086 %) (delta_change:  0.595370 %) (delta_peak/R:  2.044529 %)
iter:   1200 (Jcost: 8.011792e-03) (lr = 8.457e-01) (elapsed time: 2521.843) (secs/iter:  1.930) (n_accepted: 84%) (u_error:  0.810393 %) (beta_change: 19.198565 %) (delta_change:  0.557100 %) (delta_peak/R:  2.040044 %)
iter:   1300 (Jcost: 7.959506e-03) (lr = 5.251e-02) (elapsed time: 2728.055) (secs/iter:  2.062) (n_accepted: 76%) (u_error:  0.810003 %) (beta_change: 18.755282 %) (delta_change:  0.536993 %) (delta_peak/R:  2.033076 %)
iter:   1400 (Jcost: 7.904881e-03) (lr = 7.826e-03) (elapsed time: 2936.465) (secs/iter:  2.084) (n_accepted: 77%) (u_error:  0.810295 %) (beta_change: 18.229448 %) (delta_change:  0.522706 %) (delta_peak/R:  2.028700 %)
iter:   1500 (Jcost: 7.861331e-03) (lr = 1.612e-02) (elapsed time: 3139.061) (secs/iter:  2.026) (n_accepted: 80%) (u_error:  0.810261 %) (beta_change: 17.759923 %) (delta_change:  0.508445 %) (delta_peak/R:  2.023442 %)
-> Saved file: /media/rafael/DATA/Dropbox/20220924_FIML_solver/data/output/field_inversion/Beta_e/u_imp_10/FI_run_Jimenez_Re4200_u_imp_10_k_imp_0_e_imp_1/FI_run_Jimenez_Re4200_u_imp_10_k_imp_0_e_imp_1_state_iter_1500.dat
iter:   1600 (Jcost: 7.820912e-03) (lr = 3.321e-02) (elapsed time: 3340.561) (secs/iter:  2.015) (n_accepted: 80%) (u_error:  0.811063 %) (beta_change: 17.270478 %) (delta_change:  0.492063 %) (delta_peak/R:  2.022251 %)
iter:   1700 (Jcost: 7.794845e-03) (lr = 6.842e-02) (elapsed time: 3536.020) (secs/iter:  1.955) (n_accepted: 80%) (u_error:  0.810752 %) (beta_change: 16.949599 %) (delta_change:  0.480666 %) (delta_peak/R:  2.017347 %)
iter:   1800 (Jcost: 7.760894e-03) (lr = 2.447e-02) (elapsed time: 3713.209) (secs/iter:  1.772) (n_accepted: 78%) (u_error:  0.810811 %) (beta_change: 16.473603 %) (delta_change:  0.462733 %) (delta_peak/R:  2.012763 %)
iter:   1900 (Jcost: 7.729319e-03) (lr = 8.753e-03) (elapsed time: 3904.255) (secs/iter:  1.910) (n_accepted: 78%) (u_error:  0.810895 %) (beta_change: 15.983926 %) (delta_change:  0.443137 %) (delta_peak/R:  2.008282 %)
iter:   2000 (Jcost: 7.707470e-03) (lr = 2.493e-01) (elapsed time: 4090.788) (secs/iter:  1.865) (n_accepted: 83%) (u_error:  0.810749 %) (beta_change: 15.606973 %) (delta_change:  0.427352 %) (delta_peak/R:  2.003878 %)
-> Saved file: /media/rafael/DATA/Dropbox/20220924_FIML_solver/data/output/field_inversion/Beta_e/u_imp_10/FI_run_Jimenez_Re4200_u_imp_10_k_imp_0_e_imp_1/FI_run_Jimenez_Re4200_u_imp_10_k_imp_0_e_imp_1_state_iter_2000.dat
iter:   2100 (Jcost: 7.692123e-03) (lr = 8.916e-02) (elapsed time: 4281.577) (secs/iter:  1.908) (n_accepted: 78%) (u_error:  0.811085 %) (beta_change: 15.335941 %) (delta_change:  0.415601 %) (delta_peak/R:  2.002954 %)
iter:   2200 (Jcost: 7.673506e-03) (lr = 5.536e-03) (elapsed time: 4470.897) (secs/iter:  1.893) (n_accepted: 76%) (u_error:  0.811073 %) (beta_change: 14.977825 %) (delta_change:  0.399773 %) (delta_peak/R:  1.999528 %)
iter:   2300 (Jcost: 7.655455e-03) (lr = 6.570e-02) (elapsed time: 4652.136) (secs/iter:  1.812) (n_accepted: 82%) (u_error:  0.810757 %) (beta_change: 14.586199 %) (delta_change:  0.382094 %) (delta_peak/R:  1.994352 %)
iter:   2400 (Jcost: 7.642596e-03) (lr = 1.353e-01) (elapsed time: 4837.712) (secs/iter:  1.856) (n_accepted: 80%) (u_error:  0.811094 %) (beta_change: 14.321751 %) (delta_change:  0.369850 %) (delta_peak/R:  1.993670 %)
iter:   2500 (Jcost: 7.628903e-03) (lr = 1.162e-01) (elapsed time: 5018.405) (secs/iter:  1.807) (n_accepted: 79%) (u_error:  0.811160 %) (beta_change: 14.003930 %) (delta_change:  0.355019 %) (delta_peak/R:  1.991213 %)
-> Saved file: /media/rafael/DATA/Dropbox/20220924_FIML_solver/data/output/field_inversion/Beta_e/u_imp_10/FI_run_Jimenez_Re4200_u_imp_10_k_imp_0_e_imp_1/FI_run_Jimenez_Re4200_u_imp_10_k_imp_0_e_imp_1_state_iter_2500.dat
iter:   2600 (Jcost: 7.615547e-03) (lr = 4.155e-02) (elapsed time: 5204.240) (secs/iter:  1.858) (n_accepted: 78%) (u_error:  0.811441 %) (beta_change: 13.664166 %) (delta_change:  0.342232 %) (delta_peak/R:  1.989708 %)
iter:   2700 (Jcost: 7.605535e-03) (lr = 2.055e-01) (elapsed time: 5383.621) (secs/iter:  1.794) (n_accepted: 81%) (u_error:  0.811266 %) (beta_change: 13.414713 %) (delta_change:  0.335632 %) (delta_peak/R:  1.986754 %)
iter:   2800 (Jcost: 7.594842e-03) (lr = 5.316e-03) (elapsed time: 5561.111) (secs/iter:  1.775) (n_accepted: 75%) (u_error:  0.811245 %) (beta_change: 13.124937 %) (delta_change:  0.327639 %) (delta_peak/R:  1.984286 %)
iter:   2900 (Jcost: 7.584767e-03) (lr = 1.514e-01) (elapsed time: 5742.881) (secs/iter:  1.818) (n_accepted: 83%) (u_error:  0.811521 %) (beta_change: 12.819555 %) (delta_change:  0.318834 %) (delta_peak/R:  1.983243 %)
iter:   3000 (Jcost: 7.578086e-03) (lr = 5.415e-02) (elapsed time: 5906.374) (secs/iter:  1.635) (n_accepted: 78%) (u_error:  0.811208 %) (beta_change: 12.640446 %) (delta_change:  0.313515 %) (delta_peak/R:  1.980295 %)
-> Saved file: /media/rafael/DATA/Dropbox/20220924_FIML_solver/data/output/field_inversion/Beta_e/u_imp_10/FI_run_Jimenez_Re4200_u_imp_10_k_imp_0_e_imp_1/FI_run_Jimenez_Re4200_u_imp_10_k_imp_0_e_imp_1_state_iter_3000.dat
iter:   3100 (Jcost: 7.566904e-03) (lr = 8.070e-03) (elapsed time: 6100.787) (secs/iter:  1.944) (n_accepted: 77%) (u_error:  0.811178 %) (beta_change: 12.294798 %) (delta_change:  0.302934 %) (delta_peak/R:  1.977526 %)
iter:   3200 (Jcost: 7.560850e-03) (lr = 9.576e-02) (elapsed time: 6282.006) (secs/iter:  1.812) (n_accepted: 82%) (u_error:  0.811197 %) (beta_change: 12.100076 %) (delta_change:  0.296792 %) (delta_peak/R:  1.976189 %)
iter:   3300 (Jcost: 7.552166e-03) (lr = 3.425e-02) (elapsed time: 6462.653) (secs/iter:  1.806) (n_accepted: 78%) (u_error:  0.811209 %) (beta_change: 11.810343 %) (delta_change:  0.287453 %) (delta_peak/R:  1.974172 %)
iter:   3400 (Jcost: 7.544813e-03) (lr = 1.225e-02) (elapsed time: 6647.047) (secs/iter:  1.844) (n_accepted: 78%) (u_error:  0.811168 %) (beta_change: 11.554843 %) (delta_change:  0.279027 %) (delta_peak/R:  1.972182 %)
iter:   3500 (Jcost: 7.537959e-03) (lr = 1.052e-02) (elapsed time: 6831.717) (secs/iter:  1.847) (n_accepted: 79%) (u_error:  0.811191 %) (beta_change: 11.308611 %) (delta_change:  0.270757 %) (delta_peak/R:  1.970631 %)
-> Saved file: /media/rafael/DATA/Dropbox/20220924_FIML_solver/data/output/field_inversion/Beta_e/u_imp_10/FI_run_Jimenez_Re4200_u_imp_10_k_imp_0_e_imp_1/FI_run_Jimenez_Re4200_u_imp_10_k_imp_0_e_imp_1_state_iter_3500.dat
iter:   3600 (Jcost: 7.529301e-03) (lr = 5.199e-02) (elapsed time: 7013.304) (secs/iter:  1.816) (n_accepted: 81%) (u_error:  0.811090 %) (beta_change: 10.982601 %) (delta_change:  0.259627 %) (delta_peak/R:  1.967981 %)
iter:   3700 (Jcost: 7.524055e-03) (lr = 2.571e-01) (elapsed time: 7195.448) (secs/iter:  1.821) (n_accepted: 81%) (u_error:  0.811149 %) (beta_change: 10.781449 %) (delta_change:  0.252656 %) (delta_peak/R:  1.966989 %)
iter:   3800 (Jcost: 7.518383e-03) (lr = 3.831e-02) (elapsed time: 7369.808) (secs/iter:  1.744) (n_accepted: 77%) (u_error:  0.811202 %) (beta_change: 10.555546 %) (delta_change:  0.244760 %) (delta_peak/R:  1.965848 %)
iter:   3900 (Jcost: 7.512299e-03) (lr = 1.370e-02) (elapsed time: 7552.895) (secs/iter:  1.831) (n_accepted: 78%) (u_error:  0.811146 %) (beta_change: 10.305794 %) (delta_change:  0.235966 %) (delta_peak/R:  1.964055 %)
iter:   4000 (Jcost: 7.506978e-03) (lr = 4.901e-03) (elapsed time: 7736.491) (secs/iter:  1.836) (n_accepted: 78%) (u_error:  0.811128 %) (beta_change: 10.080443 %) (delta_change:  0.227981 %) (delta_peak/R:  1.962639 %)
-> Saved file: /media/rafael/DATA/Dropbox/20220924_FIML_solver/data/output/field_inversion/Beta_e/u_imp_10/FI_run_Jimenez_Re4200_u_imp_10_k_imp_0_e_imp_1/FI_run_Jimenez_Re4200_u_imp_10_k_imp_0_e_imp_1_state_iter_4000.dat
iter:   4100 (Jcost: 7.503218e-03) (lr = 1.396e-01) (elapsed time: 7915.619) (secs/iter:  1.791) (n_accepted: 83%) (u_error:  0.811199 %) (beta_change:  9.916884 %) (delta_change:  0.222160 %) (delta_peak/R:  1.962055 %)
iter:   4200 (Jcost: 7.498316e-03) (lr = 4.992e-02) (elapsed time: 8091.714) (secs/iter:  1.761) (n_accepted: 78%) (u_error:  0.811128 %) (beta_change:  9.700002 %) (delta_change:  0.214436 %) (delta_peak/R:  1.960479 %)
iter:   4300 (Jcost: 7.493589e-03) (lr = 7.439e-03) (elapsed time: 8278.055) (secs/iter:  1.863) (n_accepted: 77%) (u_error:  0.811140 %) (beta_change:  9.484667 %) (delta_change:  0.206754 %) (delta_peak/R:  1.959354 %)
iter:   4400 (Jcost: 7.490320e-03) (lr = 2.119e-01) (elapsed time: 8453.457) (secs/iter:  1.754) (n_accepted: 83%) (u_error:  0.811094 %) (beta_change:  9.332074 %) (delta_change:  0.201316 %) (delta_peak/R:  1.958307 %)
iter:   4500 (Jcost: 7.486139e-03) (lr = 7.578e-02) (elapsed time: 8621.795) (secs/iter:  1.683) (n_accepted: 78%) (u_error:  0.811098 %) (beta_change:  9.133501 %) (delta_change:  0.194246 %) (delta_peak/R:  1.957283 %)
-> Saved file: /media/rafael/DATA/Dropbox/20220924_FIML_solver/data/output/field_inversion/Beta_e/u_imp_10/FI_run_Jimenez_Re4200_u_imp_10_k_imp_0_e_imp_1/FI_run_Jimenez_Re4200_u_imp_10_k_imp_0_e_imp_1_state_iter_4500.dat
iter:   4600 (Jcost: 7.482241e-03) (lr = 6.505e-02) (elapsed time: 8801.198) (secs/iter:  1.794) (n_accepted: 79%) (u_error:  0.811109 %) (beta_change:  8.944012 %) (delta_change:  0.187516 %) (delta_peak/R:  1.956369 %)
iter:   4700 (Jcost: 7.477551e-03) (lr = 2.327e-02) (elapsed time: 8978.636) (secs/iter:  1.774) (n_accepted: 78%) (u_error:  0.811072 %) (beta_change:  8.709902 %) (delta_change:  0.179240 %) (delta_peak/R:  1.955012 %)
iter:   4800 (Jcost: 7.474009e-03) (lr = 8.321e-03) (elapsed time: 9161.647) (secs/iter:  1.830) (n_accepted: 78%) (u_error:  0.811084 %) (beta_change:  8.529295 %) (delta_change:  0.172889 %) (delta_peak/R:  1.954189 %)
iter:   4900 (Jcost: 7.470631e-03) (lr = 5.688e-01) (elapsed time: 9330.339) (secs/iter:  1.687) (n_accepted: 84%) (u_error:  0.811086 %) (beta_change:  8.353334 %) (delta_change:  0.166737 %) (delta_peak/R:  1.953360 %)
iter:   5000 (Jcost: 7.467126e-03) (lr = 2.034e-01) (elapsed time: 9507.530) (secs/iter:  1.772) (n_accepted: 78%) (u_error:  0.811091 %) (beta_change:  8.166896 %) (delta_change:  0.160261 %) (delta_peak/R:  1.952510 %)
-> Saved file: /media/rafael/DATA/Dropbox/20220924_FIML_solver/data/output/field_inversion/Beta_e/u_imp_10/FI_run_Jimenez_Re4200_u_imp_10_k_imp_0_e_imp_1/FI_run_Jimenez_Re4200_u_imp_10_k_imp_0_e_imp_1_state_iter_5000.dat
iter:   5100 (Jcost: 7.464107e-03) (lr = 1.263e-02) (elapsed time: 9649.462) (secs/iter:  1.419) (n_accepted: 76%) (u_error:  0.811094 %) (beta_change:  8.003094 %) (delta_change:  0.154614 %) (delta_peak/R:  1.951771 %)
iter:   5200 (Jcost: 7.460925e-03) (lr = 1.084e-02) (elapsed time: 9761.292) (secs/iter:  1.118) (n_accepted: 79%) (u_error:  0.811059 %) (beta_change:  7.827334 %) (delta_change:  0.148607 %) (delta_peak/R:  1.950810 %)
iter:   5300 (Jcost: 7.458927e-03) (lr = 1.287e-01) (elapsed time: 9905.166) (secs/iter:  1.439) (n_accepted: 82%) (u_error:  0.811069 %) (beta_change:  7.715136 %) (delta_change:  0.144800 %) (delta_peak/R:  1.950363 %)
iter:   5400 (Jcost: 7.456262e-03) (lr = 7.990e-03) (elapsed time: 10054.781) (secs/iter:  1.496) (n_accepted: 76%) (u_error:  0.811017 %) (beta_change:  7.562620 %) (delta_change:  0.139666 %) (delta_peak/R:  1.949441 %)
iter:   5500 (Jcost: 7.454135e-03) (lr = 3.950e-02) (elapsed time: 10210.151) (secs/iter:  1.554) (n_accepted: 81%) (u_error:  0.811028 %) (beta_change:  7.439950 %) (delta_change:  0.135566 %) (delta_peak/R:  1.948966 %)
-> Saved file: /media/rafael/DATA/Dropbox/20220924_FIML_solver/data/output/field_inversion/Beta_e/u_imp_10/FI_run_Jimenez_Re4200_u_imp_10_k_imp_0_e_imp_1/FI_run_Jimenez_Re4200_u_imp_10_k_imp_0_e_imp_1_state_iter_5500.dat
iter:   5600 (Jcost: 7.451748e-03) (lr = 1.413e-02) (elapsed time: 10333.401) (secs/iter:  1.232) (n_accepted: 78%) (u_error:  0.811140 %) (beta_change:  7.297186 %) (delta_change:  0.130827 %) (delta_peak/R:  1.948924 %)
iter:   5700 (Jcost: 7.448876e-03) (lr = 6.986e-02) (elapsed time: 10465.048) (secs/iter:  1.316) (n_accepted: 81%) (u_error:  0.811035 %) (beta_change:  7.128813 %) (delta_change:  0.125882 %) (delta_peak/R:  1.947699 %)
iter:   5800 (Jcost: 7.446255e-03) (lr = 2.499e-02) (elapsed time: 10599.986) (secs/iter:  1.349) (n_accepted: 78%) (u_error:  0.811042 %) (beta_change:  6.969681 %) (delta_change:  0.122077 %) (delta_peak/R:  1.947087 %)
iter:   5900 (Jcost: 7.443852e-03) (lr = 3.724e-03) (elapsed time: 10709.623) (secs/iter:  1.096) (n_accepted: 77%) (u_error:  0.811042 %) (beta_change:  6.821290 %) (delta_change:  0.118500 %) (delta_peak/R:  1.946491 %)
iter:   6000 (Jcost: 7.441377e-03) (lr = 4.419e-02) (elapsed time: 10848.975) (secs/iter:  1.394) (n_accepted: 82%) (u_error:  0.811175 %) (beta_change:  6.657584 %) (delta_change:  0.114527 %) (delta_peak/R:  1.946506 %)
-> Saved file: /media/rafael/DATA/Dropbox/20220924_FIML_solver/data/output/field_inversion/Beta_e/u_imp_10/FI_run_Jimenez_Re4200_u_imp_10_k_imp_0_e_imp_1/FI_run_Jimenez_Re4200_u_imp_10_k_imp_0_e_imp_1_state_iter_6000.dat
iter:   6100 (Jcost: 7.439561e-03) (lr = 9.103e-02) (elapsed time: 10988.230) (secs/iter:  1.393) (n_accepted: 80%) (u_error:  0.811062 %) (beta_change:  6.550075 %) (delta_change:  0.111898 %) (delta_peak/R:  1.945523 %)
iter:   6200 (Jcost: 7.437378e-03) (lr = 3.256e-02) (elapsed time: 11138.476) (secs/iter:  1.502) (n_accepted: 78%) (u_error:  0.811038 %) (beta_change:  6.409632 %) (delta_change:  0.108450 %) (delta_peak/R:  1.944864 %)
iter:   6300 (Jcost: 7.434981e-03) (lr = 1.165e-02) (elapsed time: 11267.222) (secs/iter:  1.287) (n_accepted: 78%) (u_error:  0.811028 %) (beta_change:  6.252636 %) (delta_change:  0.104577 %) (delta_peak/R:  1.944224 %)
iter:   6400 (Jcost: 7.432494e-03) (lr = 9.996e-03) (elapsed time: 11403.020) (secs/iter:  1.358) (n_accepted: 79%) (u_error:  0.810877 %) (beta_change:  6.077922 %) (delta_change:  0.100521 %) (delta_peak/R:  1.942817 %)
iter:   6500 (Jcost: 7.430302e-03) (lr = 6.833e-01) (elapsed time: 11520.452) (secs/iter:  1.174) (n_accepted: 84%) (u_error:  0.811021 %) (beta_change:  5.938574 %) (delta_change:  0.098073 %) (delta_peak/R:  1.943029 %)
-> Saved file: /media/rafael/DATA/Dropbox/20220924_FIML_solver/data/output/field_inversion/Beta_e/u_imp_10/FI_run_Jimenez_Re4200_u_imp_10_k_imp_0_e_imp_1/FI_run_Jimenez_Re4200_u_imp_10_k_imp_0_e_imp_1_state_iter_6500.dat
iter:   6600 (Jcost: 7.428715e-03) (lr = 1.018e-01) (elapsed time: 11670.716) (secs/iter:  1.503) (n_accepted: 77%) (u_error:  0.811007 %) (beta_change:  5.829798 %) (delta_change:  0.097385 %) (delta_peak/R:  1.942567 %)
iter:   6700 (Jcost: 7.426775e-03) (lr = 6.323e-03) (elapsed time: 11796.930) (secs/iter:  1.262) (n_accepted: 76%) (u_error:  0.811011 %) (beta_change:  5.695080 %) (delta_change:  0.097198 %) (delta_peak/R:  1.942104 %)
iter:   6800 (Jcost: 7.424939e-03) (lr = 3.126e-02) (elapsed time: 11953.536) (secs/iter:  1.566) (n_accepted: 81%) (u_error:  0.810924 %) (beta_change:  5.562676 %) (delta_change:  0.096721 %) (delta_peak/R:  1.941203 %)
iter:   6900 (Jcost: 7.423287e-03) (lr = 3.710e-01) (elapsed time: 12069.759) (secs/iter:  1.162) (n_accepted: 82%) (u_error:  0.810971 %) (beta_change:  5.447757 %) (delta_change:  0.096707 %) (delta_peak/R:  1.941036 %)
iter:   7000 (Jcost: 7.421536e-03) (lr = 1.327e-01) (elapsed time: 12191.354) (secs/iter:  1.216) (n_accepted: 78%) (u_error:  0.810975 %) (beta_change:  5.321758 %) (delta_change:  0.096541 %) (delta_peak/R:  1.940623 %)
-> Saved file: /media/rafael/DATA/Dropbox/20220924_FIML_solver/data/output/field_inversion/Beta_e/u_imp_10/FI_run_Jimenez_Re4200_u_imp_10_k_imp_0_e_imp_1/FI_run_Jimenez_Re4200_u_imp_10_k_imp_0_e_imp_1_state_iter_7000.dat
iter:   7100 (Jcost: 7.419826e-03) (lr = 4.746e-02) (elapsed time: 12346.535) (secs/iter:  1.552) (n_accepted: 78%) (u_error:  0.810978 %) (beta_change:  5.197129 %) (delta_change:  0.096372 %) (delta_peak/R:  1.940212 %)
iter:   7200 (Jcost: 7.418263e-03) (lr = 1.697e-02) (elapsed time: 12461.356) (secs/iter:  1.148) (n_accepted: 78%) (u_error:  0.811004 %) (beta_change:  5.081988 %) (delta_change:  0.096297 %) (delta_peak/R:  1.939955 %)
iter:   7300 (Jcost: 7.416454e-03) (lr = 2.014e-01) (elapsed time: 12616.444) (secs/iter:  1.551) (n_accepted: 82%) (u_error:  0.811139 %) (beta_change:  4.936768 %) (delta_change:  0.096534 %) (delta_peak/R:  1.940145 %)
iter:   7400 (Jcost: 7.415036e-03) (lr = 1.729e-01) (elapsed time: 12781.766) (secs/iter:  1.653) (n_accepted: 79%) (u_error:  0.810992 %) (beta_change:  4.839694 %) (delta_change:  0.095922 %) (delta_peak/R:  1.939092 %)
iter:   7500 (Jcost: 7.413600e-03) (lr = 4.473e-03) (elapsed time: 12953.201) (secs/iter:  1.714) (n_accepted: 75%) (u_error:  0.810985 %) (beta_change:  4.730016 %) (delta_change:  0.095751 %) (delta_peak/R:  1.938701 %)
-> Saved file: /media/rafael/DATA/Dropbox/20220924_FIML_solver/data/output/field_inversion/Beta_e/u_imp_10/FI_run_Jimenez_Re4200_u_imp_10_k_imp_0_e_imp_1/FI_run_Jimenez_Re4200_u_imp_10_k_imp_0_e_imp_1_state_iter_7500.dat
iter:   7600 (Jcost: 7.412559e-03) (lr = 1.274e-01) (elapsed time: 13120.944) (secs/iter:  1.677) (n_accepted: 83%) (u_error:  0.810996 %) (beta_change:  4.649899 %) (delta_change:  0.095677 %) (delta_peak/R:  1.938494 %)
iter:   7700 (Jcost: 7.411146e-03) (lr = 1.899e-02) (elapsed time: 13289.626) (secs/iter:  1.687) (n_accepted: 77%) (u_error:  0.811094 %) (beta_change:  4.534638 %) (delta_change:  0.095841 %) (delta_peak/R:  1.938613 %)
iter:   7800 (Jcost: 7.410088e-03) (lr = 9.387e-02) (elapsed time: 13451.722) (secs/iter:  1.621) (n_accepted: 81%) (u_error:  0.810990 %) (beta_change:  4.457133 %) (delta_change:  0.095399 %) (delta_peak/R:  1.937847 %)
iter:   7900 (Jcost: 7.408422e-03) (lr = 4.641e-01) (elapsed time: 13594.487) (secs/iter:  1.428) (n_accepted: 81%) (u_error:  0.810991 %) (beta_change:  4.325187 %) (delta_change:  0.095228 %) (delta_peak/R:  1.937438 %)
iter:   8000 (Jcost: 7.407049e-03) (lr = 3.984e-01) (elapsed time: 13750.900) (secs/iter:  1.564) (n_accepted: 79%) (u_error:  0.810986 %) (beta_change:  4.215218 %) (delta_change:  0.095069 %) (delta_peak/R:  1.937071 %)
-> Saved file: /media/rafael/DATA/Dropbox/20220924_FIML_solver/data/output/field_inversion/Beta_e/u_imp_10/FI_run_Jimenez_Re4200_u_imp_10_k_imp_0_e_imp_1/FI_run_Jimenez_Re4200_u_imp_10_k_imp_0_e_imp_1_state_iter_8000.dat
iter:   8100 (Jcost: 7.405591e-03) (lr = 2.474e-02) (elapsed time: 13928.087) (secs/iter:  1.772) (n_accepted: 76%) (u_error:  0.810984 %) (beta_change:  4.097290 %) (delta_change:  0.094907 %) (delta_peak/R:  1.936694 %)
iter:   8200 (Jcost: 7.404446e-03) (lr = 2.936e-01) (elapsed time: 14096.761) (secs/iter:  1.687) (n_accepted: 82%) (u_error:  0.810993 %) (beta_change:  4.003827 %) (delta_change:  0.094817 %) (delta_peak/R:  1.936454 %)
iter:   8300 (Jcost: 7.403611e-03) (lr = 2.520e-01) (elapsed time: 14267.504) (secs/iter:  1.707) (n_accepted: 79%) (u_error:  0.810959 %) (beta_change:  3.934778 %) (delta_change:  0.094619 %) (delta_peak/R:  1.936076 %)
iter:   8400 (Jcost: 7.402342e-03) (lr = 1.565e-02) (elapsed time: 14430.022) (secs/iter:  1.625) (n_accepted: 76%) (u_error:  0.810992 %) (beta_change:  3.830003 %) (delta_change:  0.094591 %) (delta_peak/R:  1.935920 %)
iter:   8500 (Jcost: 7.401109e-03) (lr = 5.597e-03) (elapsed time: 14598.810) (secs/iter:  1.688) (n_accepted: 78%) (u_error:  0.810977 %) (beta_change:  3.726942 %) (delta_change:  0.094413 %) (delta_peak/R:  1.935538 %)
-> Saved file: /media/rafael/DATA/Dropbox/20220924_FIML_solver/data/output/field_inversion/Beta_e/u_imp_10/FI_run_Jimenez_Re4200_u_imp_10_k_imp_0_e_imp_1/FI_run_Jimenez_Re4200_u_imp_10_k_imp_0_e_imp_1_state_iter_8500.dat
iter:   8600 (Jcost: 7.399963e-03) (lr = 2.767e-02) (elapsed time: 14750.842) (secs/iter:  1.520) (n_accepted: 81%) (u_error:  0.811033 %) (beta_change:  3.628960 %) (delta_change:  0.094470 %) (delta_peak/R:  1.935524 %)
iter:   8700 (Jcost: 7.398647e-03) (lr = 3.284e-01) (elapsed time: 14844.747) (secs/iter:  0.939) (n_accepted: 82%) (u_error:  0.810995 %) (beta_change:  3.518321 %) (delta_change:  0.094211 %) (delta_peak/R:  1.935012 %)
iter:   8800 (Jcost: 7.397559e-03) (lr = 1.174e-01) (elapsed time: 14949.681) (secs/iter:  1.049) (n_accepted: 78%) (u_error:  0.810968 %) (beta_change:  3.424934 %) (delta_change:  0.094007 %) (delta_peak/R:  1.934603 %)
iter:   8900 (Jcost: 7.396497e-03) (lr = 2.420e-01) (elapsed time: 15059.532) (secs/iter:  1.099) (n_accepted: 80%) (u_error:  0.810922 %) (beta_change:  3.331144 %) (delta_change:  0.093743 %) (delta_peak/R:  1.934102 %)
iter:   9000 (Jcost: 7.395330e-03) (lr = 4.985e-01) (elapsed time: 15229.866) (secs/iter:  1.703) (n_accepted: 80%) (u_error:  0.810954 %) (beta_change:  3.231055 %) (delta_change:  0.093722 %) (delta_peak/R:  1.933970 %)
-> Saved file: /media/rafael/DATA/Dropbox/20220924_FIML_solver/data/output/field_inversion/Beta_e/u_imp_10/FI_run_Jimenez_Re4200_u_imp_10_k_imp_0_e_imp_1/FI_run_Jimenez_Re4200_u_imp_10_k_imp_0_e_imp_1_state_iter_9000.dat
iter:   9100 (Jcost: 7.394217e-03) (lr = 1.783e-01) (elapsed time: 15398.987) (secs/iter:  1.691) (n_accepted: 78%) (u_error:  0.810985 %) (beta_change:  3.133643 %) (delta_change:  0.093707 %) (delta_peak/R:  1.933849 %)
iter:   9200 (Jcost: 7.393199e-03) (lr = 2.657e-02) (elapsed time: 15569.401) (secs/iter:  1.704) (n_accepted: 77%) (u_error:  0.810980 %) (beta_change:  3.043498 %) (delta_change:  0.093581 %) (delta_peak/R:  1.933566 %)
iter:   9300 (Jcost: 7.392132e-03) (lr = 9.503e-03) (elapsed time: 15738.245) (secs/iter:  1.688) (n_accepted: 78%) (u_error:  0.810977 %) (beta_change:  2.948301 %) (delta_change:  0.093458 %) (delta_peak/R:  1.933284 %)
iter:   9400 (Jcost: 7.391045e-03) (lr = 2.706e-01) (elapsed time: 15842.527) (secs/iter:  1.043) (n_accepted: 83%) (u_error:  0.810951 %) (beta_change:  2.850162 %) (delta_change:  0.093256 %) (delta_peak/R:  1.932878 %)
iter:   9500 (Jcost: 7.389992e-03) (lr = 5.576e-01) (elapsed time: 15944.598) (secs/iter:  1.021) (n_accepted: 80%) (u_error:  0.811067 %) (beta_change:  2.750715 %) (delta_change:  0.093515 %) (delta_peak/R:  1.933179 %)
-> Saved file: /media/rafael/DATA/Dropbox/20220924_FIML_solver/data/output/field_inversion/Beta_e/u_imp_10/FI_run_Jimenez_Re4200_u_imp_10_k_imp_0_e_imp_1/FI_run_Jimenez_Re4200_u_imp_10_k_imp_0_e_imp_1_state_iter_9500.dat
iter:   9600 (Jcost: 7.389181e-03) (lr = 8.309e-02) (elapsed time: 16082.538) (secs/iter:  1.379) (n_accepted: 77%) (u_error:  0.810984 %) (beta_change:  2.681313 %) (delta_change:  0.093164 %) (delta_peak/R:  1.932575 %)
iter:   9700 (Jcost: 7.388251e-03) (lr = 2.972e-02) (elapsed time: 16189.916) (secs/iter:  1.074) (n_accepted: 78%) (u_error:  0.810978 %) (beta_change:  2.596077 %) (delta_change:  0.093043 %) (delta_peak/R:  1.932308 %)
iter:   9800 (Jcost: 7.387205e-03) (lr = 1.469e-01) (elapsed time: 16291.723) (secs/iter:  1.018) (n_accepted: 81%) (u_error:  0.811066 %) (beta_change:  2.494801 %) (delta_change:  0.093213 %) (delta_peak/R:  1.932472 %)
iter:   9900 (Jcost: 7.386192e-03) (lr = 3.027e-01) (elapsed time: 16418.545) (secs/iter:  1.268) (n_accepted: 80%) (u_error:  0.810969 %) (beta_change:  2.405194 %) (delta_change:  0.092793 %) (delta_peak/R:  1.931745 %)
iter:  10000 (Jcost: 7.385235e-03) (lr = 1.083e-01) (elapsed time: 16552.013) (secs/iter:  1.335) (n_accepted: 78%) (u_error:  0.810984 %) (beta_change:  2.315580 %) (delta_change:  0.092739 %) (delta_peak/R:  1.931579 %)
-> Saved file: /media/rafael/DATA/Dropbox/20220924_FIML_solver/data/output/field_inversion/Beta_e/u_imp_10/FI_run_Jimenez_Re4200_u_imp_10_k_imp_0_e_imp_1/FI_run_Jimenez_Re4200_u_imp_10_k_imp_0_e_imp_1_state_iter_10000.dat
iter:  10100 (Jcost: 7.384332e-03) (lr = 1.614e-02) (elapsed time: 16669.711) (secs/iter:  1.177) (n_accepted: 77%) (u_error:  0.810987 %) (beta_change:  2.230443 %) (delta_change:  0.092650 %) (delta_peak/R:  1.931363 %)
iter:  10200 (Jcost: 7.383359e-03) (lr = 1.385e-02) (elapsed time: 16770.192) (secs/iter:  1.005) (n_accepted: 79%) (u_error:  0.810993 %) (beta_change:  2.138087 %) (delta_change:  0.092565 %) (delta_peak/R:  1.931148 %)
iter:  10300 (Jcost: 7.382327e-03) (lr = 1.189e-02) (elapsed time: 16862.951) (secs/iter:  0.928) (n_accepted: 79%) (u_error:  0.810985 %) (beta_change:  2.039629 %) (delta_change:  0.092427 %) (delta_peak/R:  1.930846 %)
iter:  10400 (Jcost: 7.381435e-03) (lr = 1.021e-02) (elapsed time: 17002.387) (secs/iter:  1.394) (n_accepted: 79%) (u_error:  0.811054 %) (beta_change:  1.950412 %) (delta_change:  0.092552 %) (delta_peak/R:  1.930958 %)
iter:  10500 (Jcost: 7.380639e-03) (lr = 2.907e-01) (elapsed time: 17099.685) (secs/iter:  0.973) (n_accepted: 83%) (u_error:  0.810965 %) (beta_change:  1.876746 %) (delta_change:  0.092178 %) (delta_peak/R:  1.930318 %)
-> Saved file: /media/rafael/DATA/Dropbox/20220924_FIML_solver/data/output/field_inversion/Beta_e/u_imp_10/FI_run_Jimenez_Re4200_u_imp_10_k_imp_0_e_imp_1/FI_run_Jimenez_Re4200_u_imp_10_k_imp_0_e_imp_1_state_iter_10500.dat
iter:  10600 (Jcost: 7.379893e-03) (lr = 1.040e-01) (elapsed time: 17200.572) (secs/iter:  1.009) (n_accepted: 78%) (u_error:  0.810977 %) (beta_change:  1.804370 %) (delta_change:  0.092136 %) (delta_peak/R:  1.930189 %)
iter:  10700 (Jcost: 7.379125e-03) (lr = 3.718e-02) (elapsed time: 17304.474) (secs/iter:  1.039) (n_accepted: 78%) (u_error:  0.810981 %) (beta_change:  1.729364 %) (delta_change:  0.092067 %) (delta_peak/R:  1.930017 %)
iter:  10800 (Jcost: 7.378188e-03) (lr = 4.412e-01) (elapsed time: 17421.157) (secs/iter:  1.167) (n_accepted: 82%) (u_error:  0.810943 %) (beta_change:  1.636287 %) (delta_change:  0.091839 %) (delta_peak/R:  1.929586 %)
iter:  10900 (Jcost: 7.377382e-03) (lr = 6.576e-02) (elapsed time: 17513.732) (secs/iter:  0.926) (n_accepted: 77%) (u_error:  0.810988 %) (beta_change:  1.557661 %) (delta_change:  0.091900 %) (delta_peak/R:  1.929610 %)
iter:  11000 (Jcost: 7.376627e-03) (lr = 2.352e-02) (elapsed time: 17615.809) (secs/iter:  1.021) (n_accepted: 78%) (u_error:  0.810984 %) (beta_change:  1.482680 %) (delta_change:  0.091806 %) (delta_peak/R:  1.929401 %)
-> Saved file: /media/rafael/DATA/Dropbox/20220924_FIML_solver/data/output/field_inversion/Beta_e/u_imp_10/FI_run_Jimenez_Re4200_u_imp_10_k_imp_0_e_imp_1/FI_run_Jimenez_Re4200_u_imp_10_k_imp_0_e_imp_1_state_iter_11000.dat
iter:  11100 (Jcost: 7.375778e-03) (lr = 2.019e-02) (elapsed time: 17717.512) (secs/iter:  1.017) (n_accepted: 79%) (u_error:  0.810999 %) (beta_change:  1.415201 %) (delta_change:  0.091762 %) (delta_peak/R:  1.929260 %)
iter:  11200 (Jcost: 7.374875e-03) (lr = 7.221e-03) (elapsed time: 17810.418) (secs/iter:  0.929) (n_accepted: 78%) (u_error:  0.810984 %) (beta_change:  1.347259 %) (delta_change:  0.091615 %) (delta_peak/R:  1.928956 %)
iter:  11300 (Jcost: 7.373938e-03) (lr = 2.056e-01) (elapsed time: 17904.026) (secs/iter:  0.936) (n_accepted: 83%) (u_error:  0.811038 %) (beta_change:  1.275049 %) (delta_change:  0.091686 %) (delta_peak/R:  1.928982 %)
iter:  11400 (Jcost: 7.373193e-03) (lr = 4.237e-01) (elapsed time: 18002.555) (secs/iter:  0.985) (n_accepted: 80%) (u_error:  0.810945 %) (beta_change:  1.219448 %) (delta_change:  0.091302 %) (delta_peak/R:  1.928331 %)
iter:  11500 (Jcost: 7.372623e-03) (lr = 6.314e-02) (elapsed time: 18099.764) (secs/iter:  0.972) (n_accepted: 77%) (u_error:  0.810983 %) (beta_change:  1.177134 %) (delta_change:  0.091367 %) (delta_peak/R:  1.928382 %)
-> Saved file: /media/rafael/DATA/Dropbox/20220924_FIML_solver/data/output/field_inversion/Beta_e/u_imp_10/FI_run_Jimenez_Re4200_u_imp_10_k_imp_0_e_imp_1/FI_run_Jimenez_Re4200_u_imp_10_k_imp_0_e_imp_1_state_iter_11500.dat
iter:  11600 (Jcost: 7.371739e-03) (lr = 9.409e-03) (elapsed time: 18228.008) (secs/iter:  1.282) (n_accepted: 77%) (u_error:  0.810979 %) (beta_change:  1.110310 %) (delta_change:  0.091255 %) (delta_peak/R:  1.928134 %)
iter:  11700 (Jcost: 7.371042e-03) (lr = 1.938e-02) (elapsed time: 18333.992) (secs/iter:  1.060) (n_accepted: 80%) (u_error:  0.810960 %) (beta_change:  1.070432 %) (delta_change:  0.091118 %) (delta_peak/R:  1.927864 %)
iter:  11800 (Jcost: 7.370339e-03) (lr = 5.521e-01) (elapsed time: 18425.524) (secs/iter:  0.915) (n_accepted: 83%) (u_error:  0.810994 %) (beta_change:  1.049657 %) (delta_change:  0.091152 %) (delta_peak/R:  1.927856 %)
iter:  11900 (Jcost: 7.369840e-03) (lr = 5.951e-03) (elapsed time: 18547.917) (secs/iter:  1.224) (n_accepted: 74%) (u_error:  0.810985 %) (beta_change:  1.035029 %) (delta_change:  0.091070 %) (delta_peak/R:  1.927687 %)
iter:  12000 (Jcost: 7.369023e-03) (lr = 4.068e-01) (elapsed time: 18663.980) (secs/iter:  1.161) (n_accepted: 84%) (u_error:  0.811014 %) (beta_change:  1.011293 %) (delta_change:  0.091073 %) (delta_peak/R:  1.927622 %)
-> Saved file: /media/rafael/DATA/Dropbox/20220924_FIML_solver/data/output/field_inversion/Beta_e/u_imp_10/FI_run_Jimenez_Re4200_u_imp_10_k_imp_0_e_imp_1/FI_run_Jimenez_Re4200_u_imp_10_k_imp_0_e_imp_1_state_iter_12000.dat
iter:  12100 (Jcost: 7.368475e-03) (lr = 1.455e-01) (elapsed time: 18762.767) (secs/iter:  0.988) (n_accepted: 78%) (u_error:  0.810991 %) (beta_change:  1.008395 %) (delta_change:  0.090940 %) (delta_peak/R:  1.927372 %)
iter:  12200 (Jcost: 7.367761e-03) (lr = 1.249e-01) (elapsed time: 18860.327) (secs/iter:  0.976) (n_accepted: 79%) (u_error:  0.811000 %) (beta_change:  1.024847 %) (delta_change:  0.090889 %) (delta_peak/R:  1.927233 %)
iter:  12300 (Jcost: 7.367024e-03) (lr = 4.467e-02) (elapsed time: 18949.103) (secs/iter:  0.888) (n_accepted: 78%) (u_error:  0.810973 %) (beta_change:  1.042276 %) (delta_change:  0.090722 %) (delta_peak/R:  1.926914 %)
iter:  12400 (Jcost: 7.366220e-03) (lr = 6.657e-03) (elapsed time: 19042.009) (secs/iter:  0.929) (n_accepted: 77%) (u_error:  0.810988 %) (beta_change:  1.061945 %) (delta_change:  0.090683 %) (delta_peak/R:  1.926786 %)
iter:  12500 (Jcost: 7.365532e-03) (lr = 3.291e-02) (elapsed time: 19137.638) (secs/iter:  0.956) (n_accepted: 81%) (u_error:  0.810928 %) (beta_change:  1.079865 %) (delta_change:  0.090410 %) (delta_peak/R:  1.926305 %)
-> Saved file: /media/rafael/DATA/Dropbox/20220924_FIML_solver/data/output/field_inversion/Beta_e/u_imp_10/FI_run_Jimenez_Re4200_u_imp_10_k_imp_0_e_imp_1/FI_run_Jimenez_Re4200_u_imp_10_k_imp_0_e_imp_1_state_iter_12500.dat
iter:  12600 (Jcost: 7.364935e-03) (lr = 3.906e-01) (elapsed time: 19236.812) (secs/iter:  0.992) (n_accepted: 82%) (u_error:  0.810989 %) (beta_change:  1.094783 %) (delta_change:  0.090546 %) (delta_peak/R:  1.926466 %)
iter:  12700 (Jcost: 7.364391e-03) (lr = 1.397e-01) (elapsed time: 19330.852) (secs/iter:  0.940) (n_accepted: 78%) (u_error:  0.810980 %) (beta_change:  1.110221 %) (delta_change:  0.090455 %) (delta_peak/R:  1.926281 %)
iter:  12800 (Jcost: 7.363721e-03) (lr = 4.996e-02) (elapsed time: 19419.060) (secs/iter:  0.882) (n_accepted: 78%) (u_error:  0.810994 %) (beta_change:  1.146841 %) (delta_change:  0.090428 %) (delta_peak/R:  1.926182 %)
iter:  12900 (Jcost: 7.363082e-03) (lr = 1.787e-02) (elapsed time: 19511.227) (secs/iter:  0.922) (n_accepted: 78%) (u_error:  0.810993 %) (beta_change:  1.181965 %) (delta_change:  0.090353 %) (delta_peak/R:  1.926013 %)
iter:  13000 (Jcost: 7.362306e-03) (lr = 6.392e-03) (elapsed time: 19601.725) (secs/iter:  0.905) (n_accepted: 78%) (u_error:  0.811010 %) (beta_change:  1.224960 %) (delta_change:  0.090324 %) (delta_peak/R:  1.925902 %)
-> Saved file: /media/rafael/DATA/Dropbox/20220924_FIML_solver/data/output/field_inversion/Beta_e/u_imp_10/FI_run_Jimenez_Re4200_u_imp_10_k_imp_0_e_imp_1/FI_run_Jimenez_Re4200_u_imp_10_k_imp_0_e_imp_1_state_iter_13000.dat
iter:  13100 (Jcost: 7.361902e-03) (lr = 3.160e-02) (elapsed time: 19698.003) (secs/iter:  0.963) (n_accepted: 81%) (u_error:  0.810987 %) (beta_change:  1.247290 %) (delta_change:  0.090206 %) (delta_peak/R:  1.925687 %)
iter:  13200 (Jcost: 7.361315e-03) (lr = 2.713e-02) (elapsed time: 19794.198) (secs/iter:  0.962) (n_accepted: 79%) (u_error:  0.810995 %) (beta_change:  1.280061 %) (delta_change:  0.090166 %) (delta_peak/R:  1.925576 %)
iter:  13300 (Jcost: 7.360749e-03) (lr = 9.703e-03) (elapsed time: 19887.654) (secs/iter:  0.935) (n_accepted: 78%) (u_error:  0.811000 %) (beta_change:  1.311787 %) (delta_change:  0.090122 %) (delta_peak/R:  1.925460 %)
iter:  13400 (Jcost: 7.360093e-03) (lr = 1.999e-02) (elapsed time: 19970.179) (secs/iter:  0.825) (n_accepted: 80%) (u_error:  0.810972 %) (beta_change:  1.348867 %) (delta_change:  0.089958 %) (delta_peak/R:  1.925153 %)
iter:  13500 (Jcost: 7.359398e-03) (lr = 5.693e-01) (elapsed time: 20058.978) (secs/iter:  0.888) (n_accepted: 83%) (u_error:  0.810988 %) (beta_change:  1.388078 %) (delta_change:  0.089933 %) (delta_peak/R:  1.925057 %)
-> Saved file: /media/rafael/DATA/Dropbox/20220924_FIML_solver/data/output/field_inversion/Beta_e/u_imp_10/FI_run_Jimenez_Re4200_u_imp_10_k_imp_0_e_imp_1/FI_run_Jimenez_Re4200_u_imp_10_k_imp_0_e_imp_1_state_iter_13500.dat
iter:  13600 (Jcost: 7.358880e-03) (lr = 8.484e-02) (elapsed time: 20145.998) (secs/iter:  0.870) (n_accepted: 77%) (u_error:  0.810995 %) (beta_change:  1.417510 %) (delta_change:  0.089898 %) (delta_peak/R:  1.924960 %)
iter:  13700 (Jcost: 7.358328e-03) (lr = 5.268e-03) (elapsed time: 20238.827) (secs/iter:  0.928) (n_accepted: 76%) (u_error:  0.811002 %) (beta_change:  1.449010 %) (delta_change:  0.089862 %) (delta_peak/R:  1.924858 %)
iter:  13800 (Jcost: 7.357774e-03) (lr = 3.601e-01) (elapsed time: 20323.515) (secs/iter:  0.847) (n_accepted: 84%) (u_error:  0.810989 %) (beta_change:  1.480753 %) (delta_change:  0.089759 %) (delta_peak/R:  1.924654 %)
iter:  13900 (Jcost: 7.357253e-03) (lr = 3.091e-01) (elapsed time: 20414.048) (secs/iter:  0.905) (n_accepted: 79%) (u_error:  0.811000 %) (beta_change:  1.510681 %) (delta_change:  0.089737 %) (delta_peak/R:  1.924576 %)
iter:  14000 (Jcost: 7.356799e-03) (lr = 4.606e-02) (elapsed time: 20502.592) (secs/iter:  0.885) (n_accepted: 77%) (u_error:  0.811003 %) (beta_change:  1.536894 %) (delta_change:  0.089697 %) (delta_peak/R:  1.924477 %)
-> Saved file: /media/rafael/DATA/Dropbox/20220924_FIML_solver/data/output/field_inversion/Beta_e/u_imp_10/FI_run_Jimenez_Re4200_u_imp_10_k_imp_0_e_imp_1/FI_run_Jimenez_Re4200_u_imp_10_k_imp_0_e_imp_1_state_iter_14000.dat
iter:  14100 (Jcost: 7.356269e-03) (lr = 1.647e-02) (elapsed time: 20596.361) (secs/iter:  0.938) (n_accepted: 78%) (u_error:  0.810993 %) (beta_change:  1.567534 %) (delta_change:  0.089605 %) (delta_peak/R:  1.924292 %)
iter:  14200 (Jcost: 7.355763e-03) (lr = 5.892e-03) (elapsed time: 20687.759) (secs/iter:  0.914) (n_accepted: 78%) (u_error:  0.811008 %) (beta_change:  1.596979 %) (delta_change:  0.089600 %) (delta_peak/R:  1.924241 %)
iter:  14300 (Jcost: 7.355331e-03) (lr = 6.992e-02) (elapsed time: 20769.835) (secs/iter:  0.821) (n_accepted: 82%) (u_error:  0.810999 %) (beta_change:  1.622107 %) (delta_change:  0.089523 %) (delta_peak/R:  1.924087 %)
iter:  14400 (Jcost: 7.354794e-03) (lr = 6.002e-02) (elapsed time: 20859.389) (secs/iter:  0.896) (n_accepted: 79%) (u_error:  0.811007 %) (beta_change:  1.653470 %) (delta_change:  0.089490 %) (delta_peak/R:  1.923991 %)
iter:  14500 (Jcost: 7.354231e-03) (lr = 2.147e-02) (elapsed time: 20942.704) (secs/iter:  0.833) (n_accepted: 78%) (u_error:  0.811016 %) (beta_change:  1.686546 %) (delta_change:  0.089457 %) (delta_peak/R:  1.923894 %)
-> Saved file: /media/rafael/DATA/Dropbox/20220924_FIML_solver/data/output/field_inversion/Beta_e/u_imp_10/FI_run_Jimenez_Re4200_u_imp_10_k_imp_0_e_imp_1/FI_run_Jimenez_Re4200_u_imp_10_k_imp_0_e_imp_1_state_iter_14500.dat
iter:  14600 (Jcost: 7.353738e-03) (lr = 2.547e-01) (elapsed time: 21034.180) (secs/iter:  0.915) (n_accepted: 82%) (u_error:  0.810997 %) (beta_change:  1.715458 %) (delta_change:  0.089339 %) (delta_peak/R:  1.923672 %)
iter:  14700 (Jcost: 7.353322e-03) (lr = 3.796e-02) (elapsed time: 21127.169) (secs/iter:  0.930) (n_accepted: 77%) (u_error:  0.811015 %) (beta_change:  1.740013 %) (delta_change:  0.089353 %) (delta_peak/R:  1.923659 %)
iter:  14800 (Jcost: 7.352889e-03) (lr = 1.358e-02) (elapsed time: 21217.399) (secs/iter:  0.902) (n_accepted: 78%) (u_error:  0.810975 %) (beta_change:  1.765822 %) (delta_change:  0.089175 %) (delta_peak/R:  1.923349 %)
iter:  14900 (Jcost: 7.352361e-03) (lr = 3.867e-01) (elapsed time: 21299.864) (secs/iter:  0.825) (n_accepted: 83%) (u_error:  0.811011 %) (beta_change:  1.796791 %) (delta_change:  0.089233 %) (delta_peak/R:  1.923394 %)
iter:  15000 (Jcost: 7.351994e-03) (lr = 1.001e-02) (elapsed time: 21388.582) (secs/iter:  0.887) (n_accepted: 75%) (u_error:  0.811009 %) (beta_change:  1.818578 %) (delta_change:  0.089187 %) (delta_peak/R:  1.923293 %)
-> Saved file: /media/rafael/DATA/Dropbox/20220924_FIML_solver/data/output/field_inversion/Beta_e/u_imp_10/FI_run_Jimenez_Re4200_u_imp_10_k_imp_0_e_imp_1/FI_run_Jimenez_Re4200_u_imp_10_k_imp_0_e_imp_1_state_iter_15000.dat
iter:  15000 (Jcost: 7.351993e-03) (lr = 1.201e-02) (elapsed time: 21391.272) (secs/iter:   None) (n_accepted: 0%) (u_error:  0.811009 %) (beta_change:  1.818614 %) (delta_change:  0.089188 %) (delta_peak/R:  1.923296 %)
