# ------------------------------------------------------------------------
#                  Input Arguments
# ------------------------------------------------------------------------
# Begin_Input_Arguments
{ 'all_b_mode': ['Beta_k'],
  'args_mk_solver': { 'torch': "<module 'torch' from "
                               "'/home/rafael/anaconda3/lib/python3.9/site-packages/torch/__init__.py'>",
                      'y_grid': [0.0, 0.000309700312, 0.000638645973, 0.00098802599, 0.00135910194, 0.00175321227, 0.00217177688, 0.00261630193, 0.00308838486, 0.00358971984, 0.00412210331, 0.00468744001, 0.00528774917, 0.00592517114, 0.00660197432, 0.0073205624, 0.00808348206, 0.00889343092, 0.00975326602, 0.0106660126, 0.0116348733, 0.0126632377, 0.0137546927, 0.0149130326, 0.0161422702, 0.0174466482, 0.0188306506, 0.0202990157, 0.0218567475, 0.02350913, 0.0252617393, 0.0271204584, 0.0290914903, 0.0311813732, 0.033396994, 0.0357456039, 0.0382348325, 0.0408727029, 0.0436676462, 0.0466285159, 0.0497646022, 0.0530856456, 0.0566018496, 0.0603238931, 0.0642629411, 0.068430655, 0.0728392004, 0.0775012535, 0.0824300053, 0.0876391634, 0.0931429507, 0.0989561006, 0.105093849, 0.111571922, 0.118406518, 0.125614286, 0.133212296, 0.141218006, 0.14964922, 0.158524039, 0.167860801, 0.177678022, 0.187994313, 0.1988283, 0.21019853, 0.222123362, 0.234620856, 0.247708641, 0.261403784, 0.275722637, 0.290680679, 0.306292354, 0.322570888, 0.339528108, 0.357174255, 0.375517785, 0.394565175, 0.414320726, 0.43478637, 0.45596148, 0.47784269, 0.500423731, 0.523695275, 0.547644806, 0.572256506, 0.597511177, 0.623386184, 0.649855436, 0.676889401, 0.704455158, 0.73251649, 0.761034018, 0.789965372, 0.819265404, 0.848886442, 0.878778572, 0.908889961, 0.939167201, 0.969555687, 1.0],
                      'Ret': 550,
                      'cp': 1.0,
                      'A_sca_rho': 1.0,
                      'A_sca_mu': 0.0018181818181818182,
                      'A_sca_k': 0.0018181818181818182,
                      'b_exp_rho': 0,
                      'b_exp_mu': 0,
                      'b_exp_k': 0,
                      'tensor_device': 'cpu',
                      'as_tensor': '<function '
                                   'Build_arguments_fi_run._mk_args_MK_solver.<locals>.<lambda> '
                                   'at 0x7f18068e0940>',
                      'ref_dns': { 'u_dns': [8.593757917394234e-19, 0.07471691589104469, 0.1881727004132301, 0.34024053525192943, 0.5290903786622478, 0.7505971107711776, 0.9975947127112981, 1.2589850205711581, 1.5252396136228326, 1.7982462119349392, 2.0829357735131206, 2.3857302353738414, 2.7089432065394194, 3.050945039711519, 3.4091223548178564, 3.782127367535942, 4.1700006341792175, 4.572559206734663, 4.988429662523664, 5.415318077396213, 5.850814714968657, 6.292561592248587, 6.7381366477600935, 7.185585773925325, 7.632137069228108, 8.073177901040397, 8.505475210894412, 8.92904806893342, 9.341538918661833, 9.738847344999998, 10.120700612218469, 10.487173554902961, 10.837083210467702, 11.16985113012744, 11.48531319, 11.783968277974044, 12.067051956270259, 12.334613590427661, 12.587013037035526, 12.824949612414834, 13.049715393551512, 13.262527625765975, 13.46409622827462, 13.656043944901143, 13.839568234426396, 14.014739770000004, 14.18209793444786, 14.34265636355098, 14.498146189098755, 14.650338691255413, 14.799437042171483, 14.945660750293424, 15.089457459999997, 15.231254089999998, 15.371804680000002, 15.5117742, 15.651273270000003, 15.79054652, 15.929914200000002, 16.069433120000003, 16.20923658, 16.349488710000003, 16.49016887, 16.63132991, 16.77310268, 16.915478070000006, 17.05847983, 17.20219303, 17.346598240000002, 17.491719599999996, 17.637647859999998, 17.784289440000002, 17.93149044, 18.07914898, 18.227217710000005, 18.375725669999998, 18.52475044, 18.67400239, 18.822941950000008, 18.97098914, 19.11750379, 19.26179744, 19.403179750000003, 19.54136704, 19.676447680000003, 19.808628650000003, 19.93792105, 20.063891320000003, 20.186075310000007, 20.303947310000005, 20.41647498, 20.522382620000002, 20.62035349, 20.709052699999997, 20.78717375, 20.85343608, 20.906593319999995, 20.945452869999997, 20.96899738000001, 20.97686483],
                                   'T_dns': [1.0000000000000004, 1.0000000000000002, 1.0, 1.0000000000000002, 1.0, 1.0000000000000004, 1.0, 1.0000000000000002, 1.0, 0.9999999999999998, 1.0, 1.0000000000000002, 0.9999999999999998, 1.0000000000000004, 1.0, 1.0000000000000002, 1.0000000000000002, 1.0, 1.0, 1.0000000000000002, 1.0, 1.0, 0.9999999999999998, 1.0, 0.9999999999999999, 1.0000000000000004, 0.9999999999999998, 0.9999999999999998, 0.9999999999999999, 1.0, 1.0, 1.0000000000000004, 0.9999999999999998, 1.0000000000000002, 1.0, 1.0, 1.0, 1.0, 1.0, 1.0, 0.9999999999999996, 0.9999999999999999, 1.0, 1.0, 1.0, 1.0, 0.9999999999999998, 1.0000000000000004, 1.0000000000000002, 0.9999999999999999, 1.0, 0.9999999999999999, 0.9999999999999998, 0.9999999999999999, 1.0, 1.0, 1.0000000000000002, 0.9999999999999998, 1.0000000000000002, 1.0000000000000002, 1.0000000000000002, 1.0, 1.0, 1.0, 1.0, 1.0000000000000002, 0.9999999999999999, 1.0, 1.0, 0.9999999999999998, 0.9999999999999998, 0.9999999999999998, 1.0, 1.0, 1.0, 1.0, 1.0, 1.0, 1.0, 0.9999999999999999, 0.9999999999999999, 0.9999999999999999, 1.0, 1.0, 1.0000000000000002, 1.0000000000000002, 1.0, 1.0, 1.0000000000000004, 1.0000000000000002, 1.0, 1.0000000000000002, 0.9999999999999998, 1.0000000000000002, 0.9999999999999998, 1.0, 1.0, 1.0, 1.0, 1.0],
                                   'mu_dns': [0.0018181818181818182, 0.0018181818181818182, 0.0018181818181818182, 0.0018181818181818182, 0.0018181818181818182, 0.0018181818181818182, 0.0018181818181818182, 0.0018181818181818182, 0.0018181818181818182, 0.0018181818181818182, 0.0018181818181818182, 0.0018181818181818182, 0.0018181818181818182, 0.0018181818181818182, 0.0018181818181818182, 0.0018181818181818182, 0.0018181818181818182, 0.0018181818181818182, 0.0018181818181818182, 0.0018181818181818182, 0.0018181818181818182, 0.0018181818181818182, 0.0018181818181818182, 0.0018181818181818182, 0.0018181818181818182, 0.0018181818181818182, 0.0018181818181818182, 0.0018181818181818182, 0.0018181818181818182, 0.0018181818181818182, 0.0018181818181818182, 0.0018181818181818182, 0.0018181818181818182, 0.0018181818181818182, 0.0018181818181818182, 0.0018181818181818182, 0.0018181818181818182, 0.0018181818181818182, 0.0018181818181818182, 0.0018181818181818182, 0.0018181818181818182, 0.0018181818181818182, 0.0018181818181818182, 0.0018181818181818182, 0.0018181818181818182, 0.0018181818181818182, 0.0018181818181818182, 0.0018181818181818182, 0.0018181818181818182, 0.0018181818181818182, 0.0018181818181818182, 0.0018181818181818182, 0.0018181818181818182, 0.0018181818181818182, 0.0018181818181818182, 0.0018181818181818182, 0.0018181818181818182, 0.0018181818181818182, 0.0018181818181818182, 0.0018181818181818182, 0.0018181818181818182, 0.0018181818181818182, 0.0018181818181818182, 0.0018181818181818182, 0.0018181818181818182, 0.0018181818181818182, 0.0018181818181818182, 0.0018181818181818182, 0.0018181818181818182, 0.0018181818181818182, 0.0018181818181818182, 0.0018181818181818182, 0.0018181818181818182, 0.0018181818181818182, 0.0018181818181818182, 0.0018181818181818182, 0.0018181818181818182, 0.0018181818181818182, 0.0018181818181818182, 0.0018181818181818182, 0.0018181818181818182, 0.0018181818181818182, 0.0018181818181818182, 0.0018181818181818182, 0.0018181818181818182, 0.0018181818181818182, 0.0018181818181818182, 0.0018181818181818182, 0.0018181818181818182, 0.0018181818181818182, 0.0018181818181818182, 0.0018181818181818182, 0.0018181818181818182, 0.0018181818181818182, 0.0018181818181818182, 0.0018181818181818182, 0.0018181818181818182, 0.0018181818181818182, 0.0018181818181818182, 0.0018181818181818182],
                                   'rho_dns': [1.0, 1.0, 1.0, 1.0, 1.0, 1.0, 1.0, 1.0, 1.0, 1.0, 1.0, 1.0, 1.0, 1.0, 1.0, 1.0, 1.0, 1.0, 1.0, 1.0, 1.0, 1.0, 1.0, 1.0, 1.0, 1.0, 1.0, 1.0, 1.0, 1.0, 1.0, 1.0, 1.0, 1.0, 1.0, 1.0, 1.0, 1.0, 1.0, 1.0, 1.0, 1.0, 1.0, 1.0, 1.0, 1.0, 1.0, 1.0, 1.0, 1.0, 1.0, 1.0, 1.0, 1.0, 1.0, 1.0, 1.0, 1.0, 1.0, 1.0, 1.0, 1.0, 1.0, 1.0, 1.0, 1.0, 1.0, 1.0, 1.0, 1.0, 1.0, 1.0, 1.0, 1.0, 1.0, 1.0, 1.0, 1.0, 1.0, 1.0, 1.0, 1.0, 1.0, 1.0, 1.0, 1.0, 1.0, 1.0, 1.0, 1.0, 1.0, 1.0, 1.0, 1.0, 1.0, 1.0, 1.0, 1.0, 1.0, 1.0]},
                      'case': 'T31_CP550',
                      'constant_Sq_heat': 0.0,
                      'use_visc_heating': False,
                      'Pr_turb': 1.0,
                      'fprint': '<function '
                                'Build_arguments_fi_run._mk_args_MK_solver.<locals>.<lambda> '
                                'at 0x7f18068e0ee0>',
                      'compressible_correction': False,
                      'bool_solve_energy': False,
                      'output_last': False},
  'u_imp': 10,
  'k_imp': 1,
  'e_imp': 0,
  'solve_sparse_adj': True,
  'all_ref_beta_distrib': {'K': [1.0, 0.99986791, 0.9996921, 0.99946972, 0.99920129, 0.9988894, 0.99853898, 0.99815762, 0.99775614, 0.99734881, 0.99695351, 0.9965917, 0.99628824, 0.99607132, 0.99597241, 0.99602622, 0.99627031, 0.99674363, 0.99748293, 0.99851712, 0.99986273, 1.00152278, 1.00348693, 1.00573195, 1.00822313, 1.01091654, 1.01376138, 1.0167014, 1.01967591, 1.0226206, 1.02546763, 1.02814526, 1.03057788, 1.03268642, 1.0343888, 1.03560064, 1.03623613, 1.03620945, 1.03543667, 1.03383764, 1.03133781, 1.02787048, 1.02337932, 1.01782039, 1.01116434, 1.00339943, 0.99453161, 0.98457782, 0.97355893, 0.96150586, 0.94848766, 0.93465458, 0.92027694, 0.9057617, 0.89163792, 0.87851448, 0.86702224, 0.85775348, 0.85120977, 0.84776485, 0.8476449, 0.85092379, 0.85753143, 0.86726968, 0.87983313, 0.89483177, 0.91181322, 0.93028367, 0.94972641, 0.96961862, 0.98944584, 1.00871498, 1.0269668, 1.04378616, 1.05881107, 1.07174118, 1.0823464, 1.09047708, 1.09607417, 1.09917537, 1.09991495, 1.09851543, 1.09527053, 1.09051907, 1.0846145, 1.07789737, 1.07067756, 1.06322692, 1.05577897, 1.0485322, 1.04165641, 1.0352979, 1.02957947, 1.02459623, 1.02041049, 1.01704911, 1.01450515, 1.0127446, 1.01171949, 1.00569376], 'E': [1.0, 1.0, 1.0, 1.0, 1.0, 1.0, 1.0, 1.0, 1.0, 1.0, 1.0, 1.0, 1.0, 1.0, 1.0, 1.0, 1.0, 1.0, 1.0, 1.0, 1.0, 1.0, 1.0, 1.0, 1.0, 1.0, 1.0, 1.0, 1.0, 1.0, 1.0, 1.0, 1.0, 1.0, 1.0, 1.0, 1.0, 1.0, 1.0, 1.0, 1.0, 1.0, 1.0, 1.0, 1.0, 1.0, 1.0, 1.0, 1.0, 1.0, 1.0, 1.0, 1.0, 1.0, 1.0, 1.0, 1.0, 1.0, 1.0, 1.0, 1.0, 1.0, 1.0, 1.0, 1.0, 1.0, 1.0, 1.0, 1.0, 1.0, 1.0, 1.0, 1.0, 1.0, 1.0, 1.0, 1.0, 1.0, 1.0, 1.0, 1.0, 1.0, 1.0, 1.0, 1.0, 1.0, 1.0, 1.0, 1.0, 1.0, 1.0, 1.0, 1.0, 1.0, 1.0, 1.0, 1.0, 1.0, 1.0, 1.0]},
  'all_ref_delta_distrib': {'K': [-0.0, 0.005654008792373747, 0.013420747302958202, 0.023608701055734937, 0.036448613996771004, 0.052149244907482205, 0.0708796694781137, 0.09273759885373903, 0.1176875544324577, 0.1454913391592162, 0.17561212403331045, 0.20709536805487086, 0.23842608616673297, 0.2673549568360452, 0.29071645535395674, 0.3042734349396849, 0.30265626786332195, 0.2794845167378596, 0.22778930633125802, 0.1408772749621854, 0.013606889297704042, -0.15627490530800545, -0.3671180059756577, -0.6129871466841076, -0.8841170999956656, -1.1681202710716398, -1.4515672765121628, -1.7214543243210532, -1.966328550720907, -2.176970458261643, -2.3466001739847933, -2.4707462210269178, -2.5469808308828012, -2.574607692106747, -2.554333338035816, -2.4879760647995113, -2.378217382186636, -2.228421451859916, -2.042502886900183, -1.8248021721837528, -1.5799653018273485, -1.312852423792775, -1.028458893594184, -0.7318137324469448, -0.4278946635441629, -0.12158087947947661, 0.18249367471591557, 0.48025592910046866, 0.7683991158561698, 1.0441321008748392, 1.304440134678781, 1.5452643594429394, 1.7611206018792736, 1.9453995856576318, 2.091246684889906, 2.1926848431259724, 2.2456069037815767, 2.248411838917822, 2.2022016952766053, 2.1105863156134723, 1.9792090705952987, 1.8151424561853309, 1.6262494449848082, 1.4206128804206395, 1.2060646492450153, 0.9898323370441675, 0.7783025639603612, 0.5768821216000405, 0.38994191159504005, 0.22081670929002029, 0.07184939988584786, -0.055539411149303344, -0.1607701618034964, -0.2440058841749937, -0.30604920139707675, -0.3482410248345773, -0.37236482947944016, -0.3805614059589132, -0.3752437867766314, -0.35899767710222147, -0.3344670925949507, -0.30423019167293075, -0.2706757017630586, -0.2358902053351937, -0.2015770776581701, -0.16902357828903797, -0.13911911735787486, -0.11240754345625192, -0.08915200521898317, -0.06939824083883987, -0.053032205711311314, -0.039825517863604, -0.029467863110153654, -0.021593528882582095, -0.01580829066919056, -0.01171858760816776, -0.00896077210408048, -0.007226798921231997, -0.0062839536216064695, -0.0029940286793759957], 'E': [-0.0, -0.0, -0.0, -0.0, -0.0, -0.0, -0.0, -0.0, -0.0, -0.0, -0.0, -0.0, -0.0, -0.0, -0.0, -0.0, -0.0, -0.0, -0.0, -0.0, -0.0, -0.0, -0.0, -0.0, -0.0, -0.0, -0.0, -0.0, -0.0, -0.0, -0.0, -0.0, -0.0, -0.0, -0.0, -0.0, -0.0, -0.0, -0.0, -0.0, -0.0, -0.0, -0.0, -0.0, -0.0, -0.0, -0.0, -0.0, -0.0, -0.0, -0.0, -0.0, -0.0, -0.0, -0.0, -0.0, -0.0, -0.0, -0.0, -0.0, -0.0, -0.0, -0.0, -0.0, -0.0, -0.0, -0.0, -0.0, -0.0, -0.0, -0.0, -0.0, -0.0, -0.0, -0.0, -0.0, -0.0, -0.0, -0.0, -0.0, -0.0, -0.0, -0.0, -0.0, -0.0, -0.0, -0.0, -0.0, -0.0, -0.0, -0.0, -0.0, -0.0, -0.0, -0.0, -0.0, -0.0, -0.0, -0.0, -0.0]},
  'fname_print': '/media/rafael/DATA/Dropbox/20220924_FIML_solver/data/output/field_inversion/Beta_k/u_imp_10/FI_run_T31_CP550_u_imp_10_k_imp_1_e_imp_0/FI_run_T31_CP550_u_imp_10_k_imp_1_e_imp_0.log',
  'folder': '/media/rafael/DATA/Dropbox/20220924_FIML_solver/data/output/field_inversion/Beta_k/u_imp_10/FI_run_T31_CP550_u_imp_10_k_imp_1_e_imp_0',
  'iters_limit': 15000}
# End_Input_Arguments

# ------------------------------------------------------------------------
#                  Iterations
# ------------------------------------------------------------------------

iter:      0 (Jcost: 8.259834e-02) (lr = 1.000e-03) (elapsed time:  0.001) (secs/iter:   None) (n_accepted: 0%) (u_error:  1.808878 %) (beta_change: 15.235510 %) (delta_change:  1.915117 %) (delta_peak/R:  0.000000 %)
-> Saved file: /media/rafael/DATA/Dropbox/20220924_FIML_solver/data/output/field_inversion/Beta_k/u_imp_10/FI_run_T31_CP550_u_imp_10_k_imp_1_e_imp_0/FI_run_T31_CP550_u_imp_10_k_imp_1_e_imp_0_state_iter_0.dat
iter:    100 (Jcost: 4.385202e-02) (lr = 3.281e-01) (elapsed time: 95.591) (secs/iter:  0.956) (n_accepted: 86%) (u_error:  1.141288 %) (beta_change:  4.737976 %) (delta_change:  0.467681 %) (delta_peak/R:  1.933493 %)
iter:    200 (Jcost: 4.313460e-02) (lr = 6.759e-01) (elapsed time: 182.017) (secs/iter:  0.864) (n_accepted: 80%) (u_error:  1.143569 %) (beta_change:  1.740873 %) (delta_change:  0.163345 %) (delta_peak/R:  1.889732 %)
iter:    300 (Jcost: 4.299384e-02) (lr = 5.802e-01) (elapsed time: 267.705) (secs/iter:  0.857) (n_accepted: 79%) (u_error:  1.143500 %) (beta_change:  0.452186 %) (delta_change:  0.161998 %) (delta_peak/R:  1.848900 %)
iter:    400 (Jcost: 4.292691e-02) (lr = 8.646e-02) (elapsed time: 352.989) (secs/iter:  0.853) (n_accepted: 77%) (u_error:  1.143416 %) (beta_change:  0.745844 %) (delta_change:  0.160808 %) (delta_peak/R:  1.852401 %)
iter:    500 (Jcost: 4.288896e-02) (lr = 3.093e-02) (elapsed time: 437.008) (secs/iter:  0.840) (n_accepted: 78%) (u_error:  1.143257 %) (beta_change:  1.345323 %) (delta_change:  0.159298 %) (delta_peak/R:  1.845967 %)
-> Saved file: /media/rafael/DATA/Dropbox/20220924_FIML_solver/data/output/field_inversion/Beta_k/u_imp_10/FI_run_T31_CP550_u_imp_10_k_imp_1_e_imp_0/FI_run_T31_CP550_u_imp_10_k_imp_1_e_imp_0_state_iter_500.dat
iter:    600 (Jcost: 4.285785e-02) (lr = 3.670e-01) (elapsed time: 518.430) (secs/iter:  0.814) (n_accepted: 82%) (u_error:  1.142910 %) (beta_change:  1.984515 %) (delta_change:  0.158744 %) (delta_peak/R:  1.847501 %)
iter:    700 (Jcost: 4.284392e-02) (lr = 7.560e-01) (elapsed time: 595.856) (secs/iter:  0.774) (n_accepted: 80%) (u_error:  1.143102 %) (beta_change:  2.396729 %) (delta_change:  0.159326 %) (delta_peak/R:  1.847095 %)
iter:    800 (Jcost: 4.283281e-02) (lr = 4.695e-02) (elapsed time: 674.242) (secs/iter:  0.784) (n_accepted: 76%) (u_error:  1.143063 %) (beta_change:  2.807334 %) (delta_change:  0.177574 %) (delta_peak/R:  1.847039 %)
iter:    900 (Jcost: 4.282346e-02) (lr = 1.679e-02) (elapsed time: 750.284) (secs/iter:  0.760) (n_accepted: 78%) (u_error:  1.142960 %) (beta_change:  3.229233 %) (delta_change:  0.196334 %) (delta_peak/R:  1.847290 %)
iter:   1000 (Jcost: 4.281817e-02) (lr = 1.148e+00) (elapsed time: 823.345) (secs/iter:  0.731) (n_accepted: 84%) (u_error:  1.142884 %) (beta_change:  3.519189 %) (delta_change:  0.207920 %) (delta_peak/R:  1.846413 %)
-> Saved file: /media/rafael/DATA/Dropbox/20220924_FIML_solver/data/output/field_inversion/Beta_k/u_imp_10/FI_run_T31_CP550_u_imp_10_k_imp_1_e_imp_0/FI_run_T31_CP550_u_imp_10_k_imp_1_e_imp_0_state_iter_1000.dat
iter:   1100 (Jcost: 4.281434e-02) (lr = 4.105e-01) (elapsed time: 896.978) (secs/iter:  0.736) (n_accepted: 78%) (u_error:  1.142866 %) (beta_change:  3.764014 %) (delta_change:  0.216748 %) (delta_peak/R:  1.846566 %)
iter:   1200 (Jcost: 4.281056e-02) (lr = 1.468e-01) (elapsed time: 967.680) (secs/iter:  0.707) (n_accepted: 78%) (u_error:  1.142825 %) (beta_change:  4.049878 %) (delta_change:  0.225819 %) (delta_peak/R:  1.846413 %)
iter:   1300 (Jcost: 4.280837e-02) (lr = 5.251e-02) (elapsed time: 1039.183) (secs/iter:  0.715) (n_accepted: 78%) (u_error:  1.142784 %) (beta_change:  4.245213 %) (delta_change:  0.231096 %) (delta_peak/R:  1.846160 %)
iter:   1400 (Jcost: 4.280650e-02) (lr = 1.878e-02) (elapsed time: 1110.541) (secs/iter:  0.714) (n_accepted: 78%) (u_error:  1.142754 %) (beta_change:  4.439092 %) (delta_change:  0.235552 %) (delta_peak/R:  1.846047 %)
iter:   1500 (Jcost: 4.280510e-02) (lr = 3.869e-02) (elapsed time: 1180.555) (secs/iter:  0.700) (n_accepted: 80%) (u_error:  1.142801 %) (beta_change:  4.613579 %) (delta_change:  0.238827 %) (delta_peak/R:  1.846585 %)
-> Saved file: /media/rafael/DATA/Dropbox/20220924_FIML_solver/data/output/field_inversion/Beta_k/u_imp_10/FI_run_T31_CP550_u_imp_10_k_imp_1_e_imp_0/FI_run_T31_CP550_u_imp_10_k_imp_1_e_imp_0_state_iter_1500.dat
iter:   1600 (Jcost: 4.280428e-02) (lr = 4.591e-01) (elapsed time: 1253.617) (secs/iter:  0.731) (n_accepted: 82%) (u_error:  1.142698 %) (beta_change:  4.718369 %) (delta_change:  0.241255 %) (delta_peak/R:  1.845747 %)
iter:   1700 (Jcost: 4.280347e-02) (lr = 3.941e-01) (elapsed time: 1321.026) (secs/iter:  0.674) (n_accepted: 79%) (u_error:  1.142689 %) (beta_change:  4.839799 %) (delta_change:  0.244088 %) (delta_peak/R:  1.845767 %)
iter:   1800 (Jcost: 4.280274e-02) (lr = 5.874e-02) (elapsed time: 1388.014) (secs/iter:  0.670) (n_accepted: 77%) (u_error:  1.142670 %) (beta_change:  4.965096 %) (delta_change:  0.246618 %) (delta_peak/R:  1.845692 %)
iter:   1900 (Jcost: 4.280221e-02) (lr = 2.101e-02) (elapsed time: 1457.000) (secs/iter:  0.690) (n_accepted: 78%) (u_error:  1.142647 %) (beta_change:  5.065421 %) (delta_change:  0.248313 %) (delta_peak/R:  1.845574 %)
iter:   2000 (Jcost: 4.280191e-02) (lr = 2.493e-01) (elapsed time: 1521.172) (secs/iter:  0.642) (n_accepted: 82%) (u_error:  1.142631 %) (beta_change:  5.129562 %) (delta_change:  0.249237 %) (delta_peak/R:  1.845480 %)
-> Saved file: /media/rafael/DATA/Dropbox/20220924_FIML_solver/data/output/field_inversion/Beta_k/u_imp_10/FI_run_T31_CP550_u_imp_10_k_imp_1_e_imp_0/FI_run_T31_CP550_u_imp_10_k_imp_1_e_imp_0_state_iter_2000.dat
iter:   2100 (Jcost: 4.280159e-02) (lr = 3.715e-02) (elapsed time: 1593.141) (secs/iter:  0.720) (n_accepted: 77%) (u_error:  1.142633 %) (beta_change:  5.209248 %) (delta_change:  0.250122 %) (delta_peak/R:  1.845568 %)
iter:   2200 (Jcost: 4.280129e-02) (lr = 1.329e-02) (elapsed time: 1660.459) (secs/iter:  0.673) (n_accepted: 78%) (u_error:  1.142608 %) (beta_change:  5.294950 %) (delta_change:  0.250837 %) (delta_peak/R:  1.845410 %)
iter:   2300 (Jcost: 4.280109e-02) (lr = 9.082e-01) (elapsed time: 1724.564) (secs/iter:  0.641) (n_accepted: 84%) (u_error:  1.142604 %) (beta_change:  5.360579 %) (delta_change:  0.251255 %) (delta_peak/R:  1.845418 %)
iter:   2400 (Jcost: 4.280089e-02) (lr = 3.248e-01) (elapsed time: 1788.343) (secs/iter:  0.638) (n_accepted: 78%) (u_error:  1.142596 %) (beta_change:  5.429351 %) (delta_change:  0.251584 %) (delta_peak/R:  1.845401 %)
iter:   2500 (Jcost: 4.280072e-02) (lr = 4.841e-02) (elapsed time: 1850.946) (secs/iter:  0.626) (n_accepted: 77%) (u_error:  1.142580 %) (beta_change:  5.490848 %) (delta_change:  0.251779 %) (delta_peak/R:  1.845309 %)
-> Saved file: /media/rafael/DATA/Dropbox/20220924_FIML_solver/data/output/field_inversion/Beta_k/u_imp_10/FI_run_T31_CP550_u_imp_10_k_imp_1_e_imp_0/FI_run_T31_CP550_u_imp_10_k_imp_1_e_imp_0_state_iter_2500.dat
iter:   2600 (Jcost: 4.280058e-02) (lr = 1.731e-02) (elapsed time: 1921.611) (secs/iter:  0.707) (n_accepted: 78%) (u_error:  1.142579 %) (beta_change:  5.549208 %) (delta_change:  0.251881 %) (delta_peak/R:  1.845348 %)
iter:   2700 (Jcost: 4.280045e-02) (lr = 2.055e-01) (elapsed time: 1982.328) (secs/iter:  0.607) (n_accepted: 82%) (u_error:  1.142599 %) (beta_change:  5.606615 %) (delta_change:  0.251904 %) (delta_peak/R:  1.845573 %)
iter:   2800 (Jcost: 4.280035e-02) (lr = 4.233e-01) (elapsed time: 2044.191) (secs/iter:  0.619) (n_accepted: 80%) (u_error:  1.142559 %) (beta_change:  5.649521 %) (delta_change:  0.251884 %) (delta_peak/R:  1.845252 %)
iter:   2900 (Jcost: 4.280023e-02) (lr = 1.095e-02) (elapsed time: 2103.750) (secs/iter:  0.596) (n_accepted: 75%) (u_error:  1.142558 %) (beta_change:  5.701851 %) (delta_change:  0.251804 %) (delta_peak/R:  1.845286 %)
iter:   3000 (Jcost: 4.280014e-02) (lr = 3.119e-01) (elapsed time: 2162.977) (secs/iter:  0.592) (n_accepted: 83%) (u_error:  1.142567 %) (beta_change:  5.747888 %) (delta_change:  0.251690 %) (delta_peak/R:  1.845400 %)
-> Saved file: /media/rafael/DATA/Dropbox/20220924_FIML_solver/data/output/field_inversion/Beta_k/u_imp_10/FI_run_T31_CP550_u_imp_10_k_imp_1_e_imp_0/FI_run_T31_CP550_u_imp_10_k_imp_1_e_imp_0_state_iter_3000.dat
iter:   3100 (Jcost: 4.280006e-02) (lr = 6.426e-01) (elapsed time: 2230.426) (secs/iter:  0.674) (n_accepted: 80%) (u_error:  1.142560 %) (beta_change:  5.787019 %) (delta_change:  0.251567 %) (delta_peak/R:  1.845372 %)
iter:   3200 (Jcost: 4.280001e-02) (lr = 5.516e-01) (elapsed time: 2290.353) (secs/iter:  0.599) (n_accepted: 79%) (u_error:  1.142541 %) (beta_change:  5.815073 %) (delta_change:  0.251467 %) (delta_peak/R:  1.845225 %)
iter:   3300 (Jcost: 4.279995e-02) (lr = 8.220e-02) (elapsed time: 2351.694) (secs/iter:  0.613) (n_accepted: 77%) (u_error:  1.142536 %) (beta_change:  5.847774 %) (delta_change:  0.251335 %) (delta_peak/R:  1.845218 %)
iter:   3400 (Jcost: 4.279989e-02) (lr = 2.940e-02) (elapsed time: 2413.541) (secs/iter:  0.618) (n_accepted: 78%) (u_error:  1.142534 %) (beta_change:  5.876117 %) (delta_change:  0.251209 %) (delta_peak/R:  1.845221 %)
iter:   3500 (Jcost: 4.279984e-02) (lr = 2.524e-02) (elapsed time: 2473.559) (secs/iter:  0.600) (n_accepted: 79%) (u_error:  1.142529 %) (beta_change:  5.905327 %) (delta_change:  0.251072 %) (delta_peak/R:  1.845202 %)
-> Saved file: /media/rafael/DATA/Dropbox/20220924_FIML_solver/data/output/field_inversion/Beta_k/u_imp_10/FI_run_T31_CP550_u_imp_10_k_imp_1_e_imp_0/FI_run_T31_CP550_u_imp_10_k_imp_1_e_imp_0_state_iter_3500.dat
iter:   3600 (Jcost: 4.279979e-02) (lr = 2.166e-02) (elapsed time: 2539.337) (secs/iter:  0.658) (n_accepted: 79%) (u_error:  1.142526 %) (beta_change:  5.931769 %) (delta_change:  0.250942 %) (delta_peak/R:  1.845202 %)
iter:   3700 (Jcost: 4.279973e-02) (lr = 2.571e-01) (elapsed time: 2597.654) (secs/iter:  0.583) (n_accepted: 82%) (u_error:  1.142538 %) (beta_change:  5.963061 %) (delta_change:  0.250780 %) (delta_peak/R:  1.845343 %)
iter:   3800 (Jcost: 4.279969e-02) (lr = 5.296e-01) (elapsed time: 2657.160) (secs/iter:  0.595) (n_accepted: 80%) (u_error:  1.142519 %) (beta_change:  5.980131 %) (delta_change:  0.250693 %) (delta_peak/R:  1.845189 %)
iter:   3900 (Jcost: 4.279965e-02) (lr = 4.546e-01) (elapsed time: 2717.920) (secs/iter:  0.608) (n_accepted: 79%) (u_error:  1.142518 %) (beta_change:  6.001229 %) (delta_change:  0.250582 %) (delta_peak/R:  1.845203 %)
iter:   4000 (Jcost: 4.279962e-02) (lr = 1.626e-01) (elapsed time: 2776.895) (secs/iter:  0.590) (n_accepted: 78%) (u_error:  1.142514 %) (beta_change:  6.018921 %) (delta_change:  0.250489 %) (delta_peak/R:  1.845188 %)
-> Saved file: /media/rafael/DATA/Dropbox/20220924_FIML_solver/data/output/field_inversion/Beta_k/u_imp_10/FI_run_T31_CP550_u_imp_10_k_imp_1_e_imp_0/FI_run_T31_CP550_u_imp_10_k_imp_1_e_imp_0_state_iter_4000.dat
iter:   4100 (Jcost: 4.279957e-02) (lr = 2.423e-02) (elapsed time: 2838.991) (secs/iter:  0.621) (n_accepted: 77%) (u_error:  1.142511 %) (beta_change:  6.041726 %) (delta_change:  0.250369 %) (delta_peak/R:  1.845181 %)
iter:   4200 (Jcost: 4.279953e-02) (lr = 4.992e-02) (elapsed time: 2894.043) (secs/iter:  0.551) (n_accepted: 80%) (u_error:  1.142501 %) (beta_change:  6.061341 %) (delta_change:  0.250267 %) (delta_peak/R:  1.845118 %)
iter:   4300 (Jcost: 4.279950e-02) (lr = 2.468e-01) (elapsed time: 2955.003) (secs/iter:  0.610) (n_accepted: 81%) (u_error:  1.142504 %) (beta_change:  6.074933 %) (delta_change:  0.250196 %) (delta_peak/R:  1.845162 %)
iter:   4400 (Jcost: 4.279946e-02) (lr = 2.119e-01) (elapsed time: 3013.162) (secs/iter:  0.582) (n_accepted: 79%) (u_error:  1.142505 %) (beta_change:  6.090904 %) (delta_change:  0.250115 %) (delta_peak/R:  1.845191 %)
iter:   4500 (Jcost: 4.279943e-02) (lr = 7.578e-02) (elapsed time: 3072.258) (secs/iter:  0.591) (n_accepted: 78%) (u_error:  1.142503 %) (beta_change:  6.106512 %) (delta_change:  0.250038 %) (delta_peak/R:  1.845194 %)
-> Saved file: /media/rafael/DATA/Dropbox/20220924_FIML_solver/data/output/field_inversion/Beta_k/u_imp_10/FI_run_T31_CP550_u_imp_10_k_imp_1_e_imp_0/FI_run_T31_CP550_u_imp_10_k_imp_1_e_imp_0_state_iter_4500.dat
iter:   4600 (Jcost: 4.279939e-02) (lr = 3.747e-01) (elapsed time: 3137.428) (secs/iter:  0.652) (n_accepted: 81%) (u_error:  1.142513 %) (beta_change:  6.120455 %) (delta_change:  0.249969 %) (delta_peak/R:  1.845299 %)
iter:   4700 (Jcost: 4.279936e-02) (lr = 7.719e-01) (elapsed time: 3193.326) (secs/iter:  0.559) (n_accepted: 80%) (u_error:  1.142499 %) (beta_change:  6.132667 %) (delta_change:  0.249913 %) (delta_peak/R:  1.845192 %)
iter:   4800 (Jcost: 4.279933e-02) (lr = 1.150e-01) (elapsed time: 3254.332) (secs/iter:  0.610) (n_accepted: 77%) (u_error:  1.142494 %) (beta_change:  6.144402 %) (delta_change:  0.249860 %) (delta_peak/R:  1.845165 %)
iter:   4900 (Jcost: 4.279930e-02) (lr = 9.874e-02) (elapsed time: 3314.253) (secs/iter:  0.599) (n_accepted: 79%) (u_error:  1.142494 %) (beta_change:  6.155626 %) (delta_change:  0.249811 %) (delta_peak/R:  1.845179 %)
iter:   5000 (Jcost: 4.279927e-02) (lr = 2.034e-01) (elapsed time: 3375.200) (secs/iter:  0.609) (n_accepted: 80%) (u_error:  1.142505 %) (beta_change:  6.167705 %) (delta_change:  0.249758 %) (delta_peak/R:  1.845292 %)
-> Saved file: /media/rafael/DATA/Dropbox/20220924_FIML_solver/data/output/field_inversion/Beta_k/u_imp_10/FI_run_T31_CP550_u_imp_10_k_imp_1_e_imp_0/FI_run_T31_CP550_u_imp_10_k_imp_1_e_imp_0_state_iter_5000.dat
iter:   5100 (Jcost: 4.279925e-02) (lr = 3.032e-02) (elapsed time: 3440.977) (secs/iter:  0.658) (n_accepted: 77%) (u_error:  1.142492 %) (beta_change:  6.173830 %) (delta_change:  0.249734 %) (delta_peak/R:  1.845187 %)
iter:   5200 (Jcost: 4.279922e-02) (lr = 2.602e-02) (elapsed time: 3499.171) (secs/iter:  0.582) (n_accepted: 79%) (u_error:  1.142490 %) (beta_change:  6.183615 %) (delta_change:  0.249696 %) (delta_peak/R:  1.845185 %)
iter:   5300 (Jcost: 4.279919e-02) (lr = 1.287e-01) (elapsed time: 3554.331) (secs/iter:  0.552) (n_accepted: 81%) (u_error:  1.142494 %) (beta_change:  6.195280 %) (delta_change:  0.249651 %) (delta_peak/R:  1.845247 %)
iter:   5400 (Jcost: 4.279916e-02) (lr = 6.362e-01) (elapsed time: 3607.792) (secs/iter:  0.535) (n_accepted: 81%) (u_error:  1.142486 %) (beta_change:  6.203188 %) (delta_change:  0.249623 %) (delta_peak/R:  1.845185 %)
iter:   5500 (Jcost: 4.279914e-02) (lr = 1.646e-02) (elapsed time: 3668.675) (secs/iter:  0.609) (n_accepted: 75%) (u_error:  1.142485 %) (beta_change:  6.210626 %) (delta_change:  0.249598 %) (delta_peak/R:  1.845190 %)
-> Saved file: /media/rafael/DATA/Dropbox/20220924_FIML_solver/data/output/field_inversion/Beta_k/u_imp_10/FI_run_T31_CP550_u_imp_10_k_imp_1_e_imp_0/FI_run_T31_CP550_u_imp_10_k_imp_1_e_imp_0_state_iter_5500.dat
iter:   5600 (Jcost: 4.279911e-02) (lr = 1.953e-01) (elapsed time: 3729.391) (secs/iter:  0.607) (n_accepted: 82%) (u_error:  1.142475 %) (beta_change:  6.219145 %) (delta_change:  0.249571 %) (delta_peak/R:  1.845117 %)
iter:   5700 (Jcost: 4.279909e-02) (lr = 1.677e-01) (elapsed time: 3788.939) (secs/iter:  0.595) (n_accepted: 79%) (u_error:  1.142482 %) (beta_change:  6.224785 %) (delta_change:  0.249552 %) (delta_peak/R:  1.845190 %)
iter:   5800 (Jcost: 4.279906e-02) (lr = 5.997e-02) (elapsed time: 3845.800) (secs/iter:  0.569) (n_accepted: 78%) (u_error:  1.142480 %) (beta_change:  6.232408 %) (delta_change:  0.249530 %) (delta_peak/R:  1.845189 %)
iter:   5900 (Jcost: 4.279903e-02) (lr = 5.148e-02) (elapsed time: 3906.738) (secs/iter:  0.609) (n_accepted: 79%) (u_error:  1.142471 %) (beta_change:  6.239669 %) (delta_change:  0.249511 %) (delta_peak/R:  1.845123 %)
iter:   6000 (Jcost: 4.279901e-02) (lr = 1.841e-02) (elapsed time: 3943.876) (secs/iter:  0.371) (n_accepted: 78%) (u_error:  1.142478 %) (beta_change:  6.243842 %) (delta_change:  0.249498 %) (delta_peak/R:  1.845200 %)
-> Saved file: /media/rafael/DATA/Dropbox/20220924_FIML_solver/data/output/field_inversion/Beta_k/u_imp_10/FI_run_T31_CP550_u_imp_10_k_imp_1_e_imp_0/FI_run_T31_CP550_u_imp_10_k_imp_1_e_imp_0_state_iter_6000.dat
iter:   6100 (Jcost: 4.279900e-02) (lr = 2.185e-01) (elapsed time: 3981.876) (secs/iter:  0.380) (n_accepted: 82%) (u_error:  1.142479 %) (beta_change:  6.248035 %) (delta_change:  0.249487 %) (delta_peak/R:  1.845217 %)
iter:   6200 (Jcost: 4.279897e-02) (lr = 1.080e+00) (elapsed time: 4013.146) (secs/iter:  0.313) (n_accepted: 81%) (u_error:  1.142472 %) (beta_change:  6.253890 %) (delta_change:  0.249474 %) (delta_peak/R:  1.845171 %)
iter:   6300 (Jcost: 4.279895e-02) (lr = 9.273e-01) (elapsed time: 4054.279) (secs/iter:  0.411) (n_accepted: 79%) (u_error:  1.142474 %) (beta_change:  6.259301 %) (delta_change:  0.249462 %) (delta_peak/R:  1.845201 %)
iter:   6400 (Jcost: 4.279892e-02) (lr = 3.317e-01) (elapsed time: 4087.450) (secs/iter:  0.332) (n_accepted: 78%) (u_error:  1.142473 %) (beta_change:  6.264660 %) (delta_change:  0.249450 %) (delta_peak/R:  1.845204 %)
iter:   6500 (Jcost: 4.279890e-02) (lr = 4.943e-02) (elapsed time: 4123.417) (secs/iter:  0.360) (n_accepted: 77%) (u_error:  1.142471 %) (beta_change:  6.269793 %) (delta_change:  0.249440 %) (delta_peak/R:  1.845200 %)
-> Saved file: /media/rafael/DATA/Dropbox/20220924_FIML_solver/data/output/field_inversion/Beta_k/u_imp_10/FI_run_T31_CP550_u_imp_10_k_imp_1_e_imp_0/FI_run_T31_CP550_u_imp_10_k_imp_1_e_imp_0_state_iter_6500.dat
iter:   6600 (Jcost: 4.279888e-02) (lr = 4.243e-02) (elapsed time: 4161.106) (secs/iter:  0.377) (n_accepted: 79%) (u_error:  1.142470 %) (beta_change:  6.274613 %) (delta_change:  0.249432 %) (delta_peak/R:  1.845202 %)
iter:   6700 (Jcost: 4.279886e-02) (lr = 1.517e-02) (elapsed time: 4196.877) (secs/iter:  0.358) (n_accepted: 78%) (u_error:  1.142469 %) (beta_change:  6.278925 %) (delta_change:  0.249424 %) (delta_peak/R:  1.845214 %)
iter:   6800 (Jcost: 4.279883e-02) (lr = 1.037e+00) (elapsed time: 4227.339) (secs/iter:  0.305) (n_accepted: 84%) (u_error:  1.142472 %) (beta_change:  6.283960 %) (delta_change:  0.249416 %) (delta_peak/R:  1.845252 %)
iter:   6900 (Jcost: 4.279881e-02) (lr = 3.710e-01) (elapsed time: 4270.940) (secs/iter:  0.436) (n_accepted: 78%) (u_error:  1.142467 %) (beta_change:  6.288021 %) (delta_change:  0.249411 %) (delta_peak/R:  1.845226 %)
iter:   7000 (Jcost: 4.279878e-02) (lr = 5.528e-02) (elapsed time: 4331.393) (secs/iter:  0.605) (n_accepted: 77%) (u_error:  1.142464 %) (beta_change:  6.292146 %) (delta_change:  0.249406 %) (delta_peak/R:  1.845208 %)
-> Saved file: /media/rafael/DATA/Dropbox/20220924_FIML_solver/data/output/field_inversion/Beta_k/u_imp_10/FI_run_T31_CP550_u_imp_10_k_imp_1_e_imp_0/FI_run_T31_CP550_u_imp_10_k_imp_1_e_imp_0_state_iter_7000.dat
iter:   7100 (Jcost: 4.279876e-02) (lr = 6.560e-01) (elapsed time: 4394.096) (secs/iter:  0.627) (n_accepted: 82%) (u_error:  1.142458 %) (beta_change:  6.295618 %) (delta_change:  0.249403 %) (delta_peak/R:  1.845171 %)
iter:   7200 (Jcost: 4.279874e-02) (lr = 5.631e-01) (elapsed time: 4448.043) (secs/iter:  0.539) (n_accepted: 79%) (u_error:  1.142464 %) (beta_change:  6.299138 %) (delta_change:  0.249398 %) (delta_peak/R:  1.845238 %)
iter:   7300 (Jcost: 4.279872e-02) (lr = 4.834e-01) (elapsed time: 4502.066) (secs/iter:  0.540) (n_accepted: 79%) (u_error:  1.142462 %) (beta_change:  6.302617 %) (delta_change:  0.249395 %) (delta_peak/R:  1.845228 %)
iter:   7400 (Jcost: 4.279870e-02) (lr = 1.729e-01) (elapsed time: 4559.172) (secs/iter:  0.571) (n_accepted: 78%) (u_error:  1.142459 %) (beta_change:  6.306721 %) (delta_change:  0.249392 %) (delta_peak/R:  1.845220 %)
iter:   7500 (Jcost: 4.279868e-02) (lr = 6.184e-02) (elapsed time: 4617.626) (secs/iter:  0.585) (n_accepted: 78%) (u_error:  1.142461 %) (beta_change:  6.309855 %) (delta_change:  0.249390 %) (delta_peak/R:  1.845246 %)
-> Saved file: /media/rafael/DATA/Dropbox/20220924_FIML_solver/data/output/field_inversion/Beta_k/u_imp_10/FI_run_T31_CP550_u_imp_10_k_imp_1_e_imp_0/FI_run_T31_CP550_u_imp_10_k_imp_1_e_imp_0_state_iter_7500.dat
iter:   7600 (Jcost: 4.279865e-02) (lr = 2.212e-02) (elapsed time: 4682.133) (secs/iter:  0.645) (n_accepted: 78%) (u_error:  1.142457 %) (beta_change:  6.312957 %) (delta_change:  0.249389 %) (delta_peak/R:  1.845231 %)
iter:   7700 (Jcost: 4.279864e-02) (lr = 4.557e-02) (elapsed time: 4739.531) (secs/iter:  0.574) (n_accepted: 80%) (u_error:  1.142459 %) (beta_change:  6.315007 %) (delta_change:  0.249388 %) (delta_peak/R:  1.845256 %)
iter:   7800 (Jcost: 4.279862e-02) (lr = 3.911e-02) (elapsed time: 4800.672) (secs/iter:  0.611) (n_accepted: 79%) (u_error:  1.142457 %) (beta_change:  6.317795 %) (delta_change:  0.249387 %) (delta_peak/R:  1.845248 %)
iter:   7900 (Jcost: 4.279861e-02) (lr = 4.641e-01) (elapsed time: 4856.919) (secs/iter:  0.562) (n_accepted: 82%) (u_error:  1.142455 %) (beta_change:  6.319840 %) (delta_change:  0.249387 %) (delta_peak/R:  1.845240 %)
iter:   8000 (Jcost: 4.279859e-02) (lr = 2.882e-02) (elapsed time: 4917.116) (secs/iter:  0.602) (n_accepted: 76%) (u_error:  1.142454 %) (beta_change:  6.322295 %) (delta_change:  0.249386 %) (delta_peak/R:  1.845247 %)
-> Saved file: /media/rafael/DATA/Dropbox/20220924_FIML_solver/data/output/field_inversion/Beta_k/u_imp_10/FI_run_T31_CP550_u_imp_10_k_imp_1_e_imp_0/FI_run_T31_CP550_u_imp_10_k_imp_1_e_imp_0_state_iter_8000.dat
iter:   8100 (Jcost: 4.279857e-02) (lr = 3.420e-01) (elapsed time: 4975.617) (secs/iter:  0.585) (n_accepted: 82%) (u_error:  1.142453 %) (beta_change:  6.324370 %) (delta_change:  0.249386 %) (delta_peak/R:  1.845243 %)
iter:   8200 (Jcost: 4.279855e-02) (lr = 5.097e-02) (elapsed time: 5031.892) (secs/iter:  0.563) (n_accepted: 77%) (u_error:  1.142453 %) (beta_change:  6.327080 %) (delta_change:  0.249386 %) (delta_peak/R:  1.845259 %)
iter:   8300 (Jcost: 4.279853e-02) (lr = 1.823e-02) (elapsed time: 5092.597) (secs/iter:  0.607) (n_accepted: 78%) (u_error:  1.142451 %) (beta_change:  6.329510 %) (delta_change:  0.249387 %) (delta_peak/R:  1.845253 %)
iter:   8400 (Jcost: 4.279851e-02) (lr = 3.756e-02) (elapsed time: 5148.412) (secs/iter:  0.558) (n_accepted: 80%) (u_error:  1.142451 %) (beta_change:  6.331738 %) (delta_change:  0.249387 %) (delta_peak/R:  1.845269 %)
iter:   8500 (Jcost: 4.279850e-02) (lr = 4.456e-01) (elapsed time: 5202.492) (secs/iter:  0.541) (n_accepted: 82%) (u_error:  1.142448 %) (beta_change:  6.333454 %) (delta_change:  0.249388 %) (delta_peak/R:  1.845250 %)
-> Saved file: /media/rafael/DATA/Dropbox/20220924_FIML_solver/data/output/field_inversion/Beta_k/u_imp_10/FI_run_T31_CP550_u_imp_10_k_imp_1_e_imp_0/FI_run_T31_CP550_u_imp_10_k_imp_1_e_imp_0_state_iter_8500.dat
iter:   8600 (Jcost: 4.279848e-02) (lr = 6.641e-02) (elapsed time: 5266.983) (secs/iter:  0.645) (n_accepted: 77%) (u_error:  1.142448 %) (beta_change:  6.335624 %) (delta_change:  0.249389 %) (delta_peak/R:  1.845266 %)
iter:   8700 (Jcost: 4.279846e-02) (lr = 3.284e-01) (elapsed time: 5324.468) (secs/iter:  0.575) (n_accepted: 81%) (u_error:  1.142452 %) (beta_change:  6.337491 %) (delta_change:  0.249389 %) (delta_peak/R:  1.845309 %)
iter:   8800 (Jcost: 4.279844e-02) (lr = 2.819e-01) (elapsed time: 5377.856) (secs/iter:  0.534) (n_accepted: 79%) (u_error:  1.142447 %) (beta_change:  6.339388 %) (delta_change:  0.249391 %) (delta_peak/R:  1.845277 %)
iter:   8900 (Jcost: 4.279842e-02) (lr = 2.420e-01) (elapsed time: 5434.890) (secs/iter:  0.570) (n_accepted: 79%) (u_error:  1.142445 %) (beta_change:  6.341236 %) (delta_change:  0.249392 %) (delta_peak/R:  1.845273 %)
iter:   9000 (Jcost: 4.279840e-02) (lr = 8.654e-02) (elapsed time: 5491.019) (secs/iter:  0.561) (n_accepted: 78%) (u_error:  1.142443 %) (beta_change:  6.343329 %) (delta_change:  0.249394 %) (delta_peak/R:  1.845272 %)
-> Saved file: /media/rafael/DATA/Dropbox/20220924_FIML_solver/data/output/field_inversion/Beta_k/u_imp_10/FI_run_T31_CP550_u_imp_10_k_imp_1_e_imp_0/FI_run_T31_CP550_u_imp_10_k_imp_1_e_imp_0_state_iter_9000.dat
iter:   9100 (Jcost: 4.279838e-02) (lr = 3.095e-02) (elapsed time: 5553.964) (secs/iter:  0.629) (n_accepted: 78%) (u_error:  1.142442 %) (beta_change:  6.345145 %) (delta_change:  0.249396 %) (delta_peak/R:  1.845272 %)
iter:   9200 (Jcost: 4.279836e-02) (lr = 3.673e-01) (elapsed time: 5606.982) (secs/iter:  0.530) (n_accepted: 82%) (u_error:  1.142447 %) (beta_change:  6.347213 %) (delta_change:  0.249397 %) (delta_peak/R:  1.845340 %)
iter:   9300 (Jcost: 4.279835e-02) (lr = 7.567e-01) (elapsed time: 5663.082) (secs/iter:  0.561) (n_accepted: 80%) (u_error:  1.142439 %) (beta_change:  6.348496 %) (delta_change:  0.249399 %) (delta_peak/R:  1.845274 %)
iter:   9400 (Jcost: 4.279833e-02) (lr = 6.495e-01) (elapsed time: 5720.743) (secs/iter:  0.577) (n_accepted: 79%) (u_error:  1.142441 %) (beta_change:  6.350131 %) (delta_change:  0.249401 %) (delta_peak/R:  1.845302 %)
iter:   9500 (Jcost: 4.279831e-02) (lr = 2.323e-01) (elapsed time: 5773.281) (secs/iter:  0.525) (n_accepted: 78%) (u_error:  1.142435 %) (beta_change:  6.351728 %) (delta_change:  0.249403 %) (delta_peak/R:  1.845270 %)
-> Saved file: /media/rafael/DATA/Dropbox/20220924_FIML_solver/data/output/field_inversion/Beta_k/u_imp_10/FI_run_T31_CP550_u_imp_10_k_imp_1_e_imp_0/FI_run_T31_CP550_u_imp_10_k_imp_1_e_imp_0_state_iter_9500.dat
iter:   9600 (Jcost: 4.279829e-02) (lr = 3.462e-02) (elapsed time: 5833.151) (secs/iter:  0.599) (n_accepted: 77%) (u_error:  1.142436 %) (beta_change:  6.353474 %) (delta_change:  0.249405 %) (delta_peak/R:  1.845292 %)
iter:   9700 (Jcost: 4.279828e-02) (lr = 2.972e-02) (elapsed time: 5890.735) (secs/iter:  0.576) (n_accepted: 79%) (u_error:  1.142426 %) (beta_change:  6.354991 %) (delta_change:  0.249409 %) (delta_peak/R:  1.845214 %)
iter:   9800 (Jcost: 4.279826e-02) (lr = 8.464e-01) (elapsed time: 5947.731) (secs/iter:  0.570) (n_accepted: 83%) (u_error:  1.142441 %) (beta_change:  6.356369 %) (delta_change:  0.249408 %) (delta_peak/R:  1.845362 %)
iter:   9900 (Jcost: 4.279824e-02) (lr = 7.265e-01) (elapsed time: 6003.744) (secs/iter:  0.560) (n_accepted: 79%) (u_error:  1.142433 %) (beta_change:  6.357423 %) (delta_change:  0.249411 %) (delta_peak/R:  1.845302 %)
iter:  10000 (Jcost: 4.279823e-02) (lr = 2.599e-01) (elapsed time: 6056.508) (secs/iter:  0.528) (n_accepted: 78%) (u_error:  1.142432 %) (beta_change:  6.358731 %) (delta_change:  0.249413 %) (delta_peak/R:  1.845301 %)
-> Saved file: /media/rafael/DATA/Dropbox/20220924_FIML_solver/data/output/field_inversion/Beta_k/u_imp_10/FI_run_T31_CP550_u_imp_10_k_imp_1_e_imp_0/FI_run_T31_CP550_u_imp_10_k_imp_1_e_imp_0_state_iter_10000.dat
iter:  10100 (Jcost: 4.279821e-02) (lr = 3.873e-02) (elapsed time: 6119.623) (secs/iter:  0.631) (n_accepted: 77%) (u_error:  1.142432 %) (beta_change:  6.360048 %) (delta_change:  0.249415 %) (delta_peak/R:  1.845318 %)
iter:  10200 (Jcost: 4.279819e-02) (lr = 1.385e-02) (elapsed time: 6175.348) (secs/iter:  0.557) (n_accepted: 78%) (u_error:  1.142429 %) (beta_change:  6.361358 %) (delta_change:  0.249417 %) (delta_peak/R:  1.845304 %)
iter:  10300 (Jcost: 4.279818e-02) (lr = 2.854e-02) (elapsed time: 6231.966) (secs/iter:  0.566) (n_accepted: 80%) (u_error:  1.142437 %) (beta_change:  6.362536 %) (delta_change:  0.249418 %) (delta_peak/R:  1.845390 %)
iter:  10400 (Jcost: 4.279817e-02) (lr = 2.449e-02) (elapsed time: 6290.083) (secs/iter:  0.581) (n_accepted: 79%) (u_error:  1.142428 %) (beta_change:  6.363253 %) (delta_change:  0.249421 %) (delta_peak/R:  1.845310 %)
iter:  10500 (Jcost: 4.279815e-02) (lr = 1.674e+00) (elapsed time: 6339.541) (secs/iter:  0.495) (n_accepted: 84%) (u_error:  1.142426 %) (beta_change:  6.364519 %) (delta_change:  0.249423 %) (delta_peak/R:  1.845313 %)
-> Saved file: /media/rafael/DATA/Dropbox/20220924_FIML_solver/data/output/field_inversion/Beta_k/u_imp_10/FI_run_T31_CP550_u_imp_10_k_imp_1_e_imp_0/FI_run_T31_CP550_u_imp_10_k_imp_1_e_imp_0_state_iter_10500.dat
iter:  10600 (Jcost: 4.279814e-02) (lr = 4.332e-02) (elapsed time: 6403.286) (secs/iter:  0.637) (n_accepted: 75%) (u_error:  1.142425 %) (beta_change:  6.365332 %) (delta_change:  0.249425 %) (delta_peak/R:  1.845308 %)
iter:  10700 (Jcost: 4.279812e-02) (lr = 5.140e-01) (elapsed time: 6456.885) (secs/iter:  0.536) (n_accepted: 82%) (u_error:  1.142424 %) (beta_change:  6.366221 %) (delta_change:  0.249427 %) (delta_peak/R:  1.845310 %)
iter:  10800 (Jcost: 4.279811e-02) (lr = 7.660e-02) (elapsed time: 6512.764) (secs/iter:  0.559) (n_accepted: 77%) (u_error:  1.142423 %) (beta_change:  6.367179 %) (delta_change:  0.249428 %) (delta_peak/R:  1.845316 %)
iter:  10900 (Jcost: 4.279809e-02) (lr = 2.740e-02) (elapsed time: 6570.098) (secs/iter:  0.573) (n_accepted: 78%) (u_error:  1.142420 %) (beta_change:  6.368175 %) (delta_change:  0.249431 %) (delta_peak/R:  1.845305 %)
iter:  11000 (Jcost: 4.279808e-02) (lr = 3.251e-01) (elapsed time: 6626.292) (secs/iter:  0.562) (n_accepted: 82%) (u_error:  1.142421 %) (beta_change:  6.368849 %) (delta_change:  0.249432 %) (delta_peak/R:  1.845315 %)
-> Saved file: /media/rafael/DATA/Dropbox/20220924_FIML_solver/data/output/field_inversion/Beta_k/u_imp_10/FI_run_T31_CP550_u_imp_10_k_imp_1_e_imp_0/FI_run_T31_CP550_u_imp_10_k_imp_1_e_imp_0_state_iter_11000.dat
iter:  11100 (Jcost: 4.279807e-02) (lr = 2.019e-02) (elapsed time: 6692.052) (secs/iter:  0.658) (n_accepted: 76%) (u_error:  1.142420 %) (beta_change:  6.369763 %) (delta_change:  0.249434 %) (delta_peak/R:  1.845320 %)
iter:  11200 (Jcost: 4.279805e-02) (lr = 9.982e-02) (elapsed time: 6747.473) (secs/iter:  0.554) (n_accepted: 81%) (u_error:  1.142424 %) (beta_change:  6.370794 %) (delta_change:  0.249435 %) (delta_peak/R:  1.845369 %)
iter:  11300 (Jcost: 4.279804e-02) (lr = 2.056e-01) (elapsed time: 6808.111) (secs/iter:  0.606) (n_accepted: 80%) (u_error:  1.142419 %) (beta_change:  6.387551 %) (delta_change:  0.249438 %) (delta_peak/R:  1.845335 %)
iter:  11400 (Jcost: 4.279803e-02) (lr = 4.237e-01) (elapsed time: 6868.385) (secs/iter:  0.603) (n_accepted: 80%) (u_error:  1.142416 %) (beta_change:  6.408762 %) (delta_change:  0.249440 %) (delta_peak/R:  1.845315 %)
iter:  11500 (Jcost: 4.279801e-02) (lr = 1.515e-01) (elapsed time: 6927.226) (secs/iter:  0.588) (n_accepted: 78%) (u_error:  1.142427 %) (beta_change:  6.439613 %) (delta_change:  0.249440 %) (delta_peak/R:  1.845424 %)
-> Saved file: /media/rafael/DATA/Dropbox/20220924_FIML_solver/data/output/field_inversion/Beta_k/u_imp_10/FI_run_T31_CP550_u_imp_10_k_imp_1_e_imp_0/FI_run_T31_CP550_u_imp_10_k_imp_1_e_imp_0_state_iter_11500.dat
iter:  11600 (Jcost: 4.279800e-02) (lr = 3.122e-01) (elapsed time: 6990.013) (secs/iter:  0.628) (n_accepted: 80%) (u_error:  1.142416 %) (beta_change:  6.461042 %) (delta_change:  0.249443 %) (delta_peak/R:  1.845337 %)
iter:  11700 (Jcost: 4.279799e-02) (lr = 4.652e-02) (elapsed time: 7051.839) (secs/iter:  0.618) (n_accepted: 77%) (u_error:  1.142413 %) (beta_change:  6.489130 %) (delta_change:  0.249445 %) (delta_peak/R:  1.845318 %)
iter:  11800 (Jcost: 4.279797e-02) (lr = 1.664e-02) (elapsed time: 7110.150) (secs/iter:  0.583) (n_accepted: 78%) (u_error:  1.142413 %) (beta_change:  6.522048 %) (delta_change:  0.249447 %) (delta_peak/R:  1.845338 %)
iter:  11900 (Jcost: 4.279796e-02) (lr = 1.428e-02) (elapsed time: 7176.008) (secs/iter:  0.659) (n_accepted: 79%) (u_error:  1.142413 %) (beta_change:  6.550522 %) (delta_change:  0.249448 %) (delta_peak/R:  1.845343 %)
iter:  12000 (Jcost: 4.279795e-02) (lr = 9.763e-01) (elapsed time: 7230.913) (secs/iter:  0.549) (n_accepted: 84%) (u_error:  1.142401 %) (beta_change:  6.582717 %) (delta_change:  0.249452 %) (delta_peak/R:  1.845254 %)
-> Saved file: /media/rafael/DATA/Dropbox/20220924_FIML_solver/data/output/field_inversion/Beta_k/u_imp_10/FI_run_T31_CP550_u_imp_10_k_imp_1_e_imp_0/FI_run_T31_CP550_u_imp_10_k_imp_1_e_imp_0_state_iter_12000.dat
iter:  12100 (Jcost: 4.279794e-02) (lr = 8.380e-01) (elapsed time: 7290.906) (secs/iter:  0.600) (n_accepted: 79%) (u_error:  1.142409 %) (beta_change:  6.605788 %) (delta_change:  0.249452 %) (delta_peak/R:  1.845328 %)
iter:  12200 (Jcost: 4.279792e-02) (lr = 7.194e-01) (elapsed time: 7346.720) (secs/iter:  0.558) (n_accepted: 79%) (u_error:  1.142409 %) (beta_change:  6.635653 %) (delta_change:  0.249454 %) (delta_peak/R:  1.845347 %)
iter:  12300 (Jcost: 4.279791e-02) (lr = 2.573e-01) (elapsed time: 7407.036) (secs/iter:  0.603) (n_accepted: 78%) (u_error:  1.142410 %) (beta_change:  6.662913 %) (delta_change:  0.249455 %) (delta_peak/R:  1.845364 %)
iter:  12400 (Jcost: 4.279789e-02) (lr = 3.834e-02) (elapsed time: 7461.330) (secs/iter:  0.543) (n_accepted: 77%) (u_error:  1.142409 %) (beta_change:  6.696614 %) (delta_change:  0.249457 %) (delta_peak/R:  1.845369 %)
iter:  12500 (Jcost: 4.279788e-02) (lr = 3.291e-02) (elapsed time: 7521.496) (secs/iter:  0.602) (n_accepted: 79%) (u_error:  1.142406 %) (beta_change:  6.724213 %) (delta_change:  0.249459 %) (delta_peak/R:  1.845353 %)
-> Saved file: /media/rafael/DATA/Dropbox/20220924_FIML_solver/data/output/field_inversion/Beta_k/u_imp_10/FI_run_T31_CP550_u_imp_10_k_imp_1_e_imp_0/FI_run_T31_CP550_u_imp_10_k_imp_1_e_imp_0_state_iter_12500.dat
iter:  12600 (Jcost: 4.279787e-02) (lr = 2.825e-02) (elapsed time: 7576.579) (secs/iter:  0.551) (n_accepted: 79%) (u_error:  1.142414 %) (beta_change:  6.755017 %) (delta_change:  0.249460 %) (delta_peak/R:  1.845440 %)
iter:  12700 (Jcost: 4.279786e-02) (lr = 1.397e-01) (elapsed time: 7611.241) (secs/iter:  0.347) (n_accepted: 81%) (u_error:  1.142402 %) (beta_change:  6.776189 %) (delta_change:  0.249463 %) (delta_peak/R:  1.845340 %)
iter:  12800 (Jcost: 4.279784e-02) (lr = 4.996e-02) (elapsed time: 7659.581) (secs/iter:  0.483) (n_accepted: 78%) (u_error:  1.142403 %) (beta_change:  6.807924 %) (delta_change:  0.249465 %) (delta_peak/R:  1.845357 %)
iter:  12900 (Jcost: 4.279783e-02) (lr = 1.029e-01) (elapsed time: 7718.737) (secs/iter:  0.592) (n_accepted: 80%) (u_error:  1.142397 %) (beta_change:  6.839818 %) (delta_change:  0.249467 %) (delta_peak/R:  1.845316 %)
iter:  13000 (Jcost: 4.279782e-02) (lr = 1.534e-02) (elapsed time: 7778.500) (secs/iter:  0.598) (n_accepted: 77%) (u_error:  1.142401 %) (beta_change:  6.858791 %) (delta_change:  0.249468 %) (delta_peak/R:  1.845361 %)
-> Saved file: /media/rafael/DATA/Dropbox/20220924_FIML_solver/data/output/field_inversion/Beta_k/u_imp_10/FI_run_T31_CP550_u_imp_10_k_imp_1_e_imp_0/FI_run_T31_CP550_u_imp_10_k_imp_1_e_imp_0_state_iter_13000.dat
iter:  13100 (Jcost: 4.279781e-02) (lr = 2.516e+00) (elapsed time: 7835.230) (secs/iter:  0.567) (n_accepted: 85%) (u_error:  1.142399 %) (beta_change:  6.891244 %) (delta_change:  0.249470 %) (delta_peak/R:  1.845353 %)
iter:  13200 (Jcost: 4.279780e-02) (lr = 3.750e-01) (elapsed time: 7886.718) (secs/iter:  0.515) (n_accepted: 77%) (u_error:  1.142399 %) (beta_change:  6.916650 %) (delta_change:  0.249471 %) (delta_peak/R:  1.845368 %)
iter:  13300 (Jcost: 4.279778e-02) (lr = 1.341e-01) (elapsed time: 7945.868) (secs/iter:  0.591) (n_accepted: 78%) (u_error:  1.142399 %) (beta_change:  6.943755 %) (delta_change:  0.249472 %) (delta_peak/R:  1.845372 %)
iter:  13400 (Jcost: 4.279777e-02) (lr = 1.999e-02) (elapsed time: 8004.418) (secs/iter:  0.585) (n_accepted: 77%) (u_error:  1.142398 %) (beta_change:  6.979679 %) (delta_change:  0.249474 %) (delta_peak/R:  1.845378 %)
iter:  13500 (Jcost: 4.279776e-02) (lr = 1.366e+00) (elapsed time: 8060.113) (secs/iter:  0.557) (n_accepted: 84%) (u_error:  1.142396 %) (beta_change:  7.005193 %) (delta_change:  0.249476 %) (delta_peak/R:  1.845373 %)
-> Saved file: /media/rafael/DATA/Dropbox/20220924_FIML_solver/data/output/field_inversion/Beta_k/u_imp_10/FI_run_T31_CP550_u_imp_10_k_imp_1_e_imp_0/FI_run_T31_CP550_u_imp_10_k_imp_1_e_imp_0_state_iter_13500.dat
iter:  13600 (Jcost: 4.279775e-02) (lr = 1.473e-02) (elapsed time: 8128.016) (secs/iter:  0.679) (n_accepted: 74%) (u_error:  1.142395 %) (beta_change:  7.027159 %) (delta_change:  0.249477 %) (delta_peak/R:  1.845370 %)
iter:  13700 (Jcost: 4.279774e-02) (lr = 4.195e-01) (elapsed time: 8182.825) (secs/iter:  0.548) (n_accepted: 83%) (u_error:  1.142396 %) (beta_change:  7.049350 %) (delta_change:  0.249478 %) (delta_peak/R:  1.845394 %)
iter:  13800 (Jcost: 4.279773e-02) (lr = 1.500e-01) (elapsed time: 8243.049) (secs/iter:  0.602) (n_accepted: 78%) (u_error:  1.142396 %) (beta_change:  7.075023 %) (delta_change:  0.249480 %) (delta_peak/R:  1.845398 %)
iter:  13900 (Jcost: 4.279771e-02) (lr = 5.366e-02) (elapsed time: 8298.365) (secs/iter:  0.553) (n_accepted: 78%) (u_error:  1.142395 %) (beta_change:  7.106289 %) (delta_change:  0.249481 %) (delta_peak/R:  1.845404 %)
iter:  14000 (Jcost: 4.279770e-02) (lr = 1.528e+00) (elapsed time: 8356.853) (secs/iter:  0.585) (n_accepted: 83%) (u_error:  1.142384 %) (beta_change:  7.136800 %) (delta_change:  0.249484 %) (delta_peak/R:  1.845312 %)
-> Saved file: /media/rafael/DATA/Dropbox/20220924_FIML_solver/data/output/field_inversion/Beta_k/u_imp_10/FI_run_T31_CP550_u_imp_10_k_imp_1_e_imp_0/FI_run_T31_CP550_u_imp_10_k_imp_1_e_imp_0_state_iter_14000.dat
iter:  14100 (Jcost: 4.279769e-02) (lr = 9.489e-02) (elapsed time: 8420.985) (secs/iter:  0.641) (n_accepted: 76%) (u_error:  1.142382 %) (beta_change:  7.155009 %) (delta_change:  0.249486 %) (delta_peak/R:  1.845307 %)
iter:  14200 (Jcost: 4.279769e-02) (lr = 1.955e-01) (elapsed time: 8475.149) (secs/iter:  0.542) (n_accepted: 80%) (u_error:  1.142391 %) (beta_change:  7.173062 %) (delta_change:  0.249485 %) (delta_peak/R:  1.845391 %)
iter:  14300 (Jcost: 4.279767e-02) (lr = 2.913e-02) (elapsed time: 8527.349) (secs/iter:  0.522) (n_accepted: 77%) (u_error:  1.142390 %) (beta_change:  7.211936 %) (delta_change:  0.249487 %) (delta_peak/R:  1.845398 %)
iter:  14400 (Jcost: 4.279766e-02) (lr = 2.501e-02) (elapsed time: 8583.879) (secs/iter:  0.565) (n_accepted: 79%) (u_error:  1.142391 %) (beta_change:  7.240842 %) (delta_change:  0.249488 %) (delta_peak/R:  1.845419 %)
iter:  14500 (Jcost: 4.279764e-02) (lr = 1.709e+00) (elapsed time: 8634.942) (secs/iter:  0.511) (n_accepted: 84%) (u_error:  1.142385 %) (beta_change:  7.274091 %) (delta_change:  0.249491 %) (delta_peak/R:  1.845382 %)
-> Saved file: /media/rafael/DATA/Dropbox/20220924_FIML_solver/data/output/field_inversion/Beta_k/u_imp_10/FI_run_T31_CP550_u_imp_10_k_imp_1_e_imp_0/FI_run_T31_CP550_u_imp_10_k_imp_1_e_imp_0_state_iter_14500.dat
iter:  14600 (Jcost: 4.279764e-02) (lr = 2.547e-01) (elapsed time: 8683.035) (secs/iter:  0.481) (n_accepted: 77%) (u_error:  1.142386 %) (beta_change:  7.295134 %) (delta_change:  0.249491 %) (delta_peak/R:  1.845395 %)
iter:  14700 (Jcost: 4.279762e-02) (lr = 2.187e-01) (elapsed time: 8726.814) (secs/iter:  0.438) (n_accepted: 79%) (u_error:  1.142385 %) (beta_change:  7.322279 %) (delta_change:  0.249493 %) (delta_peak/R:  1.845399 %)
iter:  14800 (Jcost: 4.279761e-02) (lr = 7.821e-02) (elapsed time: 8782.560) (secs/iter:  0.557) (n_accepted: 78%) (u_error:  1.142385 %) (beta_change:  7.347122 %) (delta_change:  0.249494 %) (delta_peak/R:  1.845405 %)
iter:  14900 (Jcost: 4.279760e-02) (lr = 2.797e-02) (elapsed time: 8822.765) (secs/iter:  0.402) (n_accepted: 78%) (u_error:  1.142376 %) (beta_change:  7.380465 %) (delta_change:  0.249497 %) (delta_peak/R:  1.845341 %)
iter:  15000 (Jcost: 4.279759e-02) (lr = 7.967e-01) (elapsed time: 8854.741) (secs/iter:  0.320) (n_accepted: 83%) (u_error:  1.142378 %) (beta_change:  7.411042 %) (delta_change:  0.249498 %) (delta_peak/R:  1.845368 %)
-> Saved file: /media/rafael/DATA/Dropbox/20220924_FIML_solver/data/output/field_inversion/Beta_k/u_imp_10/FI_run_T31_CP550_u_imp_10_k_imp_1_e_imp_0/FI_run_T31_CP550_u_imp_10_k_imp_1_e_imp_0_state_iter_15000.dat
iter:  15000 (Jcost: 4.279759e-02) (lr = 3.983e-01) (elapsed time: 8857.475) (secs/iter:   None) (n_accepted: 0%) (u_error:  1.142378 %) (beta_change:  7.411042 %) (delta_change:  0.249498 %) (delta_peak/R:  1.845368 %)
