# ------------------------------------------------------------------------
#                  Input Arguments
# ------------------------------------------------------------------------
# Begin_Input_Arguments
{ 'all_b_mode': ['Beta_k'],
  'args_mk_solver': { 'torch': "<module 'torch' from "
                               "'/home/rafael/anaconda3/lib/python3.9/site-packages/torch/__init__.py'>",
                      'y_grid': [0.0, 0.000309700312, 0.000638645973, 0.00098802599, 0.00135910194, 0.00175321227, 0.00217177688, 0.00261630193, 0.00308838486, 0.00358971984, 0.00412210331, 0.00468744001, 0.00528774917, 0.00592517114, 0.00660197432, 0.0073205624, 0.00808348206, 0.00889343092, 0.00975326602, 0.0106660126, 0.0116348733, 0.0126632377, 0.0137546927, 0.0149130326, 0.0161422702, 0.0174466482, 0.0188306506, 0.0202990157, 0.0218567475, 0.02350913, 0.0252617393, 0.0271204584, 0.0290914903, 0.0311813732, 0.033396994, 0.0357456039, 0.0382348325, 0.0408727029, 0.0436676462, 0.0466285159, 0.0497646022, 0.0530856456, 0.0566018496, 0.0603238931, 0.0642629411, 0.068430655, 0.0728392004, 0.0775012535, 0.0824300053, 0.0876391634, 0.0931429507, 0.0989561006, 0.105093849, 0.111571922, 0.118406518, 0.125614286, 0.133212296, 0.141218006, 0.14964922, 0.158524039, 0.167860801, 0.177678022, 0.187994313, 0.1988283, 0.21019853, 0.222123362, 0.234620856, 0.247708641, 0.261403784, 0.275722637, 0.290680679, 0.306292354, 0.322570888, 0.339528108, 0.357174255, 0.375517785, 0.394565175, 0.414320726, 0.43478637, 0.45596148, 0.47784269, 0.500423731, 0.523695275, 0.547644806, 0.572256506, 0.597511177, 0.623386184, 0.649855436, 0.676889401, 0.704455158, 0.73251649, 0.761034018, 0.789965372, 0.819265404, 0.848886442, 0.878778572, 0.908889961, 0.939167201, 0.969555687, 1.0],
                      'Ret': 663.05244,
                      'cp': 417.73912,
                      'A_sca_rho': 1.0,
                      'A_sca_mu': 0.0015081763367012116,
                      'A_sca_k': 0.900034650997697,
                      'b_exp_rho': -1.0,
                      'b_exp_mu': 0.75,
                      'b_exp_k': 0.75,
                      'tensor_device': 'cpu',
                      'as_tensor': '<function '
                                   'Build_arguments_fi_run._mk_args_MK_solver.<locals>.<lambda> '
                                   'at 0x7f3de1a75b80>',
                      'ref_dns': { 'u_dns': [0.0, 0.208862931, 0.428470115, 0.65928105, 0.901773452, 1.15644633, 1.42382418, 1.70446248, 1.9989551, 2.3079438, 2.63213067, 2.97223917, 3.32862592, 3.70135593, 4.09031381, 4.49515894, 4.91538815, 5.35043716, 5.79949066, 6.26141911, 6.73488422, 7.21828803, 7.70964308, 8.20684825, 8.70768842, 9.20969089, 9.71043149, 10.2074043, 10.6981765, 11.1804574, 11.6521094, 12.1112676, 12.5562932, 12.9858982, 13.3990494, 13.7950528, 14.1735136, 14.5342692, 14.8774158, 15.2032588, 15.5122646, 15.8050475, 16.0823432, 16.3450068, 16.5939999, 16.8303723, 17.0552118, 17.2695924, 17.4745607, 17.6711935, 17.8606128, 18.0438995, 18.2220415, 18.3959727, 18.5664989, 18.7342864, 18.9, 19.0643344, 19.2280205, 19.3915807, 19.5551076, 19.7185646, 19.8822982, 20.046479, 20.2107595, 20.3751255, 20.5398576, 20.705067, 20.870726, 21.0368772, 21.2032751, 21.3695886, 21.5353611, 21.7001198, 21.8637116, 22.0270485, 22.1910433, 22.3555208, 22.52039, 22.685588, 22.8510887, 23.0171194, 23.1837855, 23.3506486, 23.5162512, 23.6790835, 23.8379476, 23.9921661, 24.1411192, 24.2839095, 24.419862, 24.5477503, 24.664757, 24.7685237, 24.8581844, 24.9334041, 24.9937445, 25.0378657, 25.0644175, 25.0731294],
                                   'T_dns': [1.0, 1.0079142974661532, 1.0160928078473777, 1.0245343549471515, 1.0332379703772367, 1.0422034831722113, 1.051432341203763, 1.0609287402846912, 1.0707010305513334, 1.080763694003286, 1.0911397594391739, 1.1018582660292449, 1.1129150377715373, 1.1242824301745327, 1.1359236070512129, 1.147791055092307, 1.1598362603340728, 1.1720243243672348, 1.184320981506768, 1.1966911393244897, 1.2090890648719084, 1.2214589722481484, 1.2337425512568532, 1.2458822479044716, 1.2578240096314484, 1.269517463973953, 1.2809103906223183, 1.2919572964194521, 1.3026155590046715, 1.3128509902730812, 1.3226346229785113, 1.3319464699436667, 1.3407714549383418, 1.3491045528880883, 1.3569449178960564, 1.3642997419426646, 1.3711812488681556, 1.3776054092102834, 1.3835922804236362, 1.3891644067910889, 1.3943460427410912, 1.3991620921626042, 1.4036382165605954, 1.4078003188369925, 1.411674449967878, 1.4152864081977978, 1.4186608365481357, 1.4218204348109251, 1.4247859051711762, 1.4275763346990993, 1.4302097548154478, 1.4327024946634062, 1.4350684565440683, 1.4373193587855688, 1.439464970643569, 1.4415133679953753, 1.4434717910749644, 1.4453483477672797, 1.4471519071371446, 1.4488887725100699, 1.4505632684767211, 1.4521797754290229, 1.4537414380528786, 1.4552498040014845, 1.456704792448155, 1.458108558462613, 1.4594637562463357, 1.4607688256621674, 1.4620257159179857, 1.4632366028316302, 1.464400504494074, 1.4655173342849186, 1.4665910636566135, 1.4676173775492969, 1.468598810498168, 1.4695422021783973, 1.4704481961420046, 1.4713184302348665, 1.4721547387322584, 1.4729575940601898, 1.4737244693577078, 1.4744576593465566, 1.4751566739908677, 1.4758173500736653, 1.4764386124499929, 1.4770204486422431, 1.477564425991797, 1.478069413011917, 1.4785324458495468, 1.4789512235389672, 1.4793279791586718, 1.4796625389138507, 1.4799530332032347, 1.48020043067447, 1.4804065494962617, 1.4805714341163603, 1.480698377337428, 1.480788742050133, 1.4808433360337119, 1.4808617194372469],
                                   'mu_dns': [0.0015081763367012116, 0.0015171196266816503, 0.0015263430566614764, 0.0015358436866406955, 0.0015456187966193147, 0.001555666546597338, 0.0015659868865747645, 0.0015765827965515883, 0.0015874618165277932, 0.0015986381865033472, 0.0016101354364781997, 0.0016219834664522848, 0.001634175256425618, 0.0016466780263982713, 0.001659449216370337, 0.0016724350063419336, 0.0016855810263131797, 0.0016988482662841607, 0.0017121988062549598, 0.00172559422622566, 0.001738985026196371, 0.0017523113961672224, 0.0017655114161383505, 0.001778524576109887, 0.0017912946660819558, 0.0018037698860546689, 0.0018158968860281437, 0.0018276298460024806, 0.0018389262759777724, 0.0018497528259540917, 0.0018600817759314996, 0.0018698949159100355, 0.0018791791658897285, 0.0018879319158705836, 0.0018961547858525982, 0.0019038576358357498, 0.0019110553758200065, 0.0019177666058053271, 0.0019240139657916626, 0.0019298224657789578, 0.0019352186857671547, 0.0019402296857561946, 0.0019448831357460163, 0.001949206795736559, 0.0019532284357277625, 0.0019569754357195673, 0.001960473865711915, 0.001963747685704754, 0.0019668187056980373, 0.0019697069956917195, 0.0019724314756857605, 0.0019750092556801223, 0.0019774548956747726, 0.0019797806656696856, 0.0019819967956648385, 0.001984111745660212, 0.0019861330956557916, 0.0019880693056515564, 0.001989929605647487, 0.00199172056564357, 0.0019934467056397943, 0.001995112595636151, 0.0019967215256326315, 0.001998275135629234, 0.0019997733856259563, 0.0020012185356227956, 0.002002613355619745, 0.0020039562756168075, 0.002005249335613979, 0.002006494805611255, 0.002007691705608637, 0.0020088399756061255, 0.002009943725603711, 0.002010998545601404, 0.0020120070655991976, 0.002012976335597078, 0.002013907035595042, 0.0020148008655930874, 0.0020156597255912086, 0.0020164841155894055, 0.0020172714555876836, 0.0020180241155860375, 0.0020187416055844677, 0.0020194196655829847, 0.00202005720558159, 0.0020206542255802843, 0.0020212123455790637, 0.00202173041557793, 0.0020222054055768915, 0.0020226349655759522, 0.0020230213955751064, 0.0020233645255743563, 0.0020236624455737045, 0.0020239161555731496, 0.0020241275255726875, 0.002024296605572317, 0.002024426775572033, 0.0020245194355718306, 0.0020245754155717075, 0.0020245942655716664],
                                   'rho_dns': [1.0, 0.9921478468099427, 0.984162068933968, 0.9760531651977478, 0.9678312534670968, 0.9595055247332754, 0.9510835465219958, 0.9425703744547994, 0.933967532920999, 0.9252716440685317, 0.9164728820018271, 0.9075577420712099, 0.8985411878361941, 0.8894562195059482, 0.8803408907012135, 0.8712387115785448, 0.8621906679413226, 0.8532246125010169, 0.8443656876936664, 0.835637506737521, 0.8270689306961357, 0.8186930733821182, 0.8105418743815457, 0.8026440714457274, 0.79502378102403, 0.787700861451495, 0.7806947365882163, 0.7740193911760191, 0.767686208787572, 0.7617010669215353, 0.7560667040063164, 0.7507809229317556, 0.7458392676222265, 0.7412323958578714, 0.7369495893396324, 0.7329767566884328, 0.7292981878401941, 0.7258972658747421, 0.7227562730357344, 0.7198571998471784, 0.7171820834619637, 0.7147134743011495, 0.7124342926842999, 0.7103280107409812, 0.7083786208801574, 0.7065707649050226, 0.704890114844634, 0.7033236937074834, 0.7018598347797793, 0.7004879358768421, 0.6991981397365302, 0.6979816142743134, 0.6968308692452204, 0.6957396029542995, 0.6947025599052341, 0.6937153842635806, 0.6927741894112752, 0.6918747314754694, 0.6910124604529381, 0.6901841045172775, 0.6893873722930605, 0.6886199745514059, 0.6878802335987522, 0.6871672459603231, 0.6864808883613188, 0.6858199920686089, 0.6851831679410441, 0.6845710165992209, 0.6839824971013686, 0.6834164741811525, 0.6828732965681976, 0.6823528979191078, 0.681853329657366, 0.6813765054144095, 0.6809211561738817, 0.6804840300044704, 0.680064760270839, 0.6796625254265115, 0.6792764195842259, 0.6789061708446827, 0.6785528915291942, 0.6782154737784573, 0.677894096018028, 0.6775906245783634, 0.6773055049952984, 0.6770386970060258, 0.6767894397083648, 0.6765582124876415, 0.6763463343717236, 0.6761548211218963, 0.6759826178429501, 0.675829774493076, 0.6756971184657012, 0.6755841839232128, 0.6754901215076833, 0.6754148951933707, 0.6753569905291492, 0.6753157770604826, 0.6752908803158059, 0.6752824972611334]},
                      'case': 'Supersonic_M1.7R400',
                      'constant_Sq_heat': 0.0,
                      'use_visc_heating': True,
                      'Pr_turb': 1.0,
                      'fprint': '<function '
                                'Build_arguments_fi_run._mk_args_MK_solver.<locals>.<lambda> '
                                'at 0x7f3de1a75f70>',
                      'compressible_correction': False,
                      'bool_solve_energy': False,
                      'output_last': False},
  'u_imp': 10,
  'k_imp': 1,
  'e_imp': 0,
  'solve_sparse_adj': True,
  'all_ref_beta_distrib': {'K': [1.0, 0.99944071, 0.99889407, 0.99837072, 0.99787869, 0.99742745, 0.99702846, 0.99669521, 0.99644333, 0.99629075, 0.99625789, 0.99636788, 0.99664623, 0.99712133, 0.99782488, 0.99879231, 1.00006293, 1.00167886, 1.00368148, 1.00610528, 1.00897104, 1.01228269, 1.0160287, 1.02018388, 1.02470986, 1.02955597, 1.0346605, 1.03995276, 1.04535406, 1.05077923, 1.05613768, 1.06133439, 1.06626982, 1.0708409, 1.07494159, 1.07846372, 1.08129715, 1.08333221, 1.08446001, 1.08457386, 1.08357279, 1.08136066, 1.07785165, 1.07296988, 1.06665392, 1.05885815, 1.04955608, 1.03874222, 1.02643539, 1.01267922, 0.99754385, 0.98112359, 0.96353531, 0.94491747, 0.92543758, 0.90530928, 0.88482082, 0.8643665, 0.8444654, 0.82575906, 0.8089815, 0.79490532, 0.78427286, 0.7777277, 0.77575787, 0.77865542, 0.78649747, 0.79914736, 0.81627077, 0.83736615, 0.86180251, 0.88885967, 0.91776594, 0.94773143, 0.97797107, 1.00771835, 1.03623572, 1.06282871, 1.08686276, 1.10777825, 1.12510531, 1.13848036, 1.14766653, 1.15258199, 1.15332968, 1.15021497, 1.14373712, 1.13455584, 1.12344086, 1.11121445, 1.09869093, 1.08661754, 1.07562019, 1.06614738, 1.05842359, 1.05244961, 1.0480697, 1.0450787, 1.04331384, 1.02133292], 'E': [1.0, 1.0, 1.0, 1.0, 1.0, 1.0, 1.0, 1.0, 1.0, 1.0, 1.0, 1.0, 1.0, 1.0, 1.0, 1.0, 1.0, 1.0, 1.0, 1.0, 1.0, 1.0, 1.0, 1.0, 1.0, 1.0, 1.0, 1.0, 1.0, 1.0, 1.0, 1.0, 1.0, 1.0, 1.0, 1.0, 1.0, 1.0, 1.0, 1.0, 1.0, 1.0, 1.0, 1.0, 1.0, 1.0, 1.0, 1.0, 1.0, 1.0, 1.0, 1.0, 1.0, 1.0, 1.0, 1.0, 1.0, 1.0, 1.0, 1.0, 1.0, 1.0, 1.0, 1.0, 1.0, 1.0, 1.0, 1.0, 1.0, 1.0, 1.0, 1.0, 1.0, 1.0, 1.0, 1.0, 1.0, 1.0, 1.0, 1.0, 1.0, 1.0, 1.0, 1.0, 1.0, 1.0, 1.0, 1.0, 1.0, 1.0, 1.0, 1.0, 1.0, 1.0, 1.0, 1.0, 1.0, 1.0, 1.0, 1.0]},
  'all_ref_delta_distrib': {'K': [-0.0, 0.01898986253248861, 0.03910798354022562, 0.060175461183491374, 0.08208592481100054, 0.10463013729513246, 0.12742802941459905, 0.14986829116469566, 0.1710318925890845, 0.18959767595817273, 0.20372960338033383, 0.21094322742629146, 0.20797391753869346, 0.19063532810820022, 0.1537165828715288, 0.09093044570925618, -0.005035471002319702, -0.14231098399930503, -0.3293557376474645, -0.5740088701675851, -0.8819905048794694, -1.2552580168663352, -1.6908985551335614, -2.1807655548895997, -2.711713569356576, -3.2664831998013066, -3.8251949724371785, -4.367145033550011, -4.87252931642004, -5.323857211884219, -5.706885692729939, -6.011065684956053, -6.229555740878773, -6.358973459382324, -6.398962535034547, -6.351705745390207, -6.221392281455032, -6.013803595459, -5.735880720477676, -5.395378455899777, -5.000640289777813, -4.560280964757149, -4.083091306432606, -3.5777970493249813, -3.052977891669051, -2.516914987695509, -1.9775056181241237, -1.442159097079299, -0.9177398757200581, -0.41046646164015893, 0.07414431380260815, 0.5313845221374665, 0.9573995704528852, 1.3491571413181989, 1.7042161325589273, 2.02032208257879, 2.294920321395737, 2.524809576449595, 2.7061598530071453, 2.83492348898592, 2.907563330024858, 2.921870191951093, 2.8776672394658065, 2.777204332036977, 2.625185878128126, 2.428492371792956, 2.195669851070511, 1.93630307020741, 1.660354799192996, 1.3775599468365147, 1.0969291808839625, 0.8263783023015774, 0.5725068211410435, 0.34050616240205517, 0.1341838611220342, -0.043918278486774855, -0.19238949529655613, -0.3108461116592287, -0.3998376120300308, -0.4607387690488358, -0.4956391930647514, -0.5072313216212214, -0.498709731896449, -0.4736777915952666, -0.4360347018384452, -0.3898091958689335, -0.3389253488347721, -0.286956130281198, -0.23690643911804235, -0.19106993792449775, -0.15096829942890275, -0.11736888689838416, -0.09036857397500828, -0.06952410931126024, -0.054022131760937266, -0.04288708240581064, -0.03518637855552105, -0.030173043563828297, -0.027338166173235187, -0.013191189896625084], 'E': [-0.0, -0.0, -0.0, -0.0, -0.0, -0.0, -0.0, -0.0, -0.0, -0.0, -0.0, -0.0, -0.0, -0.0, -0.0, -0.0, -0.0, -0.0, -0.0, -0.0, -0.0, -0.0, -0.0, -0.0, -0.0, -0.0, -0.0, -0.0, -0.0, -0.0, -0.0, -0.0, -0.0, -0.0, -0.0, -0.0, -0.0, -0.0, -0.0, -0.0, -0.0, -0.0, -0.0, -0.0, -0.0, -0.0, -0.0, -0.0, -0.0, -0.0, -0.0, -0.0, -0.0, -0.0, -0.0, -0.0, -0.0, -0.0, -0.0, -0.0, -0.0, -0.0, -0.0, -0.0, -0.0, -0.0, -0.0, -0.0, -0.0, -0.0, -0.0, -0.0, -0.0, -0.0, -0.0, -0.0, -0.0, -0.0, -0.0, -0.0, -0.0, -0.0, -0.0, -0.0, -0.0, -0.0, -0.0, -0.0, -0.0, -0.0, -0.0, -0.0, -0.0, -0.0, -0.0, -0.0, -0.0, -0.0, -0.0, -0.0]},
  'fname_print': '/media/rafael/DATA/Dropbox/20220924_FIML_solver/data/output/field_inversion/Beta_k/u_imp_10/FI_run_Supersonic_M1.7R400_u_imp_10_k_imp_1_e_imp_0/FI_run_Supersonic_M1.7R400_u_imp_10_k_imp_1_e_imp_0.log',
  'folder': '/media/rafael/DATA/Dropbox/20220924_FIML_solver/data/output/field_inversion/Beta_k/u_imp_10/FI_run_Supersonic_M1.7R400_u_imp_10_k_imp_1_e_imp_0',
  'iters_limit': 15000}
# End_Input_Arguments

# ------------------------------------------------------------------------
#                  Iterations
# ------------------------------------------------------------------------

iter:      0 (Jcost: 5.567384e-01) (lr = 1.000e-03) (elapsed time:  0.001) (secs/iter:   None) (n_accepted: 0%) (u_error:  4.522859 %) (beta_change: 22.424213 %) (delta_change:  4.812052 %) (delta_peak/R:  0.000000 %)
-> Saved file: /media/rafael/DATA/Dropbox/20220924_FIML_solver/data/output/field_inversion/Beta_k/u_imp_10/FI_run_Supersonic_M1.7R400_u_imp_10_k_imp_1_e_imp_0/FI_run_Supersonic_M1.7R400_u_imp_10_k_imp_1_e_imp_0_state_iter_0.dat
iter:    100 (Jcost: 6.473966e-02) (lr = 2.373e-02) (elapsed time: 120.396) (secs/iter:  1.204) (n_accepted: 83%) (u_error:  1.294241 %) (beta_change: 12.091234 %) (delta_change:  1.074431 %) (delta_peak/R:  4.458613 %)
iter:    200 (Jcost: 5.857511e-02) (lr = 1.173e-01) (elapsed time: 220.931) (secs/iter:  1.005) (n_accepted: 81%) (u_error:  1.245140 %) (beta_change:  5.866691 %) (delta_change:  0.435904 %) (delta_peak/R:  4.628582 %)
iter:    300 (Jcost: 5.812274e-02) (lr = 1.749e-02) (elapsed time: 318.179) (secs/iter:  0.972) (n_accepted: 77%) (u_error:  1.244378 %) (beta_change:  3.924825 %) (delta_change:  0.347937 %) (delta_peak/R:  4.547992 %)
iter:    400 (Jcost: 5.791560e-02) (lr = 1.195e+00) (elapsed time: 409.962) (secs/iter:  0.918) (n_accepted: 84%) (u_error:  1.236970 %) (beta_change:  2.168108 %) (delta_change:  0.334520 %) (delta_peak/R:  4.477532 %)
iter:    500 (Jcost: 5.785386e-02) (lr = 4.275e-01) (elapsed time: 499.190) (secs/iter:  0.892) (n_accepted: 78%) (u_error:  1.242637 %) (beta_change:  1.396893 %) (delta_change:  0.338189 %) (delta_peak/R:  4.480983 %)
-> Saved file: /media/rafael/DATA/Dropbox/20220924_FIML_solver/data/output/field_inversion/Beta_k/u_imp_10/FI_run_Supersonic_M1.7R400_u_imp_10_k_imp_1_e_imp_0/FI_run_Supersonic_M1.7R400_u_imp_10_k_imp_1_e_imp_0_state_iter_500.dat
iter:    600 (Jcost: 5.780540e-02) (lr = 6.371e-02) (elapsed time: 593.082) (secs/iter:  0.939) (n_accepted: 77%) (u_error:  1.243120 %) (beta_change:  0.723195 %) (delta_change:  0.345634 %) (delta_peak/R:  4.477947 %)
iter:    700 (Jcost: 5.778098e-02) (lr = 9.495e-03) (elapsed time: 683.423) (secs/iter:  0.903) (n_accepted: 77%) (u_error:  1.242693 %) (beta_change:  0.731736 %) (delta_change:  0.345588 %) (delta_peak/R:  4.469603 %)
iter:    800 (Jcost: 5.776359e-02) (lr = 1.956e-02) (elapsed time: 770.699) (secs/iter:  0.873) (n_accepted: 80%) (u_error:  1.245138 %) (beta_change:  0.936535 %) (delta_change:  0.350232 %) (delta_peak/R:  4.468543 %)
iter:    900 (Jcost: 5.775132e-02) (lr = 5.571e-01) (elapsed time: 853.787) (secs/iter:  0.831) (n_accepted: 83%) (u_error:  1.242850 %) (beta_change:  1.056813 %) (delta_change:  0.348150 %) (delta_peak/R:  4.468883 %)
iter:   1000 (Jcost: 5.773979e-02) (lr = 1.992e-01) (elapsed time: 937.920) (secs/iter:  0.841) (n_accepted: 78%) (u_error:  1.242821 %) (beta_change:  1.336482 %) (delta_change:  0.349111 %) (delta_peak/R:  4.468220 %)
-> Saved file: /media/rafael/DATA/Dropbox/20220924_FIML_solver/data/output/field_inversion/Beta_k/u_imp_10/FI_run_Supersonic_M1.7R400_u_imp_10_k_imp_1_e_imp_0/FI_run_Supersonic_M1.7R400_u_imp_10_k_imp_1_e_imp_0_state_iter_1000.dat
iter:   1100 (Jcost: 5.772835e-02) (lr = 1.237e-02) (elapsed time: 1027.624) (secs/iter:  0.897) (n_accepted: 76%) (u_error:  1.243027 %) (beta_change:  1.662275 %) (delta_change:  0.349977 %) (delta_peak/R:  4.467721 %)
iter:   1200 (Jcost: 5.772050e-02) (lr = 1.062e-02) (elapsed time: 1113.087) (secs/iter:  0.855) (n_accepted: 79%) (u_error:  1.243029 %) (beta_change:  1.890536 %) (delta_change:  0.350288 %) (delta_peak/R:  4.467098 %)
iter:   1300 (Jcost: 5.771335e-02) (lr = 3.025e-01) (elapsed time: 1193.613) (secs/iter:  0.805) (n_accepted: 83%) (u_error:  1.243425 %) (beta_change:  2.102943 %) (delta_change:  0.351055 %) (delta_peak/R:  4.466482 %)
iter:   1400 (Jcost: 5.770879e-02) (lr = 1.082e-01) (elapsed time: 1278.457) (secs/iter:  0.848) (n_accepted: 78%) (u_error:  1.242702 %) (beta_change:  2.238944 %) (delta_change:  0.350425 %) (delta_peak/R:  4.467113 %)
iter:   1500 (Jcost: 5.770328e-02) (lr = 9.286e-02) (elapsed time: 1348.567) (secs/iter:  0.701) (n_accepted: 79%) (u_error:  1.243052 %) (beta_change:  2.428766 %) (delta_change:  0.350987 %) (delta_peak/R:  4.466477 %)
-> Saved file: /media/rafael/DATA/Dropbox/20220924_FIML_solver/data/output/field_inversion/Beta_k/u_imp_10/FI_run_Supersonic_M1.7R400_u_imp_10_k_imp_1_e_imp_0/FI_run_Supersonic_M1.7R400_u_imp_10_k_imp_1_e_imp_0_state_iter_1500.dat
iter:   1600 (Jcost: 5.769886e-02) (lr = 3.321e-02) (elapsed time: 1401.344) (secs/iter:  0.528) (n_accepted: 78%) (u_error:  1.242794 %) (beta_change:  2.656401 %) (delta_change:  0.350866 %) (delta_peak/R:  4.466636 %)
iter:   1700 (Jcost: 5.769377e-02) (lr = 2.851e-02) (elapsed time: 1449.198) (secs/iter:  0.479) (n_accepted: 79%) (u_error:  1.242626 %) (beta_change:  2.937239 %) (delta_change:  0.350842 %) (delta_peak/R:  4.466642 %)
iter:   1800 (Jcost: 5.769051e-02) (lr = 8.120e-01) (elapsed time: 1511.458) (secs/iter:  0.623) (n_accepted: 83%) (u_error:  1.242844 %) (beta_change:  3.129589 %) (delta_change:  0.351187 %) (delta_peak/R:  4.466285 %)
iter:   1900 (Jcost: 5.768762e-02) (lr = 1.210e-01) (elapsed time: 1559.829) (secs/iter:  0.484) (n_accepted: 77%) (u_error:  1.242664 %) (beta_change:  3.309539 %) (delta_change:  0.351083 %) (delta_peak/R:  4.466391 %)
iter:   2000 (Jcost: 5.768470e-02) (lr = 1.803e-02) (elapsed time: 1608.410) (secs/iter:  0.486) (n_accepted: 77%) (u_error:  1.242631 %) (beta_change:  3.500876 %) (delta_change:  0.351140 %) (delta_peak/R:  4.466327 %)
-> Saved file: /media/rafael/DATA/Dropbox/20220924_FIML_solver/data/output/field_inversion/Beta_k/u_imp_10/FI_run_Supersonic_M1.7R400_u_imp_10_k_imp_1_e_imp_0/FI_run_Supersonic_M1.7R400_u_imp_10_k_imp_1_e_imp_0_state_iter_2000.dat
iter:   2100 (Jcost: 5.768224e-02) (lr = 3.715e-02) (elapsed time: 1659.431) (secs/iter:  0.510) (n_accepted: 80%) (u_error:  1.243641 %) (beta_change:  3.681295 %) (delta_change:  0.352322 %) (delta_peak/R:  4.465077 %)
iter:   2200 (Jcost: 5.767997e-02) (lr = 1.058e+00) (elapsed time: 1705.485) (secs/iter:  0.461) (n_accepted: 83%) (u_error:  1.242596 %) (beta_change:  3.835809 %) (delta_change:  0.351254 %) (delta_peak/R:  4.466205 %)
iter:   2300 (Jcost: 5.767778e-02) (lr = 3.784e-01) (elapsed time: 1783.874) (secs/iter:  0.784) (n_accepted: 78%) (u_error:  1.242601 %) (beta_change:  4.001984 %) (delta_change:  0.351332 %) (delta_peak/R:  4.466122 %)
iter:   2400 (Jcost: 5.767609e-02) (lr = 1.353e-01) (elapsed time: 1862.100) (secs/iter:  0.782) (n_accepted: 78%) (u_error:  1.242539 %) (beta_change:  4.145534 %) (delta_change:  0.351320 %) (delta_peak/R:  4.466134 %)
iter:   2500 (Jcost: 5.767428e-02) (lr = 1.162e-01) (elapsed time: 1941.484) (secs/iter:  0.794) (n_accepted: 79%) (u_error:  1.242377 %) (beta_change:  4.307882 %) (delta_change:  0.351205 %) (delta_peak/R:  4.466255 %)
-> Saved file: /media/rafael/DATA/Dropbox/20220924_FIML_solver/data/output/field_inversion/Beta_k/u_imp_10/FI_run_Supersonic_M1.7R400_u_imp_10_k_imp_1_e_imp_0/FI_run_Supersonic_M1.7R400_u_imp_10_k_imp_1_e_imp_0_state_iter_2500.dat
iter:   2600 (Jcost: 5.767269e-02) (lr = 9.973e-02) (elapsed time: 2026.106) (secs/iter:  0.846) (n_accepted: 79%) (u_error:  1.242483 %) (beta_change:  4.458453 %) (delta_change:  0.351374 %) (delta_peak/R:  4.466076 %)
iter:   2700 (Jcost: 5.767105e-02) (lr = 1.486e-02) (elapsed time: 2095.644) (secs/iter:  0.695) (n_accepted: 77%) (u_error:  1.242460 %) (beta_change:  4.622460 %) (delta_change:  0.351405 %) (delta_peak/R:  4.466042 %)
iter:   2800 (Jcost: 5.766983e-02) (lr = 7.349e-02) (elapsed time: 2175.120) (secs/iter:  0.795) (n_accepted: 81%) (u_error:  1.241954 %) (beta_change:  4.754823 %) (delta_change:  0.350899 %) (delta_peak/R:  4.466578 %)
iter:   2900 (Jcost: 5.766895e-02) (lr = 1.514e-01) (elapsed time: 2252.400) (secs/iter:  0.773) (n_accepted: 80%) (u_error:  1.242360 %) (beta_change:  4.847714 %) (delta_change:  0.351370 %) (delta_peak/R:  4.466079 %)
iter:   3000 (Jcost: 5.766788e-02) (lr = 1.300e-01) (elapsed time: 2327.941) (secs/iter:  0.755) (n_accepted: 79%) (u_error:  1.242409 %) (beta_change:  4.968555 %) (delta_change:  0.351461 %) (delta_peak/R:  4.465983 %)
-> Saved file: /media/rafael/DATA/Dropbox/20220924_FIML_solver/data/output/field_inversion/Beta_k/u_imp_10/FI_run_Supersonic_M1.7R400_u_imp_10_k_imp_1_e_imp_0/FI_run_Supersonic_M1.7R400_u_imp_10_k_imp_1_e_imp_0_state_iter_3000.dat
iter:   3100 (Jcost: 5.766685e-02) (lr = 1.937e-02) (elapsed time: 2412.047) (secs/iter:  0.841) (n_accepted: 77%) (u_error:  1.242504 %) (beta_change:  5.091374 %) (delta_change:  0.351601 %) (delta_peak/R:  4.465835 %)
iter:   3200 (Jcost: 5.766595e-02) (lr = 1.662e-02) (elapsed time: 2489.989) (secs/iter:  0.779) (n_accepted: 79%) (u_error:  1.242409 %) (beta_change:  5.202268 %) (delta_change:  0.351531 %) (delta_peak/R:  4.465910 %)
iter:   3300 (Jcost: 5.766509e-02) (lr = 1.136e+00) (elapsed time: 2563.716) (secs/iter:  0.737) (n_accepted: 84%) (u_error:  1.242704 %) (beta_change:  5.314191 %) (delta_change:  0.351884 %) (delta_peak/R:  4.465537 %)
iter:   3400 (Jcost: 5.766438e-02) (lr = 4.064e-01) (elapsed time: 2640.047) (secs/iter:  0.763) (n_accepted: 78%) (u_error:  1.242321 %) (beta_change:  5.408147 %) (delta_change:  0.351493 %) (delta_peak/R:  4.465951 %)
iter:   3500 (Jcost: 5.766370e-02) (lr = 6.057e-02) (elapsed time: 2718.884) (secs/iter:  0.788) (n_accepted: 77%) (u_error:  1.242375 %) (beta_change:  5.501225 %) (delta_change:  0.351577 %) (delta_peak/R:  4.465863 %)
-> Saved file: /media/rafael/DATA/Dropbox/20220924_FIML_solver/data/output/field_inversion/Beta_k/u_imp_10/FI_run_Supersonic_M1.7R400_u_imp_10_k_imp_1_e_imp_0/FI_run_Supersonic_M1.7R400_u_imp_10_k_imp_1_e_imp_0_state_iter_3500.dat
iter:   3600 (Jcost: 5.766305e-02) (lr = 2.166e-02) (elapsed time: 2800.962) (secs/iter:  0.821) (n_accepted: 78%) (u_error:  1.242333 %) (beta_change:  5.593153 %) (delta_change:  0.351556 %) (delta_peak/R:  4.465886 %)
iter:   3700 (Jcost: 5.766235e-02) (lr = 4.463e-02) (elapsed time: 2871.587) (secs/iter:  0.706) (n_accepted: 80%) (u_error:  1.242552 %) (beta_change:  5.696682 %) (delta_change:  0.351821 %) (delta_peak/R:  4.465606 %)
iter:   3800 (Jcost: 5.766166e-02) (lr = 1.271e+00) (elapsed time: 2946.340) (secs/iter:  0.748) (n_accepted: 83%) (u_error:  1.242275 %) (beta_change:  5.801313 %) (delta_change:  0.351546 %) (delta_peak/R:  4.465899 %)
iter:   3900 (Jcost: 5.766127e-02) (lr = 1.370e-02) (elapsed time: 3025.726) (secs/iter:  0.794) (n_accepted: 74%) (u_error:  1.242348 %) (beta_change:  5.865425 %) (delta_change:  0.351640 %) (delta_peak/R:  4.465799 %)
iter:   4000 (Jcost: 5.766094e-02) (lr = 1.176e-02) (elapsed time: 3102.821) (secs/iter:  0.771) (n_accepted: 79%) (u_error:  1.242317 %) (beta_change:  5.930107 %) (delta_change:  0.351619 %) (delta_peak/R:  4.465822 %)
-> Saved file: /media/rafael/DATA/Dropbox/20220924_FIML_solver/data/output/field_inversion/Beta_k/u_imp_10/FI_run_Supersonic_M1.7R400_u_imp_10_k_imp_1_e_imp_0/FI_run_Supersonic_M1.7R400_u_imp_10_k_imp_1_e_imp_0_state_iter_4000.dat
iter:   4100 (Jcost: 5.766046e-02) (lr = 8.039e-01) (elapsed time: 3181.413) (secs/iter:  0.786) (n_accepted: 84%) (u_error:  1.242430 %) (beta_change:  6.027257 %) (delta_change:  0.351760 %) (delta_peak/R:  4.465674 %)
iter:   4200 (Jcost: 5.766010e-02) (lr = 1.198e-01) (elapsed time: 3258.381) (secs/iter:  0.770) (n_accepted: 77%) (u_error:  1.242367 %) (beta_change:  6.104719 %) (delta_change:  0.351705 %) (delta_peak/R:  4.465732 %)
iter:   4300 (Jcost: 5.765970e-02) (lr = 1.028e-01) (elapsed time: 3333.473) (secs/iter:  0.751) (n_accepted: 79%) (u_error:  1.242344 %) (beta_change:  6.193229 %) (delta_change:  0.351696 %) (delta_peak/R:  4.465744 %)
iter:   4400 (Jcost: 5.765927e-02) (lr = 3.678e-02) (elapsed time: 3407.917) (secs/iter:  0.744) (n_accepted: 78%) (u_error:  1.242307 %) (beta_change:  6.289519 %) (delta_change:  0.351672 %) (delta_peak/R:  4.465770 %)
iter:   4500 (Jcost: 5.765889e-02) (lr = 1.316e-02) (elapsed time: 3458.509) (secs/iter:  0.506) (n_accepted: 78%) (u_error:  1.242332 %) (beta_change:  6.381149 %) (delta_change:  0.351714 %) (delta_peak/R:  4.465726 %)
-> Saved file: /media/rafael/DATA/Dropbox/20220924_FIML_solver/data/output/field_inversion/Beta_k/u_imp_10/FI_run_Supersonic_M1.7R400_u_imp_10_k_imp_1_e_imp_0/FI_run_Supersonic_M1.7R400_u_imp_10_k_imp_1_e_imp_0_state_iter_4500.dat
iter:   4600 (Jcost: 5.765851e-02) (lr = 8.992e-01) (elapsed time: 3530.807) (secs/iter:  0.723) (n_accepted: 84%) (u_error:  1.242737 %) (beta_change:  6.482036 %) (delta_change:  0.352170 %) (delta_peak/R:  4.465244 %)
iter:   4700 (Jcost: 5.765824e-02) (lr = 3.216e-01) (elapsed time: 3606.413) (secs/iter:  0.756) (n_accepted: 78%) (u_error:  1.242378 %) (beta_change:  6.545798 %) (delta_change:  0.351790 %) (delta_peak/R:  4.465647 %)
iter:   4800 (Jcost: 5.765795e-02) (lr = 1.150e-01) (elapsed time: 3682.618) (secs/iter:  0.762) (n_accepted: 78%) (u_error:  1.242394 %) (beta_change:  6.621883 %) (delta_change:  0.351818 %) (delta_peak/R:  4.465618 %)
iter:   4900 (Jcost: 5.765765e-02) (lr = 4.114e-02) (elapsed time: 3753.884) (secs/iter:  0.713) (n_accepted: 78%) (u_error:  1.242378 %) (beta_change:  6.704560 %) (delta_change:  0.351813 %) (delta_peak/R:  4.465625 %)
iter:   5000 (Jcost: 5.765739e-02) (lr = 3.532e-02) (elapsed time: 3828.506) (secs/iter:  0.746) (n_accepted: 79%) (u_error:  1.242337 %) (beta_change:  6.779985 %) (delta_change:  0.351779 %) (delta_peak/R:  4.465661 %)
-> Saved file: /media/rafael/DATA/Dropbox/20220924_FIML_solver/data/output/field_inversion/Beta_k/u_imp_10/FI_run_Supersonic_M1.7R400_u_imp_10_k_imp_1_e_imp_0/FI_run_Supersonic_M1.7R400_u_imp_10_k_imp_1_e_imp_0_state_iter_5000.dat
iter:   5100 (Jcost: 5.765712e-02) (lr = 3.032e-02) (elapsed time: 3907.452) (secs/iter:  0.789) (n_accepted: 79%) (u_error:  1.242502 %) (beta_change:  6.859500 %) (delta_change:  0.351969 %) (delta_peak/R:  4.465461 %)
iter:   5200 (Jcost: 5.765690e-02) (lr = 3.598e-01) (elapsed time: 3978.189) (secs/iter:  0.707) (n_accepted: 82%) (u_error:  1.242312 %) (beta_change:  6.927485 %) (delta_change:  0.351771 %) (delta_peak/R:  4.465672 %)
iter:   5300 (Jcost: 5.765668e-02) (lr = 1.287e-01) (elapsed time: 4050.604) (secs/iter:  0.724) (n_accepted: 78%) (u_error:  1.242300 %) (beta_change:  6.997251 %) (delta_change:  0.351767 %) (delta_peak/R:  4.465677 %)
iter:   5400 (Jcost: 5.765647e-02) (lr = 4.602e-02) (elapsed time: 4092.824) (secs/iter:  0.422) (n_accepted: 78%) (u_error:  1.242475 %) (beta_change:  7.065231 %) (delta_change:  0.351966 %) (delta_peak/R:  4.465467 %)
iter:   5500 (Jcost: 5.765633e-02) (lr = 1.646e-02) (elapsed time: 4136.145) (secs/iter:  0.433) (n_accepted: 78%) (u_error:  1.242324 %) (beta_change:  7.110122 %) (delta_change:  0.351807 %) (delta_peak/R:  4.465636 %)
-> Saved file: /media/rafael/DATA/Dropbox/20220924_FIML_solver/data/output/field_inversion/Beta_k/u_imp_10/FI_run_Supersonic_M1.7R400_u_imp_10_k_imp_1_e_imp_0/FI_run_Supersonic_M1.7R400_u_imp_10_k_imp_1_e_imp_0_state_iter_5500.dat
iter:   5600 (Jcost: 5.765611e-02) (lr = 3.391e-02) (elapsed time: 4179.472) (secs/iter:  0.433) (n_accepted: 80%) (u_error:  1.242256 %) (beta_change:  7.187001 %) (delta_change:  0.351743 %) (delta_peak/R:  4.465705 %)
iter:   5700 (Jcost: 5.765593e-02) (lr = 9.658e-01) (elapsed time: 4220.235) (secs/iter:  0.408) (n_accepted: 83%) (u_error:  1.242423 %) (beta_change:  7.249412 %) (delta_change:  0.351931 %) (delta_peak/R:  4.465506 %)
iter:   5800 (Jcost: 5.765579e-02) (lr = 3.454e-01) (elapsed time: 4262.483) (secs/iter:  0.422) (n_accepted: 78%) (u_error:  1.242316 %) (beta_change:  7.299963 %) (delta_change:  0.351821 %) (delta_peak/R:  4.465623 %)
iter:   5900 (Jcost: 5.765562e-02) (lr = 2.965e-01) (elapsed time: 4303.554) (secs/iter:  0.411) (n_accepted: 79%) (u_error:  1.242308 %) (beta_change:  7.362709 %) (delta_change:  0.351819 %) (delta_peak/R:  4.465626 %)
iter:   6000 (Jcost: 5.765542e-02) (lr = 4.419e-02) (elapsed time: 4368.970) (secs/iter:  0.654) (n_accepted: 77%) (u_error:  1.242288 %) (beta_change:  7.437481 %) (delta_change:  0.351805 %) (delta_peak/R:  4.465641 %)
-> Saved file: /media/rafael/DATA/Dropbox/20220924_FIML_solver/data/output/field_inversion/Beta_k/u_imp_10/FI_run_Supersonic_M1.7R400_u_imp_10_k_imp_1_e_imp_0/FI_run_Supersonic_M1.7R400_u_imp_10_k_imp_1_e_imp_0_state_iter_6000.dat
iter:   6100 (Jcost: 5.765527e-02) (lr = 1.580e-02) (elapsed time: 4447.561) (secs/iter:  0.786) (n_accepted: 78%) (u_error:  1.242317 %) (beta_change:  7.495802 %) (delta_change:  0.351843 %) (delta_peak/R:  4.465602 %)
iter:   6200 (Jcost: 5.765512e-02) (lr = 1.357e-02) (elapsed time: 4519.102) (secs/iter:  0.715) (n_accepted: 79%) (u_error:  1.242341 %) (beta_change:  7.555717 %) (delta_change:  0.351876 %) (delta_peak/R:  4.465569 %)
iter:   6300 (Jcost: 5.765497e-02) (lr = 9.273e-01) (elapsed time: 4585.103) (secs/iter:  0.660) (n_accepted: 84%) (u_error:  1.242182 %) (beta_change:  7.620965 %) (delta_change:  0.351709 %) (delta_peak/R:  4.465745 %)
iter:   6400 (Jcost: 5.765485e-02) (lr = 3.317e-01) (elapsed time: 4655.855) (secs/iter:  0.708) (n_accepted: 78%) (u_error:  1.242340 %) (beta_change:  7.670452 %) (delta_change:  0.351885 %) (delta_peak/R:  4.465560 %)
iter:   6500 (Jcost: 5.765471e-02) (lr = 1.186e-01) (elapsed time: 4721.853) (secs/iter:  0.660) (n_accepted: 78%) (u_error:  1.242280 %) (beta_change:  7.730728 %) (delta_change:  0.351826 %) (delta_peak/R:  4.465623 %)
-> Saved file: /media/rafael/DATA/Dropbox/20220924_FIML_solver/data/output/field_inversion/Beta_k/u_imp_10/FI_run_Supersonic_M1.7R400_u_imp_10_k_imp_1_e_imp_0/FI_run_Supersonic_M1.7R400_u_imp_10_k_imp_1_e_imp_0_state_iter_6500.dat
iter:   6600 (Jcost: 5.765458e-02) (lr = 1.768e-02) (elapsed time: 4800.044) (secs/iter:  0.782) (n_accepted: 77%) (u_error:  1.242311 %) (beta_change:  7.788404 %) (delta_change:  0.351866 %) (delta_peak/R:  4.465581 %)
iter:   6700 (Jcost: 5.765446e-02) (lr = 1.517e-02) (elapsed time: 4871.133) (secs/iter:  0.711) (n_accepted: 79%) (u_error:  1.242306 %) (beta_change:  7.842680 %) (delta_change:  0.351866 %) (delta_peak/R:  4.465582 %)
iter:   6800 (Jcost: 5.765435e-02) (lr = 3.126e-02) (elapsed time: 4941.970) (secs/iter:  0.708) (n_accepted: 80%) (u_error:  1.242405 %) (beta_change:  7.892755 %) (delta_change:  0.351978 %) (delta_peak/R:  4.465464 %)
iter:   6900 (Jcost: 5.765423e-02) (lr = 3.710e-01) (elapsed time: 5005.139) (secs/iter:  0.632) (n_accepted: 82%) (u_error:  1.242303 %) (beta_change:  7.947137 %) (delta_change:  0.351873 %) (delta_peak/R:  4.465576 %)
iter:   7000 (Jcost: 5.765412e-02) (lr = 1.327e-01) (elapsed time: 5074.380) (secs/iter:  0.692) (n_accepted: 78%) (u_error:  1.242306 %) (beta_change:  8.001158 %) (delta_change:  0.351881 %) (delta_peak/R:  4.465568 %)
-> Saved file: /media/rafael/DATA/Dropbox/20220924_FIML_solver/data/output/field_inversion/Beta_k/u_imp_10/FI_run_Supersonic_M1.7R400_u_imp_10_k_imp_1_e_imp_0/FI_run_Supersonic_M1.7R400_u_imp_10_k_imp_1_e_imp_0_state_iter_7000.dat
iter:   7100 (Jcost: 5.765402e-02) (lr = 1.139e-01) (elapsed time: 5150.954) (secs/iter:  0.766) (n_accepted: 79%) (u_error:  1.242315 %) (beta_change:  8.049759 %) (delta_change:  0.351895 %) (delta_peak/R:  4.465554 %)
iter:   7200 (Jcost: 5.765391e-02) (lr = 1.697e-02) (elapsed time: 5221.245) (secs/iter:  0.703) (n_accepted: 77%) (u_error:  1.242325 %) (beta_change:  8.103127 %) (delta_change:  0.351910 %) (delta_peak/R:  4.465538 %)
iter:   7300 (Jcost: 5.765382e-02) (lr = 1.457e-02) (elapsed time: 5291.114) (secs/iter:  0.699) (n_accepted: 79%) (u_error:  1.242311 %) (beta_change:  8.150982 %) (delta_change:  0.351900 %) (delta_peak/R:  4.465550 %)
iter:   7400 (Jcost: 5.765372e-02) (lr = 1.251e-02) (elapsed time: 5362.495) (secs/iter:  0.714) (n_accepted: 79%) (u_error:  1.242328 %) (beta_change:  8.202147 %) (delta_change:  0.351923 %) (delta_peak/R:  4.465525 %)
iter:   7500 (Jcost: 5.765364e-02) (lr = 8.549e-01) (elapsed time: 5429.379) (secs/iter:  0.669) (n_accepted: 84%) (u_error:  1.242295 %) (beta_change:  8.243911 %) (delta_change:  0.351891 %) (delta_peak/R:  4.465560 %)
-> Saved file: /media/rafael/DATA/Dropbox/20220924_FIML_solver/data/output/field_inversion/Beta_k/u_imp_10/FI_run_Supersonic_M1.7R400_u_imp_10_k_imp_1_e_imp_0/FI_run_Supersonic_M1.7R400_u_imp_10_k_imp_1_e_imp_0_state_iter_7500.dat
iter:   7600 (Jcost: 5.765357e-02) (lr = 1.274e-01) (elapsed time: 5503.713) (secs/iter:  0.743) (n_accepted: 77%) (u_error:  1.242300 %) (beta_change:  8.283284 %) (delta_change:  0.351900 %) (delta_peak/R:  4.465551 %)
iter:   7700 (Jcost: 5.765348e-02) (lr = 1.899e-02) (elapsed time: 5575.393) (secs/iter:  0.717) (n_accepted: 77%) (u_error:  1.242307 %) (beta_change:  8.327352 %) (delta_change:  0.351911 %) (delta_peak/R:  4.465539 %)
iter:   7800 (Jcost: 5.765340e-02) (lr = 5.407e-01) (elapsed time: 5642.062) (secs/iter:  0.667) (n_accepted: 83%) (u_error:  1.242306 %) (beta_change:  8.374563 %) (delta_change:  0.351915 %) (delta_peak/R:  4.465536 %)
iter:   7900 (Jcost: 5.765331e-02) (lr = 1.934e-01) (elapsed time: 5700.961) (secs/iter:  0.589) (n_accepted: 78%) (u_error:  1.242303 %) (beta_change:  8.421495 %) (delta_change:  0.351916 %) (delta_peak/R:  4.465536 %)
iter:   8000 (Jcost: 5.765324e-02) (lr = 6.917e-02) (elapsed time: 5743.029) (secs/iter:  0.421) (n_accepted: 78%) (u_error:  1.242310 %) (beta_change:  8.465032 %) (delta_change:  0.351927 %) (delta_peak/R:  4.465524 %)
-> Saved file: /media/rafael/DATA/Dropbox/20220924_FIML_solver/data/output/field_inversion/Beta_k/u_imp_10/FI_run_Supersonic_M1.7R400_u_imp_10_k_imp_1_e_imp_0/FI_run_Supersonic_M1.7R400_u_imp_10_k_imp_1_e_imp_0_state_iter_8000.dat
iter:   8100 (Jcost: 5.765314e-02) (lr = 1.031e-02) (elapsed time: 5797.854) (secs/iter:  0.548) (n_accepted: 77%) (u_error:  1.242330 %) (beta_change:  8.521559 %) (delta_change:  0.351954 %) (delta_peak/R:  4.465496 %)
iter:   8200 (Jcost: 5.765308e-02) (lr = 8.848e-03) (elapsed time: 5843.722) (secs/iter:  0.459) (n_accepted: 79%) (u_error:  1.242287 %) (beta_change:  8.551619 %) (delta_change:  0.351911 %) (delta_peak/R:  4.465542 %)
iter:   8300 (Jcost: 5.765301e-02) (lr = 6.048e-01) (elapsed time: 5911.650) (secs/iter:  0.679) (n_accepted: 84%) (u_error:  1.242203 %) (beta_change:  8.595714 %) (delta_change:  0.351823 %) (delta_peak/R:  4.465636 %)
iter:   8400 (Jcost: 5.765295e-02) (lr = 5.192e-01) (elapsed time: 5976.265) (secs/iter:  0.646) (n_accepted: 79%) (u_error:  1.242309 %) (beta_change:  8.627948 %) (delta_change:  0.351942 %) (delta_peak/R:  4.465510 %)
iter:   8500 (Jcost: 5.765287e-02) (lr = 7.737e-02) (elapsed time: 6043.360) (secs/iter:  0.671) (n_accepted: 77%) (u_error:  1.242324 %) (beta_change:  8.675688 %) (delta_change:  0.351962 %) (delta_peak/R:  4.465489 %)
-> Saved file: /media/rafael/DATA/Dropbox/20220924_FIML_solver/data/output/field_inversion/Beta_k/u_imp_10/FI_run_Supersonic_M1.7R400_u_imp_10_k_imp_1_e_imp_0/FI_run_Supersonic_M1.7R400_u_imp_10_k_imp_1_e_imp_0_state_iter_8500.dat
iter:   8600 (Jcost: 5.765279e-02) (lr = 2.767e-02) (elapsed time: 6112.874) (secs/iter:  0.695) (n_accepted: 78%) (u_error:  1.242332 %) (beta_change:  8.722849 %) (delta_change:  0.351975 %) (delta_peak/R:  4.465475 %)
iter:   8700 (Jcost: 5.765271e-02) (lr = 5.701e-02) (elapsed time: 6180.172) (secs/iter:  0.673) (n_accepted: 80%) (u_error:  1.242371 %) (beta_change:  8.773382 %) (delta_change:  0.352023 %) (delta_peak/R:  4.465426 %)
iter:   8800 (Jcost: 5.765265e-02) (lr = 6.765e-01) (elapsed time: 6246.673) (secs/iter:  0.665) (n_accepted: 82%) (u_error:  1.242317 %) (beta_change:  8.810165 %) (delta_change:  0.351967 %) (delta_peak/R:  4.465485 %)
iter:   8900 (Jcost: 5.765260e-02) (lr = 4.201e-02) (elapsed time: 6302.601) (secs/iter:  0.559) (n_accepted: 76%) (u_error:  1.242285 %) (beta_change:  8.843350 %) (delta_change:  0.351936 %) (delta_peak/R:  4.465518 %)
iter:   9000 (Jcost: 5.765252e-02) (lr = 1.502e-02) (elapsed time: 6342.052) (secs/iter:  0.395) (n_accepted: 78%) (u_error:  1.242311 %) (beta_change:  8.888184 %) (delta_change:  0.351968 %) (delta_peak/R:  4.465485 %)
-> Saved file: /media/rafael/DATA/Dropbox/20220924_FIML_solver/data/output/field_inversion/Beta_k/u_imp_10/FI_run_Supersonic_M1.7R400_u_imp_10_k_imp_1_e_imp_0/FI_run_Supersonic_M1.7R400_u_imp_10_k_imp_1_e_imp_0_state_iter_9000.dat
iter:   9100 (Jcost: 5.765246e-02) (lr = 3.095e-02) (elapsed time: 6408.980) (secs/iter:  0.669) (n_accepted: 80%) (u_error:  1.242231 %) (beta_change:  8.929860 %) (delta_change:  0.351886 %) (delta_peak/R:  4.465572 %)
iter:   9200 (Jcost: 5.765239e-02) (lr = 8.815e-01) (elapsed time: 6472.405) (secs/iter:  0.634) (n_accepted: 83%) (u_error:  1.242319 %) (beta_change:  8.973210 %) (delta_change:  0.351985 %) (delta_peak/R:  4.465467 %)
iter:   9300 (Jcost: 5.765234e-02) (lr = 1.314e-01) (elapsed time: 6542.291) (secs/iter:  0.699) (n_accepted: 77%) (u_error:  1.242315 %) (beta_change:  9.006769 %) (delta_change:  0.351985 %) (delta_peak/R:  4.465468 %)
iter:   9400 (Jcost: 5.765227e-02) (lr = 1.128e-01) (elapsed time: 6609.553) (secs/iter:  0.673) (n_accepted: 79%) (u_error:  1.242407 %) (beta_change:  9.048711 %) (delta_change:  0.352089 %) (delta_peak/R:  4.465358 %)
iter:   9500 (Jcost: 5.765221e-02) (lr = 1.338e+00) (elapsed time: 6676.870) (secs/iter:  0.673) (n_accepted: 82%) (u_error:  1.242445 %) (beta_change:  9.089051 %) (delta_change:  0.352133 %) (delta_peak/R:  4.465311 %)
-> Saved file: /media/rafael/DATA/Dropbox/20220924_FIML_solver/data/output/field_inversion/Beta_k/u_imp_10/FI_run_Supersonic_M1.7R400_u_imp_10_k_imp_1_e_imp_0/FI_run_Supersonic_M1.7R400_u_imp_10_k_imp_1_e_imp_0_state_iter_9500.dat
iter:   9600 (Jcost: 5.765216e-02) (lr = 4.786e-01) (elapsed time: 6747.047) (secs/iter:  0.702) (n_accepted: 78%) (u_error:  1.242321 %) (beta_change:  9.124500 %) (delta_change:  0.352003 %) (delta_peak/R:  4.465450 %)
iter:   9700 (Jcost: 5.765209e-02) (lr = 7.133e-02) (elapsed time: 6816.633) (secs/iter:  0.696) (n_accepted: 77%) (u_error:  1.242292 %) (beta_change:  9.167354 %) (delta_change:  0.351976 %) (delta_peak/R:  4.465479 %)
iter:   9800 (Jcost: 5.765203e-02) (lr = 1.063e-02) (elapsed time: 6883.785) (secs/iter:  0.672) (n_accepted: 77%) (u_error:  1.242315 %) (beta_change:  9.207741 %) (delta_change:  0.352005 %) (delta_peak/R:  4.465449 %)
iter:   9900 (Jcost: 5.765197e-02) (lr = 2.190e-02) (elapsed time: 6953.498) (secs/iter:  0.697) (n_accepted: 80%) (u_error:  1.242309 %) (beta_change:  9.243953 %) (delta_change:  0.352002 %) (delta_peak/R:  4.465451 %)
iter:  10000 (Jcost: 5.765191e-02) (lr = 6.237e-01) (elapsed time: 7018.752) (secs/iter:  0.653) (n_accepted: 83%) (u_error:  1.242192 %) (beta_change:  9.287193 %) (delta_change:  0.351880 %) (delta_peak/R:  4.465582 %)
-> Saved file: /media/rafael/DATA/Dropbox/20220924_FIML_solver/data/output/field_inversion/Beta_k/u_imp_10/FI_run_Supersonic_M1.7R400_u_imp_10_k_imp_1_e_imp_0/FI_run_Supersonic_M1.7R400_u_imp_10_k_imp_1_e_imp_0_state_iter_10000.dat
iter:  10100 (Jcost: 5.765187e-02) (lr = 3.873e-02) (elapsed time: 7091.831) (secs/iter:  0.731) (n_accepted: 76%) (u_error:  1.242306 %) (beta_change:  9.311285 %) (delta_change:  0.352007 %) (delta_peak/R:  4.465448 %)
iter:  10200 (Jcost: 5.765181e-02) (lr = 4.595e-01) (elapsed time: 7159.718) (secs/iter:  0.679) (n_accepted: 82%) (u_error:  1.242132 %) (beta_change:  9.356699 %) (delta_change:  0.351822 %) (delta_peak/R:  4.465643 %)
iter:  10300 (Jcost: 5.765177e-02) (lr = 3.945e-01) (elapsed time: 7229.551) (secs/iter:  0.698) (n_accepted: 79%) (u_error:  1.242317 %) (beta_change:  9.383635 %) (delta_change:  0.352026 %) (delta_peak/R:  4.465427 %)
iter:  10400 (Jcost: 5.765172e-02) (lr = 1.411e-01) (elapsed time: 7299.704) (secs/iter:  0.702) (n_accepted: 78%) (u_error:  1.242307 %) (beta_change:  9.415501 %) (delta_change:  0.352019 %) (delta_peak/R:  4.465435 %)
iter:  10500 (Jcost: 5.765167e-02) (lr = 5.046e-02) (elapsed time: 7368.768) (secs/iter:  0.691) (n_accepted: 78%) (u_error:  1.242301 %) (beta_change:  9.450145 %) (delta_change:  0.352017 %) (delta_peak/R:  4.465438 %)
-> Saved file: /media/rafael/DATA/Dropbox/20220924_FIML_solver/data/output/field_inversion/Beta_k/u_imp_10/FI_run_Supersonic_M1.7R400_u_imp_10_k_imp_1_e_imp_0/FI_run_Supersonic_M1.7R400_u_imp_10_k_imp_1_e_imp_0_state_iter_10500.dat
iter:  10600 (Jcost: 5.765161e-02) (lr = 1.805e-02) (elapsed time: 7438.003) (secs/iter:  0.692) (n_accepted: 78%) (u_error:  1.242314 %) (beta_change:  9.488859 %) (delta_change:  0.352034 %) (delta_peak/R:  4.465419 %)
iter:  10700 (Jcost: 5.765156e-02) (lr = 3.718e-02) (elapsed time: 7508.285) (secs/iter:  0.703) (n_accepted: 80%) (u_error:  1.242255 %) (beta_change:  9.523170 %) (delta_change:  0.351975 %) (delta_peak/R:  4.465483 %)
iter:  10800 (Jcost: 5.765152e-02) (lr = 7.660e-02) (elapsed time: 7572.334) (secs/iter:  0.640) (n_accepted: 80%) (u_error:  1.242336 %) (beta_change:  9.553353 %) (delta_change:  0.352066 %) (delta_peak/R:  4.465386 %)
iter:  10900 (Jcost: 5.765146e-02) (lr = 1.142e-02) (elapsed time: 7635.617) (secs/iter:  0.633) (n_accepted: 77%) (u_error:  1.242316 %) (beta_change:  9.593195 %) (delta_change:  0.352050 %) (delta_peak/R:  4.465404 %)
iter:  11000 (Jcost: 5.765141e-02) (lr = 2.352e-02) (elapsed time: 7705.233) (secs/iter:  0.696) (n_accepted: 80%) (u_error:  1.242316 %) (beta_change:  9.626544 %) (delta_change:  0.352053 %) (delta_peak/R:  4.465401 %)
-> Saved file: /media/rafael/DATA/Dropbox/20220924_FIML_solver/data/output/field_inversion/Beta_k/u_imp_10/FI_run_Supersonic_M1.7R400_u_imp_10_k_imp_1_e_imp_0/FI_run_Supersonic_M1.7R400_u_imp_10_k_imp_1_e_imp_0_state_iter_11000.dat
iter:  11100 (Jcost: 5.765136e-02) (lr = 2.791e-01) (elapsed time: 7755.325) (secs/iter:  0.501) (n_accepted: 82%) (u_error:  1.242417 %) (beta_change:  9.659052 %) (delta_change:  0.352167 %) (delta_peak/R:  4.465281 %)
iter:  11200 (Jcost: 5.765132e-02) (lr = 5.750e-01) (elapsed time: 7804.285) (secs/iter:  0.490) (n_accepted: 80%) (u_error:  1.242320 %) (beta_change:  9.691183 %) (delta_change:  0.352065 %) (delta_peak/R:  4.465388 %)
iter:  11300 (Jcost: 5.765126e-02) (lr = 8.568e-02) (elapsed time: 7874.000) (secs/iter:  0.697) (n_accepted: 77%) (u_error:  1.242331 %) (beta_change:  9.726051 %) (delta_change:  0.352082 %) (delta_peak/R:  4.465371 %)
iter:  11400 (Jcost: 5.765122e-02) (lr = 3.065e-02) (elapsed time: 7944.211) (secs/iter:  0.702) (n_accepted: 78%) (u_error:  1.242297 %) (beta_change:  9.756859 %) (delta_change:  0.352049 %) (delta_peak/R:  4.465406 %)
iter:  11500 (Jcost: 5.765117e-02) (lr = 2.631e-02) (elapsed time: 8000.723) (secs/iter:  0.565) (n_accepted: 79%) (u_error:  1.242323 %) (beta_change:  9.788353 %) (delta_change:  0.352081 %) (delta_peak/R:  4.465373 %)
-> Saved file: /media/rafael/DATA/Dropbox/20220924_FIML_solver/data/output/field_inversion/Beta_k/u_imp_10/FI_run_Supersonic_M1.7R400_u_imp_10_k_imp_1_e_imp_0/FI_run_Supersonic_M1.7R400_u_imp_10_k_imp_1_e_imp_0_state_iter_11500.dat
iter:  11600 (Jcost: 5.765112e-02) (lr = 1.798e+00) (elapsed time: 8045.913) (secs/iter:  0.452) (n_accepted: 84%) (u_error:  1.242456 %) (beta_change:  9.828388 %) (delta_change:  0.352231 %) (delta_peak/R:  4.465214 %)
iter:  11700 (Jcost: 5.765109e-02) (lr = 1.117e-01) (elapsed time: 8113.409) (secs/iter:  0.675) (n_accepted: 76%) (u_error:  1.242300 %) (beta_change:  9.850160 %) (delta_change:  0.352064 %) (delta_peak/R:  4.465391 %)
iter:  11800 (Jcost: 5.765104e-02) (lr = 1.664e-02) (elapsed time: 8184.216) (secs/iter:  0.708) (n_accepted: 77%) (u_error:  1.242303 %) (beta_change:  9.880980 %) (delta_change:  0.352071 %) (delta_peak/R:  4.465383 %)
iter:  11900 (Jcost: 5.765099e-02) (lr = 3.428e-02) (elapsed time: 8250.100) (secs/iter:  0.659) (n_accepted: 80%) (u_error:  1.242281 %) (beta_change:  9.916020 %) (delta_change:  0.352051 %) (delta_peak/R:  4.465404 %)
iter:  12000 (Jcost: 5.765095e-02) (lr = 7.062e-02) (elapsed time: 8316.742) (secs/iter:  0.666) (n_accepted: 80%) (u_error:  1.242444 %) (beta_change:  9.947788 %) (delta_change:  0.352234 %) (delta_peak/R:  4.465212 %)
-> Saved file: /media/rafael/DATA/Dropbox/20220924_FIML_solver/data/output/field_inversion/Beta_k/u_imp_10/FI_run_Supersonic_M1.7R400_u_imp_10_k_imp_1_e_imp_0/FI_run_Supersonic_M1.7R400_u_imp_10_k_imp_1_e_imp_0_state_iter_12000.dat
iter:  12100 (Jcost: 5.765092e-02) (lr = 2.526e-02) (elapsed time: 8391.799) (secs/iter:  0.751) (n_accepted: 78%) (u_error:  1.242322 %) (beta_change:  9.968009 %) (delta_change:  0.352104 %) (delta_peak/R:  4.465350 %)
iter:  12200 (Jcost: 5.765087e-02) (lr = 2.997e-01) (elapsed time: 8457.690) (secs/iter:  0.659) (n_accepted: 82%) (u_error:  1.242406 %) (beta_change:  9.998655 %) (delta_change:  0.352199 %) (delta_peak/R:  4.465249 %)
iter:  12300 (Jcost: 5.765084e-02) (lr = 6.175e-01) (elapsed time: 8521.907) (secs/iter:  0.642) (n_accepted: 80%) (u_error:  1.242310 %) (beta_change: 10.022628 %) (delta_change:  0.352098 %) (delta_peak/R:  4.465356 %)
iter:  12400 (Jcost: 5.765079e-02) (lr = 9.202e-02) (elapsed time: 8590.148) (secs/iter:  0.682) (n_accepted: 77%) (u_error:  1.242290 %) (beta_change: 10.057877 %) (delta_change:  0.352081 %) (delta_peak/R:  4.465374 %)
iter:  12500 (Jcost: 5.765074e-02) (lr = 1.371e-02) (elapsed time: 8662.341) (secs/iter:  0.722) (n_accepted: 77%) (u_error:  1.242310 %) (beta_change: 10.087319 %) (delta_change:  0.352107 %) (delta_peak/R:  4.465347 %)
-> Saved file: /media/rafael/DATA/Dropbox/20220924_FIML_solver/data/output/field_inversion/Beta_k/u_imp_10/FI_run_Supersonic_M1.7R400_u_imp_10_k_imp_1_e_imp_0/FI_run_Supersonic_M1.7R400_u_imp_10_k_imp_1_e_imp_0_state_iter_12500.dat
iter:  12600 (Jcost: 5.765070e-02) (lr = 9.374e-01) (elapsed time: 8732.623) (secs/iter:  0.703) (n_accepted: 84%) (u_error:  1.242337 %) (beta_change: 10.114977 %) (delta_change:  0.352140 %) (delta_peak/R:  4.465312 %)
iter:  12700 (Jcost: 5.765067e-02) (lr = 3.353e-01) (elapsed time: 8802.777) (secs/iter:  0.702) (n_accepted: 78%) (u_error:  1.242338 %) (beta_change: 10.139530 %) (delta_change:  0.352145 %) (delta_peak/R:  4.465307 %)
iter:  12800 (Jcost: 5.765062e-02) (lr = 1.199e-01) (elapsed time: 8864.419) (secs/iter:  0.616) (n_accepted: 78%) (u_error:  1.242295 %) (beta_change: 10.172339 %) (delta_change:  0.352103 %) (delta_peak/R:  4.465352 %)
iter:  12900 (Jcost: 5.765057e-02) (lr = 1.787e-02) (elapsed time: 8931.315) (secs/iter:  0.669) (n_accepted: 77%) (u_error:  1.242307 %) (beta_change: 10.208626 %) (delta_change:  0.352121 %) (delta_peak/R:  4.465333 %)
iter:  13000 (Jcost: 5.765052e-02) (lr = 3.682e-02) (elapsed time: 9000.978) (secs/iter:  0.697) (n_accepted: 80%) (u_error:  1.242196 %) (beta_change: 10.241307 %) (delta_change:  0.352006 %) (delta_peak/R:  4.465455 %)
-> Saved file: /media/rafael/DATA/Dropbox/20220924_FIML_solver/data/output/field_inversion/Beta_k/u_imp_10/FI_run_Supersonic_M1.7R400_u_imp_10_k_imp_1_e_imp_0/FI_run_Supersonic_M1.7R400_u_imp_10_k_imp_1_e_imp_0_state_iter_13000.dat
iter:  13100 (Jcost: 5.765049e-02) (lr = 1.820e-01) (elapsed time: 9072.146) (secs/iter:  0.712) (n_accepted: 81%) (u_error:  1.242300 %) (beta_change: 10.262109 %) (delta_change:  0.352122 %) (delta_peak/R:  4.465333 %)
iter:  13200 (Jcost: 5.765045e-02) (lr = 1.130e-02) (elapsed time: 9128.780) (secs/iter:  0.566) (n_accepted: 76%) (u_error:  1.242318 %) (beta_change: 10.289876 %) (delta_change:  0.352145 %) (delta_peak/R:  4.465308 %)
iter:  13300 (Jcost: 5.765041e-02) (lr = 7.726e-01) (elapsed time: 9192.126) (secs/iter:  0.633) (n_accepted: 84%) (u_error:  1.242274 %) (beta_change: 10.316796 %) (delta_change:  0.352101 %) (delta_peak/R:  4.465355 %)
iter:  13400 (Jcost: 5.765038e-02) (lr = 2.763e-01) (elapsed time: 9260.327) (secs/iter:  0.682) (n_accepted: 78%) (u_error:  1.242328 %) (beta_change: 10.341073 %) (delta_change:  0.352164 %) (delta_peak/R:  4.465288 %)
iter:  13500 (Jcost: 5.765033e-02) (lr = 9.883e-02) (elapsed time: 9301.539) (secs/iter:  0.412) (n_accepted: 78%) (u_error:  1.242282 %) (beta_change: 10.372717 %) (delta_change:  0.352118 %) (delta_peak/R:  4.465337 %)
-> Saved file: /media/rafael/DATA/Dropbox/20220924_FIML_solver/data/output/field_inversion/Beta_k/u_imp_10/FI_run_Supersonic_M1.7R400_u_imp_10_k_imp_1_e_imp_0/FI_run_Supersonic_M1.7R400_u_imp_10_k_imp_1_e_imp_0_state_iter_13500.dat
iter:  13600 (Jcost: 5.765029e-02) (lr = 3.535e-02) (elapsed time: 9358.769) (secs/iter:  0.572) (n_accepted: 78%) (u_error:  1.242337 %) (beta_change: 10.402421 %) (delta_change:  0.352183 %) (delta_peak/R:  4.465269 %)
iter:  13700 (Jcost: 5.765025e-02) (lr = 1.264e-02) (elapsed time: 9423.361) (secs/iter:  0.646) (n_accepted: 78%) (u_error:  1.242309 %) (beta_change: 10.429503 %) (delta_change:  0.352156 %) (delta_peak/R:  4.465297 %)
iter:  13800 (Jcost: 5.765022e-02) (lr = 6.251e-02) (elapsed time: 9473.548) (secs/iter:  0.502) (n_accepted: 81%) (u_error:  1.242309 %) (beta_change: 10.450785 %) (delta_change:  0.352161 %) (delta_peak/R:  4.465292 %)
iter:  13900 (Jcost: 5.765017e-02) (lr = 5.366e-02) (elapsed time: 9530.825) (secs/iter:  0.573) (n_accepted: 79%) (u_error:  1.242296 %) (beta_change: 10.480849 %) (delta_change:  0.352151 %) (delta_peak/R:  4.465302 %)
iter:  14000 (Jcost: 5.765013e-02) (lr = 1.919e-02) (elapsed time: 9590.611) (secs/iter:  0.598) (n_accepted: 78%) (u_error:  1.242315 %) (beta_change: 10.513012 %) (delta_change:  0.352177 %) (delta_peak/R:  4.465276 %)
-> Saved file: /media/rafael/DATA/Dropbox/20220924_FIML_solver/data/output/field_inversion/Beta_k/u_imp_10/FI_run_Supersonic_M1.7R400_u_imp_10_k_imp_1_e_imp_0/FI_run_Supersonic_M1.7R400_u_imp_10_k_imp_1_e_imp_0_state_iter_14000.dat
iter:  14100 (Jcost: 5.765008e-02) (lr = 5.466e-01) (elapsed time: 9663.989) (secs/iter:  0.734) (n_accepted: 83%) (u_error:  1.242246 %) (beta_change: 10.543464 %) (delta_change:  0.352106 %) (delta_peak/R:  4.465350 %)
iter:  14200 (Jcost: 5.765004e-02) (lr = 1.126e+00) (elapsed time: 9733.291) (secs/iter:  0.693) (n_accepted: 80%) (u_error:  1.242263 %) (beta_change: 10.571876 %) (delta_change:  0.352129 %) (delta_peak/R:  4.465326 %)
iter:  14300 (Jcost: 5.765001e-02) (lr = 4.028e-01) (elapsed time: 9802.131) (secs/iter:  0.688) (n_accepted: 78%) (u_error:  1.242296 %) (beta_change: 10.593714 %) (delta_change:  0.352169 %) (delta_peak/R:  4.465284 %)
iter:  14400 (Jcost: 5.764996e-02) (lr = 6.002e-02) (elapsed time: 9861.476) (secs/iter:  0.593) (n_accepted: 77%) (u_error:  1.242311 %) (beta_change: 10.625125 %) (delta_change:  0.352190 %) (delta_peak/R:  4.465262 %)
iter:  14500 (Jcost: 5.764992e-02) (lr = 2.147e-02) (elapsed time: 9926.093) (secs/iter:  0.646) (n_accepted: 78%) (u_error:  1.242315 %) (beta_change: 10.655978 %) (delta_change:  0.352200 %) (delta_peak/R:  4.465252 %)
-> Saved file: /media/rafael/DATA/Dropbox/20220924_FIML_solver/data/output/field_inversion/Beta_k/u_imp_10/FI_run_Supersonic_M1.7R400_u_imp_10_k_imp_1_e_imp_0/FI_run_Supersonic_M1.7R400_u_imp_10_k_imp_1_e_imp_0_state_iter_14500.dat
iter:  14600 (Jcost: 5.764987e-02) (lr = 6.114e-01) (elapsed time: 9997.623) (secs/iter:  0.715) (n_accepted: 83%) (u_error:  1.242392 %) (beta_change: 10.686855 %) (delta_change:  0.352289 %) (delta_peak/R:  4.465157 %)
iter:  14700 (Jcost: 5.764984e-02) (lr = 9.111e-02) (elapsed time: 10064.158) (secs/iter:  0.665) (n_accepted: 77%) (u_error:  1.242287 %) (beta_change: 10.706860 %) (delta_change:  0.352178 %) (delta_peak/R:  4.465275 %)
iter:  14800 (Jcost: 5.764980e-02) (lr = 3.259e-02) (elapsed time: 10126.234) (secs/iter:  0.621) (n_accepted: 78%) (u_error:  1.242323 %) (beta_change: 10.737228 %) (delta_change:  0.352223 %) (delta_peak/R:  4.465228 %)
iter:  14900 (Jcost: 5.764976e-02) (lr = 2.797e-02) (elapsed time: 10190.196) (secs/iter:  0.640) (n_accepted: 79%) (u_error:  1.242309 %) (beta_change: 10.764998 %) (delta_change:  0.352212 %) (delta_peak/R:  4.465240 %)
iter:  15000 (Jcost: 5.764970e-02) (lr = 2.401e-02) (elapsed time: 10250.904) (secs/iter:  0.607) (n_accepted: 79%) (u_error:  1.242347 %) (beta_change: 10.800288 %) (delta_change:  0.352260 %) (delta_peak/R:  4.465189 %)
-> Saved file: /media/rafael/DATA/Dropbox/20220924_FIML_solver/data/output/field_inversion/Beta_k/u_imp_10/FI_run_Supersonic_M1.7R400_u_imp_10_k_imp_1_e_imp_0/FI_run_Supersonic_M1.7R400_u_imp_10_k_imp_1_e_imp_0_state_iter_15000.dat
iter:  15000 (Jcost: 5.764970e-02) (lr = 2.881e-02) (elapsed time: 10256.505) (secs/iter:   None) (n_accepted: 0%) (u_error:  1.242297 %) (beta_change: 10.800323 %) (delta_change:  0.352206 %) (delta_peak/R:  4.465247 %)
