# ------------------------------------------------------------------------
#                  Input Arguments
# ------------------------------------------------------------------------
# Begin_Input_Arguments
{ 'all_b_mode': ['Beta_k', 'Beta_e'],
  'args_mk_solver': { 'torch': "<module 'torch' from "
                               "'/home/rafael/anaconda3/lib/python3.9/site-packages/torch/__init__.py'>",
                      'y_grid': [0.0, 0.000309700312, 0.000638645973, 0.00098802599, 0.00135910194, 0.00175321227, 0.00217177688, 0.00261630193, 0.00308838486, 0.00358971984, 0.00412210331, 0.00468744001, 0.00528774917, 0.00592517114, 0.00660197432, 0.0073205624, 0.00808348206, 0.00889343092, 0.00975326602, 0.0106660126, 0.0116348733, 0.0126632377, 0.0137546927, 0.0149130326, 0.0161422702, 0.0174466482, 0.0188306506, 0.0202990157, 0.0218567475, 0.02350913, 0.0252617393, 0.0271204584, 0.0290914903, 0.0311813732, 0.033396994, 0.0357456039, 0.0382348325, 0.0408727029, 0.0436676462, 0.0466285159, 0.0497646022, 0.0530856456, 0.0566018496, 0.0603238931, 0.0642629411, 0.068430655, 0.0728392004, 0.0775012535, 0.0824300053, 0.0876391634, 0.0931429507, 0.0989561006, 0.105093849, 0.111571922, 0.118406518, 0.125614286, 0.133212296, 0.141218006, 0.14964922, 0.158524039, 0.167860801, 0.177678022, 0.187994313, 0.1988283, 0.21019853, 0.222123362, 0.234620856, 0.247708641, 0.261403784, 0.275722637, 0.290680679, 0.306292354, 0.322570888, 0.339528108, 0.357174255, 0.375517785, 0.394565175, 0.414320726, 0.43478637, 0.45596148, 0.47784269, 0.500423731, 0.523695275, 0.547644806, 0.572256506, 0.597511177, 0.623386184, 0.649855436, 0.676889401, 0.704455158, 0.73251649, 0.761034018, 0.789965372, 0.819265404, 0.848886442, 0.878778572, 0.908889961, 0.939167201, 0.969555687, 1.0],
                      'Ret': 150,
                      'cp': 1.0,
                      'A_sca_rho': 1.0,
                      'A_sca_mu': 0.006666666666666667,
                      'A_sca_k': 0.006666666666666667,
                      'b_exp_rho': 0,
                      'b_exp_mu': 0,
                      'b_exp_k': 0,
                      'tensor_device': 'cpu',
                      'as_tensor': '<function '
                                   'Build_arguments_fi_run._mk_args_MK_solver.<locals>.<lambda> '
                                   'at 0x7f065f41cf70>',
                      'ref_dns': { 'u_dns': [4.296878958697117e-19, 0.029949272665501386, 0.06282222825776221, 0.0988983209506921, 0.13847910049738718, 0.18188894821051632, 0.22947494014502692, 0.2816068886657184, 0.3386758308250842, 0.4010923777947366, 0.4692835832518019, 0.5436881693332624, 0.624750699236418, 0.712912330581668, 0.8085996367022686, 0.9122091831867601, 1.0240879888638192, 1.1445085070385916, 1.2736364750143363, 1.411490621512465, 1.557892722247019, 1.7124402720922476, 1.8751343434543337, 2.0465309380062084, 2.227298772335375, 2.4182239162233214, 2.6201140407562376, 2.8334426175195597, 3.0585587389654547, 3.2957473719999997, 3.5452673005196953, 3.8073875951176372, 4.08230483359167, 4.37001942032991, 4.670120093, 4.981869122873774, 5.304709800920803, 5.638631505495788, 5.9835127833421335, 6.338326873209518, 6.70140276872227, 7.07087126845921, 7.4446760814785184, 7.8218040208973765, 8.202295131418309, 8.58351498, 8.960875338069464, 9.332976886462287, 9.699535013520057, 10.059388116597411, 10.411022171596208, 10.752802397474598, 11.08329614, 11.401375179999997, 11.706365330000004, 11.998033049999998, 12.276349750000001, 12.54187129, 12.794573130000003, 13.034207710000004, 13.260926570000002, 13.475364100000002, 13.679001350000002, 13.873053920000002, 14.05766449, 14.233339860000001, 14.400674149999999, 14.560375540000004, 14.71374346, 14.862253729999995, 15.006371599999998, 15.146612399999999, 15.283688860000002, 15.417844269999998, 15.549294880000003, 15.678470889999996, 15.805755909999998, 15.931244150000001, 16.055119969999996, 16.17762676, 16.298729979999997, 16.418350149999995, 16.53647512, 16.65299599, 16.767458700000006, 16.87934948, 16.98814928, 17.0933673, 17.19453936, 17.291216400000003, 17.38291717, 17.46873718000001, 17.547535, 17.618146449999998, 17.67940145, 17.730249549999996, 17.770185100000003, 17.798920089999996, 17.816245580000004, 17.82203489000001],
                                   'T_dns': [1.0000000000000004, 1.0000000000000002, 1.0, 1.0000000000000002, 1.0, 1.0000000000000004, 1.0, 1.0000000000000002, 1.0, 0.9999999999999998, 1.0, 1.0000000000000002, 0.9999999999999998, 1.0000000000000004, 1.0, 1.0000000000000002, 1.0000000000000002, 1.0, 1.0, 1.0000000000000002, 1.0, 1.0, 0.9999999999999998, 1.0, 0.9999999999999999, 1.0000000000000004, 0.9999999999999998, 0.9999999999999998, 0.9999999999999999, 1.0, 1.0, 1.0000000000000004, 0.9999999999999998, 1.0000000000000002, 1.0, 1.0, 1.0, 1.0, 1.0, 1.0, 0.9999999999999996, 0.9999999999999999, 1.0, 1.0, 1.0, 1.0, 0.9999999999999998, 1.0000000000000004, 1.0000000000000002, 0.9999999999999999, 1.0, 0.9999999999999999, 0.9999999999999998, 0.9999999999999999, 1.0, 1.0, 1.0000000000000002, 0.9999999999999998, 1.0000000000000002, 1.0000000000000002, 1.0000000000000002, 1.0, 1.0, 1.0, 1.0, 1.0000000000000002, 0.9999999999999999, 1.0, 1.0, 0.9999999999999998, 0.9999999999999998, 0.9999999999999998, 1.0, 1.0, 1.0, 1.0, 1.0, 1.0, 1.0, 0.9999999999999999, 0.9999999999999999, 0.9999999999999999, 1.0, 1.0, 1.0000000000000002, 1.0000000000000002, 1.0, 1.0, 1.0000000000000004, 1.0000000000000002, 1.0, 1.0000000000000002, 0.9999999999999998, 1.0000000000000002, 0.9999999999999998, 1.0, 1.0, 1.0, 1.0, 1.0],
                                   'mu_dns': [0.006666666666666667, 0.006666666666666667, 0.006666666666666667, 0.006666666666666667, 0.006666666666666667, 0.006666666666666667, 0.006666666666666667, 0.006666666666666667, 0.006666666666666667, 0.006666666666666667, 0.006666666666666667, 0.006666666666666667, 0.006666666666666667, 0.006666666666666667, 0.006666666666666667, 0.006666666666666667, 0.006666666666666667, 0.006666666666666667, 0.006666666666666667, 0.006666666666666667, 0.006666666666666667, 0.006666666666666667, 0.006666666666666667, 0.006666666666666667, 0.006666666666666667, 0.006666666666666667, 0.006666666666666667, 0.006666666666666667, 0.006666666666666667, 0.006666666666666667, 0.006666666666666667, 0.006666666666666667, 0.006666666666666667, 0.006666666666666667, 0.006666666666666667, 0.006666666666666667, 0.006666666666666667, 0.006666666666666667, 0.006666666666666667, 0.006666666666666667, 0.006666666666666667, 0.006666666666666667, 0.006666666666666667, 0.006666666666666667, 0.006666666666666667, 0.006666666666666667, 0.006666666666666667, 0.006666666666666667, 0.006666666666666667, 0.006666666666666667, 0.006666666666666667, 0.006666666666666667, 0.006666666666666667, 0.006666666666666667, 0.006666666666666667, 0.006666666666666667, 0.006666666666666667, 0.006666666666666667, 0.006666666666666667, 0.006666666666666667, 0.006666666666666667, 0.006666666666666667, 0.006666666666666667, 0.006666666666666667, 0.006666666666666667, 0.006666666666666667, 0.006666666666666667, 0.006666666666666667, 0.006666666666666667, 0.006666666666666667, 0.006666666666666667, 0.006666666666666667, 0.006666666666666667, 0.006666666666666667, 0.006666666666666667, 0.006666666666666667, 0.006666666666666667, 0.006666666666666667, 0.006666666666666667, 0.006666666666666667, 0.006666666666666667, 0.006666666666666667, 0.006666666666666667, 0.006666666666666667, 0.006666666666666667, 0.006666666666666667, 0.006666666666666667, 0.006666666666666667, 0.006666666666666667, 0.006666666666666667, 0.006666666666666667, 0.006666666666666667, 0.006666666666666667, 0.006666666666666667, 0.006666666666666667, 0.006666666666666667, 0.006666666666666667, 0.006666666666666667, 0.006666666666666667, 0.006666666666666667],
                                   'rho_dns': [1.0, 1.0, 1.0, 1.0, 1.0, 1.0, 1.0, 1.0, 1.0, 1.0, 1.0, 1.0, 1.0, 1.0, 1.0, 1.0, 1.0, 1.0, 1.0, 1.0, 1.0, 1.0, 1.0, 1.0, 1.0, 1.0, 1.0, 1.0, 1.0, 1.0, 1.0, 1.0, 1.0, 1.0, 1.0, 1.0, 1.0, 1.0, 1.0, 1.0, 1.0, 1.0, 1.0, 1.0, 1.0, 1.0, 1.0, 1.0, 1.0, 1.0, 1.0, 1.0, 1.0, 1.0, 1.0, 1.0, 1.0, 1.0, 1.0, 1.0, 1.0, 1.0, 1.0, 1.0, 1.0, 1.0, 1.0, 1.0, 1.0, 1.0, 1.0, 1.0, 1.0, 1.0, 1.0, 1.0, 1.0, 1.0, 1.0, 1.0, 1.0, 1.0, 1.0, 1.0, 1.0, 1.0, 1.0, 1.0, 1.0, 1.0, 1.0, 1.0, 1.0, 1.0, 1.0, 1.0, 1.0, 1.0, 1.0, 1.0]},
                      'case': 'T31_CP150',
                      'constant_Sq_heat': 0.0,
                      'use_visc_heating': False,
                      'Pr_turb': 1.0,
                      'fprint': '<function '
                                'Build_arguments_fi_run._mk_args_MK_solver.<locals>.<lambda> '
                                'at 0x7f0657daae50>',
                      'compressible_correction': False,
                      'bool_solve_energy': False,
                      'output_last': False},
  'u_imp': 10,
  'k_imp': 1,
  'e_imp': 1,
  'solve_sparse_adj': True,
  'all_ref_beta_distrib': {'K': [1.0, 1.00001307, 1.00002297, 1.00002876, 1.00002977, 1.00002525, 1.0000143, 0.99999591, 0.99996894, 0.99993213, 0.99988415, 0.99982358, 0.99974895, 0.99965879, 0.99955164, 0.99942615, 0.99928112, 0.99911554, 0.99892877, 0.99872054, 0.99849112, 0.99824145, 0.99797325, 0.99768914, 0.99739283, 0.99708919, 0.99678439, 0.99648605, 0.9962033, 0.99594693, 0.99572945, 0.99556514, 0.99547014, 0.99546243, 0.99556169, 0.99578894, 0.99616567, 0.99671233, 0.99744634, 0.99838029, 0.99952076, 1.00086776, 1.00241428, 1.00414581, 1.00604024, 1.00806819, 1.01019396, 1.01237626, 1.01456854, 1.01671966, 1.01877468, 1.02067598, 1.0223644, 1.02378029, 1.02486459, 1.02555963, 1.0258099, 1.0255627, 1.02476879, 1.0233832, 1.02136584, 1.01868172, 1.01530142, 1.01120296, 1.00637665, 1.00083258, 0.99460791, 0.98777174, 0.98042659, 0.97271006, 0.96480232, 0.95694143, 0.94944084, 0.94269763, 0.9371803, 0.93339108, 0.93180802, 0.93281931, 0.93666267, 0.94338047, 0.95279726, 0.96452174, 0.97797189, 0.99241993, 1.00705417, 1.02105062, 1.0336474, 1.04421444, 1.05231135, 1.05772691, 1.0604944, 1.06087949, 1.05933968, 1.05645866, 1.05286668, 1.04916307, 1.04585585, 1.04332991, 1.04184419, 1.0206886], 'E': [1.0, 1.00001355, 1.00002378, 1.00003481, 1.00004755, 1.00006233, 1.00007944, 1.00009916, 1.00012182, 1.00014776, 1.00017734, 1.00021095, 1.00024896, 1.00029178, 1.00033977, 1.0003933, 1.00045267, 1.00051812, 1.00058976, 1.00066759, 1.00075138, 1.00084068, 1.00093469, 1.0010322, 1.00113147, 1.0012301, 1.0013248, 1.00141119, 1.00148352, 1.00153433, 1.00155428, 1.00153233, 1.00145664, 1.0013165, 1.00110451, 1.00081673, 1.00044755, 0.99998076, 0.99938483, 0.99862008, 0.99765044, 0.99644507, 0.9949738, 0.9932065, 0.99111513, 0.98867571, 0.98587028, 0.98268946, 0.97913596, 0.97522878, 0.97100805, 0.96654082, 0.96192801, 0.95731303, 0.95289263, 0.94893103, 0.94577826, 0.9438948, 0.9438857, 0.94655397, 0.95299694, 0.96473442, 0.98363534, 1.01120617, 1.04730688, 1.08931877, 1.13268718, 1.17248567, 1.20487426, 1.22773874, 1.24056339, 1.24394339, 1.23907778, 1.22739432, 1.2103251, 1.18919878, 1.16520539, 1.13939713, 1.11270533, 1.08596082, 1.05991005, 1.03522433, 1.01250104, 0.99225683, 0.97491222, 0.96077194, 0.95000439, 0.94262475, 0.93848513, 0.9372761, 0.9385427, 0.9417164, 0.94616248, 0.95123876, 0.9563554, 0.96102312, 0.96487941, 0.96768729, 0.96931096, 0.98490336]},
  'all_ref_delta_distrib': {'K': [-0.0, -9.63825709976382e-05, -0.00017063167015369436, -0.0002153367859333083, -0.00022481547276400238, -0.00019246225386982223, -0.0001101052183653194, 3.18395522849945e-05, 0.0002447009562007768, 0.0005416985498548597, 0.0009378087644172302, 0.0014502287291414298, 0.002098416877127754, 0.0029040888363766355, 0.0038915910022135165, 0.005087545683418383, 0.006521005704740595, 0.008223620633999775, 0.010228459559812195, 0.012570335688237698, 0.015284348539414062, 0.018404398843534266, 0.02196138426138213, 0.025980597884030086, 0.030477371473929905, 0.0354527564629565, 0.04088688843916305, 0.04673025490359034, 0.05289387932277881, 0.05923599899804918, 0.06554764808563726, 0.07153680680910665, 0.07681144630425055, 0.08086560428858433, 0.08307115678130098, 0.08267910540638787, 0.07883754459856285, 0.07063305052081455, 0.057162842520984296, 0.037637902669219604, 0.011507987143919405, -0.021416955549458282, -0.06087042360950737, -0.10607570445494241, -0.1557559743067995, -0.20821113463437874, -0.2614552202435055, -0.31337137313382213, -0.3618562531193223, -0.40495418159672314, -0.44096343529319243, -0.46851504042562003, -0.48661758006632533, -0.49467127915080633, -0.49246153711491447, -0.48013267257884745, -0.45815357465639794, -0.4272772569406388, -0.38849839808206926, -0.3430109742666247, -0.2921587705536691, -0.23737628573116576, -0.18012853382619123, -0.12185817504166184, -0.06394736934112784, -0.007685293033869938, 0.04577104573591627, 0.09543208017023992, 0.1404942240998572, 0.1803169121427039, 0.21434715231486484, 0.24201699387613393, 0.26267018697215944, 0.2755710850019285, 0.2800135170492902, 0.27550325219297983, 0.2619519354986162, 0.23981920126728426, 0.2101677525211039, 0.17462246892773312, 0.13524567015802966, 0.09435421569783135, 0.05430759927196771, 0.017294320760811412, -0.01486323889871514, -0.04086051351011324, -0.06000239899799999, -0.07222452870869794, -0.07804270462315614, -0.07843818808787295, -0.07469538054739208, -0.06821720178408033, -0.06034682746597429, -0.0522240160340023, -0.04469939859482315, -0.03831615844553977, -0.03335030625913744, -0.02988901524790998, -0.027919983434191963, -0.013647948953585964], 'E': [-0.0, -0.0008372743953840033, -0.0019838527401224463, -0.00329237938202861, -0.004826732934594444, -0.006628299977519488, -0.008739629382875085, -0.011205717713731472, -0.014081007494274416, -0.017425911450174022, -0.021308963131968055, -0.02580938680622265, -0.03101261119609964, -0.03701937511185369, -0.04393660069811128, -0.05188706652486805, -0.06100143634586999, -0.07142158724004094, -0.08329288771340541, -0.09676796222172337, -0.11198962277126828, -0.12909003942036462, -0.1481667004220618, -0.169264326542401, -0.19234251198735264, -0.2172352295632603, -0.24358521525973997, -0.2707730615023097, -0.29781882550075023, -0.3232476196323976, -0.34493886746544183, -0.3599479297226468, -0.3643027159925627, -0.3528064280929749, -0.3188500596752018, -0.25430646806985924, -0.14946647296048862, 0.00680344740341775, 0.22659864795680834, 0.52203465521064, 0.9037868495662625, 1.3793988307215141, 1.95158788967154, 2.6168542155454966, 3.3646028245915773, 4.177077384636268, 5.030135607924719, 5.894571121813116, 6.7376706708760965, 7.524914823444591, 8.221678828135397, 8.794745989766131, 9.213577508161402, 9.451290880053474, 9.485377117010938, 9.298152550747973, 8.877041707221496, 8.214626705100265, 7.308366413835205, 6.159284840876076, 4.768282965885509, 3.1336003745593355, 1.2677719911409873, -0.7538247851212423, -2.754470185276505, -4.492529873345164, -5.7615693984853245, -6.470877145398028, -6.65389744456009, -6.4227864659803915, -5.913545391247591, -5.248891439406564, -4.522680705353058, -3.7987161433267405, -3.1160743693202435, -2.495955133810063, -1.9477224085560252, -1.4734265384115348, -1.0709078829869778, -0.7357809163003829, -0.4626114612967888, -0.24555895877165854, -0.0786800551262307, 0.04396653553763818, 0.12832131827802662, 0.18034142919236137, 0.2059839368035375, 0.21112399865568093, 0.20140526458683883, 0.18203592447053418, 0.1575656634628601, 0.13169062757692002, 0.10713227354740422, 0.08562309016116208, 0.06801093700475232, 0.054460152707309764, 0.04470141763145384, 0.03827701466736013, 0.03473932432989902, 0.01682207951113496]},
  'fname_print': '/media/rafael/DATA/Dropbox/20220924_FIML_solver/data/output/field_inversion/Beta_k__1__Beta_e__1/u_imp_10/FI_run_T31_CP150_u_imp_10_k_imp_1_e_imp_1/FI_run_T31_CP150_u_imp_10_k_imp_1_e_imp_1.log',
  'folder': '/media/rafael/DATA/Dropbox/20220924_FIML_solver/data/output/field_inversion/Beta_k__1__Beta_e__1/u_imp_10/FI_run_T31_CP150_u_imp_10_k_imp_1_e_imp_1',
  'iters_limit': 15000}
# End_Input_Arguments

# ------------------------------------------------------------------------
#                  Iterations
# ------------------------------------------------------------------------

iter:      0 (Jcost: 1.666466e-01) (lr = 1.000e-03) (elapsed time:  0.002) (secs/iter:   None) (n_accepted: 0%) (u_error:  2.921810 %) (beta_change: 15.606769 %) (delta_change:  1.738258 %) (delta_peak/R:  0.000000 %)
-> Saved file: /media/rafael/DATA/Dropbox/20220924_FIML_solver/data/output/field_inversion/Beta_k__1__Beta_e__1/u_imp_10/FI_run_T31_CP150_u_imp_10_k_imp_1_e_imp_1/FI_run_T31_CP150_u_imp_10_k_imp_1_e_imp_1_state_iter_0.dat
iter:    100 (Jcost: 6.047833e-02) (lr = 1.367e-01) (elapsed time: 195.243) (secs/iter:  1.952) (n_accepted: 85%) (u_error:  1.101159 %) (beta_change: 12.094291 %) (delta_change:  0.833447 %) (delta_peak/R:  1.859176 %)
iter:    200 (Jcost: 5.848182e-02) (lr = 4.889e-02) (elapsed time: 362.621) (secs/iter:  1.674) (n_accepted: 78%) (u_error:  1.101595 %) (beta_change:  9.074305 %) (delta_change:  0.463260 %) (delta_peak/R:  1.683752 %)
iter:    300 (Jcost: 5.774294e-02) (lr = 2.417e-01) (elapsed time: 517.059) (secs/iter:  1.544) (n_accepted: 81%) (u_error:  1.102425 %) (beta_change:  7.493111 %) (delta_change:  0.362157 %) (delta_peak/R:  1.689155 %)
iter:    400 (Jcost: 5.705919e-02) (lr = 3.603e-02) (elapsed time: 672.320) (secs/iter:  1.553) (n_accepted: 77%) (u_error:  1.103520 %) (beta_change:  5.723550 %) (delta_change:  0.261254 %) (delta_peak/R:  1.685480 %)
iter:    500 (Jcost: 5.654303e-02) (lr = 4.275e-01) (elapsed time: 815.690) (secs/iter:  1.434) (n_accepted: 82%) (u_error:  1.104857 %) (beta_change:  4.184606 %) (delta_change:  0.210513 %) (delta_peak/R:  1.680736 %)
-> Saved file: /media/rafael/DATA/Dropbox/20220924_FIML_solver/data/output/field_inversion/Beta_k__1__Beta_e__1/u_imp_10/FI_run_T31_CP150_u_imp_10_k_imp_1_e_imp_1/FI_run_T31_CP150_u_imp_10_k_imp_1_e_imp_1_state_iter_500.dat
iter:    600 (Jcost: 5.615805e-02) (lr = 6.371e-02) (elapsed time: 964.837) (secs/iter:  1.491) (n_accepted: 77%) (u_error:  1.105212 %) (beta_change:  2.867687 %) (delta_change:  0.168223 %) (delta_peak/R:  1.675106 %)
iter:    700 (Jcost: 5.583418e-02) (lr = 5.469e-02) (elapsed time: 1109.650) (secs/iter:  1.448) (n_accepted: 79%) (u_error:  1.106132 %) (beta_change:  1.636962 %) (delta_change:  0.145457 %) (delta_peak/R:  1.672299 %)
iter:    800 (Jcost: 5.551509e-02) (lr = 1.956e-02) (elapsed time: 1228.210) (secs/iter:  1.186) (n_accepted: 78%) (u_error:  1.106784 %) (beta_change:  0.471072 %) (delta_change:  0.140234 %) (delta_peak/R:  1.665979 %)
iter:    900 (Jcost: 5.530323e-02) (lr = 1.679e-02) (elapsed time: 1314.029) (secs/iter:  0.858) (n_accepted: 79%) (u_error:  1.107377 %) (beta_change:  0.990987 %) (delta_change:  0.136710 %) (delta_peak/R:  1.662299 %)
iter:   1000 (Jcost: 5.511111e-02) (lr = 4.782e-01) (elapsed time: 1413.048) (secs/iter:  0.990) (n_accepted: 83%) (u_error:  1.107941 %) (beta_change:  1.887285 %) (delta_change:  0.151344 %) (delta_peak/R:  1.658355 %)
-> Saved file: /media/rafael/DATA/Dropbox/20220924_FIML_solver/data/output/field_inversion/Beta_k__1__Beta_e__1/u_imp_10/FI_run_T31_CP150_u_imp_10_k_imp_1_e_imp_1/FI_run_T31_CP150_u_imp_10_k_imp_1_e_imp_1_state_iter_1000.dat
iter:   1100 (Jcost: 5.499438e-02) (lr = 4.105e-01) (elapsed time: 1560.068) (secs/iter:  1.470) (n_accepted: 79%) (u_error:  1.108124 %) (beta_change:  2.558900 %) (delta_change:  0.168356 %) (delta_peak/R:  1.654674 %)
iter:   1200 (Jcost: 5.487443e-02) (lr = 1.468e-01) (elapsed time: 1694.819) (secs/iter:  1.348) (n_accepted: 78%) (u_error:  1.108288 %) (beta_change:  3.313436 %) (delta_change:  0.200764 %) (delta_peak/R:  1.650313 %)
iter:   1300 (Jcost: 5.476772e-02) (lr = 2.188e-02) (elapsed time: 1837.707) (secs/iter:  1.429) (n_accepted: 77%) (u_error:  1.108635 %) (beta_change:  4.038697 %) (delta_change:  0.231085 %) (delta_peak/R:  1.647064 %)
iter:   1400 (Jcost: 5.468468e-02) (lr = 7.826e-03) (elapsed time: 1977.421) (secs/iter:  1.397) (n_accepted: 78%) (u_error:  1.108702 %) (beta_change:  4.640408 %) (delta_change:  0.255404 %) (delta_peak/R:  1.643169 %)
iter:   1500 (Jcost: 5.460381e-02) (lr = 1.612e-02) (elapsed time: 2113.404) (secs/iter:  1.360) (n_accepted: 80%) (u_error:  1.108841 %) (beta_change:  5.264668 %) (delta_change:  0.279817 %) (delta_peak/R:  1.639468 %)
-> Saved file: /media/rafael/DATA/Dropbox/20220924_FIML_solver/data/output/field_inversion/Beta_k__1__Beta_e__1/u_imp_10/FI_run_T31_CP150_u_imp_10_k_imp_1_e_imp_1/FI_run_T31_CP150_u_imp_10_k_imp_1_e_imp_1_state_iter_1500.dat
iter:   1600 (Jcost: 5.453503e-02) (lr = 4.591e-01) (elapsed time: 2252.035) (secs/iter:  1.386) (n_accepted: 83%) (u_error:  1.109006 %) (beta_change:  5.827400 %) (delta_change:  0.301050 %) (delta_peak/R:  1.636321 %)
iter:   1700 (Jcost: 5.448439e-02) (lr = 6.842e-02) (elapsed time: 2383.570) (secs/iter:  1.315) (n_accepted: 77%) (u_error:  1.109133 %) (beta_change:  6.262281 %) (delta_change:  0.316921 %) (delta_peak/R:  1.633868 %)
iter:   1800 (Jcost: 5.443261e-02) (lr = 2.447e-02) (elapsed time: 2521.069) (secs/iter:  1.375) (n_accepted: 78%) (u_error:  1.109428 %) (beta_change:  6.726669 %) (delta_change:  0.333472 %) (delta_peak/R:  1.632083 %)
iter:   1900 (Jcost: 5.438397e-02) (lr = 8.753e-03) (elapsed time: 2653.148) (secs/iter:  1.321) (n_accepted: 78%) (u_error:  1.109490 %) (beta_change:  7.181481 %) (delta_change:  0.349487 %) (delta_peak/R:  1.629135 %)
iter:   2000 (Jcost: 5.434609e-02) (lr = 5.983e-01) (elapsed time: 2787.353) (secs/iter:  1.342) (n_accepted: 84%) (u_error:  1.109849 %) (beta_change:  7.558379 %) (delta_change:  0.363226 %) (delta_peak/R:  1.628295 %)
-> Saved file: /media/rafael/DATA/Dropbox/20220924_FIML_solver/data/output/field_inversion/Beta_k__1__Beta_e__1/u_imp_10/FI_run_T31_CP150_u_imp_10_k_imp_1_e_imp_1/FI_run_T31_CP150_u_imp_10_k_imp_1_e_imp_1_state_iter_2000.dat
iter:   2100 (Jcost: 5.430999e-02) (lr = 5.136e-01) (elapsed time: 2920.485) (secs/iter:  1.331) (n_accepted: 79%) (u_error:  1.109723 %) (beta_change:  7.913028 %) (delta_change:  0.376992 %) (delta_peak/R:  1.625079 %)
iter:   2200 (Jcost: 5.428307e-02) (lr = 3.189e-02) (elapsed time: 3050.462) (secs/iter:  1.300) (n_accepted: 76%) (u_error:  1.109744 %) (beta_change:  8.190600 %) (delta_change:  0.387611 %) (delta_peak/R:  1.623180 %)
iter:   2300 (Jcost: 5.424810e-02) (lr = 1.141e-02) (elapsed time: 3177.158) (secs/iter:  1.267) (n_accepted: 78%) (u_error:  1.109794 %) (beta_change:  8.574227 %) (delta_change:  0.401573 %) (delta_peak/R:  1.620749 %)
iter:   2400 (Jcost: 5.421846e-02) (lr = 2.350e-02) (elapsed time: 3306.844) (secs/iter:  1.297) (n_accepted: 80%) (u_error:  1.109988 %) (beta_change:  8.917717 %) (delta_change:  0.413565 %) (delta_peak/R:  1.619398 %)
iter:   2500 (Jcost: 5.418875e-02) (lr = 6.692e-01) (elapsed time: 3422.398) (secs/iter:  1.156) (n_accepted: 83%) (u_error:  1.109981 %) (beta_change:  9.270843 %) (delta_change:  0.425531 %) (delta_peak/R:  1.616951 %)
-> Saved file: /media/rafael/DATA/Dropbox/20220924_FIML_solver/data/output/field_inversion/Beta_k__1__Beta_e__1/u_imp_10/FI_run_T31_CP150_u_imp_10_k_imp_1_e_imp_1/FI_run_T31_CP150_u_imp_10_k_imp_1_e_imp_1_state_iter_2500.dat
iter:   2600 (Jcost: 5.417173e-02) (lr = 7.214e-03) (elapsed time: 3562.509) (secs/iter:  1.401) (n_accepted: 74%) (u_error:  1.110016 %) (beta_change:  9.478917 %) (delta_change:  0.432423 %) (delta_peak/R:  1.615713 %)
iter:   2700 (Jcost: 5.415218e-02) (lr = 2.055e-01) (elapsed time: 3684.252) (secs/iter:  1.217) (n_accepted: 83%) (u_error:  1.110004 %) (beta_change:  9.723085 %) (delta_change:  0.440351 %) (delta_peak/R:  1.613992 %)
iter:   2800 (Jcost: 5.413260e-02) (lr = 3.062e-02) (elapsed time: 3815.432) (secs/iter:  1.312) (n_accepted: 77%) (u_error:  1.110071 %) (beta_change:  9.972356 %) (delta_change:  0.448285 %) (delta_peak/R:  1.612657 %)
iter:   2900 (Jcost: 5.411452e-02) (lr = 1.514e-01) (elapsed time: 3942.956) (secs/iter:  1.275) (n_accepted: 81%) (u_error:  1.109990 %) (beta_change: 10.210070 %) (delta_change:  0.455670 %) (delta_peak/R:  1.610638 %)
iter:   3000 (Jcost: 5.410063e-02) (lr = 2.256e-02) (elapsed time: 4065.251) (secs/iter:  1.223) (n_accepted: 77%) (u_error:  1.110119 %) (beta_change: 10.392674 %) (delta_change:  0.461212 %) (delta_peak/R:  1.610096 %)
-> Saved file: /media/rafael/DATA/Dropbox/20220924_FIML_solver/data/output/field_inversion/Beta_k__1__Beta_e__1/u_imp_10/FI_run_T31_CP150_u_imp_10_k_imp_1_e_imp_1/FI_run_T31_CP150_u_imp_10_k_imp_1_e_imp_1_state_iter_3000.dat
iter:   3100 (Jcost: 5.408375e-02) (lr = 8.070e-03) (elapsed time: 4201.671) (secs/iter:  1.364) (n_accepted: 78%) (u_error:  1.110176 %) (beta_change: 10.622195 %) (delta_change:  0.467997 %) (delta_peak/R:  1.608880 %)
iter:   3200 (Jcost: 5.407326e-02) (lr = 1.662e-02) (elapsed time: 4328.410) (secs/iter:  1.267) (n_accepted: 80%) (u_error:  1.110286 %) (beta_change: 10.766998 %) (delta_change:  0.472217 %) (delta_peak/R:  1.608504 %)
iter:   3300 (Jcost: 5.405533e-02) (lr = 1.427e-02) (elapsed time: 4440.556) (secs/iter:  1.121) (n_accepted: 79%) (u_error:  1.110097 %) (beta_change: 11.021970 %) (delta_change:  0.479457 %) (delta_peak/R:  1.605850 %)
iter:   3400 (Jcost: 5.404057e-02) (lr = 9.754e-01) (elapsed time: 4545.662) (secs/iter:  1.051) (n_accepted: 84%) (u_error:  1.110338 %) (beta_change: 11.236941 %) (delta_change:  0.485458 %) (delta_peak/R:  1.605775 %)
iter:   3500 (Jcost: 5.402843e-02) (lr = 1.454e-01) (elapsed time: 4670.027) (secs/iter:  1.244) (n_accepted: 77%) (u_error:  1.110349 %) (beta_change: 11.444704 %) (delta_change:  0.491295 %) (delta_peak/R:  1.604703 %)
-> Saved file: /media/rafael/DATA/Dropbox/20220924_FIML_solver/data/output/field_inversion/Beta_k__1__Beta_e__1/u_imp_10/FI_run_T31_CP150_u_imp_10_k_imp_1_e_imp_1/FI_run_T31_CP150_u_imp_10_k_imp_1_e_imp_1_state_iter_3500.dat
iter:   3600 (Jcost: 5.401690e-02) (lr = 2.166e-02) (elapsed time: 4795.951) (secs/iter:  1.259) (n_accepted: 77%) (u_error:  1.110320 %) (beta_change: 11.646373 %) (delta_change:  0.496829 %) (delta_peak/R:  1.603479 %)
iter:   3700 (Jcost: 5.400577e-02) (lr = 4.463e-02) (elapsed time: 4876.652) (secs/iter:  0.807) (n_accepted: 80%) (u_error:  1.110270 %) (beta_change: 11.846607 %) (delta_change:  0.502199 %) (delta_peak/R:  1.602164 %)
iter:   3800 (Jcost: 5.399564e-02) (lr = 5.296e-01) (elapsed time: 4986.025) (secs/iter:  1.094) (n_accepted: 82%) (u_error:  1.110339 %) (beta_change: 12.028484 %) (delta_change:  0.506997 %) (delta_peak/R:  1.601581 %)
iter:   3900 (Jcost: 5.398501e-02) (lr = 1.894e-01) (elapsed time: 5083.382) (secs/iter:  0.974) (n_accepted: 78%) (u_error:  1.110392 %) (beta_change: 12.223691 %) (delta_change:  0.512033 %) (delta_peak/R:  1.600859 %)
iter:   4000 (Jcost: 5.397463e-02) (lr = 2.823e-02) (elapsed time: 5185.650) (secs/iter:  1.023) (n_accepted: 77%) (u_error:  1.110473 %) (beta_change: 12.418019 %) (delta_change:  0.516933 %) (delta_peak/R:  1.600303 %)
-> Saved file: /media/rafael/DATA/Dropbox/20220924_FIML_solver/data/output/field_inversion/Beta_k__1__Beta_e__1/u_imp_10/FI_run_T31_CP150_u_imp_10_k_imp_1_e_imp_1/FI_run_T31_CP150_u_imp_10_k_imp_1_e_imp_1_state_iter_4000.dat
iter:   4100 (Jcost: 5.396529e-02) (lr = 1.010e-02) (elapsed time: 5318.256) (secs/iter:  1.326) (n_accepted: 78%) (u_error:  1.110455 %) (beta_change: 12.595449 %) (delta_change:  0.521278 %) (delta_peak/R:  1.599330 %)
iter:   4200 (Jcost: 5.395672e-02) (lr = 6.901e-01) (elapsed time: 5439.828) (secs/iter:  1.216) (n_accepted: 84%) (u_error:  1.110587 %) (beta_change: 12.762801 %) (delta_change:  0.525315 %) (delta_peak/R:  1.599202 %)
iter:   4300 (Jcost: 5.394834e-02) (lr = 5.924e-01) (elapsed time: 5561.941) (secs/iter:  1.221) (n_accepted: 79%) (u_error:  1.110461 %) (beta_change: 12.924185 %) (delta_change:  0.529422 %) (delta_peak/R:  1.597775 %)
iter:   4400 (Jcost: 5.394158e-02) (lr = 2.119e-01) (elapsed time: 5678.253) (secs/iter:  1.163) (n_accepted: 78%) (u_error:  1.110477 %) (beta_change: 13.057422 %) (delta_change:  0.533233 %) (delta_peak/R:  1.597226 %)
iter:   4500 (Jcost: 5.393287e-02) (lr = 7.578e-02) (elapsed time: 5784.124) (secs/iter:  1.059) (n_accepted: 78%) (u_error:  1.110546 %) (beta_change: 13.230965 %) (delta_change:  0.538155 %) (delta_peak/R:  1.596774 %)
-> Saved file: /media/rafael/DATA/Dropbox/20220924_FIML_solver/data/output/field_inversion/Beta_k__1__Beta_e__1/u_imp_10/FI_run_T31_CP150_u_imp_10_k_imp_1_e_imp_1/FI_run_T31_CP150_u_imp_10_k_imp_1_e_imp_1_state_iter_4500.dat
iter:   4600 (Jcost: 5.392411e-02) (lr = 1.129e-02) (elapsed time: 5910.567) (secs/iter:  1.264) (n_accepted: 77%) (u_error:  1.110532 %) (beta_change: 13.408552 %) (delta_change:  0.543078 %) (delta_peak/R:  1.595886 %)
iter:   4700 (Jcost: 5.391724e-02) (lr = 2.327e-02) (elapsed time: 6028.890) (secs/iter:  1.183) (n_accepted: 80%) (u_error:  1.110702 %) (beta_change: 13.555159 %) (delta_change:  0.547120 %) (delta_peak/R:  1.596117 %)
iter:   4800 (Jcost: 5.391040e-02) (lr = 6.626e-01) (elapsed time: 6142.846) (secs/iter:  1.140) (n_accepted: 83%) (u_error:  1.110516 %) (beta_change: 13.691830 %) (delta_change:  0.550776 %) (delta_peak/R:  1.594543 %)
iter:   4900 (Jcost: 5.390478e-02) (lr = 2.370e-01) (elapsed time: 6255.736) (secs/iter:  1.129) (n_accepted: 78%) (u_error:  1.110559 %) (beta_change: 13.808632 %) (delta_change:  0.553913 %) (delta_peak/R:  1.594255 %)
iter:   5000 (Jcost: 5.389786e-02) (lr = 8.476e-02) (elapsed time: 6362.524) (secs/iter:  1.068) (n_accepted: 78%) (u_error:  1.110571 %) (beta_change: 13.953882 %) (delta_change:  0.557821 %) (delta_peak/R:  1.593694 %)
-> Saved file: /media/rafael/DATA/Dropbox/20220924_FIML_solver/data/output/field_inversion/Beta_k__1__Beta_e__1/u_imp_10/FI_run_T31_CP150_u_imp_10_k_imp_1_e_imp_1/FI_run_T31_CP150_u_imp_10_k_imp_1_e_imp_1_state_iter_5000.dat
iter:   5100 (Jcost: 5.389134e-02) (lr = 7.276e-02) (elapsed time: 6481.119) (secs/iter:  1.186) (n_accepted: 79%) (u_error:  1.110574 %) (beta_change: 14.091605 %) (delta_change:  0.561515 %) (delta_peak/R:  1.593125 %)
iter:   5200 (Jcost: 5.388482e-02) (lr = 1.084e-02) (elapsed time: 6593.408) (secs/iter:  1.123) (n_accepted: 77%) (u_error:  1.110577 %) (beta_change: 14.230079 %) (delta_change:  0.565187 %) (delta_peak/R:  1.592558 %)
iter:   5300 (Jcost: 5.387936e-02) (lr = 2.234e-02) (elapsed time: 6711.118) (secs/iter:  1.177) (n_accepted: 80%) (u_error:  1.110410 %) (beta_change: 14.354167 %) (delta_change:  0.568404 %) (delta_peak/R:  1.591178 %)
iter:   5400 (Jcost: 5.387563e-02) (lr = 1.918e-02) (elapsed time: 6826.388) (secs/iter:  1.153) (n_accepted: 79%) (u_error:  1.110500 %) (beta_change: 14.428531 %) (delta_change:  0.570354 %) (delta_peak/R:  1.591343 %)
iter:   5500 (Jcost: 5.387033e-02) (lr = 2.275e-01) (elapsed time: 6895.739) (secs/iter:  0.694) (n_accepted: 82%) (u_error:  1.110605 %) (beta_change: 14.540331 %) (delta_change:  0.573254 %) (delta_peak/R:  1.591437 %)
-> Saved file: /media/rafael/DATA/Dropbox/20220924_FIML_solver/data/output/field_inversion/Beta_k__1__Beta_e__1/u_imp_10/FI_run_T31_CP150_u_imp_10_k_imp_1_e_imp_1/FI_run_T31_CP150_u_imp_10_k_imp_1_e_imp_1_state_iter_5500.dat
iter:   5600 (Jcost: 5.386505e-02) (lr = 8.139e-02) (elapsed time: 6969.349) (secs/iter:  0.736) (n_accepted: 78%) (u_error:  1.110615 %) (beta_change: 14.654197 %) (delta_change:  0.576157 %) (delta_peak/R:  1.591033 %)
iter:   5700 (Jcost: 5.385967e-02) (lr = 2.911e-02) (elapsed time: 7040.545) (secs/iter:  0.712) (n_accepted: 78%) (u_error:  1.110622 %) (beta_change: 14.770618 %) (delta_change:  0.579092 %) (delta_peak/R:  1.590607 %)
iter:   5800 (Jcost: 5.385473e-02) (lr = 2.499e-02) (elapsed time: 7159.706) (secs/iter:  1.192) (n_accepted: 79%) (u_error:  1.110582 %) (beta_change: 14.877824 %) (delta_change:  0.581754 %) (delta_peak/R:  1.589984 %)
iter:   5900 (Jcost: 5.384956e-02) (lr = 5.148e-02) (elapsed time: 7275.853) (secs/iter:  1.161) (n_accepted: 80%) (u_error:  1.110492 %) (beta_change: 14.993652 %) (delta_change:  0.584588 %) (delta_peak/R:  1.589071 %)
iter:   6000 (Jcost: 5.384513e-02) (lr = 6.108e-01) (elapsed time: 7393.042) (secs/iter:  1.172) (n_accepted: 82%) (u_error:  1.110592 %) (beta_change: 15.086621 %) (delta_change:  0.586872 %) (delta_peak/R:  1.589238 %)
-> Saved file: /media/rafael/DATA/Dropbox/20220924_FIML_solver/data/output/field_inversion/Beta_k__1__Beta_e__1/u_imp_10/FI_run_T31_CP150_u_imp_10_k_imp_1_e_imp_1/FI_run_T31_CP150_u_imp_10_k_imp_1_e_imp_1_state_iter_6000.dat
iter:   6100 (Jcost: 5.384050e-02) (lr = 5.244e-01) (elapsed time: 7508.290) (secs/iter:  1.152) (n_accepted: 79%) (u_error:  1.110661 %) (beta_change: 15.187650 %) (delta_change:  0.589319 %) (delta_peak/R:  1.589215 %)
iter:   6200 (Jcost: 5.383612e-02) (lr = 1.875e-01) (elapsed time: 7616.862) (secs/iter:  1.086) (n_accepted: 78%) (u_error:  1.110658 %) (beta_change: 15.283369 %) (delta_change:  0.591599 %) (delta_peak/R:  1.588845 %)
iter:   6300 (Jcost: 5.383176e-02) (lr = 2.795e-02) (elapsed time: 7736.975) (secs/iter:  1.201) (n_accepted: 77%) (u_error:  1.110645 %) (beta_change: 15.390311 %) (delta_change:  0.593833 %) (delta_peak/R:  1.588427 %)
iter:   6400 (Jcost: 5.382772e-02) (lr = 9.996e-03) (elapsed time: 7857.398) (secs/iter:  1.204) (n_accepted: 78%) (u_error:  1.110624 %) (beta_change: 15.494779 %) (delta_change:  0.595888 %) (delta_peak/R:  1.587997 %)
iter:   6500 (Jcost: 5.382450e-02) (lr = 2.847e-01) (elapsed time: 7969.549) (secs/iter:  1.122) (n_accepted: 83%) (u_error:  1.110598 %) (beta_change: 15.578578 %) (delta_change:  0.597511 %) (delta_peak/R:  1.587610 %)
-> Saved file: /media/rafael/DATA/Dropbox/20220924_FIML_solver/data/output/field_inversion/Beta_k__1__Beta_e__1/u_imp_10/FI_run_T31_CP150_u_imp_10_k_imp_1_e_imp_1/FI_run_T31_CP150_u_imp_10_k_imp_1_e_imp_1_state_iter_6500.dat
iter:   6600 (Jcost: 5.382091e-02) (lr = 1.768e-02) (elapsed time: 8089.289) (secs/iter:  1.197) (n_accepted: 76%) (u_error:  1.110620 %) (beta_change: 15.671827 %) (delta_change:  0.599301 %) (delta_peak/R:  1.587443 %)
iter:   6700 (Jcost: 5.381667e-02) (lr = 3.642e-02) (elapsed time: 8196.304) (secs/iter:  1.070) (n_accepted: 80%) (u_error:  1.110545 %) (beta_change: 15.785091 %) (delta_change:  0.601419 %) (delta_peak/R:  1.586720 %)
iter:   6800 (Jcost: 5.381296e-02) (lr = 4.322e-01) (elapsed time: 8305.527) (secs/iter:  1.092) (n_accepted: 82%) (u_error:  1.110632 %) (beta_change: 15.880769 %) (delta_change:  0.603206 %) (delta_peak/R:  1.586895 %)
iter:   6900 (Jcost: 5.380919e-02) (lr = 6.440e-02) (elapsed time: 8408.460) (secs/iter:  1.029) (n_accepted: 77%) (u_error:  1.110609 %) (beta_change: 15.981082 %) (delta_change:  0.605026 %) (delta_peak/R:  1.586492 %)
iter:   7000 (Jcost: 5.380582e-02) (lr = 9.598e-03) (elapsed time: 8510.782) (secs/iter:  1.023) (n_accepted: 77%) (u_error:  1.110634 %) (beta_change: 16.070497 %) (delta_change:  0.606629 %) (delta_peak/R:  1.586369 %)
-> Saved file: /media/rafael/DATA/Dropbox/20220924_FIML_solver/data/output/field_inversion/Beta_k__1__Beta_e__1/u_imp_10/FI_run_T31_CP150_u_imp_10_k_imp_1_e_imp_1/FI_run_T31_CP150_u_imp_10_k_imp_1_e_imp_1_state_iter_7000.dat
iter:   7100 (Jcost: 5.380342e-02) (lr = 4.746e-02) (elapsed time: 8626.550) (secs/iter:  1.158) (n_accepted: 81%) (u_error:  1.110607 %) (beta_change: 16.134987 %) (delta_change:  0.607760 %) (delta_peak/R:  1.586054 %)
iter:   7200 (Jcost: 5.379998e-02) (lr = 4.074e-02) (elapsed time: 8693.169) (secs/iter:  0.666) (n_accepted: 79%) (u_error:  1.110631 %) (beta_change: 16.227301 %) (delta_change:  0.609367 %) (delta_peak/R:  1.585925 %)
iter:   7300 (Jcost: 5.379622e-02) (lr = 1.457e-02) (elapsed time: 8755.893) (secs/iter:  0.627) (n_accepted: 78%) (u_error:  1.110642 %) (beta_change: 16.328696 %) (delta_change:  0.611098 %) (delta_peak/R:  1.585712 %)
iter:   7400 (Jcost: 5.379230e-02) (lr = 7.204e-02) (elapsed time: 8827.728) (secs/iter:  0.718) (n_accepted: 81%) (u_error:  1.110684 %) (beta_change: 16.436061 %) (delta_change:  0.612899 %) (delta_peak/R:  1.585644 %)
iter:   7500 (Jcost: 5.378929e-02) (lr = 3.562e-01) (elapsed time: 8932.510) (secs/iter:  1.048) (n_accepted: 81%) (u_error:  1.110763 %) (beta_change: 16.522641 %) (delta_change:  0.614331 %) (delta_peak/R:  1.585831 %)
-> Saved file: /media/rafael/DATA/Dropbox/20220924_FIML_solver/data/output/field_inversion/Beta_k__1__Beta_e__1/u_imp_10/FI_run_T31_CP150_u_imp_10_k_imp_1_e_imp_1/FI_run_T31_CP150_u_imp_10_k_imp_1_e_imp_1_state_iter_7500.dat
iter:   7600 (Jcost: 5.378714e-02) (lr = 5.308e-02) (elapsed time: 9052.255) (secs/iter:  1.197) (n_accepted: 77%) (u_error:  1.110627 %) (beta_change: 16.576131 %) (delta_change:  0.615165 %) (delta_peak/R:  1.584984 %)
iter:   7700 (Jcost: 5.378285e-02) (lr = 7.911e-03) (elapsed time: 9154.251) (secs/iter:  1.020) (n_accepted: 77%) (u_error:  1.110626 %) (beta_change: 16.693872 %) (delta_change:  0.617029 %) (delta_peak/R:  1.584681 %)
iter:   7800 (Jcost: 5.378000e-02) (lr = 3.911e-02) (elapsed time: 9270.377) (secs/iter:  1.161) (n_accepted: 81%) (u_error:  1.110547 %) (beta_change: 16.774378 %) (delta_change:  0.618258 %) (delta_peak/R:  1.584069 %)
iter:   7900 (Jcost: 5.377738e-02) (lr = 8.058e-02) (elapsed time: 9375.133) (secs/iter:  1.048) (n_accepted: 80%) (u_error:  1.110622 %) (beta_change: 16.845498 %) (delta_change:  0.619356 %) (delta_peak/R:  1.584288 %)
iter:   8000 (Jcost: 5.377434e-02) (lr = 2.882e-02) (elapsed time: 9487.369) (secs/iter:  1.122) (n_accepted: 78%) (u_error:  1.110630 %) (beta_change: 16.930087 %) (delta_change:  0.620620 %) (delta_peak/R:  1.584123 %)
-> Saved file: /media/rafael/DATA/Dropbox/20220924_FIML_solver/data/output/field_inversion/Beta_k__1__Beta_e__1/u_imp_10/FI_run_T31_CP150_u_imp_10_k_imp_1_e_imp_1/FI_run_T31_CP150_u_imp_10_k_imp_1_e_imp_1_state_iter_8000.dat
iter:   8100 (Jcost: 5.377166e-02) (lr = 2.474e-02) (elapsed time: 9609.854) (secs/iter:  1.225) (n_accepted: 79%) (u_error:  1.110718 %) (beta_change: 17.007989 %) (delta_change:  0.621779 %) (delta_peak/R:  1.584393 %)
iter:   8200 (Jcost: 5.376905e-02) (lr = 7.046e-01) (elapsed time: 9720.358) (secs/iter:  1.105) (n_accepted: 83%) (u_error:  1.110524 %) (beta_change: 17.080764 %) (delta_change:  0.622783 %) (delta_peak/R:  1.583212 %)
iter:   8300 (Jcost: 5.376657e-02) (lr = 2.520e-01) (elapsed time: 9823.875) (secs/iter:  1.035) (n_accepted: 78%) (u_error:  1.110618 %) (beta_change: 17.148261 %) (delta_change:  0.623756 %) (delta_peak/R:  1.583546 %)
iter:   8400 (Jcost: 5.376377e-02) (lr = 3.756e-02) (elapsed time: 9940.362) (secs/iter:  1.165) (n_accepted: 77%) (u_error:  1.110610 %) (beta_change: 17.227568 %) (delta_change:  0.624852 %) (delta_peak/R:  1.583322 %)
iter:   8500 (Jcost: 5.376142e-02) (lr = 1.343e-02) (elapsed time: 10057.613) (secs/iter:  1.173) (n_accepted: 78%) (u_error:  1.110614 %) (beta_change: 17.294428 %) (delta_change:  0.625760 %) (delta_peak/R:  1.583191 %)
-> Saved file: /media/rafael/DATA/Dropbox/20220924_FIML_solver/data/output/field_inversion/Beta_k__1__Beta_e__1/u_imp_10/FI_run_T31_CP150_u_imp_10_k_imp_1_e_imp_1/FI_run_T31_CP150_u_imp_10_k_imp_1_e_imp_1_state_iter_8500.dat
iter:   8600 (Jcost: 5.375909e-02) (lr = 2.767e-02) (elapsed time: 10170.132) (secs/iter:  1.125) (n_accepted: 80%) (u_error:  1.110661 %) (beta_change: 17.361756 %) (delta_change:  0.626666 %) (delta_peak/R:  1.583280 %)
iter:   8700 (Jcost: 5.375696e-02) (lr = 3.284e-01) (elapsed time: 10266.114) (secs/iter:  0.960) (n_accepted: 82%) (u_error:  1.110607 %) (beta_change: 17.421918 %) (delta_change:  0.627441 %) (delta_peak/R:  1.582867 %)
iter:   8800 (Jcost: 5.375488e-02) (lr = 4.894e-02) (elapsed time: 10377.489) (secs/iter:  1.114) (n_accepted: 77%) (u_error:  1.110596 %) (beta_change: 17.481427 %) (delta_change:  0.628203 %) (delta_peak/R:  1.582680 %)
iter:   8900 (Jcost: 5.375266e-02) (lr = 7.293e-03) (elapsed time: 10495.143) (secs/iter:  1.177) (n_accepted: 77%) (u_error:  1.110605 %) (beta_change: 17.545694 %) (delta_change:  0.629015 %) (delta_peak/R:  1.582583 %)
iter:   9000 (Jcost: 5.375022e-02) (lr = 3.606e-02) (elapsed time: 10602.487) (secs/iter:  1.073) (n_accepted: 81%) (u_error:  1.110653 %) (beta_change: 17.617262 %) (delta_change:  0.629909 %) (delta_peak/R:  1.582680 %)
-> Saved file: /media/rafael/DATA/Dropbox/20220924_FIML_solver/data/output/field_inversion/Beta_k__1__Beta_e__1/u_imp_10/FI_run_T31_CP150_u_imp_10_k_imp_1_e_imp_1/FI_run_T31_CP150_u_imp_10_k_imp_1_e_imp_1_state_iter_9000.dat
iter:   9100 (Jcost: 5.374813e-02) (lr = 7.429e-02) (elapsed time: 10717.245) (secs/iter:  1.148) (n_accepted: 80%) (u_error:  1.110537 %) (beta_change: 17.678012 %) (delta_change:  0.630619 %) (delta_peak/R:  1.581948 %)
iter:   9200 (Jcost: 5.374629e-02) (lr = 3.673e-01) (elapsed time: 10822.979) (secs/iter:  1.057) (n_accepted: 81%) (u_error:  1.110586 %) (beta_change: 17.730638 %) (delta_change:  0.631508 %) (delta_peak/R:  1.582092 %)
iter:   9300 (Jcost: 5.374445e-02) (lr = 2.281e-02) (elapsed time: 10935.609) (secs/iter:  1.126) (n_accepted: 76%) (u_error:  1.110532 %) (beta_change: 17.785289 %) (delta_change:  0.632588 %) (delta_peak/R:  1.581698 %)
iter:   9400 (Jcost: 5.374238e-02) (lr = 1.958e-02) (elapsed time: 11047.391) (secs/iter:  1.118) (n_accepted: 79%) (u_error:  1.110649 %) (beta_change: 17.846122 %) (delta_change:  0.633814 %) (delta_peak/R:  1.582177 %)
iter:   9500 (Jcost: 5.374052e-02) (lr = 9.680e-02) (elapsed time: 11146.837) (secs/iter:  0.994) (n_accepted: 81%) (u_error:  1.110590 %) (beta_change: 17.899982 %) (delta_change:  0.634863 %) (delta_peak/R:  1.581762 %)
-> Saved file: /media/rafael/DATA/Dropbox/20220924_FIML_solver/data/output/field_inversion/Beta_k__1__Beta_e__1/u_imp_10/FI_run_T31_CP150_u_imp_10_k_imp_1_e_imp_1/FI_run_T31_CP150_u_imp_10_k_imp_1_e_imp_1_state_iter_9500.dat
iter:   9600 (Jcost: 5.373851e-02) (lr = 3.462e-02) (elapsed time: 11259.820) (secs/iter:  1.130) (n_accepted: 78%) (u_error:  1.110586 %) (beta_change: 17.959238 %) (delta_change:  0.636020 %) (delta_peak/R:  1.581619 %)
iter:   9700 (Jcost: 5.373655e-02) (lr = 1.238e-02) (elapsed time: 11368.268) (secs/iter:  1.084) (n_accepted: 78%) (u_error:  1.110588 %) (beta_change: 18.017402 %) (delta_change:  0.637149 %) (delta_peak/R:  1.581514 %)
iter:   9800 (Jcost: 5.373523e-02) (lr = 2.551e-02) (elapsed time: 11472.634) (secs/iter:  1.044) (n_accepted: 80%) (u_error:  1.110589 %) (beta_change: 18.056653 %) (delta_change:  0.637906 %) (delta_peak/R:  1.581439 %)
iter:   9900 (Jcost: 5.373340e-02) (lr = 2.190e-02) (elapsed time: 11581.143) (secs/iter:  1.085) (n_accepted: 79%) (u_error:  1.110579 %) (beta_change: 18.111227 %) (delta_change:  0.638950 %) (delta_peak/R:  1.581279 %)
iter:  10000 (Jcost: 5.373127e-02) (lr = 7.832e-03) (elapsed time: 11687.562) (secs/iter:  1.064) (n_accepted: 78%) (u_error:  1.110571 %) (beta_change: 18.175260 %) (delta_change:  0.640167 %) (delta_peak/R:  1.581113 %)
-> Saved file: /media/rafael/DATA/Dropbox/20220924_FIML_solver/data/output/field_inversion/Beta_k__1__Beta_e__1/u_imp_10/FI_run_T31_CP150_u_imp_10_k_imp_1_e_imp_1/FI_run_T31_CP150_u_imp_10_k_imp_1_e_imp_1_state_iter_10000.dat
iter:  10100 (Jcost: 5.372937e-02) (lr = 9.294e-02) (elapsed time: 11804.629) (secs/iter:  1.171) (n_accepted: 82%) (u_error:  1.110491 %) (beta_change: 18.234135 %) (delta_change:  0.641263 %) (delta_peak/R:  1.580582 %)
iter:  10200 (Jcost: 5.372814e-02) (lr = 3.324e-02) (elapsed time: 11914.825) (secs/iter:  1.102) (n_accepted: 78%) (u_error:  1.110568 %) (beta_change: 18.269379 %) (delta_change:  0.641939 %) (delta_peak/R:  1.580912 %)
iter:  10300 (Jcost: 5.372613e-02) (lr = 1.189e-02) (elapsed time: 12020.128) (secs/iter:  1.053) (n_accepted: 78%) (u_error:  1.110568 %) (beta_change: 18.330303 %) (delta_change:  0.643074 %) (delta_peak/R:  1.580796 %)
iter:  10400 (Jcost: 5.372453e-02) (lr = 2.449e-02) (elapsed time: 12131.307) (secs/iter:  1.112) (n_accepted: 80%) (u_error:  1.110487 %) (beta_change: 18.380443 %) (delta_change:  0.643986 %) (delta_peak/R:  1.580281 %)
iter:  10500 (Jcost: 5.372261e-02) (lr = 2.907e-01) (elapsed time: 12234.789) (secs/iter:  1.035) (n_accepted: 82%) (u_error:  1.110630 %) (beta_change: 18.439490 %) (delta_change:  0.645097 %) (delta_peak/R:  1.580914 %)
-> Saved file: /media/rafael/DATA/Dropbox/20220924_FIML_solver/data/output/field_inversion/Beta_k__1__Beta_e__1/u_imp_10/FI_run_T31_CP150_u_imp_10_k_imp_1_e_imp_1/FI_run_T31_CP150_u_imp_10_k_imp_1_e_imp_1_state_iter_10500.dat
iter:  10600 (Jcost: 5.372113e-02) (lr = 2.495e-01) (elapsed time: 12352.931) (secs/iter:  1.181) (n_accepted: 79%) (u_error:  1.110541 %) (beta_change: 18.482871 %) (delta_change:  0.645870 %) (delta_peak/R:  1.580367 %)
iter:  10700 (Jcost: 5.371946e-02) (lr = 8.924e-02) (elapsed time: 12450.754) (secs/iter:  0.978) (n_accepted: 78%) (u_error:  1.110546 %) (beta_change: 18.534070 %) (delta_change:  0.646797 %) (delta_peak/R:  1.580301 %)
iter:  10800 (Jcost: 5.371804e-02) (lr = 1.330e-02) (elapsed time: 12567.999) (secs/iter:  1.172) (n_accepted: 77%) (u_error:  1.110623 %) (beta_change: 18.580053 %) (delta_change:  0.647638 %) (delta_peak/R:  1.580615 %)
iter:  10900 (Jcost: 5.371675e-02) (lr = 2.740e-02) (elapsed time: 12671.864) (secs/iter:  1.039) (n_accepted: 80%) (u_error:  1.110532 %) (beta_change: 18.617762 %) (delta_change:  0.648294 %) (delta_peak/R:  1.580074 %)
iter:  11000 (Jcost: 5.371525e-02) (lr = 9.800e-03) (elapsed time: 12785.927) (secs/iter:  1.141) (n_accepted: 78%) (u_error:  1.110542 %) (beta_change: 18.664457 %) (delta_change:  0.649123 %) (delta_peak/R:  1.580039 %)
-> Saved file: /media/rafael/DATA/Dropbox/20220924_FIML_solver/data/output/field_inversion/Beta_k__1__Beta_e__1/u_imp_10/FI_run_T31_CP150_u_imp_10_k_imp_1_e_imp_1/FI_run_T31_CP150_u_imp_10_k_imp_1_e_imp_1_state_iter_11000.dat
iter:  11100 (Jcost: 5.371384e-02) (lr = 2.019e-02) (elapsed time: 12900.397) (secs/iter:  1.145) (n_accepted: 80%) (u_error:  1.110498 %) (beta_change: 18.708692 %) (delta_change:  0.649894 %) (delta_peak/R:  1.579729 %)
iter:  11200 (Jcost: 5.371253e-02) (lr = 9.982e-02) (elapsed time: 12986.508) (secs/iter:  0.861) (n_accepted: 81%) (u_error:  1.110518 %) (beta_change: 18.749498 %) (delta_change:  0.650611 %) (delta_peak/R:  1.579762 %)
iter:  11300 (Jcost: 5.371092e-02) (lr = 3.570e-02) (elapsed time: 13071.352) (secs/iter:  0.848) (n_accepted: 78%) (u_error:  1.110529 %) (beta_change: 18.799783 %) (delta_change:  0.651486 %) (delta_peak/R:  1.579729 %)
iter:  11400 (Jcost: 5.370928e-02) (lr = 1.277e-02) (elapsed time: 13161.042) (secs/iter:  0.897) (n_accepted: 78%) (u_error:  1.110494 %) (beta_change: 18.851589 %) (delta_change:  0.652371 %) (delta_peak/R:  1.579454 %)
iter:  11500 (Jcost: 5.370791e-02) (lr = 2.631e-02) (elapsed time: 13258.245) (secs/iter:  0.972) (n_accepted: 80%) (u_error:  1.110456 %) (beta_change: 18.896231 %) (delta_change:  0.653126 %) (delta_peak/R:  1.579172 %)
-> Saved file: /media/rafael/DATA/Dropbox/20220924_FIML_solver/data/output/field_inversion/Beta_k__1__Beta_e__1/u_imp_10/FI_run_T31_CP150_u_imp_10_k_imp_1_e_imp_1/FI_run_T31_CP150_u_imp_10_k_imp_1_e_imp_1_state_iter_11500.dat
iter:  11600 (Jcost: 5.370639e-02) (lr = 7.492e-01) (elapsed time: 13358.428) (secs/iter:  1.002) (n_accepted: 83%) (u_error:  1.110475 %) (beta_change: 18.943596 %) (delta_change:  0.653931 %) (delta_peak/R:  1.579189 %)
iter:  11700 (Jcost: 5.370536e-02) (lr = 4.652e-02) (elapsed time: 13470.077) (secs/iter:  1.116) (n_accepted: 76%) (u_error:  1.110527 %) (beta_change: 18.975637 %) (delta_change:  0.654480 %) (delta_peak/R:  1.579403 %)
iter:  11800 (Jcost: 5.370411e-02) (lr = 6.933e-03) (elapsed time: 13576.819) (secs/iter:  1.067) (n_accepted: 77%) (u_error:  1.110502 %) (beta_change: 19.015518 %) (delta_change:  0.655141 %) (delta_peak/R:  1.579201 %)
iter:  11900 (Jcost: 5.370329e-02) (lr = 3.428e-02) (elapsed time: 13685.529) (secs/iter:  1.087) (n_accepted: 81%) (u_error:  1.110500 %) (beta_change: 19.041885 %) (delta_change:  0.655578 %) (delta_peak/R:  1.579148 %)
iter:  12000 (Jcost: 5.370177e-02) (lr = 1.226e-02) (elapsed time: 13779.484) (secs/iter:  0.940) (n_accepted: 78%) (u_error:  1.110503 %) (beta_change: 19.090812 %) (delta_change:  0.656386 %) (delta_peak/R:  1.579079 %)
-> Saved file: /media/rafael/DATA/Dropbox/20220924_FIML_solver/data/output/field_inversion/Beta_k__1__Beta_e__1/u_imp_10/FI_run_T31_CP150_u_imp_10_k_imp_1_e_imp_1/FI_run_T31_CP150_u_imp_10_k_imp_1_e_imp_1_state_iter_12000.dat
iter:  12100 (Jcost: 5.370053e-02) (lr = 1.052e-02) (elapsed time: 13889.479) (secs/iter:  1.100) (n_accepted: 79%) (u_error:  1.110503 %) (beta_change: 19.130665 %) (delta_change:  0.657037 %) (delta_peak/R:  1.579005 %)
iter:  12200 (Jcost: 5.369938e-02) (lr = 2.168e-02) (elapsed time: 13994.783) (secs/iter:  1.053) (n_accepted: 80%) (u_error:  1.110566 %) (beta_change: 19.169231 %) (delta_change:  0.657674 %) (delta_peak/R:  1.579266 %)
iter:  12300 (Jcost: 5.369811e-02) (lr = 6.175e-01) (elapsed time: 14087.978) (secs/iter:  0.932) (n_accepted: 83%) (u_error:  1.110507 %) (beta_change: 19.209108 %) (delta_change:  0.658305 %) (delta_peak/R:  1.578891 %)
iter:  12400 (Jcost: 5.369708e-02) (lr = 5.301e-01) (elapsed time: 14190.704) (secs/iter:  1.027) (n_accepted: 79%) (u_error:  1.110495 %) (beta_change: 19.242625 %) (delta_change:  0.658838 %) (delta_peak/R:  1.578775 %)
iter:  12500 (Jcost: 5.369613e-02) (lr = 5.714e-03) (elapsed time: 14296.820) (secs/iter:  1.061) (n_accepted: 74%) (u_error:  1.110480 %) (beta_change: 19.273600 %) (delta_change:  0.659326 %) (delta_peak/R:  1.578642 %)
-> Saved file: /media/rafael/DATA/Dropbox/20220924_FIML_solver/data/output/field_inversion/Beta_k__1__Beta_e__1/u_imp_10/FI_run_T31_CP150_u_imp_10_k_imp_1_e_imp_1/FI_run_T31_CP150_u_imp_10_k_imp_1_e_imp_1_state_iter_12500.dat
iter:  12600 (Jcost: 5.369511e-02) (lr = 3.906e-01) (elapsed time: 14403.543) (secs/iter:  1.067) (n_accepted: 84%) (u_error:  1.110422 %) (beta_change: 19.308471 %) (delta_change:  0.659864 %) (delta_peak/R:  1.578282 %)
iter:  12700 (Jcost: 5.369398e-02) (lr = 8.046e-01) (elapsed time: 14503.784) (secs/iter:  1.002) (n_accepted: 80%) (u_error:  1.110487 %) (beta_change: 19.343945 %) (delta_change:  0.660431 %) (delta_peak/R:  1.578558 %)
iter:  12800 (Jcost: 5.369296e-02) (lr = 1.199e-01) (elapsed time: 14614.356) (secs/iter:  1.106) (n_accepted: 77%) (u_error:  1.110491 %) (beta_change: 19.377650 %) (delta_change:  0.660955 %) (delta_peak/R:  1.578518 %)
iter:  12900 (Jcost: 5.369200e-02) (lr = 7.446e-03) (elapsed time: 14723.636) (secs/iter:  1.093) (n_accepted: 76%) (u_error:  1.110474 %) (beta_change: 19.409222 %) (delta_change:  0.661437 %) (delta_peak/R:  1.578379 %)
iter:  13000 (Jcost: 5.369098e-02) (lr = 5.089e-01) (elapsed time: 14815.135) (secs/iter:  0.915) (n_accepted: 84%) (u_error:  1.110480 %) (beta_change: 19.443060 %) (delta_change:  0.661955 %) (delta_peak/R:  1.578350 %)
-> Saved file: /media/rafael/DATA/Dropbox/20220924_FIML_solver/data/output/field_inversion/Beta_k__1__Beta_e__1/u_imp_10/FI_run_T31_CP150_u_imp_10_k_imp_1_e_imp_1/FI_run_T31_CP150_u_imp_10_k_imp_1_e_imp_1_state_iter_13000.dat
iter:  13100 (Jcost: 5.369011e-02) (lr = 1.820e-01) (elapsed time: 14925.408) (secs/iter:  1.103) (n_accepted: 78%) (u_error:  1.110462 %) (beta_change: 19.471989 %) (delta_change:  0.662391 %) (delta_peak/R:  1.578211 %)
iter:  13200 (Jcost: 5.368915e-02) (lr = 1.563e-01) (elapsed time: 15020.157) (secs/iter:  0.947) (n_accepted: 79%) (u_error:  1.110470 %) (beta_change: 19.504152 %) (delta_change:  0.662876 %) (delta_peak/R:  1.578194 %)
iter:  13300 (Jcost: 5.368798e-02) (lr = 2.329e-02) (elapsed time: 15129.194) (secs/iter:  1.090) (n_accepted: 77%) (u_error:  1.110478 %) (beta_change: 19.543269 %) (delta_change:  0.663462 %) (delta_peak/R:  1.578174 %)
iter:  13400 (Jcost: 5.368693e-02) (lr = 8.329e-03) (elapsed time: 15222.151) (secs/iter:  0.930) (n_accepted: 78%) (u_error:  1.110466 %) (beta_change: 19.578209 %) (delta_change:  0.663976 %) (delta_peak/R:  1.578050 %)
iter:  13500 (Jcost: 5.368621e-02) (lr = 2.372e-01) (elapsed time: 15317.398) (secs/iter:  0.952) (n_accepted: 83%) (u_error:  1.110465 %) (beta_change: 19.602357 %) (delta_change:  0.664329 %) (delta_peak/R:  1.578003 %)
-> Saved file: /media/rafael/DATA/Dropbox/20220924_FIML_solver/data/output/field_inversion/Beta_k__1__Beta_e__1/u_imp_10/FI_run_T31_CP150_u_imp_10_k_imp_1_e_imp_1/FI_run_T31_CP150_u_imp_10_k_imp_1_e_imp_1_state_iter_13500.dat
iter:  13600 (Jcost: 5.368517e-02) (lr = 8.484e-02) (elapsed time: 15419.310) (secs/iter:  1.019) (n_accepted: 78%) (u_error:  1.110453 %) (beta_change: 19.637657 %) (delta_change:  0.664841 %) (delta_peak/R:  1.577883 %)
iter:  13700 (Jcost: 5.368413e-02) (lr = 1.264e-02) (elapsed time: 15504.483) (secs/iter:  0.852) (n_accepted: 77%) (u_error:  1.110461 %) (beta_change: 19.672731 %) (delta_change:  0.665348 %) (delta_peak/R:  1.577864 %)
iter:  13800 (Jcost: 5.368319e-02) (lr = 1.085e-02) (elapsed time: 15599.532) (secs/iter:  0.950) (n_accepted: 79%) (u_error:  1.110477 %) (beta_change: 19.705064 %) (delta_change:  0.665812 %) (delta_peak/R:  1.577894 %)
iter:  13900 (Jcost: 5.368228e-02) (lr = 7.418e-01) (elapsed time: 15696.077) (secs/iter:  0.965) (n_accepted: 84%) (u_error:  1.110395 %) (beta_change: 19.736447 %) (delta_change:  0.666240 %) (delta_peak/R:  1.577414 %)
iter:  14000 (Jcost: 5.368163e-02) (lr = 2.653e-01) (elapsed time: 15800.674) (secs/iter:  1.046) (n_accepted: 78%) (u_error:  1.110430 %) (beta_change: 19.757919 %) (delta_change:  0.666548 %) (delta_peak/R:  1.577561 %)
-> Saved file: /media/rafael/DATA/Dropbox/20220924_FIML_solver/data/output/field_inversion/Beta_k__1__Beta_e__1/u_imp_10/FI_run_T31_CP150_u_imp_10_k_imp_1_e_imp_1/FI_run_T31_CP150_u_imp_10_k_imp_1_e_imp_1_state_iter_14000.dat
iter:  14100 (Jcost: 5.368086e-02) (lr = 9.489e-02) (elapsed time: 15909.158) (secs/iter:  1.085) (n_accepted: 78%) (u_error:  1.110447 %) (beta_change: 19.784045 %) (delta_change:  0.666915 %) (delta_peak/R:  1.577602 %)
iter:  14200 (Jcost: 5.367998e-02) (lr = 3.394e-02) (elapsed time: 16005.693) (secs/iter:  0.965) (n_accepted: 78%) (u_error:  1.110438 %) (beta_change: 19.814076 %) (delta_change:  0.667328 %) (delta_peak/R:  1.577503 %)
iter:  14300 (Jcost: 5.367921e-02) (lr = 1.214e-02) (elapsed time: 16112.957) (secs/iter:  1.073) (n_accepted: 78%) (u_error:  1.110435 %) (beta_change: 19.840717 %) (delta_change:  0.667692 %) (delta_peak/R:  1.577446 %)
iter:  14400 (Jcost: 5.367825e-02) (lr = 6.002e-02) (elapsed time: 16213.263) (secs/iter:  1.003) (n_accepted: 81%) (u_error:  1.110485 %) (beta_change: 19.874587 %) (delta_change:  0.668160 %) (delta_peak/R:  1.577649 %)
iter:  14500 (Jcost: 5.367771e-02) (lr = 2.147e-02) (elapsed time: 16320.491) (secs/iter:  1.072) (n_accepted: 78%) (u_error:  1.110426 %) (beta_change: 19.892415 %) (delta_change:  0.668388 %) (delta_peak/R:  1.577308 %)
-> Saved file: /media/rafael/DATA/Dropbox/20220924_FIML_solver/data/output/field_inversion/Beta_k__1__Beta_e__1/u_imp_10/FI_run_T31_CP150_u_imp_10_k_imp_1_e_imp_1/FI_run_T31_CP150_u_imp_10_k_imp_1_e_imp_1_state_iter_14500.dat
iter:  14600 (Jcost: 5.367686e-02) (lr = 7.678e-03) (elapsed time: 16426.547) (secs/iter:  1.061) (n_accepted: 78%) (u_error:  1.110427 %) (beta_change: 19.921834 %) (delta_change:  0.668780 %) (delta_peak/R:  1.577266 %)
iter:  14700 (Jcost: 5.367612e-02) (lr = 9.111e-02) (elapsed time: 16527.803) (secs/iter:  1.013) (n_accepted: 82%) (u_error:  1.110453 %) (beta_change: 19.947633 %) (delta_change:  0.669126 %) (delta_peak/R:  1.577357 %)
iter:  14800 (Jcost: 5.367541e-02) (lr = 7.821e-02) (elapsed time: 16632.169) (secs/iter:  1.044) (n_accepted: 79%) (u_error:  1.110386 %) (beta_change: 19.972522 %) (delta_change:  0.669438 %) (delta_peak/R:  1.576968 %)
iter:  14900 (Jcost: 5.367468e-02) (lr = 3.867e-01) (elapsed time: 16723.996) (secs/iter:  0.918) (n_accepted: 81%) (u_error:  1.110436 %) (beta_change: 19.997645 %) (delta_change:  0.669773 %) (delta_peak/R:  1.577184 %)
iter:  15000 (Jcost: 5.367393e-02) (lr = 5.763e-02) (elapsed time: 16804.155) (secs/iter:  0.802) (n_accepted: 77%) (u_error:  1.110417 %) (beta_change: 20.023516 %) (delta_change:  0.670101 %) (delta_peak/R:  1.577042 %)
-> Saved file: /media/rafael/DATA/Dropbox/20220924_FIML_solver/data/output/field_inversion/Beta_k__1__Beta_e__1/u_imp_10/FI_run_T31_CP150_u_imp_10_k_imp_1_e_imp_1/FI_run_T31_CP150_u_imp_10_k_imp_1_e_imp_1_state_iter_15000.dat
iter:  15000 (Jcost: 5.367393e-02) (lr = 6.916e-02) (elapsed time: 16809.905) (secs/iter:   None) (n_accepted: 0%) (u_error:  1.110417 %) (beta_change: 20.023639 %) (delta_change:  0.670102 %) (delta_peak/R:  1.577039 %)
