# ------------------------------------------------------------------------
#                  Input Arguments
# ------------------------------------------------------------------------
# Begin_Input_Arguments
{ 'all_b_mode': ['Beta_e'],
  'args_mk_solver': { 'torch': "<module 'torch' from "
                               "'/home/rafael/anaconda3/lib/python3.9/site-packages/torch/__init__.py'>",
                      'y_grid': [0.0, 0.000309700312, 0.000638645973, 0.00098802599, 0.00135910194, 0.00175321227, 0.00217177688, 0.00261630193, 0.00308838486, 0.00358971984, 0.00412210331, 0.00468744001, 0.00528774917, 0.00592517114, 0.00660197432, 0.0073205624, 0.00808348206, 0.00889343092, 0.00975326602, 0.0106660126, 0.0116348733, 0.0126632377, 0.0137546927, 0.0149130326, 0.0161422702, 0.0174466482, 0.0188306506, 0.0202990157, 0.0218567475, 0.02350913, 0.0252617393, 0.0271204584, 0.0290914903, 0.0311813732, 0.033396994, 0.0357456039, 0.0382348325, 0.0408727029, 0.0436676462, 0.0466285159, 0.0497646022, 0.0530856456, 0.0566018496, 0.0603238931, 0.0642629411, 0.068430655, 0.0728392004, 0.0775012535, 0.0824300053, 0.0876391634, 0.0931429507, 0.0989561006, 0.105093849, 0.111571922, 0.118406518, 0.125614286, 0.133212296, 0.141218006, 0.14964922, 0.158524039, 0.167860801, 0.177678022, 0.187994313, 0.1988283, 0.21019853, 0.222123362, 0.234620856, 0.247708641, 0.261403784, 0.275722637, 0.290680679, 0.306292354, 0.322570888, 0.339528108, 0.357174255, 0.375517785, 0.394565175, 0.414320726, 0.43478637, 0.45596148, 0.47784269, 0.500423731, 0.523695275, 0.547644806, 0.572256506, 0.597511177, 0.623386184, 0.649855436, 0.676889401, 0.704455158, 0.73251649, 0.761034018, 0.789965372, 0.819265404, 0.848886442, 0.878778572, 0.908889961, 0.939167201, 0.969555687, 1.0],
                      'Ret': 395,
                      'cp': 1.0,
                      'A_sca_rho': 1.0,
                      'A_sca_mu': 0.002531645569620253,
                      'A_sca_k': 0.002531645569620253,
                      'b_exp_rho': 0,
                      'b_exp_mu': 1.2,
                      'b_exp_k': 0,
                      'tensor_device': 'cpu',
                      'as_tensor': '<function '
                                   'Build_arguments_fi_run._mk_args_MK_solver.<locals>.<lambda> '
                                   'at 0x7f13b911dc10>',
                      'ref_dns': { 'u_dns': [1.7432837480471617e-17, 0.11990110421919825, 0.24661234633075435, 0.3804347075635376, 0.521664697751676, 0.6705896534408367, 0.8274819131129758, 0.9925916092532061, 1.1661377906517532, 1.3482976173947114, 1.539194070183328, 1.7389728291622486, 1.947906440838165, 2.1662897969270527, 2.3944300921508157, 2.6326377130265963, 2.8811208780048094, 3.1400086170049932, 3.409387272416332, 3.689296098267596, 3.979724479723237, 4.280603494983008, 4.591810631479703, 4.913203786122452, 5.2446003103781536, 5.585713048882576, 5.936082779405661, 6.2951528920284305, 6.662351015369341, 7.03705553470482, 7.4184400530757815, 7.8055065489947415, 8.197331372069778, 8.593025129125996, 8.991372736866596, 9.391132388089986, 9.791454204834835, 10.190856048516816, 10.587565635627154, 10.981482134651019, 11.371221106896328, 11.754774966560896, 12.131499378846142, 12.500355847588121, 12.860331547011493, 13.210972338708814, 13.550997256179743, 13.879864905739856, 14.197846503078345, 14.5032770147596, 14.796780006270996, 15.078013806367027, 15.34760624768268, 15.60341456953914, 15.848546299395847, 16.081088828507934, 16.3027295587461, 16.51351193923378, 16.713331659266785, 16.903383929301672, 17.085175957854318, 17.257771062685364, 17.42258164878426, 17.580770185379276, 17.733736266214297, 17.880323301675922, 18.022139688712297, 18.160710318871264, 18.296176811679892, 18.42838256640673, 18.558274209869317, 18.686874236898227, 18.813007593188473, 18.938396316307408, 19.062070598496312, 19.185171185032868, 19.308199615235832, 19.430247399923623, 19.550958948008347, 19.672066935508653, 19.79123496491779, 19.910414471803136, 20.028276324991158, 20.14404665088518, 20.258331274133766, 20.370904457308143, 20.480208052437145, 20.58635986447408, 20.688186636600427, 20.786033151876968, 20.87744701778078, 20.963467549441695, 21.042483568160513, 21.112677130881796, 21.17412489176391, 21.226294013282413, 21.26740753401386, 21.298271306027438, 21.316120364361833, 21.323284376550788],
                                   'T_dns': [1.0, 1.005659799930168, 1.011686170839201, 1.0181015792152606, 1.0249294243421223, 1.0321939543353287, 1.0399201435831131, 1.048133520382824, 1.0568599322720746, 1.0661252381676911, 1.0759549366358159, 1.0863768723919975, 1.0974248658255439, 1.109135072649456, 1.1215455800706864, 1.1346958412923076, 1.1486217701769552, 1.1633563916187803, 1.1789309474394374, 1.1953743788971758, 1.2127131616085507, 1.2309693114880964, 1.2501589305706104, 1.2702913786069068, 1.2913664510192553, 1.3133763432969523, 1.336308545550176, 1.360136930994465, 1.3848144067540173, 1.4102704313912537, 1.4364131748409603, 1.4631279032145141, 1.4903133973764866, 1.5178670214597136, 1.5456142076339745, 1.5733802836139144, 1.6011165797480214, 1.6286422976637158, 1.655691359353327, 1.6822944519791476, 1.7082531114145751, 1.7333294200904505, 1.7576235287057773, 1.780997576974859, 1.8032754214822753, 1.8245306089923896, 1.8447786687681547, 1.863931355756318, 1.8820260121798713, 1.8991382288509482, 1.9151846639439463, 1.9303544565185626, 1.944617175556832, 1.958001203598023, 1.9705555641340902, 1.9824925925247423, 1.9936878654895733, 2.0041822168598986, 2.014231941076856, 2.0236222925673, 2.032695803657889, 2.041233426346869, 2.049527649347405, 2.0574065361691614, 2.0650879965726436, 2.072365158499107, 2.079575956070667, 2.0864037832935782, 2.093205011316531, 2.0997966285264877, 2.106292783507256, 2.11259846490907, 2.1187574972296748, 2.1247893884747797, 2.130649410295704, 2.136454640484929, 2.142141143416726, 2.1476760332735285, 2.1531431407819435, 2.158448627082768, 2.163639392656871, 2.16864936531881, 2.1735115882466025, 2.1783139721826674, 2.1829307121810775, 2.187322980957127, 2.1915306743542735, 2.1955326033696068, 2.1993111620174415, 2.202873047926701, 2.206107922566592, 2.209098210101015, 2.211834672840017, 2.214237044551139, 2.2163035887916025, 2.2180398014092098, 2.2194198137140684, 2.2203947368651575, 2.2209937469522822, 2.2211973858335856],
                                   'mu_dns': [0.002531645569620253, 0.0025488496155176925, 0.0025671892207454004, 0.0025867367768301567, 0.002607568091296754, 0.0026297621942359324, 0.0026534010290074107, 0.0026785689910582755, 0.0027053522740502945, 0.002733837986436556, 0.00276411306282222, 0.002796272670450763, 0.0028304315725656425, 0.0028667130978398186, 0.00290524804887922, 0.0029461731019589927, 0.00298961563687231, 0.003035695736453334, 0.003084529628976669, 0.0031362280598173915, 0.0031908957354739474, 0.0032486249505062313, 0.003309490795401082, 0.0033735482425770653, 0.0034408227717012347, 0.0035113161315587053, 0.0035850151821179353, 0.0036618627614678446, 0.0037417329811891566, 0.0038244217969509065, 0.003909652520554679, 0.003997069095026588, 0.0040863544172998435, 0.004177181775941734, 0.004268981038841252, 0.004361173341583123, 0.004453592224148201, 0.0045456265817119135, 0.004636370812642977, 0.0047259086168078305, 0.0048135509037213284, 0.004898467539758267, 0.004980970087159492, 0.005060563732435493, 0.005136619313444046, 0.005209359013519114, 0.0052788099452865025, 0.005344644231179513, 0.00540696614599695, 0.005466014703545753, 0.005521482383492977, 0.005574005327402124, 0.005623463040053902, 0.005669939824158915, 0.005713593340884427, 0.005755151920269972, 0.005794173600335005, 0.00583079200400966, 0.005865894917356026, 0.005898726367426333, 0.005930479009561461, 0.00596038221566953, 0.0059894568749744624, 0.006017097414714699, 0.006044065736711382, 0.006069633148841754, 0.00609498511563006, 0.00611900683414935, 0.006142950606959215, 0.006166171296289735, 0.006189069963275969, 0.006211310733101746, 0.006233047078284302, 0.006254346971760994, 0.006275051542569782, 0.006295573757020154, 0.0063156870717765694, 0.006335274385156038, 0.006354631738758096, 0.006373426242290053, 0.006391823295805061, 0.006409587958713615, 0.0064268365720710225, 0.006443880485144219, 0.006460272624818619, 0.006475874197452658, 0.006490826026169407, 0.006505052009726538, 0.0065184887214041805, 0.006531159164142017, 0.006542669904163785, 0.006553313326444218, 0.006563055827693097, 0.006571610867653204, 0.006578971484318321, 0.006585156587112307, 0.006590073448800205, 0.006593547382297046, 0.006595681980007775, 0.006596407681977733],
                                   'rho_dns': [1.0, 1.0, 1.0, 1.0, 1.0, 1.0, 1.0, 1.0, 1.0, 1.0, 1.0, 1.0, 1.0, 1.0, 1.0, 1.0, 1.0, 1.0, 1.0, 1.0, 1.0, 1.0, 1.0, 1.0, 1.0, 1.0, 1.0, 1.0, 1.0, 1.0, 1.0, 1.0, 1.0, 1.0, 1.0, 1.0, 1.0, 1.0, 1.0, 1.0, 1.0, 1.0, 1.0, 1.0, 1.0, 1.0, 1.0, 1.0, 1.0, 1.0, 1.0, 1.0, 1.0, 1.0, 1.0, 1.0, 1.0, 1.0, 1.0, 1.0, 1.0, 1.0, 1.0, 1.0, 1.0, 1.0, 1.0, 1.0, 1.0, 1.0, 1.0, 1.0, 1.0, 1.0, 1.0, 1.0, 1.0, 1.0, 1.0, 1.0, 1.0, 1.0, 1.0, 1.0, 1.0, 1.0, 1.0, 1.0, 1.0, 1.0, 1.0, 1.0, 1.0, 1.0, 1.0, 1.0, 1.0, 1.0, 1.0, 1.0]},
                      'case': 'T31_SReStar_tauGL',
                      'constant_Sq_heat': 0.0469620253164557,
                      'use_visc_heating': False,
                      'Pr_turb': 1.0,
                      'fprint': '<function '
                                'Build_arguments_fi_run._mk_args_MK_solver.<locals>.<lambda> '
                                'at 0x7f13ac59eee0>',
                      'compressible_correction': False,
                      'bool_solve_energy': False,
                      'output_last': False},
  'u_imp': 100,
  'k_imp': 0,
  'e_imp': 1,
  'solve_sparse_adj': True,
  'all_ref_beta_distrib': {'K': [1.0, 1.0, 1.0, 1.0, 1.0, 1.0, 1.0, 1.0, 1.0, 1.0, 1.0, 1.0, 1.0, 1.0, 1.0, 1.0, 1.0, 1.0, 1.0, 1.0, 1.0, 1.0, 1.0, 1.0, 1.0, 1.0, 1.0, 1.0, 1.0, 1.0, 1.0, 1.0, 1.0, 1.0, 1.0, 1.0, 1.0, 1.0, 1.0, 1.0, 1.0, 1.0, 1.0, 1.0, 1.0, 1.0, 1.0, 1.0, 1.0, 1.0, 1.0, 1.0, 1.0, 1.0, 1.0, 1.0, 1.0, 1.0, 1.0, 1.0, 1.0, 1.0, 1.0, 1.0, 1.0, 1.0, 1.0, 1.0, 1.0, 1.0, 1.0, 1.0, 1.0, 1.0, 1.0, 1.0, 1.0, 1.0, 1.0, 1.0, 1.0, 1.0, 1.0, 1.0, 1.0, 1.0, 1.0, 1.0, 1.0, 1.0, 1.0, 1.0, 1.0, 1.0, 1.0, 1.0, 1.0, 1.0, 1.0, 1.0], 'E': [1.0, 1.00029991, 1.00049096, 1.00069538, 1.00092608, 1.00118738, 1.00148369, 1.00181997, 1.0022019, 1.00263583, 1.00312895, 1.00368926, 1.00432565, 1.00504791, 1.00586666, 1.00679323, 1.00783934, 1.00901652, 1.01033508, 1.01180239, 1.01342003, 1.01517966, 1.01705758, 1.0190098, 1.02097124, 1.02286605, 1.02463409, 1.02626669, 1.02782475, 1.02940582, 1.0310587, 1.0327028, 1.03412836, 1.03507779, 1.03531526, 1.03463325, 1.03283634, 1.02973614, 1.02516184, 1.0189761, 1.0110866, 1.00146087, 0.99013893, 0.97724352, 0.96299015, 0.94769215, 0.93176794, 0.91575154, 0.90030552, 0.88624133, 0.87455189, 0.86644483, 0.86354461, 0.86884188, 0.8887543, 0.93318757, 1.00916292, 1.11260102, 1.22851206, 1.33934484, 1.4326494, 1.50286353, 1.54967958, 1.57542197, 1.58339913, 1.57676436, 1.55834198, 1.5303644, 1.49474807, 1.45295022, 1.40621201, 1.35557856, 1.30199272, 1.24633579, 1.18948204, 1.13234496, 1.07589445, 1.02115686, 0.96920212, 0.92115475, 0.8781465, 0.84126583, 0.81148202, 0.78952559, 0.7758245, 0.77042701, 0.77291736, 0.78241624, 0.79764949, 0.81706426, 0.83896338, 0.86167175, 0.88368357, 0.90373573, 0.92090217, 0.93462554, 0.94466055, 0.95098362, 0.95366613, 0.9764565]},
  'all_ref_delta_distrib': {'K': [-0.0, -0.0, -0.0, -0.0, -0.0, -0.0, -0.0, -0.0, -0.0, -0.0, -0.0, -0.0, -0.0, -0.0, -0.0, -0.0, -0.0, -0.0, -0.0, -0.0, -0.0, -0.0, -0.0, -0.0, -0.0, -0.0, -0.0, -0.0, -0.0, -0.0, -0.0, -0.0, -0.0, -0.0, -0.0, -0.0, -0.0, -0.0, -0.0, -0.0, -0.0, -0.0, -0.0, -0.0, -0.0, -0.0, -0.0, -0.0, -0.0, -0.0, -0.0, -0.0, -0.0, -0.0, -0.0, -0.0, -0.0, -0.0, -0.0, -0.0, -0.0, -0.0, -0.0, -0.0, -0.0, -0.0, -0.0, -0.0, -0.0, -0.0, -0.0, -0.0, -0.0, -0.0, -0.0, -0.0, -0.0, -0.0, -0.0, -0.0, -0.0, -0.0, -0.0, -0.0, -0.0, -0.0, -0.0, -0.0, -0.0, -0.0, -0.0, -0.0, -0.0, -0.0, -0.0, -0.0, -0.0, -0.0, -0.0, -0.0], 'E': [-0.0, -0.05654302206242807, -0.12832866011568694, -0.21161542629114294, -0.3107774541898295, -0.42921470572564835, -0.5709009963694186, -0.7405962152390958, -0.9440206127737418, -1.1879586164316551, -1.480463239287665, -1.830973032057634, -2.250460458028205, -2.751552313373269, -3.3485714101564197, -4.057507213072645, -4.895855690869882, -5.882241941200144, -7.035758187021065, -8.37496628834407, -9.916392554898879, -11.672557242299208, -13.649357840268218, -15.84315264840187, -18.23760809237067, -20.80090809979492, -23.48370951917347, -26.218173710838386, -28.9172458343644, -31.47292866077565, -33.75280498276021, -35.59854777003263, -36.83031336425124, -37.26103560702275, -36.716953464545, -35.05606683341925, -32.18362016674075, -28.0690283436885, -22.753712760722433, -16.352839184760743, -9.058011273650644, -1.1259591410527612, 7.133745797307684, 15.373749116149236, 23.228827032502572, 30.33490982352089, 36.34983246306344, 40.97250539672713, 43.9588313950765, 45.138274548111184, 44.42779128179421, 41.841391194932825, 37.45676960859154, 31.22693513929395, 22.734363993605154, 11.600965948954213, -1.339699643418737, -13.77141753848477, -23.298661160557458, -28.844567882512553, -30.7522622785216, -30.048495579909126, -27.803011209386554, -24.82865714154123, -21.651290703016144, -18.564782914561057, -15.716197598179756, -13.160219590444264, -10.905938864109267, -8.935232961712554, -7.220865014844819, -5.732702577237056, -4.442202062020646, -3.324006292176137, -2.3568353104002684, -1.5237030104911269, -0.8115515786641935, -0.21066421174855499, 0.28602986864308066, 0.6834232677335799, 0.9852889624274088, 1.195299844968262, 1.31816557446589, 1.3608621292513023, 1.333107816078325, 1.2475352422681407, 1.1193719116020906, 0.9651794187187648, 0.8011129566919315, 0.6411965005105427, 0.49606054687641654, 0.3722797726339329, 0.27249952961418455, 0.19625218753457147, 0.14091823134163034, 0.1028046539895771, 0.07811967194424756, 0.06362611194452657, 0.05701692468319893, 0.028438135892597884]},
  'fname_print': '/media/rafael/DATA/Dropbox/20220924_FIML_solver/data/output/field_inversion/Beta_e/u_imp_100/FI_run_T31_SReStar_tauGL_u_imp_100_k_imp_0_e_imp_1/FI_run_T31_SReStar_tauGL_u_imp_100_k_imp_0_e_imp_1.log',
  'folder': '/media/rafael/DATA/Dropbox/20220924_FIML_solver/data/output/field_inversion/Beta_e/u_imp_100/FI_run_T31_SReStar_tauGL_u_imp_100_k_imp_0_e_imp_1',
  'iters_limit': 15000}
# End_Input_Arguments

# ------------------------------------------------------------------------
#                  Iterations
# ------------------------------------------------------------------------

iter:      0 (Jcost: 5.144114e+00) (lr = 1.000e-03) (elapsed time:  0.001) (secs/iter:   None) (n_accepted: 0%) (u_error:  4.484660 %) (beta_change: 58.339913 %) (delta_change:  3.399839 %) (delta_peak/R:  0.000000 %)
-> Saved file: /media/rafael/DATA/Dropbox/20220924_FIML_solver/data/output/field_inversion/Beta_e/u_imp_100/FI_run_T31_SReStar_tauGL_u_imp_100_k_imp_0_e_imp_1/FI_run_T31_SReStar_tauGL_u_imp_100_k_imp_0_e_imp_1_state_iter_0.dat
iter:    100 (Jcost: 2.048037e-01) (lr = 9.889e-03) (elapsed time: 97.693) (secs/iter:  0.977) (n_accepted: 82%) (u_error:  0.854861 %) (beta_change: 36.977074 %) (delta_change:  3.532107 %) (delta_peak/R:  4.014223 %)
iter:    200 (Jcost: 1.730040e-01) (lr = 1.173e-01) (elapsed time: 184.035) (secs/iter:  0.863) (n_accepted: 82%) (u_error:  0.837806 %) (beta_change: 31.798437 %) (delta_change:  3.110939 %) (delta_peak/R:  4.168782 %)
iter:    300 (Jcost: 1.598545e-01) (lr = 7.286e-03) (elapsed time: 273.535) (secs/iter:  0.895) (n_accepted: 76%) (u_error:  0.835714 %) (beta_change: 28.543875 %) (delta_change:  2.883819 %) (delta_peak/R:  4.221384 %)
iter:    400 (Jcost: 1.481688e-01) (lr = 1.501e-02) (elapsed time: 357.919) (secs/iter:  0.844) (n_accepted: 80%) (u_error:  0.836317 %) (beta_change: 24.638448 %) (delta_change:  2.617894 %) (delta_peak/R:  4.307802 %)
iter:    500 (Jcost: 1.423062e-01) (lr = 3.093e-02) (elapsed time: 443.746) (secs/iter:  0.858) (n_accepted: 80%) (u_error:  0.829404 %) (beta_change: 22.150417 %) (delta_change:  2.419645 %) (delta_peak/R:  4.272757 %)
-> Saved file: /media/rafael/DATA/Dropbox/20220924_FIML_solver/data/output/field_inversion/Beta_e/u_imp_100/FI_run_T31_SReStar_tauGL_u_imp_100_k_imp_0_e_imp_1/FI_run_T31_SReStar_tauGL_u_imp_100_k_imp_0_e_imp_1_state_iter_500.dat
iter:    600 (Jcost: 1.384306e-01) (lr = 6.371e-02) (elapsed time: 530.963) (secs/iter:  0.872) (n_accepted: 80%) (u_error:  0.829621 %) (beta_change: 20.162242 %) (delta_change:  2.220816 %) (delta_peak/R:  4.262936 %)
iter:    700 (Jcost: 1.354968e-01) (lr = 3.956e-03) (elapsed time: 614.799) (secs/iter:  0.838) (n_accepted: 76%) (u_error:  0.827751 %) (beta_change: 18.284704 %) (delta_change:  2.000691 %) (delta_peak/R:  4.183676 %)
iter:    800 (Jcost: 1.335274e-01) (lr = 1.127e-01) (elapsed time: 694.638) (secs/iter:  0.798) (n_accepted: 83%) (u_error:  0.826343 %) (beta_change: 16.767966 %) (delta_change:  1.845067 %) (delta_peak/R:  4.126023 %)
iter:    900 (Jcost: 1.321122e-01) (lr = 4.030e-02) (elapsed time: 775.024) (secs/iter:  0.804) (n_accepted: 78%) (u_error:  0.826206 %) (beta_change: 15.512017 %) (delta_change:  1.720810 %) (delta_peak/R:  4.083165 %)
iter:   1000 (Jcost: 1.309522e-01) (lr = 2.502e-03) (elapsed time: 858.011) (secs/iter:  0.830) (n_accepted: 76%) (u_error:  0.825251 %) (beta_change: 14.301920 %) (delta_change:  1.587261 %) (delta_peak/R:  4.015045 %)
-> Saved file: /media/rafael/DATA/Dropbox/20220924_FIML_solver/data/output/field_inversion/Beta_e/u_imp_100/FI_run_T31_SReStar_tauGL_u_imp_100_k_imp_0_e_imp_1/FI_run_T31_SReStar_tauGL_u_imp_100_k_imp_0_e_imp_1_state_iter_1000.dat
iter:   1100 (Jcost: 1.301316e-01) (lr = 2.969e-02) (elapsed time: 939.941) (secs/iter:  0.819) (n_accepted: 82%) (u_error:  0.824320 %) (beta_change: 13.305906 %) (delta_change:  1.467208 %) (delta_peak/R:  3.944881 %)
iter:   1200 (Jcost: 1.295364e-01) (lr = 4.425e-03) (elapsed time: 994.059) (secs/iter:  0.541) (n_accepted: 77%) (u_error:  0.824326 %) (beta_change: 12.509588 %) (delta_change:  1.365118 %) (delta_peak/R:  3.885660 %)
iter:   1300 (Jcost: 1.289896e-01) (lr = 1.583e-03) (elapsed time: 1066.884) (secs/iter:  0.728) (n_accepted: 78%) (u_error:  0.824190 %) (beta_change: 11.679443 %) (delta_change:  1.253532 %) (delta_peak/R:  3.819280 %)
iter:   1400 (Jcost: 1.285245e-01) (lr = 3.261e-03) (elapsed time: 1142.983) (secs/iter:  0.761) (n_accepted: 80%) (u_error:  0.823961 %) (beta_change: 10.885270 %) (delta_change:  1.142960 %) (delta_peak/R:  3.753508 %)
iter:   1500 (Jcost: 1.281086e-01) (lr = 2.229e-01) (elapsed time: 1216.874) (secs/iter:  0.739) (n_accepted: 84%) (u_error:  0.823309 %) (beta_change: 10.077791 %) (delta_change:  1.028010 %) (delta_peak/R:  3.687044 %)
-> Saved file: /media/rafael/DATA/Dropbox/20220924_FIML_solver/data/output/field_inversion/Beta_e/u_imp_100/FI_run_T31_SReStar_tauGL_u_imp_100_k_imp_0_e_imp_1/FI_run_T31_SReStar_tauGL_u_imp_100_k_imp_0_e_imp_1_state_iter_1500.dat
iter:   1600 (Jcost: 1.278372e-01) (lr = 3.321e-02) (elapsed time: 1298.180) (secs/iter:  0.813) (n_accepted: 77%) (u_error:  0.823417 %) (beta_change:  9.512802 %) (delta_change:  0.945996 %) (delta_peak/R:  3.648212 %)
iter:   1700 (Jcost: 1.275888e-01) (lr = 4.950e-03) (elapsed time: 1374.967) (secs/iter:  0.768) (n_accepted: 77%) (u_error:  0.823259 %) (beta_change:  8.939213 %) (delta_change:  0.862651 %) (delta_peak/R:  3.606341 %)
iter:   1800 (Jcost: 1.273356e-01) (lr = 1.770e-03) (elapsed time: 1449.187) (secs/iter:  0.742) (n_accepted: 78%) (u_error:  0.823190 %) (beta_change:  8.301808 %) (delta_change:  0.777826 %) (delta_peak/R:  3.559781 %)
iter:   1900 (Jcost: 1.271464e-01) (lr = 1.520e-03) (elapsed time: 1523.694) (secs/iter:  0.745) (n_accepted: 79%) (u_error:  0.823082 %) (beta_change:  7.783416 %) (delta_change:  0.716943 %) (delta_peak/R:  3.521946 %)
iter:   2000 (Jcost: 1.269693e-01) (lr = 4.328e-02) (elapsed time: 1597.691) (secs/iter:  0.740) (n_accepted: 83%) (u_error:  0.822513 %) (beta_change:  7.228526 %) (delta_change:  0.650865 %) (delta_peak/R:  3.480355 %)
-> Saved file: /media/rafael/DATA/Dropbox/20220924_FIML_solver/data/output/field_inversion/Beta_e/u_imp_100/FI_run_T31_SReStar_tauGL_u_imp_100_k_imp_0_e_imp_1/FI_run_T31_SReStar_tauGL_u_imp_100_k_imp_0_e_imp_1_state_iter_2000.dat
iter:   2100 (Jcost: 1.268581e-01) (lr = 2.687e-03) (elapsed time: 1679.748) (secs/iter:  0.821) (n_accepted: 76%) (u_error:  0.822949 %) (beta_change:  6.913341 %) (delta_change:  0.612603 %) (delta_peak/R:  3.460640 %)
iter:   2200 (Jcost: 1.267291e-01) (lr = 7.654e-02) (elapsed time: 1753.203) (secs/iter:  0.735) (n_accepted: 83%) (u_error:  0.822787 %) (beta_change:  6.488723 %) (delta_change:  0.561148 %) (delta_peak/R:  3.431667 %)
iter:   2300 (Jcost: 1.266011e-01) (lr = 2.737e-02) (elapsed time: 1825.160) (secs/iter:  0.720) (n_accepted: 78%) (u_error:  0.822744 %) (beta_change:  6.043419 %) (delta_change:  0.506987 %) (delta_peak/R:  3.403019 %)
iter:   2400 (Jcost: 1.264788e-01) (lr = 1.700e-03) (elapsed time: 1901.217) (secs/iter:  0.761) (n_accepted: 76%) (u_error:  0.822676 %) (beta_change:  5.593695 %) (delta_change:  0.452390 %) (delta_peak/R:  3.377509 %)
iter:   2500 (Jcost: 1.263790e-01) (lr = 1.162e-01) (elapsed time: 1974.289) (secs/iter:  0.731) (n_accepted: 84%) (u_error:  0.822804 %) (beta_change:  5.201134 %) (delta_change:  0.404893 %) (delta_peak/R:  3.358784 %)
-> Saved file: /media/rafael/DATA/Dropbox/20220924_FIML_solver/data/output/field_inversion/Beta_e/u_imp_100/FI_run_T31_SReStar_tauGL_u_imp_100_k_imp_0_e_imp_1/FI_run_T31_SReStar_tauGL_u_imp_100_k_imp_0_e_imp_1_state_iter_2500.dat
iter:   2600 (Jcost: 1.262900e-01) (lr = 1.731e-02) (elapsed time: 2049.966) (secs/iter:  0.757) (n_accepted: 77%) (u_error:  0.822566 %) (beta_change:  4.849398 %) (delta_change:  0.362863 %) (delta_peak/R:  3.341272 %)
iter:   2700 (Jcost: 1.261957e-01) (lr = 1.486e-02) (elapsed time: 2121.691) (secs/iter:  0.717) (n_accepted: 79%) (u_error:  0.822480 %) (beta_change:  4.452784 %) (delta_change:  0.315908 %) (delta_peak/R:  3.323570 %)
iter:   2800 (Jcost: 1.261171e-01) (lr = 5.316e-03) (elapsed time: 2196.058) (secs/iter:  0.744) (n_accepted: 78%) (u_error:  0.822509 %) (beta_change:  4.109480 %) (delta_change:  0.278225 %) (delta_peak/R:  3.309684 %)
iter:   2900 (Jcost: 1.260299e-01) (lr = 1.901e-03) (elapsed time: 2266.308) (secs/iter:  0.703) (n_accepted: 78%) (u_error:  0.822417 %) (beta_change:  3.714555 %) (delta_change:  0.279198 %) (delta_peak/R:  3.294091 %)
iter:   3000 (Jcost: 1.259539e-01) (lr = 1.300e-01) (elapsed time: 2338.460) (secs/iter:  0.722) (n_accepted: 84%) (u_error:  0.822500 %) (beta_change:  3.353654 %) (delta_change:  0.280677 %) (delta_peak/R:  3.281544 %)
-> Saved file: /media/rafael/DATA/Dropbox/20220924_FIML_solver/data/output/field_inversion/Beta_e/u_imp_100/FI_run_T31_SReStar_tauGL_u_imp_100_k_imp_0_e_imp_1/FI_run_T31_SReStar_tauGL_u_imp_100_k_imp_0_e_imp_1_state_iter_3000.dat
iter:   3100 (Jcost: 1.259098e-01) (lr = 8.070e-03) (elapsed time: 2424.458) (secs/iter:  0.860) (n_accepted: 76%) (u_error:  0.822335 %) (beta_change:  3.159921 %) (delta_change:  0.280691 %) (delta_peak/R:  3.273654 %)
iter:   3200 (Jcost: 1.258327e-01) (lr = 2.886e-03) (elapsed time: 2492.899) (secs/iter:  0.684) (n_accepted: 78%) (u_error:  0.822297 %) (beta_change:  2.805046 %) (delta_change:  0.281692 %) (delta_peak/R:  3.261116 %)
iter:   3300 (Jcost: 1.257714e-01) (lr = 2.478e-03) (elapsed time: 2564.196) (secs/iter:  0.713) (n_accepted: 79%) (u_error:  0.822040 %) (beta_change:  2.503543 %) (delta_change:  0.281636 %) (delta_peak/R:  3.250015 %)
iter:   3400 (Jcost: 1.257054e-01) (lr = 7.056e-02) (elapsed time: 2633.342) (secs/iter:  0.691) (n_accepted: 83%) (u_error:  0.822070 %) (beta_change:  2.188184 %) (delta_change:  0.282684 %) (delta_peak/R:  3.240425 %)
iter:   3500 (Jcost: 1.256602e-01) (lr = 4.381e-03) (elapsed time: 2702.685) (secs/iter:  0.693) (n_accepted: 76%) (u_error:  0.822170 %) (beta_change:  1.968338 %) (delta_change:  0.283687 %) (delta_peak/R:  3.234455 %)
-> Saved file: /media/rafael/DATA/Dropbox/20220924_FIML_solver/data/output/field_inversion/Beta_e/u_imp_100/FI_run_T31_SReStar_tauGL_u_imp_100_k_imp_0_e_imp_1/FI_run_T31_SReStar_tauGL_u_imp_100_k_imp_0_e_imp_1_state_iter_3500.dat
iter:   3600 (Jcost: 1.256108e-01) (lr = 3.761e-03) (elapsed time: 2756.698) (secs/iter:  0.540) (n_accepted: 79%) (u_error:  0.822162 %) (beta_change:  1.762197 %) (delta_change:  0.284343 %) (delta_peak/R:  3.227356 %)
iter:   3700 (Jcost: 1.255576e-01) (lr = 3.228e-03) (elapsed time: 2799.652) (secs/iter:  0.430) (n_accepted: 79%) (u_error:  0.822072 %) (beta_change:  1.553552 %) (delta_change:  0.284718 %) (delta_peak/R:  3.219505 %)
iter:   3800 (Jcost: 1.255124e-01) (lr = 3.831e-02) (elapsed time: 2843.999) (secs/iter:  0.443) (n_accepted: 82%) (u_error:  0.822176 %) (beta_change:  1.448575 %) (delta_change:  0.285719 %) (delta_peak/R:  3.213841 %)
iter:   3900 (Jcost: 1.254659e-01) (lr = 7.892e-02) (elapsed time: 2913.939) (secs/iter:  0.699) (n_accepted: 80%) (u_error:  0.822201 %) (beta_change:  1.469810 %) (delta_change:  0.286424 %) (delta_peak/R:  3.207726 %)
iter:   4000 (Jcost: 1.254236e-01) (lr = 6.775e-02) (elapsed time: 2980.595) (secs/iter:  0.667) (n_accepted: 79%) (u_error:  0.822019 %) (beta_change:  1.584920 %) (delta_change:  0.286254 %) (delta_peak/R:  3.201498 %)
-> Saved file: /media/rafael/DATA/Dropbox/20220924_FIML_solver/data/output/field_inversion/Beta_e/u_imp_100/FI_run_T31_SReStar_tauGL_u_imp_100_k_imp_0_e_imp_1/FI_run_T31_SReStar_tauGL_u_imp_100_k_imp_0_e_imp_1_state_iter_4000.dat
iter:   4100 (Jcost: 1.253839e-01) (lr = 4.207e-03) (elapsed time: 3058.446) (secs/iter:  0.779) (n_accepted: 76%) (u_error:  0.822046 %) (beta_change:  1.765984 %) (delta_change:  0.286852 %) (delta_peak/R:  3.196572 %)
iter:   4200 (Jcost: 1.253466e-01) (lr = 1.505e-03) (elapsed time: 3128.103) (secs/iter:  0.697) (n_accepted: 78%) (u_error:  0.821982 %) (beta_change:  1.965338 %) (delta_change:  0.287059 %) (delta_peak/R:  3.191632 %)
iter:   4300 (Jcost: 1.253079e-01) (lr = 4.285e-02) (elapsed time: 3195.946) (secs/iter:  0.678) (n_accepted: 83%) (u_error:  0.822172 %) (beta_change:  2.191969 %) (delta_change:  0.288270 %) (delta_peak/R:  3.187532 %)
iter:   4400 (Jcost: 1.252758e-01) (lr = 8.828e-02) (elapsed time: 3266.071) (secs/iter:  0.701) (n_accepted: 80%) (u_error:  0.821901 %) (beta_change:  2.358081 %) (delta_change:  0.287582 %) (delta_peak/R:  3.182643 %)
iter:   4500 (Jcost: 1.252435e-01) (lr = 1.316e-02) (elapsed time: 3339.082) (secs/iter:  0.730) (n_accepted: 77%) (u_error:  0.821889 %) (beta_change:  2.542531 %) (delta_change:  0.287901 %) (delta_peak/R:  3.178761 %)
-> Saved file: /media/rafael/DATA/Dropbox/20220924_FIML_solver/data/output/field_inversion/Beta_e/u_imp_100/FI_run_T31_SReStar_tauGL_u_imp_100_k_imp_0_e_imp_1/FI_run_T31_SReStar_tauGL_u_imp_100_k_imp_0_e_imp_1_state_iter_4500.dat
iter:   4600 (Jcost: 1.252057e-01) (lr = 4.705e-03) (elapsed time: 3410.556) (secs/iter:  0.715) (n_accepted: 78%) (u_error:  0.821857 %) (beta_change:  2.764143 %) (delta_change:  0.288205 %) (delta_peak/R:  3.174182 %)
iter:   4700 (Jcost: 1.251714e-01) (lr = 4.039e-03) (elapsed time: 3482.603) (secs/iter:  0.720) (n_accepted: 79%) (u_error:  0.821964 %) (beta_change:  2.972440 %) (delta_change:  0.288989 %) (delta_peak/R:  3.170706 %)
iter:   4800 (Jcost: 1.251397e-01) (lr = 8.321e-03) (elapsed time: 3553.216) (secs/iter:  0.706) (n_accepted: 80%) (u_error:  0.821915 %) (beta_change:  3.164700 %) (delta_change:  0.289140 %) (delta_peak/R:  3.166895 %)
iter:   4900 (Jcost: 1.251123e-01) (lr = 9.874e-02) (elapsed time: 3624.240) (secs/iter:  0.710) (n_accepted: 82%) (u_error:  0.821866 %) (beta_change:  3.333657 %) (delta_change:  0.289790 %) (delta_peak/R:  3.163604 %)
iter:   5000 (Jcost: 1.250831e-01) (lr = 3.532e-02) (elapsed time: 3711.131) (secs/iter:  0.869) (n_accepted: 78%) (u_error:  0.821831 %) (beta_change:  3.518305 %) (delta_change:  0.306583 %) (delta_peak/R:  3.160188 %)
-> Saved file: /media/rafael/DATA/Dropbox/20220924_FIML_solver/data/output/field_inversion/Beta_e/u_imp_100/FI_run_T31_SReStar_tauGL_u_imp_100_k_imp_0_e_imp_1/FI_run_T31_SReStar_tauGL_u_imp_100_k_imp_0_e_imp_1_state_iter_5000.dat
iter:   5100 (Jcost: 1.250503e-01) (lr = 5.263e-03) (elapsed time: 3803.708) (secs/iter:  0.926) (n_accepted: 77%) (u_error:  0.821792 %) (beta_change:  3.730579 %) (delta_change:  0.325602 %) (delta_peak/R:  3.156374 %)
iter:   5200 (Jcost: 1.250207e-01) (lr = 1.882e-03) (elapsed time: 3864.093) (secs/iter:  0.604) (n_accepted: 78%) (u_error:  0.821769 %) (beta_change:  3.925558 %) (delta_change:  0.342791 %) (delta_peak/R:  3.153029 %)
iter:   5300 (Jcost: 1.249954e-01) (lr = 9.308e-03) (elapsed time: 3931.138) (secs/iter:  0.670) (n_accepted: 81%) (u_error:  0.821858 %) (beta_change:  4.100506 %) (delta_change:  0.357977 %) (delta_peak/R:  3.150643 %)
iter:   5400 (Jcost: 1.249715e-01) (lr = 1.105e-01) (elapsed time: 3985.542) (secs/iter:  0.544) (n_accepted: 82%) (u_error:  0.821788 %) (beta_change:  4.259791 %) (delta_change:  0.371640 %) (delta_peak/R:  3.147782 %)
iter:   5500 (Jcost: 1.249479e-01) (lr = 3.950e-02) (elapsed time: 4050.725) (secs/iter:  0.652) (n_accepted: 78%) (u_error:  0.821705 %) (beta_change:  4.421822 %) (delta_change:  0.385369 %) (delta_peak/R:  3.144861 %)
-> Saved file: /media/rafael/DATA/Dropbox/20220924_FIML_solver/data/output/field_inversion/Beta_e/u_imp_100/FI_run_T31_SReStar_tauGL_u_imp_100_k_imp_0_e_imp_1/FI_run_T31_SReStar_tauGL_u_imp_100_k_imp_0_e_imp_1_state_iter_5500.dat
iter:   5600 (Jcost: 1.249257e-01) (lr = 1.413e-02) (elapsed time: 4109.055) (secs/iter:  0.583) (n_accepted: 78%) (u_error:  0.821693 %) (beta_change:  4.578755 %) (delta_change:  0.398485 %) (delta_peak/R:  3.142414 %)
iter:   5700 (Jcost: 1.248969e-01) (lr = 2.106e-03) (elapsed time: 4179.356) (secs/iter:  0.703) (n_accepted: 77%) (u_error:  0.821661 %) (beta_change:  4.784875 %) (delta_change:  0.415467 %) (delta_peak/R:  3.139187 %)
iter:   5800 (Jcost: 1.248761e-01) (lr = 4.338e-03) (elapsed time: 4250.126) (secs/iter:  0.708) (n_accepted: 80%) (u_error:  0.821764 %) (beta_change:  4.941389 %) (delta_change:  0.428153 %) (delta_peak/R:  3.137405 %)
iter:   5900 (Jcost: 1.248601e-01) (lr = 2.145e-02) (elapsed time: 4319.802) (secs/iter:  0.697) (n_accepted: 81%) (u_error:  0.821676 %) (beta_change:  5.055029 %) (delta_change:  0.437273 %) (delta_peak/R:  3.135342 %)
iter:   6000 (Jcost: 1.248412e-01) (lr = 7.671e-03) (elapsed time: 4387.865) (secs/iter:  0.681) (n_accepted: 78%) (u_error:  0.821629 %) (beta_change:  5.195864 %) (delta_change:  0.448451 %) (delta_peak/R:  3.133106 %)
-> Saved file: /media/rafael/DATA/Dropbox/20220924_FIML_solver/data/output/field_inversion/Beta_e/u_imp_100/FI_run_T31_SReStar_tauGL_u_imp_100_k_imp_0_e_imp_1/FI_run_T31_SReStar_tauGL_u_imp_100_k_imp_0_e_imp_1_state_iter_6000.dat
iter:   6100 (Jcost: 1.248190e-01) (lr = 1.143e-03) (elapsed time: 4463.781) (secs/iter:  0.759) (n_accepted: 77%) (u_error:  0.821625 %) (beta_change:  5.364458 %) (delta_change:  0.461655 %) (delta_peak/R:  3.130723 %)
iter:   6200 (Jcost: 1.247977e-01) (lr = 1.357e-02) (elapsed time: 4529.648) (secs/iter:  0.659) (n_accepted: 82%) (u_error:  0.821682 %) (beta_change:  5.531378 %) (delta_change:  0.474539 %) (delta_peak/R:  3.128697 %)
iter:   6300 (Jcost: 1.247799e-01) (lr = 6.708e-02) (elapsed time: 4597.904) (secs/iter:  0.683) (n_accepted: 81%) (u_error:  0.821562 %) (beta_change:  5.667377 %) (delta_change:  0.484903 %) (delta_peak/R:  3.126260 %)
iter:   6400 (Jcost: 1.247640e-01) (lr = 2.399e-02) (elapsed time: 4668.430) (secs/iter:  0.705) (n_accepted: 78%) (u_error:  0.821604 %) (beta_change:  5.794017 %) (delta_change:  0.494435 %) (delta_peak/R:  3.124760 %)
iter:   6500 (Jcost: 1.247465e-01) (lr = 8.581e-03) (elapsed time: 4736.770) (secs/iter:  0.683) (n_accepted: 78%) (u_error:  0.821571 %) (beta_change:  5.933504 %) (delta_change:  0.504813 %) (delta_peak/R:  3.122735 %)
-> Saved file: /media/rafael/DATA/Dropbox/20220924_FIML_solver/data/output/field_inversion/Beta_e/u_imp_100/FI_run_T31_SReStar_tauGL_u_imp_100_k_imp_0_e_imp_1/FI_run_T31_SReStar_tauGL_u_imp_100_k_imp_0_e_imp_1_state_iter_6500.dat
iter:   6600 (Jcost: 1.247274e-01) (lr = 3.069e-03) (elapsed time: 4806.700) (secs/iter:  0.699) (n_accepted: 78%) (u_error:  0.821549 %) (beta_change:  6.089060 %) (delta_change:  0.516235 %) (delta_peak/R:  3.120573 %)
iter:   6700 (Jcost: 1.247099e-01) (lr = 2.634e-03) (elapsed time: 4875.030) (secs/iter:  0.683) (n_accepted: 79%) (u_error:  0.821530 %) (beta_change:  6.233174 %) (delta_change:  0.526671 %) (delta_peak/R:  3.118598 %)
iter:   6800 (Jcost: 1.246901e-01) (lr = 1.801e-01) (elapsed time: 4938.018) (secs/iter:  0.630) (n_accepted: 84%) (u_error:  0.821636 %) (beta_change:  6.406204 %) (delta_change:  0.539019 %) (delta_peak/R:  3.116880 %)
iter:   6900 (Jcost: 1.246782e-01) (lr = 2.684e-02) (elapsed time: 5007.167) (secs/iter:  0.691) (n_accepted: 77%) (u_error:  0.821498 %) (beta_change:  6.499250 %) (delta_change:  0.545573 %) (delta_peak/R:  3.115016 %)
iter:   7000 (Jcost: 1.246631e-01) (lr = 2.304e-02) (elapsed time: 5075.239) (secs/iter:  0.681) (n_accepted: 79%) (u_error:  0.821480 %) (beta_change:  6.628507 %) (delta_change:  0.554582 %) (delta_peak/R:  3.113283 %)
-> Saved file: /media/rafael/DATA/Dropbox/20220924_FIML_solver/data/output/field_inversion/Beta_e/u_imp_100/FI_run_T31_SReStar_tauGL_u_imp_100_k_imp_0_e_imp_1/FI_run_T31_SReStar_tauGL_u_imp_100_k_imp_0_e_imp_1_state_iter_7000.dat
iter:   7100 (Jcost: 1.246497e-01) (lr = 8.239e-03) (elapsed time: 5148.066) (secs/iter:  0.728) (n_accepted: 78%) (u_error:  0.821481 %) (beta_change:  6.744635 %) (delta_change:  0.562581 %) (delta_peak/R:  3.111817 %)
iter:   7200 (Jcost: 1.246321e-01) (lr = 2.947e-03) (elapsed time: 5214.092) (secs/iter:  0.660) (n_accepted: 78%) (u_error:  0.821476 %) (beta_change:  6.898835 %) (delta_change:  0.573067 %) (delta_peak/R:  3.109860 %)
iter:   7300 (Jcost: 1.246167e-01) (lr = 3.497e-02) (elapsed time: 5278.252) (secs/iter:  0.642) (n_accepted: 82%) (u_error:  0.821385 %) (beta_change:  7.037536 %) (delta_change:  0.582359 %) (delta_peak/R:  3.107684 %)
iter:   7400 (Jcost: 1.246052e-01) (lr = 3.002e-02) (elapsed time: 5348.533) (secs/iter:  0.703) (n_accepted: 79%) (u_error:  0.821452 %) (beta_change:  7.138941 %) (delta_change:  0.589073 %) (delta_peak/R:  3.106753 %)
iter:   7500 (Jcost: 1.245934e-01) (lr = 4.473e-03) (elapsed time: 5404.663) (secs/iter:  0.561) (n_accepted: 77%) (u_error:  0.821449 %) (beta_change:  7.246162 %) (delta_change:  0.596095 %) (delta_peak/R:  3.105416 %)
-> Saved file: /media/rafael/DATA/Dropbox/20220924_FIML_solver/data/output/field_inversion/Beta_e/u_imp_100/FI_run_T31_SReStar_tauGL_u_imp_100_k_imp_0_e_imp_1/FI_run_T31_SReStar_tauGL_u_imp_100_k_imp_0_e_imp_1_state_iter_7500.dat
iter:   7600 (Jcost: 1.245806e-01) (lr = 1.600e-03) (elapsed time: 5467.829) (secs/iter:  0.632) (n_accepted: 78%) (u_error:  0.821399 %) (beta_change:  7.363631 %) (delta_change:  0.603698 %) (delta_peak/R:  3.103727 %)
iter:   7700 (Jcost: 1.245686e-01) (lr = 4.557e-02) (elapsed time: 5535.128) (secs/iter:  0.673) (n_accepted: 83%) (u_error:  0.821291 %) (beta_change:  7.482011 %) (delta_change:  0.611262 %) (delta_peak/R:  3.101754 %)
iter:   7800 (Jcost: 1.245589e-01) (lr = 3.911e-02) (elapsed time: 5604.591) (secs/iter:  0.695) (n_accepted: 79%) (u_error:  0.821389 %) (beta_change:  7.566365 %) (delta_change:  0.616602 %) (delta_peak/R:  3.101204 %)
iter:   7900 (Jcost: 1.245487e-01) (lr = 1.399e-02) (elapsed time: 5673.274) (secs/iter:  0.687) (n_accepted: 78%) (u_error:  0.821395 %) (beta_change:  7.662615 %) (delta_change:  0.622632 %) (delta_peak/R:  3.100059 %)
iter:   8000 (Jcost: 1.245350e-01) (lr = 2.085e-03) (elapsed time: 5740.134) (secs/iter:  0.669) (n_accepted: 77%) (u_error:  0.821386 %) (beta_change:  7.792794 %) (delta_change:  0.630690 %) (delta_peak/R:  3.098438 %)
-> Saved file: /media/rafael/DATA/Dropbox/20220924_FIML_solver/data/output/field_inversion/Beta_e/u_imp_100/FI_run_T31_SReStar_tauGL_u_imp_100_k_imp_0_e_imp_1/FI_run_T31_SReStar_tauGL_u_imp_100_k_imp_0_e_imp_1_state_iter_8000.dat
iter:   8100 (Jcost: 1.245245e-01) (lr = 4.295e-03) (elapsed time: 5813.130) (secs/iter:  0.730) (n_accepted: 80%) (u_error:  0.821325 %) (beta_change:  7.895488 %) (delta_change:  0.636960 %) (delta_peak/R:  3.096897 %)
iter:   8200 (Jcost: 1.245137e-01) (lr = 3.687e-03) (elapsed time: 5881.899) (secs/iter:  0.688) (n_accepted: 79%) (u_error:  0.821434 %) (beta_change:  8.001855 %) (delta_change:  0.643391 %) (delta_peak/R:  3.096147 %)
iter:   8300 (Jcost: 1.245019e-01) (lr = 1.050e-01) (elapsed time: 5944.435) (secs/iter:  0.625) (n_accepted: 83%) (u_error:  0.821343 %) (beta_change:  8.115928 %) (delta_change:  0.650190 %) (delta_peak/R:  3.094330 %)
iter:   8400 (Jcost: 1.244915e-01) (lr = 1.565e-02) (elapsed time: 6009.126) (secs/iter:  0.647) (n_accepted: 77%) (u_error:  0.821347 %) (beta_change:  8.218782 %) (delta_change:  0.656251 %) (delta_peak/R:  3.093114 %)
iter:   8500 (Jcost: 1.244817e-01) (lr = 5.597e-03) (elapsed time: 6077.885) (secs/iter:  0.688) (n_accepted: 78%) (u_error:  0.821331 %) (beta_change:  8.316811 %) (delta_change:  0.661957 %) (delta_peak/R:  3.091861 %)
-> Saved file: /media/rafael/DATA/Dropbox/20220924_FIML_solver/data/output/field_inversion/Beta_e/u_imp_100/FI_run_T31_SReStar_tauGL_u_imp_100_k_imp_0_e_imp_1/FI_run_T31_SReStar_tauGL_u_imp_100_k_imp_0_e_imp_1_state_iter_8500.dat
iter:   8600 (Jcost: 1.244729e-01) (lr = 6.641e-02) (elapsed time: 6135.427) (secs/iter:  0.575) (n_accepted: 82%) (u_error:  0.821222 %) (beta_change:  8.412431 %) (delta_change:  0.667450 %) (delta_peak/R:  3.090184 %)
iter:   8700 (Jcost: 1.244663e-01) (lr = 9.897e-03) (elapsed time: 6183.072) (secs/iter:  0.476) (n_accepted: 77%) (u_error:  0.821324 %) (beta_change:  8.473244 %) (delta_change:  0.670926 %) (delta_peak/R:  3.089950 %)
iter:   8800 (Jcost: 1.244551e-01) (lr = 1.475e-03) (elapsed time: 6222.252) (secs/iter:  0.392) (n_accepted: 77%) (u_error:  0.821320 %) (beta_change:  8.588642 %) (delta_change:  0.677438 %) (delta_peak/R:  3.088551 %)
iter:   8900 (Jcost: 1.244452e-01) (lr = 1.750e-02) (elapsed time: 6260.855) (secs/iter:  0.386) (n_accepted: 82%) (u_error:  0.821263 %) (beta_change:  8.692756 %) (delta_change:  0.683228 %) (delta_peak/R:  3.087027 %)
iter:   9000 (Jcost: 1.244372e-01) (lr = 8.654e-02) (elapsed time: 6301.901) (secs/iter:  0.410) (n_accepted: 81%) (u_error:  0.821296 %) (beta_change:  8.775673 %) (delta_change:  0.687792 %) (delta_peak/R:  3.086195 %)
-> Saved file: /media/rafael/DATA/Dropbox/20220924_FIML_solver/data/output/field_inversion/Beta_e/u_imp_100/FI_run_T31_SReStar_tauGL_u_imp_100_k_imp_0_e_imp_1/FI_run_T31_SReStar_tauGL_u_imp_100_k_imp_0_e_imp_1_state_iter_9000.dat
iter:   9100 (Jcost: 1.244284e-01) (lr = 1.290e-02) (elapsed time: 6351.541) (secs/iter:  0.496) (n_accepted: 77%) (u_error:  0.821299 %) (beta_change:  8.868443 %) (delta_change:  0.692842 %) (delta_peak/R:  3.085099 %)
iter:   9200 (Jcost: 1.244207e-01) (lr = 4.613e-03) (elapsed time: 6419.906) (secs/iter:  0.684) (n_accepted: 78%) (u_error:  0.821267 %) (beta_change:  8.950776 %) (delta_change:  0.697266 %) (delta_peak/R:  3.083959 %)
iter:   9300 (Jcost: 1.244126e-01) (lr = 3.960e-03) (elapsed time: 6487.901) (secs/iter:  0.680) (n_accepted: 79%) (u_error:  0.821274 %) (beta_change:  9.036905 %) (delta_change:  0.701849 %) (delta_peak/R:  3.082962 %)
iter:   9400 (Jcost: 1.244027e-01) (lr = 3.399e-03) (elapsed time: 6552.704) (secs/iter:  0.648) (n_accepted: 79%) (u_error:  0.821278 %) (beta_change:  9.144532 %) (delta_change:  0.707505 %) (delta_peak/R:  3.081689 %)
iter:   9500 (Jcost: 1.243950e-01) (lr = 9.680e-02) (elapsed time: 6614.906) (secs/iter:  0.622) (n_accepted: 83%) (u_error:  0.821265 %) (beta_change:  9.228626 %) (delta_change:  0.711864 %) (delta_peak/R:  3.080615 %)
-> Saved file: /media/rafael/DATA/Dropbox/20220924_FIML_solver/data/output/field_inversion/Beta_e/u_imp_100/FI_run_T31_SReStar_tauGL_u_imp_100_k_imp_0_e_imp_1/FI_run_T31_SReStar_tauGL_u_imp_100_k_imp_0_e_imp_1_state_iter_9500.dat
iter:   9600 (Jcost: 1.243884e-01) (lr = 1.443e-02) (elapsed time: 6690.912) (secs/iter:  0.760) (n_accepted: 77%) (u_error:  0.821248 %) (beta_change:  9.300924 %) (delta_change:  0.715571 %) (delta_peak/R:  3.079662 %)
iter:   9700 (Jcost: 1.243814e-01) (lr = 1.238e-02) (elapsed time: 6760.369) (secs/iter:  0.695) (n_accepted: 79%) (u_error:  0.821240 %) (beta_change:  9.402731 %) (delta_change:  0.719517 %) (delta_peak/R:  3.078688 %)
iter:   9800 (Jcost: 1.243748e-01) (lr = 4.429e-03) (elapsed time: 6829.867) (secs/iter:  0.695) (n_accepted: 78%) (u_error:  0.821257 %) (beta_change:  9.513777 %) (delta_change:  0.723243 %) (delta_peak/R:  3.077876 %)
iter:   9900 (Jcost: 1.243671e-01) (lr = 1.584e-03) (elapsed time: 6892.551) (secs/iter:  0.627) (n_accepted: 78%) (u_error:  0.821238 %) (beta_change:  9.644263 %) (delta_change:  0.727522 %) (delta_peak/R:  3.076741 %)
iter:  10000 (Jcost: 1.243591e-01) (lr = 1.083e-01) (elapsed time: 6956.956) (secs/iter:  0.644) (n_accepted: 84%) (u_error:  0.821277 %) (beta_change:  9.783640 %) (delta_change:  0.732012 %) (delta_peak/R:  3.075825 %)
-> Saved file: /media/rafael/DATA/Dropbox/20220924_FIML_solver/data/output/field_inversion/Beta_e/u_imp_100/FI_run_T31_SReStar_tauGL_u_imp_100_k_imp_0_e_imp_1/FI_run_T31_SReStar_tauGL_u_imp_100_k_imp_0_e_imp_1_state_iter_10000.dat
iter:  10100 (Jcost: 1.243535e-01) (lr = 3.873e-02) (elapsed time: 7020.037) (secs/iter:  0.631) (n_accepted: 78%) (u_error:  0.821212 %) (beta_change:  9.879731 %) (delta_change:  0.735011 %) (delta_peak/R:  3.074756 %)
iter:  10200 (Jcost: 1.243478e-01) (lr = 1.385e-02) (elapsed time: 7089.929) (secs/iter:  0.699) (n_accepted: 78%) (u_error:  0.821199 %) (beta_change:  9.981237 %) (delta_change:  0.738144 %) (delta_peak/R:  3.073897 %)
iter:  10300 (Jcost: 1.243418e-01) (lr = 4.954e-03) (elapsed time: 7156.365) (secs/iter:  0.664) (n_accepted: 78%) (u_error:  0.821199 %) (beta_change: 10.090341 %) (delta_change:  0.741456 %) (delta_peak/R:  3.073048 %)
iter:  10400 (Jcost: 1.243352e-01) (lr = 1.772e-03) (elapsed time: 7198.484) (secs/iter:  0.421) (n_accepted: 78%) (u_error:  0.821203 %) (beta_change: 10.211572 %) (delta_change:  0.745064 %) (delta_peak/R:  3.072127 %)
iter:  10500 (Jcost: 1.243296e-01) (lr = 3.650e-03) (elapsed time: 7266.442) (secs/iter:  0.680) (n_accepted: 80%) (u_error:  0.821245 %) (beta_change: 10.318428 %) (delta_change:  0.748192 %) (delta_peak/R:  3.071511 %)
-> Saved file: /media/rafael/DATA/Dropbox/20220924_FIML_solver/data/output/field_inversion/Beta_e/u_imp_100/FI_run_T31_SReStar_tauGL_u_imp_100_k_imp_0_e_imp_1/FI_run_T31_SReStar_tauGL_u_imp_100_k_imp_0_e_imp_1_state_iter_10500.dat
iter:  10600 (Jcost: 1.243245e-01) (lr = 7.520e-03) (elapsed time: 7333.624) (secs/iter:  0.672) (n_accepted: 80%) (u_error:  0.821198 %) (beta_change: 10.412159 %) (delta_change:  0.750857 %) (delta_peak/R:  3.070567 %)
iter:  10700 (Jcost: 1.243180e-01) (lr = 1.121e-03) (elapsed time: 7396.428) (secs/iter:  0.628) (n_accepted: 77%) (u_error:  0.821191 %) (beta_change: 10.536061 %) (delta_change:  0.754718 %) (delta_peak/R:  3.069592 %)
iter:  10800 (Jcost: 1.243129e-01) (lr = 2.309e-03) (elapsed time: 7465.524) (secs/iter:  0.691) (n_accepted: 80%) (u_error:  0.821119 %) (beta_change: 10.639176 %) (delta_change:  0.759530 %) (delta_peak/R:  3.068464 %)
iter:  10900 (Jcost: 1.243078e-01) (lr = 6.576e-02) (elapsed time: 7531.145) (secs/iter:  0.656) (n_accepted: 83%) (u_error:  0.821233 %) (beta_change: 10.739343 %) (delta_change:  0.764173 %) (delta_peak/R:  3.068263 %)
iter:  11000 (Jcost: 1.243028e-01) (lr = 5.645e-02) (elapsed time: 7592.946) (secs/iter:  0.618) (n_accepted: 79%) (u_error:  0.821167 %) (beta_change: 10.835427 %) (delta_change:  0.768580 %) (delta_peak/R:  3.067228 %)
-> Saved file: /media/rafael/DATA/Dropbox/20220924_FIML_solver/data/output/field_inversion/Beta_e/u_imp_100/FI_run_T31_SReStar_tauGL_u_imp_100_k_imp_0_e_imp_1/FI_run_T31_SReStar_tauGL_u_imp_100_k_imp_0_e_imp_1_state_iter_11000.dat
iter:  11100 (Jcost: 1.242978e-01) (lr = 2.019e-02) (elapsed time: 7666.698) (secs/iter:  0.738) (n_accepted: 78%) (u_error:  0.821174 %) (beta_change: 10.937230 %) (delta_change:  0.773213 %) (delta_peak/R:  3.066503 %)
iter:  11200 (Jcost: 1.242929e-01) (lr = 7.221e-03) (elapsed time: 7733.882) (secs/iter:  0.672) (n_accepted: 78%) (u_error:  0.821160 %) (beta_change: 11.036957 %) (delta_change:  0.777708 %) (delta_peak/R:  3.065698 %)
iter:  11300 (Jcost: 1.242885e-01) (lr = 2.583e-03) (elapsed time: 7800.070) (secs/iter:  0.662) (n_accepted: 78%) (u_error:  0.821159 %) (beta_change: 11.129524 %) (delta_change:  0.781844 %) (delta_peak/R:  3.065014 %)
iter:  11400 (Jcost: 1.242838e-01) (lr = 5.321e-03) (elapsed time: 7863.478) (secs/iter:  0.634) (n_accepted: 80%) (u_error:  0.821173 %) (beta_change: 11.228812 %) (delta_change:  0.786241 %) (delta_peak/R:  3.064355 %)
iter:  11500 (Jcost: 1.242792e-01) (lr = 4.567e-03) (elapsed time: 7929.001) (secs/iter:  0.655) (n_accepted: 79%) (u_error:  0.821201 %) (beta_change: 11.329652 %) (delta_change:  0.790665 %) (delta_peak/R:  3.063760 %)
-> Saved file: /media/rafael/DATA/Dropbox/20220924_FIML_solver/data/output/field_inversion/Beta_e/u_imp_100/FI_run_T31_SReStar_tauGL_u_imp_100_k_imp_0_e_imp_1/FI_run_T31_SReStar_tauGL_u_imp_100_k_imp_0_e_imp_1_state_iter_11500.dat
iter:  11600 (Jcost: 1.242740e-01) (lr = 5.420e-02) (elapsed time: 7995.455) (secs/iter:  0.665) (n_accepted: 82%) (u_error:  0.821092 %) (beta_change: 11.442523 %) (delta_change:  0.795559 %) (delta_peak/R:  3.062421 %)
iter:  11700 (Jcost: 1.242704e-01) (lr = 1.938e-02) (elapsed time: 8062.362) (secs/iter:  0.669) (n_accepted: 78%) (u_error:  0.821125 %) (beta_change: 11.520092 %) (delta_change:  0.798897 %) (delta_peak/R:  3.062022 %)
iter:  11800 (Jcost: 1.242662e-01) (lr = 2.889e-03) (elapsed time: 8129.056) (secs/iter:  0.667) (n_accepted: 77%) (u_error:  0.821140 %) (beta_change: 11.614261 %) (delta_change:  0.802911 %) (delta_peak/R:  3.061418 %)
iter:  11900 (Jcost: 1.242616e-01) (lr = 3.428e-02) (elapsed time: 8195.049) (secs/iter:  0.660) (n_accepted: 82%) (u_error:  0.821151 %) (beta_change: 11.718110 %) (delta_change:  0.807294 %) (delta_peak/R:  3.060731 %)
iter:  12000 (Jcost: 1.242585e-01) (lr = 2.943e-02) (elapsed time: 8261.577) (secs/iter:  0.665) (n_accepted: 79%) (u_error:  0.821130 %) (beta_change: 11.788073 %) (delta_change:  0.810218 %) (delta_peak/R:  3.060140 %)
-> Saved file: /media/rafael/DATA/Dropbox/20220924_FIML_solver/data/output/field_inversion/Beta_e/u_imp_100/FI_run_T31_SReStar_tauGL_u_imp_100_k_imp_0_e_imp_1/FI_run_T31_SReStar_tauGL_u_imp_100_k_imp_0_e_imp_1_state_iter_12000.dat
iter:  12100 (Jcost: 1.242544e-01) (lr = 2.526e-02) (elapsed time: 8332.147) (secs/iter:  0.706) (n_accepted: 79%) (u_error:  0.821136 %) (beta_change: 11.883566 %) (delta_change:  0.814177 %) (delta_peak/R:  3.059493 %)
iter:  12200 (Jcost: 1.242508e-01) (lr = 9.034e-03) (elapsed time: 8402.098) (secs/iter:  0.700) (n_accepted: 78%) (u_error:  0.821114 %) (beta_change: 11.967450 %) (delta_change:  0.817618 %) (delta_peak/R:  3.058799 %)
iter:  12300 (Jcost: 1.242466e-01) (lr = 3.231e-03) (elapsed time: 8463.514) (secs/iter:  0.614) (n_accepted: 78%) (u_error:  0.821109 %) (beta_change: 12.067611 %) (delta_change:  0.821689 %) (delta_peak/R:  3.058079 %)
iter:  12400 (Jcost: 1.242434e-01) (lr = 9.202e-02) (elapsed time: 8529.557) (secs/iter:  0.660) (n_accepted: 83%) (u_error:  0.821128 %) (beta_change: 12.147514 %) (delta_change:  0.824905 %) (delta_peak/R:  3.057617 %)
iter:  12500 (Jcost: 1.242401e-01) (lr = 2.381e-03) (elapsed time: 8595.758) (secs/iter:  0.662) (n_accepted: 75%) (u_error:  0.821105 %) (beta_change: 12.226426 %) (delta_change:  0.828050 %) (delta_peak/R:  3.056963 %)
-> Saved file: /media/rafael/DATA/Dropbox/20220924_FIML_solver/data/output/field_inversion/Beta_e/u_imp_100/FI_run_T31_SReStar_tauGL_u_imp_100_k_imp_0_e_imp_1/FI_run_T31_SReStar_tauGL_u_imp_100_k_imp_0_e_imp_1_state_iter_12500.dat
iter:  12600 (Jcost: 1.242367e-01) (lr = 6.781e-02) (elapsed time: 8666.779) (secs/iter:  0.710) (n_accepted: 83%) (u_error:  0.821046 %) (beta_change: 12.315333 %) (delta_change:  0.831558 %) (delta_peak/R:  3.056070 %)
iter:  12700 (Jcost: 1.242337e-01) (lr = 5.821e-02) (elapsed time: 8733.905) (secs/iter:  0.671) (n_accepted: 79%) (u_error:  0.821092 %) (beta_change: 12.386992 %) (delta_change:  0.834364 %) (delta_peak/R:  3.055798 %)
iter:  12800 (Jcost: 1.242302e-01) (lr = 3.614e-03) (elapsed time: 8792.904) (secs/iter:  0.590) (n_accepted: 76%) (u_error:  0.821111 %) (beta_change: 12.475158 %) (delta_change:  0.837783 %) (delta_peak/R:  3.055293 %)
iter:  12900 (Jcost: 1.242263e-01) (lr = 1.293e-03) (elapsed time: 8848.560) (secs/iter:  0.557) (n_accepted: 78%) (u_error:  0.821096 %) (beta_change: 12.574386 %) (delta_change:  0.841586 %) (delta_peak/R:  3.054547 %)
iter:  13000 (Jcost: 1.242229e-01) (lr = 8.836e-02) (elapsed time: 8910.382) (secs/iter:  0.618) (n_accepted: 84%) (u_error:  0.821107 %) (beta_change: 12.664205 %) (delta_change:  0.844990 %) (delta_peak/R:  3.053999 %)
-> Saved file: /media/rafael/DATA/Dropbox/20220924_FIML_solver/data/output/field_inversion/Beta_e/u_imp_100/FI_run_T31_SReStar_tauGL_u_imp_100_k_imp_0_e_imp_1/FI_run_T31_SReStar_tauGL_u_imp_100_k_imp_0_e_imp_1_state_iter_13000.dat
iter:  13100 (Jcost: 1.242200e-01) (lr = 3.160e-02) (elapsed time: 8984.287) (secs/iter:  0.739) (n_accepted: 78%) (u_error:  0.821083 %) (beta_change: 12.741204 %) (delta_change:  0.847876 %) (delta_peak/R:  3.053368 %)
iter:  13200 (Jcost: 1.242169e-01) (lr = 2.713e-02) (elapsed time: 9049.936) (secs/iter:  0.656) (n_accepted: 79%) (u_error:  0.821081 %) (beta_change: 12.823340 %) (delta_change:  0.850925 %) (delta_peak/R:  3.052814 %)
iter:  13300 (Jcost: 1.242136e-01) (lr = 9.703e-03) (elapsed time: 9109.943) (secs/iter:  0.600) (n_accepted: 78%) (u_error:  0.821076 %) (beta_change: 12.912916 %) (delta_change:  0.854214 %) (delta_peak/R:  3.052192 %)
iter:  13400 (Jcost: 1.242106e-01) (lr = 3.470e-03) (elapsed time: 9151.921) (secs/iter:  0.420) (n_accepted: 78%) (u_error:  0.821106 %) (beta_change: 12.996152 %) (delta_change:  0.857238 %) (delta_peak/R:  3.051793 %)
iter:  13500 (Jcost: 1.242079e-01) (lr = 9.883e-02) (elapsed time: 9188.543) (secs/iter:  0.366) (n_accepted: 83%) (u_error:  0.821075 %) (beta_change: 13.069859 %) (delta_change:  0.859885 %) (delta_peak/R:  3.051158 %)
-> Saved file: /media/rafael/DATA/Dropbox/20220924_FIML_solver/data/output/field_inversion/Beta_e/u_imp_100/FI_run_T31_SReStar_tauGL_u_imp_100_k_imp_0_e_imp_1/FI_run_T31_SReStar_tauGL_u_imp_100_k_imp_0_e_imp_1_state_iter_13500.dat
iter:  13600 (Jcost: 1.242055e-01) (lr = 1.065e-03) (elapsed time: 9231.640) (secs/iter:  0.431) (n_accepted: 74%) (u_error:  0.821082 %) (beta_change: 13.138248 %) (delta_change:  0.862320 %) (delta_peak/R:  3.050744 %)
iter:  13700 (Jcost: 1.242028e-01) (lr = 7.282e-02) (elapsed time: 9285.702) (secs/iter:  0.541) (n_accepted: 84%) (u_error:  0.821114 %) (beta_change: 13.215758 %) (delta_change:  0.865054 %) (delta_peak/R:  3.050396 %)
iter:  13800 (Jcost: 1.242000e-01) (lr = 1.500e-01) (elapsed time: 9334.877) (secs/iter:  0.492) (n_accepted: 80%) (u_error:  0.821067 %) (beta_change: 13.295213 %) (delta_change:  0.867822 %) (delta_peak/R:  3.049658 %)
iter:  13900 (Jcost: 1.241973e-01) (lr = 2.236e-02) (elapsed time: 9394.675) (secs/iter:  0.598) (n_accepted: 77%) (u_error:  0.821059 %) (beta_change: 13.371219 %) (delta_change:  0.870444 %) (delta_peak/R:  3.049130 %)
iter:  14000 (Jcost: 1.241949e-01) (lr = 7.997e-03) (elapsed time: 9459.849) (secs/iter:  0.652) (n_accepted: 78%) (u_error:  0.821065 %) (beta_change: 13.443686 %) (delta_change:  0.872918 %) (delta_peak/R:  3.048694 %)
-> Saved file: /media/rafael/DATA/Dropbox/20220924_FIML_solver/data/output/field_inversion/Beta_e/u_imp_100/FI_run_T31_SReStar_tauGL_u_imp_100_k_imp_0_e_imp_1/FI_run_T31_SReStar_tauGL_u_imp_100_k_imp_0_e_imp_1_state_iter_14000.dat
iter:  14100 (Jcost: 1.241923e-01) (lr = 2.860e-03) (elapsed time: 9527.913) (secs/iter:  0.681) (n_accepted: 78%) (u_error:  0.821067 %) (beta_change: 13.520303 %) (delta_change:  0.875507 %) (delta_peak/R:  3.048217 %)
iter:  14200 (Jcost: 1.241895e-01) (lr = 2.455e-03) (elapsed time: 9568.110) (secs/iter:  0.402) (n_accepted: 79%) (u_error:  0.821059 %) (beta_change: 13.605104 %) (delta_change:  0.878338 %) (delta_peak/R:  3.047641 %)
iter:  14300 (Jcost: 1.241869e-01) (lr = 6.992e-02) (elapsed time: 9607.606) (secs/iter:  0.395) (n_accepted: 83%) (u_error:  0.821002 %) (beta_change: 13.688161 %) (delta_change:  0.881073 %) (delta_peak/R:  3.046844 %)
iter:  14400 (Jcost: 1.241850e-01) (lr = 6.002e-02) (elapsed time: 9661.856) (secs/iter:  0.542) (n_accepted: 79%) (u_error:  0.821053 %) (beta_change: 13.742903 %) (delta_change:  0.882863 %) (delta_peak/R:  3.046746 %)
iter:  14500 (Jcost: 1.241824e-01) (lr = 2.147e-02) (elapsed time: 9722.313) (secs/iter:  0.605) (n_accepted: 78%) (u_error:  0.821061 %) (beta_change: 13.825125 %) (delta_change:  0.885521 %) (delta_peak/R:  3.046268 %)
-> Saved file: /media/rafael/DATA/Dropbox/20220924_FIML_solver/data/output/field_inversion/Beta_e/u_imp_100/FI_run_T31_SReStar_tauGL_u_imp_100_k_imp_0_e_imp_1/FI_run_T31_SReStar_tauGL_u_imp_100_k_imp_0_e_imp_1_state_iter_14500.dat
iter:  14600 (Jcost: 1.241807e-01) (lr = 4.423e-02) (elapsed time: 9784.446) (secs/iter:  0.621) (n_accepted: 80%) (u_error:  0.821052 %) (beta_change: 13.877006 %) (delta_change:  0.887179 %) (delta_peak/R:  3.045906 %)
iter:  14700 (Jcost: 1.241783e-01) (lr = 1.582e-02) (elapsed time: 9844.419) (secs/iter:  0.600) (n_accepted: 78%) (u_error:  0.821047 %) (beta_change: 13.953988 %) (delta_change:  0.889617 %) (delta_peak/R:  3.045403 %)
iter:  14800 (Jcost: 1.241761e-01) (lr = 5.658e-03) (elapsed time: 9908.898) (secs/iter:  0.645) (n_accepted: 78%) (u_error:  0.821044 %) (beta_change: 14.024435 %) (delta_change:  0.891821 %) (delta_peak/R:  3.044957 %)
iter:  14900 (Jcost: 1.241733e-01) (lr = 2.024e-03) (elapsed time: 9956.488) (secs/iter:  0.476) (n_accepted: 78%) (u_error:  0.821040 %) (beta_change: 14.115641 %) (delta_change:  0.894641 %) (delta_peak/R:  3.044379 %)
iter:  15000 (Jcost: 1.241709e-01) (lr = 1.383e-01) (elapsed time: 10016.670) (secs/iter:  0.602) (n_accepted: 84%) (u_error:  0.821027 %) (beta_change: 14.195126 %) (delta_change:  0.897063 %) (delta_peak/R:  3.043830 %)
-> Saved file: /media/rafael/DATA/Dropbox/20220924_FIML_solver/data/output/field_inversion/Beta_e/u_imp_100/FI_run_T31_SReStar_tauGL_u_imp_100_k_imp_0_e_imp_1/FI_run_T31_SReStar_tauGL_u_imp_100_k_imp_0_e_imp_1_state_iter_15000.dat
iter:  15000 (Jcost: 1.241709e-01) (lr = 1.660e-01) (elapsed time: 10022.649) (secs/iter:   None) (n_accepted: 0%) (u_error:  0.821085 %) (beta_change: 14.199740 %) (delta_change:  0.897207 %) (delta_peak/R:  3.044084 %)
