# ------------------------------------------------------------------------
#                  Input Arguments
# ------------------------------------------------------------------------
# Begin_Input_Arguments
{ 'all_b_mode': ['Beta_e'],
  'args_mk_solver': { 'torch': "<module 'torch' from "
                               "'/home/rafael/anaconda3/lib/python3.9/site-packages/torch/__init__.py'>",
                      'y_grid': [0.0, 0.000309700312, 0.000638645973, 0.00098802599, 0.00135910194, 0.00175321227, 0.00217177688, 0.00261630193, 0.00308838486, 0.00358971984, 0.00412210331, 0.00468744001, 0.00528774917, 0.00592517114, 0.00660197432, 0.0073205624, 0.00808348206, 0.00889343092, 0.00975326602, 0.0106660126, 0.0116348733, 0.0126632377, 0.0137546927, 0.0149130326, 0.0161422702, 0.0174466482, 0.0188306506, 0.0202990157, 0.0218567475, 0.02350913, 0.0252617393, 0.0271204584, 0.0290914903, 0.0311813732, 0.033396994, 0.0357456039, 0.0382348325, 0.0408727029, 0.0436676462, 0.0466285159, 0.0497646022, 0.0530856456, 0.0566018496, 0.0603238931, 0.0642629411, 0.068430655, 0.0728392004, 0.0775012535, 0.0824300053, 0.0876391634, 0.0931429507, 0.0989561006, 0.105093849, 0.111571922, 0.118406518, 0.125614286, 0.133212296, 0.141218006, 0.14964922, 0.158524039, 0.167860801, 0.177678022, 0.187994313, 0.1988283, 0.21019853, 0.222123362, 0.234620856, 0.247708641, 0.261403784, 0.275722637, 0.290680679, 0.306292354, 0.322570888, 0.339528108, 0.357174255, 0.375517785, 0.394565175, 0.414320726, 0.43478637, 0.45596148, 0.47784269, 0.500423731, 0.523695275, 0.547644806, 0.572256506, 0.597511177, 0.623386184, 0.649855436, 0.676889401, 0.704455158, 0.73251649, 0.761034018, 0.789965372, 0.819265404, 0.848886442, 0.878778572, 0.908889961, 0.939167201, 0.969555687, 1.0],
                      'Ret': 395,
                      'cp': 1.0,
                      'A_sca_rho': 1.0,
                      'A_sca_mu': 0.002531645569620253,
                      'A_sca_k': 0.002531645569620253,
                      'b_exp_rho': -1,
                      'b_exp_mu': -0.5,
                      'b_exp_k': 0,
                      'tensor_device': 'cpu',
                      'as_tensor': '<function '
                                   'Build_arguments_fi_run._mk_args_MK_solver.<locals>.<lambda> '
                                   'at 0x7f6d367dab80>',
                      'ref_dns': { 'u_dns': [3.403553984282554e-17, 0.12047328224576392, 0.2492775578529058, 0.3869654536059302, 0.5341141835388468, 0.6913230380309244, 0.859209674441393, 1.03840486535322, 1.2295453082230883, 1.4332641078107287, 1.6501789560325701, 1.880946998422529, 2.126338642327626, 2.38714950699949, 2.6641815433491987, 2.958213825658367, 3.269846917577157, 3.5995010196342907, 3.94742224749573, 4.313651324202478, 4.698015096704779, 5.100006186102139, 5.518763891827045, 5.953268357573341, 6.402078228553112, 6.863352446505142, 7.334967557305022, 7.81430070030658, 8.298821141621938, 8.785771783658591, 9.27219337985077, 9.75493340719527, 10.231276944789833, 10.698889395493337, 11.155331447721387, 11.598487254657961, 12.027233607433066, 12.440329786053884, 12.836340671848578, 13.214445042279788, 13.574957616279535, 13.91823849645652, 14.243856224259293, 14.553634284003987, 14.847415884284624, 15.125767448951773, 15.389589937146486, 15.640680090790221, 15.879854747052503, 16.108079849462804, 16.32717139847753, 16.53626973735336, 16.73806706870899, 16.933431355871598, 17.123251204014565, 17.307988379688194, 17.48919193573984, 17.667207688936315, 17.84314547440831, 18.018027894604106, 18.191950919290587, 18.365494748376243, 18.540098557335103, 18.716861958806174, 18.89460525747938, 19.073638791607866, 19.254286222418376, 19.435968097227335, 19.620118238538403, 19.805157725576056, 19.9913966125671, 20.17925252038889, 20.368054057544825, 20.558606982852474, 20.75048545152099, 20.943832629451872, 21.13781802554145, 21.33207683018978, 21.527570107743223, 21.722842903627445, 21.918884250962215, 22.11279343761243, 22.305451841636728, 22.496177053773756, 22.685537607042548, 22.873523660072223, 23.057274868099974, 23.23807091371253, 23.41221368642968, 23.57847282210627, 23.736614547000464, 23.883361706062338, 24.020113886172474, 24.14297702379754, 24.25207917073632, 24.34261882734868, 24.415465499156717, 24.466487532175748, 24.496884468559344, 24.50746213468257],
                                   'T_dns': [1.0, 1.0053426563464145, 1.0110385865263813, 1.017108901317047, 1.02357522311719, 1.0304594796243112, 1.0377836285893098, 1.0455692957180693, 1.0538373050180088, 1.0626070805613286, 1.071895938332503, 1.0817233672636288, 1.092116801013168, 1.1031055647706083, 1.1147200671975095, 1.1269902380149417, 1.1399337268847884, 1.1535571610430615, 1.1678584504002327, 1.1828288512844771, 1.1984608400476047, 1.214738718800999, 1.2316348450071997, 1.2491085670047017, 1.2671018395401885, 1.2855413240171536, 1.3043417974022018, 1.3234045700005328, 1.3426679858493196, 1.3620814678889805, 1.3815186902931798, 1.4007924850439804, 1.4198265916069148, 1.4386243343945673, 1.4570656648615747, 1.4750015077351333, 1.492387904997916, 1.5092174795774242, 1.5254834677368927, 1.5411129554483063, 1.5560618796318746, 1.570371606440853, 1.5841327859844991, 1.5972711402648008, 1.6097622823649922, 1.621740085027946, 1.6331876308905469, 1.6441078433965812, 1.654703173107605, 1.664820386693435, 1.6746000364751477, 1.6841130362639587, 1.6931971624295217, 1.7021120395687073, 1.7107561595639882, 1.7192036293183015, 1.7273911120991257, 1.7354459779738116, 1.7434475541519177, 1.751215597058139, 1.7589751737817472, 1.7667100140347263, 1.7742746801033593, 1.7817962038244666, 1.789384916773024, 1.7968510994281697, 1.8043648561366628, 1.8118766517889175, 1.8192705263735118, 1.826677704206109, 1.8340841092212703, 1.8414432379546193, 1.8487420020332395, 1.8560431404541708, 1.863410048675208, 1.8706704092791446, 1.8778469465485272, 1.8850991206235415, 1.8921570726108878, 1.899196531554627, 1.9062869362563775, 1.9131612244553953, 1.9199152258954122, 1.9265500155090345, 1.9329258598996497, 1.939287442012318, 1.9453203528665193, 1.9511797892879066, 1.9567487974118596, 1.9620039868887653, 1.9668710338217874, 1.9714111737842437, 1.975497451153465, 1.979172581226056, 1.982401552565981, 1.9850554732549874, 1.9871190215593835, 1.9885949080661114, 1.9895553099588197, 1.9899185907121122],
                                   'mu_dns': [0.002531645569620253, 0.002524909692109797, 0.002517787302085833, 0.0025102627223965637, 0.002502321008040688, 0.0024939482926257207, 0.002485132200980336, 0.002475862339277017, 0.0024661308741404024, 0.0024559332089433765, 0.0024452687163811194, 0.002434135771404892, 0.0024225255167615554, 0.002410429127266468, 0.0023978388626555137, 0.00238474983423201, 0.0023711722446947674, 0.0023571289649129915, 0.002342652115838058, 0.0023277800927988266, 0.0023125491956434846, 0.002297002496077384, 0.0022811924246294198, 0.00226518048214559, 0.002249039813965453, 0.0022328517214182772, 0.002216701415884551, 0.002200678443367176, 0.00218483471359092, 0.0021692088236267455, 0.0021538949696635083, 0.002139025701037817, 0.0021246395007870613, 0.002110713088992077, 0.0020973134510950584, 0.002084522908259784, 0.0020723449353123972, 0.002060757984065153, 0.002049741771636351, 0.0020393213627804886, 0.002029501948525909, 0.0020202340527605282, 0.002011440142605449, 0.002003150510041076, 0.001995363532180889, 0.001987981225764241, 0.00198100176887234, 0.0019744118721508144, 0.0019680804827644917, 0.001962091298027905, 0.001956353610614556, 0.0019508203871515255, 0.0019455802024357942, 0.0019404784880661732, 0.0019355698483667647, 0.0019308086897384814, 0.0019262274343585816, 0.0019217520576924375, 0.0019173370326056125, 0.001913079844127884, 0.0019088554816131952, 0.001904672314055568, 0.001900607667116212, 0.0018965918924822224, 0.0018925659326468312, 0.0018886298936971586, 0.0018846934643215886, 0.0018807825644394888, 0.0018769567374271694, 0.0018731473420773327, 0.0018693614410001818, 0.0018656223511371824, 0.001861936005618708, 0.0018582702374212508, 0.0018545933055722514, 0.0018509908252871098, 0.001847450488704642, 0.0018438933963618586, 0.0018404512218325726, 0.0018370371969546498, 0.0018336175985214297, 0.0018303203962742767, 0.0018270981504327475, 0.0018239492919162354, 0.001820938617055892, 0.001817949486643158, 0.0018151283462519486, 0.001812400861586111, 0.0018098199306897655, 0.0018073945217753685, 0.0018051569265223196, 0.0018030770993192485, 0.0018012113193451526, 0.001799538205581967, 0.0017980720481987264, 0.0017968696796245474, 0.001795936446517653, 0.0017952698727618543, 0.0017948365124274485, 0.0017946726717244267],
                                   'rho_dns': [1.0, 0.9946857359401912, 0.9890819334954302, 0.9831788894041801, 0.9769677669166374, 0.9704408759135137, 0.9635919978419102, 0.9564167617539174, 0.9489130772258164, 0.9410816267775517, 0.9329263823460809, 0.9244507701905714, 0.9156529769272752, 0.9065315523160749, 0.897086209737011, 0.8873191322059544, 0.8772439804310384, 0.8668837867520903, 0.8562681544645188, 0.8454308490311708, 0.8344035671288839, 0.8232222983614488, 0.8119289609690723, 0.8005709242695762, 0.7892025477311945, 0.777882423005374, 0.766670210209973, 0.7556268299720299, 0.7447857627792018, 0.7341704762710326, 0.7238410938818239, 0.7138816139269931, 0.7043113616207396, 0.6951084978142271, 0.6863108671873088, 0.6779654086832096, 0.6700670761610041, 0.6625950292332928, 0.6555298835742445, 0.6488817036186049, 0.6426479647689686, 0.636791951598282, 0.6312602130625842, 0.6260677819760875, 0.6212097344775924, 0.6166216209564604, 0.6122995184911599, 0.6082326071348754, 0.6043379962352742, 0.6006653978968501, 0.5971575171495231, 0.5937843710410335, 0.5905986746192793, 0.5875053913920889, 0.584536840279368, 0.5816646631885718, 0.5789076909078222, 0.5762207597885195, 0.5735761868021547, 0.5710319173035556, 0.568512856182062, 0.5660238477486459, 0.5636105904085525, 0.5612314123543362, 0.5588512514140331, 0.5565291416290644, 0.5542116366315771, 0.551913950109502, 0.5496708628558804, 0.5474419475846228, 0.5452312655522585, 0.5430523077706966, 0.5409083576292439, 0.5387805801514406, 0.5366505352436788, 0.5345677116822231, 0.5325247629142486, 0.5304760842863404, 0.5284973507089201, 0.5265384510687944, 0.5245799994642095, 0.522695101289575, 0.5208563307963865, 0.519062568814638, 0.5173504171815034, 0.5156533159222346, 0.5140541497581382, 0.5125104336822571, 0.5110518025219557, 0.5096829602195372, 0.5084217433701894, 0.5072508532456165, 0.5062016148976118, 0.5052616479663036, 0.5044386686973786, 0.5037642592225665, 0.5032411190021492, 0.502867625751134, 0.5026248805421238, 0.5025331210369466]},
                      'case': 'T31_CReStar_tau',
                      'constant_Sq_heat': 0.04443037974683545,
                      'use_visc_heating': False,
                      'Pr_turb': 1.0,
                      'fprint': '<function '
                                'Build_arguments_fi_run._mk_args_MK_solver.<locals>.<lambda> '
                                'at 0x7f6d35189790>',
                      'compressible_correction': False,
                      'bool_solve_energy': False,
                      'output_last': False},
  'u_imp': 1,
  'k_imp': 0,
  'e_imp': 1,
  'solve_sparse_adj': True,
  'all_ref_beta_distrib': {'K': [1.0, 1.0, 1.0, 1.0, 1.0, 1.0, 1.0, 1.0, 1.0, 1.0, 1.0, 1.0, 1.0, 1.0, 1.0, 1.0, 1.0, 1.0, 1.0, 1.0, 1.0, 1.0, 1.0, 1.0, 1.0, 1.0, 1.0, 1.0, 1.0, 1.0, 1.0, 1.0, 1.0, 1.0, 1.0, 1.0, 1.0, 1.0, 1.0, 1.0, 1.0, 1.0, 1.0, 1.0, 1.0, 1.0, 1.0, 1.0, 1.0, 1.0, 1.0, 1.0, 1.0, 1.0, 1.0, 1.0, 1.0, 1.0, 1.0, 1.0, 1.0, 1.0, 1.0, 1.0, 1.0, 1.0, 1.0, 1.0, 1.0, 1.0, 1.0, 1.0, 1.0, 1.0, 1.0, 1.0, 1.0, 1.0, 1.0, 1.0, 1.0, 1.0, 1.0, 1.0, 1.0, 1.0, 1.0, 1.0, 1.0, 1.0, 1.0, 1.0, 1.0, 1.0, 1.0, 1.0, 1.0, 1.0, 1.0, 1.0], 'E': [1.0, 0.99994116, 0.99990431, 0.99985777, 0.99980289, 0.99973753, 0.9996593, 0.99956569, 0.99945387, 0.9993206, 0.9991623, 0.99897521, 0.99875561, 0.99849958, 0.99820266, 0.997861, 0.99747801, 0.99706735, 0.99663048, 0.99618984, 0.99568971, 0.99509682, 0.99429199, 0.99329138, 0.99209204, 0.99068002, 0.9890419, 0.98716043, 0.98501083, 0.98255032, 0.97973777, 0.97663378, 0.97317823, 0.96923079, 0.96504743, 0.96027464, 0.95523707, 0.94972971, 0.94377865, 0.9376447, 0.93094934, 0.92420845, 0.9171197, 0.91003771, 0.90356225, 0.89667181, 0.88925452, 0.88340082, 0.88049526, 0.87953598, 0.87908363, 0.87995554, 0.88537866, 0.89876729, 0.92161848, 0.95270562, 0.98884164, 1.02618214, 1.06133027, 1.09187336, 1.11646061, 1.13461151, 1.1464513, 1.15245723, 1.1532789, 1.14962363, 1.1421795, 1.13158838, 1.11843365, 1.1032322, 1.08644918, 1.06850928, 1.04980262, 1.03069438, 1.01153594, 0.99266965, 0.97442865, 0.95713912, 0.94111788, 0.92667009, 0.91407822, 0.9035869, 0.89539816, 0.88965633, 0.88643504, 0.88572598, 0.88742125, 0.89131485, 0.89710332, 0.90439452, 0.91273314, 0.92162682, 0.93058065, 0.93913159, 0.94688112, 0.95351912, 0.95883203, 0.96269485, 0.96504463, 0.98293434]},
  'all_ref_delta_distrib': {'K': [-0.0, -0.0, -0.0, -0.0, -0.0, -0.0, -0.0, -0.0, -0.0, -0.0, -0.0, -0.0, -0.0, -0.0, -0.0, -0.0, -0.0, -0.0, -0.0, -0.0, -0.0, -0.0, -0.0, -0.0, -0.0, -0.0, -0.0, -0.0, -0.0, -0.0, -0.0, -0.0, -0.0, -0.0, -0.0, -0.0, -0.0, -0.0, -0.0, -0.0, -0.0, -0.0, -0.0, -0.0, -0.0, -0.0, -0.0, -0.0, -0.0, -0.0, -0.0, -0.0, -0.0, -0.0, -0.0, -0.0, -0.0, -0.0, -0.0, -0.0, -0.0, -0.0, -0.0, -0.0, -0.0, -0.0, -0.0, -0.0, -0.0, -0.0, -0.0, -0.0, -0.0, -0.0, -0.0, -0.0, -0.0, -0.0, -0.0, -0.0, -0.0, -0.0, -0.0, -0.0, -0.0, -0.0, -0.0, -0.0, -0.0, -0.0, -0.0, -0.0, -0.0, -0.0, -0.0, -0.0, -0.0, -0.0, -0.0, -0.0], 'E': [-0.0, 0.051944133201636745, 0.1130621746994319, 0.18916090142057515, 0.27984322674388, 0.3891063400581567, 0.5220471587982746, 0.6846960589971112, 0.8845001608678373, 1.130763389801311, 1.434925987325889, 1.8107922239383587, 2.274819591550064, 2.8476742082883155, 3.5570540473191032, 4.439535043719377, 5.532732726532987, 6.872331577115695, 8.540341626624176, 10.554918533844244, 13.06617231551575, 16.053358614642363, 19.745980455025435, 24.076237503636566, 29.132031916354066, 34.954929386757726, 41.46812268723053, 48.54216519151334, 56.029994835469196, 63.819885378606585, 71.77679181927142, 79.41612515367697, 86.70956842412689, 93.87538775788444, 99.94818273369387, 105.83727507908921, 110.54232829631285, 114.55983657885793, 117.77960716245089, 119.69272526433407, 121.1043797637811, 121.14526371684204, 120.44818665568535, 118.60943455994838, 115.1042496002162, 111.40078186233902, 107.60212526773651, 101.84175918849104, 93.5647049771214, 84.296546807835, 75.38568220275191, 66.45302532903904, 56.14001472988555, 43.704230300642486, 29.72227112017959, 15.70471356793039, 3.2377515448128213, -6.630664893424402, -13.553966495205312, -17.735053964285104, -19.669987786990465, -19.939846120301073, -19.082719437333743, -17.531571852661525, -15.608718714271353, -13.541786696786403, -11.477519367660255, -9.508076747861372, -7.686313467380494, -6.037020271477836, -4.569150396148238, -3.2816241206011965, -2.1673227718032884, -1.2160798956029402, -0.4167735705358061, 0.2418108997085867, 0.7708187853150678, 1.1808108122320964, 1.4821938192309692, 1.6848988826897833, 1.7989819515470358, 1.8352820639042395, 1.8047677197500926, 1.7190559686769455, 1.5903715077973135, 1.4308352425725257, 1.252939423807607, 1.0681029024291397, 0.8866546292181178, 0.7170504710598192, 0.5655032354250963, 0.4357643782982192, 0.3292936151468919, 0.2454929384439987, 0.18227406009667677, 0.13665666517596825, 0.1053696708840565, 0.08539544038357051, 0.07436163868063617, 0.035372585177933534]},
  'fname_print': '/media/rafael/DATA/Dropbox/20220924_FIML_solver/data/output/field_inversion/Beta_e/u_imp_1/FI_run_T31_CReStar_tau_u_imp_1_k_imp_0_e_imp_1/FI_run_T31_CReStar_tau_u_imp_1_k_imp_0_e_imp_1.log',
  'folder': '/media/rafael/DATA/Dropbox/20220924_FIML_solver/data/output/field_inversion/Beta_e/u_imp_1/FI_run_T31_CReStar_tau_u_imp_1_k_imp_0_e_imp_1',
  'iters_limit': 15000}
# End_Input_Arguments

# ------------------------------------------------------------------------
#                  Iterations
# ------------------------------------------------------------------------

iter:      0 (Jcost: 2.244199e-01) (lr = 1.000e-03) (elapsed time:  0.002) (secs/iter:   None) (n_accepted: 0%) (u_error:  6.993763 %) (beta_change: 15.327890 %) (delta_change:  2.583285 %) (delta_peak/R:  0.000000 %)
-> Saved file: /media/rafael/DATA/Dropbox/20220924_FIML_solver/data/output/field_inversion/Beta_e/u_imp_1/FI_run_T31_CReStar_tau_u_imp_1_k_imp_0_e_imp_1/FI_run_T31_CReStar_tau_u_imp_1_k_imp_0_e_imp_1_state_iter_0.dat
iter:    100 (Jcost: 2.685118e-02) (lr = 7.874e-01) (elapsed time: 146.722) (secs/iter:  1.467) (n_accepted: 87%) (u_error:  3.101487 %) (beta_change: 11.693504 %) (delta_change:  0.522508 %) (delta_peak/R:  2.526298 %)
iter:    200 (Jcost: 2.617606e-02) (lr = 6.759e-01) (elapsed time: 278.606) (secs/iter:  1.319) (n_accepted: 79%) (u_error:  3.074796 %) (beta_change:  7.745264 %) (delta_change:  0.241928 %) (delta_peak/R:  2.475240 %)
iter:    300 (Jcost: 2.571061e-02) (lr = 5.802e-01) (elapsed time: 406.364) (secs/iter:  1.278) (n_accepted: 79%) (u_error:  3.041053 %) (beta_change:  4.410661 %) (delta_change:  0.122985 %) (delta_peak/R:  2.482986 %)
iter:    400 (Jcost: 2.542317e-02) (lr = 4.980e-01) (elapsed time: 533.644) (secs/iter:  1.273) (n_accepted: 79%) (u_error:  3.027516 %) (beta_change:  2.279788 %) (delta_change:  0.107009 %) (delta_peak/R:  2.484159 %)
iter:    500 (Jcost: 2.522539e-02) (lr = 1.026e+00) (elapsed time: 667.660) (secs/iter:  1.340) (n_accepted: 80%) (u_error:  3.017591 %) (beta_change:  2.339655 %) (delta_change:  0.140191 %) (delta_peak/R:  2.483148 %)
-> Saved file: /media/rafael/DATA/Dropbox/20220924_FIML_solver/data/output/field_inversion/Beta_e/u_imp_1/FI_run_T31_CReStar_tau_u_imp_1_k_imp_0_e_imp_1/FI_run_T31_CReStar_tau_u_imp_1_k_imp_0_e_imp_1_state_iter_500.dat
iter:    600 (Jcost: 2.508591e-02) (lr = 3.670e-01) (elapsed time: 801.591) (secs/iter:  1.339) (n_accepted: 78%) (u_error:  3.001227 %) (beta_change:  3.054584 %) (delta_change:  0.196368 %) (delta_peak/R:  2.486601 %)
iter:    700 (Jcost: 2.498808e-02) (lr = 7.560e-01) (elapsed time: 933.684) (secs/iter:  1.321) (n_accepted: 80%) (u_error:  2.997971 %) (beta_change:  4.673938 %) (delta_change:  0.246283 %) (delta_peak/R:  2.481856 %)
iter:    800 (Jcost: 2.490932e-02) (lr = 6.490e-01) (elapsed time: 1064.732) (secs/iter:  1.310) (n_accepted: 79%) (u_error:  2.990454 %) (beta_change:  6.241890 %) (delta_change:  0.292162 %) (delta_peak/R:  2.480000 %)
iter:    900 (Jcost: 2.485216e-02) (lr = 5.571e-01) (elapsed time: 1190.657) (secs/iter:  1.259) (n_accepted: 79%) (u_error:  2.980269 %) (beta_change:  7.597528 %) (delta_change:  0.329947 %) (delta_peak/R:  2.480858 %)
iter:   1000 (Jcost: 2.481007e-02) (lr = 1.992e-01) (elapsed time: 1312.259) (secs/iter:  1.216) (n_accepted: 78%) (u_error:  2.981033 %) (beta_change:  8.730098 %) (delta_change:  0.362169 %) (delta_peak/R:  2.475312 %)
-> Saved file: /media/rafael/DATA/Dropbox/20220924_FIML_solver/data/output/field_inversion/Beta_e/u_imp_1/FI_run_T31_CReStar_tau_u_imp_1_k_imp_0_e_imp_1/FI_run_T31_CReStar_tau_u_imp_1_k_imp_0_e_imp_1_state_iter_1000.dat
iter:   1100 (Jcost: 2.477152e-02) (lr = 9.852e-01) (elapsed time: 1440.541) (secs/iter:  1.283) (n_accepted: 81%) (u_error:  2.981382 %) (beta_change:  9.944796 %) (delta_change:  0.394933 %) (delta_peak/R:  2.469790 %)
iter:   1200 (Jcost: 2.474521e-02) (lr = 3.524e-01) (elapsed time: 1565.403) (secs/iter:  1.249) (n_accepted: 78%) (u_error:  2.974458 %) (beta_change: 10.863715 %) (delta_change:  0.418580 %) (delta_peak/R:  2.470598 %)
iter:   1300 (Jcost: 2.471959e-02) (lr = 3.025e-01) (elapsed time: 1686.516) (secs/iter:  1.211) (n_accepted: 79%) (u_error:  2.972673 %) (beta_change: 11.883307 %) (delta_change:  0.442531 %) (delta_peak/R:  2.467630 %)
iter:   1400 (Jcost: 2.470077e-02) (lr = 2.596e-01) (elapsed time: 1810.422) (secs/iter:  1.239) (n_accepted: 79%) (u_error:  2.968165 %) (beta_change: 12.721590 %) (delta_change:  0.460762 %) (delta_peak/R:  2.467382 %)
iter:   1500 (Jcost: 2.468426e-02) (lr = 2.229e-01) (elapsed time: 1932.305) (secs/iter:  1.219) (n_accepted: 79%) (u_error:  2.971404 %) (beta_change: 13.539956 %) (delta_change:  0.476507 %) (delta_peak/R:  2.462083 %)
-> Saved file: /media/rafael/DATA/Dropbox/20220924_FIML_solver/data/output/field_inversion/Beta_e/u_imp_1/FI_run_T31_CReStar_tau_u_imp_1_k_imp_0_e_imp_1/FI_run_T31_CReStar_tau_u_imp_1_k_imp_0_e_imp_1_state_iter_1500.dat
iter:   1600 (Jcost: 2.466855e-02) (lr = 1.913e-01) (elapsed time: 2011.485) (secs/iter:  0.792) (n_accepted: 79%) (u_error:  2.965046 %) (beta_change: 14.379621 %) (delta_change:  0.491742 %) (delta_peak/R:  2.463350 %)
iter:   1700 (Jcost: 2.465761e-02) (lr = 3.941e-01) (elapsed time: 2127.048) (secs/iter:  1.156) (n_accepted: 80%) (u_error:  2.965478 %) (beta_change: 15.022559 %) (delta_change:  0.501929 %) (delta_peak/R:  2.460830 %)
iter:   1800 (Jcost: 2.464704e-02) (lr = 3.383e-01) (elapsed time: 2234.920) (secs/iter:  1.079) (n_accepted: 79%) (u_error:  2.964389 %) (beta_change: 15.693713 %) (delta_change:  0.511684 %) (delta_peak/R:  2.459340 %)
iter:   1900 (Jcost: 2.463672e-02) (lr = 2.904e-01) (elapsed time: 2336.579) (secs/iter:  1.017) (n_accepted: 79%) (u_error:  2.964669 %) (beta_change: 16.403555 %) (delta_change:  0.520842 %) (delta_peak/R:  2.456906 %)
iter:   2000 (Jcost: 2.462749e-02) (lr = 1.436e+00) (elapsed time: 2459.318) (secs/iter:  1.227) (n_accepted: 81%) (u_error:  2.962381 %) (beta_change: 17.081430 %) (delta_change:  0.528812 %) (delta_peak/R:  2.456425 %)
-> Saved file: /media/rafael/DATA/Dropbox/20220924_FIML_solver/data/output/field_inversion/Beta_e/u_imp_1/FI_run_T31_CReStar_tau_u_imp_1_k_imp_0_e_imp_1/FI_run_T31_CReStar_tau_u_imp_1_k_imp_0_e_imp_1_state_iter_2000.dat
iter:   2100 (Jcost: 2.461992e-02) (lr = 5.136e-01) (elapsed time: 2584.472) (secs/iter:  1.252) (n_accepted: 78%) (u_error:  2.960203 %) (beta_change: 17.679956 %) (delta_change:  0.535136 %) (delta_peak/R:  2.456196 %)
iter:   2200 (Jcost: 2.461345e-02) (lr = 4.408e-01) (elapsed time: 2703.043) (secs/iter:  1.186) (n_accepted: 79%) (u_error:  2.962843 %) (beta_change: 18.218881 %) (delta_change:  0.539955 %) (delta_peak/R:  2.452945 %)
iter:   2300 (Jcost: 2.460742e-02) (lr = 9.082e-01) (elapsed time: 2820.032) (secs/iter:  1.170) (n_accepted: 80%) (u_error:  2.958072 %) (beta_change: 18.750677 %) (delta_change:  0.544791 %) (delta_peak/R:  2.454803 %)
iter:   2400 (Jcost: 2.460242e-02) (lr = 7.796e-01) (elapsed time: 2935.952) (secs/iter:  1.159) (n_accepted: 79%) (u_error:  2.960184 %) (beta_change: 19.193394 %) (delta_change:  0.548048 %) (delta_peak/R:  2.452277 %)
iter:   2500 (Jcost: 2.459714e-02) (lr = 6.692e-01) (elapsed time: 3053.620) (secs/iter:  1.177) (n_accepted: 79%) (u_error:  2.959725 %) (beta_change: 19.692301 %) (delta_change:  0.551610 %) (delta_peak/R:  2.451409 %)
-> Saved file: /media/rafael/DATA/Dropbox/20220924_FIML_solver/data/output/field_inversion/Beta_e/u_imp_1/FI_run_T31_CReStar_tau_u_imp_1_k_imp_0_e_imp_1/FI_run_T31_CReStar_tau_u_imp_1_k_imp_0_e_imp_1_state_iter_2500.dat
iter:   2600 (Jcost: 2.459240e-02) (lr = 2.394e-01) (elapsed time: 3173.536) (secs/iter:  1.199) (n_accepted: 78%) (u_error:  2.958355 %) (beta_change: 20.159198 %) (delta_change:  0.554734 %) (delta_peak/R:  2.451285 %)
iter:   2700 (Jcost: 2.458782e-02) (lr = 4.931e-01) (elapsed time: 3294.811) (secs/iter:  1.213) (n_accepted: 80%) (u_error:  2.959225 %) (beta_change: 20.621521 %) (delta_change:  0.557498 %) (delta_peak/R:  2.449702 %)
iter:   2800 (Jcost: 2.458400e-02) (lr = 1.016e+00) (elapsed time: 3411.156) (secs/iter:  1.163) (n_accepted: 80%) (u_error:  2.958603 %) (beta_change: 21.019421 %) (delta_change:  0.561019 %) (delta_peak/R:  2.449305 %)
iter:   2900 (Jcost: 2.457996e-02) (lr = 3.633e-01) (elapsed time: 3524.199) (secs/iter:  1.130) (n_accepted: 78%) (u_error:  2.959989 %) (beta_change: 21.457939 %) (delta_change:  0.564513 %) (delta_peak/R:  2.447503 %)
iter:   3000 (Jcost: 2.457647e-02) (lr = 3.119e-01) (elapsed time: 3638.322) (secs/iter:  1.141) (n_accepted: 79%) (u_error:  2.957082 %) (beta_change: 21.835913 %) (delta_change:  0.567524 %) (delta_peak/R:  2.448761 %)
-> Saved file: /media/rafael/DATA/Dropbox/20220924_FIML_solver/data/output/field_inversion/Beta_e/u_imp_1/FI_run_T31_CReStar_tau_u_imp_1_k_imp_0_e_imp_1/FI_run_T31_CReStar_tau_u_imp_1_k_imp_0_e_imp_1_state_iter_3000.dat
iter:   3100 (Jcost: 2.457311e-02) (lr = 6.426e-01) (elapsed time: 3759.161) (secs/iter:  1.208) (n_accepted: 80%) (u_error:  2.957587 %) (beta_change: 22.209141 %) (delta_change:  0.570137 %) (delta_peak/R:  2.447743 %)
iter:   3200 (Jcost: 2.456990e-02) (lr = 5.516e-01) (elapsed time: 3872.195) (secs/iter:  1.130) (n_accepted: 79%) (u_error:  2.956386 %) (beta_change: 22.577377 %) (delta_change:  0.572644 %) (delta_peak/R:  2.447917 %)
iter:   3300 (Jcost: 2.456674e-02) (lr = 1.973e-01) (elapsed time: 3980.214) (secs/iter:  1.080) (n_accepted: 78%) (u_error:  2.957307 %) (beta_change: 22.939791 %) (delta_change:  0.574856 %) (delta_peak/R:  2.446689 %)
iter:   3400 (Jcost: 2.456354e-02) (lr = 9.754e-01) (elapsed time: 4086.378) (secs/iter:  1.062) (n_accepted: 81%) (u_error:  2.958158 %) (beta_change: 23.319000 %) (delta_change:  0.577036 %) (delta_peak/R:  2.445505 %)
iter:   3500 (Jcost: 2.456078e-02) (lr = 3.489e-01) (elapsed time: 4200.500) (secs/iter:  1.141) (n_accepted: 78%) (u_error:  2.956908 %) (beta_change: 23.645384 %) (delta_change:  0.578914 %) (delta_peak/R:  2.445849 %)
-> Saved file: /media/rafael/DATA/Dropbox/20220924_FIML_solver/data/output/field_inversion/Beta_e/u_imp_1/FI_run_T31_CReStar_tau_u_imp_1_k_imp_0_e_imp_1/FI_run_T31_CReStar_tau_u_imp_1_k_imp_0_e_imp_1_state_iter_3500.dat
iter:   3600 (Jcost: 2.455830e-02) (lr = 7.187e-01) (elapsed time: 4316.542) (secs/iter:  1.160) (n_accepted: 80%) (u_error:  2.956681 %) (beta_change: 23.945604 %) (delta_change:  0.580515 %) (delta_peak/R:  2.445556 %)
iter:   3700 (Jcost: 2.455564e-02) (lr = 6.170e-01) (elapsed time: 4431.770) (secs/iter:  1.152) (n_accepted: 79%) (u_error:  2.956483 %) (beta_change: 24.270021 %) (delta_change:  0.582167 %) (delta_peak/R:  2.445224 %)
iter:   3800 (Jcost: 2.455284e-02) (lr = 1.271e+00) (elapsed time: 4535.790) (secs/iter:  1.040) (n_accepted: 80%) (u_error:  2.956604 %) (beta_change: 24.616536 %) (delta_change:  0.583834 %) (delta_peak/R:  2.444661 %)
iter:   3900 (Jcost: 2.455042e-02) (lr = 1.091e+00) (elapsed time: 4647.065) (secs/iter:  1.113) (n_accepted: 79%) (u_error:  2.956096 %) (beta_change: 24.917208 %) (delta_change:  0.585254 %) (delta_peak/R:  2.444603 %)
iter:   4000 (Jcost: 2.454800e-02) (lr = 1.626e-01) (elapsed time: 4758.527) (secs/iter:  1.115) (n_accepted: 77%) (u_error:  2.955371 %) (beta_change: 25.223067 %) (delta_change:  0.586658 %) (delta_peak/R:  2.444697 %)
-> Saved file: /media/rafael/DATA/Dropbox/20220924_FIML_solver/data/output/field_inversion/Beta_e/u_imp_1/FI_run_T31_CReStar_tau_u_imp_1_k_imp_0_e_imp_1/FI_run_T31_CReStar_tau_u_imp_1_k_imp_0_e_imp_1_state_iter_4000.dat
iter:   4100 (Jcost: 2.454589e-02) (lr = 3.350e-01) (elapsed time: 4877.737) (secs/iter:  1.192) (n_accepted: 80%) (u_error:  2.955792 %) (beta_change: 25.490163 %) (delta_change:  0.587788 %) (delta_peak/R:  2.444076 %)
iter:   4200 (Jcost: 2.454368e-02) (lr = 6.901e-01) (elapsed time: 4990.175) (secs/iter:  1.124) (n_accepted: 80%) (u_error:  2.955659 %) (beta_change: 25.772798 %) (delta_change:  0.588979 %) (delta_peak/R:  2.443821 %)
iter:   4300 (Jcost: 2.454153e-02) (lr = 5.924e-01) (elapsed time: 5106.222) (secs/iter:  1.160) (n_accepted: 79%) (u_error:  2.954751 %) (beta_change: 26.050874 %) (delta_change:  0.590162 %) (delta_peak/R:  2.444105 %)
iter:   4400 (Jcost: 2.453930e-02) (lr = 1.220e+00) (elapsed time: 5211.339) (secs/iter:  1.051) (n_accepted: 80%) (u_error:  2.955704 %) (beta_change: 26.338384 %) (delta_change:  0.591251 %) (delta_peak/R:  2.443128 %)
iter:   4500 (Jcost: 2.453741e-02) (lr = 1.819e-01) (elapsed time: 5321.476) (secs/iter:  1.101) (n_accepted: 77%) (u_error:  2.953728 %) (beta_change: 26.589907 %) (delta_change:  0.592334 %) (delta_peak/R:  2.444184 %)
-> Saved file: /media/rafael/DATA/Dropbox/20220924_FIML_solver/data/output/field_inversion/Beta_e/u_imp_1/FI_run_T31_CReStar_tau_u_imp_1_k_imp_0_e_imp_1/FI_run_T31_CReStar_tau_u_imp_1_k_imp_0_e_imp_1_state_iter_4500.dat
iter:   4600 (Jcost: 2.453551e-02) (lr = 3.747e-01) (elapsed time: 5440.790) (secs/iter:  1.193) (n_accepted: 80%) (u_error:  2.954681 %) (beta_change: 26.856517 %) (delta_change:  0.593211 %) (delta_peak/R:  2.443269 %)
iter:   4700 (Jcost: 2.453365e-02) (lr = 1.340e-01) (elapsed time: 5553.961) (secs/iter:  1.132) (n_accepted: 78%) (u_error:  2.954896 %) (beta_change: 27.129048 %) (delta_change:  0.594116 %) (delta_peak/R:  2.442861 %)
iter:   4800 (Jcost: 2.453177e-02) (lr = 1.590e+00) (elapsed time: 5652.476) (secs/iter:  0.985) (n_accepted: 82%) (u_error:  2.954818 %) (beta_change: 27.406867 %) (delta_change:  0.595036 %) (delta_peak/R:  2.442652 %)
iter:   4900 (Jcost: 2.452999e-02) (lr = 5.688e-01) (elapsed time: 5770.789) (secs/iter:  1.183) (n_accepted: 78%) (u_error:  2.953584 %) (beta_change: 27.674647 %) (delta_change:  0.595969 %) (delta_peak/R:  2.443241 %)
iter:   5000 (Jcost: 2.452834e-02) (lr = 2.034e-01) (elapsed time: 5887.419) (secs/iter:  1.166) (n_accepted: 78%) (u_error:  2.954474 %) (beta_change: 27.920781 %) (delta_change:  0.596703 %) (delta_peak/R:  2.442418 %)
-> Saved file: /media/rafael/DATA/Dropbox/20220924_FIML_solver/data/output/field_inversion/Beta_e/u_imp_1/FI_run_T31_CReStar_tau_u_imp_1_k_imp_0_e_imp_1/FI_run_T31_CReStar_tau_u_imp_1_k_imp_0_e_imp_1_state_iter_5000.dat
iter:   5100 (Jcost: 2.452659e-02) (lr = 1.746e-01) (elapsed time: 6009.676) (secs/iter:  1.223) (n_accepted: 79%) (u_error:  2.954685 %) (beta_change: 28.185904 %) (delta_change:  0.597520 %) (delta_peak/R:  2.442043 %)
iter:   5200 (Jcost: 2.452512e-02) (lr = 8.634e-01) (elapsed time: 6114.588) (secs/iter:  1.049) (n_accepted: 81%) (u_error:  2.954251 %) (beta_change: 28.410608 %) (delta_change:  0.598237 %) (delta_peak/R:  2.442143 %)
iter:   5300 (Jcost: 2.452343e-02) (lr = 7.411e-01) (elapsed time: 6229.499) (secs/iter:  1.149) (n_accepted: 79%) (u_error:  2.954524 %) (beta_change: 28.672227 %) (delta_change:  0.599018 %) (delta_peak/R:  2.441739 %)
iter:   5400 (Jcost: 2.452194e-02) (lr = 1.527e+00) (elapsed time: 6342.985) (secs/iter:  1.135) (n_accepted: 80%) (u_error:  2.955507 %) (beta_change: 28.909661 %) (delta_change:  0.599677 %) (delta_peak/R:  2.440877 %)
iter:   5500 (Jcost: 2.452038e-02) (lr = 5.461e-01) (elapsed time: 6450.027) (secs/iter:  1.070) (n_accepted: 78%) (u_error:  2.954313 %) (beta_change: 29.148175 %) (delta_change:  0.600451 %) (delta_peak/R:  2.441493 %)
-> Saved file: /media/rafael/DATA/Dropbox/20220924_FIML_solver/data/output/field_inversion/Beta_e/u_imp_1/FI_run_T31_CReStar_tau_u_imp_1_k_imp_0_e_imp_1/FI_run_T31_CReStar_tau_u_imp_1_k_imp_0_e_imp_1_state_iter_5500.dat
iter:   5600 (Jcost: 2.451889e-02) (lr = 4.688e-01) (elapsed time: 6565.007) (secs/iter:  1.150) (n_accepted: 79%) (u_error:  2.953763 %) (beta_change: 29.382206 %) (delta_change:  0.601169 %) (delta_peak/R:  2.441679 %)
iter:   5700 (Jcost: 2.451736e-02) (lr = 9.658e-01) (elapsed time: 6673.886) (secs/iter:  1.089) (n_accepted: 80%) (u_error:  2.954566 %) (beta_change: 29.629056 %) (delta_change:  0.601843 %) (delta_peak/R:  2.440942 %)
iter:   5800 (Jcost: 2.451599e-02) (lr = 1.439e-01) (elapsed time: 6795.618) (secs/iter:  1.217) (n_accepted: 77%) (u_error:  2.953369 %) (beta_change: 29.845650 %) (delta_change:  0.602534 %) (delta_peak/R:  2.441586 %)
iter:   5900 (Jcost: 2.451453e-02) (lr = 1.235e-01) (elapsed time: 6907.463) (secs/iter:  1.118) (n_accepted: 79%) (u_error:  2.953356 %) (beta_change: 30.081307 %) (delta_change:  0.603208 %) (delta_peak/R:  2.441416 %)
iter:   6000 (Jcost: 2.451313e-02) (lr = 1.060e-01) (elapsed time: 7020.640) (secs/iter:  1.132) (n_accepted: 79%) (u_error:  2.953239 %) (beta_change: 30.309317 %) (delta_change:  0.603861 %) (delta_peak/R:  2.441325 %)
-> Saved file: /media/rafael/DATA/Dropbox/20220924_FIML_solver/data/output/field_inversion/Beta_e/u_imp_1/FI_run_T31_CReStar_tau_u_imp_1_k_imp_0_e_imp_1/FI_run_T31_CReStar_tau_u_imp_1_k_imp_0_e_imp_1_state_iter_6000.dat
iter:   6100 (Jcost: 2.451185e-02) (lr = 5.244e-01) (elapsed time: 7134.257) (secs/iter:  1.136) (n_accepted: 81%) (u_error:  2.953191 %) (beta_change: 30.519175 %) (delta_change:  0.604455 %) (delta_peak/R:  2.441203 %)
iter:   6200 (Jcost: 2.451044e-02) (lr = 1.080e+00) (elapsed time: 7239.969) (secs/iter:  1.057) (n_accepted: 80%) (u_error:  2.953214 %) (beta_change: 30.752345 %) (delta_change:  0.605105 %) (delta_peak/R:  2.441018 %)
iter:   6300 (Jcost: 2.450911e-02) (lr = 3.864e-01) (elapsed time: 7343.717) (secs/iter:  1.037) (n_accepted: 78%) (u_error:  2.953543 %) (beta_change: 30.973408 %) (delta_change:  0.605701 %) (delta_peak/R:  2.440636 %)
iter:   6400 (Jcost: 2.450786e-02) (lr = 7.960e-01) (elapsed time: 7455.769) (secs/iter:  1.121) (n_accepted: 80%) (u_error:  2.952907 %) (beta_change: 31.182317 %) (delta_change:  0.606313 %) (delta_peak/R:  2.440918 %)
iter:   6500 (Jcost: 2.450656e-02) (lr = 1.640e+00) (elapsed time: 7571.610) (secs/iter:  1.158) (n_accepted: 80%) (u_error:  2.953707 %) (beta_change: 31.404593 %) (delta_change:  0.606878 %) (delta_peak/R:  2.440220 %)
-> Saved file: /media/rafael/DATA/Dropbox/20220924_FIML_solver/data/output/field_inversion/Beta_e/u_imp_1/FI_run_T31_CReStar_tau_u_imp_1_k_imp_0_e_imp_1/FI_run_T31_CReStar_tau_u_imp_1_k_imp_0_e_imp_1_state_iter_6500.dat
iter:   6600 (Jcost: 2.450537e-02) (lr = 5.865e-01) (elapsed time: 7686.841) (secs/iter:  1.152) (n_accepted: 78%) (u_error:  2.952640 %) (beta_change: 31.602690 %) (delta_change:  0.607479 %) (delta_peak/R:  2.440805 %)
iter:   6700 (Jcost: 2.450418e-02) (lr = 1.208e+00) (elapsed time: 7791.627) (secs/iter:  1.048) (n_accepted: 80%) (u_error:  2.952739 %) (beta_change: 31.805748 %) (delta_change:  0.608025 %) (delta_peak/R:  2.440598 %)
iter:   6800 (Jcost: 2.450304e-02) (lr = 1.801e-01) (elapsed time: 7898.927) (secs/iter:  1.073) (n_accepted: 77%) (u_error:  2.953647 %) (beta_change: 32.006839 %) (delta_change:  0.608518 %) (delta_peak/R:  2.439846 %)
iter:   6900 (Jcost: 2.450194e-02) (lr = 3.710e-01) (elapsed time: 8007.579) (secs/iter:  1.087) (n_accepted: 80%) (u_error:  2.953008 %) (beta_change: 32.193770 %) (delta_change:  0.609057 %) (delta_peak/R:  2.440151 %)
iter:   7000 (Jcost: 2.450092e-02) (lr = 3.184e-01) (elapsed time: 8117.518) (secs/iter:  1.099) (n_accepted: 79%) (u_error:  2.951606 %) (beta_change: 32.371139 %) (delta_change:  0.609611 %) (delta_peak/R:  2.440980 %)
-> Saved file: /media/rafael/DATA/Dropbox/20220924_FIML_solver/data/output/field_inversion/Beta_e/u_imp_1/FI_run_T31_CReStar_tau_u_imp_1_k_imp_0_e_imp_1/FI_run_T31_CReStar_tau_u_imp_1_k_imp_0_e_imp_1_state_iter_7000.dat
iter:   7100 (Jcost: 2.449966e-02) (lr = 3.779e+00) (elapsed time: 8229.407) (secs/iter:  1.119) (n_accepted: 82%) (u_error:  2.953094 %) (beta_change: 32.593301 %) (delta_change:  0.610121 %) (delta_peak/R:  2.439825 %)
iter:   7200 (Jcost: 2.449865e-02) (lr = 2.346e-01) (elapsed time: 8329.768) (secs/iter:  1.004) (n_accepted: 76%) (u_error:  2.951842 %) (beta_change: 32.768517 %) (delta_change:  0.610657 %) (delta_peak/R:  2.440555 %)
iter:   7300 (Jcost: 2.449764e-02) (lr = 4.834e-01) (elapsed time: 8396.130) (secs/iter:  0.664) (n_accepted: 80%) (u_error:  2.951726 %) (beta_change: 32.947398 %) (delta_change:  0.611138 %) (delta_peak/R:  2.440515 %)
iter:   7400 (Jcost: 2.449661e-02) (lr = 9.959e-01) (elapsed time: 8482.439) (secs/iter:  0.863) (n_accepted: 80%) (u_error:  2.952031 %) (beta_change: 33.130633 %) (delta_change:  0.611605 %) (delta_peak/R:  2.440188 %)
iter:   7500 (Jcost: 2.449563e-02) (lr = 8.549e-01) (elapsed time: 8558.147) (secs/iter:  0.757) (n_accepted: 79%) (u_error:  2.951830 %) (beta_change: 33.306855 %) (delta_change:  0.612081 %) (delta_peak/R:  2.440208 %)
-> Saved file: /media/rafael/DATA/Dropbox/20220924_FIML_solver/data/output/field_inversion/Beta_e/u_imp_1/FI_run_T31_CReStar_tau_u_imp_1_k_imp_0_e_imp_1/FI_run_T31_CReStar_tau_u_imp_1_k_imp_0_e_imp_1_state_iter_7500.dat
iter:   7600 (Jcost: 2.449469e-02) (lr = 3.058e-01) (elapsed time: 8671.036) (secs/iter:  1.129) (n_accepted: 78%) (u_error:  2.951681 %) (beta_change: 33.475319 %) (delta_change:  0.612531 %) (delta_peak/R:  2.440199 %)
iter:   7700 (Jcost: 2.449377e-02) (lr = 2.625e-01) (elapsed time: 8776.324) (secs/iter:  1.053) (n_accepted: 79%) (u_error:  2.951765 %) (beta_change: 33.642159 %) (delta_change:  0.612964 %) (delta_peak/R:  2.440033 %)
iter:   7800 (Jcost: 2.449284e-02) (lr = 2.253e-01) (elapsed time: 8885.580) (secs/iter:  1.093) (n_accepted: 79%) (u_error:  2.952896 %) (beta_change: 33.817076 %) (delta_change:  0.613357 %) (delta_peak/R:  2.439154 %)
iter:   7900 (Jcost: 2.449195e-02) (lr = 8.058e-02) (elapsed time: 8994.646) (secs/iter:  1.091) (n_accepted: 78%) (u_error:  2.951678 %) (beta_change: 33.973946 %) (delta_change:  0.613834 %) (delta_peak/R:  2.439877 %)
iter:   8000 (Jcost: 2.449103e-02) (lr = 1.660e-01) (elapsed time: 9103.935) (secs/iter:  1.093) (n_accepted: 80%) (u_error:  2.951695 %) (beta_change: 34.142355 %) (delta_change:  0.614270 %) (delta_peak/R:  2.439756 %)
-> Saved file: /media/rafael/DATA/Dropbox/20220924_FIML_solver/data/output/field_inversion/Beta_e/u_imp_1/FI_run_T31_CReStar_tau_u_imp_1_k_imp_0_e_imp_1/FI_run_T31_CReStar_tau_u_imp_1_k_imp_0_e_imp_1_state_iter_8000.dat
iter:   8100 (Jcost: 2.449017e-02) (lr = 3.420e-01) (elapsed time: 9208.244) (secs/iter:  1.043) (n_accepted: 80%) (u_error:  2.951383 %) (beta_change: 34.300406 %) (delta_change:  0.614697 %) (delta_peak/R:  2.439865 %)
iter:   8200 (Jcost: 2.448935e-02) (lr = 2.936e-01) (elapsed time: 9303.861) (secs/iter:  0.956) (n_accepted: 79%) (u_error:  2.951298 %) (beta_change: 34.451904 %) (delta_change:  0.615094 %) (delta_peak/R:  2.439825 %)
iter:   8300 (Jcost: 2.448837e-02) (lr = 2.520e-01) (elapsed time: 9367.849) (secs/iter:  0.640) (n_accepted: 79%) (u_error:  2.950848 %) (beta_change: 34.634596 %) (delta_change:  0.615590 %) (delta_peak/R:  2.440012 %)
iter:   8400 (Jcost: 2.448748e-02) (lr = 1.246e+00) (elapsed time: 9459.685) (secs/iter:  0.918) (n_accepted: 81%) (u_error:  2.951188 %) (beta_change: 34.800533 %) (delta_change:  0.615997 %) (delta_peak/R:  2.439675 %)
iter:   8500 (Jcost: 2.448664e-02) (lr = 4.456e-01) (elapsed time: 9560.514) (secs/iter:  1.008) (n_accepted: 78%) (u_error:  2.951467 %) (beta_change: 34.959487 %) (delta_change:  0.616389 %) (delta_peak/R:  2.439384 %)
-> Saved file: /media/rafael/DATA/Dropbox/20220924_FIML_solver/data/output/field_inversion/Beta_e/u_imp_1/FI_run_T31_CReStar_tau_u_imp_1_k_imp_0_e_imp_1/FI_run_T31_CReStar_tau_u_imp_1_k_imp_0_e_imp_1_state_iter_8500.dat
iter:   8600 (Jcost: 2.448580e-02) (lr = 9.181e-01) (elapsed time: 9673.308) (secs/iter:  1.128) (n_accepted: 80%) (u_error:  2.951402 %) (beta_change: 35.118451 %) (delta_change:  0.616800 %) (delta_peak/R:  2.439325 %)
iter:   8700 (Jcost: 2.448495e-02) (lr = 1.891e+00) (elapsed time: 9777.470) (secs/iter:  1.042) (n_accepted: 80%) (u_error:  2.951088 %) (beta_change: 35.277813 %) (delta_change:  0.617225 %) (delta_peak/R:  2.439436 %)
iter:   8800 (Jcost: 2.448411e-02) (lr = 2.819e-01) (elapsed time: 9883.286) (secs/iter:  1.058) (n_accepted: 77%) (u_error:  2.950291 %) (beta_change: 35.439336 %) (delta_change:  0.617681 %) (delta_peak/R:  2.439871 %)
iter:   8900 (Jcost: 2.448338e-02) (lr = 5.807e-01) (elapsed time: 9990.268) (secs/iter:  1.070) (n_accepted: 80%) (u_error:  2.950747 %) (beta_change: 35.577543 %) (delta_change:  0.618007 %) (delta_peak/R:  2.439473 %)
iter:   9000 (Jcost: 2.448261e-02) (lr = 4.985e-01) (elapsed time: 10095.261) (secs/iter:  1.050) (n_accepted: 79%) (u_error:  2.950686 %) (beta_change: 35.724498 %) (delta_change:  0.618383 %) (delta_peak/R:  2.439420 %)
-> Saved file: /media/rafael/DATA/Dropbox/20220924_FIML_solver/data/output/field_inversion/Beta_e/u_imp_1/FI_run_T31_CReStar_tau_u_imp_1_k_imp_0_e_imp_1/FI_run_T31_CReStar_tau_u_imp_1_k_imp_0_e_imp_1_state_iter_9000.dat
iter:   9100 (Jcost: 2.448187e-02) (lr = 1.027e+00) (elapsed time: 10204.606) (secs/iter:  1.093) (n_accepted: 80%) (u_error:  2.950619 %) (beta_change: 35.866792 %) (delta_change:  0.618747 %) (delta_peak/R:  2.439373 %)
iter:   9200 (Jcost: 2.448115e-02) (lr = 3.673e-01) (elapsed time: 10310.586) (secs/iter:  1.060) (n_accepted: 78%) (u_error:  2.950681 %) (beta_change: 36.005464 %) (delta_change:  0.619094 %) (delta_peak/R:  2.439242 %)
iter:   9300 (Jcost: 2.448042e-02) (lr = 1.314e-01) (elapsed time: 10416.504) (secs/iter:  1.059) (n_accepted: 78%) (u_error:  2.950507 %) (beta_change: 36.145487 %) (delta_change:  0.619457 %) (delta_peak/R:  2.439269 %)
iter:   9400 (Jcost: 2.447969e-02) (lr = 1.559e+00) (elapsed time: 10517.671) (secs/iter:  1.012) (n_accepted: 82%) (u_error:  2.950366 %) (beta_change: 36.286455 %) (delta_change:  0.619820 %) (delta_peak/R:  2.439273 %)
iter:   9500 (Jcost: 2.447898e-02) (lr = 1.338e+00) (elapsed time: 10624.301) (secs/iter:  1.066) (n_accepted: 79%) (u_error:  2.950380 %) (beta_change: 36.425021 %) (delta_change:  0.620168 %) (delta_peak/R:  2.439173 %)
-> Saved file: /media/rafael/DATA/Dropbox/20220924_FIML_solver/data/output/field_inversion/Beta_e/u_imp_1/FI_run_T31_CReStar_tau_u_imp_1_k_imp_0_e_imp_1/FI_run_T31_CReStar_tau_u_imp_1_k_imp_0_e_imp_1_state_iter_9500.dat
iter:   9600 (Jcost: 2.447828e-02) (lr = 4.786e-01) (elapsed time: 10726.224) (secs/iter:  1.019) (n_accepted: 78%) (u_error:  2.950852 %) (beta_change: 36.563133 %) (delta_change:  0.620487 %) (delta_peak/R:  2.438764 %)
iter:   9700 (Jcost: 2.447757e-02) (lr = 4.108e-01) (elapsed time: 10832.113) (secs/iter:  1.059) (n_accepted: 79%) (u_error:  2.950460 %) (beta_change: 36.700098 %) (delta_change:  0.620853 %) (delta_peak/R:  2.438940 %)
iter:   9800 (Jcost: 2.447693e-02) (lr = 3.527e-01) (elapsed time: 10940.823) (secs/iter:  1.087) (n_accepted: 79%) (u_error:  2.950306 %) (beta_change: 36.825523 %) (delta_change:  0.621175 %) (delta_peak/R:  2.438962 %)
iter:   9900 (Jcost: 2.447626e-02) (lr = 3.027e-01) (elapsed time: 11044.649) (secs/iter:  1.038) (n_accepted: 79%) (u_error:  2.950096 %) (beta_change: 36.955811 %) (delta_change:  0.621512 %) (delta_peak/R:  2.439018 %)
iter:  10000 (Jcost: 2.447565e-02) (lr = 6.237e-01) (elapsed time: 11150.258) (secs/iter:  1.056) (n_accepted: 80%) (u_error:  2.949998 %) (beta_change: 37.077150 %) (delta_change:  0.621820 %) (delta_peak/R:  2.439004 %)
-> Saved file: /media/rafael/DATA/Dropbox/20220924_FIML_solver/data/output/field_inversion/Beta_e/u_imp_1/FI_run_T31_CReStar_tau_u_imp_1_k_imp_0_e_imp_1/FI_run_T31_CReStar_tau_u_imp_1_k_imp_0_e_imp_1_state_iter_10000.dat
iter:  10100 (Jcost: 2.447494e-02) (lr = 5.354e-01) (elapsed time: 11256.946) (secs/iter:  1.067) (n_accepted: 79%) (u_error:  2.950492 %) (beta_change: 37.217876 %) (delta_change:  0.622142 %) (delta_peak/R:  2.438577 %)
iter:  10200 (Jcost: 2.447432e-02) (lr = 4.595e-01) (elapsed time: 11338.598) (secs/iter:  0.817) (n_accepted: 79%) (u_error:  2.949827 %) (beta_change: 37.337780 %) (delta_change:  0.622477 %) (delta_peak/R:  2.438948 %)
iter:  10300 (Jcost: 2.447368e-02) (lr = 9.467e-01) (elapsed time: 11424.544) (secs/iter:  0.859) (n_accepted: 80%) (u_error:  2.950204 %) (beta_change: 37.465786 %) (delta_change:  0.622773 %) (delta_peak/R:  2.438608 %)
iter:  10400 (Jcost: 2.447301e-02) (lr = 8.127e-01) (elapsed time: 11530.470) (secs/iter:  1.059) (n_accepted: 79%) (u_error:  2.950782 %) (beta_change: 37.602606 %) (delta_change:  0.623079 %) (delta_peak/R:  2.438125 %)
iter:  10500 (Jcost: 2.447243e-02) (lr = 2.907e-01) (elapsed time: 11636.242) (secs/iter:  1.058) (n_accepted: 78%) (u_error:  2.950408 %) (beta_change: 37.713908 %) (delta_change:  0.623375 %) (delta_peak/R:  2.438303 %)
-> Saved file: /media/rafael/DATA/Dropbox/20220924_FIML_solver/data/output/field_inversion/Beta_e/u_imp_1/FI_run_T31_CReStar_tau_u_imp_1_k_imp_0_e_imp_1/FI_run_T31_CReStar_tau_u_imp_1_k_imp_0_e_imp_1_state_iter_10500.dat
iter:  10600 (Jcost: 2.447189e-02) (lr = 5.988e-01) (elapsed time: 11747.015) (secs/iter:  1.108) (n_accepted: 80%) (u_error:  2.949637 %) (beta_change: 37.819305 %) (delta_change:  0.623679 %) (delta_peak/R:  2.438754 %)
iter:  10700 (Jcost: 2.447131e-02) (lr = 2.142e-01) (elapsed time: 11853.092) (secs/iter:  1.061) (n_accepted: 78%) (u_error:  2.949593 %) (beta_change: 37.933776 %) (delta_change:  0.623964 %) (delta_peak/R:  2.438706 %)
iter:  10800 (Jcost: 2.447071e-02) (lr = 1.059e+00) (elapsed time: 11960.782) (secs/iter:  1.077) (n_accepted: 81%) (u_error:  2.949385 %) (beta_change: 38.054095 %) (delta_change:  0.624272 %) (delta_peak/R:  2.438766 %)
iter:  10900 (Jcost: 2.447019e-02) (lr = 3.788e-01) (elapsed time: 12034.822) (secs/iter:  0.740) (n_accepted: 78%) (u_error:  2.949507 %) (beta_change: 38.156964 %) (delta_change:  0.624518 %) (delta_peak/R:  2.438612 %)
iter:  11000 (Jcost: 2.446956e-02) (lr = 1.873e+00) (elapsed time: 12094.749) (secs/iter:  0.599) (n_accepted: 81%) (u_error:  2.949308 %) (beta_change: 38.282382 %) (delta_change:  0.624837 %) (delta_peak/R:  2.438662 %)
-> Saved file: /media/rafael/DATA/Dropbox/20220924_FIML_solver/data/output/field_inversion/Beta_e/u_imp_1/FI_run_T31_CReStar_tau_u_imp_1_k_imp_0_e_imp_1/FI_run_T31_CReStar_tau_u_imp_1_k_imp_0_e_imp_1_state_iter_11000.dat
iter:  11100 (Jcost: 2.446896e-02) (lr = 1.608e+00) (elapsed time: 12160.750) (secs/iter:  0.660) (n_accepted: 79%) (u_error:  2.949797 %) (beta_change: 38.401738 %) (delta_change:  0.625101 %) (delta_peak/R:  2.438248 %)
iter:  11200 (Jcost: 2.446842e-02) (lr = 2.396e-01) (elapsed time: 12223.246) (secs/iter:  0.625) (n_accepted: 77%) (u_error:  2.949229 %) (beta_change: 38.508587 %) (delta_change:  0.625395 %) (delta_peak/R:  2.438558 %)
iter:  11300 (Jcost: 2.446792e-02) (lr = 4.935e-01) (elapsed time: 12283.578) (secs/iter:  0.603) (n_accepted: 80%) (u_error:  2.949247 %) (beta_change: 38.607742 %) (delta_change:  0.625636 %) (delta_peak/R:  2.438478 %)
iter:  11400 (Jcost: 2.446736e-02) (lr = 4.237e-01) (elapsed time: 12370.765) (secs/iter:  0.872) (n_accepted: 79%) (u_error:  2.949233 %) (beta_change: 38.718627 %) (delta_change:  0.625908 %) (delta_peak/R:  2.438410 %)
iter:  11500 (Jcost: 2.446681e-02) (lr = 8.728e-01) (elapsed time: 12457.398) (secs/iter:  0.866) (n_accepted: 80%) (u_error:  2.949128 %) (beta_change: 38.828547 %) (delta_change:  0.626181 %) (delta_peak/R:  2.438403 %)
-> Saved file: /media/rafael/DATA/Dropbox/20220924_FIML_solver/data/output/field_inversion/Beta_e/u_imp_1/FI_run_T31_CReStar_tau_u_imp_1_k_imp_0_e_imp_1/FI_run_T31_CReStar_tau_u_imp_1_k_imp_0_e_imp_1_state_iter_11500.dat
iter:  11600 (Jcost: 2.446625e-02) (lr = 7.492e-01) (elapsed time: 12528.912) (secs/iter:  0.715) (n_accepted: 79%) (u_error:  2.949404 %) (beta_change: 38.940085 %) (delta_change:  0.626437 %) (delta_peak/R:  2.438138 %)
iter:  11700 (Jcost: 2.446577e-02) (lr = 2.680e-01) (elapsed time: 12592.937) (secs/iter:  0.640) (n_accepted: 78%) (u_error:  2.949132 %) (beta_change: 39.034299 %) (delta_change:  0.626682 %) (delta_peak/R:  2.438255 %)
iter:  11800 (Jcost: 2.446524e-02) (lr = 5.521e-01) (elapsed time: 12657.253) (secs/iter:  0.643) (n_accepted: 80%) (u_error:  2.949024 %) (beta_change: 39.138615 %) (delta_change:  0.626941 %) (delta_peak/R:  2.438253 %)
iter:  11900 (Jcost: 2.446472e-02) (lr = 1.137e+00) (elapsed time: 12745.610) (secs/iter:  0.884) (n_accepted: 80%) (u_error:  2.948562 %) (beta_change: 39.243116 %) (delta_change:  0.627221 %) (delta_peak/R:  2.438491 %)
iter:  12000 (Jcost: 2.446420e-02) (lr = 9.763e-01) (elapsed time: 12847.851) (secs/iter:  1.022) (n_accepted: 79%) (u_error:  2.949129 %) (beta_change: 39.345308 %) (delta_change:  0.627436 %) (delta_peak/R:  2.438033 %)
-> Saved file: /media/rafael/DATA/Dropbox/20220924_FIML_solver/data/output/field_inversion/Beta_e/u_imp_1/FI_run_T31_CReStar_tau_u_imp_1_k_imp_0_e_imp_1/FI_run_T31_CReStar_tau_u_imp_1_k_imp_0_e_imp_1_state_iter_12000.dat
iter:  12100 (Jcost: 2.446373e-02) (lr = 1.455e-01) (elapsed time: 12960.152) (secs/iter:  1.123) (n_accepted: 77%) (u_error:  2.948979 %) (beta_change: 39.438782 %) (delta_change:  0.627670 %) (delta_peak/R:  2.438067 %)
iter:  12200 (Jcost: 2.446322e-02) (lr = 7.194e-01) (elapsed time: 13040.944) (secs/iter:  0.808) (n_accepted: 81%) (u_error:  2.948796 %) (beta_change: 39.539019 %) (delta_change:  0.627923 %) (delta_peak/R:  2.438117 %)
iter:  12300 (Jcost: 2.446271e-02) (lr = 6.175e-01) (elapsed time: 13111.762) (secs/iter:  0.708) (n_accepted: 79%) (u_error:  2.948749 %) (beta_change: 39.638659 %) (delta_change:  0.628166 %) (delta_peak/R:  2.438076 %)
iter:  12400 (Jcost: 2.446222e-02) (lr = 5.301e-01) (elapsed time: 13219.081) (secs/iter:  1.073) (n_accepted: 79%) (u_error:  2.949024 %) (beta_change: 39.734683 %) (delta_change:  0.628382 %) (delta_peak/R:  2.437819 %)
iter:  12500 (Jcost: 2.446174e-02) (lr = 4.550e-01) (elapsed time: 13319.491) (secs/iter:  1.004) (n_accepted: 79%) (u_error:  2.948143 %) (beta_change: 39.829489 %) (delta_change:  0.628661 %) (delta_peak/R:  2.438344 %)
-> Saved file: /media/rafael/DATA/Dropbox/20220924_FIML_solver/data/output/field_inversion/Beta_e/u_imp_1/FI_run_T31_CReStar_tau_u_imp_1_k_imp_0_e_imp_1/FI_run_T31_CReStar_tau_u_imp_1_k_imp_0_e_imp_1_state_iter_12500.dat
iter:  12600 (Jcost: 2.446118e-02) (lr = 9.374e-01) (elapsed time: 13422.358) (secs/iter:  1.029) (n_accepted: 80%) (u_error:  2.948564 %) (beta_change: 39.938382 %) (delta_change:  0.628898 %) (delta_peak/R:  2.437978 %)
iter:  12700 (Jcost: 2.446071e-02) (lr = 1.397e-01) (elapsed time: 13525.049) (secs/iter:  1.027) (n_accepted: 77%) (u_error:  2.948086 %) (beta_change: 40.030113 %) (delta_change:  0.629146 %) (delta_peak/R:  2.438232 %)
iter:  12800 (Jcost: 2.446023e-02) (lr = 2.878e-01) (elapsed time: 13603.792) (secs/iter:  0.787) (n_accepted: 80%) (u_error:  2.948823 %) (beta_change: 40.123916 %) (delta_change:  0.629328 %) (delta_peak/R:  2.437662 %)
iter:  12900 (Jcost: 2.445976e-02) (lr = 1.423e+00) (elapsed time: 13672.979) (secs/iter:  0.692) (n_accepted: 81%) (u_error:  2.948908 %) (beta_change: 40.215217 %) (delta_change:  0.629542 %) (delta_peak/R:  2.437534 %)
iter:  13000 (Jcost: 2.445933e-02) (lr = 2.121e-01) (elapsed time: 13736.206) (secs/iter:  0.632) (n_accepted: 77%) (u_error:  2.948574 %) (beta_change: 40.298532 %) (delta_change:  0.629761 %) (delta_peak/R:  2.437696 %)
-> Saved file: /media/rafael/DATA/Dropbox/20220924_FIML_solver/data/output/field_inversion/Beta_e/u_imp_1/FI_run_T31_CReStar_tau_u_imp_1_k_imp_0_e_imp_1/FI_run_T31_CReStar_tau_u_imp_1_k_imp_0_e_imp_1_state_iter_13000.dat
iter:  13100 (Jcost: 2.445890e-02) (lr = 4.369e-01) (elapsed time: 13811.298) (secs/iter:  0.751) (n_accepted: 80%) (u_error:  2.948337 %) (beta_change: 40.380380 %) (delta_change:  0.629970 %) (delta_peak/R:  2.437793 %)
iter:  13200 (Jcost: 2.445841e-02) (lr = 9.000e-01) (elapsed time: 13874.236) (secs/iter:  0.629) (n_accepted: 80%) (u_error:  2.948307 %) (beta_change: 40.474319 %) (delta_change:  0.630197 %) (delta_peak/R:  2.437740 %)
iter:  13300 (Jcost: 2.445798e-02) (lr = 3.219e-01) (elapsed time: 13936.124) (secs/iter:  0.619) (n_accepted: 78%) (u_error:  2.947758 %) (beta_change: 40.557106 %) (delta_change:  0.630426 %) (delta_peak/R:  2.438046 %)
iter:  13400 (Jcost: 2.445754e-02) (lr = 6.632e-01) (elapsed time: 13999.976) (secs/iter:  0.639) (n_accepted: 80%) (u_error:  2.948172 %) (beta_change: 40.640267 %) (delta_change:  0.630600 %) (delta_peak/R:  2.437700 %)
iter:  13500 (Jcost: 2.445707e-02) (lr = 1.366e+00) (elapsed time: 14066.604) (secs/iter:  0.666) (n_accepted: 80%) (u_error:  2.948172 %) (beta_change: 40.729579 %) (delta_change:  0.630813 %) (delta_peak/R:  2.437628 %)
-> Saved file: /media/rafael/DATA/Dropbox/20220924_FIML_solver/data/output/field_inversion/Beta_e/u_imp_1/FI_run_T31_CReStar_tau_u_imp_1_k_imp_0_e_imp_1/FI_run_T31_CReStar_tau_u_imp_1_k_imp_0_e_imp_1_state_iter_13500.dat
iter:  13600 (Jcost: 2.445662e-02) (lr = 4.887e-01) (elapsed time: 14136.120) (secs/iter:  0.695) (n_accepted: 78%) (u_error:  2.948008 %) (beta_change: 40.815122 %) (delta_change:  0.631026 %) (delta_peak/R:  2.437671 %)
iter:  13700 (Jcost: 2.445618e-02) (lr = 4.195e-01) (elapsed time: 14200.272) (secs/iter:  0.642) (n_accepted: 79%) (u_error:  2.947930 %) (beta_change: 40.916855 %) (delta_change:  0.631226 %) (delta_peak/R:  2.437657 %)
iter:  13800 (Jcost: 2.445575e-02) (lr = 8.642e-01) (elapsed time: 14263.994) (secs/iter:  0.637) (n_accepted: 80%) (u_error:  2.948181 %) (beta_change: 41.018978 %) (delta_change:  0.631403 %) (delta_peak/R:  2.437421 %)
iter:  13900 (Jcost: 2.445532e-02) (lr = 7.418e-01) (elapsed time: 14324.487) (secs/iter:  0.605) (n_accepted: 79%) (u_error:  2.947389 %) (beta_change: 41.124192 %) (delta_change:  0.631644 %) (delta_peak/R:  2.437889 %)
iter:  14000 (Jcost: 2.445490e-02) (lr = 1.528e+00) (elapsed time: 14394.351) (secs/iter:  0.699) (n_accepted: 80%) (u_error:  2.947812 %) (beta_change: 41.220746 %) (delta_change:  0.631799 %) (delta_peak/R:  2.437540 %)
-> Saved file: /media/rafael/DATA/Dropbox/20220924_FIML_solver/data/output/field_inversion/Beta_e/u_imp_1/FI_run_T31_CReStar_tau_u_imp_1_k_imp_0_e_imp_1/FI_run_T31_CReStar_tau_u_imp_1_k_imp_0_e_imp_1_state_iter_14000.dat
iter:  14100 (Jcost: 2.445450e-02) (lr = 2.277e-01) (elapsed time: 14460.193) (secs/iter:  0.658) (n_accepted: 77%) (u_error:  2.947906 %) (beta_change: 41.316581 %) (delta_change:  0.631971 %) (delta_peak/R:  2.437413 %)
iter:  14200 (Jcost: 2.445407e-02) (lr = 4.692e-01) (elapsed time: 14522.269) (secs/iter:  0.621) (n_accepted: 80%) (u_error:  2.947674 %) (beta_change: 41.416415 %) (delta_change:  0.632169 %) (delta_peak/R:  2.437505 %)
iter:  14300 (Jcost: 2.445362e-02) (lr = 9.666e-01) (elapsed time: 14587.013) (secs/iter:  0.647) (n_accepted: 80%) (u_error:  2.947875 %) (beta_change: 41.522707 %) (delta_change:  0.632352 %) (delta_peak/R:  2.437299 %)
iter:  14400 (Jcost: 2.445322e-02) (lr = 8.297e-01) (elapsed time: 14648.809) (secs/iter:  0.618) (n_accepted: 79%) (u_error:  2.947720 %) (beta_change: 41.617877 %) (delta_change:  0.632535 %) (delta_peak/R:  2.437341 %)
iter:  14500 (Jcost: 2.445280e-02) (lr = 1.709e+00) (elapsed time: 14710.389) (secs/iter:  0.616) (n_accepted: 80%) (u_error:  2.948063 %) (beta_change: 41.716246 %) (delta_change:  0.632695 %) (delta_peak/R:  2.437043 %)
-> Saved file: /media/rafael/DATA/Dropbox/20220924_FIML_solver/data/output/field_inversion/Beta_e/u_imp_1/FI_run_T31_CReStar_tau_u_imp_1_k_imp_0_e_imp_1/FI_run_T31_CReStar_tau_u_imp_1_k_imp_0_e_imp_1_state_iter_14500.dat
iter:  14600 (Jcost: 2.445241e-02) (lr = 2.547e-01) (elapsed time: 14802.834) (secs/iter:  0.924) (n_accepted: 77%) (u_error:  2.948118 %) (beta_change: 41.806385 %) (delta_change:  0.632855 %) (delta_peak/R:  2.436945 %)
iter:  14700 (Jcost: 2.445202e-02) (lr = 5.248e-01) (elapsed time: 14904.351) (secs/iter:  1.015) (n_accepted: 80%) (u_error:  2.947379 %) (beta_change: 41.896502 %) (delta_change:  0.633061 %) (delta_peak/R:  2.437384 %)
iter:  14800 (Jcost: 2.445163e-02) (lr = 1.877e-01) (elapsed time: 15016.983) (secs/iter:  1.126) (n_accepted: 78%) (u_error:  2.947672 %) (beta_change: 41.987164 %) (delta_change:  0.633207 %) (delta_peak/R:  2.437124 %)
iter:  14900 (Jcost: 2.445123e-02) (lr = 9.281e-01) (elapsed time: 15124.244) (secs/iter:  1.073) (n_accepted: 81%) (u_error:  2.947340 %) (beta_change: 42.080851 %) (delta_change:  0.633395 %) (delta_peak/R:  2.437285 %)
iter:  15000 (Jcost: 2.445083e-02) (lr = 7.967e-01) (elapsed time: 15223.758) (secs/iter:  0.995) (n_accepted: 79%) (u_error:  2.947521 %) (beta_change: 42.170760 %) (delta_change:  0.633545 %) (delta_peak/R:  2.437101 %)
-> Saved file: /media/rafael/DATA/Dropbox/20220924_FIML_solver/data/output/field_inversion/Beta_e/u_imp_1/FI_run_T31_CReStar_tau_u_imp_1_k_imp_0_e_imp_1/FI_run_T31_CReStar_tau_u_imp_1_k_imp_0_e_imp_1_state_iter_15000.dat
iter:  15000 (Jcost: 2.445083e-02) (lr = 9.560e-01) (elapsed time: 15229.713) (secs/iter:   None) (n_accepted: 0%) (u_error:  2.947544 %) (beta_change: 42.172603 %) (delta_change:  0.633547 %) (delta_peak/R:  2.437084 %)
