# ------------------------------------------------------------------------
#                  Input Arguments
# ------------------------------------------------------------------------
# Begin_Input_Arguments
{ 'all_b_mode': ['Beta_e'],
  'args_mk_solver': { 'torch': "<module 'torch' from "
                               "'/home/rafael/anaconda3/lib/python3.9/site-packages/torch/__init__.py'>",
                      'y_grid': [0.0, 0.000309700312, 0.000638645973, 0.00098802599, 0.00135910194, 0.00175321227, 0.00217177688, 0.00261630193, 0.00308838486, 0.00358971984, 0.00412210331, 0.00468744001, 0.00528774917, 0.00592517114, 0.00660197432, 0.0073205624, 0.00808348206, 0.00889343092, 0.00975326602, 0.0106660126, 0.0116348733, 0.0126632377, 0.0137546927, 0.0149130326, 0.0161422702, 0.0174466482, 0.0188306506, 0.0202990157, 0.0218567475, 0.02350913, 0.0252617393, 0.0271204584, 0.0290914903, 0.0311813732, 0.033396994, 0.0357456039, 0.0382348325, 0.0408727029, 0.0436676462, 0.0466285159, 0.0497646022, 0.0530856456, 0.0566018496, 0.0603238931, 0.0642629411, 0.068430655, 0.0728392004, 0.0775012535, 0.0824300053, 0.0876391634, 0.0931429507, 0.0989561006, 0.105093849, 0.111571922, 0.118406518, 0.125614286, 0.133212296, 0.141218006, 0.14964922, 0.158524039, 0.167860801, 0.177678022, 0.187994313, 0.1988283, 0.21019853, 0.222123362, 0.234620856, 0.247708641, 0.261403784, 0.275722637, 0.290680679, 0.306292354, 0.322570888, 0.339528108, 0.357174255, 0.375517785, 0.394565175, 0.414320726, 0.43478637, 0.45596148, 0.47784269, 0.500423731, 0.523695275, 0.547644806, 0.572256506, 0.597511177, 0.623386184, 0.649855436, 0.676889401, 0.704455158, 0.73251649, 0.761034018, 0.789965372, 0.819265404, 0.848886442, 0.878778572, 0.908889961, 0.939167201, 0.969555687, 1.0],
                      'Ret': 2003.14846,
                      'cp': 1.0,
                      'A_sca_rho': 1.0,
                      'A_sca_mu': 0.000499214122152484,
                      'A_sca_k': 0.000499214122152484,
                      'b_exp_rho': 0.0,
                      'b_exp_mu': 0.0,
                      'b_exp_k': 0.0,
                      'tensor_device': 'cpu',
                      'as_tensor': '<function '
                                   'Build_arguments_fi_run._mk_args_MK_solver.<locals>.<lambda> '
                                   'at 0x7f1a8299ae50>',
                      'ref_dns': { 'u_dns': [0.0, 0.620428448, 1.27851986, 1.97427267, 2.70484803, 3.46403383, 4.24306737, 5.03217781, 5.82155686, 6.60133115, 7.3578308, 8.0656895, 8.73623876, 9.36564393, 9.95109757, 10.4912354, 10.9862985, 11.4312547, 11.8369852, 12.2084072, 12.5484157, 12.8600821, 13.1465055, 13.4106958, 13.6555164, 13.8836432, 14.0975466, 14.2978024, 14.4874442, 14.669149, 14.8444847, 15.0142887, 15.1783692, 15.339937, 15.4986632, 15.6553101, 15.8107197, 15.9650108, 16.1185076, 16.2720014, 16.4250571, 16.5779566, 16.7310295, 16.8842648, 17.0376528, 17.1911728, 17.3449268, 17.4990152, 17.6531524, 17.8074977, 17.9621373, 18.1166676, 18.2713402, 18.4259622, 18.5804024, 18.7349809, 18.8896502, 19.044267, 19.1985476, 19.3524141, 19.5058723, 19.6586891, 19.8110002, 19.9626193, 20.1137048, 20.2642601, 20.4141382, 20.5635999, 20.7130929, 20.8620774, 21.0105527, 21.1586434, 21.3061311, 21.4530563, 21.5993074, 21.7448244, 21.8897078, 22.0343133, 22.1787236, 22.3223059, 22.465327, 22.608008, 22.7491734, 22.8878064, 23.0235286, 23.156294, 23.2856364, 23.4113139, 23.5325466, 23.6489124, 23.7588383, 23.8613899, 23.9548647, 24.0387452, 24.1125969, 24.1748213, 24.2242282, 24.2600715, 24.2820683, 24.2896407],
                                   'T_dns': [1.0, 1.0, 1.0, 1.0, 1.0, 1.0, 1.0, 1.0, 1.0, 1.0, 1.0, 1.0, 1.0, 1.0, 1.0, 1.0, 1.0, 1.0, 1.0, 1.0, 1.0, 1.0, 1.0, 1.0, 1.0, 1.0, 1.0, 1.0, 1.0, 1.0, 1.0, 1.0, 1.0, 1.0, 1.0, 1.0, 1.0, 1.0, 1.0, 1.0, 1.0, 1.0, 1.0, 1.0, 1.0, 1.0, 1.0, 1.0, 1.0, 1.0, 1.0, 1.0, 1.0, 1.0, 1.0, 1.0, 1.0, 1.0, 1.0, 1.0, 1.0, 1.0, 1.0, 1.0, 1.0, 1.0, 1.0, 1.0, 1.0, 1.0, 1.0, 1.0, 1.0, 1.0, 1.0, 1.0, 1.0, 1.0, 1.0, 1.0, 1.0, 1.0, 1.0, 1.0, 1.0, 1.0, 1.0, 1.0, 1.0, 1.0, 1.0, 1.0, 1.0, 1.0, 1.0, 1.0, 1.0, 1.0, 1.0, 1.0],
                                   'mu_dns': [0.000499214122152484, 0.000499214122152484, 0.000499214122152484, 0.000499214122152484, 0.000499214122152484, 0.000499214122152484, 0.000499214122152484, 0.000499214122152484, 0.000499214122152484, 0.000499214122152484, 0.000499214122152484, 0.000499214122152484, 0.000499214122152484, 0.000499214122152484, 0.000499214122152484, 0.000499214122152484, 0.000499214122152484, 0.000499214122152484, 0.000499214122152484, 0.000499214122152484, 0.000499214122152484, 0.000499214122152484, 0.000499214122152484, 0.000499214122152484, 0.000499214122152484, 0.000499214122152484, 0.000499214122152484, 0.000499214122152484, 0.000499214122152484, 0.000499214122152484, 0.000499214122152484, 0.000499214122152484, 0.000499214122152484, 0.000499214122152484, 0.000499214122152484, 0.000499214122152484, 0.000499214122152484, 0.000499214122152484, 0.000499214122152484, 0.000499214122152484, 0.000499214122152484, 0.000499214122152484, 0.000499214122152484, 0.000499214122152484, 0.000499214122152484, 0.000499214122152484, 0.000499214122152484, 0.000499214122152484, 0.000499214122152484, 0.000499214122152484, 0.000499214122152484, 0.000499214122152484, 0.000499214122152484, 0.000499214122152484, 0.000499214122152484, 0.000499214122152484, 0.000499214122152484, 0.000499214122152484, 0.000499214122152484, 0.000499214122152484, 0.000499214122152484, 0.000499214122152484, 0.000499214122152484, 0.000499214122152484, 0.000499214122152484, 0.000499214122152484, 0.000499214122152484, 0.000499214122152484, 0.000499214122152484, 0.000499214122152484, 0.000499214122152484, 0.000499214122152484, 0.000499214122152484, 0.000499214122152484, 0.000499214122152484, 0.000499214122152484, 0.000499214122152484, 0.000499214122152484, 0.000499214122152484, 0.000499214122152484, 0.000499214122152484, 0.000499214122152484, 0.000499214122152484, 0.000499214122152484, 0.000499214122152484, 0.000499214122152484, 0.000499214122152484, 0.000499214122152484, 0.000499214122152484, 0.000499214122152484, 0.000499214122152484, 0.000499214122152484, 0.000499214122152484, 0.000499214122152484, 0.000499214122152484, 0.000499214122152484, 0.000499214122152484, 0.000499214122152484, 0.000499214122152484, 0.000499214122152484],
                                   'rho_dns': [1.0, 1.0, 1.0, 1.0, 1.0, 1.0, 1.0, 1.0, 1.0, 1.0, 1.0, 1.0, 1.0, 1.0, 1.0, 1.0, 1.0, 1.0, 1.0, 1.0, 1.0, 1.0, 1.0, 1.0, 1.0, 1.0, 1.0, 1.0, 1.0, 1.0, 1.0, 1.0, 1.0, 1.0, 1.0, 1.0, 1.0, 1.0, 1.0, 1.0, 1.0, 1.0, 1.0, 1.0, 1.0, 1.0, 1.0, 1.0, 1.0, 1.0, 1.0, 1.0, 1.0, 1.0, 1.0, 1.0, 1.0, 1.0, 1.0, 1.0, 1.0, 1.0, 1.0, 1.0, 1.0, 1.0, 1.0, 1.0, 1.0, 1.0, 1.0, 1.0, 1.0, 1.0, 1.0, 1.0, 1.0, 1.0, 1.0, 1.0, 1.0, 1.0, 1.0, 1.0, 1.0, 1.0, 1.0, 1.0, 1.0, 1.0, 1.0, 1.0, 1.0, 1.0, 1.0, 1.0, 1.0, 1.0, 1.0, 1.0]},
                      'case': 'Jimenez_Re2000',
                      'constant_Sq_heat': 0.0,
                      'use_visc_heating': False,
                      'Pr_turb': 1.0,
                      'fprint': '<function '
                                'Build_arguments_fi_run._mk_args_MK_solver.<locals>.<lambda> '
                                'at 0x7f1a812fc9d0>',
                      'compressible_correction': False,
                      'bool_solve_energy': False,
                      'output_last': False},
  'u_imp': 10,
  'k_imp': 0,
  'e_imp': 1,
  'solve_sparse_adj': True,
  'all_ref_beta_distrib': {'K': [1.0, 1.0, 1.0, 1.0, 1.0, 1.0, 1.0, 1.0, 1.0, 1.0, 1.0, 1.0, 1.0, 1.0, 1.0, 1.0, 1.0, 1.0, 1.0, 1.0, 1.0, 1.0, 1.0, 1.0, 1.0, 1.0, 1.0, 1.0, 1.0, 1.0, 1.0, 1.0, 1.0, 1.0, 1.0, 1.0, 1.0, 1.0, 1.0, 1.0, 1.0, 1.0, 1.0, 1.0, 1.0, 1.0, 1.0, 1.0, 1.0, 1.0, 1.0, 1.0, 1.0, 1.0, 1.0, 1.0, 1.0, 1.0, 1.0, 1.0, 1.0, 1.0, 1.0, 1.0, 1.0, 1.0, 1.0, 1.0, 1.0, 1.0, 1.0, 1.0, 1.0, 1.0, 1.0, 1.0, 1.0, 1.0, 1.0, 1.0, 1.0, 1.0, 1.0, 1.0, 1.0, 1.0, 1.0, 1.0, 1.0, 1.0, 1.0, 1.0, 1.0, 1.0, 1.0, 1.0, 1.0, 1.0, 1.0, 1.0], 'E': [1.0, 0.99966044, 0.99942151, 0.99906441, 0.99853065, 0.99779402, 0.9969162, 0.99574908, 0.99383979, 0.99116958, 0.98773514, 0.98349356, 0.97843295, 0.97257751, 0.96599219, 0.95879132, 0.95114843, 0.94330509, 0.9355847, 0.92841325, 0.92233595, 0.91803337, 0.91633782, 0.91824782, 0.92493476, 0.93773198, 0.95808994, 0.98747388, 1.02719266, 1.07815353, 1.14054153, 1.21348683, 1.29428547, 1.37575209, 1.44437222, 1.48510416, 1.489122, 1.45655691, 1.39397898, 1.31066382, 1.21600264, 1.11832749, 1.02463473, 0.940609, 0.87066091, 0.81789164, 0.78399382, 0.76914637, 0.77198222, 0.78976109, 0.81876331, 0.85478836, 0.89372638, 0.9320516, 0.96711764, 0.99729559, 1.02190039, 1.0409476, 1.05488916, 1.06440823, 1.0702849, 1.07328004, 1.07408284, 1.07328118, 1.07135596, 1.0686937, 1.06557848, 1.06222747, 1.05881208, 1.05537107, 1.05175436, 1.04767308, 1.04273556, 1.0365026, 1.02857927, 1.01872316, 1.00698067, 0.99380431, 0.98004679, 0.96681316, 0.95535616, 0.94694353, 0.94249185, 0.94229402, 0.94612106, 0.95347023, 0.96369726, 0.97603602, 0.98955384, 1.00311559, 1.01539364, 1.02504586, 1.03106112, 1.03311578, 1.03173977, 1.02807024, 1.02347067, 1.01922263, 1.01629638, 1.00763717]},
  'all_ref_delta_distrib': {'K': [-0.0, -0.0, -0.0, -0.0, -0.0, -0.0, -0.0, -0.0, -0.0, -0.0, -0.0, -0.0, -0.0, -0.0, -0.0, -0.0, -0.0, -0.0, -0.0, -0.0, -0.0, -0.0, -0.0, -0.0, -0.0, -0.0, -0.0, -0.0, -0.0, -0.0, -0.0, -0.0, -0.0, -0.0, -0.0, -0.0, -0.0, -0.0, -0.0, -0.0, -0.0, -0.0, -0.0, -0.0, -0.0, -0.0, -0.0, -0.0, -0.0, -0.0, -0.0, -0.0, -0.0, -0.0, -0.0, -0.0, -0.0, -0.0, -0.0, -0.0, -0.0, -0.0, -0.0, -0.0, -0.0, -0.0, -0.0, -0.0, -0.0, -0.0, -0.0, -0.0, -0.0, -0.0, -0.0, -0.0, -0.0, -0.0, -0.0, -0.0, -0.0, -0.0, -0.0, -0.0, -0.0, -0.0, -0.0, -0.0, -0.0, -0.0, -0.0, -0.0, -0.0, -0.0, -0.0, -0.0, -0.0, -0.0, -0.0, -0.0], 'E': [-0.0, 5.888491791477628, 14.69736735648481, 29.685262555882364, 55.92724490908355, 100.94054505000805, 174.99634445745392, 290.7223278804486, 459.48979519817703, 681.4720578814207, 942.0626838843758, 1216.5581823424013, 1478.5252290742953, 1706.3346128887117, 1885.6830211795766, 2008.9730488363498, 2073.6071904434284, 2080.416885583214, 2032.3608407039999, 1933.5941798617544, 1789.1795097931915, 1605.0159845268581, 1387.810563660081, 1145.0254412747927, 884.7787477150549, 615.6804326127462, 346.6085955288065, 86.44229546873473, -156.33288029522936, -374.1204903662808, -560.6831692368731, -711.6344365583745, -823.3747757567079, -888.314118351442, -895.4995441951738, -842.1853691718119, -740.2003735285807, -609.6051044305976, -469.60638697505374, -334.1119944818793, -211.5295008403872, -106.28247787467586, -20.399526017649894, 45.471558039923416, 91.61232943807843, 119.1430376735173, 130.0729132839028, 127.30062308217589, 114.43711398664847, 95.39592760688271, 73.86156444088171, 52.83195053281207, 34.3394080261383, 19.419447570623824, 8.287486090258787, 0.5999502151883971, -4.2723757964903815, -7.023469691145117, -8.281512967186774, -8.55563312760891, -8.229659917885181, -7.573919276455797, -6.76893956767266, -5.928370946794272, -5.118990491028377, -4.376632314675267, -3.7161312629498133, -3.1407433706951595, -2.6474552154570015, -2.2260180987251728, -1.8605177641891493, -1.5344277783193687, -1.2330451197176517, -0.945219250747164, -0.6648620005307125, -0.39164870109134947, -0.13136536456946135, 0.10489932784321379, 0.3037870729937271, 0.4537891442288202, 0.547116579394147, 0.5810364304674778, 0.5606376860059219, 0.4984961941773683, 0.4102613951849204, 0.31049935616369656, 0.21100351211888702, 0.12055465849909199, 0.045198345966794236, -0.011524838744537245, -0.04841919104914092, -0.06669747837886877, -0.06984783341222311, -0.06288899087463659, -0.051119263971764056, -0.03873691204372638, -0.028268161486646022, -0.020783918765064444, -0.016432586001709198, -0.007518058655440809]},
  'fname_print': '/media/rafael/DATA/Dropbox/20220924_FIML_solver/data/output/field_inversion/Beta_e/u_imp_10/FI_run_Jimenez_Re2000_u_imp_10_k_imp_0_e_imp_1/FI_run_Jimenez_Re2000_u_imp_10_k_imp_0_e_imp_1.log',
  'folder': '/media/rafael/DATA/Dropbox/20220924_FIML_solver/data/output/field_inversion/Beta_e/u_imp_10/FI_run_Jimenez_Re2000_u_imp_10_k_imp_0_e_imp_1',
  'iters_limit': 15000}
# End_Input_Arguments

# ------------------------------------------------------------------------
#                  Iterations
# ------------------------------------------------------------------------

iter:      0 (Jcost: 1.072454e-01) (lr = 1.000e-03) (elapsed time:  0.001) (secs/iter:   None) (n_accepted: 0%) (u_error:  2.426561 %) (beta_change: 48.912200 %) (delta_change:  2.088587 %) (delta_peak/R:  0.000000 %)
-> Saved file: /media/rafael/DATA/Dropbox/20220924_FIML_solver/data/output/field_inversion/Beta_e/u_imp_10/FI_run_Jimenez_Re2000_u_imp_10_k_imp_0_e_imp_1/FI_run_Jimenez_Re2000_u_imp_10_k_imp_0_e_imp_1_state_iter_0.dat
iter:    100 (Jcost: 1.417317e-02) (lr = 3.281e-01) (elapsed time: 87.615) (secs/iter:  0.876) (n_accepted: 86%) (u_error:  0.737319 %) (beta_change: 41.770901 %) (delta_change:  1.273156 %) (delta_peak/R:  2.411799 %)
iter:    200 (Jcost: 1.277252e-02) (lr = 6.759e-01) (elapsed time: 165.773) (secs/iter:  0.782) (n_accepted: 80%) (u_error:  0.729748 %) (beta_change: 39.740555 %) (delta_change:  1.022682 %) (delta_peak/R:  2.349695 %)
iter:    300 (Jcost: 1.217839e-02) (lr = 2.417e-01) (elapsed time: 238.858) (secs/iter:  0.731) (n_accepted: 78%) (u_error:  0.698634 %) (beta_change: 38.148605 %) (delta_change:  0.904017 %) (delta_peak/R:  2.244890 %)
iter:    400 (Jcost: 1.183313e-02) (lr = 2.075e-01) (elapsed time: 312.318) (secs/iter:  0.735) (n_accepted: 79%) (u_error:  0.685484 %) (beta_change: 36.839572 %) (delta_change:  0.829828 %) (delta_peak/R:  2.211740 %)
iter:    500 (Jcost: 1.161738e-02) (lr = 7.422e-02) (elapsed time: 384.721) (secs/iter:  0.724) (n_accepted: 78%) (u_error:  0.678034 %) (beta_change: 35.841750 %) (delta_change:  0.760289 %) (delta_peak/R:  2.199417 %)
-> Saved file: /media/rafael/DATA/Dropbox/20220924_FIML_solver/data/output/field_inversion/Beta_e/u_imp_10/FI_run_Jimenez_Re2000_u_imp_10_k_imp_0_e_imp_1/FI_run_Jimenez_Re2000_u_imp_10_k_imp_0_e_imp_1_state_iter_500.dat
iter:    600 (Jcost: 1.141748e-02) (lr = 2.655e-02) (elapsed time: 457.453) (secs/iter:  0.727) (n_accepted: 78%) (u_error:  0.671393 %) (beta_change: 34.770720 %) (delta_change:  0.717999 %) (delta_peak/R:  2.176239 %)
iter:    700 (Jcost: 1.127217e-02) (lr = 2.279e-02) (elapsed time: 529.404) (secs/iter:  0.720) (n_accepted: 79%) (u_error:  0.669053 %) (beta_change: 33.857337 %) (delta_change:  0.673596 %) (delta_peak/R:  2.164243 %)
iter:    800 (Jcost: 1.116619e-02) (lr = 6.490e-01) (elapsed time: 600.501) (secs/iter:  0.711) (n_accepted: 83%) (u_error:  0.658775 %) (beta_change: 33.143189 %) (delta_change:  0.634323 %) (delta_peak/R:  2.160603 %)
iter:    900 (Jcost: 1.107433e-02) (lr = 2.321e-01) (elapsed time: 668.056) (secs/iter:  0.676) (n_accepted: 78%) (u_error:  0.659377 %) (beta_change: 32.458569 %) (delta_change:  0.605470 %) (delta_peak/R:  2.149835 %)
iter:   1000 (Jcost: 1.099546e-02) (lr = 8.302e-02) (elapsed time: 727.961) (secs/iter:  0.599) (n_accepted: 78%) (u_error:  0.656534 %) (beta_change: 31.804031 %) (delta_change:  0.585112 %) (delta_peak/R:  2.143488 %)
-> Saved file: /media/rafael/DATA/Dropbox/20220924_FIML_solver/data/output/field_inversion/Beta_e/u_imp_10/FI_run_Jimenez_Re2000_u_imp_10_k_imp_0_e_imp_1/FI_run_Jimenez_Re2000_u_imp_10_k_imp_0_e_imp_1_state_iter_1000.dat
iter:   1100 (Jcost: 1.093107e-02) (lr = 1.237e-02) (elapsed time: 792.522) (secs/iter:  0.646) (n_accepted: 77%) (u_error:  0.654228 %) (beta_change: 31.218927 %) (delta_change:  0.564790 %) (delta_peak/R:  2.137991 %)
iter:   1200 (Jcost: 1.086162e-02) (lr = 2.549e-02) (elapsed time: 858.652) (secs/iter:  0.661) (n_accepted: 80%) (u_error:  0.649263 %) (beta_change: 30.511077 %) (delta_change:  0.538001 %) (delta_peak/R:  2.134475 %)
iter:   1300 (Jcost: 1.080216e-02) (lr = 3.025e-01) (elapsed time: 923.449) (secs/iter:  0.648) (n_accepted: 82%) (u_error:  0.653008 %) (beta_change: 29.845766 %) (delta_change:  0.511254 %) (delta_peak/R:  2.123196 %)
iter:   1400 (Jcost: 1.076149e-02) (lr = 2.596e-01) (elapsed time: 992.262) (secs/iter:  0.688) (n_accepted: 79%) (u_error:  0.648404 %) (beta_change: 29.373549 %) (delta_change:  0.491279 %) (delta_peak/R:  2.122844 %)
iter:   1500 (Jcost: 1.072629e-02) (lr = 3.869e-02) (elapsed time: 1061.443) (secs/iter:  0.692) (n_accepted: 77%) (u_error:  0.647552 %) (beta_change: 28.915201 %) (delta_change:  0.474811 %) (delta_peak/R:  2.119082 %)
-> Saved file: /media/rafael/DATA/Dropbox/20220924_FIML_solver/data/output/field_inversion/Beta_e/u_imp_10/FI_run_Jimenez_Re2000_u_imp_10_k_imp_0_e_imp_1/FI_run_Jimenez_Re2000_u_imp_10_k_imp_0_e_imp_1_state_iter_1500.dat
iter:   1600 (Jcost: 1.069295e-02) (lr = 1.384e-02) (elapsed time: 1136.466) (secs/iter:  0.750) (n_accepted: 78%) (u_error:  0.646643 %) (beta_change: 28.448544 %) (delta_change:  0.464382 %) (delta_peak/R:  2.115482 %)
iter:   1700 (Jcost: 1.066288e-02) (lr = 2.851e-02) (elapsed time: 1204.354) (secs/iter:  0.679) (n_accepted: 80%) (u_error:  0.647218 %) (beta_change: 27.987605 %) (delta_change:  0.453197 %) (delta_peak/R:  2.110641 %)
iter:   1800 (Jcost: 1.063437e-02) (lr = 2.447e-02) (elapsed time: 1271.627) (secs/iter:  0.673) (n_accepted: 79%) (u_error:  0.642489 %) (beta_change: 27.527078 %) (delta_change:  0.441199 %) (delta_peak/R:  2.111288 %)
iter:   1900 (Jcost: 1.061038e-02) (lr = 6.970e-01) (elapsed time: 1335.357) (secs/iter:  0.637) (n_accepted: 83%) (u_error:  0.643658 %) (beta_change: 27.127465 %) (delta_change:  0.430207 %) (delta_peak/R:  2.106693 %)
iter:   2000 (Jcost: 1.058660e-02) (lr = 4.328e-02) (elapsed time: 1403.096) (secs/iter:  0.677) (n_accepted: 76%) (u_error:  0.643124 %) (beta_change: 26.693525 %) (delta_change:  0.417733 %) (delta_peak/R:  2.103630 %)
-> Saved file: /media/rafael/DATA/Dropbox/20220924_FIML_solver/data/output/field_inversion/Beta_e/u_imp_10/FI_run_Jimenez_Re2000_u_imp_10_k_imp_0_e_imp_1/FI_run_Jimenez_Re2000_u_imp_10_k_imp_0_e_imp_1_state_iter_2000.dat
iter:   2100 (Jcost: 1.056566e-02) (lr = 1.548e-02) (elapsed time: 1478.105) (secs/iter:  0.750) (n_accepted: 78%) (u_error:  0.641798 %) (beta_change: 26.287609 %) (delta_change:  0.405559 %) (delta_peak/R:  2.101719 %)
iter:   2200 (Jcost: 1.054745e-02) (lr = 1.329e-02) (elapsed time: 1547.526) (secs/iter:  0.694) (n_accepted: 79%) (u_error:  0.640195 %) (beta_change: 25.908648 %) (delta_change:  0.393825 %) (delta_peak/R:  2.100395 %)
iter:   2300 (Jcost: 1.053013e-02) (lr = 3.784e-01) (elapsed time: 1612.902) (secs/iter:  0.654) (n_accepted: 83%) (u_error:  0.642372 %) (beta_change: 25.532861 %) (delta_change:  0.381922 %) (delta_peak/R:  2.095398 %)
iter:   2400 (Jcost: 1.051350e-02) (lr = 7.796e-01) (elapsed time: 1679.645) (secs/iter:  0.667) (n_accepted: 80%) (u_error:  0.641893 %) (beta_change: 25.154233 %) (delta_change:  0.369654 %) (delta_peak/R:  2.093128 %)
iter:   2500 (Jcost: 1.050192e-02) (lr = 2.788e-01) (elapsed time: 1743.223) (secs/iter:  0.636) (n_accepted: 78%) (u_error:  0.639988 %) (beta_change: 24.891125 %) (delta_change:  0.360985 %) (delta_peak/R:  2.093179 %)
-> Saved file: /media/rafael/DATA/Dropbox/20220924_FIML_solver/data/output/field_inversion/Beta_e/u_imp_10/FI_run_Jimenez_Re2000_u_imp_10_k_imp_0_e_imp_1/FI_run_Jimenez_Re2000_u_imp_10_k_imp_0_e_imp_1_state_iter_2500.dat
iter:   2600 (Jcost: 1.048480e-02) (lr = 4.155e-02) (elapsed time: 1814.092) (secs/iter:  0.709) (n_accepted: 77%) (u_error:  0.639502 %) (beta_change: 24.467331 %) (delta_change:  0.348556 %) (delta_peak/R:  2.090753 %)
iter:   2700 (Jcost: 1.047001e-02) (lr = 1.486e-02) (elapsed time: 1877.861) (secs/iter:  0.638) (n_accepted: 78%) (u_error:  0.639142 %) (beta_change: 24.082060 %) (delta_change:  0.341716 %) (delta_peak/R:  2.088559 %)
iter:   2800 (Jcost: 1.045716e-02) (lr = 1.764e-01) (elapsed time: 1944.407) (secs/iter:  0.665) (n_accepted: 82%) (u_error:  0.639302 %) (beta_change: 23.726497 %) (delta_change:  0.335025 %) (delta_peak/R:  2.087981 %)
iter:   2900 (Jcost: 1.044867e-02) (lr = 1.514e-01) (elapsed time: 2008.450) (secs/iter:  0.640) (n_accepted: 79%) (u_error:  0.639150 %) (beta_change: 23.491977 %) (delta_change:  0.330819 %) (delta_peak/R:  2.085649 %)
iter:   3000 (Jcost: 1.043823e-02) (lr = 9.401e-03) (elapsed time: 2074.366) (secs/iter:  0.659) (n_accepted: 76%) (u_error:  0.639188 %) (beta_change: 23.187325 %) (delta_change:  0.325461 %) (delta_peak/R:  2.084176 %)
-> Saved file: /media/rafael/DATA/Dropbox/20220924_FIML_solver/data/output/field_inversion/Beta_e/u_imp_10/FI_run_Jimenez_Re2000_u_imp_10_k_imp_0_e_imp_1/FI_run_Jimenez_Re2000_u_imp_10_k_imp_0_e_imp_1_state_iter_3000.dat
iter:   3100 (Jcost: 1.043050e-02) (lr = 2.677e-01) (elapsed time: 2143.277) (secs/iter:  0.689) (n_accepted: 83%) (u_error:  0.639252 %) (beta_change: 22.954181 %) (delta_change:  0.321369 %) (delta_peak/R:  2.083299 %)
iter:   3200 (Jcost: 1.042085e-02) (lr = 2.298e-01) (elapsed time: 2205.793) (secs/iter:  0.625) (n_accepted: 79%) (u_error:  0.639242 %) (beta_change: 22.654333 %) (delta_change:  0.316131 %) (delta_peak/R:  2.081628 %)
iter:   3300 (Jcost: 1.040983e-02) (lr = 3.425e-02) (elapsed time: 2271.353) (secs/iter:  0.656) (n_accepted: 77%) (u_error:  0.639268 %) (beta_change: 22.298753 %) (delta_change:  0.310605 %) (delta_peak/R:  2.079935 %)
iter:   3400 (Jcost: 1.040150e-02) (lr = 1.225e-02) (elapsed time: 2336.032) (secs/iter:  0.647) (n_accepted: 78%) (u_error:  0.639283 %) (beta_change: 22.019974 %) (delta_change:  0.306602 %) (delta_peak/R:  2.078621 %)
iter:   3500 (Jcost: 1.039323e-02) (lr = 1.052e-02) (elapsed time: 2400.934) (secs/iter:  0.649) (n_accepted: 79%) (u_error:  0.639324 %) (beta_change: 21.734412 %) (delta_change:  0.302504 %) (delta_peak/R:  2.077478 %)
-> Saved file: /media/rafael/DATA/Dropbox/20220924_FIML_solver/data/output/field_inversion/Beta_e/u_imp_10/FI_run_Jimenez_Re2000_u_imp_10_k_imp_0_e_imp_1/FI_run_Jimenez_Re2000_u_imp_10_k_imp_0_e_imp_1_state_iter_3500.dat
iter:   3600 (Jcost: 1.038458e-02) (lr = 2.995e-01) (elapsed time: 2465.593) (secs/iter:  0.647) (n_accepted: 83%) (u_error:  0.639275 %) (beta_change: 21.424794 %) (delta_change:  0.298071 %) (delta_peak/R:  2.075685 %)
iter:   3700 (Jcost: 1.037836e-02) (lr = 7.748e-03) (elapsed time: 2530.373) (secs/iter:  0.648) (n_accepted: 75%) (u_error:  0.639351 %) (beta_change: 21.197141 %) (delta_change:  0.294806 %) (delta_peak/R:  2.075107 %)
iter:   3800 (Jcost: 1.037192e-02) (lr = 5.296e-01) (elapsed time: 2590.992) (secs/iter:  0.606) (n_accepted: 84%) (u_error:  0.639348 %) (beta_change: 20.953863 %) (delta_change:  0.291325 %) (delta_peak/R:  2.073977 %)
iter:   3900 (Jcost: 1.036582e-02) (lr = 1.370e-02) (elapsed time: 2652.844) (secs/iter:  0.619) (n_accepted: 75%) (u_error:  0.639372 %) (beta_change: 20.717859 %) (delta_change:  0.287948 %) (delta_peak/R:  2.073072 %)
iter:   4000 (Jcost: 1.035940e-02) (lr = 1.176e-02) (elapsed time: 2716.943) (secs/iter:  0.641) (n_accepted: 79%) (u_error:  0.639402 %) (beta_change: 20.462317 %) (delta_change:  0.284294 %) (delta_peak/R:  2.072155 %)
-> Saved file: /media/rafael/DATA/Dropbox/20220924_FIML_solver/data/output/field_inversion/Beta_e/u_imp_10/FI_run_Jimenez_Re2000_u_imp_10_k_imp_0_e_imp_1/FI_run_Jimenez_Re2000_u_imp_10_k_imp_0_e_imp_1_state_iter_4000.dat
iter:   4100 (Jcost: 1.035540e-02) (lr = 2.423e-02) (elapsed time: 2776.587) (secs/iter:  0.596) (n_accepted: 80%) (u_error:  0.639450 %) (beta_change: 20.298575 %) (delta_change:  0.281951 %) (delta_peak/R:  2.071759 %)
iter:   4200 (Jcost: 1.034987e-02) (lr = 2.875e-01) (elapsed time: 2836.449) (secs/iter:  0.599) (n_accepted: 82%) (u_error:  0.639448 %) (beta_change: 20.069071 %) (delta_change:  0.278675 %) (delta_peak/R:  2.070825 %)
iter:   4300 (Jcost: 1.034401e-02) (lr = 1.028e-01) (elapsed time: 2899.773) (secs/iter:  0.633) (n_accepted: 78%) (u_error:  0.639413 %) (beta_change: 19.819214 %) (delta_change:  0.275113 %) (delta_peak/R:  2.069684 %)
iter:   4400 (Jcost: 1.033748e-02) (lr = 1.533e-02) (elapsed time: 2965.026) (secs/iter:  0.653) (n_accepted: 77%) (u_error:  0.639471 %) (beta_change: 19.531779 %) (delta_change:  0.271010 %) (delta_peak/R:  2.068932 %)
iter:   4500 (Jcost: 1.033188e-02) (lr = 1.316e-02) (elapsed time: 3028.895) (secs/iter:  0.639) (n_accepted: 79%) (u_error:  0.639450 %) (beta_change: 19.297917 %) (delta_change:  0.267401 %) (delta_peak/R:  2.067902 %)
-> Saved file: /media/rafael/DATA/Dropbox/20220924_FIML_solver/data/output/field_inversion/Beta_e/u_imp_10/FI_run_Jimenez_Re2000_u_imp_10_k_imp_0_e_imp_1/FI_run_Jimenez_Re2000_u_imp_10_k_imp_0_e_imp_1_state_iter_4500.dat
iter:   4600 (Jcost: 1.032718e-02) (lr = 1.561e-01) (elapsed time: 3099.972) (secs/iter:  0.711) (n_accepted: 82%) (u_error:  0.639567 %) (beta_change: 19.099159 %) (delta_change:  0.264219 %) (delta_peak/R:  2.067744 %)
iter:   4700 (Jcost: 1.032252e-02) (lr = 3.216e-01) (elapsed time: 3161.756) (secs/iter:  0.618) (n_accepted: 80%) (u_error:  0.639441 %) (beta_change: 18.904436 %) (delta_change:  0.261127 %) (delta_peak/R:  2.066307 %)
iter:   4800 (Jcost: 1.031861e-02) (lr = 8.321e-03) (elapsed time: 3226.705) (secs/iter:  0.649) (n_accepted: 75%) (u_error:  0.639474 %) (beta_change: 18.734164 %) (delta_change:  0.258417 %) (delta_peak/R:  2.065831 %)
iter:   4900 (Jcost: 1.031427e-02) (lr = 5.688e-01) (elapsed time: 3287.959) (secs/iter:  0.613) (n_accepted: 84%) (u_error:  0.639501 %) (beta_change: 18.540354 %) (delta_change:  0.255338 %) (delta_peak/R:  2.065253 %)
iter:   5000 (Jcost: 1.031004e-02) (lr = 8.476e-02) (elapsed time: 3352.207) (secs/iter:  0.642) (n_accepted: 77%) (u_error:  0.639479 %) (beta_change: 18.347120 %) (delta_change:  0.252279 %) (delta_peak/R:  2.064423 %)
-> Saved file: /media/rafael/DATA/Dropbox/20220924_FIML_solver/data/output/field_inversion/Beta_e/u_imp_10/FI_run_Jimenez_Re2000_u_imp_10_k_imp_0_e_imp_1/FI_run_Jimenez_Re2000_u_imp_10_k_imp_0_e_imp_1_state_iter_5000.dat
iter:   5100 (Jcost: 1.030565e-02) (lr = 1.263e-02) (elapsed time: 3399.868) (secs/iter:  0.477) (n_accepted: 77%) (u_error:  0.639490 %) (beta_change: 18.140614 %) (delta_change:  0.249013 %) (delta_peak/R:  2.063735 %)
iter:   5200 (Jcost: 1.030131e-02) (lr = 1.084e-02) (elapsed time: 3438.977) (secs/iter:  0.391) (n_accepted: 79%) (u_error:  0.639560 %) (beta_change: 17.930187 %) (delta_change:  0.245687 %) (delta_peak/R:  2.063374 %)
iter:   5300 (Jcost: 1.029765e-02) (lr = 5.361e-02) (elapsed time: 3477.488) (secs/iter:  0.385) (n_accepted: 81%) (u_error:  0.639352 %) (beta_change: 17.739537 %) (delta_change:  0.242705 %) (delta_peak/R:  2.061586 %)
iter:   5400 (Jcost: 1.029497e-02) (lr = 7.990e-03) (elapsed time: 3515.197) (secs/iter:  0.377) (n_accepted: 77%) (u_error:  0.639516 %) (beta_change: 17.613972 %) (delta_change:  0.240717 %) (delta_peak/R:  2.062046 %)
iter:   5500 (Jcost: 1.029251e-02) (lr = 2.275e-01) (elapsed time: 3551.669) (secs/iter:  0.365) (n_accepted: 83%) (u_error:  0.639519 %) (beta_change: 17.487020 %) (delta_change:  0.238725 %) (delta_peak/R:  2.061638 %)
-> Saved file: /media/rafael/DATA/Dropbox/20220924_FIML_solver/data/output/field_inversion/Beta_e/u_imp_10/FI_run_Jimenez_Re2000_u_imp_10_k_imp_0_e_imp_1/FI_run_Jimenez_Re2000_u_imp_10_k_imp_0_e_imp_1_state_iter_5500.dat
iter:   5600 (Jcost: 1.028873e-02) (lr = 8.139e-02) (elapsed time: 3592.132) (secs/iter:  0.405) (n_accepted: 78%) (u_error:  0.639547 %) (beta_change: 17.287900 %) (delta_change:  0.235603 %) (delta_peak/R:  2.061128 %)
iter:   5700 (Jcost: 1.028575e-02) (lr = 1.213e-02) (elapsed time: 3631.367) (secs/iter:  0.392) (n_accepted: 77%) (u_error:  0.639534 %) (beta_change: 17.127221 %) (delta_change:  0.233092 %) (delta_peak/R:  2.060532 %)
iter:   5800 (Jcost: 1.028216e-02) (lr = 2.499e-02) (elapsed time: 3667.916) (secs/iter:  0.365) (n_accepted: 80%) (u_error:  0.639464 %) (beta_change: 16.926516 %) (delta_change:  0.229967 %) (delta_peak/R:  2.059510 %)
iter:   5900 (Jcost: 1.027921e-02) (lr = 7.116e-01) (elapsed time: 3704.968) (secs/iter:  0.371) (n_accepted: 83%) (u_error:  0.639463 %) (beta_change: 16.758647 %) (delta_change:  0.227354 %) (delta_peak/R:  2.058975 %)
iter:   6000 (Jcost: 1.027698e-02) (lr = 2.545e-01) (elapsed time: 3766.658) (secs/iter:  0.617) (n_accepted: 78%) (u_error:  0.639538 %) (beta_change: 16.633063 %) (delta_change:  0.225396 %) (delta_peak/R:  2.058993 %)
-> Saved file: /media/rafael/DATA/Dropbox/20220924_FIML_solver/data/output/field_inversion/Beta_e/u_imp_10/FI_run_Jimenez_Re2000_u_imp_10_k_imp_0_e_imp_1/FI_run_Jimenez_Re2000_u_imp_10_k_imp_0_e_imp_1_state_iter_6000.dat
iter:   6100 (Jcost: 1.027406e-02) (lr = 9.103e-02) (elapsed time: 3831.068) (secs/iter:  0.644) (n_accepted: 78%) (u_error:  0.639552 %) (beta_change: 16.460784 %) (delta_change:  0.222722 %) (delta_peak/R:  2.058540 %)
iter:   6200 (Jcost: 1.027138e-02) (lr = 3.256e-02) (elapsed time: 3894.530) (secs/iter:  0.635) (n_accepted: 78%) (u_error:  0.639537 %) (beta_change: 16.298465 %) (delta_change:  0.220210 %) (delta_peak/R:  2.057966 %)
iter:   6300 (Jcost: 1.026965e-02) (lr = 6.708e-02) (elapsed time: 3957.383) (secs/iter:  0.629) (n_accepted: 80%) (u_error:  0.639580 %) (beta_change: 16.192527 %) (delta_change:  0.218568 %) (delta_peak/R:  2.057885 %)
iter:   6400 (Jcost: 1.026688e-02) (lr = 2.399e-02) (elapsed time: 4015.609) (secs/iter:  0.582) (n_accepted: 78%) (u_error:  0.639572 %) (beta_change: 16.018772 %) (delta_change:  0.215888 %) (delta_peak/R:  2.057327 %)
iter:   6500 (Jcost: 1.026448e-02) (lr = 8.581e-03) (elapsed time: 4077.533) (secs/iter:  0.619) (n_accepted: 78%) (u_error:  0.639573 %) (beta_change: 15.864759 %) (delta_change:  0.213516 %) (delta_peak/R:  2.056884 %)
-> Saved file: /media/rafael/DATA/Dropbox/20220924_FIML_solver/data/output/field_inversion/Beta_e/u_imp_10/FI_run_Jimenez_Re2000_u_imp_10_k_imp_0_e_imp_1/FI_run_Jimenez_Re2000_u_imp_10_k_imp_0_e_imp_1_state_iter_6500.dat
iter:   6600 (Jcost: 1.026152e-02) (lr = 2.444e-01) (elapsed time: 4141.194) (secs/iter:  0.637) (n_accepted: 83%) (u_error:  0.639516 %) (beta_change: 15.668439 %) (delta_change:  0.210504 %) (delta_peak/R:  2.056017 %)
iter:   6700 (Jcost: 1.025950e-02) (lr = 2.098e-01) (elapsed time: 4199.718) (secs/iter:  0.585) (n_accepted: 79%) (u_error:  0.639579 %) (beta_change: 15.534827 %) (delta_change:  0.208450 %) (delta_peak/R:  2.055975 %)
iter:   6800 (Jcost: 1.025741e-02) (lr = 3.126e-02) (elapsed time: 4263.767) (secs/iter:  0.640) (n_accepted: 77%) (u_error:  0.639580 %) (beta_change: 15.391544 %) (delta_change:  0.206256 %) (delta_peak/R:  2.055581 %)
iter:   6900 (Jcost: 1.025533e-02) (lr = 2.684e-02) (elapsed time: 4325.814) (secs/iter:  0.620) (n_accepted: 79%) (u_error:  0.639586 %) (beta_change: 15.246494 %) (delta_change:  0.204040 %) (delta_peak/R:  2.055213 %)
iter:   7000 (Jcost: 1.025293e-02) (lr = 9.598e-03) (elapsed time: 4386.557) (secs/iter:  0.607) (n_accepted: 78%) (u_error:  0.639598 %) (beta_change: 15.075417 %) (delta_change:  0.201430 %) (delta_peak/R:  2.054811 %)
-> Saved file: /media/rafael/DATA/Dropbox/20220924_FIML_solver/data/output/field_inversion/Beta_e/u_imp_10/FI_run_Jimenez_Re2000_u_imp_10_k_imp_0_e_imp_1/FI_run_Jimenez_Re2000_u_imp_10_k_imp_0_e_imp_1_state_iter_7000.dat
iter:   7100 (Jcost: 1.025090e-02) (lr = 1.977e-02) (elapsed time: 4455.126) (secs/iter:  0.686) (n_accepted: 80%) (u_error:  0.639542 %) (beta_change: 14.924796 %) (delta_change:  0.199144 %) (delta_peak/R:  2.054103 %)
iter:   7200 (Jcost: 1.024877e-02) (lr = 5.631e-01) (elapsed time: 4512.987) (secs/iter:  0.579) (n_accepted: 83%) (u_error:  0.639613 %) (beta_change: 14.768526 %) (delta_change:  0.196764 %) (delta_peak/R:  2.054072 %)
iter:   7300 (Jcost: 1.024716e-02) (lr = 2.014e-01) (elapsed time: 4574.981) (secs/iter:  0.620) (n_accepted: 78%) (u_error:  0.639582 %) (beta_change: 14.645250 %) (delta_change:  0.194899 %) (delta_peak/R:  2.053584 %)
iter:   7400 (Jcost: 1.024556e-02) (lr = 7.204e-02) (elapsed time: 4634.915) (secs/iter:  0.599) (n_accepted: 78%) (u_error:  0.639609 %) (beta_change: 14.522353 %) (delta_change:  0.193037 %) (delta_peak/R:  2.053409 %)
iter:   7500 (Jcost: 1.024408e-02) (lr = 3.562e-01) (elapsed time: 4694.720) (secs/iter:  0.598) (n_accepted: 81%) (u_error:  0.639623 %) (beta_change: 14.405428 %) (delta_change:  0.191270 %) (delta_peak/R:  2.053180 %)
-> Saved file: /media/rafael/DATA/Dropbox/20220924_FIML_solver/data/output/field_inversion/Beta_e/u_imp_10/FI_run_Jimenez_Re2000_u_imp_10_k_imp_0_e_imp_1/FI_run_Jimenez_Re2000_u_imp_10_k_imp_0_e_imp_1_state_iter_7500.dat
iter:   7600 (Jcost: 1.024233e-02) (lr = 3.058e-01) (elapsed time: 4760.841) (secs/iter:  0.661) (n_accepted: 79%) (u_error:  0.639599 %) (beta_change: 14.265474 %) (delta_change:  0.189162 %) (delta_peak/R:  2.052691 %)
iter:   7700 (Jcost: 1.024060e-02) (lr = 1.094e-01) (elapsed time: 4819.607) (secs/iter:  0.588) (n_accepted: 78%) (u_error:  0.639646 %) (beta_change: 14.124296 %) (delta_change:  0.187033 %) (delta_peak/R:  2.052590 %)
iter:   7800 (Jcost: 1.023894e-02) (lr = 1.630e-02) (elapsed time: 4881.321) (secs/iter:  0.617) (n_accepted: 77%) (u_error:  0.639636 %) (beta_change: 13.986409 %) (delta_change:  0.184964 %) (delta_peak/R:  2.052191 %)
iter:   7900 (Jcost: 1.023738e-02) (lr = 1.399e-02) (elapsed time: 4921.945) (secs/iter:  0.406) (n_accepted: 79%) (u_error:  0.639638 %) (beta_change: 13.854283 %) (delta_change:  0.182983 %) (delta_peak/R:  2.051875 %)
iter:   8000 (Jcost: 1.023597e-02) (lr = 1.201e-02) (elapsed time: 4960.080) (secs/iter:  0.381) (n_accepted: 79%) (u_error:  0.639602 %) (beta_change: 13.731623 %) (delta_change:  0.181152 %) (delta_peak/R:  2.051378 %)
-> Saved file: /media/rafael/DATA/Dropbox/20220924_FIML_solver/data/output/field_inversion/Beta_e/u_imp_10/FI_run_Jimenez_Re2000_u_imp_10_k_imp_0_e_imp_1/FI_run_Jimenez_Re2000_u_imp_10_k_imp_0_e_imp_1_state_iter_8000.dat
iter:   8100 (Jcost: 1.023437e-02) (lr = 3.420e-01) (elapsed time: 4994.853) (secs/iter:  0.348) (n_accepted: 83%) (u_error:  0.639648 %) (beta_change: 13.592068 %) (delta_change:  0.179063 %) (delta_peak/R:  2.051287 %)
iter:   8200 (Jcost: 1.023292e-02) (lr = 1.223e-01) (elapsed time: 5030.338) (secs/iter:  0.355) (n_accepted: 78%) (u_error:  0.639651 %) (beta_change: 13.462151 %) (delta_change:  0.177127 %) (delta_peak/R:  2.050991 %)
iter:   8300 (Jcost: 1.023152e-02) (lr = 4.375e-02) (elapsed time: 5067.462) (secs/iter:  0.371) (n_accepted: 78%) (u_error:  0.639649 %) (beta_change: 13.334505 %) (delta_change:  0.175229 %) (delta_peak/R:  2.050672 %)
iter:   8400 (Jcost: 1.022989e-02) (lr = 1.565e-02) (elapsed time: 5119.655) (secs/iter:  0.522) (n_accepted: 78%) (u_error:  0.639649 %) (beta_change: 13.183788 %) (delta_change:  0.172992 %) (delta_peak/R:  2.050319 %)
iter:   8500 (Jcost: 1.022865e-02) (lr = 1.857e-01) (elapsed time: 5179.160) (secs/iter:  0.595) (n_accepted: 82%) (u_error:  0.639616 %) (beta_change: 13.064565 %) (delta_change:  0.171229 %) (delta_peak/R:  2.049858 %)
-> Saved file: /media/rafael/DATA/Dropbox/20220924_FIML_solver/data/output/field_inversion/Beta_e/u_imp_10/FI_run_Jimenez_Re2000_u_imp_10_k_imp_0_e_imp_1/FI_run_Jimenez_Re2000_u_imp_10_k_imp_0_e_imp_1_state_iter_8500.dat
iter:   8600 (Jcost: 1.022737e-02) (lr = 1.594e-01) (elapsed time: 5245.866) (secs/iter:  0.667) (n_accepted: 79%) (u_error:  0.639717 %) (beta_change: 12.941193 %) (delta_change:  0.169395 %) (delta_peak/R:  2.050120 %)
iter:   8700 (Jcost: 1.022610e-02) (lr = 3.284e-01) (elapsed time: 5301.837) (secs/iter:  0.560) (n_accepted: 80%) (u_error:  0.639673 %) (beta_change: 12.819314 %) (delta_change:  0.167601 %) (delta_peak/R:  2.049600 %)
iter:   8800 (Jcost: 1.022476e-02) (lr = 4.894e-02) (elapsed time: 5359.491) (secs/iter:  0.577) (n_accepted: 77%) (u_error:  0.639673 %) (beta_change: 12.686363 %) (delta_change:  0.165643 %) (delta_peak/R:  2.049294 %)
iter:   8900 (Jcost: 1.022350e-02) (lr = 7.293e-03) (elapsed time: 5421.296) (secs/iter:  0.618) (n_accepted: 77%) (u_error:  0.639676 %) (beta_change: 12.558279 %) (delta_change:  0.163760 %) (delta_peak/R:  2.049019 %)
iter:   9000 (Jcost: 1.022237e-02) (lr = 1.502e-02) (elapsed time: 5482.787) (secs/iter:  0.615) (n_accepted: 80%) (u_error:  0.639679 %) (beta_change: 12.441895 %) (delta_change:  0.162053 %) (delta_peak/R:  2.048776 %)
-> Saved file: /media/rafael/DATA/Dropbox/20220924_FIML_solver/data/output/field_inversion/Beta_e/u_imp_10/FI_run_Jimenez_Re2000_u_imp_10_k_imp_0_e_imp_1/FI_run_Jimenez_Re2000_u_imp_10_k_imp_0_e_imp_1_state_iter_9000.dat
iter:   9100 (Jcost: 1.022132e-02) (lr = 1.783e-01) (elapsed time: 5546.955) (secs/iter:  0.642) (n_accepted: 82%) (u_error:  0.639750 %) (beta_change: 12.328824 %) (delta_change:  0.160390 %) (delta_peak/R:  2.048906 %)
iter:   9200 (Jcost: 1.022023e-02) (lr = 3.673e-01) (elapsed time: 5586.050) (secs/iter:  0.391) (n_accepted: 80%) (u_error:  0.639688 %) (beta_change: 12.217109 %) (delta_change:  0.158764 %) (delta_peak/R:  2.048325 %)
iter:   9300 (Jcost: 1.021923e-02) (lr = 1.314e-01) (elapsed time: 5621.850) (secs/iter:  0.358) (n_accepted: 78%) (u_error:  0.639687 %) (beta_change: 12.108944 %) (delta_change:  0.157186 %) (delta_peak/R:  2.048083 %)
iter:   9400 (Jcost: 1.021795e-02) (lr = 1.958e-02) (elapsed time: 5681.403) (secs/iter:  0.596) (n_accepted: 77%) (u_error:  0.639680 %) (beta_change: 11.969474 %) (delta_change:  0.155156 %) (delta_peak/R:  2.047739 %)
iter:   9500 (Jcost: 1.021698e-02) (lr = 1.681e-02) (elapsed time: 5741.816) (secs/iter:  0.604) (n_accepted: 79%) (u_error:  0.639702 %) (beta_change: 11.861131 %) (delta_change:  0.153580 %) (delta_peak/R:  2.047624 %)
-> Saved file: /media/rafael/DATA/Dropbox/20220924_FIML_solver/data/output/field_inversion/Beta_e/u_imp_10/FI_run_Jimenez_Re2000_u_imp_10_k_imp_0_e_imp_1/FI_run_Jimenez_Re2000_u_imp_10_k_imp_0_e_imp_1_state_iter_9500.dat
iter:   9600 (Jcost: 1.021600e-02) (lr = 1.443e-02) (elapsed time: 5807.583) (secs/iter:  0.658) (n_accepted: 79%) (u_error:  0.639646 %) (beta_change: 11.749103 %) (delta_change:  0.151961 %) (delta_peak/R:  2.047081 %)
iter:   9700 (Jcost: 1.021499e-02) (lr = 9.860e-01) (elapsed time: 5862.996) (secs/iter:  0.554) (n_accepted: 84%) (u_error:  0.639707 %) (beta_change: 11.635459 %) (delta_change:  0.150310 %) (delta_peak/R:  2.047172 %)
iter:   9800 (Jcost: 1.021417e-02) (lr = 1.469e-01) (elapsed time: 5924.084) (secs/iter:  0.611) (n_accepted: 77%) (u_error:  0.639712 %) (beta_change: 11.540683 %) (delta_change:  0.148941 %) (delta_peak/R:  2.046998 %)
iter:   9900 (Jcost: 1.021318e-02) (lr = 9.124e-03) (elapsed time: 5982.849) (secs/iter:  0.588) (n_accepted: 76%) (u_error:  0.639706 %) (beta_change: 11.424341 %) (delta_change:  0.147263 %) (delta_peak/R:  2.046720 %)
iter:  10000 (Jcost: 1.021223e-02) (lr = 6.237e-01) (elapsed time: 6037.609) (secs/iter:  0.548) (n_accepted: 84%) (u_error:  0.639703 %) (beta_change: 11.310268 %) (delta_change:  0.145622 %) (delta_peak/R:  2.046468 %)
-> Saved file: /media/rafael/DATA/Dropbox/20220924_FIML_solver/data/output/field_inversion/Beta_e/u_imp_10/FI_run_Jimenez_Re2000_u_imp_10_k_imp_0_e_imp_1/FI_run_Jimenez_Re2000_u_imp_10_k_imp_0_e_imp_1_state_iter_10000.dat
iter:  10100 (Jcost: 1.021155e-02) (lr = 1.614e-02) (elapsed time: 6103.924) (secs/iter:  0.663) (n_accepted: 75%) (u_error:  0.639699 %) (beta_change: 11.228181 %) (delta_change:  0.144443 %) (delta_peak/R:  2.046273 %)
iter:  10200 (Jcost: 1.021062e-02) (lr = 1.385e-02) (elapsed time: 6162.878) (secs/iter:  0.590) (n_accepted: 79%) (u_error:  0.639672 %) (beta_change: 11.112030 %) (delta_change:  0.142780 %) (delta_peak/R:  2.045888 %)
iter:  10300 (Jcost: 1.020993e-02) (lr = 1.644e-01) (elapsed time: 6222.728) (secs/iter:  0.598) (n_accepted: 82%) (u_error:  0.639728 %) (beta_change: 11.028471 %) (delta_change:  0.141578 %) (delta_peak/R:  2.046021 %)
iter:  10400 (Jcost: 1.020905e-02) (lr = 5.879e-02) (elapsed time: 6280.565) (secs/iter:  0.578) (n_accepted: 78%) (u_error:  0.639718 %) (beta_change: 10.918316 %) (delta_change:  0.140004 %) (delta_peak/R:  2.045741 %)
iter:  10500 (Jcost: 1.020822e-02) (lr = 6.976e-01) (elapsed time: 6340.690) (secs/iter:  0.601) (n_accepted: 82%) (u_error:  0.639783 %) (beta_change: 10.810255 %) (delta_change:  0.138456 %) (delta_peak/R:  2.045876 %)
-> Saved file: /media/rafael/DATA/Dropbox/20220924_FIML_solver/data/output/field_inversion/Beta_e/u_imp_10/FI_run_Jimenez_Re2000_u_imp_10_k_imp_0_e_imp_1/FI_run_Jimenez_Re2000_u_imp_10_k_imp_0_e_imp_1_state_iter_10500.dat
iter:  10600 (Jcost: 1.020760e-02) (lr = 2.495e-01) (elapsed time: 6406.368) (secs/iter:  0.657) (n_accepted: 78%) (u_error:  0.639731 %) (beta_change: 10.733805 %) (delta_change:  0.137373 %) (delta_peak/R:  2.045442 %)
iter:  10700 (Jcost: 1.020682e-02) (lr = 6.455e-03) (elapsed time: 6458.165) (secs/iter:  0.518) (n_accepted: 75%) (u_error:  0.639735 %) (beta_change: 10.631638 %) (delta_change:  0.135920 %) (delta_peak/R:  2.045258 %)
iter:  10800 (Jcost: 1.020607e-02) (lr = 1.330e-02) (elapsed time: 6517.919) (secs/iter:  0.598) (n_accepted: 80%) (u_error:  0.639661 %) (beta_change: 10.526477 %) (delta_change:  0.134436 %) (delta_peak/R:  2.044648 %)
iter:  10900 (Jcost: 1.020550e-02) (lr = 1.142e-02) (elapsed time: 6575.434) (secs/iter:  0.575) (n_accepted: 79%) (u_error:  0.639733 %) (beta_change: 10.456572 %) (delta_change:  0.133438 %) (delta_peak/R:  2.044902 %)
iter:  11000 (Jcost: 1.020480e-02) (lr = 7.803e-01) (elapsed time: 6633.703) (secs/iter:  0.583) (n_accepted: 84%) (u_error:  0.639669 %) (beta_change: 10.357683 %) (delta_change:  0.132046 %) (delta_peak/R:  2.044362 %)
-> Saved file: /media/rafael/DATA/Dropbox/20220924_FIML_solver/data/output/field_inversion/Beta_e/u_imp_10/FI_run_Jimenez_Re2000_u_imp_10_k_imp_0_e_imp_1/FI_run_Jimenez_Re2000_u_imp_10_k_imp_0_e_imp_1_state_iter_11000.dat
iter:  11100 (Jcost: 1.020405e-02) (lr = 6.698e-01) (elapsed time: 6697.680) (secs/iter:  0.640) (n_accepted: 79%) (u_error:  0.639754 %) (beta_change: 10.260607 %) (delta_change:  0.130667 %) (delta_peak/R:  2.044633 %)
iter:  11200 (Jcost: 1.020347e-02) (lr = 2.396e-01) (elapsed time: 6756.086) (secs/iter:  0.584) (n_accepted: 78%) (u_error:  0.639749 %) (beta_change: 10.180560 %) (delta_change:  0.129539 %) (delta_peak/R:  2.044446 %)
iter:  11300 (Jcost: 1.020266e-02) (lr = 8.568e-02) (elapsed time: 6812.814) (secs/iter:  0.567) (n_accepted: 78%) (u_error:  0.639755 %) (beta_change: 10.068803 %) (delta_change:  0.127966 %) (delta_peak/R:  2.044263 %)
iter:  11400 (Jcost: 1.020191e-02) (lr = 3.065e-02) (elapsed time: 6868.583) (secs/iter:  0.558) (n_accepted: 78%) (u_error:  0.639764 %) (beta_change:  9.962450 %) (delta_change:  0.126472 %) (delta_peak/R:  2.044112 %)
iter:  11500 (Jcost: 1.020111e-02) (lr = 1.096e-02) (elapsed time: 6926.880) (secs/iter:  0.583) (n_accepted: 78%) (u_error:  0.639783 %) (beta_change:  9.847455 %) (delta_change:  0.124860 %) (delta_peak/R:  2.043993 %)
-> Saved file: /media/rafael/DATA/Dropbox/20220924_FIML_solver/data/output/field_inversion/Beta_e/u_imp_10/FI_run_Jimenez_Re2000_u_imp_10_k_imp_0_e_imp_1/FI_run_Jimenez_Re2000_u_imp_10_k_imp_0_e_imp_1_state_iter_11500.dat
iter:  11600 (Jcost: 1.020050e-02) (lr = 2.258e-02) (elapsed time: 6991.932) (secs/iter:  0.651) (n_accepted: 80%) (u_error:  0.639687 %) (beta_change:  9.753027 %) (delta_change:  0.123550 %) (delta_peak/R:  2.043296 %)
iter:  11700 (Jcost: 1.019988e-02) (lr = 6.431e-01) (elapsed time: 7048.847) (secs/iter:  0.569) (n_accepted: 83%) (u_error:  0.639758 %) (beta_change:  9.668921 %) (delta_change:  0.122369 %) (delta_peak/R:  2.043520 %)
iter:  11800 (Jcost: 1.019937e-02) (lr = 6.933e-03) (elapsed time: 7107.731) (secs/iter:  0.589) (n_accepted: 74%) (u_error:  0.639760 %) (beta_change:  9.594423 %) (delta_change:  0.121331 %) (delta_peak/R:  2.043396 %)
iter:  11900 (Jcost: 1.019880e-02) (lr = 1.975e-01) (elapsed time: 7165.282) (secs/iter:  0.576) (n_accepted: 83%) (u_error:  0.639711 %) (beta_change:  9.504939 %) (delta_change:  0.120092 %) (delta_peak/R:  2.042964 %)
iter:  12000 (Jcost: 1.019812e-02) (lr = 9.763e-01) (elapsed time: 7199.497) (secs/iter:  0.342) (n_accepted: 81%) (u_error:  0.639762 %) (beta_change:  9.406809 %) (delta_change:  0.118724 %) (delta_peak/R:  2.043057 %)
-> Saved file: /media/rafael/DATA/Dropbox/20220924_FIML_solver/data/output/field_inversion/Beta_e/u_imp_10/FI_run_Jimenez_Re2000_u_imp_10_k_imp_0_e_imp_1/FI_run_Jimenez_Re2000_u_imp_10_k_imp_0_e_imp_1_state_iter_12000.dat
iter:  12100 (Jcost: 1.019758e-02) (lr = 1.455e-01) (elapsed time: 7242.324) (secs/iter:  0.428) (n_accepted: 77%) (u_error:  0.639775 %) (beta_change:  9.324557 %) (delta_change:  0.117583 %) (delta_peak/R:  2.042976 %)
iter:  12200 (Jcost: 1.019704e-02) (lr = 5.204e-02) (elapsed time: 7278.814) (secs/iter:  0.365) (n_accepted: 78%) (u_error:  0.639766 %) (beta_change:  9.241343 %) (delta_change:  0.116434 %) (delta_peak/R:  2.042776 %)
iter:  12300 (Jcost: 1.019647e-02) (lr = 1.861e-02) (elapsed time: 7314.741) (secs/iter:  0.359) (n_accepted: 78%) (u_error:  0.639770 %) (beta_change:  9.152878 %) (delta_change:  0.115212 %) (delta_peak/R:  2.042637 %)
iter:  12400 (Jcost: 1.019584e-02) (lr = 6.657e-03) (elapsed time: 7348.418) (secs/iter:  0.337) (n_accepted: 78%) (u_error:  0.639782 %) (beta_change:  9.054774 %) (delta_change:  0.113859 %) (delta_peak/R:  2.042522 %)
iter:  12500 (Jcost: 1.019530e-02) (lr = 7.899e-02) (elapsed time: 7395.541) (secs/iter:  0.471) (n_accepted: 82%) (u_error:  0.639813 %) (beta_change:  8.968136 %) (delta_change:  0.112664 %) (delta_peak/R:  2.042535 %)
-> Saved file: /media/rafael/DATA/Dropbox/20220924_FIML_solver/data/output/field_inversion/Beta_e/u_imp_10/FI_run_Jimenez_Re2000_u_imp_10_k_imp_0_e_imp_1/FI_run_Jimenez_Re2000_u_imp_10_k_imp_0_e_imp_1_state_iter_12500.dat
iter:  12600 (Jcost: 1.019474e-02) (lr = 3.906e-01) (elapsed time: 7455.084) (secs/iter:  0.595) (n_accepted: 81%) (u_error:  0.639773 %) (beta_change:  8.879441 %) (delta_change:  0.111451 %) (delta_peak/R:  2.042161 %)
iter:  12700 (Jcost: 1.019417e-02) (lr = 5.821e-02) (elapsed time: 7511.734) (secs/iter:  0.566) (n_accepted: 77%) (u_error:  0.639789 %) (beta_change:  8.787348 %) (delta_change:  0.110188 %) (delta_peak/R:  2.042080 %)
iter:  12800 (Jcost: 1.019366e-02) (lr = 8.674e-03) (elapsed time: 7571.467) (secs/iter:  0.597) (n_accepted: 77%) (u_error:  0.639794 %) (beta_change:  8.703451 %) (delta_change:  0.109040 %) (delta_peak/R:  2.041959 %)
iter:  12900 (Jcost: 1.019334e-02) (lr = 4.289e-02) (elapsed time: 7625.252) (secs/iter:  0.538) (n_accepted: 81%) (u_error:  0.639795 %) (beta_change:  8.651311 %) (delta_change:  0.108328 %) (delta_peak/R:  2.041877 %)
iter:  13000 (Jcost: 1.019280e-02) (lr = 1.534e-02) (elapsed time: 7679.824) (secs/iter:  0.546) (n_accepted: 78%) (u_error:  0.639809 %) (beta_change:  8.562329 %) (delta_change:  0.107114 %) (delta_peak/R:  2.041791 %)
-> Saved file: /media/rafael/DATA/Dropbox/20220924_FIML_solver/data/output/field_inversion/Beta_e/u_imp_10/FI_run_Jimenez_Re2000_u_imp_10_k_imp_0_e_imp_1/FI_run_Jimenez_Re2000_u_imp_10_k_imp_0_e_imp_1_state_iter_13000.dat
iter:  13100 (Jcost: 1.019225e-02) (lr = 1.317e-02) (elapsed time: 7741.846) (secs/iter:  0.620) (n_accepted: 79%) (u_error:  0.639804 %) (beta_change:  8.470234 %) (delta_change:  0.105862 %) (delta_peak/R:  2.041606 %)
iter:  13200 (Jcost: 1.019173e-02) (lr = 3.750e-01) (elapsed time: 7799.249) (secs/iter:  0.574) (n_accepted: 83%) (u_error:  0.639762 %) (beta_change:  8.379962 %) (delta_change:  0.104641 %) (delta_peak/R:  2.041222 %)
iter:  13300 (Jcost: 1.019134e-02) (lr = 3.219e-01) (elapsed time: 7857.118) (secs/iter:  0.579) (n_accepted: 79%) (u_error:  0.639798 %) (beta_change:  8.315847 %) (delta_change:  0.103768 %) (delta_peak/R:  2.041309 %)
iter:  13400 (Jcost: 1.019090e-02) (lr = 1.151e-01) (elapsed time: 7914.472) (secs/iter:  0.574) (n_accepted: 78%) (u_error:  0.639818 %) (beta_change:  8.240865 %) (delta_change:  0.102751 %) (delta_peak/R:  2.041287 %)
iter:  13500 (Jcost: 1.019040e-02) (lr = 4.118e-02) (elapsed time: 7968.133) (secs/iter:  0.537) (n_accepted: 78%) (u_error:  0.639813 %) (beta_change:  8.152882 %) (delta_change:  0.101564 %) (delta_peak/R:  2.041108 %)
-> Saved file: /media/rafael/DATA/Dropbox/20220924_FIML_solver/data/output/field_inversion/Beta_e/u_imp_10/FI_run_Jimenez_Re2000_u_imp_10_k_imp_0_e_imp_1/FI_run_Jimenez_Re2000_u_imp_10_k_imp_0_e_imp_1_state_iter_13500.dat
iter:  13600 (Jcost: 1.018994e-02) (lr = 1.473e-02) (elapsed time: 8031.294) (secs/iter:  0.632) (n_accepted: 78%) (u_error:  0.639815 %) (beta_change:  8.073891 %) (delta_change:  0.100499 %) (delta_peak/R:  2.040984 %)
iter:  13700 (Jcost: 1.018938e-02) (lr = 3.034e-02) (elapsed time: 8086.841) (secs/iter:  0.555) (n_accepted: 80%) (u_error:  0.639861 %) (beta_change:  7.972490 %) (delta_change:  0.099130 %) (delta_peak/R:  2.041064 %)
iter:  13800 (Jcost: 1.018906e-02) (lr = 1.085e-02) (elapsed time: 8145.037) (secs/iter:  0.582) (n_accepted: 78%) (u_error:  0.639825 %) (beta_change:  7.918622 %) (delta_change:  0.098411 %) (delta_peak/R:  2.040778 %)
iter:  13900 (Jcost: 1.018878e-02) (lr = 2.236e-02) (elapsed time: 8202.974) (secs/iter:  0.579) (n_accepted: 80%) (u_error:  0.639831 %) (beta_change:  7.867071 %) (delta_change:  0.097719 %) (delta_peak/R:  2.040721 %)
iter:  14000 (Jcost: 1.018824e-02) (lr = 7.997e-03) (elapsed time: 8258.439) (secs/iter:  0.555) (n_accepted: 78%) (u_error:  0.639832 %) (beta_change:  7.771741 %) (delta_change:  0.096443 %) (delta_peak/R:  2.040569 %)
-> Saved file: /media/rafael/DATA/Dropbox/20220924_FIML_solver/data/output/field_inversion/Beta_e/u_imp_10/FI_run_Jimenez_Re2000_u_imp_10_k_imp_0_e_imp_1/FI_run_Jimenez_Re2000_u_imp_10_k_imp_0_e_imp_1_state_iter_14000.dat
iter:  14100 (Jcost: 1.018779e-02) (lr = 5.466e-01) (elapsed time: 8318.948) (secs/iter:  0.605) (n_accepted: 84%) (u_error:  0.639824 %) (beta_change:  7.688967 %) (delta_change:  0.095339 %) (delta_peak/R:  2.040388 %)
iter:  14200 (Jcost: 1.018738e-02) (lr = 4.692e-01) (elapsed time: 8373.808) (secs/iter:  0.549) (n_accepted: 79%) (u_error:  0.639830 %) (beta_change:  7.615074 %) (delta_change:  0.094353 %) (delta_peak/R:  2.040298 %)
iter:  14300 (Jcost: 1.018693e-02) (lr = 6.992e-02) (elapsed time: 8431.717) (secs/iter:  0.579) (n_accepted: 77%) (u_error:  0.639828 %) (beta_change:  7.531137 %) (delta_change:  0.093237 %) (delta_peak/R:  2.040149 %)
iter:  14400 (Jcost: 1.018654e-02) (lr = 1.042e-02) (elapsed time: 8490.725) (secs/iter:  0.590) (n_accepted: 77%) (u_error:  0.639834 %) (beta_change:  7.459542 %) (delta_change:  0.092286 %) (delta_peak/R:  2.040064 %)
iter:  14500 (Jcost: 1.018618e-02) (lr = 2.968e-01) (elapsed time: 8544.227) (secs/iter:  0.535) (n_accepted: 83%) (u_error:  0.639842 %) (beta_change:  7.390941 %) (delta_change:  0.091376 %) (delta_peak/R:  2.039996 %)
-> Saved file: /media/rafael/DATA/Dropbox/20220924_FIML_solver/data/output/field_inversion/Beta_e/u_imp_10/FI_run_Jimenez_Re2000_u_imp_10_k_imp_0_e_imp_1/FI_run_Jimenez_Re2000_u_imp_10_k_imp_0_e_imp_1_state_iter_14500.dat
iter:  14600 (Jcost: 1.018577e-02) (lr = 2.547e-01) (elapsed time: 8607.596) (secs/iter:  0.634) (n_accepted: 79%) (u_error:  0.639846 %) (beta_change:  7.314013 %) (delta_change:  0.090357 %) (delta_peak/R:  2.039898 %)
iter:  14700 (Jcost: 1.018535e-02) (lr = 9.111e-02) (elapsed time: 8662.496) (secs/iter:  0.549) (n_accepted: 78%) (u_error:  0.639844 %) (beta_change:  7.235281 %) (delta_change:  0.089318 %) (delta_peak/R:  2.039757 %)
iter:  14800 (Jcost: 1.018490e-02) (lr = 1.358e-02) (elapsed time: 8720.604) (secs/iter:  0.581) (n_accepted: 77%) (u_error:  0.639843 %) (beta_change:  7.147643 %) (delta_change:  0.088164 %) (delta_peak/R:  2.039609 %)
iter:  14900 (Jcost: 1.018457e-02) (lr = 1.611e-01) (elapsed time: 8760.411) (secs/iter:  0.398) (n_accepted: 82%) (u_error:  0.639853 %) (beta_change:  7.084745 %) (delta_change:  0.087335 %) (delta_peak/R:  2.039565 %)
iter:  15000 (Jcost: 1.018424e-02) (lr = 2.401e-02) (elapsed time: 8795.818) (secs/iter:  0.354) (n_accepted: 77%) (u_error:  0.639857 %) (beta_change:  7.019812 %) (delta_change:  0.086482 %) (delta_peak/R:  2.039483 %)
-> Saved file: /media/rafael/DATA/Dropbox/20220924_FIML_solver/data/output/field_inversion/Beta_e/u_imp_10/FI_run_Jimenez_Re2000_u_imp_10_k_imp_0_e_imp_1/FI_run_Jimenez_Re2000_u_imp_10_k_imp_0_e_imp_1_state_iter_15000.dat
iter:  15000 (Jcost: 1.018423e-02) (lr = 2.881e-02) (elapsed time: 8798.430) (secs/iter:   None) (n_accepted: 0%) (u_error:  0.639856 %) (beta_change:  7.019657 %) (delta_change:  0.086481 %) (delta_peak/R:  2.039478 %)
