# ------------------------------------------------------------------------
#                  Input Arguments
# ------------------------------------------------------------------------
# Begin_Input_Arguments
{ 'all_b_mode': ['Beta_e'],
  'args_mk_solver': { 'torch': "<module 'torch' from "
                               "'/home/rafael/anaconda3/lib/python3.9/site-packages/torch/__init__.py'>",
                      'y_grid': [0.0, 0.000309700312, 0.000638645973, 0.00098802599, 0.00135910194, 0.00175321227, 0.00217177688, 0.00261630193, 0.00308838486, 0.00358971984, 0.00412210331, 0.00468744001, 0.00528774917, 0.00592517114, 0.00660197432, 0.0073205624, 0.00808348206, 0.00889343092, 0.00975326602, 0.0106660126, 0.0116348733, 0.0126632377, 0.0137546927, 0.0149130326, 0.0161422702, 0.0174466482, 0.0188306506, 0.0202990157, 0.0218567475, 0.02350913, 0.0252617393, 0.0271204584, 0.0290914903, 0.0311813732, 0.033396994, 0.0357456039, 0.0382348325, 0.0408727029, 0.0436676462, 0.0466285159, 0.0497646022, 0.0530856456, 0.0566018496, 0.0603238931, 0.0642629411, 0.068430655, 0.0728392004, 0.0775012535, 0.0824300053, 0.0876391634, 0.0931429507, 0.0989561006, 0.105093849, 0.111571922, 0.118406518, 0.125614286, 0.133212296, 0.141218006, 0.14964922, 0.158524039, 0.167860801, 0.177678022, 0.187994313, 0.1988283, 0.21019853, 0.222123362, 0.234620856, 0.247708641, 0.261403784, 0.275722637, 0.290680679, 0.306292354, 0.322570888, 0.339528108, 0.357174255, 0.375517785, 0.394565175, 0.414320726, 0.43478637, 0.45596148, 0.47784269, 0.500423731, 0.523695275, 0.547644806, 0.572256506, 0.597511177, 0.623386184, 0.649855436, 0.676889401, 0.704455158, 0.73251649, 0.761034018, 0.789965372, 0.819265404, 0.848886442, 0.878778572, 0.908889961, 0.939167201, 0.969555687, 1.0],
                      'Ret': 663.05244,
                      'cp': 417.73912,
                      'A_sca_rho': 1.0,
                      'A_sca_mu': 0.0015081763367012116,
                      'A_sca_k': 0.900034650997697,
                      'b_exp_rho': -1.0,
                      'b_exp_mu': 0.75,
                      'b_exp_k': 0.75,
                      'tensor_device': 'cpu',
                      'as_tensor': '<function '
                                   'Build_arguments_fi_run._mk_args_MK_solver.<locals>.<lambda> '
                                   'at 0x7f2617828790>',
                      'ref_dns': { 'u_dns': [0.0, 0.208862931, 0.428470115, 0.65928105, 0.901773452, 1.15644633, 1.42382418, 1.70446248, 1.9989551, 2.3079438, 2.63213067, 2.97223917, 3.32862592, 3.70135593, 4.09031381, 4.49515894, 4.91538815, 5.35043716, 5.79949066, 6.26141911, 6.73488422, 7.21828803, 7.70964308, 8.20684825, 8.70768842, 9.20969089, 9.71043149, 10.2074043, 10.6981765, 11.1804574, 11.6521094, 12.1112676, 12.5562932, 12.9858982, 13.3990494, 13.7950528, 14.1735136, 14.5342692, 14.8774158, 15.2032588, 15.5122646, 15.8050475, 16.0823432, 16.3450068, 16.5939999, 16.8303723, 17.0552118, 17.2695924, 17.4745607, 17.6711935, 17.8606128, 18.0438995, 18.2220415, 18.3959727, 18.5664989, 18.7342864, 18.9, 19.0643344, 19.2280205, 19.3915807, 19.5551076, 19.7185646, 19.8822982, 20.046479, 20.2107595, 20.3751255, 20.5398576, 20.705067, 20.870726, 21.0368772, 21.2032751, 21.3695886, 21.5353611, 21.7001198, 21.8637116, 22.0270485, 22.1910433, 22.3555208, 22.52039, 22.685588, 22.8510887, 23.0171194, 23.1837855, 23.3506486, 23.5162512, 23.6790835, 23.8379476, 23.9921661, 24.1411192, 24.2839095, 24.419862, 24.5477503, 24.664757, 24.7685237, 24.8581844, 24.9334041, 24.9937445, 25.0378657, 25.0644175, 25.0731294],
                                   'T_dns': [1.0, 1.0079142974661532, 1.0160928078473777, 1.0245343549471515, 1.0332379703772367, 1.0422034831722113, 1.051432341203763, 1.0609287402846912, 1.0707010305513334, 1.080763694003286, 1.0911397594391739, 1.1018582660292449, 1.1129150377715373, 1.1242824301745327, 1.1359236070512129, 1.147791055092307, 1.1598362603340728, 1.1720243243672348, 1.184320981506768, 1.1966911393244897, 1.2090890648719084, 1.2214589722481484, 1.2337425512568532, 1.2458822479044716, 1.2578240096314484, 1.269517463973953, 1.2809103906223183, 1.2919572964194521, 1.3026155590046715, 1.3128509902730812, 1.3226346229785113, 1.3319464699436667, 1.3407714549383418, 1.3491045528880883, 1.3569449178960564, 1.3642997419426646, 1.3711812488681556, 1.3776054092102834, 1.3835922804236362, 1.3891644067910889, 1.3943460427410912, 1.3991620921626042, 1.4036382165605954, 1.4078003188369925, 1.411674449967878, 1.4152864081977978, 1.4186608365481357, 1.4218204348109251, 1.4247859051711762, 1.4275763346990993, 1.4302097548154478, 1.4327024946634062, 1.4350684565440683, 1.4373193587855688, 1.439464970643569, 1.4415133679953753, 1.4434717910749644, 1.4453483477672797, 1.4471519071371446, 1.4488887725100699, 1.4505632684767211, 1.4521797754290229, 1.4537414380528786, 1.4552498040014845, 1.456704792448155, 1.458108558462613, 1.4594637562463357, 1.4607688256621674, 1.4620257159179857, 1.4632366028316302, 1.464400504494074, 1.4655173342849186, 1.4665910636566135, 1.4676173775492969, 1.468598810498168, 1.4695422021783973, 1.4704481961420046, 1.4713184302348665, 1.4721547387322584, 1.4729575940601898, 1.4737244693577078, 1.4744576593465566, 1.4751566739908677, 1.4758173500736653, 1.4764386124499929, 1.4770204486422431, 1.477564425991797, 1.478069413011917, 1.4785324458495468, 1.4789512235389672, 1.4793279791586718, 1.4796625389138507, 1.4799530332032347, 1.48020043067447, 1.4804065494962617, 1.4805714341163603, 1.480698377337428, 1.480788742050133, 1.4808433360337119, 1.4808617194372469],
                                   'mu_dns': [0.0015081763367012116, 0.0015171196266816503, 0.0015263430566614764, 0.0015358436866406955, 0.0015456187966193147, 0.001555666546597338, 0.0015659868865747645, 0.0015765827965515883, 0.0015874618165277932, 0.0015986381865033472, 0.0016101354364781997, 0.0016219834664522848, 0.001634175256425618, 0.0016466780263982713, 0.001659449216370337, 0.0016724350063419336, 0.0016855810263131797, 0.0016988482662841607, 0.0017121988062549598, 0.00172559422622566, 0.001738985026196371, 0.0017523113961672224, 0.0017655114161383505, 0.001778524576109887, 0.0017912946660819558, 0.0018037698860546689, 0.0018158968860281437, 0.0018276298460024806, 0.0018389262759777724, 0.0018497528259540917, 0.0018600817759314996, 0.0018698949159100355, 0.0018791791658897285, 0.0018879319158705836, 0.0018961547858525982, 0.0019038576358357498, 0.0019110553758200065, 0.0019177666058053271, 0.0019240139657916626, 0.0019298224657789578, 0.0019352186857671547, 0.0019402296857561946, 0.0019448831357460163, 0.001949206795736559, 0.0019532284357277625, 0.0019569754357195673, 0.001960473865711915, 0.001963747685704754, 0.0019668187056980373, 0.0019697069956917195, 0.0019724314756857605, 0.0019750092556801223, 0.0019774548956747726, 0.0019797806656696856, 0.0019819967956648385, 0.001984111745660212, 0.0019861330956557916, 0.0019880693056515564, 0.001989929605647487, 0.00199172056564357, 0.0019934467056397943, 0.001995112595636151, 0.0019967215256326315, 0.001998275135629234, 0.0019997733856259563, 0.0020012185356227956, 0.002002613355619745, 0.0020039562756168075, 0.002005249335613979, 0.002006494805611255, 0.002007691705608637, 0.0020088399756061255, 0.002009943725603711, 0.002010998545601404, 0.0020120070655991976, 0.002012976335597078, 0.002013907035595042, 0.0020148008655930874, 0.0020156597255912086, 0.0020164841155894055, 0.0020172714555876836, 0.0020180241155860375, 0.0020187416055844677, 0.0020194196655829847, 0.00202005720558159, 0.0020206542255802843, 0.0020212123455790637, 0.00202173041557793, 0.0020222054055768915, 0.0020226349655759522, 0.0020230213955751064, 0.0020233645255743563, 0.0020236624455737045, 0.0020239161555731496, 0.0020241275255726875, 0.002024296605572317, 0.002024426775572033, 0.0020245194355718306, 0.0020245754155717075, 0.0020245942655716664],
                                   'rho_dns': [1.0, 0.9921478468099427, 0.984162068933968, 0.9760531651977478, 0.9678312534670968, 0.9595055247332754, 0.9510835465219958, 0.9425703744547994, 0.933967532920999, 0.9252716440685317, 0.9164728820018271, 0.9075577420712099, 0.8985411878361941, 0.8894562195059482, 0.8803408907012135, 0.8712387115785448, 0.8621906679413226, 0.8532246125010169, 0.8443656876936664, 0.835637506737521, 0.8270689306961357, 0.8186930733821182, 0.8105418743815457, 0.8026440714457274, 0.79502378102403, 0.787700861451495, 0.7806947365882163, 0.7740193911760191, 0.767686208787572, 0.7617010669215353, 0.7560667040063164, 0.7507809229317556, 0.7458392676222265, 0.7412323958578714, 0.7369495893396324, 0.7329767566884328, 0.7292981878401941, 0.7258972658747421, 0.7227562730357344, 0.7198571998471784, 0.7171820834619637, 0.7147134743011495, 0.7124342926842999, 0.7103280107409812, 0.7083786208801574, 0.7065707649050226, 0.704890114844634, 0.7033236937074834, 0.7018598347797793, 0.7004879358768421, 0.6991981397365302, 0.6979816142743134, 0.6968308692452204, 0.6957396029542995, 0.6947025599052341, 0.6937153842635806, 0.6927741894112752, 0.6918747314754694, 0.6910124604529381, 0.6901841045172775, 0.6893873722930605, 0.6886199745514059, 0.6878802335987522, 0.6871672459603231, 0.6864808883613188, 0.6858199920686089, 0.6851831679410441, 0.6845710165992209, 0.6839824971013686, 0.6834164741811525, 0.6828732965681976, 0.6823528979191078, 0.681853329657366, 0.6813765054144095, 0.6809211561738817, 0.6804840300044704, 0.680064760270839, 0.6796625254265115, 0.6792764195842259, 0.6789061708446827, 0.6785528915291942, 0.6782154737784573, 0.677894096018028, 0.6775906245783634, 0.6773055049952984, 0.6770386970060258, 0.6767894397083648, 0.6765582124876415, 0.6763463343717236, 0.6761548211218963, 0.6759826178429501, 0.675829774493076, 0.6756971184657012, 0.6755841839232128, 0.6754901215076833, 0.6754148951933707, 0.6753569905291492, 0.6753157770604826, 0.6752908803158059, 0.6752824972611334]},
                      'case': 'Supersonic_M1.7R400',
                      'constant_Sq_heat': 0.0,
                      'use_visc_heating': True,
                      'Pr_turb': 1.0,
                      'fprint': '<function '
                                'Build_arguments_fi_run._mk_args_MK_solver.<locals>.<lambda> '
                                'at 0x7f2617828280>',
                      'compressible_correction': False,
                      'bool_solve_energy': False,
                      'output_last': False},
  'u_imp': 0.1,
  'k_imp': 0,
  'e_imp': 1,
  'solve_sparse_adj': True,
  'all_ref_beta_distrib': {'K': [1.0, 1.0, 1.0, 1.0, 1.0, 1.0, 1.0, 1.0, 1.0, 1.0, 1.0, 1.0, 1.0, 1.0, 1.0, 1.0, 1.0, 1.0, 1.0, 1.0, 1.0, 1.0, 1.0, 1.0, 1.0, 1.0, 1.0, 1.0, 1.0, 1.0, 1.0, 1.0, 1.0, 1.0, 1.0, 1.0, 1.0, 1.0, 1.0, 1.0, 1.0, 1.0, 1.0, 1.0, 1.0, 1.0, 1.0, 1.0, 1.0, 1.0, 1.0, 1.0, 1.0, 1.0, 1.0, 1.0, 1.0, 1.0, 1.0, 1.0, 1.0, 1.0, 1.0, 1.0, 1.0, 1.0, 1.0, 1.0, 1.0, 1.0, 1.0, 1.0, 1.0, 1.0, 1.0, 1.0, 1.0, 1.0, 1.0, 1.0, 1.0, 1.0, 1.0, 1.0, 1.0, 1.0, 1.0, 1.0, 1.0, 1.0, 1.0, 1.0, 1.0, 1.0, 1.0, 1.0, 1.0, 1.0, 1.0, 1.0], 'E': [1.0, 0.99998951, 0.9999827, 0.99997436, 0.9999641, 0.99995147, 0.9999359, 0.99991672, 0.99989312, 0.99986414, 0.99982872, 0.99978582, 0.99973454, 0.9996746, 0.99960656, 0.99953137, 0.99944771, 0.99934828, 0.99921932, 0.99904771, 0.99882859, 0.99856144, 0.99824371, 0.9978692, 0.99742729, 0.99690571, 0.99629305, 0.99557828, 0.99474983, 0.99379534, 0.99270179, 0.99145548, 0.99004243, 0.98844846, 0.98665963, 0.98466261, 0.9824454, 0.97999771, 0.97731198, 0.97438434, 0.97121509, 0.9678107, 0.96418383, 0.9603556, 0.95635601, 0.95222592, 0.9480181, 0.94379957, 0.93965261, 0.935679, 0.93200069, 0.92876701, 0.92615795, 0.92439252, 0.92374014, 0.92453271, 0.92718508, 0.93222382, 0.94032936, 0.9524031, 0.9696358, 0.9933883, 1.02455261, 1.06246829, 1.10427923, 1.14551655, 1.18156356, 1.20898155, 1.22604757, 1.23257902, 1.2294277, 1.21796666, 1.19972542, 1.17617802, 1.14865242, 1.11831835, 1.08620846, 1.0532502, 1.02029476, 0.98814204, 0.95755513, 0.92926053, 0.90393627, 0.88218004, 0.8644686, 0.85111101, 0.84221455, 0.83766341, 0.83711719, 0.84002981, 0.84569048, 0.85328624, 0.86197989, 0.87099702, 0.87970295, 0.88763243, 0.894444, 0.89983281, 0.90347764, 0.9525839]},
  'all_ref_delta_distrib': {'K': [-0.0, -0.0, -0.0, -0.0, -0.0, -0.0, -0.0, -0.0, -0.0, -0.0, -0.0, -0.0, -0.0, -0.0, -0.0, -0.0, -0.0, -0.0, -0.0, -0.0, -0.0, -0.0, -0.0, -0.0, -0.0, -0.0, -0.0, -0.0, -0.0, -0.0, -0.0, -0.0, -0.0, -0.0, -0.0, -0.0, -0.0, -0.0, -0.0, -0.0, -0.0, -0.0, -0.0, -0.0, -0.0, -0.0, -0.0, -0.0, -0.0, -0.0, -0.0, -0.0, -0.0, -0.0, -0.0, -0.0, -0.0, -0.0, -0.0, -0.0, -0.0, -0.0, -0.0, -0.0, -0.0, -0.0, -0.0, -0.0, -0.0, -0.0, -0.0, -0.0, -0.0, -0.0, -0.0, -0.0, -0.0, -0.0, -0.0, -0.0, -0.0, -0.0, -0.0, -0.0, -0.0, -0.0, -0.0, -0.0, -0.0, -0.0, -0.0, -0.0, -0.0, -0.0, -0.0, -0.0, -0.0, -0.0, -0.0, -0.0], 'E': [-0.0, 0.01689580935424345, 0.03733314052438751, 0.062458358080267666, 0.09384256272292779, 0.1334748955971575, 0.18399827722477136, 0.24877272730169847, 0.3321394954056952, 0.43968034067119155, 0.5784284772011103, 0.7571036154672084, 0.9867275311402957, 1.2806128259888236, 1.6551429621008895, 2.1298589465687763, 2.7286167341216223, 3.4801359197443613, 4.418326648099909, 5.57738196700837, 6.980003709877927, 8.630826702581288, 10.513778139924108, 12.60562102256991, 14.890969873135674, 17.347780216593492, 19.935196128572173, 22.600496224301587, 25.289237420558475, 27.950027896363963, 30.536524176453447, 33.009068157352125, 35.33442600327504, 37.48591025414517, 39.44230250418744, 41.18715603086569, 42.70760432381357, 43.99379643488172, 45.03785634271404, 45.833251730647504, 46.374793793622715, 46.657613990371345, 46.67794642812498, 46.432291728908886, 45.918152762926866, 45.13377672078144, 44.07866940779707, 42.753549499370216, 41.161083637461736, 39.305454150180566, 37.19352987214181, 34.83404834359072, 32.238501289413676, 29.420841636899503, 26.397161012366116, 23.185715779584253, 19.805948377738158, 16.27708852497329, 12.615817216386047, 8.832315677209323, 4.930540473676465, 0.936836946913543, -3.0285663236347387, -6.696842149566397, -9.709400119879701, -11.773716544166012, -12.787489166967621, -12.848501903211373, -12.17755422378445, -11.027125768642355, -9.619846644151705, -8.123261183404459, -6.649479106146356, -5.265762566794011, -4.007441852458116, -2.889367890994526, -1.9143606575089538, -1.0788041538688802, -0.37609175184427496, 0.2013843473643699, 0.661303492338968, 1.0112208979621502, 1.2588040058511603, 1.4124095715846683, 1.481665123105302, 1.4779164424212663, 1.4142434665385737, 1.3050970162635294, 1.1655194425371411, 1.0101151078049093, 0.8519626302635195, 0.7016738437757096, 0.5667897267050532, 0.45165584334416, 0.3577914598605671, 0.28465345406098175, 0.23056373398568453, 0.19350394874250065, 0.171647920064846, 0.08177542176625936]},
  'fname_print': '/media/rafael/DATA/Dropbox/20220924_FIML_solver/data/output/field_inversion/Beta_e/u_imp_0.1/FI_run_Supersonic_M1.7R400_u_imp_0.1_k_imp_0_e_imp_1/FI_run_Supersonic_M1.7R400_u_imp_0.1_k_imp_0_e_imp_1.log',
  'folder': '/media/rafael/DATA/Dropbox/20220924_FIML_solver/data/output/field_inversion/Beta_e/u_imp_0.1/FI_run_Supersonic_M1.7R400_u_imp_0.1_k_imp_0_e_imp_1',
  'iters_limit': 15000}
# End_Input_Arguments

# ------------------------------------------------------------------------
#                  Iterations
# ------------------------------------------------------------------------

iter:      0 (Jcost: 5.567384e-03) (lr = 1.000e-03) (elapsed time:  0.001) (secs/iter:   None) (n_accepted: 0%) (u_error:  4.522859 %) (beta_change: 23.257902 %) (delta_change:  0.605878 %) (delta_peak/R:  0.000000 %)
-> Saved file: /media/rafael/DATA/Dropbox/20220924_FIML_solver/data/output/field_inversion/Beta_e/u_imp_0.1/FI_run_Supersonic_M1.7R400_u_imp_0.1_k_imp_0_e_imp_1/FI_run_Supersonic_M1.7R400_u_imp_0.1_k_imp_0_e_imp_1_state_iter_0.dat
iter:    100 (Jcost: 2.619673e-03) (lr = 1.890e+00) (elapsed time: 113.893) (secs/iter:  1.139) (n_accepted: 88%) (u_error:  3.438313 %) (beta_change: 20.740995 %) (delta_change:  0.222441 %) (delta_peak/R:  0.550086 %)
iter:    200 (Jcost: 2.581598e-03) (lr = 1.622e+00) (elapsed time: 217.541) (secs/iter:  1.036) (n_accepted: 79%) (u_error:  3.375445 %) (beta_change: 18.255762 %) (delta_change:  0.161099 %) (delta_peak/R:  0.550552 %)
iter:    300 (Jcost: 2.567497e-03) (lr = 1.392e+00) (elapsed time: 317.278) (secs/iter:  0.997) (n_accepted: 79%) (u_error:  3.369060 %) (beta_change: 16.674086 %) (delta_change:  0.130117 %) (delta_peak/R:  0.548076 %)
iter:    400 (Jcost: 2.557084e-03) (lr = 2.869e+00) (elapsed time: 414.432) (secs/iter:  0.972) (n_accepted: 80%) (u_error:  3.360919 %) (beta_change: 15.394797 %) (delta_change:  0.109307 %) (delta_peak/R:  0.547614 %)
iter:    500 (Jcost: 2.548933e-03) (lr = 5.910e+00) (elapsed time: 508.481) (secs/iter:  0.940) (n_accepted: 80%) (u_error:  3.354436 %) (beta_change: 14.340051 %) (delta_change:  0.095643 %) (delta_peak/R:  0.547890 %)
-> Saved file: /media/rafael/DATA/Dropbox/20220924_FIML_solver/data/output/field_inversion/Beta_e/u_imp_0.1/FI_run_Supersonic_M1.7R400_u_imp_0.1_k_imp_0_e_imp_1/FI_run_Supersonic_M1.7R400_u_imp_0.1_k_imp_0_e_imp_1_state_iter_500.dat
iter:    600 (Jcost: 2.542761e-03) (lr = 8.807e-01) (elapsed time: 610.103) (secs/iter:  1.016) (n_accepted: 77%) (u_error:  3.354858 %) (beta_change: 13.512823 %) (delta_change:  0.086915 %) (delta_peak/R:  0.547704 %)
iter:    700 (Jcost: 2.536487e-03) (lr = 7.560e-01) (elapsed time: 703.730) (secs/iter:  0.936) (n_accepted: 79%) (u_error:  3.349686 %) (beta_change: 12.596901 %) (delta_change:  0.078088 %) (delta_peak/R:  0.548350 %)
iter:    800 (Jcost: 2.531071e-03) (lr = 1.558e+00) (elapsed time: 794.325) (secs/iter:  0.906) (n_accepted: 80%) (u_error:  3.350375 %) (beta_change: 11.753998 %) (delta_change:  0.070812 %) (delta_peak/R:  0.548342 %)
iter:    900 (Jcost: 2.526329e-03) (lr = 3.209e+00) (elapsed time: 888.519) (secs/iter:  0.942) (n_accepted: 80%) (u_error:  3.348928 %) (beta_change: 10.951582 %) (delta_change:  0.064965 %) (delta_peak/R:  0.548646 %)
iter:   1000 (Jcost: 2.522126e-03) (lr = 2.754e+00) (elapsed time: 982.698) (secs/iter:  0.942) (n_accepted: 79%) (u_error:  3.344068 %) (beta_change: 10.197785 %) (delta_change:  0.060041 %) (delta_peak/R:  0.549352 %)
-> Saved file: /media/rafael/DATA/Dropbox/20220924_FIML_solver/data/output/field_inversion/Beta_e/u_imp_0.1/FI_run_Supersonic_M1.7R400_u_imp_0.1_k_imp_0_e_imp_1/FI_run_Supersonic_M1.7R400_u_imp_0.1_k_imp_0_e_imp_1_state_iter_1000.dat
iter:   1100 (Jcost: 2.518174e-03) (lr = 9.852e-01) (elapsed time: 1082.947) (secs/iter:  1.002) (n_accepted: 78%) (u_error:  3.339887 %) (beta_change:  9.426059 %) (delta_change:  0.055911 %) (delta_peak/R:  0.549967 %)
iter:   1200 (Jcost: 2.514506e-03) (lr = 1.169e+01) (elapsed time: 1173.829) (secs/iter:  0.909) (n_accepted: 82%) (u_error:  3.338416 %) (beta_change:  8.664121 %) (delta_change:  0.055620 %) (delta_peak/R:  0.550258 %)
iter:   1300 (Jcost: 2.511508e-03) (lr = 1.742e+00) (elapsed time: 1248.852) (secs/iter:  0.750) (n_accepted: 77%) (u_error:  3.338045 %) (beta_change:  7.996707 %) (delta_change:  0.055493 %) (delta_peak/R:  0.550385 %)
iter:   1400 (Jcost: 2.508703e-03) (lr = 3.589e+00) (elapsed time: 1315.788) (secs/iter:  0.669) (n_accepted: 80%) (u_error:  3.335597 %) (beta_change:  7.332182 %) (delta_change:  0.055182 %) (delta_peak/R:  0.550707 %)
iter:   1500 (Jcost: 2.505933e-03) (lr = 3.081e+00) (elapsed time: 1407.564) (secs/iter:  0.918) (n_accepted: 79%) (u_error:  3.333375 %) (beta_change:  6.633027 %) (delta_change:  0.054956 %) (delta_peak/R:  0.550976 %)
-> Saved file: /media/rafael/DATA/Dropbox/20220924_FIML_solver/data/output/field_inversion/Beta_e/u_imp_0.1/FI_run_Supersonic_M1.7R400_u_imp_0.1_k_imp_0_e_imp_1/FI_run_Supersonic_M1.7R400_u_imp_0.1_k_imp_0_e_imp_1_state_iter_1500.dat
iter:   1600 (Jcost: 2.503505e-03) (lr = 6.347e+00) (elapsed time: 1494.521) (secs/iter:  0.870) (n_accepted: 80%) (u_error:  3.331826 %) (beta_change:  5.981545 %) (delta_change:  0.054838 %) (delta_peak/R:  0.551139 %)
iter:   1700 (Jcost: 2.501386e-03) (lr = 5.448e+00) (elapsed time: 1570.258) (secs/iter:  0.757) (n_accepted: 79%) (u_error:  3.329112 %) (beta_change:  5.385803 %) (delta_change:  0.054593 %) (delta_peak/R:  0.551403 %)
iter:   1800 (Jcost: 2.499404e-03) (lr = 1.949e+00) (elapsed time: 1638.308) (secs/iter:  0.680) (n_accepted: 78%) (u_error:  3.329894 %) (beta_change:  4.794807 %) (delta_change:  0.054804 %) (delta_peak/R:  0.551265 %)
iter:   1900 (Jcost: 2.497537e-03) (lr = 4.015e+00) (elapsed time: 1713.689) (secs/iter:  0.754) (n_accepted: 80%) (u_error:  3.328728 %) (beta_change:  4.204280 %) (delta_change:  0.054792 %) (delta_peak/R:  0.551314 %)
iter:   2000 (Jcost: 2.495915e-03) (lr = 1.436e+00) (elapsed time: 1783.426) (secs/iter:  0.697) (n_accepted: 78%) (u_error:  3.325498 %) (beta_change:  3.671566 %) (delta_change:  0.054526 %) (delta_peak/R:  0.551577 %)
-> Saved file: /media/rafael/DATA/Dropbox/20220924_FIML_solver/data/output/field_inversion/Beta_e/u_imp_0.1/FI_run_Supersonic_M1.7R400_u_imp_0.1_k_imp_0_e_imp_1/FI_run_Supersonic_M1.7R400_u_imp_0.1_k_imp_0_e_imp_1_state_iter_2000.dat
iter:   2100 (Jcost: 2.494316e-03) (lr = 7.100e+00) (elapsed time: 1881.906) (secs/iter:  0.985) (n_accepted: 81%) (u_error:  3.325611 %) (beta_change:  3.105789 %) (delta_change:  0.054702 %) (delta_peak/R:  0.551452 %)
iter:   2200 (Jcost: 2.492996e-03) (lr = 6.094e+00) (elapsed time: 1966.925) (secs/iter:  0.850) (n_accepted: 79%) (u_error:  3.322864 %) (beta_change:  2.630619 %) (delta_change:  0.054510 %) (delta_peak/R:  0.551640 %)
iter:   2300 (Jcost: 2.491635e-03) (lr = 5.231e+00) (elapsed time: 2050.515) (secs/iter:  0.836) (n_accepted: 79%) (u_error:  3.323276 %) (beta_change:  2.110348 %) (delta_change:  0.054741 %) (delta_peak/R:  0.551458 %)
iter:   2400 (Jcost: 2.490548e-03) (lr = 1.871e+00) (elapsed time: 2140.523) (secs/iter:  0.900) (n_accepted: 78%) (u_error:  3.322212 %) (beta_change:  1.683771 %) (delta_change:  0.054767 %) (delta_peak/R:  0.551448 %)
iter:   2500 (Jcost: 2.489406e-03) (lr = 9.251e+00) (elapsed time: 2227.347) (secs/iter:  0.868) (n_accepted: 81%) (u_error:  3.318823 %) (beta_change:  1.221911 %) (delta_change:  0.054526 %) (delta_peak/R:  0.551669 %)
-> Saved file: /media/rafael/DATA/Dropbox/20220924_FIML_solver/data/output/field_inversion/Beta_e/u_imp_0.1/FI_run_Supersonic_M1.7R400_u_imp_0.1_k_imp_0_e_imp_1/FI_run_Supersonic_M1.7R400_u_imp_0.1_k_imp_0_e_imp_1_state_iter_2500.dat
iter:   2600 (Jcost: 2.488437e-03) (lr = 7.941e+00) (elapsed time: 2325.153) (secs/iter:  0.978) (n_accepted: 79%) (u_error:  3.318810 %) (beta_change:  0.895568 %) (delta_change:  0.054694 %) (delta_peak/R:  0.551530 %)
iter:   2700 (Jcost: 2.487494e-03) (lr = 1.183e+00) (elapsed time: 2412.820) (secs/iter:  0.877) (n_accepted: 77%) (u_error:  3.318260 %) (beta_change:  0.635352 %) (delta_change:  0.054806 %) (delta_peak/R:  0.551438 %)
iter:   2800 (Jcost: 2.486594e-03) (lr = 2.438e+00) (elapsed time: 2495.937) (secs/iter:  0.831) (n_accepted: 80%) (u_error:  3.316978 %) (beta_change:  0.631838 %) (delta_change:  0.054832 %) (delta_peak/R:  0.551419 %)
iter:   2900 (Jcost: 2.485789e-03) (lr = 5.023e+00) (elapsed time: 2586.055) (secs/iter:  0.901) (n_accepted: 80%) (u_error:  3.317157 %) (beta_change:  0.713708 %) (delta_change:  0.055046 %) (delta_peak/R:  0.551243 %)
iter:   3000 (Jcost: 2.485105e-03) (lr = 4.312e+00) (elapsed time: 2679.224) (secs/iter:  0.932) (n_accepted: 79%) (u_error:  3.315448 %) (beta_change:  0.960964 %) (delta_change:  0.054982 %) (delta_peak/R:  0.551289 %)
-> Saved file: /media/rafael/DATA/Dropbox/20220924_FIML_solver/data/output/field_inversion/Beta_e/u_imp_0.1/FI_run_Supersonic_M1.7R400_u_imp_0.1_k_imp_0_e_imp_1/FI_run_Supersonic_M1.7R400_u_imp_0.1_k_imp_0_e_imp_1_state_iter_3000.dat
iter:   3100 (Jcost: 2.484346e-03) (lr = 3.701e+00) (elapsed time: 2772.523) (secs/iter:  0.933) (n_accepted: 79%) (u_error:  3.314487 %) (beta_change:  1.349928 %) (delta_change:  0.055056 %) (delta_peak/R:  0.551224 %)
iter:   3200 (Jcost: 2.483685e-03) (lr = 5.516e-01) (elapsed time: 2864.240) (secs/iter:  0.917) (n_accepted: 77%) (u_error:  3.314260 %) (beta_change:  1.715733 %) (delta_change:  0.055219 %) (delta_peak/R:  0.551091 %)
iter:   3300 (Jcost: 2.483042e-03) (lr = 1.136e+00) (elapsed time: 2949.989) (secs/iter:  0.857) (n_accepted: 80%) (u_error:  3.313723 %) (beta_change:  2.084482 %) (delta_change:  0.055342 %) (delta_peak/R:  0.550986 %)
iter:   3400 (Jcost: 2.482461e-03) (lr = 2.341e+00) (elapsed time: 3039.665) (secs/iter:  0.897) (n_accepted: 80%) (u_error:  3.311851 %) (beta_change:  2.431036 %) (delta_change:  0.055263 %) (delta_peak/R:  0.551033 %)
iter:   3500 (Jcost: 2.481942e-03) (lr = 2.009e+00) (elapsed time: 3114.619) (secs/iter:  0.750) (n_accepted: 79%) (u_error:  3.312154 %) (beta_change:  2.745525 %) (delta_change:  0.055481 %) (delta_peak/R:  0.550854 %)
-> Saved file: /media/rafael/DATA/Dropbox/20220924_FIML_solver/data/output/field_inversion/Beta_e/u_imp_0.1/FI_run_Supersonic_M1.7R400_u_imp_0.1_k_imp_0_e_imp_1/FI_run_Supersonic_M1.7R400_u_imp_0.1_k_imp_0_e_imp_1_state_iter_3500.dat
iter:   3600 (Jcost: 2.481337e-03) (lr = 4.140e+00) (elapsed time: 3196.425) (secs/iter:  0.818) (n_accepted: 80%) (u_error:  3.312828 %) (beta_change:  3.133964 %) (delta_change:  0.055797 %) (delta_peak/R:  0.550596 %)
iter:   3700 (Jcost: 2.480870e-03) (lr = 1.481e+00) (elapsed time: 3268.514) (secs/iter:  0.721) (n_accepted: 78%) (u_error:  3.310972 %) (beta_change:  3.430642 %) (delta_change:  0.055698 %) (delta_peak/R:  0.550654 %)
iter:   3800 (Jcost: 2.480401e-03) (lr = 7.321e+00) (elapsed time: 3355.152) (secs/iter:  0.866) (n_accepted: 81%) (u_error:  3.310510 %) (beta_change:  3.744118 %) (delta_change:  0.055811 %) (delta_peak/R:  0.550549 %)
iter:   3900 (Jcost: 2.479951e-03) (lr = 1.091e+00) (elapsed time: 3436.305) (secs/iter:  0.812) (n_accepted: 77%) (u_error:  3.310447 %) (beta_change:  4.053406 %) (delta_change:  0.055981 %) (delta_peak/R:  0.550401 %)
iter:   4000 (Jcost: 2.479543e-03) (lr = 5.394e+00) (elapsed time: 3523.063) (secs/iter:  0.868) (n_accepted: 81%) (u_error:  3.309564 %) (beta_change:  4.339474 %) (delta_change:  0.056021 %) (delta_peak/R:  0.550352 %)
-> Saved file: /media/rafael/DATA/Dropbox/20220924_FIML_solver/data/output/field_inversion/Beta_e/u_imp_0.1/FI_run_Supersonic_M1.7R400_u_imp_0.1_k_imp_0_e_imp_1/FI_run_Supersonic_M1.7R400_u_imp_0.1_k_imp_0_e_imp_1_state_iter_4000.dat
iter:   4100 (Jcost: 2.479129e-03) (lr = 4.631e+00) (elapsed time: 3608.304) (secs/iter:  0.852) (n_accepted: 79%) (u_error:  3.309188 %) (beta_change:  4.637305 %) (delta_change:  0.056141 %) (delta_peak/R:  0.550239 %)
iter:   4200 (Jcost: 2.478737e-03) (lr = 3.975e+00) (elapsed time: 3680.608) (secs/iter:  0.723) (n_accepted: 79%) (u_error:  3.307790 %) (beta_change:  4.930070 %) (delta_change:  0.056113 %) (delta_peak/R:  0.550237 %)
iter:   4300 (Jcost: 2.478369e-03) (lr = 8.189e+00) (elapsed time: 3767.970) (secs/iter:  0.874) (n_accepted: 80%) (u_error:  3.308725 %) (beta_change:  5.204371 %) (delta_change:  0.056411 %) (delta_peak/R:  0.549990 %)
iter:   4400 (Jcost: 2.478042e-03) (lr = 5.085e-01) (elapsed time: 3856.608) (secs/iter:  0.886) (n_accepted: 76%) (u_error:  3.307768 %) (beta_change:  5.454331 %) (delta_change:  0.056423 %) (delta_peak/R:  0.549960 %)
iter:   4500 (Jcost: 2.477720e-03) (lr = 6.034e+00) (elapsed time: 3936.567) (secs/iter:  0.800) (n_accepted: 82%) (u_error:  3.307483 %) (beta_change:  5.706209 %) (delta_change:  0.056533 %) (delta_peak/R:  0.549854 %)
-> Saved file: /media/rafael/DATA/Dropbox/20220924_FIML_solver/data/output/field_inversion/Beta_e/u_imp_0.1/FI_run_Supersonic_M1.7R400_u_imp_0.1_k_imp_0_e_imp_1/FI_run_Supersonic_M1.7R400_u_imp_0.1_k_imp_0_e_imp_1_state_iter_4500.dat
iter:   4600 (Jcost: 2.477409e-03) (lr = 8.992e-01) (elapsed time: 4027.971) (secs/iter:  0.914) (n_accepted: 77%) (u_error:  3.307332 %) (beta_change:  5.953518 %) (delta_change:  0.056662 %) (delta_peak/R:  0.549735 %)
iter:   4700 (Jcost: 2.477113e-03) (lr = 4.446e+00) (elapsed time: 4110.111) (secs/iter:  0.821) (n_accepted: 81%) (u_error:  3.306840 %) (beta_change:  6.192126 %) (delta_change:  0.056736 %) (delta_peak/R:  0.549656 %)
iter:   4800 (Jcost: 2.476764e-03) (lr = 3.817e+00) (elapsed time: 4192.499) (secs/iter:  0.824) (n_accepted: 79%) (u_error:  3.306499 %) (beta_change:  6.477513 %) (delta_change:  0.056862 %) (delta_peak/R:  0.549533 %)
iter:   4900 (Jcost: 2.476494e-03) (lr = 1.365e+00) (elapsed time: 4280.787) (secs/iter:  0.883) (n_accepted: 78%) (u_error:  3.306465 %) (beta_change:  6.702514 %) (delta_change:  0.056996 %) (delta_peak/R:  0.549409 %)
iter:   5000 (Jcost: 2.476228e-03) (lr = 6.749e+00) (elapsed time: 4360.355) (secs/iter:  0.796) (n_accepted: 81%) (u_error:  3.306604 %) (beta_change:  6.928172 %) (delta_change:  0.057156 %) (delta_peak/R:  0.549265 %)
-> Saved file: /media/rafael/DATA/Dropbox/20220924_FIML_solver/data/output/field_inversion/Beta_e/u_imp_0.1/FI_run_Supersonic_M1.7R400_u_imp_0.1_k_imp_0_e_imp_1/FI_run_Supersonic_M1.7R400_u_imp_0.1_k_imp_0_e_imp_1_state_iter_5000.dat
iter:   5100 (Jcost: 2.475972e-03) (lr = 2.414e+00) (elapsed time: 4452.916) (secs/iter:  0.926) (n_accepted: 78%) (u_error:  3.306039 %) (beta_change:  7.143713 %) (delta_change:  0.057210 %) (delta_peak/R:  0.549202 %)
iter:   5200 (Jcost: 2.475724e-03) (lr = 4.973e+00) (elapsed time: 4534.943) (secs/iter:  0.820) (n_accepted: 80%) (u_error:  3.305016 %) (beta_change:  7.355612 %) (delta_change:  0.057196 %) (delta_peak/R:  0.549190 %)
iter:   5300 (Jcost: 2.475491e-03) (lr = 4.269e+00) (elapsed time: 4619.343) (secs/iter:  0.844) (n_accepted: 79%) (u_error:  3.305033 %) (beta_change:  7.556219 %) (delta_change:  0.057325 %) (delta_peak/R:  0.549070 %)
iter:   5400 (Jcost: 2.475242e-03) (lr = 8.795e+00) (elapsed time: 4704.076) (secs/iter:  0.847) (n_accepted: 80%) (u_error:  3.304469 %) (beta_change:  7.773152 %) (delta_change:  0.057381 %) (delta_peak/R:  0.549003 %)
iter:   5500 (Jcost: 2.475009e-03) (lr = 1.311e+00) (elapsed time: 4781.955) (secs/iter:  0.779) (n_accepted: 77%) (u_error:  3.305277 %) (beta_change:  7.979262 %) (delta_change:  0.057629 %) (delta_peak/R:  0.548791 %)
-> Saved file: /media/rafael/DATA/Dropbox/20220924_FIML_solver/data/output/field_inversion/Beta_e/u_imp_0.1/FI_run_Supersonic_M1.7R400_u_imp_0.1_k_imp_0_e_imp_1/FI_run_Supersonic_M1.7R400_u_imp_0.1_k_imp_0_e_imp_1_state_iter_5500.dat
iter:   5600 (Jcost: 2.474794e-03) (lr = 6.480e+00) (elapsed time: 4873.654) (secs/iter:  0.917) (n_accepted: 81%) (u_error:  3.304163 %) (beta_change:  8.164357 %) (delta_change:  0.057588 %) (delta_peak/R:  0.548801 %)
iter:   5700 (Jcost: 2.474590e-03) (lr = 5.563e+00) (elapsed time: 4960.093) (secs/iter:  0.864) (n_accepted: 79%) (u_error:  3.303654 %) (beta_change:  8.344670 %) (delta_change:  0.057632 %) (delta_peak/R:  0.548746 %)
iter:   5800 (Jcost: 2.474396e-03) (lr = 1.990e+00) (elapsed time: 5042.419) (secs/iter:  0.823) (n_accepted: 78%) (u_error:  3.303807 %) (beta_change:  8.513973 %) (delta_change:  0.057764 %) (delta_peak/R:  0.548626 %)
iter:   5900 (Jcost: 2.474160e-03) (lr = 4.099e+00) (elapsed time: 5120.235) (secs/iter:  0.778) (n_accepted: 80%) (u_error:  3.303323 %) (beta_change:  8.722407 %) (delta_change:  0.057831 %) (delta_peak/R:  0.548549 %)
iter:   6000 (Jcost: 2.473974e-03) (lr = 3.518e+00) (elapsed time: 5207.675) (secs/iter:  0.874) (n_accepted: 79%) (u_error:  3.303328 %) (beta_change:  8.884876 %) (delta_change:  0.057939 %) (delta_peak/R:  0.548447 %)
-> Saved file: /media/rafael/DATA/Dropbox/20220924_FIML_solver/data/output/field_inversion/Beta_e/u_imp_0.1/FI_run_Supersonic_M1.7R400_u_imp_0.1_k_imp_0_e_imp_1/FI_run_Supersonic_M1.7R400_u_imp_0.1_k_imp_0_e_imp_1_state_iter_6000.dat
iter:   6100 (Jcost: 2.473764e-03) (lr = 1.258e+00) (elapsed time: 5297.347) (secs/iter:  0.897) (n_accepted: 78%) (u_error:  3.303658 %) (beta_change:  9.071237 %) (delta_change:  0.058111 %) (delta_peak/R:  0.548293 %)
iter:   6200 (Jcost: 2.473579e-03) (lr = 2.593e+00) (elapsed time: 5381.476) (secs/iter:  0.841) (n_accepted: 80%) (u_error:  3.302639 %) (beta_change:  9.231664 %) (delta_change:  0.058072 %) (delta_peak/R:  0.548302 %)
iter:   6300 (Jcost: 2.473388e-03) (lr = 9.273e-01) (elapsed time: 5468.885) (secs/iter:  0.874) (n_accepted: 78%) (u_error:  3.301790 %) (beta_change:  9.401397 %) (delta_change:  0.058065 %) (delta_peak/R:  0.548285 %)
iter:   6400 (Jcost: 2.473184e-03) (lr = 1.100e+01) (elapsed time: 5547.529) (secs/iter:  0.786) (n_accepted: 82%) (u_error:  3.302508 %) (beta_change:  9.573022 %) (delta_change:  0.058285 %) (delta_peak/R:  0.548095 %)
iter:   6500 (Jcost: 2.472987e-03) (lr = 9.445e+00) (elapsed time: 5628.813) (secs/iter:  0.813) (n_accepted: 79%) (u_error:  3.303081 %) (beta_change:  9.831359 %) (delta_change:  0.058486 %) (delta_peak/R:  0.547920 %)
-> Saved file: /media/rafael/DATA/Dropbox/20220924_FIML_solver/data/output/field_inversion/Beta_e/u_imp_0.1/FI_run_Supersonic_M1.7R400_u_imp_0.1_k_imp_0_e_imp_1/FI_run_Supersonic_M1.7R400_u_imp_0.1_k_imp_0_e_imp_1_state_iter_6500.dat
iter:   6600 (Jcost: 2.472812e-03) (lr = 3.378e+00) (elapsed time: 5713.553) (secs/iter:  0.847) (n_accepted: 78%) (u_error:  3.301440 %) (beta_change: 10.116757 %) (delta_change:  0.058353 %) (delta_peak/R:  0.548000 %)
iter:   6700 (Jcost: 2.472639e-03) (lr = 2.900e+00) (elapsed time: 5796.690) (secs/iter:  0.831) (n_accepted: 79%) (u_error:  3.302165 %) (beta_change: 10.404302 %) (delta_change:  0.058558 %) (delta_peak/R:  0.547825 %)
iter:   6800 (Jcost: 2.472470e-03) (lr = 2.489e+00) (elapsed time: 5880.577) (secs/iter:  0.839) (n_accepted: 79%) (u_error:  3.301594 %) (beta_change: 10.692076 %) (delta_change:  0.058575 %) (delta_peak/R:  0.547792 %)
iter:   6900 (Jcost: 2.472296e-03) (lr = 2.137e+00) (elapsed time: 5960.768) (secs/iter:  0.802) (n_accepted: 79%) (u_error:  3.301540 %) (beta_change: 10.995143 %) (delta_change:  0.058670 %) (delta_peak/R:  0.547700 %)
iter:   7000 (Jcost: 2.472115e-03) (lr = 4.402e+00) (elapsed time: 6038.672) (secs/iter:  0.779) (n_accepted: 80%) (u_error:  3.301344 %) (beta_change: 11.317423 %) (delta_change:  0.058748 %) (delta_peak/R:  0.547619 %)
-> Saved file: /media/rafael/DATA/Dropbox/20220924_FIML_solver/data/output/field_inversion/Beta_e/u_imp_0.1/FI_run_Supersonic_M1.7R400_u_imp_0.1_k_imp_0_e_imp_1/FI_run_Supersonic_M1.7R400_u_imp_0.1_k_imp_0_e_imp_1_state_iter_7000.dat
iter:   7100 (Jcost: 2.471930e-03) (lr = 6.560e-01) (elapsed time: 6121.738) (secs/iter:  0.831) (n_accepted: 77%) (u_error:  3.301611 %) (beta_change: 11.653077 %) (delta_change:  0.058895 %) (delta_peak/R:  0.547485 %)
iter:   7200 (Jcost: 2.471763e-03) (lr = 3.244e+00) (elapsed time: 6206.325) (secs/iter:  0.846) (n_accepted: 81%) (u_error:  3.300528 %) (beta_change: 11.959270 %) (delta_change:  0.059091 %) (delta_peak/R:  0.547510 %)
iter:   7300 (Jcost: 2.471599e-03) (lr = 1.160e+00) (elapsed time: 6285.995) (secs/iter:  0.797) (n_accepted: 78%) (u_error:  3.300913 %) (beta_change: 12.262021 %) (delta_change:  0.059646 %) (delta_peak/R:  0.547377 %)
iter:   7400 (Jcost: 2.471434e-03) (lr = 2.390e+00) (elapsed time: 6369.136) (secs/iter:  0.831) (n_accepted: 80%) (u_error:  3.301164 %) (beta_change: 12.575013 %) (delta_change:  0.060196 %) (delta_peak/R:  0.547257 %)
iter:   7500 (Jcost: 2.471261e-03) (lr = 4.924e+00) (elapsed time: 6456.105) (secs/iter:  0.870) (n_accepted: 80%) (u_error:  3.300373 %) (beta_change: 12.900891 %) (delta_change:  0.060744 %) (delta_peak/R:  0.547249 %)
-> Saved file: /media/rafael/DATA/Dropbox/20220924_FIML_solver/data/output/field_inversion/Beta_e/u_imp_0.1/FI_run_Supersonic_M1.7R400_u_imp_0.1_k_imp_0_e_imp_1/FI_run_Supersonic_M1.7R400_u_imp_0.1_k_imp_0_e_imp_1_state_iter_7500.dat
iter:   7600 (Jcost: 2.471099e-03) (lr = 1.014e+01) (elapsed time: 6543.720) (secs/iter:  0.876) (n_accepted: 80%) (u_error:  3.300228 %) (beta_change: 13.213793 %) (delta_change:  0.061249 %) (delta_peak/R:  0.547176 %)
iter:   7700 (Jcost: 2.470934e-03) (lr = 1.512e+00) (elapsed time: 6624.605) (secs/iter:  0.809) (n_accepted: 77%) (u_error:  3.300465 %) (beta_change: 13.536284 %) (delta_change:  0.061747 %) (delta_peak/R:  0.547059 %)
iter:   7800 (Jcost: 2.470774e-03) (lr = 1.298e+00) (elapsed time: 6708.708) (secs/iter:  0.841) (n_accepted: 79%) (u_error:  3.299827 %) (beta_change: 13.849596 %) (delta_change:  0.062212 %) (delta_peak/R:  0.547042 %)
iter:   7900 (Jcost: 2.470609e-03) (lr = 1.540e+01) (elapsed time: 6789.341) (secs/iter:  0.806) (n_accepted: 82%) (u_error:  3.299875 %) (beta_change: 14.177683 %) (delta_change:  0.062678 %) (delta_peak/R:  0.546948 %)
iter:   8000 (Jcost: 2.470442e-03) (lr = 1.322e+01) (elapsed time: 6871.946) (secs/iter:  0.826) (n_accepted: 79%) (u_error:  3.299442 %) (beta_change: 14.512633 %) (delta_change:  0.063133 %) (delta_peak/R:  0.546906 %)
-> Saved file: /media/rafael/DATA/Dropbox/20220924_FIML_solver/data/output/field_inversion/Beta_e/u_imp_0.1/FI_run_Supersonic_M1.7R400_u_imp_0.1_k_imp_0_e_imp_1/FI_run_Supersonic_M1.7R400_u_imp_0.1_k_imp_0_e_imp_1_state_iter_8000.dat
iter:   8100 (Jcost: 2.470280e-03) (lr = 8.208e-01) (elapsed time: 6955.962) (secs/iter:  0.840) (n_accepted: 76%) (u_error:  3.298987 %) (beta_change: 14.842021 %) (delta_change:  0.063562 %) (delta_peak/R:  0.546869 %)
iter:   8200 (Jcost: 2.470106e-03) (lr = 4.058e+00) (elapsed time: 7024.584) (secs/iter:  0.686) (n_accepted: 81%) (u_error:  3.299314 %) (beta_change: 15.191460 %) (delta_change:  0.063998 %) (delta_peak/R:  0.546743 %)
iter:   8300 (Jcost: 2.469929e-03) (lr = 8.361e+00) (elapsed time: 7087.531) (secs/iter:  0.629) (n_accepted: 80%) (u_error:  3.299338 %) (beta_change: 15.552781 %) (delta_change:  0.064428 %) (delta_peak/R:  0.546648 %)
iter:   8400 (Jcost: 2.469764e-03) (lr = 7.177e+00) (elapsed time: 7166.850) (secs/iter:  0.793) (n_accepted: 79%) (u_error:  3.299038 %) (beta_change: 15.891167 %) (delta_change:  0.064814 %) (delta_peak/R:  0.546595 %)
iter:   8500 (Jcost: 2.469598e-03) (lr = 2.567e+00) (elapsed time: 7250.382) (secs/iter:  0.835) (n_accepted: 78%) (u_error:  3.298462 %) (beta_change: 16.235196 %) (delta_change:  0.065190 %) (delta_peak/R:  0.546572 %)
-> Saved file: /media/rafael/DATA/Dropbox/20220924_FIML_solver/data/output/field_inversion/Beta_e/u_imp_0.1/FI_run_Supersonic_M1.7R400_u_imp_0.1_k_imp_0_e_imp_1/FI_run_Supersonic_M1.7R400_u_imp_0.1_k_imp_0_e_imp_1_state_iter_8500.dat
iter:   8600 (Jcost: 2.469431e-03) (lr = 2.203e+00) (elapsed time: 7339.774) (secs/iter:  0.894) (n_accepted: 79%) (u_error:  3.299123 %) (beta_change: 16.583429 %) (delta_change:  0.065554 %) (delta_peak/R:  0.546415 %)
iter:   8700 (Jcost: 2.469243e-03) (lr = 4.539e+00) (elapsed time: 7416.461) (secs/iter:  0.767) (n_accepted: 80%) (u_error:  3.299173 %) (beta_change: 16.976815 %) (delta_change:  0.065947 %) (delta_peak/R:  0.546315 %)
iter:   8800 (Jcost: 2.469080e-03) (lr = 3.897e+00) (elapsed time: 7491.786) (secs/iter:  0.753) (n_accepted: 79%) (u_error:  3.299241 %) (beta_change: 17.320735 %) (delta_change:  0.066275 %) (delta_peak/R:  0.546225 %)
iter:   8900 (Jcost: 2.468906e-03) (lr = 1.394e+00) (elapsed time: 7547.514) (secs/iter:  0.557) (n_accepted: 78%) (u_error:  3.298135 %) (beta_change: 17.673766 %) (delta_change:  0.066599 %) (delta_peak/R:  0.546262 %)
iter:   9000 (Jcost: 2.468742e-03) (lr = 2.871e+00) (elapsed time: 7634.091) (secs/iter:  0.866) (n_accepted: 80%) (u_error:  3.298052 %) (beta_change: 18.016570 %) (delta_change:  0.066900 %) (delta_peak/R:  0.546191 %)
-> Saved file: /media/rafael/DATA/Dropbox/20220924_FIML_solver/data/output/field_inversion/Beta_e/u_imp_0.1/FI_run_Supersonic_M1.7R400_u_imp_0.1_k_imp_0_e_imp_1/FI_run_Supersonic_M1.7R400_u_imp_0.1_k_imp_0_e_imp_1_state_iter_9000.dat
iter:   9100 (Jcost: 2.468545e-03) (lr = 5.915e+00) (elapsed time: 7721.267) (secs/iter:  0.872) (n_accepted: 80%) (u_error:  3.297707 %) (beta_change: 18.428215 %) (delta_change:  0.067246 %) (delta_peak/R:  0.546133 %)
iter:   9200 (Jcost: 2.468368e-03) (lr = 5.078e+00) (elapsed time: 7806.463) (secs/iter:  0.852) (n_accepted: 79%) (u_error:  3.298627 %) (beta_change: 18.808750 %) (delta_change:  0.067551 %) (delta_peak/R:  0.545946 %)
iter:   9300 (Jcost: 2.468185e-03) (lr = 1.046e+01) (elapsed time: 7884.718) (secs/iter:  0.783) (n_accepted: 80%) (u_error:  3.297648 %) (beta_change: 19.181040 %) (delta_change:  0.067837 %) (delta_peak/R:  0.545969 %)
iter:   9400 (Jcost: 2.467995e-03) (lr = 3.741e+00) (elapsed time: 7972.933) (secs/iter:  0.882) (n_accepted: 78%) (u_error:  3.297758 %) (beta_change: 19.579763 %) (delta_change:  0.068130 %) (delta_peak/R:  0.545868 %)
iter:   9500 (Jcost: 2.467815e-03) (lr = 3.212e+00) (elapsed time: 8062.019) (secs/iter:  0.891) (n_accepted: 79%) (u_error:  3.297102 %) (beta_change: 19.954289 %) (delta_change:  0.068394 %) (delta_peak/R:  0.545856 %)
-> Saved file: /media/rafael/DATA/Dropbox/20220924_FIML_solver/data/output/field_inversion/Beta_e/u_imp_0.1/FI_run_Supersonic_M1.7R400_u_imp_0.1_k_imp_0_e_imp_1/FI_run_Supersonic_M1.7R400_u_imp_0.1_k_imp_0_e_imp_1_state_iter_9500.dat
iter:   9600 (Jcost: 2.467628e-03) (lr = 6.616e+00) (elapsed time: 8152.498) (secs/iter:  0.905) (n_accepted: 80%) (u_error:  3.297239 %) (beta_change: 20.344522 %) (delta_change:  0.068657 %) (delta_peak/R:  0.545755 %)
iter:   9700 (Jcost: 2.467427e-03) (lr = 5.679e+00) (elapsed time: 8235.542) (secs/iter:  0.830) (n_accepted: 79%) (u_error:  3.296841 %) (beta_change: 20.762920 %) (delta_change:  0.068927 %) (delta_peak/R:  0.545707 %)
iter:   9800 (Jcost: 2.467247e-03) (lr = 2.031e+00) (elapsed time: 8319.617) (secs/iter:  0.841) (n_accepted: 78%) (u_error:  3.296683 %) (beta_change: 21.135996 %) (delta_change:  0.069157 %) (delta_peak/R:  0.545644 %)
iter:   9900 (Jcost: 2.467040e-03) (lr = 4.185e+00) (elapsed time: 8392.799) (secs/iter:  0.732) (n_accepted: 80%) (u_error:  3.296509 %) (beta_change: 21.562683 %) (delta_change:  0.069409 %) (delta_peak/R:  0.545571 %)
iter:  10000 (Jcost: 2.466844e-03) (lr = 1.497e+00) (elapsed time: 8477.245) (secs/iter:  0.844) (n_accepted: 78%) (u_error:  3.296308 %) (beta_change: 21.968350 %) (delta_change:  0.069639 %) (delta_peak/R:  0.545506 %)
-> Saved file: /media/rafael/DATA/Dropbox/20220924_FIML_solver/data/output/field_inversion/Beta_e/u_imp_0.1/FI_run_Supersonic_M1.7R400_u_imp_0.1_k_imp_0_e_imp_1/FI_run_Supersonic_M1.7R400_u_imp_0.1_k_imp_0_e_imp_1_state_iter_10000.dat
iter:  10100 (Jcost: 2.466633e-03) (lr = 1.285e+00) (elapsed time: 8548.831) (secs/iter:  0.716) (n_accepted: 79%) (u_error:  3.296068 %) (beta_change: 22.401320 %) (delta_change:  0.069873 %) (delta_peak/R:  0.545440 %)
iter:  10200 (Jcost: 2.466424e-03) (lr = 6.353e+00) (elapsed time: 8629.384) (secs/iter:  0.806) (n_accepted: 81%) (u_error:  3.295951 %) (beta_change: 22.828251 %) (delta_change:  0.070095 %) (delta_peak/R:  0.545363 %)
iter:  10300 (Jcost: 2.466196e-03) (lr = 5.453e+00) (elapsed time: 8709.911) (secs/iter:  0.805) (n_accepted: 79%) (u_error:  3.294816 %) (beta_change: 23.303139 %) (delta_change:  0.070330 %) (delta_peak/R:  0.545387 %)
iter:  10400 (Jcost: 2.465979e-03) (lr = 8.127e-01) (elapsed time: 8779.463) (secs/iter:  0.696) (n_accepted: 77%) (u_error:  3.295524 %) (beta_change: 23.731190 %) (delta_change:  0.070532 %) (delta_peak/R:  0.545220 %)
iter:  10500 (Jcost: 2.465745e-03) (lr = 4.018e+00) (elapsed time: 8859.334) (secs/iter:  0.799) (n_accepted: 81%) (u_error:  3.295734 %) (beta_change: 24.202271 %) (delta_change:  0.070745 %) (delta_peak/R:  0.545099 %)
-> Saved file: /media/rafael/DATA/Dropbox/20220924_FIML_solver/data/output/field_inversion/Beta_e/u_imp_0.1/FI_run_Supersonic_M1.7R400_u_imp_0.1_k_imp_0_e_imp_1/FI_run_Supersonic_M1.7R400_u_imp_0.1_k_imp_0_e_imp_1_state_iter_10500.dat
iter:  10600 (Jcost: 2.465532e-03) (lr = 5.988e-01) (elapsed time: 8951.639) (secs/iter:  0.923) (n_accepted: 77%) (u_error:  3.294975 %) (beta_change: 24.626366 %) (delta_change:  0.070928 %) (delta_peak/R:  0.545094 %)
iter:  10700 (Jcost: 2.465279e-03) (lr = 2.961e+00) (elapsed time: 9035.453) (secs/iter:  0.838) (n_accepted: 81%) (u_error:  3.294631 %) (beta_change: 25.129606 %) (delta_change:  0.071137 %) (delta_peak/R:  0.545027 %)
iter:  10800 (Jcost: 2.465035e-03) (lr = 6.100e+00) (elapsed time: 9124.022) (secs/iter:  0.886) (n_accepted: 80%) (u_error:  3.294785 %) (beta_change: 25.610096 %) (delta_change:  0.071326 %) (delta_peak/R:  0.544912 %)
iter:  10900 (Jcost: 2.464792e-03) (lr = 1.257e+01) (elapsed time: 9207.640) (secs/iter:  0.836) (n_accepted: 80%) (u_error:  3.294532 %) (beta_change: 26.085333 %) (delta_change:  0.071506 %) (delta_peak/R:  0.544841 %)
iter:  11000 (Jcost: 2.464548e-03) (lr = 4.495e+00) (elapsed time: 9291.394) (secs/iter:  0.838) (n_accepted: 78%) (u_error:  3.294322 %) (beta_change: 26.560576 %) (delta_change:  0.071678 %) (delta_peak/R:  0.544767 %)
-> Saved file: /media/rafael/DATA/Dropbox/20220924_FIML_solver/data/output/field_inversion/Beta_e/u_imp_0.1/FI_run_Supersonic_M1.7R400_u_imp_0.1_k_imp_0_e_imp_1/FI_run_Supersonic_M1.7R400_u_imp_0.1_k_imp_0_e_imp_1_state_iter_11000.dat
iter:  11100 (Jcost: 2.464291e-03) (lr = 9.259e+00) (elapsed time: 9364.973) (secs/iter:  0.736) (n_accepted: 80%) (u_error:  3.294066 %) (beta_change: 27.054969 %) (delta_change:  0.071848 %) (delta_peak/R:  0.544693 %)
iter:  11200 (Jcost: 2.464021e-03) (lr = 3.312e+00) (elapsed time: 9438.220) (secs/iter:  0.732) (n_accepted: 78%) (u_error:  3.294317 %) (beta_change: 27.573306 %) (delta_change:  0.072019 %) (delta_peak/R:  0.544559 %)
iter:  11300 (Jcost: 2.463751e-03) (lr = 2.843e+00) (elapsed time: 9510.360) (secs/iter:  0.721) (n_accepted: 79%) (u_error:  3.293611 %) (beta_change: 28.082188 %) (delta_change:  0.072180 %) (delta_peak/R:  0.544532 %)
iter:  11400 (Jcost: 2.463460e-03) (lr = 1.017e+00) (elapsed time: 9565.812) (secs/iter:  0.555) (n_accepted: 78%) (u_error:  3.293485 %) (beta_change: 28.628243 %) (delta_change:  0.072345 %) (delta_peak/R:  0.544433 %)
iter:  11500 (Jcost: 2.463160e-03) (lr = 5.027e+00) (elapsed time: 9643.264) (secs/iter:  0.775) (n_accepted: 81%) (u_error:  3.293713 %) (beta_change: 29.190072 %) (delta_change:  0.072506 %) (delta_peak/R:  0.544293 %)
-> Saved file: /media/rafael/DATA/Dropbox/20220924_FIML_solver/data/output/field_inversion/Beta_e/u_imp_0.1/FI_run_Supersonic_M1.7R400_u_imp_0.1_k_imp_0_e_imp_1/FI_run_Supersonic_M1.7R400_u_imp_0.1_k_imp_0_e_imp_1_state_iter_11500.dat
iter:  11600 (Jcost: 2.462870e-03) (lr = 4.315e+00) (elapsed time: 9733.232) (secs/iter:  0.900) (n_accepted: 79%) (u_error:  3.293503 %) (beta_change: 29.722466 %) (delta_change:  0.072652 %) (delta_peak/R:  0.544206 %)
iter:  11700 (Jcost: 2.462593e-03) (lr = 8.890e+00) (elapsed time: 9808.732) (secs/iter:  0.755) (n_accepted: 80%) (u_error:  3.292847 %) (beta_change: 30.221422 %) (delta_change:  0.072783 %) (delta_peak/R:  0.544174 %)
iter:  11800 (Jcost: 2.462215e-03) (lr = 1.325e+00) (elapsed time: 9869.084) (secs/iter:  0.604) (n_accepted: 77%) (u_error:  3.292195 %) (beta_change: 30.901227 %) (delta_change:  0.072953 %) (delta_peak/R:  0.544104 %)
iter:  11900 (Jcost: 2.461901e-03) (lr = 6.551e+00) (elapsed time: 9940.692) (secs/iter:  0.716) (n_accepted: 81%) (u_error:  3.292016 %) (beta_change: 31.457851 %) (delta_change:  0.073085 %) (delta_peak/R:  0.544007 %)
iter:  12000 (Jcost: 2.461566e-03) (lr = 2.343e+00) (elapsed time: 10015.207) (secs/iter:  0.745) (n_accepted: 78%) (u_error:  3.292376 %) (beta_change: 32.051142 %) (delta_change:  0.073220 %) (delta_peak/R:  0.543844 %)
-> Saved file: /media/rafael/DATA/Dropbox/20220924_FIML_solver/data/output/field_inversion/Beta_e/u_imp_0.1/FI_run_Supersonic_M1.7R400_u_imp_0.1_k_imp_0_e_imp_1/FI_run_Supersonic_M1.7R400_u_imp_0.1_k_imp_0_e_imp_1_state_iter_12000.dat
iter:  12100 (Jcost: 2.461228e-03) (lr = 2.011e+00) (elapsed time: 10108.305) (secs/iter:  0.931) (n_accepted: 79%) (u_error:  3.291318 %) (beta_change: 32.631613 %) (delta_change:  0.073346 %) (delta_peak/R:  0.543836 %)
iter:  12200 (Jcost: 2.460922e-03) (lr = 1.726e+00) (elapsed time: 10190.752) (secs/iter:  0.824) (n_accepted: 79%) (u_error:  3.291159 %) (beta_change: 33.154634 %) (delta_change:  0.073454 %) (delta_peak/R:  0.543743 %)
iter:  12300 (Jcost: 2.460526e-03) (lr = 3.557e+00) (elapsed time: 10265.800) (secs/iter:  0.750) (n_accepted: 80%) (u_error:  3.290823 %) (beta_change: 33.825247 %) (delta_change:  0.073587 %) (delta_peak/R:  0.543636 %)
iter:  12400 (Jcost: 2.460099e-03) (lr = 7.328e+00) (elapsed time: 10348.912) (secs/iter:  0.831) (n_accepted: 80%) (u_error:  3.291075 %) (beta_change: 34.539440 %) (delta_change:  0.073721 %) (delta_peak/R:  0.543456 %)
iter:  12500 (Jcost: 2.459749e-03) (lr = 2.621e+00) (elapsed time: 10412.375) (secs/iter:  0.635) (n_accepted: 78%) (u_error:  3.290137 %) (beta_change: 35.109101 %) (delta_change:  0.073822 %) (delta_peak/R:  0.543434 %)
-> Saved file: /media/rafael/DATA/Dropbox/20220924_FIML_solver/data/output/field_inversion/Beta_e/u_imp_0.1/FI_run_Supersonic_M1.7R400_u_imp_0.1_k_imp_0_e_imp_1/FI_run_Supersonic_M1.7R400_u_imp_0.1_k_imp_0_e_imp_1_state_iter_12500.dat
iter:  12600 (Jcost: 2.459316e-03) (lr = 5.399e+00) (elapsed time: 10499.131) (secs/iter:  0.868) (n_accepted: 80%) (u_error:  3.289641 %) (beta_change: 35.810115 %) (delta_change:  0.073942 %) (delta_peak/R:  0.543335 %)
iter:  12700 (Jcost: 2.458917e-03) (lr = 1.931e+00) (elapsed time: 10570.298) (secs/iter:  0.712) (n_accepted: 78%) (u_error:  3.289362 %) (beta_change: 36.445175 %) (delta_change:  0.074044 %) (delta_peak/R:  0.543225 %)
iter:  12800 (Jcost: 2.458503e-03) (lr = 1.658e+00) (elapsed time: 10650.819) (secs/iter:  0.805) (n_accepted: 79%) (u_error:  3.289108 %) (beta_change: 37.093664 %) (delta_change:  0.074144 %) (delta_peak/R:  0.543108 %)
iter:  12900 (Jcost: 2.457982e-03) (lr = 8.196e+00) (elapsed time: 10727.989) (secs/iter:  0.772) (n_accepted: 81%) (u_error:  3.290049 %) (beta_change: 37.917083 %) (delta_change:  0.074263 %) (delta_peak/R:  0.542820 %)
iter:  13000 (Jcost: 2.457531e-03) (lr = 1.221e+00) (elapsed time: 10818.994) (secs/iter:  0.910) (n_accepted: 77%) (u_error:  3.287918 %) (beta_change: 38.580388 %) (delta_change:  0.074355 %) (delta_peak/R:  0.542900 %)
-> Saved file: /media/rafael/DATA/Dropbox/20220924_FIML_solver/data/output/field_inversion/Beta_e/u_imp_0.1/FI_run_Supersonic_M1.7R400_u_imp_0.1_k_imp_0_e_imp_1/FI_run_Supersonic_M1.7R400_u_imp_0.1_k_imp_0_e_imp_1_state_iter_13000.dat
iter:  13100 (Jcost: 2.457027e-03) (lr = 6.039e+00) (elapsed time: 10906.061) (secs/iter:  0.871) (n_accepted: 81%) (u_error:  3.287296 %) (beta_change: 39.330293 %) (delta_change:  0.074452 %) (delta_peak/R:  0.542794 %)
iter:  13200 (Jcost: 2.456498e-03) (lr = 5.184e+00) (elapsed time: 10994.576) (secs/iter:  0.885) (n_accepted: 79%) (u_error:  3.288064 %) (beta_change: 40.104464 %) (delta_change:  0.074547 %) (delta_peak/R:  0.542529 %)
iter:  13300 (Jcost: 2.455999e-03) (lr = 1.068e+01) (elapsed time: 11069.048) (secs/iter:  0.745) (n_accepted: 80%) (u_error:  3.286895 %) (beta_change: 40.814459 %) (delta_change:  0.074629 %) (delta_peak/R:  0.542487 %)
iter:  13400 (Jcost: 2.455435e-03) (lr = 1.592e+00) (elapsed time: 11141.174) (secs/iter:  0.721) (n_accepted: 77%) (u_error:  3.286453 %) (beta_change: 41.605209 %) (delta_change:  0.074715 %) (delta_peak/R:  0.542344 %)
iter:  13500 (Jcost: 2.454848e-03) (lr = 3.279e+00) (elapsed time: 11215.409) (secs/iter:  0.742) (n_accepted: 80%) (u_error:  3.285875 %) (beta_change: 42.413022 %) (delta_change:  0.074798 %) (delta_peak/R:  0.542208 %)
-> Saved file: /media/rafael/DATA/Dropbox/20220924_FIML_solver/data/output/field_inversion/Beta_e/u_imp_0.1/FI_run_Supersonic_M1.7R400_u_imp_0.1_k_imp_0_e_imp_1/FI_run_Supersonic_M1.7R400_u_imp_0.1_k_imp_0_e_imp_1_state_iter_13500.dat
iter:  13600 (Jcost: 2.454184e-03) (lr = 6.755e+00) (elapsed time: 11305.709) (secs/iter:  0.903) (n_accepted: 80%) (u_error:  3.286341 %) (beta_change: 43.314456 %) (delta_change:  0.074883 %) (delta_peak/R:  0.541932 %)
iter:  13700 (Jcost: 2.453541e-03) (lr = 5.799e+00) (elapsed time: 11398.447) (secs/iter:  0.927) (n_accepted: 79%) (u_error:  3.284682 %) (beta_change: 44.149098 %) (delta_change:  0.074956 %) (delta_peak/R:  0.541898 %)
iter:  13800 (Jcost: 2.452888e-03) (lr = 2.074e+00) (elapsed time: 11490.793) (secs/iter:  0.923) (n_accepted: 78%) (u_error:  3.284313 %) (beta_change: 44.987367 %) (delta_change:  0.075024 %) (delta_peak/R:  0.541720 %)
iter:  13900 (Jcost: 2.452120e-03) (lr = 1.025e+01) (elapsed time: 11573.113) (secs/iter:  0.823) (n_accepted: 81%) (u_error:  3.283494 %) (beta_change: 45.947085 %) (delta_change:  0.075096 %) (delta_peak/R:  0.541553 %)
iter:  14000 (Jcost: 2.451248e-03) (lr = 1.528e+00) (elapsed time: 11662.211) (secs/iter:  0.891) (n_accepted: 77%) (u_error:  3.282667 %) (beta_change: 47.007526 %) (delta_change:  0.075167 %) (delta_peak/R:  0.541353 %)
-> Saved file: /media/rafael/DATA/Dropbox/20220924_FIML_solver/data/output/field_inversion/Beta_e/u_imp_0.1/FI_run_Supersonic_M1.7R400_u_imp_0.1_k_imp_0_e_imp_1/FI_run_Supersonic_M1.7R400_u_imp_0.1_k_imp_0_e_imp_1_state_iter_14000.dat
iter:  14100 (Jcost: 2.450398e-03) (lr = 3.148e+00) (elapsed time: 11757.336) (secs/iter:  0.951) (n_accepted: 80%) (u_error:  3.283777 %) (beta_change: 48.033593 %) (delta_change:  0.075227 %) (delta_peak/R:  0.540945 %)
iter:  14200 (Jcost: 2.449542e-03) (lr = 6.486e+00) (elapsed time: 11846.148) (secs/iter:  0.888) (n_accepted: 80%) (u_error:  3.281205 %) (beta_change: 48.990146 %) (delta_change:  0.075277 %) (delta_peak/R:  0.540947 %)
iter:  14300 (Jcost: 2.448491e-03) (lr = 9.666e-01) (elapsed time: 11934.476) (secs/iter:  0.883) (n_accepted: 77%) (u_error:  3.280413 %) (beta_change: 50.155783 %) (delta_change:  0.075329 %) (delta_peak/R:  0.540686 %)
iter:  14400 (Jcost: 2.447324e-03) (lr = 1.991e+00) (elapsed time: 12017.117) (secs/iter:  0.826) (n_accepted: 80%) (u_error:  3.279441 %) (beta_change: 51.402377 %) (delta_change:  0.075373 %) (delta_peak/R:  0.540407 %)
iter:  14500 (Jcost: 2.446254e-03) (lr = 4.103e+00) (elapsed time: 12108.264) (secs/iter:  0.911) (n_accepted: 80%) (u_error:  3.278285 %) (beta_change: 52.502851 %) (delta_change:  0.075402 %) (delta_peak/R:  0.540181 %)
-> Saved file: /media/rafael/DATA/Dropbox/20220924_FIML_solver/data/output/field_inversion/Beta_e/u_imp_0.1/FI_run_Supersonic_M1.7R400_u_imp_0.1_k_imp_0_e_imp_1/FI_run_Supersonic_M1.7R400_u_imp_0.1_k_imp_0_e_imp_1_state_iter_14500.dat
iter:  14600 (Jcost: 2.444874e-03) (lr = 3.522e+00) (elapsed time: 12203.456) (secs/iter:  0.952) (n_accepted: 79%) (u_error:  3.277118 %) (beta_change: 53.866615 %) (delta_change:  0.075426 %) (delta_peak/R:  0.539853 %)
iter:  14700 (Jcost: 2.443398e-03) (lr = 3.023e+00) (elapsed time: 12291.401) (secs/iter:  0.879) (n_accepted: 79%) (u_error:  3.276407 %) (beta_change: 55.263166 %) (delta_change:  0.075436 %) (delta_peak/R:  0.539444 %)
iter:  14800 (Jcost: 2.441695e-03) (lr = 6.228e+00) (elapsed time: 12385.447) (secs/iter:  0.940) (n_accepted: 80%) (u_error:  3.274532 %) (beta_change: 56.788793 %) (delta_change:  0.075429 %) (delta_peak/R:  0.539088 %)
iter:  14900 (Jcost: 2.439959e-03) (lr = 5.346e+00) (elapsed time: 12480.688) (secs/iter:  0.952) (n_accepted: 79%) (u_error:  3.271600 %) (beta_change: 58.269737 %) (delta_change:  0.075404 %) (delta_peak/R:  0.538830 %)
iter:  15000 (Jcost: 2.437808e-03) (lr = 7.967e-01) (elapsed time: 12574.881) (secs/iter:  0.942) (n_accepted: 77%) (u_error:  3.270497 %) (beta_change: 59.987545 %) (delta_change:  0.075351 %) (delta_peak/R:  0.538240 %)
-> Saved file: /media/rafael/DATA/Dropbox/20220924_FIML_solver/data/output/field_inversion/Beta_e/u_imp_0.1/FI_run_Supersonic_M1.7R400_u_imp_0.1_k_imp_0_e_imp_1/FI_run_Supersonic_M1.7R400_u_imp_0.1_k_imp_0_e_imp_1_state_iter_15000.dat
iter:  15000 (Jcost: 2.437802e-03) (lr = 9.560e-01) (elapsed time: 12580.697) (secs/iter:   None) (n_accepted: 0%) (u_error:  3.270376 %) (beta_change: 59.992542 %) (delta_change:  0.075350 %) (delta_peak/R:  0.538251 %)
