# ------------------------------------------------------------------------
#                  Input Arguments
# ------------------------------------------------------------------------
# Begin_Input_Arguments
{ 'all_b_mode': ['Beta_e'],
  'args_mk_solver': { 'torch': "<module 'torch' from "
                               "'/home/rafael/anaconda3/lib/python3.9/site-packages/torch/__init__.py'>",
                      'y_grid': [0.0, 0.000309700312, 0.000638645973, 0.00098802599, 0.00135910194, 0.00175321227, 0.00217177688, 0.00261630193, 0.00308838486, 0.00358971984, 0.00412210331, 0.00468744001, 0.00528774917, 0.00592517114, 0.00660197432, 0.0073205624, 0.00808348206, 0.00889343092, 0.00975326602, 0.0106660126, 0.0116348733, 0.0126632377, 0.0137546927, 0.0149130326, 0.0161422702, 0.0174466482, 0.0188306506, 0.0202990157, 0.0218567475, 0.02350913, 0.0252617393, 0.0271204584, 0.0290914903, 0.0311813732, 0.033396994, 0.0357456039, 0.0382348325, 0.0408727029, 0.0436676462, 0.0466285159, 0.0497646022, 0.0530856456, 0.0566018496, 0.0603238931, 0.0642629411, 0.068430655, 0.0728392004, 0.0775012535, 0.0824300053, 0.0876391634, 0.0931429507, 0.0989561006, 0.105093849, 0.111571922, 0.118406518, 0.125614286, 0.133212296, 0.141218006, 0.14964922, 0.158524039, 0.167860801, 0.177678022, 0.187994313, 0.1988283, 0.21019853, 0.222123362, 0.234620856, 0.247708641, 0.261403784, 0.275722637, 0.290680679, 0.306292354, 0.322570888, 0.339528108, 0.357174255, 0.375517785, 0.394565175, 0.414320726, 0.43478637, 0.45596148, 0.47784269, 0.500423731, 0.523695275, 0.547644806, 0.572256506, 0.597511177, 0.623386184, 0.649855436, 0.676889401, 0.704455158, 0.73251649, 0.761034018, 0.789965372, 0.819265404, 0.848886442, 0.878778572, 0.908889961, 0.939167201, 0.969555687, 1.0],
                      'Ret': 150,
                      'cp': 1.0,
                      'A_sca_rho': 1.0,
                      'A_sca_mu': 0.006666666666666667,
                      'A_sca_k': 0.006666666666666667,
                      'b_exp_rho': 0,
                      'b_exp_mu': -1,
                      'b_exp_k': 0,
                      'tensor_device': 'cpu',
                      'as_tensor': '<function '
                                   'Build_arguments_fi_run._mk_args_MK_solver.<locals>.<lambda> '
                                   'at 0x7efc2c91ce50>',
                      'ref_dns': { 'u_dns': [2.685549349185698e-19, 0.016036741157999967, 0.03734618807643848, 0.06454286215693565, 0.09826405516268362, 0.13915916871882159, 0.18787439929900748, 0.245032729589369, 0.3112063156073498, 0.3868812330476876, 0.4724114501636574, 0.5679596197261876, 0.6734229483209241, 0.7883380864372367, 0.9117984675285732, 1.0435705346251989, 1.184826134182433, 1.3371177528087608, 1.5021990618798078, 1.680946717995373, 1.8736648270334924, 2.0805199723502668, 2.302373561678369, 2.5406176662145143, 2.796412201793541, 3.069451755875973, 3.358649781648893, 3.6633624250253285, 3.9832789279851433, 4.317527446000001, 4.664452155608373, 5.021733104545906, 5.386361450309836, 5.755679623476142, 6.127414832000001, 6.499340855647194, 6.868505987511844, 7.230801353816206, 7.5838826702019455, 7.926681579925725, 8.258379111187695, 8.577670272396428, 8.883436339963483, 9.175126348435311, 9.452984463694127, 9.717712248, 9.9696379036876, 10.20945670560719, 10.437427943159541, 10.654356885829118, 10.861431319273338, 11.058885877088738, 11.24728188, 11.42748649, 11.60061456, 11.768206500000002, 11.93079743, 12.088957050000001, 12.24357794, 12.39511148, 12.544153989999998, 12.691347190000004, 12.836865599999998, 12.981037720000002, 13.124326339999998, 13.266950530000003, 13.40924404, 13.551543989999999, 13.693801890000003, 13.835987979999995, 13.978154359999994, 14.120336900000002, 14.262653810000002, 14.40526108, 14.54805189, 14.690887269999992, 14.83368326, 14.97639629, 15.119046680000002, 15.26171142, 15.404309639999996, 15.546696589999996, 15.688753330000004, 15.830109430000002, 15.97013028, 16.1081351, 16.243387740000003, 16.375058160000002, 16.502270630000005, 16.624119310000008, 16.73963197, 16.847770040000007, 16.94748407, 17.03772805, 17.117377019999992, 17.185152299999995, 17.23979023, 17.280080559999995, 17.30488638, 17.31324987],
                                   'T_dns': [1.0, 1.0090523651059458, 1.0186372372145698, 1.0287824337101512, 1.03951681526779, 1.050870451761434, 1.062874712566429, 1.0755626410069283, 1.0889692390343777, 1.103132168491795, 1.1180926486885718, 1.1338967632788606, 1.150597518718977, 1.1682575218723432, 1.1869520858278284, 1.2067477790016963, 1.227689173643415, 1.2498169078203683, 1.2731680285413154, 1.2977753342602483, 1.3236671349783575, 1.3508678821087712, 1.3794042802043358, 1.4093082767407294, 1.4406223030607537, 1.473409661995842, 1.5077613111363628, 1.5436976857168496, 1.5811572470957018, 1.6200477630000003, 1.6602474157835392, 1.7016086577550544, 1.743965552326049, 1.7871258180429517, 1.830889446, 1.875092897164125, 1.9196588752637624, 1.964614615338646, 2.009775289140023, 2.0548333245259185, 2.099528392754729, 2.143707215857665, 2.187388877198076, 2.230484355115275, 2.2726826510282763, 2.3137485999999994, 2.353604026466174, 2.3924163999918213, 2.430499999232292, 2.4677481987471386, 2.504007513104316, 2.5392522636704427, 2.573637895, 2.6072709089999986, 2.6400832949999997, 2.672107356, 2.7035312250000008, 2.734462125, 2.7647999430000003, 2.794489302, 2.8235434310000005, 2.8519808860000015, 2.8798907980000004, 2.9074707800000006, 2.9348172030000006, 2.961960374, 2.9889403449999996, 3.015761482, 3.0423911039999996, 3.0685628119999997, 3.094028832999999, 3.1190471899999994, 3.144066644, 3.1692247240000007, 3.1945070780000013, 3.2196337449999994, 3.2442267949999994, 3.2679061849999997, 3.2909400630000007, 3.314315061, 3.3379259209999996, 3.3611825280000005, 3.383962605, 3.4061869750000002, 3.4276967520000015, 3.4486032340000006, 3.468417295, 3.4878159909999997, 3.507108028000001, 3.5238858090000003, 3.5410937790000006, 3.555030745, 3.5692741189999992, 3.582209434, 3.591539566, 3.601008518999999, 3.6068811059999994, 3.6126926949999993, 3.6151473300000005, 3.615478617000001],
                                   'mu_dns': [0.006666666666666667, 0.006606858967093049, 0.006544691695049799, 0.006480152117901472, 0.006413236004219197, 0.006343947206329975, 0.006272297748592832, 0.006198306274774862, 0.006121997231600595, 0.006043397932798344, 0.005962535103406774, 0.005879430017410788, 0.005794090946840413, 0.005706504380970843, 0.005616626607144857, 0.005524490521276772, 0.00543025613468757, 0.005334114641074165, 0.005236281871062024, 0.005136995973549435, 0.005036512949893305, 0.0049350989500614026, 0.004833004190532967, 0.004730453071690243, 0.004627629776730953, 0.004524652470132561, 0.004421566343045481, 0.004318634878027206, 0.004216321102099188, 0.004115105010435835, 0.004015465769311493, 0.003917861275730727, 0.00382270547590511, 0.0037303846205787626, 0.0036412174865235783, 0.0035553794037347583, 0.0034728392385603734, 0.0033933712060456784, 0.0033171204276868757, 0.0032443831755574475, 0.003175316270869541, 0.0031098774204570815, 0.0030477738714692094, 0.0029888874366581796, 0.0029333909262035905, 0.002881327153117097, 0.002832535376257133, 0.0027865829153693555, 0.00274291983903412, 0.0027015181978660933, 0.002662398827390793, 0.0026254448059564285, 0.0025903669974779676, 0.002556952038874864, 0.002525172853179493, 0.0024949097391978687, 0.002465910733717035, 0.0024380175558901436, 0.0024112654818101847, 0.0023856475893092063, 0.002361099387908323, 0.0023375565731847837, 0.0023149025898122496, 0.002292943651411921, 0.0022715781616149486, 0.002250761598698777, 0.0022304448724842878, 0.0022106080691253645, 0.002191258927197635, 0.002172569725669565, 0.0021546879575141532, 0.002137404874168213, 0.002120396105276281, 0.002103563883047211, 0.00208691560353045, 0.002070628895917063, 0.0020549323730823413, 0.0020400422439503622, 0.0020257636234764405, 0.0020114764420299833, 0.001997248238711487, 0.0019834289304822505, 0.0019700769319425347, 0.0019572227583503888, 0.001944940626027312, 0.0019331498042278602, 0.0019221062806592502, 0.0019114158212100094, 0.0019009014303070864, 0.0018918509361569003, 0.0018826574732932727, 0.0018752767964223802, 0.0018677934068382681, 0.0018610488274055132, 0.0018562141789493145, 0.0018513332116520517, 0.0018483189411419062, 0.0018453456270701896, 0.0018440926629307432, 0.001843923688365895],
                                   'rho_dns': [1.0, 1.0, 1.0, 1.0, 1.0, 1.0, 1.0, 1.0, 1.0, 1.0, 1.0, 1.0, 1.0, 1.0, 1.0, 1.0, 1.0, 1.0, 1.0, 1.0, 1.0, 1.0, 1.0, 1.0, 1.0, 1.0, 1.0, 1.0, 1.0, 1.0, 1.0, 1.0, 1.0, 1.0, 1.0, 1.0, 1.0, 1.0, 1.0, 1.0, 1.0, 1.0, 1.0, 1.0, 1.0, 1.0, 1.0, 1.0, 1.0, 1.0, 1.0, 1.0, 1.0, 1.0, 1.0, 1.0, 1.0, 1.0, 1.0, 1.0, 1.0, 1.0, 1.0, 1.0, 1.0, 1.0, 1.0, 1.0, 1.0, 1.0, 1.0, 1.0, 1.0, 1.0, 1.0, 1.0, 1.0, 1.0, 1.0, 1.0, 1.0, 1.0, 1.0, 1.0, 1.0, 1.0, 1.0, 1.0, 1.0, 1.0, 1.0, 1.0, 1.0, 1.0, 1.0, 1.0, 1.0, 1.0, 1.0, 1.0]},
                      'case': 'T31_LL1',
                      'constant_Sq_heat': 0.19333333333333333,
                      'use_visc_heating': False,
                      'Pr_turb': 1.0,
                      'fprint': '<function '
                                'Build_arguments_fi_run._mk_args_MK_solver.<locals>.<lambda> '
                                'at 0x7efc2c91cc10>',
                      'compressible_correction': False,
                      'bool_solve_energy': False,
                      'output_last': False},
  'u_imp': 100,
  'k_imp': 0,
  'e_imp': 1,
  'solve_sparse_adj': True,
  'all_ref_beta_distrib': {'K': [1.0, 1.0, 1.0, 1.0, 1.0, 1.0, 1.0, 1.0, 1.0, 1.0, 1.0, 1.0, 1.0, 1.0, 1.0, 1.0, 1.0, 1.0, 1.0, 1.0, 1.0, 1.0, 1.0, 1.0, 1.0, 1.0, 1.0, 1.0, 1.0, 1.0, 1.0, 1.0, 1.0, 1.0, 1.0, 1.0, 1.0, 1.0, 1.0, 1.0, 1.0, 1.0, 1.0, 1.0, 1.0, 1.0, 1.0, 1.0, 1.0, 1.0, 1.0, 1.0, 1.0, 1.0, 1.0, 1.0, 1.0, 1.0, 1.0, 1.0, 1.0, 1.0, 1.0, 1.0, 1.0, 1.0, 1.0, 1.0, 1.0, 1.0, 1.0, 1.0, 1.0, 1.0, 1.0, 1.0, 1.0, 1.0, 1.0, 1.0, 1.0, 1.0, 1.0, 1.0, 1.0, 1.0, 1.0, 1.0, 1.0, 1.0, 1.0, 1.0, 1.0, 1.0, 1.0, 1.0, 1.0, 1.0, 1.0, 1.0], 'E': [1.0, 1.00005426, 1.00015323, 1.00027819, 1.0004298, 1.00061176, 1.00082909, 1.00108792, 1.00139562, 1.00176097, 1.00219441, 1.00270838, 1.00331768, 1.00403985, 1.00489564, 1.00590934, 1.0071089, 1.00852608, 1.01019604, 1.01215616, 1.01444355, 1.01708996, 1.02011164, 1.02348763, 1.02711466, 1.03073239, 1.03388817, 1.03617735, 1.03774122, 1.03904567, 1.0399925, 1.04010593, 1.03908525, 1.03672965, 1.03285092, 1.02727727, 1.01985637, 1.01044359, 0.99889467, 0.98510733, 0.96916331, 0.95156057, 0.93342593, 0.91653885, 0.90306594, 0.89506614, 0.89396, 0.90019028, 0.91318775, 0.93159753, 0.9536454, 0.97748601, 1.00145658, 1.02421762, 1.04479747, 1.06256756, 1.07718113, 1.08850674, 1.09656908, 1.10149547, 1.10347674, 1.10274149, 1.09953549, 1.09410965, 1.08671591, 1.07760259, 1.06701261, 1.05518335, 1.04234651, 1.02872884, 1.01455334, 1.00004293, 0.98542491, 0.97093314, 0.95680813, 0.94329585, 0.93064707, 0.91911556, 0.90895531, 0.90041366, 0.89371868, 0.88906599, 0.88660093, 0.8863992, 0.88844856, 0.89263586, 0.89874464, 0.90645936, 0.91538287, 0.92506683, 0.9350317, 0.94481891, 0.9540074, 0.96225651, 0.96931948, 0.9750518, 0.9794094, 0.98242781, 0.98418478, 0.99237762]},
  'all_ref_delta_distrib': {'K': [-0.0, -0.0, -0.0, -0.0, -0.0, -0.0, -0.0, -0.0, -0.0, -0.0, -0.0, -0.0, -0.0, -0.0, -0.0, -0.0, -0.0, -0.0, -0.0, -0.0, -0.0, -0.0, -0.0, -0.0, -0.0, -0.0, -0.0, -0.0, -0.0, -0.0, -0.0, -0.0, -0.0, -0.0, -0.0, -0.0, -0.0, -0.0, -0.0, -0.0, -0.0, -0.0, -0.0, -0.0, -0.0, -0.0, -0.0, -0.0, -0.0, -0.0, -0.0, -0.0, -0.0, -0.0, -0.0, -0.0, -0.0, -0.0, -0.0, -0.0, -0.0, -0.0, -0.0, -0.0, -0.0, -0.0, -0.0, -0.0, -0.0, -0.0, -0.0, -0.0, -0.0, -0.0, -0.0, -0.0, -0.0, -0.0, -0.0, -0.0, -0.0, -0.0, -0.0, -0.0, -0.0, -0.0, -0.0, -0.0, -0.0, -0.0, -0.0, -0.0, -0.0, -0.0, -0.0, -0.0, -0.0, -0.0, -0.0, -0.0], 'E': [-0.0, -0.010906408897378242, -0.04159552660710259, -0.08569267412732139, -0.1422391387190495, -0.2123164341215402, -0.2979650987848789, -0.4019537038463497, -0.5278096790392779, -0.6799337213949275, -0.863793585361151, -1.0862059421909276, -1.3556940464063119, -1.6829428711728958, -2.0814134185154383, -2.5679784294736487, -3.1636357778804753, -3.894600389470871, -4.793512176497229, -5.900933691235903, -7.267387190454506, -8.956316290246988, -11.048543981924944, -13.646408605288013, -16.866477203019976, -20.785083383232696, -25.290518823646945, -29.946003809806868, -34.22068546677594, -37.87077494760607, -40.749981330847696, -42.5224988182039, -42.73834048737628, -40.97402500932932, -36.92898250302462, -30.498254230227605, -21.79517476979875, -11.114306447336437, 1.1273526550578168, 14.403875326688462, 28.01337039653681, 40.977140628930904, 52.03241839319019, 59.82723266663449, 63.289582636780565, 61.99706046149384, 56.346653209597335, 47.434210981916785, 36.71904665443643, 25.644220908986338, 15.353750509251558, 6.573057698589417, -0.37429565030098105, -5.47399600249239, -8.907610445531073, -10.952252112845496, -11.908259190697512, -12.056328498887034, -11.636955984798124, -10.84371507042093, -9.825346524360782, -8.691967950549106, -7.522089465560857, -6.369616267357422, -5.27010718240024, -4.245597101623144, -3.308448451246215, -2.464301175685704, -1.714230600239688, -1.0563417502733128, -0.4869204454297065, -0.0013089691777971011, 0.405500405541518, 0.7385577568621446, 1.002827954781673, 1.2031653767472936, 1.3443240022884522, 1.4310292978555492, 1.4680848892214027, 1.4605369139447275, 1.413864814506223, 1.3340814950027082, 1.227784395004328, 1.1020881250279622, 0.9644169059913217, 0.8221549892918586, 0.6821895863747418, 0.5504699357097251, 0.431615279827673, 0.328659174932388, 0.24305483133005285, 0.17473022293854662, 0.12244212449917867, 0.08409848155532873, 0.05718730276110467, 0.03914273188742215, 0.027634845338137034, 0.02076905000731678, 0.01718620116775695, 0.00804098062583729]},
  'fname_print': '/media/rafael/DATA/Dropbox/20220924_FIML_solver/data/output/field_inversion/Beta_e/u_imp_100/FI_run_T31_LL1_u_imp_100_k_imp_0_e_imp_1/FI_run_T31_LL1_u_imp_100_k_imp_0_e_imp_1.log',
  'folder': '/media/rafael/DATA/Dropbox/20220924_FIML_solver/data/output/field_inversion/Beta_e/u_imp_100/FI_run_T31_LL1_u_imp_100_k_imp_0_e_imp_1',
  'iters_limit': 15000}
# End_Input_Arguments

# ------------------------------------------------------------------------
#                  Iterations
# ------------------------------------------------------------------------

iter:      0 (Jcost: 2.013057e+00) (lr = 1.000e-03) (elapsed time:  0.002) (secs/iter:   None) (n_accepted: 0%) (u_error:  2.866796 %) (beta_change: 11.360080 %) (delta_change:  4.014241 %) (delta_peak/R:  0.000000 %)
-> Saved file: /media/rafael/DATA/Dropbox/20220924_FIML_solver/data/output/field_inversion/Beta_e/u_imp_100/FI_run_T31_LL1_u_imp_100_k_imp_0_e_imp_1/FI_run_T31_LL1_u_imp_100_k_imp_0_e_imp_1_state_iter_0.dat
iter:    100 (Jcost: 3.212535e-01) (lr = 9.889e-03) (elapsed time: 120.786) (secs/iter:  1.208) (n_accepted: 82%) (u_error:  1.061637 %) (beta_change:  6.228751 %) (delta_change:  2.069777 %) (delta_peak/R:  2.918625 %)
iter:    200 (Jcost: 3.093875e-01) (lr = 3.537e-03) (elapsed time: 224.357) (secs/iter:  1.036) (n_accepted: 78%) (u_error:  1.061685 %) (beta_change:  2.570955 %) (delta_change:  0.916322 %) (delta_peak/R:  3.469367 %)
iter:    300 (Jcost: 3.064138e-01) (lr = 1.749e-02) (elapsed time: 305.920) (secs/iter:  0.816) (n_accepted: 81%) (u_error:  1.061690 %) (beta_change:  1.251152 %) (delta_change:  0.791514 %) (delta_peak/R:  3.592407 %)
iter:    400 (Jcost: 3.052963e-01) (lr = 3.603e-02) (elapsed time: 402.889) (secs/iter:  0.970) (n_accepted: 80%) (u_error:  1.061684 %) (beta_change:  1.217955 %) (delta_change:  0.767067 %) (delta_peak/R:  3.605115 %)
iter:    500 (Jcost: 3.043187e-01) (lr = 1.289e-02) (elapsed time: 496.926) (secs/iter:  0.940) (n_accepted: 78%) (u_error:  1.061671 %) (beta_change:  2.112039 %) (delta_change:  0.753436 %) (delta_peak/R:  3.575250 %)
-> Saved file: /media/rafael/DATA/Dropbox/20220924_FIML_solver/data/output/field_inversion/Beta_e/u_imp_100/FI_run_T31_LL1_u_imp_100_k_imp_0_e_imp_1/FI_run_T31_LL1_u_imp_100_k_imp_0_e_imp_1_state_iter_500.dat
iter:    600 (Jcost: 3.037027e-01) (lr = 1.920e-03) (elapsed time: 595.224) (secs/iter:  0.983) (n_accepted: 77%) (u_error:  1.061657 %) (beta_change:  2.969944 %) (delta_change:  0.863756 %) (delta_peak/R:  3.530177 %)
iter:    700 (Jcost: 3.032413e-01) (lr = 3.956e-03) (elapsed time: 684.324) (secs/iter:  0.891) (n_accepted: 80%) (u_error:  1.061645 %) (beta_change:  3.672253 %) (delta_change:  0.942366 %) (delta_peak/R:  3.508018 %)
iter:    800 (Jcost: 3.029579e-01) (lr = 4.695e-02) (elapsed time: 770.871) (secs/iter:  0.865) (n_accepted: 82%) (u_error:  1.061636 %) (beta_change:  4.116607 %) (delta_change:  0.980860 %) (delta_peak/R:  3.488023 %)
iter:    900 (Jcost: 3.027021e-01) (lr = 1.679e-02) (elapsed time: 859.726) (secs/iter:  0.889) (n_accepted: 78%) (u_error:  1.061628 %) (beta_change:  4.539081 %) (delta_change:  1.016970 %) (delta_peak/R:  3.461328 %)
iter:   1000 (Jcost: 3.024763e-01) (lr = 6.005e-03) (elapsed time: 941.149) (secs/iter:  0.814) (n_accepted: 78%) (u_error:  1.061619 %) (beta_change:  5.058199 %) (delta_change:  1.070410 %) (delta_peak/R:  3.433397 %)
-> Saved file: /media/rafael/DATA/Dropbox/20220924_FIML_solver/data/output/field_inversion/Beta_e/u_imp_100/FI_run_T31_LL1_u_imp_100_k_imp_0_e_imp_1/FI_run_T31_LL1_u_imp_100_k_imp_0_e_imp_1_state_iter_1000.dat
iter:   1100 (Jcost: 3.022843e-01) (lr = 5.155e-03) (elapsed time: 1002.819) (secs/iter:  0.617) (n_accepted: 79%) (u_error:  1.061611 %) (beta_change:  5.587060 %) (delta_change:  1.145620 %) (delta_peak/R:  3.406492 %)
iter:   1200 (Jcost: 3.021209e-01) (lr = 1.844e-03) (elapsed time: 1085.495) (secs/iter:  0.827) (n_accepted: 78%) (u_error:  1.061604 %) (beta_change:  6.103638 %) (delta_change:  1.210107 %) (delta_peak/R:  3.380596 %)
iter:   1300 (Jcost: 3.019909e-01) (lr = 1.260e-01) (elapsed time: 1171.310) (secs/iter:  0.858) (n_accepted: 84%) (u_error:  1.061598 %) (beta_change:  6.583961 %) (delta_change:  1.262755 %) (delta_peak/R:  3.359110 %)
iter:   1400 (Jcost: 3.019182e-01) (lr = 4.508e-02) (elapsed time: 1256.387) (secs/iter:  0.851) (n_accepted: 78%) (u_error:  1.061594 %) (beta_change:  6.872255 %) (delta_change:  1.289464 %) (delta_peak/R:  3.345385 %)
iter:   1500 (Jcost: 3.018480e-01) (lr = 2.799e-03) (elapsed time: 1342.603) (secs/iter:  0.862) (n_accepted: 76%) (u_error:  1.061591 %) (beta_change:  7.184727 %) (delta_change:  1.315899 %) (delta_peak/R:  3.332194 %)
-> Saved file: /media/rafael/DATA/Dropbox/20220924_FIML_solver/data/output/field_inversion/Beta_e/u_imp_100/FI_run_T31_LL1_u_imp_100_k_imp_0_e_imp_1/FI_run_T31_LL1_u_imp_100_k_imp_0_e_imp_1_state_iter_1500.dat
iter:   1600 (Jcost: 3.017850e-01) (lr = 2.403e-03) (elapsed time: 1431.629) (secs/iter:  0.890) (n_accepted: 79%) (u_error:  1.061587 %) (beta_change:  7.492452 %) (delta_change:  1.338502 %) (delta_peak/R:  3.319659 %)
iter:   1700 (Jcost: 3.017416e-01) (lr = 4.950e-03) (elapsed time: 1511.863) (secs/iter:  0.802) (n_accepted: 80%) (u_error:  1.061585 %) (beta_change:  7.722585 %) (delta_change:  1.353358 %) (delta_peak/R:  3.310727 %)
iter:   1800 (Jcost: 3.016880e-01) (lr = 4.249e-03) (elapsed time: 1593.700) (secs/iter:  0.818) (n_accepted: 79%) (u_error:  1.061582 %) (beta_change:  8.031915 %) (delta_change:  1.370489 %) (delta_peak/R:  3.299190 %)
iter:   1900 (Jcost: 3.016387e-01) (lr = 1.520e-03) (elapsed time: 1674.707) (secs/iter:  0.810) (n_accepted: 78%) (u_error:  1.061579 %) (beta_change:  8.350295 %) (delta_change:  1.384751 %) (delta_peak/R:  3.288491 %)
iter:   2000 (Jcost: 3.016008e-01) (lr = 1.039e-01) (elapsed time: 1756.234) (secs/iter:  0.815) (n_accepted: 84%) (u_error:  1.061576 %) (beta_change:  8.622677 %) (delta_change:  1.394584 %) (delta_peak/R:  3.280236 %)
-> Saved file: /media/rafael/DATA/Dropbox/20220924_FIML_solver/data/output/field_inversion/Beta_e/u_imp_100/FI_run_T31_LL1_u_imp_100_k_imp_0_e_imp_1/FI_run_T31_LL1_u_imp_100_k_imp_0_e_imp_1_state_iter_2000.dat
iter:   2100 (Jcost: 3.015760e-01) (lr = 1.548e-02) (elapsed time: 1841.633) (secs/iter:  0.854) (n_accepted: 77%) (u_error:  1.061575 %) (beta_change:  8.812090 %) (delta_change:  1.405008 %) (delta_peak/R:  3.274172 %)
iter:   2200 (Jcost: 3.015484e-01) (lr = 5.536e-03) (elapsed time: 1921.313) (secs/iter:  0.797) (n_accepted: 78%) (u_error:  1.061573 %) (beta_change:  9.036533 %) (delta_change:  1.420235 %) (delta_peak/R:  3.267802 %)
iter:   2300 (Jcost: 3.015209e-01) (lr = 4.753e-03) (elapsed time: 2001.910) (secs/iter:  0.806) (n_accepted: 79%) (u_error:  1.061572 %) (beta_change:  9.275988 %) (delta_change:  1.434671 %) (delta_peak/R:  3.261140 %)
iter:   2400 (Jcost: 3.015022e-01) (lr = 5.640e-02) (elapsed time: 2077.407) (secs/iter:  0.755) (n_accepted: 82%) (u_error:  1.061570 %) (beta_change:  9.448719 %) (delta_change:  1.443981 %) (delta_peak/R:  3.256559 %)
iter:   2500 (Jcost: 3.014807e-01) (lr = 1.459e-03) (elapsed time: 2156.760) (secs/iter:  0.794) (n_accepted: 75%) (u_error:  1.061569 %) (beta_change:  9.656777 %) (delta_change:  1.454095 %) (delta_peak/R:  3.251341 %)
-> Saved file: /media/rafael/DATA/Dropbox/20220924_FIML_solver/data/output/field_inversion/Beta_e/u_imp_100/FI_run_T31_LL1_u_imp_100_k_imp_0_e_imp_1/FI_run_T31_LL1_u_imp_100_k_imp_0_e_imp_1_state_iter_2500.dat
iter:   2600 (Jcost: 3.014618e-01) (lr = 7.214e-03) (elapsed time: 2240.806) (secs/iter:  0.840) (n_accepted: 81%) (u_error:  1.061568 %) (beta_change:  9.851303 %) (delta_change:  1.462229 %) (delta_peak/R:  3.246353 %)
iter:   2700 (Jcost: 3.014398e-01) (lr = 2.055e-01) (elapsed time: 2311.065) (secs/iter:  0.703) (n_accepted: 83%) (u_error:  1.061567 %) (beta_change: 10.087555 %) (delta_change:  1.470916 %) (delta_peak/R:  3.240941 %)
iter:   2800 (Jcost: 3.014254e-01) (lr = 7.349e-02) (elapsed time: 2386.373) (secs/iter:  0.753) (n_accepted: 78%) (u_error:  1.061566 %) (beta_change: 10.245943 %) (delta_change:  1.476048 %) (delta_peak/R:  3.237850 %)
iter:   2900 (Jcost: 3.014092e-01) (lr = 2.628e-02) (elapsed time: 2460.161) (secs/iter:  0.738) (n_accepted: 78%) (u_error:  1.061565 %) (beta_change: 10.434612 %) (delta_change:  1.481233 %) (delta_peak/R:  3.234001 %)
iter:   3000 (Jcost: 3.013949e-01) (lr = 9.401e-03) (elapsed time: 2535.900) (secs/iter:  0.757) (n_accepted: 78%) (u_error:  1.061564 %) (beta_change: 10.606131 %) (delta_change:  1.485213 %) (delta_peak/R:  3.230671 %)
-> Saved file: /media/rafael/DATA/Dropbox/20220924_FIML_solver/data/output/field_inversion/Beta_e/u_imp_100/FI_run_T31_LL1_u_imp_100_k_imp_0_e_imp_1/FI_run_T31_LL1_u_imp_100_k_imp_0_e_imp_1_state_iter_3000.dat
iter:   3100 (Jcost: 3.013784e-01) (lr = 1.401e-03) (elapsed time: 2617.170) (secs/iter:  0.813) (n_accepted: 77%) (u_error:  1.061563 %) (beta_change: 10.811941 %) (delta_change:  1.489180 %) (delta_peak/R:  3.226891 %)
iter:   3200 (Jcost: 3.013669e-01) (lr = 1.662e-02) (elapsed time: 2692.774) (secs/iter:  0.756) (n_accepted: 82%) (u_error:  1.061562 %) (beta_change: 10.963442 %) (delta_change:  1.491728 %) (delta_peak/R:  3.224650 %)
iter:   3300 (Jcost: 3.013573e-01) (lr = 5.946e-03) (elapsed time: 2739.366) (secs/iter:  0.466) (n_accepted: 78%) (u_error:  1.061562 %) (beta_change: 11.086087 %) (delta_change:  1.493176 %) (delta_peak/R:  3.222204 %)
iter:   3400 (Jcost: 3.013457e-01) (lr = 5.104e-03) (elapsed time: 2786.304) (secs/iter:  0.469) (n_accepted: 79%) (u_error:  1.061561 %) (beta_change: 11.240709 %) (delta_change:  1.494832 %) (delta_peak/R:  3.219653 %)
iter:   3500 (Jcost: 3.013339e-01) (lr = 1.826e-03) (elapsed time: 2835.706) (secs/iter:  0.494) (n_accepted: 78%) (u_error:  1.061560 %) (beta_change: 11.401282 %) (delta_change:  1.496272 %) (delta_peak/R:  3.217326 %)
-> Saved file: /media/rafael/DATA/Dropbox/20220924_FIML_solver/data/output/field_inversion/Beta_e/u_imp_100/FI_run_T31_LL1_u_imp_100_k_imp_0_e_imp_1/FI_run_T31_LL1_u_imp_100_k_imp_0_e_imp_1_state_iter_3500.dat
iter:   3600 (Jcost: 3.013227e-01) (lr = 1.248e-01) (elapsed time: 2910.179) (secs/iter:  0.745) (n_accepted: 84%) (u_error:  1.061560 %) (beta_change: 11.560658 %) (delta_change:  1.497179 %) (delta_peak/R:  3.214728 %)
iter:   3700 (Jcost: 3.013154e-01) (lr = 4.463e-02) (elapsed time: 2986.680) (secs/iter:  0.765) (n_accepted: 78%) (u_error:  1.061559 %) (beta_change: 11.660742 %) (delta_change:  1.497826 %) (delta_peak/R:  3.213687 %)
iter:   3800 (Jcost: 3.013072e-01) (lr = 1.596e-02) (elapsed time: 3062.663) (secs/iter:  0.760) (n_accepted: 78%) (u_error:  1.061559 %) (beta_change: 11.777328 %) (delta_change:  1.498299 %) (delta_peak/R:  3.212193 %)
iter:   3900 (Jcost: 3.012967e-01) (lr = 2.379e-03) (elapsed time: 3136.443) (secs/iter:  0.738) (n_accepted: 77%) (u_error:  1.061558 %) (beta_change: 11.929119 %) (delta_change:  1.498727 %) (delta_peak/R:  3.210325 %)
iter:   4000 (Jcost: 3.012886e-01) (lr = 4.901e-03) (elapsed time: 3207.496) (secs/iter:  0.711) (n_accepted: 80%) (u_error:  1.061558 %) (beta_change: 12.052313 %) (delta_change:  1.499096 %) (delta_peak/R:  3.209245 %)
-> Saved file: /media/rafael/DATA/Dropbox/20220924_FIML_solver/data/output/field_inversion/Beta_e/u_imp_100/FI_run_T31_LL1_u_imp_100_k_imp_0_e_imp_1/FI_run_T31_LL1_u_imp_100_k_imp_0_e_imp_1_state_iter_4000.dat
iter:   4100 (Jcost: 3.012806e-01) (lr = 5.815e-02) (elapsed time: 3286.709) (secs/iter:  0.792) (n_accepted: 82%) (u_error:  1.061558 %) (beta_change: 12.167853 %) (delta_change:  1.499097 %) (delta_peak/R:  3.207727 %)
iter:   4200 (Jcost: 3.012736e-01) (lr = 8.667e-03) (elapsed time: 3352.438) (secs/iter:  0.657) (n_accepted: 77%) (u_error:  1.061557 %) (beta_change: 12.270645 %) (delta_change:  1.498989 %) (delta_peak/R:  3.206317 %)
iter:   4300 (Jcost: 3.012657e-01) (lr = 3.100e-03) (elapsed time: 3405.023) (secs/iter:  0.526) (n_accepted: 78%) (u_error:  1.061557 %) (beta_change: 12.389437 %) (delta_change:  1.498991 %) (delta_peak/R:  3.205175 %)
iter:   4400 (Jcost: 3.012571e-01) (lr = 3.678e-02) (elapsed time: 3460.199) (secs/iter:  0.552) (n_accepted: 82%) (u_error:  1.061556 %) (beta_change: 12.522473 %) (delta_change:  1.499037 %) (delta_peak/R:  3.204205 %)
iter:   4500 (Jcost: 3.012511e-01) (lr = 7.578e-02) (elapsed time: 3532.122) (secs/iter:  0.719) (n_accepted: 80%) (u_error:  1.061556 %) (beta_change: 12.610303 %) (delta_change:  1.498778 %) (delta_peak/R:  3.203023 %)
-> Saved file: /media/rafael/DATA/Dropbox/20220924_FIML_solver/data/output/field_inversion/Beta_e/u_imp_100/FI_run_T31_LL1_u_imp_100_k_imp_0_e_imp_1/FI_run_T31_LL1_u_imp_100_k_imp_0_e_imp_1_state_iter_4500.dat
iter:   4600 (Jcost: 3.012455e-01) (lr = 2.710e-02) (elapsed time: 3581.342) (secs/iter:  0.492) (n_accepted: 78%) (u_error:  1.061556 %) (beta_change: 12.697004 %) (delta_change:  1.498650 %) (delta_peak/R:  3.202212 %)
iter:   4700 (Jcost: 3.012391e-01) (lr = 5.584e-02) (elapsed time: 3644.335) (secs/iter:  0.630) (n_accepted: 80%) (u_error:  1.061556 %) (beta_change: 12.797152 %) (delta_change:  1.498405 %) (delta_peak/R:  3.201130 %)
iter:   4800 (Jcost: 3.012327e-01) (lr = 4.793e-02) (elapsed time: 3700.006) (secs/iter:  0.557) (n_accepted: 79%) (u_error:  1.061555 %) (beta_change: 12.894054 %) (delta_change:  1.498306 %) (delta_peak/R:  3.200453 %)
iter:   4900 (Jcost: 3.012272e-01) (lr = 1.240e-03) (elapsed time: 3749.242) (secs/iter:  0.492) (n_accepted: 75%) (u_error:  1.061555 %) (beta_change: 12.981145 %) (delta_change:  1.498148 %) (delta_peak/R:  3.199733 %)
iter:   5000 (Jcost: 3.012221e-01) (lr = 1.472e-02) (elapsed time: 3806.362) (secs/iter:  0.571) (n_accepted: 82%) (u_error:  1.061555 %) (beta_change: 13.060335 %) (delta_change:  1.498023 %) (delta_peak/R:  3.199146 %)
-> Saved file: /media/rafael/DATA/Dropbox/20220924_FIML_solver/data/output/field_inversion/Beta_e/u_imp_100/FI_run_T31_LL1_u_imp_100_k_imp_0_e_imp_1/FI_run_T31_LL1_u_imp_100_k_imp_0_e_imp_1_state_iter_5000.dat
iter:   5100 (Jcost: 3.012161e-01) (lr = 2.193e-03) (elapsed time: 3888.771) (secs/iter:  0.824) (n_accepted: 77%) (u_error:  1.061554 %) (beta_change: 13.153503 %) (delta_change:  1.497844 %) (delta_peak/R:  3.198410 %)
iter:   5200 (Jcost: 3.012104e-01) (lr = 1.882e-03) (elapsed time: 3963.816) (secs/iter:  0.750) (n_accepted: 79%) (u_error:  1.061554 %) (beta_change: 13.243226 %) (delta_change:  1.497696 %) (delta_peak/R:  3.197776 %)
iter:   5300 (Jcost: 3.012042e-01) (lr = 3.878e-03) (elapsed time: 4034.530) (secs/iter:  0.707) (n_accepted: 80%) (u_error:  1.061554 %) (beta_change: 13.342288 %) (delta_change:  1.497593 %) (delta_peak/R:  3.197224 %)
iter:   5400 (Jcost: 3.011985e-01) (lr = 1.918e-02) (elapsed time: 4107.332) (secs/iter:  0.728) (n_accepted: 81%) (u_error:  1.061553 %) (beta_change: 13.436812 %) (delta_change:  1.497195 %) (delta_peak/R:  3.196032 %)
iter:   5500 (Jcost: 3.011942e-01) (lr = 1.646e-02) (elapsed time: 4180.351) (secs/iter:  0.730) (n_accepted: 79%) (u_error:  1.061553 %) (beta_change: 13.500719 %) (delta_change:  1.497279 %) (delta_peak/R:  3.196017 %)
-> Saved file: /media/rafael/DATA/Dropbox/20220924_FIML_solver/data/output/field_inversion/Beta_e/u_imp_100/FI_run_T31_LL1_u_imp_100_k_imp_0_e_imp_1/FI_run_T31_LL1_u_imp_100_k_imp_0_e_imp_1_state_iter_5500.dat
iter:   5600 (Jcost: 3.011890e-01) (lr = 1.413e-02) (elapsed time: 4257.808) (secs/iter:  0.775) (n_accepted: 79%) (u_error:  1.061553 %) (beta_change: 13.583647 %) (delta_change:  1.497142 %) (delta_peak/R:  3.195444 %)
iter:   5700 (Jcost: 3.011830e-01) (lr = 5.054e-03) (elapsed time: 4328.247) (secs/iter:  0.704) (n_accepted: 78%) (u_error:  1.061552 %) (beta_change: 13.679708 %) (delta_change:  1.497009 %) (delta_peak/R:  3.194829 %)
iter:   5800 (Jcost: 3.011775e-01) (lr = 1.807e-03) (elapsed time: 4403.745) (secs/iter:  0.755) (n_accepted: 78%) (u_error:  1.061552 %) (beta_change: 13.768637 %) (delta_change:  1.496923 %) (delta_peak/R:  3.194332 %)
iter:   5900 (Jcost: 3.011729e-01) (lr = 1.235e-01) (elapsed time: 4476.704) (secs/iter:  0.730) (n_accepted: 84%) (u_error:  1.061552 %) (beta_change: 13.844515 %) (delta_change:  1.496736 %) (delta_peak/R:  3.193638 %)
iter:   6000 (Jcost: 3.011694e-01) (lr = 1.841e-02) (elapsed time: 4549.626) (secs/iter:  0.729) (n_accepted: 77%) (u_error:  1.061552 %) (beta_change: 13.899202 %) (delta_change:  1.496801 %) (delta_peak/R:  3.193581 %)
-> Saved file: /media/rafael/DATA/Dropbox/20220924_FIML_solver/data/output/field_inversion/Beta_e/u_imp_100/FI_run_T31_LL1_u_imp_100_k_imp_0_e_imp_1/FI_run_T31_LL1_u_imp_100_k_imp_0_e_imp_1_state_iter_6000.dat
iter:   6100 (Jcost: 3.011650e-01) (lr = 2.744e-03) (elapsed time: 4630.112) (secs/iter:  0.805) (n_accepted: 77%) (u_error:  1.061551 %) (beta_change: 13.970769 %) (delta_change:  1.496727 %) (delta_peak/R:  3.193138 %)
iter:   6200 (Jcost: 3.011603e-01) (lr = 2.355e-03) (elapsed time: 4703.668) (secs/iter:  0.736) (n_accepted: 79%) (u_error:  1.061551 %) (beta_change: 14.049909 %) (delta_change:  1.496830 %) (delta_peak/R:  3.193048 %)
iter:   6300 (Jcost: 3.011550e-01) (lr = 6.708e-02) (elapsed time: 4773.435) (secs/iter:  0.698) (n_accepted: 83%) (u_error:  1.061551 %) (beta_change: 14.133959 %) (delta_change:  1.496746 %) (delta_peak/R:  3.192498 %)
iter:   6400 (Jcost: 3.011517e-01) (lr = 2.399e-02) (elapsed time: 4845.059) (secs/iter:  0.716) (n_accepted: 78%) (u_error:  1.061550 %) (beta_change: 14.187241 %) (delta_change:  1.496634 %) (delta_peak/R:  3.192007 %)
iter:   6500 (Jcost: 3.011475e-01) (lr = 3.575e-03) (elapsed time: 4918.510) (secs/iter:  0.735) (n_accepted: 77%) (u_error:  1.061550 %) (beta_change: 14.255173 %) (delta_change:  1.496611 %) (delta_peak/R:  3.191637 %)
-> Saved file: /media/rafael/DATA/Dropbox/20220924_FIML_solver/data/output/field_inversion/Beta_e/u_imp_100/FI_run_T31_LL1_u_imp_100_k_imp_0_e_imp_1/FI_run_T31_LL1_u_imp_100_k_imp_0_e_imp_1_state_iter_6500.dat
iter:   6600 (Jcost: 3.011432e-01) (lr = 3.069e-03) (elapsed time: 4977.445) (secs/iter:  0.589) (n_accepted: 79%) (u_error:  1.061550 %) (beta_change: 14.326276 %) (delta_change:  1.496626 %) (delta_peak/R:  3.191323 %)
iter:   6700 (Jcost: 3.011388e-01) (lr = 2.634e-03) (elapsed time: 5030.735) (secs/iter:  0.533) (n_accepted: 79%) (u_error:  1.061549 %) (beta_change: 14.397989 %) (delta_change:  1.496629 %) (delta_peak/R:  3.190963 %)
iter:   6800 (Jcost: 3.011341e-01) (lr = 1.303e-02) (elapsed time: 5074.599) (secs/iter:  0.439) (n_accepted: 81%) (u_error:  1.061549 %) (beta_change: 14.477208 %) (delta_change:  1.496770 %) (delta_peak/R:  3.190856 %)
iter:   6900 (Jcost: 3.011306e-01) (lr = 2.684e-02) (elapsed time: 5139.622) (secs/iter:  0.650) (n_accepted: 80%) (u_error:  1.061549 %) (beta_change: 14.532911 %) (delta_change:  1.496669 %) (delta_peak/R:  3.190318 %)
iter:   7000 (Jcost: 3.011267e-01) (lr = 1.666e-03) (elapsed time: 5214.957) (secs/iter:  0.753) (n_accepted: 76%) (u_error:  1.061548 %) (beta_change: 14.596905 %) (delta_change:  1.496702 %) (delta_peak/R:  3.190024 %)
-> Saved file: /media/rafael/DATA/Dropbox/20220924_FIML_solver/data/output/field_inversion/Beta_e/u_imp_100/FI_run_T31_LL1_u_imp_100_k_imp_0_e_imp_1/FI_run_T31_LL1_u_imp_100_k_imp_0_e_imp_1_state_iter_7000.dat
iter:   7100 (Jcost: 3.011224e-01) (lr = 1.977e-02) (elapsed time: 5289.046) (secs/iter:  0.741) (n_accepted: 82%) (u_error:  1.061548 %) (beta_change: 14.672258 %) (delta_change:  1.496914 %) (delta_peak/R:  3.190049 %)
iter:   7200 (Jcost: 3.011188e-01) (lr = 9.777e-02) (elapsed time: 5360.754) (secs/iter:  0.717) (n_accepted: 81%) (u_error:  1.061548 %) (beta_change: 14.727625 %) (delta_change:  1.496795 %) (delta_peak/R:  3.189440 %)
iter:   7300 (Jcost: 3.011152e-01) (lr = 8.392e-02) (elapsed time: 5429.508) (secs/iter:  0.688) (n_accepted: 79%) (u_error:  1.061547 %) (beta_change: 14.787753 %) (delta_change:  1.496857 %) (delta_peak/R:  3.189196 %)
iter:   7400 (Jcost: 3.011111e-01) (lr = 5.211e-03) (elapsed time: 5504.112) (secs/iter:  0.746) (n_accepted: 76%) (u_error:  1.061547 %) (beta_change: 14.854457 %) (delta_change:  1.496940 %) (delta_peak/R:  3.188944 %)
iter:   7500 (Jcost: 3.011076e-01) (lr = 4.473e-03) (elapsed time: 5579.733) (secs/iter:  0.756) (n_accepted: 79%) (u_error:  1.061547 %) (beta_change: 14.913396 %) (delta_change:  1.496962 %) (delta_peak/R:  3.188596 %)
-> Saved file: /media/rafael/DATA/Dropbox/20220924_FIML_solver/data/output/field_inversion/Beta_e/u_imp_100/FI_run_T31_LL1_u_imp_100_k_imp_0_e_imp_1/FI_run_T31_LL1_u_imp_100_k_imp_0_e_imp_1_state_iter_7500.dat
iter:   7600 (Jcost: 3.011040e-01) (lr = 1.600e-03) (elapsed time: 5655.514) (secs/iter:  0.758) (n_accepted: 78%) (u_error:  1.061546 %) (beta_change: 14.972717 %) (delta_change:  1.497075 %) (delta_peak/R:  3.188437 %)
iter:   7700 (Jcost: 3.010998e-01) (lr = 7.911e-03) (elapsed time: 5715.413) (secs/iter:  0.599) (n_accepted: 81%) (u_error:  1.061546 %) (beta_change: 15.043447 %) (delta_change:  1.497252 %) (delta_peak/R:  3.188332 %)
iter:   7800 (Jcost: 3.010968e-01) (lr = 9.387e-02) (elapsed time: 5789.463) (secs/iter:  0.740) (n_accepted: 82%) (u_error:  1.061546 %) (beta_change: 15.093782 %) (delta_change:  1.497286 %) (delta_peak/R:  3.188042 %)
iter:   7900 (Jcost: 3.010937e-01) (lr = 5.829e-03) (elapsed time: 5858.077) (secs/iter:  0.686) (n_accepted: 76%) (u_error:  1.061545 %) (beta_change: 15.145264 %) (delta_change:  1.497325 %) (delta_peak/R:  3.187747 %)
iter:   8000 (Jcost: 3.010903e-01) (lr = 5.004e-03) (elapsed time: 5928.630) (secs/iter:  0.706) (n_accepted: 79%) (u_error:  1.061545 %) (beta_change: 15.201900 %) (delta_change:  1.497412 %) (delta_peak/R:  3.187513 %)
-> Saved file: /media/rafael/DATA/Dropbox/20220924_FIML_solver/data/output/field_inversion/Beta_e/u_imp_100/FI_run_T31_LL1_u_imp_100_k_imp_0_e_imp_1/FI_run_T31_LL1_u_imp_100_k_imp_0_e_imp_1_state_iter_8000.dat
iter:   8100 (Jcost: 3.010872e-01) (lr = 1.425e-01) (elapsed time: 6001.212) (secs/iter:  0.726) (n_accepted: 83%) (u_error:  1.061545 %) (beta_change: 15.253543 %) (delta_change:  1.497512 %) (delta_peak/R:  3.187341 %)
iter:   8200 (Jcost: 3.010838e-01) (lr = 5.097e-02) (elapsed time: 6072.780) (secs/iter:  0.716) (n_accepted: 78%) (u_error:  1.061544 %) (beta_change: 15.310052 %) (delta_change:  1.497605 %) (delta_peak/R:  3.187106 %)
iter:   8300 (Jcost: 3.010810e-01) (lr = 7.596e-03) (elapsed time: 6144.927) (secs/iter:  0.721) (n_accepted: 77%) (u_error:  1.061544 %) (beta_change: 15.355802 %) (delta_change:  1.497699 %) (delta_peak/R:  3.186954 %)
iter:   8400 (Jcost: 3.010780e-01) (lr = 6.520e-03) (elapsed time: 6217.329) (secs/iter:  0.724) (n_accepted: 79%) (u_error:  1.061544 %) (beta_change: 15.407004 %) (delta_change:  1.497803 %) (delta_peak/R:  3.186773 %)
iter:   8500 (Jcost: 3.010745e-01) (lr = 3.224e-02) (elapsed time: 6287.406) (secs/iter:  0.701) (n_accepted: 81%) (u_error:  1.061543 %) (beta_change: 15.465558 %) (delta_change:  1.497997 %) (delta_peak/R:  3.186729 %)
-> Saved file: /media/rafael/DATA/Dropbox/20220924_FIML_solver/data/output/field_inversion/Beta_e/u_imp_100/FI_run_T31_LL1_u_imp_100_k_imp_0_e_imp_1/FI_run_T31_LL1_u_imp_100_k_imp_0_e_imp_1_state_iter_8500.dat
iter:   8600 (Jcost: 3.010719e-01) (lr = 6.641e-02) (elapsed time: 6362.719) (secs/iter:  0.753) (n_accepted: 80%) (u_error:  1.061543 %) (beta_change: 15.509278 %) (delta_change:  1.497987 %) (delta_peak/R:  3.186343 %)
iter:   8700 (Jcost: 3.010693e-01) (lr = 9.897e-03) (elapsed time: 6434.208) (secs/iter:  0.715) (n_accepted: 77%) (u_error:  1.061543 %) (beta_change: 15.552147 %) (delta_change:  1.498137 %) (delta_peak/R:  3.186320 %)
iter:   8800 (Jcost: 3.010665e-01) (lr = 8.496e-03) (elapsed time: 6504.550) (secs/iter:  0.703) (n_accepted: 79%) (u_error:  1.061542 %) (beta_change: 15.598414 %) (delta_change:  1.498204 %) (delta_peak/R:  3.186077 %)
iter:   8900 (Jcost: 3.010636e-01) (lr = 7.293e-03) (elapsed time: 6576.026) (secs/iter:  0.715) (n_accepted: 79%) (u_error:  1.061542 %) (beta_change: 15.647754 %) (delta_change:  1.498320 %) (delta_peak/R:  3.185916 %)
iter:   9000 (Jcost: 3.010605e-01) (lr = 2.608e-03) (elapsed time: 6645.400) (secs/iter:  0.694) (n_accepted: 78%) (u_error:  1.061542 %) (beta_change: 15.699819 %) (delta_change:  1.498425 %) (delta_peak/R:  3.185699 %)
-> Saved file: /media/rafael/DATA/Dropbox/20220924_FIML_solver/data/output/field_inversion/Beta_e/u_imp_100/FI_run_T31_LL1_u_imp_100_k_imp_0_e_imp_1/FI_run_T31_LL1_u_imp_100_k_imp_0_e_imp_1_state_iter_9000.dat
iter:   9100 (Jcost: 3.010581e-01) (lr = 3.095e-02) (elapsed time: 6715.497) (secs/iter:  0.701) (n_accepted: 82%) (u_error:  1.061541 %) (beta_change: 15.739595 %) (delta_change:  1.498531 %) (delta_peak/R:  3.185589 %)
iter:   9200 (Jcost: 3.010555e-01) (lr = 1.922e-03) (elapsed time: 6787.926) (secs/iter:  0.724) (n_accepted: 76%) (u_error:  1.061541 %) (beta_change: 15.781875 %) (delta_change:  1.498649 %) (delta_peak/R:  3.185482 %)
iter:   9300 (Jcost: 3.010535e-01) (lr = 5.474e-02) (elapsed time: 6859.304) (secs/iter:  0.714) (n_accepted: 83%) (u_error:  1.061541 %) (beta_change: 15.816160 %) (delta_change:  1.498694 %) (delta_peak/R:  3.185280 %)
iter:   9400 (Jcost: 3.010506e-01) (lr = 8.157e-03) (elapsed time: 6923.631) (secs/iter:  0.643) (n_accepted: 77%) (u_error:  1.061540 %) (beta_change: 15.864687 %) (delta_change:  1.498838 %) (delta_peak/R:  3.185168 %)
iter:   9500 (Jcost: 3.010482e-01) (lr = 2.918e-03) (elapsed time: 6996.515) (secs/iter:  0.729) (n_accepted: 78%) (u_error:  1.061540 %) (beta_change: 15.905417 %) (delta_change:  1.498958 %) (delta_peak/R:  3.185071 %)
-> Saved file: /media/rafael/DATA/Dropbox/20220924_FIML_solver/data/output/field_inversion/Beta_e/u_imp_100/FI_run_T31_LL1_u_imp_100_k_imp_0_e_imp_1/FI_run_T31_LL1_u_imp_100_k_imp_0_e_imp_1_state_iter_9500.dat
iter:   9600 (Jcost: 3.010453e-01) (lr = 2.504e-03) (elapsed time: 7067.455) (secs/iter:  0.709) (n_accepted: 79%) (u_error:  1.061540 %) (beta_change: 15.952874 %) (delta_change:  1.499021 %) (delta_peak/R:  3.184782 %)
iter:   9700 (Jcost: 3.010430e-01) (lr = 7.133e-02) (elapsed time: 7138.303) (secs/iter:  0.708) (n_accepted: 83%) (u_error:  1.061539 %) (beta_change: 15.991728 %) (delta_change:  1.499149 %) (delta_peak/R:  3.184714 %)
iter:   9800 (Jcost: 3.010406e-01) (lr = 6.123e-02) (elapsed time: 7209.918) (secs/iter:  0.716) (n_accepted: 79%) (u_error:  1.061539 %) (beta_change: 16.031021 %) (delta_change:  1.499267 %) (delta_peak/R:  3.184619 %)
iter:   9900 (Jcost: 3.010385e-01) (lr = 2.190e-02) (elapsed time: 7281.045) (secs/iter:  0.711) (n_accepted: 78%) (u_error:  1.061539 %) (beta_change: 16.066174 %) (delta_change:  1.499385 %) (delta_peak/R:  3.184559 %)
iter:  10000 (Jcost: 3.010359e-01) (lr = 7.832e-03) (elapsed time: 7346.201) (secs/iter:  0.652) (n_accepted: 78%) (u_error:  1.061538 %) (beta_change: 16.109919 %) (delta_change:  1.499483 %) (delta_peak/R:  3.184374 %)
-> Saved file: /media/rafael/DATA/Dropbox/20220924_FIML_solver/data/output/field_inversion/Beta_e/u_imp_100/FI_run_T31_LL1_u_imp_100_k_imp_0_e_imp_1/FI_run_T31_LL1_u_imp_100_k_imp_0_e_imp_1_state_iter_10000.dat
iter:  10100 (Jcost: 3.010333e-01) (lr = 2.801e-03) (elapsed time: 7422.560) (secs/iter:  0.764) (n_accepted: 78%) (u_error:  1.061538 %) (beta_change: 16.152774 %) (delta_change:  1.499616 %) (delta_peak/R:  3.184273 %)
iter:  10200 (Jcost: 3.010312e-01) (lr = 2.405e-03) (elapsed time: 7492.408) (secs/iter:  0.698) (n_accepted: 79%) (u_error:  1.061538 %) (beta_change: 16.188866 %) (delta_change:  1.499693 %) (delta_peak/R:  3.184108 %)
iter:  10300 (Jcost: 3.010294e-01) (lr = 1.189e-02) (elapsed time: 7560.527) (secs/iter:  0.681) (n_accepted: 81%) (u_error:  1.061537 %) (beta_change: 16.217704 %) (delta_change:  1.499759 %) (delta_peak/R:  3.183984 %)
iter:  10400 (Jcost: 3.010274e-01) (lr = 1.411e-01) (elapsed time: 7621.356) (secs/iter:  0.608) (n_accepted: 82%) (u_error:  1.061537 %) (beta_change: 16.251982 %) (delta_change:  1.499875 %) (delta_peak/R:  3.183922 %)
iter:  10500 (Jcost: 3.010254e-01) (lr = 2.103e-02) (elapsed time: 7694.491) (secs/iter:  0.731) (n_accepted: 77%) (u_error:  1.061537 %) (beta_change: 16.284846 %) (delta_change:  1.499944 %) (delta_peak/R:  3.183767 %)
-> Saved file: /media/rafael/DATA/Dropbox/20220924_FIML_solver/data/output/field_inversion/Beta_e/u_imp_100/FI_run_T31_LL1_u_imp_100_k_imp_0_e_imp_1/FI_run_T31_LL1_u_imp_100_k_imp_0_e_imp_1_state_iter_10500.dat
iter:  10600 (Jcost: 3.010233e-01) (lr = 7.520e-03) (elapsed time: 7772.133) (secs/iter:  0.776) (n_accepted: 78%) (u_error:  1.061536 %) (beta_change: 16.319997 %) (delta_change:  1.500062 %) (delta_peak/R:  3.183697 %)
iter:  10700 (Jcost: 3.010209e-01) (lr = 1.121e-03) (elapsed time: 7840.476) (secs/iter:  0.683) (n_accepted: 77%) (u_error:  1.061536 %) (beta_change: 16.360184 %) (delta_change:  1.500188 %) (delta_peak/R:  3.183597 %)
iter:  10800 (Jcost: 3.010186e-01) (lr = 7.660e-02) (elapsed time: 7898.716) (secs/iter:  0.582) (n_accepted: 84%) (u_error:  1.061535 %) (beta_change: 16.397906 %) (delta_change:  1.500272 %) (delta_peak/R:  3.183426 %)
iter:  10900 (Jcost: 3.010166e-01) (lr = 1.142e-02) (elapsed time: 7962.531) (secs/iter:  0.638) (n_accepted: 77%) (u_error:  1.061535 %) (beta_change: 16.431010 %) (delta_change:  1.500351 %) (delta_peak/R:  3.183285 %)
iter:  11000 (Jcost: 3.010145e-01) (lr = 4.083e-03) (elapsed time: 8012.365) (secs/iter:  0.498) (n_accepted: 78%) (u_error:  1.061535 %) (beta_change: 16.465873 %) (delta_change:  1.500496 %) (delta_peak/R:  3.183274 %)
-> Saved file: /media/rafael/DATA/Dropbox/20220924_FIML_solver/data/output/field_inversion/Beta_e/u_imp_100/FI_run_T31_LL1_u_imp_100_k_imp_0_e_imp_1/FI_run_T31_LL1_u_imp_100_k_imp_0_e_imp_1_state_iter_11000.dat
iter:  11100 (Jcost: 3.010125e-01) (lr = 3.505e-03) (elapsed time: 8060.564) (secs/iter:  0.482) (n_accepted: 79%) (u_error:  1.061534 %) (beta_change: 16.498992 %) (delta_change:  1.500556 %) (delta_peak/R:  3.183091 %)
iter:  11200 (Jcost: 3.010103e-01) (lr = 3.009e-03) (elapsed time: 8106.176) (secs/iter:  0.456) (n_accepted: 79%) (u_error:  1.061534 %) (beta_change: 16.535651 %) (delta_change:  1.500670 %) (delta_peak/R:  3.182994 %)
iter:  11300 (Jcost: 3.010084e-01) (lr = 8.568e-02) (elapsed time: 8153.802) (secs/iter:  0.476) (n_accepted: 83%) (u_error:  1.061534 %) (beta_change: 16.566859 %) (delta_change:  1.500748 %) (delta_peak/R:  3.182865 %)
iter:  11400 (Jcost: 3.010065e-01) (lr = 7.355e-02) (elapsed time: 8199.527) (secs/iter:  0.457) (n_accepted: 79%) (u_error:  1.061533 %) (beta_change: 16.597087 %) (delta_change:  1.500863 %) (delta_peak/R:  3.182832 %)
iter:  11500 (Jcost: 3.010049e-01) (lr = 2.631e-02) (elapsed time: 8244.966) (secs/iter:  0.454) (n_accepted: 78%) (u_error:  1.061533 %) (beta_change: 16.623726 %) (delta_change:  1.500927 %) (delta_peak/R:  3.182717 %)
-> Saved file: /media/rafael/DATA/Dropbox/20220924_FIML_solver/data/output/field_inversion/Beta_e/u_imp_100/FI_run_T31_LL1_u_imp_100_k_imp_0_e_imp_1/FI_run_T31_LL1_u_imp_100_k_imp_0_e_imp_1_state_iter_11500.dat
iter:  11600 (Jcost: 3.010028e-01) (lr = 3.920e-03) (elapsed time: 8289.744) (secs/iter:  0.448) (n_accepted: 77%) (u_error:  1.061533 %) (beta_change: 16.659038 %) (delta_change:  1.501018 %) (delta_peak/R:  3.182577 %)
iter:  11700 (Jcost: 3.010007e-01) (lr = 1.402e-03) (elapsed time: 8339.423) (secs/iter:  0.497) (n_accepted: 78%) (u_error:  1.061532 %) (beta_change: 16.692145 %) (delta_change:  1.501135 %) (delta_peak/R:  3.182516 %)
iter:  11800 (Jcost: 3.009988e-01) (lr = 1.664e-02) (elapsed time: 8391.760) (secs/iter:  0.523) (n_accepted: 82%) (u_error:  1.061532 %) (beta_change: 16.724242 %) (delta_change:  1.501326 %) (delta_peak/R:  3.182628 %)
iter:  11900 (Jcost: 3.009975e-01) (lr = 1.428e-02) (elapsed time: 8449.722) (secs/iter:  0.580) (n_accepted: 79%) (u_error:  1.061532 %) (beta_change: 16.744152 %) (delta_change:  1.501290 %) (delta_peak/R:  3.182355 %)
iter:  12000 (Jcost: 3.009960e-01) (lr = 5.109e-03) (elapsed time: 8523.039) (secs/iter:  0.733) (n_accepted: 78%) (u_error:  1.061531 %) (beta_change: 16.770013 %) (delta_change:  1.501371 %) (delta_peak/R:  3.182283 %)
-> Saved file: /media/rafael/DATA/Dropbox/20220924_FIML_solver/data/output/field_inversion/Beta_e/u_imp_100/FI_run_T31_LL1_u_imp_100_k_imp_0_e_imp_1/FI_run_T31_LL1_u_imp_100_k_imp_0_e_imp_1_state_iter_12000.dat
iter:  12100 (Jcost: 3.009942e-01) (lr = 1.827e-03) (elapsed time: 8598.930) (secs/iter:  0.759) (n_accepted: 78%) (u_error:  1.061531 %) (beta_change: 16.798250 %) (delta_change:  1.501450 %) (delta_peak/R:  3.182183 %)
iter:  12200 (Jcost: 3.009924e-01) (lr = 1.249e-01) (elapsed time: 8669.318) (secs/iter:  0.704) (n_accepted: 84%) (u_error:  1.061531 %) (beta_change: 16.828217 %) (delta_change:  1.501601 %) (delta_peak/R:  3.182225 %)
iter:  12300 (Jcost: 3.009911e-01) (lr = 4.467e-02) (elapsed time: 8741.843) (secs/iter:  0.725) (n_accepted: 78%) (u_error:  1.061530 %) (beta_change: 16.849024 %) (delta_change:  1.501609 %) (delta_peak/R:  3.182039 %)
iter:  12400 (Jcost: 3.009896e-01) (lr = 6.657e-03) (elapsed time: 8815.222) (secs/iter:  0.734) (n_accepted: 77%) (u_error:  1.061530 %) (beta_change: 16.872872 %) (delta_change:  1.501676 %) (delta_peak/R:  3.181955 %)
iter:  12500 (Jcost: 3.009880e-01) (lr = 5.714e-03) (elapsed time: 8886.707) (secs/iter:  0.715) (n_accepted: 79%) (u_error:  1.061530 %) (beta_change: 16.899109 %) (delta_change:  1.501750 %) (delta_peak/R:  3.181862 %)
-> Saved file: /media/rafael/DATA/Dropbox/20220924_FIML_solver/data/output/field_inversion/Beta_e/u_imp_100/FI_run_T31_LL1_u_imp_100_k_imp_0_e_imp_1/FI_run_T31_LL1_u_imp_100_k_imp_0_e_imp_1_state_iter_12500.dat
iter:  12600 (Jcost: 3.009864e-01) (lr = 2.044e-03) (elapsed time: 8957.044) (secs/iter:  0.703) (n_accepted: 78%) (u_error:  1.061529 %) (beta_change: 16.924351 %) (delta_change:  1.501827 %) (delta_peak/R:  3.181786 %)
iter:  12700 (Jcost: 3.009846e-01) (lr = 4.210e-03) (elapsed time: 9021.197) (secs/iter:  0.642) (n_accepted: 80%) (u_error:  1.061529 %) (beta_change: 16.953624 %) (delta_change:  1.501887 %) (delta_peak/R:  3.181631 %)
iter:  12800 (Jcost: 3.009830e-01) (lr = 1.199e-01) (elapsed time: 9091.749) (secs/iter:  0.706) (n_accepted: 83%) (u_error:  1.061529 %) (beta_change: 16.980262 %) (delta_change:  1.502017 %) (delta_peak/R:  3.181657 %)
iter:  12900 (Jcost: 3.009817e-01) (lr = 4.289e-02) (elapsed time: 9161.863) (secs/iter:  0.701) (n_accepted: 78%) (u_error:  1.061528 %) (beta_change: 17.001034 %) (delta_change:  1.502067 %) (delta_peak/R:  3.181563 %)
iter:  13000 (Jcost: 3.009803e-01) (lr = 1.534e-02) (elapsed time: 9223.962) (secs/iter:  0.621) (n_accepted: 78%) (u_error:  1.061528 %) (beta_change: 17.022531 %) (delta_change:  1.502126 %) (delta_peak/R:  3.181483 %)
-> Saved file: /media/rafael/DATA/Dropbox/20220924_FIML_solver/data/output/field_inversion/Beta_e/u_imp_100/FI_run_T31_LL1_u_imp_100_k_imp_0_e_imp_1/FI_run_T31_LL1_u_imp_100_k_imp_0_e_imp_1_state_iter_13000.dat
iter:  13100 (Jcost: 3.009788e-01) (lr = 5.487e-03) (elapsed time: 9297.330) (secs/iter:  0.734) (n_accepted: 78%) (u_error:  1.061528 %) (beta_change: 17.046455 %) (delta_change:  1.502210 %) (delta_peak/R:  3.181433 %)
iter:  13200 (Jcost: 3.009773e-01) (lr = 4.710e-03) (elapsed time: 9366.328) (secs/iter:  0.690) (n_accepted: 79%) (u_error:  1.061527 %) (beta_change: 17.071101 %) (delta_change:  1.502278 %) (delta_peak/R:  3.181340 %)
iter:  13300 (Jcost: 3.009756e-01) (lr = 1.684e-03) (elapsed time: 9432.417) (secs/iter:  0.661) (n_accepted: 78%) (u_error:  1.061527 %) (beta_change: 17.098368 %) (delta_change:  1.502355 %) (delta_peak/R:  3.181242 %)
iter:  13400 (Jcost: 3.009740e-01) (lr = 1.151e-01) (elapsed time: 9499.919) (secs/iter:  0.675) (n_accepted: 84%) (u_error:  1.061527 %) (beta_change: 17.125502 %) (delta_change:  1.502447 %) (delta_peak/R:  3.181206 %)
iter:  13500 (Jcost: 3.009729e-01) (lr = 7.149e-03) (elapsed time: 9571.077) (secs/iter:  0.712) (n_accepted: 76%) (u_error:  1.061527 %) (beta_change: 17.150166 %) (delta_change:  1.502482 %) (delta_peak/R:  3.181110 %)
-> Saved file: /media/rafael/DATA/Dropbox/20220924_FIML_solver/data/output/field_inversion/Beta_e/u_imp_100/FI_run_T31_LL1_u_imp_100_k_imp_0_e_imp_1/FI_run_T31_LL1_u_imp_100_k_imp_0_e_imp_1_state_iter_13500.dat
iter:  13600 (Jcost: 3.009713e-01) (lr = 1.065e-03) (elapsed time: 9642.159) (secs/iter:  0.711) (n_accepted: 77%) (u_error:  1.061526 %) (beta_change: 17.187046 %) (delta_change:  1.502554 %) (delta_peak/R:  3.181011 %)
iter:  13700 (Jcost: 3.009700e-01) (lr = 2.195e-03) (elapsed time: 9711.517) (secs/iter:  0.694) (n_accepted: 80%) (u_error:  1.061526 %) (beta_change: 17.217590 %) (delta_change:  1.502696 %) (delta_peak/R:  3.181115 %)
iter:  13800 (Jcost: 3.009684e-01) (lr = 2.605e-02) (elapsed time: 9776.427) (secs/iter:  0.649) (n_accepted: 82%) (u_error:  1.061526 %) (beta_change: 17.253992 %) (delta_change:  1.502628 %) (delta_peak/R:  3.180708 %)
iter:  13900 (Jcost: 3.009671e-01) (lr = 5.366e-02) (elapsed time: 9845.725) (secs/iter:  0.693) (n_accepted: 80%) (u_error:  1.061525 %) (beta_change: 17.281388 %) (delta_change:  1.502775 %) (delta_peak/R:  3.180848 %)
iter:  14000 (Jcost: 3.009657e-01) (lr = 1.919e-02) (elapsed time: 9906.620) (secs/iter:  0.609) (n_accepted: 78%) (u_error:  1.061525 %) (beta_change: 17.312767 %) (delta_change:  1.502819 %) (delta_peak/R:  3.180729 %)
-> Saved file: /media/rafael/DATA/Dropbox/20220924_FIML_solver/data/output/field_inversion/Beta_e/u_imp_100/FI_run_T31_LL1_u_imp_100_k_imp_0_e_imp_1/FI_run_T31_LL1_u_imp_100_k_imp_0_e_imp_1_state_iter_14000.dat
iter:  14100 (Jcost: 3.009645e-01) (lr = 2.860e-03) (elapsed time: 9972.944) (secs/iter:  0.663) (n_accepted: 77%) (u_error:  1.061525 %) (beta_change: 17.341253 %) (delta_change:  1.502896 %) (delta_peak/R:  3.180703 %)
iter:  14200 (Jcost: 3.009629e-01) (lr = 1.414e-02) (elapsed time: 10034.533) (secs/iter:  0.616) (n_accepted: 81%) (u_error:  1.061524 %) (beta_change: 17.376538 %) (delta_change:  1.502922 %) (delta_peak/R:  3.180518 %)
iter:  14300 (Jcost: 3.009616e-01) (lr = 2.913e-02) (elapsed time: 10095.119) (secs/iter:  0.606) (n_accepted: 80%) (u_error:  1.061524 %) (beta_change: 17.405678 %) (delta_change:  1.503013 %) (delta_peak/R:  3.180523 %)
iter:  14400 (Jcost: 3.009603e-01) (lr = 1.042e-02) (elapsed time: 10144.512) (secs/iter:  0.494) (n_accepted: 78%) (u_error:  1.061524 %) (beta_change: 17.436293 %) (delta_change:  1.503091 %) (delta_peak/R:  3.180487 %)
iter:  14500 (Jcost: 3.009589e-01) (lr = 1.553e-03) (elapsed time: 10213.004) (secs/iter:  0.685) (n_accepted: 77%) (u_error:  1.061523 %) (beta_change: 17.466914 %) (delta_change:  1.503147 %) (delta_peak/R:  3.180404 %)
-> Saved file: /media/rafael/DATA/Dropbox/20220924_FIML_solver/data/output/field_inversion/Beta_e/u_imp_100/FI_run_T31_LL1_u_imp_100_k_imp_0_e_imp_1/FI_run_T31_LL1_u_imp_100_k_imp_0_e_imp_1_state_iter_14500.dat
iter:  14600 (Jcost: 3.009577e-01) (lr = 1.333e-03) (elapsed time: 10278.019) (secs/iter:  0.650) (n_accepted: 79%) (u_error:  1.061523 %) (beta_change: 17.494755 %) (delta_change:  1.503207 %) (delta_peak/R:  3.180349 %)
iter:  14700 (Jcost: 3.009566e-01) (lr = 1.582e-02) (elapsed time: 10345.521) (secs/iter:  0.675) (n_accepted: 82%) (u_error:  1.061523 %) (beta_change: 17.521730 %) (delta_change:  1.503326 %) (delta_peak/R:  3.180431 %)
iter:  14800 (Jcost: 3.009554e-01) (lr = 7.821e-02) (elapsed time: 10408.015) (secs/iter:  0.625) (n_accepted: 81%) (u_error:  1.061522 %) (beta_change: 17.549316 %) (delta_change:  1.503315 %) (delta_peak/R:  3.180223 %)
iter:  14900 (Jcost: 3.009543e-01) (lr = 2.797e-02) (elapsed time: 10462.219) (secs/iter:  0.542) (n_accepted: 78%) (u_error:  1.061522 %) (beta_change: 17.573024 %) (delta_change:  1.503364 %) (delta_peak/R:  3.180172 %)
iter:  15000 (Jcost: 3.009529e-01) (lr = 1.737e-03) (elapsed time: 10526.537) (secs/iter:  0.643) (n_accepted: 76%) (u_error:  1.061522 %) (beta_change: 17.605820 %) (delta_change:  1.503435 %) (delta_peak/R:  3.180112 %)
-> Saved file: /media/rafael/DATA/Dropbox/20220924_FIML_solver/data/output/field_inversion/Beta_e/u_imp_100/FI_run_T31_LL1_u_imp_100_k_imp_0_e_imp_1/FI_run_T31_LL1_u_imp_100_k_imp_0_e_imp_1_state_iter_15000.dat
iter:  15000 (Jcost: 3.009529e-01) (lr = 2.084e-03) (elapsed time: 10532.310) (secs/iter:   None) (n_accepted: 0%) (u_error:  1.061522 %) (beta_change: 17.605837 %) (delta_change:  1.503441 %) (delta_peak/R:  3.180124 %)
