# ------------------------------------------------------------------------
#                  Input Arguments
# ------------------------------------------------------------------------
# Begin_Input_Arguments
{ 'all_b_mode': ['Beta_k'],
  'args_mk_solver': { 'torch': "<module 'torch' from "
                               "'/home/rafael/anaconda3/lib/python3.9/site-packages/torch/__init__.py'>",
                      'y_grid': [0.0, 0.000309700312, 0.000638645973, 0.00098802599, 0.00135910194, 0.00175321227, 0.00217177688, 0.00261630193, 0.00308838486, 0.00358971984, 0.00412210331, 0.00468744001, 0.00528774917, 0.00592517114, 0.00660197432, 0.0073205624, 0.00808348206, 0.00889343092, 0.00975326602, 0.0106660126, 0.0116348733, 0.0126632377, 0.0137546927, 0.0149130326, 0.0161422702, 0.0174466482, 0.0188306506, 0.0202990157, 0.0218567475, 0.02350913, 0.0252617393, 0.0271204584, 0.0290914903, 0.0311813732, 0.033396994, 0.0357456039, 0.0382348325, 0.0408727029, 0.0436676462, 0.0466285159, 0.0497646022, 0.0530856456, 0.0566018496, 0.0603238931, 0.0642629411, 0.068430655, 0.0728392004, 0.0775012535, 0.0824300053, 0.0876391634, 0.0931429507, 0.0989561006, 0.105093849, 0.111571922, 0.118406518, 0.125614286, 0.133212296, 0.141218006, 0.14964922, 0.158524039, 0.167860801, 0.177678022, 0.187994313, 0.1988283, 0.21019853, 0.222123362, 0.234620856, 0.247708641, 0.261403784, 0.275722637, 0.290680679, 0.306292354, 0.322570888, 0.339528108, 0.357174255, 0.375517785, 0.394565175, 0.414320726, 0.43478637, 0.45596148, 0.47784269, 0.500423731, 0.523695275, 0.547644806, 0.572256506, 0.597511177, 0.623386184, 0.649855436, 0.676889401, 0.704455158, 0.73251649, 0.761034018, 0.789965372, 0.819265404, 0.848886442, 0.878778572, 0.908889961, 0.939167201, 0.969555687, 1.0],
                      'Ret': 950.0,
                      'cp': 1.0,
                      'A_sca_rho': 1.0,
                      'A_sca_mu': 0.0010526315789473684,
                      'A_sca_k': 0.0010526315789473684,
                      'b_exp_rho': -1.0,
                      'b_exp_mu': 0.7,
                      'b_exp_k': 0.0,
                      'tensor_device': 'cpu',
                      'as_tensor': '<function '
                                   'Build_arguments_fi_run._mk_args_MK_solver.<locals>.<lambda> '
                                   'at 0x7f11e6a82ca0>',
                      'ref_dns': { 'u_dns': [0.0, 0.288135637, 0.589636405, 0.904756114, 1.23369276, 1.57657645, 1.93345556, 2.30428095, 2.68894846, 3.08760438, 3.50054172, 3.92813447, 4.37068555, 4.82823638, 5.3007982, 5.78835325, 6.29081213, 6.80809095, 7.34002236, 7.88636842, 8.44683519, 9.02095561, 9.60826462, 10.2083747, 10.820792, 11.4444757, 12.0784519, 12.7220662, 13.3742144, 14.0337701, 14.7004185, 15.3723753, 16.0478859, 16.7267714, 17.4067846, 18.0871391, 18.7662671, 19.4422014, 20.1135605, 20.7790091, 21.4368362, 22.0854666, 22.725137, 23.3516111, 23.9661719, 24.565557, 25.1500982, 25.717247, 26.2682942, 26.8006308, 27.3152563, 27.8114278, 28.2882111, 28.7466233, 29.187041, 29.6099901, 30.0146724, 30.4041195, 30.777196, 31.1347424, 31.4794059, 31.8110683, 32.1313463, 32.4415069, 32.7422333, 33.0363163, 33.3242957, 33.6069229, 33.8864724, 34.1614681, 34.4352266, 34.7084589, 34.9801781, 35.2511343, 35.522368, 35.7935478, 36.0645099, 36.3354375, 36.6062621, 36.8764669, 37.1450242, 37.4111233, 37.6758767, 37.9371405, 38.1950228, 38.4468521, 38.6929038, 38.9298467, 39.1581239, 39.3760287, 39.5820682, 39.7742581, 39.9514236, 40.1113749, 40.2502494, 40.3687429, 40.4632992, 40.5324941, 40.5741622, 40.5893089],
                                   'T_dns': [1.0, 1.0229111349861848, 1.0473053572457185, 1.0732652680757668, 1.1008737064494514, 1.1302124669356173, 1.1613604278724001, 1.1943912358918214, 1.2293753508281917, 1.2664036900671032, 1.3055775367795204, 1.3470006876944771, 1.390780398078587, 1.4370287649727762, 1.4858615712689134, 1.5373794026700585, 1.591637723971817, 1.6486658697229892, 1.7085006201072155, 1.7711890813701903, 1.8367599845746008, 1.9052125260235349, 1.976500268237945, 2.0504799242442027, 2.126972611706912, 2.2058592088903417, 2.2869624686048358, 2.3699973682251887, 2.4547451409366943, 2.540953466750624, 2.6280973161043155, 2.7157973578271783, 2.8037513351014325, 2.8915148751839297, 2.9785992502801952, 3.0646298860712458, 3.1492174165423394, 3.231902057485672, 3.31249268168601, 3.390634026998509, 3.465933191078566, 3.5384579768319355, 3.607780444052321, 3.6741315848790648, 3.7371117572770434, 3.7969710204587965, 3.853499961018371, 3.9071241194868493, 3.957518808226009, 4.005386399770704, 4.050542375626154, 4.092929415648557, 4.13331563358252, 4.17121572845359, 4.20736126337199, 4.241689645391768, 4.274115826658514, 4.305361515374841, 4.334894970165083, 4.363224368429332, 4.390285046167019, 4.416381844987386, 4.4413835887369535, 4.465869369638762, 4.489407531943197, 4.512446731149355, 4.535210223897129, 4.557334693877809, 4.5791947340539005, 4.600493267968971, 4.621623750593042, 4.642558447185411, 4.663272354680969, 4.6837300904726735, 4.704035919851216, 4.72395366802808, 4.743664854504782, 4.762843183681378, 4.781904206943213, 4.800503627119878, 4.818587948950984, 4.8361222053096204, 4.853353208383921, 4.87004616849128, 4.8860169534727405, 4.901568778108049, 4.916413439893673, 4.930705343247829, 4.943985005592301, 4.9566168315302415, 4.968448811587905, 4.979197096914096, 4.988846963562491, 4.9972425659289, 5.004422739848421, 5.0102375503621595, 5.014753325724322, 5.017975351980792, 5.020016068020751, 5.02085588206569],
                                   'mu_dns': [0.0010526315789473684, 0.001069456018930544, 0.0010872457589127544, 0.0011060413088939587, 0.0011258813988741186, 0.0011468020488531981, 0.0011688352788311648, 0.0011920075888079923, 0.0012163415587836584, 0.001241872218758128, 0.0012686395987313605, 0.0012966831487033167, 0.0013260423286739578, 0.0013567574586432426, 0.0013888688586111313, 0.0014224045585775956, 0.0014573616985426383, 0.0014937201785062799, 0.0015314647084685353, 0.0015705864384294138, 0.001611065068388935, 0.0016528627583471372, 0.0016959154983040847, 0.0017401042182598957, 0.0017852939082147062, 0.0018313900381686102, 0.0018782686981217312, 0.0019257499680742501, 0.001973698818026301, 0.0020219671379780326, 0.002070262447929738, 0.002118383317881617, 0.002166177497833823, 0.0022134218677865784, 0.0022598772377401227, 0.002305372017694628, 0.002349731537650269, 0.002392748917607251, 0.00243436022756564, 0.002474417827525583, 0.002512757197487243, 0.002549448387450552, 0.002584309147415691, 0.0026174879373825123, 0.0026488151673511847, 0.0026784435173215567, 0.0027062950672937054, 0.002732602367267398, 0.002757226767242774, 0.002780529377219471, 0.0028024354671975643, 0.002822931717177068, 0.002842401307157599, 0.00286062052713938, 0.0028779500871220502, 0.0028943671271056334, 0.0029098378970901628, 0.002924712167075288, 0.002938741597061259, 0.0029521721370478283, 0.0029649767870350238, 0.0029773029370226967, 0.0029890913870109087, 0.0030006172769993828, 0.003011679246988321, 0.00302248988697751, 0.003033154906966845, 0.003043505156956495, 0.003053716906946283, 0.003063652296936348, 0.003073495666926504, 0.0030832345269167657, 0.0030928577169071422, 0.0031023493168976504, 0.003111758146888242, 0.003120975326879025, 0.0031300854468699147, 0.0031389383968610618, 0.0031477266068522737, 0.0031562918668437082, 0.00316461037683539, 0.0031726669268273334, 0.0031805756068194247, 0.003188229306811771, 0.0031955445268044553, 0.0032026609567973397, 0.003209447476790552, 0.0032159754867840244, 0.003222036056777964, 0.003227796436772204, 0.0032331880767668118, 0.0032380825567619176, 0.003242474146757526, 0.0032462928567537066, 0.0032495572067504433, 0.003252199786747801, 0.003254251376745749, 0.003255714856744285, 0.0032566416267433584, 0.003257022986742977],
                                   'rho_dns': [1.0, 0.9776020279743125, 0.9548313613422874, 0.9317361045260297, 0.9083694107157939, 0.8847893907163609, 0.8610591303097775, 0.8372465988946457, 0.8134212218638769, 0.7896376233292662, 0.7659445508435361, 0.7423901183833821, 0.7190207752291704, 0.695880294378759, 0.6730102045414691, 0.6504575241890456, 0.6282836759514422, 0.606551041278013, 0.5853085379256379, 0.564592459674831, 0.5444369478854926, 0.5248758268911607, 0.5059447833475391, 0.4876907050765666, 0.47015179908569305, 0.4533380897428401, 0.43726122038638054, 0.42194139681634596, 0.40737426599749366, 0.39355305521545103, 0.38050341358071216, 0.3682159853046133, 0.3566650107235072, 0.345839479707463, 0.33572827895727514, 0.32630367684691836, 0.3175392066445329, 0.30941531711452036, 0.30188745941349965, 0.29493009037169077, 0.28852258392459357, 0.28260898011153535, 0.27717872955616524, 0.2721731589895998, 0.26758632466710763, 0.2633678251985099, 0.2595043493229278, 0.2559427265216589, 0.2526835748503387, 0.24966380273754535, 0.24688051803072786, 0.24432378339501418, 0.2419365198909955, 0.23973825980243263, 0.237678663038921, 0.2357551078934816, 0.23396651858679174, 0.23226853225423888, 0.23068609663728892, 0.2291883056107836, 0.22777564314942594, 0.22642969632143667, 0.22515506261065402, 0.22392056668708352, 0.22274654124954427, 0.221609264237296, 0.2204969451538886, 0.21942649973533232, 0.21837900724407788, 0.21736799550659505, 0.21637416933208398, 0.21539847292741318, 0.21444168899897195, 0.21350504420272473, 0.21258341072183587, 0.21168708888235774, 0.210807472844621, 0.20995862375360907, 0.20912171317610742, 0.2083114768106034, 0.20752967686678872, 0.20677723960368316, 0.2060431122697913, 0.20533686240387242, 0.20466568362789841, 0.2040163150349568, 0.20340030638709403, 0.20281074012451641, 0.20226598561056874, 0.20175051531898885, 0.201270061929128, 0.20083559267411993, 0.20044711880396288, 0.20011035822394935, 0.19982324675278912, 0.19959133473176657, 0.19941160313315348, 0.19928356156736815, 0.1992025496432866, 0.19916923000557787]},
                      'case': 'gasLike',
                      'constant_Sq_heat': 0.07894736842105263,
                      'use_visc_heating': False,
                      'Pr_turb': 1.0,
                      'fprint': '<function '
                                'Build_arguments_fi_run._mk_args_MK_solver.<locals>.<lambda> '
                                'at 0x7f11e6a82d30>',
                      'compressible_correction': False,
                      'bool_solve_energy': False,
                      'output_last': False},
  'u_imp': 100,
  'k_imp': 1,
  'e_imp': 0,
  'solve_sparse_adj': True,
  'all_ref_beta_distrib': {'K': [1.0, 1.00068946, 1.0012654, 1.00144134, 1.00117471, 1.00056166, 0.99972301, 0.99874558, 0.99767873, 0.99655224, 0.99538982, 0.99421414, 0.99304839, 0.99191747, 0.99084846, 0.98987136, 0.9890201, 0.98833273, 0.98785247, 0.98762821, 0.98771422, 0.98817017, 0.9890593, 0.99044656, 0.99239454, 0.99496015, 0.998192, 1.00212895, 1.00679899, 1.01221847, 1.0183905, 1.0253027, 1.03292438, 1.04120274, 1.05006244, 1.05940193, 1.06909046, 1.07897269, 1.08886155, 1.09854374, 1.10779144, 1.11633976, 1.12392697, 1.13026292, 1.13507271, 1.1380669, 1.13898174, 1.13755261, 1.13354623, 1.12676062, 1.11702113, 1.10420122, 1.08821862, 1.0690424, 1.04670757, 1.02131741, 0.99305001, 0.96215844, 0.92896927, 0.89389095, 0.85742438, 0.82016301, 0.78285825, 0.74645132, 0.71207448, 0.68110452, 0.65499924, 0.6353123, 0.62348883, 0.62074388, 0.62789184, 0.64525848, 0.6727204, 0.70957683, 0.75459461, 0.80614132, 0.86217831, 0.92046991, 0.9786525, 1.03441943, 1.08563636, 1.13048262, 1.16753858, 1.1958802, 1.21513161, 1.22549631, 1.22770391, 1.22292797, 1.21263028, 1.19840051, 1.18181731, 1.16432157, 1.1471265, 1.13117957, 1.1171643, 1.10551841, 1.09647567, 1.09015143, 1.08659248, 1.0427073], 'E': [1.0, 1.0, 1.0, 1.0, 1.0, 1.0, 1.0, 1.0, 1.0, 1.0, 1.0, 1.0, 1.0, 1.0, 1.0, 1.0, 1.0, 1.0, 1.0, 1.0, 1.0, 1.0, 1.0, 1.0, 1.0, 1.0, 1.0, 1.0, 1.0, 1.0, 1.0, 1.0, 1.0, 1.0, 1.0, 1.0, 1.0, 1.0, 1.0, 1.0, 1.0, 1.0, 1.0, 1.0, 1.0, 1.0, 1.0, 1.0, 1.0, 1.0, 1.0, 1.0, 1.0, 1.0, 1.0, 1.0, 1.0, 1.0, 1.0, 1.0, 1.0, 1.0, 1.0, 1.0, 1.0, 1.0, 1.0, 1.0, 1.0, 1.0, 1.0, 1.0, 1.0, 1.0, 1.0, 1.0, 1.0, 1.0, 1.0, 1.0, 1.0, 1.0, 1.0, 1.0, 1.0, 1.0, 1.0, 1.0, 1.0, 1.0, 1.0, 1.0, 1.0, 1.0, 1.0, 1.0, 1.0, 1.0, 1.0, 1.0]},
  'all_ref_delta_distrib': {'K': [-0.0, -0.005705721038210602, -0.013796846061542212, -0.019593294119539587, -0.01923540872596745, -0.010822866937768029, 0.006176431735150907, 0.03195892832535864, 0.06688885065162742, 0.11142845842401332, 0.1659014920517011, 0.23031277737995934, 0.30421222032538325, 0.38655688985328107, 0.47556300881460994, 0.5685632520465095, 0.6618911327332506, 0.7508025920086411, 0.8294613374449521, 0.8910060334140927, 0.9277204948187504, 0.931281676699883, 0.8930841161550211, 0.8046173821148803, 0.657874967828713, 0.4458096117662006, 0.16286780813189183, -0.1945078638195219, -0.627460944613599, -1.134389683292791, -1.710796515642637, -2.3491715557078714, -3.0389719809908096, -3.7667375483375385, -4.516336788781197, -5.269274969947318, -6.005214280415726, -6.7028117152820705, -7.340232272655937, -7.896256672973897, -8.351434083750897, -8.688228020646683, -8.893051311289542, -8.95570442208251, -8.87117831881128, -8.638655578986251, -8.26254743692351, -7.7512284563083425, -7.1171220000939925, -6.3757959004952856, -5.544947748594928, -4.643886625114692, -3.6926599281216768, -2.711224963423267, -1.7191386317449688, -0.7348961338931181, 0.22429263635615904, 1.1428863569924907, 2.0072370412925045, 2.8055461012553273, 3.527602826723135, 4.164524240783174, 4.707523886454674, 5.147643248352805, 5.475728616778044, 5.682773876816743, 5.7620967160385534, 5.709738623621, 5.52687276451107, 5.220128832833261, 4.802291035096546, 4.291585371719667, 3.7103693981110517, 3.0840582032144748, 2.439327476165406, 1.802302409778694, 1.197180286589534, 0.6446861604994455, 0.1612397330608172, -0.24180953864976465, -0.558506793041373, -0.7881747991574293, -0.934946827467771, -1.0070101550581863, -1.0157163973095233, -0.9744247261725618, -0.89736730102421, -0.7983136647924812, -0.6893092091826424, -0.5802054614885447, -0.4781666950293632, -0.3877836101200357, -0.3113014851044974, -0.2492090148780424, -0.20073909329907, -0.16443908523974513, -0.13858473063310237, -0.12159457759609904, -0.11223423907437653, -0.05461013869959673], 'E': [-0.0, -0.0, -0.0, -0.0, -0.0, -0.0, -0.0, -0.0, -0.0, -0.0, -0.0, -0.0, -0.0, -0.0, -0.0, -0.0, -0.0, -0.0, -0.0, -0.0, -0.0, -0.0, -0.0, -0.0, -0.0, -0.0, -0.0, -0.0, -0.0, -0.0, -0.0, -0.0, -0.0, -0.0, -0.0, -0.0, -0.0, -0.0, -0.0, -0.0, -0.0, -0.0, -0.0, -0.0, -0.0, -0.0, -0.0, -0.0, -0.0, -0.0, -0.0, -0.0, -0.0, -0.0, -0.0, -0.0, -0.0, -0.0, -0.0, -0.0, -0.0, -0.0, -0.0, -0.0, -0.0, -0.0, -0.0, -0.0, -0.0, -0.0, -0.0, -0.0, -0.0, -0.0, -0.0, -0.0, -0.0, -0.0, -0.0, -0.0, -0.0, -0.0, -0.0, -0.0, -0.0, -0.0, -0.0, -0.0, -0.0, -0.0, -0.0, -0.0, -0.0, -0.0, -0.0, -0.0, -0.0, -0.0, -0.0, -0.0]},
  'fname_print': '/media/rafael/DATA/Dropbox/20220924_FIML_solver/data/output/field_inversion/Beta_k/u_imp_100/FI_run_gasLike_u_imp_100_k_imp_1_e_imp_0/FI_run_gasLike_u_imp_100_k_imp_1_e_imp_0.log',
  'folder': '/media/rafael/DATA/Dropbox/20220924_FIML_solver/data/output/field_inversion/Beta_k/u_imp_100/FI_run_gasLike_u_imp_100_k_imp_1_e_imp_0',
  'iters_limit': 15000}
# End_Input_Arguments

# ------------------------------------------------------------------------
#                  Iterations
# ------------------------------------------------------------------------

iter:      0 (Jcost: 3.353809e+00) (lr = 1.000e-03) (elapsed time:  0.000) (secs/iter:   None) (n_accepted: 0%) (u_error:  3.906170 %) (beta_change: 37.925612 %) (delta_change:  8.480587 %) (delta_peak/R:  0.000000 %)
-> Saved file: /media/rafael/DATA/Dropbox/20220924_FIML_solver/data/output/field_inversion/Beta_k/u_imp_100/FI_run_gasLike_u_imp_100_k_imp_1_e_imp_0/FI_run_gasLike_u_imp_100_k_imp_1_e_imp_0_state_iter_0.dat
iter:    100 (Jcost: 2.154493e-01) (lr = 9.889e-03) (elapsed time: 77.570) (secs/iter:  0.776) (n_accepted: 82%) (u_error:  0.580616 %) (beta_change: 20.422209 %) (delta_change:  3.352317 %) (delta_peak/R:  8.295262 %)
iter:    200 (Jcost: 1.812848e-01) (lr = 4.889e-02) (elapsed time: 170.467) (secs/iter:  0.929) (n_accepted: 81%) (u_error:  0.459117 %) (beta_change: 16.805762 %) (delta_change:  2.599799 %) (delta_peak/R:  8.084188 %)
iter:    300 (Jcost: 1.673465e-01) (lr = 1.749e-02) (elapsed time: 257.299) (secs/iter:  0.868) (n_accepted: 78%) (u_error:  0.457605 %) (beta_change: 14.182167 %) (delta_change:  2.086100 %) (delta_peak/R:  7.776387 %)
iter:    400 (Jcost: 1.596563e-01) (lr = 2.606e-03) (elapsed time: 326.180) (secs/iter:  0.689) (n_accepted: 77%) (u_error:  0.456434 %) (beta_change: 11.710911 %) (delta_change:  1.645574 %) (delta_peak/R:  7.512961 %)
iter:    500 (Jcost: 1.563123e-01) (lr = 2.237e-03) (elapsed time: 407.695) (secs/iter:  0.815) (n_accepted: 79%) (u_error:  0.457462 %) (beta_change: 10.000331 %) (delta_change:  1.369543 %) (delta_peak/R:  7.384485 %)
-> Saved file: /media/rafael/DATA/Dropbox/20220924_FIML_solver/data/output/field_inversion/Beta_k/u_imp_100/FI_run_gasLike_u_imp_100_k_imp_1_e_imp_0/FI_run_gasLike_u_imp_100_k_imp_1_e_imp_0_state_iter_500.dat
iter:    600 (Jcost: 1.541775e-01) (lr = 1.529e-01) (elapsed time: 515.323) (secs/iter:  1.076) (n_accepted: 84%) (u_error:  0.456223 %) (beta_change:  8.629234 %) (delta_change:  1.203851 %) (delta_peak/R:  7.278681 %)
iter:    700 (Jcost: 1.531650e-01) (lr = 9.495e-03) (elapsed time: 619.299) (secs/iter:  1.040) (n_accepted: 76%) (u_error:  0.456207 %) (beta_change:  7.762598 %) (delta_change:  1.252245 %) (delta_peak/R:  7.228342 %)
iter:    800 (Jcost: 1.522837e-01) (lr = 8.150e-03) (elapsed time: 720.434) (secs/iter:  1.011) (n_accepted: 79%) (u_error:  0.456341 %) (beta_change:  6.812334 %) (delta_change:  1.297202 %) (delta_peak/R:  7.183385 %)
iter:    900 (Jcost: 1.516179e-01) (lr = 6.996e-03) (elapsed time: 803.606) (secs/iter:  0.832) (n_accepted: 79%) (u_error:  0.456565 %) (beta_change:  5.875434 %) (delta_change:  1.332871 %) (delta_peak/R:  7.147717 %)
iter:   1000 (Jcost: 1.512105e-01) (lr = 8.302e-02) (elapsed time: 865.751) (secs/iter:  0.621) (n_accepted: 82%) (u_error:  0.456322 %) (beta_change:  5.166241 %) (delta_change:  1.359013 %) (delta_peak/R:  7.121574 %)
-> Saved file: /media/rafael/DATA/Dropbox/20220924_FIML_solver/data/output/field_inversion/Beta_k/u_imp_100/FI_run_gasLike_u_imp_100_k_imp_1_e_imp_0/FI_run_gasLike_u_imp_100_k_imp_1_e_imp_0_state_iter_1000.dat
iter:   1100 (Jcost: 1.509824e-01) (lr = 2.969e-02) (elapsed time: 964.484) (secs/iter:  0.987) (n_accepted: 78%) (u_error:  0.456332 %) (beta_change:  4.682510 %) (delta_change:  1.372951 %) (delta_peak/R:  7.107636 %)
iter:   1200 (Jcost: 1.507318e-01) (lr = 4.425e-03) (elapsed time: 1058.598) (secs/iter:  0.941) (n_accepted: 77%) (u_error:  0.456402 %) (beta_change:  4.062145 %) (delta_change:  1.388357 %) (delta_peak/R:  7.092230 %)
iter:   1300 (Jcost: 1.505595e-01) (lr = 1.583e-03) (elapsed time: 1150.928) (secs/iter:  0.923) (n_accepted: 78%) (u_error:  0.456358 %) (beta_change:  3.751562 %) (delta_change:  1.400136 %) (delta_peak/R:  7.080451 %)
iter:   1400 (Jcost: 1.504480e-01) (lr = 1.082e-01) (elapsed time: 1240.136) (secs/iter:  0.892) (n_accepted: 84%) (u_error:  0.456396 %) (beta_change:  3.509873 %) (delta_change:  1.407262 %) (delta_peak/R:  7.073325 %)
iter:   1500 (Jcost: 1.503737e-01) (lr = 3.869e-02) (elapsed time: 1328.871) (secs/iter:  0.887) (n_accepted: 78%) (u_error:  0.456371 %) (beta_change:  3.324121 %) (delta_change:  1.412545 %) (delta_peak/R:  7.068042 %)
-> Saved file: /media/rafael/DATA/Dropbox/20220924_FIML_solver/data/output/field_inversion/Beta_k/u_imp_100/FI_run_gasLike_u_imp_100_k_imp_1_e_imp_0/FI_run_gasLike_u_imp_100_k_imp_1_e_imp_0_state_iter_1500.dat
iter:   1600 (Jcost: 1.503080e-01) (lr = 5.766e-03) (elapsed time: 1422.374) (secs/iter:  0.935) (n_accepted: 77%) (u_error:  0.456366 %) (beta_change:  3.163086 %) (delta_change:  1.417274 %) (delta_peak/R:  7.063504 %)
iter:   1700 (Jcost: 1.502482e-01) (lr = 4.950e-03) (elapsed time: 1514.893) (secs/iter:  0.925) (n_accepted: 79%) (u_error:  0.456362 %) (beta_change:  2.994324 %) (delta_change:  1.422246 %) (delta_peak/R:  7.059386 %)
iter:   1800 (Jcost: 1.502008e-01) (lr = 2.447e-02) (elapsed time: 1608.134) (secs/iter:  0.932) (n_accepted: 81%) (u_error:  0.456285 %) (beta_change:  2.837489 %) (delta_change:  1.426965 %) (delta_peak/R:  7.055362 %)
iter:   1900 (Jcost: 1.501583e-01) (lr = 5.042e-02) (elapsed time: 1695.013) (secs/iter:  0.869) (n_accepted: 80%) (u_error:  0.456356 %) (beta_change:  2.682388 %) (delta_change:  1.429691 %) (delta_peak/R:  7.053278 %)
iter:   2000 (Jcost: 1.501242e-01) (lr = 1.304e-03) (elapsed time: 1786.571) (secs/iter:  0.916) (n_accepted: 75%) (u_error:  0.456371 %) (beta_change:  2.538321 %) (delta_change:  1.432288 %) (delta_peak/R:  7.051206 %)
-> Saved file: /media/rafael/DATA/Dropbox/20220924_FIML_solver/data/output/field_inversion/Beta_k/u_imp_100/FI_run_gasLike_u_imp_100_k_imp_1_e_imp_0/FI_run_gasLike_u_imp_100_k_imp_1_e_imp_0_state_iter_2000.dat
iter:   2100 (Jcost: 1.500900e-01) (lr = 8.916e-02) (elapsed time: 1875.697) (secs/iter:  0.891) (n_accepted: 84%) (u_error:  0.456413 %) (beta_change:  2.472312 %) (delta_change:  1.434585 %) (delta_peak/R:  7.049444 %)
iter:   2200 (Jcost: 1.500699e-01) (lr = 3.189e-02) (elapsed time: 1967.614) (secs/iter:  0.919) (n_accepted: 78%) (u_error:  0.456376 %) (beta_change:  2.477637 %) (delta_change:  1.436443 %) (delta_peak/R:  7.047880 %)
iter:   2300 (Jcost: 1.500477e-01) (lr = 8.251e-04) (elapsed time: 2059.488) (secs/iter:  0.919) (n_accepted: 75%) (u_error:  0.456376 %) (beta_change:  2.482836 %) (delta_change:  1.438058 %) (delta_peak/R:  7.046598 %)
iter:   2400 (Jcost: 1.500280e-01) (lr = 4.080e-03) (elapsed time: 2149.480) (secs/iter:  0.900) (n_accepted: 81%) (u_error:  0.456426 %) (beta_change:  2.486677 %) (delta_change:  1.438990 %) (delta_peak/R:  7.045971 %)
iter:   2500 (Jcost: 1.500076e-01) (lr = 1.162e-01) (elapsed time: 2230.861) (secs/iter:  0.814) (n_accepted: 83%) (u_error:  0.456401 %) (beta_change:  2.491441 %) (delta_change:  1.440576 %) (delta_peak/R:  7.044668 %)
-> Saved file: /media/rafael/DATA/Dropbox/20220924_FIML_solver/data/output/field_inversion/Beta_k/u_imp_100/FI_run_gasLike_u_imp_100_k_imp_1_e_imp_0/FI_run_gasLike_u_imp_100_k_imp_1_e_imp_0_state_iter_2500.dat
iter:   2600 (Jcost: 1.499943e-01) (lr = 1.731e-02) (elapsed time: 2318.354) (secs/iter:  0.875) (n_accepted: 77%) (u_error:  0.456367 %) (beta_change:  2.494668 %) (delta_change:  1.441728 %) (delta_peak/R:  7.043689 %)
iter:   2700 (Jcost: 1.499813e-01) (lr = 1.075e-03) (elapsed time: 2407.147) (secs/iter:  0.888) (n_accepted: 76%) (u_error:  0.456349 %) (beta_change:  2.497506 %) (delta_change:  1.442671 %) (delta_peak/R:  7.042916 %)
iter:   2800 (Jcost: 1.499655e-01) (lr = 3.062e-02) (elapsed time: 2489.047) (secs/iter:  0.819) (n_accepted: 83%) (u_error:  0.456297 %) (beta_change:  2.501328 %) (delta_change:  1.444088 %) (delta_peak/R:  7.041694 %)
iter:   2900 (Jcost: 1.499518e-01) (lr = 1.514e-01) (elapsed time: 2569.884) (secs/iter:  0.808) (n_accepted: 81%) (u_error:  0.456329 %) (beta_change:  2.503251 %) (delta_change:  1.444488 %) (delta_peak/R:  7.041463 %)
iter:   3000 (Jcost: 1.499402e-01) (lr = 5.415e-02) (elapsed time: 2656.836) (secs/iter:  0.870) (n_accepted: 78%) (u_error:  0.456336 %) (beta_change:  2.505073 %) (delta_change:  1.444987 %) (delta_peak/R:  7.041098 %)
-> Saved file: /media/rafael/DATA/Dropbox/20220924_FIML_solver/data/output/field_inversion/Beta_k/u_imp_100/FI_run_gasLike_u_imp_100_k_imp_1_e_imp_0/FI_run_gasLike_u_imp_100_k_imp_1_e_imp_0_state_iter_3000.dat
iter:   3100 (Jcost: 1.499306e-01) (lr = 1.937e-02) (elapsed time: 2748.189) (secs/iter:  0.914) (n_accepted: 78%) (u_error:  0.456318 %) (beta_change:  2.506859 %) (delta_change:  1.445608 %) (delta_peak/R:  7.040578 %)
iter:   3200 (Jcost: 1.499208e-01) (lr = 2.886e-03) (elapsed time: 2831.693) (secs/iter:  0.835) (n_accepted: 77%) (u_error:  0.456336 %) (beta_change:  2.508048 %) (delta_change:  1.445857 %) (delta_peak/R:  7.040435 %)
iter:   3300 (Jcost: 1.499119e-01) (lr = 5.946e-03) (elapsed time: 2914.258) (secs/iter:  0.826) (n_accepted: 80%) (u_error:  0.456286 %) (beta_change:  2.510029 %) (delta_change:  1.446703 %) (delta_peak/R:  7.039667 %)
iter:   3400 (Jcost: 1.499025e-01) (lr = 7.056e-02) (elapsed time: 2994.733) (secs/iter:  0.805) (n_accepted: 82%) (u_error:  0.456317 %) (beta_change:  2.510793 %) (delta_change:  1.446758 %) (delta_peak/R:  7.039704 %)
iter:   3500 (Jcost: 1.498952e-01) (lr = 1.052e-02) (elapsed time: 3075.080) (secs/iter:  0.803) (n_accepted: 77%) (u_error:  0.456311 %) (beta_change:  2.511787 %) (delta_change:  1.447079 %) (delta_peak/R:  7.039446 %)
-> Saved file: /media/rafael/DATA/Dropbox/20220924_FIML_solver/data/output/field_inversion/Beta_k/u_imp_100/FI_run_gasLike_u_imp_100_k_imp_1_e_imp_0/FI_run_gasLike_u_imp_100_k_imp_1_e_imp_0_state_iter_3500.dat
iter:   3600 (Jcost: 1.498875e-01) (lr = 1.567e-03) (elapsed time: 3164.868) (secs/iter:  0.898) (n_accepted: 77%) (u_error:  0.456295 %) (beta_change:  2.512919 %) (delta_change:  1.447494 %) (delta_peak/R:  7.039092 %)
iter:   3700 (Jcost: 1.498795e-01) (lr = 1.345e-03) (elapsed time: 3231.554) (secs/iter:  0.667) (n_accepted: 79%) (u_error:  0.456299 %) (beta_change:  2.513729 %) (delta_change:  1.447705 %) (delta_peak/R:  7.038945 %)
iter:   3800 (Jcost: 1.498727e-01) (lr = 9.194e-02) (elapsed time: 3314.136) (secs/iter:  0.826) (n_accepted: 84%) (u_error:  0.456314 %) (beta_change:  2.514218 %) (delta_change:  1.447765 %) (delta_peak/R:  7.038940 %)
iter:   3900 (Jcost: 1.498672e-01) (lr = 3.288e-02) (elapsed time: 3397.400) (secs/iter:  0.833) (n_accepted: 78%) (u_error:  0.456280 %) (beta_change:  2.515246 %) (delta_change:  1.448246 %) (delta_peak/R:  7.038490 %)
iter:   4000 (Jcost: 1.498601e-01) (lr = 2.042e-03) (elapsed time: 3483.978) (secs/iter:  0.866) (n_accepted: 76%) (u_error:  0.456276 %) (beta_change:  2.515963 %) (delta_change:  1.448477 %) (delta_peak/R:  7.038306 %)
-> Saved file: /media/rafael/DATA/Dropbox/20220924_FIML_solver/data/output/field_inversion/Beta_k/u_imp_100/FI_run_gasLike_u_imp_100_k_imp_1_e_imp_0/FI_run_gasLike_u_imp_100_k_imp_1_e_imp_0_state_iter_4000.dat
iter:   4100 (Jcost: 1.498536e-01) (lr = 4.207e-03) (elapsed time: 3574.100) (secs/iter:  0.901) (n_accepted: 80%) (u_error:  0.456293 %) (beta_change:  2.516294 %) (delta_change:  1.448486 %) (delta_peak/R:  7.038342 %)
iter:   4200 (Jcost: 1.498472e-01) (lr = 3.611e-03) (elapsed time: 3657.777) (secs/iter:  0.837) (n_accepted: 79%) (u_error:  0.456219 %) (beta_change:  2.517906 %) (delta_change:  1.449350 %) (delta_peak/R:  7.037502 %)
iter:   4300 (Jcost: 1.498414e-01) (lr = 1.028e-01) (elapsed time: 3741.269) (secs/iter:  0.835) (n_accepted: 83%) (u_error:  0.456261 %) (beta_change:  2.517727 %) (delta_change:  1.449074 %) (delta_peak/R:  7.037819 %)
iter:   4400 (Jcost: 1.498367e-01) (lr = 3.678e-02) (elapsed time: 3824.194) (secs/iter:  0.829) (n_accepted: 78%) (u_error:  0.456247 %) (beta_change:  2.518281 %) (delta_change:  1.449311 %) (delta_peak/R:  7.037605 %)
iter:   4500 (Jcost: 1.498308e-01) (lr = 1.316e-02) (elapsed time: 3902.031) (secs/iter:  0.778) (n_accepted: 78%) (u_error:  0.456239 %) (beta_change:  2.518814 %) (delta_change:  1.449512 %) (delta_peak/R:  7.037434 %)
-> Saved file: /media/rafael/DATA/Dropbox/20220924_FIML_solver/data/output/field_inversion/Beta_k/u_imp_100/FI_run_gasLike_u_imp_100_k_imp_1_e_imp_0/FI_run_gasLike_u_imp_100_k_imp_1_e_imp_0_state_iter_4500.dat
iter:   4600 (Jcost: 1.498256e-01) (lr = 4.705e-03) (elapsed time: 3993.153) (secs/iter:  0.911) (n_accepted: 78%) (u_error:  0.456232 %) (beta_change:  2.519265 %) (delta_change:  1.449683 %) (delta_peak/R:  7.037288 %)
iter:   4700 (Jcost: 1.498194e-01) (lr = 1.683e-03) (elapsed time: 4077.607) (secs/iter:  0.845) (n_accepted: 78%) (u_error:  0.456224 %) (beta_change:  2.519779 %) (delta_change:  1.449880 %) (delta_peak/R:  7.037118 %)
iter:   4800 (Jcost: 1.498147e-01) (lr = 3.467e-03) (elapsed time: 4165.574) (secs/iter:  0.880) (n_accepted: 80%) (u_error:  0.456235 %) (beta_change:  2.519901 %) (delta_change:  1.449860 %) (delta_peak/R:  7.037161 %)
iter:   4900 (Jcost: 1.498112e-01) (lr = 2.976e-03) (elapsed time: 4247.432) (secs/iter:  0.819) (n_accepted: 79%) (u_error:  0.456219 %) (beta_change:  2.520343 %) (delta_change:  1.450079 %) (delta_peak/R:  7.036955 %)
iter:   5000 (Jcost: 1.498072e-01) (lr = 8.476e-02) (elapsed time: 4328.279) (secs/iter:  0.808) (n_accepted: 83%) (u_error:  0.456209 %) (beta_change:  2.520703 %) (delta_change:  1.450238 %) (delta_peak/R:  7.036810 %)
-> Saved file: /media/rafael/DATA/Dropbox/20220924_FIML_solver/data/output/field_inversion/Beta_k/u_imp_100/FI_run_gasLike_u_imp_100_k_imp_1_e_imp_0/FI_run_gasLike_u_imp_100_k_imp_1_e_imp_0_state_iter_5000.dat
iter:   5100 (Jcost: 1.498031e-01) (lr = 3.032e-02) (elapsed time: 4418.376) (secs/iter:  0.901) (n_accepted: 78%) (u_error:  0.456212 %) (beta_change:  2.520888 %) (delta_change:  1.450281 %) (delta_peak/R:  7.036784 %)
iter:   5200 (Jcost: 1.497985e-01) (lr = 1.084e-02) (elapsed time: 4500.087) (secs/iter:  0.817) (n_accepted: 78%) (u_error:  0.456194 %) (beta_change:  2.565756 %) (delta_change:  1.450523 %) (delta_peak/R:  7.036557 %)
iter:   5300 (Jcost: 1.497939e-01) (lr = 1.616e-03) (elapsed time: 4586.550) (secs/iter:  0.865) (n_accepted: 77%) (u_error:  0.456193 %) (beta_change:  2.617866 %) (delta_change:  1.450611 %) (delta_peak/R:  7.036486 %)
iter:   5400 (Jcost: 1.497901e-01) (lr = 1.105e-01) (elapsed time: 4668.337) (secs/iter:  0.818) (n_accepted: 84%) (u_error:  0.456205 %) (beta_change:  2.663423 %) (delta_change:  1.450554 %) (delta_peak/R:  7.036559 %)
iter:   5500 (Jcost: 1.497870e-01) (lr = 3.950e-02) (elapsed time: 4755.097) (secs/iter:  0.868) (n_accepted: 78%) (u_error:  0.456186 %) (beta_change:  2.699650 %) (delta_change:  1.450781 %) (delta_peak/R:  7.036339 %)
-> Saved file: /media/rafael/DATA/Dropbox/20220924_FIML_solver/data/output/field_inversion/Beta_k/u_imp_100/FI_run_gasLike_u_imp_100_k_imp_1_e_imp_0/FI_run_gasLike_u_imp_100_k_imp_1_e_imp_0_state_iter_5500.dat
iter:   5600 (Jcost: 1.497828e-01) (lr = 1.413e-02) (elapsed time: 4834.617) (secs/iter:  0.795) (n_accepted: 78%) (u_error:  0.456174 %) (beta_change:  2.749238 %) (delta_change:  1.450952 %) (delta_peak/R:  7.036180 %)
iter:   5700 (Jcost: 1.497789e-01) (lr = 2.106e-03) (elapsed time: 4919.629) (secs/iter:  0.850) (n_accepted: 77%) (u_error:  0.456166 %) (beta_change:  2.800523 %) (delta_change:  1.451090 %) (delta_peak/R:  7.036053 %)
iter:   5800 (Jcost: 1.497755e-01) (lr = 4.338e-03) (elapsed time: 4987.318) (secs/iter:  0.677) (n_accepted: 80%) (u_error:  0.456128 %) (beta_change:  2.846457 %) (delta_change:  1.451500 %) (delta_peak/R:  7.035647 %)
iter:   5900 (Jcost: 1.497729e-01) (lr = 2.145e-02) (elapsed time: 5045.279) (secs/iter:  0.580) (n_accepted: 81%) (u_error:  0.456160 %) (beta_change:  2.878895 %) (delta_change:  1.451230 %) (delta_peak/R:  7.035932 %)
iter:   6000 (Jcost: 1.497699e-01) (lr = 7.671e-03) (elapsed time: 5127.266) (secs/iter:  0.820) (n_accepted: 78%) (u_error:  0.456152 %) (beta_change:  2.918901 %) (delta_change:  1.451343 %) (delta_peak/R:  7.035827 %)
-> Saved file: /media/rafael/DATA/Dropbox/20220924_FIML_solver/data/output/field_inversion/Beta_k/u_imp_100/FI_run_gasLike_u_imp_100_k_imp_1_e_imp_0/FI_run_gasLike_u_imp_100_k_imp_1_e_imp_0_state_iter_6000.dat
iter:   6100 (Jcost: 1.497672e-01) (lr = 3.793e-02) (elapsed time: 5211.810) (secs/iter:  0.845) (n_accepted: 81%) (u_error:  0.456149 %) (beta_change:  2.954650 %) (delta_change:  1.451413 %) (delta_peak/R:  7.035764 %)
iter:   6200 (Jcost: 1.497638e-01) (lr = 3.256e-02) (elapsed time: 5293.231) (secs/iter:  0.814) (n_accepted: 79%) (u_error:  0.456150 %) (beta_change:  2.999185 %) (delta_change:  1.451443 %) (delta_peak/R:  7.035745 %)
iter:   6300 (Jcost: 1.497605e-01) (lr = 1.165e-02) (elapsed time: 5372.722) (secs/iter:  0.795) (n_accepted: 78%) (u_error:  0.456132 %) (beta_change:  3.044377 %) (delta_change:  1.451659 %) (delta_peak/R:  7.035534 %)
iter:   6400 (Jcost: 1.497573e-01) (lr = 1.735e-03) (elapsed time: 5459.186) (secs/iter:  0.865) (n_accepted: 77%) (u_error:  0.456133 %) (beta_change:  3.087248 %) (delta_change:  1.451687 %) (delta_peak/R:  7.035516 %)
iter:   6500 (Jcost: 1.497551e-01) (lr = 4.943e-02) (elapsed time: 5538.071) (secs/iter:  0.789) (n_accepted: 83%) (u_error:  0.456128 %) (beta_change:  3.117397 %) (delta_change:  1.451760 %) (delta_peak/R:  7.035448 %)
-> Saved file: /media/rafael/DATA/Dropbox/20220924_FIML_solver/data/output/field_inversion/Beta_k/u_imp_100/FI_run_gasLike_u_imp_100_k_imp_1_e_imp_0/FI_run_gasLike_u_imp_100_k_imp_1_e_imp_0_state_iter_6500.dat
iter:   6600 (Jcost: 1.497520e-01) (lr = 1.768e-02) (elapsed time: 5624.561) (secs/iter:  0.865) (n_accepted: 78%) (u_error:  0.456125 %) (beta_change:  3.160498 %) (delta_change:  1.451832 %) (delta_peak/R:  7.035384 %)
iter:   6700 (Jcost: 1.497488e-01) (lr = 6.323e-03) (elapsed time: 5704.936) (secs/iter:  0.804) (n_accepted: 78%) (u_error:  0.456118 %) (beta_change:  3.204414 %) (delta_change:  1.451937 %) (delta_peak/R:  7.035287 %)
iter:   6800 (Jcost: 1.497456e-01) (lr = 9.423e-04) (elapsed time: 5791.873) (secs/iter:  0.869) (n_accepted: 77%) (u_error:  0.456114 %) (beta_change:  3.248276 %) (delta_change:  1.452014 %) (delta_peak/R:  7.035217 %)
iter:   6900 (Jcost: 1.497432e-01) (lr = 2.684e-02) (elapsed time: 5875.496) (secs/iter:  0.836) (n_accepted: 83%) (u_error:  0.456125 %) (beta_change:  3.282801 %) (delta_change:  1.451933 %) (delta_peak/R:  7.035307 %)
iter:   7000 (Jcost: 1.497413e-01) (lr = 2.304e-02) (elapsed time: 5958.301) (secs/iter:  0.828) (n_accepted: 79%) (u_error:  0.456102 %) (beta_change:  3.308515 %) (delta_change:  1.452178 %) (delta_peak/R:  7.035063 %)
-> Saved file: /media/rafael/DATA/Dropbox/20220924_FIML_solver/data/output/field_inversion/Beta_k/u_imp_100/FI_run_gasLike_u_imp_100_k_imp_1_e_imp_0/FI_run_gasLike_u_imp_100_k_imp_1_e_imp_0_state_iter_7000.dat
iter:   7100 (Jcost: 1.497390e-01) (lr = 3.433e-03) (elapsed time: 6046.509) (secs/iter:  0.882) (n_accepted: 77%) (u_error:  0.456107 %) (beta_change:  3.342054 %) (delta_change:  1.452158 %) (delta_peak/R:  7.035090 %)
iter:   7200 (Jcost: 1.497367e-01) (lr = 2.947e-03) (elapsed time: 6129.928) (secs/iter:  0.834) (n_accepted: 79%) (u_error:  0.456101 %) (beta_change:  3.374937 %) (delta_change:  1.452241 %) (delta_peak/R:  7.035012 %)
iter:   7300 (Jcost: 1.497343e-01) (lr = 2.530e-03) (elapsed time: 6213.860) (secs/iter:  0.839) (n_accepted: 79%) (u_error:  0.456086 %) (beta_change:  3.408611 %) (delta_change:  1.452412 %) (delta_peak/R:  7.034844 %)
iter:   7400 (Jcost: 1.497321e-01) (lr = 3.002e-02) (elapsed time: 6296.133) (secs/iter:  0.823) (n_accepted: 82%) (u_error:  0.456057 %) (beta_change:  3.442059 %) (delta_change:  1.452715 %) (delta_peak/R:  7.034541 %)
iter:   7500 (Jcost: 1.497303e-01) (lr = 1.074e-02) (elapsed time: 6377.020) (secs/iter:  0.809) (n_accepted: 78%) (u_error:  0.456078 %) (beta_change:  3.466423 %) (delta_change:  1.452533 %) (delta_peak/R:  7.034733 %)
-> Saved file: /media/rafael/DATA/Dropbox/20220924_FIML_solver/data/output/field_inversion/Beta_k/u_imp_100/FI_run_gasLike_u_imp_100_k_imp_1_e_imp_0/FI_run_gasLike_u_imp_100_k_imp_1_e_imp_0_state_iter_7500.dat
iter:   7600 (Jcost: 1.497282e-01) (lr = 3.840e-03) (elapsed time: 6454.660) (secs/iter:  0.776) (n_accepted: 78%) (u_error:  0.456085 %) (beta_change:  3.496087 %) (delta_change:  1.452492 %) (delta_peak/R:  7.034780 %)
iter:   7700 (Jcost: 1.497261e-01) (lr = 1.373e-03) (elapsed time: 6537.201) (secs/iter:  0.825) (n_accepted: 78%) (u_error:  0.456075 %) (beta_change:  3.526762 %) (delta_change:  1.452606 %) (delta_peak/R:  7.034669 %)
iter:   7800 (Jcost: 1.497241e-01) (lr = 1.630e-02) (elapsed time: 6619.130) (secs/iter:  0.819) (n_accepted: 82%) (u_error:  0.456095 %) (beta_change:  3.558032 %) (delta_change:  1.452440 %) (delta_peak/R:  7.034845 %)
iter:   7900 (Jcost: 1.497220e-01) (lr = 8.058e-02) (elapsed time: 6698.508) (secs/iter:  0.794) (n_accepted: 81%) (u_error:  0.456068 %) (beta_change:  3.588120 %) (delta_change:  1.452727 %) (delta_peak/R:  7.034558 %)
iter:   8000 (Jcost: 1.497202e-01) (lr = 6.917e-02) (elapsed time: 6781.995) (secs/iter:  0.835) (n_accepted: 79%) (u_error:  0.456060 %) (beta_change:  3.614581 %) (delta_change:  1.452816 %) (delta_peak/R:  7.034473 %)
-> Saved file: /media/rafael/DATA/Dropbox/20220924_FIML_solver/data/output/field_inversion/Beta_k/u_imp_100/FI_run_gasLike_u_imp_100_k_imp_1_e_imp_0/FI_run_gasLike_u_imp_100_k_imp_1_e_imp_0_state_iter_8000.dat
iter:   8100 (Jcost: 1.497184e-01) (lr = 1.031e-02) (elapsed time: 6869.984) (secs/iter:  0.880) (n_accepted: 77%) (u_error:  0.456051 %) (beta_change:  3.640364 %) (delta_change:  1.452920 %) (delta_peak/R:  7.034371 %)
iter:   8200 (Jcost: 1.497167e-01) (lr = 1.536e-03) (elapsed time: 6949.310) (secs/iter:  0.793) (n_accepted: 77%) (u_error:  0.456053 %) (beta_change:  3.665654 %) (delta_change:  1.452919 %) (delta_peak/R:  7.034378 %)
iter:   8300 (Jcost: 1.497147e-01) (lr = 1.050e-01) (elapsed time: 7027.780) (secs/iter:  0.785) (n_accepted: 84%) (u_error:  0.456041 %) (beta_change:  3.696313 %) (delta_change:  1.453061 %) (delta_peak/R:  7.034238 %)
iter:   8400 (Jcost: 1.497135e-01) (lr = 6.520e-03) (elapsed time: 7110.566) (secs/iter:  0.828) (n_accepted: 76%) (u_error:  0.456047 %) (beta_change:  3.715646 %) (delta_change:  1.453018 %) (delta_peak/R:  7.034285 %)
iter:   8500 (Jcost: 1.497119e-01) (lr = 7.737e-02) (elapsed time: 7191.871) (secs/iter:  0.813) (n_accepted: 82%) (u_error:  0.456036 %) (beta_change:  3.742394 %) (delta_change:  1.453141 %) (delta_peak/R:  7.034164 %)
-> Saved file: /media/rafael/DATA/Dropbox/20220924_FIML_solver/data/output/field_inversion/Beta_k/u_imp_100/FI_run_gasLike_u_imp_100_k_imp_1_e_imp_0/FI_run_gasLike_u_imp_100_k_imp_1_e_imp_0_state_iter_8500.dat
iter:   8600 (Jcost: 1.497106e-01) (lr = 2.002e-03) (elapsed time: 7278.872) (secs/iter:  0.870) (n_accepted: 75%) (u_error:  0.456043 %) (beta_change:  3.764275 %) (delta_change:  1.453081 %) (delta_peak/R:  7.034230 %)
iter:   8700 (Jcost: 1.497095e-01) (lr = 2.375e-02) (elapsed time: 7358.951) (secs/iter:  0.801) (n_accepted: 82%) (u_error:  0.456037 %) (beta_change:  3.782477 %) (delta_change:  1.453151 %) (delta_peak/R:  7.034161 %)
iter:   8800 (Jcost: 1.497078e-01) (lr = 1.475e-03) (elapsed time: 7441.736) (secs/iter:  0.828) (n_accepted: 76%) (u_error:  0.456033 %) (beta_change:  3.811881 %) (delta_change:  1.453212 %) (delta_peak/R:  7.034105 %)
iter:   8900 (Jcost: 1.497063e-01) (lr = 7.293e-03) (elapsed time: 7524.483) (secs/iter:  0.827) (n_accepted: 81%) (u_error:  0.456002 %) (beta_change:  3.838004 %) (delta_change:  1.453527 %) (delta_peak/R:  7.033787 %)
iter:   9000 (Jcost: 1.497050e-01) (lr = 8.654e-02) (elapsed time: 7604.046) (secs/iter:  0.796) (n_accepted: 82%) (u_error:  0.456027 %) (beta_change:  3.859860 %) (delta_change:  1.453299 %) (delta_peak/R:  7.034024 %)
-> Saved file: /media/rafael/DATA/Dropbox/20220924_FIML_solver/data/output/field_inversion/Beta_k/u_imp_100/FI_run_gasLike_u_imp_100_k_imp_1_e_imp_0/FI_run_gasLike_u_imp_100_k_imp_1_e_imp_0_state_iter_9000.dat
iter:   9100 (Jcost: 1.497034e-01) (lr = 3.095e-02) (elapsed time: 7690.942) (secs/iter:  0.869) (n_accepted: 78%) (u_error:  0.456016 %) (beta_change:  3.886698 %) (delta_change:  1.453415 %) (delta_peak/R:  7.033910 %)
iter:   9200 (Jcost: 1.497021e-01) (lr = 1.107e-02) (elapsed time: 7770.284) (secs/iter:  0.793) (n_accepted: 78%) (u_error:  0.456019 %) (beta_change:  3.909000 %) (delta_change:  1.453405 %) (delta_peak/R:  7.033924 %)
iter:   9300 (Jcost: 1.497005e-01) (lr = 1.650e-03) (elapsed time: 7847.601) (secs/iter:  0.773) (n_accepted: 77%) (u_error:  0.456002 %) (beta_change:  3.937822 %) (delta_change:  1.453583 %) (delta_peak/R:  7.033747 %)
iter:   9400 (Jcost: 1.496994e-01) (lr = 4.699e-02) (elapsed time: 7923.619) (secs/iter:  0.760) (n_accepted: 83%) (u_error:  0.456015 %) (beta_change:  3.956746 %) (delta_change:  1.453467 %) (delta_peak/R:  7.033870 %)
iter:   9500 (Jcost: 1.496982e-01) (lr = 7.002e-03) (elapsed time: 8003.802) (secs/iter:  0.802) (n_accepted: 77%) (u_error:  0.456013 %) (beta_change:  3.977722 %) (delta_change:  1.453504 %) (delta_peak/R:  7.033835 %)
-> Saved file: /media/rafael/DATA/Dropbox/20220924_FIML_solver/data/output/field_inversion/Beta_k/u_imp_100/FI_run_gasLike_u_imp_100_k_imp_1_e_imp_0/FI_run_gasLike_u_imp_100_k_imp_1_e_imp_0_state_iter_9500.dat
iter:   9600 (Jcost: 1.496970e-01) (lr = 2.504e-03) (elapsed time: 8091.568) (secs/iter:  0.878) (n_accepted: 78%) (u_error:  0.456005 %) (beta_change:  4.000006 %) (delta_change:  1.453591 %) (delta_peak/R:  7.033750 %)
iter:   9700 (Jcost: 1.496958e-01) (lr = 2.150e-03) (elapsed time: 8166.642) (secs/iter:  0.751) (n_accepted: 79%) (u_error:  0.455990 %) (beta_change:  4.022511 %) (delta_change:  1.453744 %) (delta_peak/R:  7.033598 %)
iter:   9800 (Jcost: 1.496945e-01) (lr = 4.429e-03) (elapsed time: 8233.042) (secs/iter:  0.664) (n_accepted: 80%) (u_error:  0.455986 %) (beta_change:  4.045577 %) (delta_change:  1.453802 %) (delta_peak/R:  7.033543 %)
iter:   9900 (Jcost: 1.496933e-01) (lr = 1.261e-01) (elapsed time: 8301.716) (secs/iter:  0.687) (n_accepted: 83%) (u_error:  0.455997 %) (beta_change:  4.067132 %) (delta_change:  1.453703 %) (delta_peak/R:  7.033648 %)
iter:  10000 (Jcost: 1.496921e-01) (lr = 4.511e-02) (elapsed time: 8382.806) (secs/iter:  0.811) (n_accepted: 78%) (u_error:  0.455999 %) (beta_change:  4.090482 %) (delta_change:  1.453696 %) (delta_peak/R:  7.033659 %)
-> Saved file: /media/rafael/DATA/Dropbox/20220924_FIML_solver/data/output/field_inversion/Beta_k/u_imp_100/FI_run_gasLike_u_imp_100_k_imp_1_e_imp_0/FI_run_gasLike_u_imp_100_k_imp_1_e_imp_0_state_iter_10000.dat
iter:  10100 (Jcost: 1.496910e-01) (lr = 1.614e-02) (elapsed time: 8469.088) (secs/iter:  0.863) (n_accepted: 78%) (u_error:  0.455993 %) (beta_change:  4.110486 %) (delta_change:  1.453761 %) (delta_peak/R:  7.033596 %)
iter:  10200 (Jcost: 1.496899e-01) (lr = 2.405e-03) (elapsed time: 8549.210) (secs/iter:  0.801) (n_accepted: 77%) (u_error:  0.455984 %) (beta_change:  4.131585 %) (delta_change:  1.453865 %) (delta_peak/R:  7.033494 %)
iter:  10300 (Jcost: 1.496888e-01) (lr = 1.189e-02) (elapsed time: 8626.750) (secs/iter:  0.775) (n_accepted: 81%) (u_error:  0.455996 %) (beta_change:  4.151402 %) (delta_change:  1.453762 %) (delta_peak/R:  7.033603 %)
iter:  10400 (Jcost: 1.496877e-01) (lr = 5.879e-02) (elapsed time: 8702.020) (secs/iter:  0.753) (n_accepted: 81%) (u_error:  0.455989 %) (beta_change:  4.172132 %) (delta_change:  1.453836 %) (delta_peak/R:  7.033532 %)
iter:  10500 (Jcost: 1.496866e-01) (lr = 8.761e-03) (elapsed time: 8779.081) (secs/iter:  0.771) (n_accepted: 77%) (u_error:  0.455985 %) (beta_change:  4.192825 %) (delta_change:  1.453888 %) (delta_peak/R:  7.033481 %)
-> Saved file: /media/rafael/DATA/Dropbox/20220924_FIML_solver/data/output/field_inversion/Beta_k/u_imp_100/FI_run_gasLike_u_imp_100_k_imp_1_e_imp_0/FI_run_gasLike_u_imp_100_k_imp_1_e_imp_0_state_iter_10500.dat
iter:  10600 (Jcost: 1.496856e-01) (lr = 3.133e-03) (elapsed time: 8855.901) (secs/iter:  0.768) (n_accepted: 78%) (u_error:  0.455976 %) (beta_change:  4.211564 %) (delta_change:  1.453980 %) (delta_peak/R:  7.033391 %)
iter:  10700 (Jcost: 1.496848e-01) (lr = 3.718e-02) (elapsed time: 8932.410) (secs/iter:  0.765) (n_accepted: 82%) (u_error:  0.455973 %) (beta_change:  4.228097 %) (delta_change:  1.454021 %) (delta_peak/R:  7.033353 %)
iter:  10800 (Jcost: 1.496839e-01) (lr = 5.541e-03) (elapsed time: 9011.135) (secs/iter:  0.787) (n_accepted: 77%) (u_error:  0.455972 %) (beta_change:  4.245011 %) (delta_change:  1.454034 %) (delta_peak/R:  7.033342 %)
iter:  10900 (Jcost: 1.496828e-01) (lr = 1.982e-03) (elapsed time: 9087.226) (secs/iter:  0.761) (n_accepted: 78%) (u_error:  0.455968 %) (beta_change:  4.267385 %) (delta_change:  1.454082 %) (delta_peak/R:  7.033297 %)
iter:  11000 (Jcost: 1.496817e-01) (lr = 1.701e-03) (elapsed time: 9161.507) (secs/iter:  0.743) (n_accepted: 79%) (u_error:  0.455957 %) (beta_change:  4.289289 %) (delta_change:  1.454198 %) (delta_peak/R:  7.033182 %)
-> Saved file: /media/rafael/DATA/Dropbox/20220924_FIML_solver/data/output/field_inversion/Beta_k/u_imp_100/FI_run_gasLike_u_imp_100_k_imp_1_e_imp_0/FI_run_gasLike_u_imp_100_k_imp_1_e_imp_0_state_iter_11000.dat
iter:  11100 (Jcost: 1.496806e-01) (lr = 1.163e-01) (elapsed time: 9229.073) (secs/iter:  0.676) (n_accepted: 84%) (u_error:  0.455977 %) (beta_change:  4.331272 %) (delta_change:  1.454024 %) (delta_peak/R:  7.033365 %)
iter:  11200 (Jcost: 1.496799e-01) (lr = 1.733e-02) (elapsed time: 9278.919) (secs/iter:  0.498) (n_accepted: 77%) (u_error:  0.455958 %) (beta_change:  4.356704 %) (delta_change:  1.454209 %) (delta_peak/R:  7.033178 %)
iter:  11300 (Jcost: 1.496792e-01) (lr = 1.076e-03) (elapsed time: 9332.182) (secs/iter:  0.533) (n_accepted: 76%) (u_error:  0.455958 %) (beta_change:  4.388357 %) (delta_change:  1.454211 %) (delta_peak/R:  7.033179 %)
iter:  11400 (Jcost: 1.496782e-01) (lr = 7.355e-02) (elapsed time: 9402.877) (secs/iter:  0.707) (n_accepted: 84%) (u_error:  0.455951 %) (beta_change:  4.428087 %) (delta_change:  1.454294 %) (delta_peak/R:  7.033098 %)
iter:  11500 (Jcost: 1.496774e-01) (lr = 6.314e-02) (elapsed time: 9477.812) (secs/iter:  0.749) (n_accepted: 79%) (u_error:  0.455954 %) (beta_change:  4.461542 %) (delta_change:  1.454270 %) (delta_peak/R:  7.033125 %)
-> Saved file: /media/rafael/DATA/Dropbox/20220924_FIML_solver/data/output/field_inversion/Beta_k/u_imp_100/FI_run_gasLike_u_imp_100_k_imp_1_e_imp_0/FI_run_gasLike_u_imp_100_k_imp_1_e_imp_0_state_iter_11500.dat
iter:  11600 (Jcost: 1.496765e-01) (lr = 2.258e-02) (elapsed time: 9556.985) (secs/iter:  0.792) (n_accepted: 78%) (u_error:  0.455951 %) (beta_change:  4.498353 %) (delta_change:  1.454310 %) (delta_peak/R:  7.033088 %)
iter:  11700 (Jcost: 1.496757e-01) (lr = 3.365e-03) (elapsed time: 9635.829) (secs/iter:  0.788) (n_accepted: 77%) (u_error:  0.455944 %) (beta_change:  4.534718 %) (delta_change:  1.454379 %) (delta_peak/R:  7.033021 %)
iter:  11800 (Jcost: 1.496749e-01) (lr = 2.889e-03) (elapsed time: 9714.565) (secs/iter:  0.787) (n_accepted: 79%) (u_error:  0.455944 %) (beta_change:  4.568346 %) (delta_change:  1.454387 %) (delta_peak/R:  7.033016 %)
iter:  11900 (Jcost: 1.496741e-01) (lr = 8.227e-02) (elapsed time: 9790.845) (secs/iter:  0.763) (n_accepted: 83%) (u_error:  0.455941 %) (beta_change:  4.603076 %) (delta_change:  1.454419 %) (delta_peak/R:  7.032986 %)
iter:  12000 (Jcost: 1.496735e-01) (lr = 5.109e-03) (elapsed time: 9869.215) (secs/iter:  0.784) (n_accepted: 76%) (u_error:  0.455940 %) (beta_change:  4.627727 %) (delta_change:  1.454439 %) (delta_peak/R:  7.032968 %)
-> Saved file: /media/rafael/DATA/Dropbox/20220924_FIML_solver/data/output/field_inversion/Beta_k/u_imp_100/FI_run_gasLike_u_imp_100_k_imp_1_e_imp_0/FI_run_gasLike_u_imp_100_k_imp_1_e_imp_0_state_iter_12000.dat
iter:  12100 (Jcost: 1.496727e-01) (lr = 4.385e-03) (elapsed time: 9939.439) (secs/iter:  0.702) (n_accepted: 79%) (u_error:  0.455935 %) (beta_change:  4.662857 %) (delta_change:  1.454496 %) (delta_peak/R:  7.032913 %)
iter:  12200 (Jcost: 1.496719e-01) (lr = 1.568e-03) (elapsed time: 10008.435) (secs/iter:  0.690) (n_accepted: 78%) (u_error:  0.455935 %) (beta_change:  4.701410 %) (delta_change:  1.454498 %) (delta_peak/R:  7.032914 %)
iter:  12300 (Jcost: 1.496712e-01) (lr = 1.072e-01) (elapsed time: 10073.116) (secs/iter:  0.647) (n_accepted: 84%) (u_error:  0.455932 %) (beta_change:  4.734426 %) (delta_change:  1.454535 %) (delta_peak/R:  7.032879 %)
iter:  12400 (Jcost: 1.496705e-01) (lr = 3.834e-02) (elapsed time: 10149.990) (secs/iter:  0.769) (n_accepted: 78%) (u_error:  0.455932 %) (beta_change:  4.770064 %) (delta_change:  1.454539 %) (delta_peak/R:  7.032878 %)
iter:  12500 (Jcost: 1.496698e-01) (lr = 1.371e-02) (elapsed time: 10224.113) (secs/iter:  0.741) (n_accepted: 78%) (u_error:  0.455928 %) (beta_change:  4.804618 %) (delta_change:  1.454582 %) (delta_peak/R:  7.032837 %)
-> Saved file: /media/rafael/DATA/Dropbox/20220924_FIML_solver/data/output/field_inversion/Beta_k/u_imp_100/FI_run_gasLike_u_imp_100_k_imp_1_e_imp_0/FI_run_gasLike_u_imp_100_k_imp_1_e_imp_0_state_iter_12500.dat
iter:  12600 (Jcost: 1.496691e-01) (lr = 2.044e-03) (elapsed time: 10309.244) (secs/iter:  0.851) (n_accepted: 77%) (u_error:  0.455927 %) (beta_change:  4.837488 %) (delta_change:  1.454599 %) (delta_peak/R:  7.032823 %)
iter:  12700 (Jcost: 1.496685e-01) (lr = 1.754e-03) (elapsed time: 10385.873) (secs/iter:  0.766) (n_accepted: 79%) (u_error:  0.455925 %) (beta_change:  4.871396 %) (delta_change:  1.454628 %) (delta_peak/R:  7.032796 %)
iter:  12800 (Jcost: 1.496679e-01) (lr = 3.614e-03) (elapsed time: 10465.443) (secs/iter:  0.796) (n_accepted: 80%) (u_error:  0.455904 %) (beta_change:  4.902782 %) (delta_change:  1.454827 %) (delta_peak/R:  7.032596 %)
iter:  12900 (Jcost: 1.496674e-01) (lr = 4.289e-02) (elapsed time: 10543.606) (secs/iter:  0.782) (n_accepted: 82%) (u_error:  0.455923 %) (beta_change:  4.927322 %) (delta_change:  1.454650 %) (delta_peak/R:  7.032779 %)
iter:  13000 (Jcost: 1.496668e-01) (lr = 3.682e-02) (elapsed time: 10622.413) (secs/iter:  0.788) (n_accepted: 79%) (u_error:  0.455919 %) (beta_change:  4.958049 %) (delta_change:  1.454701 %) (delta_peak/R:  7.032730 %)
-> Saved file: /media/rafael/DATA/Dropbox/20220924_FIML_solver/data/output/field_inversion/Beta_k/u_imp_100/FI_run_gasLike_u_imp_100_k_imp_1_e_imp_0/FI_run_gasLike_u_imp_100_k_imp_1_e_imp_0_state_iter_13000.dat
iter:  13100 (Jcost: 1.496662e-01) (lr = 1.317e-02) (elapsed time: 10704.034) (secs/iter:  0.816) (n_accepted: 78%) (u_error:  0.455916 %) (beta_change:  4.986428 %) (delta_change:  1.454730 %) (delta_peak/R:  7.032703 %)
iter:  13200 (Jcost: 1.496656e-01) (lr = 4.710e-03) (elapsed time: 10773.292) (secs/iter:  0.693) (n_accepted: 78%) (u_error:  0.455912 %) (beta_change:  5.021067 %) (delta_change:  1.454769 %) (delta_peak/R:  7.032665 %)
iter:  13300 (Jcost: 1.496648e-01) (lr = 1.684e-03) (elapsed time: 10851.388) (secs/iter:  0.781) (n_accepted: 78%) (u_error:  0.455911 %) (beta_change:  5.060171 %) (delta_change:  1.454787 %) (delta_peak/R:  7.032651 %)
iter:  13400 (Jcost: 1.496642e-01) (lr = 1.151e-01) (elapsed time: 10922.957) (secs/iter:  0.716) (n_accepted: 84%) (u_error:  0.455904 %) (beta_change:  5.094184 %) (delta_change:  1.454855 %) (delta_peak/R:  7.032583 %)
iter:  13500 (Jcost: 1.496638e-01) (lr = 7.149e-03) (elapsed time: 11002.800) (secs/iter:  0.798) (n_accepted: 76%) (u_error:  0.455910 %) (beta_change:  5.115272 %) (delta_change:  1.454801 %) (delta_peak/R:  7.032640 %)
-> Saved file: /media/rafael/DATA/Dropbox/20220924_FIML_solver/data/output/field_inversion/Beta_k/u_imp_100/FI_run_gasLike_u_imp_100_k_imp_1_e_imp_0/FI_run_gasLike_u_imp_100_k_imp_1_e_imp_0_state_iter_13500.dat
iter:  13600 (Jcost: 1.496634e-01) (lr = 8.484e-02) (elapsed time: 11083.407) (secs/iter:  0.806) (n_accepted: 82%) (u_error:  0.455907 %) (beta_change:  5.139851 %) (delta_change:  1.454840 %) (delta_peak/R:  7.032603 %)
iter:  13700 (Jcost: 1.496629e-01) (lr = 3.034e-02) (elapsed time: 11162.446) (secs/iter:  0.790) (n_accepted: 78%) (u_error:  0.455908 %) (beta_change:  5.166968 %) (delta_change:  1.454831 %) (delta_peak/R:  7.032615 %)
iter:  13800 (Jcost: 1.496623e-01) (lr = 1.085e-02) (elapsed time: 11237.637) (secs/iter:  0.752) (n_accepted: 78%) (u_error:  0.455902 %) (beta_change:  5.197873 %) (delta_change:  1.454894 %) (delta_peak/R:  7.032553 %)
iter:  13900 (Jcost: 1.496618e-01) (lr = 1.617e-03) (elapsed time: 11317.098) (secs/iter:  0.795) (n_accepted: 77%) (u_error:  0.455901 %) (beta_change:  5.228966 %) (delta_change:  1.454901 %) (delta_peak/R:  7.032548 %)
iter:  14000 (Jcost: 1.496614e-01) (lr = 4.606e-02) (elapsed time: 11392.742) (secs/iter:  0.756) (n_accepted: 83%) (u_error:  0.455897 %) (beta_change:  5.251221 %) (delta_change:  1.454949 %) (delta_peak/R:  7.032501 %)
-> Saved file: /media/rafael/DATA/Dropbox/20220924_FIML_solver/data/output/field_inversion/Beta_k/u_imp_100/FI_run_gasLike_u_imp_100_k_imp_1_e_imp_0/FI_run_gasLike_u_imp_100_k_imp_1_e_imp_0_state_iter_14000.dat
iter:  14100 (Jcost: 1.496609e-01) (lr = 1.647e-02) (elapsed time: 11470.396) (secs/iter:  0.777) (n_accepted: 78%) (u_error:  0.455896 %) (beta_change:  5.280467 %) (delta_change:  1.454960 %) (delta_peak/R:  7.032493 %)
iter:  14200 (Jcost: 1.496604e-01) (lr = 1.414e-02) (elapsed time: 11543.914) (secs/iter:  0.735) (n_accepted: 79%) (u_error:  0.455896 %) (beta_change:  5.308678 %) (delta_change:  1.454967 %) (delta_peak/R:  7.032488 %)
iter:  14300 (Jcost: 1.496598e-01) (lr = 5.058e-03) (elapsed time: 11618.605) (secs/iter:  0.747) (n_accepted: 78%) (u_error:  0.455891 %) (beta_change:  5.343896 %) (delta_change:  1.455012 %) (delta_peak/R:  7.032445 %)
iter:  14400 (Jcost: 1.496594e-01) (lr = 1.809e-03) (elapsed time: 11697.288) (secs/iter:  0.787) (n_accepted: 78%) (u_error:  0.455891 %) (beta_change:  5.371303 %) (delta_change:  1.455016 %) (delta_peak/R:  7.032444 %)
iter:  14500 (Jcost: 1.496589e-01) (lr = 8.945e-03) (elapsed time: 11770.595) (secs/iter:  0.733) (n_accepted: 81%) (u_error:  0.455876 %) (beta_change:  5.399142 %) (delta_change:  1.455163 %) (delta_peak/R:  7.032296 %)
-> Saved file: /media/rafael/DATA/Dropbox/20220924_FIML_solver/data/output/field_inversion/Beta_k/u_imp_100/FI_run_gasLike_u_imp_100_k_imp_1_e_imp_0/FI_run_gasLike_u_imp_100_k_imp_1_e_imp_0_state_iter_14500.dat
iter:  14600 (Jcost: 1.496586e-01) (lr = 1.843e-02) (elapsed time: 11845.075) (secs/iter:  0.745) (n_accepted: 80%) (u_error:  0.455891 %) (beta_change:  5.418932 %) (delta_change:  1.455023 %) (delta_peak/R:  7.032440 %)
iter:  14700 (Jcost: 1.496581e-01) (lr = 6.591e-03) (elapsed time: 11899.061) (secs/iter:  0.540) (n_accepted: 78%) (u_error:  0.455886 %) (beta_change:  5.447714 %) (delta_change:  1.455070 %) (delta_peak/R:  7.032395 %)
iter:  14800 (Jcost: 1.496576e-01) (lr = 9.822e-04) (elapsed time: 11961.685) (secs/iter:  0.626) (n_accepted: 77%) (u_error:  0.455883 %) (beta_change:  5.478131 %) (delta_change:  1.455103 %) (delta_peak/R:  7.032364 %)
iter:  14900 (Jcost: 1.496572e-01) (lr = 1.166e-02) (elapsed time: 12036.923) (secs/iter:  0.752) (n_accepted: 82%) (u_error:  0.455890 %) (beta_change:  5.503137 %) (delta_change:  1.455040 %) (delta_peak/R:  7.032430 %)
iter:  15000 (Jcost: 1.496569e-01) (lr = 4.169e-03) (elapsed time: 12102.825) (secs/iter:  0.659) (n_accepted: 78%) (u_error:  0.455884 %) (beta_change:  5.522790 %) (delta_change:  1.455103 %) (delta_peak/R:  7.032368 %)
-> Saved file: /media/rafael/DATA/Dropbox/20220924_FIML_solver/data/output/field_inversion/Beta_k/u_imp_100/FI_run_gasLike_u_imp_100_k_imp_1_e_imp_0/FI_run_gasLike_u_imp_100_k_imp_1_e_imp_0_state_iter_15000.dat
iter:  15000 (Jcost: 1.496569e-01) (lr = 5.003e-03) (elapsed time: 12108.413) (secs/iter:   None) (n_accepted: 0%) (u_error:  0.455883 %) (beta_change:  5.522851 %) (delta_change:  1.455114 %) (delta_peak/R:  7.032357 %)
