# ------------------------------------------------------------------------
#                  Input Arguments
# ------------------------------------------------------------------------
# Begin_Input_Arguments
{ 'all_b_mode': ['Beta_k', 'Beta_e'],
  'args_mk_solver': { 'torch': "<module 'torch' from "
                               "'/home/rafael/anaconda3/lib/python3.9/site-packages/torch/__init__.py'>",
                      'y_grid': [0.0, 0.000309700312, 0.000638645973, 0.00098802599, 0.00135910194, 0.00175321227, 0.00217177688, 0.00261630193, 0.00308838486, 0.00358971984, 0.00412210331, 0.00468744001, 0.00528774917, 0.00592517114, 0.00660197432, 0.0073205624, 0.00808348206, 0.00889343092, 0.00975326602, 0.0106660126, 0.0116348733, 0.0126632377, 0.0137546927, 0.0149130326, 0.0161422702, 0.0174466482, 0.0188306506, 0.0202990157, 0.0218567475, 0.02350913, 0.0252617393, 0.0271204584, 0.0290914903, 0.0311813732, 0.033396994, 0.0357456039, 0.0382348325, 0.0408727029, 0.0436676462, 0.0466285159, 0.0497646022, 0.0530856456, 0.0566018496, 0.0603238931, 0.0642629411, 0.068430655, 0.0728392004, 0.0775012535, 0.0824300053, 0.0876391634, 0.0931429507, 0.0989561006, 0.105093849, 0.111571922, 0.118406518, 0.125614286, 0.133212296, 0.141218006, 0.14964922, 0.158524039, 0.167860801, 0.177678022, 0.187994313, 0.1988283, 0.21019853, 0.222123362, 0.234620856, 0.247708641, 0.261403784, 0.275722637, 0.290680679, 0.306292354, 0.322570888, 0.339528108, 0.357174255, 0.375517785, 0.394565175, 0.414320726, 0.43478637, 0.45596148, 0.47784269, 0.500423731, 0.523695275, 0.547644806, 0.572256506, 0.597511177, 0.623386184, 0.649855436, 0.676889401, 0.704455158, 0.73251649, 0.761034018, 0.789965372, 0.819265404, 0.848886442, 0.878778572, 0.908889961, 0.939167201, 0.969555687, 1.0],
                      'Ret': 4178.88,
                      'cp': 1.0,
                      'A_sca_rho': 1.0,
                      'A_sca_mu': 0.00023929856803736886,
                      'A_sca_k': 0.00023929856803736886,
                      'b_exp_rho': 0.0,
                      'b_exp_mu': 0.0,
                      'b_exp_k': 0.0,
                      'tensor_device': 'cpu',
                      'as_tensor': '<function '
                                   'Build_arguments_fi_run._mk_args_MK_solver.<locals>.<lambda> '
                                   'at 0x7f9dabaaadc0>',
                      'ref_dns': { 'u_dns': [0.0, 1.29342908, 2.65194048, 4.03670512, 5.40859779, 6.68695496, 7.86019195, 8.91069256, 9.80895505, 10.5848082, 11.256716, 11.838802, 12.3296382, 12.7600093, 13.1410586, 13.4759394, 13.7744531, 14.0477365, 14.2950609, 14.5257574, 14.7416361, 14.9463957, 15.1419829, 15.331636, 15.5147581, 15.6944977, 15.8714078, 16.0458343, 16.2182932, 16.3895662, 16.5599086, 16.7295497, 16.8986118, 17.0669143, 17.2349262, 17.4028312, 17.5701228, 17.7374358, 17.9041343, 18.0707044, 18.2370016, 18.4029699, 18.5685661, 18.7337707, 18.8985825, 19.0628993, 19.2265908, 19.3896394, 19.5519311, 19.7132729, 19.8736228, 20.0329364, 20.1911376, 20.3479704, 20.5037328, 20.658259, 20.8113699, 20.9630469, 21.1135511, 21.2631337, 21.4122384, 21.561234, 21.7100392, 21.8580649, 22.0049074, 22.1497712, 22.2927547, 22.4339372, 22.573864, 22.7126255, 22.8505065, 22.9881435, 23.1249588, 23.2612122, 23.3980224, 23.5351472, 23.6720493, 23.8088436, 23.9452111, 24.0800664, 24.2132574, 24.3458709, 24.4777305, 24.6088033, 24.7377587, 24.8656065, 24.9912607, 25.1139727, 25.2325247, 25.3453248, 25.4509185, 25.5499422, 25.640263, 25.719845, 25.7877871, 25.8450715, 25.8916591, 25.9270062, 25.9491387, 25.95648],
                                   'T_dns': [1.0, 1.0, 1.0, 1.0, 1.0, 1.0, 1.0, 1.0, 1.0, 1.0, 1.0, 1.0, 1.0, 1.0, 1.0, 1.0, 1.0, 1.0, 1.0, 1.0, 1.0, 1.0, 1.0, 1.0, 1.0, 1.0, 1.0, 1.0, 1.0, 1.0, 1.0, 1.0, 1.0, 1.0, 1.0, 1.0, 1.0, 1.0, 1.0, 1.0, 1.0, 1.0, 1.0, 1.0, 1.0, 1.0, 1.0, 1.0, 1.0, 1.0, 1.0, 1.0, 1.0, 1.0, 1.0, 1.0, 1.0, 1.0, 1.0, 1.0, 1.0, 1.0, 1.0, 1.0, 1.0, 1.0, 1.0, 1.0, 1.0, 1.0, 1.0, 1.0, 1.0, 1.0, 1.0, 1.0, 1.0, 1.0, 1.0, 1.0, 1.0, 1.0, 1.0, 1.0, 1.0, 1.0, 1.0, 1.0, 1.0, 1.0, 1.0, 1.0, 1.0, 1.0, 1.0, 1.0, 1.0, 1.0, 1.0, 1.0],
                                   'mu_dns': [0.00023929856803736886, 0.00023929856803736886, 0.00023929856803736886, 0.00023929856803736886, 0.00023929856803736886, 0.00023929856803736886, 0.00023929856803736886, 0.00023929856803736886, 0.00023929856803736886, 0.00023929856803736886, 0.00023929856803736886, 0.00023929856803736886, 0.00023929856803736886, 0.00023929856803736886, 0.00023929856803736886, 0.00023929856803736886, 0.00023929856803736886, 0.00023929856803736886, 0.00023929856803736886, 0.00023929856803736886, 0.00023929856803736886, 0.00023929856803736886, 0.00023929856803736886, 0.00023929856803736886, 0.00023929856803736886, 0.00023929856803736886, 0.00023929856803736886, 0.00023929856803736886, 0.00023929856803736886, 0.00023929856803736886, 0.00023929856803736886, 0.00023929856803736886, 0.00023929856803736886, 0.00023929856803736886, 0.00023929856803736886, 0.00023929856803736886, 0.00023929856803736886, 0.00023929856803736886, 0.00023929856803736886, 0.00023929856803736886, 0.00023929856803736886, 0.00023929856803736886, 0.00023929856803736886, 0.00023929856803736886, 0.00023929856803736886, 0.00023929856803736886, 0.00023929856803736886, 0.00023929856803736886, 0.00023929856803736886, 0.00023929856803736886, 0.00023929856803736886, 0.00023929856803736886, 0.00023929856803736886, 0.00023929856803736886, 0.00023929856803736886, 0.00023929856803736886, 0.00023929856803736886, 0.00023929856803736886, 0.00023929856803736886, 0.00023929856803736886, 0.00023929856803736886, 0.00023929856803736886, 0.00023929856803736886, 0.00023929856803736886, 0.00023929856803736886, 0.00023929856803736886, 0.00023929856803736886, 0.00023929856803736886, 0.00023929856803736886, 0.00023929856803736886, 0.00023929856803736886, 0.00023929856803736886, 0.00023929856803736886, 0.00023929856803736886, 0.00023929856803736886, 0.00023929856803736886, 0.00023929856803736886, 0.00023929856803736886, 0.00023929856803736886, 0.00023929856803736886, 0.00023929856803736886, 0.00023929856803736886, 0.00023929856803736886, 0.00023929856803736886, 0.00023929856803736886, 0.00023929856803736886, 0.00023929856803736886, 0.00023929856803736886, 0.00023929856803736886, 0.00023929856803736886, 0.00023929856803736886, 0.00023929856803736886, 0.00023929856803736886, 0.00023929856803736886, 0.00023929856803736886, 0.00023929856803736886, 0.00023929856803736886, 0.00023929856803736886, 0.00023929856803736886, 0.00023929856803736886],
                                   'rho_dns': [1.0, 1.0, 1.0, 1.0, 1.0, 1.0, 1.0, 1.0, 1.0, 1.0, 1.0, 1.0, 1.0, 1.0, 1.0, 1.0, 1.0, 1.0, 1.0, 1.0, 1.0, 1.0, 1.0, 1.0, 1.0, 1.0, 1.0, 1.0, 1.0, 1.0, 1.0, 1.0, 1.0, 1.0, 1.0, 1.0, 1.0, 1.0, 1.0, 1.0, 1.0, 1.0, 1.0, 1.0, 1.0, 1.0, 1.0, 1.0, 1.0, 1.0, 1.0, 1.0, 1.0, 1.0, 1.0, 1.0, 1.0, 1.0, 1.0, 1.0, 1.0, 1.0, 1.0, 1.0, 1.0, 1.0, 1.0, 1.0, 1.0, 1.0, 1.0, 1.0, 1.0, 1.0, 1.0, 1.0, 1.0, 1.0, 1.0, 1.0, 1.0, 1.0, 1.0, 1.0, 1.0, 1.0, 1.0, 1.0, 1.0, 1.0, 1.0, 1.0, 1.0, 1.0, 1.0, 1.0, 1.0, 1.0, 1.0, 1.0]},
                      'case': 'Jimenez_Re4200',
                      'constant_Sq_heat': 0.0,
                      'use_visc_heating': False,
                      'Pr_turb': 1.0,
                      'fprint': '<function '
                                'Build_arguments_fi_run._mk_args_MK_solver.<locals>.<lambda> '
                                'at 0x7f9dabaaaa60>',
                      'compressible_correction': False,
                      'bool_solve_energy': False,
                      'output_last': False},
  'u_imp': 10,
  'k_imp': 1,
  'e_imp': 1,
  'solve_sparse_adj': True,
  'all_ref_beta_distrib': {'K': [1.0, 0.99786982, 0.99685822, 0.99721698, 0.99912422, 1.00235532, 1.00617172, 1.00987658, 1.01307483, 1.01558938, 1.01733424, 1.01827712, 1.01843132, 1.01783979, 1.01655516, 1.01464176, 1.01217487, 1.00923547, 1.00591511, 1.00232397, 0.99859149, 0.99486294, 0.99128878, 0.98801374, 0.98516925, 0.98286967, 0.98121371, 0.98029397, 0.98020409, 0.98103653, 0.98287037, 0.98575267, 0.98967893, 0.99457865, 1.00030799, 1.00665207, 1.01333893, 1.0200584, 1.02648537, 1.03230377, 1.0372277, 1.04102144, 1.04351327, 1.04460238, 1.04425961, 1.04252318, 1.03949029, 1.0353049, 1.03014417, 1.02420572, 1.01769459, 1.01081142, 1.00374394, 0.99666129, 0.98970786, 0.98300063, 0.97663058, 0.97066109, 0.96512467, 0.96002259, 0.95533048, 0.95101127, 0.94703704, 0.94341265, 0.94019038, 0.93747151, 0.93539263, 0.93410249, 0.93373915, 0.93441275, 0.93619361, 0.93910251, 0.94311033, 0.9481364, 0.95404188, 0.96063975, 0.96771682, 0.97504761, 0.98240521, 0.98957264, 0.99633864, 1.00248074, 1.00776794, 1.01198451, 1.01496002, 1.01658811, 1.01684977, 1.01584311, 1.01379121, 1.01102647, 1.00794345, 1.00492701, 1.00229829, 1.00027827, 0.99894725, 0.9982341, 0.99796261, 0.99793163, 0.99797833, 0.99900145], 'E': [1.0, 1.00026136, 0.99994405, 0.99903912, 0.99737193, 0.99421157, 0.98949782, 0.98334589, 0.97599535, 0.96779498, 0.95928227, 0.95122951, 0.94466169, 0.94090427, 0.94170086, 0.9494035, 0.96762621, 1.00089639, 1.04905833, 1.10305681, 1.15072498, 1.18424068, 1.20170064, 1.20492295, 1.19707401, 1.18132756, 1.16036341, 1.13627308, 1.11063892, 1.08465398, 1.05922573, 1.03505227, 1.01267565, 0.99251638, 0.9748969, 0.96005365, 0.94813687, 0.93921149, 0.93325646, 0.93016621, 0.92975725, 0.93177518, 0.93590825, 0.94180513, 0.94909463, 0.9574045, 0.96637821, 0.97568936, 0.9850516, 0.99422351, 1.00301093, 1.01126653, 1.01888592, 1.02580209, 1.03198151, 1.0374186, 1.04212846, 1.04614385, 1.0495148, 1.05230629, 1.05459188, 1.05644253, 1.0579099, 1.05901011, 1.05971654, 1.05996346, 1.05966111, 1.05871641, 1.05705102, 1.05461339, 1.05138566, 1.04738871, 1.04267995, 1.03735284, 1.03154101, 1.02540901, 1.01913431, 1.01289708, 1.00687273, 1.00122406, 0.99610576, 0.99167816, 0.98810341, 0.98552412, 0.98403793, 0.9836826, 0.98441876, 0.98610942, 0.98852003, 0.99133899, 0.99422346, 0.9968623, 0.99901971, 1.00056021, 1.00147295, 1.00186839, 1.00192883, 1.00183792, 1.00173242, 1.00084532]},
  'all_ref_delta_distrib': {'K': [-0.0, 0.7672304390064534, 1.5218790237285518, 1.7437562959280608, 0.6665307113363145, -2.0134822640367074, -5.443817382043913, -8.42868991527152, -10.376207158313113, -11.25699596894129, -11.262114993766598, -10.625264604839701, -9.561817662491316, -8.24800419456165, -6.816528392292325, -5.367144191769901, -3.973187800740133, -2.6847793064189447, -1.5340403024414715, -0.5391381930509191, 0.2934284035199546, 0.965536430797725, 1.4847804519681034, 1.8622363551363044, 2.1107351941857506, 2.243657511151556, 2.273887450515408, 2.212504725973545, 2.068420632657523, 1.8492080120922563, 1.5626383055923296, 1.2182711910727442, 0.8285534826934795, 0.40908207548191433, -0.021863233864099534, -0.4444601670865972, -0.8390465526875173, -1.1877403982984753, -1.4759030753284776, -1.6932059002429727, -1.8341534884199642, -1.8982366652743663, -1.889541418739838, -1.8159336321708757, -1.688000659584324, -1.5179182384200416, -1.3183655570704724, -1.1015605416150027, -0.8785270320269248, -0.6586387304574026, -0.44936072905720265, -0.25618734345148036, -0.08276806443785156, 0.06885721849803132, 0.1980273729201681, 0.3051698343458392, 0.39147995044450556, 0.458711727845134, 0.5090295541531618, 0.544843058011153, 0.5686022822664243, 0.5825653845367584, 0.588548790370488, 0.5877597837007654, 0.5808000563544271, 0.5678160209471965, 0.5487522402496231, 0.5236076969058879, 0.4926041132312043, 0.45624996664124495, 0.41533503970754343, 0.3708989629115902, 0.32414238507244714, 0.27636279995284807, 0.22892640167319517, 0.18316130330710992, 0.14022734036159865, 0.10106234589234969, 0.06636116431424, 0.03656538045878559, 0.011914852083195827, -0.007475242965887543, -0.02161974629923857, -0.03071987674592521, -0.035203833941486115, -0.035708580612450996, -0.03305326252221229, -0.028204791794591188, -0.022186767824327006, -0.015961628637427217, -0.010304609294741451, -0.005707808302080575, -0.0023720541231737227, -0.0002557578604402308, 0.0008638901156530383, 0.0013028904516718903, 0.0013689255295153686, 0.0012906011164034558, 0.0012026061624609754, 0.0005842499913432249], 'E': [-0.0, -23.641481775862477, 8.644480518787969, 224.4003152886375, 828.3568458502714, 1967.0439615021583, 3448.5941432703803, 4875.464037396918, 5960.8446374086625, 6599.033839963871, 6787.214642334292, 6567.3672716625715, 6000.543381765121, 5152.785545747122, 4085.3393728501737, 2849.3221731131293, 1465.8577723944331, -32.68344638647047, -1445.0247055918053, -2465.8319105640667, -2952.2855997984652, -2981.9401098451776, -2724.8826996338157, -2334.381561549782, -1911.5312324019064, -1511.156656098917, -1157.7039089516677, -858.434359728026, -612.0260645922355, -413.4696170895034, -256.5849288701846, -135.20292446244744, -43.65785558429105, 23.065430384552528, 69.33426337096175, 98.94097019120892, 115.20181455789385, 121.02821654686517, 118.97936698409599, 111.29168071178304, 99.88835697919392, 86.38552416498788, 72.09200378015427, 58.01416538633997, 44.87186354951774, 33.127472890299366, 23.02500164863238, 14.634596870754546, 7.898839252658669, 2.676281328724055, -1.2221407456718487, -4.00454097606369, -5.877057886092159, -7.030250952983328, -7.632189272607418, -7.825354540568556, -7.726257592009241, -7.427818385025207, -7.002729321974482, -6.506480336440339, -5.979857735770386, -5.45104509647091, -4.937434175203978, -4.447711617918041, -3.984488256633201, -3.5469523490768213, -3.133191859493548, -2.741737242923426, -2.372157043132878, -2.024998206429938, -1.7014558476803214, -1.403058044799147, -1.1312530564718055, -0.8872252809156318, -0.671902943387042, -0.485705277584161, -0.32828649748591054, -0.19858022711527312, -0.09491987686459669, -0.015149721617330688, 0.04313053667008919, 0.0823205723282389, 0.10485132280350153, 0.11333300300928421, 0.11061659844390374, 0.09968549020615425, 0.08353206371145801, 0.06502584403531071, 0.04668124421869141, 0.030428995523788277, 0.01744506625415882, 0.008108788192882393, 0.002161160065681052, -0.0010528794710763225, -0.002367761291827419, -0.002592563021568784, -0.0023503258837154406, -0.002019968431868054, -0.0017809044933771005, -0.000849069132402027]},
  'fname_print': '/media/rafael/DATA/Dropbox/20220924_FIML_solver/data/output/field_inversion/Beta_k__1__Beta_e__1/u_imp_10/FI_run_Jimenez_Re4200_u_imp_10_k_imp_1_e_imp_1/FI_run_Jimenez_Re4200_u_imp_10_k_imp_1_e_imp_1.log',
  'folder': '/media/rafael/DATA/Dropbox/20220924_FIML_solver/data/output/field_inversion/Beta_k__1__Beta_e__1/u_imp_10/FI_run_Jimenez_Re4200_u_imp_10_k_imp_1_e_imp_1',
  'iters_limit': 15000}
# End_Input_Arguments

# ------------------------------------------------------------------------
#                  Iterations
# ------------------------------------------------------------------------

iter:      0 (Jcost: 1.236812e-01) (lr = 1.000e-03) (elapsed time:  0.002) (secs/iter:   None) (n_accepted: 0%) (u_error:  2.310483 %) (beta_change: 13.559190 %) (delta_change:  1.293019 %) (delta_peak/R:  0.000000 %)
-> Saved file: /media/rafael/DATA/Dropbox/20220924_FIML_solver/data/output/field_inversion/Beta_k__1__Beta_e__1/u_imp_10/FI_run_Jimenez_Re4200_u_imp_10_k_imp_1_e_imp_1/FI_run_Jimenez_Re4200_u_imp_10_k_imp_1_e_imp_1_state_iter_0.dat
iter:    100 (Jcost: 1.078552e-02) (lr = 4.120e-03) (elapsed time: 248.550) (secs/iter:  2.485) (n_accepted: 81%) (u_error:  0.824616 %) (beta_change: 11.867619 %) (delta_change:  0.722397 %) (delta_peak/R:  1.418642 %)
iter:    200 (Jcost: 9.399002e-03) (lr = 3.537e-03) (elapsed time: 442.113) (secs/iter:  1.936) (n_accepted: 79%) (u_error:  0.824127 %) (beta_change: 10.729275 %) (delta_change:  0.606992 %) (delta_peak/R:  1.412391 %)
iter:    300 (Jcost: 8.731694e-03) (lr = 4.197e-02) (elapsed time: 655.439) (secs/iter:  2.133) (n_accepted: 82%) (u_error:  0.830714 %) (beta_change:  9.828738 %) (delta_change:  0.564920 %) (delta_peak/R:  1.405949 %)
iter:    400 (Jcost: 8.340192e-03) (lr = 2.075e-01) (elapsed time: 864.577) (secs/iter:  2.091) (n_accepted: 81%) (u_error:  0.827996 %) (beta_change:  9.202354 %) (delta_change:  0.522985 %) (delta_peak/R:  1.376805 %)
iter:    500 (Jcost: 8.096638e-03) (lr = 7.422e-02) (elapsed time: 1073.081) (secs/iter:  2.085) (n_accepted: 78%) (u_error:  0.829221 %) (beta_change:  8.724330 %) (delta_change:  0.501822 %) (delta_peak/R:  1.366685 %)
-> Saved file: /media/rafael/DATA/Dropbox/20220924_FIML_solver/data/output/field_inversion/Beta_k__1__Beta_e__1/u_imp_10/FI_run_Jimenez_Re4200_u_imp_10_k_imp_1_e_imp_1/FI_run_Jimenez_Re4200_u_imp_10_k_imp_1_e_imp_1_state_iter_500.dat
iter:    600 (Jcost: 7.883110e-03) (lr = 4.609e-03) (elapsed time: 1286.191) (secs/iter:  2.131) (n_accepted: 76%) (u_error:  0.829493 %) (beta_change:  8.235742 %) (delta_change:  0.477492 %) (delta_peak/R:  1.354506 %)
iter:    700 (Jcost: 7.710582e-03) (lr = 3.956e-03) (elapsed time: 1452.553) (secs/iter:  1.664) (n_accepted: 79%) (u_error:  0.829658 %) (beta_change:  7.925475 %) (delta_change:  0.449927 %) (delta_peak/R:  1.345163 %)
iter:    800 (Jcost: 7.578309e-03) (lr = 1.956e-02) (elapsed time: 1606.117) (secs/iter:  1.536) (n_accepted: 81%) (u_error:  0.829475 %) (beta_change:  7.642875 %) (delta_change:  0.424040 %) (delta_peak/R:  1.337203 %)
iter:    900 (Jcost: 7.490295e-03) (lr = 1.679e-02) (elapsed time: 1792.645) (secs/iter:  1.865) (n_accepted: 79%) (u_error:  0.830190 %) (beta_change:  7.421438 %) (delta_change:  0.402978 %) (delta_peak/R:  1.334731 %)
iter:   1000 (Jcost: 7.395569e-03) (lr = 6.005e-03) (elapsed time: 1985.859) (secs/iter:  1.932) (n_accepted: 78%) (u_error:  0.830758 %) (beta_change:  7.139023 %) (delta_change:  0.380823 %) (delta_peak/R:  1.330858 %)
-> Saved file: /media/rafael/DATA/Dropbox/20220924_FIML_solver/data/output/field_inversion/Beta_k__1__Beta_e__1/u_imp_10/FI_run_Jimenez_Re4200_u_imp_10_k_imp_1_e_imp_1/FI_run_Jimenez_Re4200_u_imp_10_k_imp_1_e_imp_1_state_iter_1000.dat
iter:   1100 (Jcost: 7.327101e-03) (lr = 1.710e-01) (elapsed time: 2178.036) (secs/iter:  1.922) (n_accepted: 83%) (u_error:  0.830396 %) (beta_change:  6.908511 %) (delta_change:  0.366784 %) (delta_peak/R:  1.325309 %)
iter:   1200 (Jcost: 7.266835e-03) (lr = 6.117e-02) (elapsed time: 2375.348) (secs/iter:  1.973) (n_accepted: 78%) (u_error:  0.830378 %) (beta_change:  6.668007 %) (delta_change:  0.351261 %) (delta_peak/R:  1.321130 %)
iter:   1300 (Jcost: 7.214156e-03) (lr = 9.116e-03) (elapsed time: 2573.933) (secs/iter:  1.986) (n_accepted: 77%) (u_error:  0.830572 %) (beta_change:  6.432805 %) (delta_change:  0.336466 %) (delta_peak/R:  1.317972 %)
iter:   1400 (Jcost: 7.165584e-03) (lr = 7.826e-03) (elapsed time: 2766.933) (secs/iter:  1.930) (n_accepted: 79%) (u_error:  0.830565 %) (beta_change:  6.190658 %) (delta_change:  0.320516 %) (delta_peak/R:  1.314230 %)
iter:   1500 (Jcost: 7.121926e-03) (lr = 3.869e-02) (elapsed time: 2954.287) (secs/iter:  1.874) (n_accepted: 81%) (u_error:  0.831054 %) (beta_change:  5.934698 %) (delta_change:  0.303145 %) (delta_peak/R:  1.312237 %)
-> Saved file: /media/rafael/DATA/Dropbox/20220924_FIML_solver/data/output/field_inversion/Beta_k__1__Beta_e__1/u_imp_10/FI_run_Jimenez_Re4200_u_imp_10_k_imp_1_e_imp_1/FI_run_Jimenez_Re4200_u_imp_10_k_imp_1_e_imp_1_state_iter_1500.dat
iter:   1600 (Jcost: 7.094281e-03) (lr = 3.321e-02) (elapsed time: 3143.830) (secs/iter:  1.895) (n_accepted: 79%) (u_error:  0.830533 %) (beta_change:  5.771168 %) (delta_change:  0.292033 %) (delta_peak/R:  1.308282 %)
iter:   1700 (Jcost: 7.062339e-03) (lr = 1.188e-02) (elapsed time: 3341.707) (secs/iter:  1.979) (n_accepted: 78%) (u_error:  0.830647 %) (beta_change:  5.555572 %) (delta_change:  0.277843 %) (delta_peak/R:  1.305895 %)
iter:   1800 (Jcost: 7.028400e-03) (lr = 4.249e-03) (elapsed time: 3524.683) (secs/iter:  1.830) (n_accepted: 78%) (u_error:  0.830565 %) (beta_change:  5.311684 %) (delta_change:  0.261500 %) (delta_peak/R:  1.302575 %)
iter:   1900 (Jcost: 7.000629e-03) (lr = 3.647e-03) (elapsed time: 3714.313) (secs/iter:  1.896) (n_accepted: 79%) (u_error:  0.830438 %) (beta_change:  5.092448 %) (delta_change:  0.246798 %) (delta_peak/R:  1.299575 %)
iter:   2000 (Jcost: 6.977264e-03) (lr = 4.328e-02) (elapsed time: 3899.645) (secs/iter:  1.853) (n_accepted: 82%) (u_error:  0.830788 %) (beta_change:  4.890844 %) (delta_change:  0.233260 %) (delta_peak/R:  1.298512 %)
-> Saved file: /media/rafael/DATA/Dropbox/20220924_FIML_solver/data/output/field_inversion/Beta_k__1__Beta_e__1/u_imp_10/FI_run_Jimenez_Re4200_u_imp_10_k_imp_1_e_imp_1/FI_run_Jimenez_Re4200_u_imp_10_k_imp_1_e_imp_1_state_iter_2000.dat
iter:   2100 (Jcost: 6.962203e-03) (lr = 3.715e-02) (elapsed time: 4143.121) (secs/iter:  2.435) (n_accepted: 79%) (u_error:  0.830503 %) (beta_change:  4.759625 %) (delta_change:  0.224590 %) (delta_peak/R:  1.296145 %)
iter:   2200 (Jcost: 6.940151e-03) (lr = 1.329e-02) (elapsed time: 4394.310) (secs/iter:  2.512) (n_accepted: 78%) (u_error:  0.830435 %) (beta_change:  4.551122 %) (delta_change:  0.211089 %) (delta_peak/R:  1.293767 %)
iter:   2300 (Jcost: 6.918880e-03) (lr = 4.753e-03) (elapsed time: 4643.725) (secs/iter:  2.494) (n_accepted: 78%) (u_error:  0.830457 %) (beta_change:  4.340138 %) (delta_change:  0.197830 %) (delta_peak/R:  1.291742 %)
iter:   2400 (Jcost: 6.901805e-03) (lr = 4.080e-03) (elapsed time: 4883.044) (secs/iter:  2.393) (n_accepted: 79%) (u_error:  0.830415 %) (beta_change:  4.163432 %) (delta_change:  0.186729 %) (delta_peak/R:  1.289897 %)
iter:   2500 (Jcost: 6.884842e-03) (lr = 4.841e-02) (elapsed time: 5066.425) (secs/iter:  1.834) (n_accepted: 82%) (u_error:  0.829973 %) (beta_change:  3.967802 %) (delta_change:  0.174688 %) (delta_peak/R:  1.286596 %)
-> Saved file: /media/rafael/DATA/Dropbox/20220924_FIML_solver/data/output/field_inversion/Beta_k__1__Beta_e__1/u_imp_10/FI_run_Jimenez_Re4200_u_imp_10_k_imp_1_e_imp_1/FI_run_Jimenez_Re4200_u_imp_10_k_imp_1_e_imp_1_state_iter_2500.dat
iter:   2600 (Jcost: 6.870961e-03) (lr = 4.155e-02) (elapsed time: 5252.036) (secs/iter:  1.856) (n_accepted: 79%) (u_error:  0.830375 %) (beta_change:  3.821658 %) (delta_change:  0.166429 %) (delta_peak/R:  1.286650 %)
iter:   2700 (Jcost: 6.856105e-03) (lr = 6.193e-03) (elapsed time: 5433.712) (secs/iter:  1.817) (n_accepted: 77%) (u_error:  0.830395 %) (beta_change:  3.645827 %) (delta_change:  0.157282 %) (delta_peak/R:  1.285197 %)
iter:   2800 (Jcost: 6.842768e-03) (lr = 5.316e-03) (elapsed time: 5616.239) (secs/iter:  1.825) (n_accepted: 79%) (u_error:  0.830299 %) (beta_change:  3.482347 %) (delta_change:  0.148757 %) (delta_peak/R:  1.283511 %)
iter:   2900 (Jcost: 6.829892e-03) (lr = 1.095e-02) (elapsed time: 5806.793) (secs/iter:  1.906) (n_accepted: 80%) (u_error:  0.830449 %) (beta_change:  3.315616 %) (delta_change:  0.140106 %) (delta_peak/R:  1.282666 %)
iter:   3000 (Jcost: 6.818229e-03) (lr = 3.119e-01) (elapsed time: 5998.476) (secs/iter:  1.917) (n_accepted: 83%) (u_error:  0.829980 %) (beta_change:  3.159625 %) (delta_change:  0.133900 %) (delta_peak/R:  1.279857 %)
-> Saved file: /media/rafael/DATA/Dropbox/20220924_FIML_solver/data/output/field_inversion/Beta_k__1__Beta_e__1/u_imp_10/FI_run_Jimenez_Re4200_u_imp_10_k_imp_1_e_imp_1/FI_run_Jimenez_Re4200_u_imp_10_k_imp_1_e_imp_1_state_iter_3000.dat
iter:   3100 (Jcost: 6.809086e-03) (lr = 1.116e-01) (elapsed time: 6187.687) (secs/iter:  1.892) (n_accepted: 78%) (u_error:  0.830160 %) (beta_change:  3.042119 %) (delta_change:  0.130287 %) (delta_peak/R:  1.279551 %)
iter:   3200 (Jcost: 6.798668e-03) (lr = 6.927e-03) (elapsed time: 6370.646) (secs/iter:  1.830) (n_accepted: 76%) (u_error:  0.830234 %) (beta_change:  2.899428 %) (delta_change:  0.125830 %) (delta_peak/R:  1.278713 %)
iter:   3300 (Jcost: 6.786829e-03) (lr = 5.946e-03) (elapsed time: 6546.736) (secs/iter:  1.761) (n_accepted: 79%) (u_error:  0.830023 %) (beta_change:  2.731033 %) (delta_change:  0.120479 %) (delta_peak/R:  1.276751 %)
iter:   3400 (Jcost: 6.775442e-03) (lr = 4.064e-01) (elapsed time: 6713.583) (secs/iter:  1.668) (n_accepted: 84%) (u_error:  0.830081 %) (beta_change:  2.566040 %) (delta_change:  0.115337 %) (delta_peak/R:  1.275754 %)
iter:   3500 (Jcost: 6.766851e-03) (lr = 6.057e-02) (elapsed time: 6894.075) (secs/iter:  1.805) (n_accepted: 77%) (u_error:  0.830096 %) (beta_change:  2.437159 %) (delta_change:  0.111324 %) (delta_peak/R:  1.274891 %)
-> Saved file: /media/rafael/DATA/Dropbox/20220924_FIML_solver/data/output/field_inversion/Beta_k__1__Beta_e__1/u_imp_10/FI_run_Jimenez_Re4200_u_imp_10_k_imp_1_e_imp_1/FI_run_Jimenez_Re4200_u_imp_10_k_imp_1_e_imp_1_state_iter_3500.dat
iter:   3600 (Jcost: 6.758602e-03) (lr = 3.761e-03) (elapsed time: 7082.498) (secs/iter:  1.884) (n_accepted: 76%) (u_error:  0.830069 %) (beta_change:  2.310358 %) (delta_change:  0.107377 %) (delta_peak/R:  1.273922 %)
iter:   3700 (Jcost: 6.749562e-03) (lr = 2.571e-01) (elapsed time: 7249.327) (secs/iter:  1.668) (n_accepted: 84%) (u_error:  0.829987 %) (beta_change:  2.167764 %) (delta_change:  0.102942 %) (delta_peak/R:  1.272675 %)
iter:   3800 (Jcost: 6.741279e-03) (lr = 2.207e-01) (elapsed time: 7428.333) (secs/iter:  1.790) (n_accepted: 79%) (u_error:  0.830082 %) (beta_change:  2.033879 %) (delta_change:  0.101318 %) (delta_peak/R:  1.272101 %)
iter:   3900 (Jcost: 6.733530e-03) (lr = 7.892e-02) (elapsed time: 7601.490) (secs/iter:  1.732) (n_accepted: 78%) (u_error:  0.830043 %) (beta_change:  1.906226 %) (delta_change:  0.100836 %) (delta_peak/R:  1.271130 %)
iter:   4000 (Jcost: 6.725587e-03) (lr = 2.823e-02) (elapsed time: 7779.337) (secs/iter:  1.778) (n_accepted: 78%) (u_error:  0.829943 %) (beta_change:  1.773998 %) (delta_change:  0.100265 %) (delta_peak/R:  1.269930 %)
-> Saved file: /media/rafael/DATA/Dropbox/20220924_FIML_solver/data/output/field_inversion/Beta_k__1__Beta_e__1/u_imp_10/FI_run_Jimenez_Re4200_u_imp_10_k_imp_1_e_imp_1/FI_run_Jimenez_Re4200_u_imp_10_k_imp_1_e_imp_1_state_iter_4000.dat
iter:   4100 (Jcost: 6.719022e-03) (lr = 1.010e-02) (elapsed time: 7959.577) (secs/iter:  1.802) (n_accepted: 78%) (u_error:  0.829949 %) (beta_change:  1.662336 %) (delta_change:  0.099906 %) (delta_peak/R:  1.269230 %)
iter:   4200 (Jcost: 6.711618e-03) (lr = 3.611e-03) (elapsed time: 8141.138) (secs/iter:  1.816) (n_accepted: 78%) (u_error:  0.829863 %) (beta_change:  1.533543 %) (delta_change:  0.099378 %) (delta_peak/R:  1.268120 %)
iter:   4300 (Jcost: 6.705282e-03) (lr = 4.285e-02) (elapsed time: 8314.651) (secs/iter:  1.735) (n_accepted: 82%) (u_error:  0.829996 %) (beta_change:  1.420468 %) (delta_change:  0.099192 %) (delta_peak/R:  1.267860 %)
iter:   4400 (Jcost: 6.698780e-03) (lr = 8.828e-02) (elapsed time: 8482.019) (secs/iter:  1.674) (n_accepted: 80%) (u_error:  0.830055 %) (beta_change:  1.300503 %) (delta_change:  0.098893 %) (delta_peak/R:  1.267318 %)
iter:   4500 (Jcost: 6.692526e-03) (lr = 1.819e-01) (elapsed time: 8650.530) (secs/iter:  1.685) (n_accepted: 80%) (u_error:  0.829849 %) (beta_change:  1.189443 %) (delta_change:  0.098286 %) (delta_peak/R:  1.265944 %)
-> Saved file: /media/rafael/DATA/Dropbox/20220924_FIML_solver/data/output/field_inversion/Beta_k__1__Beta_e__1/u_imp_10/FI_run_Jimenez_Re4200_u_imp_10_k_imp_1_e_imp_1/FI_run_Jimenez_Re4200_u_imp_10_k_imp_1_e_imp_1_state_iter_4500.dat
iter:   4600 (Jcost: 6.687038e-03) (lr = 1.129e-02) (elapsed time: 8849.530) (secs/iter:  1.990) (n_accepted: 76%) (u_error:  0.829859 %) (beta_change:  1.087699 %) (delta_change:  0.097987 %) (delta_peak/R:  1.265357 %)
iter:   4700 (Jcost: 6.681798e-03) (lr = 3.216e-01) (elapsed time: 9027.606) (secs/iter:  1.781) (n_accepted: 83%) (u_error:  0.829763 %) (beta_change:  0.989500 %) (delta_change:  0.097564 %) (delta_peak/R:  1.264437 %)
iter:   4800 (Jcost: 6.677433e-03) (lr = 4.793e-02) (elapsed time: 9211.797) (secs/iter:  1.842) (n_accepted: 77%) (u_error:  0.829843 %) (beta_change:  0.906604 %) (delta_change:  0.097419 %) (delta_peak/R:  1.264208 %)
iter:   4900 (Jcost: 6.672470e-03) (lr = 7.143e-03) (elapsed time: 9393.561) (secs/iter:  1.818) (n_accepted: 77%) (u_error:  0.829805 %) (beta_change:  0.811369 %) (delta_change:  0.097087 %) (delta_peak/R:  1.263509 %)
iter:   5000 (Jcost: 6.667261e-03) (lr = 6.132e-03) (elapsed time: 9581.295) (secs/iter:  1.877) (n_accepted: 79%) (u_error:  0.829755 %) (beta_change:  0.711662 %) (delta_change:  0.096724 %) (delta_peak/R:  1.262738 %)
-> Saved file: /media/rafael/DATA/Dropbox/20220924_FIML_solver/data/output/field_inversion/Beta_k__1__Beta_e__1/u_imp_10/FI_run_Jimenez_Re4200_u_imp_10_k_imp_1_e_imp_1/FI_run_Jimenez_Re4200_u_imp_10_k_imp_1_e_imp_1_state_iter_5000.dat
iter:   5100 (Jcost: 6.661111e-03) (lr = 1.263e-02) (elapsed time: 9765.033) (secs/iter:  1.837) (n_accepted: 80%) (u_error:  0.829907 %) (beta_change:  0.589332 %) (delta_change:  0.096556 %) (delta_peak/R:  1.262514 %)
iter:   5200 (Jcost: 6.657634e-03) (lr = 1.084e-02) (elapsed time: 9950.994) (secs/iter:  1.860) (n_accepted: 79%) (u_error:  0.829710 %) (beta_change:  0.533413 %) (delta_change:  0.096112 %) (delta_peak/R:  1.261463 %)
iter:   5300 (Jcost: 6.652308e-03) (lr = 3.878e-03) (elapsed time: 10092.501) (secs/iter:  1.415) (n_accepted: 78%) (u_error:  0.829699 %) (beta_change:  0.453111 %) (delta_change:  0.095790 %) (delta_peak/R:  1.260801 %)
iter:   5400 (Jcost: 6.647777e-03) (lr = 1.918e-02) (elapsed time: 10271.899) (secs/iter:  1.794) (n_accepted: 81%) (u_error:  0.829780 %) (beta_change:  0.401491 %) (delta_change:  0.095629 %) (delta_peak/R:  1.260529 %)
iter:   5500 (Jcost: 6.643436e-03) (lr = 1.646e-02) (elapsed time: 10457.415) (secs/iter:  1.855) (n_accepted: 79%) (u_error:  0.829551 %) (beta_change:  0.372171 %) (delta_change:  0.095080 %) (delta_peak/R:  1.259237 %)
-> Saved file: /media/rafael/DATA/Dropbox/20220924_FIML_solver/data/output/field_inversion/Beta_k__1__Beta_e__1/u_imp_10/FI_run_Jimenez_Re4200_u_imp_10_k_imp_1_e_imp_1/FI_run_Jimenez_Re4200_u_imp_10_k_imp_1_e_imp_1_state_iter_5500.dat
iter:   5600 (Jcost: 6.638892e-03) (lr = 1.953e-01) (elapsed time: 10636.191) (secs/iter:  1.788) (n_accepted: 82%) (u_error:  0.829600 %) (beta_change:  0.363860 %) (delta_change:  0.094883 %) (delta_peak/R:  1.258868 %)
iter:   5700 (Jcost: 6.635152e-03) (lr = 2.911e-02) (elapsed time: 10818.727) (secs/iter:  1.825) (n_accepted: 77%) (u_error:  0.829620 %) (beta_change:  0.381449 %) (delta_change:  0.094692 %) (delta_peak/R:  1.258485 %)
iter:   5800 (Jcost: 6.630994e-03) (lr = 1.041e-02) (elapsed time: 10991.862) (secs/iter:  1.731) (n_accepted: 78%) (u_error:  0.829598 %) (beta_change:  0.402634 %) (delta_change:  0.094420 %) (delta_peak/R:  1.257906 %)
iter:   5900 (Jcost: 6.627109e-03) (lr = 1.235e-01) (elapsed time: 11167.772) (secs/iter:  1.759) (n_accepted: 82%) (u_error:  0.829696 %) (beta_change:  0.424405 %) (delta_change:  0.094317 %) (delta_peak/R:  1.257760 %)
iter:   6000 (Jcost: 6.624124e-03) (lr = 1.060e-01) (elapsed time: 11331.763) (secs/iter:  1.640) (n_accepted: 79%) (u_error:  0.829582 %) (beta_change:  0.450995 %) (delta_change:  0.093998 %) (delta_peak/R:  1.257017 %)
-> Saved file: /media/rafael/DATA/Dropbox/20220924_FIML_solver/data/output/field_inversion/Beta_k__1__Beta_e__1/u_imp_10/FI_run_Jimenez_Re4200_u_imp_10_k_imp_1_e_imp_1/FI_run_Jimenez_Re4200_u_imp_10_k_imp_1_e_imp_1_state_iter_6000.dat
iter:   6100 (Jcost: 6.620446e-03) (lr = 6.585e-03) (elapsed time: 11515.614) (secs/iter:  1.839) (n_accepted: 76%) (u_error:  0.829558 %) (beta_change:  0.485246 %) (delta_change:  0.093751 %) (delta_peak/R:  1.256484 %)
iter:   6200 (Jcost: 6.616768e-03) (lr = 5.653e-03) (elapsed time: 11689.641) (secs/iter:  1.740) (n_accepted: 79%) (u_error:  0.829549 %) (beta_change:  0.523200 %) (delta_change:  0.093523 %) (delta_peak/R:  1.256000 %)
iter:   6300 (Jcost: 6.613523e-03) (lr = 1.165e-02) (elapsed time: 11868.690) (secs/iter:  1.790) (n_accepted: 80%) (u_error:  0.829414 %) (beta_change:  0.586032 %) (delta_change:  0.093152 %) (delta_peak/R:  1.255130 %)
iter:   6400 (Jcost: 6.610175e-03) (lr = 3.317e-01) (elapsed time: 12040.601) (secs/iter:  1.719) (n_accepted: 83%) (u_error:  0.829650 %) (beta_change:  0.664978 %) (delta_change:  0.093261 %) (delta_peak/R:  1.255511 %)
iter:   6500 (Jcost: 6.607022e-03) (lr = 4.943e-02) (elapsed time: 12215.023) (secs/iter:  1.744) (n_accepted: 77%) (u_error:  0.829498 %) (beta_change:  0.738619 %) (delta_change:  0.092884 %) (delta_peak/R:  1.254615 %)
-> Saved file: /media/rafael/DATA/Dropbox/20220924_FIML_solver/data/output/field_inversion/Beta_k__1__Beta_e__1/u_imp_10/FI_run_Jimenez_Re4200_u_imp_10_k_imp_1_e_imp_1/FI_run_Jimenez_Re4200_u_imp_10_k_imp_1_e_imp_1_state_iter_6500.dat
iter:   6600 (Jcost: 6.604031e-03) (lr = 3.069e-03) (elapsed time: 12394.386) (secs/iter:  1.794) (n_accepted: 76%) (u_error:  0.829511 %) (beta_change:  0.810992 %) (delta_change:  0.092725 %) (delta_peak/R:  1.254287 %)
iter:   6700 (Jcost: 6.601166e-03) (lr = 3.642e-02) (elapsed time: 12570.553) (secs/iter:  1.762) (n_accepted: 82%) (u_error:  0.829634 %) (beta_change:  0.884033 %) (delta_change:  0.092708 %) (delta_peak/R:  1.254325 %)
iter:   6800 (Jcost: 6.598048e-03) (lr = 1.801e-01) (elapsed time: 12731.387) (secs/iter:  1.608) (n_accepted: 81%) (u_error:  0.829481 %) (beta_change:  0.958150 %) (delta_change:  0.092334 %) (delta_peak/R:  1.253433 %)
iter:   6900 (Jcost: 6.595570e-03) (lr = 1.118e-02) (elapsed time: 12910.335) (secs/iter:  1.789) (n_accepted: 76%) (u_error:  0.829450 %) (beta_change:  1.020630 %) (delta_change:  0.092147 %) (delta_peak/R:  1.253012 %)
iter:   7000 (Jcost: 6.592972e-03) (lr = 1.327e-01) (elapsed time: 13091.522) (secs/iter:  1.812) (n_accepted: 82%) (u_error:  0.829359 %) (beta_change:  1.088150 %) (delta_change:  0.093627 %) (delta_peak/R:  1.252368 %)
-> Saved file: /media/rafael/DATA/Dropbox/20220924_FIML_solver/data/output/field_inversion/Beta_k__1__Beta_e__1/u_imp_10/FI_run_Jimenez_Re4200_u_imp_10_k_imp_1_e_imp_1/FI_run_Jimenez_Re4200_u_imp_10_k_imp_1_e_imp_1_state_iter_7000.dat
iter:   7100 (Jcost: 6.590267e-03) (lr = 1.139e-01) (elapsed time: 13246.916) (secs/iter:  1.554) (n_accepted: 79%) (u_error:  0.829449 %) (beta_change:  1.155917 %) (delta_change:  0.095222 %) (delta_peak/R:  1.252336 %)
iter:   7200 (Jcost: 6.586965e-03) (lr = 1.697e-02) (elapsed time: 13419.992) (secs/iter:  1.731) (n_accepted: 77%) (u_error:  0.829441 %) (beta_change:  1.241421 %) (delta_change:  0.097177 %) (delta_peak/R:  1.251887 %)
iter:   7300 (Jcost: 6.583947e-03) (lr = 6.071e-03) (elapsed time: 13582.514) (secs/iter:  1.625) (n_accepted: 78%) (u_error:  0.829438 %) (beta_change:  1.320457 %) (delta_change:  0.098980 %) (delta_peak/R:  1.251489 %)
iter:   7400 (Jcost: 6.581225e-03) (lr = 5.211e-03) (elapsed time: 13752.812) (secs/iter:  1.703) (n_accepted: 79%) (u_error:  0.829395 %) (beta_change:  1.392349 %) (delta_change:  0.100597 %) (delta_peak/R:  1.250997 %)
iter:   7500 (Jcost: 6.578852e-03) (lr = 6.184e-02) (elapsed time: 13919.577) (secs/iter:  1.668) (n_accepted: 82%) (u_error:  0.829481 %) (beta_change:  1.456687 %) (delta_change:  0.102090 %) (delta_peak/R:  1.250975 %)
-> Saved file: /media/rafael/DATA/Dropbox/20220924_FIML_solver/data/output/field_inversion/Beta_k__1__Beta_e__1/u_imp_10/FI_run_Jimenez_Re4200_u_imp_10_k_imp_1_e_imp_1/FI_run_Jimenez_Re4200_u_imp_10_k_imp_1_e_imp_1_state_iter_7500.dat
iter:   7600 (Jcost: 6.576772e-03) (lr = 1.274e-01) (elapsed time: 14088.092) (secs/iter:  1.685) (n_accepted: 80%) (u_error:  0.829383 %) (beta_change:  1.511417 %) (delta_change:  0.103284 %) (delta_peak/R:  1.250383 %)
iter:   7700 (Jcost: 6.574300e-03) (lr = 7.911e-03) (elapsed time: 14249.823) (secs/iter:  1.617) (n_accepted: 76%) (u_error:  0.829400 %) (beta_change:  1.578381 %) (delta_change:  0.104797 %) (delta_peak/R:  1.250120 %)
iter:   7800 (Jcost: 6.571871e-03) (lr = 6.791e-03) (elapsed time: 14426.148) (secs/iter:  1.763) (n_accepted: 79%) (u_error:  0.829358 %) (beta_change:  1.644592 %) (delta_change:  0.106261 %) (delta_peak/R:  1.249664 %)
iter:   7900 (Jcost: 6.569456e-03) (lr = 5.829e-03) (elapsed time: 14598.026) (secs/iter:  1.719) (n_accepted: 79%) (u_error:  0.829456 %) (beta_change:  1.712637 %) (delta_change:  0.107817 %) (delta_peak/R:  1.249673 %)
iter:   8000 (Jcost: 6.567675e-03) (lr = 6.917e-02) (elapsed time: 14769.686) (secs/iter:  1.717) (n_accepted: 82%) (u_error:  0.829371 %) (beta_change:  1.760371 %) (delta_change:  0.108839 %) (delta_peak/R:  1.249161 %)
-> Saved file: /media/rafael/DATA/Dropbox/20220924_FIML_solver/data/output/field_inversion/Beta_k__1__Beta_e__1/u_imp_10/FI_run_Jimenez_Re4200_u_imp_10_k_imp_1_e_imp_1/FI_run_Jimenez_Re4200_u_imp_10_k_imp_1_e_imp_1_state_iter_8000.dat
iter:   8100 (Jcost: 6.565646e-03) (lr = 1.031e-02) (elapsed time: 14946.853) (secs/iter:  1.772) (n_accepted: 77%) (u_error:  0.829345 %) (beta_change:  1.816876 %) (delta_change:  0.110075 %) (delta_peak/R:  1.248808 %)
iter:   8200 (Jcost: 6.563494e-03) (lr = 1.223e-01) (elapsed time: 15111.621) (secs/iter:  1.648) (n_accepted: 82%) (u_error:  0.829357 %) (beta_change:  1.877376 %) (delta_change:  0.111409 %) (delta_peak/R:  1.248568 %)
iter:   8300 (Jcost: 6.561334e-03) (lr = 1.050e-01) (elapsed time: 15262.448) (secs/iter:  1.508) (n_accepted: 79%) (u_error:  0.829313 %) (beta_change:  1.938352 %) (delta_change:  0.112722 %) (delta_peak/R:  1.248141 %)
iter:   8400 (Jcost: 6.559054e-03) (lr = 3.756e-02) (elapsed time: 15390.005) (secs/iter:  1.276) (n_accepted: 78%) (u_error:  0.829311 %) (beta_change:  2.003289 %) (delta_change:  0.114130 %) (delta_peak/R:  1.247834 %)
iter:   8500 (Jcost: 6.556866e-03) (lr = 5.597e-03) (elapsed time: 15583.620) (secs/iter:  1.936) (n_accepted: 77%) (u_error:  0.829308 %) (beta_change:  2.066094 %) (delta_change:  0.115483 %) (delta_peak/R:  1.247538 %)
-> Saved file: /media/rafael/DATA/Dropbox/20220924_FIML_solver/data/output/field_inversion/Beta_k__1__Beta_e__1/u_imp_10/FI_run_Jimenez_Re4200_u_imp_10_k_imp_1_e_imp_1/FI_run_Jimenez_Re4200_u_imp_10_k_imp_1_e_imp_1_state_iter_8500.dat
iter:   8600 (Jcost: 6.554801e-03) (lr = 4.804e-03) (elapsed time: 15752.028) (secs/iter:  1.684) (n_accepted: 79%) (u_error:  0.829296 %) (beta_change:  2.125780 %) (delta_change:  0.116756 %) (delta_peak/R:  1.247226 %)
iter:   8700 (Jcost: 6.552909e-03) (lr = 9.897e-03) (elapsed time: 15907.941) (secs/iter:  1.559) (n_accepted: 80%) (u_error:  0.829245 %) (beta_change:  2.181119 %) (delta_change:  0.117913 %) (delta_peak/R:  1.246806 %)
iter:   8800 (Jcost: 6.550811e-03) (lr = 1.174e-01) (elapsed time: 16030.146) (secs/iter:  1.222) (n_accepted: 82%) (u_error:  0.829244 %) (beta_change:  2.242500 %) (delta_change:  0.119210 %) (delta_peak/R:  1.246527 %)
iter:   8900 (Jcost: 6.548794e-03) (lr = 4.201e-02) (elapsed time: 16190.834) (secs/iter:  1.607) (n_accepted: 78%) (u_error:  0.829276 %) (beta_change:  2.301808 %) (delta_change:  0.120468 %) (delta_peak/R:  1.246369 %)
iter:   9000 (Jcost: 6.546969e-03) (lr = 3.606e-02) (elapsed time: 16357.928) (secs/iter:  1.671) (n_accepted: 79%) (u_error:  0.829260 %) (beta_change:  2.355996 %) (delta_change:  0.121591 %) (delta_peak/R:  1.246075 %)
-> Saved file: /media/rafael/DATA/Dropbox/20220924_FIML_solver/data/output/field_inversion/Beta_k__1__Beta_e__1/u_imp_10/FI_run_Jimenez_Re4200_u_imp_10_k_imp_1_e_imp_1/FI_run_Jimenez_Re4200_u_imp_10_k_imp_1_e_imp_1_state_iter_9000.dat
iter:   9100 (Jcost: 6.544981e-03) (lr = 5.374e-03) (elapsed time: 16530.352) (secs/iter:  1.724) (n_accepted: 77%) (u_error:  0.829268 %) (beta_change:  2.415449 %) (delta_change:  0.122824 %) (delta_peak/R:  1.245840 %)
iter:   9200 (Jcost: 6.543266e-03) (lr = 4.613e-03) (elapsed time: 16702.148) (secs/iter:  1.718) (n_accepted: 79%) (u_error:  0.829202 %) (beta_change:  2.467284 %) (delta_change:  0.123861 %) (delta_peak/R:  1.245393 %)
iter:   9300 (Jcost: 6.541715e-03) (lr = 1.314e-01) (elapsed time: 16861.978) (secs/iter:  1.598) (n_accepted: 83%) (u_error:  0.829231 %) (beta_change:  2.513870 %) (delta_change:  0.124824 %) (delta_peak/R:  1.245287 %)
iter:   9400 (Jcost: 6.540013e-03) (lr = 3.399e-03) (elapsed time: 17031.942) (secs/iter:  1.700) (n_accepted: 75%) (u_error:  0.829221 %) (beta_change:  2.565638 %) (delta_change:  0.125868 %) (delta_peak/R:  1.245027 %)
iter:   9500 (Jcost: 6.538170e-03) (lr = 7.002e-03) (elapsed time: 17202.378) (secs/iter:  1.704) (n_accepted: 80%) (u_error:  0.829203 %) (beta_change:  2.622040 %) (delta_change:  0.126994 %) (delta_peak/R:  1.244726 %)
-> Saved file: /media/rafael/DATA/Dropbox/20220924_FIML_solver/data/output/field_inversion/Beta_k__1__Beta_e__1/u_imp_10/FI_run_Jimenez_Re4200_u_imp_10_k_imp_1_e_imp_1/FI_run_Jimenez_Re4200_u_imp_10_k_imp_1_e_imp_1_state_iter_9500.dat
iter:   9600 (Jcost: 6.536693e-03) (lr = 1.994e-01) (elapsed time: 17413.924) (secs/iter:  2.115) (n_accepted: 83%) (u_error:  0.829240 %) (beta_change:  2.667542 %) (delta_change:  0.127917 %) (delta_peak/R:  1.244653 %)
iter:   9700 (Jcost: 6.535056e-03) (lr = 1.712e-01) (elapsed time: 17585.644) (secs/iter:  1.717) (n_accepted: 79%) (u_error:  0.829200 %) (beta_change:  2.721520 %) (delta_change:  0.128901 %) (delta_peak/R:  1.244305 %)
iter:   9800 (Jcost: 6.533307e-03) (lr = 1.063e-02) (elapsed time: 17759.524) (secs/iter:  1.739) (n_accepted: 76%) (u_error:  0.829186 %) (beta_change:  2.781626 %) (delta_change:  0.129965 %) (delta_peak/R:  1.244027 %)
iter:   9900 (Jcost: 6.531592e-03) (lr = 3.802e-03) (elapsed time: 17936.977) (secs/iter:  1.775) (n_accepted: 78%) (u_error:  0.829195 %) (beta_change:  2.841002 %) (delta_change:  0.131013 %) (delta_peak/R:  1.243830 %)
iter:  10000 (Jcost: 6.530437e-03) (lr = 1.083e-01) (elapsed time: 18094.468) (secs/iter:  1.575) (n_accepted: 83%) (u_error:  0.829191 %) (beta_change:  2.881313 %) (delta_change:  0.131713 %) (delta_peak/R:  1.243664 %)
-> Saved file: /media/rafael/DATA/Dropbox/20220924_FIML_solver/data/output/field_inversion/Beta_k__1__Beta_e__1/u_imp_10/FI_run_Jimenez_Re4200_u_imp_10_k_imp_1_e_imp_1/FI_run_Jimenez_Re4200_u_imp_10_k_imp_1_e_imp_1_state_iter_10000.dat
iter:  10100 (Jcost: 6.528915e-03) (lr = 6.723e-03) (elapsed time: 18273.234) (secs/iter:  1.788) (n_accepted: 76%) (u_error:  0.829195 %) (beta_change:  2.934863 %) (delta_change:  0.132639 %) (delta_peak/R:  1.243478 %)
iter:  10200 (Jcost: 6.527576e-03) (lr = 1.915e-01) (elapsed time: 18428.153) (secs/iter:  1.549) (n_accepted: 83%) (u_error:  0.829173 %) (beta_change:  2.982273 %) (delta_change:  0.133438 %) (delta_peak/R:  1.243225 %)
iter:  10300 (Jcost: 6.525969e-03) (lr = 2.854e-02) (elapsed time: 18591.126) (secs/iter:  1.630) (n_accepted: 77%) (u_error:  0.829161 %) (beta_change:  3.039647 %) (delta_change:  0.134403 %) (delta_peak/R:  1.242972 %)
iter:  10400 (Jcost: 6.524376e-03) (lr = 2.449e-02) (elapsed time: 18758.641) (secs/iter:  1.675) (n_accepted: 79%) (u_error:  0.829137 %) (beta_change:  3.097156 %) (delta_change:  0.135353 %) (delta_peak/R:  1.242683 %)
iter:  10500 (Jcost: 6.522697e-03) (lr = 8.761e-03) (elapsed time: 18918.898) (secs/iter:  1.603) (n_accepted: 78%) (u_error:  0.829127 %) (beta_change:  3.158177 %) (delta_change:  0.136354 %) (delta_peak/R:  1.242426 %)
-> Saved file: /media/rafael/DATA/Dropbox/20220924_FIML_solver/data/output/field_inversion/Beta_k__1__Beta_e__1/u_imp_10/FI_run_Jimenez_Re4200_u_imp_10_k_imp_1_e_imp_1/FI_run_Jimenez_Re4200_u_imp_10_k_imp_1_e_imp_1_state_iter_10500.dat
iter:  10600 (Jcost: 6.521114e-03) (lr = 1.805e-02) (elapsed time: 19079.840) (secs/iter:  1.609) (n_accepted: 80%) (u_error:  0.829096 %) (beta_change:  3.216626 %) (delta_change:  0.137292 %) (delta_peak/R:  1.242112 %)
iter:  10700 (Jcost: 6.519645e-03) (lr = 8.924e-02) (elapsed time: 19230.400) (secs/iter:  1.506) (n_accepted: 81%) (u_error:  0.829267 %) (beta_change:  3.273770 %) (delta_change:  0.138286 %) (delta_peak/R:  1.242484 %)
iter:  10800 (Jcost: 6.518424e-03) (lr = 1.330e-02) (elapsed time: 19394.910) (secs/iter:  1.645) (n_accepted: 77%) (u_error:  0.829126 %) (beta_change:  3.315712 %) (delta_change:  0.138892 %) (delta_peak/R:  1.241859 %)
iter:  10900 (Jcost: 6.517119e-03) (lr = 4.757e-03) (elapsed time: 19563.599) (secs/iter:  1.687) (n_accepted: 78%) (u_error:  0.829129 %) (beta_change:  3.364537 %) (delta_change:  0.139662 %) (delta_peak/R:  1.241696 %)
iter:  11000 (Jcost: 6.515956e-03) (lr = 5.645e-02) (elapsed time: 19720.585) (secs/iter:  1.570) (n_accepted: 82%) (u_error:  0.829136 %) (beta_change:  3.408411 %) (delta_change:  0.140349 %) (delta_peak/R:  1.241567 %)
-> Saved file: /media/rafael/DATA/Dropbox/20220924_FIML_solver/data/output/field_inversion/Beta_k__1__Beta_e__1/u_imp_10/FI_run_Jimenez_Re4200_u_imp_10_k_imp_1_e_imp_1/FI_run_Jimenez_Re4200_u_imp_10_k_imp_1_e_imp_1_state_iter_11000.dat
iter:  11100 (Jcost: 6.514487e-03) (lr = 2.019e-02) (elapsed time: 19888.384) (secs/iter:  1.678) (n_accepted: 78%) (u_error:  0.829126 %) (beta_change:  3.464181 %) (delta_change:  0.141205 %) (delta_peak/R:  1.241340 %)
iter:  11200 (Jcost: 6.513196e-03) (lr = 1.733e-02) (elapsed time: 20047.540) (secs/iter:  1.592) (n_accepted: 79%) (u_error:  0.829113 %) (beta_change:  3.513539 %) (delta_change:  0.141952 %) (delta_peak/R:  1.241127 %)
iter:  11300 (Jcost: 6.511768e-03) (lr = 2.583e-03) (elapsed time: 20212.197) (secs/iter:  1.647) (n_accepted: 77%) (u_error:  0.829120 %) (beta_change:  3.568591 %) (delta_change:  0.142785 %) (delta_peak/R:  1.240962 %)
iter:  11400 (Jcost: 6.510513e-03) (lr = 5.321e-03) (elapsed time: 20374.463) (secs/iter:  1.623) (n_accepted: 80%) (u_error:  0.829151 %) (beta_change:  3.617792 %) (delta_change:  0.143531 %) (delta_peak/R:  1.240898 %)
iter:  11500 (Jcost: 6.509190e-03) (lr = 1.096e-02) (elapsed time: 20539.497) (secs/iter:  1.650) (n_accepted: 80%) (u_error:  0.829186 %) (beta_change:  3.670785 %) (delta_change:  0.144326 %) (delta_peak/R:  1.240838 %)
-> Saved file: /media/rafael/DATA/Dropbox/20220924_FIML_solver/data/output/field_inversion/Beta_k__1__Beta_e__1/u_imp_10/FI_run_Jimenez_Re4200_u_imp_10_k_imp_1_e_imp_1/FI_run_Jimenez_Re4200_u_imp_10_k_imp_1_e_imp_1_state_iter_11500.dat
iter:  11600 (Jcost: 6.507722e-03) (lr = 3.122e-01) (elapsed time: 20700.372) (secs/iter:  1.609) (n_accepted: 83%) (u_error:  0.829151 %) (beta_change:  3.727603 %) (delta_change:  0.145137 %) (delta_peak/R:  1.240531 %)
iter:  11700 (Jcost: 6.506694e-03) (lr = 1.938e-02) (elapsed time: 20873.449) (secs/iter:  1.731) (n_accepted: 76%) (u_error:  0.829077 %) (beta_change:  3.767604 %) (delta_change:  0.145680 %) (delta_peak/R:  1.240148 %)
iter:  11800 (Jcost: 6.505853e-03) (lr = 3.993e-02) (elapsed time: 21042.762) (secs/iter:  1.693) (n_accepted: 80%) (u_error:  0.829097 %) (beta_change:  3.801127 %) (delta_change:  0.146167 %) (delta_peak/R:  1.240105 %)
iter:  11900 (Jcost: 6.504762e-03) (lr = 5.951e-03) (elapsed time: 21212.375) (secs/iter:  1.696) (n_accepted: 77%) (u_error:  0.829080 %) (beta_change:  3.844796 %) (delta_change:  0.146776 %) (delta_peak/R:  1.239904 %)
iter:  12000 (Jcost: 6.503132e-03) (lr = 4.068e-01) (elapsed time: 21353.386) (secs/iter:  1.410) (n_accepted: 84%) (u_error:  0.829081 %) (beta_change:  3.910578 %) (delta_change:  0.147696 %) (delta_peak/R:  1.239696 %)
-> Saved file: /media/rafael/DATA/Dropbox/20220924_FIML_solver/data/output/field_inversion/Beta_k__1__Beta_e__1/u_imp_10/FI_run_Jimenez_Re4200_u_imp_10_k_imp_1_e_imp_1/FI_run_Jimenez_Re4200_u_imp_10_k_imp_1_e_imp_1_state_iter_12000.dat
iter:  12100 (Jcost: 6.502097e-03) (lr = 6.062e-02) (elapsed time: 21530.034) (secs/iter:  1.766) (n_accepted: 77%) (u_error:  0.829080 %) (beta_change:  3.952699 %) (delta_change:  0.148275 %) (delta_peak/R:  1.239554 %)
iter:  12200 (Jcost: 6.500830e-03) (lr = 3.764e-03) (elapsed time: 21687.512) (secs/iter:  1.575) (n_accepted: 76%) (u_error:  0.829062 %) (beta_change:  4.004500 %) (delta_change:  0.148974 %) (delta_peak/R:  1.239328 %)
iter:  12300 (Jcost: 6.499778e-03) (lr = 1.072e-01) (elapsed time: 21841.768) (secs/iter:  1.543) (n_accepted: 83%) (u_error:  0.829070 %) (beta_change:  4.047860 %) (delta_change:  0.149561 %) (delta_peak/R:  1.239216 %)
iter:  12400 (Jcost: 6.498675e-03) (lr = 9.202e-02) (elapsed time: 22005.602) (secs/iter:  1.638) (n_accepted: 79%) (u_error:  0.829067 %) (beta_change:  4.093546 %) (delta_change:  0.150169 %) (delta_peak/R:  1.239061 %)
iter:  12500 (Jcost: 6.497547e-03) (lr = 7.899e-02) (elapsed time: 22159.876) (secs/iter:  1.543) (n_accepted: 79%) (u_error:  0.829051 %) (beta_change:  4.140564 %) (delta_change:  0.150782 %) (delta_peak/R:  1.238859 %)
-> Saved file: /media/rafael/DATA/Dropbox/20220924_FIML_solver/data/output/field_inversion/Beta_k__1__Beta_e__1/u_imp_10/FI_run_Jimenez_Re4200_u_imp_10_k_imp_1_e_imp_1/FI_run_Jimenez_Re4200_u_imp_10_k_imp_1_e_imp_1_state_iter_12500.dat
iter:  12600 (Jcost: 6.496244e-03) (lr = 1.177e-02) (elapsed time: 22347.289) (secs/iter:  1.874) (n_accepted: 77%) (u_error:  0.829027 %) (beta_change:  4.195350 %) (delta_change:  0.151486 %) (delta_peak/R:  1.238608 %)
iter:  12700 (Jcost: 6.495007e-03) (lr = 4.210e-03) (elapsed time: 22508.741) (secs/iter:  1.615) (n_accepted: 78%) (u_error:  0.829038 %) (beta_change:  4.247550 %) (delta_change:  0.152162 %) (delta_peak/R:  1.238481 %)
iter:  12800 (Jcost: 6.494028e-03) (lr = 1.199e-01) (elapsed time: 22680.271) (secs/iter:  1.715) (n_accepted: 83%) (u_error:  0.829019 %) (beta_change:  4.289263 %) (delta_change:  0.152685 %) (delta_peak/R:  1.238291 %)
iter:  12900 (Jcost: 6.493085e-03) (lr = 3.102e-03) (elapsed time: 22848.510) (secs/iter:  1.682) (n_accepted: 75%) (u_error:  0.829029 %) (beta_change:  4.329502 %) (delta_change:  0.153196 %) (delta_peak/R:  1.238200 %)
iter:  13000 (Jcost: 6.492312e-03) (lr = 8.836e-02) (elapsed time: 23030.908) (secs/iter:  1.824) (n_accepted: 83%) (u_error:  0.829050 %) (beta_change:  4.362834 %) (delta_change:  0.153622 %) (delta_peak/R:  1.238171 %)
-> Saved file: /media/rafael/DATA/Dropbox/20220924_FIML_solver/data/output/field_inversion/Beta_k__1__Beta_e__1/u_imp_10/FI_run_Jimenez_Re4200_u_imp_10_k_imp_1_e_imp_1/FI_run_Jimenez_Re4200_u_imp_10_k_imp_1_e_imp_1_state_iter_13000.dat
iter:  13100 (Jcost: 6.491125e-03) (lr = 1.317e-02) (elapsed time: 23189.319) (secs/iter:  1.584) (n_accepted: 77%) (u_error:  0.829018 %) (beta_change:  4.414077 %) (delta_change:  0.154241 %) (delta_peak/R:  1.237908 %)
iter:  13200 (Jcost: 6.489986e-03) (lr = 4.710e-03) (elapsed time: 23345.242) (secs/iter:  1.559) (n_accepted: 78%) (u_error:  0.829023 %) (beta_change:  4.463591 %) (delta_change:  0.154984 %) (delta_peak/R:  1.237775 %)
iter:  13300 (Jcost: 6.488934e-03) (lr = 9.703e-03) (elapsed time: 23513.089) (secs/iter:  1.678) (n_accepted: 80%) (u_error:  0.828987 %) (beta_change:  4.509931 %) (delta_change:  0.155829 %) (delta_peak/R:  1.237515 %)
iter:  13400 (Jcost: 6.487893e-03) (lr = 1.151e-01) (elapsed time: 23640.361) (secs/iter:  1.273) (n_accepted: 82%) (u_error:  0.828992 %) (beta_change:  4.555656 %) (delta_change:  0.156657 %) (delta_peak/R:  1.237394 %)
iter:  13500 (Jcost: 6.487032e-03) (lr = 4.118e-02) (elapsed time: 23792.138) (secs/iter:  1.518) (n_accepted: 78%) (u_error:  0.829006 %) (beta_change:  4.593659 %) (delta_change:  0.157339 %) (delta_peak/R:  1.237332 %)
-> Saved file: /media/rafael/DATA/Dropbox/20220924_FIML_solver/data/output/field_inversion/Beta_k__1__Beta_e__1/u_imp_10/FI_run_Jimenez_Re4200_u_imp_10_k_imp_1_e_imp_1/FI_run_Jimenez_Re4200_u_imp_10_k_imp_1_e_imp_1_state_iter_13500.dat
iter:  13600 (Jcost: 6.486006e-03) (lr = 3.535e-02) (elapsed time: 23957.340) (secs/iter:  1.652) (n_accepted: 79%) (u_error:  0.829012 %) (beta_change:  4.639374 %) (delta_change:  0.158151 %) (delta_peak/R:  1.237215 %)
iter:  13700 (Jcost: 6.484928e-03) (lr = 1.264e-02) (elapsed time: 24112.985) (secs/iter:  1.556) (n_accepted: 78%) (u_error:  0.829017 %) (beta_change:  4.687703 %) (delta_change:  0.159000 %) (delta_peak/R:  1.237093 %)
iter:  13800 (Jcost: 6.483771e-03) (lr = 4.522e-03) (elapsed time: 24269.834) (secs/iter:  1.568) (n_accepted: 78%) (u_error:  0.829026 %) (beta_change:  4.740054 %) (delta_change:  0.159909 %) (delta_peak/R:  1.236970 %)
iter:  13900 (Jcost: 6.482779e-03) (lr = 3.091e-01) (elapsed time: 24430.549) (secs/iter:  1.607) (n_accepted: 84%) (u_error:  0.828914 %) (beta_change:  4.786676 %) (delta_change:  0.160698 %) (delta_peak/R:  1.236460 %)
iter:  14000 (Jcost: 6.482040e-03) (lr = 1.105e-01) (elapsed time: 24600.020) (secs/iter:  1.695) (n_accepted: 78%) (u_error:  0.828972 %) (beta_change:  4.818742 %) (delta_change:  0.161248 %) (delta_peak/R:  1.236563 %)
-> Saved file: /media/rafael/DATA/Dropbox/20220924_FIML_solver/data/output/field_inversion/Beta_k__1__Beta_e__1/u_imp_10/FI_run_Jimenez_Re4200_u_imp_10_k_imp_1_e_imp_1/FI_run_Jimenez_Re4200_u_imp_10_k_imp_1_e_imp_1_state_iter_14000.dat
iter:  14100 (Jcost: 6.481179e-03) (lr = 3.954e-02) (elapsed time: 24771.722) (secs/iter:  1.717) (n_accepted: 78%) (u_error:  0.828994 %) (beta_change:  4.858103 %) (delta_change:  0.161913 %) (delta_peak/R:  1.236525 %)
iter:  14200 (Jcost: 6.480188e-03) (lr = 1.414e-02) (elapsed time: 24930.686) (secs/iter:  1.590) (n_accepted: 78%) (u_error:  0.828982 %) (beta_change:  4.903805 %) (delta_change:  0.162674 %) (delta_peak/R:  1.236354 %)
iter:  14300 (Jcost: 6.479256e-03) (lr = 5.058e-03) (elapsed time: 25095.050) (secs/iter:  1.644) (n_accepted: 78%) (u_error:  0.828980 %) (beta_change:  4.946988 %) (delta_change:  0.163387 %) (delta_peak/R:  1.236227 %)
iter:  14400 (Jcost: 6.478173e-03) (lr = 2.501e-02) (elapsed time: 25251.885) (secs/iter:  1.568) (n_accepted: 81%) (u_error:  0.828892 %) (beta_change:  4.999604 %) (delta_change:  0.164238 %) (delta_peak/R:  1.235783 %)
iter:  14500 (Jcost: 6.477455e-03) (lr = 1.237e-01) (elapsed time: 25413.116) (secs/iter:  1.612) (n_accepted: 81%) (u_error:  0.828981 %) (beta_change:  5.031229 %) (delta_change:  0.164757 %) (delta_peak/R:  1.235992 %)
-> Saved file: /media/rafael/DATA/Dropbox/20220924_FIML_solver/data/output/field_inversion/Beta_k__1__Beta_e__1/u_imp_10/FI_run_Jimenez_Re4200_u_imp_10_k_imp_1_e_imp_1/FI_run_Jimenez_Re4200_u_imp_10_k_imp_1_e_imp_1_state_iter_14500.dat
iter:  14600 (Jcost: 6.476609e-03) (lr = 1.061e-01) (elapsed time: 25583.726) (secs/iter:  1.706) (n_accepted: 79%) (u_error:  0.828974 %) (beta_change:  5.071117 %) (delta_change:  0.165396 %) (delta_peak/R:  1.235861 %)
iter:  14700 (Jcost: 6.475869e-03) (lr = 3.796e-02) (elapsed time: 25746.096) (secs/iter:  1.624) (n_accepted: 78%) (u_error:  0.828968 %) (beta_change:  5.106162 %) (delta_change:  0.165952 %) (delta_peak/R:  1.235741 %)
iter:  14800 (Jcost: 6.474853e-03) (lr = 5.658e-03) (elapsed time: 25912.139) (secs/iter:  1.660) (n_accepted: 77%) (u_error:  0.828973 %) (beta_change:  5.154573 %) (delta_change:  0.166714 %) (delta_peak/R:  1.235625 %)
iter:  14900 (Jcost: 6.473930e-03) (lr = 1.166e-02) (elapsed time: 26070.485) (secs/iter:  1.583) (n_accepted: 80%) (u_error:  0.828912 %) (beta_change:  5.199535 %) (delta_change:  0.167409 %) (delta_peak/R:  1.235300 %)
iter:  15000 (Jcost: 6.473094e-03) (lr = 2.401e-02) (elapsed time: 26229.356) (secs/iter:  1.589) (n_accepted: 80%) (u_error:  0.829025 %) (beta_change:  5.240401 %) (delta_change:  0.168049 %) (delta_peak/R:  1.235567 %)
-> Saved file: /media/rafael/DATA/Dropbox/20220924_FIML_solver/data/output/field_inversion/Beta_k__1__Beta_e__1/u_imp_10/FI_run_Jimenez_Re4200_u_imp_10_k_imp_1_e_imp_1/FI_run_Jimenez_Re4200_u_imp_10_k_imp_1_e_imp_1_state_iter_15000.dat
iter:  15000 (Jcost: 6.473094e-03) (lr = 1.201e-02) (elapsed time: 26236.614) (secs/iter:   None) (n_accepted: 0%) (u_error:  0.829025 %) (beta_change:  5.240401 %) (delta_change:  0.168049 %) (delta_peak/R:  1.235567 %)
