# ------------------------------------------------------------------------
#                  Input Arguments
# ------------------------------------------------------------------------
# Begin_Input_Arguments
{ 'all_b_mode': ['Beta_e'],
  'args_mk_solver': { 'torch': "<module 'torch' from "
                               "'/home/rafael/anaconda3/lib/python3.9/site-packages/torch/__init__.py'>",
                      'y_grid': [0.0, 0.000309700312, 0.000638645973, 0.00098802599, 0.00135910194, 0.00175321227, 0.00217177688, 0.00261630193, 0.00308838486, 0.00358971984, 0.00412210331, 0.00468744001, 0.00528774917, 0.00592517114, 0.00660197432, 0.0073205624, 0.00808348206, 0.00889343092, 0.00975326602, 0.0106660126, 0.0116348733, 0.0126632377, 0.0137546927, 0.0149130326, 0.0161422702, 0.0174466482, 0.0188306506, 0.0202990157, 0.0218567475, 0.02350913, 0.0252617393, 0.0271204584, 0.0290914903, 0.0311813732, 0.033396994, 0.0357456039, 0.0382348325, 0.0408727029, 0.0436676462, 0.0466285159, 0.0497646022, 0.0530856456, 0.0566018496, 0.0603238931, 0.0642629411, 0.068430655, 0.0728392004, 0.0775012535, 0.0824300053, 0.0876391634, 0.0931429507, 0.0989561006, 0.105093849, 0.111571922, 0.118406518, 0.125614286, 0.133212296, 0.141218006, 0.14964922, 0.158524039, 0.167860801, 0.177678022, 0.187994313, 0.1988283, 0.21019853, 0.222123362, 0.234620856, 0.247708641, 0.261403784, 0.275722637, 0.290680679, 0.306292354, 0.322570888, 0.339528108, 0.357174255, 0.375517785, 0.394565175, 0.414320726, 0.43478637, 0.45596148, 0.47784269, 0.500423731, 0.523695275, 0.547644806, 0.572256506, 0.597511177, 0.623386184, 0.649855436, 0.676889401, 0.704455158, 0.73251649, 0.761034018, 0.789965372, 0.819265404, 0.848886442, 0.878778572, 0.908889961, 0.939167201, 0.969555687, 1.0],
                      'Ret': 4178.88,
                      'cp': 1.0,
                      'A_sca_rho': 1.0,
                      'A_sca_mu': 0.00023929856803736886,
                      'A_sca_k': 0.00023929856803736886,
                      'b_exp_rho': 0.0,
                      'b_exp_mu': 0.0,
                      'b_exp_k': 0.0,
                      'tensor_device': 'cpu',
                      'as_tensor': '<function '
                                   'Build_arguments_fi_run._mk_args_MK_solver.<locals>.<lambda> '
                                   'at 0x7f9db4dfca60>',
                      'ref_dns': { 'u_dns': [0.0, 1.29342908, 2.65194048, 4.03670512, 5.40859779, 6.68695496, 7.86019195, 8.91069256, 9.80895505, 10.5848082, 11.256716, 11.838802, 12.3296382, 12.7600093, 13.1410586, 13.4759394, 13.7744531, 14.0477365, 14.2950609, 14.5257574, 14.7416361, 14.9463957, 15.1419829, 15.331636, 15.5147581, 15.6944977, 15.8714078, 16.0458343, 16.2182932, 16.3895662, 16.5599086, 16.7295497, 16.8986118, 17.0669143, 17.2349262, 17.4028312, 17.5701228, 17.7374358, 17.9041343, 18.0707044, 18.2370016, 18.4029699, 18.5685661, 18.7337707, 18.8985825, 19.0628993, 19.2265908, 19.3896394, 19.5519311, 19.7132729, 19.8736228, 20.0329364, 20.1911376, 20.3479704, 20.5037328, 20.658259, 20.8113699, 20.9630469, 21.1135511, 21.2631337, 21.4122384, 21.561234, 21.7100392, 21.8580649, 22.0049074, 22.1497712, 22.2927547, 22.4339372, 22.573864, 22.7126255, 22.8505065, 22.9881435, 23.1249588, 23.2612122, 23.3980224, 23.5351472, 23.6720493, 23.8088436, 23.9452111, 24.0800664, 24.2132574, 24.3458709, 24.4777305, 24.6088033, 24.7377587, 24.8656065, 24.9912607, 25.1139727, 25.2325247, 25.3453248, 25.4509185, 25.5499422, 25.640263, 25.719845, 25.7877871, 25.8450715, 25.8916591, 25.9270062, 25.9491387, 25.95648],
                                   'T_dns': [1.0, 1.0, 1.0, 1.0, 1.0, 1.0, 1.0, 1.0, 1.0, 1.0, 1.0, 1.0, 1.0, 1.0, 1.0, 1.0, 1.0, 1.0, 1.0, 1.0, 1.0, 1.0, 1.0, 1.0, 1.0, 1.0, 1.0, 1.0, 1.0, 1.0, 1.0, 1.0, 1.0, 1.0, 1.0, 1.0, 1.0, 1.0, 1.0, 1.0, 1.0, 1.0, 1.0, 1.0, 1.0, 1.0, 1.0, 1.0, 1.0, 1.0, 1.0, 1.0, 1.0, 1.0, 1.0, 1.0, 1.0, 1.0, 1.0, 1.0, 1.0, 1.0, 1.0, 1.0, 1.0, 1.0, 1.0, 1.0, 1.0, 1.0, 1.0, 1.0, 1.0, 1.0, 1.0, 1.0, 1.0, 1.0, 1.0, 1.0, 1.0, 1.0, 1.0, 1.0, 1.0, 1.0, 1.0, 1.0, 1.0, 1.0, 1.0, 1.0, 1.0, 1.0, 1.0, 1.0, 1.0, 1.0, 1.0, 1.0],
                                   'mu_dns': [0.00023929856803736886, 0.00023929856803736886, 0.00023929856803736886, 0.00023929856803736886, 0.00023929856803736886, 0.00023929856803736886, 0.00023929856803736886, 0.00023929856803736886, 0.00023929856803736886, 0.00023929856803736886, 0.00023929856803736886, 0.00023929856803736886, 0.00023929856803736886, 0.00023929856803736886, 0.00023929856803736886, 0.00023929856803736886, 0.00023929856803736886, 0.00023929856803736886, 0.00023929856803736886, 0.00023929856803736886, 0.00023929856803736886, 0.00023929856803736886, 0.00023929856803736886, 0.00023929856803736886, 0.00023929856803736886, 0.00023929856803736886, 0.00023929856803736886, 0.00023929856803736886, 0.00023929856803736886, 0.00023929856803736886, 0.00023929856803736886, 0.00023929856803736886, 0.00023929856803736886, 0.00023929856803736886, 0.00023929856803736886, 0.00023929856803736886, 0.00023929856803736886, 0.00023929856803736886, 0.00023929856803736886, 0.00023929856803736886, 0.00023929856803736886, 0.00023929856803736886, 0.00023929856803736886, 0.00023929856803736886, 0.00023929856803736886, 0.00023929856803736886, 0.00023929856803736886, 0.00023929856803736886, 0.00023929856803736886, 0.00023929856803736886, 0.00023929856803736886, 0.00023929856803736886, 0.00023929856803736886, 0.00023929856803736886, 0.00023929856803736886, 0.00023929856803736886, 0.00023929856803736886, 0.00023929856803736886, 0.00023929856803736886, 0.00023929856803736886, 0.00023929856803736886, 0.00023929856803736886, 0.00023929856803736886, 0.00023929856803736886, 0.00023929856803736886, 0.00023929856803736886, 0.00023929856803736886, 0.00023929856803736886, 0.00023929856803736886, 0.00023929856803736886, 0.00023929856803736886, 0.00023929856803736886, 0.00023929856803736886, 0.00023929856803736886, 0.00023929856803736886, 0.00023929856803736886, 0.00023929856803736886, 0.00023929856803736886, 0.00023929856803736886, 0.00023929856803736886, 0.00023929856803736886, 0.00023929856803736886, 0.00023929856803736886, 0.00023929856803736886, 0.00023929856803736886, 0.00023929856803736886, 0.00023929856803736886, 0.00023929856803736886, 0.00023929856803736886, 0.00023929856803736886, 0.00023929856803736886, 0.00023929856803736886, 0.00023929856803736886, 0.00023929856803736886, 0.00023929856803736886, 0.00023929856803736886, 0.00023929856803736886, 0.00023929856803736886, 0.00023929856803736886, 0.00023929856803736886],
                                   'rho_dns': [1.0, 1.0, 1.0, 1.0, 1.0, 1.0, 1.0, 1.0, 1.0, 1.0, 1.0, 1.0, 1.0, 1.0, 1.0, 1.0, 1.0, 1.0, 1.0, 1.0, 1.0, 1.0, 1.0, 1.0, 1.0, 1.0, 1.0, 1.0, 1.0, 1.0, 1.0, 1.0, 1.0, 1.0, 1.0, 1.0, 1.0, 1.0, 1.0, 1.0, 1.0, 1.0, 1.0, 1.0, 1.0, 1.0, 1.0, 1.0, 1.0, 1.0, 1.0, 1.0, 1.0, 1.0, 1.0, 1.0, 1.0, 1.0, 1.0, 1.0, 1.0, 1.0, 1.0, 1.0, 1.0, 1.0, 1.0, 1.0, 1.0, 1.0, 1.0, 1.0, 1.0, 1.0, 1.0, 1.0, 1.0, 1.0, 1.0, 1.0, 1.0, 1.0, 1.0, 1.0, 1.0, 1.0, 1.0, 1.0, 1.0, 1.0, 1.0, 1.0, 1.0, 1.0, 1.0, 1.0, 1.0, 1.0, 1.0, 1.0]},
                      'case': 'Jimenez_Re4200',
                      'constant_Sq_heat': 0.0,
                      'use_visc_heating': False,
                      'Pr_turb': 1.0,
                      'fprint': '<function '
                                'Build_arguments_fi_run._mk_args_MK_solver.<locals>.<lambda> '
                                'at 0x7f9db3a028b0>',
                      'compressible_correction': False,
                      'bool_solve_energy': False,
                      'output_last': False},
  'u_imp': 1,
  'k_imp': 0,
  'e_imp': 1,
  'solve_sparse_adj': True,
  'all_ref_beta_distrib': {'K': [1.0, 1.0, 1.0, 1.0, 1.0, 1.0, 1.0, 1.0, 1.0, 1.0, 1.0, 1.0, 1.0, 1.0, 1.0, 1.0, 1.0, 1.0, 1.0, 1.0, 1.0, 1.0, 1.0, 1.0, 1.0, 1.0, 1.0, 1.0, 1.0, 1.0, 1.0, 1.0, 1.0, 1.0, 1.0, 1.0, 1.0, 1.0, 1.0, 1.0, 1.0, 1.0, 1.0, 1.0, 1.0, 1.0, 1.0, 1.0, 1.0, 1.0, 1.0, 1.0, 1.0, 1.0, 1.0, 1.0, 1.0, 1.0, 1.0, 1.0, 1.0, 1.0, 1.0, 1.0, 1.0, 1.0, 1.0, 1.0, 1.0, 1.0, 1.0, 1.0, 1.0, 1.0, 1.0, 1.0, 1.0, 1.0, 1.0, 1.0, 1.0, 1.0, 1.0, 1.0, 1.0, 1.0, 1.0, 1.0, 1.0, 1.0, 1.0, 1.0, 1.0, 1.0, 1.0, 1.0, 1.0, 1.0, 1.0, 1.0], 'E': [1.0, 0.99876398, 0.99806982, 0.99729909, 0.99614957, 0.99405502, 0.9913093, 0.98797534, 0.98408894, 0.9796875, 0.97484547, 0.96969244, 0.96442208, 0.95930132, 0.95468407, 0.9510228, 0.94888875, 0.9490153, 0.9523979, 0.96045291, 0.97467397, 0.99518124, 1.01963164, 1.04411961, 1.06506194, 1.08034841, 1.08939824, 1.09266157, 1.09108806, 1.08576097, 1.0777042, 1.06780306, 1.0567899, 1.04525693, 1.03368013, 1.02244193, 1.01184985, 1.00215126, 0.99354415, 0.98618435, 0.98019044, 0.97564583, 0.97260014, 0.97106993, 0.97103942, 0.97246118, 0.97525757, 0.97932311, 0.98452772, 0.99072066, 0.99773541, 1.00539519, 1.01351814, 1.02192242, 1.03043134, 1.0388774, 1.04710523, 1.05497429, 1.06236151, 1.06916228, 1.07529038, 1.08067469, 1.08525565, 1.08898008, 1.09179852, 1.09366567, 1.09454315, 1.09440482, 1.09324067, 1.09106, 1.08789305, 1.08379175, 1.07882917, 1.07309877, 1.06671468, 1.05980861, 1.0525241, 1.04501265, 1.03743014, 1.02993299, 1.02267667, 1.01581579, 1.00949963, 1.00386294, 0.99901611, 0.99503751, 0.99196589, 0.98979251, 0.98845883, 0.98786024, 0.98785713, 0.98829218, 0.98900611, 0.9898516, 0.99070839, 0.99149191, 0.99214895, 0.99264535, 0.99295588, 0.9965311]},
  'all_ref_delta_distrib': {'K': [-0.0, -0.0, -0.0, -0.0, -0.0, -0.0, -0.0, -0.0, -0.0, -0.0, -0.0, -0.0, -0.0, -0.0, -0.0, -0.0, -0.0, -0.0, -0.0, -0.0, -0.0, -0.0, -0.0, -0.0, -0.0, -0.0, -0.0, -0.0, -0.0, -0.0, -0.0, -0.0, -0.0, -0.0, -0.0, -0.0, -0.0, -0.0, -0.0, -0.0, -0.0, -0.0, -0.0, -0.0, -0.0, -0.0, -0.0, -0.0, -0.0, -0.0, -0.0, -0.0, -0.0, -0.0, -0.0, -0.0, -0.0, -0.0, -0.0, -0.0, -0.0, -0.0, -0.0, -0.0, -0.0, -0.0, -0.0, -0.0, -0.0, -0.0, -0.0, -0.0, -0.0, -0.0, -0.0, -0.0, -0.0, -0.0, -0.0, -0.0, -0.0, -0.0, -0.0, -0.0, -0.0, -0.0, -0.0, -0.0, -0.0, -0.0, -0.0, -0.0, -0.0, -0.0, -0.0, -0.0, -0.0, -0.0, -0.0, -0.0], 'E': [-0.0, 115.01063935909201, 301.8350947905793, 638.1768610546014, 1201.368441627402, 1974.971368044312, 2760.527014723986, 3379.8438889785975, 3779.932984086547, 3983.707811529133, 4031.553761208059, 3958.7553552177455, 3791.768149069356, 3549.665797440968, 3246.1979780270212, 2891.995672078687, 2495.773286894947, 2064.446343838425, 1601.9424886784568, 1108.2198719123717, 592.0576738600746, 94.17228986684273, -321.58372461832914, -607.8653228898324, -757.0885782311747, -793.3864408499904, -752.8360586566212, -668.8704080138064, -566.4090954430784, -461.5613235475813, -363.5374096799751, -276.845866240274, -203.08397278706207, -142.1818964112766, -93.20381898126962, -54.82487682186647, -25.601259620257846, -4.115954418261559, 10.94945761531993, 20.784978707604424, 26.44401841454946, 28.847436527587757, 28.791042807344933, 26.954492579324306, 23.910038760787582, 20.131127745394593, 16.000433835789185, 11.817763554087241, 7.808261490103609, 4.131127218025154, 0.8886313451982144, -1.8646165084553825, -4.112187481371618, -5.866798537799713, -7.162117378581585, -8.045399651028522, -8.571269411250428, -8.79690166310504, -8.778499601853573, -8.568673853362414, -8.214756113149283, -7.757672939642531, -7.23163350467633, -6.664243989876618, -6.0771960591770116, -5.48723540519617, -4.907139038105256, -4.346621772921392, -3.8129554200372207, -3.31143681569859, -2.845724846734765, -2.4181170461327954, -2.029770965828688, -1.6809125262586413, -1.3710481950853022, -1.0990773479321991, -0.8633640016708058, -0.6618558908308687, -0.4921940518310944, -0.35180162107997914, -0.2379827970329379, -0.14800814399400006, -0.07913164615542911, -0.02857783575150475, 0.006446663897830111, 0.02870523189435835, 0.04087509627390971, 0.0454876884998336, 0.04484532700352811, 0.04093748432064251, 0.03537191741094966, 0.029339265674359735, 0.02363239163324014, 0.018701991257754434, 0.014727294231373603, 0.011702877498009755, 0.00952907293275619, 0.008082791870057837, 0.007259319425206299, 0.0034957533999294232]},
  'fname_print': '/media/rafael/DATA/Dropbox/20220924_FIML_solver/data/output/field_inversion/Beta_e/u_imp_1/FI_run_Jimenez_Re4200_u_imp_1_k_imp_0_e_imp_1/FI_run_Jimenez_Re4200_u_imp_1_k_imp_0_e_imp_1.log',
  'folder': '/media/rafael/DATA/Dropbox/20220924_FIML_solver/data/output/field_inversion/Beta_e/u_imp_1/FI_run_Jimenez_Re4200_u_imp_1_k_imp_0_e_imp_1',
  'iters_limit': 15000}
# End_Input_Arguments

# ------------------------------------------------------------------------
#                  Iterations
# ------------------------------------------------------------------------

iter:      0 (Jcost: 1.236812e-02) (lr = 1.000e-03) (elapsed time:  0.001) (secs/iter:   None) (n_accepted: 0%) (u_error:  2.310483 %) (beta_change:  9.454315 %) (delta_change:  0.912480 %) (delta_peak/R:  0.000000 %)
-> Saved file: /media/rafael/DATA/Dropbox/20220924_FIML_solver/data/output/field_inversion/Beta_e/u_imp_1/FI_run_Jimenez_Re4200_u_imp_1_k_imp_0_e_imp_1/FI_run_Jimenez_Re4200_u_imp_1_k_imp_0_e_imp_1_state_iter_0.dat
iter:    100 (Jcost: 2.297236e-03) (lr = 3.281e-01) (elapsed time: 247.930) (secs/iter:  2.479) (n_accepted: 86%) (u_error:  1.197743 %) (beta_change:  7.288447 %) (delta_change:  0.292413 %) (delta_peak/R:  0.996089 %)
iter:    200 (Jcost: 2.222206e-03) (lr = 1.173e-01) (elapsed time: 465.925) (secs/iter:  2.180) (n_accepted: 78%) (u_error:  1.218168 %) (beta_change:  6.846209 %) (delta_change:  0.184528 %) (delta_peak/R:  0.881874 %)
iter:    300 (Jcost: 2.196118e-03) (lr = 5.802e-01) (elapsed time: 673.145) (secs/iter:  2.072) (n_accepted: 81%) (u_error:  1.222525 %) (beta_change:  6.287340 %) (delta_change:  0.140564 %) (delta_peak/R:  0.870232 %)
iter:    400 (Jcost: 2.179004e-03) (lr = 2.075e-01) (elapsed time: 875.269) (secs/iter:  2.021) (n_accepted: 78%) (u_error:  1.221471 %) (beta_change:  5.805641 %) (delta_change:  0.119827 %) (delta_peak/R:  0.869444 %)
iter:    500 (Jcost: 2.161944e-03) (lr = 4.275e-01) (elapsed time: 1079.549) (secs/iter:  2.043) (n_accepted: 80%) (u_error:  1.218058 %) (beta_change:  5.260916 %) (delta_change:  0.102662 %) (delta_peak/R:  0.870853 %)
-> Saved file: /media/rafael/DATA/Dropbox/20220924_FIML_solver/data/output/field_inversion/Beta_e/u_imp_1/FI_run_Jimenez_Re4200_u_imp_1_k_imp_0_e_imp_1/FI_run_Jimenez_Re4200_u_imp_1_k_imp_0_e_imp_1_state_iter_500.dat
iter:    600 (Jcost: 2.148390e-03) (lr = 3.670e-01) (elapsed time: 1290.712) (secs/iter:  2.112) (n_accepted: 79%) (u_error:  1.212797 %) (beta_change:  4.786341 %) (delta_change:  0.088507 %) (delta_peak/R:  0.873802 %)
iter:    700 (Jcost: 2.135416e-03) (lr = 7.560e-01) (elapsed time: 1485.671) (secs/iter:  1.950) (n_accepted: 80%) (u_error:  1.209004 %) (beta_change:  4.300261 %) (delta_change:  0.074687 %) (delta_peak/R:  0.875569 %)
iter:    800 (Jcost: 2.124874e-03) (lr = 1.127e-01) (elapsed time: 1686.569) (secs/iter:  2.009) (n_accepted: 77%) (u_error:  1.208250 %) (beta_change:  3.885238 %) (delta_change:  0.066710 %) (delta_peak/R:  0.875174 %)
iter:    900 (Jcost: 2.113653e-03) (lr = 5.571e-01) (elapsed time: 1884.501) (secs/iter:  1.979) (n_accepted: 81%) (u_error:  1.205969 %) (beta_change:  3.417080 %) (delta_change:  0.058284 %) (delta_peak/R:  0.875748 %)
iter:   1000 (Jcost: 2.104640e-03) (lr = 1.148e+00) (elapsed time: 2095.802) (secs/iter:  2.113) (n_accepted: 80%) (u_error:  1.200649 %) (beta_change:  3.023646 %) (delta_change:  0.051326 %) (delta_peak/R:  0.878732 %)
-> Saved file: /media/rafael/DATA/Dropbox/20220924_FIML_solver/data/output/field_inversion/Beta_e/u_imp_1/FI_run_Jimenez_Re4200_u_imp_1_k_imp_0_e_imp_1/FI_run_Jimenez_Re4200_u_imp_1_k_imp_0_e_imp_1_state_iter_1000.dat
iter:   1100 (Jcost: 2.096686e-03) (lr = 7.126e-02) (elapsed time: 2295.180) (secs/iter:  1.994) (n_accepted: 76%) (u_error:  1.200209 %) (beta_change:  2.666921 %) (delta_change:  0.045138 %) (delta_peak/R:  0.878156 %)
iter:   1200 (Jcost: 2.088956e-03) (lr = 3.524e-01) (elapsed time: 2495.122) (secs/iter:  1.999) (n_accepted: 81%) (u_error:  1.199013 %) (beta_change:  2.304584 %) (delta_change:  0.038957 %) (delta_peak/R:  0.878118 %)
iter:   1300 (Jcost: 2.081922e-03) (lr = 7.259e-01) (elapsed time: 2709.700) (secs/iter:  2.146) (n_accepted: 80%) (u_error:  1.196597 %) (beta_change:  1.965475 %) (delta_change:  0.033442 %) (delta_peak/R:  0.879038 %)
iter:   1400 (Jcost: 2.075729e-03) (lr = 1.495e+00) (elapsed time: 2919.410) (secs/iter:  2.097) (n_accepted: 80%) (u_error:  1.197721 %) (beta_change:  1.645989 %) (delta_change:  0.035110 %) (delta_peak/R:  0.877370 %)
iter:   1500 (Jcost: 2.069543e-03) (lr = 5.349e-01) (elapsed time: 3078.877) (secs/iter:  1.595) (n_accepted: 78%) (u_error:  1.193048 %) (beta_change:  1.339945 %) (delta_change:  0.032433 %) (delta_peak/R:  0.880047 %)
-> Saved file: /media/rafael/DATA/Dropbox/20220924_FIML_solver/data/output/field_inversion/Beta_e/u_imp_1/FI_run_Jimenez_Re4200_u_imp_1_k_imp_0_e_imp_1/FI_run_Jimenez_Re4200_u_imp_1_k_imp_0_e_imp_1_state_iter_1500.dat
iter:   1600 (Jcost: 2.064276e-03) (lr = 7.971e-02) (elapsed time: 3276.523) (secs/iter:  1.976) (n_accepted: 77%) (u_error:  1.191829 %) (beta_change:  1.062041 %) (delta_change:  0.032255 %) (delta_peak/R:  0.880225 %)
iter:   1700 (Jcost: 2.059212e-03) (lr = 6.842e-02) (elapsed time: 3467.803) (secs/iter:  1.913) (n_accepted: 79%) (u_error:  1.189968 %) (beta_change:  0.816738 %) (delta_change:  0.031592 %) (delta_peak/R:  0.880888 %)
iter:   1800 (Jcost: 2.054283e-03) (lr = 3.383e-01) (elapsed time: 3655.394) (secs/iter:  1.876) (n_accepted: 81%) (u_error:  1.189700 %) (beta_change:  0.627886 %) (delta_change:  0.032117 %) (delta_peak/R:  0.880363 %)
iter:   1900 (Jcost: 2.049779e-03) (lr = 6.970e-01) (elapsed time: 3850.320) (secs/iter:  1.949) (n_accepted: 80%) (u_error:  1.186975 %) (beta_change:  0.602973 %) (delta_change:  0.030770 %) (delta_peak/R:  0.881710 %)
iter:   2000 (Jcost: 2.045784e-03) (lr = 5.983e-01) (elapsed time: 4045.384) (secs/iter:  1.951) (n_accepted: 79%) (u_error:  1.187410 %) (beta_change:  0.657770 %) (delta_change:  0.031715 %) (delta_peak/R:  0.880765 %)
-> Saved file: /media/rafael/DATA/Dropbox/20220924_FIML_solver/data/output/field_inversion/Beta_e/u_imp_1/FI_run_Jimenez_Re4200_u_imp_1_k_imp_0_e_imp_1/FI_run_Jimenez_Re4200_u_imp_1_k_imp_0_e_imp_1_state_iter_2000.dat
iter:   2100 (Jcost: 2.041925e-03) (lr = 5.136e-01) (elapsed time: 4236.054) (secs/iter:  1.907) (n_accepted: 79%) (u_error:  1.185919 %) (beta_change:  0.741422 %) (delta_change:  0.031220 %) (delta_peak/R:  0.881260 %)
iter:   2200 (Jcost: 2.038094e-03) (lr = 1.837e-01) (elapsed time: 4421.336) (secs/iter:  1.853) (n_accepted: 78%) (u_error:  1.183623 %) (beta_change:  0.832130 %) (delta_change:  0.034753 %) (delta_peak/R:  0.882333 %)
iter:   2300 (Jcost: 2.034706e-03) (lr = 6.570e-02) (elapsed time: 4604.108) (secs/iter:  1.828) (n_accepted: 78%) (u_error:  1.184245 %) (beta_change:  0.942983 %) (delta_change:  0.038713 %) (delta_peak/R:  0.881299 %)
iter:   2400 (Jcost: 2.031472e-03) (lr = 7.796e-01) (elapsed time: 4788.932) (secs/iter:  1.848) (n_accepted: 82%) (u_error:  1.182654 %) (beta_change:  1.169974 %) (delta_change:  0.042672 %) (delta_peak/R:  0.881918 %)
iter:   2500 (Jcost: 2.028536e-03) (lr = 2.788e-01) (elapsed time: 4971.028) (secs/iter:  1.821) (n_accepted: 78%) (u_error:  1.183050 %) (beta_change:  1.393890 %) (delta_change:  0.046301 %) (delta_peak/R:  0.881092 %)
-> Saved file: /media/rafael/DATA/Dropbox/20220924_FIML_solver/data/output/field_inversion/Beta_e/u_imp_1/FI_run_Jimenez_Re4200_u_imp_1_k_imp_0_e_imp_1/FI_run_Jimenez_Re4200_u_imp_1_k_imp_0_e_imp_1_state_iter_2500.dat
iter:   2600 (Jcost: 2.025323e-03) (lr = 5.745e-01) (elapsed time: 5160.171) (secs/iter:  1.891) (n_accepted: 80%) (u_error:  1.181219 %) (beta_change:  1.646981 %) (delta_change:  0.050383 %) (delta_peak/R:  0.881860 %)
iter:   2700 (Jcost: 2.022959e-03) (lr = 2.055e-01) (elapsed time: 5346.071) (secs/iter:  1.859) (n_accepted: 78%) (u_error:  1.180695 %) (beta_change:  1.841474 %) (delta_change:  0.053430 %) (delta_peak/R:  0.881796 %)
iter:   2800 (Jcost: 2.020346e-03) (lr = 4.233e-01) (elapsed time: 5532.772) (secs/iter:  1.867) (n_accepted: 80%) (u_error:  1.180095 %) (beta_change:  2.064489 %) (delta_change:  0.056853 %) (delta_peak/R:  0.881725 %)
iter:   2900 (Jcost: 2.018092e-03) (lr = 3.633e-01) (elapsed time: 5723.356) (secs/iter:  1.906) (n_accepted: 79%) (u_error:  1.178777 %) (beta_change:  2.264666 %) (delta_change:  0.059881 %) (delta_peak/R:  0.882245 %)
iter:   3000 (Jcost: 2.015836e-03) (lr = 3.119e-01) (elapsed time: 5907.261) (secs/iter:  1.839) (n_accepted: 79%) (u_error:  1.179190 %) (beta_change:  2.472110 %) (delta_change:  0.062900 %) (delta_peak/R:  0.881462 %)
-> Saved file: /media/rafael/DATA/Dropbox/20220924_FIML_solver/data/output/field_inversion/Beta_e/u_imp_1/FI_run_Jimenez_Re4200_u_imp_1_k_imp_0_e_imp_1/FI_run_Jimenez_Re4200_u_imp_1_k_imp_0_e_imp_1_state_iter_3000.dat
iter:   3100 (Jcost: 2.013880e-03) (lr = 2.677e-01) (elapsed time: 6095.470) (secs/iter:  1.882) (n_accepted: 79%) (u_error:  1.178130 %) (beta_change:  2.657928 %) (delta_change:  0.065587 %) (delta_peak/R:  0.881827 %)
iter:   3200 (Jcost: 2.011769e-03) (lr = 2.298e-01) (elapsed time: 6286.523) (secs/iter:  1.911) (n_accepted: 79%) (u_error:  1.178768 %) (beta_change:  2.870493 %) (delta_change:  0.068538 %) (delta_peak/R:  0.880868 %)
iter:   3300 (Jcost: 2.009863e-03) (lr = 1.973e-01) (elapsed time: 6472.192) (secs/iter:  1.857) (n_accepted: 79%) (u_error:  1.176303 %) (beta_change:  3.062632 %) (delta_change:  0.071231 %) (delta_peak/R:  0.882270 %)
iter:   3400 (Jcost: 2.008133e-03) (lr = 4.064e-01) (elapsed time: 6652.452) (secs/iter:  1.803) (n_accepted: 80%) (u_error:  1.176321 %) (beta_change:  3.245930 %) (delta_change:  0.073676 %) (delta_peak/R:  0.881843 %)
iter:   3500 (Jcost: 2.006509e-03) (lr = 3.489e-01) (elapsed time: 6827.591) (secs/iter:  1.751) (n_accepted: 79%) (u_error:  1.175895 %) (beta_change:  3.424596 %) (delta_change:  0.076020 %) (delta_peak/R:  0.881759 %)
-> Saved file: /media/rafael/DATA/Dropbox/20220924_FIML_solver/data/output/field_inversion/Beta_e/u_imp_1/FI_run_Jimenez_Re4200_u_imp_1_k_imp_0_e_imp_1/FI_run_Jimenez_Re4200_u_imp_1_k_imp_0_e_imp_1_state_iter_3500.dat
iter:   3600 (Jcost: 2.004948e-03) (lr = 2.995e-01) (elapsed time: 7011.606) (secs/iter:  1.840) (n_accepted: 79%) (u_error:  1.175579 %) (beta_change:  3.602454 %) (delta_change:  0.078301 %) (delta_peak/R:  0.881596 %)
iter:   3700 (Jcost: 2.003440e-03) (lr = 1.481e+00) (elapsed time: 7191.161) (secs/iter:  1.796) (n_accepted: 81%) (u_error:  1.176332 %) (beta_change:  3.785997 %) (delta_change:  0.080571 %) (delta_peak/R:  0.880624 %)
iter:   3800 (Jcost: 2.002083e-03) (lr = 2.207e-01) (elapsed time: 7379.333) (secs/iter:  1.882) (n_accepted: 77%) (u_error:  1.173665 %) (beta_change:  3.946204 %) (delta_change:  0.082607 %) (delta_peak/R:  0.882254 %)
iter:   3900 (Jcost: 2.000794e-03) (lr = 7.892e-02) (elapsed time: 7566.289) (secs/iter:  1.870) (n_accepted: 78%) (u_error:  1.173972 %) (beta_change:  4.106873 %) (delta_change:  0.084522 %) (delta_peak/R:  0.881668 %)
iter:   4000 (Jcost: 1.999479e-03) (lr = 3.902e-01) (elapsed time: 7705.449) (secs/iter:  1.392) (n_accepted: 81%) (u_error:  1.172736 %) (beta_change:  4.279010 %) (delta_change:  0.086577 %) (delta_peak/R:  0.882206 %)
-> Saved file: /media/rafael/DATA/Dropbox/20220924_FIML_solver/data/output/field_inversion/Beta_e/u_imp_1/FI_run_Jimenez_Re4200_u_imp_1_k_imp_0_e_imp_1/FI_run_Jimenez_Re4200_u_imp_1_k_imp_0_e_imp_1_state_iter_4000.dat
iter:   4100 (Jcost: 1.998381e-03) (lr = 3.350e-01) (elapsed time: 7860.265) (secs/iter:  1.548) (n_accepted: 79%) (u_error:  1.173146 %) (beta_change:  4.424487 %) (delta_change:  0.088238 %) (delta_peak/R:  0.881579 %)
iter:   4200 (Jcost: 1.997252e-03) (lr = 1.198e-01) (elapsed time: 8039.667) (secs/iter:  1.794) (n_accepted: 78%) (u_error:  1.173064 %) (beta_change:  4.580436 %) (delta_change:  0.089999 %) (delta_peak/R:  0.881295 %)
iter:   4300 (Jcost: 1.996231e-03) (lr = 5.924e-01) (elapsed time: 8170.960) (secs/iter:  1.313) (n_accepted: 81%) (u_error:  1.172378 %) (beta_change:  4.725011 %) (delta_change:  0.091618 %) (delta_peak/R:  0.881487 %)
iter:   4400 (Jcost: 1.995221e-03) (lr = 5.085e-01) (elapsed time: 8284.907) (secs/iter:  1.139) (n_accepted: 79%) (u_error:  1.172001 %) (beta_change:  4.872579 %) (delta_change:  0.093232 %) (delta_peak/R:  0.881442 %)
iter:   4500 (Jcost: 1.994158e-03) (lr = 1.048e+00) (elapsed time: 8465.146) (secs/iter:  1.802) (n_accepted: 80%) (u_error:  1.172220 %) (beta_change:  5.034148 %) (delta_change:  0.094946 %) (delta_peak/R:  0.880924 %)
-> Saved file: /media/rafael/DATA/Dropbox/20220924_FIML_solver/data/output/field_inversion/Beta_e/u_imp_1/FI_run_Jimenez_Re4200_u_imp_1_k_imp_0_e_imp_1/FI_run_Jimenez_Re4200_u_imp_1_k_imp_0_e_imp_1_state_iter_4500.dat
iter:   4600 (Jcost: 1.993237e-03) (lr = 8.992e-01) (elapsed time: 8655.548) (secs/iter:  1.904) (n_accepted: 79%) (u_error:  1.171088 %) (beta_change:  5.175659 %) (delta_change:  0.096457 %) (delta_peak/R:  0.881457 %)
iter:   4700 (Jcost: 1.992420e-03) (lr = 3.216e-01) (elapsed time: 8831.016) (secs/iter:  1.755) (n_accepted: 78%) (u_error:  1.170998 %) (beta_change:  5.305944 %) (delta_change:  0.097797 %) (delta_peak/R:  0.881238 %)
iter:   4800 (Jcost: 1.991539e-03) (lr = 1.150e-01) (elapsed time: 9008.552) (secs/iter:  1.775) (n_accepted: 78%) (u_error:  1.170193 %) (beta_change:  5.450807 %) (delta_change:  0.099282 %) (delta_peak/R:  0.881520 %)
iter:   4900 (Jcost: 1.990719e-03) (lr = 5.688e-01) (elapsed time: 9174.371) (secs/iter:  1.658) (n_accepted: 81%) (u_error:  1.170058 %) (beta_change:  5.588402 %) (delta_change:  0.100649 %) (delta_peak/R:  0.881320 %)
iter:   5000 (Jcost: 1.989970e-03) (lr = 1.172e+00) (elapsed time: 9341.483) (secs/iter:  1.671) (n_accepted: 80%) (u_error:  1.170022 %) (beta_change:  5.717672 %) (delta_change:  0.101909 %) (delta_peak/R:  0.881065 %)
-> Saved file: /media/rafael/DATA/Dropbox/20220924_FIML_solver/data/output/field_inversion/Beta_e/u_imp_1/FI_run_Jimenez_Re4200_u_imp_1_k_imp_0_e_imp_1/FI_run_Jimenez_Re4200_u_imp_1_k_imp_0_e_imp_1_state_iter_5000.dat
iter:   5100 (Jcost: 1.989211e-03) (lr = 4.191e-01) (elapsed time: 9524.762) (secs/iter:  1.833) (n_accepted: 78%) (u_error:  1.170192 %) (beta_change:  5.853346 %) (delta_change:  0.103203 %) (delta_peak/R:  0.880643 %)
iter:   5200 (Jcost: 1.988509e-03) (lr = 1.499e-01) (elapsed time: 9709.048) (secs/iter:  1.843) (n_accepted: 78%) (u_error:  1.169058 %) (beta_change:  5.980484 %) (delta_change:  0.104434 %) (delta_peak/R:  0.881210 %)
iter:   5300 (Jcost: 1.987865e-03) (lr = 7.411e-01) (elapsed time: 9889.093) (secs/iter:  1.800) (n_accepted: 81%) (u_error:  1.170159 %) (beta_change:  6.104352 %) (delta_change:  0.105549 %) (delta_peak/R:  0.880121 %)
iter:   5400 (Jcost: 1.987157e-03) (lr = 1.527e+00) (elapsed time: 10061.588) (secs/iter:  1.725) (n_accepted: 80%) (u_error:  1.168975 %) (beta_change:  6.235355 %) (delta_change:  0.106779 %) (delta_peak/R:  0.880719 %)
iter:   5500 (Jcost: 1.986532e-03) (lr = 5.461e-01) (elapsed time: 10237.862) (secs/iter:  1.763) (n_accepted: 78%) (u_error:  1.168354 %) (beta_change:  6.357936 %) (delta_change:  0.107897 %) (delta_peak/R:  0.880916 %)
-> Saved file: /media/rafael/DATA/Dropbox/20220924_FIML_solver/data/output/field_inversion/Beta_e/u_imp_1/FI_run_Jimenez_Re4200_u_imp_1_k_imp_0_e_imp_1/FI_run_Jimenez_Re4200_u_imp_1_k_imp_0_e_imp_1_state_iter_5500.dat
iter:   5600 (Jcost: 1.985999e-03) (lr = 8.139e-02) (elapsed time: 10417.428) (secs/iter:  1.796) (n_accepted: 77%) (u_error:  1.168395 %) (beta_change:  6.469600 %) (delta_change:  0.108837 %) (delta_peak/R:  0.880655 %)
iter:   5700 (Jcost: 1.985420e-03) (lr = 9.658e-01) (elapsed time: 10571.072) (secs/iter:  1.536) (n_accepted: 82%) (u_error:  1.168132 %) (beta_change:  6.597166 %) (delta_change:  0.109877 %) (delta_peak/R:  0.880595 %)
iter:   5800 (Jcost: 1.984916e-03) (lr = 3.454e-01) (elapsed time: 10683.905) (secs/iter:  1.128) (n_accepted: 78%) (u_error:  1.167985 %) (beta_change:  6.711011 %) (delta_change:  0.110786 %) (delta_peak/R:  0.880478 %)
iter:   5900 (Jcost: 1.984393e-03) (lr = 7.116e-01) (elapsed time: 10792.511) (secs/iter:  1.086) (n_accepted: 80%) (u_error:  1.167129 %) (beta_change:  6.833817 %) (delta_change:  0.112033 %) (delta_peak/R:  0.880872 %)
iter:   6000 (Jcost: 1.983857e-03) (lr = 1.060e-01) (elapsed time: 10903.752) (secs/iter:  1.112) (n_accepted: 77%) (u_error:  1.167479 %) (beta_change:  6.959288 %) (delta_change:  0.113307 %) (delta_peak/R:  0.880364 %)
-> Saved file: /media/rafael/DATA/Dropbox/20220924_FIML_solver/data/output/field_inversion/Beta_e/u_imp_1/FI_run_Jimenez_Re4200_u_imp_1_k_imp_0_e_imp_1/FI_run_Jimenez_Re4200_u_imp_1_k_imp_0_e_imp_1_state_iter_6000.dat
iter:   6100 (Jcost: 1.983400e-03) (lr = 5.244e-01) (elapsed time: 11081.149) (secs/iter:  1.774) (n_accepted: 81%) (u_error:  1.167262 %) (beta_change:  7.070430 %) (delta_change:  0.114430 %) (delta_peak/R:  0.880308 %)
iter:   6200 (Jcost: 1.982933e-03) (lr = 7.814e-02) (elapsed time: 11258.541) (secs/iter:  1.774) (n_accepted: 77%) (u_error:  1.167054 %) (beta_change:  7.186680 %) (delta_change:  0.115587 %) (delta_peak/R:  0.880236 %)
iter:   6300 (Jcost: 1.982477e-03) (lr = 9.273e-01) (elapsed time: 11427.058) (secs/iter:  1.685) (n_accepted: 82%) (u_error:  1.166572 %) (beta_change:  7.303336 %) (delta_change:  0.116736 %) (delta_peak/R:  0.880368 %)
iter:   6400 (Jcost: 1.982064e-03) (lr = 3.317e-01) (elapsed time: 11594.905) (secs/iter:  1.678) (n_accepted: 78%) (u_error:  1.166653 %) (beta_change:  7.410641 %) (delta_change:  0.117768 %) (delta_peak/R:  0.880101 %)
iter:   6500 (Jcost: 1.981649e-03) (lr = 2.847e-01) (elapsed time: 11769.079) (secs/iter:  1.742) (n_accepted: 79%) (u_error:  1.166568 %) (beta_change:  7.521260 %) (delta_change:  0.118819 %) (delta_peak/R:  0.879953 %)
-> Saved file: /media/rafael/DATA/Dropbox/20220924_FIML_solver/data/output/field_inversion/Beta_e/u_imp_1/FI_run_Jimenez_Re4200_u_imp_1_k_imp_0_e_imp_1/FI_run_Jimenez_Re4200_u_imp_1_k_imp_0_e_imp_1_state_iter_6500.dat
iter:   6600 (Jcost: 1.981262e-03) (lr = 2.444e-01) (elapsed time: 11963.186) (secs/iter:  1.941) (n_accepted: 79%) (u_error:  1.166232 %) (beta_change:  7.626307 %) (delta_change:  0.119809 %) (delta_peak/R:  0.880003 %)
iter:   6700 (Jcost: 1.980906e-03) (lr = 2.098e-01) (elapsed time: 12137.297) (secs/iter:  1.741) (n_accepted: 79%) (u_error:  1.166161 %) (beta_change:  7.725009 %) (delta_change:  0.120721 %) (delta_peak/R:  0.879868 %)
iter:   6800 (Jcost: 1.980520e-03) (lr = 1.801e-01) (elapsed time: 12313.099) (secs/iter:  1.758) (n_accepted: 79%) (u_error:  1.166008 %) (beta_change:  7.834408 %) (delta_change:  0.121719 %) (delta_peak/R:  0.879777 %)
iter:   6900 (Jcost: 1.980172e-03) (lr = 3.710e-01) (elapsed time: 12487.207) (secs/iter:  1.741) (n_accepted: 80%) (u_error:  1.165831 %) (beta_change:  7.934898 %) (delta_change:  0.122624 %) (delta_peak/R:  0.879720 %)
iter:   7000 (Jcost: 1.979817e-03) (lr = 3.184e-01) (elapsed time: 12611.452) (secs/iter:  1.242) (n_accepted: 79%) (u_error:  1.165638 %) (beta_change:  8.039241 %) (delta_change:  0.123551 %) (delta_peak/R:  0.879669 %)
-> Saved file: /media/rafael/DATA/Dropbox/20220924_FIML_solver/data/output/field_inversion/Beta_e/u_imp_1/FI_run_Jimenez_Re4200_u_imp_1_k_imp_0_e_imp_1/FI_run_Jimenez_Re4200_u_imp_1_k_imp_0_e_imp_1_state_iter_7000.dat
iter:   7100 (Jcost: 1.979462e-03) (lr = 6.560e-01) (elapsed time: 12795.651) (secs/iter:  1.842) (n_accepted: 80%) (u_error:  1.165934 %) (beta_change:  8.147192 %) (delta_change:  0.124485 %) (delta_peak/R:  0.879249 %)
iter:   7200 (Jcost: 1.979135e-03) (lr = 1.352e+00) (elapsed time: 12936.945) (secs/iter:  1.413) (n_accepted: 80%) (u_error:  1.164921 %) (beta_change:  8.247084 %) (delta_change:  0.125362 %) (delta_peak/R:  0.879819 %)
iter:   7300 (Jcost: 1.978851e-03) (lr = 8.392e-02) (elapsed time: 13046.664) (secs/iter:  1.097) (n_accepted: 76%) (u_error:  1.165246 %) (beta_change:  8.334404 %) (delta_change:  0.126095 %) (delta_peak/R:  0.879418 %)
iter:   7400 (Jcost: 1.978523e-03) (lr = 9.959e-01) (elapsed time: 13225.071) (secs/iter:  1.784) (n_accepted: 82%) (u_error:  1.164806 %) (beta_change:  8.438814 %) (delta_change:  0.126976 %) (delta_peak/R:  0.879555 %)
iter:   7500 (Jcost: 1.978250e-03) (lr = 3.562e-01) (elapsed time: 13399.866) (secs/iter:  1.748) (n_accepted: 78%) (u_error:  1.165413 %) (beta_change:  8.528176 %) (delta_change:  0.127699 %) (delta_peak/R:  0.878942 %)
-> Saved file: /media/rafael/DATA/Dropbox/20220924_FIML_solver/data/output/field_inversion/Beta_e/u_imp_1/FI_run_Jimenez_Re4200_u_imp_1_k_imp_0_e_imp_1/FI_run_Jimenez_Re4200_u_imp_1_k_imp_0_e_imp_1_state_iter_7500.dat
iter:   7600 (Jcost: 1.977943e-03) (lr = 7.338e-01) (elapsed time: 13561.384) (secs/iter:  1.615) (n_accepted: 80%) (u_error:  1.164799 %) (beta_change:  8.627026 %) (delta_change:  0.128514 %) (delta_peak/R:  0.879222 %)
iter:   7700 (Jcost: 1.977663e-03) (lr = 1.094e-01) (elapsed time: 13749.638) (secs/iter:  1.883) (n_accepted: 77%) (u_error:  1.165192 %) (beta_change:  8.722568 %) (delta_change:  0.129271 %) (delta_peak/R:  0.878758 %)
iter:   7800 (Jcost: 1.977414e-03) (lr = 5.407e-01) (elapsed time: 13923.438) (secs/iter:  1.738) (n_accepted: 81%) (u_error:  1.164532 %) (beta_change:  8.804732 %) (delta_change:  0.129933 %) (delta_peak/R:  0.879103 %)
iter:   7900 (Jcost: 1.977162e-03) (lr = 1.934e-01) (elapsed time: 14103.694) (secs/iter:  1.803) (n_accepted: 78%) (u_error:  1.164422 %) (beta_change:  8.891393 %) (delta_change:  0.130611 %) (delta_peak/R:  0.879032 %)
iter:   8000 (Jcost: 1.976907e-03) (lr = 6.917e-02) (elapsed time: 14267.205) (secs/iter:  1.635) (n_accepted: 78%) (u_error:  1.164300 %) (beta_change:  8.980221 %) (delta_change:  0.131297 %) (delta_peak/R:  0.878967 %)
-> Saved file: /media/rafael/DATA/Dropbox/20220924_FIML_solver/data/output/field_inversion/Beta_e/u_imp_1/FI_run_Jimenez_Re4200_u_imp_1_k_imp_0_e_imp_1/FI_run_Jimenez_Re4200_u_imp_1_k_imp_0_e_imp_1_state_iter_8000.dat
iter:   8100 (Jcost: 1.976664e-03) (lr = 3.420e-01) (elapsed time: 14425.469) (secs/iter:  1.583) (n_accepted: 81%) (u_error:  1.164011 %) (beta_change:  9.066497 %) (delta_change:  0.131957 %) (delta_peak/R:  0.879032 %)
iter:   8200 (Jcost: 1.976416e-03) (lr = 2.936e-01) (elapsed time: 14597.308) (secs/iter:  1.718) (n_accepted: 79%) (u_error:  1.163770 %) (beta_change:  9.155857 %) (delta_change:  0.132631 %) (delta_peak/R:  0.879056 %)
iter:   8300 (Jcost: 1.976189e-03) (lr = 1.452e+00) (elapsed time: 14826.691) (secs/iter:  2.294) (n_accepted: 81%) (u_error:  1.164528 %) (beta_change:  9.240621 %) (delta_change:  0.133242 %) (delta_peak/R:  0.878345 %)
iter:   8400 (Jcost: 1.975968e-03) (lr = 2.163e-01) (elapsed time: 15025.286) (secs/iter:  1.986) (n_accepted: 77%) (u_error:  1.163920 %) (beta_change:  9.319514 %) (delta_change:  0.133829 %) (delta_peak/R:  0.878663 %)
iter:   8500 (Jcost: 1.975737e-03) (lr = 1.070e+00) (elapsed time: 15155.012) (secs/iter:  1.297) (n_accepted: 81%) (u_error:  1.163940 %) (beta_change:  9.406129 %) (delta_change:  0.134452 %) (delta_peak/R:  0.878500 %)
-> Saved file: /media/rafael/DATA/Dropbox/20220924_FIML_solver/data/output/field_inversion/Beta_e/u_imp_1/FI_run_Jimenez_Re4200_u_imp_1_k_imp_0_e_imp_1/FI_run_Jimenez_Re4200_u_imp_1_k_imp_0_e_imp_1_state_iter_8500.dat
iter:   8600 (Jcost: 1.975548e-03) (lr = 1.594e-01) (elapsed time: 15290.861) (secs/iter:  1.358) (n_accepted: 77%) (u_error:  1.163668 %) (beta_change:  9.477054 %) (delta_change:  0.134962 %) (delta_peak/R:  0.878582 %)
iter:   8700 (Jcost: 1.975327e-03) (lr = 5.701e-02) (elapsed time: 15427.735) (secs/iter:  1.369) (n_accepted: 78%) (u_error:  1.163536 %) (beta_change:  9.561677 %) (delta_change:  0.135559 %) (delta_peak/R:  0.878537 %)
iter:   8800 (Jcost: 1.975119e-03) (lr = 1.174e-01) (elapsed time: 15595.993) (secs/iter:  1.683) (n_accepted: 80%) (u_error:  1.163779 %) (beta_change:  9.643541 %) (delta_change:  0.136121 %) (delta_peak/R:  0.878219 %)
iter:   8900 (Jcost: 1.974927e-03) (lr = 1.008e-01) (elapsed time: 15753.300) (secs/iter:  1.573) (n_accepted: 79%) (u_error:  1.163385 %) (beta_change:  9.717819 %) (delta_change:  0.136637 %) (delta_peak/R:  0.878389 %)
iter:   9000 (Jcost: 1.974723e-03) (lr = 8.654e-02) (elapsed time: 15926.702) (secs/iter:  1.734) (n_accepted: 79%) (u_error:  1.163264 %) (beta_change:  9.798975 %) (delta_change:  0.137188 %) (delta_peak/R:  0.878345 %)
-> Saved file: /media/rafael/DATA/Dropbox/20220924_FIML_solver/data/output/field_inversion/Beta_e/u_imp_1/FI_run_Jimenez_Re4200_u_imp_1_k_imp_0_e_imp_1/FI_run_Jimenez_Re4200_u_imp_1_k_imp_0_e_imp_1_state_iter_9000.dat
iter:   9100 (Jcost: 1.974544e-03) (lr = 1.783e-01) (elapsed time: 16103.083) (secs/iter:  1.764) (n_accepted: 80%) (u_error:  1.163208 %) (beta_change:  9.870720 %) (delta_change:  0.137667 %) (delta_peak/R:  0.878268 %)
iter:   9200 (Jcost: 1.974347e-03) (lr = 8.815e-01) (elapsed time: 16272.427) (secs/iter:  1.693) (n_accepted: 81%) (u_error:  1.163495 %) (beta_change:  9.952305 %) (delta_change:  0.138199 %) (delta_peak/R:  0.877920 %)
iter:   9300 (Jcost: 1.974169e-03) (lr = 7.567e-01) (elapsed time: 16443.036) (secs/iter:  1.706) (n_accepted: 79%) (u_error:  1.163110 %) (beta_change: 10.024045 %) (delta_change:  0.138674 %) (delta_peak/R:  0.878090 %)
iter:   9400 (Jcost: 1.973982e-03) (lr = 1.559e+00) (elapsed time: 16602.640) (secs/iter:  1.596) (n_accepted: 80%) (u_error:  1.163229 %) (beta_change: 10.102190 %) (delta_change:  0.139173 %) (delta_peak/R:  0.877875 %)
iter:   9500 (Jcost: 1.973821e-03) (lr = 2.323e-01) (elapsed time: 16766.586) (secs/iter:  1.639) (n_accepted: 77%) (u_error:  1.162854 %) (beta_change: 10.168645 %) (delta_change:  0.139603 %) (delta_peak/R:  0.878046 %)
-> Saved file: /media/rafael/DATA/Dropbox/20220924_FIML_solver/data/output/field_inversion/Beta_e/u_imp_1/FI_run_Jimenez_Re4200_u_imp_1_k_imp_0_e_imp_1/FI_run_Jimenez_Re4200_u_imp_1_k_imp_0_e_imp_1_state_iter_9500.dat
iter:   9600 (Jcost: 1.973649e-03) (lr = 4.786e-01) (elapsed time: 16932.799) (secs/iter:  1.662) (n_accepted: 80%) (u_error:  1.162744 %) (beta_change: 10.241700 %) (delta_change:  0.140064 %) (delta_peak/R:  0.878012 %)
iter:   9700 (Jcost: 1.973486e-03) (lr = 4.108e-01) (elapsed time: 17111.752) (secs/iter:  1.790) (n_accepted: 79%) (u_error:  1.162784 %) (beta_change: 10.311208 %) (delta_change:  0.140494 %) (delta_peak/R:  0.877870 %)
iter:   9800 (Jcost: 1.973319e-03) (lr = 1.469e-01) (elapsed time: 17275.825) (secs/iter:  1.641) (n_accepted: 78%) (u_error:  1.162257 %) (beta_change: 10.384053 %) (delta_change:  0.140951 %) (delta_peak/R:  0.878147 %)
iter:   9900 (Jcost: 1.973171e-03) (lr = 3.027e-01) (elapsed time: 17434.217) (secs/iter:  1.584) (n_accepted: 80%) (u_error:  1.162574 %) (beta_change: 10.447288 %) (delta_change:  0.141328 %) (delta_peak/R:  0.877812 %)
iter:  10000 (Jcost: 1.973013e-03) (lr = 1.083e-01) (elapsed time: 17570.605) (secs/iter:  1.364) (n_accepted: 78%) (u_error:  1.162229 %) (beta_change: 10.517302 %) (delta_change:  0.141755 %) (delta_peak/R:  0.877959 %)
-> Saved file: /media/rafael/DATA/Dropbox/20220924_FIML_solver/data/output/field_inversion/Beta_e/u_imp_1/FI_run_Jimenez_Re4200_u_imp_1_k_imp_0_e_imp_1/FI_run_Jimenez_Re4200_u_imp_1_k_imp_0_e_imp_1_state_iter_10000.dat
iter:  10100 (Jcost: 1.972865e-03) (lr = 5.354e-01) (elapsed time: 17736.440) (secs/iter:  1.658) (n_accepted: 81%) (u_error:  1.162327 %) (beta_change: 10.582242 %) (delta_change:  0.142137 %) (delta_peak/R:  0.877784 %)
iter:  10200 (Jcost: 1.972715e-03) (lr = 4.595e-01) (elapsed time: 17900.846) (secs/iter:  1.644) (n_accepted: 79%) (u_error:  1.162457 %) (beta_change: 10.649367 %) (delta_change:  0.142528 %) (delta_peak/R:  0.877583 %)
iter:  10300 (Jcost: 1.972574e-03) (lr = 9.467e-01) (elapsed time: 18067.655) (secs/iter:  1.668) (n_accepted: 80%) (u_error:  1.162110 %) (beta_change: 10.712664 %) (delta_change:  0.142902 %) (delta_peak/R:  0.877744 %)
iter:  10400 (Jcost: 1.972446e-03) (lr = 3.386e-01) (elapsed time: 18241.596) (secs/iter:  1.739) (n_accepted: 78%) (u_error:  1.162226 %) (beta_change: 10.770483 %) (delta_change:  0.143231 %) (delta_peak/R:  0.877568 %)
iter:  10500 (Jcost: 1.972305e-03) (lr = 6.976e-01) (elapsed time: 18383.634) (secs/iter:  1.420) (n_accepted: 80%) (u_error:  1.162136 %) (beta_change: 10.834501 %) (delta_change:  0.143597 %) (delta_peak/R:  0.877538 %)
-> Saved file: /media/rafael/DATA/Dropbox/20220924_FIML_solver/data/output/field_inversion/Beta_e/u_imp_1/FI_run_Jimenez_Re4200_u_imp_1_k_imp_0_e_imp_1/FI_run_Jimenez_Re4200_u_imp_1_k_imp_0_e_imp_1_state_iter_10500.dat
iter:  10600 (Jcost: 1.972160e-03) (lr = 1.040e-01) (elapsed time: 18545.466) (secs/iter:  1.618) (n_accepted: 77%) (u_error:  1.162064 %) (beta_change: 10.901410 %) (delta_change:  0.143974 %) (delta_peak/R:  0.877489 %)
iter:  10700 (Jcost: 1.972026e-03) (lr = 2.142e-01) (elapsed time: 18705.276) (secs/iter:  1.598) (n_accepted: 80%) (u_error:  1.162163 %) (beta_change: 10.963545 %) (delta_change:  0.144317 %) (delta_peak/R:  0.877321 %)
iter:  10800 (Jcost: 1.971901e-03) (lr = 4.412e-01) (elapsed time: 18846.757) (secs/iter:  1.415) (n_accepted: 80%) (u_error:  1.161804 %) (beta_change: 11.022006 %) (delta_change:  0.144646 %) (delta_peak/R:  0.877500 %)
iter:  10900 (Jcost: 1.971768e-03) (lr = 1.578e-01) (elapsed time: 19002.907) (secs/iter:  1.561) (n_accepted: 78%) (u_error:  1.161887 %) (beta_change: 11.084076 %) (delta_change:  0.144982 %) (delta_peak/R:  0.877345 %)
iter:  11000 (Jcost: 1.971633e-03) (lr = 1.355e-01) (elapsed time: 19157.140) (secs/iter:  1.542) (n_accepted: 79%) (u_error:  1.161743 %) (beta_change: 11.148163 %) (delta_change:  0.145330 %) (delta_peak/R:  0.877357 %)
-> Saved file: /media/rafael/DATA/Dropbox/20220924_FIML_solver/data/output/field_inversion/Beta_e/u_imp_1/FI_run_Jimenez_Re4200_u_imp_1_k_imp_0_e_imp_1/FI_run_Jimenez_Re4200_u_imp_1_k_imp_0_e_imp_1_state_iter_11000.dat
iter:  11100 (Jcost: 1.971505e-03) (lr = 2.791e-01) (elapsed time: 19316.670) (secs/iter:  1.595) (n_accepted: 80%) (u_error:  1.161549 %) (beta_change: 11.209277 %) (delta_change:  0.145660 %) (delta_peak/R:  0.877411 %)
iter:  11200 (Jcost: 1.971384e-03) (lr = 5.750e-01) (elapsed time: 19485.599) (secs/iter:  1.689) (n_accepted: 80%) (u_error:  1.161709 %) (beta_change: 11.266712 %) (delta_change:  0.145960 %) (delta_peak/R:  0.877206 %)
iter:  11300 (Jcost: 1.971266e-03) (lr = 2.056e-01) (elapsed time: 19590.829) (secs/iter:  1.052) (n_accepted: 78%) (u_error:  1.161670 %) (beta_change: 11.323845 %) (delta_change:  0.146259 %) (delta_peak/R:  0.877152 %)
iter:  11400 (Jcost: 1.971141e-03) (lr = 1.017e+00) (elapsed time: 19690.983) (secs/iter:  1.002) (n_accepted: 81%) (u_error:  1.161618 %) (beta_change: 11.384368 %) (delta_change:  0.146574 %) (delta_peak/R:  0.877102 %)
iter:  11500 (Jcost: 1.971030e-03) (lr = 8.728e-01) (elapsed time: 19831.515) (secs/iter:  1.405) (n_accepted: 79%) (u_error:  1.161550 %) (beta_change: 11.438458 %) (delta_change:  0.146852 %) (delta_peak/R:  0.877073 %)
-> Saved file: /media/rafael/DATA/Dropbox/20220924_FIML_solver/data/output/field_inversion/Beta_e/u_imp_1/FI_run_Jimenez_Re4200_u_imp_1_k_imp_0_e_imp_1/FI_run_Jimenez_Re4200_u_imp_1_k_imp_0_e_imp_1_state_iter_11500.dat
iter:  11600 (Jcost: 1.970914e-03) (lr = 1.301e-01) (elapsed time: 20007.944) (secs/iter:  1.764) (n_accepted: 77%) (u_error:  1.161287 %) (beta_change: 11.495556 %) (delta_change:  0.147148 %) (delta_peak/R:  0.877186 %)
iter:  11700 (Jcost: 1.970808e-03) (lr = 2.680e-01) (elapsed time: 20168.702) (secs/iter:  1.608) (n_accepted: 80%) (u_error:  1.161750 %) (beta_change: 11.548711 %) (delta_change:  0.147406 %) (delta_peak/R:  0.876765 %)
iter:  11800 (Jcost: 1.970701e-03) (lr = 9.584e-02) (elapsed time: 20288.123) (secs/iter:  1.194) (n_accepted: 78%) (u_error:  1.161385 %) (beta_change: 11.600347 %) (delta_change:  0.147671 %) (delta_peak/R:  0.876962 %)
iter:  11900 (Jcost: 1.970585e-03) (lr = 4.739e-01) (elapsed time: 20397.775) (secs/iter:  1.097) (n_accepted: 81%) (u_error:  1.161308 %) (beta_change: 11.658237 %) (delta_change:  0.147959 %) (delta_peak/R:  0.876936 %)
iter:  12000 (Jcost: 1.970482e-03) (lr = 1.695e-01) (elapsed time: 20523.681) (secs/iter:  1.259) (n_accepted: 78%) (u_error:  1.161304 %) (beta_change: 11.709975 %) (delta_change:  0.148213 %) (delta_peak/R:  0.876866 %)
-> Saved file: /media/rafael/DATA/Dropbox/20220924_FIML_solver/data/output/field_inversion/Beta_e/u_imp_1/FI_run_Jimenez_Re4200_u_imp_1_k_imp_0_e_imp_1/FI_run_Jimenez_Re4200_u_imp_1_k_imp_0_e_imp_1_state_iter_12000.dat
iter:  12100 (Jcost: 1.970374e-03) (lr = 8.380e-01) (elapsed time: 20668.707) (secs/iter:  1.450) (n_accepted: 81%) (u_error:  1.161258 %) (beta_change: 11.763994 %) (delta_change:  0.148476 %) (delta_peak/R:  0.876823 %)
iter:  12200 (Jcost: 1.970274e-03) (lr = 2.997e-01) (elapsed time: 20843.563) (secs/iter:  1.749) (n_accepted: 78%) (u_error:  1.161062 %) (beta_change: 11.815191 %) (delta_change:  0.148727 %) (delta_peak/R:  0.876896 %)
iter:  12300 (Jcost: 1.970169e-03) (lr = 6.175e-01) (elapsed time: 21027.655) (secs/iter:  1.841) (n_accepted: 80%) (u_error:  1.161239 %) (beta_change: 11.868376 %) (delta_change:  0.148977 %) (delta_peak/R:  0.876690 %)
iter:  12400 (Jcost: 1.970062e-03) (lr = 1.272e+00) (elapsed time: 21192.695) (secs/iter:  1.650) (n_accepted: 80%) (u_error:  1.161094 %) (beta_change: 11.922502 %) (delta_change:  0.149236 %) (delta_peak/R:  0.876721 %)
iter:  12500 (Jcost: 1.969969e-03) (lr = 1.896e-01) (elapsed time: 21367.961) (secs/iter:  1.753) (n_accepted: 77%) (u_error:  1.161260 %) (beta_change: 11.970881 %) (delta_change:  0.149460 %) (delta_peak/R:  0.876530 %)
-> Saved file: /media/rafael/DATA/Dropbox/20220924_FIML_solver/data/output/field_inversion/Beta_e/u_imp_1/FI_run_Jimenez_Re4200_u_imp_1_k_imp_0_e_imp_1/FI_run_Jimenez_Re4200_u_imp_1_k_imp_0_e_imp_1_state_iter_12500.dat
iter:  12600 (Jcost: 1.969879e-03) (lr = 1.627e-01) (elapsed time: 21551.464) (secs/iter:  1.835) (n_accepted: 79%) (u_error:  1.161047 %) (beta_change: 12.016535 %) (delta_change:  0.149677 %) (delta_peak/R:  0.876625 %)
iter:  12700 (Jcost: 1.969787e-03) (lr = 3.353e-01) (elapsed time: 21719.043) (secs/iter:  1.676) (n_accepted: 80%) (u_error:  1.160911 %) (beta_change: 12.064303 %) (delta_change:  0.149901 %) (delta_peak/R:  0.876660 %)
iter:  12800 (Jcost: 1.969693e-03) (lr = 6.907e-01) (elapsed time: 21893.339) (secs/iter:  1.743) (n_accepted: 80%) (u_error:  1.160866 %) (beta_change: 12.113042 %) (delta_change:  0.150126 %) (delta_peak/R:  0.876626 %)
iter:  12900 (Jcost: 1.969612e-03) (lr = 5.929e-01) (elapsed time: 22067.980) (secs/iter:  1.746) (n_accepted: 79%) (u_error:  1.160912 %) (beta_change: 12.155474 %) (delta_change:  0.150318 %) (delta_peak/R:  0.876533 %)
iter:  13000 (Jcost: 1.969518e-03) (lr = 5.089e-01) (elapsed time: 22236.036) (secs/iter:  1.681) (n_accepted: 79%) (u_error:  1.160874 %) (beta_change: 12.204334 %) (delta_change:  0.150540 %) (delta_peak/R:  0.876495 %)
-> Saved file: /media/rafael/DATA/Dropbox/20220924_FIML_solver/data/output/field_inversion/Beta_e/u_imp_1/FI_run_Jimenez_Re4200_u_imp_1_k_imp_0_e_imp_1/FI_run_Jimenez_Re4200_u_imp_1_k_imp_0_e_imp_1_state_iter_13000.dat
iter:  13100 (Jcost: 1.969420e-03) (lr = 4.369e-01) (elapsed time: 22390.989) (secs/iter:  1.550) (n_accepted: 79%) (u_error:  1.160775 %) (beta_change: 12.255687 %) (delta_change:  0.150773 %) (delta_peak/R:  0.876498 %)
iter:  13200 (Jcost: 1.969337e-03) (lr = 1.563e-01) (elapsed time: 22543.708) (secs/iter:  1.527) (n_accepted: 78%) (u_error:  1.160791 %) (beta_change: 12.299629 %) (delta_change:  0.150969 %) (delta_peak/R:  0.876426 %)
iter:  13300 (Jcost: 1.969246e-03) (lr = 7.726e-01) (elapsed time: 22699.890) (secs/iter:  1.562) (n_accepted: 81%) (u_error:  1.160589 %) (beta_change: 12.347765 %) (delta_change:  0.151186 %) (delta_peak/R:  0.876510 %)
iter:  13400 (Jcost: 1.969167e-03) (lr = 6.632e-01) (elapsed time: 22873.569) (secs/iter:  1.737) (n_accepted: 79%) (u_error:  1.160699 %) (beta_change: 12.389749 %) (delta_change:  0.151368 %) (delta_peak/R:  0.876372 %)
iter:  13500 (Jcost: 1.969079e-03) (lr = 2.372e-01) (elapsed time: 23028.093) (secs/iter:  1.545) (n_accepted: 78%) (u_error:  1.160821 %) (beta_change: 12.436887 %) (delta_change:  0.151572 %) (delta_peak/R:  0.876217 %)
-> Saved file: /media/rafael/DATA/Dropbox/20220924_FIML_solver/data/output/field_inversion/Beta_e/u_imp_1/FI_run_Jimenez_Re4200_u_imp_1_k_imp_0_e_imp_1/FI_run_Jimenez_Re4200_u_imp_1_k_imp_0_e_imp_1_state_iter_13500.dat
iter:  13600 (Jcost: 1.968995e-03) (lr = 4.887e-01) (elapsed time: 23211.063) (secs/iter:  1.830) (n_accepted: 80%) (u_error:  1.160905 %) (beta_change: 12.482056 %) (delta_change:  0.151766 %) (delta_peak/R:  0.876094 %)
iter:  13700 (Jcost: 1.968918e-03) (lr = 1.748e-01) (elapsed time: 23378.703) (secs/iter:  1.676) (n_accepted: 78%) (u_error:  1.160820 %) (beta_change: 12.523212 %) (delta_change:  0.151945 %) (delta_peak/R:  0.876102 %)
iter:  13800 (Jcost: 1.968845e-03) (lr = 3.601e-01) (elapsed time: 23536.101) (secs/iter:  1.574) (n_accepted: 80%) (u_error:  1.160574 %) (beta_change: 12.561709 %) (delta_change:  0.152115 %) (delta_peak/R:  0.876233 %)
iter:  13900 (Jcost: 1.968758e-03) (lr = 3.091e-01) (elapsed time: 23708.616) (secs/iter:  1.725) (n_accepted: 79%) (u_error:  1.160416 %) (beta_change: 12.608556 %) (delta_change:  0.152318 %) (delta_peak/R:  0.876288 %)
iter:  14000 (Jcost: 1.968687e-03) (lr = 1.105e-01) (elapsed time: 23886.716) (secs/iter:  1.781) (n_accepted: 78%) (u_error:  1.160483 %) (beta_change: 12.647070 %) (delta_change:  0.152480 %) (delta_peak/R:  0.876187 %)
-> Saved file: /media/rafael/DATA/Dropbox/20220924_FIML_solver/data/output/field_inversion/Beta_e/u_imp_1/FI_run_Jimenez_Re4200_u_imp_1_k_imp_0_e_imp_1/FI_run_Jimenez_Re4200_u_imp_1_k_imp_0_e_imp_1_state_iter_14000.dat
iter:  14100 (Jcost: 1.968606e-03) (lr = 5.466e-01) (elapsed time: 24018.877) (secs/iter:  1.322) (n_accepted: 81%) (u_error:  1.160545 %) (beta_change: 12.690752 %) (delta_change:  0.152662 %) (delta_peak/R:  0.876082 %)
iter:  14200 (Jcost: 1.968538e-03) (lr = 1.955e-01) (elapsed time: 24183.506) (secs/iter:  1.646) (n_accepted: 78%) (u_error:  1.160440 %) (beta_change: 12.727787 %) (delta_change:  0.152819 %) (delta_peak/R:  0.876112 %)
iter:  14300 (Jcost: 1.968456e-03) (lr = 4.028e-01) (elapsed time: 24337.957) (secs/iter:  1.545) (n_accepted: 80%) (u_error:  1.160337 %) (beta_change: 12.772270 %) (delta_change:  0.153007 %) (delta_peak/R:  0.876130 %)
iter:  14400 (Jcost: 1.968388e-03) (lr = 8.297e-01) (elapsed time: 24500.324) (secs/iter:  1.624) (n_accepted: 80%) (u_error:  1.160376 %) (beta_change: 12.809448 %) (delta_change:  0.153160 %) (delta_peak/R:  0.876052 %)
iter:  14500 (Jcost: 1.968314e-03) (lr = 7.122e-01) (elapsed time: 24668.954) (secs/iter:  1.686) (n_accepted: 79%) (u_error:  1.160409 %) (beta_change: 12.858127 %) (delta_change:  0.153327 %) (delta_peak/R:  0.875973 %)
-> Saved file: /media/rafael/DATA/Dropbox/20220924_FIML_solver/data/output/field_inversion/Beta_e/u_imp_1/FI_run_Jimenez_Re4200_u_imp_1_k_imp_0_e_imp_1/FI_run_Jimenez_Re4200_u_imp_1_k_imp_0_e_imp_1_state_iter_14500.dat
iter:  14600 (Jcost: 1.968245e-03) (lr = 6.114e-01) (elapsed time: 24852.190) (secs/iter:  1.832) (n_accepted: 79%) (u_error:  1.160302 %) (beta_change: 12.905153 %) (delta_change:  0.153484 %) (delta_peak/R:  0.876003 %)
iter:  14700 (Jcost: 1.968180e-03) (lr = 2.187e-01) (elapsed time: 25021.255) (secs/iter:  1.691) (n_accepted: 78%) (u_error:  1.160281 %) (beta_change: 12.949603 %) (delta_change:  0.153630 %) (delta_peak/R:  0.875972 %)
iter:  14800 (Jcost: 1.968110e-03) (lr = 1.081e+00) (elapsed time: 25154.759) (secs/iter:  1.335) (n_accepted: 81%) (u_error:  1.160263 %) (beta_change: 12.997243 %) (delta_change:  0.153785 %) (delta_peak/R:  0.875935 %)
iter:  14900 (Jcost: 1.968040e-03) (lr = 9.281e-01) (elapsed time: 25328.166) (secs/iter:  1.734) (n_accepted: 79%) (u_error:  1.160115 %) (beta_change: 13.046232 %) (delta_change:  0.153947 %) (delta_peak/R:  0.875994 %)
iter:  15000 (Jcost: 1.967977e-03) (lr = 7.967e-01) (elapsed time: 25499.464) (secs/iter:  1.713) (n_accepted: 79%) (u_error:  1.160200 %) (beta_change: 13.089727 %) (delta_change:  0.154084 %) (delta_peak/R:  0.875885 %)
-> Saved file: /media/rafael/DATA/Dropbox/20220924_FIML_solver/data/output/field_inversion/Beta_e/u_imp_1/FI_run_Jimenez_Re4200_u_imp_1_k_imp_0_e_imp_1/FI_run_Jimenez_Re4200_u_imp_1_k_imp_0_e_imp_1_state_iter_15000.dat
iter:  15000 (Jcost: 1.967975e-03) (lr = 9.560e-01) (elapsed time: 25505.777) (secs/iter:   None) (n_accepted: 0%) (u_error:  1.160190 %) (beta_change: 13.090867 %) (delta_change:  0.154088 %) (delta_peak/R:  0.875892 %)
