# ------------------------------------------------------------------------
#                  Input Arguments
# ------------------------------------------------------------------------
# Begin_Input_Arguments
{ 'all_b_mode': ['Beta_k'],
  'args_mk_solver': { 'torch': "<module 'torch' from "
                               "'/home/rafael/anaconda3/lib/python3.9/site-packages/torch/__init__.py'>",
                      'y_grid': [0.0, 0.000309700312, 0.000638645973, 0.00098802599, 0.00135910194, 0.00175321227, 0.00217177688, 0.00261630193, 0.00308838486, 0.00358971984, 0.00412210331, 0.00468744001, 0.00528774917, 0.00592517114, 0.00660197432, 0.0073205624, 0.00808348206, 0.00889343092, 0.00975326602, 0.0106660126, 0.0116348733, 0.0126632377, 0.0137546927, 0.0149130326, 0.0161422702, 0.0174466482, 0.0188306506, 0.0202990157, 0.0218567475, 0.02350913, 0.0252617393, 0.0271204584, 0.0290914903, 0.0311813732, 0.033396994, 0.0357456039, 0.0382348325, 0.0408727029, 0.0436676462, 0.0466285159, 0.0497646022, 0.0530856456, 0.0566018496, 0.0603238931, 0.0642629411, 0.068430655, 0.0728392004, 0.0775012535, 0.0824300053, 0.0876391634, 0.0931429507, 0.0989561006, 0.105093849, 0.111571922, 0.118406518, 0.125614286, 0.133212296, 0.141218006, 0.14964922, 0.158524039, 0.167860801, 0.177678022, 0.187994313, 0.1988283, 0.21019853, 0.222123362, 0.234620856, 0.247708641, 0.261403784, 0.275722637, 0.290680679, 0.306292354, 0.322570888, 0.339528108, 0.357174255, 0.375517785, 0.394565175, 0.414320726, 0.43478637, 0.45596148, 0.47784269, 0.500423731, 0.523695275, 0.547644806, 0.572256506, 0.597511177, 0.623386184, 0.649855436, 0.676889401, 0.704455158, 0.73251649, 0.761034018, 0.789965372, 0.819265404, 0.848886442, 0.878778572, 0.908889961, 0.939167201, 0.969555687, 1.0],
                      'Ret': 4178.88,
                      'cp': 1.0,
                      'A_sca_rho': 1.0,
                      'A_sca_mu': 0.00023929856803736886,
                      'A_sca_k': 0.00023929856803736886,
                      'b_exp_rho': 0.0,
                      'b_exp_mu': 0.0,
                      'b_exp_k': 0.0,
                      'tensor_device': 'cpu',
                      'as_tensor': '<function '
                                   'Build_arguments_fi_run._mk_args_MK_solver.<locals>.<lambda> '
                                   'at 0x7fb440f430d0>',
                      'ref_dns': { 'u_dns': [0.0, 1.29342908, 2.65194048, 4.03670512, 5.40859779, 6.68695496, 7.86019195, 8.91069256, 9.80895505, 10.5848082, 11.256716, 11.838802, 12.3296382, 12.7600093, 13.1410586, 13.4759394, 13.7744531, 14.0477365, 14.2950609, 14.5257574, 14.7416361, 14.9463957, 15.1419829, 15.331636, 15.5147581, 15.6944977, 15.8714078, 16.0458343, 16.2182932, 16.3895662, 16.5599086, 16.7295497, 16.8986118, 17.0669143, 17.2349262, 17.4028312, 17.5701228, 17.7374358, 17.9041343, 18.0707044, 18.2370016, 18.4029699, 18.5685661, 18.7337707, 18.8985825, 19.0628993, 19.2265908, 19.3896394, 19.5519311, 19.7132729, 19.8736228, 20.0329364, 20.1911376, 20.3479704, 20.5037328, 20.658259, 20.8113699, 20.9630469, 21.1135511, 21.2631337, 21.4122384, 21.561234, 21.7100392, 21.8580649, 22.0049074, 22.1497712, 22.2927547, 22.4339372, 22.573864, 22.7126255, 22.8505065, 22.9881435, 23.1249588, 23.2612122, 23.3980224, 23.5351472, 23.6720493, 23.8088436, 23.9452111, 24.0800664, 24.2132574, 24.3458709, 24.4777305, 24.6088033, 24.7377587, 24.8656065, 24.9912607, 25.1139727, 25.2325247, 25.3453248, 25.4509185, 25.5499422, 25.640263, 25.719845, 25.7877871, 25.8450715, 25.8916591, 25.9270062, 25.9491387, 25.95648],
                                   'T_dns': [1.0, 1.0, 1.0, 1.0, 1.0, 1.0, 1.0, 1.0, 1.0, 1.0, 1.0, 1.0, 1.0, 1.0, 1.0, 1.0, 1.0, 1.0, 1.0, 1.0, 1.0, 1.0, 1.0, 1.0, 1.0, 1.0, 1.0, 1.0, 1.0, 1.0, 1.0, 1.0, 1.0, 1.0, 1.0, 1.0, 1.0, 1.0, 1.0, 1.0, 1.0, 1.0, 1.0, 1.0, 1.0, 1.0, 1.0, 1.0, 1.0, 1.0, 1.0, 1.0, 1.0, 1.0, 1.0, 1.0, 1.0, 1.0, 1.0, 1.0, 1.0, 1.0, 1.0, 1.0, 1.0, 1.0, 1.0, 1.0, 1.0, 1.0, 1.0, 1.0, 1.0, 1.0, 1.0, 1.0, 1.0, 1.0, 1.0, 1.0, 1.0, 1.0, 1.0, 1.0, 1.0, 1.0, 1.0, 1.0, 1.0, 1.0, 1.0, 1.0, 1.0, 1.0, 1.0, 1.0, 1.0, 1.0, 1.0, 1.0],
                                   'mu_dns': [0.00023929856803736886, 0.00023929856803736886, 0.00023929856803736886, 0.00023929856803736886, 0.00023929856803736886, 0.00023929856803736886, 0.00023929856803736886, 0.00023929856803736886, 0.00023929856803736886, 0.00023929856803736886, 0.00023929856803736886, 0.00023929856803736886, 0.00023929856803736886, 0.00023929856803736886, 0.00023929856803736886, 0.00023929856803736886, 0.00023929856803736886, 0.00023929856803736886, 0.00023929856803736886, 0.00023929856803736886, 0.00023929856803736886, 0.00023929856803736886, 0.00023929856803736886, 0.00023929856803736886, 0.00023929856803736886, 0.00023929856803736886, 0.00023929856803736886, 0.00023929856803736886, 0.00023929856803736886, 0.00023929856803736886, 0.00023929856803736886, 0.00023929856803736886, 0.00023929856803736886, 0.00023929856803736886, 0.00023929856803736886, 0.00023929856803736886, 0.00023929856803736886, 0.00023929856803736886, 0.00023929856803736886, 0.00023929856803736886, 0.00023929856803736886, 0.00023929856803736886, 0.00023929856803736886, 0.00023929856803736886, 0.00023929856803736886, 0.00023929856803736886, 0.00023929856803736886, 0.00023929856803736886, 0.00023929856803736886, 0.00023929856803736886, 0.00023929856803736886, 0.00023929856803736886, 0.00023929856803736886, 0.00023929856803736886, 0.00023929856803736886, 0.00023929856803736886, 0.00023929856803736886, 0.00023929856803736886, 0.00023929856803736886, 0.00023929856803736886, 0.00023929856803736886, 0.00023929856803736886, 0.00023929856803736886, 0.00023929856803736886, 0.00023929856803736886, 0.00023929856803736886, 0.00023929856803736886, 0.00023929856803736886, 0.00023929856803736886, 0.00023929856803736886, 0.00023929856803736886, 0.00023929856803736886, 0.00023929856803736886, 0.00023929856803736886, 0.00023929856803736886, 0.00023929856803736886, 0.00023929856803736886, 0.00023929856803736886, 0.00023929856803736886, 0.00023929856803736886, 0.00023929856803736886, 0.00023929856803736886, 0.00023929856803736886, 0.00023929856803736886, 0.00023929856803736886, 0.00023929856803736886, 0.00023929856803736886, 0.00023929856803736886, 0.00023929856803736886, 0.00023929856803736886, 0.00023929856803736886, 0.00023929856803736886, 0.00023929856803736886, 0.00023929856803736886, 0.00023929856803736886, 0.00023929856803736886, 0.00023929856803736886, 0.00023929856803736886, 0.00023929856803736886, 0.00023929856803736886],
                                   'rho_dns': [1.0, 1.0, 1.0, 1.0, 1.0, 1.0, 1.0, 1.0, 1.0, 1.0, 1.0, 1.0, 1.0, 1.0, 1.0, 1.0, 1.0, 1.0, 1.0, 1.0, 1.0, 1.0, 1.0, 1.0, 1.0, 1.0, 1.0, 1.0, 1.0, 1.0, 1.0, 1.0, 1.0, 1.0, 1.0, 1.0, 1.0, 1.0, 1.0, 1.0, 1.0, 1.0, 1.0, 1.0, 1.0, 1.0, 1.0, 1.0, 1.0, 1.0, 1.0, 1.0, 1.0, 1.0, 1.0, 1.0, 1.0, 1.0, 1.0, 1.0, 1.0, 1.0, 1.0, 1.0, 1.0, 1.0, 1.0, 1.0, 1.0, 1.0, 1.0, 1.0, 1.0, 1.0, 1.0, 1.0, 1.0, 1.0, 1.0, 1.0, 1.0, 1.0, 1.0, 1.0, 1.0, 1.0, 1.0, 1.0, 1.0, 1.0, 1.0, 1.0, 1.0, 1.0, 1.0, 1.0, 1.0, 1.0, 1.0, 1.0]},
                      'case': 'Jimenez_Re4200',
                      'constant_Sq_heat': 0.0,
                      'use_visc_heating': False,
                      'Pr_turb': 1.0,
                      'fprint': '<function '
                                'Build_arguments_fi_run._mk_args_MK_solver.<locals>.<lambda> '
                                'at 0x7fb440f43ca0>',
                      'compressible_correction': False,
                      'bool_solve_energy': False,
                      'output_last': False},
  'u_imp': 1000,
  'k_imp': 1,
  'e_imp': 0,
  'solve_sparse_adj': True,
  'all_ref_beta_distrib': {'K': [1.0, 0.97202675, 0.91176381, 0.84030425, 0.80754091, 0.84312661, 0.92923114, 1.03020201, 1.11754476, 1.17369856, 1.19178223, 1.17555386, 1.13554386, 1.08337425, 1.02814543, 0.97603761, 0.93067454, 0.89370064, 0.86550956, 0.84577044, 0.83373783, 0.82849164, 0.82906002, 0.83448956, 0.84388659, 0.8564305, 0.87137232, 0.88804137, 0.90584164, 0.92424288, 0.94277503, 0.96102462, 0.97863179, 0.9952872, 1.01072756, 1.0247318, 1.03712177, 1.04775988, 1.0565475, 1.06342308, 1.0683589, 1.07136024, 1.07246323, 1.07173201, 1.06925596, 1.06514728, 1.05953862, 1.05258011, 1.0444363, 1.03528345, 1.02530596, 1.01469231, 1.00363174, 0.99231128, 0.98091156, 0.96960375, 0.95854841, 0.94789222, 0.93776386, 0.92827152, 0.91950405, 0.91153604, 0.90443856, 0.89829073, 0.89318653, 0.88923464, 0.88654956, 0.8852377, 0.88538351, 0.88703906, 0.89021673, 0.89488338, 0.90096037, 0.90832319, 0.91679904, 0.92617422, 0.93620841, 0.946645, 0.95722008, 0.96767216, 0.97774389, 0.98717775, 0.99572239, 1.00315008, 1.00927687, 1.0139763, 1.01719475, 1.01896911, 1.0194322, 1.01880498, 1.01737121, 1.01543748, 1.01329974, 1.01121606, 1.00937493, 1.0078774, 1.00674909, 1.00597321, 1.0055217, 1.00268685], 'E': [1.0, 1.0, 1.0, 1.0, 1.0, 1.0, 1.0, 1.0, 1.0, 1.0, 1.0, 1.0, 1.0, 1.0, 1.0, 1.0, 1.0, 1.0, 1.0, 1.0, 1.0, 1.0, 1.0, 1.0, 1.0, 1.0, 1.0, 1.0, 1.0, 1.0, 1.0, 1.0, 1.0, 1.0, 1.0, 1.0, 1.0, 1.0, 1.0, 1.0, 1.0, 1.0, 1.0, 1.0, 1.0, 1.0, 1.0, 1.0, 1.0, 1.0, 1.0, 1.0, 1.0, 1.0, 1.0, 1.0, 1.0, 1.0, 1.0, 1.0, 1.0, 1.0, 1.0, 1.0, 1.0, 1.0, 1.0, 1.0, 1.0, 1.0, 1.0, 1.0, 1.0, 1.0, 1.0, 1.0, 1.0, 1.0, 1.0, 1.0, 1.0, 1.0, 1.0, 1.0, 1.0, 1.0, 1.0, 1.0, 1.0, 1.0, 1.0, 1.0, 1.0, 1.0, 1.0, 1.0, 1.0, 1.0, 1.0, 1.0]},
  'all_ref_delta_distrib': {'K': [-0.0, 12.567248532160978, 50.08420925180228, 111.82836480001951, 158.02006377721557, 140.49713146791805, 64.25234964564203, -26.2958538760369, -94.58745378681313, -126.26338352624644, -124.3022368298604, -100.82868553973144, -68.8824396250853, -37.547734389982544, -11.269935129159595, 8.56700278527929, 22.229732502850283, 30.708292101791027, 35.151322618838435, 36.61390259783616, 35.97906409041294, 33.94037317485745, 31.024248593738857, 27.620162925867003, 24.00926596862045, 20.3902783449165, 16.900653275667203, 13.631145247232373, 10.63795774837644, 7.952357915902721, 5.587486820701141, 3.5433039292682884, 1.8103005114248558, 0.37235471988031693, -0.7909745893186939, -1.7027487172808056, -2.3876496132568272, -2.8710003025652813, -3.178062481054248, -3.333487688202418, -3.36084017609658, -3.2823672993787745, -3.1187775716698276, -2.8890646191748766, -2.6104036226065923, -2.2981154295208532, -1.965672629852013, -1.6247197518961882, -1.2851251109936128, -0.9550708460892479, -0.6411402200221098, -0.348415898832695, -0.08061510158280834, 0.15976067285339163, 0.3712999665079037, 0.5535297251712502, 0.7067385419254697, 0.8318555979948548, 0.9303499585904879, 1.0041110462788958, 1.0552959880476749, 1.0861604743408122, 1.098869570421168, 1.0953608311245595, 1.0773072106041266, 1.0461684232250428, 1.0033114003082244, 0.9501363502901697, 0.8881576771261499, 0.8190245820951066, 0.7445024253308579, 0.6664387737375983, 0.586694105692649, 0.507087993383098, 0.4293658533002207, 0.3551222337550088, 0.2857156478595232, 0.22223098921080017, 0.1654653818253423, 0.1159239575947568, 0.07385355794471707, 0.039292044119895106, 0.01207647844197222, -0.008171847632716655, -0.022049294023678147, -0.030337932745028873, -0.03396795660405507, -0.03397536369171672, -0.031430968665192016, -0.027356784042395516, -0.022639660528559404, -0.017962215942832673, -0.01378192513264009, -0.010344995432104374, -0.007714664771739511, -0.005822901733958344, -0.004538502942067768, -0.003726504760603089, -0.0032817073282937438, -0.0015702419180584459], 'E': [-0.0, -0.0, -0.0, -0.0, -0.0, -0.0, -0.0, -0.0, -0.0, -0.0, -0.0, -0.0, -0.0, -0.0, -0.0, -0.0, -0.0, -0.0, -0.0, -0.0, -0.0, -0.0, -0.0, -0.0, -0.0, -0.0, -0.0, -0.0, -0.0, -0.0, -0.0, -0.0, -0.0, -0.0, -0.0, -0.0, -0.0, -0.0, -0.0, -0.0, -0.0, -0.0, -0.0, -0.0, -0.0, -0.0, -0.0, -0.0, -0.0, -0.0, -0.0, -0.0, -0.0, -0.0, -0.0, -0.0, -0.0, -0.0, -0.0, -0.0, -0.0, -0.0, -0.0, -0.0, -0.0, -0.0, -0.0, -0.0, -0.0, -0.0, -0.0, -0.0, -0.0, -0.0, -0.0, -0.0, -0.0, -0.0, -0.0, -0.0, -0.0, -0.0, -0.0, -0.0, -0.0, -0.0, -0.0, -0.0, -0.0, -0.0, -0.0, -0.0, -0.0, -0.0, -0.0, -0.0, -0.0, -0.0, -0.0, -0.0]},
  'fname_print': '/media/rafael/DATA/Dropbox/20220924_FIML_solver/data/output/field_inversion/Beta_k/u_imp_1000/FI_run_Jimenez_Re4200_u_imp_1000_k_imp_1_e_imp_0/FI_run_Jimenez_Re4200_u_imp_1000_k_imp_1_e_imp_0.log',
  'folder': '/media/rafael/DATA/Dropbox/20220924_FIML_solver/data/output/field_inversion/Beta_k/u_imp_1000/FI_run_Jimenez_Re4200_u_imp_1000_k_imp_1_e_imp_0',
  'iters_limit': 15000}
# End_Input_Arguments

# ------------------------------------------------------------------------
#                  Iterations
# ------------------------------------------------------------------------

iter:      0 (Jcost: 1.236812e+01) (lr = 1.000e-03) (elapsed time:  0.000) (secs/iter:   None) (n_accepted: 0%) (u_error:  2.310483 %) (beta_change: 19.245909 %) (delta_change: 14.730669 %) (delta_peak/R:  0.000000 %)
-> Saved file: /media/rafael/DATA/Dropbox/20220924_FIML_solver/data/output/field_inversion/Beta_k/u_imp_1000/FI_run_Jimenez_Re4200_u_imp_1000_k_imp_1_e_imp_0/FI_run_Jimenez_Re4200_u_imp_1000_k_imp_1_e_imp_0_state_iter_0.dat
iter:    100 (Jcost: 7.019103e-01) (lr = 1.242e-04) (elapsed time: 267.473) (secs/iter:  2.675) (n_accepted: 77%) (u_error:  0.899558 %) (beta_change: 18.896348 %) (delta_change: 14.488075 %) (delta_peak/R:  5.300803 %)
iter:    200 (Jcost: 4.953710e-01) (lr = 1.474e-03) (elapsed time: 505.772) (secs/iter:  2.383) (n_accepted: 82%) (u_error:  0.814783 %) (beta_change: 14.746238 %) (delta_change: 11.540839 %) (delta_peak/R:  6.613522 %)
iter:    300 (Jcost: 4.237413e-01) (lr = 5.271e-04) (elapsed time: 722.786) (secs/iter:  2.170) (n_accepted: 78%) (u_error:  0.776781 %) (beta_change: 12.773016 %) (delta_change: 10.098325 %) (delta_peak/R:  7.529778 %)
iter:    400 (Jcost: 3.598592e-01) (lr = 1.885e-04) (elapsed time: 865.472) (secs/iter:  1.427) (n_accepted: 78%) (u_error:  0.728554 %) (beta_change: 10.466046 %) (delta_change:  8.373047 %) (delta_peak/R:  8.529253 %)
iter:    500 (Jcost: 3.132471e-01) (lr = 1.618e-04) (elapsed time: 1010.438) (secs/iter:  1.450) (n_accepted: 79%) (u_error:  0.685341 %) (beta_change:  8.702296 %) (delta_change:  6.773826 %) (delta_peak/R:  9.402972 %)
-> Saved file: /media/rafael/DATA/Dropbox/20220924_FIML_solver/data/output/field_inversion/Beta_k/u_imp_1000/FI_run_Jimenez_Re4200_u_imp_1000_k_imp_1_e_imp_0/FI_run_Jimenez_Re4200_u_imp_1000_k_imp_1_e_imp_0_state_iter_500.dat
iter:    600 (Jcost: 2.963303e-01) (lr = 8.001e-04) (elapsed time: 1156.677) (secs/iter:  1.462) (n_accepted: 81%) (u_error:  0.666560 %) (beta_change:  8.061065 %) (delta_change:  6.083052 %) (delta_peak/R:  9.753280 %)
iter:    700 (Jcost: 2.803241e-01) (lr = 2.862e-04) (elapsed time: 1280.459) (secs/iter:  1.238) (n_accepted: 78%) (u_error:  0.646819 %) (beta_change:  7.331500 %) (delta_change:  5.333825 %) (delta_peak/R: 10.118922 %)
iter:    800 (Jcost: 2.681152e-01) (lr = 2.457e-04) (elapsed time: 1400.941) (secs/iter:  1.205) (n_accepted: 79%) (u_error:  0.629800 %) (beta_change:  6.650599 %) (delta_change:  4.675477 %) (delta_peak/R: 10.420561 %)
iter:    900 (Jcost: 2.593078e-01) (lr = 8.786e-05) (elapsed time: 1559.930) (secs/iter:  1.590) (n_accepted: 78%) (u_error:  0.615754 %) (beta_change:  6.050075 %) (delta_change:  4.214085 %) (delta_peak/R: 10.646654 %)
iter:   1000 (Jcost: 2.528194e-01) (lr = 1.810e-04) (elapsed time: 1748.008) (secs/iter:  1.881) (n_accepted: 80%) (u_error:  0.603930 %) (beta_change:  5.828065 %) (delta_change:  3.849011 %) (delta_peak/R: 11.050611 %)
-> Saved file: /media/rafael/DATA/Dropbox/20220924_FIML_solver/data/output/field_inversion/Beta_k/u_imp_1000/FI_run_Jimenez_Re4200_u_imp_1000_k_imp_1_e_imp_0/FI_run_Jimenez_Re4200_u_imp_1000_k_imp_1_e_imp_0_state_iter_1000.dat
iter:   1100 (Jcost: 2.483888e-01) (lr = 5.155e-03) (elapsed time: 1939.136) (secs/iter:  1.911) (n_accepted: 83%) (u_error:  0.595796 %) (beta_change:  5.680415 %) (delta_change:  3.555501 %) (delta_peak/R: 11.382895 %)
iter:   1200 (Jcost: 2.459571e-01) (lr = 1.844e-03) (elapsed time: 2120.661) (secs/iter:  1.815) (n_accepted: 78%) (u_error:  0.590621 %) (beta_change:  5.724347 %) (delta_change:  3.369958 %) (delta_peak/R: 11.577651 %)
iter:   1300 (Jcost: 2.429535e-01) (lr = 1.145e-04) (elapsed time: 2306.336) (secs/iter:  1.857) (n_accepted: 76%) (u_error:  0.583945 %) (beta_change:  5.951771 %) (delta_change:  3.109150 %) (delta_peak/R: 11.829483 %)
iter:   1400 (Jcost: 2.410555e-01) (lr = 9.828e-05) (elapsed time: 2494.862) (secs/iter:  1.885) (n_accepted: 79%) (u_error:  0.579774 %) (beta_change:  6.130636 %) (delta_change:  2.923923 %) (delta_peak/R: 11.988972 %)
iter:   1500 (Jcost: 2.394134e-01) (lr = 1.166e-03) (elapsed time: 2667.437) (secs/iter:  1.726) (n_accepted: 82%) (u_error:  0.576157 %) (beta_change:  6.320857 %) (delta_change:  2.846689 %) (delta_peak/R: 12.127810 %)
-> Saved file: /media/rafael/DATA/Dropbox/20220924_FIML_solver/data/output/field_inversion/Beta_k/u_imp_1000/FI_run_Jimenez_Re4200_u_imp_1000_k_imp_1_e_imp_0/FI_run_Jimenez_Re4200_u_imp_1000_k_imp_1_e_imp_0_state_iter_1500.dat
iter:   1600 (Jcost: 2.382563e-01) (lr = 2.403e-03) (elapsed time: 2850.916) (secs/iter:  1.835) (n_accepted: 80%) (u_error:  0.573366 %) (beta_change:  6.469575 %) (delta_change:  2.802453 %) (delta_peak/R: 12.217647 %)
iter:   1700 (Jcost: 2.373348e-01) (lr = 3.581e-04) (elapsed time: 2980.544) (secs/iter:  1.296) (n_accepted: 77%) (u_error:  0.571299 %) (beta_change:  6.607881 %) (delta_change:  2.762651 %) (delta_peak/R: 12.286539 %)
iter:   1800 (Jcost: 2.364279e-01) (lr = 3.074e-04) (elapsed time: 3087.889) (secs/iter:  1.073) (n_accepted: 79%) (u_error:  0.569316 %) (beta_change:  6.760683 %) (delta_change:  2.726609 %) (delta_peak/R: 12.348767 %)
iter:   1900 (Jcost: 2.356608e-01) (lr = 1.099e-04) (elapsed time: 3211.421) (secs/iter:  1.235) (n_accepted: 78%) (u_error:  0.567708 %) (beta_change:  6.904999 %) (delta_change:  2.784641 %) (delta_peak/R: 12.395652 %)
iter:   2000 (Jcost: 2.349762e-01) (lr = 3.131e-03) (elapsed time: 3369.988) (secs/iter:  1.586) (n_accepted: 83%) (u_error:  0.566333 %) (beta_change:  7.047197 %) (delta_change:  2.841695 %) (delta_peak/R: 12.432131 %)
-> Saved file: /media/rafael/DATA/Dropbox/20220924_FIML_solver/data/output/field_inversion/Beta_k/u_imp_1000/FI_run_Jimenez_Re4200_u_imp_1000_k_imp_1_e_imp_0/FI_run_Jimenez_Re4200_u_imp_1000_k_imp_1_e_imp_0_state_iter_2000.dat
iter:   2100 (Jcost: 2.343853e-01) (lr = 2.687e-03) (elapsed time: 3489.667) (secs/iter:  1.197) (n_accepted: 79%) (u_error:  0.565336 %) (beta_change:  7.180047 %) (delta_change:  2.894792 %) (delta_peak/R: 12.457725 %)
iter:   2200 (Jcost: 2.337920e-01) (lr = 9.612e-04) (elapsed time: 3589.623) (secs/iter:  1.000) (n_accepted: 78%) (u_error:  0.564315 %) (beta_change:  7.325492 %) (delta_change:  2.952866 %) (delta_peak/R: 12.478738 %)
iter:   2300 (Jcost: 2.333173e-01) (lr = 1.432e-04) (elapsed time: 3691.998) (secs/iter:  1.024) (n_accepted: 77%) (u_error:  0.563597 %) (beta_change:  7.450825 %) (delta_change:  3.002772 %) (delta_peak/R: 12.490941 %)
iter:   2400 (Jcost: 2.328990e-01) (lr = 4.080e-03) (elapsed time: 3789.976) (secs/iter:  0.980) (n_accepted: 83%) (u_error:  0.563053 %) (beta_change:  7.568771 %) (delta_change:  3.049616 %) (delta_peak/R: 12.498146 %)
iter:   2500 (Jcost: 2.324753e-01) (lr = 6.080e-04) (elapsed time: 3888.330) (secs/iter:  0.984) (n_accepted: 77%) (u_error:  0.562467 %) (beta_change:  7.695115 %) (delta_change:  3.099778 %) (delta_peak/R: 12.502564 %)
-> Saved file: /media/rafael/DATA/Dropbox/20220924_FIML_solver/data/output/field_inversion/Beta_k/u_imp_1000/FI_run_Jimenez_Re4200_u_imp_1000_k_imp_1_e_imp_0/FI_run_Jimenez_Re4200_u_imp_1000_k_imp_1_e_imp_0_state_iter_2500.dat
iter:   2600 (Jcost: 2.321069e-01) (lr = 5.219e-04) (elapsed time: 3990.527) (secs/iter:  1.022) (n_accepted: 79%) (u_error:  0.562029 %) (beta_change:  7.811758 %) (delta_change:  3.145980 %) (delta_peak/R: 12.503277 %)
iter:   2700 (Jcost: 2.317676e-01) (lr = 6.193e-03) (elapsed time: 4086.300) (secs/iter:  0.958) (n_accepted: 82%) (u_error:  0.561629 %) (beta_change:  7.924966 %) (delta_change:  3.190776 %) (delta_peak/R: 12.501685 %)
iter:   2800 (Jcost: 2.314592e-01) (lr = 5.316e-03) (elapsed time: 4182.780) (secs/iter:  0.965) (n_accepted: 79%) (u_error:  0.561345 %) (beta_change:  8.032771 %) (delta_change:  3.233326 %) (delta_peak/R: 12.498038 %)
iter:   2900 (Jcost: 2.311531e-01) (lr = 7.922e-04) (elapsed time: 4283.116) (secs/iter:  1.003) (n_accepted: 77%) (u_error:  0.561046 %) (beta_change:  8.144989 %) (delta_change:  3.277596 %) (delta_peak/R: 12.492786 %)
iter:   3000 (Jcost: 2.308933e-01) (lr = 4.919e-05) (elapsed time: 4383.166) (secs/iter:  1.001) (n_accepted: 76%) (u_error:  0.560874 %) (beta_change:  8.244342 %) (delta_change:  3.316681 %) (delta_peak/R: 12.486591 %)
-> Saved file: /media/rafael/DATA/Dropbox/20220924_FIML_solver/data/output/field_inversion/Beta_k/u_imp_1000/FI_run_Jimenez_Re4200_u_imp_1000_k_imp_1_e_imp_0/FI_run_Jimenez_Re4200_u_imp_1000_k_imp_1_e_imp_0_state_iter_3000.dat
iter:   3100 (Jcost: 2.306405e-01) (lr = 3.362e-03) (elapsed time: 4473.734) (secs/iter:  0.906) (n_accepted: 84%) (u_error:  0.560662 %) (beta_change:  8.344816 %) (delta_change:  3.356219 %) (delta_peak/R: 12.479604 %)
iter:   3200 (Jcost: 2.304336e-01) (lr = 5.011e-04) (elapsed time: 4572.033) (secs/iter:  0.983) (n_accepted: 77%) (u_error:  0.560495 %) (beta_change:  8.430221 %) (delta_change:  3.389795 %) (delta_peak/R: 12.473008 %)
iter:   3300 (Jcost: 2.301945e-01) (lr = 4.301e-04) (elapsed time: 4668.383) (secs/iter:  0.963) (n_accepted: 79%) (u_error:  0.560392 %) (beta_change:  8.532243 %) (delta_change:  3.429787 %) (delta_peak/R: 12.464128 %)
iter:   3400 (Jcost: 2.299601e-01) (lr = 1.538e-04) (elapsed time: 4761.537) (secs/iter:  0.932) (n_accepted: 78%) (u_error:  0.560237 %) (beta_change:  8.635856 %) (delta_change:  3.470423 %) (delta_peak/R: 12.454779 %)
iter:   3500 (Jcost: 2.297421e-01) (lr = 1.321e-04) (elapsed time: 4859.199) (secs/iter:  0.977) (n_accepted: 79%) (u_error:  0.560130 %) (beta_change:  8.735882 %) (delta_change:  3.509583 %) (delta_peak/R: 12.445158 %)
-> Saved file: /media/rafael/DATA/Dropbox/20220924_FIML_solver/data/output/field_inversion/Beta_k/u_imp_1000/FI_run_Jimenez_Re4200_u_imp_1000_k_imp_1_e_imp_0/FI_run_Jimenez_Re4200_u_imp_1000_k_imp_1_e_imp_0_state_iter_3500.dat
iter:   3600 (Jcost: 2.295602e-01) (lr = 1.567e-03) (elapsed time: 4957.649) (secs/iter:  0.985) (n_accepted: 82%) (u_error:  0.560120 %) (beta_change:  8.824143 %) (delta_change:  3.544026 %) (delta_peak/R: 12.436058 %)
iter:   3700 (Jcost: 2.294052e-01) (lr = 3.228e-03) (elapsed time: 5051.215) (secs/iter:  0.936) (n_accepted: 80%) (u_error:  0.559967 %) (beta_change:  8.897145 %) (delta_change:  3.572646 %) (delta_peak/R: 12.428994 %)
iter:   3800 (Jcost: 2.292345e-01) (lr = 1.155e-03) (elapsed time: 5138.588) (secs/iter:  0.874) (n_accepted: 78%) (u_error:  0.559879 %) (beta_change:  8.982109 %) (delta_change:  3.605845 %) (delta_peak/R: 12.420293 %)
iter:   3900 (Jcost: 2.290806e-01) (lr = 4.130e-04) (elapsed time: 5235.460) (secs/iter:  0.969) (n_accepted: 78%) (u_error:  0.559814 %) (beta_change:  9.060680 %) (delta_change:  3.636511 %) (delta_peak/R: 12.412102 %)
iter:   4000 (Jcost: 2.289064e-01) (lr = 3.545e-04) (elapsed time: 5326.628) (secs/iter:  0.912) (n_accepted: 79%) (u_error:  0.559816 %) (beta_change:  9.152990 %) (delta_change:  3.672430 %) (delta_peak/R: 12.402109 %)
-> Saved file: /media/rafael/DATA/Dropbox/20220924_FIML_solver/data/output/field_inversion/Beta_k/u_imp_1000/FI_run_Jimenez_Re4200_u_imp_1000_k_imp_1_e_imp_0/FI_run_Jimenez_Re4200_u_imp_1000_k_imp_1_e_imp_0_state_iter_4000.dat
iter:   4100 (Jcost: 2.287856e-01) (lr = 1.753e-03) (elapsed time: 5418.611) (secs/iter:  0.920) (n_accepted: 81%) (u_error:  0.559712 %) (beta_change:  9.216531 %) (delta_change:  3.697254 %) (delta_peak/R: 12.395664 %)
iter:   4200 (Jcost: 2.286548e-01) (lr = 4.535e-05) (elapsed time: 5514.414) (secs/iter:  0.958) (n_accepted: 75%) (u_error:  0.559680 %) (beta_change:  9.287901 %) (delta_change:  3.725030 %) (delta_peak/R: 12.388085 %)
iter:   4300 (Jcost: 2.285313e-01) (lr = 3.100e-03) (elapsed time: 5609.595) (secs/iter:  0.952) (n_accepted: 84%) (u_error:  0.559741 %) (beta_change:  9.360293 %) (delta_change:  3.753084 %) (delta_peak/R: 12.380044 %)
iter:   4400 (Jcost: 2.284327e-01) (lr = 1.109e-03) (elapsed time: 5701.134) (secs/iter:  0.915) (n_accepted: 78%) (u_error:  0.559595 %) (beta_change:  9.412042 %) (delta_change:  3.773339 %) (delta_peak/R: 12.375112 %)
iter:   4500 (Jcost: 2.283062e-01) (lr = 9.517e-04) (elapsed time: 5795.448) (secs/iter:  0.943) (n_accepted: 79%) (u_error:  0.559573 %) (beta_change:  9.484608 %) (delta_change:  3.801525 %) (delta_peak/R: 12.367493 %)
-> Saved file: /media/rafael/DATA/Dropbox/20220924_FIML_solver/data/output/field_inversion/Beta_k/u_imp_1000/FI_run_Jimenez_Re4200_u_imp_1000_k_imp_1_e_imp_0/FI_run_Jimenez_Re4200_u_imp_1000_k_imp_1_e_imp_0_state_iter_4500.dat
iter:   4600 (Jcost: 2.281782e-01) (lr = 3.404e-04) (elapsed time: 5882.245) (secs/iter:  0.868) (n_accepted: 78%) (u_error:  0.559520 %) (beta_change:  9.559195 %) (delta_change:  3.830513 %) (delta_peak/R: 12.359858 %)
iter:   4700 (Jcost: 2.280751e-01) (lr = 7.012e-04) (elapsed time: 5976.313) (secs/iter:  0.941) (n_accepted: 80%) (u_error:  0.559605 %) (beta_change:  9.624249 %) (delta_change:  3.855629 %) (delta_peak/R: 12.352734 %)
iter:   4800 (Jcost: 2.279989e-01) (lr = 6.019e-04) (elapsed time: 6064.870) (secs/iter:  0.886) (n_accepted: 79%) (u_error:  0.559469 %) (beta_change:  9.665973 %) (delta_change:  3.871952 %) (delta_peak/R: 12.348995 %)
iter:   4900 (Jcost: 2.278680e-01) (lr = 8.971e-05) (elapsed time: 6156.750) (secs/iter:  0.919) (n_accepted: 77%) (u_error:  0.559439 %) (beta_change:  9.745489 %) (delta_change:  3.902779 %) (delta_peak/R: 12.341011 %)
iter:   5000 (Jcost: 2.277570e-01) (lr = 1.848e-04) (elapsed time: 6240.947) (secs/iter:  0.842) (n_accepted: 80%) (u_error:  0.559460 %) (beta_change:  9.814698 %) (delta_change:  3.929537 %) (delta_peak/R: 12.333976 %)
-> Saved file: /media/rafael/DATA/Dropbox/20220924_FIML_solver/data/output/field_inversion/Beta_k/u_imp_1000/FI_run_Jimenez_Re4200_u_imp_1000_k_imp_1_e_imp_0/FI_run_Jimenez_Re4200_u_imp_1000_k_imp_1_e_imp_0_state_iter_5000.dat
iter:   5100 (Jcost: 2.276625e-01) (lr = 2.193e-03) (elapsed time: 6334.771) (secs/iter:  0.938) (n_accepted: 82%) (u_error:  0.559369 %) (beta_change:  9.872922 %) (delta_change:  3.952166 %) (delta_peak/R: 12.328591 %)
iter:   5200 (Jcost: 2.275833e-01) (lr = 3.268e-04) (elapsed time: 6424.702) (secs/iter:  0.899) (n_accepted: 77%) (u_error:  0.559364 %) (beta_change:  9.922727 %) (delta_change:  3.971426 %) (delta_peak/R: 12.323750 %)
iter:   5300 (Jcost: 2.274998e-01) (lr = 1.169e-04) (elapsed time: 6513.480) (secs/iter:  0.888) (n_accepted: 78%) (u_error:  0.559353 %) (beta_change:  9.975778 %) (delta_change:  3.991939 %) (delta_peak/R: 12.318683 %)
iter:   5400 (Jcost: 2.274239e-01) (lr = 3.329e-03) (elapsed time: 6600.292) (secs/iter:  0.868) (n_accepted: 83%) (u_error:  0.559329 %) (beta_change: 10.024390 %) (delta_change:  4.010745 %) (delta_peak/R: 12.314161 %)
iter:   5500 (Jcost: 2.273427e-01) (lr = 2.858e-03) (elapsed time: 6685.065) (secs/iter:  0.848) (n_accepted: 79%) (u_error:  0.559297 %) (beta_change: 10.076870 %) (delta_change:  4.031047 %) (delta_peak/R: 12.309374 %)
-> Saved file: /media/rafael/DATA/Dropbox/20220924_FIML_solver/data/output/field_inversion/Beta_k/u_imp_1000/FI_run_Jimenez_Re4200_u_imp_1000_k_imp_1_e_imp_0/FI_run_Jimenez_Re4200_u_imp_1000_k_imp_1_e_imp_0_state_iter_5500.dat
iter:   5600 (Jcost: 2.272761e-01) (lr = 1.022e-03) (elapsed time: 6774.296) (secs/iter:  0.892) (n_accepted: 78%) (u_error:  0.559296 %) (beta_change: 10.120107 %) (delta_change:  4.047735 %) (delta_peak/R: 12.305379 %)
iter:   5700 (Jcost: 2.271848e-01) (lr = 3.656e-04) (elapsed time: 6860.379) (secs/iter:  0.861) (n_accepted: 78%) (u_error:  0.559280 %) (beta_change: 10.179862 %) (delta_change:  4.070804 %) (delta_peak/R: 12.299994 %)
iter:   5800 (Jcost: 2.271149e-01) (lr = 1.308e-04) (elapsed time: 6946.587) (secs/iter:  0.862) (n_accepted: 78%) (u_error:  0.559255 %) (beta_change: 10.226001 %) (delta_change:  4.088625 %) (delta_peak/R: 12.295960 %)
iter:   5900 (Jcost: 2.270596e-01) (lr = 6.465e-04) (elapsed time: 7028.713) (secs/iter:  0.821) (n_accepted: 81%) (u_error:  0.559244 %) (beta_change: 10.262575 %) (delta_change:  4.102735 %) (delta_peak/R: 12.292767 %)
iter:   6000 (Jcost: 2.269868e-01) (lr = 4.014e-05) (elapsed time: 7116.423) (secs/iter:  0.877) (n_accepted: 76%) (u_error:  0.559239 %) (beta_change: 10.311065 %) (delta_change:  4.121423 %) (delta_peak/R: 12.288550 %)
-> Saved file: /media/rafael/DATA/Dropbox/20220924_FIML_solver/data/output/field_inversion/Beta_k/u_imp_1000/FI_run_Jimenez_Re4200_u_imp_1000_k_imp_1_e_imp_0/FI_run_Jimenez_Re4200_u_imp_1000_k_imp_1_e_imp_0_state_iter_6000.dat
iter:   6100 (Jcost: 2.269126e-01) (lr = 1.143e-03) (elapsed time: 7198.075) (secs/iter:  0.817) (n_accepted: 83%) (u_error:  0.559281 %) (beta_change: 10.362081 %) (delta_change:  4.141016 %) (delta_peak/R: 12.283988 %)
iter:   6200 (Jcost: 2.268557e-01) (lr = 9.814e-04) (elapsed time: 7282.759) (secs/iter:  0.847) (n_accepted: 79%) (u_error:  0.559219 %) (beta_change: 10.399014 %) (delta_change:  4.155312 %) (delta_peak/R: 12.281109 %)
iter:   6300 (Jcost: 2.267983e-01) (lr = 3.510e-04) (elapsed time: 7370.063) (secs/iter:  0.873) (n_accepted: 78%) (u_error:  0.559278 %) (beta_change: 10.440019 %) (delta_change:  4.171015 %) (delta_peak/R: 12.277439 %)
iter:   6400 (Jcost: 2.267533e-01) (lr = 1.255e-04) (elapsed time: 7455.807) (secs/iter:  0.857) (n_accepted: 78%) (u_error:  0.559191 %) (beta_change: 10.468070 %) (delta_change:  4.181918 %) (delta_peak/R: 12.275476 %)
iter:   6500 (Jcost: 2.266811e-01) (lr = 6.207e-04) (elapsed time: 7534.007) (secs/iter:  0.782) (n_accepted: 81%) (u_error:  0.559221 %) (beta_change: 10.517888 %) (delta_change:  4.201036 %) (delta_peak/R: 12.271281 %)
-> Saved file: /media/rafael/DATA/Dropbox/20220924_FIML_solver/data/output/field_inversion/Beta_k/u_imp_1000/FI_run_Jimenez_Re4200_u_imp_1000_k_imp_1_e_imp_0/FI_run_Jimenez_Re4200_u_imp_1000_k_imp_1_e_imp_0_state_iter_6500.dat
iter:   6600 (Jcost: 2.266183e-01) (lr = 3.069e-03) (elapsed time: 7611.593) (secs/iter:  0.776) (n_accepted: 81%) (u_error:  0.559134 %) (beta_change: 10.559876 %) (delta_change:  4.217289 %) (delta_peak/R: 12.268260 %)
iter:   6700 (Jcost: 2.265554e-01) (lr = 4.574e-04) (elapsed time: 7691.840) (secs/iter:  0.802) (n_accepted: 77%) (u_error:  0.559148 %) (beta_change: 10.602562 %) (delta_change:  4.233672 %) (delta_peak/R: 12.264819 %)
iter:   6800 (Jcost: 2.265018e-01) (lr = 3.926e-04) (elapsed time: 7775.063) (secs/iter:  0.832) (n_accepted: 79%) (u_error:  0.559129 %) (beta_change: 10.639138 %) (delta_change:  4.247747 %) (delta_peak/R: 12.262042 %)
iter:   6900 (Jcost: 2.264434e-01) (lr = 5.851e-05) (elapsed time: 7855.517) (secs/iter:  0.805) (n_accepted: 77%) (u_error:  0.559123 %) (beta_change: 10.679065 %) (delta_change:  4.263085 %) (delta_peak/R: 12.258986 %)
iter:   7000 (Jcost: 2.263949e-01) (lr = 2.893e-04) (elapsed time: 7936.713) (secs/iter:  0.812) (n_accepted: 81%) (u_error:  0.559064 %) (beta_change: 10.712983 %) (delta_change:  4.276183 %) (delta_peak/R: 12.256649 %)
-> Saved file: /media/rafael/DATA/Dropbox/20220924_FIML_solver/data/output/field_inversion/Beta_k/u_imp_1000/FI_run_Jimenez_Re4200_u_imp_1000_k_imp_1_e_imp_0/FI_run_Jimenez_Re4200_u_imp_1000_k_imp_1_e_imp_0_state_iter_7000.dat
iter:   7100 (Jcost: 2.263530e-01) (lr = 1.430e-03) (elapsed time: 8016.745) (secs/iter:  0.800) (n_accepted: 81%) (u_error:  0.559092 %) (beta_change: 10.740942 %) (delta_change:  4.286873 %) (delta_peak/R: 12.254431 %)
iter:   7200 (Jcost: 2.263006e-01) (lr = 2.132e-04) (elapsed time: 8099.629) (secs/iter:  0.829) (n_accepted: 77%) (u_error:  0.559085 %) (beta_change: 10.776824 %) (delta_change:  4.300646 %) (delta_peak/R: 12.251785 %)
iter:   7300 (Jcost: 2.262497e-01) (lr = 1.830e-04) (elapsed time: 8179.555) (secs/iter:  0.799) (n_accepted: 79%) (u_error:  0.559074 %) (beta_change: 10.811667 %) (delta_change:  4.314022 %) (delta_peak/R: 12.249270 %)
iter:   7400 (Jcost: 2.262034e-01) (lr = 6.545e-05) (elapsed time: 8260.090) (secs/iter:  0.805) (n_accepted: 78%) (u_error:  0.559079 %) (beta_change: 10.843347 %) (delta_change:  4.326159 %) (delta_peak/R: 12.246946 %)
iter:   7500 (Jcost: 2.261562e-01) (lr = 1.348e-04) (elapsed time: 8339.716) (secs/iter:  0.796) (n_accepted: 80%) (u_error:  0.559072 %) (beta_change: 10.875627 %) (delta_change:  4.338539 %) (delta_peak/R: 12.244654 %)
-> Saved file: /media/rafael/DATA/Dropbox/20220924_FIML_solver/data/output/field_inversion/Beta_k/u_imp_1000/FI_run_Jimenez_Re4200_u_imp_1000_k_imp_1_e_imp_0/FI_run_Jimenez_Re4200_u_imp_1000_k_imp_1_e_imp_0_state_iter_7500.dat
iter:   7600 (Jcost: 2.261056e-01) (lr = 9.216e-03) (elapsed time: 8412.941) (secs/iter:  0.732) (n_accepted: 84%) (u_error:  0.559024 %) (beta_change: 10.910492 %) (delta_change:  4.351962 %) (delta_peak/R: 12.242375 %)
iter:   7700 (Jcost: 2.260700e-01) (lr = 1.373e-03) (elapsed time: 8492.783) (secs/iter:  0.798) (n_accepted: 77%) (u_error:  0.559037 %) (beta_change: 10.934557 %) (delta_change:  4.361161 %) (delta_peak/R: 12.240631 %)
iter:   7800 (Jcost: 2.260232e-01) (lr = 4.912e-04) (elapsed time: 8567.623) (secs/iter:  0.748) (n_accepted: 78%) (u_error:  0.559054 %) (beta_change: 10.966502 %) (delta_change:  4.373369 %) (delta_peak/R: 12.238338 %)
iter:   7900 (Jcost: 2.259788e-01) (lr = 7.320e-05) (elapsed time: 8649.700) (secs/iter:  0.821) (n_accepted: 77%) (u_error:  0.559030 %) (beta_change: 10.996643 %) (delta_change:  4.384939 %) (delta_peak/R: 12.236358 %)
iter:   8000 (Jcost: 2.259487e-01) (lr = 2.085e-03) (elapsed time: 8722.842) (secs/iter:  0.731) (n_accepted: 83%) (u_error:  0.559025 %) (beta_change: 11.017040 %) (delta_change:  4.392751 %) (delta_peak/R: 12.234986 %)
-> Saved file: /media/rafael/DATA/Dropbox/20220924_FIML_solver/data/output/field_inversion/Beta_k/u_imp_1000/FI_run_Jimenez_Re4200_u_imp_1000_k_imp_1_e_imp_0/FI_run_Jimenez_Re4200_u_imp_1000_k_imp_1_e_imp_0_state_iter_8000.dat
iter:   8100 (Jcost: 2.259047e-01) (lr = 3.107e-04) (elapsed time: 8800.929) (secs/iter:  0.781) (n_accepted: 77%) (u_error:  0.559017 %) (beta_change: 11.046930 %) (delta_change:  4.404198 %) (delta_peak/R: 12.232993 %)
iter:   8200 (Jcost: 2.258673e-01) (lr = 1.111e-04) (elapsed time: 8882.536) (secs/iter:  0.816) (n_accepted: 78%) (u_error:  0.559007 %) (beta_change: 11.072222 %) (delta_change:  4.413885 %) (delta_peak/R: 12.231337 %)
iter:   8300 (Jcost: 2.258286e-01) (lr = 9.539e-05) (elapsed time: 8959.609) (secs/iter:  0.771) (n_accepted: 79%) (u_error:  0.559001 %) (beta_change: 11.098324 %) (delta_change:  4.423874 %) (delta_peak/R: 12.229623 %)
iter:   8400 (Jcost: 2.257832e-01) (lr = 4.716e-04) (elapsed time: 9032.094) (secs/iter:  0.725) (n_accepted: 81%) (u_error:  0.558923 %) (beta_change: 11.130498 %) (delta_change:  4.436283 %) (delta_peak/R: 12.227819 %)
iter:   8500 (Jcost: 2.257526e-01) (lr = 2.332e-03) (elapsed time: 9108.994) (secs/iter:  0.769) (n_accepted: 81%) (u_error:  0.558992 %) (beta_change: 11.149381 %) (delta_change:  4.443402 %) (delta_peak/R: 12.226301 %)
-> Saved file: /media/rafael/DATA/Dropbox/20220924_FIML_solver/data/output/field_inversion/Beta_k/u_imp_1000/FI_run_Jimenez_Re4200_u_imp_1000_k_imp_1_e_imp_0/FI_run_Jimenez_Re4200_u_imp_1000_k_imp_1_e_imp_0_state_iter_8500.dat
iter:   8600 (Jcost: 2.257175e-01) (lr = 2.002e-03) (elapsed time: 9189.397) (secs/iter:  0.804) (n_accepted: 79%) (u_error:  0.558983 %) (beta_change: 11.172836 %) (delta_change:  4.452376 %) (delta_peak/R: 12.224814 %)
iter:   8700 (Jcost: 2.256871e-01) (lr = 7.160e-04) (elapsed time: 9265.178) (secs/iter:  0.758) (n_accepted: 78%) (u_error:  0.558974 %) (beta_change: 11.193070 %) (delta_change:  4.460118 %) (delta_peak/R: 12.223543 %)
iter:   8800 (Jcost: 2.256440e-01) (lr = 4.446e-05) (elapsed time: 9339.718) (secs/iter:  0.745) (n_accepted: 76%) (u_error:  0.558962 %) (beta_change: 11.221682 %) (delta_change:  4.471061 %) (delta_peak/R: 12.221756 %)
iter:   8900 (Jcost: 2.256150e-01) (lr = 3.039e-03) (elapsed time: 9410.682) (secs/iter:  0.710) (n_accepted: 84%) (u_error:  0.558960 %) (beta_change: 11.240853 %) (delta_change:  4.478384 %) (delta_peak/R: 12.220545 %)
iter:   9000 (Jcost: 2.255781e-01) (lr = 4.529e-04) (elapsed time: 9486.708) (secs/iter:  0.760) (n_accepted: 77%) (u_error:  0.558963 %) (beta_change: 11.265157 %) (delta_change:  4.487657 %) (delta_peak/R: 12.218995 %)
-> Saved file: /media/rafael/DATA/Dropbox/20220924_FIML_solver/data/output/field_inversion/Beta_k/u_imp_1000/FI_run_Jimenez_Re4200_u_imp_1000_k_imp_1_e_imp_0/FI_run_Jimenez_Re4200_u_imp_1000_k_imp_1_e_imp_0_state_iter_9000.dat
iter:   9100 (Jcost: 2.255478e-01) (lr = 1.620e-04) (elapsed time: 9567.764) (secs/iter:  0.811) (n_accepted: 78%) (u_error:  0.558936 %) (beta_change: 11.285098 %) (delta_change:  4.495306 %) (delta_peak/R: 12.217850 %)
iter:   9200 (Jcost: 2.255164e-01) (lr = 5.793e-05) (elapsed time: 9645.019) (secs/iter:  0.773) (n_accepted: 78%) (u_error:  0.558934 %) (beta_change: 11.305553 %) (delta_change:  4.503114 %) (delta_peak/R: 12.216578 %)
iter:   9300 (Jcost: 2.254858e-01) (lr = 1.650e-03) (elapsed time: 9720.892) (secs/iter:  0.759) (n_accepted: 83%) (u_error:  0.558882 %) (beta_change: 11.326407 %) (delta_change:  4.511143 %) (delta_peak/R: 12.215490 %)
iter:   9400 (Jcost: 2.254547e-01) (lr = 3.399e-03) (elapsed time: 9794.363) (secs/iter:  0.735) (n_accepted: 80%) (u_error:  0.558931 %) (beta_change: 11.345490 %) (delta_change:  4.518350 %) (delta_peak/R: 12.214107 %)
iter:   9500 (Jcost: 2.254301e-01) (lr = 5.065e-04) (elapsed time: 9870.405) (secs/iter:  0.760) (n_accepted: 77%) (u_error:  0.558929 %) (beta_change: 11.361312 %) (delta_change:  4.524387 %) (delta_peak/R: 12.213141 %)
-> Saved file: /media/rafael/DATA/Dropbox/20220924_FIML_solver/data/output/field_inversion/Beta_k/u_imp_1000/FI_run_Jimenez_Re4200_u_imp_1000_k_imp_1_e_imp_0/FI_run_Jimenez_Re4200_u_imp_1000_k_imp_1_e_imp_0_state_iter_9500.dat
iter:   9600 (Jcost: 2.254022e-01) (lr = 7.549e-05) (elapsed time: 9949.965) (secs/iter:  0.796) (n_accepted: 77%) (u_error:  0.558922 %) (beta_change: 11.379216 %) (delta_change:  4.531222 %) (delta_peak/R: 12.212066 %)
iter:   9700 (Jcost: 2.253739e-01) (lr = 3.732e-04) (elapsed time: 10023.173) (secs/iter:  0.732) (n_accepted: 81%) (u_error:  0.558899 %) (beta_change: 11.397350 %) (delta_change:  4.538167 %) (delta_peak/R: 12.211048 %)
iter:   9800 (Jcost: 2.253463e-01) (lr = 7.689e-04) (elapsed time: 10099.898) (secs/iter:  0.767) (n_accepted: 80%) (u_error:  0.558958 %) (beta_change: 11.415431 %) (delta_change:  4.544971 %) (delta_peak/R: 12.209704 %)
iter:   9900 (Jcost: 2.253146e-01) (lr = 9.124e-03) (elapsed time: 10170.612) (secs/iter:  0.707) (n_accepted: 82%) (u_error:  0.558862 %) (beta_change: 11.435389 %) (delta_change:  4.552716 %) (delta_peak/R: 12.208881 %)
iter:  10000 (Jcost: 2.252926e-01) (lr = 5.666e-04) (elapsed time: 10249.427) (secs/iter:  0.788) (n_accepted: 76%) (u_error:  0.558910 %) (beta_change: 11.448568 %) (delta_change:  4.557666 %) (delta_peak/R: 12.207888 %)
-> Saved file: /media/rafael/DATA/Dropbox/20220924_FIML_solver/data/output/field_inversion/Beta_k/u_imp_1000/FI_run_Jimenez_Re4200_u_imp_1000_k_imp_1_e_imp_0/FI_run_Jimenez_Re4200_u_imp_1000_k_imp_1_e_imp_0_state_iter_10000.dat
iter:  10100 (Jcost: 2.252677e-01) (lr = 2.026e-04) (elapsed time: 10330.334) (secs/iter:  0.809) (n_accepted: 78%) (u_error:  0.558848 %) (beta_change: 11.464920 %) (delta_change:  4.563984 %) (delta_peak/R: 12.207148 %)
iter:  10200 (Jcost: 2.252384e-01) (lr = 5.771e-03) (elapsed time: 10399.626) (secs/iter:  0.693) (n_accepted: 83%) (u_error:  0.558909 %) (beta_change: 11.482317 %) (delta_change:  4.570519 %) (delta_peak/R: 12.205850 %)
iter:  10300 (Jcost: 2.252201e-01) (lr = 8.601e-04) (elapsed time: 10476.593) (secs/iter:  0.770) (n_accepted: 77%) (u_error:  0.558882 %) (beta_change: 11.493569 %) (delta_change:  4.574843 %) (delta_peak/R: 12.205282 %)
iter:  10400 (Jcost: 2.251946e-01) (lr = 7.383e-04) (elapsed time: 10551.395) (secs/iter:  0.748) (n_accepted: 79%) (u_error:  0.558886 %) (beta_change: 11.509168 %) (delta_change:  4.580775 %) (delta_peak/R: 12.204328 %)
iter:  10500 (Jcost: 2.251688e-01) (lr = 2.641e-04) (elapsed time: 10623.317) (secs/iter:  0.719) (n_accepted: 78%) (u_error:  0.558879 %) (beta_change: 11.524931 %) (delta_change:  4.586784 %) (delta_peak/R: 12.203408 %)
-> Saved file: /media/rafael/DATA/Dropbox/20220924_FIML_solver/data/output/field_inversion/Beta_k/u_imp_1000/FI_run_Jimenez_Re4200_u_imp_1000_k_imp_1_e_imp_0/FI_run_Jimenez_Re4200_u_imp_1000_k_imp_1_e_imp_0_state_iter_10500.dat
iter:  10600 (Jcost: 2.251434e-01) (lr = 9.445e-05) (elapsed time: 10703.033) (secs/iter:  0.797) (n_accepted: 78%) (u_error:  0.558879 %) (beta_change: 11.540280 %) (delta_change:  4.592626 %) (delta_peak/R: 12.202488 %)
iter:  10700 (Jcost: 2.251213e-01) (lr = 1.946e-04) (elapsed time: 10779.428) (secs/iter:  0.764) (n_accepted: 80%) (u_error:  0.558838 %) (beta_change: 11.553939 %) (delta_change:  4.597884 %) (delta_peak/R: 12.201837 %)
iter:  10800 (Jcost: 2.250995e-01) (lr = 5.541e-03) (elapsed time: 10852.039) (secs/iter:  0.726) (n_accepted: 83%) (u_error:  0.558905 %) (beta_change: 11.566931 %) (delta_change:  4.602726 %) (delta_peak/R: 12.200786 %)
iter:  10900 (Jcost: 2.250786e-01) (lr = 1.982e-03) (elapsed time: 10918.246) (secs/iter:  0.662) (n_accepted: 78%) (u_error:  0.558863 %) (beta_change: 11.578984 %) (delta_change:  4.607372 %) (delta_peak/R: 12.200233 %)
iter:  11000 (Jcost: 2.250586e-01) (lr = 7.089e-04) (elapsed time: 10994.923) (secs/iter:  0.767) (n_accepted: 78%) (u_error:  0.558861 %) (beta_change: 11.590788 %) (delta_change:  4.611864 %) (delta_peak/R: 12.199535 %)
-> Saved file: /media/rafael/DATA/Dropbox/20220924_FIML_solver/data/output/field_inversion/Beta_k/u_imp_1000/FI_run_Jimenez_Re4200_u_imp_1000_k_imp_1_e_imp_0/FI_run_Jimenez_Re4200_u_imp_1000_k_imp_1_e_imp_0_state_iter_11000.dat
iter:  11100 (Jcost: 2.250335e-01) (lr = 2.535e-04) (elapsed time: 11072.857) (secs/iter:  0.779) (n_accepted: 78%) (u_error:  0.558865 %) (beta_change: 11.605503 %) (delta_change:  4.617453 %) (delta_peak/R: 12.198636 %)
iter:  11200 (Jcost: 2.250140e-01) (lr = 9.068e-05) (elapsed time: 11149.158) (secs/iter:  0.763) (n_accepted: 78%) (u_error:  0.558854 %) (beta_change: 11.616822 %) (delta_change:  4.621772 %) (delta_peak/R: 12.198003 %)
iter:  11300 (Jcost: 2.249934e-01) (lr = 4.484e-04) (elapsed time: 11222.251) (secs/iter:  0.731) (n_accepted: 81%) (u_error:  0.558904 %) (beta_change: 11.629478 %) (delta_change:  4.626508 %) (delta_peak/R: 12.197042 %)
iter:  11400 (Jcost: 2.249753e-01) (lr = 9.237e-04) (elapsed time: 11293.293) (secs/iter:  0.710) (n_accepted: 80%) (u_error:  0.558840 %) (beta_change: 11.639109 %) (delta_change:  4.630264 %) (delta_peak/R: 12.196725 %)
iter:  11500 (Jcost: 2.249562e-01) (lr = 5.736e-05) (elapsed time: 11372.373) (secs/iter:  0.791) (n_accepted: 76%) (u_error:  0.558847 %) (beta_change: 11.649966 %) (delta_change:  4.634379 %) (delta_peak/R: 12.196045 %)
-> Saved file: /media/rafael/DATA/Dropbox/20220924_FIML_solver/data/output/field_inversion/Beta_k/u_imp_1000/FI_run_Jimenez_Re4200_u_imp_1000_k_imp_1_e_imp_0/FI_run_Jimenez_Re4200_u_imp_1000_k_imp_1_e_imp_0_state_iter_11500.dat
iter:  11600 (Jcost: 2.249387e-01) (lr = 3.920e-03) (elapsed time: 11445.274) (secs/iter:  0.729) (n_accepted: 84%) (u_error:  0.558830 %) (beta_change: 11.659913 %) (delta_change:  4.638183 %) (delta_peak/R: 12.195516 %)
iter:  11700 (Jcost: 2.249235e-01) (lr = 1.014e-04) (elapsed time: 11520.137) (secs/iter:  0.749) (n_accepted: 75%) (u_error:  0.558844 %) (beta_change: 11.668374 %) (delta_change:  4.641377 %) (delta_peak/R: 12.194952 %)
iter:  11800 (Jcost: 2.249111e-01) (lr = 2.090e-04) (elapsed time: 11596.443) (secs/iter:  0.763) (n_accepted: 80%) (u_error:  0.558842 %) (beta_change: 11.675287 %) (delta_change:  4.644006 %) (delta_peak/R: 12.194543 %)
iter:  11900 (Jcost: 2.248904e-01) (lr = 7.474e-05) (elapsed time: 11667.709) (secs/iter:  0.713) (n_accepted: 78%) (u_error:  0.558831 %) (beta_change: 11.686771 %) (delta_change:  4.648383 %) (delta_peak/R: 12.193892 %)
iter:  12000 (Jcost: 2.248769e-01) (lr = 8.869e-04) (elapsed time: 11739.823) (secs/iter:  0.721) (n_accepted: 82%) (u_error:  0.558840 %) (beta_change: 11.694227 %) (delta_change:  4.651202 %) (delta_peak/R: 12.193407 %)
-> Saved file: /media/rafael/DATA/Dropbox/20220924_FIML_solver/data/output/field_inversion/Beta_k/u_imp_1000/FI_run_Jimenez_Re4200_u_imp_1000_k_imp_1_e_imp_0/FI_run_Jimenez_Re4200_u_imp_1000_k_imp_1_e_imp_0_state_iter_12000.dat
iter:  12100 (Jcost: 2.248576e-01) (lr = 3.172e-04) (elapsed time: 11813.741) (secs/iter:  0.739) (n_accepted: 78%) (u_error:  0.558828 %) (beta_change: 11.704781 %) (delta_change:  4.655227 %) (delta_peak/R: 12.192815 %)
iter:  12200 (Jcost: 2.248389e-01) (lr = 1.135e-04) (elapsed time: 11892.905) (secs/iter:  0.792) (n_accepted: 78%) (u_error:  0.558856 %) (beta_change: 11.715167 %) (delta_change:  4.659127 %) (delta_peak/R: 12.192069 %)
iter:  12300 (Jcost: 2.248236e-01) (lr = 3.231e-03) (elapsed time: 11964.716) (secs/iter:  0.718) (n_accepted: 83%) (u_error:  0.558816 %) (beta_change: 11.723186 %) (delta_change:  4.662232 %) (delta_peak/R: 12.191745 %)
iter:  12400 (Jcost: 2.248096e-01) (lr = 1.156e-03) (elapsed time: 12037.545) (secs/iter:  0.728) (n_accepted: 78%) (u_error:  0.558820 %) (beta_change: 11.730608 %) (delta_change:  4.665043 %) (delta_peak/R: 12.191276 %)
iter:  12500 (Jcost: 2.247935e-01) (lr = 5.714e-03) (elapsed time: 12110.558) (secs/iter:  0.730) (n_accepted: 81%) (u_error:  0.558797 %) (beta_change: 11.739307 %) (delta_change:  4.668379 %) (delta_peak/R: 12.190839 %)
-> Saved file: /media/rafael/DATA/Dropbox/20220924_FIML_solver/data/output/field_inversion/Beta_k/u_imp_1000/FI_run_Jimenez_Re4200_u_imp_1000_k_imp_1_e_imp_0/FI_run_Jimenez_Re4200_u_imp_1000_k_imp_1_e_imp_0_state_iter_12500.dat
iter:  12600 (Jcost: 2.247771e-01) (lr = 4.905e-03) (elapsed time: 12186.837) (secs/iter:  0.763) (n_accepted: 79%) (u_error:  0.558833 %) (beta_change: 11.747886 %) (delta_change:  4.671579 %) (delta_peak/R: 12.190164 %)
iter:  12700 (Jcost: 2.247616e-01) (lr = 1.754e-03) (elapsed time: 12254.789) (secs/iter:  0.680) (n_accepted: 78%) (u_error:  0.558807 %) (beta_change: 11.755905 %) (delta_change:  4.674661 %) (delta_peak/R: 12.189777 %)
iter:  12800 (Jcost: 2.247459e-01) (lr = 2.614e-04) (elapsed time: 12331.985) (secs/iter:  0.772) (n_accepted: 77%) (u_error:  0.558811 %) (beta_change: 11.763986 %) (delta_change:  4.677720 %) (delta_peak/R: 12.189261 %)
iter:  12900 (Jcost: 2.247304e-01) (lr = 2.244e-04) (elapsed time: 12406.923) (secs/iter:  0.749) (n_accepted: 79%) (u_error:  0.558810 %) (beta_change: 11.771948 %) (delta_change:  4.680741 %) (delta_peak/R: 12.188772 %)
iter:  13000 (Jcost: 2.247161e-01) (lr = 8.027e-05) (elapsed time: 12482.900) (secs/iter:  0.760) (n_accepted: 78%) (u_error:  0.558805 %) (beta_change: 11.779204 %) (delta_change:  4.683502 %) (delta_peak/R: 12.188343 %)
-> Saved file: /media/rafael/DATA/Dropbox/20220924_FIML_solver/data/output/field_inversion/Beta_k/u_imp_1000/FI_run_Jimenez_Re4200_u_imp_1000_k_imp_1_e_imp_0/FI_run_Jimenez_Re4200_u_imp_1000_k_imp_1_e_imp_0_state_iter_13000.dat
iter:  13100 (Jcost: 2.246985e-01) (lr = 5.487e-03) (elapsed time: 12551.180) (secs/iter:  0.683) (n_accepted: 84%) (u_error:  0.558758 %) (beta_change: 11.788605 %) (delta_change:  4.687137 %) (delta_peak/R: 12.187943 %)
iter:  13200 (Jcost: 2.246842e-01) (lr = 1.962e-03) (elapsed time: 12622.532) (secs/iter:  0.714) (n_accepted: 78%) (u_error:  0.558802 %) (beta_change: 11.795255 %) (delta_change:  4.689592 %) (delta_peak/R: 12.187351 %)
iter:  13300 (Jcost: 2.246705e-01) (lr = 1.684e-03) (elapsed time: 12697.888) (secs/iter:  0.754) (n_accepted: 79%) (u_error:  0.558799 %) (beta_change: 11.802022 %) (delta_change:  4.692162 %) (delta_peak/R: 12.186937 %)
iter:  13400 (Jcost: 2.246561e-01) (lr = 2.510e-04) (elapsed time: 12771.486) (secs/iter:  0.736) (n_accepted: 77%) (u_error:  0.558799 %) (beta_change: 11.809077 %) (delta_change:  4.694836 %) (delta_peak/R: 12.186489 %)
iter:  13500 (Jcost: 2.246430e-01) (lr = 8.979e-05) (elapsed time: 12845.832) (secs/iter:  0.743) (n_accepted: 78%) (u_error:  0.558804 %) (beta_change: 11.815457 %) (delta_change:  4.697247 %) (delta_peak/R: 12.186065 %)
-> Saved file: /media/rafael/DATA/Dropbox/20220924_FIML_solver/data/output/field_inversion/Beta_k/u_imp_1000/FI_run_Jimenez_Re4200_u_imp_1000_k_imp_1_e_imp_0/FI_run_Jimenez_Re4200_u_imp_1000_k_imp_1_e_imp_0_state_iter_13500.dat
iter:  13600 (Jcost: 2.246295e-01) (lr = 2.557e-03) (elapsed time: 12917.156) (secs/iter:  0.713) (n_accepted: 83%) (u_error:  0.558791 %) (beta_change: 11.821975 %) (delta_change:  4.699736 %) (delta_peak/R: 12.185699 %)
iter:  13700 (Jcost: 2.246183e-01) (lr = 1.588e-04) (elapsed time: 12994.080) (secs/iter:  0.769) (n_accepted: 76%) (u_error:  0.558788 %) (beta_change: 11.827339 %) (delta_change:  4.701773 %) (delta_peak/R: 12.185368 %)
iter:  13800 (Jcost: 2.246070e-01) (lr = 1.884e-03) (elapsed time: 13066.005) (secs/iter:  0.719) (n_accepted: 82%) (u_error:  0.558784 %) (beta_change: 11.832710 %) (delta_change:  4.703814 %) (delta_peak/R: 12.185038 %)
iter:  13900 (Jcost: 2.245950e-01) (lr = 4.875e-05) (elapsed time: 13152.774) (secs/iter:  0.868) (n_accepted: 75%) (u_error:  0.558784 %) (beta_change: 11.838318 %) (delta_change:  4.705938 %) (delta_peak/R: 12.184677 %)
iter:  14000 (Jcost: 2.245857e-01) (lr = 1.388e-03) (elapsed time: 13241.506) (secs/iter:  0.887) (n_accepted: 83%) (u_error:  0.558791 %) (beta_change: 11.842681 %) (delta_change:  4.707580 %) (delta_peak/R: 12.184363 %)
-> Saved file: /media/rafael/DATA/Dropbox/20220924_FIML_solver/data/output/field_inversion/Beta_k/u_imp_1000/FI_run_Jimenez_Re4200_u_imp_1000_k_imp_1_e_imp_0/FI_run_Jimenez_Re4200_u_imp_1000_k_imp_1_e_imp_0_state_iter_14000.dat
iter:  14100 (Jcost: 2.245723e-01) (lr = 4.966e-04) (elapsed time: 13330.212) (secs/iter:  0.887) (n_accepted: 78%) (u_error:  0.558783 %) (beta_change: 11.848877 %) (delta_change:  4.709940 %) (delta_peak/R: 12.183994 %)
iter:  14200 (Jcost: 2.245563e-01) (lr = 7.400e-05) (elapsed time: 13426.837) (secs/iter:  0.966) (n_accepted: 77%) (u_error:  0.558781 %) (beta_change: 11.856207 %) (delta_change:  4.712719 %) (delta_peak/R: 12.183521 %)
iter:  14300 (Jcost: 2.245425e-01) (lr = 3.659e-04) (elapsed time: 13511.974) (secs/iter:  0.851) (n_accepted: 81%) (u_error:  0.558793 %) (beta_change: 11.862495 %) (delta_change:  4.715081 %) (delta_peak/R: 12.183056 %)
iter:  14400 (Jcost: 2.245319e-01) (lr = 1.809e-03) (elapsed time: 13585.309) (secs/iter:  0.733) (n_accepted: 81%) (u_error:  0.558776 %) (beta_change: 11.867228 %) (delta_change:  4.716898 %) (delta_peak/R: 12.182808 %)
iter:  14500 (Jcost: 2.245202e-01) (lr = 1.553e-03) (elapsed time: 13660.336) (secs/iter:  0.750) (n_accepted: 79%) (u_error:  0.558772 %) (beta_change: 11.872416 %) (delta_change:  4.718868 %) (delta_peak/R: 12.182479 %)
-> Saved file: /media/rafael/DATA/Dropbox/20220924_FIML_solver/data/output/field_inversion/Beta_k/u_imp_1000/FI_run_Jimenez_Re4200_u_imp_1000_k_imp_1_e_imp_0/FI_run_Jimenez_Re4200_u_imp_1000_k_imp_1_e_imp_0_state_iter_14500.dat
iter:  14600 (Jcost: 2.245094e-01) (lr = 5.554e-04) (elapsed time: 13736.574) (secs/iter:  0.762) (n_accepted: 78%) (u_error:  0.558768 %) (beta_change: 11.877179 %) (delta_change:  4.720678 %) (delta_peak/R: 12.182177 %)
iter:  14700 (Jcost: 2.244957e-01) (lr = 8.277e-05) (elapsed time: 13803.141) (secs/iter:  0.666) (n_accepted: 77%) (u_error:  0.558774 %) (beta_change: 11.883144 %) (delta_change:  4.722925 %) (delta_peak/R: 12.181747 %)
iter:  14800 (Jcost: 2.244832e-01) (lr = 1.705e-04) (elapsed time: 13876.148) (secs/iter:  0.730) (n_accepted: 80%) (u_error:  0.558785 %) (beta_change: 11.888553 %) (delta_change:  4.724955 %) (delta_peak/R: 12.181333 %)
iter:  14900 (Jcost: 2.244726e-01) (lr = 1.464e-04) (elapsed time: 13951.066) (secs/iter:  0.749) (n_accepted: 79%) (u_error:  0.558788 %) (beta_change: 11.893105 %) (delta_change:  4.726672 %) (delta_peak/R: 12.181007 %)
iter:  15000 (Jcost: 2.244623e-01) (lr = 4.169e-03) (elapsed time: 14018.687) (secs/iter:  0.676) (n_accepted: 83%) (u_error:  0.558766 %) (beta_change: 11.897380 %) (delta_change:  4.728325 %) (delta_peak/R: 12.180805 %)
-> Saved file: /media/rafael/DATA/Dropbox/20220924_FIML_solver/data/output/field_inversion/Beta_k/u_imp_1000/FI_run_Jimenez_Re4200_u_imp_1000_k_imp_1_e_imp_0/FI_run_Jimenez_Re4200_u_imp_1000_k_imp_1_e_imp_0_state_iter_15000.dat
iter:  15000 (Jcost: 2.244618e-01) (lr = 5.003e-03) (elapsed time: 14021.449) (secs/iter:   None) (n_accepted: 0%) (u_error:  0.558770 %) (beta_change: 11.897595 %) (delta_change:  4.728400 %) (delta_peak/R: 12.180774 %)
