# ------------------------------------------------------------------------
#                  Input Arguments
# ------------------------------------------------------------------------
# Begin_Input_Arguments
{ 'all_b_mode': ['Beta_k'],
  'args_mk_solver': { 'torch': "<module 'torch' from "
                               "'/home/rafael/anaconda3/lib/python3.9/site-packages/torch/__init__.py'>",
                      'y_grid': [0.0, 0.000309700312, 0.000638645973, 0.00098802599, 0.00135910194, 0.00175321227, 0.00217177688, 0.00261630193, 0.00308838486, 0.00358971984, 0.00412210331, 0.00468744001, 0.00528774917, 0.00592517114, 0.00660197432, 0.0073205624, 0.00808348206, 0.00889343092, 0.00975326602, 0.0106660126, 0.0116348733, 0.0126632377, 0.0137546927, 0.0149130326, 0.0161422702, 0.0174466482, 0.0188306506, 0.0202990157, 0.0218567475, 0.02350913, 0.0252617393, 0.0271204584, 0.0290914903, 0.0311813732, 0.033396994, 0.0357456039, 0.0382348325, 0.0408727029, 0.0436676462, 0.0466285159, 0.0497646022, 0.0530856456, 0.0566018496, 0.0603238931, 0.0642629411, 0.068430655, 0.0728392004, 0.0775012535, 0.0824300053, 0.0876391634, 0.0931429507, 0.0989561006, 0.105093849, 0.111571922, 0.118406518, 0.125614286, 0.133212296, 0.141218006, 0.14964922, 0.158524039, 0.167860801, 0.177678022, 0.187994313, 0.1988283, 0.21019853, 0.222123362, 0.234620856, 0.247708641, 0.261403784, 0.275722637, 0.290680679, 0.306292354, 0.322570888, 0.339528108, 0.357174255, 0.375517785, 0.394565175, 0.414320726, 0.43478637, 0.45596148, 0.47784269, 0.500423731, 0.523695275, 0.547644806, 0.572256506, 0.597511177, 0.623386184, 0.649855436, 0.676889401, 0.704455158, 0.73251649, 0.761034018, 0.789965372, 0.819265404, 0.848886442, 0.878778572, 0.908889961, 0.939167201, 0.969555687, 1.0],
                      'Ret': 395.0,
                      'cp': 1.0,
                      'A_sca_rho': 1.0,
                      'A_sca_mu': 0.002531645569620253,
                      'A_sca_k': 0.002531645569620253,
                      'b_exp_rho': 0.0,
                      'b_exp_mu': 0.0,
                      'b_exp_k': 0.0,
                      'tensor_device': 'cpu',
                      'as_tensor': '<function '
                                   'Build_arguments_fi_run._mk_args_MK_solver.<locals>.<lambda> '
                                   'at 0x7f9b314934c0>',
                      'ref_dns': { 'u_dns': [0.0, 0.120381471, 0.248666719, 0.385331678, 0.530866476, 0.68577174, 0.850553547, 1.02571674, 1.21175621, 1.40914563, 1.61832389, 1.83975112, 2.07398461, 2.32158582, 2.58309986, 2.85902812, 3.14969352, 3.45523595, 3.77561427, 4.1105833, 4.45969945, 4.82220689, 5.19703527, 5.58302588, 5.97868682, 6.38220753, 6.79157066, 7.20438736, 7.61838508, 8.03118634, 8.44041358, 8.84371142, 9.23897932, 9.62442009, 9.99846968, 10.359791, 10.7071296, 11.0399954, 11.3585517, 11.6623493, 11.9507188, 12.2239542, 12.4837095, 12.7294683, 12.9618973, 13.1819569, 13.3908308, 13.5892095, 13.7777455, 13.9571422, 14.1280082, 14.2929724, 14.4513903, 14.6044792, 14.7527293, 14.8976973, 15.0396337, 15.1788101, 15.3159472, 15.4518774, 15.5866923, 15.7211385, 15.8541139, 15.9877341, 16.1211467, 16.2547974, 16.3900719, 16.5243874, 16.6614631, 16.7984493, 16.9356252, 17.0737482, 17.2118784, 17.3511631, 17.4905898, 17.6303318, 17.7706578, 17.9106951, 18.0501151, 18.1895179, 18.3276958, 18.4648416, 18.6023221, 18.7379569, 18.8708692, 19.001601, 19.128471, 19.2508119, 19.3685307, 19.4813292, 19.5880825, 19.6865059, 19.7774642, 19.8580885, 19.9279556, 19.9863673, 20.0324121, 20.0657981, 20.0852279, 20.0922802],
                                   'T_dns': [1.0, 1.00543, 1.01120435, 1.01734746, 1.02388617, 1.03085368, 1.03827482, 1.04616817, 1.05454982, 1.06343228, 1.07282606, 1.08278839, 1.09335018, 1.10451888, 1.1162933, 1.12870044, 1.14180456, 1.15557724, 1.16996512, 1.18502394, 1.20075391, 1.21703757, 1.23388237, 1.25127367, 1.26900164, 1.28708528, 1.30541256, 1.32388341, 1.34244565, 1.3608524, 1.37910614, 1.39704215, 1.41463642, 1.43175751, 1.44835412, 1.46436356, 1.47973659, 1.49447195, 1.50855929, 1.52194936, 1.53468185, 1.54679572, 1.55825013, 1.56921025, 1.57956581, 1.5893825, 1.59878237, 1.6077704, 1.61629822, 1.62446845, 1.63235338, 1.63987474, 1.64717531, 1.65428842, 1.66118964, 1.6678842, 1.67445015, 1.68097008, 1.687257, 1.69342016, 1.69961804, 1.70554671, 1.71153147, 1.71741924, 1.72321199, 1.72903384, 1.73476262, 1.74042761, 1.74604477, 1.75165256, 1.75724318, 1.76273586, 1.76821389, 1.77370948, 1.77917438, 1.78455039, 1.78991359, 1.79517979, 1.80034231, 1.8055449, 1.81063875, 1.81569026, 1.8206115, 1.82557253, 1.8303505, 1.83491381, 1.83938757, 1.84355563, 1.84762793, 1.85137906, 1.85490647, 1.85818761, 1.86111582, 1.86368583, 1.86585324, 1.8676793, 1.86911538, 1.870161, 1.87075449, 1.8709],
                                   'mu_dns': [0.002531645569620253, 0.002531645569620253, 0.002531645569620253, 0.002531645569620253, 0.002531645569620253, 0.002531645569620253, 0.002531645569620253, 0.002531645569620253, 0.002531645569620253, 0.002531645569620253, 0.002531645569620253, 0.002531645569620253, 0.002531645569620253, 0.002531645569620253, 0.002531645569620253, 0.002531645569620253, 0.002531645569620253, 0.002531645569620253, 0.002531645569620253, 0.002531645569620253, 0.002531645569620253, 0.002531645569620253, 0.002531645569620253, 0.002531645569620253, 0.002531645569620253, 0.002531645569620253, 0.002531645569620253, 0.002531645569620253, 0.002531645569620253, 0.002531645569620253, 0.002531645569620253, 0.002531645569620253, 0.002531645569620253, 0.002531645569620253, 0.002531645569620253, 0.002531645569620253, 0.002531645569620253, 0.002531645569620253, 0.002531645569620253, 0.002531645569620253, 0.002531645569620253, 0.002531645569620253, 0.002531645569620253, 0.002531645569620253, 0.002531645569620253, 0.002531645569620253, 0.002531645569620253, 0.002531645569620253, 0.002531645569620253, 0.002531645569620253, 0.002531645569620253, 0.002531645569620253, 0.002531645569620253, 0.002531645569620253, 0.002531645569620253, 0.002531645569620253, 0.002531645569620253, 0.002531645569620253, 0.002531645569620253, 0.002531645569620253, 0.002531645569620253, 0.002531645569620253, 0.002531645569620253, 0.002531645569620253, 0.002531645569620253, 0.002531645569620253, 0.002531645569620253, 0.002531645569620253, 0.002531645569620253, 0.002531645569620253, 0.002531645569620253, 0.002531645569620253, 0.002531645569620253, 0.002531645569620253, 0.002531645569620253, 0.002531645569620253, 0.002531645569620253, 0.002531645569620253, 0.002531645569620253, 0.002531645569620253, 0.002531645569620253, 0.002531645569620253, 0.002531645569620253, 0.002531645569620253, 0.002531645569620253, 0.002531645569620253, 0.002531645569620253, 0.002531645569620253, 0.002531645569620253, 0.002531645569620253, 0.002531645569620253, 0.002531645569620253, 0.002531645569620253, 0.002531645569620253, 0.002531645569620253, 0.002531645569620253, 0.002531645569620253, 0.002531645569620253, 0.002531645569620253, 0.002531645569620253],
                                   'rho_dns': [1.0, 1.0, 1.0, 1.0, 1.0, 1.0, 1.0, 1.0, 1.0, 1.0, 1.0, 1.0, 1.0, 1.0, 1.0, 1.0, 1.0, 1.0, 1.0, 1.0, 1.0, 1.0, 1.0, 1.0, 1.0, 1.0, 1.0, 1.0, 1.0, 1.0, 1.0, 1.0, 1.0, 1.0, 1.0, 1.0, 1.0, 1.0, 1.0, 1.0, 1.0, 1.0, 1.0, 1.0, 1.0, 1.0, 1.0, 1.0, 1.0, 1.0, 1.0, 1.0, 1.0, 1.0, 1.0, 1.0, 1.0, 1.0, 1.0, 1.0, 1.0, 1.0, 1.0, 1.0, 1.0, 1.0, 1.0, 1.0, 1.0, 1.0, 1.0, 1.0, 1.0, 1.0, 1.0, 1.0, 1.0, 1.0, 1.0, 1.0, 1.0, 1.0, 1.0, 1.0, 1.0, 1.0, 1.0, 1.0, 1.0, 1.0, 1.0, 1.0, 1.0, 1.0, 1.0, 1.0, 1.0, 1.0, 1.0, 1.0]},
                      'case': 'cProp',
                      'constant_Sq_heat': 0.04443037974683545,
                      'use_visc_heating': False,
                      'Pr_turb': 1.0,
                      'fprint': '<function '
                                'Build_arguments_fi_run._mk_args_MK_solver.<locals>.<lambda> '
                                'at 0x7f9b314939d0>',
                      'compressible_correction': False,
                      'bool_solve_energy': False,
                      'output_last': False},
  'u_imp': 10,
  'k_imp': 1,
  'e_imp': 0,
  'solve_sparse_adj': True,
  'all_ref_beta_distrib': {'K': [1.0, 0.99979717, 0.99958285, 0.99935896, 0.9991268, 0.99888846, 0.99864708, 0.99840699, 0.99817381, 0.99795457, 0.9977578, 0.99759368, 0.99747411, 0.99741279, 0.99742538, 0.99752953, 0.99774505, 0.99809401, 0.99860086, 0.99929245, 1.00019759, 1.00134556, 1.00276286, 1.00446837, 1.00646944, 1.00876093, 1.01132593, 1.0141364, 1.01715395, 1.02033145, 1.02361488, 1.02694504, 1.03025871, 1.03348931, 1.03656699, 1.03941857, 1.04196745, 1.04413351, 1.04583328, 1.04698046, 1.04748699, 1.04726412, 1.04622363, 1.04427964, 1.04135082, 1.03736261, 1.0322496, 1.02595838, 1.01845081, 1.00970718, 0.99972937, 0.98854345, 0.97620278, 0.96279152, 0.9484268, 0.93326032, 0.91747919, 0.90130685, 0.88500387, 0.86887206, 0.85326524, 0.83860669, 0.82540697, 0.81427003, 0.80587825, 0.80095219, 0.80018391, 0.80415966, 0.81327887, 0.82768923, 0.84725058, 0.87151712, 0.89975092, 0.93095965, 0.96395553, 0.99742971, 1.0300297, 1.06044387, 1.08748096, 1.11013265, 1.12763107, 1.13949013, 1.14552293, 1.14587194, 1.14101993, 1.13174592, 1.11906677, 1.10415795, 1.08824001, 1.07246981, 1.05785416, 1.04517769, 1.0349257, 1.02725154, 1.02199656, 1.01874798, 1.0169609, 1.01609788, 1.0157369, 1.00780459], 'E': [1.0, 1.0, 1.0, 1.0, 1.0, 1.0, 1.0, 1.0, 1.0, 1.0, 1.0, 1.0, 1.0, 1.0, 1.0, 1.0, 1.0, 1.0, 1.0, 1.0, 1.0, 1.0, 1.0, 1.0, 1.0, 1.0, 1.0, 1.0, 1.0, 1.0, 1.0, 1.0, 1.0, 1.0, 1.0, 1.0, 1.0, 1.0, 1.0, 1.0, 1.0, 1.0, 1.0, 1.0, 1.0, 1.0, 1.0, 1.0, 1.0, 1.0, 1.0, 1.0, 1.0, 1.0, 1.0, 1.0, 1.0, 1.0, 1.0, 1.0, 1.0, 1.0, 1.0, 1.0, 1.0, 1.0, 1.0, 1.0, 1.0, 1.0, 1.0, 1.0, 1.0, 1.0, 1.0, 1.0, 1.0, 1.0, 1.0, 1.0, 1.0, 1.0, 1.0, 1.0, 1.0, 1.0, 1.0, 1.0, 1.0, 1.0, 1.0, 1.0, 1.0, 1.0, 1.0, 1.0, 1.0, 1.0, 1.0, 1.0]},
  'all_ref_delta_distrib': {'K': [-0.0, 0.005580966209954947, 0.011641745682174865, 0.018179436556410678, 0.02521942992910053, 0.03277508245591225, 0.04083744050292059, 0.04936619544927488, 0.058278860593373, 0.06743538279069619, 0.07661856401006305, 0.08550601156306023, 0.09363683315596644, 0.1003691594472269, 0.10482497988239166, 0.1058307751708423, 0.1018463969513105, 0.09089604027964884, 0.07050745421999466, 0.03767692342878906, -0.011108973851968698, -0.07974600862462428, -0.1721942083990969, -0.29187375551877187, -0.44084588736163527, -0.6190554658453651, -0.8238582326948075, -1.0498862338341233, -1.289325580666979, -1.5326424386583413, -1.7695809109472196, -1.9901965675576612, -2.1857012466219397, -2.3490081036458106, -2.4749513909071896, -2.56025972336879, -2.603367973240084, -2.604144943333551, -2.5636123147173553, -2.483692272949683, -2.3670072833704383, -2.2167034102894014, -2.0363056928809655, -1.8296190591061672, -1.6006537505148541, -1.3535526371166222, -1.0925256344163874, -0.8217994483229458, -0.5455761860872335, -0.2679837767911102, 0.0069733030237095735, 0.27547306381491776, 0.5339120819900514, 0.7789252824870926, 1.0074268238003756, 1.2166449871991176, 1.4041520179156195, 1.5678732997617921, 1.706084360220247, 1.8173516133896743, 1.9003984093131967, 1.953934217724692, 1.9765463695832466, 1.966769031611086, 1.923354630098925, 1.8456953767437985, 1.7343204577801241, 1.5912751529232774, 1.4203386104101072, 1.2269709013730812, 1.0179910172309492, 0.801154386661491, 0.5846025561345768, 0.3762944810317753, 0.1834716818353342, 0.012206689926180882, -0.1329056964074012, -0.24895280755724186, -0.33476637973121254, -0.39082948616413477, -0.4191121801900343, -0.42281737950704457, -0.40604683831115684, -0.37352024971224945, -0.3302501277086069, -0.2811272908829951, -0.23057346926024758, -0.18226091796335808, -0.13889459011494565, -0.10213831900195501, -0.07268024251509839, -0.05038361912738705, -0.03447190374401706, -0.023776536985606365, -0.01699722803597604, -0.012915338312634875, -0.010552831135219966, -0.009235129351552806, -0.00856466808132803, -0.004170568415741941], 'E': [-0.0, -0.0, -0.0, -0.0, -0.0, -0.0, -0.0, -0.0, -0.0, -0.0, -0.0, -0.0, -0.0, -0.0, -0.0, -0.0, -0.0, -0.0, -0.0, -0.0, -0.0, -0.0, -0.0, -0.0, -0.0, -0.0, -0.0, -0.0, -0.0, -0.0, -0.0, -0.0, -0.0, -0.0, -0.0, -0.0, -0.0, -0.0, -0.0, -0.0, -0.0, -0.0, -0.0, -0.0, -0.0, -0.0, -0.0, -0.0, -0.0, -0.0, -0.0, -0.0, -0.0, -0.0, -0.0, -0.0, -0.0, -0.0, -0.0, -0.0, -0.0, -0.0, -0.0, -0.0, -0.0, -0.0, -0.0, -0.0, -0.0, -0.0, -0.0, -0.0, -0.0, -0.0, -0.0, -0.0, -0.0, -0.0, -0.0, -0.0, -0.0, -0.0, -0.0, -0.0, -0.0, -0.0, -0.0, -0.0, -0.0, -0.0, -0.0, -0.0, -0.0, -0.0, -0.0, -0.0, -0.0, -0.0, -0.0, -0.0]},
  'fname_print': '/media/rafael/DATA/Dropbox/20220924_FIML_solver/data/output/field_inversion/Beta_k/u_imp_10/FI_run_cProp_u_imp_10_k_imp_1_e_imp_0/FI_run_cProp_u_imp_10_k_imp_1_e_imp_0.log',
  'folder': '/media/rafael/DATA/Dropbox/20220924_FIML_solver/data/output/field_inversion/Beta_k/u_imp_10/FI_run_cProp_u_imp_10_k_imp_1_e_imp_0',
  'iters_limit': 15000}
# End_Input_Arguments

# ------------------------------------------------------------------------
#                  Iterations
# ------------------------------------------------------------------------

iter:      0 (Jcost: 1.062153e-01) (lr = 1.000e-03) (elapsed time:  0.000) (secs/iter:   None) (n_accepted: 0%) (u_error:  2.442983 %) (beta_change: 19.981609 %) (delta_change:  2.749535 %) (delta_peak/R:  0.000000 %)
-> Saved file: /media/rafael/DATA/Dropbox/20220924_FIML_solver/data/output/field_inversion/Beta_k/u_imp_10/FI_run_cProp_u_imp_10_k_imp_1_e_imp_0/FI_run_cProp_u_imp_10_k_imp_1_e_imp_0_state_iter_0.dat
iter:    100 (Jcost: 3.391813e-02) (lr = 5.696e-02) (elapsed time: 89.697) (secs/iter:  0.897) (n_accepted: 84%) (u_error:  1.077639 %) (beta_change:  9.021786 %) (delta_change:  0.800151 %) (delta_peak/R:  3.167000 %)
iter:    200 (Jcost: 3.203710e-02) (lr = 6.759e-01) (elapsed time: 180.215) (secs/iter:  0.905) (n_accepted: 82%) (u_error:  1.015306 %) (beta_change:  5.468214 %) (delta_change:  0.411020 %) (delta_peak/R:  2.800253 %)
iter:    300 (Jcost: 3.171384e-02) (lr = 2.417e-01) (elapsed time: 264.203) (secs/iter:  0.840) (n_accepted: 78%) (u_error:  1.028995 %) (beta_change:  3.747428 %) (delta_change:  0.228476 %) (delta_peak/R:  2.667937 %)
iter:    400 (Jcost: 3.163189e-02) (lr = 1.501e-02) (elapsed time: 348.632) (secs/iter:  0.844) (n_accepted: 76%) (u_error:  1.027361 %) (beta_change:  2.715627 %) (delta_change:  0.132416 %) (delta_peak/R:  2.673553 %)
iter:    500 (Jcost: 3.158793e-02) (lr = 2.462e+00) (elapsed time: 426.882) (secs/iter:  0.782) (n_accepted: 85%) (u_error:  1.022675 %) (beta_change:  1.850802 %) (delta_change:  0.117305 %) (delta_peak/R:  2.665050 %)
-> Saved file: /media/rafael/DATA/Dropbox/20220924_FIML_solver/data/output/field_inversion/Beta_k/u_imp_10/FI_run_cProp_u_imp_10_k_imp_1_e_imp_0/FI_run_cProp_u_imp_10_k_imp_1_e_imp_0_state_iter_500.dat
iter:    600 (Jcost: 3.156729e-02) (lr = 1.529e-01) (elapsed time: 510.651) (secs/iter:  0.838) (n_accepted: 76%) (u_error:  1.026182 %) (beta_change:  1.427036 %) (delta_change:  0.116429 %) (delta_peak/R:  2.660593 %)
iter:    700 (Jcost: 3.154451e-02) (lr = 5.469e-02) (elapsed time: 590.011) (secs/iter:  0.794) (n_accepted: 78%) (u_error:  1.024694 %) (beta_change:  0.880756 %) (delta_change:  0.116754 %) (delta_peak/R:  2.662828 %)
iter:    800 (Jcost: 3.152695e-02) (lr = 1.127e-01) (elapsed time: 667.094) (secs/iter:  0.771) (n_accepted: 80%) (u_error:  1.022873 %) (beta_change:  0.682715 %) (delta_change:  0.116819 %) (delta_peak/R:  2.663381 %)
iter:    900 (Jcost: 3.151588e-02) (lr = 9.672e-02) (elapsed time: 742.540) (secs/iter:  0.754) (n_accepted: 79%) (u_error:  1.025362 %) (beta_change:  0.863287 %) (delta_change:  0.116271 %) (delta_peak/R:  2.660151 %)
iter:   1000 (Jcost: 3.150260e-02) (lr = 3.459e-02) (elapsed time: 818.243) (secs/iter:  0.757) (n_accepted: 78%) (u_error:  1.025203 %) (beta_change:  1.150007 %) (delta_change:  0.116267 %) (delta_peak/R:  2.660279 %)
-> Saved file: /media/rafael/DATA/Dropbox/20220924_FIML_solver/data/output/field_inversion/Beta_k/u_imp_10/FI_run_cProp_u_imp_10_k_imp_1_e_imp_0/FI_run_cProp_u_imp_10_k_imp_1_e_imp_0_state_iter_1000.dat
iter:   1100 (Jcost: 3.149203e-02) (lr = 2.969e-02) (elapsed time: 900.527) (secs/iter:  0.823) (n_accepted: 79%) (u_error:  1.023502 %) (beta_change:  1.402918 %) (delta_change:  0.116495 %) (delta_peak/R:  2.662125 %)
iter:   1200 (Jcost: 3.148603e-02) (lr = 1.468e-01) (elapsed time: 975.152) (secs/iter:  0.746) (n_accepted: 81%) (u_error:  1.025063 %) (beta_change:  1.546377 %) (delta_change:  0.116207 %) (delta_peak/R:  2.660056 %)
iter:   1300 (Jcost: 3.147756e-02) (lr = 2.188e-02) (elapsed time: 1048.349) (secs/iter:  0.732) (n_accepted: 77%) (u_error:  1.024755 %) (beta_change:  1.918742 %) (delta_change:  0.116228 %) (delta_peak/R:  2.660337 %)
iter:   1400 (Jcost: 3.147149e-02) (lr = 1.878e-02) (elapsed time: 1124.189) (secs/iter:  0.758) (n_accepted: 79%) (u_error:  1.024540 %) (beta_change:  2.241092 %) (delta_change:  0.117134 %) (delta_peak/R:  2.660504 %)
iter:   1500 (Jcost: 3.146555e-02) (lr = 3.869e-02) (elapsed time: 1196.457) (secs/iter:  0.723) (n_accepted: 80%) (u_error:  1.023034 %) (beta_change:  2.597630 %) (delta_change:  0.127150 %) (delta_peak/R:  2.662343 %)
-> Saved file: /media/rafael/DATA/Dropbox/20220924_FIML_solver/data/output/field_inversion/Beta_k/u_imp_10/FI_run_cProp_u_imp_10_k_imp_1_e_imp_0/FI_run_cProp_u_imp_10_k_imp_1_e_imp_0_state_iter_1500.dat
iter:   1600 (Jcost: 3.146183e-02) (lr = 4.591e-01) (elapsed time: 1273.858) (secs/iter:  0.774) (n_accepted: 82%) (u_error:  1.024581 %) (beta_change:  2.811250 %) (delta_change:  0.132850 %) (delta_peak/R:  2.660315 %)
iter:   1700 (Jcost: 3.145788e-02) (lr = 6.842e-02) (elapsed time: 1346.559) (secs/iter:  0.727) (n_accepted: 77%) (u_error:  1.024285 %) (beta_change:  3.067607 %) (delta_change:  0.139319 %) (delta_peak/R:  2.660636 %)
iter:   1800 (Jcost: 3.145459e-02) (lr = 2.447e-02) (elapsed time: 1421.654) (secs/iter:  0.751) (n_accepted: 78%) (u_error:  1.024227 %) (beta_change:  3.294204 %) (delta_change:  0.144725 %) (delta_peak/R:  2.660664 %)
iter:   1900 (Jcost: 3.145133e-02) (lr = 2.101e-02) (elapsed time: 1493.772) (secs/iter:  0.721) (n_accepted: 79%) (u_error:  1.024156 %) (beta_change:  3.530740 %) (delta_change:  0.150056 %) (delta_peak/R:  2.660708 %)
iter:   2000 (Jcost: 3.144853e-02) (lr = 1.039e-01) (elapsed time: 1564.108) (secs/iter:  0.703) (n_accepted: 81%) (u_error:  1.023601 %) (beta_change:  3.747256 %) (delta_change:  0.154640 %) (delta_peak/R:  2.661378 %)
-> Saved file: /media/rafael/DATA/Dropbox/20220924_FIML_solver/data/output/field_inversion/Beta_k/u_imp_10/FI_run_cProp_u_imp_10_k_imp_1_e_imp_0/FI_run_cProp_u_imp_10_k_imp_1_e_imp_0_state_iter_2000.dat
iter:   2100 (Jcost: 3.144651e-02) (lr = 5.136e-01) (elapsed time: 1641.072) (secs/iter:  0.770) (n_accepted: 81%) (u_error:  1.024111 %) (beta_change:  3.906548 %) (delta_change:  0.157825 %) (delta_peak/R:  2.660699 %)
iter:   2200 (Jcost: 3.144429e-02) (lr = 1.837e-01) (elapsed time: 1713.106) (secs/iter:  0.720) (n_accepted: 78%) (u_error:  1.024055 %) (beta_change:  4.108666 %) (delta_change:  0.161341 %) (delta_peak/R:  2.660741 %)
iter:   2300 (Jcost: 3.144232e-02) (lr = 1.577e-01) (elapsed time: 1786.033) (secs/iter:  0.729) (n_accepted: 79%) (u_error:  1.024037 %) (beta_change:  4.298448 %) (delta_change:  0.164578 %) (delta_peak/R:  2.660738 %)
iter:   2400 (Jcost: 3.144020e-02) (lr = 2.350e-02) (elapsed time: 1859.171) (secs/iter:  0.731) (n_accepted: 77%) (u_error:  1.023987 %) (beta_change:  4.513735 %) (delta_change:  0.168741 %) (delta_peak/R:  2.660774 %)
iter:   2500 (Jcost: 3.143854e-02) (lr = 2.017e-02) (elapsed time: 1933.208) (secs/iter:  0.740) (n_accepted: 79%) (u_error:  1.023917 %) (beta_change:  4.692915 %) (delta_change:  0.172002 %) (delta_peak/R:  2.660842 %)
-> Saved file: /media/rafael/DATA/Dropbox/20220924_FIML_solver/data/output/field_inversion/Beta_k/u_imp_10/FI_run_cProp_u_imp_10_k_imp_1_e_imp_0/FI_run_cProp_u_imp_10_k_imp_1_e_imp_0_state_iter_2500.dat
iter:   2600 (Jcost: 3.143723e-02) (lr = 1.379e+00) (elapsed time: 2010.068) (secs/iter:  0.769) (n_accepted: 84%) (u_error:  1.023725 %) (beta_change:  4.840699 %) (delta_change:  0.174552 %) (delta_peak/R:  2.661072 %)
iter:   2700 (Jcost: 3.143609e-02) (lr = 4.931e-01) (elapsed time: 2082.851) (secs/iter:  0.728) (n_accepted: 78%) (u_error:  1.023895 %) (beta_change:  4.973509 %) (delta_change:  0.176746 %) (delta_peak/R:  2.660842 %)
iter:   2800 (Jcost: 3.143502e-02) (lr = 1.764e-01) (elapsed time: 2156.438) (secs/iter:  0.736) (n_accepted: 78%) (u_error:  1.023902 %) (beta_change:  5.102478 %) (delta_change:  0.178777 %) (delta_peak/R:  2.660821 %)
iter:   2900 (Jcost: 3.143396e-02) (lr = 2.628e-02) (elapsed time: 2230.197) (secs/iter:  0.738) (n_accepted: 77%) (u_error:  1.023921 %) (beta_change:  5.235553 %) (delta_change:  0.180774 %) (delta_peak/R:  2.660785 %)
iter:   3000 (Jcost: 3.143304e-02) (lr = 3.119e-01) (elapsed time: 2301.544) (secs/iter:  0.713) (n_accepted: 82%) (u_error:  1.023462 %) (beta_change:  5.358661 %) (delta_change:  0.182507 %) (delta_peak/R:  2.661362 %)
-> Saved file: /media/rafael/DATA/Dropbox/20220924_FIML_solver/data/output/field_inversion/Beta_k/u_imp_10/FI_run_cProp_u_imp_10_k_imp_1_e_imp_0/FI_run_cProp_u_imp_10_k_imp_1_e_imp_0_state_iter_3000.dat
iter:   3100 (Jcost: 3.143218e-02) (lr = 6.426e-01) (elapsed time: 2377.213) (secs/iter:  0.757) (n_accepted: 80%) (u_error:  1.023879 %) (beta_change:  5.489903 %) (delta_change:  0.184048 %) (delta_peak/R:  2.660821 %)
iter:   3200 (Jcost: 3.143143e-02) (lr = 9.576e-02) (elapsed time: 2451.039) (secs/iter:  0.738) (n_accepted: 77%) (u_error:  1.023875 %) (beta_change:  5.611514 %) (delta_change:  0.185386 %) (delta_peak/R:  2.660820 %)
iter:   3300 (Jcost: 3.143069e-02) (lr = 3.425e-02) (elapsed time: 2526.559) (secs/iter:  0.755) (n_accepted: 78%) (u_error:  1.023742 %) (beta_change:  5.738005 %) (delta_change:  0.186691 %) (delta_peak/R:  2.660984 %)
iter:   3400 (Jcost: 3.142999e-02) (lr = 2.940e-02) (elapsed time: 2599.284) (secs/iter:  0.727) (n_accepted: 79%) (u_error:  1.023442 %) (beta_change:  5.863056 %) (delta_change:  0.187897 %) (delta_peak/R:  2.661362 %)
iter:   3500 (Jcost: 3.142932e-02) (lr = 6.057e-02) (elapsed time: 2671.325) (secs/iter:  0.720) (n_accepted: 80%) (u_error:  1.023395 %) (beta_change:  5.988768 %) (delta_change:  0.189032 %) (delta_peak/R:  2.661418 %)
-> Saved file: /media/rafael/DATA/Dropbox/20220924_FIML_solver/data/output/field_inversion/Beta_k/u_imp_10/FI_run_cProp_u_imp_10_k_imp_1_e_imp_0/FI_run_cProp_u_imp_10_k_imp_1_e_imp_0_state_iter_3500.dat
iter:   3600 (Jcost: 3.142870e-02) (lr = 1.725e+00) (elapsed time: 2742.906) (secs/iter:  0.716) (n_accepted: 83%) (u_error:  1.023748 %) (beta_change:  6.104150 %) (delta_change:  0.190008 %) (delta_peak/R:  2.660964 %)
iter:   3700 (Jcost: 3.142809e-02) (lr = 6.170e-01) (elapsed time: 2814.119) (secs/iter:  0.712) (n_accepted: 78%) (u_error:  1.023863 %) (beta_change:  6.226720 %) (delta_change:  0.190974 %) (delta_peak/R:  2.660816 %)
iter:   3800 (Jcost: 3.142761e-02) (lr = 3.831e-02) (elapsed time: 2884.286) (secs/iter:  0.702) (n_accepted: 76%) (u_error:  1.023778 %) (beta_change:  6.326376 %) (delta_change:  0.191703 %) (delta_peak/R:  2.660923 %)
iter:   3900 (Jcost: 3.142699e-02) (lr = 3.288e-02) (elapsed time: 2953.314) (secs/iter:  0.690) (n_accepted: 79%) (u_error:  1.023742 %) (beta_change:  6.461891 %) (delta_change:  0.192625 %) (delta_peak/R:  2.660967 %)
iter:   4000 (Jcost: 3.142653e-02) (lr = 2.823e-02) (elapsed time: 3021.095) (secs/iter:  0.678) (n_accepted: 79%) (u_error:  1.023354 %) (beta_change:  6.571608 %) (delta_change:  0.193305 %) (delta_peak/R:  2.661463 %)
-> Saved file: /media/rafael/DATA/Dropbox/20220924_FIML_solver/data/output/field_inversion/Beta_k/u_imp_10/FI_run_cProp_u_imp_10_k_imp_1_e_imp_0/FI_run_cProp_u_imp_10_k_imp_1_e_imp_0_state_iter_4000.dat
iter:   4100 (Jcost: 3.142610e-02) (lr = 8.039e-01) (elapsed time: 3088.506) (secs/iter:  0.674) (n_accepted: 83%) (u_error:  1.023785 %) (beta_change:  6.669683 %) (delta_change:  0.193881 %) (delta_peak/R:  2.660913 %)
iter:   4200 (Jcost: 3.142569e-02) (lr = 1.198e-01) (elapsed time: 3159.298) (secs/iter:  0.708) (n_accepted: 77%) (u_error:  1.023665 %) (beta_change:  6.771369 %) (delta_change:  0.194430 %) (delta_peak/R:  2.661067 %)
iter:   4300 (Jcost: 3.142531e-02) (lr = 4.285e-02) (elapsed time: 3226.456) (secs/iter:  0.672) (n_accepted: 78%) (u_error:  1.023659 %) (beta_change:  6.869189 %) (delta_change:  0.194921 %) (delta_peak/R:  2.661076 %)
iter:   4400 (Jcost: 3.142497e-02) (lr = 3.678e-02) (elapsed time: 3267.501) (secs/iter:  0.410) (n_accepted: 79%) (u_error:  1.023763 %) (beta_change:  6.958533 %) (delta_change:  0.195338 %) (delta_peak/R:  2.660945 %)
iter:   4500 (Jcost: 3.142461e-02) (lr = 3.157e-02) (elapsed time: 3307.849) (secs/iter:  0.403) (n_accepted: 79%) (u_error:  1.023956 %) (beta_change:  7.059939 %) (delta_change:  0.195780 %) (delta_peak/R:  2.660701 %)
-> Saved file: /media/rafael/DATA/Dropbox/20220924_FIML_solver/data/output/field_inversion/Beta_k/u_imp_10/FI_run_cProp_u_imp_10_k_imp_1_e_imp_0/FI_run_cProp_u_imp_10_k_imp_1_e_imp_0_state_iter_4500.dat
iter:   4600 (Jcost: 3.142431e-02) (lr = 8.992e-01) (elapsed time: 3373.830) (secs/iter:  0.660) (n_accepted: 83%) (u_error:  1.023674 %) (beta_change:  7.142495 %) (delta_change:  0.196107 %) (delta_peak/R:  2.661064 %)
iter:   4700 (Jcost: 3.142407e-02) (lr = 1.340e-01) (elapsed time: 3442.137) (secs/iter:  0.683) (n_accepted: 77%) (u_error:  1.023731 %) (beta_change:  7.213482 %) (delta_change:  0.196374 %) (delta_peak/R:  2.660993 %)
iter:   4800 (Jcost: 3.142383e-02) (lr = 4.793e-02) (elapsed time: 3510.989) (secs/iter:  0.689) (n_accepted: 78%) (u_error:  1.023779 %) (beta_change:  7.288777 %) (delta_change:  0.196640 %) (delta_peak/R:  2.660935 %)
iter:   4900 (Jcost: 3.142363e-02) (lr = 2.370e-01) (elapsed time: 3574.026) (secs/iter:  0.630) (n_accepted: 81%) (u_error:  1.023702 %) (beta_change:  7.350905 %) (delta_change:  0.196845 %) (delta_peak/R:  2.661036 %)
iter:   5000 (Jcost: 3.142333e-02) (lr = 8.476e-02) (elapsed time: 3638.420) (secs/iter:  0.644) (n_accepted: 78%) (u_error:  1.023675 %) (beta_change:  7.444742 %) (delta_change:  0.197135 %) (delta_peak/R:  2.661074 %)
-> Saved file: /media/rafael/DATA/Dropbox/20220924_FIML_solver/data/output/field_inversion/Beta_k/u_imp_10/FI_run_cProp_u_imp_10_k_imp_1_e_imp_0/FI_run_cProp_u_imp_10_k_imp_1_e_imp_0_state_iter_5000.dat
iter:   5100 (Jcost: 3.142310e-02) (lr = 7.276e-02) (elapsed time: 3709.026) (secs/iter:  0.706) (n_accepted: 79%) (u_error:  1.023707 %) (beta_change:  7.522933 %) (delta_change:  0.197358 %) (delta_peak/R:  2.661036 %)
iter:   5200 (Jcost: 3.142285e-02) (lr = 2.602e-02) (elapsed time: 3768.120) (secs/iter:  0.591) (n_accepted: 78%) (u_error:  1.023644 %) (beta_change:  7.609177 %) (delta_change:  0.197585 %) (delta_peak/R:  2.661122 %)
iter:   5300 (Jcost: 3.142264e-02) (lr = 3.088e-01) (elapsed time: 3831.649) (secs/iter:  0.635) (n_accepted: 82%) (u_error:  1.023444 %) (beta_change:  7.686448 %) (delta_change:  0.197770 %) (delta_peak/R:  2.661381 %)
iter:   5400 (Jcost: 3.142248e-02) (lr = 2.651e-01) (elapsed time: 3897.946) (secs/iter:  0.663) (n_accepted: 79%) (u_error:  1.023614 %) (beta_change:  7.742323 %) (delta_change:  0.197899 %) (delta_peak/R:  2.661168 %)
iter:   5500 (Jcost: 3.142233e-02) (lr = 1.311e+00) (elapsed time: 3964.602) (secs/iter:  0.667) (n_accepted: 81%) (u_error:  1.023511 %) (beta_change:  7.801896 %) (delta_change:  0.198024 %) (delta_peak/R:  2.661303 %)
-> Saved file: /media/rafael/DATA/Dropbox/20220924_FIML_solver/data/output/field_inversion/Beta_k/u_imp_10/FI_run_cProp_u_imp_10_k_imp_1_e_imp_0/FI_run_cProp_u_imp_10_k_imp_1_e_imp_0_state_iter_5500.dat
iter:   5600 (Jcost: 3.142216e-02) (lr = 4.688e-01) (elapsed time: 4031.898) (secs/iter:  0.673) (n_accepted: 78%) (u_error:  1.023655 %) (beta_change:  7.865766 %) (delta_change:  0.198154 %) (delta_peak/R:  2.661122 %)
iter:   5700 (Jcost: 3.142198e-02) (lr = 1.677e-01) (elapsed time: 4097.146) (secs/iter:  0.652) (n_accepted: 78%) (u_error:  1.023667 %) (beta_change:  7.936517 %) (delta_change:  0.198286 %) (delta_peak/R:  2.661113 %)
iter:   5800 (Jcost: 3.142184e-02) (lr = 2.499e-02) (elapsed time: 4163.966) (secs/iter:  0.668) (n_accepted: 77%) (u_error:  1.023743 %) (beta_change:  7.994422 %) (delta_change:  0.198387 %) (delta_peak/R:  2.661019 %)
iter:   5900 (Jcost: 3.142167e-02) (lr = 1.708e+00) (elapsed time: 4223.977) (secs/iter:  0.600) (n_accepted: 84%) (u_error:  1.023618 %) (beta_change:  8.066884 %) (delta_change:  0.198501 %) (delta_peak/R:  2.661184 %)
iter:   6000 (Jcost: 3.142154e-02) (lr = 2.545e-01) (elapsed time: 4286.212) (secs/iter:  0.622) (n_accepted: 77%) (u_error:  1.023640 %) (beta_change:  8.120381 %) (delta_change:  0.198581 %) (delta_peak/R:  2.661161 %)
-> Saved file: /media/rafael/DATA/Dropbox/20220924_FIML_solver/data/output/field_inversion/Beta_k/u_imp_10/FI_run_cProp_u_imp_10_k_imp_1_e_imp_0/FI_run_cProp_u_imp_10_k_imp_1_e_imp_0_state_iter_6000.dat
iter:   6100 (Jcost: 3.142142e-02) (lr = 3.793e-02) (elapsed time: 4355.871) (secs/iter:  0.697) (n_accepted: 77%) (u_error:  1.023695 %) (beta_change:  8.176681 %) (delta_change:  0.198660 %) (delta_peak/R:  2.661094 %)
iter:   6200 (Jcost: 3.142128e-02) (lr = 1.357e-02) (elapsed time: 4421.369) (secs/iter:  0.655) (n_accepted: 78%) (u_error:  1.023636 %) (beta_change:  8.240014 %) (delta_change:  0.198742 %) (delta_peak/R:  2.661174 %)
iter:   6300 (Jcost: 3.142117e-02) (lr = 3.864e-01) (elapsed time: 4485.364) (secs/iter:  0.640) (n_accepted: 83%) (u_error:  1.023429 %) (beta_change:  8.294828 %) (delta_change:  0.198804 %) (delta_peak/R:  2.661444 %)
iter:   6400 (Jcost: 3.142107e-02) (lr = 7.960e-01) (elapsed time: 4549.888) (secs/iter:  0.645) (n_accepted: 80%) (u_error:  1.023710 %) (beta_change:  8.340003 %) (delta_change:  0.198859 %) (delta_peak/R:  2.661089 %)
iter:   6500 (Jcost: 3.142096e-02) (lr = 2.847e-01) (elapsed time: 4611.259) (secs/iter:  0.614) (n_accepted: 78%) (u_error:  1.023680 %) (beta_change:  8.390544 %) (delta_change:  0.198911 %) (delta_peak/R:  2.661132 %)
-> Saved file: /media/rafael/DATA/Dropbox/20220924_FIML_solver/data/output/field_inversion/Beta_k/u_imp_10/FI_run_cProp_u_imp_10_k_imp_1_e_imp_0/FI_run_cProp_u_imp_10_k_imp_1_e_imp_0_state_iter_6500.dat
iter:   6600 (Jcost: 3.142086e-02) (lr = 2.444e-01) (elapsed time: 4680.185) (secs/iter:  0.689) (n_accepted: 79%) (u_error:  1.023657 %) (beta_change:  8.440555 %) (delta_change:  0.198960 %) (delta_peak/R:  2.661165 %)
iter:   6700 (Jcost: 3.142076e-02) (lr = 3.642e-02) (elapsed time: 4745.340) (secs/iter:  0.652) (n_accepted: 77%) (u_error:  1.023650 %) (beta_change:  8.492048 %) (delta_change:  0.199007 %) (delta_peak/R:  2.661178 %)
iter:   6800 (Jcost: 3.142066e-02) (lr = 4.322e-01) (elapsed time: 4808.146) (secs/iter:  0.628) (n_accepted: 82%) (u_error:  1.023460 %) (beta_change:  8.549820 %) (delta_change:  0.199053 %) (delta_peak/R:  2.661426 %)
iter:   6900 (Jcost: 3.142058e-02) (lr = 8.903e-01) (elapsed time: 4864.870) (secs/iter:  0.567) (n_accepted: 80%) (u_error:  1.023626 %) (beta_change:  8.591124 %) (delta_change:  0.199087 %) (delta_peak/R:  2.661218 %)
iter:   7000 (Jcost: 3.142051e-02) (lr = 2.304e-02) (elapsed time: 4902.531) (secs/iter:  0.377) (n_accepted: 75%) (u_error:  1.023633 %) (beta_change:  8.629877 %) (delta_change:  0.199230 %) (delta_peak/R:  2.661213 %)
-> Saved file: /media/rafael/DATA/Dropbox/20220924_FIML_solver/data/output/field_inversion/Beta_k/u_imp_10/FI_run_cProp_u_imp_10_k_imp_1_e_imp_0/FI_run_cProp_u_imp_10_k_imp_1_e_imp_0_state_iter_7000.dat
iter:   7100 (Jcost: 3.142045e-02) (lr = 1.139e-01) (elapsed time: 4942.459) (secs/iter:  0.399) (n_accepted: 81%) (u_error:  1.023629 %) (beta_change:  8.660658 %) (delta_change:  0.199385 %) (delta_peak/R:  2.661221 %)
iter:   7200 (Jcost: 3.142036e-02) (lr = 4.074e-02) (elapsed time: 4979.123) (secs/iter:  0.367) (n_accepted: 78%) (u_error:  1.023650 %) (beta_change:  8.711690 %) (delta_change:  0.199624 %) (delta_peak/R:  2.661199 %)
iter:   7300 (Jcost: 3.142029e-02) (lr = 3.497e-02) (elapsed time: 5022.482) (secs/iter:  0.434) (n_accepted: 79%) (u_error:  1.023616 %) (beta_change:  8.755797 %) (delta_change:  0.199814 %) (delta_peak/R:  2.661247 %)
iter:   7400 (Jcost: 3.142021e-02) (lr = 9.959e-01) (elapsed time: 5058.598) (secs/iter:  0.361) (n_accepted: 83%) (u_error:  1.023708 %) (beta_change:  8.800947 %) (delta_change:  0.199990 %) (delta_peak/R:  2.661134 %)
iter:   7500 (Jcost: 3.142014e-02) (lr = 2.052e+00) (elapsed time: 5094.521) (secs/iter:  0.359) (n_accepted: 80%) (u_error:  1.023657 %) (beta_change:  8.843858 %) (delta_change:  0.200143 %) (delta_peak/R:  2.661203 %)
-> Saved file: /media/rafael/DATA/Dropbox/20220924_FIML_solver/data/output/field_inversion/Beta_k/u_imp_10/FI_run_cProp_u_imp_10_k_imp_1_e_imp_0/FI_run_cProp_u_imp_10_k_imp_1_e_imp_0_state_iter_7500.dat
iter:   7600 (Jcost: 3.142008e-02) (lr = 3.058e-01) (elapsed time: 5134.441) (secs/iter:  0.399) (n_accepted: 77%) (u_error:  1.023637 %) (beta_change:  8.881533 %) (delta_change:  0.200264 %) (delta_peak/R:  2.661234 %)
iter:   7700 (Jcost: 3.142002e-02) (lr = 1.094e-01) (elapsed time: 5172.568) (secs/iter:  0.381) (n_accepted: 78%) (u_error:  1.023666 %) (beta_change:  8.919206 %) (delta_change:  0.200373 %) (delta_peak/R:  2.661200 %)
iter:   7800 (Jcost: 3.141996e-02) (lr = 3.911e-02) (elapsed time: 5210.255) (secs/iter:  0.377) (n_accepted: 78%) (u_error:  1.023663 %) (beta_change:  8.958809 %) (delta_change:  0.200475 %) (delta_peak/R:  2.661208 %)
iter:   7900 (Jcost: 3.141989e-02) (lr = 1.399e-02) (elapsed time: 5245.784) (secs/iter:  0.355) (n_accepted: 78%) (u_error:  1.023643 %) (beta_change:  9.002200 %) (delta_change:  0.200572 %) (delta_peak/R:  2.661240 %)
iter:   8000 (Jcost: 3.141983e-02) (lr = 3.984e-01) (elapsed time: 5281.934) (secs/iter:  0.361) (n_accepted: 83%) (u_error:  1.023474 %) (beta_change:  9.044209 %) (delta_change:  0.200652 %) (delta_peak/R:  2.661460 %)
-> Saved file: /media/rafael/DATA/Dropbox/20220924_FIML_solver/data/output/field_inversion/Beta_k/u_imp_10/FI_run_cProp_u_imp_10_k_imp_1_e_imp_0/FI_run_cProp_u_imp_10_k_imp_1_e_imp_0_state_iter_8000.dat
iter:   8100 (Jcost: 3.141979e-02) (lr = 8.208e-01) (elapsed time: 5320.607) (secs/iter:  0.387) (n_accepted: 80%) (u_error:  1.023641 %) (beta_change:  9.072755 %) (delta_change:  0.200696 %) (delta_peak/R:  2.661249 %)
iter:   8200 (Jcost: 3.141973e-02) (lr = 2.936e-01) (elapsed time: 5357.002) (secs/iter:  0.364) (n_accepted: 78%) (u_error:  1.023666 %) (beta_change:  9.112908 %) (delta_change:  0.200749 %) (delta_peak/R:  2.661221 %)
iter:   8300 (Jcost: 3.141968e-02) (lr = 4.375e-02) (elapsed time: 5394.336) (secs/iter:  0.373) (n_accepted: 77%) (u_error:  1.023635 %) (beta_change:  9.145722 %) (delta_change:  0.200782 %) (delta_peak/R:  2.661265 %)
iter:   8400 (Jcost: 3.141963e-02) (lr = 1.565e-02) (elapsed time: 5431.127) (secs/iter:  0.368) (n_accepted: 78%) (u_error:  1.023634 %) (beta_change:  9.187383 %) (delta_change:  0.200812 %) (delta_peak/R:  2.661271 %)
iter:   8500 (Jcost: 3.141959e-02) (lr = 1.857e-01) (elapsed time: 5466.465) (secs/iter:  0.353) (n_accepted: 82%) (u_error:  1.023638 %) (beta_change:  9.211398 %) (delta_change:  0.200823 %) (delta_peak/R:  2.661269 %)
-> Saved file: /media/rafael/DATA/Dropbox/20220924_FIML_solver/data/output/field_inversion/Beta_k/u_imp_10/FI_run_cProp_u_imp_10_k_imp_1_e_imp_0/FI_run_cProp_u_imp_10_k_imp_1_e_imp_0_state_iter_8500.dat
iter:   8600 (Jcost: 3.141955e-02) (lr = 1.594e-01) (elapsed time: 5505.902) (secs/iter:  0.394) (n_accepted: 79%) (u_error:  1.023569 %) (beta_change:  9.244869 %) (delta_change:  0.200831 %) (delta_peak/R:  2.661361 %)
iter:   8700 (Jcost: 3.141952e-02) (lr = 5.701e-02) (elapsed time: 5541.729) (secs/iter:  0.358) (n_accepted: 78%) (u_error:  1.023620 %) (beta_change:  9.270287 %) (delta_change:  0.200830 %) (delta_peak/R:  2.661299 %)
iter:   8800 (Jcost: 3.141947e-02) (lr = 2.039e-02) (elapsed time: 5579.594) (secs/iter:  0.379) (n_accepted: 78%) (u_error:  1.023637 %) (beta_change:  9.301262 %) (delta_change:  0.200823 %) (delta_peak/R:  2.661281 %)
iter:   8900 (Jcost: 3.141943e-02) (lr = 1.008e-01) (elapsed time: 5627.449) (secs/iter:  0.479) (n_accepted: 81%) (u_error:  1.023677 %) (beta_change:  9.334105 %) (delta_change:  0.200807 %) (delta_peak/R:  2.661234 %)
iter:   9000 (Jcost: 3.141940e-02) (lr = 4.985e-01) (elapsed time: 5664.148) (secs/iter:  0.367) (n_accepted: 81%) (u_error:  1.023641 %) (beta_change:  9.360108 %) (delta_change:  0.200788 %) (delta_peak/R:  2.661283 %)
-> Saved file: /media/rafael/DATA/Dropbox/20220924_FIML_solver/data/output/field_inversion/Beta_k/u_imp_10/FI_run_cProp_u_imp_10_k_imp_1_e_imp_0/FI_run_cProp_u_imp_10_k_imp_1_e_imp_0_state_iter_9000.dat
iter:   9100 (Jcost: 3.141936e-02) (lr = 1.783e-01) (elapsed time: 5701.716) (secs/iter:  0.376) (n_accepted: 78%) (u_error:  1.023639 %) (beta_change:  9.393051 %) (delta_change:  0.200758 %) (delta_peak/R:  2.661290 %)
iter:   9200 (Jcost: 3.141932e-02) (lr = 2.657e-02) (elapsed time: 5739.218) (secs/iter:  0.375) (n_accepted: 77%) (u_error:  1.023628 %) (beta_change:  9.426104 %) (delta_change:  0.200719 %) (delta_peak/R:  2.661308 %)
iter:   9300 (Jcost: 3.141928e-02) (lr = 2.281e-02) (elapsed time: 5783.499) (secs/iter:  0.443) (n_accepted: 79%) (u_error:  1.023636 %) (beta_change:  9.456243 %) (delta_change:  0.200676 %) (delta_peak/R:  2.661301 %)
iter:   9400 (Jcost: 3.141925e-02) (lr = 4.699e-02) (elapsed time: 5843.428) (secs/iter:  0.599) (n_accepted: 80%) (u_error:  1.023742 %) (beta_change:  9.485310 %) (delta_change:  0.200627 %) (delta_peak/R:  2.661170 %)
iter:   9500 (Jcost: 3.141921e-02) (lr = 1.338e+00) (elapsed time: 5896.064) (secs/iter:  0.526) (n_accepted: 83%) (u_error:  1.023646 %) (beta_change:  9.517258 %) (delta_change:  0.200569 %) (delta_peak/R:  2.661296 %)
-> Saved file: /media/rafael/DATA/Dropbox/20220924_FIML_solver/data/output/field_inversion/Beta_k/u_imp_10/FI_run_cProp_u_imp_10_k_imp_1_e_imp_0/FI_run_cProp_u_imp_10_k_imp_1_e_imp_0_state_iter_9500.dat
iter:   9600 (Jcost: 3.141918e-02) (lr = 4.786e-01) (elapsed time: 5960.646) (secs/iter:  0.646) (n_accepted: 78%) (u_error:  1.023638 %) (beta_change:  9.540868 %) (delta_change:  0.200520 %) (delta_peak/R:  2.661309 %)
iter:   9700 (Jcost: 3.141915e-02) (lr = 7.133e-02) (elapsed time: 6021.977) (secs/iter:  0.613) (n_accepted: 77%) (u_error:  1.023628 %) (beta_change:  9.574927 %) (delta_change:  0.200443 %) (delta_peak/R:  2.661326 %)
iter:   9800 (Jcost: 3.141911e-02) (lr = 2.551e-02) (elapsed time: 6079.146) (secs/iter:  0.572) (n_accepted: 78%) (u_error:  1.023640 %) (beta_change:  9.605916 %) (delta_change:  0.200366 %) (delta_peak/R:  2.661314 %)
iter:   9900 (Jcost: 3.141909e-02) (lr = 7.265e-01) (elapsed time: 6140.582) (secs/iter:  0.614) (n_accepted: 83%) (u_error:  1.023653 %) (beta_change:  9.628603 %) (delta_change:  0.200305 %) (delta_peak/R:  2.661302 %)
iter:  10000 (Jcost: 3.141906e-02) (lr = 1.880e-02) (elapsed time: 6198.088) (secs/iter:  0.575) (n_accepted: 75%) (u_error:  1.023636 %) (beta_change:  9.658009 %) (delta_change:  0.200221 %) (delta_peak/R:  2.661327 %)
-> Saved file: /media/rafael/DATA/Dropbox/20220924_FIML_solver/data/output/field_inversion/Beta_k/u_imp_10/FI_run_cProp_u_imp_10_k_imp_1_e_imp_0/FI_run_cProp_u_imp_10_k_imp_1_e_imp_0_state_iter_10000.dat
iter:  10100 (Jcost: 3.141903e-02) (lr = 9.294e-02) (elapsed time: 6262.635) (secs/iter:  0.645) (n_accepted: 81%) (u_error:  1.023723 %) (beta_change:  9.684508 %) (delta_change:  0.200139 %) (delta_peak/R:  2.661219 %)
iter:  10200 (Jcost: 3.141900e-02) (lr = 1.103e+00) (elapsed time: 6318.285) (secs/iter:  0.557) (n_accepted: 82%) (u_error:  1.023630 %) (beta_change:  9.711346 %) (delta_change:  0.200053 %) (delta_peak/R:  2.661341 %)
iter:  10300 (Jcost: 3.141898e-02) (lr = 6.849e-02) (elapsed time: 6381.729) (secs/iter:  0.634) (n_accepted: 76%) (u_error:  1.023630 %) (beta_change:  9.734348 %) (delta_change:  0.199976 %) (delta_peak/R:  2.661344 %)
iter:  10400 (Jcost: 3.141895e-02) (lr = 2.449e-02) (elapsed time: 6443.351) (secs/iter:  0.616) (n_accepted: 78%) (u_error:  1.023605 %) (beta_change:  9.758438 %) (delta_change:  0.199890 %) (delta_peak/R:  2.661380 %)
iter:  10500 (Jcost: 3.141892e-02) (lr = 1.674e+00) (elapsed time: 6498.866) (secs/iter:  0.555) (n_accepted: 84%) (u_error:  1.023578 %) (beta_change:  9.787946 %) (delta_change:  0.199781 %) (delta_peak/R:  2.661417 %)
-> Saved file: /media/rafael/DATA/Dropbox/20220924_FIML_solver/data/output/field_inversion/Beta_k/u_imp_10/FI_run_cProp_u_imp_10_k_imp_1_e_imp_0/FI_run_cProp_u_imp_10_k_imp_1_e_imp_0_state_iter_10500.dat
iter:  10600 (Jcost: 3.141890e-02) (lr = 1.437e+00) (elapsed time: 6559.390) (secs/iter:  0.605) (n_accepted: 79%) (u_error:  1.023637 %) (beta_change:  9.811323 %) (delta_change:  0.199690 %) (delta_peak/R:  2.661345 %)
iter:  10700 (Jcost: 3.141887e-02) (lr = 5.140e-01) (elapsed time: 6619.712) (secs/iter:  0.603) (n_accepted: 78%) (u_error:  1.023640 %) (beta_change:  9.837636 %) (delta_change:  0.199584 %) (delta_peak/R:  2.661345 %)
iter:  10800 (Jcost: 3.141885e-02) (lr = 7.660e-02) (elapsed time: 6679.736) (secs/iter:  0.600) (n_accepted: 77%) (u_error:  1.023639 %) (beta_change:  9.859308 %) (delta_change:  0.199494 %) (delta_peak/R:  2.661350 %)
iter:  10900 (Jcost: 3.141883e-02) (lr = 2.740e-02) (elapsed time: 6738.722) (secs/iter:  0.590) (n_accepted: 78%) (u_error:  1.023688 %) (beta_change:  9.882307 %) (delta_change:  0.199395 %) (delta_peak/R:  2.661290 %)
iter:  11000 (Jcost: 3.141881e-02) (lr = 7.803e-01) (elapsed time: 6778.017) (secs/iter:  0.393) (n_accepted: 83%) (u_error:  1.023626 %) (beta_change:  9.900991 %) (delta_change:  0.199371 %) (delta_peak/R:  2.661371 %)
-> Saved file: /media/rafael/DATA/Dropbox/20220924_FIML_solver/data/output/field_inversion/Beta_k/u_imp_10/FI_run_cProp_u_imp_10_k_imp_1_e_imp_0/FI_run_cProp_u_imp_10_k_imp_1_e_imp_0_state_iter_11000.dat
iter:  11100 (Jcost: 3.141880e-02) (lr = 2.791e-01) (elapsed time: 6815.108) (secs/iter:  0.371) (n_accepted: 78%) (u_error:  1.023639 %) (beta_change:  9.919917 %) (delta_change:  0.199368 %) (delta_peak/R:  2.661358 %)
iter:  11200 (Jcost: 3.141877e-02) (lr = 4.159e-02) (elapsed time: 6849.837) (secs/iter:  0.347) (n_accepted: 77%) (u_error:  1.023617 %) (beta_change:  9.947703 %) (delta_change:  0.199364 %) (delta_peak/R:  2.661390 %)
iter:  11300 (Jcost: 3.141875e-02) (lr = 3.570e-02) (elapsed time: 6883.294) (secs/iter:  0.335) (n_accepted: 79%) (u_error:  1.023630 %) (beta_change:  9.972384 %) (delta_change:  0.199360 %) (delta_peak/R:  2.661376 %)
iter:  11400 (Jcost: 3.141873e-02) (lr = 4.237e-01) (elapsed time: 6930.749) (secs/iter:  0.475) (n_accepted: 82%) (u_error:  1.023669 %) (beta_change:  9.994661 %) (delta_change:  0.199357 %) (delta_peak/R:  2.661330 %)
iter:  11500 (Jcost: 3.141871e-02) (lr = 8.728e-01) (elapsed time: 6988.941) (secs/iter:  0.582) (n_accepted: 80%) (u_error:  1.023624 %) (beta_change: 10.012921 %) (delta_change:  0.199354 %) (delta_peak/R:  2.661389 %)
-> Saved file: /media/rafael/DATA/Dropbox/20220924_FIML_solver/data/output/field_inversion/Beta_k/u_imp_10/FI_run_cProp_u_imp_10_k_imp_1_e_imp_0/FI_run_cProp_u_imp_10_k_imp_1_e_imp_0_state_iter_11500.dat
iter:  11600 (Jcost: 3.141870e-02) (lr = 7.492e-01) (elapsed time: 7050.703) (secs/iter:  0.618) (n_accepted: 79%) (u_error:  1.023644 %) (beta_change: 10.032656 %) (delta_change:  0.199351 %) (delta_peak/R:  2.661366 %)
iter:  11700 (Jcost: 3.141868e-02) (lr = 1.117e-01) (elapsed time: 7110.648) (secs/iter:  0.599) (n_accepted: 77%) (u_error:  1.023658 %) (beta_change: 10.051694 %) (delta_change:  0.199347 %) (delta_peak/R:  2.661351 %)
iter:  11800 (Jcost: 3.141866e-02) (lr = 3.993e-02) (elapsed time: 7169.526) (secs/iter:  0.589) (n_accepted: 78%) (u_error:  1.023622 %) (beta_change: 10.071244 %) (delta_change:  0.199343 %) (delta_peak/R:  2.661400 %)
iter:  11900 (Jcost: 3.141865e-02) (lr = 3.428e-02) (elapsed time: 7226.922) (secs/iter:  0.574) (n_accepted: 79%) (u_error:  1.023650 %) (beta_change: 10.091305 %) (delta_change:  0.199340 %) (delta_peak/R:  2.661367 %)
iter:  12000 (Jcost: 3.141863e-02) (lr = 9.763e-01) (elapsed time: 7283.346) (secs/iter:  0.564) (n_accepted: 83%) (u_error:  1.023723 %) (beta_change: 10.111725 %) (delta_change:  0.199337 %) (delta_peak/R:  2.661276 %)
-> Saved file: /media/rafael/DATA/Dropbox/20220924_FIML_solver/data/output/field_inversion/Beta_k/u_imp_10/FI_run_cProp_u_imp_10_k_imp_1_e_imp_0/FI_run_cProp_u_imp_10_k_imp_1_e_imp_0_state_iter_12000.dat
iter:  12100 (Jcost: 3.141862e-02) (lr = 2.526e-02) (elapsed time: 7348.764) (secs/iter:  0.654) (n_accepted: 75%) (u_error:  1.023636 %) (beta_change: 10.124397 %) (delta_change:  0.199334 %) (delta_peak/R:  2.661390 %)
iter:  12200 (Jcost: 3.141860e-02) (lr = 2.168e-02) (elapsed time: 7408.717) (secs/iter:  0.600) (n_accepted: 79%) (u_error:  1.023643 %) (beta_change: 10.143730 %) (delta_change:  0.199330 %) (delta_peak/R:  2.661384 %)
iter:  12300 (Jcost: 3.141859e-02) (lr = 1.482e+00) (elapsed time: 7468.086) (secs/iter:  0.594) (n_accepted: 84%) (u_error:  1.023565 %) (beta_change: 10.162028 %) (delta_change:  0.199325 %) (delta_peak/R:  2.661486 %)
iter:  12400 (Jcost: 3.141858e-02) (lr = 5.301e-01) (elapsed time: 7523.791) (secs/iter:  0.557) (n_accepted: 78%) (u_error:  1.023643 %) (beta_change: 10.179061 %) (delta_change:  0.199323 %) (delta_peak/R:  2.661389 %)
iter:  12500 (Jcost: 3.141856e-02) (lr = 4.550e-01) (elapsed time: 7582.548) (secs/iter:  0.588) (n_accepted: 79%) (u_error:  1.023643 %) (beta_change: 10.196475 %) (delta_change:  0.199319 %) (delta_peak/R:  2.661392 %)
-> Saved file: /media/rafael/DATA/Dropbox/20220924_FIML_solver/data/output/field_inversion/Beta_k/u_imp_10/FI_run_cProp_u_imp_10_k_imp_1_e_imp_0/FI_run_cProp_u_imp_10_k_imp_1_e_imp_0_state_iter_12500.dat
iter:  12600 (Jcost: 3.141855e-02) (lr = 1.177e-02) (elapsed time: 7645.756) (secs/iter:  0.632) (n_accepted: 75%) (u_error:  1.023631 %) (beta_change: 10.214726 %) (delta_change:  0.199315 %) (delta_peak/R:  2.661409 %)
iter:  12700 (Jcost: 3.141854e-02) (lr = 8.046e-01) (elapsed time: 7703.191) (secs/iter:  0.574) (n_accepted: 84%) (u_error:  1.023620 %) (beta_change: 10.229202 %) (delta_change:  0.199312 %) (delta_peak/R:  2.661425 %)
iter:  12800 (Jcost: 3.141852e-02) (lr = 2.082e-02) (elapsed time: 7763.100) (secs/iter:  0.599) (n_accepted: 75%) (u_error:  1.023641 %) (beta_change: 10.244167 %) (delta_change:  0.199309 %) (delta_peak/R:  2.661401 %)
iter:  12900 (Jcost: 3.141851e-02) (lr = 2.470e-01) (elapsed time: 7818.818) (secs/iter:  0.557) (n_accepted: 82%) (u_error:  1.023655 %) (beta_change: 10.258202 %) (delta_change:  0.199306 %) (delta_peak/R:  2.661385 %)
iter:  13000 (Jcost: 3.141850e-02) (lr = 1.534e-02) (elapsed time: 7877.251) (secs/iter:  0.584) (n_accepted: 76%) (u_error:  1.023636 %) (beta_change: 10.274901 %) (delta_change:  0.199302 %) (delta_peak/R:  2.661412 %)
-> Saved file: /media/rafael/DATA/Dropbox/20220924_FIML_solver/data/output/field_inversion/Beta_k/u_imp_10/FI_run_cProp_u_imp_10_k_imp_1_e_imp_0/FI_run_cProp_u_imp_10_k_imp_1_e_imp_0_state_iter_13000.dat
iter:  13100 (Jcost: 3.141849e-02) (lr = 1.048e+00) (elapsed time: 7937.881) (secs/iter:  0.606) (n_accepted: 84%) (u_error:  1.023665 %) (beta_change: 10.290305 %) (delta_change:  0.199298 %) (delta_peak/R:  2.661377 %)
iter:  13200 (Jcost: 3.141848e-02) (lr = 3.750e-01) (elapsed time: 7994.065) (secs/iter:  0.562) (n_accepted: 78%) (u_error:  1.023638 %) (beta_change: 10.303800 %) (delta_change:  0.199295 %) (delta_peak/R:  2.661414 %)
iter:  13300 (Jcost: 3.141847e-02) (lr = 3.219e-01) (elapsed time: 8050.912) (secs/iter:  0.568) (n_accepted: 79%) (u_error:  1.023638 %) (beta_change: 10.320808 %) (delta_change:  0.199291 %) (delta_peak/R:  2.661415 %)
iter:  13400 (Jcost: 3.141846e-02) (lr = 4.797e-02) (elapsed time: 8108.222) (secs/iter:  0.573) (n_accepted: 77%) (u_error:  1.023652 %) (beta_change: 10.337033 %) (delta_change:  0.199287 %) (delta_peak/R:  2.661401 %)
iter:  13461 (Jcost: 3.141845e-02) (lr = 7.992e-11) (elapsed time: 8132.328) (secs/iter:  0.395) (n_accepted: 42%) (u_error:  1.023644 %) (beta_change: 10.342268 %) (delta_change:  0.199286 %) (delta_peak/R:  2.661411 %)
-> Saved file: /media/rafael/DATA/Dropbox/20220924_FIML_solver/data/output/field_inversion/Beta_k/u_imp_10/FI_run_cProp_u_imp_10_k_imp_1_e_imp_0/FI_run_cProp_u_imp_10_k_imp_1_e_imp_0_state_iter_13461.dat
