# ------------------------------------------------------------------------
#                  Input Arguments
# ------------------------------------------------------------------------
# Begin_Input_Arguments
{ 'all_b_mode': ['Beta_k', 'Beta_e'],
  'args_mk_solver': { 'torch': "<module 'torch' from "
                               "'/home/rafael/anaconda3/lib/python3.9/site-packages/torch/__init__.py'>",
                      'y_grid': [0.0, 0.000309700312, 0.000638645973, 0.00098802599, 0.00135910194, 0.00175321227, 0.00217177688, 0.00261630193, 0.00308838486, 0.00358971984, 0.00412210331, 0.00468744001, 0.00528774917, 0.00592517114, 0.00660197432, 0.0073205624, 0.00808348206, 0.00889343092, 0.00975326602, 0.0106660126, 0.0116348733, 0.0126632377, 0.0137546927, 0.0149130326, 0.0161422702, 0.0174466482, 0.0188306506, 0.0202990157, 0.0218567475, 0.02350913, 0.0252617393, 0.0271204584, 0.0290914903, 0.0311813732, 0.033396994, 0.0357456039, 0.0382348325, 0.0408727029, 0.0436676462, 0.0466285159, 0.0497646022, 0.0530856456, 0.0566018496, 0.0603238931, 0.0642629411, 0.068430655, 0.0728392004, 0.0775012535, 0.0824300053, 0.0876391634, 0.0931429507, 0.0989561006, 0.105093849, 0.111571922, 0.118406518, 0.125614286, 0.133212296, 0.141218006, 0.14964922, 0.158524039, 0.167860801, 0.177678022, 0.187994313, 0.1988283, 0.21019853, 0.222123362, 0.234620856, 0.247708641, 0.261403784, 0.275722637, 0.290680679, 0.306292354, 0.322570888, 0.339528108, 0.357174255, 0.375517785, 0.394565175, 0.414320726, 0.43478637, 0.45596148, 0.47784269, 0.500423731, 0.523695275, 0.547644806, 0.572256506, 0.597511177, 0.623386184, 0.649855436, 0.676889401, 0.704455158, 0.73251649, 0.761034018, 0.789965372, 0.819265404, 0.848886442, 0.878778572, 0.908889961, 0.939167201, 0.969555687, 1.0],
                      'Ret': 4178.88,
                      'cp': 1.0,
                      'A_sca_rho': 1.0,
                      'A_sca_mu': 0.00023929856803736886,
                      'A_sca_k': 0.00023929856803736886,
                      'b_exp_rho': 0.0,
                      'b_exp_mu': 0.0,
                      'b_exp_k': 0.0,
                      'tensor_device': 'cpu',
                      'as_tensor': '<function '
                                   'Build_arguments_fi_run._mk_args_MK_solver.<locals>.<lambda> '
                                   'at 0x7fdde8fa8430>',
                      'ref_dns': { 'u_dns': [0.0, 1.29342908, 2.65194048, 4.03670512, 5.40859779, 6.68695496, 7.86019195, 8.91069256, 9.80895505, 10.5848082, 11.256716, 11.838802, 12.3296382, 12.7600093, 13.1410586, 13.4759394, 13.7744531, 14.0477365, 14.2950609, 14.5257574, 14.7416361, 14.9463957, 15.1419829, 15.331636, 15.5147581, 15.6944977, 15.8714078, 16.0458343, 16.2182932, 16.3895662, 16.5599086, 16.7295497, 16.8986118, 17.0669143, 17.2349262, 17.4028312, 17.5701228, 17.7374358, 17.9041343, 18.0707044, 18.2370016, 18.4029699, 18.5685661, 18.7337707, 18.8985825, 19.0628993, 19.2265908, 19.3896394, 19.5519311, 19.7132729, 19.8736228, 20.0329364, 20.1911376, 20.3479704, 20.5037328, 20.658259, 20.8113699, 20.9630469, 21.1135511, 21.2631337, 21.4122384, 21.561234, 21.7100392, 21.8580649, 22.0049074, 22.1497712, 22.2927547, 22.4339372, 22.573864, 22.7126255, 22.8505065, 22.9881435, 23.1249588, 23.2612122, 23.3980224, 23.5351472, 23.6720493, 23.8088436, 23.9452111, 24.0800664, 24.2132574, 24.3458709, 24.4777305, 24.6088033, 24.7377587, 24.8656065, 24.9912607, 25.1139727, 25.2325247, 25.3453248, 25.4509185, 25.5499422, 25.640263, 25.719845, 25.7877871, 25.8450715, 25.8916591, 25.9270062, 25.9491387, 25.95648],
                                   'T_dns': [1.0, 1.0, 1.0, 1.0, 1.0, 1.0, 1.0, 1.0, 1.0, 1.0, 1.0, 1.0, 1.0, 1.0, 1.0, 1.0, 1.0, 1.0, 1.0, 1.0, 1.0, 1.0, 1.0, 1.0, 1.0, 1.0, 1.0, 1.0, 1.0, 1.0, 1.0, 1.0, 1.0, 1.0, 1.0, 1.0, 1.0, 1.0, 1.0, 1.0, 1.0, 1.0, 1.0, 1.0, 1.0, 1.0, 1.0, 1.0, 1.0, 1.0, 1.0, 1.0, 1.0, 1.0, 1.0, 1.0, 1.0, 1.0, 1.0, 1.0, 1.0, 1.0, 1.0, 1.0, 1.0, 1.0, 1.0, 1.0, 1.0, 1.0, 1.0, 1.0, 1.0, 1.0, 1.0, 1.0, 1.0, 1.0, 1.0, 1.0, 1.0, 1.0, 1.0, 1.0, 1.0, 1.0, 1.0, 1.0, 1.0, 1.0, 1.0, 1.0, 1.0, 1.0, 1.0, 1.0, 1.0, 1.0, 1.0, 1.0],
                                   'mu_dns': [0.00023929856803736886, 0.00023929856803736886, 0.00023929856803736886, 0.00023929856803736886, 0.00023929856803736886, 0.00023929856803736886, 0.00023929856803736886, 0.00023929856803736886, 0.00023929856803736886, 0.00023929856803736886, 0.00023929856803736886, 0.00023929856803736886, 0.00023929856803736886, 0.00023929856803736886, 0.00023929856803736886, 0.00023929856803736886, 0.00023929856803736886, 0.00023929856803736886, 0.00023929856803736886, 0.00023929856803736886, 0.00023929856803736886, 0.00023929856803736886, 0.00023929856803736886, 0.00023929856803736886, 0.00023929856803736886, 0.00023929856803736886, 0.00023929856803736886, 0.00023929856803736886, 0.00023929856803736886, 0.00023929856803736886, 0.00023929856803736886, 0.00023929856803736886, 0.00023929856803736886, 0.00023929856803736886, 0.00023929856803736886, 0.00023929856803736886, 0.00023929856803736886, 0.00023929856803736886, 0.00023929856803736886, 0.00023929856803736886, 0.00023929856803736886, 0.00023929856803736886, 0.00023929856803736886, 0.00023929856803736886, 0.00023929856803736886, 0.00023929856803736886, 0.00023929856803736886, 0.00023929856803736886, 0.00023929856803736886, 0.00023929856803736886, 0.00023929856803736886, 0.00023929856803736886, 0.00023929856803736886, 0.00023929856803736886, 0.00023929856803736886, 0.00023929856803736886, 0.00023929856803736886, 0.00023929856803736886, 0.00023929856803736886, 0.00023929856803736886, 0.00023929856803736886, 0.00023929856803736886, 0.00023929856803736886, 0.00023929856803736886, 0.00023929856803736886, 0.00023929856803736886, 0.00023929856803736886, 0.00023929856803736886, 0.00023929856803736886, 0.00023929856803736886, 0.00023929856803736886, 0.00023929856803736886, 0.00023929856803736886, 0.00023929856803736886, 0.00023929856803736886, 0.00023929856803736886, 0.00023929856803736886, 0.00023929856803736886, 0.00023929856803736886, 0.00023929856803736886, 0.00023929856803736886, 0.00023929856803736886, 0.00023929856803736886, 0.00023929856803736886, 0.00023929856803736886, 0.00023929856803736886, 0.00023929856803736886, 0.00023929856803736886, 0.00023929856803736886, 0.00023929856803736886, 0.00023929856803736886, 0.00023929856803736886, 0.00023929856803736886, 0.00023929856803736886, 0.00023929856803736886, 0.00023929856803736886, 0.00023929856803736886, 0.00023929856803736886, 0.00023929856803736886, 0.00023929856803736886],
                                   'rho_dns': [1.0, 1.0, 1.0, 1.0, 1.0, 1.0, 1.0, 1.0, 1.0, 1.0, 1.0, 1.0, 1.0, 1.0, 1.0, 1.0, 1.0, 1.0, 1.0, 1.0, 1.0, 1.0, 1.0, 1.0, 1.0, 1.0, 1.0, 1.0, 1.0, 1.0, 1.0, 1.0, 1.0, 1.0, 1.0, 1.0, 1.0, 1.0, 1.0, 1.0, 1.0, 1.0, 1.0, 1.0, 1.0, 1.0, 1.0, 1.0, 1.0, 1.0, 1.0, 1.0, 1.0, 1.0, 1.0, 1.0, 1.0, 1.0, 1.0, 1.0, 1.0, 1.0, 1.0, 1.0, 1.0, 1.0, 1.0, 1.0, 1.0, 1.0, 1.0, 1.0, 1.0, 1.0, 1.0, 1.0, 1.0, 1.0, 1.0, 1.0, 1.0, 1.0, 1.0, 1.0, 1.0, 1.0, 1.0, 1.0, 1.0, 1.0, 1.0, 1.0, 1.0, 1.0, 1.0, 1.0, 1.0, 1.0, 1.0, 1.0]},
                      'case': 'Jimenez_Re4200',
                      'constant_Sq_heat': 0.0,
                      'use_visc_heating': False,
                      'Pr_turb': 1.0,
                      'fprint': '<function '
                                'Build_arguments_fi_run._mk_args_MK_solver.<locals>.<lambda> '
                                'at 0x7fdde8fa8c10>',
                      'compressible_correction': False,
                      'bool_solve_energy': False,
                      'output_last': False},
  'u_imp': 0.1,
  'k_imp': 1,
  'e_imp': 1,
  'solve_sparse_adj': True,
  'all_ref_beta_distrib': {'K': [1.0, 0.99980105, 0.99984588, 1.00008626, 1.00048004, 1.00094379, 1.00138457, 1.00176547, 1.00208682, 1.00235839, 1.00258902, 1.00278501, 1.00295064, 1.0030887, 1.00320089, 1.00328825, 1.00335144, 1.00339096, 1.00340726, 1.00340092, 1.00337265, 1.00332329, 1.00325384, 1.0031655, 1.00305982, 1.00293892, 1.0028056, 1.00266362, 1.00251781, 1.00237402, 1.00223865, 1.00211748, 1.00201405, 1.00192787, 1.0018533, 1.00177938, 1.00169076, 1.00156925, 1.00139558, 1.001151, 1.0008185, 1.00038353, 0.99983451, 0.99916292, 0.9983634, 0.99743363, 0.99637432, 0.99518907, 0.99388431, 0.99246908, 0.99095495, 0.9893557, 0.98768707, 0.98596648, 0.98421263, 0.98244514, 0.98068417, 0.97895007, 0.97726293, 0.9756422, 0.97410638, 0.97267309, 0.97135907, 0.97018048, 0.96915301, 0.96829173, 0.96761064, 0.967122, 0.96683571, 0.96675878, 0.96689485, 0.96724403, 0.96780268, 0.96856344, 0.96951517, 0.97064319, 0.97192995, 0.97335551, 0.97489797, 0.97653403, 0.97823916, 0.97998771, 0.98175333, 0.98350988, 0.98523238, 0.98689779, 0.9884858, 0.98997975, 0.99136709, 0.99263934, 0.99379153, 0.99482105, 0.99572674, 0.99650819, 0.99716502, 0.99769681, 0.99810407, 0.99838943, 0.99855757, 0.99930646], 'E': [1.0, 0.99966722, 0.99947838, 0.99927875, 0.99896628, 0.9984066, 0.99766362, 0.99673927, 0.99562348, 0.9942991, 0.99274974, 0.99096375, 0.98893595, 0.98666829, 0.9841696, 0.98145197, 0.97852028, 0.97535727, 0.97198564, 0.96869814, 0.96616386, 0.9651067, 0.9658764, 0.96832649, 0.9719858, 0.97629875, 0.980788, 0.98511674, 0.98908623, 0.9926053, 0.99565598, 0.99826417, 1.000479, 1.002359, 1.00396412, 1.00535105, 1.00657102, 1.00766878, 1.00868261, 1.00964453, 1.01058081, 1.01151243, 1.01245561, 1.01342221, 1.01442022, 1.01545408, 1.01652502, 1.01763139, 1.01876898, 1.01993132, 1.02111002, 1.02229513, 1.02347548, 1.02463896, 1.02577296, 1.0268646, 1.02790106, 1.02886982, 1.02975899, 1.03055752, 1.03125535, 1.03184326, 1.03231284, 1.03265611, 1.03286551, 1.03293406, 1.03285563, 1.03262561, 1.0322412, 1.03170186, 1.03100949, 1.0301685, 1.02918583, 1.02807087, 1.02683542, 1.02549343, 1.02406045, 1.02255329, 1.02098967, 1.01938789, 1.01776674, 1.01614551, 1.01454367, 1.01298021, 1.01147293, 1.0100379, 1.00868886, 1.00743667, 1.00628896, 1.00525025, 1.00432246, 1.00350579, 1.00279927, 1.00220111, 1.00170893, 1.00131972, 1.00102892, 1.00082994, 1.00071494, 1.00033876]},
  'all_ref_delta_distrib': {'K': [-0.0, 0.07801174797621217, 0.07932698961001819, -0.05635841299624305, -0.37495803669941163, -0.81321209405051, -1.2104219560652287, -1.4739220690902088, -1.605939090292809, -1.643342599411813, -1.6210454484287333, -1.5635337062144468, -1.4863255655801864, -1.3988466030560749, -1.3067173265053647, -1.2133127823109973, -1.1206895263965915, -1.0301347435159025, -0.9424682290557557, -0.8582471111491274, -0.7778555610394448, -0.7015689379143355, -0.6295971828855909, -0.5621027193664879, -0.4992199292943076, -0.44107285791397005, -0.3877699831824103, -0.3394247290204513, -0.29614894896183763, -0.25803240472943745, -0.22508942066290089, -0.19716499845695412, -0.1738473618917037, -0.15441491187686632, -0.1378718761907343, -0.12305493602175548, -0.10878541453830885, -0.09400971444109799, -0.0778997482772515, -0.059902039955194906, -0.03974019432135269, -0.01738169412205391, 0.007004217956839592, 0.0331010590007658, 0.06048891127985956, 0.08868755942529438, 0.11718635488346284, 0.14547156342036674, 0.17304467596898318, 0.1994403376857999, 0.224235413955175, 0.2470606076753112, 0.267605956462257, 0.2856239013689284, 0.3009319920639454, 0.3134119959564831, 0.32300742770334956, 0.3297190770533659, 0.3336011422685784, 0.33475532267109975, 0.33332367377645733, 0.3294771380062498, 0.3234069803121451, 0.31531452082905587, 0.30540527838038145, 0.29388683882293654, 0.2809695264883659, 0.2668680714302797, 0.25180160465915236, 0.23599221100421913, 0.21966278751489168, 0.2030328117137617, 0.18631520422751865, 0.1697123141082277, 0.1534133007293074, 0.13759068987519035, 0.12239609556631932, 0.10795834041900158, 0.09438273013100118, 0.08175055996619801, 0.07012061169175961, 0.059530828828669335, 0.049999045976445854, 0.041522803696659734, 0.03407995777688456, 0.027630419333775507, 0.022118323619384057, 0.017474345137977416, 0.01361916106310759, 0.010467504197095226, 0.007932295651467627, 0.005928510153926518, 0.004375592227278544, 0.0031989448313683557, 0.002331098028583015, 0.0017122825947442578, 0.0012906616297671232, 0.0010230231056817059, 0.0008763226351852466, 0.0004149162396217755], 'E': [-0.0, 31.536882389640525, 81.97612550473437, 171.08357610399193, 318.1522849677293, 517.1471113846465, 718.544516044117, 880.6503956793074, 993.0424985447349, 1063.0808093023365, 1101.5176526760397, 1117.2081015853062, 1116.3990681794903, 1103.2899158225794, 1080.7201044962371, 1050.8435721450148, 1015.7739390416325, 977.9184457480867, 937.3687253993927, 886.7763273666374, 814.4507934054467, 715.7269866753237, 597.9539068361948, 475.1874667413513, 360.5487588650836, 262.17071455170174, 182.97577959954074, 122.26130322333928, 77.46058527614424, 45.422186645113, 23.130489831047154, 8.024593980802658, -1.925400068248482, -8.256499624548704, -12.096906311860195, -14.254946165057111, -15.29889445380521, -15.621337224915946, -15.48938453608086, -15.081654029124685, -14.51542772546515, -13.865938635763174, -13.180113715878894, -12.486073751253038, -11.799834219582333, -11.12975979605765, -10.479611927235, -9.85056606910445, -9.24250707479185, -8.654819001165524, -8.086857146907086, -7.538193048519971, -7.008697796677136, -6.498520842682097, -6.0080670588413625, -5.5378893127237045, -5.0886131106695345, -4.660850800730705, -4.255149526827067, -3.8719345485681984, -3.5114674383656745, -3.1737964450234797, -2.858753908486813, -2.565941747890843, -2.294771251214086, -2.0445116820547735, -1.8143354451006946, -1.6033714017268088, -1.4107200614490063, -1.2354718695852769, -1.0767096579959308, -0.9335094587359698, -0.8049430127219568, -0.6900802225358831, -0.5879950855977708, -0.4977678630093715, -0.4184847423216341, -0.34924507270429334, -0.2891684846551876, -0.23740174286401605, -0.19312715118267043, -0.15556897812798806, -0.12399418534495567, -0.09771039578323185, -0.07606517124563032, -0.05844747393345247, -0.04428880427594489, -0.03306467211564688, -0.024296622115640782, -0.017554935746077045, -0.012460404533422542, -0.008684612414081447, -0.005947189640724713, -0.004012023962006171, -0.002683457061923431, -0.0018026465721356572, -0.0012436241010601375, -0.0009107843201112973, -0.000737218050692628, -0.00034187025623722803]},
  'fname_print': '/media/rafael/DATA/Dropbox/20220924_FIML_solver/data/output/field_inversion/Beta_k__1__Beta_e__1/u_imp_0.1/FI_run_Jimenez_Re4200_u_imp_0.1_k_imp_1_e_imp_1/FI_run_Jimenez_Re4200_u_imp_0.1_k_imp_1_e_imp_1.log',
  'folder': '/media/rafael/DATA/Dropbox/20220924_FIML_solver/data/output/field_inversion/Beta_k__1__Beta_e__1/u_imp_0.1/FI_run_Jimenez_Re4200_u_imp_0.1_k_imp_1_e_imp_1',
  'iters_limit': 15000}
# End_Input_Arguments

# ------------------------------------------------------------------------
#                  Iterations
# ------------------------------------------------------------------------

iter:      0 (Jcost: 1.236812e-03) (lr = 1.000e-03) (elapsed time:  0.002) (secs/iter:   None) (n_accepted: 0%) (u_error:  2.310483 %) (beta_change:  3.406726 %) (delta_change:  0.203028 %) (delta_peak/R:  0.000000 %)
-> Saved file: /media/rafael/DATA/Dropbox/20220924_FIML_solver/data/output/field_inversion/Beta_k__1__Beta_e__1/u_imp_0.1/FI_run_Jimenez_Re4200_u_imp_0.1_k_imp_1_e_imp_1/FI_run_Jimenez_Re4200_u_imp_0.1_k_imp_1_e_imp_1_state_iter_0.dat
iter:    100 (Jcost: 4.261114e-04) (lr = 1.890e+00) (elapsed time: 256.274) (secs/iter:  2.563) (n_accepted: 88%) (u_error:  1.674786 %) (beta_change:  1.524964 %) (delta_change:  0.055130 %) (delta_peak/R:  0.235006 %)
iter:    200 (Jcost: 3.982128e-04) (lr = 1.622e+00) (elapsed time: 495.056) (secs/iter:  2.388) (n_accepted: 79%) (u_error:  1.695655 %) (beta_change:  0.448133 %) (delta_change:  0.019759 %) (delta_peak/R:  0.204516 %)
iter:    300 (Jcost: 3.948808e-04) (lr = 3.342e+00) (elapsed time: 683.414) (secs/iter:  1.884) (n_accepted: 80%) (u_error:  1.708501 %) (beta_change:  0.074811 %) (delta_change:  0.013384 %) (delta_peak/R:  0.197649 %)
iter:    400 (Jcost: 3.936070e-04) (lr = 2.869e+00) (elapsed time: 893.545) (secs/iter:  2.101) (n_accepted: 79%) (u_error:  1.714240 %) (beta_change:  0.229067 %) (delta_change:  0.014716 %) (delta_peak/R:  0.195035 %)
iter:    500 (Jcost: 3.928601e-04) (lr = 5.910e+00) (elapsed time: 1084.980) (secs/iter:  1.914) (n_accepted: 80%) (u_error:  1.717922 %) (beta_change:  0.401098 %) (delta_change:  0.017577 %) (delta_peak/R:  0.193431 %)
-> Saved file: /media/rafael/DATA/Dropbox/20220924_FIML_solver/data/output/field_inversion/Beta_k__1__Beta_e__1/u_imp_0.1/FI_run_Jimenez_Re4200_u_imp_0.1_k_imp_1_e_imp_1/FI_run_Jimenez_Re4200_u_imp_0.1_k_imp_1_e_imp_1_state_iter_500.dat
iter:    600 (Jcost: 3.922894e-04) (lr = 8.807e-01) (elapsed time: 1272.294) (secs/iter:  1.873) (n_accepted: 77%) (u_error:  1.721253 %) (beta_change:  0.544860 %) (delta_change:  0.019491 %) (delta_peak/R:  0.191957 %)
iter:    700 (Jcost: 3.918273e-04) (lr = 1.814e+00) (elapsed time: 1455.560) (secs/iter:  1.833) (n_accepted: 80%) (u_error:  1.719837 %) (beta_change:  0.656860 %) (delta_change:  0.020705 %) (delta_peak/R:  0.192513 %)
iter:    800 (Jcost: 3.914133e-04) (lr = 3.738e+00) (elapsed time: 1641.874) (secs/iter:  1.863) (n_accepted: 80%) (u_error:  1.720525 %) (beta_change:  0.762485 %) (delta_change:  0.021878 %) (delta_peak/R:  0.192136 %)
iter:    900 (Jcost: 3.910528e-04) (lr = 3.209e+00) (elapsed time: 1816.682) (secs/iter:  1.748) (n_accepted: 79%) (u_error:  1.720119 %) (beta_change:  0.857673 %) (delta_change:  0.022786 %) (delta_peak/R:  0.192241 %)
iter:   1000 (Jcost: 3.907488e-04) (lr = 2.754e+00) (elapsed time: 1981.735) (secs/iter:  1.651) (n_accepted: 79%) (u_error:  1.722503 %) (beta_change:  0.943368 %) (delta_change:  0.023427 %) (delta_peak/R:  0.191068 %)
-> Saved file: /media/rafael/DATA/Dropbox/20220924_FIML_solver/data/output/field_inversion/Beta_k__1__Beta_e__1/u_imp_0.1/FI_run_Jimenez_Re4200_u_imp_0.1_k_imp_1_e_imp_1/FI_run_Jimenez_Re4200_u_imp_0.1_k_imp_1_e_imp_1_state_iter_1000.dat
iter:   1100 (Jcost: 3.904689e-04) (lr = 5.674e+00) (elapsed time: 2157.579) (secs/iter:  1.758) (n_accepted: 80%) (u_error:  1.720849 %) (beta_change:  1.018041 %) (delta_change:  0.023963 %) (delta_peak/R:  0.191739 %)
iter:   1200 (Jcost: 3.902133e-04) (lr = 4.871e+00) (elapsed time: 2337.675) (secs/iter:  1.801) (n_accepted: 79%) (u_error:  1.720009 %) (beta_change:  1.088966 %) (delta_change:  0.024395 %) (delta_peak/R:  0.192035 %)
iter:   1300 (Jcost: 3.899951e-04) (lr = 7.259e-01) (elapsed time: 2493.307) (secs/iter:  1.556) (n_accepted: 77%) (u_error:  1.719597 %) (beta_change:  1.149888 %) (delta_change:  0.024978 %) (delta_peak/R:  0.192144 %)
iter:   1400 (Jcost: 3.897746e-04) (lr = 1.495e+00) (elapsed time: 2604.363) (secs/iter:  1.111) (n_accepted: 80%) (u_error:  1.719406 %) (beta_change:  1.211299 %) (delta_change:  0.025865 %) (delta_peak/R:  0.192147 %)
iter:   1500 (Jcost: 3.895919e-04) (lr = 5.349e-01) (elapsed time: 2730.038) (secs/iter:  1.257) (n_accepted: 78%) (u_error:  1.720569 %) (beta_change:  1.260922 %) (delta_change:  0.026540 %) (delta_peak/R:  0.191545 %)
-> Saved file: /media/rafael/DATA/Dropbox/20220924_FIML_solver/data/output/field_inversion/Beta_k__1__Beta_e__1/u_imp_0.1/FI_run_Jimenez_Re4200_u_imp_0.1_k_imp_1_e_imp_1/FI_run_Jimenez_Re4200_u_imp_0.1_k_imp_1_e_imp_1_state_iter_1500.dat
iter:   1600 (Jcost: 3.894200e-04) (lr = 1.102e+00) (elapsed time: 2858.037) (secs/iter:  1.280) (n_accepted: 80%) (u_error:  1.720492 %) (beta_change:  1.308791 %) (delta_change:  0.027163 %) (delta_peak/R:  0.191509 %)
iter:   1700 (Jcost: 3.892682e-04) (lr = 2.270e+00) (elapsed time: 2972.364) (secs/iter:  1.143) (n_accepted: 80%) (u_error:  1.720441 %) (beta_change:  1.351124 %) (delta_change:  0.027685 %) (delta_peak/R:  0.191468 %)
iter:   1800 (Jcost: 3.891231e-04) (lr = 8.120e-01) (elapsed time: 3124.322) (secs/iter:  1.520) (n_accepted: 78%) (u_error:  1.720298 %) (beta_change:  1.391686 %) (delta_change:  0.028160 %) (delta_peak/R:  0.191469 %)
iter:   1900 (Jcost: 3.889959e-04) (lr = 1.673e+00) (elapsed time: 3308.944) (secs/iter:  1.846) (n_accepted: 80%) (u_error:  1.720310 %) (beta_change:  1.429141 %) (delta_change:  0.028587 %) (delta_peak/R:  0.191406 %)
iter:   2000 (Jcost: 3.888447e-04) (lr = 5.983e-01) (elapsed time: 3478.222) (secs/iter:  1.693) (n_accepted: 78%) (u_error:  1.720993 %) (beta_change:  1.499574 %) (delta_change:  0.029217 %) (delta_peak/R:  0.191024 %)
-> Saved file: /media/rafael/DATA/Dropbox/20220924_FIML_solver/data/output/field_inversion/Beta_k__1__Beta_e__1/u_imp_0.1/FI_run_Jimenez_Re4200_u_imp_0.1_k_imp_1_e_imp_1/FI_run_Jimenez_Re4200_u_imp_0.1_k_imp_1_e_imp_1_state_iter_2000.dat
iter:   2100 (Jcost: 3.887247e-04) (lr = 7.100e+00) (elapsed time: 3654.987) (secs/iter:  1.768) (n_accepted: 82%) (u_error:  1.719554 %) (beta_change:  1.560072 %) (delta_change:  0.029695 %) (delta_peak/R:  0.191623 %)
iter:   2200 (Jcost: 3.886189e-04) (lr = 1.058e+00) (elapsed time: 3846.161) (secs/iter:  1.912) (n_accepted: 77%) (u_error:  1.720188 %) (beta_change:  1.615006 %) (delta_change:  0.030093 %) (delta_peak/R:  0.191282 %)
iter:   2300 (Jcost: 3.885205e-04) (lr = 2.180e+00) (elapsed time: 4030.141) (secs/iter:  1.840) (n_accepted: 80%) (u_error:  1.720014 %) (beta_change:  1.668015 %) (delta_change:  0.030454 %) (delta_peak/R:  0.191311 %)
iter:   2400 (Jcost: 3.884214e-04) (lr = 1.871e+00) (elapsed time: 4210.945) (secs/iter:  1.808) (n_accepted: 79%) (u_error:  1.720297 %) (beta_change:  1.723151 %) (delta_change:  0.030802 %) (delta_peak/R:  0.191131 %)
iter:   2500 (Jcost: 3.883269e-04) (lr = 3.855e+00) (elapsed time: 4403.468) (secs/iter:  1.925) (n_accepted: 80%) (u_error:  1.720017 %) (beta_change:  1.776816 %) (delta_change:  0.031118 %) (delta_peak/R:  0.191208 %)
-> Saved file: /media/rafael/DATA/Dropbox/20220924_FIML_solver/data/output/field_inversion/Beta_k__1__Beta_e__1/u_imp_0.1/FI_run_Jimenez_Re4200_u_imp_0.1_k_imp_1_e_imp_1/FI_run_Jimenez_Re4200_u_imp_0.1_k_imp_1_e_imp_1_state_iter_2500.dat
iter:   2600 (Jcost: 3.882469e-04) (lr = 3.309e+00) (elapsed time: 4538.727) (secs/iter:  1.353) (n_accepted: 79%) (u_error:  1.719774 %) (beta_change:  1.823600 %) (delta_change:  0.031375 %) (delta_peak/R:  0.191276 %)
iter:   2700 (Jcost: 3.881693e-04) (lr = 1.183e+00) (elapsed time: 4710.754) (secs/iter:  1.720) (n_accepted: 78%) (u_error:  1.719674 %) (beta_change:  1.870029 %) (delta_change:  0.031648 %) (delta_peak/R:  0.191279 %)
iter:   2800 (Jcost: 3.880826e-04) (lr = 1.016e+00) (elapsed time: 4871.312) (secs/iter:  1.606) (n_accepted: 79%) (u_error:  1.718950 %) (beta_change:  1.923921 %) (delta_change:  0.031953 %) (delta_peak/R:  0.191559 %)
iter:   2900 (Jcost: 3.880080e-04) (lr = 2.093e+00) (elapsed time: 5027.730) (secs/iter:  1.564) (n_accepted: 80%) (u_error:  1.719498 %) (beta_change:  1.970178 %) (delta_change:  0.032193 %) (delta_peak/R:  0.191266 %)
iter:   3000 (Jcost: 3.879388e-04) (lr = 7.485e-01) (elapsed time: 5208.807) (secs/iter:  1.811) (n_accepted: 78%) (u_error:  1.719367 %) (beta_change:  2.015066 %) (delta_change:  0.032413 %) (delta_peak/R:  0.191285 %)
-> Saved file: /media/rafael/DATA/Dropbox/20220924_FIML_solver/data/output/field_inversion/Beta_k__1__Beta_e__1/u_imp_0.1/FI_run_Jimenez_Re4200_u_imp_0.1_k_imp_1_e_imp_1/FI_run_Jimenez_Re4200_u_imp_0.1_k_imp_1_e_imp_1_state_iter_3000.dat
iter:   3100 (Jcost: 3.878721e-04) (lr = 1.542e+00) (elapsed time: 5391.769) (secs/iter:  1.830) (n_accepted: 80%) (u_error:  1.719102 %) (beta_change:  2.059637 %) (delta_change:  0.032618 %) (delta_peak/R:  0.191365 %)
iter:   3200 (Jcost: 3.878081e-04) (lr = 3.177e+00) (elapsed time: 5551.112) (secs/iter:  1.593) (n_accepted: 80%) (u_error:  1.719230 %) (beta_change:  2.103135 %) (delta_change:  0.032804 %) (delta_peak/R:  0.191267 %)
iter:   3300 (Jcost: 3.877450e-04) (lr = 2.727e+00) (elapsed time: 5735.370) (secs/iter:  1.843) (n_accepted: 79%) (u_error:  1.718610 %) (beta_change:  2.147515 %) (delta_change:  0.032985 %) (delta_peak/R:  0.191510 %)
iter:   3400 (Jcost: 3.876862e-04) (lr = 5.618e+00) (elapsed time: 5901.012) (secs/iter:  1.656) (n_accepted: 80%) (u_error:  1.719402 %) (beta_change:  2.188752 %) (delta_change:  0.033138 %) (delta_peak/R:  0.191111 %)
iter:   3500 (Jcost: 3.876333e-04) (lr = 2.009e+00) (elapsed time: 6074.822) (secs/iter:  1.738) (n_accepted: 78%) (u_error:  1.719133 %) (beta_change:  2.226700 %) (delta_change:  0.033274 %) (delta_peak/R:  0.191199 %)
-> Saved file: /media/rafael/DATA/Dropbox/20220924_FIML_solver/data/output/field_inversion/Beta_k__1__Beta_e__1/u_imp_0.1/FI_run_Jimenez_Re4200_u_imp_0.1_k_imp_1_e_imp_1/FI_run_Jimenez_Re4200_u_imp_0.1_k_imp_1_e_imp_1_state_iter_3500.dat
iter:   3600 (Jcost: 3.875811e-04) (lr = 1.725e+00) (elapsed time: 6251.207) (secs/iter:  1.764) (n_accepted: 79%) (u_error:  1.718758 %) (beta_change:  2.265121 %) (delta_change:  0.033404 %) (delta_peak/R:  0.191336 %)
iter:   3700 (Jcost: 3.875256e-04) (lr = 6.170e-01) (elapsed time: 6420.783) (secs/iter:  1.696) (n_accepted: 78%) (u_error:  1.719610 %) (beta_change:  2.307430 %) (delta_change:  0.033534 %) (delta_peak/R:  0.190908 %)
iter:   3800 (Jcost: 3.874748e-04) (lr = 5.296e-01) (elapsed time: 6565.207) (secs/iter:  1.444) (n_accepted: 79%) (u_error:  1.718940 %) (beta_change:  2.345007 %) (delta_change:  0.033673 %) (delta_peak/R:  0.191180 %)
iter:   3900 (Jcost: 3.874301e-04) (lr = 2.618e+00) (elapsed time: 6689.255) (secs/iter:  1.240) (n_accepted: 81%) (u_error:  1.718805 %) (beta_change:  2.379468 %) (delta_change:  0.033794 %) (delta_peak/R:  0.191210 %)
iter:   4000 (Jcost: 3.873840e-04) (lr = 2.248e+00) (elapsed time: 6798.545) (secs/iter:  1.093) (n_accepted: 79%) (u_error:  1.718620 %) (beta_change:  2.415544 %) (delta_change:  0.033915 %) (delta_peak/R:  0.191262 %)
-> Saved file: /media/rafael/DATA/Dropbox/20220924_FIML_solver/data/output/field_inversion/Beta_k__1__Beta_e__1/u_imp_0.1/FI_run_Jimenez_Re4200_u_imp_0.1_k_imp_1_e_imp_1/FI_run_Jimenez_Re4200_u_imp_0.1_k_imp_1_e_imp_1_state_iter_4000.dat
iter:   4100 (Jcost: 3.873443e-04) (lr = 8.039e-01) (elapsed time: 6973.163) (secs/iter:  1.746) (n_accepted: 78%) (u_error:  1.718630 %) (beta_change:  2.446994 %) (delta_change:  0.034014 %) (delta_peak/R:  0.191229 %)
iter:   4200 (Jcost: 3.873003e-04) (lr = 3.975e+00) (elapsed time: 7134.433) (secs/iter:  1.613) (n_accepted: 81%) (u_error:  1.718571 %) (beta_change:  2.482359 %) (delta_change:  0.034120 %) (delta_peak/R:  0.191224 %)
iter:   4300 (Jcost: 3.872573e-04) (lr = 5.924e-01) (elapsed time: 7297.921) (secs/iter:  1.635) (n_accepted: 77%) (u_error:  1.718671 %) (beta_change:  2.517437 %) (delta_change:  0.034220 %) (delta_peak/R:  0.191146 %)
iter:   4400 (Jcost: 3.872187e-04) (lr = 1.220e+00) (elapsed time: 7477.853) (secs/iter:  1.799) (n_accepted: 80%) (u_error:  1.718572 %) (beta_change:  2.549196 %) (delta_change:  0.034305 %) (delta_peak/R:  0.191163 %)
iter:   4500 (Jcost: 3.871797e-04) (lr = 2.514e+00) (elapsed time: 7644.869) (secs/iter:  1.670) (n_accepted: 80%) (u_error:  1.718028 %) (beta_change:  2.582017 %) (delta_change:  0.034391 %) (delta_peak/R:  0.191381 %)
-> Saved file: /media/rafael/DATA/Dropbox/20220924_FIML_solver/data/output/field_inversion/Beta_k__1__Beta_e__1/u_imp_0.1/FI_run_Jimenez_Re4200_u_imp_0.1_k_imp_1_e_imp_1/FI_run_Jimenez_Re4200_u_imp_0.1_k_imp_1_e_imp_1_state_iter_4500.dat
iter:   4600 (Jcost: 3.871452e-04) (lr = 2.158e+00) (elapsed time: 7820.849) (secs/iter:  1.760) (n_accepted: 79%) (u_error:  1.718684 %) (beta_change:  2.611177 %) (delta_change:  0.034459 %) (delta_peak/R:  0.191055 %)
iter:   4700 (Jcost: 3.871090e-04) (lr = 4.446e+00) (elapsed time: 7982.546) (secs/iter:  1.617) (n_accepted: 80%) (u_error:  1.718280 %) (beta_change:  2.641747 %) (delta_change:  0.034531 %) (delta_peak/R:  0.191211 %)
iter:   4800 (Jcost: 3.870766e-04) (lr = 1.590e+00) (elapsed time: 8145.799) (secs/iter:  1.633) (n_accepted: 78%) (u_error:  1.718208 %) (beta_change:  2.669755 %) (delta_change:  0.034593 %) (delta_peak/R:  0.191219 %)
iter:   4900 (Jcost: 3.870439e-04) (lr = 3.276e+00) (elapsed time: 8313.110) (secs/iter:  1.673) (n_accepted: 80%) (u_error:  1.718151 %) (beta_change:  2.698196 %) (delta_change:  0.034652 %) (delta_peak/R:  0.191219 %)
iter:   5000 (Jcost: 3.870121e-04) (lr = 1.172e+00) (elapsed time: 8481.301) (secs/iter:  1.682) (n_accepted: 78%) (u_error:  1.718090 %) (beta_change:  2.726129 %) (delta_change:  0.034707 %) (delta_peak/R:  0.191221 %)
-> Saved file: /media/rafael/DATA/Dropbox/20220924_FIML_solver/data/output/field_inversion/Beta_k__1__Beta_e__1/u_imp_0.1/FI_run_Jimenez_Re4200_u_imp_0.1_k_imp_1_e_imp_1/FI_run_Jimenez_Re4200_u_imp_0.1_k_imp_1_e_imp_1_state_iter_5000.dat
iter:   5100 (Jcost: 3.869774e-04) (lr = 5.794e+00) (elapsed time: 8654.203) (secs/iter:  1.729) (n_accepted: 81%) (u_error:  1.718125 %) (beta_change:  2.756927 %) (delta_change:  0.034765 %) (delta_peak/R:  0.191177 %)
iter:   5200 (Jcost: 3.869475e-04) (lr = 3.598e-01) (elapsed time: 8830.278) (secs/iter:  1.761) (n_accepted: 76%) (u_error:  1.717991 %) (beta_change:  2.783882 %) (delta_change:  0.034813 %) (delta_peak/R:  0.191214 %)
iter:   5300 (Jcost: 3.869174e-04) (lr = 3.088e-01) (elapsed time: 8987.930) (secs/iter:  1.577) (n_accepted: 79%) (u_error:  1.717917 %) (beta_change:  2.811314 %) (delta_change:  0.034859 %) (delta_peak/R:  0.191223 %)
iter:   5400 (Jcost: 3.868879e-04) (lr = 6.362e-01) (elapsed time: 9133.419) (secs/iter:  1.455) (n_accepted: 80%) (u_error:  1.717866 %) (beta_change:  2.838478 %) (delta_change:  0.034902 %) (delta_peak/R:  0.191221 %)
iter:   5500 (Jcost: 3.868583e-04) (lr = 5.461e-01) (elapsed time: 9298.103) (secs/iter:  1.647) (n_accepted: 79%) (u_error:  1.717585 %) (beta_change:  2.866089 %) (delta_change:  0.034945 %) (delta_peak/R:  0.191324 %)
-> Saved file: /media/rafael/DATA/Dropbox/20220924_FIML_solver/data/output/field_inversion/Beta_k__1__Beta_e__1/u_imp_0.1/FI_run_Jimenez_Re4200_u_imp_0.1_k_imp_1_e_imp_1/FI_run_Jimenez_Re4200_u_imp_0.1_k_imp_1_e_imp_1_state_iter_5500.dat
iter:   5600 (Jcost: 3.868302e-04) (lr = 1.125e+00) (elapsed time: 9465.866) (secs/iter:  1.678) (n_accepted: 80%) (u_error:  1.717277 %) (beta_change:  2.892793 %) (delta_change:  0.034997 %) (delta_peak/R:  0.191441 %)
iter:   5700 (Jcost: 3.868045e-04) (lr = 9.658e-01) (elapsed time: 9628.378) (secs/iter:  1.625) (n_accepted: 79%) (u_error:  1.717731 %) (beta_change:  2.916408 %) (delta_change:  0.035040 %) (delta_peak/R:  0.191212 %)
iter:   5800 (Jcost: 3.867774e-04) (lr = 8.290e-01) (elapsed time: 9753.889) (secs/iter:  1.255) (n_accepted: 79%) (u_error:  1.717644 %) (beta_change:  2.942053 %) (delta_change:  0.035086 %) (delta_peak/R:  0.191229 %)
iter:   5900 (Jcost: 3.867522e-04) (lr = 4.099e+00) (elapsed time: 9869.126) (secs/iter:  1.152) (n_accepted: 81%) (u_error:  1.717601 %) (beta_change:  2.966087 %) (delta_change:  0.035127 %) (delta_peak/R:  0.191226 %)
iter:   6000 (Jcost: 3.867262e-04) (lr = 1.466e+00) (elapsed time: 9964.212) (secs/iter:  0.951) (n_accepted: 78%) (u_error:  1.717367 %) (beta_change:  2.991132 %) (delta_change:  0.035169 %) (delta_peak/R:  0.191310 %)
-> Saved file: /media/rafael/DATA/Dropbox/20220924_FIML_solver/data/output/field_inversion/Beta_k__1__Beta_e__1/u_imp_0.1/FI_run_Jimenez_Re4200_u_imp_0.1_k_imp_1_e_imp_1/FI_run_Jimenez_Re4200_u_imp_0.1_k_imp_1_e_imp_1_state_iter_6000.dat
iter:   6100 (Jcost: 3.867009e-04) (lr = 7.249e+00) (elapsed time: 10060.242) (secs/iter:  0.960) (n_accepted: 81%) (u_error:  1.717344 %) (beta_change:  3.015532 %) (delta_change:  0.035207 %) (delta_peak/R:  0.191298 %)
iter:   6200 (Jcost: 3.866772e-04) (lr = 2.593e+00) (elapsed time: 10196.742) (secs/iter:  1.365) (n_accepted: 78%) (u_error:  1.717610 %) (beta_change:  3.038537 %) (delta_change:  0.035240 %) (delta_peak/R:  0.191156 %)
iter:   6300 (Jcost: 3.866552e-04) (lr = 9.273e-01) (elapsed time: 10325.863) (secs/iter:  1.291) (n_accepted: 78%) (u_error:  1.717436 %) (beta_change:  3.059962 %) (delta_change:  0.035271 %) (delta_peak/R:  0.191215 %)
iter:   6400 (Jcost: 3.866324e-04) (lr = 3.317e-01) (elapsed time: 10491.965) (secs/iter:  1.661) (n_accepted: 78%) (u_error:  1.717389 %) (beta_change:  3.082713 %) (delta_change:  0.035302 %) (delta_peak/R:  0.191217 %)
iter:   6500 (Jcost: 3.866094e-04) (lr = 6.833e-01) (elapsed time: 10601.117) (secs/iter:  1.092) (n_accepted: 80%) (u_error:  1.717602 %) (beta_change:  3.115375 %) (delta_change:  0.035331 %) (delta_peak/R:  0.191098 %)
-> Saved file: /media/rafael/DATA/Dropbox/20220924_FIML_solver/data/output/field_inversion/Beta_k__1__Beta_e__1/u_imp_0.1/FI_run_Jimenez_Re4200_u_imp_0.1_k_imp_1_e_imp_1/FI_run_Jimenez_Re4200_u_imp_0.1_k_imp_1_e_imp_1_state_iter_6500.dat
iter:   6600 (Jcost: 3.865884e-04) (lr = 1.408e+00) (elapsed time: 10724.844) (secs/iter:  1.237) (n_accepted: 80%) (u_error:  1.717171 %) (beta_change:  3.145252 %) (delta_change:  0.035358 %) (delta_peak/R:  0.191276 %)
iter:   6700 (Jcost: 3.865680e-04) (lr = 2.900e+00) (elapsed time: 10874.552) (secs/iter:  1.497) (n_accepted: 80%) (u_error:  1.717239 %) (beta_change:  3.174765 %) (delta_change:  0.035382 %) (delta_peak/R:  0.191226 %)
iter:   6800 (Jcost: 3.865471e-04) (lr = 1.037e+00) (elapsed time: 10984.008) (secs/iter:  1.095) (n_accepted: 78%) (u_error:  1.717252 %) (beta_change:  3.205480 %) (delta_change:  0.035406 %) (delta_peak/R:  0.191201 %)
iter:   6900 (Jcost: 3.865256e-04) (lr = 3.710e-01) (elapsed time: 11147.484) (secs/iter:  1.635) (n_accepted: 78%) (u_error:  1.716974 %) (beta_change:  3.237514 %) (delta_change:  0.035430 %) (delta_peak/R:  0.191308 %)
iter:   7000 (Jcost: 3.865056e-04) (lr = 4.402e+00) (elapsed time: 11296.039) (secs/iter:  1.486) (n_accepted: 82%) (u_error:  1.717096 %) (beta_change:  3.267446 %) (delta_change:  0.035451 %) (delta_peak/R:  0.191234 %)
-> Saved file: /media/rafael/DATA/Dropbox/20220924_FIML_solver/data/output/field_inversion/Beta_k__1__Beta_e__1/u_imp_0.1/FI_run_Jimenez_Re4200_u_imp_0.1_k_imp_1_e_imp_1/FI_run_Jimenez_Re4200_u_imp_0.1_k_imp_1_e_imp_1_state_iter_7000.dat
iter:   7100 (Jcost: 3.864868e-04) (lr = 3.779e+00) (elapsed time: 11467.765) (secs/iter:  1.717) (n_accepted: 79%) (u_error:  1.717081 %) (beta_change:  3.296133 %) (delta_change:  0.035470 %) (delta_peak/R:  0.191223 %)
iter:   7200 (Jcost: 3.864669e-04) (lr = 3.244e+00) (elapsed time: 11623.836) (secs/iter:  1.561) (n_accepted: 79%) (u_error:  1.717154 %) (beta_change:  3.326841 %) (delta_change:  0.035489 %) (delta_peak/R:  0.191172 %)
iter:   7300 (Jcost: 3.864481e-04) (lr = 1.160e+00) (elapsed time: 11788.212) (secs/iter:  1.644) (n_accepted: 78%) (u_error:  1.716987 %) (beta_change:  3.356045 %) (delta_change:  0.035507 %) (delta_peak/R:  0.191230 %)
iter:   7400 (Jcost: 3.864272e-04) (lr = 9.959e-01) (elapsed time: 11932.877) (secs/iter:  1.447) (n_accepted: 79%) (u_error:  1.717179 %) (beta_change:  3.389301 %) (delta_change:  0.035525 %) (delta_peak/R:  0.191123 %)
iter:   7500 (Jcost: 3.864088e-04) (lr = 3.562e-01) (elapsed time: 12087.270) (secs/iter:  1.544) (n_accepted: 78%) (u_error:  1.716903 %) (beta_change:  3.418400 %) (delta_change:  0.035542 %) (delta_peak/R:  0.191231 %)
-> Saved file: /media/rafael/DATA/Dropbox/20220924_FIML_solver/data/output/field_inversion/Beta_k__1__Beta_e__1/u_imp_0.1/FI_run_Jimenez_Re4200_u_imp_0.1_k_imp_1_e_imp_1/FI_run_Jimenez_Re4200_u_imp_0.1_k_imp_1_e_imp_1_state_iter_7500.dat
iter:   7600 (Jcost: 3.863909e-04) (lr = 1.761e+00) (elapsed time: 12241.305) (secs/iter:  1.540) (n_accepted: 81%) (u_error:  1.716867 %) (beta_change:  3.447189 %) (delta_change:  0.035556 %) (delta_peak/R:  0.191231 %)
iter:   7700 (Jcost: 3.863729e-04) (lr = 3.628e+00) (elapsed time: 12406.754) (secs/iter:  1.654) (n_accepted: 80%) (u_error:  1.716765 %) (beta_change:  3.476643 %) (delta_change:  0.035571 %) (delta_peak/R:  0.191260 %)
iter:   7800 (Jcost: 3.863565e-04) (lr = 5.407e-01) (elapsed time: 12570.540) (secs/iter:  1.638) (n_accepted: 77%) (u_error:  1.717065 %) (beta_change:  3.503995 %) (delta_change:  0.035583 %) (delta_peak/R:  0.191107 %)
iter:   7900 (Jcost: 3.863387e-04) (lr = 2.673e+00) (elapsed time: 12734.479) (secs/iter:  1.639) (n_accepted: 81%) (u_error:  1.716818 %) (beta_change:  3.533247 %) (delta_change:  0.035597 %) (delta_peak/R:  0.191203 %)
iter:   8000 (Jcost: 3.863224e-04) (lr = 5.508e+00) (elapsed time: 12899.395) (secs/iter:  1.649) (n_accepted: 80%) (u_error:  1.716425 %) (beta_change:  3.561027 %) (delta_change:  0.035610 %) (delta_peak/R:  0.191366 %)
-> Saved file: /media/rafael/DATA/Dropbox/20220924_FIML_solver/data/output/field_inversion/Beta_k__1__Beta_e__1/u_imp_0.1/FI_run_Jimenez_Re4200_u_imp_0.1_k_imp_1_e_imp_1/FI_run_Jimenez_Re4200_u_imp_0.1_k_imp_1_e_imp_1_state_iter_8000.dat
iter:   8100 (Jcost: 3.863060e-04) (lr = 8.208e-01) (elapsed time: 13050.217) (secs/iter:  1.508) (n_accepted: 77%) (u_error:  1.716866 %) (beta_change:  3.588649 %) (delta_change:  0.035619 %) (delta_peak/R:  0.191149 %)
iter:   8200 (Jcost: 3.862901e-04) (lr = 7.046e-01) (elapsed time: 13177.748) (secs/iter:  1.275) (n_accepted: 79%) (u_error:  1.716575 %) (beta_change:  3.615602 %) (delta_change:  0.035630 %) (delta_peak/R:  0.191267 %)
iter:   8300 (Jcost: 3.862747e-04) (lr = 1.452e+00) (elapsed time: 13328.805) (secs/iter:  1.511) (n_accepted: 80%) (u_error:  1.716471 %) (beta_change:  3.642365 %) (delta_change:  0.035641 %) (delta_peak/R:  0.191299 %)
iter:   8400 (Jcost: 3.862562e-04) (lr = 7.177e+00) (elapsed time: 13484.384) (secs/iter:  1.556) (n_accepted: 81%) (u_error:  1.716637 %) (beta_change:  3.674635 %) (delta_change:  0.035651 %) (delta_peak/R:  0.191206 %)
iter:   8500 (Jcost: 3.862412e-04) (lr = 2.567e+00) (elapsed time: 13623.435) (secs/iter:  1.390) (n_accepted: 78%) (u_error:  1.716519 %) (beta_change:  3.700942 %) (delta_change:  0.035660 %) (delta_peak/R:  0.191245 %)
-> Saved file: /media/rafael/DATA/Dropbox/20220924_FIML_solver/data/output/field_inversion/Beta_k__1__Beta_e__1/u_imp_0.1/FI_run_Jimenez_Re4200_u_imp_0.1_k_imp_1_e_imp_1/FI_run_Jimenez_Re4200_u_imp_0.1_k_imp_1_e_imp_1_state_iter_8500.dat
iter:   8600 (Jcost: 3.862253e-04) (lr = 9.181e-01) (elapsed time: 13789.924) (secs/iter:  1.665) (n_accepted: 78%) (u_error:  1.716226 %) (beta_change:  3.729549 %) (delta_change:  0.035671 %) (delta_peak/R:  0.191363 %)
iter:   8700 (Jcost: 3.862101e-04) (lr = 4.539e+00) (elapsed time: 13960.689) (secs/iter:  1.708) (n_accepted: 81%) (u_error:  1.716406 %) (beta_change:  3.756516 %) (delta_change:  0.035678 %) (delta_peak/R:  0.191266 %)
iter:   8800 (Jcost: 3.861967e-04) (lr = 1.624e+00) (elapsed time: 14134.684) (secs/iter:  1.740) (n_accepted: 78%) (u_error:  1.716420 %) (beta_change:  3.780846 %) (delta_change:  0.035685 %) (delta_peak/R:  0.191246 %)
iter:   8900 (Jcost: 3.861774e-04) (lr = 3.345e+00) (elapsed time: 14278.347) (secs/iter:  1.437) (n_accepted: 80%) (u_error:  1.716412 %) (beta_change:  3.816074 %) (delta_change:  0.035695 %) (delta_peak/R:  0.191231 %)
iter:   9000 (Jcost: 3.861620e-04) (lr = 2.871e+00) (elapsed time: 14437.549) (secs/iter:  1.592) (n_accepted: 79%) (u_error:  1.716353 %) (beta_change:  3.844470 %) (delta_change:  0.035703 %) (delta_peak/R:  0.191242 %)
-> Saved file: /media/rafael/DATA/Dropbox/20220924_FIML_solver/data/output/field_inversion/Beta_k__1__Beta_e__1/u_imp_0.1/FI_run_Jimenez_Re4200_u_imp_0.1_k_imp_1_e_imp_1/FI_run_Jimenez_Re4200_u_imp_0.1_k_imp_1_e_imp_1_state_iter_9000.dat
iter:   9100 (Jcost: 3.861488e-04) (lr = 1.027e+00) (elapsed time: 14612.585) (secs/iter:  1.750) (n_accepted: 78%) (u_error:  1.716753 %) (beta_change:  3.870020 %) (delta_change:  0.035708 %) (delta_peak/R:  0.191047 %)
iter:   9200 (Jcost: 3.861343e-04) (lr = 8.815e-01) (elapsed time: 14772.385) (secs/iter:  1.598) (n_accepted: 79%) (u_error:  1.716646 %) (beta_change:  3.896966 %) (delta_change:  0.035715 %) (delta_peak/R:  0.191081 %)
iter:   9300 (Jcost: 3.861205e-04) (lr = 1.816e+00) (elapsed time: 14938.864) (secs/iter:  1.665) (n_accepted: 80%) (u_error:  1.716273 %) (beta_change:  3.922434 %) (delta_change:  0.035722 %) (delta_peak/R:  0.191238 %)
iter:   9400 (Jcost: 3.861060e-04) (lr = 3.741e+00) (elapsed time: 15102.780) (secs/iter:  1.639) (n_accepted: 80%) (u_error:  1.716242 %) (beta_change:  3.950073 %) (delta_change:  0.035728 %) (delta_peak/R:  0.191237 %)
iter:   9500 (Jcost: 3.860916e-04) (lr = 1.338e+00) (elapsed time: 15275.235) (secs/iter:  1.725) (n_accepted: 78%) (u_error:  1.716529 %) (beta_change:  3.978306 %) (delta_change:  0.035734 %) (delta_peak/R:  0.191092 %)
-> Saved file: /media/rafael/DATA/Dropbox/20220924_FIML_solver/data/output/field_inversion/Beta_k__1__Beta_e__1/u_imp_0.1/FI_run_Jimenez_Re4200_u_imp_0.1_k_imp_1_e_imp_1/FI_run_Jimenez_Re4200_u_imp_0.1_k_imp_1_e_imp_1_state_iter_9500.dat
iter:   9600 (Jcost: 3.860779e-04) (lr = 2.757e+00) (elapsed time: 15439.482) (secs/iter:  1.642) (n_accepted: 80%) (u_error:  1.716426 %) (beta_change:  4.004534 %) (delta_change:  0.035739 %) (delta_peak/R:  0.191125 %)
iter:   9700 (Jcost: 3.860652e-04) (lr = 9.860e-01) (elapsed time: 15600.041) (secs/iter:  1.606) (n_accepted: 78%) (u_error:  1.715983 %) (beta_change:  4.029297 %) (delta_change:  0.035746 %) (delta_peak/R:  0.191315 %)
iter:   9800 (Jcost: 3.860521e-04) (lr = 4.875e+00) (elapsed time: 15770.081) (secs/iter:  1.700) (n_accepted: 81%) (u_error:  1.715959 %) (beta_change:  4.054948 %) (delta_change:  0.035751 %) (delta_peak/R:  0.191313 %)
iter:   9900 (Jcost: 3.860396e-04) (lr = 1.744e+00) (elapsed time: 15929.045) (secs/iter:  1.590) (n_accepted: 78%) (u_error:  1.716038 %) (beta_change:  4.079695 %) (delta_change:  0.035756 %) (delta_peak/R:  0.191264 %)
iter:  10000 (Jcost: 3.860269e-04) (lr = 3.592e+00) (elapsed time: 16091.027) (secs/iter:  1.620) (n_accepted: 80%) (u_error:  1.716146 %) (beta_change:  4.105044 %) (delta_change:  0.035763 %) (delta_peak/R:  0.191202 %)
-> Saved file: /media/rafael/DATA/Dropbox/20220924_FIML_solver/data/output/field_inversion/Beta_k__1__Beta_e__1/u_imp_0.1/FI_run_Jimenez_Re4200_u_imp_0.1_k_imp_1_e_imp_1/FI_run_Jimenez_Re4200_u_imp_0.1_k_imp_1_e_imp_1_state_iter_10000.dat
iter:  10100 (Jcost: 3.860143e-04) (lr = 1.285e+00) (elapsed time: 16258.058) (secs/iter:  1.670) (n_accepted: 78%) (u_error:  1.716051 %) (beta_change:  4.130306 %) (delta_change:  0.035770 %) (delta_peak/R:  0.191233 %)
iter:  10200 (Jcost: 3.860017e-04) (lr = 4.595e-01) (elapsed time: 16424.738) (secs/iter:  1.667) (n_accepted: 78%) (u_error:  1.715695 %) (beta_change:  4.156233 %) (delta_change:  0.035778 %) (delta_peak/R:  0.191382 %)
iter:  10300 (Jcost: 3.859888e-04) (lr = 5.453e+00) (elapsed time: 16582.738) (secs/iter:  1.580) (n_accepted: 82%) (u_error:  1.715938 %) (beta_change:  4.182033 %) (delta_change:  0.035784 %) (delta_peak/R:  0.191259 %)
iter:  10400 (Jcost: 3.859777e-04) (lr = 1.950e+00) (elapsed time: 16753.018) (secs/iter:  1.703) (n_accepted: 78%) (u_error:  1.715961 %) (beta_change:  4.204995 %) (delta_change:  0.035790 %) (delta_peak/R:  0.191237 %)
iter:  10500 (Jcost: 3.859633e-04) (lr = 9.644e+00) (elapsed time: 16885.356) (secs/iter:  1.323) (n_accepted: 81%) (u_error:  1.715840 %) (beta_change:  4.234637 %) (delta_change:  0.035797 %) (delta_peak/R:  0.191278 %)
-> Saved file: /media/rafael/DATA/Dropbox/20220924_FIML_solver/data/output/field_inversion/Beta_k__1__Beta_e__1/u_imp_0.1/FI_run_Jimenez_Re4200_u_imp_0.1_k_imp_1_e_imp_1/FI_run_Jimenez_Re4200_u_imp_0.1_k_imp_1_e_imp_1_state_iter_10500.dat
iter:  10600 (Jcost: 3.859522e-04) (lr = 5.988e-01) (elapsed time: 17066.108) (secs/iter:  1.808) (n_accepted: 76%) (u_error:  1.715880 %) (beta_change:  4.257764 %) (delta_change:  0.035802 %) (delta_peak/R:  0.191248 %)
iter:  10700 (Jcost: 3.859404e-04) (lr = 1.234e+00) (elapsed time: 17229.625) (secs/iter:  1.635) (n_accepted: 80%) (u_error:  1.716250 %) (beta_change:  4.283303 %) (delta_change:  0.035807 %) (delta_peak/R:  0.191067 %)
iter:  10800 (Jcost: 3.859285e-04) (lr = 2.542e+00) (elapsed time: 17389.340) (secs/iter:  1.597) (n_accepted: 80%) (u_error:  1.715847 %) (beta_change:  4.307711 %) (delta_change:  0.035814 %) (delta_peak/R:  0.191239 %)
iter:  10900 (Jcost: 3.859168e-04) (lr = 2.182e+00) (elapsed time: 17555.524) (secs/iter:  1.662) (n_accepted: 79%) (u_error:  1.715949 %) (beta_change:  4.332654 %) (delta_change:  0.035819 %) (delta_peak/R:  0.191180 %)
iter:  11000 (Jcost: 3.859059e-04) (lr = 3.251e-01) (elapsed time: 17713.628) (secs/iter:  1.581) (n_accepted: 77%) (u_error:  1.715718 %) (beta_change:  4.355686 %) (delta_change:  0.035824 %) (delta_peak/R:  0.191275 %)
-> Saved file: /media/rafael/DATA/Dropbox/20220924_FIML_solver/data/output/field_inversion/Beta_k__1__Beta_e__1/u_imp_0.1/FI_run_Jimenez_Re4200_u_imp_0.1_k_imp_1_e_imp_1/FI_run_Jimenez_Re4200_u_imp_0.1_k_imp_1_e_imp_1_state_iter_11000.dat
iter:  11100 (Jcost: 3.858931e-04) (lr = 3.858e+00) (elapsed time: 17875.211) (secs/iter:  1.616) (n_accepted: 82%) (u_error:  1.715635 %) (beta_change:  4.383396 %) (delta_change:  0.035830 %) (delta_peak/R:  0.191300 %)
iter:  11200 (Jcost: 3.858817e-04) (lr = 3.312e+00) (elapsed time: 17971.087) (secs/iter:  0.959) (n_accepted: 79%) (u_error:  1.715668 %) (beta_change:  4.407892 %) (delta_change:  0.035835 %) (delta_peak/R:  0.191273 %)
iter:  11300 (Jcost: 3.858711e-04) (lr = 1.185e+00) (elapsed time: 18127.130) (secs/iter:  1.560) (n_accepted: 78%) (u_error:  1.715477 %) (beta_change:  4.431400 %) (delta_change:  0.035840 %) (delta_peak/R:  0.191349 %)
iter:  11400 (Jcost: 3.858602e-04) (lr = 2.440e+00) (elapsed time: 18291.432) (secs/iter:  1.643) (n_accepted: 80%) (u_error:  1.715624 %) (beta_change:  4.454896 %) (delta_change:  0.035844 %) (delta_peak/R:  0.191271 %)
iter:  11500 (Jcost: 3.858500e-04) (lr = 8.728e-01) (elapsed time: 18458.283) (secs/iter:  1.669) (n_accepted: 78%) (u_error:  1.715405 %) (beta_change:  4.477859 %) (delta_change:  0.035849 %) (delta_peak/R:  0.191360 %)
-> Saved file: /media/rafael/DATA/Dropbox/20220924_FIML_solver/data/output/field_inversion/Beta_k__1__Beta_e__1/u_imp_0.1/FI_run_Jimenez_Re4200_u_imp_0.1_k_imp_1_e_imp_1/FI_run_Jimenez_Re4200_u_imp_0.1_k_imp_1_e_imp_1_state_iter_11500.dat
iter:  11600 (Jcost: 3.858387e-04) (lr = 7.492e-01) (elapsed time: 18611.416) (secs/iter:  1.531) (n_accepted: 79%) (u_error:  1.715631 %) (beta_change:  4.502399 %) (delta_change:  0.035853 %) (delta_peak/R:  0.191246 %)
iter:  11700 (Jcost: 3.858272e-04) (lr = 6.431e-01) (elapsed time: 18765.679) (secs/iter:  1.543) (n_accepted: 79%) (u_error:  1.715538 %) (beta_change:  4.528191 %) (delta_change:  0.035858 %) (delta_peak/R:  0.191276 %)
iter:  11800 (Jcost: 3.858162e-04) (lr = 1.325e+00) (elapsed time: 18853.138) (secs/iter:  0.875) (n_accepted: 80%) (u_error:  1.715571 %) (beta_change:  4.552849 %) (delta_change:  0.035862 %) (delta_peak/R:  0.191250 %)
iter:  11900 (Jcost: 3.858051e-04) (lr = 2.730e+00) (elapsed time: 18973.506) (secs/iter:  1.204) (n_accepted: 80%) (u_error:  1.715548 %) (beta_change:  4.577832 %) (delta_change:  0.035866 %) (delta_peak/R:  0.191249 %)
iter:  12000 (Jcost: 3.857950e-04) (lr = 9.763e-01) (elapsed time: 19131.435) (secs/iter:  1.579) (n_accepted: 78%) (u_error:  1.715657 %) (beta_change:  4.600985 %) (delta_change:  0.035870 %) (delta_peak/R:  0.191189 %)
-> Saved file: /media/rafael/DATA/Dropbox/20220924_FIML_solver/data/output/field_inversion/Beta_k__1__Beta_e__1/u_imp_0.1/FI_run_Jimenez_Re4200_u_imp_0.1_k_imp_1_e_imp_1/FI_run_Jimenez_Re4200_u_imp_0.1_k_imp_1_e_imp_1_state_iter_12000.dat
iter:  12100 (Jcost: 3.857843e-04) (lr = 3.492e-01) (elapsed time: 19292.586) (secs/iter:  1.612) (n_accepted: 78%) (u_error:  1.715385 %) (beta_change:  4.625281 %) (delta_change:  0.035875 %) (delta_peak/R:  0.191302 %)
iter:  12200 (Jcost: 3.857744e-04) (lr = 1.726e+00) (elapsed time: 19456.063) (secs/iter:  1.635) (n_accepted: 81%) (u_error:  1.715471 %) (beta_change:  4.648050 %) (delta_change:  0.035878 %) (delta_peak/R:  0.191253 %)
iter:  12300 (Jcost: 3.857642e-04) (lr = 1.482e+00) (elapsed time: 19613.468) (secs/iter:  1.574) (n_accepted: 79%) (u_error:  1.715439 %) (beta_change:  4.671514 %) (delta_change:  0.035882 %) (delta_peak/R:  0.191257 %)
iter:  12400 (Jcost: 3.857541e-04) (lr = 3.053e+00) (elapsed time: 19775.512) (secs/iter:  1.620) (n_accepted: 80%) (u_error:  1.715495 %) (beta_change:  4.695080 %) (delta_change:  0.035885 %) (delta_peak/R:  0.191221 %)
iter:  12500 (Jcost: 3.857443e-04) (lr = 1.092e+00) (elapsed time: 19941.402) (secs/iter:  1.659) (n_accepted: 78%) (u_error:  1.715280 %) (beta_change:  4.717921 %) (delta_change:  0.035890 %) (delta_peak/R:  0.191309 %)
-> Saved file: /media/rafael/DATA/Dropbox/20220924_FIML_solver/data/output/field_inversion/Beta_k__1__Beta_e__1/u_imp_0.1/FI_run_Jimenez_Re4200_u_imp_0.1_k_imp_1_e_imp_1/FI_run_Jimenez_Re4200_u_imp_0.1_k_imp_1_e_imp_1_state_iter_12500.dat
iter:  12600 (Jcost: 3.857341e-04) (lr = 2.250e+00) (elapsed time: 20100.405) (secs/iter:  1.590) (n_accepted: 80%) (u_error:  1.715190 %) (beta_change:  4.742111 %) (delta_change:  0.035893 %) (delta_peak/R:  0.191339 %)
iter:  12700 (Jcost: 3.857246e-04) (lr = 8.046e-01) (elapsed time: 20266.639) (secs/iter:  1.662) (n_accepted: 78%) (u_error:  1.715464 %) (beta_change:  4.764377 %) (delta_change:  0.035896 %) (delta_peak/R:  0.191204 %)
iter:  12800 (Jcost: 3.857145e-04) (lr = 1.658e+00) (elapsed time: 20433.627) (secs/iter:  1.670) (n_accepted: 80%) (u_error:  1.715162 %) (beta_change:  4.788308 %) (delta_change:  0.035900 %) (delta_peak/R:  0.191332 %)
iter:  12900 (Jcost: 3.857054e-04) (lr = 3.415e+00) (elapsed time: 20584.174) (secs/iter:  1.505) (n_accepted: 80%) (u_error:  1.715329 %) (beta_change:  4.809866 %) (delta_change:  0.035903 %) (delta_peak/R:  0.191246 %)
iter:  13000 (Jcost: 3.856959e-04) (lr = 1.221e+00) (elapsed time: 20730.834) (secs/iter:  1.467) (n_accepted: 78%) (u_error:  1.715326 %) (beta_change:  4.832588 %) (delta_change:  0.035906 %) (delta_peak/R:  0.191238 %)
-> Saved file: /media/rafael/DATA/Dropbox/20220924_FIML_solver/data/output/field_inversion/Beta_k__1__Beta_e__1/u_imp_0.1/FI_run_Jimenez_Re4200_u_imp_0.1_k_imp_1_e_imp_1/FI_run_Jimenez_Re4200_u_imp_0.1_k_imp_1_e_imp_1_state_iter_13000.dat
iter:  13100 (Jcost: 3.856858e-04) (lr = 2.516e+00) (elapsed time: 20892.570) (secs/iter:  1.617) (n_accepted: 80%) (u_error:  1.715265 %) (beta_change:  4.856992 %) (delta_change:  0.035910 %) (delta_peak/R:  0.191256 %)
iter:  13200 (Jcost: 3.856766e-04) (lr = 2.160e+00) (elapsed time: 21054.774) (secs/iter:  1.622) (n_accepted: 79%) (u_error:  1.715454 %) (beta_change:  4.879569 %) (delta_change:  0.035912 %) (delta_peak/R:  0.191159 %)
iter:  13300 (Jcost: 3.856666e-04) (lr = 7.726e-01) (elapsed time: 21210.248) (secs/iter:  1.555) (n_accepted: 78%) (u_error:  1.715260 %) (beta_change:  4.903482 %) (delta_change:  0.035916 %) (delta_peak/R:  0.191238 %)
iter:  13400 (Jcost: 3.856570e-04) (lr = 1.592e+00) (elapsed time: 21346.753) (secs/iter:  1.365) (n_accepted: 80%) (u_error:  1.715236 %) (beta_change:  4.927092 %) (delta_change:  0.035920 %) (delta_peak/R:  0.191239 %)
iter:  13500 (Jcost: 3.856472e-04) (lr = 3.279e+00) (elapsed time: 21482.448) (secs/iter:  1.357) (n_accepted: 80%) (u_error:  1.715187 %) (beta_change:  4.951135 %) (delta_change:  0.035923 %) (delta_peak/R:  0.191251 %)
-> Saved file: /media/rafael/DATA/Dropbox/20220924_FIML_solver/data/output/field_inversion/Beta_k__1__Beta_e__1/u_imp_0.1/FI_run_Jimenez_Re4200_u_imp_0.1_k_imp_1_e_imp_1/FI_run_Jimenez_Re4200_u_imp_0.1_k_imp_1_e_imp_1_state_iter_13500.dat
iter:  13600 (Jcost: 3.856386e-04) (lr = 1.173e+00) (elapsed time: 21640.089) (secs/iter:  1.576) (n_accepted: 78%) (u_error:  1.715124 %) (beta_change:  4.972486 %) (delta_change:  0.035926 %) (delta_peak/R:  0.191271 %)
iter:  13700 (Jcost: 3.856291e-04) (lr = 1.007e+00) (elapsed time: 21787.560) (secs/iter:  1.475) (n_accepted: 79%) (u_error:  1.714985 %) (beta_change:  4.996256 %) (delta_change:  0.035930 %) (delta_peak/R:  0.191324 %)
iter:  13800 (Jcost: 3.856207e-04) (lr = 8.642e-01) (elapsed time: 21943.796) (secs/iter:  1.562) (n_accepted: 79%) (u_error:  1.715129 %) (beta_change:  5.016997 %) (delta_change:  0.035932 %) (delta_peak/R:  0.191250 %)
iter:  13900 (Jcost: 3.856118e-04) (lr = 1.780e+00) (elapsed time: 22099.644) (secs/iter:  1.558) (n_accepted: 80%) (u_error:  1.715094 %) (beta_change:  5.039259 %) (delta_change:  0.035935 %) (delta_peak/R:  0.191257 %)
iter:  14000 (Jcost: 3.856038e-04) (lr = 6.368e-01) (elapsed time: 22241.947) (secs/iter:  1.423) (n_accepted: 78%) (u_error:  1.715100 %) (beta_change:  5.059326 %) (delta_change:  0.035937 %) (delta_peak/R:  0.191246 %)
-> Saved file: /media/rafael/DATA/Dropbox/20220924_FIML_solver/data/output/field_inversion/Beta_k__1__Beta_e__1/u_imp_0.1/FI_run_Jimenez_Re4200_u_imp_0.1_k_imp_1_e_imp_1/FI_run_Jimenez_Re4200_u_imp_0.1_k_imp_1_e_imp_1_state_iter_14000.dat
iter:  14100 (Jcost: 3.855942e-04) (lr = 3.148e+00) (elapsed time: 22382.529) (secs/iter:  1.406) (n_accepted: 81%) (u_error:  1.715002 %) (beta_change:  5.083740 %) (delta_change:  0.035941 %) (delta_peak/R:  0.191280 %)
iter:  14200 (Jcost: 3.855860e-04) (lr = 1.126e+00) (elapsed time: 22545.917) (secs/iter:  1.634) (n_accepted: 78%) (u_error:  1.715272 %) (beta_change:  5.104738 %) (delta_change:  0.035942 %) (delta_peak/R:  0.191148 %)
iter:  14300 (Jcost: 3.855772e-04) (lr = 9.666e-01) (elapsed time: 22698.176) (secs/iter:  1.523) (n_accepted: 79%) (u_error:  1.714938 %) (beta_change:  5.126953 %) (delta_change:  0.035946 %) (delta_peak/R:  0.191291 %)
iter:  14400 (Jcost: 3.855684e-04) (lr = 8.297e-01) (elapsed time: 22850.726) (secs/iter:  1.525) (n_accepted: 79%) (u_error:  1.715031 %) (beta_change:  5.149417 %) (delta_change:  0.035949 %) (delta_peak/R:  0.191240 %)
iter:  14500 (Jcost: 3.855597e-04) (lr = 7.122e-01) (elapsed time: 23014.074) (secs/iter:  1.633) (n_accepted: 79%) (u_error:  1.715272 %) (beta_change:  5.172486 %) (delta_change:  0.035951 %) (delta_peak/R:  0.191121 %)
-> Saved file: /media/rafael/DATA/Dropbox/20220924_FIML_solver/data/output/field_inversion/Beta_k__1__Beta_e__1/u_imp_0.1/FI_run_Jimenez_Re4200_u_imp_0.1_k_imp_1_e_imp_1/FI_run_Jimenez_Re4200_u_imp_0.1_k_imp_1_e_imp_1_state_iter_14500.dat
iter:  14600 (Jcost: 3.855509e-04) (lr = 6.114e-01) (elapsed time: 23155.460) (secs/iter:  1.414) (n_accepted: 79%) (u_error:  1.715063 %) (beta_change:  5.194837 %) (delta_change:  0.035954 %) (delta_peak/R:  0.191207 %)
iter:  14700 (Jcost: 3.855422e-04) (lr = 5.248e-01) (elapsed time: 23326.566) (secs/iter:  1.711) (n_accepted: 79%) (u_error:  1.714765 %) (beta_change:  5.217629 %) (delta_change:  0.035958 %) (delta_peak/R:  0.191334 %)
iter:  14800 (Jcost: 3.855334e-04) (lr = 1.081e+00) (elapsed time: 23484.042) (secs/iter:  1.575) (n_accepted: 80%) (u_error:  1.715100 %) (beta_change:  5.240458 %) (delta_change:  0.035960 %) (delta_peak/R:  0.191172 %)
iter:  14900 (Jcost: 3.855248e-04) (lr = 3.867e-01) (elapsed time: 23632.499) (secs/iter:  1.485) (n_accepted: 78%) (u_error:  1.714941 %) (beta_change:  5.262914 %) (delta_change:  0.035963 %) (delta_peak/R:  0.191235 %)
iter:  15000 (Jcost: 3.855163e-04) (lr = 1.912e+00) (elapsed time: 23753.453) (secs/iter:  1.210) (n_accepted: 81%) (u_error:  1.714911 %) (beta_change:  5.285438 %) (delta_change:  0.035966 %) (delta_peak/R:  0.191240 %)
-> Saved file: /media/rafael/DATA/Dropbox/20220924_FIML_solver/data/output/field_inversion/Beta_k__1__Beta_e__1/u_imp_0.1/FI_run_Jimenez_Re4200_u_imp_0.1_k_imp_1_e_imp_1/FI_run_Jimenez_Re4200_u_imp_0.1_k_imp_1_e_imp_1_state_iter_15000.dat
iter:  15000 (Jcost: 3.855161e-04) (lr = 2.294e+00) (elapsed time: 23756.603) (secs/iter:   None) (n_accepted: 0%) (u_error:  1.714904 %) (beta_change:  5.285713 %) (delta_change:  0.035966 %) (delta_peak/R:  0.191243 %)
