# ------------------------------------------------------------------------
#                  Input Arguments
# ------------------------------------------------------------------------
# Begin_Input_Arguments
{ 'all_b_mode': ['Beta_k', 'Beta_e'],
  'args_mk_solver': { 'torch': "<module 'torch' from "
                               "'/home/rafael/anaconda3/lib/python3.9/site-packages/torch/__init__.py'>",
                      'y_grid': [0.0, 0.000309700312, 0.000638645973, 0.00098802599, 0.00135910194, 0.00175321227, 0.00217177688, 0.00261630193, 0.00308838486, 0.00358971984, 0.00412210331, 0.00468744001, 0.00528774917, 0.00592517114, 0.00660197432, 0.0073205624, 0.00808348206, 0.00889343092, 0.00975326602, 0.0106660126, 0.0116348733, 0.0126632377, 0.0137546927, 0.0149130326, 0.0161422702, 0.0174466482, 0.0188306506, 0.0202990157, 0.0218567475, 0.02350913, 0.0252617393, 0.0271204584, 0.0290914903, 0.0311813732, 0.033396994, 0.0357456039, 0.0382348325, 0.0408727029, 0.0436676462, 0.0466285159, 0.0497646022, 0.0530856456, 0.0566018496, 0.0603238931, 0.0642629411, 0.068430655, 0.0728392004, 0.0775012535, 0.0824300053, 0.0876391634, 0.0931429507, 0.0989561006, 0.105093849, 0.111571922, 0.118406518, 0.125614286, 0.133212296, 0.141218006, 0.14964922, 0.158524039, 0.167860801, 0.177678022, 0.187994313, 0.1988283, 0.21019853, 0.222123362, 0.234620856, 0.247708641, 0.261403784, 0.275722637, 0.290680679, 0.306292354, 0.322570888, 0.339528108, 0.357174255, 0.375517785, 0.394565175, 0.414320726, 0.43478637, 0.45596148, 0.47784269, 0.500423731, 0.523695275, 0.547644806, 0.572256506, 0.597511177, 0.623386184, 0.649855436, 0.676889401, 0.704455158, 0.73251649, 0.761034018, 0.789965372, 0.819265404, 0.848886442, 0.878778572, 0.908889961, 0.939167201, 0.969555687, 1.0],
                      'Ret': 395,
                      'cp': 1.0,
                      'A_sca_rho': 1.0,
                      'A_sca_mu': 0.002531645569620253,
                      'A_sca_k': 0.002531645569620253,
                      'b_exp_rho': 0,
                      'b_exp_mu': 1.2,
                      'b_exp_k': 0,
                      'tensor_device': 'cpu',
                      'as_tensor': '<function '
                                   'Build_arguments_fi_run._mk_args_MK_solver.<locals>.<lambda> '
                                   'at 0x7f7aee5db310>',
                      'ref_dns': { 'u_dns': [1.7432837480471617e-17, 0.11990110421919825, 0.24661234633075435, 0.3804347075635376, 0.521664697751676, 0.6705896534408367, 0.8274819131129758, 0.9925916092532061, 1.1661377906517532, 1.3482976173947114, 1.539194070183328, 1.7389728291622486, 1.947906440838165, 2.1662897969270527, 2.3944300921508157, 2.6326377130265963, 2.8811208780048094, 3.1400086170049932, 3.409387272416332, 3.689296098267596, 3.979724479723237, 4.280603494983008, 4.591810631479703, 4.913203786122452, 5.2446003103781536, 5.585713048882576, 5.936082779405661, 6.2951528920284305, 6.662351015369341, 7.03705553470482, 7.4184400530757815, 7.8055065489947415, 8.197331372069778, 8.593025129125996, 8.991372736866596, 9.391132388089986, 9.791454204834835, 10.190856048516816, 10.587565635627154, 10.981482134651019, 11.371221106896328, 11.754774966560896, 12.131499378846142, 12.500355847588121, 12.860331547011493, 13.210972338708814, 13.550997256179743, 13.879864905739856, 14.197846503078345, 14.5032770147596, 14.796780006270996, 15.078013806367027, 15.34760624768268, 15.60341456953914, 15.848546299395847, 16.081088828507934, 16.3027295587461, 16.51351193923378, 16.713331659266785, 16.903383929301672, 17.085175957854318, 17.257771062685364, 17.42258164878426, 17.580770185379276, 17.733736266214297, 17.880323301675922, 18.022139688712297, 18.160710318871264, 18.296176811679892, 18.42838256640673, 18.558274209869317, 18.686874236898227, 18.813007593188473, 18.938396316307408, 19.062070598496312, 19.185171185032868, 19.308199615235832, 19.430247399923623, 19.550958948008347, 19.672066935508653, 19.79123496491779, 19.910414471803136, 20.028276324991158, 20.14404665088518, 20.258331274133766, 20.370904457308143, 20.480208052437145, 20.58635986447408, 20.688186636600427, 20.786033151876968, 20.87744701778078, 20.963467549441695, 21.042483568160513, 21.112677130881796, 21.17412489176391, 21.226294013282413, 21.26740753401386, 21.298271306027438, 21.316120364361833, 21.323284376550788],
                                   'T_dns': [1.0, 1.005659799930168, 1.011686170839201, 1.0181015792152606, 1.0249294243421223, 1.0321939543353287, 1.0399201435831131, 1.048133520382824, 1.0568599322720746, 1.0661252381676911, 1.0759549366358159, 1.0863768723919975, 1.0974248658255439, 1.109135072649456, 1.1215455800706864, 1.1346958412923076, 1.1486217701769552, 1.1633563916187803, 1.1789309474394374, 1.1953743788971758, 1.2127131616085507, 1.2309693114880964, 1.2501589305706104, 1.2702913786069068, 1.2913664510192553, 1.3133763432969523, 1.336308545550176, 1.360136930994465, 1.3848144067540173, 1.4102704313912537, 1.4364131748409603, 1.4631279032145141, 1.4903133973764866, 1.5178670214597136, 1.5456142076339745, 1.5733802836139144, 1.6011165797480214, 1.6286422976637158, 1.655691359353327, 1.6822944519791476, 1.7082531114145751, 1.7333294200904505, 1.7576235287057773, 1.780997576974859, 1.8032754214822753, 1.8245306089923896, 1.8447786687681547, 1.863931355756318, 1.8820260121798713, 1.8991382288509482, 1.9151846639439463, 1.9303544565185626, 1.944617175556832, 1.958001203598023, 1.9705555641340902, 1.9824925925247423, 1.9936878654895733, 2.0041822168598986, 2.014231941076856, 2.0236222925673, 2.032695803657889, 2.041233426346869, 2.049527649347405, 2.0574065361691614, 2.0650879965726436, 2.072365158499107, 2.079575956070667, 2.0864037832935782, 2.093205011316531, 2.0997966285264877, 2.106292783507256, 2.11259846490907, 2.1187574972296748, 2.1247893884747797, 2.130649410295704, 2.136454640484929, 2.142141143416726, 2.1476760332735285, 2.1531431407819435, 2.158448627082768, 2.163639392656871, 2.16864936531881, 2.1735115882466025, 2.1783139721826674, 2.1829307121810775, 2.187322980957127, 2.1915306743542735, 2.1955326033696068, 2.1993111620174415, 2.202873047926701, 2.206107922566592, 2.209098210101015, 2.211834672840017, 2.214237044551139, 2.2163035887916025, 2.2180398014092098, 2.2194198137140684, 2.2203947368651575, 2.2209937469522822, 2.2211973858335856],
                                   'mu_dns': [0.002531645569620253, 0.0025488496155176925, 0.0025671892207454004, 0.0025867367768301567, 0.002607568091296754, 0.0026297621942359324, 0.0026534010290074107, 0.0026785689910582755, 0.0027053522740502945, 0.002733837986436556, 0.00276411306282222, 0.002796272670450763, 0.0028304315725656425, 0.0028667130978398186, 0.00290524804887922, 0.0029461731019589927, 0.00298961563687231, 0.003035695736453334, 0.003084529628976669, 0.0031362280598173915, 0.0031908957354739474, 0.0032486249505062313, 0.003309490795401082, 0.0033735482425770653, 0.0034408227717012347, 0.0035113161315587053, 0.0035850151821179353, 0.0036618627614678446, 0.0037417329811891566, 0.0038244217969509065, 0.003909652520554679, 0.003997069095026588, 0.0040863544172998435, 0.004177181775941734, 0.004268981038841252, 0.004361173341583123, 0.004453592224148201, 0.0045456265817119135, 0.004636370812642977, 0.0047259086168078305, 0.0048135509037213284, 0.004898467539758267, 0.004980970087159492, 0.005060563732435493, 0.005136619313444046, 0.005209359013519114, 0.0052788099452865025, 0.005344644231179513, 0.00540696614599695, 0.005466014703545753, 0.005521482383492977, 0.005574005327402124, 0.005623463040053902, 0.005669939824158915, 0.005713593340884427, 0.005755151920269972, 0.005794173600335005, 0.00583079200400966, 0.005865894917356026, 0.005898726367426333, 0.005930479009561461, 0.00596038221566953, 0.0059894568749744624, 0.006017097414714699, 0.006044065736711382, 0.006069633148841754, 0.00609498511563006, 0.00611900683414935, 0.006142950606959215, 0.006166171296289735, 0.006189069963275969, 0.006211310733101746, 0.006233047078284302, 0.006254346971760994, 0.006275051542569782, 0.006295573757020154, 0.0063156870717765694, 0.006335274385156038, 0.006354631738758096, 0.006373426242290053, 0.006391823295805061, 0.006409587958713615, 0.0064268365720710225, 0.006443880485144219, 0.006460272624818619, 0.006475874197452658, 0.006490826026169407, 0.006505052009726538, 0.0065184887214041805, 0.006531159164142017, 0.006542669904163785, 0.006553313326444218, 0.006563055827693097, 0.006571610867653204, 0.006578971484318321, 0.006585156587112307, 0.006590073448800205, 0.006593547382297046, 0.006595681980007775, 0.006596407681977733],
                                   'rho_dns': [1.0, 1.0, 1.0, 1.0, 1.0, 1.0, 1.0, 1.0, 1.0, 1.0, 1.0, 1.0, 1.0, 1.0, 1.0, 1.0, 1.0, 1.0, 1.0, 1.0, 1.0, 1.0, 1.0, 1.0, 1.0, 1.0, 1.0, 1.0, 1.0, 1.0, 1.0, 1.0, 1.0, 1.0, 1.0, 1.0, 1.0, 1.0, 1.0, 1.0, 1.0, 1.0, 1.0, 1.0, 1.0, 1.0, 1.0, 1.0, 1.0, 1.0, 1.0, 1.0, 1.0, 1.0, 1.0, 1.0, 1.0, 1.0, 1.0, 1.0, 1.0, 1.0, 1.0, 1.0, 1.0, 1.0, 1.0, 1.0, 1.0, 1.0, 1.0, 1.0, 1.0, 1.0, 1.0, 1.0, 1.0, 1.0, 1.0, 1.0, 1.0, 1.0, 1.0, 1.0, 1.0, 1.0, 1.0, 1.0, 1.0, 1.0, 1.0, 1.0, 1.0, 1.0, 1.0, 1.0, 1.0, 1.0, 1.0, 1.0]},
                      'case': 'T31_SReStar_tauGL',
                      'constant_Sq_heat': 0.0469620253164557,
                      'use_visc_heating': False,
                      'Pr_turb': 1.0,
                      'fprint': '<function '
                                'Build_arguments_fi_run._mk_args_MK_solver.<locals>.<lambda> '
                                'at 0x7f7aee5db160>',
                      'compressible_correction': False,
                      'bool_solve_energy': False,
                      'output_last': False},
  'u_imp': 1000,
  'k_imp': 1,
  'e_imp': 1,
  'solve_sparse_adj': True,
  'all_ref_beta_distrib': {'K': [1.0, 1.00081086, 1.00156431, 1.00222314, 1.00275902, 1.00313722, 1.00331329, 1.00323139, 1.00282315, 1.00200688, 1.00068738, 0.99875692, 0.99609769, 0.99258655, 0.98810244, 0.98253709, 0.97580886, 0.9678794, 0.95877177, 0.94858746, 0.93751949, 0.92585784, 0.91398471, 0.90235863, 0.89148886, 0.88190445, 0.87412197, 0.86861311, 0.8657728, 0.86588816, 0.8691133, 0.87545393, 0.88476859, 0.89677845, 0.91108461, 0.92719685, 0.94456463, 0.96260204, 0.98072904, 0.99840434, 1.01514962, 1.03058536, 1.04443744, 1.05652371, 1.06671817, 1.07489074, 1.08084666, 1.08427804, 1.08475082, 1.08176611, 1.07487024, 1.06377725, 1.04848059, 1.02930976, 1.00689677, 0.98209422, 0.95589134, 0.92930433, 0.9032981, 0.87874576, 0.85636284, 0.83674088, 0.82031081, 0.80738452, 0.7981287, 0.79263248, 0.79086582, 0.79274985, 0.79809939, 0.80670483, 0.81829138, 0.83254958, 0.84912812, 0.86764441, 0.88768623, 0.90880965, 0.93054968, 0.95242753, 0.97396203, 0.99467466, 1.01410243, 1.03181306, 1.04742001, 1.06060794, 1.07114272, 1.07888672, 1.08381994, 1.08604662, 1.08579213, 1.08339221, 1.07927571, 1.07393601, 1.06789399, 1.06166821, 1.05573249, 1.05048183, 1.046219, 1.04315318, 1.04141275, 1.0204514], 'E': [1.0, 1.0001976, 1.00054973, 1.00098886, 1.00152032, 1.00216079, 1.00293247, 1.00386258, 1.00498358, 1.0063336, 1.00795669, 1.00990281, 1.01222734, 1.01499001, 1.01825304, 1.02207823, 1.02652287, 1.03163405, 1.03744073, 1.04394316, 1.05109832, 1.05880105, 1.0668622, 1.07499256, 1.08281407, 1.08992554, 1.09601754, 1.1009468, 1.10465316, 1.10695796, 1.10745877, 1.1056399, 1.10106268, 1.09346152, 1.08274335, 1.06897197, 1.05236178, 1.03327042, 1.0121868, 0.98972391, 0.96662397, 0.94377339, 0.92224612, 0.90335519, 0.88864935, 0.87979566, 0.87829407, 0.88507874, 0.90017988, 0.92260712, 0.95055395, 0.9818305, 1.01428938, 1.04611916, 1.07597941, 1.10299352, 1.12664466, 1.14669036, 1.16307453, 1.17584206, 1.185136, 1.19111392, 1.19397577, 1.19391484, 1.191153, 1.18588558, 1.17833317, 1.1686895, 1.1571822, 1.14401297, 1.12940073, 1.11356534, 1.09673955, 1.07916752, 1.06110987, 1.04284919, 1.02468785, 1.00694467, 0.98994822, 0.97403631, 0.95954363, 0.94678944, 0.93606087, 0.92758752, 0.9215286, 0.91795375, 0.91682159, 0.91797299, 0.92113536, 0.92593727, 0.93193176, 0.93863065, 0.94554605, 0.95222292, 0.95827773, 0.96342363, 0.96747201, 0.97031962, 0.97192225, 0.98618742]},
  'all_ref_delta_distrib': {'K': [-0.0, -0.01136409990456392, -0.022304220313619387, -0.03230516476950796, -0.040941524710755635, -0.047642077662263096, -0.05160889266057405, -0.0517476405771063, -0.046591431253850936, -0.03421380388086606, -0.012134086991152869, 0.02277351241584752, 0.07435561817999273, 0.14721252814479838, 0.24665926473266264, 0.37856941921953835, 0.5490608480264616, 0.7639781288092133, 1.028150360400843, 1.3444495258385276, 1.712722726690628, 2.128759060002882, 2.5834975376210205, 3.0627013278121686, 3.5472627356062687, 4.01413327217783, 4.437724863411775, 4.791587768206898, 5.0502062221549435, 5.1909412798056564, 5.1961003342267125, 5.054983390039269, 4.765308762846065, 4.3339026329290125, 3.7764698748232814, 3.1162783123073123, 2.38228253011767, 1.6072257082530945, 0.8248980851742618, 0.06774388523938195, -0.6350701794244352, -1.2599293483309997, -1.7896064833391827, -2.2131278050255623, -2.524707044760881, -2.721890168399472, -2.804041780207475, -2.771583798081439, -2.6264701863565243, -2.3744394329511853, -2.0272748603048663, -1.6036683852729925, -1.1284726991563725, -0.630131952935752, -0.13675534389378552, 0.32724201811825665, 0.7429117383858156, 1.097776462597468, 1.3854597632417411, 1.6045043977055946, 1.757610821056141, 1.8497867823924519, 1.8877967043464063, 1.8789664054627255, 1.8310121043526117, 1.7511252147536083, 1.646259319933376, 1.5225089087831867, 1.3856060623697228, 1.2403645365101041, 1.0910802186358037, 0.9414086875965857, 0.7945001717331993, 0.6530135944524823, 0.5191795048560583, 0.39486558693664486, 0.2815744075431006, 0.18045855001972702, 0.09231814990389238, 0.017623885328096656, -0.04349005276571524, -0.09123333058513265, -0.12615662612609088, -0.149163578752476, -0.1614635295844034, -0.16452798287031054, -0.16004313215290486, -0.14981710122321154, -0.13566953901588424, -0.11932055867519585, -0.10229236992291366, -0.08582745049826213, -0.07083801258907946, -0.0579057998237486, -0.047303940139197524, -0.03905621683790405, -0.03302438971182001, -0.028996478954867212, -0.026765628922057572, -0.013042710194352006], 'E': [-0.0, -0.0599251538533715, -0.2233967945490437, -0.4524142742374289, -0.7421553335825655, -1.1001562478745526, -1.5402245760003388, -2.0813304813698217, -2.7477512355295373, -3.5697071286866056, -4.584112564469214, -5.835282041498079, -7.375379410393697, -9.264569353715757, -11.57060904700049, -14.367734147246118, -17.735001466041183, -21.754006080406967, -26.50622047954179, -32.070440615626396, -38.519268583939095, -45.91136149798684, -54.27050057886348, -63.53888637802894, -73.50107140089773, -83.70927688047787, -93.48645915722447, -102.05767786862641, -108.72938126648799, -112.97270952520408, -114.38847510404898, -112.65524558105419, -107.52560120946734, -98.87052010495876, -86.73611651469763, -71.37820601391634, -53.27412872929317, -33.123805466641315, -11.810897802925773, 9.636306863848349, 30.077196805769535, 48.31793928635447, 63.15748735578078, 73.47896941369568, 78.39988422060038, 77.48172781589396, 70.97128864128807, 59.91310674327336, 46.00281678162327, 31.207985533836048, 17.294471115369134, 5.473994662215702, -3.6894618201763034, -10.17252274892845, -14.295215512775775, -16.528812343880805, -17.35759711516911, -17.20842556966204, -16.423145612167914, -15.256985216007777, -13.893935678111493, -12.457842214492384, -11.03065738111929, -9.662290402872719, -8.382376703317975, -7.204748083797635, -6.1349011733484895, -5.171454627808697, -4.3106235572413985, -3.5458281190059977, -2.8700710465600645, -2.2760643843977886, -1.7568700637763286, -1.306025540449012, -0.9177017685541199, -0.586763431021333, -0.308666151148089, -0.07933951991422054, 0.10496181481037008, 0.2477273680059874, 0.3523815573547954, 0.42243032000351705, 0.46160080604572656, 0.4739792725141036, 0.46398271038856503, 0.43631835795154006, 0.3958812346976639, 0.34751859999531454, 0.2957446007167088, 0.24446124089602395, 0.19673869903943414, 0.1546817884535629, 0.11941444967660224, 0.09120552353511403, 0.06965592442528301, 0.053946159932041805, 0.04309610423610909, 0.03617524589807868, 0.03244993185337009, 0.01567105404749027]},
  'fname_print': '/media/rafael/DATA/Dropbox/20220924_FIML_solver/data/output/field_inversion/Beta_k__1__Beta_e__1/u_imp_1000/FI_run_T31_SReStar_tauGL_u_imp_1000_k_imp_1_e_imp_1/FI_run_T31_SReStar_tauGL_u_imp_1000_k_imp_1_e_imp_1.log',
  'folder': '/media/rafael/DATA/Dropbox/20220924_FIML_solver/data/output/field_inversion/Beta_k__1__Beta_e__1/u_imp_1000/FI_run_T31_SReStar_tauGL_u_imp_1000_k_imp_1_e_imp_1',
  'iters_limit': 15000}
# End_Input_Arguments

# ------------------------------------------------------------------------
#                  Iterations
# ------------------------------------------------------------------------

iter:      0 (Jcost: 5.144114e+01) (lr = 1.000e-03) (elapsed time:  0.002) (secs/iter:   None) (n_accepted: 0%) (u_error:  4.484660 %) (beta_change: 20.155497 %) (delta_change:  9.869735 %) (delta_peak/R:  0.000000 %)
-> Saved file: /media/rafael/DATA/Dropbox/20220924_FIML_solver/data/output/field_inversion/Beta_k__1__Beta_e__1/u_imp_1000/FI_run_T31_SReStar_tauGL_u_imp_1000_k_imp_1_e_imp_1/FI_run_T31_SReStar_tauGL_u_imp_1000_k_imp_1_e_imp_1_state_iter_0.dat
iter:    100 (Jcost: 1.617473e+00) (lr = 2.981e-04) (elapsed time: 111.175) (secs/iter:  1.112) (n_accepted: 78%) (u_error:  0.784695 %) (beta_change:  9.601636 %) (delta_change:  7.143404 %) (delta_peak/R:  3.438361 %)
iter:    200 (Jcost: 1.077215e+00) (lr = 2.558e-04) (elapsed time: 203.700) (secs/iter:  0.925) (n_accepted: 79%) (u_error:  0.655766 %) (beta_change:  7.053972 %) (delta_change:  5.031390 %) (delta_peak/R:  5.883811 %)
iter:    300 (Jcost: 8.717776e-01) (lr = 7.286e-03) (elapsed time: 294.608) (secs/iter:  0.909) (n_accepted: 83%) (u_error:  0.624840 %) (beta_change:  5.652416 %) (delta_change:  4.086847 %) (delta_peak/R:  7.083677 %)
iter:    400 (Jcost: 7.791924e-01) (lr = 6.255e-03) (elapsed time: 383.494) (secs/iter:  0.889) (n_accepted: 79%) (u_error:  0.598981 %) (beta_change:  4.767219 %) (delta_change:  3.470873 %) (delta_peak/R:  7.834460 %)
iter:    500 (Jcost: 7.353778e-01) (lr = 3.884e-04) (elapsed time: 469.610) (secs/iter:  0.861) (n_accepted: 76%) (u_error:  0.586255 %) (beta_change:  4.279548 %) (delta_change:  3.067596 %) (delta_peak/R:  8.251134 %)
-> Saved file: /media/rafael/DATA/Dropbox/20220924_FIML_solver/data/output/field_inversion/Beta_k__1__Beta_e__1/u_imp_1000/FI_run_T31_SReStar_tauGL_u_imp_1000_k_imp_1_e_imp_1/FI_run_T31_SReStar_tauGL_u_imp_1000_k_imp_1_e_imp_1_state_iter_500.dat
iter:    600 (Jcost: 7.059722e-01) (lr = 1.389e-04) (elapsed time: 559.347) (secs/iter:  0.897) (n_accepted: 78%) (u_error:  0.575291 %) (beta_change:  3.851136 %) (delta_change:  2.708712 %) (delta_peak/R:  8.579970 %)
iter:    700 (Jcost: 6.863085e-01) (lr = 1.192e-04) (elapsed time: 641.933) (secs/iter:  0.826) (n_accepted: 79%) (u_error:  0.566698 %) (beta_change:  3.427742 %) (delta_change:  2.384213 %) (delta_peak/R:  8.826338 %)
iter:    800 (Jcost: 6.770716e-01) (lr = 3.396e-03) (elapsed time: 720.699) (secs/iter:  0.788) (n_accepted: 83%) (u_error:  0.561601 %) (beta_change:  3.160633 %) (delta_change:  2.181923 %) (delta_peak/R:  8.934236 %)
iter:    900 (Jcost: 6.710623e-01) (lr = 1.215e-03) (elapsed time: 799.561) (secs/iter:  0.789) (n_accepted: 78%) (u_error:  0.558154 %) (beta_change:  2.950647 %) (delta_change:  2.019614 %) (delta_peak/R:  8.994451 %)
iter:   1000 (Jcost: 6.645143e-01) (lr = 7.542e-05) (elapsed time: 879.030) (secs/iter:  0.795) (n_accepted: 76%) (u_error:  0.554289 %) (beta_change:  2.670983 %) (delta_change:  1.812489 %) (delta_peak/R:  9.039497 %)
-> Saved file: /media/rafael/DATA/Dropbox/20220924_FIML_solver/data/output/field_inversion/Beta_k__1__Beta_e__1/u_imp_1000/FI_run_T31_SReStar_tauGL_u_imp_1000_k_imp_1_e_imp_1/FI_run_T31_SReStar_tauGL_u_imp_1000_k_imp_1_e_imp_1_state_iter_1000.dat
iter:   1100 (Jcost: 6.609555e-01) (lr = 3.729e-04) (elapsed time: 960.748) (secs/iter:  0.817) (n_accepted: 81%) (u_error:  0.551853 %) (beta_change:  2.480309 %) (delta_change:  1.676688 %) (delta_peak/R:  9.047693 %)
iter:   1200 (Jcost: 6.581437e-01) (lr = 4.425e-03) (elapsed time: 1028.951) (secs/iter:  0.682) (n_accepted: 82%) (u_error:  0.550624 %) (beta_change:  2.326973 %) (delta_change:  1.567459 %) (delta_peak/R:  9.057086 %)
iter:   1300 (Jcost: 6.559725e-01) (lr = 1.583e-03) (elapsed time: 1101.198) (secs/iter:  0.722) (n_accepted: 78%) (u_error:  0.549358 %) (beta_change:  2.192860 %) (delta_change:  1.470951 %) (delta_peak/R:  9.066015 %)
iter:   1400 (Jcost: 6.534864e-01) (lr = 5.661e-04) (elapsed time: 1172.741) (secs/iter:  0.715) (n_accepted: 78%) (u_error:  0.548082 %) (beta_change:  2.023146 %) (delta_change:  1.352052 %) (delta_peak/R:  9.068756 %)
iter:   1500 (Jcost: 6.518677e-01) (lr = 2.025e-04) (elapsed time: 1228.209) (secs/iter:  0.555) (n_accepted: 78%) (u_error:  0.547197 %) (beta_change:  1.907530 %) (delta_change:  1.268870 %) (delta_peak/R:  9.066058 %)
-> Saved file: /media/rafael/DATA/Dropbox/20220924_FIML_solver/data/output/field_inversion/Beta_k__1__Beta_e__1/u_imp_1000/FI_run_T31_SReStar_tauGL_u_imp_1000_k_imp_1_e_imp_1/FI_run_T31_SReStar_tauGL_u_imp_1000_k_imp_1_e_imp_1_state_iter_1500.dat
iter:   1600 (Jcost: 6.499481e-01) (lr = 7.242e-05) (elapsed time: 1326.044) (secs/iter:  0.978) (n_accepted: 78%) (u_error:  0.546230 %) (beta_change:  1.762226 %) (delta_change:  1.165030 %) (delta_peak/R:  9.058001 %)
iter:   1700 (Jcost: 6.487540e-01) (lr = 4.950e-03) (elapsed time: 1400.858) (secs/iter:  0.748) (n_accepted: 84%) (u_error:  0.545629 %) (beta_change:  1.672663 %) (delta_change:  1.101730 %) (delta_peak/R:  9.050281 %)
iter:   1800 (Jcost: 6.478923e-01) (lr = 7.376e-04) (elapsed time: 1477.058) (secs/iter:  0.762) (n_accepted: 77%) (u_error:  0.545110 %) (beta_change:  1.611574 %) (delta_change:  1.055553 %) (delta_peak/R:  9.043939 %)
iter:   1900 (Jcost: 6.469359e-01) (lr = 2.638e-04) (elapsed time: 1552.140) (secs/iter:  0.751) (n_accepted: 78%) (u_error:  0.544586 %) (beta_change:  1.551815 %) (delta_change:  1.006519 %) (delta_peak/R:  9.035484 %)
iter:   2000 (Jcost: 6.460449e-01) (lr = 9.436e-05) (elapsed time: 1623.777) (secs/iter:  0.716) (n_accepted: 78%) (u_error:  0.544091 %) (beta_change:  1.519412 %) (delta_change:  0.963077 %) (delta_peak/R:  9.026585 %)
-> Saved file: /media/rafael/DATA/Dropbox/20220924_FIML_solver/data/output/field_inversion/Beta_k__1__Beta_e__1/u_imp_1000/FI_run_T31_SReStar_tauGL_u_imp_1000_k_imp_1_e_imp_1/FI_run_T31_SReStar_tauGL_u_imp_1000_k_imp_1_e_imp_1_state_iter_2000.dat
iter:   2100 (Jcost: 6.453016e-01) (lr = 2.687e-03) (elapsed time: 1699.355) (secs/iter:  0.756) (n_accepted: 83%) (u_error:  0.543660 %) (beta_change:  1.523558 %) (delta_change:  0.928096 %) (delta_peak/R:  9.018533 %)
iter:   2200 (Jcost: 6.445176e-01) (lr = 9.612e-04) (elapsed time: 1769.547) (secs/iter:  0.702) (n_accepted: 78%) (u_error:  0.543240 %) (beta_change:  1.589787 %) (delta_change:  0.894421 %) (delta_peak/R:  9.009260 %)
iter:   2300 (Jcost: 6.438104e-01) (lr = 3.438e-04) (elapsed time: 1840.770) (secs/iter:  0.712) (n_accepted: 78%) (u_error:  0.542854 %) (beta_change:  1.685996 %) (delta_change:  0.878779 %) (delta_peak/R:  9.000349 %)
iter:   2400 (Jcost: 6.430115e-01) (lr = 5.123e-05) (elapsed time: 1912.240) (secs/iter:  0.715) (n_accepted: 77%) (u_error:  0.542404 %) (beta_change:  1.804740 %) (delta_change:  0.883738 %) (delta_peak/R:  8.989756 %)
iter:   2500 (Jcost: 6.424695e-01) (lr = 1.459e-03) (elapsed time: 1976.502) (secs/iter:  0.643) (n_accepted: 83%) (u_error:  0.542170 %) (beta_change:  1.894673 %) (delta_change:  0.889395 %) (delta_peak/R:  8.985301 %)
-> Saved file: /media/rafael/DATA/Dropbox/20220924_FIML_solver/data/output/field_inversion/Beta_k__1__Beta_e__1/u_imp_1000/FI_run_T31_SReStar_tauGL_u_imp_1000_k_imp_1_e_imp_1/FI_run_T31_SReStar_tauGL_u_imp_1000_k_imp_1_e_imp_1_state_iter_2500.dat
iter:   2600 (Jcost: 6.420770e-01) (lr = 5.219e-04) (elapsed time: 2048.018) (secs/iter:  0.715) (n_accepted: 78%) (u_error:  0.541831 %) (beta_change:  1.956682 %) (delta_change:  0.892860 %) (delta_peak/R:  8.983432 %)
iter:   2700 (Jcost: 6.416057e-01) (lr = 7.777e-05) (elapsed time: 2115.606) (secs/iter:  0.676) (n_accepted: 77%) (u_error:  0.541579 %) (beta_change:  2.038547 %) (delta_change:  0.899724 %) (delta_peak/R:  8.980059 %)
iter:   2800 (Jcost: 6.410966e-01) (lr = 6.676e-05) (elapsed time: 2181.371) (secs/iter:  0.658) (n_accepted: 79%) (u_error:  0.541260 %) (beta_change:  2.130963 %) (delta_change:  0.907109 %) (delta_peak/R:  8.976261 %)
iter:   2900 (Jcost: 6.406141e-01) (lr = 4.563e-03) (elapsed time: 2246.039) (secs/iter:  0.647) (n_accepted: 84%) (u_error:  0.541066 %) (beta_change:  2.224488 %) (delta_change:  0.914896 %) (delta_peak/R:  8.971732 %)
iter:   3000 (Jcost: 6.402428e-01) (lr = 1.632e-03) (elapsed time: 2311.975) (secs/iter:  0.659) (n_accepted: 78%) (u_error:  0.540764 %) (beta_change:  2.293942 %) (delta_change:  0.921121 %) (delta_peak/R:  8.968952 %)
-> Saved file: /media/rafael/DATA/Dropbox/20220924_FIML_solver/data/output/field_inversion/Beta_k__1__Beta_e__1/u_imp_1000/FI_run_T31_SReStar_tauGL_u_imp_1000_k_imp_1_e_imp_1/FI_run_T31_SReStar_tauGL_u_imp_1000_k_imp_1_e_imp_1_state_iter_3000.dat
iter:   3100 (Jcost: 6.398868e-01) (lr = 4.223e-05) (elapsed time: 2383.615) (secs/iter:  0.716) (n_accepted: 75%) (u_error:  0.540575 %) (beta_change:  2.365845 %) (delta_change:  0.928235 %) (delta_peak/R:  8.965545 %)
iter:   3200 (Jcost: 6.394681e-01) (lr = 2.886e-03) (elapsed time: 2448.877) (secs/iter:  0.653) (n_accepted: 84%) (u_error:  0.540353 %) (beta_change:  2.453287 %) (delta_change:  0.936524 %) (delta_peak/R:  8.961328 %)
iter:   3300 (Jcost: 6.391981e-01) (lr = 1.032e-03) (elapsed time: 2517.870) (secs/iter:  0.690) (n_accepted: 78%) (u_error:  0.540153 %) (beta_change:  2.510069 %) (delta_change:  0.941472 %) (delta_peak/R:  8.958796 %)
iter:   3400 (Jcost: 6.388717e-01) (lr = 3.692e-04) (elapsed time: 2586.270) (secs/iter:  0.684) (n_accepted: 78%) (u_error:  0.539988 %) (beta_change:  2.580940 %) (delta_change:  0.951910 %) (delta_peak/R:  8.955264 %)
iter:   3500 (Jcost: 6.385381e-01) (lr = 1.321e-04) (elapsed time: 2652.954) (secs/iter:  0.667) (n_accepted: 78%) (u_error:  0.539778 %) (beta_change:  2.654692 %) (delta_change:  0.969655 %) (delta_peak/R:  8.951735 %)
-> Saved file: /media/rafael/DATA/Dropbox/20220924_FIML_solver/data/output/field_inversion/Beta_k__1__Beta_e__1/u_imp_1000/FI_run_T31_SReStar_tauGL_u_imp_1000_k_imp_1_e_imp_1/FI_run_T31_SReStar_tauGL_u_imp_1000_k_imp_1_e_imp_1_state_iter_3500.dat
iter:   3600 (Jcost: 6.382725e-01) (lr = 6.529e-04) (elapsed time: 2720.795) (secs/iter:  0.678) (n_accepted: 81%) (u_error:  0.539640 %) (beta_change:  2.714589 %) (delta_change:  0.990593 %) (delta_peak/R:  8.948730 %)
iter:   3700 (Jcost: 6.379648e-01) (lr = 9.731e-05) (elapsed time: 2790.622) (secs/iter:  0.698) (n_accepted: 77%) (u_error:  0.539477 %) (beta_change:  2.785224 %) (delta_change:  1.020009 %) (delta_peak/R:  8.945187 %)
iter:   3800 (Jcost: 6.376759e-01) (lr = 8.353e-05) (elapsed time: 2858.769) (secs/iter:  0.681) (n_accepted: 79%) (u_error:  0.539314 %) (beta_change:  2.852600 %) (delta_change:  1.047414 %) (delta_peak/R:  8.941850 %)
iter:   3900 (Jcost: 6.373963e-01) (lr = 5.709e-03) (elapsed time: 2925.524) (secs/iter:  0.668) (n_accepted: 84%) (u_error:  0.539211 %) (beta_change:  2.920565 %) (delta_change:  1.073904 %) (delta_peak/R:  8.938267 %)
iter:   4000 (Jcost: 6.371241e-01) (lr = 4.901e-03) (elapsed time: 2993.023) (secs/iter:  0.675) (n_accepted: 79%) (u_error:  0.538973 %) (beta_change:  2.989557 %) (delta_change:  1.099059 %) (delta_peak/R:  8.935415 %)
-> Saved file: /media/rafael/DATA/Dropbox/20220924_FIML_solver/data/output/field_inversion/Beta_k__1__Beta_e__1/u_imp_1000/FI_run_T31_SReStar_tauGL_u_imp_1000_k_imp_1_e_imp_1/FI_run_T31_SReStar_tauGL_u_imp_1000_k_imp_1_e_imp_1_state_iter_4000.dat
iter:   4100 (Jcost: 6.368703e-01) (lr = 1.753e-03) (elapsed time: 3056.860) (secs/iter:  0.638) (n_accepted: 78%) (u_error:  0.538904 %) (beta_change:  3.064242 %) (delta_change:  1.121646 %) (delta_peak/R:  8.932109 %)
iter:   4200 (Jcost: 6.366194e-01) (lr = 2.612e-04) (elapsed time: 3126.402) (secs/iter:  0.695) (n_accepted: 77%) (u_error:  0.538761 %) (beta_change:  3.140854 %) (delta_change:  1.144036 %) (delta_peak/R:  8.929099 %)
iter:   4300 (Jcost: 6.363885e-01) (lr = 2.242e-04) (elapsed time: 3193.170) (secs/iter:  0.668) (n_accepted: 79%) (u_error:  0.538721 %) (beta_change:  3.216058 %) (delta_change:  1.165080 %) (delta_peak/R:  8.925764 %)
iter:   4400 (Jcost: 6.361820e-01) (lr = 2.661e-03) (elapsed time: 3260.070) (secs/iter:  0.669) (n_accepted: 82%) (u_error:  0.538542 %) (beta_change:  3.278541 %) (delta_change:  1.182138 %) (delta_peak/R:  8.923687 %)
iter:   4500 (Jcost: 6.359645e-01) (lr = 9.517e-04) (elapsed time: 3327.003) (secs/iter:  0.669) (n_accepted: 78%) (u_error:  0.538460 %) (beta_change:  3.348850 %) (delta_change:  1.200601 %) (delta_peak/R:  8.920876 %)
-> Saved file: /media/rafael/DATA/Dropbox/20220924_FIML_solver/data/output/field_inversion/Beta_k__1__Beta_e__1/u_imp_1000/FI_run_T31_SReStar_tauGL_u_imp_1000_k_imp_1_e_imp_1/FI_run_T31_SReStar_tauGL_u_imp_1000_k_imp_1_e_imp_1_state_iter_4500.dat
iter:   4600 (Jcost: 6.357526e-01) (lr = 1.418e-04) (elapsed time: 3400.001) (secs/iter:  0.730) (n_accepted: 77%) (u_error:  0.538335 %) (beta_change:  3.418699 %) (delta_change:  1.218363 %) (delta_peak/R:  8.918332 %)
iter:   4700 (Jcost: 6.355122e-01) (lr = 5.073e-05) (elapsed time: 3466.575) (secs/iter:  0.666) (n_accepted: 78%) (u_error:  0.538241 %) (beta_change:  3.499118 %) (delta_change:  1.238037 %) (delta_peak/R:  8.915258 %)
iter:   4800 (Jcost: 6.353019e-01) (lr = 1.445e-03) (elapsed time: 3531.905) (secs/iter:  0.653) (n_accepted: 83%) (u_error:  0.538077 %) (beta_change:  3.573936 %) (delta_change:  1.255736 %) (delta_peak/R:  8.912800 %)
iter:   4900 (Jcost: 6.351273e-01) (lr = 2.976e-03) (elapsed time: 3597.719) (secs/iter:  0.658) (n_accepted: 80%) (u_error:  0.538091 %) (beta_change:  3.631608 %) (delta_change:  1.268784 %) (delta_peak/R:  8.910340 %)
iter:   5000 (Jcost: 6.349565e-01) (lr = 7.700e-05) (elapsed time: 3655.233) (secs/iter:  0.575) (n_accepted: 75%) (u_error:  0.538000 %) (beta_change:  3.691452 %) (delta_change:  1.282073 %) (delta_peak/R:  8.908287 %)
-> Saved file: /media/rafael/DATA/Dropbox/20220924_FIML_solver/data/output/field_inversion/Beta_k__1__Beta_e__1/u_imp_1000/FI_run_T31_SReStar_tauGL_u_imp_1000_k_imp_1_e_imp_1/FI_run_T31_SReStar_tauGL_u_imp_1000_k_imp_1_e_imp_1_state_iter_5000.dat
iter:   5100 (Jcost: 6.347578e-01) (lr = 6.610e-05) (elapsed time: 3728.000) (secs/iter:  0.728) (n_accepted: 79%) (u_error:  0.537918 %) (beta_change:  3.762283 %) (delta_change:  1.297287 %) (delta_peak/R:  8.905809 %)
iter:   5200 (Jcost: 6.345193e-01) (lr = 1.882e-03) (elapsed time: 3793.326) (secs/iter:  0.653) (n_accepted: 83%) (u_error:  0.537761 %) (beta_change:  3.851054 %) (delta_change:  1.315720 %) (delta_peak/R:  8.903018 %)
iter:   5300 (Jcost: 6.343864e-01) (lr = 4.871e-05) (elapsed time: 3860.863) (secs/iter:  0.675) (n_accepted: 75%) (u_error:  0.537771 %) (beta_change:  3.897663 %) (delta_change:  1.324977 %) (delta_peak/R:  8.901187 %)
iter:   5400 (Jcost: 6.342665e-01) (lr = 4.181e-05) (elapsed time: 3927.222) (secs/iter:  0.664) (n_accepted: 79%) (u_error:  0.537712 %) (beta_change:  3.942223 %) (delta_change:  1.333714 %) (delta_peak/R:  8.899762 %)
iter:   5500 (Jcost: 6.340745e-01) (lr = 2.858e-03) (elapsed time: 3992.722) (secs/iter:  0.655) (n_accepted: 84%) (u_error:  0.537586 %) (beta_change:  4.017041 %) (delta_change:  1.347979 %) (delta_peak/R:  8.897553 %)
-> Saved file: /media/rafael/DATA/Dropbox/20220924_FIML_solver/data/output/field_inversion/Beta_k__1__Beta_e__1/u_imp_1000/FI_run_T31_SReStar_tauGL_u_imp_1000_k_imp_1_e_imp_1/FI_run_T31_SReStar_tauGL_u_imp_1000_k_imp_1_e_imp_1_state_iter_5500.dat
iter:   5600 (Jcost: 6.339484e-01) (lr = 4.259e-04) (elapsed time: 4051.147) (secs/iter:  0.584) (n_accepted: 77%) (u_error:  0.537609 %) (beta_change:  4.062993 %) (delta_change:  1.356330 %) (delta_peak/R:  8.895795 %)
iter:   5700 (Jcost: 6.337857e-01) (lr = 1.523e-04) (elapsed time: 4116.154) (secs/iter:  0.650) (n_accepted: 78%) (u_error:  0.537527 %) (beta_change:  4.126182 %) (delta_change:  1.367653 %) (delta_peak/R:  8.893918 %)
iter:   5800 (Jcost: 6.335969e-01) (lr = 1.308e-04) (elapsed time: 4180.606) (secs/iter:  0.645) (n_accepted: 79%) (u_error:  0.537465 %) (beta_change:  4.200298 %) (delta_change:  1.380492 %) (delta_peak/R:  8.891620 %)
iter:   5900 (Jcost: 6.334360e-01) (lr = 1.122e-04) (elapsed time: 4247.329) (secs/iter:  0.667) (n_accepted: 79%) (u_error:  0.537345 %) (beta_change:  4.267643 %) (delta_change:  1.391852 %) (delta_peak/R:  8.889871 %)
iter:   6000 (Jcost: 6.333073e-01) (lr = 1.332e-03) (elapsed time: 4311.646) (secs/iter:  0.643) (n_accepted: 82%) (u_error:  0.537358 %) (beta_change:  4.316345 %) (delta_change:  1.399739 %) (delta_peak/R:  8.888201 %)
-> Saved file: /media/rafael/DATA/Dropbox/20220924_FIML_solver/data/output/field_inversion/Beta_k__1__Beta_e__1/u_imp_1000/FI_run_T31_SReStar_tauGL_u_imp_1000_k_imp_1_e_imp_1/FI_run_T31_SReStar_tauGL_u_imp_1000_k_imp_1_e_imp_1_state_iter_6000.dat
iter:   6100 (Jcost: 6.331433e-01) (lr = 8.270e-05) (elapsed time: 4379.880) (secs/iter:  0.682) (n_accepted: 76%) (u_error:  0.537318 %) (beta_change:  4.383068 %) (delta_change:  1.410336 %) (delta_peak/R:  8.886201 %)
iter:   6200 (Jcost: 6.329942e-01) (lr = 1.704e-04) (elapsed time: 4442.453) (secs/iter:  0.626) (n_accepted: 80%) (u_error:  0.537210 %) (beta_change:  4.446443 %) (delta_change:  1.420183 %) (delta_peak/R:  8.884657 %)
iter:   6300 (Jcost: 6.328277e-01) (lr = 4.852e-03) (elapsed time: 4503.112) (secs/iter:  0.607) (n_accepted: 83%) (u_error:  0.537197 %) (beta_change:  4.513952 %) (delta_change:  1.430260 %) (delta_peak/R:  8.882612 %)
iter:   6400 (Jcost: 6.327004e-01) (lr = 7.231e-04) (elapsed time: 4567.827) (secs/iter:  0.647) (n_accepted: 77%) (u_error:  0.537169 %) (beta_change:  4.567512 %) (delta_change:  1.438823 %) (delta_peak/R:  8.881096 %)
iter:   6500 (Jcost: 6.325577e-01) (lr = 6.207e-04) (elapsed time: 4632.048) (secs/iter:  0.642) (n_accepted: 79%) (u_error:  0.537118 %) (beta_change:  4.628235 %) (delta_change:  1.448635 %) (delta_peak/R:  8.879505 %)
-> Saved file: /media/rafael/DATA/Dropbox/20220924_FIML_solver/data/output/field_inversion/Beta_k__1__Beta_e__1/u_imp_1000/FI_run_T31_SReStar_tauGL_u_imp_1000_k_imp_1_e_imp_1/FI_run_T31_SReStar_tauGL_u_imp_1000_k_imp_1_e_imp_1_state_iter_6500.dat
iter:   6600 (Jcost: 6.324225e-01) (lr = 2.220e-04) (elapsed time: 4694.692) (secs/iter:  0.626) (n_accepted: 78%) (u_error:  0.537088 %) (beta_change:  4.686411 %) (delta_change:  1.457773 %) (delta_peak/R:  8.877928 %)
iter:   6700 (Jcost: 6.322644e-01) (lr = 7.941e-05) (elapsed time: 4756.922) (secs/iter:  0.622) (n_accepted: 78%) (u_error:  0.537030 %) (beta_change:  4.755044 %) (delta_change:  1.468276 %) (delta_peak/R:  8.876208 %)
iter:   6800 (Jcost: 6.321223e-01) (lr = 5.427e-03) (elapsed time: 4819.660) (secs/iter:  0.627) (n_accepted: 84%) (u_error:  0.537036 %) (beta_change:  4.819611 %) (delta_change:  1.477816 %) (delta_peak/R:  8.874366 %)
iter:   6900 (Jcost: 6.319963e-01) (lr = 1.941e-03) (elapsed time: 4880.887) (secs/iter:  0.612) (n_accepted: 78%) (u_error:  0.536947 %) (beta_change:  4.873323 %) (delta_change:  1.485622 %) (delta_peak/R:  8.873275 %)
iter:   7000 (Jcost: 6.318768e-01) (lr = 1.205e-04) (elapsed time: 4945.148) (secs/iter:  0.643) (n_accepted: 76%) (u_error:  0.536904 %) (beta_change:  4.926881 %) (delta_change:  1.493184 %) (delta_peak/R:  8.872015 %)
-> Saved file: /media/rafael/DATA/Dropbox/20220924_FIML_solver/data/output/field_inversion/Beta_k__1__Beta_e__1/u_imp_1000/FI_run_T31_SReStar_tauGL_u_imp_1000_k_imp_1_e_imp_1/FI_run_T31_SReStar_tauGL_u_imp_1000_k_imp_1_e_imp_1_state_iter_7000.dat
iter:   7100 (Jcost: 6.317889e-01) (lr = 1.430e-03) (elapsed time: 5018.035) (secs/iter:  0.729) (n_accepted: 82%) (u_error:  0.536890 %) (beta_change:  4.966393 %) (delta_change:  1.498630 %) (delta_peak/R:  8.871021 %)
iter:   7200 (Jcost: 6.316451e-01) (lr = 2.132e-04) (elapsed time: 5082.500) (secs/iter:  0.645) (n_accepted: 77%) (u_error:  0.536856 %) (beta_change:  5.031748 %) (delta_change:  1.507453 %) (delta_peak/R:  8.869459 %)
iter:   7300 (Jcost: 6.315197e-01) (lr = 7.624e-05) (elapsed time: 5148.795) (secs/iter:  0.663) (n_accepted: 78%) (u_error:  0.536811 %) (beta_change:  5.089267 %) (delta_change:  1.515014 %) (delta_peak/R:  8.868177 %)
iter:   7400 (Jcost: 6.313871e-01) (lr = 9.047e-04) (elapsed time: 5213.255) (secs/iter:  0.645) (n_accepted: 82%) (u_error:  0.536708 %) (beta_change:  5.154468 %) (delta_change:  1.523402 %) (delta_peak/R:  8.866985 %)
iter:   7500 (Jcost: 6.312658e-01) (lr = 7.766e-04) (elapsed time: 5278.240) (secs/iter:  0.650) (n_accepted: 79%) (u_error:  0.536737 %) (beta_change:  5.207323 %) (delta_change:  1.529943 %) (delta_peak/R:  8.865553 %)
-> Saved file: /media/rafael/DATA/Dropbox/20220924_FIML_solver/data/output/field_inversion/Beta_k__1__Beta_e__1/u_imp_1000/FI_run_T31_SReStar_tauGL_u_imp_1000_k_imp_1_e_imp_1/FI_run_T31_SReStar_tauGL_u_imp_1000_k_imp_1_e_imp_1_state_iter_7500.dat
iter:   7600 (Jcost: 6.311365e-01) (lr = 1.157e-04) (elapsed time: 5347.500) (secs/iter:  0.693) (n_accepted: 77%) (u_error:  0.536702 %) (beta_change:  5.268232 %) (delta_change:  1.537341 %) (delta_peak/R:  8.864227 %)
iter:   7700 (Jcost: 6.310215e-01) (lr = 9.935e-05) (elapsed time: 5414.360) (secs/iter:  0.669) (n_accepted: 79%) (u_error:  0.536661 %) (beta_change:  5.323081 %) (delta_change:  1.543840 %) (delta_peak/R:  8.863098 %)
iter:   7800 (Jcost: 6.309141e-01) (lr = 1.179e-03) (elapsed time: 5477.920) (secs/iter:  0.636) (n_accepted: 82%) (u_error:  0.536624 %) (beta_change:  5.374889 %) (delta_change:  1.549835 %) (delta_peak/R:  8.862051 %)
iter:   7900 (Jcost: 6.308215e-01) (lr = 1.012e-03) (elapsed time: 5540.491) (secs/iter:  0.626) (n_accepted: 79%) (u_error:  0.536613 %) (beta_change:  5.419061 %) (delta_change:  1.554823 %) (delta_peak/R:  8.861077 %)
iter:   8000 (Jcost: 6.307073e-01) (lr = 1.508e-04) (elapsed time: 5603.841) (secs/iter:  0.633) (n_accepted: 77%) (u_error:  0.536594 %) (beta_change:  5.474441 %) (delta_change:  1.560936 %) (delta_peak/R:  8.859907 %)
-> Saved file: /media/rafael/DATA/Dropbox/20220924_FIML_solver/data/output/field_inversion/Beta_k__1__Beta_e__1/u_imp_1000/FI_run_T31_SReStar_tauGL_u_imp_1000_k_imp_1_e_imp_1/FI_run_T31_SReStar_tauGL_u_imp_1000_k_imp_1_e_imp_1_state_iter_8000.dat
iter:   8100 (Jcost: 6.305979e-01) (lr = 1.295e-04) (elapsed time: 5656.944) (secs/iter:  0.531) (n_accepted: 79%) (u_error:  0.536567 %) (beta_change:  5.528473 %) (delta_change:  1.566717 %) (delta_peak/R:  8.858829 %)
iter:   8200 (Jcost: 6.304969e-01) (lr = 1.111e-04) (elapsed time: 5706.334) (secs/iter:  0.494) (n_accepted: 79%) (u_error:  0.536546 %) (beta_change:  5.578710 %) (delta_change:  1.571967 %) (delta_peak/R:  8.857827 %)
iter:   8300 (Jcost: 6.303796e-01) (lr = 3.165e-03) (elapsed time: 5765.222) (secs/iter:  0.589) (n_accepted: 83%) (u_error:  0.536510 %) (beta_change:  5.637592 %) (delta_change:  1.577989 %) (delta_peak/R:  8.856726 %)
iter:   8400 (Jcost: 6.302758e-01) (lr = 1.132e-03) (elapsed time: 5827.365) (secs/iter:  0.621) (n_accepted: 78%) (u_error:  0.536492 %) (beta_change:  5.690019 %) (delta_change:  1.583210 %) (delta_peak/R:  8.855702 %)
iter:   8500 (Jcost: 6.301731e-01) (lr = 4.049e-04) (elapsed time: 5891.452) (secs/iter:  0.641) (n_accepted: 78%) (u_error:  0.536470 %) (beta_change:  5.742283 %) (delta_change:  1.588299 %) (delta_peak/R:  8.854717 %)
-> Saved file: /media/rafael/DATA/Dropbox/20220924_FIML_solver/data/output/field_inversion/Beta_k__1__Beta_e__1/u_imp_1000/FI_run_T31_SReStar_tauGL_u_imp_1000_k_imp_1_e_imp_1/FI_run_T31_SReStar_tauGL_u_imp_1000_k_imp_1_e_imp_1_state_iter_8500.dat
iter:   8600 (Jcost: 6.300537e-01) (lr = 6.033e-05) (elapsed time: 5958.714) (secs/iter:  0.673) (n_accepted: 77%) (u_error:  0.536448 %) (beta_change:  5.803571 %) (delta_change:  1.594117 %) (delta_peak/R:  8.853562 %)
iter:   8700 (Jcost: 6.299580e-01) (lr = 2.983e-04) (elapsed time: 6023.427) (secs/iter:  0.647) (n_accepted: 81%) (u_error:  0.536389 %) (beta_change:  5.853796 %) (delta_change:  1.598800 %) (delta_peak/R:  8.852813 %)
iter:   8800 (Jcost: 6.298665e-01) (lr = 1.475e-03) (elapsed time: 6086.952) (secs/iter:  0.635) (n_accepted: 81%) (u_error:  0.536404 %) (beta_change:  5.900594 %) (delta_change:  1.603019 %) (delta_peak/R:  8.851824 %)
iter:   8900 (Jcost: 6.297705e-01) (lr = 5.276e-04) (elapsed time: 6152.298) (secs/iter:  0.653) (n_accepted: 78%) (u_error:  0.536381 %) (beta_change:  5.950772 %) (delta_change:  1.607477 %) (delta_peak/R:  8.850948 %)
iter:   9000 (Jcost: 6.296720e-01) (lr = 7.862e-05) (elapsed time: 6217.252) (secs/iter:  0.650) (n_accepted: 77%) (u_error:  0.536358 %) (beta_change:  6.002678 %) (delta_change:  1.611986 %) (delta_peak/R:  8.850054 %)
-> Saved file: /media/rafael/DATA/Dropbox/20220924_FIML_solver/data/output/field_inversion/Beta_k__1__Beta_e__1/u_imp_1000/FI_run_T31_SReStar_tauGL_u_imp_1000_k_imp_1_e_imp_1/FI_run_T31_SReStar_tauGL_u_imp_1000_k_imp_1_e_imp_1_state_iter_9000.dat
iter:   9100 (Jcost: 6.295962e-01) (lr = 2.239e-03) (elapsed time: 6284.132) (secs/iter:  0.669) (n_accepted: 83%) (u_error:  0.536326 %) (beta_change:  6.042928 %) (delta_change:  1.615422 %) (delta_peak/R:  8.849434 %)
iter:   9200 (Jcost: 6.295163e-01) (lr = 8.008e-04) (elapsed time: 6348.625) (secs/iter:  0.645) (n_accepted: 78%) (u_error:  0.536318 %) (beta_change:  6.085357 %) (delta_change:  1.618960 %) (delta_peak/R:  8.848675 %)
iter:   9300 (Jcost: 6.294264e-01) (lr = 2.864e-04) (elapsed time: 6413.056) (secs/iter:  0.644) (n_accepted: 78%) (u_error:  0.536297 %) (beta_change:  6.133513 %) (delta_change:  1.622905 %) (delta_peak/R:  8.847877 %)
iter:   9400 (Jcost: 6.293391e-01) (lr = 1.024e-04) (elapsed time: 6480.786) (secs/iter:  0.677) (n_accepted: 78%) (u_error:  0.536238 %) (beta_change:  6.182459 %) (delta_change:  1.626860 %) (delta_peak/R:  8.847242 %)
iter:   9500 (Jcost: 6.292366e-01) (lr = 2.918e-03) (elapsed time: 6544.669) (secs/iter:  0.639) (n_accepted: 83%) (u_error:  0.536230 %) (beta_change:  6.237017 %) (delta_change:  1.631125 %) (delta_peak/R:  8.846297 %)
-> Saved file: /media/rafael/DATA/Dropbox/20220924_FIML_solver/data/output/field_inversion/Beta_k__1__Beta_e__1/u_imp_1000/FI_run_T31_SReStar_tauGL_u_imp_1000_k_imp_1_e_imp_1/FI_run_T31_SReStar_tauGL_u_imp_1000_k_imp_1_e_imp_1_state_iter_9500.dat
iter:   9600 (Jcost: 6.291626e-01) (lr = 1.044e-03) (elapsed time: 6615.845) (secs/iter:  0.712) (n_accepted: 78%) (u_error:  0.536239 %) (beta_change:  6.276498 %) (delta_change:  1.634135 %) (delta_peak/R:  8.845557 %)
iter:   9700 (Jcost: 6.290836e-01) (lr = 1.555e-04) (elapsed time: 6678.340) (secs/iter:  0.625) (n_accepted: 77%) (u_error:  0.536233 %) (beta_change:  6.319848 %) (delta_change:  1.637392 %) (delta_peak/R:  8.844822 %)
iter:   9800 (Jcost: 6.289973e-01) (lr = 1.335e-04) (elapsed time: 6743.790) (secs/iter:  0.654) (n_accepted: 79%) (u_error:  0.536200 %) (beta_change:  6.367461 %) (delta_change:  1.640920 %) (delta_peak/R:  8.844146 %)
iter:   9900 (Jcost: 6.289141e-01) (lr = 3.802e-03) (elapsed time: 6807.623) (secs/iter:  0.638) (n_accepted: 83%) (u_error:  0.536143 %) (beta_change:  6.415986 %) (delta_change:  1.644458 %) (delta_peak/R:  8.843564 %)
iter:  10000 (Jcost: 6.288488e-01) (lr = 1.360e-03) (elapsed time: 6872.541) (secs/iter:  0.649) (n_accepted: 78%) (u_error:  0.536175 %) (beta_change:  6.449851 %) (delta_change:  1.646824 %) (delta_peak/R:  8.842852 %)
-> Saved file: /media/rafael/DATA/Dropbox/20220924_FIML_solver/data/output/field_inversion/Beta_k__1__Beta_e__1/u_imp_1000/FI_run_T31_SReStar_tauGL_u_imp_1000_k_imp_1_e_imp_1/FI_run_T31_SReStar_tauGL_u_imp_1000_k_imp_1_e_imp_1_state_iter_10000.dat
iter:  10100 (Jcost: 6.287731e-01) (lr = 2.026e-04) (elapsed time: 6944.933) (secs/iter:  0.724) (n_accepted: 77%) (u_error:  0.536156 %) (beta_change:  6.492383 %) (delta_change:  1.649785 %) (delta_peak/R:  8.842224 %)
iter:  10200 (Jcost: 6.286960e-01) (lr = 7.248e-05) (elapsed time: 7012.086) (secs/iter:  0.672) (n_accepted: 78%) (u_error:  0.536149 %) (beta_change:  6.536168 %) (delta_change:  1.652740 %) (delta_peak/R:  8.841539 %)
iter:  10300 (Jcost: 6.286373e-01) (lr = 2.064e-03) (elapsed time: 7072.900) (secs/iter:  0.608) (n_accepted: 83%) (u_error:  0.536138 %) (beta_change:  6.569692 %) (delta_change:  1.654968 %) (delta_peak/R:  8.841045 %)
iter:  10400 (Jcost: 6.285487e-01) (lr = 7.383e-04) (elapsed time: 7138.273) (secs/iter:  0.654) (n_accepted: 78%) (u_error:  0.536119 %) (beta_change:  6.620548 %) (delta_change:  1.658290 %) (delta_peak/R:  8.840316 %)
iter:  10500 (Jcost: 6.284722e-01) (lr = 1.100e-04) (elapsed time: 7204.455) (secs/iter:  0.662) (n_accepted: 77%) (u_error:  0.536108 %) (beta_change:  6.664702 %) (delta_change:  1.661107 %) (delta_peak/R:  8.839664 %)
-> Saved file: /media/rafael/DATA/Dropbox/20220924_FIML_solver/data/output/field_inversion/Beta_k__1__Beta_e__1/u_imp_1000/FI_run_T31_SReStar_tauGL_u_imp_1000_k_imp_1_e_imp_1/FI_run_T31_SReStar_tauGL_u_imp_1000_k_imp_1_e_imp_1_state_iter_10500.dat
iter:  10600 (Jcost: 6.283904e-01) (lr = 9.445e-05) (elapsed time: 7273.826) (secs/iter:  0.694) (n_accepted: 79%) (u_error:  0.536092 %) (beta_change:  6.712129 %) (delta_change:  1.664076 %) (delta_peak/R:  8.838992 %)
iter:  10700 (Jcost: 6.283183e-01) (lr = 2.690e-03) (elapsed time: 7336.923) (secs/iter:  0.631) (n_accepted: 83%) (u_error:  0.536098 %) (beta_change:  6.754698 %) (delta_change:  1.666671 %) (delta_peak/R:  8.838311 %)
iter:  10800 (Jcost: 6.282417e-01) (lr = 5.541e-03) (elapsed time: 7400.397) (secs/iter:  0.635) (n_accepted: 80%) (u_error:  0.536077 %) (beta_change:  6.799250 %) (delta_change:  1.669356 %) (delta_peak/R:  8.837720 %)
iter:  10900 (Jcost: 6.281832e-01) (lr = 1.982e-03) (elapsed time: 7463.839) (secs/iter:  0.634) (n_accepted: 78%) (u_error:  0.536054 %) (beta_change:  6.833409 %) (delta_change:  1.671383 %) (delta_peak/R:  8.837304 %)
iter:  11000 (Jcost: 6.281003e-01) (lr = 2.954e-04) (elapsed time: 7526.314) (secs/iter:  0.625) (n_accepted: 77%) (u_error:  0.536034 %) (beta_change:  6.882406 %) (delta_change:  1.674230 %) (delta_peak/R:  8.836659 %)
-> Saved file: /media/rafael/DATA/Dropbox/20220924_FIML_solver/data/output/field_inversion/Beta_k__1__Beta_e__1/u_imp_1000/FI_run_T31_SReStar_tauGL_u_imp_1000_k_imp_1_e_imp_1/FI_run_T31_SReStar_tauGL_u_imp_1000_k_imp_1_e_imp_1_state_iter_11000.dat
iter:  11100 (Jcost: 6.280195e-01) (lr = 1.056e-04) (elapsed time: 7594.877) (secs/iter:  0.686) (n_accepted: 78%) (u_error:  0.536017 %) (beta_change:  6.930368 %) (delta_change:  1.676953 %) (delta_peak/R:  8.836023 %)
iter:  11200 (Jcost: 6.279500e-01) (lr = 9.068e-05) (elapsed time: 7660.935) (secs/iter:  0.661) (n_accepted: 79%) (u_error:  0.536008 %) (beta_change:  6.971832 %) (delta_change:  1.679255 %) (delta_peak/R:  8.835458 %)
iter:  11300 (Jcost: 6.278756e-01) (lr = 4.484e-04) (elapsed time: 7724.024) (secs/iter:  0.631) (n_accepted: 81%) (u_error:  0.536035 %) (beta_change:  7.018417 %) (delta_change:  1.681760 %) (delta_peak/R:  8.834664 %)
iter:  11400 (Jcost: 6.278234e-01) (lr = 6.682e-05) (elapsed time: 7787.256) (secs/iter:  0.632) (n_accepted: 77%) (u_error:  0.535986 %) (beta_change:  7.047827 %) (delta_change:  1.683366 %) (delta_peak/R:  8.834458 %)
iter:  11500 (Jcost: 6.277547e-01) (lr = 5.736e-05) (elapsed time: 7851.771) (secs/iter:  0.645) (n_accepted: 79%) (u_error:  0.535971 %) (beta_change:  7.089453 %) (delta_change:  1.685555 %) (delta_peak/R:  8.833934 %)
-> Saved file: /media/rafael/DATA/Dropbox/20220924_FIML_solver/data/output/field_inversion/Beta_k__1__Beta_e__1/u_imp_1000/FI_run_T31_SReStar_tauGL_u_imp_1000_k_imp_1_e_imp_1/FI_run_T31_SReStar_tauGL_u_imp_1000_k_imp_1_e_imp_1_state_iter_11500.dat
iter:  11600 (Jcost: 6.276761e-01) (lr = 2.836e-04) (elapsed time: 7919.128) (secs/iter:  0.674) (n_accepted: 81%) (u_error:  0.535919 %) (beta_change:  7.139382 %) (delta_change:  1.688132 %) (delta_peak/R:  8.833465 %)
iter:  11700 (Jcost: 6.276076e-01) (lr = 3.365e-03) (elapsed time: 7982.366) (secs/iter:  0.632) (n_accepted: 82%) (u_error:  0.535945 %) (beta_change:  7.179875 %) (delta_change:  1.690125 %) (delta_peak/R:  8.832797 %)
iter:  11800 (Jcost: 6.275498e-01) (lr = 1.204e-03) (elapsed time: 8046.805) (secs/iter:  0.644) (n_accepted: 78%) (u_error:  0.535934 %) (beta_change:  7.215676 %) (delta_change:  1.691883 %) (delta_peak/R:  8.832357 %)
iter:  11900 (Jcost: 6.274846e-01) (lr = 4.305e-04) (elapsed time: 8106.809) (secs/iter:  0.600) (n_accepted: 78%) (u_error:  0.535918 %) (beta_change:  7.256265 %) (delta_change:  1.693843 %) (delta_peak/R:  8.831878 %)
iter:  12000 (Jcost: 6.274108e-01) (lr = 1.540e-04) (elapsed time: 8167.444) (secs/iter:  0.606) (n_accepted: 78%) (u_error:  0.535910 %) (beta_change:  7.302265 %) (delta_change:  1.696013 %) (delta_peak/R:  8.831297 %)
-> Saved file: /media/rafael/DATA/Dropbox/20220924_FIML_solver/data/output/field_inversion/Beta_k__1__Beta_e__1/u_imp_1000/FI_run_T31_SReStar_tauGL_u_imp_1000_k_imp_1_e_imp_1/FI_run_T31_SReStar_tauGL_u_imp_1000_k_imp_1_e_imp_1_state_iter_12000.dat
iter:  12100 (Jcost: 6.273455e-01) (lr = 5.507e-05) (elapsed time: 8234.007) (secs/iter:  0.666) (n_accepted: 78%) (u_error:  0.535901 %) (beta_change:  7.343221 %) (delta_change:  1.697908 %) (delta_peak/R:  8.830797 %)
iter:  12200 (Jcost: 6.272643e-01) (lr = 3.764e-03) (elapsed time: 8295.279) (secs/iter:  0.613) (n_accepted: 84%) (u_error:  0.535920 %) (beta_change:  7.395664 %) (delta_change:  1.700259 %) (delta_peak/R:  8.830028 %)
iter:  12300 (Jcost: 6.272184e-01) (lr = 4.058e-05) (elapsed time: 8358.858) (secs/iter:  0.636) (n_accepted: 74%) (u_error:  0.535876 %) (beta_change:  7.423378 %) (delta_change:  1.701520 %) (delta_peak/R:  8.829862 %)
iter:  12400 (Jcost: 6.271766e-01) (lr = 8.360e-05) (elapsed time: 8421.483) (secs/iter:  0.626) (n_accepted: 80%) (u_error:  0.535877 %) (beta_change:  7.449915 %) (delta_change:  1.702677 %) (delta_peak/R:  8.829514 %)
iter:  12500 (Jcost: 6.271087e-01) (lr = 5.714e-03) (elapsed time: 8482.995) (secs/iter:  0.615) (n_accepted: 84%) (u_error:  0.535895 %) (beta_change:  7.494426 %) (delta_change:  1.704576 %) (delta_peak/R:  8.828870 %)
-> Saved file: /media/rafael/DATA/Dropbox/20220924_FIML_solver/data/output/field_inversion/Beta_k__1__Beta_e__1/u_imp_1000/FI_run_T31_SReStar_tauGL_u_imp_1000_k_imp_1_e_imp_1/FI_run_T31_SReStar_tauGL_u_imp_1000_k_imp_1_e_imp_1_state_iter_12500.dat
iter:  12600 (Jcost: 6.270616e-01) (lr = 3.548e-04) (elapsed time: 8551.372) (secs/iter:  0.684) (n_accepted: 76%) (u_error:  0.535852 %) (beta_change:  7.523151 %) (delta_change:  1.705822 %) (delta_peak/R:  8.828696 %)
iter:  12700 (Jcost: 6.270027e-01) (lr = 1.269e-04) (elapsed time: 8617.728) (secs/iter:  0.664) (n_accepted: 78%) (u_error:  0.535850 %) (beta_change:  7.560909 %) (delta_change:  1.707391 %) (delta_peak/R:  8.828229 %)
iter:  12800 (Jcost: 6.269342e-01) (lr = 1.089e-04) (elapsed time: 8680.642) (secs/iter:  0.629) (n_accepted: 79%) (u_error:  0.535816 %) (beta_change:  7.605295 %) (delta_change:  1.709226 %) (delta_peak/R:  8.827826 %)
iter:  12900 (Jcost: 6.268804e-01) (lr = 3.102e-03) (elapsed time: 8742.811) (secs/iter:  0.622) (n_accepted: 83%) (u_error:  0.535837 %) (beta_change:  7.639854 %) (delta_change:  1.710591 %) (delta_peak/R:  8.827311 %)
iter:  13000 (Jcost: 6.268177e-01) (lr = 1.110e-03) (elapsed time: 8807.651) (secs/iter:  0.648) (n_accepted: 78%) (u_error:  0.535813 %) (beta_change:  7.680279 %) (delta_change:  1.712197 %) (delta_peak/R:  8.826920 %)
-> Saved file: /media/rafael/DATA/Dropbox/20220924_FIML_solver/data/output/field_inversion/Beta_k__1__Beta_e__1/u_imp_1000/FI_run_T31_SReStar_tauGL_u_imp_1000_k_imp_1_e_imp_1/FI_run_T31_SReStar_tauGL_u_imp_1000_k_imp_1_e_imp_1_state_iter_13000.dat
iter:  13100 (Jcost: 6.267592e-01) (lr = 9.525e-04) (elapsed time: 8878.093) (secs/iter:  0.704) (n_accepted: 79%) (u_error:  0.535802 %) (beta_change:  7.718385 %) (delta_change:  1.713672 %) (delta_peak/R:  8.826507 %)
iter:  13200 (Jcost: 6.267020e-01) (lr = 1.420e-04) (elapsed time: 8942.981) (secs/iter:  0.649) (n_accepted: 77%) (u_error:  0.535795 %) (beta_change:  7.755664 %) (delta_change:  1.715088 %) (delta_peak/R:  8.826093 %)
iter:  13300 (Jcost: 6.266342e-01) (lr = 5.077e-05) (elapsed time: 9002.652) (secs/iter:  0.597) (n_accepted: 78%) (u_error:  0.535785 %) (beta_change:  7.800136 %) (delta_change:  1.716743 %) (delta_peak/R:  8.825606 %)
iter:  13400 (Jcost: 6.265785e-01) (lr = 1.046e-04) (elapsed time: 9063.350) (secs/iter:  0.607) (n_accepted: 80%) (u_error:  0.535740 %) (beta_change:  7.838491 %) (delta_change:  1.718172 %) (delta_peak/R:  8.825353 %)
iter:  13500 (Jcost: 6.265384e-01) (lr = 8.979e-05) (elapsed time: 9124.096) (secs/iter:  0.607) (n_accepted: 79%) (u_error:  0.535770 %) (beta_change:  7.863198 %) (delta_change:  1.719031 %) (delta_peak/R:  8.824933 %)
-> Saved file: /media/rafael/DATA/Dropbox/20220924_FIML_solver/data/output/field_inversion/Beta_k__1__Beta_e__1/u_imp_1000/FI_run_T31_SReStar_tauGL_u_imp_1000_k_imp_1_e_imp_1/FI_run_T31_SReStar_tauGL_u_imp_1000_k_imp_1_e_imp_1_state_iter_13500.dat
iter:  13600 (Jcost: 6.264770e-01) (lr = 1.850e-04) (elapsed time: 9189.561) (secs/iter:  0.655) (n_accepted: 80%) (u_error:  0.535780 %) (beta_change:  7.904172 %) (delta_change:  1.720465 %) (delta_peak/R:  8.824417 %)
iter:  13700 (Jcost: 6.264112e-01) (lr = 5.268e-03) (elapsed time: 9248.474) (secs/iter:  0.589) (n_accepted: 83%) (u_error:  0.535750 %) (beta_change:  7.947539 %) (delta_change:  1.721983 %) (delta_peak/R:  8.824049 %)
iter:  13800 (Jcost: 6.263568e-01) (lr = 7.851e-04) (elapsed time: 9299.984) (secs/iter:  0.515) (n_accepted: 77%) (u_error:  0.535746 %) (beta_change:  7.983763 %) (delta_change:  1.723209 %) (delta_peak/R:  8.823651 %)
iter:  13900 (Jcost: 6.262984e-01) (lr = 1.170e-04) (elapsed time: 9360.336) (secs/iter:  0.603) (n_accepted: 77%) (u_error:  0.535741 %) (beta_change:  8.022865 %) (delta_change:  1.724509 %) (delta_peak/R:  8.823233 %)
iter:  14000 (Jcost: 6.262530e-01) (lr = 3.332e-03) (elapsed time: 9422.421) (secs/iter:  0.621) (n_accepted: 83%) (u_error:  0.535729 %) (beta_change:  8.053337 %) (delta_change:  1.725511 %) (delta_peak/R:  8.822946 %)
-> Saved file: /media/rafael/DATA/Dropbox/20220924_FIML_solver/data/output/field_inversion/Beta_k__1__Beta_e__1/u_imp_1000/FI_run_T31_SReStar_tauGL_u_imp_1000_k_imp_1_e_imp_1/FI_run_T31_SReStar_tauGL_u_imp_1000_k_imp_1_e_imp_1_state_iter_14000.dat
iter:  14100 (Jcost: 6.261994e-01) (lr = 1.192e-03) (elapsed time: 9489.454) (secs/iter:  0.670) (n_accepted: 78%) (u_error:  0.535720 %) (beta_change:  8.089411 %) (delta_change:  1.726673 %) (delta_peak/R:  8.822585 %)
iter:  14200 (Jcost: 6.261458e-01) (lr = 1.023e-03) (elapsed time: 9552.240) (secs/iter:  0.628) (n_accepted: 79%) (u_error:  0.535714 %) (beta_change:  8.125563 %) (delta_change:  1.727814 %) (delta_peak/R:  8.822214 %)
iter:  14300 (Jcost: 6.260753e-01) (lr = 1.525e-04) (elapsed time: 9617.916) (secs/iter:  0.657) (n_accepted: 77%) (u_error:  0.535700 %) (beta_change:  8.173376 %) (delta_change:  1.729297 %) (delta_peak/R:  8.821749 %)
iter:  14400 (Jcost: 6.260222e-01) (lr = 5.453e-05) (elapsed time: 9683.041) (secs/iter:  0.651) (n_accepted: 78%) (u_error:  0.535697 %) (beta_change:  8.209515 %) (delta_change:  1.730388 %) (delta_peak/R:  8.821372 %)
iter:  14500 (Jcost: 6.259712e-01) (lr = 1.123e-04) (elapsed time: 9746.328) (secs/iter:  0.633) (n_accepted: 80%) (u_error:  0.535650 %) (beta_change:  8.246213 %) (delta_change:  1.731510 %) (delta_peak/R:  8.821185 %)
-> Saved file: /media/rafael/DATA/Dropbox/20220924_FIML_solver/data/output/field_inversion/Beta_k__1__Beta_e__1/u_imp_1000/FI_run_T31_SReStar_tauGL_u_imp_1000_k_imp_1_e_imp_1/FI_run_T31_SReStar_tauGL_u_imp_1000_k_imp_1_e_imp_1_state_iter_14500.dat
iter:  14600 (Jcost: 6.259190e-01) (lr = 3.199e-03) (elapsed time: 9813.747) (secs/iter:  0.674) (n_accepted: 83%) (u_error:  0.535662 %) (beta_change:  8.280546 %) (delta_change:  1.732497 %) (delta_peak/R:  8.820766 %)
iter:  14700 (Jcost: 6.258674e-01) (lr = 6.591e-03) (elapsed time: 9877.757) (secs/iter:  0.640) (n_accepted: 80%) (u_error:  0.535635 %) (beta_change:  8.317505 %) (delta_change:  1.733572 %) (delta_peak/R:  8.820497 %)
iter:  14800 (Jcost: 6.258288e-01) (lr = 7.105e-05) (elapsed time: 9940.441) (secs/iter:  0.627) (n_accepted: 74%) (u_error:  0.535670 %) (beta_change:  8.341990 %) (delta_change:  1.734276 %) (delta_peak/R:  8.820088 %)
iter:  14900 (Jcost: 6.257930e-01) (lr = 2.024e-03) (elapsed time: 10000.733) (secs/iter:  0.603) (n_accepted: 83%) (u_error:  0.535664 %) (beta_change:  8.366740 %) (delta_change:  1.735751 %) (delta_peak/R:  8.819858 %)
iter:  15000 (Jcost: 6.257454e-01) (lr = 1.257e-04) (elapsed time: 10064.331) (secs/iter:  0.636) (n_accepted: 76%) (u_error:  0.535654 %) (beta_change:  8.399676 %) (delta_change:  1.737690 %) (delta_peak/R:  8.819559 %)
-> Saved file: /media/rafael/DATA/Dropbox/20220924_FIML_solver/data/output/field_inversion/Beta_k__1__Beta_e__1/u_imp_1000/FI_run_T31_SReStar_tauGL_u_imp_1000_k_imp_1_e_imp_1/FI_run_T31_SReStar_tauGL_u_imp_1000_k_imp_1_e_imp_1_state_iter_15000.dat
iter:  15000 (Jcost: 6.257454e-01) (lr = 6.283e-05) (elapsed time: 10070.140) (secs/iter:   None) (n_accepted: 0%) (u_error:  0.535654 %) (beta_change:  8.399676 %) (delta_change:  1.737690 %) (delta_peak/R:  8.819559 %)
