# ------------------------------------------------------------------------
#                  Input Arguments
# ------------------------------------------------------------------------
# Begin_Input_Arguments
{ 'all_b_mode': ['Beta_k'],
  'args_mk_solver': { 'torch': "<module 'torch' from "
                               "'/home/rafael/anaconda3/lib/python3.9/site-packages/torch/__init__.py'>",
                      'y_grid': [0.0, 0.000309700312, 0.000638645973, 0.00098802599, 0.00135910194, 0.00175321227, 0.00217177688, 0.00261630193, 0.00308838486, 0.00358971984, 0.00412210331, 0.00468744001, 0.00528774917, 0.00592517114, 0.00660197432, 0.0073205624, 0.00808348206, 0.00889343092, 0.00975326602, 0.0106660126, 0.0116348733, 0.0126632377, 0.0137546927, 0.0149130326, 0.0161422702, 0.0174466482, 0.0188306506, 0.0202990157, 0.0218567475, 0.02350913, 0.0252617393, 0.0271204584, 0.0290914903, 0.0311813732, 0.033396994, 0.0357456039, 0.0382348325, 0.0408727029, 0.0436676462, 0.0466285159, 0.0497646022, 0.0530856456, 0.0566018496, 0.0603238931, 0.0642629411, 0.068430655, 0.0728392004, 0.0775012535, 0.0824300053, 0.0876391634, 0.0931429507, 0.0989561006, 0.105093849, 0.111571922, 0.118406518, 0.125614286, 0.133212296, 0.141218006, 0.14964922, 0.158524039, 0.167860801, 0.177678022, 0.187994313, 0.1988283, 0.21019853, 0.222123362, 0.234620856, 0.247708641, 0.261403784, 0.275722637, 0.290680679, 0.306292354, 0.322570888, 0.339528108, 0.357174255, 0.375517785, 0.394565175, 0.414320726, 0.43478637, 0.45596148, 0.47784269, 0.500423731, 0.523695275, 0.547644806, 0.572256506, 0.597511177, 0.623386184, 0.649855436, 0.676889401, 0.704455158, 0.73251649, 0.761034018, 0.789965372, 0.819265404, 0.848886442, 0.878778572, 0.908889961, 0.939167201, 0.969555687, 1.0],
                      'Ret': 150,
                      'cp': 1.0,
                      'A_sca_rho': 1.0,
                      'A_sca_mu': 0.006666666666666667,
                      'A_sca_k': 0.006666666666666667,
                      'b_exp_rho': 0,
                      'b_exp_mu': -1,
                      'b_exp_k': 0,
                      'tensor_device': 'cpu',
                      'as_tensor': '<function '
                                   'Build_arguments_fi_run._mk_args_MK_solver.<locals>.<lambda> '
                                   'at 0x7f06f838b5e0>',
                      'ref_dns': { 'u_dns': [2.685549349185698e-19, 0.016036741157999967, 0.03734618807643848, 0.06454286215693565, 0.09826405516268362, 0.13915916871882159, 0.18787439929900748, 0.245032729589369, 0.3112063156073498, 0.3868812330476876, 0.4724114501636574, 0.5679596197261876, 0.6734229483209241, 0.7883380864372367, 0.9117984675285732, 1.0435705346251989, 1.184826134182433, 1.3371177528087608, 1.5021990618798078, 1.680946717995373, 1.8736648270334924, 2.0805199723502668, 2.302373561678369, 2.5406176662145143, 2.796412201793541, 3.069451755875973, 3.358649781648893, 3.6633624250253285, 3.9832789279851433, 4.317527446000001, 4.664452155608373, 5.021733104545906, 5.386361450309836, 5.755679623476142, 6.127414832000001, 6.499340855647194, 6.868505987511844, 7.230801353816206, 7.5838826702019455, 7.926681579925725, 8.258379111187695, 8.577670272396428, 8.883436339963483, 9.175126348435311, 9.452984463694127, 9.717712248, 9.9696379036876, 10.20945670560719, 10.437427943159541, 10.654356885829118, 10.861431319273338, 11.058885877088738, 11.24728188, 11.42748649, 11.60061456, 11.768206500000002, 11.93079743, 12.088957050000001, 12.24357794, 12.39511148, 12.544153989999998, 12.691347190000004, 12.836865599999998, 12.981037720000002, 13.124326339999998, 13.266950530000003, 13.40924404, 13.551543989999999, 13.693801890000003, 13.835987979999995, 13.978154359999994, 14.120336900000002, 14.262653810000002, 14.40526108, 14.54805189, 14.690887269999992, 14.83368326, 14.97639629, 15.119046680000002, 15.26171142, 15.404309639999996, 15.546696589999996, 15.688753330000004, 15.830109430000002, 15.97013028, 16.1081351, 16.243387740000003, 16.375058160000002, 16.502270630000005, 16.624119310000008, 16.73963197, 16.847770040000007, 16.94748407, 17.03772805, 17.117377019999992, 17.185152299999995, 17.23979023, 17.280080559999995, 17.30488638, 17.31324987],
                                   'T_dns': [1.0, 1.0090523651059458, 1.0186372372145698, 1.0287824337101512, 1.03951681526779, 1.050870451761434, 1.062874712566429, 1.0755626410069283, 1.0889692390343777, 1.103132168491795, 1.1180926486885718, 1.1338967632788606, 1.150597518718977, 1.1682575218723432, 1.1869520858278284, 1.2067477790016963, 1.227689173643415, 1.2498169078203683, 1.2731680285413154, 1.2977753342602483, 1.3236671349783575, 1.3508678821087712, 1.3794042802043358, 1.4093082767407294, 1.4406223030607537, 1.473409661995842, 1.5077613111363628, 1.5436976857168496, 1.5811572470957018, 1.6200477630000003, 1.6602474157835392, 1.7016086577550544, 1.743965552326049, 1.7871258180429517, 1.830889446, 1.875092897164125, 1.9196588752637624, 1.964614615338646, 2.009775289140023, 2.0548333245259185, 2.099528392754729, 2.143707215857665, 2.187388877198076, 2.230484355115275, 2.2726826510282763, 2.3137485999999994, 2.353604026466174, 2.3924163999918213, 2.430499999232292, 2.4677481987471386, 2.504007513104316, 2.5392522636704427, 2.573637895, 2.6072709089999986, 2.6400832949999997, 2.672107356, 2.7035312250000008, 2.734462125, 2.7647999430000003, 2.794489302, 2.8235434310000005, 2.8519808860000015, 2.8798907980000004, 2.9074707800000006, 2.9348172030000006, 2.961960374, 2.9889403449999996, 3.015761482, 3.0423911039999996, 3.0685628119999997, 3.094028832999999, 3.1190471899999994, 3.144066644, 3.1692247240000007, 3.1945070780000013, 3.2196337449999994, 3.2442267949999994, 3.2679061849999997, 3.2909400630000007, 3.314315061, 3.3379259209999996, 3.3611825280000005, 3.383962605, 3.4061869750000002, 3.4276967520000015, 3.4486032340000006, 3.468417295, 3.4878159909999997, 3.507108028000001, 3.5238858090000003, 3.5410937790000006, 3.555030745, 3.5692741189999992, 3.582209434, 3.591539566, 3.601008518999999, 3.6068811059999994, 3.6126926949999993, 3.6151473300000005, 3.615478617000001],
                                   'mu_dns': [0.006666666666666667, 0.006606858967093049, 0.006544691695049799, 0.006480152117901472, 0.006413236004219197, 0.006343947206329975, 0.006272297748592832, 0.006198306274774862, 0.006121997231600595, 0.006043397932798344, 0.005962535103406774, 0.005879430017410788, 0.005794090946840413, 0.005706504380970843, 0.005616626607144857, 0.005524490521276772, 0.00543025613468757, 0.005334114641074165, 0.005236281871062024, 0.005136995973549435, 0.005036512949893305, 0.0049350989500614026, 0.004833004190532967, 0.004730453071690243, 0.004627629776730953, 0.004524652470132561, 0.004421566343045481, 0.004318634878027206, 0.004216321102099188, 0.004115105010435835, 0.004015465769311493, 0.003917861275730727, 0.00382270547590511, 0.0037303846205787626, 0.0036412174865235783, 0.0035553794037347583, 0.0034728392385603734, 0.0033933712060456784, 0.0033171204276868757, 0.0032443831755574475, 0.003175316270869541, 0.0031098774204570815, 0.0030477738714692094, 0.0029888874366581796, 0.0029333909262035905, 0.002881327153117097, 0.002832535376257133, 0.0027865829153693555, 0.00274291983903412, 0.0027015181978660933, 0.002662398827390793, 0.0026254448059564285, 0.0025903669974779676, 0.002556952038874864, 0.002525172853179493, 0.0024949097391978687, 0.002465910733717035, 0.0024380175558901436, 0.0024112654818101847, 0.0023856475893092063, 0.002361099387908323, 0.0023375565731847837, 0.0023149025898122496, 0.002292943651411921, 0.0022715781616149486, 0.002250761598698777, 0.0022304448724842878, 0.0022106080691253645, 0.002191258927197635, 0.002172569725669565, 0.0021546879575141532, 0.002137404874168213, 0.002120396105276281, 0.002103563883047211, 0.00208691560353045, 0.002070628895917063, 0.0020549323730823413, 0.0020400422439503622, 0.0020257636234764405, 0.0020114764420299833, 0.001997248238711487, 0.0019834289304822505, 0.0019700769319425347, 0.0019572227583503888, 0.001944940626027312, 0.0019331498042278602, 0.0019221062806592502, 0.0019114158212100094, 0.0019009014303070864, 0.0018918509361569003, 0.0018826574732932727, 0.0018752767964223802, 0.0018677934068382681, 0.0018610488274055132, 0.0018562141789493145, 0.0018513332116520517, 0.0018483189411419062, 0.0018453456270701896, 0.0018440926629307432, 0.001843923688365895],
                                   'rho_dns': [1.0, 1.0, 1.0, 1.0, 1.0, 1.0, 1.0, 1.0, 1.0, 1.0, 1.0, 1.0, 1.0, 1.0, 1.0, 1.0, 1.0, 1.0, 1.0, 1.0, 1.0, 1.0, 1.0, 1.0, 1.0, 1.0, 1.0, 1.0, 1.0, 1.0, 1.0, 1.0, 1.0, 1.0, 1.0, 1.0, 1.0, 1.0, 1.0, 1.0, 1.0, 1.0, 1.0, 1.0, 1.0, 1.0, 1.0, 1.0, 1.0, 1.0, 1.0, 1.0, 1.0, 1.0, 1.0, 1.0, 1.0, 1.0, 1.0, 1.0, 1.0, 1.0, 1.0, 1.0, 1.0, 1.0, 1.0, 1.0, 1.0, 1.0, 1.0, 1.0, 1.0, 1.0, 1.0, 1.0, 1.0, 1.0, 1.0, 1.0, 1.0, 1.0, 1.0, 1.0, 1.0, 1.0, 1.0, 1.0, 1.0, 1.0, 1.0, 1.0, 1.0, 1.0, 1.0, 1.0, 1.0, 1.0, 1.0, 1.0]},
                      'case': 'T31_LL1',
                      'constant_Sq_heat': 0.19333333333333333,
                      'use_visc_heating': False,
                      'Pr_turb': 1.0,
                      'fprint': '<function '
                                'Build_arguments_fi_run._mk_args_MK_solver.<locals>.<lambda> '
                                'at 0x7f06f838bdc0>',
                      'compressible_correction': False,
                      'bool_solve_energy': False,
                      'output_last': False},
  'u_imp': 0.1,
  'k_imp': 1,
  'e_imp': 0,
  'solve_sparse_adj': True,
  'all_ref_beta_distrib': {'K': [1.0, 0.99999502, 0.99998961, 0.99998379, 0.99997752, 0.99997079, 0.99996357, 0.99995588, 0.99994774, 0.99993919, 0.9999303, 0.99992119, 0.99991199, 0.99990293, 0.9998943, 0.99988652, 0.99988021, 0.99987613, 0.99987514, 0.99987796, 0.99988516, 0.99989766, 0.99991742, 0.99994666, 0.99998657, 1.00003897, 1.00010613, 1.00019031, 1.00029349, 1.00041712, 1.00056133, 1.00072255, 1.00090498, 1.00109463, 1.00127456, 1.00149022, 1.00175432, 1.00206661, 1.00234465, 1.00264141, 1.00294616, 1.00325208, 1.00356398, 1.00388001, 1.00421331, 1.00452995, 1.00489662, 1.00522582, 1.00558542, 1.00600248, 1.00631614, 1.00674477, 1.00721763, 1.0075504, 1.00797466, 1.00855945, 1.00904055, 1.00939282, 1.00988852, 1.0106214, 1.0113633, 1.01189289, 1.01227665, 1.01279591, 1.01367661, 1.01490711, 1.01626237, 1.01746378, 1.01834303, 1.01892412, 1.01940902, 1.02010098, 1.02131092, 1.02327995, 1.02613311, 1.02986593, 1.03435588, 1.03938863, 1.04469014, 1.04995881, 1.05489457, 1.05922129, 1.06270435, 1.06516341, 1.06648033, 1.06660371, 1.06554836, 1.06339387, 1.06027793, 1.0563829, 1.05193448, 1.04717141, 1.04234787, 1.03770141, 1.03344372, 1.0297557, 1.02676665, 1.02457381, 1.02323342, 1.01138959], 'E': [1.0, 1.0, 1.0, 1.0, 1.0, 1.0, 1.0, 1.0, 1.0, 1.0, 1.0, 1.0, 1.0, 1.0, 1.0, 1.0, 1.0, 1.0, 1.0, 1.0, 1.0, 1.0, 1.0, 1.0, 1.0, 1.0, 1.0, 1.0, 1.0, 1.0, 1.0, 1.0, 1.0, 1.0, 1.0, 1.0, 1.0, 1.0, 1.0, 1.0, 1.0, 1.0, 1.0, 1.0, 1.0, 1.0, 1.0, 1.0, 1.0, 1.0, 1.0, 1.0, 1.0, 1.0, 1.0, 1.0, 1.0, 1.0, 1.0, 1.0, 1.0, 1.0, 1.0, 1.0, 1.0, 1.0, 1.0, 1.0, 1.0, 1.0, 1.0, 1.0, 1.0, 1.0, 1.0, 1.0, 1.0, 1.0, 1.0, 1.0, 1.0, 1.0, 1.0, 1.0, 1.0, 1.0, 1.0, 1.0, 1.0, 1.0, 1.0, 1.0, 1.0, 1.0, 1.0, 1.0, 1.0, 1.0, 1.0, 1.0]},
  'all_ref_delta_distrib': {'K': [-0.0, 0.00011991413582624221, 0.00025044278481134517, 0.00039124480444585814, 0.000543486305334734, 0.000707684512034842, 0.000884933330770722, 0.001075227322986733, 0.0012786914605380404, 0.0014951165410637469, 0.0017237293467067722, 0.0019626997789673195, 0.002210118093967584, 0.002461705148705122, 0.0027116844203186503, 0.0029507840469639775, 0.0031639757230211584, 0.003331312487673397, 0.003428080271340721, 0.0034303775652192773, 0.00331478404753174, 0.0030429273601825626, 0.0025373573931550676, 0.0016988770845610085, 0.00044466487870466946, -0.0013446752657554483, -0.0038239135476153536, -0.007169229103317212, -0.01156426053050639, -0.017176107703499602, -0.02409299808327834, -0.03217655183080643, -0.04153826101264633, -0.05136287766909812, -0.060572556717206016, -0.07103205738765295, -0.08306255418667212, -0.09631734678940775, -0.10668841303104364, -0.11651043395116913, -0.12520919450448212, -0.1324927982690516, -0.13861510802551666, -0.14357652632284157, -0.1479321318774588, -0.15057906352418665, -0.15382548278131758, -0.15492562242055852, -0.15608306506329597, -0.15796099572929365, -0.15640548939134163, -0.15706104285184405, -0.15796586714353913, -0.1552420404506391, -0.1539767877979891, -0.15514892177952444, -0.15379147829077824, -0.1499192865680755, -0.1480530897946666, -0.14914216314836803, -0.14961237020638954, -0.1467938397047186, -0.142026465524982, -0.13871942601659373, -0.1389065231094615, -0.141810361014295, -0.14486017924707095, -0.1456195467321372, -0.1431252803278468, -0.13811807151950112, -0.13244238310151615, -0.12817305090965408, -0.1269021161740134, -0.12936727974631676, -0.13540919789282568, -0.14415477284241715, -0.1542995965266439, -0.1643934520243275, -0.17307307827092774, -0.17922299836461647, -0.1820662830919749, -0.18119026507983024, -0.17653154965752138, -0.16833260539282338, -0.1570798400645777, -0.1434346361325577, -0.12815903587246194, -0.11204967128571704, -0.09587335328496385, -0.08030825007347102, -0.06591937548126306, -0.05310916878287023, -0.04213104636472775, -0.03307467109798214, -0.025895294140972365, -0.02045138838165796, -0.016535559494545934, -0.013933503364836255, -0.012455419036934973, -0.005987779901992832], 'E': [-0.0, -0.0, -0.0, -0.0, -0.0, -0.0, -0.0, -0.0, -0.0, -0.0, -0.0, -0.0, -0.0, -0.0, -0.0, -0.0, -0.0, -0.0, -0.0, -0.0, -0.0, -0.0, -0.0, -0.0, -0.0, -0.0, -0.0, -0.0, -0.0, -0.0, -0.0, -0.0, -0.0, -0.0, -0.0, -0.0, -0.0, -0.0, -0.0, -0.0, -0.0, -0.0, -0.0, -0.0, -0.0, -0.0, -0.0, -0.0, -0.0, -0.0, -0.0, -0.0, -0.0, -0.0, -0.0, -0.0, -0.0, -0.0, -0.0, -0.0, -0.0, -0.0, -0.0, -0.0, -0.0, -0.0, -0.0, -0.0, -0.0, -0.0, -0.0, -0.0, -0.0, -0.0, -0.0, -0.0, -0.0, -0.0, -0.0, -0.0, -0.0, -0.0, -0.0, -0.0, -0.0, -0.0, -0.0, -0.0, -0.0, -0.0, -0.0, -0.0, -0.0, -0.0, -0.0, -0.0, -0.0, -0.0, -0.0, -0.0]},
  'fname_print': '/media/rafael/DATA/Dropbox/20220924_FIML_solver/data/output/field_inversion/Beta_k/u_imp_0.1/FI_run_T31_LL1_u_imp_0.1_k_imp_1_e_imp_0/FI_run_T31_LL1_u_imp_0.1_k_imp_1_e_imp_0.log',
  'folder': '/media/rafael/DATA/Dropbox/20220924_FIML_solver/data/output/field_inversion/Beta_k/u_imp_0.1/FI_run_T31_LL1_u_imp_0.1_k_imp_1_e_imp_0',
  'iters_limit': 15000}
# End_Input_Arguments

# ------------------------------------------------------------------------
#                  Iterations
# ------------------------------------------------------------------------

iter:      0 (Jcost: 2.013057e-03) (lr = 1.000e-03) (elapsed time:  0.001) (secs/iter:   None) (n_accepted: 0%) (u_error:  2.866796 %) (beta_change:  6.660371 %) (delta_change:  0.270852 %) (delta_peak/R:  0.000000 %)
-> Saved file: /media/rafael/DATA/Dropbox/20220924_FIML_solver/data/output/field_inversion/Beta_k/u_imp_0.1/FI_run_T31_LL1_u_imp_0.1_k_imp_1_e_imp_0/FI_run_T31_LL1_u_imp_0.1_k_imp_1_e_imp_0_state_iter_0.dat
iter:    100 (Jcost: 8.490345e-04) (lr = 1.890e+00) (elapsed time: 102.503) (secs/iter:  1.025) (n_accepted: 88%) (u_error:  1.398642 %) (beta_change:  2.450208 %) (delta_change:  0.076242 %) (delta_peak/R:  0.269569 %)
iter:    200 (Jcost: 8.256009e-04) (lr = 9.344e+00) (elapsed time: 204.346) (secs/iter:  1.018) (n_accepted: 81%) (u_error:  1.411351 %) (beta_change:  0.568557 %) (delta_change:  0.027169 %) (delta_peak/R:  0.243682 %)
iter:    300 (Jcost: 8.199145e-04) (lr = 1.392e+00) (elapsed time: 308.309) (secs/iter:  1.040) (n_accepted: 77%) (u_error:  1.415389 %) (beta_change:  1.867562 %) (delta_change:  0.044495 %) (delta_peak/R:  0.231405 %)
iter:    400 (Jcost: 8.170692e-04) (lr = 1.195e+00) (elapsed time: 404.787) (secs/iter:  0.965) (n_accepted: 79%) (u_error:  1.417340 %) (beta_change:  2.898196 %) (delta_change:  0.055385 %) (delta_peak/R:  0.224722 %)
iter:    500 (Jcost: 8.152511e-04) (lr = 2.462e+00) (elapsed time: 497.547) (secs/iter:  0.928) (n_accepted: 80%) (u_error:  1.414353 %) (beta_change:  3.715537 %) (delta_change:  0.062196 %) (delta_peak/R:  0.224837 %)
-> Saved file: /media/rafael/DATA/Dropbox/20220924_FIML_solver/data/output/field_inversion/Beta_k/u_imp_0.1/FI_run_T31_LL1_u_imp_0.1_k_imp_1_e_imp_0/FI_run_T31_LL1_u_imp_0.1_k_imp_1_e_imp_0_state_iter_500.dat
iter:    600 (Jcost: 8.141017e-04) (lr = 2.114e+00) (elapsed time: 590.540) (secs/iter:  0.930) (n_accepted: 79%) (u_error:  1.416059 %) (beta_change:  4.354169 %) (delta_change:  0.068758 %) (delta_peak/R:  0.224311 %)
iter:    700 (Jcost: 8.131714e-04) (lr = 1.814e+00) (elapsed time: 681.584) (secs/iter:  0.910) (n_accepted: 79%) (u_error:  1.416017 %) (beta_change:  4.955185 %) (delta_change:  0.074886 %) (delta_peak/R:  0.224108 %)
iter:    800 (Jcost: 8.124375e-04) (lr = 3.738e+00) (elapsed time: 776.300) (secs/iter:  0.947) (n_accepted: 80%) (u_error:  1.416968 %) (beta_change:  5.519503 %) (delta_change:  0.079618 %) (delta_peak/R:  0.223772 %)
iter:    900 (Jcost: 8.119078e-04) (lr = 3.209e+00) (elapsed time: 869.053) (secs/iter:  0.928) (n_accepted: 79%) (u_error:  1.415819 %) (beta_change:  5.987354 %) (delta_change:  0.082518 %) (delta_peak/R:  0.223828 %)
iter:   1000 (Jcost: 8.114821e-04) (lr = 2.754e+00) (elapsed time: 956.426) (secs/iter:  0.874) (n_accepted: 79%) (u_error:  1.415938 %) (beta_change:  6.397725 %) (delta_change:  0.085102 %) (delta_peak/R:  0.223692 %)
-> Saved file: /media/rafael/DATA/Dropbox/20220924_FIML_solver/data/output/field_inversion/Beta_k/u_imp_0.1/FI_run_T31_LL1_u_imp_0.1_k_imp_1_e_imp_0/FI_run_T31_LL1_u_imp_0.1_k_imp_1_e_imp_0_state_iter_1000.dat
iter:   1100 (Jcost: 8.111308e-04) (lr = 5.674e+00) (elapsed time: 1049.744) (secs/iter:  0.933) (n_accepted: 80%) (u_error:  1.415563 %) (beta_change:  6.808563 %) (delta_change:  0.087653 %) (delta_peak/R:  0.223653 %)
iter:   1200 (Jcost: 8.108234e-04) (lr = 1.169e+01) (elapsed time: 1136.723) (secs/iter:  0.870) (n_accepted: 80%) (u_error:  1.415708 %) (beta_change:  7.208883 %) (delta_change:  0.089670 %) (delta_peak/R:  0.223535 %)
iter:   1300 (Jcost: 8.105644e-04) (lr = 1.003e+01) (elapsed time: 1220.811) (secs/iter:  0.841) (n_accepted: 79%) (u_error:  1.415605 %) (beta_change:  7.571325 %) (delta_change:  0.091160 %) (delta_peak/R:  0.223467 %)
iter:   1400 (Jcost: 8.103554e-04) (lr = 3.589e+00) (elapsed time: 1309.495) (secs/iter:  0.887) (n_accepted: 78%) (u_error:  1.415579 %) (beta_change:  7.920326 %) (delta_change:  0.092179 %) (delta_peak/R:  0.223399 %)
iter:   1500 (Jcost: 8.101670e-04) (lr = 7.394e+00) (elapsed time: 1397.802) (secs/iter:  0.883) (n_accepted: 80%) (u_error:  1.415492 %) (beta_change:  8.272370 %) (delta_change:  0.093377 %) (delta_peak/R:  0.223345 %)
-> Saved file: /media/rafael/DATA/Dropbox/20220924_FIML_solver/data/output/field_inversion/Beta_k/u_imp_0.1/FI_run_T31_LL1_u_imp_0.1_k_imp_1_e_imp_0/FI_run_T31_LL1_u_imp_0.1_k_imp_1_e_imp_0_state_iter_1500.dat
iter:   1600 (Jcost: 8.100057e-04) (lr = 6.347e+00) (elapsed time: 1484.684) (secs/iter:  0.869) (n_accepted: 79%) (u_error:  1.415534 %) (beta_change:  8.595606 %) (delta_change:  0.094765 %) (delta_peak/R:  0.223276 %)
iter:   1700 (Jcost: 8.098636e-04) (lr = 5.448e+00) (elapsed time: 1570.046) (secs/iter:  0.854) (n_accepted: 79%) (u_error:  1.415377 %) (beta_change:  8.921398 %) (delta_change:  0.095906 %) (delta_peak/R:  0.223244 %)
iter:   1800 (Jcost: 8.097319e-04) (lr = 1.949e+00) (elapsed time: 1653.654) (secs/iter:  0.836) (n_accepted: 78%) (u_error:  1.414727 %) (beta_change:  9.270964 %) (delta_change:  0.096894 %) (delta_peak/R:  0.223294 %)
iter:   1900 (Jcost: 8.096121e-04) (lr = 1.673e+00) (elapsed time: 1735.662) (secs/iter:  0.820) (n_accepted: 79%) (u_error:  1.415679 %) (beta_change:  9.606091 %) (delta_change:  0.097683 %) (delta_peak/R:  0.223083 %)
iter:   2000 (Jcost: 8.095200e-04) (lr = 1.436e+00) (elapsed time: 1815.138) (secs/iter:  0.795) (n_accepted: 79%) (u_error:  1.415262 %) (beta_change:  9.896559 %) (delta_change:  0.098217 %) (delta_peak/R:  0.223109 %)
-> Saved file: /media/rafael/DATA/Dropbox/20220924_FIML_solver/data/output/field_inversion/Beta_k/u_imp_0.1/FI_run_T31_LL1_u_imp_0.1_k_imp_1_e_imp_0/FI_run_T31_LL1_u_imp_0.1_k_imp_1_e_imp_0_state_iter_2000.dat
iter:   2100 (Jcost: 8.094317e-04) (lr = 1.233e+00) (elapsed time: 1899.128) (secs/iter:  0.840) (n_accepted: 79%) (u_error:  1.415362 %) (beta_change: 10.207496 %) (delta_change:  0.098671 %) (delta_peak/R:  0.223048 %)
iter:   2200 (Jcost: 8.093560e-04) (lr = 6.094e+00) (elapsed time: 1975.273) (secs/iter:  0.761) (n_accepted: 81%) (u_error:  1.414919 %) (beta_change: 10.491285 %) (delta_change:  0.099384 %) (delta_peak/R:  0.223082 %)
iter:   2300 (Jcost: 8.092828e-04) (lr = 5.231e+00) (elapsed time: 2058.631) (secs/iter:  0.834) (n_accepted: 79%) (u_error:  1.415472 %) (beta_change: 10.791555 %) (delta_change:  0.100295 %) (delta_peak/R:  0.222950 %)
iter:   2400 (Jcost: 8.092236e-04) (lr = 1.871e+00) (elapsed time: 2138.266) (secs/iter:  0.796) (n_accepted: 78%) (u_error:  1.415355 %) (beta_change: 11.043987 %) (delta_change:  0.100991 %) (delta_peak/R:  0.222935 %)
iter:   2500 (Jcost: 8.091663e-04) (lr = 1.606e+00) (elapsed time: 2214.261) (secs/iter:  0.760) (n_accepted: 79%) (u_error:  1.414953 %) (beta_change: 11.301434 %) (delta_change:  0.101635 %) (delta_peak/R:  0.222968 %)
-> Saved file: /media/rafael/DATA/Dropbox/20220924_FIML_solver/data/output/field_inversion/Beta_k/u_imp_0.1/FI_run_T31_LL1_u_imp_0.1_k_imp_1_e_imp_0/FI_run_T31_LL1_u_imp_0.1_k_imp_1_e_imp_0_state_iter_2500.dat
iter:   2600 (Jcost: 8.091169e-04) (lr = 1.379e+00) (elapsed time: 2296.088) (secs/iter:  0.818) (n_accepted: 79%) (u_error:  1.414881 %) (beta_change: 11.541106 %) (delta_change:  0.102178 %) (delta_peak/R:  0.222949 %)
iter:   2700 (Jcost: 8.090676e-04) (lr = 6.817e+00) (elapsed time: 2370.587) (secs/iter:  0.745) (n_accepted: 81%) (u_error:  1.414852 %) (beta_change: 11.795444 %) (delta_change:  0.102695 %) (delta_peak/R:  0.222921 %)
iter:   2800 (Jcost: 8.090277e-04) (lr = 2.438e+00) (elapsed time: 2446.911) (secs/iter:  0.763) (n_accepted: 78%) (u_error:  1.414610 %) (beta_change: 12.015280 %) (delta_change:  0.103095 %) (delta_peak/R:  0.222934 %)
iter:   2900 (Jcost: 8.089910e-04) (lr = 1.205e+01) (elapsed time: 2526.110) (secs/iter:  0.792) (n_accepted: 81%) (u_error:  1.414613 %) (beta_change: 12.227091 %) (delta_change:  0.103439 %) (delta_peak/R:  0.222907 %)
iter:   3000 (Jcost: 8.089569e-04) (lr = 1.797e+00) (elapsed time: 2600.788) (secs/iter:  0.747) (n_accepted: 77%) (u_error:  1.415080 %) (beta_change: 12.439876 %) (delta_change:  0.103746 %) (delta_peak/R:  0.222804 %)
-> Saved file: /media/rafael/DATA/Dropbox/20220924_FIML_solver/data/output/field_inversion/Beta_k/u_imp_0.1/FI_run_T31_LL1_u_imp_0.1_k_imp_1_e_imp_0/FI_run_T31_LL1_u_imp_0.1_k_imp_1_e_imp_0_state_iter_3000.dat
iter:   3100 (Jcost: 8.089229e-04) (lr = 1.542e+00) (elapsed time: 2685.501) (secs/iter:  0.847) (n_accepted: 79%) (u_error:  1.414755 %) (beta_change: 12.653971 %) (delta_change:  0.104370 %) (delta_peak/R:  0.222833 %)
iter:   3200 (Jcost: 8.088961e-04) (lr = 3.177e+00) (elapsed time: 2760.799) (secs/iter:  0.753) (n_accepted: 80%) (u_error:  1.414660 %) (beta_change: 12.836596 %) (delta_change:  0.104961 %) (delta_peak/R:  0.222827 %)
iter:   3300 (Jcost: 8.088686e-04) (lr = 2.727e+00) (elapsed time: 2834.333) (secs/iter:  0.735) (n_accepted: 79%) (u_error:  1.414622 %) (beta_change: 13.034302 %) (delta_change:  0.105571 %) (delta_peak/R:  0.222810 %)
iter:   3400 (Jcost: 8.088430e-04) (lr = 2.341e+00) (elapsed time: 2912.657) (secs/iter:  0.783) (n_accepted: 79%) (u_error:  1.414432 %) (beta_change: 13.230030 %) (delta_change:  0.106143 %) (delta_peak/R:  0.222819 %)
iter:   3500 (Jcost: 8.088190e-04) (lr = 2.009e+00) (elapsed time: 2982.156) (secs/iter:  0.695) (n_accepted: 79%) (u_error:  1.414432 %) (beta_change: 13.421810 %) (delta_change:  0.106673 %) (delta_peak/R:  0.222797 %)
-> Saved file: /media/rafael/DATA/Dropbox/20220924_FIML_solver/data/output/field_inversion/Beta_k/u_imp_0.1/FI_run_T31_LL1_u_imp_0.1_k_imp_1_e_imp_0/FI_run_T31_LL1_u_imp_0.1_k_imp_1_e_imp_0_state_iter_3500.dat
iter:   3600 (Jcost: 8.088003e-04) (lr = 4.140e+00) (elapsed time: 3058.573) (secs/iter:  0.764) (n_accepted: 80%) (u_error:  1.414532 %) (beta_change: 13.578814 %) (delta_change:  0.107084 %) (delta_peak/R:  0.222763 %)
iter:   3700 (Jcost: 8.087814e-04) (lr = 3.554e+00) (elapsed time: 3131.923) (secs/iter:  0.733) (n_accepted: 79%) (u_error:  1.414507 %) (beta_change: 13.746171 %) (delta_change:  0.107501 %) (delta_peak/R:  0.222748 %)
iter:   3800 (Jcost: 8.087626e-04) (lr = 3.050e+00) (elapsed time: 3199.229) (secs/iter:  0.673) (n_accepted: 79%) (u_error:  1.414631 %) (beta_change: 13.922623 %) (delta_change:  0.107916 %) (delta_peak/R:  0.222708 %)
iter:   3900 (Jcost: 8.087473e-04) (lr = 2.618e+00) (elapsed time: 3268.504) (secs/iter:  0.693) (n_accepted: 79%) (u_error:  1.414215 %) (beta_change: 14.076439 %) (delta_change:  0.108257 %) (delta_peak/R:  0.222760 %)
iter:   4000 (Jcost: 8.087327e-04) (lr = 9.365e-01) (elapsed time: 3330.865) (secs/iter:  0.624) (n_accepted: 78%) (u_error:  1.414429 %) (beta_change: 14.222194 %) (delta_change:  0.108563 %) (delta_peak/R:  0.222709 %)
-> Saved file: /media/rafael/DATA/Dropbox/20220924_FIML_solver/data/output/field_inversion/Beta_k/u_imp_0.1/FI_run_T31_LL1_u_imp_0.1_k_imp_1_e_imp_0/FI_run_T31_LL1_u_imp_0.1_k_imp_1_e_imp_0_state_iter_4000.dat
iter:   4100 (Jcost: 8.087193e-04) (lr = 1.929e+00) (elapsed time: 3406.945) (secs/iter:  0.761) (n_accepted: 80%) (u_error:  1.414293 %) (beta_change: 14.367660 %) (delta_change:  0.109134 %) (delta_peak/R:  0.222716 %)
iter:   4200 (Jcost: 8.087072e-04) (lr = 9.540e+00) (elapsed time: 3479.279) (secs/iter:  0.723) (n_accepted: 81%) (u_error:  1.414555 %) (beta_change: 14.506826 %) (delta_change:  0.109705 %) (delta_peak/R:  0.222658 %)
iter:   4300 (Jcost: 8.086963e-04) (lr = 8.189e+00) (elapsed time: 3545.408) (secs/iter:  0.661) (n_accepted: 79%) (u_error:  1.414368 %) (beta_change: 14.633982 %) (delta_change:  0.110215 %) (delta_peak/R:  0.222676 %)
iter:   4400 (Jcost: 8.086861e-04) (lr = 7.029e+00) (elapsed time: 3619.875) (secs/iter:  0.745) (n_accepted: 79%) (u_error:  1.414342 %) (beta_change: 14.761043 %) (delta_change:  0.110714 %) (delta_peak/R:  0.222667 %)
iter:   4500 (Jcost: 8.086770e-04) (lr = 1.048e+00) (elapsed time: 3689.494) (secs/iter:  0.696) (n_accepted: 77%) (u_error:  1.414323 %) (beta_change: 14.879641 %) (delta_change:  0.111170 %) (delta_peak/R:  0.222658 %)
-> Saved file: /media/rafael/DATA/Dropbox/20220924_FIML_solver/data/output/field_inversion/Beta_k/u_imp_0.1/FI_run_T31_LL1_u_imp_0.1_k_imp_1_e_imp_0/FI_run_T31_LL1_u_imp_0.1_k_imp_1_e_imp_0_state_iter_4500.dat
iter:   4600 (Jcost: 8.086679e-04) (lr = 1.243e+01) (elapsed time: 3762.143) (secs/iter:  0.726) (n_accepted: 82%) (u_error:  1.414275 %) (beta_change: 15.003461 %) (delta_change:  0.111635 %) (delta_peak/R:  0.222653 %)
iter:   4700 (Jcost: 8.086596e-04) (lr = 1.067e+01) (elapsed time: 3831.474) (secs/iter:  0.693) (n_accepted: 79%) (u_error:  1.414254 %) (beta_change: 15.122243 %) (delta_change:  0.112070 %) (delta_peak/R:  0.222644 %)
iter:   4800 (Jcost: 8.086528e-04) (lr = 6.626e-01) (elapsed time: 3897.188) (secs/iter:  0.657) (n_accepted: 76%) (u_error:  1.414295 %) (beta_change: 15.224543 %) (delta_change:  0.112437 %) (delta_peak/R:  0.222627 %)
iter:   4900 (Jcost: 8.086459e-04) (lr = 1.365e+00) (elapsed time: 3962.541) (secs/iter:  0.654) (n_accepted: 80%) (u_error:  1.414126 %) (beta_change: 15.332892 %) (delta_change:  0.112817 %) (delta_peak/R:  0.222644 %)
iter:   5000 (Jcost: 8.086400e-04) (lr = 2.812e+00) (elapsed time: 4033.932) (secs/iter:  0.714) (n_accepted: 80%) (u_error:  1.414164 %) (beta_change: 15.427675 %) (delta_change:  0.113142 %) (delta_peak/R:  0.222628 %)
-> Saved file: /media/rafael/DATA/Dropbox/20220924_FIML_solver/data/output/field_inversion/Beta_k/u_imp_0.1/FI_run_T31_LL1_u_imp_0.1_k_imp_1_e_imp_0/FI_run_T31_LL1_u_imp_0.1_k_imp_1_e_imp_0_state_iter_5000.dat
iter:   5100 (Jcost: 8.086340e-04) (lr = 2.414e+00) (elapsed time: 4106.878) (secs/iter:  0.729) (n_accepted: 79%) (u_error:  1.414284 %) (beta_change: 15.528841 %) (delta_change:  0.113573 %) (delta_peak/R:  0.222599 %)
iter:   5200 (Jcost: 8.086289e-04) (lr = 4.973e+00) (elapsed time: 4178.318) (secs/iter:  0.714) (n_accepted: 80%) (u_error:  1.414268 %) (beta_change: 15.619987 %) (delta_change:  0.114079 %) (delta_peak/R:  0.222592 %)
iter:   5300 (Jcost: 8.086243e-04) (lr = 4.269e+00) (elapsed time: 4246.897) (secs/iter:  0.686) (n_accepted: 79%) (u_error:  1.414200 %) (beta_change: 15.705018 %) (delta_change:  0.114548 %) (delta_peak/R:  0.222595 %)
iter:   5400 (Jcost: 8.086200e-04) (lr = 3.664e+00) (elapsed time: 4309.678) (secs/iter:  0.628) (n_accepted: 79%) (u_error:  1.414192 %) (beta_change: 15.787603 %) (delta_change:  0.115000 %) (delta_peak/R:  0.222589 %)
iter:   5500 (Jcost: 8.086155e-04) (lr = 7.549e+00) (elapsed time: 4373.499) (secs/iter:  0.638) (n_accepted: 80%) (u_error:  1.414178 %) (beta_change: 15.875878 %) (delta_change:  0.115480 %) (delta_peak/R:  0.222582 %)
-> Saved file: /media/rafael/DATA/Dropbox/20220924_FIML_solver/data/output/field_inversion/Beta_k/u_imp_0.1/FI_run_T31_LL1_u_imp_0.1_k_imp_1_e_imp_0/FI_run_T31_LL1_u_imp_0.1_k_imp_1_e_imp_0_state_iter_5500.dat
iter:   5600 (Jcost: 8.086113e-04) (lr = 6.480e+00) (elapsed time: 4442.808) (secs/iter:  0.693) (n_accepted: 79%) (u_error:  1.414164 %) (beta_change: 15.963755 %) (delta_change:  0.115954 %) (delta_peak/R:  0.222576 %)
iter:   5700 (Jcost: 8.086074e-04) (lr = 2.318e+00) (elapsed time: 4509.430) (secs/iter:  0.666) (n_accepted: 78%) (u_error:  1.414222 %) (beta_change: 16.050695 %) (delta_change:  0.116420 %) (delta_peak/R:  0.222559 %)
iter:   5800 (Jcost: 8.086039e-04) (lr = 4.775e+00) (elapsed time: 4577.371) (secs/iter:  0.679) (n_accepted: 80%) (u_error:  1.414143 %) (beta_change: 16.128209 %) (delta_change:  0.116832 %) (delta_peak/R:  0.222564 %)
iter:   5900 (Jcost: 8.086008e-04) (lr = 7.116e-01) (elapsed time: 4644.574) (secs/iter:  0.672) (n_accepted: 77%) (u_error:  1.414147 %) (beta_change: 16.202159 %) (delta_change:  0.117222 %) (delta_peak/R:  0.222557 %)
iter:   6000 (Jcost: 8.085980e-04) (lr = 3.518e+00) (elapsed time: 4701.507) (secs/iter:  0.569) (n_accepted: 81%) (u_error:  1.414116 %) (beta_change: 16.271917 %) (delta_change:  0.117588 %) (delta_peak/R:  0.222555 %)
-> Saved file: /media/rafael/DATA/Dropbox/20220924_FIML_solver/data/output/field_inversion/Beta_k/u_imp_0.1/FI_run_T31_LL1_u_imp_0.1_k_imp_1_e_imp_0/FI_run_T31_LL1_u_imp_0.1_k_imp_1_e_imp_0_state_iter_6000.dat
iter:   6100 (Jcost: 8.085954e-04) (lr = 3.020e+00) (elapsed time: 4774.525) (secs/iter:  0.730) (n_accepted: 79%) (u_error:  1.414091 %) (beta_change: 16.339282 %) (delta_change:  0.117945 %) (delta_peak/R:  0.222553 %)
iter:   6181 (Jcost: 8.085943e-04) (lr = 7.301e-11) (elapsed time: 4802.400) (secs/iter:  0.344) (n_accepted: 45%) (u_error:  1.414118 %) (beta_change: 16.368283 %) (delta_change:  0.118150 %) (delta_peak/R:  0.222546 %)
-> Saved file: /media/rafael/DATA/Dropbox/20220924_FIML_solver/data/output/field_inversion/Beta_k/u_imp_0.1/FI_run_T31_LL1_u_imp_0.1_k_imp_1_e_imp_0/FI_run_T31_LL1_u_imp_0.1_k_imp_1_e_imp_0_state_iter_6181.dat
