# ------------------------------------------------------------------------
#                  Input Arguments
# ------------------------------------------------------------------------
# Begin_Input_Arguments
{ 'all_b_mode': ['Beta_k', 'Beta_e'],
  'args_mk_solver': { 'torch': "<module 'torch' from "
                               "'/home/rafael/anaconda3/lib/python3.9/site-packages/torch/__init__.py'>",
                      'y_grid': [0.0, 0.000309700312, 0.000638645973, 0.00098802599, 0.00135910194, 0.00175321227, 0.00217177688, 0.00261630193, 0.00308838486, 0.00358971984, 0.00412210331, 0.00468744001, 0.00528774917, 0.00592517114, 0.00660197432, 0.0073205624, 0.00808348206, 0.00889343092, 0.00975326602, 0.0106660126, 0.0116348733, 0.0126632377, 0.0137546927, 0.0149130326, 0.0161422702, 0.0174466482, 0.0188306506, 0.0202990157, 0.0218567475, 0.02350913, 0.0252617393, 0.0271204584, 0.0290914903, 0.0311813732, 0.033396994, 0.0357456039, 0.0382348325, 0.0408727029, 0.0436676462, 0.0466285159, 0.0497646022, 0.0530856456, 0.0566018496, 0.0603238931, 0.0642629411, 0.068430655, 0.0728392004, 0.0775012535, 0.0824300053, 0.0876391634, 0.0931429507, 0.0989561006, 0.105093849, 0.111571922, 0.118406518, 0.125614286, 0.133212296, 0.141218006, 0.14964922, 0.158524039, 0.167860801, 0.177678022, 0.187994313, 0.1988283, 0.21019853, 0.222123362, 0.234620856, 0.247708641, 0.261403784, 0.275722637, 0.290680679, 0.306292354, 0.322570888, 0.339528108, 0.357174255, 0.375517785, 0.394565175, 0.414320726, 0.43478637, 0.45596148, 0.47784269, 0.500423731, 0.523695275, 0.547644806, 0.572256506, 0.597511177, 0.623386184, 0.649855436, 0.676889401, 0.704455158, 0.73251649, 0.761034018, 0.789965372, 0.819265404, 0.848886442, 0.878778572, 0.908889961, 0.939167201, 0.969555687, 1.0],
                      'Ret': 950.0,
                      'cp': 1.0,
                      'A_sca_rho': 1.0,
                      'A_sca_mu': 0.0010526315789473684,
                      'A_sca_k': 0.0010526315789473684,
                      'b_exp_rho': -1.0,
                      'b_exp_mu': 0.7,
                      'b_exp_k': 0.0,
                      'tensor_device': 'cpu',
                      'as_tensor': '<function '
                                   'Build_arguments_fi_run._mk_args_MK_solver.<locals>.<lambda> '
                                   'at 0x7f9b25f77700>',
                      'ref_dns': { 'u_dns': [0.0, 0.288135637, 0.589636405, 0.904756114, 1.23369276, 1.57657645, 1.93345556, 2.30428095, 2.68894846, 3.08760438, 3.50054172, 3.92813447, 4.37068555, 4.82823638, 5.3007982, 5.78835325, 6.29081213, 6.80809095, 7.34002236, 7.88636842, 8.44683519, 9.02095561, 9.60826462, 10.2083747, 10.820792, 11.4444757, 12.0784519, 12.7220662, 13.3742144, 14.0337701, 14.7004185, 15.3723753, 16.0478859, 16.7267714, 17.4067846, 18.0871391, 18.7662671, 19.4422014, 20.1135605, 20.7790091, 21.4368362, 22.0854666, 22.725137, 23.3516111, 23.9661719, 24.565557, 25.1500982, 25.717247, 26.2682942, 26.8006308, 27.3152563, 27.8114278, 28.2882111, 28.7466233, 29.187041, 29.6099901, 30.0146724, 30.4041195, 30.777196, 31.1347424, 31.4794059, 31.8110683, 32.1313463, 32.4415069, 32.7422333, 33.0363163, 33.3242957, 33.6069229, 33.8864724, 34.1614681, 34.4352266, 34.7084589, 34.9801781, 35.2511343, 35.522368, 35.7935478, 36.0645099, 36.3354375, 36.6062621, 36.8764669, 37.1450242, 37.4111233, 37.6758767, 37.9371405, 38.1950228, 38.4468521, 38.6929038, 38.9298467, 39.1581239, 39.3760287, 39.5820682, 39.7742581, 39.9514236, 40.1113749, 40.2502494, 40.3687429, 40.4632992, 40.5324941, 40.5741622, 40.5893089],
                                   'T_dns': [1.0, 1.0229111349861848, 1.0473053572457185, 1.0732652680757668, 1.1008737064494514, 1.1302124669356173, 1.1613604278724001, 1.1943912358918214, 1.2293753508281917, 1.2664036900671032, 1.3055775367795204, 1.3470006876944771, 1.390780398078587, 1.4370287649727762, 1.4858615712689134, 1.5373794026700585, 1.591637723971817, 1.6486658697229892, 1.7085006201072155, 1.7711890813701903, 1.8367599845746008, 1.9052125260235349, 1.976500268237945, 2.0504799242442027, 2.126972611706912, 2.2058592088903417, 2.2869624686048358, 2.3699973682251887, 2.4547451409366943, 2.540953466750624, 2.6280973161043155, 2.7157973578271783, 2.8037513351014325, 2.8915148751839297, 2.9785992502801952, 3.0646298860712458, 3.1492174165423394, 3.231902057485672, 3.31249268168601, 3.390634026998509, 3.465933191078566, 3.5384579768319355, 3.607780444052321, 3.6741315848790648, 3.7371117572770434, 3.7969710204587965, 3.853499961018371, 3.9071241194868493, 3.957518808226009, 4.005386399770704, 4.050542375626154, 4.092929415648557, 4.13331563358252, 4.17121572845359, 4.20736126337199, 4.241689645391768, 4.274115826658514, 4.305361515374841, 4.334894970165083, 4.363224368429332, 4.390285046167019, 4.416381844987386, 4.4413835887369535, 4.465869369638762, 4.489407531943197, 4.512446731149355, 4.535210223897129, 4.557334693877809, 4.5791947340539005, 4.600493267968971, 4.621623750593042, 4.642558447185411, 4.663272354680969, 4.6837300904726735, 4.704035919851216, 4.72395366802808, 4.743664854504782, 4.762843183681378, 4.781904206943213, 4.800503627119878, 4.818587948950984, 4.8361222053096204, 4.853353208383921, 4.87004616849128, 4.8860169534727405, 4.901568778108049, 4.916413439893673, 4.930705343247829, 4.943985005592301, 4.9566168315302415, 4.968448811587905, 4.979197096914096, 4.988846963562491, 4.9972425659289, 5.004422739848421, 5.0102375503621595, 5.014753325724322, 5.017975351980792, 5.020016068020751, 5.02085588206569],
                                   'mu_dns': [0.0010526315789473684, 0.001069456018930544, 0.0010872457589127544, 0.0011060413088939587, 0.0011258813988741186, 0.0011468020488531981, 0.0011688352788311648, 0.0011920075888079923, 0.0012163415587836584, 0.001241872218758128, 0.0012686395987313605, 0.0012966831487033167, 0.0013260423286739578, 0.0013567574586432426, 0.0013888688586111313, 0.0014224045585775956, 0.0014573616985426383, 0.0014937201785062799, 0.0015314647084685353, 0.0015705864384294138, 0.001611065068388935, 0.0016528627583471372, 0.0016959154983040847, 0.0017401042182598957, 0.0017852939082147062, 0.0018313900381686102, 0.0018782686981217312, 0.0019257499680742501, 0.001973698818026301, 0.0020219671379780326, 0.002070262447929738, 0.002118383317881617, 0.002166177497833823, 0.0022134218677865784, 0.0022598772377401227, 0.002305372017694628, 0.002349731537650269, 0.002392748917607251, 0.00243436022756564, 0.002474417827525583, 0.002512757197487243, 0.002549448387450552, 0.002584309147415691, 0.0026174879373825123, 0.0026488151673511847, 0.0026784435173215567, 0.0027062950672937054, 0.002732602367267398, 0.002757226767242774, 0.002780529377219471, 0.0028024354671975643, 0.002822931717177068, 0.002842401307157599, 0.00286062052713938, 0.0028779500871220502, 0.0028943671271056334, 0.0029098378970901628, 0.002924712167075288, 0.002938741597061259, 0.0029521721370478283, 0.0029649767870350238, 0.0029773029370226967, 0.0029890913870109087, 0.0030006172769993828, 0.003011679246988321, 0.00302248988697751, 0.003033154906966845, 0.003043505156956495, 0.003053716906946283, 0.003063652296936348, 0.003073495666926504, 0.0030832345269167657, 0.0030928577169071422, 0.0031023493168976504, 0.003111758146888242, 0.003120975326879025, 0.0031300854468699147, 0.0031389383968610618, 0.0031477266068522737, 0.0031562918668437082, 0.00316461037683539, 0.0031726669268273334, 0.0031805756068194247, 0.003188229306811771, 0.0031955445268044553, 0.0032026609567973397, 0.003209447476790552, 0.0032159754867840244, 0.003222036056777964, 0.003227796436772204, 0.0032331880767668118, 0.0032380825567619176, 0.003242474146757526, 0.0032462928567537066, 0.0032495572067504433, 0.003252199786747801, 0.003254251376745749, 0.003255714856744285, 0.0032566416267433584, 0.003257022986742977],
                                   'rho_dns': [1.0, 0.9776020279743125, 0.9548313613422874, 0.9317361045260297, 0.9083694107157939, 0.8847893907163609, 0.8610591303097775, 0.8372465988946457, 0.8134212218638769, 0.7896376233292662, 0.7659445508435361, 0.7423901183833821, 0.7190207752291704, 0.695880294378759, 0.6730102045414691, 0.6504575241890456, 0.6282836759514422, 0.606551041278013, 0.5853085379256379, 0.564592459674831, 0.5444369478854926, 0.5248758268911607, 0.5059447833475391, 0.4876907050765666, 0.47015179908569305, 0.4533380897428401, 0.43726122038638054, 0.42194139681634596, 0.40737426599749366, 0.39355305521545103, 0.38050341358071216, 0.3682159853046133, 0.3566650107235072, 0.345839479707463, 0.33572827895727514, 0.32630367684691836, 0.3175392066445329, 0.30941531711452036, 0.30188745941349965, 0.29493009037169077, 0.28852258392459357, 0.28260898011153535, 0.27717872955616524, 0.2721731589895998, 0.26758632466710763, 0.2633678251985099, 0.2595043493229278, 0.2559427265216589, 0.2526835748503387, 0.24966380273754535, 0.24688051803072786, 0.24432378339501418, 0.2419365198909955, 0.23973825980243263, 0.237678663038921, 0.2357551078934816, 0.23396651858679174, 0.23226853225423888, 0.23068609663728892, 0.2291883056107836, 0.22777564314942594, 0.22642969632143667, 0.22515506261065402, 0.22392056668708352, 0.22274654124954427, 0.221609264237296, 0.2204969451538886, 0.21942649973533232, 0.21837900724407788, 0.21736799550659505, 0.21637416933208398, 0.21539847292741318, 0.21444168899897195, 0.21350504420272473, 0.21258341072183587, 0.21168708888235774, 0.210807472844621, 0.20995862375360907, 0.20912171317610742, 0.2083114768106034, 0.20752967686678872, 0.20677723960368316, 0.2060431122697913, 0.20533686240387242, 0.20466568362789841, 0.2040163150349568, 0.20340030638709403, 0.20281074012451641, 0.20226598561056874, 0.20175051531898885, 0.201270061929128, 0.20083559267411993, 0.20044711880396288, 0.20011035822394935, 0.19982324675278912, 0.19959133473176657, 0.19941160313315348, 0.19928356156736815, 0.1992025496432866, 0.19916923000557787]},
                      'case': 'gasLike',
                      'constant_Sq_heat': 0.07894736842105263,
                      'use_visc_heating': False,
                      'Pr_turb': 1.0,
                      'fprint': '<function '
                                'Build_arguments_fi_run._mk_args_MK_solver.<locals>.<lambda> '
                                'at 0x7f9b25f77790>',
                      'compressible_correction': False,
                      'bool_solve_energy': False,
                      'output_last': False},
  'u_imp': 1,
  'k_imp': 1,
  'e_imp': 1,
  'solve_sparse_adj': True,
  'all_ref_beta_distrib': {'K': [1.0, 0.99994695, 0.99991094, 0.99988402, 0.99986241, 0.99984425, 0.99982863, 0.99981527, 0.99980423, 0.99979591, 0.99979093, 0.99979016, 0.99979466, 0.99980574, 0.99982493, 0.999854, 0.99989497, 0.99995014, 1.0000221, 1.00011372, 1.00022814, 1.0003687, 1.00053877, 1.00074162, 1.00098026, 1.00125737, 1.00157532, 1.00193605, 1.00234114, 1.0027917, 1.00328819, 1.00383031, 1.00441681, 1.00504527, 1.00571225, 1.006413, 1.00714123, 1.00788966, 1.00864927, 1.00940978, 1.0101607, 1.01088899, 1.01158266, 1.0122275, 1.01281079, 1.01331822, 1.0137372, 1.01405393, 1.014256, 1.01433193, 1.01427, 1.01405979, 1.01369066, 1.01315133, 1.01243063, 1.0115166, 1.01039656, 1.00905605, 1.00748133, 1.0056596, 1.00358349, 1.00125486, 0.99868587, 0.99590091, 0.99293584, 0.98983895, 0.98666822, 0.98349391, 0.98039721, 0.97747061, 0.97481478, 0.97253597, 0.97075516, 0.96959884, 0.96919837, 0.96970435, 0.97126075, 0.97401652, 0.97808547, 0.98354028, 0.99037568, 0.99847695, 1.00761598, 1.01744266, 1.02750646, 1.03729479, 1.0462815, 1.05398674, 1.0600375, 1.06420854, 1.06645473, 1.06690724, 1.06585587, 1.06369701, 1.06088465, 1.05786602, 1.05504096, 1.05272784, 1.05115103, 1.02510295], 'E': [1.0, 0.99999544, 0.99999406, 0.99999238, 0.99999019, 0.99998724, 0.99998327, 0.99997793, 0.99997077, 0.9999612, 0.99994848, 0.99993163, 0.99990941, 0.99988025, 0.99984225, 0.99979317, 0.99973049, 0.99965158, 0.99955371, 0.99943388, 0.99928789, 0.999109, 0.99888641, 0.99860513, 0.99824732, 0.99779454, 0.99722928, 0.99653447, 0.99569132, 0.99467815, 0.9934712, 0.99204483, 0.99037228, 0.98842722, 0.98618358, 0.98361675, 0.9807055, 0.97743168, 0.97378301, 0.96975465, 0.96534693, 0.96057478, 0.95546025, 0.95004436, 0.94438093, 0.93854955, 0.9326511, 0.92682544, 0.92125478, 0.91617052, 0.91188765, 0.9088153, 0.90749991, 0.90868999, 0.91341499, 0.92316787, 0.94010025, 0.9668404, 1.00533695, 1.05509898, 1.11234842, 1.17108748, 1.22521351, 1.2702303, 1.30382538, 1.3255511, 1.33620209, 1.33717281, 1.3300731, 1.31644699, 1.29768253, 1.27497489, 1.24934875, 1.22167762, 1.19271452, 1.16311676, 1.1334783, 1.10433122, 1.07617327, 1.04946527, 1.02463586, 1.00206908, 0.98209971, 0.96499912, 0.95096027, 0.94007899, 0.93234205, 0.92761692, 0.92565469, 0.92609599, 0.92849042, 0.93232843, 0.93707535, 0.94221532, 0.94728403, 0.95190102, 0.95577886, 0.95872392, 0.96062301, 0.98080323]},
  'all_ref_delta_distrib': {'K': [-0.0, 0.0006433301874974686, 0.0013355477643268178, 0.002081094978361839, 0.0028888806981096356, 0.0037655498934801358, 0.004713288366259875, 0.005724689522301051, 0.00678180629037032, 0.007849582518353439, 0.008873397724750076, 0.009771904231117111, 0.010434200527475021, 0.010712806576554842, 0.01042053189798966, 0.009327535740563784, 0.007161394144209007, 0.003607399239698934, -0.0016868062551905563, -0.009104295484650572, -0.01905151781283765, -0.03194723483529958, -0.04820114086191358, -0.0681942331853572, -0.09224542969591262, -0.12057922203473688, -0.15330572127437975, -0.19040427889825726, -0.23172130520250578, -0.2769629772129206, -0.3257022563203688, -0.37737089742329666, -0.431262194365815, -0.486547104899231, -0.5422889461691848, -0.5974582145026094, -0.6509559272930016, -0.7016625808459394, -0.748440831632259, -0.7901907986864501, -0.8259120091403966, -0.8546575764477087, -0.8756838553252387, -0.8883504949707931, -0.8922659606774594, -0.8871850063414484, -0.8731162249153029, -0.8502285445228593, -0.8189063368211018, -0.7797169467053997, -0.7333619973707955, -0.6806900954360812, -0.6226506859014822, -0.5602449635021192, -0.49454014455926243, -0.42660589670888155, -0.3575071449528118, -0.28826923788991277, -0.2198785531888964, -0.15326389693501916, -0.08929098069335994, -0.028750668726062932, 0.027686327015894813, 0.0794692425006834, 0.12617165918508075, 0.1674596288156142, 0.2030848900611228, 0.23283541029028484, 0.2565375371721326, 0.27403078023627064, 0.2851911391510587, 0.2899426398069763, 0.28821549029319193, 0.27999306386146317, 0.2653131852221313, 0.24420821872506154, 0.21685302031994322, 0.1835316873909541, 0.14484624485242356, 0.10173397795419813, 0.05557448730023761, 0.008205148205115125, -0.03821595000099434, -0.08135791734052934, -0.11898116034005468, -0.14920694453655717, -0.17077482960962917, -0.18320694787532965, -0.18683706879810544, -0.18277286090589526, -0.17268509304165472, -0.15855523734345128, -0.14238338072729476, -0.1259569149540491, -0.11067632777774934, -0.09750212001162337, -0.08698098101462345, -0.0793504516354325, -0.07465566626166745, -0.03625654676631368], 'E': [-0.0, 0.003509094089353584, 0.007903817429330433, 0.013829149309923109, 0.022070864295346097, 0.03376979892708924, 0.050379612226664865, 0.0739011587330472, 0.1070049883414067, 0.15325876938650318, 0.2172497860576549, 0.3050184120692137, 0.4242533091083645, 0.5847583149295199, 0.7986263108715124, 1.0806567241945122, 1.448816464530545, 1.9241963671204727, 2.531644301235476, 3.299730039281422, 4.26150812620021, 5.454360490768298, 6.9202778887789025, 8.704582359184872, 10.853471954820892, 13.410953303710347, 16.41579953128566, 19.89942095291831, 23.883711931706493, 28.379728264150298, 33.386555511220294, 38.888405039759355, 44.85318953897536, 51.2311559527667, 57.9543929565149, 64.93555452308713, 72.06812206099018, 79.22938165431304, 86.2789574398459, 93.06391737186829, 99.42495748786051, 105.19093611672201, 110.19739196103092, 114.27578128072027, 117.27316276233951, 119.04202879780055, 119.45702570593207, 118.40596130056478, 115.80028328090245, 111.57519666453338, 105.68497598378593, 98.1082118715306, 88.84252122380606, 77.89398139516898, 65.2640950283196, 50.901277980439474, 34.69729086495727, 16.712105722053636, -2.3301258741039863, -20.7704503394542, -36.493761663846705, -47.86174331846527, -54.31281954091046, -56.3090070382343, -54.882210148601054, -51.187400964132, -46.219980338933716, -40.721735820331794, -35.19041367301407, -29.924141348081438, -25.081548146231526, -20.729979819233545, -16.886304479574324, -13.53422053113833, -10.640825460087845, -8.168278664089355, -6.075849703677126, -4.324990933921962, -2.8793518477093074, -1.7062230960459626, -0.7756299294809015, -0.059433075094108195, 0.4686497007764046, 0.8338732230709563, 1.0608165321578515, 1.1735703229661902, 1.1958311556238161, 1.1504498024559306, 1.058562940970262, 0.939296037681861, 0.8087848069421008, 0.6797625662101682, 0.561234515968164, 0.45871149043207027, 0.37462036125386344, 0.30910894630976055, 0.26087731855171803, 0.22802992458896174, 0.2087139184077576, 0.10029744044296626]},
  'fname_print': '/media/rafael/DATA/Dropbox/20220924_FIML_solver/data/output/field_inversion/Beta_k__1__Beta_e__1/u_imp_1/FI_run_gasLike_u_imp_1_k_imp_1_e_imp_1/FI_run_gasLike_u_imp_1_k_imp_1_e_imp_1.log',
  'folder': '/media/rafael/DATA/Dropbox/20220924_FIML_solver/data/output/field_inversion/Beta_k__1__Beta_e__1/u_imp_1/FI_run_gasLike_u_imp_1_k_imp_1_e_imp_1',
  'iters_limit': 15000}
# End_Input_Arguments

# ------------------------------------------------------------------------
#                  Iterations
# ------------------------------------------------------------------------

iter:      0 (Jcost: 3.353809e-02) (lr = 1.000e-03) (elapsed time:  0.002) (secs/iter:   None) (n_accepted: 0%) (u_error:  3.906170 %) (beta_change: 20.204002 %) (delta_change:  1.269589 %) (delta_peak/R:  0.000000 %)
-> Saved file: /media/rafael/DATA/Dropbox/20220924_FIML_solver/data/output/field_inversion/Beta_k__1__Beta_e__1/u_imp_1/FI_run_gasLike_u_imp_1_k_imp_1_e_imp_1/FI_run_gasLike_u_imp_1_k_imp_1_e_imp_1_state_iter_0.dat
iter:    100 (Jcost: 1.052664e-02) (lr = 1.367e-01) (elapsed time: 140.954) (secs/iter:  1.410) (n_accepted: 85%) (u_error:  1.663293 %) (beta_change: 16.865196 %) (delta_change:  0.748377 %) (delta_peak/R:  1.078009 %)
iter:    200 (Jcost: 9.785903e-03) (lr = 1.173e-01) (elapsed time: 248.396) (secs/iter:  1.074) (n_accepted: 79%) (u_error:  1.597230 %) (beta_change: 15.077631 %) (delta_change:  0.578818 %) (delta_peak/R:  1.008960 %)
iter:    300 (Jcost: 9.432196e-03) (lr = 2.417e-01) (elapsed time: 339.386) (secs/iter:  0.910) (n_accepted: 80%) (u_error:  1.554912 %) (beta_change: 13.542743 %) (delta_change:  0.469526 %) (delta_peak/R:  0.990234 %)
iter:    400 (Jcost: 9.167399e-03) (lr = 4.980e-01) (elapsed time: 438.286) (secs/iter:  0.989) (n_accepted: 80%) (u_error:  1.533112 %) (beta_change: 12.038125 %) (delta_change:  0.396174 %) (delta_peak/R:  0.981196 %)
iter:    500 (Jcost: 8.975748e-03) (lr = 4.275e-01) (elapsed time: 560.027) (secs/iter:  1.217) (n_accepted: 79%) (u_error:  1.524514 %) (beta_change: 10.746585 %) (delta_change:  0.355858 %) (delta_peak/R:  0.975251 %)
-> Saved file: /media/rafael/DATA/Dropbox/20220924_FIML_solver/data/output/field_inversion/Beta_k__1__Beta_e__1/u_imp_1/FI_run_gasLike_u_imp_1_k_imp_1_e_imp_1/FI_run_gasLike_u_imp_1_k_imp_1_e_imp_1_state_iter_500.dat
iter:    600 (Jcost: 8.834579e-03) (lr = 3.670e-01) (elapsed time: 681.050) (secs/iter:  1.210) (n_accepted: 79%) (u_error:  1.508669 %) (beta_change:  9.683934 %) (delta_change:  0.330822 %) (delta_peak/R:  0.975255 %)
iter:    700 (Jcost: 8.701073e-03) (lr = 7.560e-01) (elapsed time: 785.734) (secs/iter:  1.047) (n_accepted: 80%) (u_error:  1.487158 %) (beta_change:  8.564647 %) (delta_change:  0.306699 %) (delta_peak/R:  0.977912 %)
iter:    800 (Jcost: 8.591380e-03) (lr = 2.704e-01) (elapsed time: 901.942) (secs/iter:  1.162) (n_accepted: 78%) (u_error:  1.482633 %) (beta_change:  7.586266 %) (delta_change:  0.305779 %) (delta_peak/R:  0.975700 %)
iter:    900 (Jcost: 8.493128e-03) (lr = 2.321e-01) (elapsed time: 1026.331) (secs/iter:  1.244) (n_accepted: 79%) (u_error:  1.490278 %) (beta_change:  6.636848 %) (delta_change:  0.308772 %) (delta_peak/R:  0.969593 %)
iter:   1000 (Jcost: 8.412862e-03) (lr = 4.782e-01) (elapsed time: 1139.253) (secs/iter:  1.129) (n_accepted: 80%) (u_error:  1.475556 %) (beta_change:  5.822846 %) (delta_change:  0.305481 %) (delta_peak/R:  0.971928 %)
-> Saved file: /media/rafael/DATA/Dropbox/20220924_FIML_solver/data/output/field_inversion/Beta_k__1__Beta_e__1/u_imp_1/FI_run_gasLike_u_imp_1_k_imp_1_e_imp_1/FI_run_gasLike_u_imp_1_k_imp_1_e_imp_1_state_iter_1000.dat
iter:   1100 (Jcost: 8.336427e-03) (lr = 1.710e-01) (elapsed time: 1252.465) (secs/iter:  1.132) (n_accepted: 78%) (u_error:  1.459279 %) (beta_change:  4.984770 %) (delta_change:  0.301759 %) (delta_peak/R:  0.974771 %)
iter:   1200 (Jcost: 8.261754e-03) (lr = 3.524e-01) (elapsed time: 1342.014) (secs/iter:  0.895) (n_accepted: 80%) (u_error:  1.459526 %) (beta_change:  4.147016 %) (delta_change:  0.303119 %) (delta_peak/R:  0.971897 %)
iter:   1300 (Jcost: 8.197210e-03) (lr = 5.251e-02) (elapsed time: 1464.025) (secs/iter:  1.220) (n_accepted: 77%) (u_error:  1.457764 %) (beta_change:  3.375870 %) (delta_change:  0.303809 %) (delta_peak/R:  0.970011 %)
iter:   1400 (Jcost: 8.140212e-03) (lr = 1.082e-01) (elapsed time: 1582.843) (secs/iter:  1.188) (n_accepted: 80%) (u_error:  1.452179 %) (beta_change:  2.661780 %) (delta_change:  0.303623 %) (delta_peak/R:  0.969609 %)
iter:   1500 (Jcost: 8.087714e-03) (lr = 2.229e-01) (elapsed time: 1703.289) (secs/iter:  1.204) (n_accepted: 80%) (u_error:  1.454363 %) (beta_change:  1.969581 %) (delta_change:  0.305896 %) (delta_peak/R:  0.966592 %)
-> Saved file: /media/rafael/DATA/Dropbox/20220924_FIML_solver/data/output/field_inversion/Beta_k__1__Beta_e__1/u_imp_1/FI_run_gasLike_u_imp_1_k_imp_1_e_imp_1/FI_run_gasLike_u_imp_1_k_imp_1_e_imp_1_state_iter_1500.dat
iter:   1600 (Jcost: 8.039789e-03) (lr = 1.913e-01) (elapsed time: 1835.518) (secs/iter:  1.322) (n_accepted: 79%) (u_error:  1.438677 %) (beta_change:  1.625226 %) (delta_change:  0.302469 %) (delta_peak/R:  0.969830 %)
iter:   1700 (Jcost: 7.995094e-03) (lr = 1.642e-01) (elapsed time: 1958.155) (secs/iter:  1.226) (n_accepted: 79%) (u_error:  1.445380 %) (beta_change:  1.457867 %) (delta_change:  0.306111 %) (delta_peak/R:  0.965421 %)
iter:   1800 (Jcost: 7.955936e-03) (lr = 3.383e-01) (elapsed time: 2078.099) (secs/iter:  1.199) (n_accepted: 80%) (u_error:  1.435937 %) (beta_change:  1.455520 %) (delta_change:  0.304531 %) (delta_peak/R:  0.966752 %)
iter:   1900 (Jcost: 7.913478e-03) (lr = 2.904e-01) (elapsed time: 2197.618) (secs/iter:  1.195) (n_accepted: 79%) (u_error:  1.430566 %) (beta_change:  1.454055 %) (delta_change:  0.304468 %) (delta_peak/R:  0.966405 %)
iter:   2000 (Jcost: 7.880522e-03) (lr = 1.039e-01) (elapsed time: 2298.087) (secs/iter:  1.005) (n_accepted: 78%) (u_error:  1.426222 %) (beta_change:  1.453193 %) (delta_change:  0.304367 %) (delta_peak/R:  0.966197 %)
-> Saved file: /media/rafael/DATA/Dropbox/20220924_FIML_solver/data/output/field_inversion/Beta_k__1__Beta_e__1/u_imp_1/FI_run_gasLike_u_imp_1_k_imp_1_e_imp_1/FI_run_gasLike_u_imp_1_k_imp_1_e_imp_1_state_iter_2000.dat
iter:   2100 (Jcost: 7.850205e-03) (lr = 2.140e-01) (elapsed time: 2407.194) (secs/iter:  1.091) (n_accepted: 80%) (u_error:  1.425946 %) (beta_change:  1.617779 %) (delta_change:  0.305542 %) (delta_peak/R:  0.964717 %)
iter:   2200 (Jcost: 7.819249e-03) (lr = 1.837e-01) (elapsed time: 2507.587) (secs/iter:  1.004) (n_accepted: 79%) (u_error:  1.426380 %) (beta_change:  2.139698 %) (delta_change:  0.307051 %) (delta_peak/R:  0.962947 %)
iter:   2300 (Jcost: 7.790903e-03) (lr = 9.082e-01) (elapsed time: 2588.179) (secs/iter:  0.806) (n_accepted: 81%) (u_error:  1.420563 %) (beta_change:  2.627418 %) (delta_change:  0.306438 %) (delta_peak/R:  0.963443 %)
iter:   2400 (Jcost: 7.762629e-03) (lr = 3.248e-01) (elapsed time: 2684.450) (secs/iter:  0.963) (n_accepted: 78%) (u_error:  1.417961 %) (beta_change:  3.131541 %) (delta_change:  0.306993 %) (delta_peak/R:  0.962756 %)
iter:   2500 (Jcost: 7.736964e-03) (lr = 2.788e-01) (elapsed time: 2804.965) (secs/iter:  1.205) (n_accepted: 79%) (u_error:  1.414145 %) (beta_change:  3.602865 %) (delta_change:  0.307149 %) (delta_peak/R:  0.962583 %)
-> Saved file: /media/rafael/DATA/Dropbox/20220924_FIML_solver/data/output/field_inversion/Beta_k__1__Beta_e__1/u_imp_1/FI_run_gasLike_u_imp_1_k_imp_1_e_imp_1/FI_run_gasLike_u_imp_1_k_imp_1_e_imp_1_state_iter_2500.dat
iter:   2600 (Jcost: 7.715226e-03) (lr = 2.394e-01) (elapsed time: 2933.395) (secs/iter:  1.284) (n_accepted: 79%) (u_error:  1.412839 %) (beta_change:  4.011842 %) (delta_change:  0.307974 %) (delta_peak/R:  0.961726 %)
iter:   2700 (Jcost: 7.693454e-03) (lr = 2.055e-01) (elapsed time: 3049.639) (secs/iter:  1.162) (n_accepted: 79%) (u_error:  1.411516 %) (beta_change:  4.432236 %) (delta_change:  0.308835 %) (delta_peak/R:  0.960833 %)
iter:   2800 (Jcost: 7.673002e-03) (lr = 1.764e-01) (elapsed time: 3157.980) (secs/iter:  1.083) (n_accepted: 79%) (u_error:  1.404859 %) (beta_change:  4.843118 %) (delta_change:  0.307869 %) (delta_peak/R:  0.961818 %)
iter:   2900 (Jcost: 7.653975e-03) (lr = 8.720e-01) (elapsed time: 3272.927) (secs/iter:  1.149) (n_accepted: 81%) (u_error:  1.407887 %) (beta_change:  5.224796 %) (delta_change:  0.310091 %) (delta_peak/R:  0.959530 %)
iter:   3000 (Jcost: 7.635392e-03) (lr = 7.485e-01) (elapsed time: 3394.998) (secs/iter:  1.221) (n_accepted: 79%) (u_error:  1.405031 %) (beta_change:  5.610675 %) (delta_change:  0.310345 %) (delta_peak/R:  0.959265 %)
-> Saved file: /media/rafael/DATA/Dropbox/20220924_FIML_solver/data/output/field_inversion/Beta_k__1__Beta_e__1/u_imp_1/FI_run_gasLike_u_imp_1_k_imp_1_e_imp_1/FI_run_gasLike_u_imp_1_k_imp_1_e_imp_1_state_iter_3000.dat
iter:   3100 (Jcost: 7.617457e-03) (lr = 6.426e-01) (elapsed time: 3518.909) (secs/iter:  1.239) (n_accepted: 79%) (u_error:  1.404860 %) (beta_change:  5.991624 %) (delta_change:  0.311510 %) (delta_peak/R:  0.958078 %)
iter:   3200 (Jcost: 7.601968e-03) (lr = 5.516e-01) (elapsed time: 3637.690) (secs/iter:  1.188) (n_accepted: 79%) (u_error:  1.402051 %) (beta_change:  6.326506 %) (delta_change:  0.311635 %) (delta_peak/R:  0.957954 %)
iter:   3300 (Jcost: 7.586346e-03) (lr = 1.973e-01) (elapsed time: 3755.576) (secs/iter:  1.179) (n_accepted: 78%) (u_error:  1.404651 %) (beta_change:  6.675905 %) (delta_change:  0.313688 %) (delta_peak/R:  0.955901 %)
iter:   3400 (Jcost: 7.570209e-03) (lr = 4.064e-01) (elapsed time: 3868.284) (secs/iter:  1.127) (n_accepted: 80%) (u_error:  1.402160 %) (beta_change:  7.036596 %) (delta_change:  0.314016 %) (delta_peak/R:  0.955572 %)
iter:   3500 (Jcost: 7.557278e-03) (lr = 1.454e-01) (elapsed time: 3986.967) (secs/iter:  1.187) (n_accepted: 78%) (u_error:  1.393607 %) (beta_change:  7.334607 %) (delta_change:  0.312042 %) (delta_peak/R:  0.957547 %)
-> Saved file: /media/rafael/DATA/Dropbox/20220924_FIML_solver/data/output/field_inversion/Beta_k__1__Beta_e__1/u_imp_1/FI_run_gasLike_u_imp_1_k_imp_1_e_imp_1/FI_run_gasLike_u_imp_1_k_imp_1_e_imp_1_state_iter_3500.dat
iter:   3600 (Jcost: 7.542861e-03) (lr = 7.187e-01) (elapsed time: 4105.430) (secs/iter:  1.185) (n_accepted: 81%) (u_error:  1.398448 %) (beta_change:  7.665602 %) (delta_change:  0.314821 %) (delta_peak/R:  0.954767 %)
iter:   3700 (Jcost: 7.530605e-03) (lr = 1.071e-01) (elapsed time: 4204.622) (secs/iter:  0.992) (n_accepted: 77%) (u_error:  1.394440 %) (beta_change:  7.954760 %) (delta_change:  0.314395 %) (delta_peak/R:  0.955193 %)
iter:   3800 (Jcost: 7.518242e-03) (lr = 2.207e-01) (elapsed time: 4318.213) (secs/iter:  1.136) (n_accepted: 80%) (u_error:  1.393794 %) (beta_change:  8.254703 %) (delta_change:  0.315164 %) (delta_peak/R:  0.954425 %)
iter:   3900 (Jcost: 7.506025e-03) (lr = 4.546e-01) (elapsed time: 4434.511) (secs/iter:  1.163) (n_accepted: 80%) (u_error:  1.393218 %) (beta_change:  8.556050 %) (delta_change:  0.315963 %) (delta_peak/R:  0.953626 %)
iter:   4000 (Jcost: 7.494529e-03) (lr = 3.902e-01) (elapsed time: 4549.158) (secs/iter:  1.146) (n_accepted: 79%) (u_error:  1.394851 %) (beta_change:  8.847644 %) (delta_change:  0.317496 %) (delta_peak/R:  0.952093 %)
-> Saved file: /media/rafael/DATA/Dropbox/20220924_FIML_solver/data/output/field_inversion/Beta_k__1__Beta_e__1/u_imp_1/FI_run_gasLike_u_imp_1_k_imp_1_e_imp_1/FI_run_gasLike_u_imp_1_k_imp_1_e_imp_1_state_iter_4000.dat
iter:   4100 (Jcost: 7.484136e-03) (lr = 3.350e-01) (elapsed time: 4665.796) (secs/iter:  1.166) (n_accepted: 79%) (u_error:  1.390981 %) (beta_change:  9.107716 %) (delta_change:  0.317021 %) (delta_peak/R:  0.952568 %)
iter:   4200 (Jcost: 7.473678e-03) (lr = 2.875e-01) (elapsed time: 4743.715) (secs/iter:  0.779) (n_accepted: 79%) (u_error:  1.387676 %) (beta_change:  9.377769 %) (delta_change:  0.316777 %) (delta_peak/R:  0.952812 %)
iter:   4300 (Jcost: 7.463475e-03) (lr = 2.468e-01) (elapsed time: 4849.456) (secs/iter:  1.057) (n_accepted: 79%) (u_error:  1.388468 %) (beta_change:  9.642675 %) (delta_change:  0.317934 %) (delta_peak/R:  0.951654 %)
iter:   4400 (Jcost: 7.453063e-03) (lr = 1.220e+00) (elapsed time: 4958.262) (secs/iter:  1.088) (n_accepted: 81%) (u_error:  1.390242 %) (beta_change:  9.920756 %) (delta_change:  0.319477 %) (delta_peak/R:  0.950111 %)
iter:   4500 (Jcost: 7.444003e-03) (lr = 4.365e-01) (elapsed time: 5072.306) (secs/iter:  1.140) (n_accepted: 78%) (u_error:  1.386665 %) (beta_change: 10.159895 %) (delta_change:  0.319041 %) (delta_peak/R:  0.950548 %)
-> Saved file: /media/rafael/DATA/Dropbox/20220924_FIML_solver/data/output/field_inversion/Beta_k__1__Beta_e__1/u_imp_1/FI_run_gasLike_u_imp_1_k_imp_1_e_imp_1/FI_run_gasLike_u_imp_1_k_imp_1_e_imp_1_state_iter_4500.dat
iter:   4600 (Jcost: 7.435187e-03) (lr = 1.561e-01) (elapsed time: 5193.147) (secs/iter:  1.208) (n_accepted: 78%) (u_error:  1.386349 %) (beta_change: 10.398797 %) (delta_change:  0.319731 %) (delta_peak/R:  0.949858 %)
iter:   4700 (Jcost: 7.426874e-03) (lr = 1.340e-01) (elapsed time: 5321.045) (secs/iter:  1.279) (n_accepted: 79%) (u_error:  1.385558 %) (beta_change: 10.629787 %) (delta_change:  0.320221 %) (delta_peak/R:  0.949368 %)
iter:   4800 (Jcost: 7.418320e-03) (lr = 2.761e-01) (elapsed time: 5437.011) (secs/iter:  1.160) (n_accepted: 80%) (u_error:  1.383899 %) (beta_change: 10.869914 %) (delta_change:  0.320440 %) (delta_peak/R:  0.949148 %)
iter:   4900 (Jcost: 7.410105e-03) (lr = 2.370e-01) (elapsed time: 5546.825) (secs/iter:  1.098) (n_accepted: 79%) (u_error:  1.382891 %) (beta_change: 11.103463 %) (delta_change:  0.320864 %) (delta_peak/R:  0.948724 %)
iter:   5000 (Jcost: 7.402347e-03) (lr = 2.034e-01) (elapsed time: 5658.855) (secs/iter:  1.120) (n_accepted: 79%) (u_error:  1.385112 %) (beta_change: 11.329701 %) (delta_change:  0.322380 %) (delta_peak/R:  0.947208 %)
-> Saved file: /media/rafael/DATA/Dropbox/20220924_FIML_solver/data/output/field_inversion/Beta_k__1__Beta_e__1/u_imp_1/FI_run_gasLike_u_imp_1_k_imp_1_e_imp_1/FI_run_gasLike_u_imp_1_k_imp_1_e_imp_1_state_iter_5000.dat
iter:   5100 (Jcost: 7.394659e-03) (lr = 4.191e-01) (elapsed time: 5775.586) (secs/iter:  1.167) (n_accepted: 80%) (u_error:  1.383404 %) (beta_change: 11.551100 %) (delta_change:  0.322523 %) (delta_peak/R:  0.947066 %)
iter:   5200 (Jcost: 7.387786e-03) (lr = 3.598e-01) (elapsed time: 5890.728) (secs/iter:  1.151) (n_accepted: 79%) (u_error:  1.382108 %) (beta_change: 11.751805 %) (delta_change:  0.322740 %) (delta_peak/R:  0.946849 %)
iter:   5300 (Jcost: 7.380247e-03) (lr = 1.287e-01) (elapsed time: 6002.122) (secs/iter:  1.114) (n_accepted: 78%) (u_error:  1.381081 %) (beta_change: 11.974648 %) (delta_change:  0.323124 %) (delta_peak/R:  0.946465 %)
iter:   5400 (Jcost: 7.374014e-03) (lr = 1.105e-01) (elapsed time: 6114.545) (secs/iter:  1.124) (n_accepted: 79%) (u_error:  1.379188 %) (beta_change: 12.160326 %) (delta_change:  0.323086 %) (delta_peak/R:  0.946502 %)
iter:   5500 (Jcost: 7.367433e-03) (lr = 5.461e-01) (elapsed time: 6221.743) (secs/iter:  1.072) (n_accepted: 81%) (u_error:  1.378758 %) (beta_change: 12.358549 %) (delta_change:  0.323595 %) (delta_peak/R:  0.945993 %)
-> Saved file: /media/rafael/DATA/Dropbox/20220924_FIML_solver/data/output/field_inversion/Beta_k__1__Beta_e__1/u_imp_1/FI_run_gasLike_u_imp_1_k_imp_1_e_imp_1/FI_run_gasLike_u_imp_1_k_imp_1_e_imp_1_state_iter_5500.dat
iter:   5600 (Jcost: 7.360738e-03) (lr = 8.139e-02) (elapsed time: 6340.256) (secs/iter:  1.185) (n_accepted: 77%) (u_error:  1.378103 %) (beta_change: 12.565387 %) (delta_change:  0.324045 %) (delta_peak/R:  0.945543 %)
iter:   5700 (Jcost: 7.354551e-03) (lr = 1.677e-01) (elapsed time: 6454.717) (secs/iter:  1.145) (n_accepted: 80%) (u_error:  1.377072 %) (beta_change: 12.758294 %) (delta_change:  0.324320 %) (delta_peak/R:  0.945269 %)
iter:   5800 (Jcost: 7.348277e-03) (lr = 1.439e-01) (elapsed time: 6564.606) (secs/iter:  1.099) (n_accepted: 79%) (u_error:  1.376944 %) (beta_change: 12.955576 %) (delta_change:  0.324920 %) (delta_peak/R:  0.944668 %)
iter:   5900 (Jcost: 7.341895e-03) (lr = 5.148e-02) (elapsed time: 6674.838) (secs/iter:  1.102) (n_accepted: 78%) (u_error:  1.376972 %) (beta_change: 13.158357 %) (delta_change:  0.325593 %) (delta_peak/R:  0.943996 %)
iter:   6000 (Jcost: 7.336252e-03) (lr = 1.060e-01) (elapsed time: 6785.152) (secs/iter:  1.103) (n_accepted: 80%) (u_error:  1.375143 %) (beta_change: 13.338638 %) (delta_change:  0.325551 %) (delta_peak/R:  0.944038 %)
-> Saved file: /media/rafael/DATA/Dropbox/20220924_FIML_solver/data/output/field_inversion/Beta_k__1__Beta_e__1/u_imp_1/FI_run_gasLike_u_imp_1_k_imp_1_e_imp_1/FI_run_gasLike_u_imp_1_k_imp_1_e_imp_1_state_iter_6000.dat
iter:   6100 (Jcost: 7.330448e-03) (lr = 2.185e-01) (elapsed time: 6900.336) (secs/iter:  1.152) (n_accepted: 80%) (u_error:  1.374924 %) (beta_change: 13.525721 %) (delta_change:  0.326087 %) (delta_peak/R:  0.943501 %)
iter:   6200 (Jcost: 7.324997e-03) (lr = 1.875e-01) (elapsed time: 6978.974) (secs/iter:  0.786) (n_accepted: 79%) (u_error:  1.373597 %) (beta_change: 13.703140 %) (delta_change:  0.326210 %) (delta_peak/R:  0.943378 %)
iter:   6300 (Jcost: 7.319865e-03) (lr = 9.273e-01) (elapsed time: 7044.418) (secs/iter:  0.654) (n_accepted: 81%) (u_error:  1.373539 %) (beta_change: 13.870783 %) (delta_change:  0.326739 %) (delta_peak/R:  0.942849 %)
iter:   6400 (Jcost: 7.315288e-03) (lr = 7.960e-01) (elapsed time: 7123.877) (secs/iter:  0.795) (n_accepted: 79%) (u_error:  1.373499 %) (beta_change: 14.021448 %) (delta_change:  0.327219 %) (delta_peak/R:  0.942369 %)
iter:   6500 (Jcost: 7.310215e-03) (lr = 6.833e-01) (elapsed time: 7188.971) (secs/iter:  0.651) (n_accepted: 79%) (u_error:  1.372995 %) (beta_change: 14.189554 %) (delta_change:  0.327597 %) (delta_peak/R:  0.941992 %)
-> Saved file: /media/rafael/DATA/Dropbox/20220924_FIML_solver/data/output/field_inversion/Beta_k__1__Beta_e__1/u_imp_1/FI_run_gasLike_u_imp_1_k_imp_1_e_imp_1/FI_run_gasLike_u_imp_1_k_imp_1_e_imp_1_state_iter_6500.dat
iter:   6600 (Jcost: 7.305227e-03) (lr = 1.018e-01) (elapsed time: 7275.943) (secs/iter:  0.870) (n_accepted: 77%) (u_error:  1.372099 %) (beta_change: 14.357555 %) (delta_change:  0.327834 %) (delta_peak/R:  0.941755 %)
iter:   6700 (Jcost: 7.300683e-03) (lr = 2.098e-01) (elapsed time: 7384.228) (secs/iter:  1.083) (n_accepted: 80%) (u_error:  1.370408 %) (beta_change: 14.513383 %) (delta_change:  0.327755 %) (delta_peak/R:  0.941833 %)
iter:   6800 (Jcost: 7.296092e-03) (lr = 1.801e-01) (elapsed time: 7496.440) (secs/iter:  1.122) (n_accepted: 79%) (u_error:  1.369316 %) (beta_change: 14.671781 %) (delta_change:  0.327892 %) (delta_peak/R:  0.941697 %)
iter:   6900 (Jcost: 7.291802e-03) (lr = 3.710e-01) (elapsed time: 7607.994) (secs/iter:  1.116) (n_accepted: 80%) (u_error:  1.370834 %) (beta_change: 14.825692 %) (delta_change:  0.328887 %) (delta_peak/R:  0.940701 %)
iter:   7000 (Jcost: 7.287242e-03) (lr = 1.327e-01) (elapsed time: 7723.045) (secs/iter:  1.151) (n_accepted: 78%) (u_error:  1.374020 %) (beta_change: 14.999403 %) (delta_change:  0.330516 %) (delta_peak/R:  0.939073 %)
-> Saved file: /media/rafael/DATA/Dropbox/20220924_FIML_solver/data/output/field_inversion/Beta_k__1__Beta_e__1/u_imp_1/FI_run_gasLike_u_imp_1_k_imp_1_e_imp_1/FI_run_gasLike_u_imp_1_k_imp_1_e_imp_1_state_iter_7000.dat
iter:   7100 (Jcost: 7.283027e-03) (lr = 6.560e-01) (elapsed time: 7837.908) (secs/iter:  1.149) (n_accepted: 81%) (u_error:  1.371630 %) (beta_change: 15.151262 %) (delta_change:  0.330154 %) (delta_peak/R:  0.939434 %)
iter:   7200 (Jcost: 7.279160e-03) (lr = 5.631e-01) (elapsed time: 7951.850) (secs/iter:  1.139) (n_accepted: 79%) (u_error:  1.369593 %) (beta_change: 15.295126 %) (delta_change:  0.329890 %) (delta_peak/R:  0.939699 %)
iter:   7300 (Jcost: 7.275580e-03) (lr = 4.834e-01) (elapsed time: 8056.562) (secs/iter:  1.047) (n_accepted: 79%) (u_error:  1.369522 %) (beta_change: 15.430067 %) (delta_change:  0.330275 %) (delta_peak/R:  0.939314 %)
iter:   7400 (Jcost: 7.271466e-03) (lr = 7.204e-02) (elapsed time: 8170.165) (secs/iter:  1.136) (n_accepted: 77%) (u_error:  1.369000 %) (beta_change: 15.586411 %) (delta_change:  0.330569 %) (delta_peak/R:  0.939020 %)
iter:   7500 (Jcost: 7.267715e-03) (lr = 6.184e-02) (elapsed time: 8279.997) (secs/iter:  1.098) (n_accepted: 79%) (u_error:  1.368913 %) (beta_change: 15.730003 %) (delta_change:  0.330974 %) (delta_peak/R:  0.938615 %)
-> Saved file: /media/rafael/DATA/Dropbox/20220924_FIML_solver/data/output/field_inversion/Beta_k__1__Beta_e__1/u_imp_1/FI_run_gasLike_u_imp_1_k_imp_1_e_imp_1/FI_run_gasLike_u_imp_1_k_imp_1_e_imp_1_state_iter_7500.dat
iter:   7600 (Jcost: 7.263940e-03) (lr = 3.058e-01) (elapsed time: 8394.128) (secs/iter:  1.141) (n_accepted: 81%) (u_error:  1.369886 %) (beta_change: 15.876817 %) (delta_change:  0.331753 %) (delta_peak/R:  0.937835 %)
iter:   7700 (Jcost: 7.260491e-03) (lr = 2.625e-01) (elapsed time: 8501.072) (secs/iter:  1.069) (n_accepted: 79%) (u_error:  1.368686 %) (beta_change: 16.009738 %) (delta_change:  0.331741 %) (delta_peak/R:  0.937847 %)
iter:   7800 (Jcost: 7.257098e-03) (lr = 2.253e-01) (elapsed time: 8613.983) (secs/iter:  1.129) (n_accepted: 79%) (u_error:  1.367251 %) (beta_change: 16.142213 %) (delta_change:  0.331646 %) (delta_peak/R:  0.937943 %)
iter:   7900 (Jcost: 7.253841e-03) (lr = 4.641e-01) (elapsed time: 8723.309) (secs/iter:  1.093) (n_accepted: 80%) (u_error:  1.367842 %) (beta_change: 16.270387 %) (delta_change:  0.332236 %) (delta_peak/R:  0.937353 %)
iter:   8000 (Jcost: 7.250720e-03) (lr = 1.660e-01) (elapsed time: 8825.647) (secs/iter:  1.023) (n_accepted: 78%) (u_error:  1.365843 %) (beta_change: 16.394590 %) (delta_change:  0.331921 %) (delta_peak/R:  0.937668 %)
-> Saved file: /media/rafael/DATA/Dropbox/20220924_FIML_solver/data/output/field_inversion/Beta_k__1__Beta_e__1/u_imp_1/FI_run_gasLike_u_imp_1_k_imp_1_e_imp_1/FI_run_gasLike_u_imp_1_k_imp_1_e_imp_1_state_iter_8000.dat
iter:   8100 (Jcost: 7.247365e-03) (lr = 8.208e-01) (elapsed time: 8936.445) (secs/iter:  1.108) (n_accepted: 81%) (u_error:  1.368068 %) (beta_change: 16.528490 %) (delta_change:  0.333090 %) (delta_peak/R:  0.936499 %)
iter:   8200 (Jcost: 7.244607e-03) (lr = 2.936e-01) (elapsed time: 9046.668) (secs/iter:  1.102) (n_accepted: 78%) (u_error:  1.366437 %) (beta_change: 16.638007 %) (delta_change:  0.332857 %) (delta_peak/R:  0.936732 %)
iter:   8300 (Jcost: 7.241632e-03) (lr = 2.520e-01) (elapsed time: 9155.680) (secs/iter:  1.090) (n_accepted: 79%) (u_error:  1.366354 %) (beta_change: 16.757950 %) (delta_change:  0.333188 %) (delta_peak/R:  0.936400 %)
iter:   8400 (Jcost: 7.238538e-03) (lr = 5.192e-01) (elapsed time: 9265.629) (secs/iter:  1.099) (n_accepted: 80%) (u_error:  1.365612 %) (beta_change: 16.883413 %) (delta_change:  0.333309 %) (delta_peak/R:  0.936279 %)
iter:   8500 (Jcost: 7.235625e-03) (lr = 4.456e-01) (elapsed time: 9337.847) (secs/iter:  0.722) (n_accepted: 79%) (u_error:  1.365606 %) (beta_change: 17.002211 %) (delta_change:  0.333663 %) (delta_peak/R:  0.935926 %)
-> Saved file: /media/rafael/DATA/Dropbox/20220924_FIML_solver/data/output/field_inversion/Beta_k__1__Beta_e__1/u_imp_1/FI_run_gasLike_u_imp_1_k_imp_1_e_imp_1/FI_run_gasLike_u_imp_1_k_imp_1_e_imp_1_state_iter_8500.dat
iter:   8600 (Jcost: 7.233052e-03) (lr = 3.825e-01) (elapsed time: 9412.662) (secs/iter:  0.748) (n_accepted: 79%) (u_error:  1.365304 %) (beta_change: 17.107704 %) (delta_change:  0.333875 %) (delta_peak/R:  0.935714 %)
iter:   8700 (Jcost: 7.229964e-03) (lr = 3.284e-01) (elapsed time: 9521.036) (secs/iter:  1.084) (n_accepted: 79%) (u_error:  1.366477 %) (beta_change: 17.236327 %) (delta_change:  0.334664 %) (delta_peak/R:  0.934925 %)
iter:   8800 (Jcost: 7.227211e-03) (lr = 2.819e-01) (elapsed time: 9626.419) (secs/iter:  1.054) (n_accepted: 79%) (u_error:  1.364979 %) (beta_change: 17.349289 %) (delta_change:  0.334486 %) (delta_peak/R:  0.935103 %)
iter:   8900 (Jcost: 7.224651e-03) (lr = 1.008e-01) (elapsed time: 9733.789) (secs/iter:  1.074) (n_accepted: 78%) (u_error:  1.362072 %) (beta_change: 17.459269 %) (delta_change:  0.333814 %) (delta_peak/R:  0.935775 %)
iter:   9000 (Jcost: 7.222093e-03) (lr = 4.985e-01) (elapsed time: 9837.250) (secs/iter:  1.035) (n_accepted: 81%) (u_error:  1.364249 %) (beta_change: 17.563203 %) (delta_change:  0.334874 %) (delta_peak/R:  0.934715 %)
-> Saved file: /media/rafael/DATA/Dropbox/20220924_FIML_solver/data/output/field_inversion/Beta_k__1__Beta_e__1/u_imp_1/FI_run_gasLike_u_imp_1_k_imp_1_e_imp_1/FI_run_gasLike_u_imp_1_k_imp_1_e_imp_1_state_iter_9000.dat
iter:   9100 (Jcost: 7.219520e-03) (lr = 1.783e-01) (elapsed time: 9951.555) (secs/iter:  1.143) (n_accepted: 78%) (u_error:  1.363827 %) (beta_change: 17.671608 %) (delta_change:  0.335052 %) (delta_peak/R:  0.934536 %)
iter:   9200 (Jcost: 7.216790e-03) (lr = 8.815e-01) (elapsed time: 10063.422) (secs/iter:  1.119) (n_accepted: 81%) (u_error:  1.363178 %) (beta_change: 17.787347 %) (delta_change:  0.335175 %) (delta_peak/R:  0.934414 %)
iter:   9300 (Jcost: 7.214248e-03) (lr = 7.567e-01) (elapsed time: 10174.955) (secs/iter:  1.115) (n_accepted: 79%) (u_error:  1.365035 %) (beta_change: 17.896944 %) (delta_change:  0.336141 %) (delta_peak/R:  0.933447 %)
iter:   9400 (Jcost: 7.212044e-03) (lr = 1.128e-01) (elapsed time: 10312.387) (secs/iter:  1.374) (n_accepted: 77%) (u_error:  1.362519 %) (beta_change: 17.989958 %) (delta_change:  0.335553 %) (delta_peak/R:  0.934036 %)
iter:   9500 (Jcost: 7.209581e-03) (lr = 5.576e-01) (elapsed time: 10445.721) (secs/iter:  1.333) (n_accepted: 81%) (u_error:  1.364915 %) (beta_change: 18.097769 %) (delta_change:  0.336699 %) (delta_peak/R:  0.932889 %)
-> Saved file: /media/rafael/DATA/Dropbox/20220924_FIML_solver/data/output/field_inversion/Beta_k__1__Beta_e__1/u_imp_1/FI_run_gasLike_u_imp_1_k_imp_1_e_imp_1/FI_run_gasLike_u_imp_1_k_imp_1_e_imp_1_state_iter_9500.dat
iter:   9600 (Jcost: 7.207209e-03) (lr = 4.786e-01) (elapsed time: 10592.792) (secs/iter:  1.471) (n_accepted: 79%) (u_error:  1.362952 %) (beta_change: 18.197954 %) (delta_change:  0.336322 %) (delta_peak/R:  0.933266 %)
iter:   9700 (Jcost: 7.205127e-03) (lr = 7.133e-02) (elapsed time: 10735.844) (secs/iter:  1.431) (n_accepted: 77%) (u_error:  1.361036 %) (beta_change: 18.289560 %) (delta_change:  0.335937 %) (delta_peak/R:  0.933652 %)
iter:   9800 (Jcost: 7.202804e-03) (lr = 8.464e-01) (elapsed time: 10869.214) (secs/iter:  1.334) (n_accepted: 82%) (u_error:  1.362078 %) (beta_change: 18.389473 %) (delta_change:  0.336594 %) (delta_peak/R:  0.932995 %)
iter:   9900 (Jcost: 7.200684e-03) (lr = 1.261e-01) (elapsed time: 11012.276) (secs/iter:  1.431) (n_accepted: 77%) (u_error:  1.361266 %) (beta_change: 18.482660 %) (delta_change:  0.336593 %) (delta_peak/R:  0.932996 %)
iter:  10000 (Jcost: 7.198579e-03) (lr = 2.599e-01) (elapsed time: 11132.644) (secs/iter:  1.204) (n_accepted: 80%) (u_error:  1.361813 %) (beta_change: 18.574772 %) (delta_change:  0.337056 %) (delta_peak/R:  0.932533 %)
-> Saved file: /media/rafael/DATA/Dropbox/20220924_FIML_solver/data/output/field_inversion/Beta_k__1__Beta_e__1/u_imp_1/FI_run_gasLike_u_imp_1_k_imp_1_e_imp_1/FI_run_gasLike_u_imp_1_k_imp_1_e_imp_1_state_iter_10000.dat
iter:  10100 (Jcost: 7.196512e-03) (lr = 2.231e-01) (elapsed time: 11279.919) (secs/iter:  1.473) (n_accepted: 79%) (u_error:  1.362732 %) (beta_change: 18.666677 %) (delta_change:  0.337647 %) (delta_peak/R:  0.931942 %)
iter:  10200 (Jcost: 7.194643e-03) (lr = 4.595e-01) (elapsed time: 11425.797) (secs/iter:  1.459) (n_accepted: 80%) (u_error:  1.361447 %) (beta_change: 18.748776 %) (delta_change:  0.337450 %) (delta_peak/R:  0.932139 %)
iter:  10300 (Jcost: 7.192436e-03) (lr = 3.945e-01) (elapsed time: 11574.904) (secs/iter:  1.491) (n_accepted: 79%) (u_error:  1.361298 %) (beta_change: 18.846982 %) (delta_change:  0.337692 %) (delta_peak/R:  0.931896 %)
iter:  10400 (Jcost: 7.190519e-03) (lr = 3.386e-01) (elapsed time: 11716.597) (secs/iter:  1.417) (n_accepted: 79%) (u_error:  1.361142 %) (beta_change: 18.932669 %) (delta_change:  0.337895 %) (delta_peak/R:  0.931694 %)
iter:  10500 (Jcost: 7.188580e-03) (lr = 2.907e-01) (elapsed time: 11864.404) (secs/iter:  1.478) (n_accepted: 79%) (u_error:  1.359844 %) (beta_change: 19.020300 %) (delta_change:  0.337711 %) (delta_peak/R:  0.931878 %)
-> Saved file: /media/rafael/DATA/Dropbox/20220924_FIML_solver/data/output/field_inversion/Beta_k__1__Beta_e__1/u_imp_1/FI_run_gasLike_u_imp_1_k_imp_1_e_imp_1/FI_run_gasLike_u_imp_1_k_imp_1_e_imp_1_state_iter_10500.dat
iter:  10600 (Jcost: 7.186735e-03) (lr = 5.988e-01) (elapsed time: 12013.403) (secs/iter:  1.490) (n_accepted: 80%) (u_error:  1.359675 %) (beta_change: 19.103371 %) (delta_change:  0.337901 %) (delta_peak/R:  0.931687 %)
iter:  10700 (Jcost: 7.184832e-03) (lr = 5.140e-01) (elapsed time: 12149.319) (secs/iter:  1.359) (n_accepted: 79%) (u_error:  1.359926 %) (beta_change: 19.188957 %) (delta_change:  0.338244 %) (delta_peak/R:  0.931344 %)
iter:  10800 (Jcost: 7.183081e-03) (lr = 1.838e-01) (elapsed time: 12287.710) (secs/iter:  1.384) (n_accepted: 78%) (u_error:  1.360386 %) (beta_change: 19.268196 %) (delta_change:  0.338640 %) (delta_peak/R:  0.930949 %)
iter:  10900 (Jcost: 7.181135e-03) (lr = 6.576e-02) (elapsed time: 12432.691) (secs/iter:  1.450) (n_accepted: 78%) (u_error:  1.359303 %) (beta_change: 19.357247 %) (delta_change:  0.338535 %) (delta_peak/R:  0.931054 %)
iter:  11000 (Jcost: 7.179427e-03) (lr = 7.803e-01) (elapsed time: 12569.595) (secs/iter:  1.369) (n_accepted: 82%) (u_error:  1.359891 %) (beta_change: 19.434863 %) (delta_change:  0.338970 %) (delta_peak/R:  0.930618 %)
-> Saved file: /media/rafael/DATA/Dropbox/20220924_FIML_solver/data/output/field_inversion/Beta_k__1__Beta_e__1/u_imp_1/FI_run_gasLike_u_imp_1_k_imp_1_e_imp_1/FI_run_gasLike_u_imp_1_k_imp_1_e_imp_1_state_iter_11000.dat
iter:  11100 (Jcost: 7.177743e-03) (lr = 6.698e-01) (elapsed time: 12678.291) (secs/iter:  1.087) (n_accepted: 79%) (u_error:  1.360845 %) (beta_change: 19.512803 %) (delta_change:  0.339533 %) (delta_peak/R:  0.930056 %)
iter:  11200 (Jcost: 7.176083e-03) (lr = 9.982e-02) (elapsed time: 12787.738) (secs/iter:  1.094) (n_accepted: 77%) (u_error:  1.358202 %) (beta_change: 19.589846 %) (delta_change:  0.338856 %) (delta_peak/R:  0.930733 %)
iter:  11300 (Jcost: 7.174606e-03) (lr = 2.056e-01) (elapsed time: 12897.005) (secs/iter:  1.093) (n_accepted: 80%) (u_error:  1.359528 %) (beta_change: 19.656730 %) (delta_change:  0.339513 %) (delta_peak/R:  0.930075 %)
iter:  11400 (Jcost: 7.172855e-03) (lr = 1.765e-01) (elapsed time: 13002.587) (secs/iter:  1.056) (n_accepted: 79%) (u_error:  1.359719 %) (beta_change: 19.737936 %) (delta_change:  0.339823 %) (delta_peak/R:  0.929765 %)
iter:  11500 (Jcost: 7.171294e-03) (lr = 3.637e-01) (elapsed time: 13112.274) (secs/iter:  1.097) (n_accepted: 80%) (u_error:  1.359313 %) (beta_change: 19.810432 %) (delta_change:  0.339903 %) (delta_peak/R:  0.929686 %)
-> Saved file: /media/rafael/DATA/Dropbox/20220924_FIML_solver/data/output/field_inversion/Beta_k__1__Beta_e__1/u_imp_1/FI_run_gasLike_u_imp_1_k_imp_1_e_imp_1/FI_run_gasLike_u_imp_1_k_imp_1_e_imp_1_state_iter_11500.dat
iter:  11600 (Jcost: 7.169792e-03) (lr = 1.301e-01) (elapsed time: 13221.736) (secs/iter:  1.095) (n_accepted: 78%) (u_error:  1.360022 %) (beta_change: 19.881119 %) (delta_change:  0.340360 %) (delta_peak/R:  0.929228 %)
iter:  11700 (Jcost: 7.168260e-03) (lr = 2.680e-01) (elapsed time: 13327.628) (secs/iter:  1.059) (n_accepted: 80%) (u_error:  1.359351 %) (beta_change: 19.952278 %) (delta_change:  0.340345 %) (delta_peak/R:  0.929244 %)
iter:  11800 (Jcost: 7.166730e-03) (lr = 5.521e-01) (elapsed time: 13412.932) (secs/iter:  0.853) (n_accepted: 80%) (u_error:  1.358874 %) (beta_change: 20.023951 %) (delta_change:  0.340398 %) (delta_peak/R:  0.929191 %)
iter:  11900 (Jcost: 7.165296e-03) (lr = 1.137e+00) (elapsed time: 13517.963) (secs/iter:  1.050) (n_accepted: 80%) (u_error:  1.360377 %) (beta_change: 20.093560 %) (delta_change:  0.341126 %) (delta_peak/R:  0.928463 %)
iter:  12000 (Jcost: 7.163732e-03) (lr = 4.068e-01) (elapsed time: 13631.588) (secs/iter:  1.136) (n_accepted: 78%) (u_error:  1.358240 %) (beta_change: 20.165283 %) (delta_change:  0.340609 %) (delta_peak/R:  0.928980 %)
-> Saved file: /media/rafael/DATA/Dropbox/20220924_FIML_solver/data/output/field_inversion/Beta_k__1__Beta_e__1/u_imp_1/FI_run_gasLike_u_imp_1_k_imp_1_e_imp_1/FI_run_gasLike_u_imp_1_k_imp_1_e_imp_1_state_iter_12000.dat
iter:  12100 (Jcost: 7.162255e-03) (lr = 8.380e-01) (elapsed time: 13734.793) (secs/iter:  1.032) (n_accepted: 80%) (u_error:  1.358468 %) (beta_change: 20.235248 %) (delta_change:  0.340900 %) (delta_peak/R:  0.928688 %)
iter:  12200 (Jcost: 7.160871e-03) (lr = 1.249e-01) (elapsed time: 13815.149) (secs/iter:  0.804) (n_accepted: 77%) (u_error:  1.358048 %) (beta_change: 20.300969 %) (delta_change:  0.340956 %) (delta_peak/R:  0.928633 %)
iter:  12300 (Jcost: 7.159540e-03) (lr = 6.175e-01) (elapsed time: 13899.927) (secs/iter:  0.848) (n_accepted: 81%) (u_error:  1.358104 %) (beta_change: 20.364361 %) (delta_change:  0.341169 %) (delta_peak/R:  0.928420 %)
iter:  12400 (Jcost: 7.158309e-03) (lr = 2.209e-01) (elapsed time: 14012.182) (secs/iter:  1.123) (n_accepted: 78%) (u_error:  1.357827 %) (beta_change: 20.423153 %) (delta_change:  0.341253 %) (delta_peak/R:  0.928336 %)
iter:  12500 (Jcost: 7.156862e-03) (lr = 1.896e-01) (elapsed time: 14110.035) (secs/iter:  0.979) (n_accepted: 79%) (u_error:  1.357740 %) (beta_change: 20.492481 %) (delta_change:  0.341435 %) (delta_peak/R:  0.928153 %)
-> Saved file: /media/rafael/DATA/Dropbox/20220924_FIML_solver/data/output/field_inversion/Beta_k__1__Beta_e__1/u_imp_1/FI_run_gasLike_u_imp_1_k_imp_1_e_imp_1/FI_run_gasLike_u_imp_1_k_imp_1_e_imp_1_state_iter_12500.dat
iter:  12600 (Jcost: 7.155464e-03) (lr = 6.781e-02) (elapsed time: 14226.242) (secs/iter:  1.162) (n_accepted: 78%) (u_error:  1.357514 %) (beta_change: 20.559618 %) (delta_change:  0.341563 %) (delta_peak/R:  0.928025 %)
iter:  12700 (Jcost: 7.154186e-03) (lr = 1.397e-01) (elapsed time: 14334.168) (secs/iter:  1.079) (n_accepted: 80%) (u_error:  1.355893 %) (beta_change: 20.622845 %) (delta_change:  0.341200 %) (delta_peak/R:  0.928388 %)
iter:  12800 (Jcost: 7.152984e-03) (lr = 6.907e-01) (elapsed time: 14439.487) (secs/iter:  1.053) (n_accepted: 81%) (u_error:  1.357341 %) (beta_change: 20.679247 %) (delta_change:  0.341871 %) (delta_peak/R:  0.927717 %)
iter:  12900 (Jcost: 7.151737e-03) (lr = 2.470e-01) (elapsed time: 14553.447) (secs/iter:  1.140) (n_accepted: 78%) (u_error:  1.357087 %) (beta_change: 20.739631 %) (delta_change:  0.341970 %) (delta_peak/R:  0.927619 %)
iter:  13000 (Jcost: 7.150560e-03) (lr = 8.836e-02) (elapsed time: 14664.400) (secs/iter:  1.110) (n_accepted: 78%) (u_error:  1.357200 %) (beta_change: 20.796760 %) (delta_change:  0.342185 %) (delta_peak/R:  0.927403 %)
-> Saved file: /media/rafael/DATA/Dropbox/20220924_FIML_solver/data/output/field_inversion/Beta_k__1__Beta_e__1/u_imp_1/FI_run_gasLike_u_imp_1_k_imp_1_e_imp_1/FI_run_gasLike_u_imp_1_k_imp_1_e_imp_1_state_iter_13000.dat
iter:  13100 (Jcost: 7.149405e-03) (lr = 1.820e-01) (elapsed time: 14774.193) (secs/iter:  1.098) (n_accepted: 80%) (u_error:  1.356242 %) (beta_change: 20.853293 %) (delta_change:  0.342031 %) (delta_peak/R:  0.927558 %)
iter:  13200 (Jcost: 7.148263e-03) (lr = 1.563e-01) (elapsed time: 14883.736) (secs/iter:  1.095) (n_accepted: 79%) (u_error:  1.356637 %) (beta_change: 20.908644 %) (delta_change:  0.342338 %) (delta_peak/R:  0.927251 %)
iter:  13300 (Jcost: 7.147175e-03) (lr = 7.726e-01) (elapsed time: 14988.338) (secs/iter:  1.046) (n_accepted: 81%) (u_error:  1.356826 %) (beta_change: 20.963696 %) (delta_change:  0.342568 %) (delta_peak/R:  0.927021 %)
iter:  13400 (Jcost: 7.146107e-03) (lr = 2.763e-01) (elapsed time: 15058.331) (secs/iter:  0.700) (n_accepted: 78%) (u_error:  1.356665 %) (beta_change: 21.050217 %) (delta_change:  0.342675 %) (delta_peak/R:  0.926914 %)
iter:  13500 (Jcost: 7.144909e-03) (lr = 9.883e-02) (elapsed time: 15133.808) (secs/iter:  0.755) (n_accepted: 78%) (u_error:  1.356714 %) (beta_change: 21.147953 %) (delta_change:  0.342875 %) (delta_peak/R:  0.926714 %)
-> Saved file: /media/rafael/DATA/Dropbox/20220924_FIML_solver/data/output/field_inversion/Beta_k__1__Beta_e__1/u_imp_1/FI_run_gasLike_u_imp_1_k_imp_1_e_imp_1/FI_run_gasLike_u_imp_1_k_imp_1_e_imp_1_state_iter_13500.dat
iter:  13600 (Jcost: 7.143884e-03) (lr = 8.484e-02) (elapsed time: 15233.313) (secs/iter:  0.995) (n_accepted: 79%) (u_error:  1.356408 %) (beta_change: 21.231980 %) (delta_change:  0.342927 %) (delta_peak/R:  0.926662 %)
iter:  13700 (Jcost: 7.142797e-03) (lr = 4.195e-01) (elapsed time: 15333.911) (secs/iter:  1.006) (n_accepted: 81%) (u_error:  1.356277 %) (beta_change: 21.321704 %) (delta_change:  0.343050 %) (delta_peak/R:  0.926539 %)
iter:  13800 (Jcost: 7.141775e-03) (lr = 3.601e-01) (elapsed time: 15441.731) (secs/iter:  1.078) (n_accepted: 79%) (u_error:  1.356305 %) (beta_change: 21.406554 %) (delta_change:  0.343218 %) (delta_peak/R:  0.926371 %)
iter:  13900 (Jcost: 7.140677e-03) (lr = 7.418e-01) (elapsed time: 15549.374) (secs/iter:  1.076) (n_accepted: 80%) (u_error:  1.356385 %) (beta_change: 21.498308 %) (delta_change:  0.343416 %) (delta_peak/R:  0.926173 %)
iter:  14000 (Jcost: 7.139644e-03) (lr = 2.653e-01) (elapsed time: 15623.397) (secs/iter:  0.740) (n_accepted: 78%) (u_error:  1.354461 %) (beta_change: 21.587818 %) (delta_change:  0.342921 %) (delta_peak/R:  0.926667 %)
-> Saved file: /media/rafael/DATA/Dropbox/20220924_FIML_solver/data/output/field_inversion/Beta_k__1__Beta_e__1/u_imp_1/FI_run_gasLike_u_imp_1_k_imp_1_e_imp_1/FI_run_gasLike_u_imp_1_k_imp_1_e_imp_1_state_iter_14000.dat
iter:  14100 (Jcost: 7.138539e-03) (lr = 2.277e-01) (elapsed time: 15696.361) (secs/iter:  0.730) (n_accepted: 79%) (u_error:  1.356177 %) (beta_change: 21.678650 %) (delta_change:  0.343679 %) (delta_peak/R:  0.925909 %)
iter:  14200 (Jcost: 7.137505e-03) (lr = 1.126e+00) (elapsed time: 15783.892) (secs/iter:  0.875) (n_accepted: 81%) (u_error:  1.357147 %) (beta_change: 21.768759 %) (delta_change:  0.344179 %) (delta_peak/R:  0.925409 %)
iter:  14300 (Jcost: 7.136539e-03) (lr = 9.666e-01) (elapsed time: 15875.554) (secs/iter:  0.917) (n_accepted: 79%) (u_error:  1.355763 %) (beta_change: 21.849212 %) (delta_change:  0.343852 %) (delta_peak/R:  0.925736 %)
iter:  14400 (Jcost: 7.135594e-03) (lr = 1.441e-01) (elapsed time: 15985.388) (secs/iter:  1.098) (n_accepted: 77%) (u_error:  1.356244 %) (beta_change: 21.931136 %) (delta_change:  0.344169 %) (delta_peak/R:  0.925420 %)
iter:  14500 (Jcost: 7.134714e-03) (lr = 1.237e-01) (elapsed time: 16094.040) (secs/iter:  1.087) (n_accepted: 79%) (u_error:  1.355565 %) (beta_change: 22.006828 %) (delta_change:  0.344075 %) (delta_peak/R:  0.925514 %)
-> Saved file: /media/rafael/DATA/Dropbox/20220924_FIML_solver/data/output/field_inversion/Beta_k__1__Beta_e__1/u_imp_1/FI_run_gasLike_u_imp_1_k_imp_1_e_imp_1/FI_run_gasLike_u_imp_1_k_imp_1_e_imp_1_state_iter_14500.dat
iter:  14600 (Jcost: 7.133870e-03) (lr = 1.061e-01) (elapsed time: 16191.962) (secs/iter:  0.979) (n_accepted: 79%) (u_error:  1.355419 %) (beta_change: 22.080231 %) (delta_change:  0.344160 %) (delta_peak/R:  0.925429 %)
iter:  14700 (Jcost: 7.132821e-03) (lr = 2.187e-01) (elapsed time: 16271.518) (secs/iter:  0.796) (n_accepted: 80%) (u_error:  1.355196 %) (beta_change: 22.172133 %) (delta_change:  0.344252 %) (delta_peak/R:  0.925336 %)
iter:  14800 (Jcost: 7.131944e-03) (lr = 4.505e-01) (elapsed time: 16380.859) (secs/iter:  1.093) (n_accepted: 80%) (u_error:  1.354840 %) (beta_change: 22.249547 %) (delta_change:  0.344272 %) (delta_peak/R:  0.925317 %)
iter:  14900 (Jcost: 7.131088e-03) (lr = 3.867e-01) (elapsed time: 16491.616) (secs/iter:  1.108) (n_accepted: 79%) (u_error:  1.355265 %) (beta_change: 22.325169 %) (delta_change:  0.344556 %) (delta_peak/R:  0.925032 %)
iter:  15000 (Jcost: 7.130223e-03) (lr = 3.319e-01) (elapsed time: 16596.586) (secs/iter:  1.050) (n_accepted: 79%) (u_error:  1.354957 %) (beta_change: 22.402208 %) (delta_change:  0.344591 %) (delta_peak/R:  0.924997 %)
-> Saved file: /media/rafael/DATA/Dropbox/20220924_FIML_solver/data/output/field_inversion/Beta_k__1__Beta_e__1/u_imp_1/FI_run_gasLike_u_imp_1_k_imp_1_e_imp_1/FI_run_gasLike_u_imp_1_k_imp_1_e_imp_1_state_iter_15000.dat
iter:  15000 (Jcost: 7.130214e-03) (lr = 3.983e-01) (elapsed time: 16602.710) (secs/iter:   None) (n_accepted: 0%) (u_error:  1.355472 %) (beta_change: 22.403270 %) (delta_change:  0.344770 %) (delta_peak/R:  0.924819 %)
