# ------------------------------------------------------------------------
#                  Input Arguments
# ------------------------------------------------------------------------
# Begin_Input_Arguments
{ 'all_b_mode': ['Beta_k'],
  'args_mk_solver': { 'torch': "<module 'torch' from "
                               "'/home/rafael/anaconda3/lib/python3.9/site-packages/torch/__init__.py'>",
                      'y_grid': [0.0, 0.000309700312, 0.000638645973, 0.00098802599, 0.00135910194, 0.00175321227, 0.00217177688, 0.00261630193, 0.00308838486, 0.00358971984, 0.00412210331, 0.00468744001, 0.00528774917, 0.00592517114, 0.00660197432, 0.0073205624, 0.00808348206, 0.00889343092, 0.00975326602, 0.0106660126, 0.0116348733, 0.0126632377, 0.0137546927, 0.0149130326, 0.0161422702, 0.0174466482, 0.0188306506, 0.0202990157, 0.0218567475, 0.02350913, 0.0252617393, 0.0271204584, 0.0290914903, 0.0311813732, 0.033396994, 0.0357456039, 0.0382348325, 0.0408727029, 0.0436676462, 0.0466285159, 0.0497646022, 0.0530856456, 0.0566018496, 0.0603238931, 0.0642629411, 0.068430655, 0.0728392004, 0.0775012535, 0.0824300053, 0.0876391634, 0.0931429507, 0.0989561006, 0.105093849, 0.111571922, 0.118406518, 0.125614286, 0.133212296, 0.141218006, 0.14964922, 0.158524039, 0.167860801, 0.177678022, 0.187994313, 0.1988283, 0.21019853, 0.222123362, 0.234620856, 0.247708641, 0.261403784, 0.275722637, 0.290680679, 0.306292354, 0.322570888, 0.339528108, 0.357174255, 0.375517785, 0.394565175, 0.414320726, 0.43478637, 0.45596148, 0.47784269, 0.500423731, 0.523695275, 0.547644806, 0.572256506, 0.597511177, 0.623386184, 0.649855436, 0.676889401, 0.704455158, 0.73251649, 0.761034018, 0.789965372, 0.819265404, 0.848886442, 0.878778572, 0.908889961, 0.939167201, 0.969555687, 1.0],
                      'Ret': 546.754076,
                      'cp': 1.0,
                      'A_sca_rho': 1.0,
                      'A_sca_mu': 0.0018289758483666062,
                      'A_sca_k': 0.0018289758483666062,
                      'b_exp_rho': 0.0,
                      'b_exp_mu': 0.0,
                      'b_exp_k': 0.0,
                      'tensor_device': 'cpu',
                      'as_tensor': '<function '
                                   'Build_arguments_fi_run._mk_args_MK_solver.<locals>.<lambda> '
                                   'at 0x7fbd5f5b68b0>',
                      'ref_dns': { 'u_dns': [0.0, 0.169270548, 0.349074365, 0.539897335, 0.742461172, 0.957466839, 1.18546375, 1.42743681, 1.68343468, 1.9550404, 2.24137412, 2.54493252, 2.86319957, 3.19997571, 3.55056436, 3.92035197, 4.30159059, 4.70205409, 5.10945592, 5.53608746, 5.96190876, 6.40832488, 6.84178292, 7.29256926, 7.72895167, 8.16910099, 8.60305677, 9.02008447, 9.43974773, 9.83053151, 10.2128905, 10.5887761, 10.9317276, 11.2648498, 11.586647, 11.8860254, 12.167045, 12.4359845, 12.6918454, 12.9335865, 13.1571681, 13.3701321, 13.5727212, 13.7654641, 13.9490903, 14.1244429, 14.2924076, 14.4539058, 14.6098591, 14.7611617, 14.9086427, 15.0530939, 15.1952297, 15.3356405, 15.4745352, 15.6118925, 15.7490378, 15.8863151, 16.0234201, 16.1606097, 16.2987032, 16.4366635, 16.5753071, 16.714355, 16.854058, 16.9942835, 17.135702, 17.2774484, 17.4200237, 17.5632551, 17.7067191, 17.8508994, 17.995569, 18.1405567, 18.2855325, 18.430466, 18.5750964, 18.7194402, 18.8638371, 19.0078064, 19.1507003, 19.2924162, 19.4326678, 19.5710212, 19.7072664, 19.8407782, 19.9711764, 20.0974529, 20.2186199, 20.3343769, 20.4446913, 20.5481844, 20.6441422, 20.730481, 20.8062331, 20.8706749, 20.9218495, 20.9597529, 20.9823422, 20.9901687],
                                   'T_dns': [1.0, 1.0, 1.0, 1.0, 1.0, 1.0, 1.0, 1.0, 1.0, 1.0, 1.0, 1.0, 1.0, 1.0, 1.0, 1.0, 1.0, 1.0, 1.0, 1.0, 1.0, 1.0, 1.0, 1.0, 1.0, 1.0, 1.0, 1.0, 1.0, 1.0, 1.0, 1.0, 1.0, 1.0, 1.0, 1.0, 1.0, 1.0, 1.0, 1.0, 1.0, 1.0, 1.0, 1.0, 1.0, 1.0, 1.0, 1.0, 1.0, 1.0, 1.0, 1.0, 1.0, 1.0, 1.0, 1.0, 1.0, 1.0, 1.0, 1.0, 1.0, 1.0, 1.0, 1.0, 1.0, 1.0, 1.0, 1.0, 1.0, 1.0, 1.0, 1.0, 1.0, 1.0, 1.0, 1.0, 1.0, 1.0, 1.0, 1.0, 1.0, 1.0, 1.0, 1.0, 1.0, 1.0, 1.0, 1.0, 1.0, 1.0, 1.0, 1.0, 1.0, 1.0, 1.0, 1.0, 1.0, 1.0, 1.0, 1.0],
                                   'mu_dns': [0.0018289758483666062, 0.0018289758483666062, 0.0018289758483666062, 0.0018289758483666062, 0.0018289758483666062, 0.0018289758483666062, 0.0018289758483666062, 0.0018289758483666062, 0.0018289758483666062, 0.0018289758483666062, 0.0018289758483666062, 0.0018289758483666062, 0.0018289758483666062, 0.0018289758483666062, 0.0018289758483666062, 0.0018289758483666062, 0.0018289758483666062, 0.0018289758483666062, 0.0018289758483666062, 0.0018289758483666062, 0.0018289758483666062, 0.0018289758483666062, 0.0018289758483666062, 0.0018289758483666062, 0.0018289758483666062, 0.0018289758483666062, 0.0018289758483666062, 0.0018289758483666062, 0.0018289758483666062, 0.0018289758483666062, 0.0018289758483666062, 0.0018289758483666062, 0.0018289758483666062, 0.0018289758483666062, 0.0018289758483666062, 0.0018289758483666062, 0.0018289758483666062, 0.0018289758483666062, 0.0018289758483666062, 0.0018289758483666062, 0.0018289758483666062, 0.0018289758483666062, 0.0018289758483666062, 0.0018289758483666062, 0.0018289758483666062, 0.0018289758483666062, 0.0018289758483666062, 0.0018289758483666062, 0.0018289758483666062, 0.0018289758483666062, 0.0018289758483666062, 0.0018289758483666062, 0.0018289758483666062, 0.0018289758483666062, 0.0018289758483666062, 0.0018289758483666062, 0.0018289758483666062, 0.0018289758483666062, 0.0018289758483666062, 0.0018289758483666062, 0.0018289758483666062, 0.0018289758483666062, 0.0018289758483666062, 0.0018289758483666062, 0.0018289758483666062, 0.0018289758483666062, 0.0018289758483666062, 0.0018289758483666062, 0.0018289758483666062, 0.0018289758483666062, 0.0018289758483666062, 0.0018289758483666062, 0.0018289758483666062, 0.0018289758483666062, 0.0018289758483666062, 0.0018289758483666062, 0.0018289758483666062, 0.0018289758483666062, 0.0018289758483666062, 0.0018289758483666062, 0.0018289758483666062, 0.0018289758483666062, 0.0018289758483666062, 0.0018289758483666062, 0.0018289758483666062, 0.0018289758483666062, 0.0018289758483666062, 0.0018289758483666062, 0.0018289758483666062, 0.0018289758483666062, 0.0018289758483666062, 0.0018289758483666062, 0.0018289758483666062, 0.0018289758483666062, 0.0018289758483666062, 0.0018289758483666062, 0.0018289758483666062, 0.0018289758483666062, 0.0018289758483666062, 0.0018289758483666062],
                                   'rho_dns': [1.0, 1.0, 1.0, 1.0, 1.0, 1.0, 1.0, 1.0, 1.0, 1.0, 1.0, 1.0, 1.0, 1.0, 1.0, 1.0, 1.0, 1.0, 1.0, 1.0, 1.0, 1.0, 1.0, 1.0, 1.0, 1.0, 1.0, 1.0, 1.0, 1.0, 1.0, 1.0, 1.0, 1.0, 1.0, 1.0, 1.0, 1.0, 1.0, 1.0, 1.0, 1.0, 1.0, 1.0, 1.0, 1.0, 1.0, 1.0, 1.0, 1.0, 1.0, 1.0, 1.0, 1.0, 1.0, 1.0, 1.0, 1.0, 1.0, 1.0, 1.0, 1.0, 1.0, 1.0, 1.0, 1.0, 1.0, 1.0, 1.0, 1.0, 1.0, 1.0, 1.0, 1.0, 1.0, 1.0, 1.0, 1.0, 1.0, 1.0, 1.0, 1.0, 1.0, 1.0, 1.0, 1.0, 1.0, 1.0, 1.0, 1.0, 1.0, 1.0, 1.0, 1.0, 1.0, 1.0, 1.0, 1.0, 1.0, 1.0]},
                      'case': 'Jimenez_Re550',
                      'constant_Sq_heat': 0.0,
                      'use_visc_heating': False,
                      'Pr_turb': 1.0,
                      'fprint': '<function '
                                'Build_arguments_fi_run._mk_args_MK_solver.<locals>.<lambda> '
                                'at 0x7fbd5f5b6040>',
                      'compressible_correction': False,
                      'bool_solve_energy': False,
                      'output_last': False},
  'u_imp': 1000,
  'k_imp': 1,
  'e_imp': 0,
  'solve_sparse_adj': True,
  'all_ref_beta_distrib': {'K': [1.0, 1.00070359, 1.00108754, 1.00104641, 1.00048417, 0.99928219, 0.99729217, 0.99433417, 0.99019865, 0.98465496, 0.97746988, 0.9684405, 0.95744549, 0.94451387, 0.92990612, 0.91418797, 0.89827635, 0.88342915, 0.87117909, 0.86318529, 0.86101408, 0.86584994, 0.87832253, 0.89841909, 0.92550368, 0.95842782, 0.99555103, 1.03492033, 1.07427605, 1.11123979, 1.14348584, 1.16878133, 1.18543549, 1.19241332, 1.18926998, 1.17635153, 1.15471627, 1.12585002, 1.0914859, 1.05348945, 1.01372102, 0.97386404, 0.93531949, 0.89921093, 0.86640024, 0.83751127, 0.8129582, 0.79297526, 0.77764555, 0.76692777, 0.7606804, 0.75868278, 0.76065352, 0.7662666, 0.77516515, 0.78697134, 0.80128997, 0.81771352, 0.83583256, 0.85524208, 0.87554445, 0.89635602, 0.91731153, 0.93806456, 0.95829089, 0.9776909, 0.99599167, 1.01295336, 1.02837347, 1.04208879, 1.05397979, 1.06396953, 1.07202363, 1.07815231, 1.08240932, 1.08488677, 1.08570688, 1.08501229, 1.08295628, 1.07970158, 1.07542324, 1.07030421, 1.06452943, 1.05828329, 1.05174778, 1.04510245, 1.03852478, 1.03218879, 1.0262583, 1.02086941, 1.0161157, 1.0120504, 1.00869247, 1.00603, 1.00401976, 1.00258567, 1.00163062, 1.00105068, 1.00075036, 1.00033066], 'E': [1.0, 1.0, 1.0, 1.0, 1.0, 1.0, 1.0, 1.0, 1.0, 1.0, 1.0, 1.0, 1.0, 1.0, 1.0, 1.0, 1.0, 1.0, 1.0, 1.0, 1.0, 1.0, 1.0, 1.0, 1.0, 1.0, 1.0, 1.0, 1.0, 1.0, 1.0, 1.0, 1.0, 1.0, 1.0, 1.0, 1.0, 1.0, 1.0, 1.0, 1.0, 1.0, 1.0, 1.0, 1.0, 1.0, 1.0, 1.0, 1.0, 1.0, 1.0, 1.0, 1.0, 1.0, 1.0, 1.0, 1.0, 1.0, 1.0, 1.0, 1.0, 1.0, 1.0, 1.0, 1.0, 1.0, 1.0, 1.0, 1.0, 1.0, 1.0, 1.0, 1.0, 1.0, 1.0, 1.0, 1.0, 1.0, 1.0, 1.0, 1.0, 1.0, 1.0, 1.0, 1.0, 1.0, 1.0, 1.0, 1.0, 1.0, 1.0, 1.0, 1.0, 1.0, 1.0, 1.0, 1.0, 1.0, 1.0, 1.0]},
  'all_ref_delta_distrib': {'K': [-0.0, -0.0331234667690801, -0.051912109600204405, -0.05079150605021297, -0.023978638999766395, 0.03640855630426677, 0.14123022456254497, 0.305140093646379, 0.5473846685268738, 0.8923933879133946, 1.3697747298530165, 2.013081413219518, 2.8564314029336653, 3.9281102646063504, 5.240549501167079, 6.777640350296138, 8.48164433383581, 10.243548071248338, 11.898228762470312, 13.229448499286107, 13.992705677782626, 13.963838495897999, 12.988407156271878, 11.02048124687741, 8.137921384066575, 4.53011028895482, 0.4792254506326338, -3.686169685676105, -7.621730108584004, -11.013967615427395, -13.61566399553583, -15.257115706307571, -15.883318190985875, -15.544575758006662, -14.36576139912454, -12.535588447840656, -10.27379753469381, -7.7922817833416405, -5.274946041997594, -2.869712259635609, -0.6846999678611004, 1.2130603426464648, 2.792866758985831, 4.050540203656773, 5.000109468767284, 5.667133419990103, 6.083596225774387, 6.284200014221674, 6.3038058737470735, 6.1757620707751295, 5.930886171913404, 5.596923057122841, 5.198322554289372, 4.756226553947892, 4.288595009309717, 3.8104481704093116, 3.33421759288646, 2.870031816276665, 2.425894512176833, 2.0079232216927343, 1.6206119903783724, 1.2670155403763568, 0.9489467370000334, 0.6671963210022707, 0.42169008077193415, 0.21163825697648672, 0.03566947294729534, -0.10808771044843542, -0.2219077804570982, -0.3083625401079687, -0.37024623523845257, -0.4104713403963743, -0.43198991745590803, -0.4377402149367612, -0.43058381507188326, -0.4132352358703722, -0.3881961629534018, -0.35770493064766723, -0.32370586285822, -0.2878664814652412, -0.25160792442018803, -0.2161062494635191, -0.1822949447680392, -0.15088285561335507, -0.12237483970901677, -0.0970963694399548, -0.07521683142799826, -0.056767576117874245, -0.04165175808884711, -0.029644651933652667, -0.020412144491901082, -0.013557006321167894, -0.008661203011560552, -0.005315926736699983, -0.0031417936866288305, -0.0018037168499399892, -0.001028504645508617, -0.0006116531098368474, -0.00041467991836443364, -0.00017946459406256046], 'E': [-0.0, -0.0, -0.0, -0.0, -0.0, -0.0, -0.0, -0.0, -0.0, -0.0, -0.0, -0.0, -0.0, -0.0, -0.0, -0.0, -0.0, -0.0, -0.0, -0.0, -0.0, -0.0, -0.0, -0.0, -0.0, -0.0, -0.0, -0.0, -0.0, -0.0, -0.0, -0.0, -0.0, -0.0, -0.0, -0.0, -0.0, -0.0, -0.0, -0.0, -0.0, -0.0, -0.0, -0.0, -0.0, -0.0, -0.0, -0.0, -0.0, -0.0, -0.0, -0.0, -0.0, -0.0, -0.0, -0.0, -0.0, -0.0, -0.0, -0.0, -0.0, -0.0, -0.0, -0.0, -0.0, -0.0, -0.0, -0.0, -0.0, -0.0, -0.0, -0.0, -0.0, -0.0, -0.0, -0.0, -0.0, -0.0, -0.0, -0.0, -0.0, -0.0, -0.0, -0.0, -0.0, -0.0, -0.0, -0.0, -0.0, -0.0, -0.0, -0.0, -0.0, -0.0, -0.0, -0.0, -0.0, -0.0, -0.0, -0.0]},
  'fname_print': '/media/rafael/DATA/Dropbox/20220924_FIML_solver/data/output/field_inversion/Beta_k/u_imp_1000/FI_run_Jimenez_Re550_u_imp_1000_k_imp_1_e_imp_0/FI_run_Jimenez_Re550_u_imp_1000_k_imp_1_e_imp_0.log',
  'folder': '/media/rafael/DATA/Dropbox/20220924_FIML_solver/data/output/field_inversion/Beta_k/u_imp_1000/FI_run_Jimenez_Re550_u_imp_1000_k_imp_1_e_imp_0',
  'iters_limit': 15000}
# End_Input_Arguments

# ------------------------------------------------------------------------
#                  Iterations
# ------------------------------------------------------------------------

iter:      0 (Jcost: 9.564696e+00) (lr = 1.000e-03) (elapsed time:  0.001) (secs/iter:   None) (n_accepted: 0%) (u_error:  2.420114 %) (beta_change: 24.131722 %) (delta_change: 11.885397 %) (delta_peak/R:  0.000000 %)
-> Saved file: /media/rafael/DATA/Dropbox/20220924_FIML_solver/data/output/field_inversion/Beta_k/u_imp_1000/FI_run_Jimenez_Re550_u_imp_1000_k_imp_1_e_imp_0/FI_run_Jimenez_Re550_u_imp_1000_k_imp_1_e_imp_0_state_iter_0.dat
iter:    100 (Jcost: 8.486354e-01) (lr = 7.153e-04) (elapsed time: 104.715) (secs/iter:  1.047) (n_accepted: 79%) (u_error:  0.774224 %) (beta_change: 13.884122 %) (delta_change: 10.812894 %) (delta_peak/R:  7.428608 %)
iter:    200 (Jcost: 5.517257e-01) (lr = 2.558e-04) (elapsed time: 199.229) (secs/iter:  0.945) (n_accepted: 78%) (u_error:  0.595502 %) (beta_change:  8.175030 %) (delta_change:  6.287636 %) (delta_peak/R:  8.787267 %)
iter:    300 (Jcost: 4.520864e-01) (lr = 5.271e-04) (elapsed time: 289.055) (secs/iter:  0.898) (n_accepted: 80%) (u_error:  0.523541 %) (beta_change:  5.309966 %) (delta_change:  3.945119 %) (delta_peak/R: 10.129599 %)
iter:    400 (Jcost: 4.209800e-01) (lr = 6.255e-03) (elapsed time: 375.796) (secs/iter:  0.867) (n_accepted: 82%) (u_error:  0.498789 %) (beta_change:  4.146628 %) (delta_change:  3.035978 %) (delta_peak/R: 10.728908 %)
iter:    500 (Jcost: 4.071461e-01) (lr = 2.237e-03) (elapsed time: 460.964) (secs/iter:  0.852) (n_accepted: 78%) (u_error:  0.484054 %) (beta_change:  3.486513 %) (delta_change:  2.510791 %) (delta_peak/R: 11.022266 %)
-> Saved file: /media/rafael/DATA/Dropbox/20220924_FIML_solver/data/output/field_inversion/Beta_k/u_imp_1000/FI_run_Jimenez_Re550_u_imp_1000_k_imp_1_e_imp_0/FI_run_Jimenez_Re550_u_imp_1000_k_imp_1_e_imp_0_state_iter_500.dat
iter:    600 (Jcost: 3.956947e-01) (lr = 8.001e-04) (elapsed time: 550.303) (secs/iter:  0.893) (n_accepted: 78%) (u_error:  0.469915 %) (beta_change:  2.799673 %) (delta_change:  1.984658 %) (delta_peak/R: 11.260815 %)
iter:    700 (Jcost: 3.908984e-01) (lr = 2.862e-04) (elapsed time: 618.565) (secs/iter:  0.683) (n_accepted: 78%) (u_error:  0.463451 %) (beta_change:  2.682077 %) (delta_change:  1.738050 %) (delta_peak/R: 11.330171 %)
iter:    800 (Jcost: 3.873105e-01) (lr = 2.457e-04) (elapsed time: 682.985) (secs/iter:  0.644) (n_accepted: 79%) (u_error:  0.458667 %) (beta_change:  2.995807 %) (delta_change:  1.573475 %) (delta_peak/R: 11.346055 %)
iter:    900 (Jcost: 3.852184e-01) (lr = 6.996e-03) (elapsed time: 755.799) (secs/iter:  0.728) (n_accepted: 83%) (u_error:  0.455572 %) (beta_change:  3.229862 %) (delta_change:  1.510430 %) (delta_peak/R: 11.355209 %)
iter:   1000 (Jcost: 3.837017e-01) (lr = 2.502e-03) (elapsed time: 836.929) (secs/iter:  0.811) (n_accepted: 78%) (u_error:  0.453716 %) (beta_change:  3.439967 %) (delta_change:  1.490617 %) (delta_peak/R: 11.362401 %)
-> Saved file: /media/rafael/DATA/Dropbox/20220924_FIML_solver/data/output/field_inversion/Beta_k/u_imp_1000/FI_run_Jimenez_Re550_u_imp_1000_k_imp_1_e_imp_0/FI_run_Jimenez_Re550_u_imp_1000_k_imp_1_e_imp_0_state_iter_1000.dat
iter:   1100 (Jcost: 3.821570e-01) (lr = 1.554e-04) (elapsed time: 923.383) (secs/iter:  0.865) (n_accepted: 76%) (u_error:  0.452003 %) (beta_change:  3.693128 %) (delta_change:  1.506210 %) (delta_peak/R: 11.351805 %)
iter:   1200 (Jcost: 3.808269e-01) (lr = 7.683e-04) (elapsed time: 997.934) (secs/iter:  0.746) (n_accepted: 81%) (u_error:  0.450534 %) (beta_change:  3.951581 %) (delta_change:  1.535263 %) (delta_peak/R: 11.322752 %)
iter:   1300 (Jcost: 3.798219e-01) (lr = 6.595e-04) (elapsed time: 1076.175) (secs/iter:  0.782) (n_accepted: 79%) (u_error:  0.450088 %) (beta_change:  4.175037 %) (delta_change:  1.568755 %) (delta_peak/R: 11.291397 %)
iter:   1400 (Jcost: 3.788843e-01) (lr = 7.826e-03) (elapsed time: 1148.468) (secs/iter:  0.723) (n_accepted: 82%) (u_error:  0.449297 %) (beta_change:  4.401406 %) (delta_change:  1.603741 %) (delta_peak/R: 11.249394 %)
iter:   1500 (Jcost: 3.781975e-01) (lr = 1.166e-03) (elapsed time: 1227.058) (secs/iter:  0.786) (n_accepted: 77%) (u_error:  0.448760 %) (beta_change:  4.587336 %) (delta_change:  1.633166 %) (delta_peak/R: 11.211463 %)
-> Saved file: /media/rafael/DATA/Dropbox/20220924_FIML_solver/data/output/field_inversion/Beta_k/u_imp_1000/FI_run_Jimenez_Re550_u_imp_1000_k_imp_1_e_imp_0/FI_run_Jimenez_Re550_u_imp_1000_k_imp_1_e_imp_0_state_iter_1500.dat
iter:   1600 (Jcost: 3.776006e-01) (lr = 4.171e-04) (elapsed time: 1309.074) (secs/iter:  0.820) (n_accepted: 78%) (u_error:  0.448469 %) (beta_change:  4.763028 %) (delta_change:  1.661137 %) (delta_peak/R: 11.174777 %)
iter:   1700 (Jcost: 3.770409e-01) (lr = 4.950e-03) (elapsed time: 1380.939) (secs/iter:  0.719) (n_accepted: 82%) (u_error:  0.448208 %) (beta_change:  4.941153 %) (delta_change:  1.688609 %) (delta_peak/R: 11.136408 %)
iter:   1800 (Jcost: 3.765766e-01) (lr = 1.770e-03) (elapsed time: 1455.958) (secs/iter:  0.750) (n_accepted: 78%) (u_error:  0.447985 %) (beta_change:  5.099869 %) (delta_change:  1.711973 %) (delta_peak/R: 11.101586 %)
iter:   1900 (Jcost: 3.761026e-01) (lr = 1.520e-03) (elapsed time: 1528.983) (secs/iter:  0.730) (n_accepted: 79%) (u_error:  0.447738 %) (beta_change:  5.273465 %) (delta_change:  1.736134 %) (delta_peak/R: 11.063244 %)
iter:   2000 (Jcost: 3.755771e-01) (lr = 9.436e-05) (elapsed time: 1603.067) (secs/iter:  0.741) (n_accepted: 76%) (u_error:  0.447479 %) (beta_change:  5.481958 %) (delta_change:  1.794882 %) (delta_peak/R: 11.017702 %)
-> Saved file: /media/rafael/DATA/Dropbox/20220924_FIML_solver/data/output/field_inversion/Beta_k/u_imp_1000/FI_run_Jimenez_Re550_u_imp_1000_k_imp_1_e_imp_0/FI_run_Jimenez_Re550_u_imp_1000_k_imp_1_e_imp_0_state_iter_2000.dat
iter:   2100 (Jcost: 3.752290e-01) (lr = 4.666e-04) (elapsed time: 1684.023) (secs/iter:  0.810) (n_accepted: 81%) (u_error:  0.447139 %) (beta_change:  5.638722 %) (delta_change:  1.844016 %) (delta_peak/R: 10.982958 %)
iter:   2200 (Jcost: 3.749437e-01) (lr = 5.536e-03) (elapsed time: 1759.146) (secs/iter:  0.751) (n_accepted: 82%) (u_error:  0.447235 %) (beta_change:  5.759481 %) (delta_change:  1.881588 %) (delta_peak/R: 10.959208 %)
iter:   2300 (Jcost: 3.746797e-01) (lr = 1.980e-03) (elapsed time: 1833.847) (secs/iter:  0.747) (n_accepted: 78%) (u_error:  0.447092 %) (beta_change:  5.885181 %) (delta_change:  1.920833 %) (delta_peak/R: 10.933258 %)
iter:   2400 (Jcost: 3.743997e-01) (lr = 1.700e-03) (elapsed time: 1911.313) (secs/iter:  0.775) (n_accepted: 79%) (u_error:  0.446972 %) (beta_change:  6.025790 %) (delta_change:  1.964552 %) (delta_peak/R: 10.905214 %)
iter:   2500 (Jcost: 3.741650e-01) (lr = 6.080e-04) (elapsed time: 1987.356) (secs/iter:  0.760) (n_accepted: 78%) (u_error:  0.446874 %) (beta_change:  6.150153 %) (delta_change:  2.003088 %) (delta_peak/R: 10.881150 %)
-> Saved file: /media/rafael/DATA/Dropbox/20220924_FIML_solver/data/output/field_inversion/Beta_k/u_imp_1000/FI_run_Jimenez_Re550_u_imp_1000_k_imp_1_e_imp_0/FI_run_Jimenez_Re550_u_imp_1000_k_imp_1_e_imp_0_state_iter_2500.dat
iter:   2600 (Jcost: 3.738660e-01) (lr = 2.174e-04) (elapsed time: 2064.441) (secs/iter:  0.771) (n_accepted: 78%) (u_error:  0.446727 %) (beta_change:  6.318083 %) (delta_change:  2.054958 %) (delta_peak/R: 10.849613 %)
iter:   2700 (Jcost: 3.736571e-01) (lr = 4.480e-04) (elapsed time: 2136.243) (secs/iter:  0.718) (n_accepted: 80%) (u_error:  0.446569 %) (beta_change:  6.443589 %) (delta_change:  2.093636 %) (delta_peak/R: 10.826606 %)
iter:   2800 (Jcost: 3.734714e-01) (lr = 1.276e-02) (elapsed time: 2208.659) (secs/iter:  0.724) (n_accepted: 83%) (u_error:  0.446574 %) (beta_change:  6.558903 %) (delta_change:  2.128891 %) (delta_peak/R: 10.807221 %)
iter:   2900 (Jcost: 3.733331e-01) (lr = 7.922e-04) (elapsed time: 2283.491) (secs/iter:  0.748) (n_accepted: 76%) (u_error:  0.446447 %) (beta_change:  6.648732 %) (delta_change:  2.156643 %) (delta_peak/R: 10.791653 %)
iter:   3000 (Jcost: 3.731512e-01) (lr = 2.833e-04) (elapsed time: 2355.153) (secs/iter:  0.717) (n_accepted: 78%) (u_error:  0.446398 %) (beta_change:  6.772213 %) (delta_change:  2.195060 %) (delta_peak/R: 10.771810 %)
-> Saved file: /media/rafael/DATA/Dropbox/20220924_FIML_solver/data/output/field_inversion/Beta_k/u_imp_1000/FI_run_Jimenez_Re550_u_imp_1000_k_imp_1_e_imp_0/FI_run_Jimenez_Re550_u_imp_1000_k_imp_1_e_imp_0_state_iter_3000.dat
iter:   3100 (Jcost: 3.730075e-01) (lr = 8.070e-03) (elapsed time: 2432.148) (secs/iter:  0.770) (n_accepted: 83%) (u_error:  0.446332 %) (beta_change:  6.874281 %) (delta_change:  2.226800 %) (delta_peak/R: 10.755844 %)
iter:   3200 (Jcost: 3.728691e-01) (lr = 2.886e-03) (elapsed time: 2497.399) (secs/iter:  0.653) (n_accepted: 78%) (u_error:  0.446229 %) (beta_change:  6.976002 %) (delta_change:  2.258438 %) (delta_peak/R: 10.740200 %)
iter:   3300 (Jcost: 3.727335e-01) (lr = 4.301e-04) (elapsed time: 2572.213) (secs/iter:  0.748) (n_accepted: 77%) (u_error:  0.446132 %) (beta_change:  7.080115 %) (delta_change:  2.290771 %) (delta_peak/R: 10.724817 %)
iter:   3400 (Jcost: 3.726130e-01) (lr = 3.692e-04) (elapsed time: 2645.883) (secs/iter:  0.737) (n_accepted: 79%) (u_error:  0.446067 %) (beta_change:  7.176123 %) (delta_change:  2.320518 %) (delta_peak/R: 10.711331 %)
iter:   3500 (Jcost: 3.725032e-01) (lr = 1.321e-04) (elapsed time: 2718.827) (secs/iter:  0.729) (n_accepted: 78%) (u_error:  0.446021 %) (beta_change:  7.266787 %) (delta_change:  2.348559 %) (delta_peak/R: 10.699146 %)
-> Saved file: /media/rafael/DATA/Dropbox/20220924_FIML_solver/data/output/field_inversion/Beta_k/u_imp_1000/FI_run_Jimenez_Re550_u_imp_1000_k_imp_1_e_imp_0/FI_run_Jimenez_Re550_u_imp_1000_k_imp_1_e_imp_0_state_iter_3500.dat
iter:   3600 (Jcost: 3.723801e-01) (lr = 3.761e-03) (elapsed time: 2789.941) (secs/iter:  0.711) (n_accepted: 83%) (u_error:  0.446026 %) (beta_change:  7.375326 %) (delta_change:  2.382008 %) (delta_peak/R: 10.685536 %)
iter:   3700 (Jcost: 3.722982e-01) (lr = 7.748e-03) (elapsed time: 2859.343) (secs/iter:  0.694) (n_accepted: 80%) (u_error:  0.445886 %) (beta_change:  7.444575 %) (delta_change:  2.403519 %) (delta_peak/R: 10.676178 %)
iter:   3800 (Jcost: 3.721968e-01) (lr = 1.155e-03) (elapsed time: 2932.831) (secs/iter:  0.735) (n_accepted: 77%) (u_error:  0.445843 %) (beta_change:  7.537037 %) (delta_change:  2.432020 %) (delta_peak/R: 10.665070 %)
iter:   3900 (Jcost: 3.721028e-01) (lr = 4.130e-04) (elapsed time: 3001.094) (secs/iter:  0.683) (n_accepted: 78%) (u_error:  0.445779 %) (beta_change:  7.625363 %) (delta_change:  2.459252 %) (delta_peak/R: 10.654707 %)
iter:   4000 (Jcost: 3.720234e-01) (lr = 8.508e-04) (elapsed time: 3048.350) (secs/iter:  0.473) (n_accepted: 80%) (u_error:  0.445606 %) (beta_change:  7.706825 %) (delta_change:  2.484504 %) (delta_peak/R: 10.644701 %)
-> Saved file: /media/rafael/DATA/Dropbox/20220924_FIML_solver/data/output/field_inversion/Beta_k/u_imp_1000/FI_run_Jimenez_Re550_u_imp_1000_k_imp_1_e_imp_0/FI_run_Jimenez_Re550_u_imp_1000_k_imp_1_e_imp_0_state_iter_4000.dat
iter:   4100 (Jcost: 3.719410e-01) (lr = 1.010e-02) (elapsed time: 3093.020) (secs/iter:  0.447) (n_accepted: 82%) (u_error:  0.445625 %) (beta_change:  7.784531 %) (delta_change:  2.508314 %) (delta_peak/R: 10.636767 %)
iter:   4200 (Jcost: 3.718853e-01) (lr = 1.505e-03) (elapsed time: 3160.229) (secs/iter:  0.672) (n_accepted: 77%) (u_error:  0.445616 %) (beta_change:  7.840725 %) (delta_change:  2.525551 %) (delta_peak/R: 10.631065 %)
iter:   4300 (Jcost: 3.718238e-01) (lr = 2.242e-04) (elapsed time: 3231.827) (secs/iter:  0.716) (n_accepted: 77%) (u_error:  0.445581 %) (beta_change:  7.904599 %) (delta_change:  2.545170 %) (delta_peak/R: 10.624584 %)
iter:   4400 (Jcost: 3.717748e-01) (lr = 1.109e-03) (elapsed time: 3299.470) (secs/iter:  0.676) (n_accepted: 81%) (u_error:  0.445558 %) (beta_change:  7.956419 %) (delta_change:  2.561067 %) (delta_peak/R: 10.619515 %)
iter:   4500 (Jcost: 3.717159e-01) (lr = 1.652e-04) (elapsed time: 3372.677) (secs/iter:  0.732) (n_accepted: 77%) (u_error:  0.445502 %) (beta_change:  8.019763 %) (delta_change:  2.580529 %) (delta_peak/R: 10.613298 %)
-> Saved file: /media/rafael/DATA/Dropbox/20220924_FIML_solver/data/output/field_inversion/Beta_k/u_imp_1000/FI_run_Jimenez_Re550_u_imp_1000_k_imp_1_e_imp_0/FI_run_Jimenez_Re550_u_imp_1000_k_imp_1_e_imp_0_state_iter_4500.dat
iter:   4600 (Jcost: 3.716777e-01) (lr = 8.169e-04) (elapsed time: 3447.615) (secs/iter:  0.749) (n_accepted: 81%) (u_error:  0.445467 %) (beta_change:  8.061657 %) (delta_change:  2.593393 %) (delta_peak/R: 10.609299 %)
iter:   4700 (Jcost: 3.716121e-01) (lr = 1.217e-04) (elapsed time: 3511.245) (secs/iter:  0.636) (n_accepted: 77%) (u_error:  0.445429 %) (beta_change:  8.134632 %) (delta_change:  2.615752 %) (delta_peak/R: 10.602697 %)
iter:   4800 (Jcost: 3.715561e-01) (lr = 6.019e-04) (elapsed time: 3577.602) (secs/iter:  0.664) (n_accepted: 81%) (u_error:  0.445339 %) (beta_change:  8.199635 %) (delta_change:  2.635741 %) (delta_peak/R: 10.596617 %)
iter:   4900 (Jcost: 3.715081e-01) (lr = 7.143e-03) (elapsed time: 3645.339) (secs/iter:  0.677) (n_accepted: 82%) (u_error:  0.445358 %) (beta_change:  8.253642 %) (delta_change:  2.652200 %) (delta_peak/R: 10.592382 %)
iter:   5000 (Jcost: 3.714606e-01) (lr = 1.065e-03) (elapsed time: 3709.825) (secs/iter:  0.645) (n_accepted: 77%) (u_error:  0.445309 %) (beta_change:  8.309502 %) (delta_change:  2.669317 %) (delta_peak/R: 10.587652 %)
-> Saved file: /media/rafael/DATA/Dropbox/20220924_FIML_solver/data/output/field_inversion/Beta_k/u_imp_1000/FI_run_Jimenez_Re550_u_imp_1000_k_imp_1_e_imp_0/FI_run_Jimenez_Re550_u_imp_1000_k_imp_1_e_imp_0_state_iter_5000.dat
iter:   5100 (Jcost: 3.714196e-01) (lr = 3.807e-04) (elapsed time: 3772.669) (secs/iter:  0.628) (n_accepted: 78%) (u_error:  0.445298 %) (beta_change:  8.358113 %) (delta_change:  2.684160 %) (delta_peak/R: 10.583868 %)
iter:   5200 (Jcost: 3.713755e-01) (lr = 3.268e-04) (elapsed time: 3814.329) (secs/iter:  0.417) (n_accepted: 79%) (u_error:  0.445277 %) (beta_change:  8.411429 %) (delta_change:  2.700445 %) (delta_peak/R: 10.579777 %)
iter:   5300 (Jcost: 3.713301e-01) (lr = 2.805e-04) (elapsed time: 3861.276) (secs/iter:  0.469) (n_accepted: 79%) (u_error:  0.445232 %) (beta_change:  8.466745 %) (delta_change:  2.717369 %) (delta_peak/R: 10.575491 %)
iter:   5400 (Jcost: 3.712848e-01) (lr = 1.918e-02) (elapsed time: 3900.426) (secs/iter:  0.391) (n_accepted: 84%) (u_error:  0.445240 %) (beta_change:  8.524025 %) (delta_change:  2.734804 %) (delta_peak/R: 10.571568 %)
iter:   5500 (Jcost: 3.712524e-01) (lr = 6.858e-03) (elapsed time: 3942.663) (secs/iter:  0.422) (n_accepted: 78%) (u_error:  0.445153 %) (beta_change:  8.563347 %) (delta_change:  2.746909 %) (delta_peak/R: 10.568305 %)
-> Saved file: /media/rafael/DATA/Dropbox/20220924_FIML_solver/data/output/field_inversion/Beta_k/u_imp_1000/FI_run_Jimenez_Re550_u_imp_1000_k_imp_1_e_imp_0/FI_run_Jimenez_Re550_u_imp_1000_k_imp_1_e_imp_0_state_iter_5500.dat
iter:   5600 (Jcost: 3.712239e-01) (lr = 2.453e-03) (elapsed time: 4010.524) (secs/iter:  0.679) (n_accepted: 78%) (u_error:  0.445147 %) (beta_change:  8.599282 %) (delta_change:  2.757857 %) (delta_peak/R: 10.565892 %)
iter:   5700 (Jcost: 3.711899e-01) (lr = 1.523e-04) (elapsed time: 4080.888) (secs/iter:  0.704) (n_accepted: 76%) (u_error:  0.445122 %) (beta_change:  8.642438 %) (delta_change:  2.771028 %) (delta_peak/R: 10.562938 %)
iter:   5800 (Jcost: 3.711661e-01) (lr = 4.338e-03) (elapsed time: 4148.736) (secs/iter:  0.678) (n_accepted: 83%) (u_error:  0.445093 %) (beta_change:  8.673010 %) (delta_change:  2.780372 %) (delta_peak/R: 10.560816 %)
iter:   5900 (Jcost: 3.711359e-01) (lr = 3.724e-03) (elapsed time: 4214.496) (secs/iter:  0.658) (n_accepted: 79%) (u_error:  0.445079 %) (beta_change:  8.711945 %) (delta_change:  2.792236 %) (delta_peak/R: 10.558315 %)
iter:   6000 (Jcost: 3.711008e-01) (lr = 5.549e-04) (elapsed time: 4284.068) (secs/iter:  0.696) (n_accepted: 77%) (u_error:  0.445053 %) (beta_change:  8.757572 %) (delta_change:  2.806150 %) (delta_peak/R: 10.555388 %)
-> Saved file: /media/rafael/DATA/Dropbox/20220924_FIML_solver/data/output/field_inversion/Beta_k/u_imp_1000/FI_run_Jimenez_Re550_u_imp_1000_k_imp_1_e_imp_0/FI_run_Jimenez_Re550_u_imp_1000_k_imp_1_e_imp_0_state_iter_6000.dat
iter:   6100 (Jcost: 3.710738e-01) (lr = 1.985e-04) (elapsed time: 4357.597) (secs/iter:  0.735) (n_accepted: 78%) (u_error:  0.445033 %) (beta_change:  8.792861 %) (delta_change:  2.816907 %) (delta_peak/R: 10.553186 %)
iter:   6200 (Jcost: 3.710508e-01) (lr = 2.355e-03) (elapsed time: 4419.756) (secs/iter:  0.622) (n_accepted: 82%) (u_error:  0.445013 %) (beta_change:  8.823043 %) (delta_change:  2.826111 %) (delta_peak/R: 10.551313 %)
iter:   6300 (Jcost: 3.710253e-01) (lr = 8.424e-04) (elapsed time: 4486.949) (secs/iter:  0.672) (n_accepted: 78%) (u_error:  0.444986 %) (beta_change:  8.856800 %) (delta_change:  2.836412 %) (delta_peak/R: 10.549222 %)
iter:   6400 (Jcost: 3.710003e-01) (lr = 7.231e-04) (elapsed time: 4553.370) (secs/iter:  0.664) (n_accepted: 79%) (u_error:  0.444973 %) (beta_change:  8.889895 %) (delta_change:  2.846487 %) (delta_peak/R: 10.547303 %)
iter:   6500 (Jcost: 3.709700e-01) (lr = 1.078e-04) (elapsed time: 4620.441) (secs/iter:  0.671) (n_accepted: 77%) (u_error:  0.444945 %) (beta_change:  8.930315 %) (delta_change:  2.858808 %) (delta_peak/R: 10.544926 %)
-> Saved file: /media/rafael/DATA/Dropbox/20220924_FIML_solver/data/output/field_inversion/Beta_k/u_imp_1000/FI_run_Jimenez_Re550_u_imp_1000_k_imp_1_e_imp_0/FI_run_Jimenez_Re550_u_imp_1000_k_imp_1_e_imp_0_state_iter_6500.dat
iter:   6600 (Jcost: 3.709445e-01) (lr = 3.069e-03) (elapsed time: 4675.856) (secs/iter:  0.554) (n_accepted: 83%) (u_error:  0.444945 %) (beta_change:  8.964500 %) (delta_change:  2.869188 %) (delta_peak/R: 10.543127 %)
iter:   6700 (Jcost: 3.709288e-01) (lr = 1.098e-03) (elapsed time: 4716.544) (secs/iter:  0.407) (n_accepted: 78%) (u_error:  0.444910 %) (beta_change:  8.985471 %) (delta_change:  2.875612 %) (delta_peak/R: 10.541791 %)
iter:   6800 (Jcost: 3.709031e-01) (lr = 3.926e-04) (elapsed time: 4755.776) (secs/iter:  0.392) (n_accepted: 78%) (u_error:  0.444906 %) (beta_change:  9.020089 %) (delta_change:  2.886128 %) (delta_peak/R: 10.539999 %)
iter:   6900 (Jcost: 3.708787e-01) (lr = 1.404e-04) (elapsed time: 4792.406) (secs/iter:  0.366) (n_accepted: 78%) (u_error:  0.444886 %) (beta_change:  9.052921 %) (delta_change:  2.896125 %) (delta_peak/R: 10.538220 %)
iter:   7000 (Jcost: 3.708578e-01) (lr = 9.598e-03) (elapsed time: 4830.848) (secs/iter:  0.384) (n_accepted: 84%) (u_error:  0.444820 %) (beta_change:  9.082030 %) (delta_change:  2.905068 %) (delta_peak/R: 10.536322 %)
-> Saved file: /media/rafael/DATA/Dropbox/20220924_FIML_solver/data/output/field_inversion/Beta_k/u_imp_1000/FI_run_Jimenez_Re550_u_imp_1000_k_imp_1_e_imp_0/FI_run_Jimenez_Re550_u_imp_1000_k_imp_1_e_imp_0_state_iter_7000.dat
iter:   7100 (Jcost: 3.708411e-01) (lr = 3.433e-03) (elapsed time: 4873.982) (secs/iter:  0.431) (n_accepted: 78%) (u_error:  0.444852 %) (beta_change:  9.103688 %) (delta_change:  2.911588 %) (delta_peak/R: 10.535505 %)
iter:   7200 (Jcost: 3.708249e-01) (lr = 2.132e-04) (elapsed time: 4914.710) (secs/iter:  0.407) (n_accepted: 76%) (u_error:  0.444832 %) (beta_change:  9.125564 %) (delta_change:  2.918259 %) (delta_peak/R: 10.534318 %)
iter:   7300 (Jcost: 3.708087e-01) (lr = 1.830e-04) (elapsed time: 4955.018) (secs/iter:  0.403) (n_accepted: 79%) (u_error:  0.444835 %) (beta_change:  9.147434 %) (delta_change:  2.924890 %) (delta_peak/R: 10.533308 %)
iter:   7400 (Jcost: 3.707917e-01) (lr = 1.251e-02) (elapsed time: 4992.872) (secs/iter:  0.379) (n_accepted: 84%) (u_error:  0.444823 %) (beta_change:  9.170534 %) (delta_change:  2.931917 %) (delta_peak/R: 10.532148 %)
iter:   7500 (Jcost: 3.707780e-01) (lr = 1.864e-03) (elapsed time: 5033.560) (secs/iter:  0.407) (n_accepted: 77%) (u_error:  0.444791 %) (beta_change:  9.188855 %) (delta_change:  2.937528 %) (delta_peak/R: 10.531079 %)
-> Saved file: /media/rafael/DATA/Dropbox/20220924_FIML_solver/data/output/field_inversion/Beta_k/u_imp_1000/FI_run_Jimenez_Re550_u_imp_1000_k_imp_1_e_imp_0/FI_run_Jimenez_Re550_u_imp_1000_k_imp_1_e_imp_0_state_iter_7500.dat
iter:   7600 (Jcost: 3.707632e-01) (lr = 6.666e-04) (elapsed time: 5077.388) (secs/iter:  0.438) (n_accepted: 78%) (u_error:  0.444786 %) (beta_change:  9.208809 %) (delta_change:  2.943589 %) (delta_peak/R: 10.530134 %)
iter:   7700 (Jcost: 3.707451e-01) (lr = 9.935e-05) (elapsed time: 5114.892) (secs/iter:  0.375) (n_accepted: 77%) (u_error:  0.444776 %) (beta_change:  9.233216 %) (delta_change:  2.951010 %) (delta_peak/R: 10.528960 %)
iter:   7800 (Jcost: 3.707312e-01) (lr = 2.829e-03) (elapsed time: 5154.678) (secs/iter:  0.398) (n_accepted: 83%) (u_error:  0.444779 %) (beta_change:  9.252052 %) (delta_change:  2.956717 %) (delta_peak/R: 10.528143 %)
iter:   7900 (Jcost: 3.707165e-01) (lr = 1.399e-02) (elapsed time: 5193.452) (secs/iter:  0.388) (n_accepted: 81%) (u_error:  0.444712 %) (beta_change:  9.272447 %) (delta_change:  2.963016 %) (delta_peak/R: 10.526764 %)
iter:   8000 (Jcost: 3.707028e-01) (lr = 5.004e-03) (elapsed time: 5231.677) (secs/iter:  0.382) (n_accepted: 78%) (u_error:  0.444737 %) (beta_change:  9.289902 %) (delta_change:  2.968268 %) (delta_peak/R: 10.526173 %)
-> Saved file: /media/rafael/DATA/Dropbox/20220924_FIML_solver/data/output/field_inversion/Beta_k/u_imp_1000/FI_run_Jimenez_Re550_u_imp_1000_k_imp_1_e_imp_0/FI_run_Jimenez_Re550_u_imp_1000_k_imp_1_e_imp_0_state_iter_8000.dat
iter:   8100 (Jcost: 3.706899e-01) (lr = 1.790e-03) (elapsed time: 5273.130) (secs/iter:  0.415) (n_accepted: 78%) (u_error:  0.444730 %) (beta_change:  9.307233 %) (delta_change:  2.973537 %) (delta_peak/R: 10.525366 %)
iter:   8200 (Jcost: 3.706738e-01) (lr = 2.667e-04) (elapsed time: 5312.697) (secs/iter:  0.396) (n_accepted: 77%) (u_error:  0.444711 %) (beta_change:  9.328713 %) (delta_change:  2.980082 %) (delta_peak/R: 10.524306 %)
iter:   8300 (Jcost: 3.706619e-01) (lr = 2.289e-04) (elapsed time: 5352.836) (secs/iter:  0.401) (n_accepted: 79%) (u_error:  0.444682 %) (beta_change:  9.344812 %) (delta_change:  2.985012 %) (delta_peak/R: 10.523414 %)
iter:   8400 (Jcost: 3.706516e-01) (lr = 1.132e-03) (elapsed time: 5389.733) (secs/iter:  0.369) (n_accepted: 81%) (u_error:  0.444702 %) (beta_change:  9.358030 %) (delta_change:  2.988988 %) (delta_peak/R: 10.522987 %)
iter:   8500 (Jcost: 3.706393e-01) (lr = 9.717e-04) (elapsed time: 5429.544) (secs/iter:  0.398) (n_accepted: 79%) (u_error:  0.444699 %) (beta_change:  9.374380 %) (delta_change:  2.993951 %) (delta_peak/R: 10.522271 %)
-> Saved file: /media/rafael/DATA/Dropbox/20220924_FIML_solver/data/output/field_inversion/Beta_k/u_imp_1000/FI_run_Jimenez_Re550_u_imp_1000_k_imp_1_e_imp_0/FI_run_Jimenez_Re550_u_imp_1000_k_imp_1_e_imp_0_state_iter_8500.dat
iter:   8600 (Jcost: 3.706264e-01) (lr = 1.448e-04) (elapsed time: 5470.021) (secs/iter:  0.405) (n_accepted: 77%) (u_error:  0.444682 %) (beta_change:  9.391199 %) (delta_change:  2.999080 %) (delta_peak/R: 10.521439 %)
iter:   8700 (Jcost: 3.706151e-01) (lr = 1.718e-03) (elapsed time: 5507.936) (secs/iter:  0.379) (n_accepted: 82%) (u_error:  0.444687 %) (beta_change:  9.406196 %) (delta_change:  3.003618 %) (delta_peak/R: 10.520844 %)
iter:   8800 (Jcost: 3.706056e-01) (lr = 8.496e-03) (elapsed time: 5546.308) (secs/iter:  0.384) (n_accepted: 81%) (u_error:  0.444660 %) (beta_change:  9.418365 %) (delta_change:  3.007355 %) (delta_peak/R: 10.520138 %)
iter:   8900 (Jcost: 3.705955e-01) (lr = 7.293e-03) (elapsed time: 5585.643) (secs/iter:  0.393) (n_accepted: 79%) (u_error:  0.444656 %) (beta_change:  9.431468 %) (delta_change:  3.011335 %) (delta_peak/R: 10.519562 %)
iter:   9000 (Jcost: 3.705873e-01) (lr = 2.608e-03) (elapsed time: 5623.396) (secs/iter:  0.378) (n_accepted: 78%) (u_error:  0.444650 %) (beta_change:  9.442150 %) (delta_change:  3.014584 %) (delta_peak/R: 10.519072 %)
-> Saved file: /media/rafael/DATA/Dropbox/20220924_FIML_solver/data/output/field_inversion/Beta_k/u_imp_1000/FI_run_Jimenez_Re550_u_imp_1000_k_imp_1_e_imp_0/FI_run_Jimenez_Re550_u_imp_1000_k_imp_1_e_imp_0_state_iter_9000.dat
iter:   9100 (Jcost: 3.705756e-01) (lr = 3.887e-04) (elapsed time: 5663.458) (secs/iter:  0.401) (n_accepted: 77%) (u_error:  0.444635 %) (beta_change:  9.457134 %) (delta_change:  3.019155 %) (delta_peak/R: 10.518334 %)
iter:   9200 (Jcost: 3.705649e-01) (lr = 1.390e-04) (elapsed time: 5700.480) (secs/iter:  0.370) (n_accepted: 78%) (u_error:  0.444630 %) (beta_change:  9.470826 %) (delta_change:  3.023314 %) (delta_peak/R: 10.517730 %)
iter:   9300 (Jcost: 3.705576e-01) (lr = 1.650e-03) (elapsed time: 5739.571) (secs/iter:  0.391) (n_accepted: 82%) (u_error:  0.444630 %) (beta_change:  9.480080 %) (delta_change:  3.026120 %) (delta_peak/R: 10.517343 %)
iter:   9400 (Jcost: 3.705492e-01) (lr = 1.024e-04) (elapsed time: 5779.520) (secs/iter:  0.399) (n_accepted: 76%) (u_error:  0.444621 %) (beta_change:  9.490728 %) (delta_change:  3.029365 %) (delta_peak/R: 10.516830 %)
iter:   9500 (Jcost: 3.705412e-01) (lr = 2.918e-03) (elapsed time: 5817.853) (secs/iter:  0.383) (n_accepted: 83%) (u_error:  0.444581 %) (beta_change:  9.501453 %) (delta_change:  3.032685 %) (delta_peak/R: 10.516101 %)
-> Saved file: /media/rafael/DATA/Dropbox/20220924_FIML_solver/data/output/field_inversion/Beta_k/u_imp_1000/FI_run_Jimenez_Re550_u_imp_1000_k_imp_1_e_imp_0/FI_run_Jimenez_Re550_u_imp_1000_k_imp_1_e_imp_0_state_iter_9500.dat
iter:   9600 (Jcost: 3.705324e-01) (lr = 6.011e-03) (elapsed time: 5855.364) (secs/iter:  0.375) (n_accepted: 80%) (u_error:  0.444607 %) (beta_change:  9.511753 %) (delta_change:  3.035765 %) (delta_peak/R: 10.515850 %)
iter:   9700 (Jcost: 3.705246e-01) (lr = 2.150e-03) (elapsed time: 5893.585) (secs/iter:  0.382) (n_accepted: 78%) (u_error:  0.444603 %) (beta_change:  9.521494 %) (delta_change:  3.038726 %) (delta_peak/R: 10.515412 %)
iter:   9800 (Jcost: 3.705152e-01) (lr = 7.689e-04) (elapsed time: 5932.415) (secs/iter:  0.388) (n_accepted: 78%) (u_error:  0.444595 %) (beta_change:  9.533130 %) (delta_change:  3.042269 %) (delta_peak/R: 10.514861 %)
iter:   9900 (Jcost: 3.705079e-01) (lr = 2.750e-04) (elapsed time: 5970.215) (secs/iter:  0.378) (n_accepted: 78%) (u_error:  0.444592 %) (beta_change:  9.542029 %) (delta_change:  3.044972 %) (delta_peak/R: 10.514468 %)
iter:  10000 (Jcost: 3.705002e-01) (lr = 2.361e-04) (elapsed time: 6007.416) (secs/iter:  0.372) (n_accepted: 79%) (u_error:  0.444617 %) (beta_change:  9.551948 %) (delta_change:  3.047939 %) (delta_peak/R: 10.514217 %)
-> Saved file: /media/rafael/DATA/Dropbox/20220924_FIML_solver/data/output/field_inversion/Beta_k/u_imp_1000/FI_run_Jimenez_Re550_u_imp_1000_k_imp_1_e_imp_0/FI_run_Jimenez_Re550_u_imp_1000_k_imp_1_e_imp_0_state_iter_10000.dat
iter:  10100 (Jcost: 3.704927e-01) (lr = 6.723e-03) (elapsed time: 6047.038) (secs/iter:  0.396) (n_accepted: 83%) (u_error:  0.444590 %) (beta_change:  9.560536 %) (delta_change:  3.050589 %) (delta_peak/R: 10.513663 %)
iter:  10200 (Jcost: 3.704871e-01) (lr = 1.740e-04) (elapsed time: 6085.513) (secs/iter:  0.385) (n_accepted: 75%) (u_error:  0.444577 %) (beta_change:  9.567199 %) (delta_change:  3.052631 %) (delta_peak/R: 10.513288 %)
iter:  10300 (Jcost: 3.704800e-01) (lr = 8.601e-04) (elapsed time: 6122.593) (secs/iter:  0.371) (n_accepted: 81%) (u_error:  0.444556 %) (beta_change:  9.575867 %) (delta_change:  3.055297 %) (delta_peak/R: 10.512761 %)
iter:  10400 (Jcost: 3.704737e-01) (lr = 1.021e-02) (elapsed time: 6160.663) (secs/iter:  0.381) (n_accepted: 82%) (u_error:  0.444558 %) (beta_change:  9.583262 %) (delta_change:  3.057537 %) (delta_peak/R: 10.512455 %)
iter:  10500 (Jcost: 3.704684e-01) (lr = 3.650e-03) (elapsed time: 6198.986) (secs/iter:  0.383) (n_accepted: 78%) (u_error:  0.444558 %) (beta_change:  9.589460 %) (delta_change:  3.059415 %) (delta_peak/R: 10.512191 %)
-> Saved file: /media/rafael/DATA/Dropbox/20220924_FIML_solver/data/output/field_inversion/Beta_k/u_imp_1000/FI_run_Jimenez_Re550_u_imp_1000_k_imp_1_e_imp_0/FI_run_Jimenez_Re550_u_imp_1000_k_imp_1_e_imp_0_state_iter_10500.dat
iter:  10600 (Jcost: 3.704618e-01) (lr = 5.440e-04) (elapsed time: 6238.975) (secs/iter:  0.400) (n_accepted: 77%) (u_error:  0.444560 %) (beta_change:  9.597141 %) (delta_change:  3.061743 %) (delta_peak/R: 10.511864 %)
iter:  10700 (Jcost: 3.704558e-01) (lr = 4.670e-04) (elapsed time: 6276.562) (secs/iter:  0.376) (n_accepted: 79%) (u_error:  0.444535 %) (beta_change:  9.604238 %) (delta_change:  3.063938 %) (delta_peak/R: 10.511376 %)
iter:  10800 (Jcost: 3.704508e-01) (lr = 5.541e-03) (elapsed time: 6314.638) (secs/iter:  0.381) (n_accepted: 82%) (u_error:  0.444552 %) (beta_change:  9.609901 %) (delta_change:  3.065627 %) (delta_peak/R: 10.511245 %)
iter:  10900 (Jcost: 3.704447e-01) (lr = 1.982e-03) (elapsed time: 6350.366) (secs/iter:  0.357) (n_accepted: 78%) (u_error:  0.444547 %) (beta_change:  9.616824 %) (delta_change:  3.067735 %) (delta_peak/R: 10.510901 %)
iter:  11000 (Jcost: 3.704391e-01) (lr = 1.231e-04) (elapsed time: 6388.959) (secs/iter:  0.386) (n_accepted: 76%) (u_error:  0.444542 %) (beta_change:  9.623215 %) (delta_change:  3.069683 %) (delta_peak/R: 10.510575 %)
-> Saved file: /media/rafael/DATA/Dropbox/20220924_FIML_solver/data/output/field_inversion/Beta_k/u_imp_1000/FI_run_Jimenez_Re550_u_imp_1000_k_imp_1_e_imp_0/FI_run_Jimenez_Re550_u_imp_1000_k_imp_1_e_imp_0_state_iter_11000.dat
iter:  11100 (Jcost: 3.704354e-01) (lr = 1.460e-03) (elapsed time: 6427.897) (secs/iter:  0.389) (n_accepted: 82%) (u_error:  0.444539 %) (beta_change:  9.627322 %) (delta_change:  3.070933 %) (delta_peak/R: 10.510373 %)
iter:  11200 (Jcost: 3.704289e-01) (lr = 2.176e-04) (elapsed time: 6466.286) (secs/iter:  0.384) (n_accepted: 77%) (u_error:  0.444533 %) (beta_change:  9.634593 %) (delta_change:  3.073149 %) (delta_peak/R: 10.509997 %)
iter:  11300 (Jcost: 3.704236e-01) (lr = 4.484e-04) (elapsed time: 6504.238) (secs/iter:  0.380) (n_accepted: 80%) (u_error:  0.444514 %) (beta_change:  9.640643 %) (delta_change:  3.075018 %) (delta_peak/R: 10.509581 %)
iter:  11400 (Jcost: 3.704178e-01) (lr = 1.277e-02) (elapsed time: 6539.429) (secs/iter:  0.352) (n_accepted: 83%) (u_error:  0.444520 %) (beta_change:  9.646889 %) (delta_change:  3.076902 %) (delta_peak/R: 10.509335 %)
iter:  11500 (Jcost: 3.704127e-01) (lr = 7.929e-04) (elapsed time: 6576.890) (secs/iter:  0.375) (n_accepted: 76%) (u_error:  0.444521 %) (beta_change:  9.652397 %) (delta_change:  3.078571 %) (delta_peak/R: 10.509081 %)
-> Saved file: /media/rafael/DATA/Dropbox/20220924_FIML_solver/data/output/field_inversion/Beta_k/u_imp_1000/FI_run_Jimenez_Re550_u_imp_1000_k_imp_1_e_imp_0/FI_run_Jimenez_Re550_u_imp_1000_k_imp_1_e_imp_0_state_iter_11500.dat
iter:  11600 (Jcost: 3.704072e-01) (lr = 2.836e-04) (elapsed time: 6615.524) (secs/iter:  0.386) (n_accepted: 78%) (u_error:  0.444518 %) (beta_change:  9.658378 %) (delta_change:  3.080391 %) (delta_peak/R: 10.508775 %)
iter:  11700 (Jcost: 3.704024e-01) (lr = 1.402e-03) (elapsed time: 6654.006) (secs/iter:  0.385) (n_accepted: 81%) (u_error:  0.444507 %) (beta_change:  9.663522 %) (delta_change:  3.081970 %) (delta_peak/R: 10.508452 %)
iter:  11800 (Jcost: 3.703974e-01) (lr = 6.933e-03) (elapsed time: 6689.192) (secs/iter:  0.352) (n_accepted: 81%) (u_error:  0.444526 %) (beta_change:  9.668749 %) (delta_change:  3.083523 %) (delta_peak/R: 10.508334 %)
iter:  11900 (Jcost: 3.703936e-01) (lr = 5.951e-03) (elapsed time: 6727.360) (secs/iter:  0.382) (n_accepted: 79%) (u_error:  0.444514 %) (beta_change:  9.672650 %) (delta_change:  3.084726 %) (delta_peak/R: 10.508060 %)
iter:  12000 (Jcost: 3.703890e-01) (lr = 2.129e-03) (elapsed time: 6761.394) (secs/iter:  0.340) (n_accepted: 78%) (u_error:  0.444511 %) (beta_change:  9.677436 %) (delta_change:  3.086184 %) (delta_peak/R: 10.507801 %)
-> Saved file: /media/rafael/DATA/Dropbox/20220924_FIML_solver/data/output/field_inversion/Beta_k/u_imp_1000/FI_run_Jimenez_Re550_u_imp_1000_k_imp_1_e_imp_0/FI_run_Jimenez_Re550_u_imp_1000_k_imp_1_e_imp_0_state_iter_12000.dat
iter:  12100 (Jcost: 3.703849e-01) (lr = 1.322e-04) (elapsed time: 6802.423) (secs/iter:  0.410) (n_accepted: 76%) (u_error:  0.444502 %) (beta_change:  9.681712 %) (delta_change:  3.087496 %) (delta_peak/R: 10.507526 %)
iter:  12200 (Jcost: 3.703818e-01) (lr = 3.764e-03) (elapsed time: 6836.476) (secs/iter:  0.341) (n_accepted: 83%) (u_error:  0.444503 %) (beta_change:  9.684804 %) (delta_change:  3.088433 %) (delta_peak/R: 10.507374 %)
iter:  12300 (Jcost: 3.703766e-01) (lr = 5.610e-04) (elapsed time: 6870.387) (secs/iter:  0.339) (n_accepted: 77%) (u_error:  0.444499 %) (beta_change:  9.690081 %) (delta_change:  3.090041 %) (delta_peak/R: 10.507077 %)
iter:  12400 (Jcost: 3.703723e-01) (lr = 2.006e-04) (elapsed time: 6907.652) (secs/iter:  0.373) (n_accepted: 78%) (u_error:  0.444497 %) (beta_change:  9.694310 %) (delta_change:  3.091327 %) (delta_peak/R: 10.506842 %)
iter:  12500 (Jcost: 3.703675e-01) (lr = 9.920e-04) (elapsed time: 6942.533) (secs/iter:  0.349) (n_accepted: 81%) (u_error:  0.444469 %) (beta_change:  9.699297 %) (delta_change:  3.092889 %) (delta_peak/R: 10.506383 %)
-> Saved file: /media/rafael/DATA/Dropbox/20220924_FIML_solver/data/output/field_inversion/Beta_k/u_imp_1000/FI_run_Jimenez_Re550_u_imp_1000_k_imp_1_e_imp_0/FI_run_Jimenez_Re550_u_imp_1000_k_imp_1_e_imp_0_state_iter_12500.dat
iter:  12600 (Jcost: 3.703643e-01) (lr = 4.905e-03) (elapsed time: 6981.415) (secs/iter:  0.389) (n_accepted: 81%) (u_error:  0.444493 %) (beta_change:  9.702201 %) (delta_change:  3.093727 %) (delta_peak/R: 10.506403 %)
iter:  12700 (Jcost: 3.703605e-01) (lr = 1.269e-04) (elapsed time: 7017.637) (secs/iter:  0.362) (n_accepted: 75%) (u_error:  0.444489 %) (beta_change:  9.705820 %) (delta_change:  3.094832 %) (delta_peak/R: 10.506179 %)
iter:  12800 (Jcost: 3.703566e-01) (lr = 2.614e-04) (elapsed time: 7054.286) (secs/iter:  0.366) (n_accepted: 80%) (u_error:  0.444489 %) (beta_change:  9.709517 %) (delta_change:  3.095954 %) (delta_peak/R: 10.505973 %)
iter:  12900 (Jcost: 3.703526e-01) (lr = 3.102e-03) (elapsed time: 7089.091) (secs/iter:  0.348) (n_accepted: 82%) (u_error:  0.444472 %) (beta_change:  9.713359 %) (delta_change:  3.097148 %) (delta_peak/R: 10.505644 %)
iter:  13000 (Jcost: 3.703489e-01) (lr = 2.663e-03) (elapsed time: 7127.464) (secs/iter:  0.384) (n_accepted: 79%) (u_error:  0.444480 %) (beta_change:  9.716714 %) (delta_change:  3.098152 %) (delta_peak/R: 10.505511 %)
-> Saved file: /media/rafael/DATA/Dropbox/20220924_FIML_solver/data/output/field_inversion/Beta_k/u_imp_1000/FI_run_Jimenez_Re550_u_imp_1000_k_imp_1_e_imp_0/FI_run_Jimenez_Re550_u_imp_1000_k_imp_1_e_imp_0_state_iter_13000.dat
iter:  13100 (Jcost: 3.703458e-01) (lr = 9.525e-04) (elapsed time: 7167.656) (secs/iter:  0.402) (n_accepted: 78%) (u_error:  0.444477 %) (beta_change:  9.719560 %) (delta_change:  3.099020 %) (delta_peak/R: 10.505332 %)
iter:  13200 (Jcost: 3.703426e-01) (lr = 3.407e-04) (elapsed time: 7205.349) (secs/iter:  0.377) (n_accepted: 78%) (u_error:  0.444481 %) (beta_change:  9.722452 %) (delta_change:  3.099890 %) (delta_peak/R: 10.505194 %)
iter:  13300 (Jcost: 3.703394e-01) (lr = 9.703e-03) (elapsed time: 7241.907) (secs/iter:  0.366) (n_accepted: 83%) (u_error:  0.444467 %) (beta_change:  9.725360 %) (delta_change:  3.100797 %) (delta_peak/R: 10.504922 %)
iter:  13400 (Jcost: 3.703363e-01) (lr = 3.470e-03) (elapsed time: 7276.063) (secs/iter:  0.342) (n_accepted: 78%) (u_error:  0.444475 %) (beta_change:  9.728053 %) (delta_change:  3.101601 %) (delta_peak/R: 10.504818 %)
iter:  13500 (Jcost: 3.703331e-01) (lr = 2.979e-03) (elapsed time: 7312.471) (secs/iter:  0.364) (n_accepted: 79%) (u_error:  0.444472 %) (beta_change:  9.730852 %) (delta_change:  3.102453 %) (delta_peak/R: 10.504635 %)
-> Saved file: /media/rafael/DATA/Dropbox/20220924_FIML_solver/data/output/field_inversion/Beta_k/u_imp_1000/FI_run_Jimenez_Re550_u_imp_1000_k_imp_1_e_imp_0/FI_run_Jimenez_Re550_u_imp_1000_k_imp_1_e_imp_0_state_iter_13500.dat
iter:  13600 (Jcost: 3.703300e-01) (lr = 4.439e-04) (elapsed time: 7350.117) (secs/iter:  0.376) (n_accepted: 77%) (u_error:  0.444473 %) (beta_change:  9.733568 %) (delta_change:  3.103277 %) (delta_peak/R: 10.504470 %)
iter:  13700 (Jcost: 3.703272e-01) (lr = 1.588e-04) (elapsed time: 7385.407) (secs/iter:  0.353) (n_accepted: 78%) (u_error:  0.444468 %) (beta_change:  9.735952 %) (delta_change:  3.104007 %) (delta_peak/R: 10.504291 %)
iter:  13800 (Jcost: 3.703242e-01) (lr = 1.884e-03) (elapsed time: 7419.483) (secs/iter:  0.341) (n_accepted: 82%) (u_error:  0.444487 %) (beta_change:  9.738594 %) (delta_change:  3.104776 %) (delta_peak/R: 10.504258 %)
iter:  13900 (Jcost: 3.703222e-01) (lr = 2.808e-04) (elapsed time: 7455.100) (secs/iter:  0.356) (n_accepted: 77%) (u_error:  0.444462 %) (beta_change:  9.740139 %) (delta_change:  3.105287 %) (delta_peak/R: 10.503988 %)
iter:  14000 (Jcost: 3.703194e-01) (lr = 2.410e-04) (elapsed time: 7490.433) (secs/iter:  0.353) (n_accepted: 79%) (u_error:  0.444463 %) (beta_change:  9.742448 %) (delta_change:  3.105986 %) (delta_peak/R: 10.503844 %)
-> Saved file: /media/rafael/DATA/Dropbox/20220924_FIML_solver/data/output/field_inversion/Beta_k/u_imp_1000/FI_run_Jimenez_Re550_u_imp_1000_k_imp_1_e_imp_0/FI_run_Jimenez_Re550_u_imp_1000_k_imp_1_e_imp_0_state_iter_14000.dat
iter:  14100 (Jcost: 3.703161e-01) (lr = 4.966e-04) (elapsed time: 7526.518) (secs/iter:  0.361) (n_accepted: 80%) (u_error:  0.444479 %) (beta_change:  9.745278 %) (delta_change:  3.106815 %) (delta_peak/R: 10.503774 %)
iter:  14200 (Jcost: 3.703138e-01) (lr = 5.892e-03) (elapsed time: 7561.319) (secs/iter:  0.348) (n_accepted: 82%) (u_error:  0.444461 %) (beta_change:  9.746995 %) (delta_change:  3.107368 %) (delta_peak/R: 10.503531 %)
iter:  14300 (Jcost: 3.703112e-01) (lr = 5.058e-03) (elapsed time: 7596.997) (secs/iter:  0.357) (n_accepted: 79%) (u_error:  0.444457 %) (beta_change:  9.749020 %) (delta_change:  3.107989 %) (delta_peak/R: 10.503365 %)
iter:  14400 (Jcost: 3.703090e-01) (lr = 1.809e-03) (elapsed time: 7631.838) (secs/iter:  0.348) (n_accepted: 78%) (u_error:  0.444457 %) (beta_change:  9.750729 %) (delta_change:  3.108507 %) (delta_peak/R: 10.503249 %)
iter:  14500 (Jcost: 3.703060e-01) (lr = 2.696e-04) (elapsed time: 7666.263) (secs/iter:  0.344) (n_accepted: 77%) (u_error:  0.444452 %) (beta_change:  9.753049 %) (delta_change:  3.109218 %) (delta_peak/R: 10.503056 %)
-> Saved file: /media/rafael/DATA/Dropbox/20220924_FIML_solver/data/output/field_inversion/Beta_k/u_imp_1000/FI_run_Jimenez_Re550_u_imp_1000_k_imp_1_e_imp_0/FI_run_Jimenez_Re550_u_imp_1000_k_imp_1_e_imp_0_state_iter_14500.dat
iter:  14600 (Jcost: 3.703033e-01) (lr = 2.314e-04) (elapsed time: 7702.025) (secs/iter:  0.358) (n_accepted: 79%) (u_error:  0.444463 %) (beta_change:  9.755135 %) (delta_change:  3.109832 %) (delta_peak/R: 10.502983 %)
iter:  14700 (Jcost: 3.703010e-01) (lr = 6.591e-03) (elapsed time: 7737.876) (secs/iter:  0.359) (n_accepted: 83%) (u_error:  0.444455 %) (beta_change:  9.756815 %) (delta_change:  3.110355 %) (delta_peak/R: 10.502806 %)
iter:  14800 (Jcost: 3.702991e-01) (lr = 9.822e-04) (elapsed time: 7773.082) (secs/iter:  0.352) (n_accepted: 77%) (u_error:  0.444449 %) (beta_change:  9.758216 %) (delta_change:  3.110789 %) (delta_peak/R: 10.502663 %)
iter:  14900 (Jcost: 3.702968e-01) (lr = 1.464e-04) (elapsed time: 7808.877) (secs/iter:  0.358) (n_accepted: 77%) (u_error:  0.444449 %) (beta_change:  9.759877 %) (delta_change:  3.111292 %) (delta_peak/R: 10.502544 %)
iter:  15000 (Jcost: 3.702945e-01) (lr = 3.016e-04) (elapsed time: 7844.140) (secs/iter:  0.353) (n_accepted: 80%) (u_error:  0.444453 %) (beta_change:  9.761542 %) (delta_change:  3.111790 %) (delta_peak/R: 10.502443 %)
-> Saved file: /media/rafael/DATA/Dropbox/20220924_FIML_solver/data/output/field_inversion/Beta_k/u_imp_1000/FI_run_Jimenez_Re550_u_imp_1000_k_imp_1_e_imp_0/FI_run_Jimenez_Re550_u_imp_1000_k_imp_1_e_imp_0_state_iter_15000.dat
iter:  15000 (Jcost: 3.702945e-01) (lr = 1.508e-04) (elapsed time: 7846.725) (secs/iter:   None) (n_accepted: 0%) (u_error:  0.444453 %) (beta_change:  9.761542 %) (delta_change:  3.111790 %) (delta_peak/R: 10.502443 %)
