# ------------------------------------------------------------------------
#                  Input Arguments
# ------------------------------------------------------------------------
# Begin_Input_Arguments
{ 'all_b_mode': ['Beta_e'],
  'args_mk_solver': { 'torch': "<module 'torch' from "
                               "'/home/rafael/anaconda3/lib/python3.9/site-packages/torch/__init__.py'>",
                      'y_grid': [0.0, 0.000309700312, 0.000638645973, 0.00098802599, 0.00135910194, 0.00175321227, 0.00217177688, 0.00261630193, 0.00308838486, 0.00358971984, 0.00412210331, 0.00468744001, 0.00528774917, 0.00592517114, 0.00660197432, 0.0073205624, 0.00808348206, 0.00889343092, 0.00975326602, 0.0106660126, 0.0116348733, 0.0126632377, 0.0137546927, 0.0149130326, 0.0161422702, 0.0174466482, 0.0188306506, 0.0202990157, 0.0218567475, 0.02350913, 0.0252617393, 0.0271204584, 0.0290914903, 0.0311813732, 0.033396994, 0.0357456039, 0.0382348325, 0.0408727029, 0.0436676462, 0.0466285159, 0.0497646022, 0.0530856456, 0.0566018496, 0.0603238931, 0.0642629411, 0.068430655, 0.0728392004, 0.0775012535, 0.0824300053, 0.0876391634, 0.0931429507, 0.0989561006, 0.105093849, 0.111571922, 0.118406518, 0.125614286, 0.133212296, 0.141218006, 0.14964922, 0.158524039, 0.167860801, 0.177678022, 0.187994313, 0.1988283, 0.21019853, 0.222123362, 0.234620856, 0.247708641, 0.261403784, 0.275722637, 0.290680679, 0.306292354, 0.322570888, 0.339528108, 0.357174255, 0.375517785, 0.394565175, 0.414320726, 0.43478637, 0.45596148, 0.47784269, 0.500423731, 0.523695275, 0.547644806, 0.572256506, 0.597511177, 0.623386184, 0.649855436, 0.676889401, 0.704455158, 0.73251649, 0.761034018, 0.789965372, 0.819265404, 0.848886442, 0.878778572, 0.908889961, 0.939167201, 0.969555687, 1.0],
                      'Ret': 649.889823,
                      'cp': 210.480673,
                      'A_sca_rho': 1.0,
                      'A_sca_mu': 0.0015387223566355186,
                      'A_sca_k': 0.46267331026398567,
                      'b_exp_rho': -1.0,
                      'b_exp_mu': 0.75,
                      'b_exp_k': 0.75,
                      'tensor_device': 'cpu',
                      'as_tensor': '<function '
                                   'Build_arguments_fi_run._mk_args_MK_solver.<locals>.<lambda> '
                                   'at 0x7f065f41cdc0>',
                      'ref_dns': { 'u_dns': [0.0, 0.199533576, 0.408290403, 0.626565643, 0.854663643, 1.0929026, 1.34162107, 1.60118688, 1.87200894, 2.154553, 2.44936192, 2.75698514, 3.07776201, 3.41198315, 3.75993774, 4.12191724, 4.498187, 4.8889959, 5.29460801, 5.71525529, 6.15098775, 6.6017849, 7.06755964, 7.54808248, 8.04303672, 8.55196141, 9.07422955, 9.60907424, 10.1555475, 10.712545, 11.2787792, 11.8527996, 12.4329898, 13.0175859, 13.6046984, 14.192329, 14.7784082, 15.3608324, 15.9374982, 16.5063493, 17.0654177, 17.6128669, 18.1470301, 18.6664393, 19.1698511, 19.6562608, 20.1249132, 20.5753022, 21.0071641, 21.4204604, 21.8153479, 22.1921372, 22.5512573, 22.8932302, 23.2186529, 23.5282076, 23.822673, 24.102948, 24.3700438, 24.625046, 24.8691045, 25.1034568, 25.3293269, 25.5478553, 25.7602361, 25.9677699, 26.171731, 26.3731539, 26.5728088, 26.7713771, 26.9695075, 27.1675683, 27.3655089, 27.5630328, 27.760047, 27.9566329, 28.1528225, 28.3486563, 28.5437191, 28.7376135, 28.9299705, 29.1205355, 29.309313, 29.496093, 29.6799333, 29.8599147, 30.0358764, 30.2079811, 30.3755032, 30.5368245, 30.6899554, 30.8330515, 30.964845, 31.0840312, 31.188616, 31.2768881, 31.3478167, 31.4001326, 31.4324665, 31.4434329],
                                   'T_dns': [1.0, 1.0186007633053693, 1.037829412504506, 1.0576811525855287, 1.078151443851835, 1.0992376122463319, 1.1209409989401358, 1.1432699460293783, 1.1662437468589788, 1.1898978941204594, 1.2142908371423817, 1.2394815132405324, 1.2654584161771527, 1.292189738497268, 1.3196372196496142, 1.3477577125201405, 1.3765162488006508, 1.4058894692714796, 1.4358644122694542, 1.4664281353280029, 1.4975304137097132, 1.529114693710203, 1.5611241841919008, 1.5934907497258806, 1.6261500948004093, 1.6590273411620893, 1.6920354287565977, 1.7250867477055662, 1.7580830557355256, 1.7909276540570644, 1.8235149700718432, 1.8557410637523233, 1.887499515027725, 1.9186851019961344, 1.949197431140054, 1.9789385746972645, 2.0078182469153454, 2.0357551279423065, 2.0626770199602253, 2.088522711023671, 2.1132431783248573, 2.1368020380459334, 2.1591756655536596, 2.180352821984773, 2.2003343715421693, 2.219132205640771, 2.2367686375370726, 2.2532750687137972, 2.268690953727655, 2.2830621671277362, 2.296438994743354, 2.308874424129305, 2.3204234267762063, 2.3311426445488785, 2.3410893594196103, 2.3503209866681223, 2.358894795782324, 2.366867742656318, 2.374294036601921, 2.3812234228989175, 2.3877014359621263, 2.393769886647218, 2.399466062845091, 2.4048251476609717, 2.409882606410853, 2.4146725543216236, 2.4192267369983838, 2.423572785683353, 2.4277321022772984, 2.4317225132686904, 2.435558420855027, 2.4392459201734544, 2.442784666763864, 2.446170107577907, 2.449405626056449, 2.4525001696556883, 2.455461706017433, 2.4582889198291085, 2.460976180544819, 2.463528908966993, 2.465955197845375, 2.468249001147775, 2.4703959946291305, 2.4723957343113714, 2.4742509451381696, 2.475961686756596, 2.477534395934809, 2.47898023845478, 2.480304204351319, 2.4815079195485015, 2.4825890234129697, 2.483543494494443, 2.484375277891707, 2.4850895105797752, 2.4856918031809823, 2.486184616164718, 2.4865652891040293, 2.486830838459782, 2.4869848568522595, 2.487034085785826],
                                   'mu_dns': [0.0015387223566355186, 0.0015601388865886905, 0.0015821758265405059, 0.0016048200364909932, 0.0016280588164401804, 0.0016518817263880907, 0.0016762829563347363, 0.0017012645562801132, 0.00172684063622419, 0.0017530428661668975, 0.0017799274561081135, 0.0018075499360477156, 0.0018358879559857535, 0.0018648975559223228, 0.0018945286658575333, 0.001924726975791503, 0.00195544799572433, 0.0019866604556560826, 0.002018344695586804, 0.0020504814855165357, 0.0020830131054454036, 0.0021158764753735466, 0.0021490095853011, 0.0021823400552282214, 0.0022158009051550572, 0.0022493157350817763, 0.0022827973150085674, 0.0023161595249356196, 0.0023493071748631406, 0.002382148304791332, 0.0024145836947204106, 0.002446517334650587, 0.0024778522145820717, 0.0025084938545150725, 0.0025383536944497825, 0.0025673465743863886, 0.002595395584325058, 0.002622433094265939, 0.0026484006542091603, 0.002673250554154825, 0.0026969467441030123, 0.002719465044053775, 0.00274079306400714, 0.0027609296839631106, 0.002779884653921664, 0.00279767747388276, 0.002814336753846334, 0.0028298989138123066, 0.002844407193780583, 0.0028579101237510584, 0.0028704596637236187, 0.002882109643698145, 0.0028929151436745187, 0.002902932253652616, 0.0029122171636323142, 0.0029208257436134913, 0.0029288133335960255, 0.0029362346335797987, 0.0029431414835646968, 0.0029495813135506158, 0.0029555974235374615, 0.0029612294735251463, 0.0029665127735135945, 0.002971480553502732, 0.002976166193492487, 0.002980601723482788, 0.0029848168934735715, 0.0029888375734647807, 0.0029926838134563703, 0.0029963723134483053, 0.0029999165734405555, 0.0030033223934331087, 0.003006589613425965, 0.0030097141834191325, 0.0030126993734126053, 0.0030155535734063643, 0.003018284253400394, 0.003020890313394696, 0.0030233666733892805, 0.003025718433384139, 0.0030279531433792524, 0.003030065323374634, 0.003032041873370312, 0.0030338824733662875, 0.003035589713362555, 0.003037163723359113, 0.003038610493355949, 0.0030399403533530422, 0.0030411579433503796, 0.0030422648033479596, 0.003043258803345786, 0.003044136283343867, 0.003044900903342195, 0.00304555741334076, 0.0030461109933395494, 0.0030465639233385592, 0.003046913773337794, 0.003047157813337261, 0.0030472993533369516, 0.0030473445933368527],
                                   'rho_dns': [1.0, 0.9817389069638927, 0.9635494889153166, 0.945464516934498, 0.9275134821759096, 0.9097214186079967, 0.8921076140006592, 0.8746840616890521, 0.8574536864127077, 0.8404082442209658, 0.8235259374544263, 0.8067889591879223, 0.7902274679407633, 0.7738801587783343, 0.7577840220856432, 0.7419731237375918, 0.7264716278295248, 0.7112934706867047, 0.6964445886777366, 0.6819290873577827, 0.6677660706220847, 0.6539731807648953, 0.6405640307965886, 0.6275530624649214, 0.6149493845601861, 0.602762820834246, 0.591004173437938, 0.579680993625416, 0.568801341175336, 0.5583698468973091, 0.5483914398358911, 0.5388682826137349, 0.5298014606299442, 0.5211902666881784, 0.5130316631984869, 0.5053213944010256, 0.4980530491424319, 0.49121821493863876, 0.4848068749121387, 0.47880733818300636, 0.4732063069015503, 0.4679890706742688, 0.46313971389797887, 0.45864136754238743, 0.4544763800145159, 0.4506265996492316, 0.4470735073883679, 0.4437984575805984, 0.44078282163417354, 0.43800822176387566, 0.4354568104308637, 0.433111471784399, 0.43095582834608454, 0.42897417810891597, 0.4271515719707147, 0.42547379939691843, 0.4239273416466, 0.4224993150135662, 0.421177825738549, 0.41995219364279274, 0.41881283184681306, 0.41775109862403204, 0.41675938471673224, 0.41583064821683174, 0.41495797236751925, 0.41413482677403407, 0.41335521995790014, 0.41261397466882305, 0.41190706300005864, 0.41123113124277194, 0.41058345857659206, 0.40996276420086836, 0.40936887053772664, 0.4088023138301519, 0.4082623103997696, 0.4077471685314469, 0.40725538400756484, 0.4067870102386161, 0.40634281953050705, 0.4059217638405226, 0.4055223715636637, 0.4051455098472578, 0.4047934024237784, 0.4044659947120184, 0.4041627232536662, 0.4038834709554643, 0.403627090562626, 0.40339167875873383, 0.4031763516126978, 0.4029807812106218, 0.40280529341309895, 0.40265048798896225, 0.4025156782467345, 0.402399992331342, 0.4023024892789536, 0.40222274464180285, 0.4021611676081607, 0.4021182239397312, 0.4020933208518549, 0.40208536172274895]},
                      'case': 'Supersonic_M3.0R200',
                      'constant_Sq_heat': 0.0,
                      'use_visc_heating': True,
                      'Pr_turb': 1.0,
                      'fprint': '<function '
                                'Build_arguments_fi_run._mk_args_MK_solver.<locals>.<lambda> '
                                'at 0x7f0657daa550>',
                      'compressible_correction': False,
                      'bool_solve_energy': False,
                      'output_last': False},
  'u_imp': 1,
  'k_imp': 0,
  'e_imp': 1,
  'solve_sparse_adj': True,
  'all_ref_beta_distrib': {'K': [1.0, 1.0, 1.0, 1.0, 1.0, 1.0, 1.0, 1.0, 1.0, 1.0, 1.0, 1.0, 1.0, 1.0, 1.0, 1.0, 1.0, 1.0, 1.0, 1.0, 1.0, 1.0, 1.0, 1.0, 1.0, 1.0, 1.0, 1.0, 1.0, 1.0, 1.0, 1.0, 1.0, 1.0, 1.0, 1.0, 1.0, 1.0, 1.0, 1.0, 1.0, 1.0, 1.0, 1.0, 1.0, 1.0, 1.0, 1.0, 1.0, 1.0, 1.0, 1.0, 1.0, 1.0, 1.0, 1.0, 1.0, 1.0, 1.0, 1.0, 1.0, 1.0, 1.0, 1.0, 1.0, 1.0, 1.0, 1.0, 1.0, 1.0, 1.0, 1.0, 1.0, 1.0, 1.0, 1.0, 1.0, 1.0, 1.0, 1.0, 1.0, 1.0, 1.0, 1.0, 1.0, 1.0, 1.0, 1.0, 1.0, 1.0, 1.0, 1.0, 1.0, 1.0, 1.0, 1.0, 1.0, 1.0, 1.0, 1.0], 'E': [1.0, 0.99998791, 0.99998147, 0.99997409, 0.99996535, 0.99995471, 0.99994157, 0.99992515, 0.99990454, 0.9998786, 0.99984596, 0.99980495, 0.99975354, 0.99968925, 0.99960906, 0.99950937, 0.99938615, 0.99923521, 0.99905255, 0.99883483, 0.9985795, 0.99828347, 0.99793973, 0.99753276, 0.99703538, 0.99641214, 0.9956291, 0.9946619, 0.99349325, 0.99210348, 0.99046695, 0.98855427, 0.98633502, 0.98377873, 0.98085555, 0.97753793, 0.97380088, 0.96962293, 0.96498857, 0.95988734, 0.95431708, 0.94828398, 0.9418038, 0.93490498, 0.92762736, 0.92002805, 0.91217997, 0.90417848, 0.89614494, 0.88823086, 0.88063359, 0.87360108, 0.86745726, 0.86262788, 0.85967415, 0.85935348, 0.86272332, 0.8714038, 0.88813182, 0.91701394, 0.9618968, 1.02288589, 1.09439175, 1.16716776, 1.23237157, 1.28431958, 1.32089883, 1.34258979, 1.35124294, 1.34917199, 1.3386418, 1.32164463, 1.29984408, 1.27459644, 1.24700244, 1.21796471, 1.18823818, 1.15846991, 1.12922695, 1.10101492, 1.07428964, 1.04946156, 1.02689328, 1.00689026, 0.9896888, 0.97544197, 0.96420737, 0.95593719, 0.95047268, 0.94754569, 0.94679069, 0.94776854, 0.94999956, 0.95300077, 0.9563214, 0.95957189, 0.96244187, 0.96470559, 0.96621685, 0.98348864]},
  'all_ref_delta_distrib': {'K': [-0.0, -0.0, -0.0, -0.0, -0.0, -0.0, -0.0, -0.0, -0.0, -0.0, -0.0, -0.0, -0.0, -0.0, -0.0, -0.0, -0.0, -0.0, -0.0, -0.0, -0.0, -0.0, -0.0, -0.0, -0.0, -0.0, -0.0, -0.0, -0.0, -0.0, -0.0, -0.0, -0.0, -0.0, -0.0, -0.0, -0.0, -0.0, -0.0, -0.0, -0.0, -0.0, -0.0, -0.0, -0.0, -0.0, -0.0, -0.0, -0.0, -0.0, -0.0, -0.0, -0.0, -0.0, -0.0, -0.0, -0.0, -0.0, -0.0, -0.0, -0.0, -0.0, -0.0, -0.0, -0.0, -0.0, -0.0, -0.0, -0.0, -0.0, -0.0, -0.0, -0.0, -0.0, -0.0, -0.0, -0.0, -0.0, -0.0, -0.0, -0.0, -0.0, -0.0, -0.0, -0.0, -0.0, -0.0, -0.0, -0.0, -0.0, -0.0, -0.0, -0.0, -0.0, -0.0, -0.0, -0.0, -0.0, -0.0, -0.0], 'E': [-0.0, 0.0073554965910513, 0.016277207083507786, 0.027403310742654282, 0.04155894381283312, 0.05988541189000975, 0.08381851810288293, 0.11530074284873736, 0.15679357015679113, 0.21152272189260296, 0.2836078429604948, 0.37832852068850537, 0.5023751329011487, 0.6642200751511742, 0.8745376037613406, 1.1465903835428832, 1.496727670883885, 1.9449087669071325, 2.5152026404208994, 3.236303008052868, 4.142041448366058, 5.272101092211742, 6.672569353789956, 8.396216901548115, 10.501632963837153, 13.050129559000903, 16.10017807689429, 19.700558915443086, 23.884964896688864, 28.667915752831853, 34.04194032487396, 39.97527822806662, 46.41092307009083, 53.26712008435759, 60.44005471640233, 67.807112224098, 75.23206413863275, 82.57053814314712, 89.6741731089172, 96.39712104548644, 102.59863145454408, 108.14733785103486, 112.9237737206132, 116.82083958859901, 119.74686068681739, 121.62326439980377, 122.38722167787098, 121.98927988201743, 120.39371616704716, 117.57941243699186, 113.53642009120618, 108.27001359803891, 101.79779689170697, 94.15089423104367, 85.375579110455, 75.53058665926832, 64.67448767044503, 52.80805492420251, 39.77627001315985, 25.381657446967306, 9.964934258682582, -5.093321480380212, -17.823424328072317, -26.758604462371245, -31.571060005866247, -32.886529947374626, -31.736557490758987, -29.119411723933016, -25.802108195983116, -22.294723674198668, -18.899516401944908, -15.77455608919723, -12.987223727559604, -10.552136627784149, -8.45568611315277, -6.670992518223495, -5.166406171073219, -3.910044506711671, -2.871900500499881, -2.0246498457181303, -1.3438144652066566, -0.8075245747300596, -0.3960723574175587, -0.0914355688052048, 0.1230829253660848, 0.263106919774377, 0.3432767839929306, 0.37720387385270626, 0.37731924031919906, 0.35465079900364915, 0.31857658687561347, 0.27662453308381124, 0.23439198154188645, 0.1956291366271378, 0.1624811804560004, 0.13584207554292588, 0.1157592000261551, 0.10182197081800583, 0.09348338939553381, 0.045036018727529326]},
  'fname_print': '/media/rafael/DATA/Dropbox/20220924_FIML_solver/data/output/field_inversion/Beta_e/u_imp_1/FI_run_Supersonic_M3.0R200_u_imp_1_k_imp_0_e_imp_1/FI_run_Supersonic_M3.0R200_u_imp_1_k_imp_0_e_imp_1.log',
  'folder': '/media/rafael/DATA/Dropbox/20220924_FIML_solver/data/output/field_inversion/Beta_e/u_imp_1/FI_run_Supersonic_M3.0R200_u_imp_1_k_imp_0_e_imp_1',
  'iters_limit': 15000}
# End_Input_Arguments

# ------------------------------------------------------------------------
#                  Iterations
# ------------------------------------------------------------------------

iter:      0 (Jcost: 1.847632e-01) (lr = 1.000e-03) (elapsed time:  0.002) (secs/iter:   None) (n_accepted: 0%) (u_error:  7.317439 %) (beta_change: 35.124294 %) (delta_change:  2.819060 %) (delta_peak/R:  0.000000 %)
-> Saved file: /media/rafael/DATA/Dropbox/20220924_FIML_solver/data/output/field_inversion/Beta_e/u_imp_1/FI_run_Supersonic_M3.0R200_u_imp_1_k_imp_0_e_imp_1/FI_run_Supersonic_M3.0R200_u_imp_1_k_imp_0_e_imp_1_state_iter_0.dat
iter:    100 (Jcost: 2.404233e-02) (lr = 7.874e-01) (elapsed time: 134.372) (secs/iter:  1.344) (n_accepted: 87%) (u_error:  2.677030 %) (beta_change: 24.098859 %) (delta_change:  1.156088 %) (delta_peak/R:  2.745373 %)
iter:    200 (Jcost: 2.274364e-02) (lr = 1.622e+00) (elapsed time: 257.841) (secs/iter:  1.235) (n_accepted: 80%) (u_error:  2.575375 %) (beta_change: 18.682993 %) (delta_change:  0.813355 %) (delta_peak/R:  2.635532 %)
iter:    300 (Jcost: 2.234921e-02) (lr = 1.007e-01) (elapsed time: 389.014) (secs/iter:  1.312) (n_accepted: 76%) (u_error:  2.541167 %) (beta_change: 15.492218 %) (delta_change:  0.621414 %) (delta_peak/R:  2.590387 %)
iter:    400 (Jcost: 2.213695e-02) (lr = 4.980e-01) (elapsed time: 505.446) (secs/iter:  1.164) (n_accepted: 81%) (u_error:  2.525207 %) (beta_change: 12.958820 %) (delta_change:  0.466886 %) (delta_peak/R:  2.562371 %)
iter:    500 (Jcost: 2.201288e-02) (lr = 4.275e-01) (elapsed time: 628.656) (secs/iter:  1.232) (n_accepted: 79%) (u_error:  2.516742 %) (beta_change: 11.085170 %) (delta_change:  0.366847 %) (delta_peak/R:  2.546420 %)
-> Saved file: /media/rafael/DATA/Dropbox/20220924_FIML_solver/data/output/field_inversion/Beta_e/u_imp_1/FI_run_Supersonic_M3.0R200_u_imp_1_k_imp_0_e_imp_1/FI_run_Supersonic_M3.0R200_u_imp_1_k_imp_0_e_imp_1_state_iter_500.dat
iter:    600 (Jcost: 2.191571e-02) (lr = 8.807e-01) (elapsed time: 756.717) (secs/iter:  1.281) (n_accepted: 80%) (u_error:  2.510307 %) (beta_change:  9.410869 %) (delta_change:  0.283528 %) (delta_peak/R:  2.535533 %)
iter:    700 (Jcost: 2.183454e-02) (lr = 7.560e-01) (elapsed time: 877.486) (secs/iter:  1.208) (n_accepted: 79%) (u_error:  2.505548 %) (beta_change:  7.900313 %) (delta_change:  0.291201 %) (delta_peak/R:  2.527859 %)
iter:    800 (Jcost: 2.176270e-02) (lr = 1.558e+00) (elapsed time: 1001.169) (secs/iter:  1.237) (n_accepted: 80%) (u_error:  2.493157 %) (beta_change:  6.484851 %) (delta_change:  0.292462 %) (delta_peak/R:  2.526599 %)
iter:    900 (Jcost: 2.169439e-02) (lr = 2.321e-01) (elapsed time: 1124.398) (secs/iter:  1.232) (n_accepted: 77%) (u_error:  2.497695 %) (beta_change:  5.146257 %) (delta_change:  0.300445 %) (delta_peak/R:  2.518615 %)
iter:   1000 (Jcost: 2.163493e-02) (lr = 1.992e-01) (elapsed time: 1249.426) (secs/iter:  1.250) (n_accepted: 79%) (u_error:  2.483889 %) (beta_change:  3.907844 %) (delta_change:  0.297751 %) (delta_peak/R:  2.521310 %)
-> Saved file: /media/rafael/DATA/Dropbox/20220924_FIML_solver/data/output/field_inversion/Beta_e/u_imp_1/FI_run_Supersonic_M3.0R200_u_imp_1_k_imp_0_e_imp_1/FI_run_Supersonic_M3.0R200_u_imp_1_k_imp_0_e_imp_1_state_iter_1000.dat
iter:   1100 (Jcost: 2.158068e-02) (lr = 7.126e-02) (elapsed time: 1378.078) (secs/iter:  1.287) (n_accepted: 78%) (u_error:  2.492068 %) (beta_change:  2.912109 %) (delta_change:  0.304934 %) (delta_peak/R:  2.514127 %)
iter:   1200 (Jcost: 2.152762e-02) (lr = 8.457e-01) (elapsed time: 1497.058) (secs/iter:  1.190) (n_accepted: 82%) (u_error:  2.499395 %) (beta_change:  2.070504 %) (delta_change:  0.311315 %) (delta_peak/R:  2.507745 %)
iter:   1300 (Jcost: 2.147417e-02) (lr = 1.742e+00) (elapsed time: 1616.621) (secs/iter:  1.196) (n_accepted: 80%) (u_error:  2.481460 %) (beta_change:  1.876761 %) (delta_change:  0.304576 %) (delta_peak/R:  2.514484 %)
iter:   1400 (Jcost: 2.142989e-02) (lr = 2.596e-01) (elapsed time: 1737.258) (secs/iter:  1.206) (n_accepted: 77%) (u_error:  2.481432 %) (beta_change:  2.051288 %) (delta_change:  0.306247 %) (delta_peak/R:  2.512813 %)
iter:   1500 (Jcost: 2.138762e-02) (lr = 5.349e-01) (elapsed time: 1856.343) (secs/iter:  1.191) (n_accepted: 80%) (u_error:  2.484646 %) (beta_change:  2.308590 %) (delta_change:  0.309335 %) (delta_peak/R:  2.509726 %)
-> Saved file: /media/rafael/DATA/Dropbox/20220924_FIML_solver/data/output/field_inversion/Beta_e/u_imp_1/FI_run_Supersonic_M3.0R200_u_imp_1_k_imp_0_e_imp_1/FI_run_Supersonic_M3.0R200_u_imp_1_k_imp_0_e_imp_1_state_iter_1500.dat
iter:   1600 (Jcost: 2.134133e-02) (lr = 1.913e-01) (elapsed time: 1976.571) (secs/iter:  1.202) (n_accepted: 78%) (u_error:  2.478474 %) (beta_change:  2.706428 %) (delta_change:  0.307744 %) (delta_peak/R:  2.511317 %)
iter:   1700 (Jcost: 2.130088e-02) (lr = 1.642e-01) (elapsed time: 2096.272) (secs/iter:  1.197) (n_accepted: 79%) (u_error:  2.486141 %) (beta_change:  3.642312 %) (delta_change:  0.312870 %) (delta_peak/R:  2.506191 %)
iter:   1800 (Jcost: 2.126209e-02) (lr = 1.410e-01) (elapsed time: 2216.414) (secs/iter:  1.201) (n_accepted: 79%) (u_error:  2.482747 %) (beta_change:  4.551327 %) (delta_change:  0.312327 %) (delta_peak/R:  2.506733 %)
iter:   1900 (Jcost: 2.122317e-02) (lr = 2.904e-01) (elapsed time: 2337.526) (secs/iter:  1.211) (n_accepted: 80%) (u_error:  2.480268 %) (beta_change:  5.491829 %) (delta_change:  0.312244 %) (delta_peak/R:  2.506816 %)
iter:   2000 (Jcost: 2.118930e-02) (lr = 2.493e-01) (elapsed time: 2459.881) (secs/iter:  1.224) (n_accepted: 79%) (u_error:  2.480171 %) (beta_change:  6.340434 %) (delta_change:  0.313230 %) (delta_peak/R:  2.505830 %)
-> Saved file: /media/rafael/DATA/Dropbox/20220924_FIML_solver/data/output/field_inversion/Beta_e/u_imp_1/FI_run_Supersonic_M3.0R200_u_imp_1_k_imp_0_e_imp_1/FI_run_Supersonic_M3.0R200_u_imp_1_k_imp_0_e_imp_1_state_iter_2000.dat
iter:   2100 (Jcost: 2.115493e-02) (lr = 2.140e-01) (elapsed time: 2583.121) (secs/iter:  1.232) (n_accepted: 79%) (u_error:  2.470358 %) (beta_change:  7.203949 %) (delta_change:  0.309333 %) (delta_peak/R:  2.509728 %)
iter:   2200 (Jcost: 2.112119e-02) (lr = 1.837e-01) (elapsed time: 2704.984) (secs/iter:  1.219) (n_accepted: 79%) (u_error:  2.472016 %) (beta_change:  8.090645 %) (delta_change:  0.311245 %) (delta_peak/R:  2.507815 %)
iter:   2300 (Jcost: 2.108862e-02) (lr = 1.577e-01) (elapsed time: 2821.625) (secs/iter:  1.166) (n_accepted: 79%) (u_error:  2.468200 %) (beta_change:  8.968149 %) (delta_change:  0.310405 %) (delta_peak/R:  2.508655 %)
iter:   2400 (Jcost: 2.105723e-02) (lr = 3.248e-01) (elapsed time: 2941.225) (secs/iter:  1.196) (n_accepted: 80%) (u_error:  2.458299 %) (beta_change:  9.859229 %) (delta_change:  0.306534 %) (delta_peak/R:  2.512526 %)
iter:   2500 (Jcost: 2.102758e-02) (lr = 2.788e-01) (elapsed time: 3054.222) (secs/iter:  1.130) (n_accepted: 79%) (u_error:  2.457474 %) (beta_change: 10.702355 %) (delta_change:  0.307201 %) (delta_peak/R:  2.511859 %)
-> Saved file: /media/rafael/DATA/Dropbox/20220924_FIML_solver/data/output/field_inversion/Beta_e/u_imp_1/FI_run_Supersonic_M3.0R200_u_imp_1_k_imp_0_e_imp_1/FI_run_Supersonic_M3.0R200_u_imp_1_k_imp_0_e_imp_1_state_iter_2500.dat
iter:   2600 (Jcost: 2.100170e-02) (lr = 2.394e-01) (elapsed time: 3179.938) (secs/iter:  1.257) (n_accepted: 79%) (u_error:  2.462528 %) (beta_change: 11.450189 %) (delta_change:  0.310730 %) (delta_peak/R:  2.508330 %)
iter:   2700 (Jcost: 2.097569e-02) (lr = 8.561e-02) (elapsed time: 3294.480) (secs/iter:  1.145) (n_accepted: 78%) (u_error:  2.459908 %) (beta_change: 12.235216 %) (delta_change:  0.310470 %) (delta_peak/R:  2.508590 %)
iter:   2800 (Jcost: 2.094608e-02) (lr = 1.016e+00) (elapsed time: 3410.512) (secs/iter:  1.160) (n_accepted: 82%) (u_error:  2.458586 %) (beta_change: 13.156445 %) (delta_change:  0.311082 %) (delta_peak/R:  2.507979 %)
iter:   2900 (Jcost: 2.092078e-02) (lr = 8.720e-01) (elapsed time: 3529.707) (secs/iter:  1.192) (n_accepted: 79%) (u_error:  2.455317 %) (beta_change: 13.967104 %) (delta_change:  0.310596 %) (delta_peak/R:  2.508465 %)
iter:   3000 (Jcost: 2.089875e-02) (lr = 7.485e-01) (elapsed time: 3651.449) (secs/iter:  1.217) (n_accepted: 79%) (u_error:  2.454389 %) (beta_change: 14.692426 %) (delta_change:  0.311194 %) (delta_peak/R:  2.507866 %)
-> Saved file: /media/rafael/DATA/Dropbox/20220924_FIML_solver/data/output/field_inversion/Beta_e/u_imp_1/FI_run_Supersonic_M3.0R200_u_imp_1_k_imp_0_e_imp_1/FI_run_Supersonic_M3.0R200_u_imp_1_k_imp_0_e_imp_1_state_iter_3000.dat
iter:   3100 (Jcost: 2.087757e-02) (lr = 1.116e-01) (elapsed time: 3778.997) (secs/iter:  1.275) (n_accepted: 77%) (u_error:  2.452487 %) (beta_change: 15.407652 %) (delta_change:  0.311316 %) (delta_peak/R:  2.507746 %)
iter:   3200 (Jcost: 2.085661e-02) (lr = 5.516e-01) (elapsed time: 3899.003) (secs/iter:  1.200) (n_accepted: 81%) (u_error:  2.449950 %) (beta_change: 16.134011 %) (delta_change:  0.311236 %) (delta_peak/R:  2.507902 %)
iter:   3300 (Jcost: 2.083153e-02) (lr = 1.973e-01) (elapsed time: 4015.814) (secs/iter:  1.168) (n_accepted: 78%) (u_error:  2.444638 %) (beta_change: 17.035917 %) (delta_change:  0.310004 %) (delta_peak/R:  2.509147 %)
iter:   3400 (Jcost: 2.081206e-02) (lr = 4.064e-01) (elapsed time: 4131.203) (secs/iter:  1.154) (n_accepted: 80%) (u_error:  2.447272 %) (beta_change: 17.741459 %) (delta_change:  0.312731 %) (delta_peak/R:  2.506675 %)
iter:   3500 (Jcost: 2.079375e-02) (lr = 3.489e-01) (elapsed time: 4235.131) (secs/iter:  1.039) (n_accepted: 79%) (u_error:  2.445874 %) (beta_change: 18.429903 %) (delta_change:  0.313271 %) (delta_peak/R:  2.506236 %)
-> Saved file: /media/rafael/DATA/Dropbox/20220924_FIML_solver/data/output/field_inversion/Beta_e/u_imp_1/FI_run_Supersonic_M3.0R200_u_imp_1_k_imp_0_e_imp_1/FI_run_Supersonic_M3.0R200_u_imp_1_k_imp_0_e_imp_1_state_iter_3500.dat
iter:   3600 (Jcost: 2.077551e-02) (lr = 7.187e-01) (elapsed time: 4308.457) (secs/iter:  0.733) (n_accepted: 80%) (u_error:  2.444610 %) (beta_change: 19.132901 %) (delta_change:  0.313931 %) (delta_peak/R:  2.505681 %)
iter:   3700 (Jcost: 2.075828e-02) (lr = 1.481e+00) (elapsed time: 4376.768) (secs/iter:  0.683) (n_accepted: 80%) (u_error:  2.440265 %) (beta_change: 19.816600 %) (delta_change:  0.312910 %) (delta_peak/R:  2.506687 %)
iter:   3800 (Jcost: 2.074298e-02) (lr = 2.207e-01) (elapsed time: 4484.396) (secs/iter:  1.076) (n_accepted: 77%) (u_error:  2.439506 %) (beta_change: 20.433772 %) (delta_change:  0.317697 %) (delta_peak/R:  2.505983 %)
iter:   3900 (Jcost: 2.072832e-02) (lr = 4.546e-01) (elapsed time: 4582.609) (secs/iter:  0.982) (n_accepted: 80%) (u_error:  2.440170 %) (beta_change: 21.037512 %) (delta_change:  0.323741 %) (delta_peak/R:  2.504572 %)
iter:   4000 (Jcost: 2.071132e-02) (lr = 1.626e-01) (elapsed time: 4652.501) (secs/iter:  0.699) (n_accepted: 78%) (u_error:  2.438368 %) (beta_change: 21.756814 %) (delta_change:  0.330952 %) (delta_peak/R:  2.504173 %)
-> Saved file: /media/rafael/DATA/Dropbox/20220924_FIML_solver/data/output/field_inversion/Beta_e/u_imp_1/FI_run_Supersonic_M3.0R200_u_imp_1_k_imp_0_e_imp_1/FI_run_Supersonic_M3.0R200_u_imp_1_k_imp_0_e_imp_1_state_iter_4000.dat
iter:   4100 (Jcost: 2.069691e-02) (lr = 8.039e-01) (elapsed time: 4735.706) (secs/iter:  0.832) (n_accepted: 81%) (u_error:  2.439300 %) (beta_change: 22.383276 %) (delta_change:  0.337201 %) (delta_peak/R:  2.502550 %)
iter:   4200 (Jcost: 2.068344e-02) (lr = 6.901e-01) (elapsed time: 4847.584) (secs/iter:  1.119) (n_accepted: 79%) (u_error:  2.436418 %) (beta_change: 22.978014 %) (delta_change:  0.343158 %) (delta_peak/R:  2.502889 %)
iter:   4300 (Jcost: 2.066931e-02) (lr = 1.422e+00) (elapsed time: 4966.368) (secs/iter:  1.188) (n_accepted: 80%) (u_error:  2.436346 %) (beta_change: 23.619346 %) (delta_change:  0.349545 %) (delta_peak/R:  2.501713 %)
iter:   4400 (Jcost: 2.065798e-02) (lr = 2.119e-01) (elapsed time: 5085.543) (secs/iter:  1.192) (n_accepted: 77%) (u_error:  2.434851 %) (beta_change: 24.142622 %) (delta_change:  0.354761 %) (delta_peak/R:  2.501463 %)
iter:   4500 (Jcost: 2.064533e-02) (lr = 1.048e+00) (elapsed time: 5198.041) (secs/iter:  1.125) (n_accepted: 81%) (u_error:  2.435275 %) (beta_change: 24.743073 %) (delta_change:  0.360714 %) (delta_peak/R:  2.500088 %)
-> Saved file: /media/rafael/DATA/Dropbox/20220924_FIML_solver/data/output/field_inversion/Beta_e/u_imp_1/FI_run_Supersonic_M3.0R200_u_imp_1_k_imp_0_e_imp_1/FI_run_Supersonic_M3.0R200_u_imp_1_k_imp_0_e_imp_1_state_iter_4500.dat
iter:   4600 (Jcost: 2.063451e-02) (lr = 3.747e-01) (elapsed time: 5318.489) (secs/iter:  1.204) (n_accepted: 78%) (u_error:  2.428831 %) (beta_change: 25.266673 %) (delta_change:  0.365961 %) (delta_peak/R:  2.502305 %)
iter:   4700 (Jcost: 2.062324e-02) (lr = 7.719e-01) (elapsed time: 5432.502) (secs/iter:  1.140) (n_accepted: 80%) (u_error:  2.431084 %) (beta_change: 25.814480 %) (delta_change:  0.371350 %) (delta_peak/R:  2.500092 %)
iter:   4800 (Jcost: 2.061262e-02) (lr = 6.626e-01) (elapsed time: 5547.476) (secs/iter:  1.150) (n_accepted: 79%) (u_error:  2.428484 %) (beta_change: 26.348087 %) (delta_change:  0.376633 %) (delta_peak/R:  2.500338 %)
iter:   4900 (Jcost: 2.060215e-02) (lr = 2.370e-01) (elapsed time: 5656.415) (secs/iter:  1.089) (n_accepted: 78%) (u_error:  2.431179 %) (beta_change: 26.885388 %) (delta_change:  0.381883 %) (delta_peak/R:  2.497906 %)
iter:   5000 (Jcost: 2.059189e-02) (lr = 8.476e-02) (elapsed time: 5777.422) (secs/iter:  1.210) (n_accepted: 78%) (u_error:  2.427736 %) (beta_change: 27.416856 %) (delta_change:  0.387122 %) (delta_peak/R:  2.498562 %)
-> Saved file: /media/rafael/DATA/Dropbox/20220924_FIML_solver/data/output/field_inversion/Beta_e/u_imp_1/FI_run_Supersonic_M3.0R200_u_imp_1_k_imp_0_e_imp_1/FI_run_Supersonic_M3.0R200_u_imp_1_k_imp_0_e_imp_1_state_iter_5000.dat
iter:   5100 (Jcost: 2.058135e-02) (lr = 1.006e+00) (elapsed time: 5860.050) (secs/iter:  0.826) (n_accepted: 82%) (u_error:  2.426633 %) (beta_change: 27.977406 %) (delta_change:  0.392602 %) (delta_peak/R:  2.497975 %)
iter:   5200 (Jcost: 2.057216e-02) (lr = 3.598e-01) (elapsed time: 5966.392) (secs/iter:  1.063) (n_accepted: 78%) (u_error:  2.424963 %) (beta_change: 28.476656 %) (delta_change:  0.397470 %) (delta_peak/R:  2.497790 %)
iter:   5300 (Jcost: 2.056359e-02) (lr = 3.088e-01) (elapsed time: 6084.191) (secs/iter:  1.178) (n_accepted: 79%) (u_error:  2.425922 %) (beta_change: 28.948758 %) (delta_change:  0.402026 %) (delta_peak/R:  2.496333 %)
iter:   5400 (Jcost: 2.055521e-02) (lr = 1.527e+00) (elapsed time: 6194.366) (secs/iter:  1.102) (n_accepted: 81%) (u_error:  2.427166 %) (beta_change: 29.441059 %) (delta_change:  0.406599 %) (delta_peak/R:  2.494721 %)
iter:   5500 (Jcost: 2.054705e-02) (lr = 5.461e-01) (elapsed time: 6308.644) (secs/iter:  1.143) (n_accepted: 78%) (u_error:  2.423847 %) (beta_change: 29.935869 %) (delta_change:  0.411059 %) (delta_peak/R:  2.495426 %)
-> Saved file: /media/rafael/DATA/Dropbox/20220924_FIML_solver/data/output/field_inversion/Beta_e/u_imp_1/FI_run_Supersonic_M3.0R200_u_imp_1_k_imp_0_e_imp_1/FI_run_Supersonic_M3.0R200_u_imp_1_k_imp_0_e_imp_1_state_iter_5500.dat
iter:   5600 (Jcost: 2.053873e-02) (lr = 1.953e-01) (elapsed time: 6429.621) (secs/iter:  1.210) (n_accepted: 78%) (u_error:  2.419350 %) (beta_change: 30.468457 %) (delta_change:  0.415833 %) (delta_peak/R:  2.496648 %)
iter:   5700 (Jcost: 2.053002e-02) (lr = 4.024e-01) (elapsed time: 6541.929) (secs/iter:  1.123) (n_accepted: 80%) (u_error:  2.421885 %) (beta_change: 31.015371 %) (delta_change:  0.420607 %) (delta_peak/R:  2.494307 %)
iter:   5800 (Jcost: 2.052286e-02) (lr = 1.439e-01) (elapsed time: 6657.207) (secs/iter:  1.153) (n_accepted: 78%) (u_error:  2.419343 %) (beta_change: 31.487496 %) (delta_change:  0.424748 %) (delta_peak/R:  2.494661 %)
iter:   5900 (Jcost: 2.051638e-02) (lr = 2.965e-01) (elapsed time: 6771.230) (secs/iter:  1.140) (n_accepted: 80%) (u_error:  2.420941 %) (beta_change: 31.915770 %) (delta_change:  0.428426 %) (delta_peak/R:  2.493021 %)
iter:   6000 (Jcost: 2.050978e-02) (lr = 2.545e-01) (elapsed time: 6885.964) (secs/iter:  1.147) (n_accepted: 79%) (u_error:  2.420187 %) (beta_change: 32.363630 %) (delta_change:  0.432270 %) (delta_peak/R:  2.492523 %)
-> Saved file: /media/rafael/DATA/Dropbox/20220924_FIML_solver/data/output/field_inversion/Beta_e/u_imp_1/FI_run_Supersonic_M3.0R200_u_imp_1_k_imp_0_e_imp_1/FI_run_Supersonic_M3.0R200_u_imp_1_k_imp_0_e_imp_1_state_iter_6000.dat
iter:   6100 (Jcost: 2.050301e-02) (lr = 2.185e-01) (elapsed time: 7009.254) (secs/iter:  1.233) (n_accepted: 79%) (u_error:  2.421646 %) (beta_change: 32.836056 %) (delta_change:  0.436259 %) (delta_peak/R:  2.490866 %)
iter:   6200 (Jcost: 2.049686e-02) (lr = 1.080e+00) (elapsed time: 7128.520) (secs/iter:  1.193) (n_accepted: 81%) (u_error:  2.418147 %) (beta_change: 33.266368 %) (delta_change:  0.439920 %) (delta_peak/R:  2.491781 %)
iter:   6300 (Jcost: 2.049063e-02) (lr = 3.864e-01) (elapsed time: 7240.287) (secs/iter:  1.118) (n_accepted: 78%) (u_error:  2.417265 %) (beta_change: 33.714017 %) (delta_change:  0.443659 %) (delta_peak/R:  2.491347 %)
iter:   6400 (Jcost: 2.048439e-02) (lr = 3.317e-01) (elapsed time: 7355.850) (secs/iter:  1.156) (n_accepted: 79%) (u_error:  2.418755 %) (beta_change: 34.170798 %) (delta_change:  0.447405 %) (delta_peak/R:  2.489704 %)
iter:   6500 (Jcost: 2.047901e-02) (lr = 1.186e-01) (elapsed time: 7460.884) (secs/iter:  1.050) (n_accepted: 78%) (u_error:  2.417301 %) (beta_change: 34.570997 %) (delta_change:  0.450690 %) (delta_peak/R:  2.489652 %)
-> Saved file: /media/rafael/DATA/Dropbox/20220924_FIML_solver/data/output/field_inversion/Beta_e/u_imp_1/FI_run_Supersonic_M3.0R200_u_imp_1_k_imp_0_e_imp_1/FI_run_Supersonic_M3.0R200_u_imp_1_k_imp_0_e_imp_1_state_iter_6500.dat
iter:   6600 (Jcost: 2.047336e-02) (lr = 2.444e-01) (elapsed time: 7577.404) (secs/iter:  1.165) (n_accepted: 80%) (u_error:  2.417026 %) (beta_change: 34.999582 %) (delta_change:  0.454158 %) (delta_peak/R:  2.488952 %)
iter:   6700 (Jcost: 2.046782e-02) (lr = 5.035e-01) (elapsed time: 7687.874) (secs/iter:  1.105) (n_accepted: 80%) (u_error:  2.414753 %) (beta_change: 35.429885 %) (delta_change:  0.457631 %) (delta_peak/R:  2.489253 %)
iter:   6800 (Jcost: 2.046269e-02) (lr = 1.037e+00) (elapsed time: 7798.942) (secs/iter:  1.111) (n_accepted: 80%) (u_error:  2.414740 %) (beta_change: 35.831933 %) (delta_change:  0.460814 %) (delta_peak/R:  2.488475 %)
iter:   6900 (Jcost: 2.045781e-02) (lr = 8.903e-01) (elapsed time: 7915.359) (secs/iter:  1.164) (n_accepted: 79%) (u_error:  2.417038 %) (beta_change: 36.224774 %) (delta_change:  0.463859 %) (delta_peak/R:  2.486556 %)
iter:   7000 (Jcost: 2.045294e-02) (lr = 3.184e-01) (elapsed time: 7993.230) (secs/iter:  0.779) (n_accepted: 78%) (u_error:  2.416734 %) (beta_change: 36.622043 %) (delta_change:  0.466944 %) (delta_peak/R:  2.485935 %)
-> Saved file: /media/rafael/DATA/Dropbox/20220924_FIML_solver/data/output/field_inversion/Beta_e/u_imp_1/FI_run_Supersonic_M3.0R200_u_imp_1_k_imp_0_e_imp_1/FI_run_Supersonic_M3.0R200_u_imp_1_k_imp_0_e_imp_1_state_iter_7000.dat
iter:   7100 (Jcost: 2.044775e-02) (lr = 2.733e-01) (elapsed time: 8058.073) (secs/iter:  0.648) (n_accepted: 79%) (u_error:  2.416799 %) (beta_change: 37.055161 %) (delta_change:  0.470263 %) (delta_peak/R:  2.485061 %)
iter:   7200 (Jcost: 2.044364e-02) (lr = 2.346e-01) (elapsed time: 8125.134) (secs/iter:  0.671) (n_accepted: 79%) (u_error:  2.413427 %) (beta_change: 37.394451 %) (delta_change:  0.472884 %) (delta_peak/R:  2.486094 %)
iter:   7300 (Jcost: 2.043925e-02) (lr = 4.834e-01) (elapsed time: 8192.998) (secs/iter:  0.679) (n_accepted: 80%) (u_error:  2.413299 %) (beta_change: 37.769843 %) (delta_change:  0.475704 %) (delta_peak/R:  2.485431 %)
iter:   7400 (Jcost: 2.043508e-02) (lr = 1.729e-01) (elapsed time: 8260.595) (secs/iter:  0.676) (n_accepted: 78%) (u_error:  2.413033 %) (beta_change: 38.133091 %) (delta_change:  0.478406 %) (delta_peak/R:  2.484863 %)
iter:   7500 (Jcost: 2.043066e-02) (lr = 8.549e-01) (elapsed time: 8374.345) (secs/iter:  1.138) (n_accepted: 81%) (u_error:  2.414093 %) (beta_change: 38.526005 %) (delta_change:  0.481276 %) (delta_peak/R:  2.483572 %)
-> Saved file: /media/rafael/DATA/Dropbox/20220924_FIML_solver/data/output/field_inversion/Beta_e/u_imp_1/FI_run_Supersonic_M3.0R200_u_imp_1_k_imp_0_e_imp_1/FI_run_Supersonic_M3.0R200_u_imp_1_k_imp_0_e_imp_1_state_iter_7500.dat
iter:   7600 (Jcost: 2.042702e-02) (lr = 1.274e-01) (elapsed time: 8492.057) (secs/iter:  1.177) (n_accepted: 77%) (u_error:  2.412597 %) (beta_change: 38.850459 %) (delta_change:  0.483655 %) (delta_peak/R:  2.483698 %)
iter:   7700 (Jcost: 2.042303e-02) (lr = 2.625e-01) (elapsed time: 8594.014) (secs/iter:  1.020) (n_accepted: 80%) (u_error:  2.410199 %) (beta_change: 39.218494 %) (delta_change:  0.486336 %) (delta_peak/R:  2.484193 %)
iter:   7800 (Jcost: 2.041948e-02) (lr = 2.253e-01) (elapsed time: 8710.839) (secs/iter:  1.168) (n_accepted: 79%) (u_error:  2.411465 %) (beta_change: 39.543813 %) (delta_change:  0.488630 %) (delta_peak/R:  2.482934 %)
iter:   7900 (Jcost: 2.041570e-02) (lr = 4.641e-01) (elapsed time: 8793.590) (secs/iter:  0.828) (n_accepted: 80%) (u_error:  2.411189 %) (beta_change: 39.899207 %) (delta_change:  0.491134 %) (delta_peak/R:  2.482393 %)
iter:   8000 (Jcost: 2.041226e-02) (lr = 3.984e-01) (elapsed time: 8908.565) (secs/iter:  1.150) (n_accepted: 79%) (u_error:  2.410141 %) (beta_change: 40.228848 %) (delta_change:  0.493442 %) (delta_peak/R:  2.482288 %)
-> Saved file: /media/rafael/DATA/Dropbox/20220924_FIML_solver/data/output/field_inversion/Beta_e/u_imp_1/FI_run_Supersonic_M3.0R200_u_imp_1_k_imp_0_e_imp_1/FI_run_Supersonic_M3.0R200_u_imp_1_k_imp_0_e_imp_1_state_iter_8000.dat
iter:   8100 (Jcost: 2.040866e-02) (lr = 8.208e-01) (elapsed time: 9027.021) (secs/iter:  1.185) (n_accepted: 80%) (u_error:  2.410476 %) (beta_change: 40.576555 %) (delta_change:  0.495829 %) (delta_peak/R:  2.481458 %)
iter:   8200 (Jcost: 2.040528e-02) (lr = 1.223e-01) (elapsed time: 9138.430) (secs/iter:  1.114) (n_accepted: 77%) (u_error:  2.410414 %) (beta_change: 40.909523 %) (delta_change:  0.498093 %) (delta_peak/R:  2.480856 %)
iter:   8300 (Jcost: 2.040208e-02) (lr = 6.048e-01) (elapsed time: 9249.257) (secs/iter:  1.108) (n_accepted: 81%) (u_error:  2.409980 %) (beta_change: 41.229339 %) (delta_change:  0.500251 %) (delta_peak/R:  2.480468 %)
iter:   8400 (Jcost: 2.039901e-02) (lr = 2.163e-01) (elapsed time: 9362.721) (secs/iter:  1.135) (n_accepted: 78%) (u_error:  2.408664 %) (beta_change: 41.541819 %) (delta_change:  0.502349 %) (delta_peak/R:  2.480536 %)
iter:   8500 (Jcost: 2.039586e-02) (lr = 7.737e-02) (elapsed time: 9475.491) (secs/iter:  1.128) (n_accepted: 78%) (u_error:  2.410260 %) (beta_change: 41.866394 %) (delta_change:  0.504459 %) (delta_peak/R:  2.479124 %)
-> Saved file: /media/rafael/DATA/Dropbox/20220924_FIML_solver/data/output/field_inversion/Beta_e/u_imp_1/FI_run_Supersonic_M3.0R200_u_imp_1_k_imp_0_e_imp_1/FI_run_Supersonic_M3.0R200_u_imp_1_k_imp_0_e_imp_1_state_iter_8500.dat
iter:   8600 (Jcost: 2.039296e-02) (lr = 3.825e-01) (elapsed time: 9563.708) (secs/iter:  0.882) (n_accepted: 81%) (u_error:  2.409160 %) (beta_change: 42.167113 %) (delta_change:  0.506432 %) (delta_peak/R:  2.479110 %)
iter:   8700 (Jcost: 2.039006e-02) (lr = 3.284e-01) (elapsed time: 9628.477) (secs/iter:  0.648) (n_accepted: 79%) (u_error:  2.408950 %) (beta_change: 42.473808 %) (delta_change:  0.508408 %) (delta_peak/R:  2.478640 %)
iter:   8800 (Jcost: 2.038723e-02) (lr = 6.765e-01) (elapsed time: 9694.277) (secs/iter:  0.658) (n_accepted: 80%) (u_error:  2.408105 %) (beta_change: 42.778472 %) (delta_change:  0.510360 %) (delta_peak/R:  2.478493 %)
iter:   8900 (Jcost: 2.038443e-02) (lr = 2.420e-01) (elapsed time: 9761.050) (secs/iter:  0.668) (n_accepted: 78%) (u_error:  2.408034 %) (beta_change: 43.082739 %) (delta_change:  0.512275 %) (delta_peak/R:  2.477961 %)
iter:   9000 (Jcost: 2.038198e-02) (lr = 4.985e-01) (elapsed time: 9826.577) (secs/iter:  0.655) (n_accepted: 80%) (u_error:  2.408004 %) (beta_change: 43.351996 %) (delta_change:  0.513951 %) (delta_peak/R:  2.477475 %)
-> Saved file: /media/rafael/DATA/Dropbox/20220924_FIML_solver/data/output/field_inversion/Beta_e/u_imp_1/FI_run_Supersonic_M3.0R200_u_imp_1_k_imp_0_e_imp_1/FI_run_Supersonic_M3.0R200_u_imp_1_k_imp_0_e_imp_1_state_iter_9000.dat
iter:   9100 (Jcost: 2.037915e-02) (lr = 1.027e+00) (elapsed time: 9916.861) (secs/iter:  0.903) (n_accepted: 80%) (u_error:  2.407660 %) (beta_change: 43.668770 %) (delta_change:  0.515907 %) (delta_peak/R:  2.477059 %)
iter:   9200 (Jcost: 2.037648e-02) (lr = 8.815e-01) (elapsed time: 9994.512) (secs/iter:  0.777) (n_accepted: 79%) (u_error:  2.407317 %) (beta_change: 43.971530 %) (delta_change:  0.517754 %) (delta_peak/R:  2.476671 %)
iter:   9300 (Jcost: 2.037397e-02) (lr = 7.567e-01) (elapsed time: 10057.872) (secs/iter:  0.634) (n_accepted: 79%) (u_error:  2.406638 %) (beta_change: 44.259822 %) (delta_change:  0.519498 %) (delta_peak/R:  2.476479 %)
iter:   9400 (Jcost: 2.037164e-02) (lr = 1.128e-01) (elapsed time: 10124.681) (secs/iter:  0.668) (n_accepted: 77%) (u_error:  2.407137 %) (beta_change: 44.530775 %) (delta_change:  0.521102 %) (delta_peak/R:  2.475731 %)
iter:   9500 (Jcost: 2.036931e-02) (lr = 5.576e-01) (elapsed time: 10190.567) (secs/iter:  0.659) (n_accepted: 81%) (u_error:  2.408706 %) (beta_change: 44.810628 %) (delta_change:  0.522722 %) (delta_peak/R:  2.474432 %)
-> Saved file: /media/rafael/DATA/Dropbox/20220924_FIML_solver/data/output/field_inversion/Beta_e/u_imp_1/FI_run_Supersonic_M3.0R200_u_imp_1_k_imp_0_e_imp_1/FI_run_Supersonic_M3.0R200_u_imp_1_k_imp_0_e_imp_1_state_iter_9500.dat
iter:   9600 (Jcost: 2.036703e-02) (lr = 1.149e+00) (elapsed time: 10255.014) (secs/iter:  0.644) (n_accepted: 80%) (u_error:  2.406896 %) (beta_change: 45.077236 %) (delta_change:  0.524303 %) (delta_peak/R:  2.474850 %)
iter:   9700 (Jcost: 2.036481e-02) (lr = 4.108e-01) (elapsed time: 10318.257) (secs/iter:  0.632) (n_accepted: 78%) (u_error:  2.406131 %) (beta_change: 45.346253 %) (delta_change:  0.525865 %) (delta_peak/R:  2.474743 %)
iter:   9800 (Jcost: 2.036273e-02) (lr = 1.469e-01) (elapsed time: 10379.915) (secs/iter:  0.617) (n_accepted: 78%) (u_error:  2.406202 %) (beta_change: 45.600688 %) (delta_change:  0.527313 %) (delta_peak/R:  2.474244 %)
iter:   9900 (Jcost: 2.036052e-02) (lr = 7.265e-01) (elapsed time: 10468.323) (secs/iter:  0.884) (n_accepted: 81%) (u_error:  2.405991 %) (beta_change: 45.873479 %) (delta_change:  0.528853 %) (delta_peak/R:  2.473856 %)
iter:  10000 (Jcost: 2.035844e-02) (lr = 1.497e+00) (elapsed time: 10576.712) (secs/iter:  1.084) (n_accepted: 80%) (u_error:  2.407084 %) (beta_change: 46.138104 %) (delta_change:  0.530309 %) (delta_peak/R:  2.472830 %)
-> Saved file: /media/rafael/DATA/Dropbox/20220924_FIML_solver/data/output/field_inversion/Beta_e/u_imp_1/FI_run_Supersonic_M3.0R200_u_imp_1_k_imp_0_e_imp_1/FI_run_Supersonic_M3.0R200_u_imp_1_k_imp_0_e_imp_1_state_iter_10000.dat
iter:  10100 (Jcost: 2.035660e-02) (lr = 1.285e+00) (elapsed time: 10688.616) (secs/iter:  1.119) (n_accepted: 79%) (u_error:  2.405640 %) (beta_change: 46.368297 %) (delta_change:  0.531603 %) (delta_peak/R:  2.473138 %)
iter:  10200 (Jcost: 2.035465e-02) (lr = 7.978e-02) (elapsed time: 10784.143) (secs/iter:  0.955) (n_accepted: 76%) (u_error:  2.405529 %) (beta_change: 46.618662 %) (delta_change:  0.532972 %) (delta_peak/R:  2.472744 %)
iter:  10300 (Jcost: 2.035261e-02) (lr = 9.467e-01) (elapsed time: 10863.181) (secs/iter:  0.790) (n_accepted: 82%) (u_error:  2.404668 %) (beta_change: 46.883206 %) (delta_change:  0.534415 %) (delta_peak/R:  2.472701 %)
iter:  10400 (Jcost: 2.035092e-02) (lr = 1.411e-01) (elapsed time: 10971.363) (secs/iter:  1.082) (n_accepted: 77%) (u_error:  2.405596 %) (beta_change: 47.105361 %) (delta_change:  0.535586 %) (delta_peak/R:  2.471839 %)
iter:  10500 (Jcost: 2.034900e-02) (lr = 1.674e+00) (elapsed time: 11074.985) (secs/iter:  1.036) (n_accepted: 82%) (u_error:  2.406670 %) (beta_change: 47.365151 %) (delta_change:  0.536942 %) (delta_peak/R:  2.470839 %)
-> Saved file: /media/rafael/DATA/Dropbox/20220924_FIML_solver/data/output/field_inversion/Beta_e/u_imp_1/FI_run_Supersonic_M3.0R200_u_imp_1_k_imp_0_e_imp_1/FI_run_Supersonic_M3.0R200_u_imp_1_k_imp_0_e_imp_1_state_iter_10500.dat
iter:  10600 (Jcost: 2.034727e-02) (lr = 2.495e-01) (elapsed time: 11181.675) (secs/iter:  1.067) (n_accepted: 77%) (u_error:  2.404060 %) (beta_change: 47.593573 %) (delta_change:  0.538182 %) (delta_peak/R:  2.471740 %)
iter:  10700 (Jcost: 2.034551e-02) (lr = 5.140e-01) (elapsed time: 11285.930) (secs/iter:  1.043) (n_accepted: 80%) (u_error:  2.404765 %) (beta_change: 47.831893 %) (delta_change:  0.539404 %) (delta_peak/R:  2.470964 %)
iter:  10800 (Jcost: 2.034375e-02) (lr = 1.838e-01) (elapsed time: 11389.461) (secs/iter:  1.035) (n_accepted: 78%) (u_error:  2.405425 %) (beta_change: 48.074463 %) (delta_change:  0.540636 %) (delta_peak/R:  2.470206 %)
iter:  10900 (Jcost: 2.034221e-02) (lr = 3.788e-01) (elapsed time: 11495.331) (secs/iter:  1.059) (n_accepted: 80%) (u_error:  2.404423 %) (beta_change: 48.287237 %) (delta_change:  0.541733 %) (delta_peak/R:  2.470332 %)
iter:  11000 (Jcost: 2.034053e-02) (lr = 3.251e-01) (elapsed time: 11604.064) (secs/iter:  1.087) (n_accepted: 79%) (u_error:  2.404880 %) (beta_change: 48.523469 %) (delta_change:  0.542911 %) (delta_peak/R:  2.469689 %)
-> Saved file: /media/rafael/DATA/Dropbox/20220924_FIML_solver/data/output/field_inversion/Beta_e/u_imp_1/FI_run_Supersonic_M3.0R200_u_imp_1_k_imp_0_e_imp_1/FI_run_Supersonic_M3.0R200_u_imp_1_k_imp_0_e_imp_1_state_iter_11000.dat
iter:  11100 (Jcost: 2.033904e-02) (lr = 2.791e-01) (elapsed time: 11720.319) (secs/iter:  1.163) (n_accepted: 79%) (u_error:  2.404063 %) (beta_change: 48.732558 %) (delta_change:  0.543965 %) (delta_peak/R:  2.469732 %)
iter:  11200 (Jcost: 2.033749e-02) (lr = 2.396e-01) (elapsed time: 11822.883) (secs/iter:  1.026) (n_accepted: 79%) (u_error:  2.402954 %) (beta_change: 48.956032 %) (delta_change:  0.545085 %) (delta_peak/R:  2.469897 %)
iter:  11300 (Jcost: 2.033600e-02) (lr = 8.568e-02) (elapsed time: 11928.442) (secs/iter:  1.056) (n_accepted: 78%) (u_error:  2.403889 %) (beta_change: 49.170804 %) (delta_change:  0.546116 %) (delta_peak/R:  2.469055 %)
iter:  11400 (Jcost: 2.033456e-02) (lr = 1.765e-01) (elapsed time: 12033.376) (secs/iter:  1.049) (n_accepted: 80%) (u_error:  2.403621 %) (beta_change: 49.380642 %) (delta_change:  0.547134 %) (delta_peak/R:  2.468825 %)
iter:  11500 (Jcost: 2.033301e-02) (lr = 3.637e-01) (elapsed time: 12134.489) (secs/iter:  1.011) (n_accepted: 80%) (u_error:  2.403029 %) (beta_change: 49.608745 %) (delta_change:  0.548234 %) (delta_peak/R:  2.468727 %)
-> Saved file: /media/rafael/DATA/Dropbox/20220924_FIML_solver/data/output/field_inversion/Beta_e/u_imp_1/FI_run_Supersonic_M3.0R200_u_imp_1_k_imp_0_e_imp_1/FI_run_Supersonic_M3.0R200_u_imp_1_k_imp_0_e_imp_1_state_iter_11500.dat
iter:  11600 (Jcost: 2.033161e-02) (lr = 7.492e-01) (elapsed time: 12246.427) (secs/iter:  1.119) (n_accepted: 80%) (u_error:  2.403344 %) (beta_change: 49.816548 %) (delta_change:  0.549212 %) (delta_peak/R:  2.468210 %)
iter:  11700 (Jcost: 2.033024e-02) (lr = 6.431e-01) (elapsed time: 12350.476) (secs/iter:  1.040) (n_accepted: 79%) (u_error:  2.403195 %) (beta_change: 50.022573 %) (delta_change:  0.550180 %) (delta_peak/R:  2.467930 %)
iter:  11800 (Jcost: 2.032896e-02) (lr = 5.521e-01) (elapsed time: 12453.860) (secs/iter:  1.034) (n_accepted: 79%) (u_error:  2.403191 %) (beta_change: 50.217792 %) (delta_change:  0.551086 %) (delta_peak/R:  2.467597 %)
iter:  11900 (Jcost: 2.032756e-02) (lr = 1.975e-01) (elapsed time: 12549.135) (secs/iter:  0.953) (n_accepted: 78%) (u_error:  2.402409 %) (beta_change: 50.432284 %) (delta_change:  0.552087 %) (delta_peak/R:  2.467621 %)
iter:  12000 (Jcost: 2.032635e-02) (lr = 1.695e-01) (elapsed time: 12642.408) (secs/iter:  0.933) (n_accepted: 79%) (u_error:  2.402945 %) (beta_change: 50.617926 %) (delta_change:  0.552923 %) (delta_peak/R:  2.467036 %)
-> Saved file: /media/rafael/DATA/Dropbox/20220924_FIML_solver/data/output/field_inversion/Beta_e/u_imp_1/FI_run_Supersonic_M3.0R200_u_imp_1_k_imp_0_e_imp_1/FI_run_Supersonic_M3.0R200_u_imp_1_k_imp_0_e_imp_1_state_iter_12000.dat
iter:  12100 (Jcost: 2.032507e-02) (lr = 1.455e-01) (elapsed time: 12707.066) (secs/iter:  0.647) (n_accepted: 79%) (u_error:  2.402934 %) (beta_change: 50.817081 %) (delta_change:  0.553821 %) (delta_peak/R:  2.466703 %)
iter:  12200 (Jcost: 2.032374e-02) (lr = 7.194e-01) (elapsed time: 12771.226) (secs/iter:  0.642) (n_accepted: 81%) (u_error:  2.403046 %) (beta_change: 51.026468 %) (delta_change:  0.554755 %) (delta_peak/R:  2.466291 %)
iter:  12300 (Jcost: 2.032256e-02) (lr = 1.482e+00) (elapsed time: 12845.516) (secs/iter:  0.743) (n_accepted: 80%) (u_error:  2.403916 %) (beta_change: 51.216908 %) (delta_change:  0.555582 %) (delta_peak/R:  2.465534 %)
iter:  12400 (Jcost: 2.032126e-02) (lr = 5.301e-01) (elapsed time: 12906.295) (secs/iter:  0.608) (n_accepted: 78%) (u_error:  2.401275 %) (beta_change: 51.424722 %) (delta_change:  0.556541 %) (delta_peak/R:  2.466504 %)
iter:  12500 (Jcost: 2.032018e-02) (lr = 7.899e-02) (elapsed time: 12975.887) (secs/iter:  0.696) (n_accepted: 77%) (u_error:  2.401830 %) (beta_change: 51.596453 %) (delta_change:  0.557277 %) (delta_peak/R:  2.465937 %)
-> Saved file: /media/rafael/DATA/Dropbox/20220924_FIML_solver/data/output/field_inversion/Beta_e/u_imp_1/FI_run_Supersonic_M3.0R200_u_imp_1_k_imp_0_e_imp_1/FI_run_Supersonic_M3.0R200_u_imp_1_k_imp_0_e_imp_1_state_iter_12500.dat
iter:  12600 (Jcost: 2.031903e-02) (lr = 3.906e-01) (elapsed time: 13039.015) (secs/iter:  0.631) (n_accepted: 81%) (u_error:  2.401461 %) (beta_change: 51.783646 %) (delta_change:  0.558090 %) (delta_peak/R:  2.465808 %)
iter:  12700 (Jcost: 2.031793e-02) (lr = 1.397e-01) (elapsed time: 13119.061) (secs/iter:  0.800) (n_accepted: 78%) (u_error:  2.402979 %) (beta_change: 51.965031 %) (delta_change:  0.558836 %) (delta_peak/R:  2.464745 %)
iter:  12800 (Jcost: 2.031689e-02) (lr = 2.878e-01) (elapsed time: 13228.960) (secs/iter:  1.099) (n_accepted: 80%) (u_error:  2.400596 %) (beta_change: 52.139275 %) (delta_change:  0.559616 %) (delta_peak/R:  2.465646 %)
iter:  12900 (Jcost: 2.031589e-02) (lr = 1.029e-01) (elapsed time: 13334.145) (secs/iter:  1.052) (n_accepted: 78%) (u_error:  2.402119 %) (beta_change: 52.301937 %) (delta_change:  0.560271 %) (delta_peak/R:  2.464613 %)
iter:  13000 (Jcost: 2.031471e-02) (lr = 2.121e-01) (elapsed time: 13435.575) (secs/iter:  1.014) (n_accepted: 80%) (u_error:  2.400450 %) (beta_change: 52.525280 %) (delta_change:  0.561138 %) (delta_peak/R:  2.465113 %)
-> Saved file: /media/rafael/DATA/Dropbox/20220924_FIML_solver/data/output/field_inversion/Beta_e/u_imp_1/FI_run_Supersonic_M3.0R200_u_imp_1_k_imp_0_e_imp_1/FI_run_Supersonic_M3.0R200_u_imp_1_k_imp_0_e_imp_1_state_iter_13000.dat
iter:  13100 (Jcost: 2.031375e-02) (lr = 1.820e-01) (elapsed time: 13543.996) (secs/iter:  1.084) (n_accepted: 79%) (u_error:  2.401871 %) (beta_change: 52.708568 %) (delta_change:  0.561762 %) (delta_peak/R:  2.464141 %)
iter:  13200 (Jcost: 2.031265e-02) (lr = 9.000e-01) (elapsed time: 13652.309) (secs/iter:  1.083) (n_accepted: 81%) (u_error:  2.403230 %) (beta_change: 52.932827 %) (delta_change:  0.562524 %) (delta_peak/R:  2.463143 %)
iter:  13300 (Jcost: 2.031166e-02) (lr = 7.726e-01) (elapsed time: 13758.164) (secs/iter:  1.059) (n_accepted: 79%) (u_error:  2.401770 %) (beta_change: 53.123542 %) (delta_change:  0.563212 %) (delta_peak/R:  2.463603 %)
iter:  13400 (Jcost: 2.031071e-02) (lr = 2.763e-01) (elapsed time: 13835.947) (secs/iter:  0.778) (n_accepted: 78%) (u_error:  2.403051 %) (beta_change: 53.321935 %) (delta_change:  0.563870 %) (delta_peak/R:  2.462684 %)
iter:  13500 (Jcost: 2.030972e-02) (lr = 5.693e-01) (elapsed time: 13898.905) (secs/iter:  0.630) (n_accepted: 80%) (u_error:  2.401544 %) (beta_change: 53.517688 %) (delta_change:  0.564563 %) (delta_peak/R:  2.463163 %)
-> Saved file: /media/rafael/DATA/Dropbox/20220924_FIML_solver/data/output/field_inversion/Beta_e/u_imp_1/FI_run_Supersonic_M3.0R200_u_imp_1_k_imp_0_e_imp_1/FI_run_Supersonic_M3.0R200_u_imp_1_k_imp_0_e_imp_1_state_iter_13500.dat
iter:  13600 (Jcost: 2.030877e-02) (lr = 2.036e-01) (elapsed time: 13966.063) (secs/iter:  0.672) (n_accepted: 78%) (u_error:  2.401388 %) (beta_change: 53.711840 %) (delta_change:  0.565218 %) (delta_peak/R:  2.462970 %)
iter:  13700 (Jcost: 2.030785e-02) (lr = 7.282e-02) (elapsed time: 14047.810) (secs/iter:  0.817) (n_accepted: 78%) (u_error:  2.401327 %) (beta_change: 53.904041 %) (delta_change:  0.565858 %) (delta_peak/R:  2.462734 %)
iter:  13800 (Jcost: 2.030692e-02) (lr = 3.601e-01) (elapsed time: 14112.403) (secs/iter:  0.646) (n_accepted: 81%) (u_error:  2.400830 %) (beta_change: 54.098088 %) (delta_change:  0.566506 %) (delta_peak/R:  2.462714 %)
iter:  13900 (Jcost: 2.030608e-02) (lr = 7.418e-01) (elapsed time: 14182.768) (secs/iter:  0.704) (n_accepted: 80%) (u_error:  2.401284 %) (beta_change: 54.274476 %) (delta_change:  0.567072 %) (delta_peak/R:  2.462245 %)
iter:  14000 (Jcost: 2.030513e-02) (lr = 6.368e-01) (elapsed time: 14256.834) (secs/iter:  0.741) (n_accepted: 79%) (u_error:  2.400774 %) (beta_change: 54.476046 %) (delta_change:  0.567731 %) (delta_peak/R:  2.462224 %)
-> Saved file: /media/rafael/DATA/Dropbox/20220924_FIML_solver/data/output/field_inversion/Beta_e/u_imp_1/FI_run_Supersonic_M3.0R200_u_imp_1_k_imp_0_e_imp_1/FI_run_Supersonic_M3.0R200_u_imp_1_k_imp_0_e_imp_1_state_iter_14000.dat
iter:  14100 (Jcost: 2.030423e-02) (lr = 1.312e+00) (elapsed time: 14320.548) (secs/iter:  0.637) (n_accepted: 80%) (u_error:  2.401124 %) (beta_change: 54.669575 %) (delta_change:  0.568342 %) (delta_peak/R:  2.461785 %)
iter:  14200 (Jcost: 2.030342e-02) (lr = 8.146e-02) (elapsed time: 14401.343) (secs/iter:  0.808) (n_accepted: 76%) (u_error:  2.401055 %) (beta_change: 54.843072 %) (delta_change:  0.568890 %) (delta_peak/R:  2.461585 %)
iter:  14300 (Jcost: 2.030258e-02) (lr = 1.678e-01) (elapsed time: 14508.787) (secs/iter:  1.074) (n_accepted: 80%) (u_error:  2.401035 %) (beta_change: 55.027425 %) (delta_change:  0.569467 %) (delta_peak/R:  2.461346 %)
iter:  14400 (Jcost: 2.030176e-02) (lr = 8.297e-01) (elapsed time: 14604.377) (secs/iter:  0.956) (n_accepted: 81%) (u_error:  2.400888 %) (beta_change: 55.206559 %) (delta_change:  0.570023 %) (delta_peak/R:  2.461178 %)
iter:  14500 (Jcost: 2.030089e-02) (lr = 7.122e-01) (elapsed time: 14709.458) (secs/iter:  1.051) (n_accepted: 79%) (u_error:  2.401084 %) (beta_change: 55.398695 %) (delta_change:  0.570608 %) (delta_peak/R:  2.460823 %)
-> Saved file: /media/rafael/DATA/Dropbox/20220924_FIML_solver/data/output/field_inversion/Beta_e/u_imp_1/FI_run_Supersonic_M3.0R200_u_imp_1_k_imp_0_e_imp_1/FI_run_Supersonic_M3.0R200_u_imp_1_k_imp_0_e_imp_1_state_iter_14500.dat
iter:  14600 (Jcost: 2.030009e-02) (lr = 2.547e-01) (elapsed time: 14821.651) (secs/iter:  1.122) (n_accepted: 78%) (u_error:  2.400223 %) (beta_change: 55.577392 %) (delta_change:  0.571165 %) (delta_peak/R:  2.461015 %)
iter:  14700 (Jcost: 2.029937e-02) (lr = 2.187e-01) (elapsed time: 14927.162) (secs/iter:  1.055) (n_accepted: 79%) (u_error:  2.399999 %) (beta_change: 55.739862 %) (delta_change:  0.571657 %) (delta_peak/R:  2.460912 %)
iter:  14800 (Jcost: 2.029859e-02) (lr = 1.877e-01) (elapsed time: 15020.565) (secs/iter:  0.934) (n_accepted: 79%) (u_error:  2.400595 %) (beta_change: 55.914243 %) (delta_change:  0.572164 %) (delta_peak/R:  2.460383 %)
iter:  14900 (Jcost: 2.029781e-02) (lr = 3.867e-01) (elapsed time: 15116.634) (secs/iter:  0.961) (n_accepted: 80%) (u_error:  2.400622 %) (beta_change: 56.092147 %) (delta_change:  0.572687 %) (delta_peak/R:  2.460136 %)
iter:  15000 (Jcost: 2.029706e-02) (lr = 1.383e-01) (elapsed time: 15219.873) (secs/iter:  1.032) (n_accepted: 78%) (u_error:  2.401131 %) (beta_change: 56.266923 %) (delta_change:  0.573186 %) (delta_peak/R:  2.459652 %)
-> Saved file: /media/rafael/DATA/Dropbox/20220924_FIML_solver/data/output/field_inversion/Beta_e/u_imp_1/FI_run_Supersonic_M3.0R200_u_imp_1_k_imp_0_e_imp_1/FI_run_Supersonic_M3.0R200_u_imp_1_k_imp_0_e_imp_1_state_iter_15000.dat
iter:  15000 (Jcost: 2.029705e-02) (lr = 1.660e-01) (elapsed time: 15225.991) (secs/iter:   None) (n_accepted: 0%) (u_error:  2.400195 %) (beta_change: 56.267591 %) (delta_change:  0.573206 %) (delta_peak/R:  2.460119 %)
