# ------------------------------------------------------------------------
#                  Input Arguments
# ------------------------------------------------------------------------
# Begin_Input_Arguments
{ 'all_b_mode': ['Beta_e'],
  'args_mk_solver': { 'torch': "<module 'torch' from "
                               "'/home/rafael/anaconda3/lib/python3.9/site-packages/torch/__init__.py'>",
                      'y_grid': [0.0, 0.000309700312, 0.000638645973, 0.00098802599, 0.00135910194, 0.00175321227, 0.00217177688, 0.00261630193, 0.00308838486, 0.00358971984, 0.00412210331, 0.00468744001, 0.00528774917, 0.00592517114, 0.00660197432, 0.0073205624, 0.00808348206, 0.00889343092, 0.00975326602, 0.0106660126, 0.0116348733, 0.0126632377, 0.0137546927, 0.0149130326, 0.0161422702, 0.0174466482, 0.0188306506, 0.0202990157, 0.0218567475, 0.02350913, 0.0252617393, 0.0271204584, 0.0290914903, 0.0311813732, 0.033396994, 0.0357456039, 0.0382348325, 0.0408727029, 0.0436676462, 0.0466285159, 0.0497646022, 0.0530856456, 0.0566018496, 0.0603238931, 0.0642629411, 0.068430655, 0.0728392004, 0.0775012535, 0.0824300053, 0.0876391634, 0.0931429507, 0.0989561006, 0.105093849, 0.111571922, 0.118406518, 0.125614286, 0.133212296, 0.141218006, 0.14964922, 0.158524039, 0.167860801, 0.177678022, 0.187994313, 0.1988283, 0.21019853, 0.222123362, 0.234620856, 0.247708641, 0.261403784, 0.275722637, 0.290680679, 0.306292354, 0.322570888, 0.339528108, 0.357174255, 0.375517785, 0.394565175, 0.414320726, 0.43478637, 0.45596148, 0.47784269, 0.500423731, 0.523695275, 0.547644806, 0.572256506, 0.597511177, 0.623386184, 0.649855436, 0.676889401, 0.704455158, 0.73251649, 0.761034018, 0.789965372, 0.819265404, 0.848886442, 0.878778572, 0.908889961, 0.939167201, 0.969555687, 1.0],
                      'Ret': 2003.14846,
                      'cp': 1.0,
                      'A_sca_rho': 1.0,
                      'A_sca_mu': 0.000499214122152484,
                      'A_sca_k': 0.000499214122152484,
                      'b_exp_rho': 0.0,
                      'b_exp_mu': 0.0,
                      'b_exp_k': 0.0,
                      'tensor_device': 'cpu',
                      'as_tensor': '<function '
                                   'Build_arguments_fi_run._mk_args_MK_solver.<locals>.<lambda> '
                                   'at 0x7fe977a41e50>',
                      'ref_dns': { 'u_dns': [0.0, 0.620428448, 1.27851986, 1.97427267, 2.70484803, 3.46403383, 4.24306737, 5.03217781, 5.82155686, 6.60133115, 7.3578308, 8.0656895, 8.73623876, 9.36564393, 9.95109757, 10.4912354, 10.9862985, 11.4312547, 11.8369852, 12.2084072, 12.5484157, 12.8600821, 13.1465055, 13.4106958, 13.6555164, 13.8836432, 14.0975466, 14.2978024, 14.4874442, 14.669149, 14.8444847, 15.0142887, 15.1783692, 15.339937, 15.4986632, 15.6553101, 15.8107197, 15.9650108, 16.1185076, 16.2720014, 16.4250571, 16.5779566, 16.7310295, 16.8842648, 17.0376528, 17.1911728, 17.3449268, 17.4990152, 17.6531524, 17.8074977, 17.9621373, 18.1166676, 18.2713402, 18.4259622, 18.5804024, 18.7349809, 18.8896502, 19.044267, 19.1985476, 19.3524141, 19.5058723, 19.6586891, 19.8110002, 19.9626193, 20.1137048, 20.2642601, 20.4141382, 20.5635999, 20.7130929, 20.8620774, 21.0105527, 21.1586434, 21.3061311, 21.4530563, 21.5993074, 21.7448244, 21.8897078, 22.0343133, 22.1787236, 22.3223059, 22.465327, 22.608008, 22.7491734, 22.8878064, 23.0235286, 23.156294, 23.2856364, 23.4113139, 23.5325466, 23.6489124, 23.7588383, 23.8613899, 23.9548647, 24.0387452, 24.1125969, 24.1748213, 24.2242282, 24.2600715, 24.2820683, 24.2896407],
                                   'T_dns': [1.0, 1.0, 1.0, 1.0, 1.0, 1.0, 1.0, 1.0, 1.0, 1.0, 1.0, 1.0, 1.0, 1.0, 1.0, 1.0, 1.0, 1.0, 1.0, 1.0, 1.0, 1.0, 1.0, 1.0, 1.0, 1.0, 1.0, 1.0, 1.0, 1.0, 1.0, 1.0, 1.0, 1.0, 1.0, 1.0, 1.0, 1.0, 1.0, 1.0, 1.0, 1.0, 1.0, 1.0, 1.0, 1.0, 1.0, 1.0, 1.0, 1.0, 1.0, 1.0, 1.0, 1.0, 1.0, 1.0, 1.0, 1.0, 1.0, 1.0, 1.0, 1.0, 1.0, 1.0, 1.0, 1.0, 1.0, 1.0, 1.0, 1.0, 1.0, 1.0, 1.0, 1.0, 1.0, 1.0, 1.0, 1.0, 1.0, 1.0, 1.0, 1.0, 1.0, 1.0, 1.0, 1.0, 1.0, 1.0, 1.0, 1.0, 1.0, 1.0, 1.0, 1.0, 1.0, 1.0, 1.0, 1.0, 1.0, 1.0],
                                   'mu_dns': [0.000499214122152484, 0.000499214122152484, 0.000499214122152484, 0.000499214122152484, 0.000499214122152484, 0.000499214122152484, 0.000499214122152484, 0.000499214122152484, 0.000499214122152484, 0.000499214122152484, 0.000499214122152484, 0.000499214122152484, 0.000499214122152484, 0.000499214122152484, 0.000499214122152484, 0.000499214122152484, 0.000499214122152484, 0.000499214122152484, 0.000499214122152484, 0.000499214122152484, 0.000499214122152484, 0.000499214122152484, 0.000499214122152484, 0.000499214122152484, 0.000499214122152484, 0.000499214122152484, 0.000499214122152484, 0.000499214122152484, 0.000499214122152484, 0.000499214122152484, 0.000499214122152484, 0.000499214122152484, 0.000499214122152484, 0.000499214122152484, 0.000499214122152484, 0.000499214122152484, 0.000499214122152484, 0.000499214122152484, 0.000499214122152484, 0.000499214122152484, 0.000499214122152484, 0.000499214122152484, 0.000499214122152484, 0.000499214122152484, 0.000499214122152484, 0.000499214122152484, 0.000499214122152484, 0.000499214122152484, 0.000499214122152484, 0.000499214122152484, 0.000499214122152484, 0.000499214122152484, 0.000499214122152484, 0.000499214122152484, 0.000499214122152484, 0.000499214122152484, 0.000499214122152484, 0.000499214122152484, 0.000499214122152484, 0.000499214122152484, 0.000499214122152484, 0.000499214122152484, 0.000499214122152484, 0.000499214122152484, 0.000499214122152484, 0.000499214122152484, 0.000499214122152484, 0.000499214122152484, 0.000499214122152484, 0.000499214122152484, 0.000499214122152484, 0.000499214122152484, 0.000499214122152484, 0.000499214122152484, 0.000499214122152484, 0.000499214122152484, 0.000499214122152484, 0.000499214122152484, 0.000499214122152484, 0.000499214122152484, 0.000499214122152484, 0.000499214122152484, 0.000499214122152484, 0.000499214122152484, 0.000499214122152484, 0.000499214122152484, 0.000499214122152484, 0.000499214122152484, 0.000499214122152484, 0.000499214122152484, 0.000499214122152484, 0.000499214122152484, 0.000499214122152484, 0.000499214122152484, 0.000499214122152484, 0.000499214122152484, 0.000499214122152484, 0.000499214122152484, 0.000499214122152484, 0.000499214122152484],
                                   'rho_dns': [1.0, 1.0, 1.0, 1.0, 1.0, 1.0, 1.0, 1.0, 1.0, 1.0, 1.0, 1.0, 1.0, 1.0, 1.0, 1.0, 1.0, 1.0, 1.0, 1.0, 1.0, 1.0, 1.0, 1.0, 1.0, 1.0, 1.0, 1.0, 1.0, 1.0, 1.0, 1.0, 1.0, 1.0, 1.0, 1.0, 1.0, 1.0, 1.0, 1.0, 1.0, 1.0, 1.0, 1.0, 1.0, 1.0, 1.0, 1.0, 1.0, 1.0, 1.0, 1.0, 1.0, 1.0, 1.0, 1.0, 1.0, 1.0, 1.0, 1.0, 1.0, 1.0, 1.0, 1.0, 1.0, 1.0, 1.0, 1.0, 1.0, 1.0, 1.0, 1.0, 1.0, 1.0, 1.0, 1.0, 1.0, 1.0, 1.0, 1.0, 1.0, 1.0, 1.0, 1.0, 1.0, 1.0, 1.0, 1.0, 1.0, 1.0, 1.0, 1.0, 1.0, 1.0, 1.0, 1.0, 1.0, 1.0, 1.0, 1.0]},
                      'case': 'Jimenez_Re2000',
                      'constant_Sq_heat': 0.0,
                      'use_visc_heating': False,
                      'Pr_turb': 1.0,
                      'fprint': '<function '
                                'Build_arguments_fi_run._mk_args_MK_solver.<locals>.<lambda> '
                                'at 0x7fe96ad73dc0>',
                      'compressible_correction': False,
                      'bool_solve_energy': False,
                      'output_last': False},
  'u_imp': 100,
  'k_imp': 0,
  'e_imp': 1,
  'solve_sparse_adj': True,
  'all_ref_beta_distrib': {'K': [1.0, 1.0, 1.0, 1.0, 1.0, 1.0, 1.0, 1.0, 1.0, 1.0, 1.0, 1.0, 1.0, 1.0, 1.0, 1.0, 1.0, 1.0, 1.0, 1.0, 1.0, 1.0, 1.0, 1.0, 1.0, 1.0, 1.0, 1.0, 1.0, 1.0, 1.0, 1.0, 1.0, 1.0, 1.0, 1.0, 1.0, 1.0, 1.0, 1.0, 1.0, 1.0, 1.0, 1.0, 1.0, 1.0, 1.0, 1.0, 1.0, 1.0, 1.0, 1.0, 1.0, 1.0, 1.0, 1.0, 1.0, 1.0, 1.0, 1.0, 1.0, 1.0, 1.0, 1.0, 1.0, 1.0, 1.0, 1.0, 1.0, 1.0, 1.0, 1.0, 1.0, 1.0, 1.0, 1.0, 1.0, 1.0, 1.0, 1.0, 1.0, 1.0, 1.0, 1.0, 1.0, 1.0, 1.0, 1.0, 1.0, 1.0, 1.0, 1.0, 1.0, 1.0, 1.0, 1.0, 1.0, 1.0, 1.0, 1.0], 'E': [1.0, 1.00430167, 1.00866384, 1.01235379, 1.01540718, 1.01727842, 1.01710464, 1.01560684, 1.01349199, 1.00927888, 1.00223533, 0.99210981, 0.97889443, 0.9628526, 0.94448772, 0.92451001, 0.90381432, 0.88361755, 0.86648005, 0.85846861, 0.86892152, 0.90418679, 0.96113068, 1.02867178, 1.09472631, 1.15112648, 1.19435084, 1.22409754, 1.24169678, 1.24906109, 1.2481251, 1.24060797, 1.22795286, 1.21135763, 1.19181794, 1.17016219, 1.14709231, 1.12321367, 1.09905803, 1.07510312, 1.05178267, 1.02949281, 1.00859883, 0.98943547, 0.97230308, 0.95746279, 0.94513067, 0.93547067, 0.92858578, 0.9245118, 0.92321391, 0.92458337, 0.92844018, 0.93454013, 0.94258378, 0.9522308, 0.96311264, 0.97484235, 0.98702463, 0.99926837, 1.01119955, 1.02247239, 1.03277813, 1.04185268, 1.04948157, 1.05550273, 1.05980649, 1.06233588, 1.063086, 1.06209466, 1.05943537, 1.05521766, 1.04958559, 1.04271799, 1.03483031, 1.02617598, 1.01704825, 1.0077782, 0.99872285, 0.99024244, 0.98267967, 0.97633754, 0.9714442, 0.96812667, 0.96640995, 0.96622948, 0.96744139, 0.96983198, 0.97312853, 0.97701448, 0.98114971, 0.98520166, 0.98888564, 0.99200298, 0.9944623, 0.99626796, 0.99749262, 0.99824652, 0.99864276, 0.99938253]},
  'all_ref_delta_distrib': {'K': [-0.0, -0.0, -0.0, -0.0, -0.0, -0.0, -0.0, -0.0, -0.0, -0.0, -0.0, -0.0, -0.0, -0.0, -0.0, -0.0, -0.0, -0.0, -0.0, -0.0, -0.0, -0.0, -0.0, -0.0, -0.0, -0.0, -0.0, -0.0, -0.0, -0.0, -0.0, -0.0, -0.0, -0.0, -0.0, -0.0, -0.0, -0.0, -0.0, -0.0, -0.0, -0.0, -0.0, -0.0, -0.0, -0.0, -0.0, -0.0, -0.0, -0.0, -0.0, -0.0, -0.0, -0.0, -0.0, -0.0, -0.0, -0.0, -0.0, -0.0, -0.0, -0.0, -0.0, -0.0, -0.0, -0.0, -0.0, -0.0, -0.0, -0.0, -0.0, -0.0, -0.0, -0.0, -0.0, -0.0, -0.0, -0.0, -0.0, -0.0, -0.0, -0.0, -0.0, -0.0, -0.0, -0.0, -0.0, -0.0, -0.0, -0.0, -0.0, -0.0, -0.0, -0.0, -0.0, -0.0, -0.0, -0.0, -0.0, -0.0], 'E': [-0.0, -73.95286965679564, -217.5800483492542, -386.688785167339, -577.9601616937791, -779.0938631790068, -957.082946609702, -1055.397381322036, -999.7519039266683, -715.3694536407172, -172.74844066946824, 589.9812888714985, 1481.1269220762301, 2386.9497574137013, 3202.764352409363, 3849.669723161598, 4278.840513028994, 4463.722613252653, 4366.620923675435, 3904.36970839356, 3018.9606197352546, 1826.2215641148202, 609.4062398004278, -368.8426462607614, -1000.9058043806424, -1316.748035211449, -1404.6440629026285, -1353.1179439436555, -1228.6763972215417, -1074.350189816172, -915.2073246836474, -764.4623633330093, -628.1817138173759, -508.4325152896371, -405.1662417471721, -317.2906465986041, -243.28940584493841, -181.54668728411832, -130.5095796260991, -88.76310024407331, -55.049341603623276, -28.26330560684378, -7.440595714728071, 8.263844142904478, 19.598078673882988, 27.231982344155767, 31.77227042927717, 33.77380789399053, 33.747490618892016, 32.16288431427266, 29.44720556756332, 25.983098931426166, 22.104131671359987, 18.090546720500463, 14.167119221222567, 10.502685005237698, 7.213326136775575, 4.368412531264084, 1.997877140061148, 0.09978400344218759, -1.3519177692715387, -2.3998198551133103, -3.096218929157473, -3.4975282397323184, -3.6598978100904875, -3.636105049221094, -3.473540710681537, -3.213275627727179, -2.8898215774349083, -2.531046436243945, -2.158704946263228, -1.7894310063628114, -1.4356035421166344, -1.1061841542177813, -0.807464208176544, -0.5436506135669804, -0.3173314320636119, -0.12975743439470475, 0.019086781561928064, 0.13052107017510245, 0.20707650566531158, 0.25235928580330086, 0.27098358372287146, 0.2683011379171007, 0.24989907974359038, 0.22111914452465156, 0.18674203955280125, 0.15078733866230953, 0.11639814621954096, 0.08579207440904629, 0.06027952111203302, 0.04033217899510104, 0.02571305317649541, 0.015677317436158595, 0.009219471466432115, 0.005320850730734393, 0.003113702274018445, 0.0019496182026030014, 0.0014041420677535393, 0.0006229688458029115]},
  'fname_print': '/media/rafael/DATA/Dropbox/20220924_FIML_solver/data/output/field_inversion/Beta_e/u_imp_100/FI_run_Jimenez_Re2000_u_imp_100_k_imp_0_e_imp_1/FI_run_Jimenez_Re2000_u_imp_100_k_imp_0_e_imp_1.log',
  'folder': '/media/rafael/DATA/Dropbox/20220924_FIML_solver/data/output/field_inversion/Beta_e/u_imp_100/FI_run_Jimenez_Re2000_u_imp_100_k_imp_0_e_imp_1',
  'iters_limit': 15000}
# End_Input_Arguments

# ------------------------------------------------------------------------
#                  Iterations
# ------------------------------------------------------------------------

iter:      0 (Jcost: 1.072454e+00) (lr = 1.000e-03) (elapsed time:  0.001) (secs/iter:   None) (n_accepted: 0%) (u_error:  2.426561 %) (beta_change: 24.906109 %) (delta_change:  4.481251 %) (delta_peak/R:  0.000000 %)
-> Saved file: /media/rafael/DATA/Dropbox/20220924_FIML_solver/data/output/field_inversion/Beta_e/u_imp_100/FI_run_Jimenez_Re2000_u_imp_100_k_imp_0_e_imp_1/FI_run_Jimenez_Re2000_u_imp_100_k_imp_0_e_imp_1_state_iter_0.dat
iter:    100 (Jcost: 9.449604e-02) (lr = 1.717e-03) (elapsed time: 87.604) (secs/iter:  0.876) (n_accepted: 80%) (u_error:  0.719451 %) (beta_change: 19.322631 %) (delta_change:  4.039849 %) (delta_peak/R:  4.604143 %)
iter:    200 (Jcost: 7.172394e-02) (lr = 1.474e-03) (elapsed time: 161.762) (secs/iter:  0.742) (n_accepted: 79%) (u_error:  0.700834 %) (beta_change: 15.342826 %) (delta_change:  3.143622 %) (delta_peak/R:  4.793197 %)
iter:    300 (Jcost: 6.496098e-02) (lr = 4.197e-02) (elapsed time: 232.506) (secs/iter:  0.707) (n_accepted: 83%) (u_error:  0.689968 %) (beta_change: 13.269175 %) (delta_change:  2.630293 %) (delta_peak/R:  4.802665 %)
iter:    400 (Jcost: 6.106081e-02) (lr = 1.501e-02) (elapsed time: 301.851) (secs/iter:  0.693) (n_accepted: 78%) (u_error:  0.684203 %) (beta_change: 11.689868 %) (delta_change:  2.306170 %) (delta_peak/R:  4.778812 %)
iter:    500 (Jcost: 5.848035e-02) (lr = 1.289e-02) (elapsed time: 373.152) (secs/iter:  0.713) (n_accepted: 79%) (u_error:  0.680798 %) (beta_change: 10.429147 %) (delta_change:  2.054403 %) (delta_peak/R:  4.724476 %)
-> Saved file: /media/rafael/DATA/Dropbox/20220924_FIML_solver/data/output/field_inversion/Beta_e/u_imp_100/FI_run_Jimenez_Re2000_u_imp_100_k_imp_0_e_imp_1/FI_run_Jimenez_Re2000_u_imp_100_k_imp_0_e_imp_1_state_iter_500.dat
iter:    600 (Jcost: 5.588409e-02) (lr = 1.920e-03) (elapsed time: 443.083) (secs/iter:  0.699) (n_accepted: 77%) (u_error:  0.677542 %) (beta_change:  8.939468 %) (delta_change:  1.733205 %) (delta_peak/R:  4.715298 %)
iter:    700 (Jcost: 5.441102e-02) (lr = 1.648e-03) (elapsed time: 512.708) (secs/iter:  0.696) (n_accepted: 79%) (u_error:  0.676027 %) (beta_change:  7.967432 %) (delta_change:  1.514629 %) (delta_peak/R:  4.661209 %)
iter:    800 (Jcost: 5.341256e-02) (lr = 4.695e-02) (elapsed time: 581.832) (secs/iter:  0.691) (n_accepted: 83%) (u_error:  0.674491 %) (beta_change:  7.238928 %) (delta_change:  1.351855 %) (delta_peak/R:  4.602411 %)
iter:    900 (Jcost: 5.259684e-02) (lr = 1.679e-02) (elapsed time: 650.508) (secs/iter:  0.687) (n_accepted: 78%) (u_error:  0.673894 %) (beta_change:  6.599849 %) (delta_change:  1.208385 %) (delta_peak/R:  4.550696 %)
iter:   1000 (Jcost: 5.180991e-02) (lr = 6.005e-03) (elapsed time: 720.032) (secs/iter:  0.695) (n_accepted: 78%) (u_error:  0.673169 %) (beta_change:  5.925781 %) (delta_change:  1.060378 %) (delta_peak/R:  4.523123 %)
-> Saved file: /media/rafael/DATA/Dropbox/20220924_FIML_solver/data/output/field_inversion/Beta_e/u_imp_100/FI_run_Jimenez_Re2000_u_imp_100_k_imp_0_e_imp_1/FI_run_Jimenez_Re2000_u_imp_100_k_imp_0_e_imp_1_state_iter_1000.dat
iter:   1100 (Jcost: 5.108045e-02) (lr = 2.148e-03) (elapsed time: 794.278) (secs/iter:  0.742) (n_accepted: 78%) (u_error:  0.672314 %) (beta_change:  5.247965 %) (delta_change:  0.916505 %) (delta_peak/R:  4.503030 %)
iter:   1200 (Jcost: 5.051823e-02) (lr = 6.117e-02) (elapsed time: 864.404) (secs/iter:  0.701) (n_accepted: 83%) (u_error:  0.671984 %) (beta_change:  4.668544 %) (delta_change:  0.796899 %) (delta_peak/R:  4.481336 %)
iter:   1300 (Jcost: 4.995199e-02) (lr = 2.188e-02) (elapsed time: 926.330) (secs/iter:  0.619) (n_accepted: 78%) (u_error:  0.670957 %) (beta_change:  4.061827 %) (delta_change:  0.683348 %) (delta_peak/R:  4.449237 %)
iter:   1400 (Jcost: 4.932861e-02) (lr = 3.261e-03) (elapsed time: 990.686) (secs/iter:  0.644) (n_accepted: 77%) (u_error:  0.670261 %) (beta_change:  3.313429 %) (delta_change:  0.547163 %) (delta_peak/R:  4.408644 %)
iter:   1500 (Jcost: 4.893936e-02) (lr = 1.166e-03) (elapsed time: 1059.645) (secs/iter:  0.690) (n_accepted: 78%) (u_error:  0.669813 %) (beta_change:  2.803007 %) (delta_change:  0.484605 %) (delta_peak/R:  4.379259 %)
-> Saved file: /media/rafael/DATA/Dropbox/20220924_FIML_solver/data/output/field_inversion/Beta_e/u_imp_100/FI_run_Jimenez_Re2000_u_imp_100_k_imp_0_e_imp_1/FI_run_Jimenez_Re2000_u_imp_100_k_imp_0_e_imp_1_state_iter_1500.dat
iter:   1600 (Jcost: 4.850386e-02) (lr = 5.766e-03) (elapsed time: 1128.948) (secs/iter:  0.693) (n_accepted: 81%) (u_error:  0.669517 %) (beta_change:  2.180378 %) (delta_change:  0.474392 %) (delta_peak/R:  4.344298 %)
iter:   1700 (Jcost: 4.822126e-02) (lr = 2.851e-02) (elapsed time: 1191.227) (secs/iter:  0.623) (n_accepted: 81%) (u_error:  0.668927 %) (beta_change:  1.753959 %) (delta_change:  0.466631 %) (delta_peak/R:  4.317691 %)
iter:   1800 (Jcost: 4.795545e-02) (lr = 1.770e-03) (elapsed time: 1260.424) (secs/iter:  0.692) (n_accepted: 76%) (u_error:  0.668557 %) (beta_change:  1.322823 %) (delta_change:  0.459850 %) (delta_peak/R:  4.292484 %)
iter:   1900 (Jcost: 4.778678e-02) (lr = 8.753e-03) (elapsed time: 1326.520) (secs/iter:  0.661) (n_accepted: 81%) (u_error:  0.668424 %) (beta_change:  1.044776 %) (delta_change:  0.455892 %) (delta_peak/R:  4.276685 %)
iter:   2000 (Jcost: 4.753424e-02) (lr = 3.131e-03) (elapsed time: 1390.483) (secs/iter:  0.640) (n_accepted: 78%) (u_error:  0.668082 %) (beta_change:  0.720466 %) (delta_change:  0.449499 %) (delta_peak/R:  4.251291 %)
-> Saved file: /media/rafael/DATA/Dropbox/20220924_FIML_solver/data/output/field_inversion/Beta_e/u_imp_100/FI_run_Jimenez_Re2000_u_imp_100_k_imp_0_e_imp_1/FI_run_Jimenez_Re2000_u_imp_100_k_imp_0_e_imp_1_state_iter_2000.dat
iter:   2100 (Jcost: 4.732867e-02) (lr = 1.120e-03) (elapsed time: 1461.602) (secs/iter:  0.711) (n_accepted: 78%) (u_error:  0.667815 %) (beta_change:  0.716403 %) (delta_change:  0.444368 %) (delta_peak/R:  4.230084 %)
iter:   2200 (Jcost: 4.718126e-02) (lr = 1.329e-02) (elapsed time: 1525.474) (secs/iter:  0.639) (n_accepted: 82%) (u_error:  0.667581 %) (beta_change:  0.730609 %) (delta_change:  0.440567 %) (delta_peak/R:  4.214276 %)
iter:   2300 (Jcost: 4.701134e-02) (lr = 1.141e-02) (elapsed time: 1592.540) (secs/iter:  0.671) (n_accepted: 79%) (u_error:  0.667427 %) (beta_change:  1.013768 %) (delta_change:  0.436584 %) (delta_peak/R:  4.196502 %)
iter:   2400 (Jcost: 4.683845e-02) (lr = 4.080e-03) (elapsed time: 1656.478) (secs/iter:  0.639) (n_accepted: 78%) (u_error:  0.667131 %) (beta_change:  1.322430 %) (delta_change:  0.432122 %) (delta_peak/R:  4.177208 %)
iter:   2500 (Jcost: 4.668879e-02) (lr = 8.404e-03) (elapsed time: 1725.439) (secs/iter:  0.690) (n_accepted: 80%) (u_error:  0.667183 %) (beta_change:  1.623535 %) (delta_change:  0.429165 %) (delta_peak/R:  4.161687 %)
-> Saved file: /media/rafael/DATA/Dropbox/20220924_FIML_solver/data/output/field_inversion/Beta_e/u_imp_100/FI_run_Jimenez_Re2000_u_imp_100_k_imp_0_e_imp_1/FI_run_Jimenez_Re2000_u_imp_100_k_imp_0_e_imp_1_state_iter_2500.dat
iter:   2600 (Jcost: 4.659100e-02) (lr = 1.252e-03) (elapsed time: 1798.132) (secs/iter:  0.727) (n_accepted: 77%) (u_error:  0.666647 %) (beta_change:  1.809705 %) (delta_change:  0.425608 %) (delta_peak/R:  4.148573 %)
iter:   2700 (Jcost: 4.650326e-02) (lr = 2.580e-03) (elapsed time: 1866.008) (secs/iter:  0.679) (n_accepted: 80%) (u_error:  0.666676 %) (beta_change:  1.998767 %) (delta_change:  0.423993 %) (delta_peak/R:  4.139743 %)
iter:   2800 (Jcost: 4.637174e-02) (lr = 9.229e-04) (elapsed time: 1934.005) (secs/iter:  0.680) (n_accepted: 78%) (u_error:  0.666423 %) (beta_change:  2.300174 %) (delta_change:  0.420628 %) (delta_peak/R:  4.124294 %)
iter:   2900 (Jcost: 4.625609e-02) (lr = 1.095e-02) (elapsed time: 1999.117) (secs/iter:  0.651) (n_accepted: 82%) (u_error:  0.666359 %) (beta_change:  2.575335 %) (delta_change:  0.418194 %) (delta_peak/R:  4.111578 %)
iter:   3000 (Jcost: 4.616243e-02) (lr = 5.415e-02) (elapsed time: 2067.938) (secs/iter:  0.688) (n_accepted: 81%) (u_error:  0.666239 %) (beta_change:  2.801910 %) (delta_change:  0.448464 %) (delta_peak/R:  4.100778 %)
-> Saved file: /media/rafael/DATA/Dropbox/20220924_FIML_solver/data/output/field_inversion/Beta_e/u_imp_100/FI_run_Jimenez_Re2000_u_imp_100_k_imp_0_e_imp_1/FI_run_Jimenez_Re2000_u_imp_100_k_imp_0_e_imp_1_state_iter_3000.dat
iter:   3100 (Jcost: 4.606952e-02) (lr = 1.937e-02) (elapsed time: 2137.291) (secs/iter:  0.694) (n_accepted: 78%) (u_error:  0.665959 %) (beta_change:  3.025938 %) (delta_change:  0.484815 %) (delta_peak/R:  4.089095 %)
iter:   3200 (Jcost: 4.598280e-02) (lr = 1.662e-02) (elapsed time: 2204.763) (secs/iter:  0.675) (n_accepted: 79%) (u_error:  0.665848 %) (beta_change:  3.251878 %) (delta_change:  0.519953 %) (delta_peak/R:  4.079039 %)
iter:   3300 (Jcost: 4.589483e-02) (lr = 1.032e-03) (elapsed time: 2272.379) (secs/iter:  0.676) (n_accepted: 76%) (u_error:  0.665675 %) (beta_change:  3.493654 %) (delta_change:  0.556082 %) (delta_peak/R:  4.068390 %)
iter:   3400 (Jcost: 4.580709e-02) (lr = 2.127e-03) (elapsed time: 2337.427) (secs/iter:  0.650) (n_accepted: 80%) (u_error:  0.665728 %) (beta_change:  3.751132 %) (delta_change:  0.593828 %) (delta_peak/R:  4.058990 %)
iter:   3500 (Jcost: 4.574372e-02) (lr = 2.524e-02) (elapsed time: 2401.774) (secs/iter:  0.643) (n_accepted: 82%) (u_error:  0.665417 %) (beta_change:  3.935519 %) (delta_change:  0.619320 %) (delta_peak/R:  4.050263 %)
-> Saved file: /media/rafael/DATA/Dropbox/20220924_FIML_solver/data/output/field_inversion/Beta_e/u_imp_100/FI_run_Jimenez_Re2000_u_imp_100_k_imp_0_e_imp_1/FI_run_Jimenez_Re2000_u_imp_100_k_imp_0_e_imp_1_state_iter_3500.dat
iter:   3600 (Jcost: 4.567261e-02) (lr = 9.026e-03) (elapsed time: 2474.400) (secs/iter:  0.726) (n_accepted: 78%) (u_error:  0.665336 %) (beta_change:  4.174824 %) (delta_change:  0.649490 %) (delta_peak/R:  4.041983 %)
iter:   3700 (Jcost: 4.560109e-02) (lr = 3.228e-03) (elapsed time: 2538.006) (secs/iter:  0.636) (n_accepted: 78%) (u_error:  0.665215 %) (beta_change:  4.423228 %) (delta_change:  0.680054 %) (delta_peak/R:  4.033359 %)
iter:   3800 (Jcost: 4.553513e-02) (lr = 2.771e-03) (elapsed time: 2600.105) (secs/iter:  0.621) (n_accepted: 79%) (u_error:  0.665128 %) (beta_change:  4.658994 %) (delta_change:  0.708425 %) (delta_peak/R:  4.025552 %)
iter:   3900 (Jcost: 4.544958e-02) (lr = 9.912e-04) (elapsed time: 2663.170) (secs/iter:  0.631) (n_accepted: 78%) (u_error:  0.665050 %) (beta_change:  4.976298 %) (delta_change:  0.745628 %) (delta_peak/R:  4.015585 %)
iter:   4000 (Jcost: 4.539068e-02) (lr = 4.901e-03) (elapsed time: 2726.727) (secs/iter:  0.636) (n_accepted: 81%) (u_error:  0.664692 %) (beta_change:  5.211138 %) (delta_change:  0.771737 %) (delta_peak/R:  4.006456 %)
-> Saved file: /media/rafael/DATA/Dropbox/20220924_FIML_solver/data/output/field_inversion/Beta_e/u_imp_100/FI_run_Jimenez_Re2000_u_imp_100_k_imp_0_e_imp_1/FI_run_Jimenez_Re2000_u_imp_100_k_imp_0_e_imp_1_state_iter_4000.dat
iter:   4100 (Jcost: 4.534640e-02) (lr = 2.423e-02) (elapsed time: 2782.223) (secs/iter:  0.555) (n_accepted: 81%) (u_error:  0.664791 %) (beta_change:  5.373631 %) (delta_change:  0.789985 %) (delta_peak/R:  4.002530 %)
iter:   4200 (Jcost: 4.529397e-02) (lr = 2.080e-02) (elapsed time: 2821.056) (secs/iter:  0.388) (n_accepted: 79%) (u_error:  0.664730 %) (beta_change:  5.583385 %) (delta_change:  0.812672 %) (delta_peak/R:  3.996335 %)
iter:   4300 (Jcost: 4.523337e-02) (lr = 3.100e-03) (elapsed time: 2882.410) (secs/iter:  0.614) (n_accepted: 77%) (u_error:  0.664634 %) (beta_change:  5.833026 %) (delta_change:  0.838853 %) (delta_peak/R:  3.988977 %)
iter:   4400 (Jcost: 4.518699e-02) (lr = 1.109e-03) (elapsed time: 2947.768) (secs/iter:  0.654) (n_accepted: 78%) (u_error:  0.664561 %) (beta_change:  6.029396 %) (delta_change:  0.858798 %) (delta_peak/R:  3.983350 %)
iter:   4500 (Jcost: 4.514766e-02) (lr = 1.316e-02) (elapsed time: 3007.690) (secs/iter:  0.599) (n_accepted: 82%) (u_error:  0.664491 %) (beta_change:  6.199668 %) (delta_change:  0.875636 %) (delta_peak/R:  3.978512 %)
-> Saved file: /media/rafael/DATA/Dropbox/20220924_FIML_solver/data/output/field_inversion/Beta_e/u_imp_100/FI_run_Jimenez_Re2000_u_imp_100_k_imp_0_e_imp_1/FI_run_Jimenez_Re2000_u_imp_100_k_imp_0_e_imp_1_state_iter_4500.dat
iter:   4600 (Jcost: 4.510150e-02) (lr = 1.129e-02) (elapsed time: 3075.612) (secs/iter:  0.679) (n_accepted: 79%) (u_error:  0.664448 %) (beta_change:  6.404747 %) (delta_change:  0.895418 %) (delta_peak/R:  3.973074 %)
iter:   4700 (Jcost: 4.505467e-02) (lr = 4.039e-03) (elapsed time: 3129.507) (secs/iter:  0.539) (n_accepted: 78%) (u_error:  0.664336 %) (beta_change:  6.617322 %) (delta_change:  0.915148 %) (delta_peak/R:  3.967115 %)
iter:   4800 (Jcost: 4.501162e-02) (lr = 4.793e-02) (elapsed time: 3188.702) (secs/iter:  0.592) (n_accepted: 82%) (u_error:  0.664285 %) (beta_change:  6.818527 %) (delta_change:  0.933294 %) (delta_peak/R:  3.961949 %)
iter:   4900 (Jcost: 4.497386e-02) (lr = 1.714e-02) (elapsed time: 3247.488) (secs/iter:  0.588) (n_accepted: 78%) (u_error:  0.664215 %) (beta_change:  6.998989 %) (delta_change:  0.949010 %) (delta_peak/R:  3.957254 %)
iter:   5000 (Jcost: 4.493958e-02) (lr = 1.065e-03) (elapsed time: 3312.313) (secs/iter:  0.648) (n_accepted: 76%) (u_error:  0.664128 %) (beta_change:  7.166496 %) (delta_change:  0.963104 %) (delta_peak/R:  3.952827 %)
-> Saved file: /media/rafael/DATA/Dropbox/20220924_FIML_solver/data/output/field_inversion/Beta_e/u_imp_100/FI_run_Jimenez_Re2000_u_imp_100_k_imp_0_e_imp_1/FI_run_Jimenez_Re2000_u_imp_100_k_imp_0_e_imp_1_state_iter_5000.dat
iter:   5100 (Jcost: 4.491272e-02) (lr = 3.032e-02) (elapsed time: 3377.353) (secs/iter:  0.650) (n_accepted: 83%) (u_error:  0.664090 %) (beta_change:  7.300361 %) (delta_change:  0.974112 %) (delta_peak/R:  3.949549 %)
iter:   5200 (Jcost: 4.487441e-02) (lr = 4.518e-03) (elapsed time: 3442.470) (secs/iter:  0.651) (n_accepted: 77%) (u_error:  0.664019 %) (beta_change:  7.495307 %) (delta_change:  0.989666 %) (delta_peak/R:  3.944743 %)
iter:   5300 (Jcost: 4.484012e-02) (lr = 1.616e-03) (elapsed time: 3489.218) (secs/iter:  0.467) (n_accepted: 78%) (u_error:  0.663964 %) (beta_change:  7.674004 %) (delta_change:  1.003418 %) (delta_peak/R:  3.940498 %)
iter:   5400 (Jcost: 4.480174e-02) (lr = 1.387e-03) (elapsed time: 3531.499) (secs/iter:  0.423) (n_accepted: 79%) (u_error:  0.664056 %) (beta_change:  7.889157 %) (delta_change:  1.019647 %) (delta_peak/R:  3.936516 %)
iter:   5500 (Jcost: 4.477454e-02) (lr = 3.950e-02) (elapsed time: 3570.799) (secs/iter:  0.393) (n_accepted: 83%) (u_error:  0.663858 %) (beta_change:  8.027781 %) (delta_change:  1.029236 %) (delta_peak/R:  3.932327 %)
-> Saved file: /media/rafael/DATA/Dropbox/20220924_FIML_solver/data/output/field_inversion/Beta_e/u_imp_100/FI_run_Jimenez_Re2000_u_imp_100_k_imp_0_e_imp_1/FI_run_Jimenez_Re2000_u_imp_100_k_imp_0_e_imp_1_state_iter_5500.dat
iter:   5600 (Jcost: 4.475053e-02) (lr = 2.453e-03) (elapsed time: 3614.556) (secs/iter:  0.438) (n_accepted: 76%) (u_error:  0.663787 %) (beta_change:  8.161719 %) (delta_change:  1.038461 %) (delta_peak/R:  3.929103 %)
iter:   5700 (Jcost: 4.472414e-02) (lr = 8.774e-04) (elapsed time: 3663.731) (secs/iter:  0.492) (n_accepted: 78%) (u_error:  0.663765 %) (beta_change:  8.311087 %) (delta_change:  1.048541 %) (delta_peak/R:  3.925934 %)
iter:   5800 (Jcost: 4.469751e-02) (lr = 7.531e-04) (elapsed time: 3727.161) (secs/iter:  0.634) (n_accepted: 79%) (u_error:  0.663720 %) (beta_change:  8.465161 %) (delta_change:  1.058555 %) (delta_peak/R:  3.922572 %)
iter:   5900 (Jcost: 4.467132e-02) (lr = 5.148e-02) (elapsed time: 3788.279) (secs/iter:  0.611) (n_accepted: 84%) (u_error:  0.663693 %) (beta_change:  8.619906 %) (delta_change:  1.068302 %) (delta_peak/R:  3.919364 %)
iter:   6000 (Jcost: 4.464608e-02) (lr = 4.419e-02) (elapsed time: 3850.219) (secs/iter:  0.619) (n_accepted: 79%) (u_error:  0.663623 %) (beta_change:  8.771783 %) (delta_change:  1.077449 %) (delta_peak/R:  3.915974 %)
-> Saved file: /media/rafael/DATA/Dropbox/20220924_FIML_solver/data/output/field_inversion/Beta_e/u_imp_100/FI_run_Jimenez_Re2000_u_imp_100_k_imp_0_e_imp_1/FI_run_Jimenez_Re2000_u_imp_100_k_imp_0_e_imp_1_state_iter_6000.dat
iter:   6100 (Jcost: 4.462624e-02) (lr = 6.585e-03) (elapsed time: 3919.500) (secs/iter:  0.693) (n_accepted: 77%) (u_error:  0.663599 %) (beta_change:  8.893463 %) (delta_change:  1.084602 %) (delta_peak/R:  3.913503 %)
iter:   6200 (Jcost: 4.460095e-02) (lr = 9.814e-04) (elapsed time: 3983.564) (secs/iter:  0.641) (n_accepted: 77%) (u_error:  0.663561 %) (beta_change:  9.051480 %) (delta_change:  1.093572 %) (delta_peak/R:  3.910297 %)
iter:   6300 (Jcost: 4.458493e-02) (lr = 1.165e-02) (elapsed time: 4045.504) (secs/iter:  0.619) (n_accepted: 82%) (u_error:  0.663546 %) (beta_change:  9.153484 %) (delta_change:  1.099191 %) (delta_peak/R:  3.908318 %)
iter:   6400 (Jcost: 4.456247e-02) (lr = 9.996e-03) (elapsed time: 4098.335) (secs/iter:  0.528) (n_accepted: 79%) (u_error:  0.663483 %) (beta_change:  9.298295 %) (delta_change:  1.106846 %) (delta_peak/R:  3.905263 %)
iter:   6500 (Jcost: 4.453775e-02) (lr = 1.490e-03) (elapsed time: 4147.571) (secs/iter:  0.492) (n_accepted: 77%) (u_error:  0.663445 %) (beta_change:  9.461216 %) (delta_change:  1.115192 %) (delta_peak/R:  3.902095 %)
-> Saved file: /media/rafael/DATA/Dropbox/20220924_FIML_solver/data/output/field_inversion/Beta_e/u_imp_100/FI_run_Jimenez_Re2000_u_imp_100_k_imp_0_e_imp_1/FI_run_Jimenez_Re2000_u_imp_100_k_imp_0_e_imp_1_state_iter_6500.dat
iter:   6600 (Jcost: 4.451621e-02) (lr = 1.279e-03) (elapsed time: 4214.587) (secs/iter:  0.670) (n_accepted: 79%) (u_error:  0.663335 %) (beta_change:  9.608349 %) (delta_change:  1.124142 %) (delta_peak/R:  3.898773 %)
iter:   6700 (Jcost: 4.449308e-02) (lr = 8.741e-02) (elapsed time: 4277.189) (secs/iter:  0.626) (n_accepted: 84%) (u_error:  0.663266 %) (beta_change:  9.769313 %) (delta_change:  1.138215 %) (delta_peak/R:  3.895524 %)
iter:   6800 (Jcost: 4.447594e-02) (lr = 1.303e-02) (elapsed time: 4340.220) (secs/iter:  0.630) (n_accepted: 77%) (u_error:  0.663320 %) (beta_change:  9.884783 %) (delta_change:  1.148271 %) (delta_peak/R:  3.893899 %)
iter:   6900 (Jcost: 4.445762e-02) (lr = 1.941e-03) (elapsed time: 4400.426) (secs/iter:  0.602) (n_accepted: 77%) (u_error:  0.663311 %) (beta_change: 10.015101 %) (delta_change:  1.159367 %) (delta_peak/R:  3.891629 %)
iter:   7000 (Jcost: 4.443947e-02) (lr = 3.999e-03) (elapsed time: 4453.312) (secs/iter:  0.529) (n_accepted: 80%) (u_error:  0.663303 %) (beta_change: 10.147129 %) (delta_change:  1.170431 %) (delta_peak/R:  3.889375 %)
-> Saved file: /media/rafael/DATA/Dropbox/20220924_FIML_solver/data/output/field_inversion/Beta_e/u_imp_100/FI_run_Jimenez_Re2000_u_imp_100_k_imp_0_e_imp_1/FI_run_Jimenez_Re2000_u_imp_100_k_imp_0_e_imp_1_state_iter_7000.dat
iter:   7100 (Jcost: 4.442157e-02) (lr = 4.746e-02) (elapsed time: 4493.243) (secs/iter:  0.399) (n_accepted: 82%) (u_error:  0.663216 %) (beta_change: 10.278020 %) (delta_change:  1.181124 %) (delta_peak/R:  3.886646 %)
iter:   7200 (Jcost: 4.440842e-02) (lr = 1.228e-03) (elapsed time: 4541.854) (secs/iter:  0.486) (n_accepted: 75%) (u_error:  0.663222 %) (beta_change: 10.376331 %) (delta_change:  1.189121 %) (delta_peak/R:  3.885083 %)
iter:   7300 (Jcost: 4.438957e-02) (lr = 2.530e-03) (elapsed time: 4594.806) (secs/iter:  0.530) (n_accepted: 80%) (u_error:  0.663282 %) (beta_change: 10.526591 %) (delta_change:  1.201209 %) (delta_peak/R:  3.883056 %)
iter:   7400 (Jcost: 4.437303e-02) (lr = 7.204e-02) (elapsed time: 4654.636) (secs/iter:  0.598) (n_accepted: 83%) (u_error:  0.663059 %) (beta_change: 10.651035 %) (delta_change:  1.210704 %) (delta_peak/R:  3.879615 %)
iter:   7500 (Jcost: 4.435739e-02) (lr = 6.184e-02) (elapsed time: 4712.321) (secs/iter:  0.577) (n_accepted: 79%) (u_error:  0.663110 %) (beta_change: 10.769900 %) (delta_change:  1.219934 %) (delta_peak/R:  3.878085 %)
-> Saved file: /media/rafael/DATA/Dropbox/20220924_FIML_solver/data/output/field_inversion/Beta_e/u_imp_100/FI_run_Jimenez_Re2000_u_imp_100_k_imp_0_e_imp_1/FI_run_Jimenez_Re2000_u_imp_100_k_imp_0_e_imp_1_state_iter_7500.dat
iter:   7600 (Jcost: 4.434057e-02) (lr = 2.212e-02) (elapsed time: 4768.544) (secs/iter:  0.562) (n_accepted: 78%) (u_error:  0.663077 %) (beta_change: 10.904267 %) (delta_change:  1.230081 %) (delta_peak/R:  3.875784 %)
iter:   7700 (Jcost: 4.432739e-02) (lr = 7.911e-03) (elapsed time: 4828.274) (secs/iter:  0.597) (n_accepted: 78%) (u_error:  0.663056 %) (beta_change: 11.011236 %) (delta_change:  1.238018 %) (delta_peak/R:  3.874006 %)
iter:   7800 (Jcost: 4.431202e-02) (lr = 1.179e-03) (elapsed time: 4888.342) (secs/iter:  0.601) (n_accepted: 77%) (u_error:  0.663013 %) (beta_change: 11.138085 %) (delta_change:  1.247248 %) (delta_peak/R:  3.871797 %)
iter:   7900 (Jcost: 4.429831e-02) (lr = 1.012e-03) (elapsed time: 4948.874) (secs/iter:  0.605) (n_accepted: 79%) (u_error:  0.663004 %) (beta_change: 11.252624 %) (delta_change:  1.255463 %) (delta_peak/R:  3.870023 %)
iter:   8000 (Jcost: 4.428387e-02) (lr = 8.687e-04) (elapsed time: 4999.127) (secs/iter:  0.503) (n_accepted: 79%) (u_error:  0.662972 %) (beta_change: 11.375375 %) (delta_change:  1.264081 %) (delta_peak/R:  3.867995 %)
-> Saved file: /media/rafael/DATA/Dropbox/20220924_FIML_solver/data/output/field_inversion/Beta_e/u_imp_100/FI_run_Jimenez_Re2000_u_imp_100_k_imp_0_e_imp_1/FI_run_Jimenez_Re2000_u_imp_100_k_imp_0_e_imp_1_state_iter_8000.dat
iter:   8100 (Jcost: 4.427426e-02) (lr = 4.295e-03) (elapsed time: 5062.306) (secs/iter:  0.632) (n_accepted: 81%) (u_error:  0.662968 %) (beta_change: 11.458161 %) (delta_change:  1.269819 %) (delta_peak/R:  3.866747 %)
iter:   8200 (Jcost: 4.426152e-02) (lr = 2.124e-02) (elapsed time: 5122.921) (secs/iter:  0.606) (n_accepted: 81%) (u_error:  0.662871 %) (beta_change: 11.571901 %) (delta_change:  1.277469 %) (delta_peak/R:  3.864463 %)
iter:   8300 (Jcost: 4.425339e-02) (lr = 3.165e-03) (elapsed time: 5184.611) (secs/iter:  0.617) (n_accepted: 77%) (u_error:  0.662918 %) (beta_change: 11.640888 %) (delta_change:  1.282166 %) (delta_peak/R:  3.863775 %)
iter:   8400 (Jcost: 4.423991e-02) (lr = 1.132e-03) (elapsed time: 5245.201) (secs/iter:  0.606) (n_accepted: 78%) (u_error:  0.662885 %) (beta_change: 11.761328 %) (delta_change:  1.290103 %) (delta_peak/R:  3.861833 %)
iter:   8500 (Jcost: 4.423144e-02) (lr = 2.332e-03) (elapsed time: 5287.680) (secs/iter:  0.425) (n_accepted: 80%) (u_error:  0.662867 %) (beta_change: 11.837903 %) (delta_change:  1.295068 %) (delta_peak/R:  3.860629 %)
-> Saved file: /media/rafael/DATA/Dropbox/20220924_FIML_solver/data/output/field_inversion/Beta_e/u_imp_100/FI_run_Jimenez_Re2000_u_imp_100_k_imp_0_e_imp_1/FI_run_Jimenez_Re2000_u_imp_100_k_imp_0_e_imp_1_state_iter_8500.dat
iter:   8600 (Jcost: 4.421973e-02) (lr = 2.002e-03) (elapsed time: 5329.979) (secs/iter:  0.423) (n_accepted: 79%) (u_error:  0.662853 %) (beta_change: 11.944876 %) (delta_change:  1.301909 %) (delta_peak/R:  3.859033 %)
iter:   8700 (Jcost: 4.420785e-02) (lr = 7.160e-04) (elapsed time: 5392.260) (secs/iter:  0.623) (n_accepted: 78%) (u_error:  0.662841 %) (beta_change: 12.055050 %) (delta_change:  1.308826 %) (delta_peak/R:  3.857424 %)
iter:   8800 (Jcost: 4.419511e-02) (lr = 8.496e-03) (elapsed time: 5448.297) (secs/iter:  0.560) (n_accepted: 82%) (u_error:  0.662782 %) (beta_change: 12.175478 %) (delta_change:  1.316180 %) (delta_peak/R:  3.855381 %)
iter:   8900 (Jcost: 4.418705e-02) (lr = 7.293e-03) (elapsed time: 5508.464) (secs/iter:  0.602) (n_accepted: 79%) (u_error:  0.662798 %) (beta_change: 12.251594 %) (delta_change:  1.320807 %) (delta_peak/R:  3.854443 %)
iter:   9000 (Jcost: 4.417628e-02) (lr = 8.654e-02) (elapsed time: 5567.489) (secs/iter:  0.590) (n_accepted: 82%) (u_error:  0.662794 %) (beta_change: 12.355509 %) (delta_change:  1.326992 %) (delta_peak/R:  3.853012 %)
-> Saved file: /media/rafael/DATA/Dropbox/20220924_FIML_solver/data/output/field_inversion/Beta_e/u_imp_100/FI_run_Jimenez_Re2000_u_imp_100_k_imp_0_e_imp_1/FI_run_Jimenez_Re2000_u_imp_100_k_imp_0_e_imp_1_state_iter_9000.dat
iter:   9100 (Jcost: 4.416731e-02) (lr = 1.290e-02) (elapsed time: 5634.735) (secs/iter:  0.672) (n_accepted: 77%) (u_error:  0.662767 %) (beta_change: 12.442682 %) (delta_change:  1.332061 %) (delta_peak/R:  3.851664 %)
iter:   9200 (Jcost: 4.415718e-02) (lr = 4.613e-03) (elapsed time: 5687.780) (secs/iter:  0.530) (n_accepted: 78%) (u_error:  0.662727 %) (beta_change: 12.542584 %) (delta_change:  1.337755 %) (delta_peak/R:  3.850076 %)
iter:   9300 (Jcost: 4.414562e-02) (lr = 6.874e-04) (elapsed time: 5743.830) (secs/iter:  0.561) (n_accepted: 77%) (u_error:  0.662713 %) (beta_change: 12.657797 %) (delta_change:  1.344228 %) (delta_peak/R:  3.848465 %)
iter:   9400 (Jcost: 4.413527e-02) (lr = 8.157e-03) (elapsed time: 5803.072) (secs/iter:  0.592) (n_accepted: 82%) (u_error:  0.662607 %) (beta_change: 12.769041 %) (delta_change:  1.350227 %) (delta_peak/R:  3.846320 %)
iter:   9500 (Jcost: 4.412867e-02) (lr = 1.216e-03) (elapsed time: 5866.468) (secs/iter:  0.634) (n_accepted: 77%) (u_error:  0.662756 %) (beta_change: 12.833679 %) (delta_change:  1.353909 %) (delta_peak/R:  3.846461 %)
-> Saved file: /media/rafael/DATA/Dropbox/20220924_FIML_solver/data/output/field_inversion/Beta_e/u_imp_100/FI_run_Jimenez_Re2000_u_imp_100_k_imp_0_e_imp_1/FI_run_Jimenez_Re2000_u_imp_100_k_imp_0_e_imp_1_state_iter_9500.dat
iter:   9600 (Jcost: 4.412036e-02) (lr = 2.504e-03) (elapsed time: 5926.308) (secs/iter:  0.598) (n_accepted: 80%) (u_error:  0.662659 %) (beta_change: 12.915780 %) (delta_change:  1.358170 %) (delta_peak/R:  3.844767 %)
iter:   9700 (Jcost: 4.411099e-02) (lr = 2.150e-03) (elapsed time: 5986.069) (secs/iter:  0.598) (n_accepted: 79%) (u_error:  0.662667 %) (beta_change: 13.013428 %) (delta_change:  1.363295 %) (delta_peak/R:  3.843578 %)
iter:   9800 (Jcost: 4.410066e-02) (lr = 7.689e-04) (elapsed time: 6043.497) (secs/iter:  0.574) (n_accepted: 78%) (u_error:  0.662640 %) (beta_change: 13.122213 %) (delta_change:  1.368841 %) (delta_peak/R:  3.842027 %)
iter:   9900 (Jcost: 4.409360e-02) (lr = 9.124e-03) (elapsed time: 6103.996) (secs/iter:  0.605) (n_accepted: 82%) (u_error:  0.662615 %) (beta_change: 13.198262 %) (delta_change:  1.372599 %) (delta_peak/R:  3.840919 %)
iter:  10000 (Jcost: 4.408538e-02) (lr = 5.666e-04) (elapsed time: 6166.406) (secs/iter:  0.624) (n_accepted: 76%) (u_error:  0.662616 %) (beta_change: 13.290770 %) (delta_change:  1.376976 %) (delta_peak/R:  3.839821 %)
-> Saved file: /media/rafael/DATA/Dropbox/20220924_FIML_solver/data/output/field_inversion/Beta_e/u_imp_100/FI_run_Jimenez_Re2000_u_imp_100_k_imp_0_e_imp_1/FI_run_Jimenez_Re2000_u_imp_100_k_imp_0_e_imp_1_state_iter_10000.dat
iter:  10100 (Jcost: 4.407699e-02) (lr = 3.873e-02) (elapsed time: 6228.451) (secs/iter:  0.620) (n_accepted: 84%) (u_error:  0.662592 %) (beta_change: 13.386060 %) (delta_change:  1.381364 %) (delta_peak/R:  3.838539 %)
iter:  10200 (Jcost: 4.406955e-02) (lr = 2.405e-03) (elapsed time: 6288.240) (secs/iter:  0.598) (n_accepted: 76%) (u_error:  0.662585 %) (beta_change: 13.471773 %) (delta_change:  1.385251 %) (delta_peak/R:  3.837491 %)
iter:  10300 (Jcost: 4.406039e-02) (lr = 8.601e-04) (elapsed time: 6343.755) (secs/iter:  0.555) (n_accepted: 78%) (u_error:  0.662558 %) (beta_change: 13.578248 %) (delta_change:  1.389956 %) (delta_peak/R:  3.836083 %)
iter:  10400 (Jcost: 4.405188e-02) (lr = 5.879e-02) (elapsed time: 6402.482) (secs/iter:  0.587) (n_accepted: 84%) (u_error:  0.662557 %) (beta_change: 13.678560 %) (delta_change:  1.394314 %) (delta_peak/R:  3.834923 %)
iter:  10500 (Jcost: 4.404621e-02) (lr = 6.337e-04) (elapsed time: 6463.931) (secs/iter:  0.614) (n_accepted: 74%) (u_error:  0.662543 %) (beta_change: 13.746035 %) (delta_change:  1.397172 %) (delta_peak/R:  3.834063 %)
-> Saved file: /media/rafael/DATA/Dropbox/20220924_FIML_solver/data/output/field_inversion/Beta_e/u_imp_100/FI_run_Jimenez_Re2000_u_imp_100_k_imp_0_e_imp_1/FI_run_Jimenez_Re2000_u_imp_100_k_imp_0_e_imp_1_state_iter_10500.dat
iter:  10600 (Jcost: 4.404103e-02) (lr = 3.133e-03) (elapsed time: 6526.598) (secs/iter:  0.627) (n_accepted: 81%) (u_error:  0.662532 %) (beta_change: 13.808095 %) (delta_change:  1.399764 %) (delta_peak/R:  3.833289 %)
iter:  10700 (Jcost: 4.403041e-02) (lr = 6.455e-03) (elapsed time: 6564.442) (secs/iter:  0.378) (n_accepted: 80%) (u_error:  0.662450 %) (beta_change: 13.939396 %) (delta_change:  1.405062 %) (delta_peak/R:  3.831282 %)
iter:  10800 (Jcost: 4.402258e-02) (lr = 7.660e-02) (elapsed time: 6623.013) (secs/iter:  0.586) (n_accepted: 82%) (u_error:  0.662432 %) (beta_change: 14.035962 %) (delta_change:  1.408901 %) (delta_peak/R:  3.830095 %)
iter:  10900 (Jcost: 4.401550e-02) (lr = 2.740e-02) (elapsed time: 6679.586) (secs/iter:  0.566) (n_accepted: 78%) (u_error:  0.662470 %) (beta_change: 14.120817 %) (delta_change:  1.412268 %) (delta_peak/R:  3.829414 %)
iter:  11000 (Jcost: 4.400879e-02) (lr = 9.800e-03) (elapsed time: 6740.600) (secs/iter:  0.610) (n_accepted: 78%) (u_error:  0.662455 %) (beta_change: 14.204940 %) (delta_change:  1.415474 %) (delta_peak/R:  3.828396 %)
-> Saved file: /media/rafael/DATA/Dropbox/20220924_FIML_solver/data/output/field_inversion/Beta_e/u_imp_100/FI_run_Jimenez_Re2000_u_imp_100_k_imp_0_e_imp_1/FI_run_Jimenez_Re2000_u_imp_100_k_imp_0_e_imp_1_state_iter_11000.dat
iter:  11100 (Jcost: 4.400167e-02) (lr = 3.505e-03) (elapsed time: 6805.299) (secs/iter:  0.647) (n_accepted: 78%) (u_error:  0.662448 %) (beta_change: 14.294996 %) (delta_change:  1.418846 %) (delta_peak/R:  3.827379 %)
iter:  11200 (Jcost: 4.399644e-02) (lr = 1.733e-02) (elapsed time: 6863.044) (secs/iter:  0.577) (n_accepted: 81%) (u_error:  0.662452 %) (beta_change: 14.361981 %) (delta_change:  1.421317 %) (delta_peak/R:  3.826690 %)
iter:  11300 (Jcost: 4.398978e-02) (lr = 1.488e-02) (elapsed time: 6922.228) (secs/iter:  0.592) (n_accepted: 79%) (u_error:  0.662429 %) (beta_change: 14.447564 %) (delta_change:  1.424379 %) (delta_peak/R:  3.825627 %)
iter:  11400 (Jcost: 4.398218e-02) (lr = 5.321e-03) (elapsed time: 6979.716) (secs/iter:  0.575) (n_accepted: 78%) (u_error:  0.662407 %) (beta_change: 14.546476 %) (delta_change:  1.427846 %) (delta_peak/R:  3.824445 %)
iter:  11500 (Jcost: 4.397542e-02) (lr = 6.314e-02) (elapsed time: 7039.379) (secs/iter:  0.597) (n_accepted: 82%) (u_error:  0.662455 %) (beta_change: 14.638274 %) (delta_change:  1.431068 %) (delta_peak/R:  3.823797 %)
-> Saved file: /media/rafael/DATA/Dropbox/20220924_FIML_solver/data/output/field_inversion/Beta_e/u_imp_100/FI_run_Jimenez_Re2000_u_imp_100_k_imp_0_e_imp_1/FI_run_Jimenez_Re2000_u_imp_100_k_imp_0_e_imp_1_state_iter_11500.dat
iter:  11600 (Jcost: 4.397030e-02) (lr = 2.258e-02) (elapsed time: 7099.491) (secs/iter:  0.601) (n_accepted: 78%) (u_error:  0.662394 %) (beta_change: 14.703283 %) (delta_change:  1.433188 %) (delta_peak/R:  3.822723 %)
iter:  11700 (Jcost: 4.396459e-02) (lr = 1.402e-03) (elapsed time: 7149.333) (secs/iter:  0.498) (n_accepted: 76%) (u_error:  0.662393 %) (beta_change: 14.779791 %) (delta_change:  1.435724 %) (delta_peak/R:  3.821928 %)
iter:  11800 (Jcost: 4.396032e-02) (lr = 1.664e-02) (elapsed time: 7206.187) (secs/iter:  0.569) (n_accepted: 82%) (u_error:  0.662371 %) (beta_change: 14.837165 %) (delta_change:  1.437567 %) (delta_peak/R:  3.821201 %)
iter:  11900 (Jcost: 4.395408e-02) (lr = 1.428e-02) (elapsed time: 7264.576) (secs/iter:  0.584) (n_accepted: 79%) (u_error:  0.662362 %) (beta_change: 14.921788 %) (delta_change:  1.440263 %) (delta_peak/R:  3.820281 %)
iter:  12000 (Jcost: 4.394659e-02) (lr = 2.129e-03) (elapsed time: 7322.736) (secs/iter:  0.582) (n_accepted: 77%) (u_error:  0.662336 %) (beta_change: 15.024696 %) (delta_change:  1.443446 %) (delta_peak/R:  3.819076 %)
-> Saved file: /media/rafael/DATA/Dropbox/20220924_FIML_solver/data/output/field_inversion/Beta_e/u_imp_100/FI_run_Jimenez_Re2000_u_imp_100_k_imp_0_e_imp_1/FI_run_Jimenez_Re2000_u_imp_100_k_imp_0_e_imp_1_state_iter_12000.dat
iter:  12100 (Jcost: 4.393950e-02) (lr = 7.613e-04) (elapsed time: 7367.747) (secs/iter:  0.450) (n_accepted: 78%) (u_error:  0.662323 %) (beta_change: 15.122828 %) (delta_change:  1.446414 %) (delta_peak/R:  3.818017 %)
iter:  12200 (Jcost: 4.393424e-02) (lr = 5.204e-02) (elapsed time: 7425.726) (secs/iter:  0.580) (n_accepted: 84%) (u_error:  0.662311 %) (beta_change: 15.196447 %) (delta_change:  1.448585 %) (delta_peak/R:  3.817210 %)
iter:  12300 (Jcost: 4.392873e-02) (lr = 4.467e-02) (elapsed time: 7481.421) (secs/iter:  0.557) (n_accepted: 79%) (u_error:  0.662321 %) (beta_change: 15.273957 %) (delta_change:  1.450852 %) (delta_peak/R:  3.816514 %)
iter:  12400 (Jcost: 4.392279e-02) (lr = 1.598e-02) (elapsed time: 7526.076) (secs/iter:  0.447) (n_accepted: 78%) (u_error:  0.662308 %) (beta_change: 15.358360 %) (delta_change:  1.453239 %) (delta_peak/R:  3.815610 %)
iter:  12500 (Jcost: 4.391695e-02) (lr = 2.381e-03) (elapsed time: 7573.654) (secs/iter:  0.476) (n_accepted: 77%) (u_error:  0.662284 %) (beta_change: 15.442206 %) (delta_change:  1.455541 %) (delta_peak/R:  3.814642 %)
-> Saved file: /media/rafael/DATA/Dropbox/20220924_FIML_solver/data/output/field_inversion/Beta_e/u_imp_100/FI_run_Jimenez_Re2000_u_imp_100_k_imp_0_e_imp_1/FI_run_Jimenez_Re2000_u_imp_100_k_imp_0_e_imp_1_state_iter_12500.dat
iter:  12600 (Jcost: 4.391089e-02) (lr = 8.516e-04) (elapsed time: 7616.405) (secs/iter:  0.428) (n_accepted: 78%) (u_error:  0.662284 %) (beta_change: 15.529680 %) (delta_change:  1.457917 %) (delta_peak/R:  3.813802 %)
iter:  12700 (Jcost: 4.390551e-02) (lr = 4.210e-03) (elapsed time: 7654.542) (secs/iter:  0.381) (n_accepted: 81%) (u_error:  0.662219 %) (beta_change: 15.611503 %) (delta_change:  1.460007 %) (delta_peak/R:  3.812603 %)
iter:  12800 (Jcost: 4.390057e-02) (lr = 4.996e-02) (elapsed time: 7693.887) (secs/iter:  0.393) (n_accepted: 82%) (u_error:  0.662263 %) (beta_change: 15.680716 %) (delta_change:  1.461857 %) (delta_peak/R:  3.812240 %)
iter:  12900 (Jcost: 4.389650e-02) (lr = 1.293e-03) (elapsed time: 7735.696) (secs/iter:  0.418) (n_accepted: 75%) (u_error:  0.662256 %) (beta_change: 15.740914 %) (delta_change:  1.463383 %) (delta_peak/R:  3.811633 %)
iter:  13000 (Jcost: 4.389125e-02) (lr = 1.110e-03) (elapsed time: 7771.994) (secs/iter:  0.363) (n_accepted: 79%) (u_error:  0.662249 %) (beta_change: 15.819192 %) (delta_change:  1.465329 %) (delta_peak/R:  3.810855 %)
-> Saved file: /media/rafael/DATA/Dropbox/20220924_FIML_solver/data/output/field_inversion/Beta_e/u_imp_100/FI_run_Jimenez_Re2000_u_imp_100_k_imp_0_e_imp_1/FI_run_Jimenez_Re2000_u_imp_100_k_imp_0_e_imp_1_state_iter_13000.dat
iter:  13100 (Jcost: 4.388489e-02) (lr = 5.487e-03) (elapsed time: 7823.844) (secs/iter:  0.518) (n_accepted: 81%) (u_error:  0.662188 %) (beta_change: 15.917620 %) (delta_change:  1.467654 %) (delta_peak/R:  3.809555 %)
iter:  13200 (Jcost: 4.388127e-02) (lr = 8.176e-04) (elapsed time: 7868.430) (secs/iter:  0.446) (n_accepted: 77%) (u_error:  0.662228 %) (beta_change: 15.969614 %) (delta_change:  1.468942 %) (delta_peak/R:  3.809339 %)
iter:  13300 (Jcost: 4.387800e-02) (lr = 1.684e-03) (elapsed time: 7928.692) (secs/iter:  0.603) (n_accepted: 80%) (u_error:  0.662215 %) (beta_change: 16.019505 %) (delta_change:  1.470096 %) (delta_peak/R:  3.808798 %)
iter:  13400 (Jcost: 4.387247e-02) (lr = 1.446e-03) (elapsed time: 7985.627) (secs/iter:  0.569) (n_accepted: 79%) (u_error:  0.662223 %) (beta_change: 16.104093 %) (delta_change:  1.472055 %) (delta_peak/R:  3.808089 %)
iter:  13500 (Jcost: 4.386824e-02) (lr = 7.149e-03) (elapsed time: 8029.964) (secs/iter:  0.443) (n_accepted: 81%) (u_error:  0.662208 %) (beta_change: 16.169283 %) (delta_change:  1.473505 %) (delta_peak/R:  3.807408 %)
-> Saved file: /media/rafael/DATA/Dropbox/20220924_FIML_solver/data/output/field_inversion/Beta_e/u_imp_100/FI_run_Jimenez_Re2000_u_imp_100_k_imp_0_e_imp_1/FI_run_Jimenez_Re2000_u_imp_100_k_imp_0_e_imp_1_state_iter_13500.dat
iter:  13600 (Jcost: 4.386371e-02) (lr = 1.065e-03) (elapsed time: 8092.563) (secs/iter:  0.626) (n_accepted: 77%) (u_error:  0.662201 %) (beta_change: 16.239707 %) (delta_change:  1.475050 %) (delta_peak/R:  3.806735 %)
iter:  13700 (Jcost: 4.385877e-02) (lr = 9.146e-04) (elapsed time: 8151.774) (secs/iter:  0.592) (n_accepted: 79%) (u_error:  0.662189 %) (beta_change: 16.316970 %) (delta_change:  1.476703 %) (delta_peak/R:  3.805972 %)
iter:  13800 (Jcost: 4.385509e-02) (lr = 2.605e-02) (elapsed time: 8211.425) (secs/iter:  0.597) (n_accepted: 83%) (u_error:  0.662171 %) (beta_change: 16.375266 %) (delta_change:  1.477913 %) (delta_peak/R:  3.805340 %)
iter:  13900 (Jcost: 4.385113e-02) (lr = 9.316e-03) (elapsed time: 8271.368) (secs/iter:  0.599) (n_accepted: 78%) (u_error:  0.662175 %) (beta_change: 16.437750 %) (delta_change:  1.479217 %) (delta_peak/R:  3.804825 %)
iter:  14000 (Jcost: 4.384648e-02) (lr = 7.997e-03) (elapsed time: 8330.926) (secs/iter:  0.596) (n_accepted: 79%) (u_error:  0.662168 %) (beta_change: 16.511798 %) (delta_change:  1.480715 %) (delta_peak/R:  3.804136 %)
-> Saved file: /media/rafael/DATA/Dropbox/20220924_FIML_solver/data/output/field_inversion/Beta_e/u_imp_100/FI_run_Jimenez_Re2000_u_imp_100_k_imp_0_e_imp_1/FI_run_Jimenez_Re2000_u_imp_100_k_imp_0_e_imp_1_state_iter_14000.dat
iter:  14100 (Jcost: 4.384202e-02) (lr = 6.864e-03) (elapsed time: 8389.640) (secs/iter:  0.587) (n_accepted: 79%) (u_error:  0.662162 %) (beta_change: 16.583466 %) (delta_change:  1.482133 %) (delta_peak/R:  3.803476 %)
iter:  14200 (Jcost: 4.383647e-02) (lr = 1.023e-03) (elapsed time: 8448.477) (secs/iter:  0.588) (n_accepted: 77%) (u_error:  0.662159 %) (beta_change: 16.673147 %) (delta_change:  1.483872 %) (delta_peak/R:  3.802692 %)
iter:  14300 (Jcost: 4.383340e-02) (lr = 1.214e-02) (elapsed time: 8508.120) (secs/iter:  0.596) (n_accepted: 82%) (u_error:  0.662153 %) (beta_change: 16.723141 %) (delta_change:  1.484815 %) (delta_peak/R:  3.802232 %)
iter:  14400 (Jcost: 4.382968e-02) (lr = 7.538e-04) (elapsed time: 8568.727) (secs/iter:  0.606) (n_accepted: 76%) (u_error:  0.662141 %) (beta_change: 16.784070 %) (delta_change:  1.485937 %) (delta_peak/R:  3.801635 %)
iter:  14500 (Jcost: 4.382486e-02) (lr = 8.945e-03) (elapsed time: 8626.150) (secs/iter:  0.574) (n_accepted: 82%) (u_error:  0.662079 %) (beta_change: 16.867071 %) (delta_change:  1.487378 %) (delta_peak/R:  3.800540 %)
-> Saved file: /media/rafael/DATA/Dropbox/20220924_FIML_solver/data/output/field_inversion/Beta_e/u_imp_100/FI_run_Jimenez_Re2000_u_imp_100_k_imp_0_e_imp_1/FI_run_Jimenez_Re2000_u_imp_100_k_imp_0_e_imp_1_state_iter_14500.dat
iter:  14600 (Jcost: 4.382183e-02) (lr = 3.199e-03) (elapsed time: 8689.510) (secs/iter:  0.634) (n_accepted: 78%) (u_error:  0.662127 %) (beta_change: 16.913610 %) (delta_change:  1.488269 %) (delta_peak/R:  3.800463 %)
iter:  14700 (Jcost: 4.381800e-02) (lr = 3.796e-02) (elapsed time: 8747.455) (secs/iter:  0.579) (n_accepted: 82%) (u_error:  0.662124 %) (beta_change: 16.977354 %) (delta_change:  1.489387 %) (delta_peak/R:  3.799917 %)
iter:  14800 (Jcost: 4.381459e-02) (lr = 9.822e-04) (elapsed time: 8805.866) (secs/iter:  0.584) (n_accepted: 75%) (u_error:  0.662120 %) (beta_change: 17.034514 %) (delta_change:  1.490370 %) (delta_peak/R:  3.799423 %)
iter:  14900 (Jcost: 4.381079e-02) (lr = 2.024e-03) (elapsed time: 8864.047) (secs/iter:  0.582) (n_accepted: 80%) (u_error:  0.662094 %) (beta_change: 17.098872 %) (delta_change:  1.491427 %) (delta_peak/R:  3.798724 %)
iter:  15000 (Jcost: 4.380694e-02) (lr = 5.763e-02) (elapsed time: 8919.549) (secs/iter:  0.555) (n_accepted: 83%) (u_error:  0.662107 %) (beta_change: 17.163758 %) (delta_change:  1.492520 %) (delta_peak/R:  3.798287 %)
-> Saved file: /media/rafael/DATA/Dropbox/20220924_FIML_solver/data/output/field_inversion/Beta_e/u_imp_100/FI_run_Jimenez_Re2000_u_imp_100_k_imp_0_e_imp_1/FI_run_Jimenez_Re2000_u_imp_100_k_imp_0_e_imp_1_state_iter_15000.dat
iter:  15000 (Jcost: 4.380673e-02) (lr = 6.916e-02) (elapsed time: 8925.275) (secs/iter:   None) (n_accepted: 0%) (u_error:  0.662087 %) (beta_change: 17.167631 %) (delta_change:  1.492558 %) (delta_peak/R:  3.798120 %)
