# ------------------------------------------------------------------------
#                  Input Arguments
# ------------------------------------------------------------------------
# Begin_Input_Arguments
{ 'all_b_mode': ['Beta_k'],
  'args_mk_solver': { 'torch': "<module 'torch' from "
                               "'/home/rafael/anaconda3/lib/python3.9/site-packages/torch/__init__.py'>",
                      'y_grid': [0.0, 0.000309700312, 0.000638645973, 0.00098802599, 0.00135910194, 0.00175321227, 0.00217177688, 0.00261630193, 0.00308838486, 0.00358971984, 0.00412210331, 0.00468744001, 0.00528774917, 0.00592517114, 0.00660197432, 0.0073205624, 0.00808348206, 0.00889343092, 0.00975326602, 0.0106660126, 0.0116348733, 0.0126632377, 0.0137546927, 0.0149130326, 0.0161422702, 0.0174466482, 0.0188306506, 0.0202990157, 0.0218567475, 0.02350913, 0.0252617393, 0.0271204584, 0.0290914903, 0.0311813732, 0.033396994, 0.0357456039, 0.0382348325, 0.0408727029, 0.0436676462, 0.0466285159, 0.0497646022, 0.0530856456, 0.0566018496, 0.0603238931, 0.0642629411, 0.068430655, 0.0728392004, 0.0775012535, 0.0824300053, 0.0876391634, 0.0931429507, 0.0989561006, 0.105093849, 0.111571922, 0.118406518, 0.125614286, 0.133212296, 0.141218006, 0.14964922, 0.158524039, 0.167860801, 0.177678022, 0.187994313, 0.1988283, 0.21019853, 0.222123362, 0.234620856, 0.247708641, 0.261403784, 0.275722637, 0.290680679, 0.306292354, 0.322570888, 0.339528108, 0.357174255, 0.375517785, 0.394565175, 0.414320726, 0.43478637, 0.45596148, 0.47784269, 0.500423731, 0.523695275, 0.547644806, 0.572256506, 0.597511177, 0.623386184, 0.649855436, 0.676889401, 0.704455158, 0.73251649, 0.761034018, 0.789965372, 0.819265404, 0.848886442, 0.878778572, 0.908889961, 0.939167201, 0.969555687, 1.0],
                      'Ret': 395,
                      'cp': 1.0,
                      'A_sca_rho': 1.0,
                      'A_sca_mu': 0.002531645569620253,
                      'A_sca_k': 0.0006329113924050633,
                      'b_exp_rho': 0,
                      'b_exp_mu': 0,
                      'b_exp_k': 0,
                      'tensor_device': 'cpu',
                      'as_tensor': '<function '
                                   'Build_arguments_fi_run._mk_args_MK_solver.<locals>.<lambda> '
                                   'at 0x7fb6d4b5c040>',
                      'ref_dns': { 'u_dns': [-9.526574105747637e-18, 0.12038649024958871, 0.24689575088318755, 0.38027690761403127, 0.521480839878463, 0.6717138625136883, 0.8325041832075781, 1.0053507107553097, 1.1900984302319433, 1.385665446036992, 1.5907379136224058, 1.8068735297540415, 2.0378174119242547, 2.2867469975400496, 2.549831687623964, 2.8197863725588572, 3.0976967502752015, 3.395765010783277, 3.7203889260112906, 4.0575506082109705, 4.396731478378956, 4.748700685983278, 5.1203225355431705, 5.502301083317172, 5.888808923754546, 6.280307555769733, 6.680559205476818, 7.088898861896688, 7.495650266698722, 7.897362424631678, 8.2969810682372, 8.696423943926225, 9.08581856581912, 9.462512839054547, 9.832539214430396, 10.190815494193028, 10.536821933971217, 10.869125796824333, 11.185190265757429, 11.492078899145831, 11.77994156231776, 12.060532327699734, 12.323060235381506, 12.578494361264458, 12.817076564101116, 13.048897378190878, 13.26677902507513, 13.477035699840137, 13.673864113035354, 13.863882973971421, 14.042319254532087, 14.213531828612032, 14.376961251750032, 14.533855222070228, 14.686037476574468, 14.833740416966469, 14.976321007542737, 15.117247947939068, 15.256087018498087, 15.395625529082425, 15.536485748473405, 15.67659496757863, 15.813027992569296, 15.94317086077088, 16.072690811089167, 16.202786522328694, 16.33558316088698, 16.468725762906143, 16.600183038353137, 16.732264522159163, 16.86521239373159, 17.001479172338815, 17.142345576774403, 17.293889577796907, 17.45603090916597, 17.624175378426933, 17.78961283115261, 17.946873715292146, 18.092907570080143, 18.226924038694822, 18.35437652679384, 18.480073574285026, 18.60600356423181, 18.73221156465441, 18.862238720336535, 18.998930494431207, 19.13961993197575, 19.274082395875503, 19.39609596740083, 19.50428863029533, 19.60605423483713, 19.70447825142063, 19.798156977138888, 19.879924572584724, 19.95092128945099, 20.015260626879225, 20.066744383803712, 20.10321466796754, 20.1222420418397, 20.126558754237927],
                                   'T_dns': [0.9999999999999998, 1.0105820477323388, 1.0217093654009475, 1.033445414618854, 1.045870140809361, 1.059084327378435, 1.0732149850884274, 1.0883843072311268, 1.1045677059694698, 1.1216563363320435, 1.1395149489019325, 1.1582384567264865, 1.1780926987636497, 1.1992816379158018, 1.2214054472707319, 1.243752912875036, 1.2662776811680079, 1.2898195696472408, 1.3147458460082666, 1.3398059143128305, 1.364004525965996, 1.3880019693140344, 1.4121848181934982, 1.435761811618881, 1.4582702173341997, 1.4797764673812845, 1.5005066213774068, 1.5204459983213654, 1.539108761489302, 1.5564331768413342, 1.5726907602155198, 1.5880578244324375, 1.6021457770106422, 1.615097540558066, 1.6271640474385969, 1.6383019877090268, 1.6485793574027672, 1.6580045123089286, 1.666717512410129, 1.6750093261150925, 1.6826544775959607, 1.6899265778411465, 1.6966912554262854, 1.7031926603615901, 1.7092342484924943, 1.7150614902385573, 1.7205684801977428, 1.7258017755086574, 1.7306222433716465, 1.7352013183072588, 1.739426758536641, 1.7435831313500956, 1.747642092999725, 1.7515606132643347, 1.7553609698172217, 1.7588011772042984, 1.7619401838417996, 1.7649786223779156, 1.767843373455479, 1.7707511274149128, 1.7736631377108751, 1.7766830932730482, 1.7796602474359835, 1.7825959283589874, 1.7852831975422667, 1.7876391746525346, 1.7899256439294267, 1.7924711055320341, 1.79517272137204, 1.7977147668334992, 1.8004617520113457, 1.8033045428206547, 1.8062267235197267, 1.8092804608531452, 1.8121562973041072, 1.8149153684377133, 1.8176875662593641, 1.8204888182144119, 1.8233981241417394, 1.8260683576518086, 1.8283286531297323, 1.830850876117076, 1.8334016313498602, 1.8360124545756265, 1.8385326268544222, 1.8405439547404887, 1.8427051780107555, 1.844849982161492, 1.8469488353992298, 1.8488149821359527, 1.8505961483523272, 1.8523654581824693, 1.8544421650618155, 1.8563426918469546, 1.8576362768321513, 1.8587190199447137, 1.859643478141278, 1.8600377902503726, 1.860099568421179, 1.860150766379606],
                                   'mu_dns': [0.002531645569620253, 0.002531645569620253, 0.002531645569620253, 0.002531645569620253, 0.002531645569620253, 0.002531645569620253, 0.002531645569620253, 0.002531645569620253, 0.002531645569620253, 0.002531645569620253, 0.002531645569620253, 0.002531645569620253, 0.002531645569620253, 0.002531645569620253, 0.002531645569620253, 0.002531645569620253, 0.002531645569620253, 0.002531645569620253, 0.002531645569620253, 0.002531645569620253, 0.002531645569620253, 0.002531645569620253, 0.002531645569620253, 0.002531645569620253, 0.002531645569620253, 0.002531645569620253, 0.002531645569620253, 0.002531645569620253, 0.002531645569620253, 0.002531645569620253, 0.002531645569620253, 0.002531645569620253, 0.002531645569620253, 0.002531645569620253, 0.002531645569620253, 0.002531645569620253, 0.002531645569620253, 0.002531645569620253, 0.002531645569620253, 0.002531645569620253, 0.002531645569620253, 0.002531645569620253, 0.002531645569620253, 0.002531645569620253, 0.002531645569620253, 0.002531645569620253, 0.002531645569620253, 0.002531645569620253, 0.002531645569620253, 0.002531645569620253, 0.002531645569620253, 0.002531645569620253, 0.002531645569620253, 0.002531645569620253, 0.002531645569620253, 0.002531645569620253, 0.002531645569620253, 0.002531645569620253, 0.002531645569620253, 0.002531645569620253, 0.002531645569620253, 0.002531645569620253, 0.002531645569620253, 0.002531645569620253, 0.002531645569620253, 0.002531645569620253, 0.002531645569620253, 0.002531645569620253, 0.002531645569620253, 0.002531645569620253, 0.002531645569620253, 0.002531645569620253, 0.002531645569620253, 0.002531645569620253, 0.002531645569620253, 0.002531645569620253, 0.002531645569620253, 0.002531645569620253, 0.002531645569620253, 0.002531645569620253, 0.002531645569620253, 0.002531645569620253, 0.002531645569620253, 0.002531645569620253, 0.002531645569620253, 0.002531645569620253, 0.002531645569620253, 0.002531645569620253, 0.002531645569620253, 0.002531645569620253, 0.002531645569620253, 0.002531645569620253, 0.002531645569620253, 0.002531645569620253, 0.002531645569620253, 0.002531645569620253, 0.002531645569620253, 0.002531645569620253, 0.002531645569620253, 0.002531645569620253],
                                   'rho_dns': [1.0, 1.0, 1.0, 1.0, 1.0, 1.0, 1.0, 1.0, 1.0, 1.0, 1.0, 1.0, 1.0, 1.0, 1.0, 1.0, 1.0, 1.0, 1.0, 1.0, 1.0, 1.0, 1.0, 1.0, 1.0, 1.0, 1.0, 1.0, 1.0, 1.0, 1.0, 1.0, 1.0, 1.0, 1.0, 1.0, 1.0, 1.0, 1.0, 1.0, 1.0, 1.0, 1.0, 1.0, 1.0, 1.0, 1.0, 1.0, 1.0, 1.0, 1.0, 1.0, 1.0, 1.0, 1.0, 1.0, 1.0, 1.0, 1.0, 1.0, 1.0, 1.0, 1.0, 1.0, 1.0, 1.0, 1.0, 1.0, 1.0, 1.0, 1.0, 1.0, 1.0, 1.0, 1.0, 1.0, 1.0, 1.0, 1.0, 1.0, 1.0, 1.0, 1.0, 1.0, 1.0, 1.0, 1.0, 1.0, 1.0, 1.0, 1.0, 1.0, 1.0, 1.0, 1.0, 1.0, 1.0, 1.0, 1.0, 1.0]},
                      'case': 'T61_CP395_Pr4',
                      'constant_Sq_heat': 0.021518987341772152,
                      'use_visc_heating': False,
                      'Pr_turb': 1.0,
                      'fprint': '<function '
                                'Build_arguments_fi_run._mk_args_MK_solver.<locals>.<lambda> '
                                'at 0x7fb6d9a7f430>',
                      'compressible_correction': False,
                      'bool_solve_energy': False,
                      'output_last': False},
  'u_imp': 10,
  'k_imp': 1,
  'e_imp': 0,
  'solve_sparse_adj': True,
  'all_ref_beta_distrib': {'K': [1.0, 0.99995897, 0.99990007, 0.99982069, 0.9997191, 0.99959384, 0.9994438, 0.99926838, 0.99906776, 0.9988431, 0.99859681, 0.99833286, 0.99805695, 0.99777686, 0.99750265, 0.99724707, 0.99702572, 0.99685707, 0.9967625, 0.99676677, 0.99689834, 0.99718833, 0.99766803, 0.99836577, 0.9993043, 1.00049896, 1.00195626, 1.00367321, 1.00563783, 1.00783006, 1.01022198, 1.01277831, 1.01545789, 1.01821466, 1.02099696, 1.02374717, 1.0264022, 1.02889343, 1.03114675, 1.03308198, 1.03461338, 1.03565007, 1.03609669, 1.03585486, 1.03482464, 1.03290684, 1.03000564, 1.02603256, 1.02090846, 1.01456727, 1.00696189, 0.99806639, 0.98786646, 0.97634907, 0.96350817, 0.94938033, 0.93410247, 0.9179654, 0.9014412, 0.88517279, 0.86992863, 0.85653952, 0.84582877, 0.8385403, 0.83526739, 0.83639926, 0.84209798, 0.85230033, 0.86673289, 0.88492316, 0.90621257, 0.9297772, 0.95465833, 0.97980892, 1.00417574, 1.02681968, 1.04703186, 1.06439744, 1.07878544, 1.09027834, 1.09905997, 1.10531173, 1.10916085, 1.11067304, 1.1098679, 1.10676802, 1.10149756, 1.09438122, 1.08594889, 1.07682631, 1.0675891, 1.05868433, 1.05044409, 1.04312016, 1.03688216, 1.03180605, 1.02790631, 1.02516795, 1.02355572, 1.01151166], 'E': [1.0, 1.0, 1.0, 1.0, 1.0, 1.0, 1.0, 1.0, 1.0, 1.0, 1.0, 1.0, 1.0, 1.0, 1.0, 1.0, 1.0, 1.0, 1.0, 1.0, 1.0, 1.0, 1.0, 1.0, 1.0, 1.0, 1.0, 1.0, 1.0, 1.0, 1.0, 1.0, 1.0, 1.0, 1.0, 1.0, 1.0, 1.0, 1.0, 1.0, 1.0, 1.0, 1.0, 1.0, 1.0, 1.0, 1.0, 1.0, 1.0, 1.0, 1.0, 1.0, 1.0, 1.0, 1.0, 1.0, 1.0, 1.0, 1.0, 1.0, 1.0, 1.0, 1.0, 1.0, 1.0, 1.0, 1.0, 1.0, 1.0, 1.0, 1.0, 1.0, 1.0, 1.0, 1.0, 1.0, 1.0, 1.0, 1.0, 1.0, 1.0, 1.0, 1.0, 1.0, 1.0, 1.0, 1.0, 1.0, 1.0, 1.0, 1.0, 1.0, 1.0, 1.0, 1.0, 1.0, 1.0, 1.0, 1.0, 1.0]},
  'all_ref_delta_distrib': {'K': [-0.0, 0.0012084072362438252, 0.0029790748248525152, 0.005420702250450418, 0.008629755634053871, 0.012711212034897385, 0.017779292588862215, 0.023955433323456236, 0.031361661017219364, 0.04011414145561856, 0.05031119600350105, 0.06201484498219283, 0.07523041124629291, 0.0898703895481097, 0.10571199737873806, 0.12233203024496941, 0.1390363443068054, 0.1547838813857596, 0.16810577387800021, 0.17700779925458499, 0.17889216834917454, 0.17057834258813986, 0.14845799598543002, 0.10879718366699505, 0.04820394664915863, -0.035761472281738656, -0.14397214029137617, -0.2753157808658485, -0.4266192903263895, -0.5929069261183845, -0.7678636611786201, -0.944464216354869, -1.1156857174196393, -1.275076797046837, -1.4170452051470546, -1.5370163489790951, -1.6315178870548757, -1.6981292949538864, -1.7353812761332876, -1.7425957783101373, -1.7197857776421501, -1.6675490771044827, -1.5869790578058596, -1.4796136364105361, -1.3473780444339805, -1.1925541406364422, -1.0177458130484045, -0.8258724782625523, -0.6200772884954233, -0.40368728394329373, -0.1802171191917698, 0.04674539236502943, 0.27390189118775254, 0.49849964274754793, 0.7181669951879927, 0.930242260213512, 1.130975439963609, 1.3151384093434413, 1.4762555909332353, 1.6073754831179627, 1.7020913297094709, 1.7554393913943742, 1.7645274129654611, 1.728895724714793, 1.6506487435650907, 1.5342580858307977, 1.3860461691617698, 1.2135313490890494, 1.024805255918726, 0.8280845711014265, 0.6313539033007228, 0.44204660411127616, 0.26675471598821104, 0.11094306531879496, -0.021410909546284915, -0.12819764208971046, -0.20932937850175104, -0.2665150404001409, -0.30271020463454595, -0.3214449562922593, -0.3261888287441406, -0.31995100428786705, -0.3051895105325597, -0.2838985784935448, -0.25774368260803504, -0.22823399789165116, -0.1969205976064382, -0.16548092141069748, -0.13556183989501988, -0.10848586614109523, -0.08504429328129594, -0.06550763509925885, -0.04978278160000435, -0.03756045785838397, -0.0283969466315304, -0.021780168229053445, -0.017215293246264862, -0.014282071938949465, -0.01265969287614883, -0.006070872592251618], 'E': [-0.0, -0.0, -0.0, -0.0, -0.0, -0.0, -0.0, -0.0, -0.0, -0.0, -0.0, -0.0, -0.0, -0.0, -0.0, -0.0, -0.0, -0.0, -0.0, -0.0, -0.0, -0.0, -0.0, -0.0, -0.0, -0.0, -0.0, -0.0, -0.0, -0.0, -0.0, -0.0, -0.0, -0.0, -0.0, -0.0, -0.0, -0.0, -0.0, -0.0, -0.0, -0.0, -0.0, -0.0, -0.0, -0.0, -0.0, -0.0, -0.0, -0.0, -0.0, -0.0, -0.0, -0.0, -0.0, -0.0, -0.0, -0.0, -0.0, -0.0, -0.0, -0.0, -0.0, -0.0, -0.0, -0.0, -0.0, -0.0, -0.0, -0.0, -0.0, -0.0, -0.0, -0.0, -0.0, -0.0, -0.0, -0.0, -0.0, -0.0, -0.0, -0.0, -0.0, -0.0, -0.0, -0.0, -0.0, -0.0, -0.0, -0.0, -0.0, -0.0, -0.0, -0.0, -0.0, -0.0, -0.0, -0.0, -0.0, -0.0]},
  'fname_print': '/media/rafael/DATA/Dropbox/20220924_FIML_solver/data/output/field_inversion/Beta_k/u_imp_10/FI_run_T61_CP395_Pr4_u_imp_10_k_imp_1_e_imp_0/FI_run_T61_CP395_Pr4_u_imp_10_k_imp_1_e_imp_0.log',
  'folder': '/media/rafael/DATA/Dropbox/20220924_FIML_solver/data/output/field_inversion/Beta_k/u_imp_10/FI_run_T61_CP395_Pr4_u_imp_10_k_imp_1_e_imp_0',
  'iters_limit': 15000}
# End_Input_Arguments

# ------------------------------------------------------------------------
#                  Iterations
# ------------------------------------------------------------------------

iter:      0 (Jcost: 6.670407e-02) (lr = 1.000e-03) (elapsed time:  0.001) (secs/iter:   None) (n_accepted: 0%) (u_error:  1.762993 %) (beta_change: 16.473261 %) (delta_change:  1.863042 %) (delta_peak/R:  0.000000 %)
-> Saved file: /media/rafael/DATA/Dropbox/20220924_FIML_solver/data/output/field_inversion/Beta_k/u_imp_10/FI_run_T61_CP395_Pr4_u_imp_10_k_imp_1_e_imp_0/FI_run_T61_CP395_Pr4_u_imp_10_k_imp_1_e_imp_0_state_iter_0.dat
iter:    100 (Jcost: 3.043090e-02) (lr = 5.696e-02) (elapsed time: 103.956) (secs/iter:  1.040) (n_accepted: 84%) (u_error:  0.963320 %) (beta_change:  6.571816 %) (delta_change:  0.616708 %) (delta_peak/R:  1.916927 %)
iter:    200 (Jcost: 2.904589e-02) (lr = 1.173e-01) (elapsed time: 196.633) (secs/iter:  0.927) (n_accepted: 80%) (u_error:  0.965005 %) (beta_change:  1.743253 %) (delta_change:  0.156193 %) (delta_peak/R:  1.962893 %)
iter:    300 (Jcost: 2.891002e-02) (lr = 4.197e-02) (elapsed time: 282.679) (secs/iter:  0.860) (n_accepted: 78%) (u_error:  0.967423 %) (beta_change:  0.767427 %) (delta_change:  0.138645 %) (delta_peak/R:  1.825282 %)
iter:    400 (Jcost: 2.882630e-02) (lr = 1.501e-02) (elapsed time: 349.720) (secs/iter:  0.670) (n_accepted: 78%) (u_error:  0.967476 %) (beta_change:  0.703787 %) (delta_change:  0.144080 %) (delta_peak/R:  1.806579 %)
iter:    500 (Jcost: 2.878349e-02) (lr = 1.026e+00) (elapsed time: 396.911) (secs/iter:  0.472) (n_accepted: 84%) (u_error:  0.967841 %) (beta_change:  1.634542 %) (delta_change:  0.145396 %) (delta_peak/R:  1.782362 %)
-> Saved file: /media/rafael/DATA/Dropbox/20220924_FIML_solver/data/output/field_inversion/Beta_k/u_imp_10/FI_run_T61_CP395_Pr4_u_imp_10_k_imp_1_e_imp_0/FI_run_T61_CP395_Pr4_u_imp_10_k_imp_1_e_imp_0_state_iter_500.dat
iter:    600 (Jcost: 2.875674e-02) (lr = 1.529e-01) (elapsed time: 445.554) (secs/iter:  0.486) (n_accepted: 77%) (u_error:  0.967188 %) (beta_change:  2.183843 %) (delta_change:  0.165261 %) (delta_peak/R:  1.770234 %)
iter:    700 (Jcost: 2.873846e-02) (lr = 5.469e-02) (elapsed time: 512.416) (secs/iter:  0.669) (n_accepted: 78%) (u_error:  0.966946 %) (beta_change:  2.613238 %) (delta_change:  0.194644 %) (delta_peak/R:  1.765178 %)
iter:    800 (Jcost: 2.872368e-02) (lr = 1.956e-02) (elapsed time: 591.513) (secs/iter:  0.791) (n_accepted: 78%) (u_error:  0.966916 %) (beta_change:  2.970029 %) (delta_change:  0.218477 %) (delta_peak/R:  1.764129 %)
iter:    900 (Jcost: 2.871201e-02) (lr = 5.571e-01) (elapsed time: 640.913) (secs/iter:  0.494) (n_accepted: 83%) (u_error:  0.967138 %) (beta_change:  3.267929 %) (delta_change:  0.237352 %) (delta_peak/R:  1.767093 %)
iter:   1000 (Jcost: 2.870483e-02) (lr = 1.992e-01) (elapsed time: 685.831) (secs/iter:  0.449) (n_accepted: 78%) (u_error:  0.966798 %) (beta_change:  3.437431 %) (delta_change:  0.247611 %) (delta_peak/R:  1.765090 %)
-> Saved file: /media/rafael/DATA/Dropbox/20220924_FIML_solver/data/output/field_inversion/Beta_k/u_imp_10/FI_run_T61_CP395_Pr4_u_imp_10_k_imp_1_e_imp_0/FI_run_T61_CP395_Pr4_u_imp_10_k_imp_1_e_imp_0_state_iter_1000.dat
iter:   1100 (Jcost: 2.869608e-02) (lr = 7.126e-02) (elapsed time: 731.959) (secs/iter:  0.461) (n_accepted: 78%) (u_error:  0.966666 %) (beta_change:  3.658007 %) (delta_change:  0.260380 %) (delta_peak/R:  1.764756 %)
iter:   1200 (Jcost: 2.868984e-02) (lr = 2.030e+00) (elapsed time: 774.902) (secs/iter:  0.429) (n_accepted: 83%) (u_error:  0.966519 %) (beta_change:  3.861683 %) (delta_change:  0.270322 %) (delta_peak/R:  1.764453 %)
iter:   1300 (Jcost: 2.868613e-02) (lr = 3.025e-01) (elapsed time: 835.041) (secs/iter:  0.601) (n_accepted: 77%) (u_error:  0.966621 %) (beta_change:  4.031390 %) (delta_change:  0.276609 %) (delta_peak/R:  1.765462 %)
iter:   1400 (Jcost: 2.868223e-02) (lr = 1.082e-01) (elapsed time: 901.307) (secs/iter:  0.663) (n_accepted: 78%) (u_error:  0.966543 %) (beta_change:  4.220996 %) (delta_change:  0.283239 %) (delta_peak/R:  1.765343 %)
iter:   1500 (Jcost: 2.867898e-02) (lr = 3.869e-02) (elapsed time: 958.057) (secs/iter:  0.567) (n_accepted: 78%) (u_error:  0.966517 %) (beta_change:  4.463165 %) (delta_change:  0.288605 %) (delta_peak/R:  1.765560 %)
-> Saved file: /media/rafael/DATA/Dropbox/20220924_FIML_solver/data/output/field_inversion/Beta_k/u_imp_10/FI_run_T61_CP395_Pr4_u_imp_10_k_imp_1_e_imp_0/FI_run_T61_CP395_Pr4_u_imp_10_k_imp_1_e_imp_0_state_iter_1500.dat
iter:   1600 (Jcost: 2.867540e-02) (lr = 3.321e-02) (elapsed time: 1020.680) (secs/iter:  0.626) (n_accepted: 79%) (u_error:  0.966392 %) (beta_change:  4.758229 %) (delta_change:  0.294302 %) (delta_peak/R:  1.765168 %)
iter:   1700 (Jcost: 2.867323e-02) (lr = 9.459e-01) (elapsed time: 1090.383) (secs/iter:  0.697) (n_accepted: 83%) (u_error:  0.966430 %) (beta_change:  4.949711 %) (delta_change:  0.297479 %) (delta_peak/R:  1.765709 %)
iter:   1800 (Jcost: 2.867125e-02) (lr = 5.874e-02) (elapsed time: 1137.456) (secs/iter:  0.471) (n_accepted: 76%) (u_error:  0.966408 %) (beta_change:  5.139354 %) (delta_change:  0.300284 %) (delta_peak/R:  1.765844 %)
iter:   1900 (Jcost: 2.866909e-02) (lr = 2.101e-02) (elapsed time: 1208.924) (secs/iter:  0.715) (n_accepted: 78%) (u_error:  0.966349 %) (beta_change:  5.361269 %) (delta_change:  0.303135 %) (delta_peak/R:  1.765767 %)
iter:   2000 (Jcost: 2.866735e-02) (lr = 4.328e-02) (elapsed time: 1281.972) (secs/iter:  0.730) (n_accepted: 80%) (u_error:  0.966370 %) (beta_change:  5.555271 %) (delta_change:  0.305245 %) (delta_peak/R:  1.766186 %)
-> Saved file: /media/rafael/DATA/Dropbox/20220924_FIML_solver/data/output/field_inversion/Beta_k/u_imp_10/FI_run_T61_CP395_Pr4_u_imp_10_k_imp_1_e_imp_0/FI_run_T61_CP395_Pr4_u_imp_10_k_imp_1_e_imp_0_state_iter_2000.dat
iter:   2100 (Jcost: 2.866573e-02) (lr = 1.233e+00) (elapsed time: 1353.875) (secs/iter:  0.719) (n_accepted: 83%) (u_error:  0.966274 %) (beta_change:  5.745904 %) (delta_change:  0.307021 %) (delta_peak/R:  1.765814 %)
iter:   2200 (Jcost: 2.866461e-02) (lr = 1.837e-01) (elapsed time: 1427.168) (secs/iter:  0.733) (n_accepted: 77%) (u_error:  0.966249 %) (beta_change:  5.886140 %) (delta_change:  0.308134 %) (delta_peak/R:  1.765849 %)
iter:   2300 (Jcost: 2.866349e-02) (lr = 2.737e-02) (elapsed time: 1499.579) (secs/iter:  0.724) (n_accepted: 77%) (u_error:  0.966217 %) (beta_change:  6.034624 %) (delta_change:  0.309149 %) (delta_peak/R:  1.765837 %)
iter:   2400 (Jcost: 2.866234e-02) (lr = 3.248e-01) (elapsed time: 1566.806) (secs/iter:  0.672) (n_accepted: 82%) (u_error:  0.966133 %) (beta_change:  6.197638 %) (delta_change:  0.310095 %) (delta_peak/R:  1.765504 %)
iter:   2500 (Jcost: 2.866154e-02) (lr = 2.788e-01) (elapsed time: 1637.154) (secs/iter:  0.703) (n_accepted: 79%) (u_error:  0.966194 %) (beta_change:  6.312023 %) (delta_change:  0.310638 %) (delta_peak/R:  1.766069 %)
-> Saved file: /media/rafael/DATA/Dropbox/20220924_FIML_solver/data/output/field_inversion/Beta_k/u_imp_10/FI_run_T61_CP395_Pr4_u_imp_10_k_imp_1_e_imp_0/FI_run_T61_CP395_Pr4_u_imp_10_k_imp_1_e_imp_0_state_iter_2500.dat
iter:   2600 (Jcost: 2.866072e-02) (lr = 9.973e-02) (elapsed time: 1714.822) (secs/iter:  0.777) (n_accepted: 78%) (u_error:  0.966143 %) (beta_change:  6.437872 %) (delta_change:  0.311158 %) (delta_peak/R:  1.765898 %)
iter:   2700 (Jcost: 2.865999e-02) (lr = 3.567e-02) (elapsed time: 1787.278) (secs/iter:  0.725) (n_accepted: 78%) (u_error:  0.966139 %) (beta_change:  6.555050 %) (delta_change:  0.311555 %) (delta_peak/R:  1.766028 %)
iter:   2800 (Jcost: 2.865931e-02) (lr = 3.062e-02) (elapsed time: 1856.831) (secs/iter:  0.696) (n_accepted: 79%) (u_error:  0.966153 %) (beta_change:  6.669544 %) (delta_change:  0.311873 %) (delta_peak/R:  1.766273 %)
iter:   2900 (Jcost: 2.865870e-02) (lr = 8.720e-01) (elapsed time: 1924.049) (secs/iter:  0.672) (n_accepted: 83%) (u_error:  0.966098 %) (beta_change:  6.772367 %) (delta_change:  0.312113 %) (delta_peak/R:  1.766044 %)
iter:   3000 (Jcost: 2.865822e-02) (lr = 5.415e-02) (elapsed time: 1993.767) (secs/iter:  0.697) (n_accepted: 76%) (u_error:  0.966074 %) (beta_change:  6.859594 %) (delta_change:  0.312277 %) (delta_peak/R:  1.766004 %)
-> Saved file: /media/rafael/DATA/Dropbox/20220924_FIML_solver/data/output/field_inversion/Beta_k/u_imp_10/FI_run_T61_CP395_Pr4_u_imp_10_k_imp_1_e_imp_0/FI_run_T61_CP395_Pr4_u_imp_10_k_imp_1_e_imp_0_state_iter_3000.dat
iter:   3100 (Jcost: 2.865765e-02) (lr = 4.648e-02) (elapsed time: 2067.384) (secs/iter:  0.736) (n_accepted: 79%) (u_error:  0.966059 %) (beta_change:  6.964246 %) (delta_change:  0.312430 %) (delta_peak/R:  1.766038 %)
iter:   3200 (Jcost: 2.865703e-02) (lr = 3.990e-02) (elapsed time: 2133.664) (secs/iter:  0.663) (n_accepted: 79%) (u_error:  0.966042 %) (beta_change:  7.083257 %) (delta_change:  0.312555 %) (delta_peak/R:  1.766085 %)
iter:   3300 (Jcost: 2.865660e-02) (lr = 1.136e+00) (elapsed time: 2202.391) (secs/iter:  0.687) (n_accepted: 83%) (u_error:  0.966002 %) (beta_change:  7.169615 %) (delta_change:  0.312618 %) (delta_peak/R:  1.765930 %)
iter:   3400 (Jcost: 2.865617e-02) (lr = 4.064e-01) (elapsed time: 2266.692) (secs/iter:  0.643) (n_accepted: 78%) (u_error:  0.966013 %) (beta_change:  7.259005 %) (delta_change:  0.312651 %) (delta_peak/R:  1.766121 %)
iter:   3500 (Jcost: 2.865576e-02) (lr = 3.489e-01) (elapsed time: 2331.637) (secs/iter:  0.649) (n_accepted: 79%) (u_error:  0.965990 %) (beta_change:  7.353792 %) (delta_change:  0.312667 %) (delta_peak/R:  1.766079 %)
-> Saved file: /media/rafael/DATA/Dropbox/20220924_FIML_solver/data/output/field_inversion/Beta_k/u_imp_10/FI_run_T61_CP395_Pr4_u_imp_10_k_imp_1_e_imp_0/FI_run_T61_CP395_Pr4_u_imp_10_k_imp_1_e_imp_0_state_iter_3500.dat
iter:   3600 (Jcost: 2.865529e-02) (lr = 1.248e-01) (elapsed time: 2403.802) (secs/iter:  0.722) (n_accepted: 78%) (u_error:  0.965983 %) (beta_change:  7.467461 %) (delta_change:  0.312658 %) (delta_peak/R:  1.766174 %)
iter:   3700 (Jcost: 2.865496e-02) (lr = 4.463e-02) (elapsed time: 2471.463) (secs/iter:  0.677) (n_accepted: 78%) (u_error:  0.965955 %) (beta_change:  7.549555 %) (delta_change:  0.312638 %) (delta_peak/R:  1.766085 %)
iter:   3800 (Jcost: 2.865461e-02) (lr = 3.831e-02) (elapsed time: 2537.431) (secs/iter:  0.660) (n_accepted: 79%) (u_error:  0.965953 %) (beta_change:  7.641298 %) (delta_change:  0.312600 %) (delta_peak/R:  1.766174 %)
iter:   3900 (Jcost: 2.865433e-02) (lr = 1.091e+00) (elapsed time: 2602.896) (secs/iter:  0.655) (n_accepted: 83%) (u_error:  0.965912 %) (beta_change:  7.714295 %) (delta_change:  0.312564 %) (delta_peak/R:  1.765987 %)
iter:   4000 (Jcost: 2.865411e-02) (lr = 2.823e-02) (elapsed time: 2669.602) (secs/iter:  0.667) (n_accepted: 75%) (u_error:  0.965898 %) (beta_change:  7.775207 %) (delta_change:  0.312526 %) (delta_peak/R:  1.765965 %)
-> Saved file: /media/rafael/DATA/Dropbox/20220924_FIML_solver/data/output/field_inversion/Beta_k/u_imp_10/FI_run_T61_CP395_Pr4_u_imp_10_k_imp_1_e_imp_0/FI_run_T61_CP395_Pr4_u_imp_10_k_imp_1_e_imp_0_state_iter_4000.dat
iter:   4100 (Jcost: 2.865383e-02) (lr = 5.815e-02) (elapsed time: 2740.616) (secs/iter:  0.710) (n_accepted: 80%) (u_error:  0.965870 %) (beta_change:  7.855702 %) (delta_change:  0.312470 %) (delta_peak/R:  1.765873 %)
iter:   4200 (Jcost: 2.865353e-02) (lr = 1.656e+00) (elapsed time: 2802.957) (secs/iter:  0.623) (n_accepted: 83%) (u_error:  0.965870 %) (beta_change:  7.939573 %) (delta_change:  0.312401 %) (delta_peak/R:  1.765969 %)
iter:   4300 (Jcost: 2.865333e-02) (lr = 2.468e-01) (elapsed time: 2871.720) (secs/iter:  0.688) (n_accepted: 77%) (u_error:  0.965879 %) (beta_change:  7.998100 %) (delta_change:  0.312347 %) (delta_peak/R:  1.766100 %)
iter:   4400 (Jcost: 2.865312e-02) (lr = 3.678e-02) (elapsed time: 2939.047) (secs/iter:  0.673) (n_accepted: 77%) (u_error:  0.965881 %) (beta_change:  8.062349 %) (delta_change:  0.312285 %) (delta_peak/R:  1.766187 %)
iter:   4500 (Jcost: 2.865297e-02) (lr = 1.819e-01) (elapsed time: 3002.947) (secs/iter:  0.639) (n_accepted: 81%) (u_error:  0.965869 %) (beta_change:  8.110036 %) (delta_change:  0.312239 %) (delta_peak/R:  1.766162 %)
-> Saved file: /media/rafael/DATA/Dropbox/20220924_FIML_solver/data/output/field_inversion/Beta_k/u_imp_10/FI_run_T61_CP395_Pr4_u_imp_10_k_imp_1_e_imp_0/FI_run_T61_CP395_Pr4_u_imp_10_k_imp_1_e_imp_0_state_iter_4500.dat
iter:   4600 (Jcost: 2.865276e-02) (lr = 1.561e-01) (elapsed time: 3060.649) (secs/iter:  0.577) (n_accepted: 79%) (u_error:  0.965853 %) (beta_change:  8.176365 %) (delta_change:  0.312171 %) (delta_peak/R:  1.766128 %)
iter:   4700 (Jcost: 2.865253e-02) (lr = 5.584e-02) (elapsed time: 3097.734) (secs/iter:  0.371) (n_accepted: 78%) (u_error:  0.965840 %) (beta_change:  8.248092 %) (delta_change:  0.312095 %) (delta_peak/R:  1.766125 %)
iter:   4800 (Jcost: 2.865233e-02) (lr = 1.997e-02) (elapsed time: 3139.002) (secs/iter:  0.413) (n_accepted: 78%) (u_error:  0.965837 %) (beta_change:  8.316750 %) (delta_change:  0.312017 %) (delta_peak/R:  1.766182 %)
iter:   4900 (Jcost: 2.865216e-02) (lr = 4.114e-02) (elapsed time: 3180.796) (secs/iter:  0.418) (n_accepted: 80%) (u_error:  0.965806 %) (beta_change:  8.373465 %) (delta_change:  0.311955 %) (delta_peak/R:  1.766044 %)
iter:   5000 (Jcost: 2.865201e-02) (lr = 1.172e+00) (elapsed time: 3223.408) (secs/iter:  0.426) (n_accepted: 83%) (u_error:  0.965822 %) (beta_change:  8.426883 %) (delta_change:  0.311889 %) (delta_peak/R:  1.766207 %)
-> Saved file: /media/rafael/DATA/Dropbox/20220924_FIML_solver/data/output/field_inversion/Beta_k/u_imp_10/FI_run_T61_CP395_Pr4_u_imp_10_k_imp_1_e_imp_0/FI_run_T61_CP395_Pr4_u_imp_10_k_imp_1_e_imp_0_state_iter_5000.dat
iter:   5100 (Jcost: 2.865188e-02) (lr = 3.032e-02) (elapsed time: 3276.690) (secs/iter:  0.533) (n_accepted: 75%) (u_error:  0.965833 %) (beta_change:  8.473490 %) (delta_change:  0.311831 %) (delta_peak/R:  1.766335 %)
iter:   5200 (Jcost: 2.865172e-02) (lr = 2.602e-02) (elapsed time: 3342.716) (secs/iter:  0.660) (n_accepted: 79%) (u_error:  0.965791 %) (beta_change:  8.529303 %) (delta_change:  0.311768 %) (delta_peak/R:  1.766115 %)
iter:   5300 (Jcost: 2.865155e-02) (lr = 1.779e+00) (elapsed time: 3402.999) (secs/iter:  0.603) (n_accepted: 84%) (u_error:  0.965804 %) (beta_change:  8.594744 %) (delta_change:  0.311685 %) (delta_peak/R:  1.766277 %)
iter:   5400 (Jcost: 2.865144e-02) (lr = 2.651e-01) (elapsed time: 3467.150) (secs/iter:  0.642) (n_accepted: 77%) (u_error:  0.965792 %) (beta_change:  8.635154 %) (delta_change:  0.311635 %) (delta_peak/R:  1.766246 %)
iter:   5500 (Jcost: 2.865130e-02) (lr = 3.950e-02) (elapsed time: 3521.826) (secs/iter:  0.547) (n_accepted: 77%) (u_error:  0.965764 %) (beta_change:  8.690103 %) (delta_change:  0.311569 %) (delta_peak/R:  1.766120 %)
-> Saved file: /media/rafael/DATA/Dropbox/20220924_FIML_solver/data/output/field_inversion/Beta_k/u_imp_10/FI_run_T61_CP395_Pr4_u_imp_10_k_imp_1_e_imp_0/FI_run_T61_CP395_Pr4_u_imp_10_k_imp_1_e_imp_0_state_iter_5500.dat
iter:   5600 (Jcost: 2.865118e-02) (lr = 1.125e+00) (elapsed time: 3581.810) (secs/iter:  0.600) (n_accepted: 83%) (u_error:  0.965782 %) (beta_change:  8.735509 %) (delta_change:  0.311508 %) (delta_peak/R:  1.766291 %)
iter:   5700 (Jcost: 2.865106e-02) (lr = 9.658e-01) (elapsed time: 3643.937) (secs/iter:  0.621) (n_accepted: 79%) (u_error:  0.965767 %) (beta_change:  8.782826 %) (delta_change:  0.311449 %) (delta_peak/R:  1.766245 %)
iter:   5800 (Jcost: 2.865097e-02) (lr = 3.454e-01) (elapsed time: 3700.825) (secs/iter:  0.569) (n_accepted: 78%) (u_error:  0.965761 %) (beta_change:  8.821087 %) (delta_change:  0.311400 %) (delta_peak/R:  1.766246 %)
iter:   5900 (Jcost: 2.865084e-02) (lr = 1.235e-01) (elapsed time: 3752.289) (secs/iter:  0.515) (n_accepted: 78%) (u_error:  0.965747 %) (beta_change:  8.875050 %) (delta_change:  0.311331 %) (delta_peak/R:  1.766214 %)
iter:   6000 (Jcost: 2.865073e-02) (lr = 1.841e-02) (elapsed time: 3819.081) (secs/iter:  0.668) (n_accepted: 77%) (u_error:  0.965745 %) (beta_change:  8.919138 %) (delta_change:  0.311274 %) (delta_peak/R:  1.766247 %)
-> Saved file: /media/rafael/DATA/Dropbox/20220924_FIML_solver/data/output/field_inversion/Beta_k/u_imp_10/FI_run_T61_CP395_Pr4_u_imp_10_k_imp_1_e_imp_0/FI_run_T61_CP395_Pr4_u_imp_10_k_imp_1_e_imp_0_state_iter_6000.dat
iter:   6100 (Jcost: 2.865065e-02) (lr = 2.185e-01) (elapsed time: 3884.546) (secs/iter:  0.655) (n_accepted: 82%) (u_error:  0.965743 %) (beta_change:  8.955743 %) (delta_change:  0.311227 %) (delta_peak/R:  1.766277 %)
iter:   6200 (Jcost: 2.865055e-02) (lr = 1.875e-01) (elapsed time: 3949.122) (secs/iter:  0.646) (n_accepted: 79%) (u_error:  0.965734 %) (beta_change:  8.998113 %) (delta_change:  0.311172 %) (delta_peak/R:  1.766264 %)
iter:   6300 (Jcost: 2.865045e-02) (lr = 2.795e-02) (elapsed time: 4013.887) (secs/iter:  0.648) (n_accepted: 77%) (u_error:  0.965730 %) (beta_change:  9.039289 %) (delta_change:  0.311119 %) (delta_peak/R:  1.766279 %)
iter:   6400 (Jcost: 2.865035e-02) (lr = 2.399e-02) (elapsed time: 4074.106) (secs/iter:  0.602) (n_accepted: 79%) (u_error:  0.965729 %) (beta_change:  9.086825 %) (delta_change:  0.311057 %) (delta_peak/R:  1.766329 %)
iter:   6500 (Jcost: 2.865026e-02) (lr = 4.943e-02) (elapsed time: 4136.865) (secs/iter:  0.628) (n_accepted: 80%) (u_error:  0.965686 %) (beta_change:  9.126881 %) (delta_change:  0.311009 %) (delta_peak/R:  1.766084 %)
-> Saved file: /media/rafael/DATA/Dropbox/20220924_FIML_solver/data/output/field_inversion/Beta_k/u_imp_10/FI_run_T61_CP395_Pr4_u_imp_10_k_imp_1_e_imp_0/FI_run_T61_CP395_Pr4_u_imp_10_k_imp_1_e_imp_0_state_iter_6500.dat
iter:   6600 (Jcost: 2.865021e-02) (lr = 4.243e-02) (elapsed time: 4205.298) (secs/iter:  0.684) (n_accepted: 79%) (u_error:  0.965696 %) (beta_change:  9.150693 %) (delta_change:  0.310977 %) (delta_peak/R:  1.766178 %)
iter:   6700 (Jcost: 2.865014e-02) (lr = 2.098e-01) (elapsed time: 4265.784) (secs/iter:  0.605) (n_accepted: 81%) (u_error:  0.965709 %) (beta_change:  9.184520 %) (delta_change:  0.310931 %) (delta_peak/R:  1.766304 %)
iter:   6800 (Jcost: 2.865006e-02) (lr = 7.503e-02) (elapsed time: 4329.498) (secs/iter:  0.637) (n_accepted: 78%) (u_error:  0.965705 %) (beta_change:  9.219751 %) (delta_change:  0.310886 %) (delta_peak/R:  1.766313 %)
iter:   6900 (Jcost: 2.864999e-02) (lr = 2.684e-02) (elapsed time: 4395.239) (secs/iter:  0.657) (n_accepted: 78%) (u_error:  0.965698 %) (beta_change:  9.253412 %) (delta_change:  0.310843 %) (delta_peak/R:  1.766304 %)
iter:   7000 (Jcost: 2.864990e-02) (lr = 5.528e-02) (elapsed time: 4454.761) (secs/iter:  0.595) (n_accepted: 80%) (u_error:  0.965700 %) (beta_change:  9.296370 %) (delta_change:  0.310787 %) (delta_peak/R:  1.766369 %)
-> Saved file: /media/rafael/DATA/Dropbox/20220924_FIML_solver/data/output/field_inversion/Beta_k/u_imp_10/FI_run_T61_CP395_Pr4_u_imp_10_k_imp_1_e_imp_0/FI_run_T61_CP395_Pr4_u_imp_10_k_imp_1_e_imp_0_state_iter_7000.dat
iter:   7100 (Jcost: 2.864984e-02) (lr = 6.560e-01) (elapsed time: 4521.881) (secs/iter:  0.671) (n_accepted: 82%) (u_error:  0.965671 %) (beta_change:  9.333415 %) (delta_change:  0.310748 %) (delta_peak/R:  1.766208 %)
iter:   7200 (Jcost: 2.864979e-02) (lr = 2.346e-01) (elapsed time: 4581.955) (secs/iter:  0.601) (n_accepted: 78%) (u_error:  0.965682 %) (beta_change:  9.363363 %) (delta_change:  0.310714 %) (delta_peak/R:  1.766314 %)
iter:   7300 (Jcost: 2.864971e-02) (lr = 3.497e-02) (elapsed time: 4645.411) (secs/iter:  0.635) (n_accepted: 77%) (u_error:  0.965680 %) (beta_change:  9.409835 %) (delta_change:  0.310664 %) (delta_peak/R:  1.766340 %)
iter:   7400 (Jcost: 2.864966e-02) (lr = 9.959e-01) (elapsed time: 4704.761) (secs/iter:  0.594) (n_accepted: 83%) (u_error:  0.965673 %) (beta_change:  9.441230 %) (delta_change:  0.310632 %) (delta_peak/R:  1.766323 %)
iter:   7500 (Jcost: 2.864961e-02) (lr = 2.577e-02) (elapsed time: 4767.873) (secs/iter:  0.631) (n_accepted: 75%) (u_error:  0.965670 %) (beta_change:  9.473040 %) (delta_change:  0.310598 %) (delta_peak/R:  1.766333 %)
-> Saved file: /media/rafael/DATA/Dropbox/20220924_FIML_solver/data/output/field_inversion/Beta_k/u_imp_10/FI_run_T61_CP395_Pr4_u_imp_10_k_imp_1_e_imp_0/FI_run_T61_CP395_Pr4_u_imp_10_k_imp_1_e_imp_0_state_iter_7500.dat
iter:   7600 (Jcost: 2.864956e-02) (lr = 3.058e-01) (elapsed time: 4832.991) (secs/iter:  0.651) (n_accepted: 82%) (u_error:  0.965668 %) (beta_change:  9.503568 %) (delta_change:  0.310566 %) (delta_peak/R:  1.766345 %)
iter:   7700 (Jcost: 2.864951e-02) (lr = 1.899e-02) (elapsed time: 4898.761) (secs/iter:  0.658) (n_accepted: 76%) (u_error:  0.965662 %) (beta_change:  9.536317 %) (delta_change:  0.310533 %) (delta_peak/R:  1.766338 %)
iter:   7800 (Jcost: 2.864944e-02) (lr = 1.298e+00) (elapsed time: 4954.525) (secs/iter:  0.558) (n_accepted: 84%) (u_error:  0.965669 %) (beta_change:  9.581861 %) (delta_change:  0.310484 %) (delta_peak/R:  1.766427 %)
iter:   7900 (Jcost: 2.864939e-02) (lr = 4.641e-01) (elapsed time: 5014.841) (secs/iter:  0.603) (n_accepted: 78%) (u_error:  0.965651 %) (beta_change:  9.616228 %) (delta_change:  0.310451 %) (delta_peak/R:  1.766337 %)
iter:   8000 (Jcost: 2.864934e-02) (lr = 6.917e-02) (elapsed time: 5076.673) (secs/iter:  0.618) (n_accepted: 77%) (u_error:  0.965650 %) (beta_change:  9.649298 %) (delta_change:  0.310417 %) (delta_peak/R:  1.766356 %)
-> Saved file: /media/rafael/DATA/Dropbox/20220924_FIML_solver/data/output/field_inversion/Beta_k/u_imp_10/FI_run_T61_CP395_Pr4_u_imp_10_k_imp_1_e_imp_0/FI_run_T61_CP395_Pr4_u_imp_10_k_imp_1_e_imp_0_state_iter_8000.dat
iter:   8100 (Jcost: 2.864929e-02) (lr = 3.420e-01) (elapsed time: 5141.490) (secs/iter:  0.648) (n_accepted: 81%) (u_error:  0.965656 %) (beta_change:  9.683359 %) (delta_change:  0.310382 %) (delta_peak/R:  1.766431 %)
iter:   8200 (Jcost: 2.864924e-02) (lr = 2.936e-01) (elapsed time: 5199.599) (secs/iter:  0.581) (n_accepted: 79%) (u_error:  0.965643 %) (beta_change:  9.718001 %) (delta_change:  0.310349 %) (delta_peak/R:  1.766375 %)
iter:   8300 (Jcost: 2.864919e-02) (lr = 2.520e-01) (elapsed time: 5258.584) (secs/iter:  0.590) (n_accepted: 79%) (u_error:  0.965638 %) (beta_change:  9.750985 %) (delta_change:  0.310316 %) (delta_peak/R:  1.766372 %)
iter:   8400 (Jcost: 2.864914e-02) (lr = 9.013e-02) (elapsed time: 5300.886) (secs/iter:  0.423) (n_accepted: 78%) (u_error:  0.965633 %) (beta_change:  9.789087 %) (delta_change:  0.310279 %) (delta_peak/R:  1.766372 %)
iter:   8500 (Jcost: 2.864909e-02) (lr = 3.224e-02) (elapsed time: 5337.494) (secs/iter:  0.366) (n_accepted: 78%) (u_error:  0.965631 %) (beta_change:  9.827463 %) (delta_change:  0.310241 %) (delta_peak/R:  1.766390 %)
-> Saved file: /media/rafael/DATA/Dropbox/20220924_FIML_solver/data/output/field_inversion/Beta_k/u_imp_10/FI_run_T61_CP395_Pr4_u_imp_10_k_imp_1_e_imp_0/FI_run_T61_CP395_Pr4_u_imp_10_k_imp_1_e_imp_0_state_iter_8500.dat
iter:   8600 (Jcost: 2.864905e-02) (lr = 9.181e-01) (elapsed time: 5380.301) (secs/iter:  0.428) (n_accepted: 83%) (u_error:  0.965627 %) (beta_change:  9.858168 %) (delta_change:  0.310212 %) (delta_peak/R:  1.766393 %)
iter:   8700 (Jcost: 2.864901e-02) (lr = 2.375e-02) (elapsed time: 5441.774) (secs/iter:  0.615) (n_accepted: 75%) (u_error:  0.965623 %) (beta_change:  9.884131 %) (delta_change:  0.310187 %) (delta_peak/R:  1.766391 %)
iter:   8800 (Jcost: 2.864897e-02) (lr = 4.894e-02) (elapsed time: 5502.295) (secs/iter:  0.605) (n_accepted: 80%) (u_error:  0.965612 %) (beta_change:  9.913105 %) (delta_change:  0.310161 %) (delta_peak/R:  1.766344 %)
iter:   8900 (Jcost: 2.864894e-02) (lr = 5.807e-01) (elapsed time: 5560.232) (secs/iter:  0.579) (n_accepted: 82%) (u_error:  0.965613 %) (beta_change:  9.938284 %) (delta_change:  0.310137 %) (delta_peak/R:  1.766371 %)
iter:   9000 (Jcost: 2.864890e-02) (lr = 3.606e-02) (elapsed time: 5620.394) (secs/iter:  0.602) (n_accepted: 76%) (u_error:  0.965611 %) (beta_change:  9.967637 %) (delta_change:  0.310109 %) (delta_peak/R:  1.766383 %)
-> Saved file: /media/rafael/DATA/Dropbox/20220924_FIML_solver/data/output/field_inversion/Beta_k/u_imp_10/FI_run_T61_CP395_Pr4_u_imp_10_k_imp_1_e_imp_0/FI_run_T61_CP395_Pr4_u_imp_10_k_imp_1_e_imp_0_state_iter_9000.dat
iter:   9100 (Jcost: 2.864887e-02) (lr = 3.095e-02) (elapsed time: 5686.516) (secs/iter:  0.661) (n_accepted: 79%) (u_error:  0.965625 %) (beta_change:  9.998640 %) (delta_change:  0.310078 %) (delta_peak/R:  1.766499 %)
iter:   9200 (Jcost: 2.864884e-02) (lr = 3.673e-01) (elapsed time: 5745.794) (secs/iter:  0.593) (n_accepted: 82%) (u_error:  0.965608 %) (beta_change: 10.019645 %) (delta_change:  0.310060 %) (delta_peak/R:  1.766407 %)
iter:   9300 (Jcost: 2.864881e-02) (lr = 1.314e-01) (elapsed time: 5807.982) (secs/iter:  0.622) (n_accepted: 78%) (u_error:  0.965605 %) (beta_change: 10.044974 %) (delta_change:  0.310037 %) (delta_peak/R:  1.766408 %)
iter:   9400 (Jcost: 2.864878e-02) (lr = 6.495e-01) (elapsed time: 5867.498) (secs/iter:  0.595) (n_accepted: 81%) (u_error:  0.965603 %) (beta_change: 10.068472 %) (delta_change:  0.310016 %) (delta_peak/R:  1.766415 %)
iter:   9500 (Jcost: 2.864874e-02) (lr = 5.576e-01) (elapsed time: 5928.761) (secs/iter:  0.613) (n_accepted: 79%) (u_error:  0.965600 %) (beta_change: 10.097266 %) (delta_change:  0.309990 %) (delta_peak/R:  1.766419 %)
-> Saved file: /media/rafael/DATA/Dropbox/20220924_FIML_solver/data/output/field_inversion/Beta_k/u_imp_10/FI_run_T61_CP395_Pr4_u_imp_10_k_imp_1_e_imp_0/FI_run_T61_CP395_Pr4_u_imp_10_k_imp_1_e_imp_0_state_iter_9500.dat
iter:   9600 (Jcost: 2.864871e-02) (lr = 1.994e-01) (elapsed time: 5991.257) (secs/iter:  0.625) (n_accepted: 78%) (u_error:  0.965595 %) (beta_change: 10.126466 %) (delta_change:  0.309964 %) (delta_peak/R:  1.766414 %)
iter:   9700 (Jcost: 2.864867e-02) (lr = 2.972e-02) (elapsed time: 6054.398) (secs/iter:  0.631) (n_accepted: 77%) (u_error:  0.965591 %) (beta_change: 10.154606 %) (delta_change:  0.309939 %) (delta_peak/R:  1.766411 %)
iter:   9800 (Jcost: 2.864864e-02) (lr = 2.551e-02) (elapsed time: 6115.868) (secs/iter:  0.615) (n_accepted: 79%) (u_error:  0.965588 %) (beta_change: 10.181254 %) (delta_change:  0.309915 %) (delta_peak/R:  1.766418 %)
iter:   9900 (Jcost: 2.864862e-02) (lr = 5.256e-02) (elapsed time: 6177.971) (secs/iter:  0.621) (n_accepted: 80%) (u_error:  0.965592 %) (beta_change: 10.205876 %) (delta_change:  0.309893 %) (delta_peak/R:  1.766464 %)
iter:  10000 (Jcost: 2.864858e-02) (lr = 6.237e-01) (elapsed time: 6230.384) (secs/iter:  0.524) (n_accepted: 82%) (u_error:  0.965587 %) (beta_change: 10.233099 %) (delta_change:  0.309870 %) (delta_peak/R:  1.766452 %)
-> Saved file: /media/rafael/DATA/Dropbox/20220924_FIML_solver/data/output/field_inversion/Beta_k/u_imp_10/FI_run_T61_CP395_Pr4_u_imp_10_k_imp_1_e_imp_0/FI_run_T61_CP395_Pr4_u_imp_10_k_imp_1_e_imp_0_state_iter_10000.dat
iter:  10100 (Jcost: 2.864855e-02) (lr = 2.231e-01) (elapsed time: 6292.547) (secs/iter:  0.622) (n_accepted: 78%) (u_error:  0.965579 %) (beta_change: 10.259306 %) (delta_change:  0.309848 %) (delta_peak/R:  1.766423 %)
iter:  10200 (Jcost: 2.864853e-02) (lr = 3.324e-02) (elapsed time: 6353.718) (secs/iter:  0.612) (n_accepted: 77%) (u_error:  0.965575 %) (beta_change: 10.285851 %) (delta_change:  0.309825 %) (delta_peak/R:  1.766421 %)
iter:  10300 (Jcost: 2.864850e-02) (lr = 2.854e-02) (elapsed time: 6413.906) (secs/iter:  0.602) (n_accepted: 79%) (u_error:  0.965574 %) (beta_change: 10.310251 %) (delta_change:  0.309804 %) (delta_peak/R:  1.766433 %)
iter:  10400 (Jcost: 2.864847e-02) (lr = 5.879e-02) (elapsed time: 6449.035) (secs/iter:  0.351) (n_accepted: 80%) (u_error:  0.965560 %) (beta_change: 10.338918 %) (delta_change:  0.309786 %) (delta_peak/R:  1.766360 %)
iter:  10500 (Jcost: 2.864844e-02) (lr = 1.674e+00) (elapsed time: 6479.545) (secs/iter:  0.305) (n_accepted: 83%) (u_error:  0.965566 %) (beta_change: 10.372320 %) (delta_change:  0.309762 %) (delta_peak/R:  1.766419 %)
-> Saved file: /media/rafael/DATA/Dropbox/20220924_FIML_solver/data/output/field_inversion/Beta_k/u_imp_10/FI_run_T61_CP395_Pr4_u_imp_10_k_imp_1_e_imp_0/FI_run_T61_CP395_Pr4_u_imp_10_k_imp_1_e_imp_0_state_iter_10500.dat
iter:  10600 (Jcost: 2.864842e-02) (lr = 5.988e-01) (elapsed time: 6516.185) (secs/iter:  0.366) (n_accepted: 78%) (u_error:  0.965567 %) (beta_change: 10.394887 %) (delta_change:  0.309746 %) (delta_peak/R:  1.766444 %)
iter:  10700 (Jcost: 2.864839e-02) (lr = 3.718e-02) (elapsed time: 6556.202) (secs/iter:  0.400) (n_accepted: 76%) (u_error:  0.965568 %) (beta_change: 10.428405 %) (delta_change:  0.309723 %) (delta_peak/R:  1.766472 %)
iter:  10800 (Jcost: 2.864838e-02) (lr = 4.412e-01) (elapsed time: 6600.275) (secs/iter:  0.441) (n_accepted: 82%) (u_error:  0.965560 %) (beta_change: 10.449757 %) (delta_change:  0.309710 %) (delta_peak/R:  1.766434 %)
iter:  10900 (Jcost: 2.864836e-02) (lr = 1.578e-01) (elapsed time: 6645.084) (secs/iter:  0.448) (n_accepted: 78%) (u_error:  0.965560 %) (beta_change: 10.474441 %) (delta_change:  0.309693 %) (delta_peak/R:  1.766451 %)
iter:  11000 (Jcost: 2.864833e-02) (lr = 5.645e-02) (elapsed time: 6702.087) (secs/iter:  0.570) (n_accepted: 78%) (u_error:  0.965560 %) (beta_change: 10.501793 %) (delta_change:  0.309675 %) (delta_peak/R:  1.766472 %)
-> Saved file: /media/rafael/DATA/Dropbox/20220924_FIML_solver/data/output/field_inversion/Beta_k/u_imp_10/FI_run_T61_CP395_Pr4_u_imp_10_k_imp_1_e_imp_0/FI_run_T61_CP395_Pr4_u_imp_10_k_imp_1_e_imp_0_state_iter_11000.dat
iter:  11100 (Jcost: 2.864831e-02) (lr = 2.019e-02) (elapsed time: 6765.523) (secs/iter:  0.634) (n_accepted: 78%) (u_error:  0.965555 %) (beta_change: 10.530349 %) (delta_change:  0.309657 %) (delta_peak/R:  1.766459 %)
iter:  11200 (Jcost: 2.864829e-02) (lr = 9.982e-02) (elapsed time: 6802.324) (secs/iter:  0.368) (n_accepted: 81%) (u_error:  0.965562 %) (beta_change: 10.557371 %) (delta_change:  0.309639 %) (delta_peak/R:  1.766519 %)
iter:  11300 (Jcost: 2.864827e-02) (lr = 2.056e-01) (elapsed time: 6836.183) (secs/iter:  0.339) (n_accepted: 80%) (u_error:  0.965560 %) (beta_change: 10.585186 %) (delta_change:  0.309621 %) (delta_peak/R:  1.766526 %)
iter:  11400 (Jcost: 2.864825e-02) (lr = 4.237e-01) (elapsed time: 6887.646) (secs/iter:  0.515) (n_accepted: 80%) (u_error:  0.965558 %) (beta_change: 10.611869 %) (delta_change:  0.309604 %) (delta_peak/R:  1.766529 %)
iter:  11500 (Jcost: 2.864823e-02) (lr = 8.728e-01) (elapsed time: 6919.261) (secs/iter:  0.316) (n_accepted: 80%) (u_error:  0.965547 %) (beta_change: 10.632140 %) (delta_change:  0.309593 %) (delta_peak/R:  1.766471 %)
-> Saved file: /media/rafael/DATA/Dropbox/20220924_FIML_solver/data/output/field_inversion/Beta_k/u_imp_10/FI_run_T61_CP395_Pr4_u_imp_10_k_imp_1_e_imp_0/FI_run_T61_CP395_Pr4_u_imp_10_k_imp_1_e_imp_0_state_iter_11500.dat
iter:  11600 (Jcost: 2.864820e-02) (lr = 1.301e-01) (elapsed time: 6954.110) (secs/iter:  0.348) (n_accepted: 77%) (u_error:  0.965545 %) (beta_change: 10.665258 %) (delta_change:  0.309573 %) (delta_peak/R:  1.766480 %)
iter:  11700 (Jcost: 2.864818e-02) (lr = 4.652e-02) (elapsed time: 6992.990) (secs/iter:  0.389) (n_accepted: 78%) (u_error:  0.965542 %) (beta_change: 10.691498 %) (delta_change:  0.309557 %) (delta_peak/R:  1.766478 %)
iter:  11800 (Jcost: 2.864816e-02) (lr = 3.993e-02) (elapsed time: 7026.127) (secs/iter:  0.331) (n_accepted: 79%) (u_error:  0.965543 %) (beta_change: 10.723419 %) (delta_change:  0.309537 %) (delta_peak/R:  1.766505 %)
iter:  11900 (Jcost: 2.864814e-02) (lr = 1.137e+00) (elapsed time: 7059.719) (secs/iter:  0.336) (n_accepted: 83%) (u_error:  0.965539 %) (beta_change: 10.744957 %) (delta_change:  0.309525 %) (delta_peak/R:  1.766494 %)
iter:  12000 (Jcost: 2.864813e-02) (lr = 9.763e-01) (elapsed time: 7094.359) (secs/iter:  0.346) (n_accepted: 79%) (u_error:  0.965536 %) (beta_change: 10.768655 %) (delta_change:  0.309511 %) (delta_peak/R:  1.766486 %)
-> Saved file: /media/rafael/DATA/Dropbox/20220924_FIML_solver/data/output/field_inversion/Beta_k/u_imp_10/FI_run_T61_CP395_Pr4_u_imp_10_k_imp_1_e_imp_0/FI_run_T61_CP395_Pr4_u_imp_10_k_imp_1_e_imp_0_state_iter_12000.dat
iter:  12100 (Jcost: 2.864811e-02) (lr = 3.492e-01) (elapsed time: 7129.676) (secs/iter:  0.353) (n_accepted: 78%) (u_error:  0.965534 %) (beta_change: 10.788394 %) (delta_change:  0.309499 %) (delta_peak/R:  1.766488 %)
iter:  12200 (Jcost: 2.864809e-02) (lr = 5.204e-02) (elapsed time: 7164.125) (secs/iter:  0.344) (n_accepted: 77%) (u_error:  0.965535 %) (beta_change: 10.816730 %) (delta_change:  0.309482 %) (delta_peak/R:  1.766511 %)
iter:  12300 (Jcost: 2.864807e-02) (lr = 1.861e-02) (elapsed time: 7208.963) (secs/iter:  0.448) (n_accepted: 78%) (u_error:  0.965531 %) (beta_change: 10.843374 %) (delta_change:  0.309467 %) (delta_peak/R:  1.766502 %)
iter:  12400 (Jcost: 2.864806e-02) (lr = 3.834e-02) (elapsed time: 7266.526) (secs/iter:  0.576) (n_accepted: 80%) (u_error:  0.965525 %) (beta_change: 10.867607 %) (delta_change:  0.309454 %) (delta_peak/R:  1.766480 %)
iter:  12500 (Jcost: 2.864804e-02) (lr = 1.092e+00) (elapsed time: 7306.275) (secs/iter:  0.397) (n_accepted: 83%) (u_error:  0.965531 %) (beta_change: 10.888356 %) (delta_change:  0.309442 %) (delta_peak/R:  1.766532 %)
-> Saved file: /media/rafael/DATA/Dropbox/20220924_FIML_solver/data/output/field_inversion/Beta_k/u_imp_10/FI_run_T61_CP395_Pr4_u_imp_10_k_imp_1_e_imp_0/FI_run_T61_CP395_Pr4_u_imp_10_k_imp_1_e_imp_0_state_iter_12500.dat
iter:  12600 (Jcost: 2.864803e-02) (lr = 9.374e-01) (elapsed time: 7345.079) (secs/iter:  0.388) (n_accepted: 79%) (u_error:  0.965525 %) (beta_change: 10.909836 %) (delta_change:  0.309430 %) (delta_peak/R:  1.766505 %)
iter:  12700 (Jcost: 2.864801e-02) (lr = 8.046e-01) (elapsed time: 7380.593) (secs/iter:  0.355) (n_accepted: 79%) (u_error:  0.965526 %) (beta_change: 10.933048 %) (delta_change:  0.309417 %) (delta_peak/R:  1.766523 %)
iter:  12800 (Jcost: 2.864800e-02) (lr = 4.996e-02) (elapsed time: 7413.161) (secs/iter:  0.326) (n_accepted: 76%) (u_error:  0.965522 %) (beta_change: 10.955249 %) (delta_change:  0.309405 %) (delta_peak/R:  1.766512 %)
iter:  12900 (Jcost: 2.864798e-02) (lr = 1.787e-02) (elapsed time: 7447.039) (secs/iter:  0.339) (n_accepted: 78%) (u_error:  0.965519 %) (beta_change: 10.980015 %) (delta_change:  0.309393 %) (delta_peak/R:  1.766505 %)
iter:  13000 (Jcost: 2.864797e-02) (lr = 5.089e-01) (elapsed time: 7480.835) (secs/iter:  0.338) (n_accepted: 83%) (u_error:  0.965530 %) (beta_change: 11.006491 %) (delta_change:  0.309379 %) (delta_peak/R:  1.766597 %)
-> Saved file: /media/rafael/DATA/Dropbox/20220924_FIML_solver/data/output/field_inversion/Beta_k/u_imp_10/FI_run_T61_CP395_Pr4_u_imp_10_k_imp_1_e_imp_0/FI_run_T61_CP395_Pr4_u_imp_10_k_imp_1_e_imp_0_state_iter_13000.dat
iter:  13100 (Jcost: 2.864796e-02) (lr = 1.820e-01) (elapsed time: 7515.426) (secs/iter:  0.346) (n_accepted: 78%) (u_error:  0.965516 %) (beta_change: 11.027669 %) (delta_change:  0.309371 %) (delta_peak/R:  1.766513 %)
iter:  13200 (Jcost: 2.864794e-02) (lr = 2.713e-02) (elapsed time: 7550.278) (secs/iter:  0.349) (n_accepted: 77%) (u_error:  0.965513 %) (beta_change: 11.053888 %) (delta_change:  0.309360 %) (delta_peak/R:  1.766504 %)
iter:  13300 (Jcost: 2.864793e-02) (lr = 2.329e-02) (elapsed time: 7600.033) (secs/iter:  0.498) (n_accepted: 79%) (u_error:  0.965513 %) (beta_change: 11.078485 %) (delta_change:  0.309349 %) (delta_peak/R:  1.766516 %)
iter:  13400 (Jcost: 2.864792e-02) (lr = 4.797e-02) (elapsed time: 7655.895) (secs/iter:  0.559) (n_accepted: 80%) (u_error:  0.965518 %) (beta_change: 11.103918 %) (delta_change:  0.309337 %) (delta_peak/R:  1.766565 %)
iter:  13500 (Jcost: 2.864790e-02) (lr = 1.366e+00) (elapsed time: 7711.792) (secs/iter:  0.559) (n_accepted: 83%) (u_error:  0.965507 %) (beta_change: 11.126780 %) (delta_change:  0.309328 %) (delta_peak/R:  1.766502 %)
-> Saved file: /media/rafael/DATA/Dropbox/20220924_FIML_solver/data/output/field_inversion/Beta_k/u_imp_10/FI_run_T61_CP395_Pr4_u_imp_10_k_imp_1_e_imp_0/FI_run_T61_CP395_Pr4_u_imp_10_k_imp_1_e_imp_0_state_iter_13500.dat
iter:  13600 (Jcost: 2.864789e-02) (lr = 1.173e+00) (elapsed time: 7774.126) (secs/iter:  0.623) (n_accepted: 79%) (u_error:  0.965509 %) (beta_change: 11.150528 %) (delta_change:  0.309317 %) (delta_peak/R:  1.766531 %)
iter:  13700 (Jcost: 2.864788e-02) (lr = 4.195e-01) (elapsed time: 7828.212) (secs/iter:  0.541) (n_accepted: 78%) (u_error:  0.965507 %) (beta_change: 11.169871 %) (delta_change:  0.309309 %) (delta_peak/R:  1.766525 %)
iter:  13800 (Jcost: 2.864787e-02) (lr = 6.251e-02) (elapsed time: 7884.327) (secs/iter:  0.561) (n_accepted: 77%) (u_error:  0.965507 %) (beta_change: 11.198312 %) (delta_change:  0.309297 %) (delta_peak/R:  1.766541 %)
iter:  13900 (Jcost: 2.864785e-02) (lr = 2.236e-02) (elapsed time: 7939.465) (secs/iter:  0.551) (n_accepted: 78%) (u_error:  0.965504 %) (beta_change: 11.225376 %) (delta_change:  0.309286 %) (delta_peak/R:  1.766532 %)
iter:  14000 (Jcost: 2.864784e-02) (lr = 1.528e+00) (elapsed time: 7997.374) (secs/iter:  0.579) (n_accepted: 84%) (u_error:  0.965508 %) (beta_change: 11.250872 %) (delta_change:  0.309275 %) (delta_peak/R:  1.766573 %)
-> Saved file: /media/rafael/DATA/Dropbox/20220924_FIML_solver/data/output/field_inversion/Beta_k/u_imp_10/FI_run_T61_CP395_Pr4_u_imp_10_k_imp_1_e_imp_0/FI_run_T61_CP395_Pr4_u_imp_10_k_imp_1_e_imp_0_state_iter_14000.dat
iter:  14100 (Jcost: 2.864783e-02) (lr = 2.277e-01) (elapsed time: 8058.635) (secs/iter:  0.613) (n_accepted: 77%) (u_error:  0.965500 %) (beta_change: 11.267432 %) (delta_change:  0.309269 %) (delta_peak/R:  1.766528 %)
iter:  14200 (Jcost: 2.864782e-02) (lr = 1.126e+00) (elapsed time: 8117.439) (secs/iter:  0.588) (n_accepted: 81%) (u_error:  0.965502 %) (beta_change: 11.287476 %) (delta_change:  0.309260 %) (delta_peak/R:  1.766554 %)
iter:  14300 (Jcost: 2.864781e-02) (lr = 9.666e-01) (elapsed time: 8173.767) (secs/iter:  0.563) (n_accepted: 79%) (u_error:  0.965498 %) (beta_change: 11.310181 %) (delta_change:  0.309251 %) (delta_peak/R:  1.766538 %)
iter:  14400 (Jcost: 2.864780e-02) (lr = 3.457e-01) (elapsed time: 8210.660) (secs/iter:  0.369) (n_accepted: 78%) (u_error:  0.965497 %) (beta_change: 11.333588 %) (delta_change:  0.309242 %) (delta_peak/R:  1.766540 %)
iter:  14500 (Jcost: 2.864779e-02) (lr = 5.152e-02) (elapsed time: 8253.741) (secs/iter:  0.431) (n_accepted: 77%) (u_error:  0.965497 %) (beta_change: 11.357803 %) (delta_change:  0.309232 %) (delta_peak/R:  1.766553 %)
-> Saved file: /media/rafael/DATA/Dropbox/20220924_FIML_solver/data/output/field_inversion/Beta_k/u_imp_10/FI_run_T61_CP395_Pr4_u_imp_10_k_imp_1_e_imp_0/FI_run_T61_CP395_Pr4_u_imp_10_k_imp_1_e_imp_0_state_iter_14500.dat
iter:  14600 (Jcost: 2.864778e-02) (lr = 1.843e-02) (elapsed time: 8313.691) (secs/iter:  0.599) (n_accepted: 78%) (u_error:  0.965495 %) (beta_change: 11.385455 %) (delta_change:  0.309222 %) (delta_peak/R:  1.766552 %)
iter:  14700 (Jcost: 2.864777e-02) (lr = 2.187e-01) (elapsed time: 8369.432) (secs/iter:  0.557) (n_accepted: 82%) (u_error:  0.965499 %) (beta_change: 11.407690 %) (delta_change:  0.309212 %) (delta_peak/R:  1.766592 %)
iter:  14800 (Jcost: 2.864776e-02) (lr = 7.821e-02) (elapsed time: 8424.291) (secs/iter:  0.549) (n_accepted: 78%) (u_error:  0.965491 %) (beta_change: 11.422745 %) (delta_change:  0.309207 %) (delta_peak/R:  1.766547 %)
iter:  14900 (Jcost: 2.864775e-02) (lr = 6.714e-02) (elapsed time: 8473.068) (secs/iter:  0.488) (n_accepted: 79%) (u_error:  0.965490 %) (beta_change: 11.445155 %) (delta_change:  0.309199 %) (delta_peak/R:  1.766548 %)
iter:  15000 (Jcost: 2.864774e-02) (lr = 2.401e-02) (elapsed time: 8527.968) (secs/iter:  0.549) (n_accepted: 78%) (u_error:  0.965488 %) (beta_change: 11.473196 %) (delta_change:  0.309189 %) (delta_peak/R:  1.766548 %)
-> Saved file: /media/rafael/DATA/Dropbox/20220924_FIML_solver/data/output/field_inversion/Beta_k/u_imp_10/FI_run_T61_CP395_Pr4_u_imp_10_k_imp_1_e_imp_0/FI_run_T61_CP395_Pr4_u_imp_10_k_imp_1_e_imp_0_state_iter_15000.dat
iter:  15000 (Jcost: 2.864774e-02) (lr = 2.881e-02) (elapsed time: 8533.393) (secs/iter:   None) (n_accepted: 0%) (u_error:  0.965489 %) (beta_change: 11.473217 %) (delta_change:  0.309188 %) (delta_peak/R:  1.766559 %)
