# ------------------------------------------------------------------------
#                  Input Arguments
# ------------------------------------------------------------------------
# Begin_Input_Arguments
{ 'all_b_mode': ['Beta_k', 'Beta_e'],
  'args_mk_solver': { 'torch': "<module 'torch' from "
                               "'/home/rafael/anaconda3/lib/python3.9/site-packages/torch/__init__.py'>",
                      'y_grid': [0.0, 0.000309700312, 0.000638645973, 0.00098802599, 0.00135910194, 0.00175321227, 0.00217177688, 0.00261630193, 0.00308838486, 0.00358971984, 0.00412210331, 0.00468744001, 0.00528774917, 0.00592517114, 0.00660197432, 0.0073205624, 0.00808348206, 0.00889343092, 0.00975326602, 0.0106660126, 0.0116348733, 0.0126632377, 0.0137546927, 0.0149130326, 0.0161422702, 0.0174466482, 0.0188306506, 0.0202990157, 0.0218567475, 0.02350913, 0.0252617393, 0.0271204584, 0.0290914903, 0.0311813732, 0.033396994, 0.0357456039, 0.0382348325, 0.0408727029, 0.0436676462, 0.0466285159, 0.0497646022, 0.0530856456, 0.0566018496, 0.0603238931, 0.0642629411, 0.068430655, 0.0728392004, 0.0775012535, 0.0824300053, 0.0876391634, 0.0931429507, 0.0989561006, 0.105093849, 0.111571922, 0.118406518, 0.125614286, 0.133212296, 0.141218006, 0.14964922, 0.158524039, 0.167860801, 0.177678022, 0.187994313, 0.1988283, 0.21019853, 0.222123362, 0.234620856, 0.247708641, 0.261403784, 0.275722637, 0.290680679, 0.306292354, 0.322570888, 0.339528108, 0.357174255, 0.375517785, 0.394565175, 0.414320726, 0.43478637, 0.45596148, 0.47784269, 0.500423731, 0.523695275, 0.547644806, 0.572256506, 0.597511177, 0.623386184, 0.649855436, 0.676889401, 0.704455158, 0.73251649, 0.761034018, 0.789965372, 0.819265404, 0.848886442, 0.878778572, 0.908889961, 0.939167201, 0.969555687, 1.0],
                      'Ret': 395,
                      'cp': 1.0,
                      'A_sca_rho': 1.0,
                      'A_sca_mu': 0.002531645569620253,
                      'A_sca_k': 0.002531645569620253,
                      'b_exp_rho': 0,
                      'b_exp_mu': -1,
                      'b_exp_k': 0,
                      'tensor_device': 'cpu',
                      'as_tensor': '<function '
                                   'Build_arguments_fi_run._mk_args_MK_solver.<locals>.<lambda> '
                                   'at 0x7f7429694d30>',
                      'ref_dns': { 'u_dns': [2.9063609013822637e-17, 0.12133384177926108, 0.2515246490276547, 0.39117665330258616, 0.5409160186685206, 0.7013857811431133, 0.8732388068355148, 1.0571282339657548, 1.2537209860674692, 1.463822691633067, 1.688321297208589, 1.9281424415474309, 2.1841427221845766, 2.4569740971853116, 2.747162177824178, 3.055040966910935, 3.3806437331273917, 3.7236672210687702, 4.08346787082722, 4.45896053635653, 4.8485854254406355, 5.250400743916656, 5.661892487869514, 6.08021133873265, 6.502148027551147, 6.924771820753812, 7.344928846710284, 7.759311987255628, 8.165218244976112, 8.560403211032932, 8.942607826228647, 9.310351089344403, 9.662648499182685, 9.998636504221665, 10.318405122827002, 10.62148678174103, 10.908017360991648, 11.179244972560841, 11.435761735936536, 11.678426256190537, 11.907825343046122, 12.124255553280793, 12.33020063190289, 12.525514119181011, 12.711401186375193, 12.888595855356252, 13.059530915227034, 13.222643030611694, 13.381054579791694, 13.534479626921446, 13.683964995152161, 13.831456074386178, 13.97502774275032, 14.117778137209287, 14.259508673786966, 14.399648732181534, 14.539118307777127, 14.678175716995886, 14.817848579656008, 14.95678059435819, 15.095697878622753, 15.235613145949378, 15.37598203463026, 15.517073764794107, 15.658669438741795, 15.800596527444812, 15.944626496890827, 16.089563113703637, 16.236249029380748, 16.382947035672764, 16.529919210881634, 16.677067664708076, 16.824301484147327, 16.972362558285504, 17.119844000353748, 17.266699903030606, 17.412509551399612, 17.558021620441504, 17.705197887966754, 17.852853109788505, 18.000361597866654, 18.147302132455298, 18.293836813076275, 18.43758915160994, 18.577919652944807, 18.715872307825492, 18.84895337930182, 18.978522277162632, 19.1006942887214, 19.217839213074217, 19.327924969194285, 19.429748289261955, 19.523399709253166, 19.60872467013527, 19.683455223462666, 19.74764505341299, 19.798986669427183, 19.83832564127951, 19.86290784727528, 19.871125207309184],
                                   'T_dns': [1.0, 1.0053882470469622, 1.01112711038934, 1.0172360926530903, 1.0237347774936532, 1.0306425255481857, 1.037978080730124, 1.0457590646840713, 1.0540028484307205, 1.0627339168598289, 1.071980830828823, 1.0817739353989206, 1.092137545185662, 1.1030800597668011, 1.1146010461869078, 1.1266942968482996, 1.1393515299985135, 1.1525550518015086, 1.1662814053608008, 1.180499819215067, 1.1951676533816475, 1.2102312917702727, 1.225612420879443, 1.2411856112732294, 1.256830076268626, 1.2725241072822089, 1.2882060857911937, 1.3037103148068672, 1.3189516938703556, 1.3338972599550016, 1.3484634783482712, 1.3625643079387342, 1.3761722306551856, 1.3893256836722365, 1.4019560442359946, 1.4140918432216742, 1.425633075685037, 1.4366566664117133, 1.4472574732087324, 1.4572802863178267, 1.466931716023452, 1.4761972197052369, 1.4849497959001008, 1.493419979334427, 1.5015007076738316, 1.5093620844950315, 1.5168638347426127, 1.5242287079167516, 1.5312160424865358, 1.5380559933027997, 1.544763513949661, 1.551225328365958, 1.5576096369457075, 1.563803316325649, 1.5699509243999443, 1.5760711056808387, 1.5820496575587788, 1.58800632043759, 1.593794252261077, 1.5996255381510671, 1.605369209156568, 1.6110986504116234, 1.6168062730355501, 1.6225026459691192, 1.6281388929516356, 1.6337642163026524, 1.639372969519115, 1.6450745721072757, 1.6507093987731938, 1.6563409394933148, 1.662000811181022, 1.6675940311969493, 1.6731637601110005, 1.6786713191574287, 1.6842299164128065, 1.6896844899086867, 1.6951668542299165, 1.700548217820561, 1.7059313848331839, 1.7113346031432592, 1.7166387208936864, 1.7219033310773746, 1.7270882913235168, 1.7322488140738272, 1.7371615553626845, 1.741893864194896, 1.7465748091404354, 1.7509531847416275, 1.7551224640932128, 1.7590547379397896, 1.762723948939309, 1.7661548368212605, 1.7691527020463271, 1.7719062509689594, 1.7741861028201924, 1.7761200716466572, 1.7777195457970938, 1.7787748155086684, 1.7794655345253911, 1.7795944087804545],
                                   'mu_dns': [0.002531645569620253, 0.0025180775457205027, 0.0025037856700780474, 0.0024887492568390654, 0.0024729506365099027, 0.002456376005127193, 0.002439016407590678, 0.0024208688742134643, 0.002401934276923027, 0.002382200783711478, 0.002361651903479339, 0.0023402722942170635, 0.0023180647719512988, 0.002295069652655548, 0.0022713468449371264, 0.002246967590678343, 0.0022220056786368264, 0.0021965506685890173, 0.002170698733584853, 0.0021445539663899177, 0.0021182346781701547, 0.0020918692045361633, 0.0020656167696176423, 0.0020396994185448605, 0.002014310142176417, 0.0019894676691251147, 0.001965248881793134, 0.0019418773794048667, 0.0019194376726499715, 0.001897931456659306, 0.001877429837937664, 0.0018580007966376919, 0.001839628436925337, 0.0018222117386678268, 0.0018057952530172875, 0.0017902978379767023, 0.0017758044568401735, 0.0017621785558156044, 0.0017492710291606307, 0.0017372399759946467, 0.0017258100987024945, 0.0017149778741120819, 0.001704869468725506, 0.0016952000138290187, 0.0016860768407777522, 0.0016772950610238991, 0.0016689998875540682, 0.0016609354990304536, 0.0016533562210523367, 0.0016460035139447904, 0.0016388563988978002, 0.001632029546788704, 0.0016253402069240643, 0.0016189028013885213, 0.0016125635077337728, 0.0016063016195748483, 0.0016002314197436586, 0.0015942289001234166, 0.0015884393898576742, 0.0015826488820292685, 0.0015769864995419554, 0.0015713783690237946, 0.0015658311152313223, 0.001560333707873927, 0.0015549321870388221, 0.0015495782955447408, 0.0015442767550101018, 0.0015389245038158453, 0.0015336712637013946, 0.001528456798510758, 0.0015232517051668943, 0.0015181426188021995, 0.001513088933657217, 0.001508124634482321, 0.0015031472514229728, 0.001498294850156947, 0.0014934491925105119, 0.0014887231911982093, 0.0014840254374403298, 0.0014793399052238554, 0.0014747689999106348, 0.0014702599872643445, 0.001465846061454207, 0.0014614791761158373, 0.0014573460722780596, 0.0014533868117104717, 0.0014494916314899704, 0.00144586708067459, 0.001442432435008592, 0.0014392079535770015, 0.001436212159676863, 0.0014334222101255454, 0.0014309932470453076, 0.0014287694782022659, 0.0014269334911349075, 0.0014253797420763009, 0.0014240972799143714, 0.0014232524249542455, 0.0014226999739534035, 0.0014225969451967288],
                                   'rho_dns': [1.0, 1.0, 1.0, 1.0, 1.0, 1.0, 1.0, 1.0, 1.0, 1.0, 1.0, 1.0, 1.0, 1.0, 1.0, 1.0, 1.0, 1.0, 1.0, 1.0, 1.0, 1.0, 1.0, 1.0, 1.0, 1.0, 1.0, 1.0, 1.0, 1.0, 1.0, 1.0, 1.0, 1.0, 1.0, 1.0, 1.0, 1.0, 1.0, 1.0, 1.0, 1.0, 1.0, 1.0, 1.0, 1.0, 1.0, 1.0, 1.0, 1.0, 1.0, 1.0, 1.0, 1.0, 1.0, 1.0, 1.0, 1.0, 1.0, 1.0, 1.0, 1.0, 1.0, 1.0, 1.0, 1.0, 1.0, 1.0, 1.0, 1.0, 1.0, 1.0, 1.0, 1.0, 1.0, 1.0, 1.0, 1.0, 1.0, 1.0, 1.0, 1.0, 1.0, 1.0, 1.0, 1.0, 1.0, 1.0, 1.0, 1.0, 1.0, 1.0, 1.0, 1.0, 1.0, 1.0, 1.0, 1.0, 1.0, 1.0]},
                      'case': 'T31_LL2',
                      'constant_Sq_heat': 0.04443037974683545,
                      'use_visc_heating': False,
                      'Pr_turb': 1.0,
                      'fprint': '<function '
                                'Build_arguments_fi_run._mk_args_MK_solver.<locals>.<lambda> '
                                'at 0x7f7429694ee0>',
                      'compressible_correction': False,
                      'bool_solve_energy': False,
                      'output_last': False},
  'u_imp': 100,
  'k_imp': 1,
  'e_imp': 1,
  'solve_sparse_adj': True,
  'all_ref_beta_distrib': {'K': [1.0, 1.00012263, 1.00018531, 1.0001707, 1.00006459, 0.99985101, 0.99951178, 0.99902712, 0.9983767, 0.99754146, 0.99650612, 0.99526254, 0.9938138, 0.99217855, 0.99039503, 0.98852391, 0.98664961, 0.98488049, 0.98334839, 0.98220694, 0.98162475, 0.9817696, 0.98278704, 0.98478089, 0.98779715, 0.99181385, 0.99674083, 1.00242705, 1.00867359, 1.01524925, 1.02190557, 1.0283902, 1.03445697, 1.03987129, 1.04440882, 1.04784412, 1.04993393, 1.05039814, 1.04892301, 1.04520418, 1.03901327, 1.03028535, 1.01917367, 1.00606035, 0.99152522, 0.97627026, 0.96103209, 0.94651406, 0.93332029, 0.92193341, 0.91269592, 0.90581168, 0.90137348, 0.89936581, 0.89969593, 0.90220912, 0.90670473, 0.91295434, 0.92070103, 0.9296833, 0.93962956, 0.95026673, 0.96132122, 0.97252667, 0.98362678, 0.99437868, 1.00455151, 1.01393528, 1.02235385, 1.0296771, 1.03582803, 1.04077889, 1.04454617, 1.04718326, 1.0487765, 1.04943613, 1.04927282, 1.04837068, 1.04676567, 1.0444584, 1.04144458, 1.03773609, 1.03337915, 1.02847756, 1.02319674, 1.01774097, 1.01234324, 1.00724791, 1.0026912, 0.99886782, 0.99589949, 0.99382994, 0.99261127, 0.99210921, 0.99213627, 0.99248566, 0.99296266, 0.99340986, 0.99371755, 0.99691252], 'E': [1.0, 1.00011694, 1.00030123, 1.00051867, 1.00077532, 1.00107949, 1.00144021, 1.00186714, 1.00237028, 1.00295936, 1.0036425, 1.00442425, 1.00530235, 1.00626245, 1.00726958, 1.00825466, 1.00910095, 1.00965822, 1.00983589, 1.00971754, 1.00944775, 1.00895491, 1.00798284, 1.0063223, 1.00382559, 1.0003645, 0.99583251, 0.99015246, 0.98328291, 0.97522394, 0.96602464, 0.95580836, 0.94485055, 0.93374857, 0.92365485, 0.91640299, 0.91423976, 0.91911229, 0.93183192, 0.95165184, 0.97652406, 1.00378762, 1.03089869, 1.05587866, 1.07745612, 1.09498993, 1.10832457, 1.11759989, 1.12314608, 1.12536334, 1.12468275, 1.12153127, 1.11629772, 1.10934677, 1.10100268, 1.09155682, 1.08127074, 1.07037666, 1.05909183, 1.0476092, 1.0361106, 1.02476745, 1.01374437, 1.00319687, 0.9932716, 0.98410608, 0.97583052, 0.96856111, 0.96238834, 0.95736789, 0.9535145, 0.95080593, 0.94918735, 0.94857746, 0.94887192, 0.94995109, 0.95169974, 0.95402839, 0.95688883, 0.96026012, 0.9641215, 0.96843462, 0.97313009, 0.97809124, 0.98315522, 0.98813617, 0.99283658, 0.9970636, 1.00064576, 1.00345936, 1.00545109, 1.00663736, 1.00711017, 1.00702677, 1.00657676, 1.00595083, 1.00531419, 1.00478856, 1.00444982, 1.00216741]},
  'all_ref_delta_distrib': {'K': [-0.0, -0.004973495040733603, -0.007588854313064757, -0.007071673860802678, -0.002712867475530102, 0.0063607292380383615, 0.021247292217793708, 0.04329807021291714, 0.07413647328809374, 0.11564837446759284, 0.16993500736466555, 0.23919989595421773, 0.3255420356299976, 0.4306315613778364, 0.555246913196684, 0.698677060936415, 0.8580010555421579, 1.0272721032203156, 1.196679375987495, 1.3518043838452944, 1.473235520461729, 1.5371741202575022, 1.518069949631792, 1.3934239032215985, 1.1493796500038314, 0.7852216541614202, 0.31503061379113884, -0.23396113339336785, -0.8256895339042934, -1.4207336384023546, -1.9813543535357239, -2.4752075226287067, -2.877398345056092, -3.1710229408420885, -3.3465119244560375, -3.400070770367303, -3.3320060150447186, -3.1452904000187423, -2.8456870624418493, -2.443551661772132, -1.9554740589567765, -1.4053987462534154, -0.8230437811456279, -0.2405772886952424, 0.31119847535353795, 0.8065786659739728, 1.2272518582216818, 1.5626581907061516, 1.8096873887449405, 1.970988416889521, 2.0535300007000106, 2.067034045122531, 2.022321324016604, 1.930658341996515, 1.8028023170841672, 1.6486467753798772, 1.4769906222236409, 1.295385525199397, 1.1103271635529963, 0.9270892570113961, 0.7500034335854896, 0.5825099052115645, 0.42729793397932087, 0.2863487868291617, 0.16102946537038287, 0.052166519717557584, -0.03984900112018663, -0.11506428059143609, -0.17398850029499857, -0.2175893724981411, -0.24723774784702146, -0.26457738000750675, -0.27140937931513953, -0.2695833763401705, -0.2609286673375, -0.24717153892124055, -0.2298062570849975, -0.20999747771326485, -0.18855200197434197, -0.16605055506306363, -0.14300836271589143, -0.11994871266009345, -0.09743368077027907, -0.07608404723845923, -0.05652597678540805, -0.03928384193485953, -0.02473893012973218, -0.013094913803894444, -0.004364566307455828, 0.0016412328434894552, 0.005291453349308602, 0.007062248578179574, 0.007482067318964654, 0.0070642252497497325, 0.006238674153490767, 0.005319863793626967, 0.004505060379688202, 0.0038944424421832134, 0.003525076224076528, 0.0017015298334980172], 'E': [-0.0, -0.1043374727306609, -0.36088224176893674, -0.702019970001323, -1.124819182243333, -1.6427705918812796, -2.2768852837490994, -3.0544996491143572, -4.009441835893108, -5.182403561252791, -6.620393496265563, -8.375329269745897, -10.500677034407701, -13.045349685637046, -16.043874042762585, -19.496593794487953, -23.328245393762355, -27.319703964598478, -31.08029281240629, -34.15053135970059, -36.044990727633774, -36.10757730276482, -33.48464893117747, -27.280798360662583, -16.77104284982912, -1.6010413970460282, 18.07528081572511, 41.5619238185776, 67.70006273373784, 95.02334156105739, 121.92659659803944, 146.76804349886794, 167.81189456272102, 182.99771208129926, 189.7773309401905, 185.49622671278374, 168.57596250888287, 139.866679643176, 103.0518651023976, 63.57452571634761, 26.74842515184387, -3.7303794938723907, -26.27611420185397, -41.03547178580292, -49.17834270603142, -52.249228450752156, -51.757218145572445, -48.96096855067948, -44.8281422218142, -40.04523453291119, -35.077785750132854, -30.22395885423022, -25.65871993354156, -21.477527127234637, -17.720515327953162, -14.393820030641987, -11.482990510040002, -8.96165543131213, -6.798808087212901, -4.960752988718641, -3.4146172356267295, -2.129249199333738, -1.0759148745193343, -0.22815657992949281, 0.4382208948286803, 0.9453000539435071, 1.313132345408398, 1.560319685580694, 1.704637143316874, 1.7632835841952075, 1.752865806646982, 1.688964850366625, 1.585819506832665, 1.4560627627930538, 1.3106355381468946, 1.1586489245586624, 1.0071033844443409, 0.8608201170156294, 0.7226747145456548, 0.5943561303274333, 0.47705310223792324, 0.37171812148495914, 0.2791355713782867, 0.19994557245507802, 0.13447130815330402, 0.08247325872105638, 0.04316339106975531, 0.015262786711468792, -0.0028812319145921465, -0.013183864722683842, -0.017660039978260916, -0.018201998860527636, -0.01645488034716134, -0.013712971989001566, -0.010857319446207851, -0.008387803790829719, -0.006510414223051712, -0.0052454894139560395, -0.0045324689468408475, -0.002152662152655309]},
  'fname_print': '/media/rafael/DATA/Dropbox/20220924_FIML_solver/data/output/field_inversion/Beta_k__1__Beta_e__1/u_imp_100/FI_run_T31_LL2_u_imp_100_k_imp_1_e_imp_1/FI_run_T31_LL2_u_imp_100_k_imp_1_e_imp_1.log',
  'folder': '/media/rafael/DATA/Dropbox/20220924_FIML_solver/data/output/field_inversion/Beta_k__1__Beta_e__1/u_imp_100/FI_run_T31_LL2_u_imp_100_k_imp_1_e_imp_1',
  'iters_limit': 15000}
# End_Input_Arguments

# ------------------------------------------------------------------------
#                  Iterations
# ------------------------------------------------------------------------

iter:      0 (Jcost: 1.450760e+00) (lr = 1.000e-03) (elapsed time:  0.002) (secs/iter:   None) (n_accepted: 0%) (u_error:  2.472956 %) (beta_change: 11.299876 %) (delta_change:  3.008088 %) (delta_peak/R:  0.000000 %)
-> Saved file: /media/rafael/DATA/Dropbox/20220924_FIML_solver/data/output/field_inversion/Beta_k__1__Beta_e__1/u_imp_100/FI_run_T31_LL2_u_imp_100_k_imp_1_e_imp_1/FI_run_T31_LL2_u_imp_100_k_imp_1_e_imp_1_state_iter_0.dat
iter:    100 (Jcost: 7.362706e-02) (lr = 4.120e-03) (elapsed time: 104.578) (secs/iter:  1.046) (n_accepted: 81%) (u_error:  0.629580 %) (beta_change:  6.049866 %) (delta_change:  2.251898 %) (delta_peak/R:  2.854116 %)
iter:    200 (Jcost: 5.401517e-02) (lr = 1.474e-03) (elapsed time: 199.945) (secs/iter:  0.954) (n_accepted: 78%) (u_error:  0.537727 %) (beta_change:  3.787752 %) (delta_change:  1.082766 %) (delta_peak/R:  3.056814 %)
iter:    300 (Jcost: 5.072580e-02) (lr = 4.197e-02) (elapsed time: 290.036) (secs/iter:  0.901) (n_accepted: 83%) (u_error:  0.529691 %) (beta_change:  3.014261 %) (delta_change:  0.841756 %) (delta_peak/R:  3.049547 %)
iter:    400 (Jcost: 4.877480e-02) (lr = 1.501e-02) (elapsed time: 378.673) (secs/iter:  0.886) (n_accepted: 78%) (u_error:  0.523029 %) (beta_change:  2.425943 %) (delta_change:  0.665488 %) (delta_peak/R:  3.019129 %)
iter:    500 (Jcost: 4.716390e-02) (lr = 2.237e-03) (elapsed time: 466.585) (secs/iter:  0.879) (n_accepted: 77%) (u_error:  0.518839 %) (beta_change:  1.809983 %) (delta_change:  0.531384 %) (delta_peak/R:  2.985472 %)
-> Saved file: /media/rafael/DATA/Dropbox/20220924_FIML_solver/data/output/field_inversion/Beta_k__1__Beta_e__1/u_imp_100/FI_run_T31_LL2_u_imp_100_k_imp_1_e_imp_1/FI_run_T31_LL2_u_imp_100_k_imp_1_e_imp_1_state_iter_500.dat
iter:    600 (Jcost: 4.611384e-02) (lr = 8.001e-04) (elapsed time: 558.411) (secs/iter:  0.918) (n_accepted: 78%) (u_error:  0.515494 %) (beta_change:  1.289420 %) (delta_change:  0.426227 %) (delta_peak/R:  2.938252 %)
iter:    700 (Jcost: 4.543785e-02) (lr = 1.648e-03) (elapsed time: 644.963) (secs/iter:  0.866) (n_accepted: 80%) (u_error:  0.513833 %) (beta_change:  0.939801 %) (delta_change:  0.348905 %) (delta_peak/R:  2.911838 %)
iter:    800 (Jcost: 4.490133e-02) (lr = 4.695e-02) (elapsed time: 727.627) (secs/iter:  0.827) (n_accepted: 83%) (u_error:  0.511660 %) (beta_change:  0.648363 %) (delta_change:  0.326256 %) (delta_peak/R:  2.877450 %)
iter:    900 (Jcost: 4.457055e-02) (lr = 6.996e-03) (elapsed time: 815.160) (secs/iter:  0.875) (n_accepted: 77%) (u_error:  0.510770 %) (beta_change:  0.491175 %) (delta_change:  0.325133 %) (delta_peak/R:  2.852078 %)
iter:   1000 (Jcost: 4.420517e-02) (lr = 1.043e-03) (elapsed time: 895.758) (secs/iter:  0.806) (n_accepted: 77%) (u_error:  0.509567 %) (beta_change:  0.513832 %) (delta_change:  0.323911 %) (delta_peak/R:  2.819616 %)
-> Saved file: /media/rafael/DATA/Dropbox/20220924_FIML_solver/data/output/field_inversion/Beta_k__1__Beta_e__1/u_imp_100/FI_run_T31_LL2_u_imp_100_k_imp_1_e_imp_1/FI_run_T31_LL2_u_imp_100_k_imp_1_e_imp_1_state_iter_1000.dat
iter:   1100 (Jcost: 4.395570e-02) (lr = 2.148e-03) (elapsed time: 986.222) (secs/iter:  0.905) (n_accepted: 80%) (u_error:  0.508694 %) (beta_change:  0.693573 %) (delta_change:  0.323273 %) (delta_peak/R:  2.795667 %)
iter:   1200 (Jcost: 4.372186e-02) (lr = 4.425e-03) (elapsed time: 1066.626) (secs/iter:  0.804) (n_accepted: 80%) (u_error:  0.507572 %) (beta_change:  0.938498 %) (delta_change:  0.322517 %) (delta_peak/R:  2.770982 %)
iter:   1300 (Jcost: 4.350790e-02) (lr = 2.188e-02) (elapsed time: 1148.574) (secs/iter:  0.819) (n_accepted: 81%) (u_error:  0.507927 %) (beta_change:  1.196209 %) (delta_change:  0.328438 %) (delta_peak/R:  2.758029 %)
iter:   1400 (Jcost: 4.333023e-02) (lr = 3.261e-03) (elapsed time: 1231.951) (secs/iter:  0.834) (n_accepted: 77%) (u_error:  0.507432 %) (beta_change:  1.437603 %) (delta_change:  0.351220 %) (delta_peak/R:  2.745162 %)
iter:   1500 (Jcost: 4.314828e-02) (lr = 2.799e-03) (elapsed time: 1313.084) (secs/iter:  0.811) (n_accepted: 79%) (u_error:  0.507074 %) (beta_change:  1.696060 %) (delta_change:  0.377041 %) (delta_peak/R:  2.732188 %)
-> Saved file: /media/rafael/DATA/Dropbox/20220924_FIML_solver/data/output/field_inversion/Beta_k__1__Beta_e__1/u_imp_100/FI_run_T31_LL2_u_imp_100_k_imp_1_e_imp_1/FI_run_T31_LL2_u_imp_100_k_imp_1_e_imp_1_state_iter_1500.dat
iter:   1600 (Jcost: 4.299115e-02) (lr = 1.001e-03) (elapsed time: 1403.191) (secs/iter:  0.901) (n_accepted: 78%) (u_error:  0.506764 %) (beta_change:  1.927618 %) (delta_change:  0.398527 %) (delta_peak/R:  2.721060 %)
iter:   1700 (Jcost: 4.286654e-02) (lr = 2.851e-02) (elapsed time: 1485.769) (secs/iter:  0.826) (n_accepted: 83%) (u_error:  0.506578 %) (beta_change:  2.118266 %) (delta_change:  0.414991 %) (delta_peak/R:  2.712531 %)
iter:   1800 (Jcost: 4.274778e-02) (lr = 4.249e-03) (elapsed time: 1567.200) (secs/iter:  0.814) (n_accepted: 77%) (u_error:  0.506277 %) (beta_change:  2.303928 %) (delta_change:  0.429984 %) (delta_peak/R:  2.704285 %)
iter:   1900 (Jcost: 4.260067e-02) (lr = 5.042e-02) (elapsed time: 1648.655) (secs/iter:  0.815) (n_accepted: 82%) (u_error:  0.505780 %) (beta_change:  2.548296 %) (delta_change:  0.447864 %) (delta_peak/R:  2.693944 %)
iter:   2000 (Jcost: 4.247539e-02) (lr = 4.328e-02) (elapsed time: 1729.627) (secs/iter:  0.810) (n_accepted: 79%) (u_error:  0.505735 %) (beta_change:  2.757074 %) (delta_change:  0.462722 %) (delta_peak/R:  2.686601 %)
-> Saved file: /media/rafael/DATA/Dropbox/20220924_FIML_solver/data/output/field_inversion/Beta_k__1__Beta_e__1/u_imp_100/FI_run_T31_LL2_u_imp_100_k_imp_1_e_imp_1/FI_run_T31_LL2_u_imp_100_k_imp_1_e_imp_1_state_iter_2000.dat
iter:   2100 (Jcost: 4.235544e-02) (lr = 1.548e-02) (elapsed time: 1807.780) (secs/iter:  0.782) (n_accepted: 78%) (u_error:  0.505561 %) (beta_change:  2.964035 %) (delta_change:  0.486222 %) (delta_peak/R:  2.679442 %)
iter:   2200 (Jcost: 4.224495e-02) (lr = 2.307e-03) (elapsed time: 1888.840) (secs/iter:  0.811) (n_accepted: 77%) (u_error:  0.505033 %) (beta_change:  3.167830 %) (delta_change:  0.507794 %) (delta_peak/R:  2.671925 %)
iter:   2300 (Jcost: 4.213464e-02) (lr = 6.570e-02) (elapsed time: 1972.927) (secs/iter:  0.841) (n_accepted: 83%) (u_error:  0.505690 %) (beta_change:  3.364998 %) (delta_change:  0.528383 %) (delta_peak/R:  2.667997 %)
iter:   2400 (Jcost: 4.204787e-02) (lr = 2.350e-02) (elapsed time: 2055.884) (secs/iter:  0.830) (n_accepted: 78%) (u_error:  0.505105 %) (beta_change:  3.516569 %) (delta_change:  0.542622 %) (delta_peak/R:  2.662463 %)
iter:   2500 (Jcost: 4.194252e-02) (lr = 8.404e-03) (elapsed time: 2136.583) (secs/iter:  0.807) (n_accepted: 78%) (u_error:  0.505053 %) (beta_change:  3.712883 %) (delta_change:  0.561149 %) (delta_peak/R:  2.657354 %)
-> Saved file: /media/rafael/DATA/Dropbox/20220924_FIML_solver/data/output/field_inversion/Beta_k__1__Beta_e__1/u_imp_100/FI_run_T31_LL2_u_imp_100_k_imp_1_e_imp_1/FI_run_T31_LL2_u_imp_100_k_imp_1_e_imp_1_state_iter_2500.dat
iter:   2600 (Jcost: 4.184292e-02) (lr = 7.214e-03) (elapsed time: 2224.113) (secs/iter:  0.875) (n_accepted: 79%) (u_error:  0.504895 %) (beta_change:  3.902257 %) (delta_change:  0.580550 %) (delta_peak/R:  2.652447 %)
iter:   2700 (Jcost: 4.174458e-02) (lr = 1.075e-03) (elapsed time: 2299.416) (secs/iter:  0.753) (n_accepted: 77%) (u_error:  0.504790 %) (beta_change:  4.092792 %) (delta_change:  0.599366 %) (delta_peak/R:  2.647905 %)
iter:   2800 (Jcost: 4.163877e-02) (lr = 3.062e-02) (elapsed time: 2365.634) (secs/iter:  0.662) (n_accepted: 83%) (u_error:  0.504379 %) (beta_change:  4.304690 %) (delta_change:  0.619539 %) (delta_peak/R:  2.642385 %)
iter:   2900 (Jcost: 4.155417e-02) (lr = 6.308e-02) (elapsed time: 2426.202) (secs/iter:  0.606) (n_accepted: 80%) (u_error:  0.504253 %) (beta_change:  4.477644 %) (delta_change:  0.636313 %) (delta_peak/R:  2.638659 %)
iter:   3000 (Jcost: 4.149401e-02) (lr = 2.256e-02) (elapsed time: 2481.435) (secs/iter:  0.552) (n_accepted: 78%) (u_error:  0.504418 %) (beta_change:  4.601218 %) (delta_change:  0.647880 %) (delta_peak/R:  2.636783 %)
-> Saved file: /media/rafael/DATA/Dropbox/20220924_FIML_solver/data/output/field_inversion/Beta_k__1__Beta_e__1/u_imp_100/FI_run_T31_LL2_u_imp_100_k_imp_1_e_imp_1/FI_run_T31_LL2_u_imp_100_k_imp_1_e_imp_1_state_iter_3000.dat
iter:   3100 (Jcost: 4.140157e-02) (lr = 1.401e-03) (elapsed time: 2541.197) (secs/iter:  0.598) (n_accepted: 76%) (u_error:  0.504249 %) (beta_change:  4.799775 %) (delta_change:  0.665705 %) (delta_peak/R:  2.632815 %)
iter:   3200 (Jcost: 4.132964e-02) (lr = 3.990e-02) (elapsed time: 2622.461) (secs/iter:  0.813) (n_accepted: 83%) (u_error:  0.504318 %) (beta_change:  4.957685 %) (delta_change:  0.679511 %) (delta_peak/R:  2.630294 %)
iter:   3300 (Jcost: 4.127026e-02) (lr = 1.427e-02) (elapsed time: 2705.274) (secs/iter:  0.828) (n_accepted: 78%) (u_error:  0.504092 %) (beta_change:  5.088365 %) (delta_change:  0.690460 %) (delta_peak/R:  2.627565 %)
iter:   3400 (Jcost: 4.120589e-02) (lr = 5.104e-03) (elapsed time: 2779.806) (secs/iter:  0.745) (n_accepted: 78%) (u_error:  0.503957 %) (beta_change:  5.233201 %) (delta_change:  0.702348 %) (delta_peak/R:  2.624904 %)
iter:   3500 (Jcost: 4.112380e-02) (lr = 1.826e-03) (elapsed time: 2858.699) (secs/iter:  0.789) (n_accepted: 78%) (u_error:  0.503836 %) (beta_change:  5.420660 %) (delta_change:  0.717294 %) (delta_peak/R:  2.621687 %)
-> Saved file: /media/rafael/DATA/Dropbox/20220924_FIML_solver/data/output/field_inversion/Beta_k__1__Beta_e__1/u_imp_100/FI_run_T31_LL2_u_imp_100_k_imp_1_e_imp_1/FI_run_T31_LL2_u_imp_100_k_imp_1_e_imp_1_state_iter_3500.dat
iter:   3600 (Jcost: 4.105170e-02) (lr = 6.529e-04) (elapsed time: 2940.063) (secs/iter:  0.814) (n_accepted: 78%) (u_error:  0.503822 %) (beta_change:  5.588274 %) (delta_change:  0.730207 %) (delta_peak/R:  2.619143 %)
iter:   3700 (Jcost: 4.094976e-02) (lr = 4.463e-02) (elapsed time: 3018.001) (secs/iter:  0.779) (n_accepted: 84%) (u_error:  0.503680 %) (beta_change:  5.833061 %) (delta_change:  0.748156 %) (delta_peak/R:  2.615268 %)
iter:   3800 (Jcost: 4.090043e-02) (lr = 1.596e-02) (elapsed time: 3098.753) (secs/iter:  0.808) (n_accepted: 78%) (u_error:  0.503670 %) (beta_change:  5.953920 %) (delta_change:  0.756693 %) (delta_peak/R:  2.613564 %)
iter:   3900 (Jcost: 4.085208e-02) (lr = 9.912e-04) (elapsed time: 3179.843) (secs/iter:  0.811) (n_accepted: 76%) (u_error:  0.503552 %) (beta_change:  6.073553 %) (delta_change:  0.764876 %) (delta_peak/R:  2.611635 %)
iter:   4000 (Jcost: 4.078696e-02) (lr = 2.042e-03) (elapsed time: 3252.429) (secs/iter:  0.726) (n_accepted: 80%) (u_error:  0.503619 %) (beta_change:  6.239091 %) (delta_change:  0.776025 %) (delta_peak/R:  2.609588 %)
-> Saved file: /media/rafael/DATA/Dropbox/20220924_FIML_solver/data/output/field_inversion/Beta_k__1__Beta_e__1/u_imp_100/FI_run_T31_LL2_u_imp_100_k_imp_1_e_imp_1/FI_run_T31_LL2_u_imp_100_k_imp_1_e_imp_1_state_iter_4000.dat
iter:   4100 (Jcost: 4.074218e-02) (lr = 2.423e-02) (elapsed time: 3337.830) (secs/iter:  0.854) (n_accepted: 82%) (u_error:  0.503342 %) (beta_change:  6.351890 %) (delta_change:  0.783209 %) (delta_peak/R:  2.607407 %)
iter:   4200 (Jcost: 4.069097e-02) (lr = 2.080e-02) (elapsed time: 3414.181) (secs/iter:  0.764) (n_accepted: 79%) (u_error:  0.503353 %) (beta_change:  6.484107 %) (delta_change:  0.791627 %) (delta_peak/R:  2.605724 %)
iter:   4300 (Jcost: 4.063757e-02) (lr = 7.439e-03) (elapsed time: 3481.837) (secs/iter:  0.677) (n_accepted: 78%) (u_error:  0.503263 %) (beta_change:  6.627387 %) (delta_change:  0.800246 %) (delta_peak/R:  2.603709 %)
iter:   4400 (Jcost: 4.058697e-02) (lr = 1.109e-03) (elapsed time: 3539.282) (secs/iter:  0.574) (n_accepted: 77%) (u_error:  0.503175 %) (beta_change:  6.767096 %) (delta_change:  0.808305 %) (delta_peak/R:  2.601795 %)
iter:   4500 (Jcost: 4.053977e-02) (lr = 9.517e-04) (elapsed time: 3616.743) (secs/iter:  0.775) (n_accepted: 79%) (u_error:  0.503116 %) (beta_change:  6.899253 %) (delta_change:  0.815739 %) (delta_peak/R:  2.600066 %)
-> Saved file: /media/rafael/DATA/Dropbox/20220924_FIML_solver/data/output/field_inversion/Beta_k__1__Beta_e__1/u_imp_100/FI_run_T31_LL2_u_imp_100_k_imp_1_e_imp_1/FI_run_T31_LL2_u_imp_100_k_imp_1_e_imp_1_state_iter_4500.dat
iter:   4600 (Jcost: 4.049704e-02) (lr = 1.961e-03) (elapsed time: 3699.307) (secs/iter:  0.826) (n_accepted: 80%) (u_error:  0.503154 %) (beta_change:  7.021270 %) (delta_change:  0.822488 %) (delta_peak/R:  2.598719 %)
iter:   4700 (Jcost: 4.044527e-02) (lr = 5.584e-02) (elapsed time: 3770.912) (secs/iter:  0.716) (n_accepted: 83%) (u_error:  0.502971 %) (beta_change:  7.169651 %) (delta_change:  0.831080 %) (delta_peak/R:  2.596524 %)
iter:   4800 (Jcost: 4.040893e-02) (lr = 1.445e-03) (elapsed time: 3849.261) (secs/iter:  0.783) (n_accepted: 75%) (u_error:  0.502931 %) (beta_change:  7.275696 %) (delta_change:  0.837260 %) (delta_peak/R:  2.595197 %)
iter:   4900 (Jcost: 4.035890e-02) (lr = 1.240e-03) (elapsed time: 3923.193) (secs/iter:  0.739) (n_accepted: 79%) (u_error:  0.502945 %) (beta_change:  7.424375 %) (delta_change:  0.845772 %) (delta_peak/R:  2.593531 %)
iter:   5000 (Jcost: 4.033204e-02) (lr = 4.435e-04) (elapsed time: 4002.110) (secs/iter:  0.789) (n_accepted: 78%) (u_error:  0.502853 %) (beta_change:  7.504312 %) (delta_change:  0.850194 %) (delta_peak/R:  2.592391 %)
-> Saved file: /media/rafael/DATA/Dropbox/20220924_FIML_solver/data/output/field_inversion/Beta_k__1__Beta_e__1/u_imp_100/FI_run_T31_LL2_u_imp_100_k_imp_1_e_imp_1/FI_run_T31_LL2_u_imp_100_k_imp_1_e_imp_1_state_iter_5000.dat
iter:   5100 (Jcost: 4.028933e-02) (lr = 3.032e-02) (elapsed time: 4080.735) (secs/iter:  0.786) (n_accepted: 84%) (u_error:  0.502969 %) (beta_change:  7.637498 %) (delta_change:  0.857586 %) (delta_peak/R:  2.591180 %)
iter:   5200 (Jcost: 4.026024e-02) (lr = 4.518e-03) (elapsed time: 4157.875) (secs/iter:  0.771) (n_accepted: 77%) (u_error:  0.502673 %) (beta_change:  7.722948 %) (delta_change:  0.862018 %) (delta_peak/R:  2.589481 %)
iter:   5300 (Jcost: 4.022452e-02) (lr = 1.616e-03) (elapsed time: 4236.743) (secs/iter:  0.789) (n_accepted: 78%) (u_error:  0.502710 %) (beta_change:  7.833721 %) (delta_change:  0.867908 %) (delta_peak/R:  2.588341 %)
iter:   5400 (Jcost: 4.018331e-02) (lr = 1.387e-03) (elapsed time: 4312.030) (secs/iter:  0.753) (n_accepted: 79%) (u_error:  0.502620 %) (beta_change:  7.962959 %) (delta_change:  0.874561 %) (delta_peak/R:  2.586687 %)
iter:   5500 (Jcost: 4.014848e-02) (lr = 1.191e-03) (elapsed time: 4389.960) (secs/iter:  0.779) (n_accepted: 79%) (u_error:  0.502801 %) (beta_change:  8.079680 %) (delta_change:  0.880596 %) (delta_peak/R:  2.585864 %)
-> Saved file: /media/rafael/DATA/Dropbox/20220924_FIML_solver/data/output/field_inversion/Beta_k__1__Beta_e__1/u_imp_100/FI_run_T31_LL2_u_imp_100_k_imp_1_e_imp_1/FI_run_T31_LL2_u_imp_100_k_imp_1_e_imp_1_state_iter_5500.dat
iter:   5600 (Jcost: 4.012056e-02) (lr = 1.413e-02) (elapsed time: 4459.983) (secs/iter:  0.700) (n_accepted: 82%) (u_error:  0.502547 %) (beta_change:  8.163731 %) (delta_change:  0.884636 %) (delta_peak/R:  2.584308 %)
iter:   5700 (Jcost: 4.008531e-02) (lr = 8.774e-04) (elapsed time: 4527.973) (secs/iter:  0.680) (n_accepted: 76%) (u_error:  0.502443 %) (beta_change:  8.278294 %) (delta_change:  0.890192 %) (delta_peak/R:  2.582802 %)
iter:   5800 (Jcost: 4.005434e-02) (lr = 1.807e-03) (elapsed time: 4596.081) (secs/iter:  0.681) (n_accepted: 80%) (u_error:  0.502558 %) (beta_change:  8.382530 %) (delta_change:  0.895274 %) (delta_peak/R:  2.581967 %)
iter:   5900 (Jcost: 4.002423e-02) (lr = 5.148e-02) (elapsed time: 4674.821) (secs/iter:  0.787) (n_accepted: 83%) (u_error:  0.502260 %) (beta_change:  8.481492 %) (delta_change:  0.899770 %) (delta_peak/R:  2.580157 %)
iter:   6000 (Jcost: 4.000065e-02) (lr = 7.671e-03) (elapsed time: 4754.652) (secs/iter:  0.798) (n_accepted: 77%) (u_error:  0.502305 %) (beta_change:  8.559986 %) (delta_change:  0.903450 %) (delta_peak/R:  2.579431 %)
-> Saved file: /media/rafael/DATA/Dropbox/20220924_FIML_solver/data/output/field_inversion/Beta_k__1__Beta_e__1/u_imp_100/FI_run_T31_LL2_u_imp_100_k_imp_1_e_imp_1/FI_run_T31_LL2_u_imp_100_k_imp_1_e_imp_1_state_iter_6000.dat
iter:   6100 (Jcost: 3.997045e-02) (lr = 6.585e-03) (elapsed time: 4838.288) (secs/iter:  0.836) (n_accepted: 79%) (u_error:  0.502284 %) (beta_change:  8.663450 %) (delta_change:  0.908142 %) (delta_peak/R:  2.578282 %)
iter:   6200 (Jcost: 3.994202e-02) (lr = 2.355e-03) (elapsed time: 4904.008) (secs/iter:  0.657) (n_accepted: 78%) (u_error:  0.502191 %) (beta_change:  8.764882 %) (delta_change:  0.912495 %) (delta_peak/R:  2.577011 %)
iter:   6300 (Jcost: 3.990898e-02) (lr = 8.424e-04) (elapsed time: 4971.305) (secs/iter:  0.673) (n_accepted: 78%) (u_error:  0.502173 %) (beta_change:  8.883952 %) (delta_change:  0.917569 %) (delta_peak/R:  2.575752 %)
iter:   6400 (Jcost: 3.987751e-02) (lr = 7.231e-04) (elapsed time: 5048.590) (secs/iter:  0.773) (n_accepted: 79%) (u_error:  0.502090 %) (beta_change:  8.999104 %) (delta_change:  0.922342 %) (delta_peak/R:  2.574376 %)
iter:   6500 (Jcost: 3.985168e-02) (lr = 4.943e-02) (elapsed time: 5123.108) (secs/iter:  0.745) (n_accepted: 84%) (u_error:  0.501977 %) (beta_change:  9.095717 %) (delta_change:  0.926248 %) (delta_peak/R:  2.573115 %)
-> Saved file: /media/rafael/DATA/Dropbox/20220924_FIML_solver/data/output/field_inversion/Beta_k__1__Beta_e__1/u_imp_100/FI_run_T31_LL2_u_imp_100_k_imp_1_e_imp_1/FI_run_T31_LL2_u_imp_100_k_imp_1_e_imp_1_state_iter_6500.dat
iter:   6600 (Jcost: 3.983139e-02) (lr = 7.366e-03) (elapsed time: 5203.885) (secs/iter:  0.808) (n_accepted: 77%) (u_error:  0.502052 %) (beta_change:  9.170286 %) (delta_change:  0.929320 %) (delta_peak/R:  2.572553 %)
iter:   6700 (Jcost: 3.980086e-02) (lr = 1.098e-03) (elapsed time: 5278.342) (secs/iter:  0.745) (n_accepted: 77%) (u_error:  0.502024 %) (beta_change:  9.285644 %) (delta_change:  0.933914 %) (delta_peak/R:  2.571325 %)
iter:   6800 (Jcost: 3.977640e-02) (lr = 9.423e-04) (elapsed time: 5356.485) (secs/iter:  0.781) (n_accepted: 79%) (u_error:  0.501899 %) (beta_change:  9.379498 %) (delta_change:  0.937525 %) (delta_peak/R:  2.570071 %)
iter:   6900 (Jcost: 3.975132e-02) (lr = 1.941e-03) (elapsed time: 5418.554) (secs/iter:  0.621) (n_accepted: 80%) (u_error:  0.502155 %) (beta_change:  9.482195 %) (delta_change:  0.941655 %) (delta_peak/R:  2.569691 %)
iter:   7000 (Jcost: 3.972805e-02) (lr = 5.528e-02) (elapsed time: 5491.495) (secs/iter:  0.729) (n_accepted: 83%) (u_error:  0.501884 %) (beta_change:  9.566913 %) (delta_change:  0.944717 %) (delta_peak/R:  2.568168 %)
-> Saved file: /media/rafael/DATA/Dropbox/20220924_FIML_solver/data/output/field_inversion/Beta_k__1__Beta_e__1/u_imp_100/FI_run_T31_LL2_u_imp_100_k_imp_1_e_imp_1/FI_run_T31_LL2_u_imp_100_k_imp_1_e_imp_1_state_iter_7000.dat
iter:   7100 (Jcost: 3.970394e-02) (lr = 1.977e-02) (elapsed time: 5547.159) (secs/iter:  0.557) (n_accepted: 78%) (u_error:  0.501851 %) (beta_change:  9.662164 %) (delta_change:  0.948276 %) (delta_peak/R:  2.567142 %)
iter:   7200 (Jcost: 3.968904e-02) (lr = 1.697e-02) (elapsed time: 5596.835) (secs/iter:  0.497) (n_accepted: 79%) (u_error:  0.501778 %) (beta_change:  9.721698 %) (delta_change:  0.950441 %) (delta_peak/R:  2.566370 %)
iter:   7300 (Jcost: 3.966539e-02) (lr = 2.530e-03) (elapsed time: 5649.732) (secs/iter:  0.529) (n_accepted: 77%) (u_error:  0.501763 %) (beta_change:  9.816710 %) (delta_change:  0.953916 %) (delta_peak/R:  2.565393 %)
iter:   7400 (Jcost: 3.964217e-02) (lr = 9.047e-04) (elapsed time: 5711.906) (secs/iter:  0.622) (n_accepted: 78%) (u_error:  0.501733 %) (beta_change:  9.911135 %) (delta_change:  0.957310 %) (delta_peak/R:  2.564389 %)
iter:   7500 (Jcost: 3.961923e-02) (lr = 7.766e-04) (elapsed time: 5769.584) (secs/iter:  0.577) (n_accepted: 79%) (u_error:  0.501652 %) (beta_change: 10.005742 %) (delta_change:  0.960628 %) (delta_peak/R:  2.563255 %)
-> Saved file: /media/rafael/DATA/Dropbox/20220924_FIML_solver/data/output/field_inversion/Beta_k__1__Beta_e__1/u_imp_100/FI_run_T31_LL2_u_imp_100_k_imp_1_e_imp_1/FI_run_T31_LL2_u_imp_100_k_imp_1_e_imp_1_state_iter_7500.dat
iter:   7600 (Jcost: 3.960189e-02) (lr = 2.212e-02) (elapsed time: 5825.701) (secs/iter:  0.561) (n_accepted: 83%) (u_error:  0.501671 %) (beta_change: 10.077579 %) (delta_change:  0.963165 %) (delta_peak/R:  2.562599 %)
iter:   7700 (Jcost: 3.957503e-02) (lr = 1.373e-03) (elapsed time: 5879.433) (secs/iter:  0.537) (n_accepted: 76%) (u_error:  0.501640 %) (beta_change: 10.190538 %) (delta_change:  0.967064 %) (delta_peak/R:  2.561419 %)
iter:   7800 (Jcost: 3.955421e-02) (lr = 4.912e-04) (elapsed time: 5935.551) (secs/iter:  0.561) (n_accepted: 78%) (u_error:  0.501571 %) (beta_change: 10.279082 %) (delta_change:  0.970044 %) (delta_peak/R:  2.560382 %)
iter:   7900 (Jcost: 3.953362e-02) (lr = 2.429e-03) (elapsed time: 5984.398) (secs/iter:  0.488) (n_accepted: 81%) (u_error:  0.501476 %) (beta_change: 10.368225 %) (delta_change:  0.972987 %) (delta_peak/R:  2.559276 %)
iter:   8000 (Jcost: 3.951586e-02) (lr = 2.882e-02) (elapsed time: 6044.791) (secs/iter:  0.604) (n_accepted: 82%) (u_error:  0.501690 %) (beta_change: 10.448635 %) (delta_change:  0.975963 %) (delta_peak/R:  2.559033 %)
-> Saved file: /media/rafael/DATA/Dropbox/20220924_FIML_solver/data/output/field_inversion/Beta_k__1__Beta_e__1/u_imp_100/FI_run_T31_LL2_u_imp_100_k_imp_1_e_imp_1/FI_run_T31_LL2_u_imp_100_k_imp_1_e_imp_1_state_iter_8000.dat
iter:   8100 (Jcost: 3.949750e-02) (lr = 2.474e-02) (elapsed time: 6105.066) (secs/iter:  0.603) (n_accepted: 79%) (u_error:  0.501473 %) (beta_change: 10.525392 %) (delta_change:  0.978717 %) (delta_peak/R:  2.557745 %)
iter:   8200 (Jcost: 3.948023e-02) (lr = 2.124e-02) (elapsed time: 6181.331) (secs/iter:  0.763) (n_accepted: 79%) (u_error:  0.501458 %) (beta_change: 10.602382 %) (delta_change:  0.981551 %) (delta_peak/R:  2.556967 %)
iter:   8300 (Jcost: 3.946256e-02) (lr = 1.319e-03) (elapsed time: 6258.791) (secs/iter:  0.775) (n_accepted: 76%) (u_error:  0.501451 %) (beta_change: 10.684337 %) (delta_change:  0.984460 %) (delta_peak/R:  2.556184 %)
iter:   8400 (Jcost: 3.944384e-02) (lr = 1.132e-03) (elapsed time: 6334.254) (secs/iter:  0.755) (n_accepted: 79%) (u_error:  0.501544 %) (beta_change: 10.775195 %) (delta_change:  0.987708 %) (delta_peak/R:  2.555571 %)
iter:   8500 (Jcost: 3.943063e-02) (lr = 5.597e-03) (elapsed time: 6410.214) (secs/iter:  0.760) (n_accepted: 81%) (u_error:  0.501336 %) (beta_change: 10.834226 %) (delta_change:  0.989638 %) (delta_peak/R:  2.554497 %)
-> Saved file: /media/rafael/DATA/Dropbox/20220924_FIML_solver/data/output/field_inversion/Beta_k__1__Beta_e__1/u_imp_100/FI_run_T31_LL2_u_imp_100_k_imp_1_e_imp_1/FI_run_T31_LL2_u_imp_100_k_imp_1_e_imp_1_state_iter_8500.dat
iter:   8600 (Jcost: 3.941390e-02) (lr = 8.341e-04) (elapsed time: 6490.847) (secs/iter:  0.806) (n_accepted: 77%) (u_error:  0.501325 %) (beta_change: 10.913820 %) (delta_change:  0.992375 %) (delta_peak/R:  2.553730 %)
iter:   8700 (Jcost: 3.940052e-02) (lr = 2.375e-02) (elapsed time: 6566.811) (secs/iter:  0.760) (n_accepted: 83%) (u_error:  0.501257 %) (beta_change: 10.978426 %) (delta_change:  0.994540 %) (delta_peak/R:  2.552960 %)
iter:   8800 (Jcost: 3.938642e-02) (lr = 8.496e-03) (elapsed time: 6641.954) (secs/iter:  0.751) (n_accepted: 78%) (u_error:  0.501273 %) (beta_change: 11.046422 %) (delta_change:  0.996851 %) (delta_peak/R:  2.552369 %)
iter:   8900 (Jcost: 3.936808e-02) (lr = 5.276e-04) (elapsed time: 6717.414) (secs/iter:  0.755) (n_accepted: 76%) (u_error:  0.501256 %) (beta_change: 11.136203 %) (delta_change:  0.999850 %) (delta_peak/R:  2.551496 %)
iter:   9000 (Jcost: 3.935291e-02) (lr = 1.502e-02) (elapsed time: 6788.264) (secs/iter:  0.708) (n_accepted: 83%) (u_error:  0.501362 %) (beta_change: 11.214255 %) (delta_change:  1.002501 %) (delta_peak/R:  2.551041 %)
-> Saved file: /media/rafael/DATA/Dropbox/20220924_FIML_solver/data/output/field_inversion/Beta_k__1__Beta_e__1/u_imp_100/FI_run_T31_LL2_u_imp_100_k_imp_1_e_imp_1/FI_run_T31_LL2_u_imp_100_k_imp_1_e_imp_1_state_iter_9000.dat
iter:   9100 (Jcost: 3.934150e-02) (lr = 2.239e-03) (elapsed time: 6863.975) (secs/iter:  0.757) (n_accepted: 77%) (u_error:  0.501175 %) (beta_change: 11.268181 %) (delta_change:  1.004161 %) (delta_peak/R:  2.550073 %)
iter:   9200 (Jcost: 3.932753e-02) (lr = 6.377e-02) (elapsed time: 6924.151) (secs/iter:  0.602) (n_accepted: 83%) (u_error:  0.501197 %) (beta_change: 11.338496 %) (delta_change:  1.006738 %) (delta_peak/R:  2.549480 %)
iter:   9300 (Jcost: 3.931685e-02) (lr = 6.874e-04) (elapsed time: 6991.249) (secs/iter:  0.671) (n_accepted: 74%) (u_error:  0.501138 %) (beta_change: 11.392518 %) (delta_change:  1.008898 %) (delta_peak/R:  2.548835 %)
iter:   9400 (Jcost: 3.930477e-02) (lr = 8.157e-03) (elapsed time: 7044.911) (secs/iter:  0.537) (n_accepted: 82%) (u_error:  0.501136 %) (beta_change: 11.454180 %) (delta_change:  1.011374 %) (delta_peak/R:  2.548263 %)
iter:   9500 (Jcost: 3.929084e-02) (lr = 1.216e-03) (elapsed time: 7116.238) (secs/iter:  0.713) (n_accepted: 77%) (u_error:  0.501154 %) (beta_change: 11.526427 %) (delta_change:  1.014256 %) (delta_peak/R:  2.547643 %)
-> Saved file: /media/rafael/DATA/Dropbox/20220924_FIML_solver/data/output/field_inversion/Beta_k__1__Beta_e__1/u_imp_100/FI_run_T31_LL2_u_imp_100_k_imp_1_e_imp_1/FI_run_T31_LL2_u_imp_100_k_imp_1_e_imp_1_state_iter_9500.dat
iter:   9600 (Jcost: 3.927799e-02) (lr = 1.443e-02) (elapsed time: 7195.404) (secs/iter:  0.792) (n_accepted: 82%) (u_error:  0.500917 %) (beta_change: 11.596157 %) (delta_change:  1.016897 %) (delta_peak/R:  2.546407 %)
iter:   9700 (Jcost: 3.926424e-02) (lr = 2.972e-02) (elapsed time: 7267.706) (secs/iter:  0.723) (n_accepted: 80%) (u_error:  0.501034 %) (beta_change: 11.664825 %) (delta_change:  1.019631 %) (delta_peak/R:  2.546073 %)
iter:   9800 (Jcost: 3.925172e-02) (lr = 2.551e-02) (elapsed time: 7342.736) (secs/iter:  0.750) (n_accepted: 79%) (u_error:  0.501015 %) (beta_change: 11.731097 %) (delta_change:  1.022185 %) (delta_peak/R:  2.545416 %)
iter:   9900 (Jcost: 3.923911e-02) (lr = 1.584e-03) (elapsed time: 7419.417) (secs/iter:  0.767) (n_accepted: 76%) (u_error:  0.500965 %) (beta_change: 11.798545 %) (delta_change:  1.024748 %) (delta_peak/R:  2.544674 %)
iter:  10000 (Jcost: 3.922490e-02) (lr = 1.360e-03) (elapsed time: 7494.128) (secs/iter:  0.747) (n_accepted: 79%) (u_error:  0.500985 %) (beta_change: 11.875066 %) (delta_change:  1.027662 %) (delta_peak/R:  2.544025 %)
-> Saved file: /media/rafael/DATA/Dropbox/20220924_FIML_solver/data/output/field_inversion/Beta_k__1__Beta_e__1/u_imp_100/FI_run_T31_LL2_u_imp_100_k_imp_1_e_imp_1/FI_run_T31_LL2_u_imp_100_k_imp_1_e_imp_1_state_iter_10000.dat
iter:  10100 (Jcost: 3.921552e-02) (lr = 1.614e-02) (elapsed time: 7572.476) (secs/iter:  0.783) (n_accepted: 82%) (u_error:  0.500927 %) (beta_change: 11.926043 %) (delta_change:  1.029553 %) (delta_peak/R:  2.543411 %)
iter:  10200 (Jcost: 3.920428e-02) (lr = 5.771e-03) (elapsed time: 7650.377) (secs/iter:  0.779) (n_accepted: 78%) (u_error:  0.500906 %) (beta_change: 11.987621 %) (delta_change:  1.031843 %) (delta_peak/R:  2.542797 %)
iter:  10300 (Jcost: 3.919265e-02) (lr = 8.601e-04) (elapsed time: 7728.682) (secs/iter:  0.783) (n_accepted: 77%) (u_error:  0.500894 %) (beta_change: 12.051836 %) (delta_change:  1.034215 %) (delta_peak/R:  2.542181 %)
iter:  10400 (Jcost: 3.918081e-02) (lr = 7.383e-04) (elapsed time: 7806.693) (secs/iter:  0.780) (n_accepted: 79%) (u_error:  0.500879 %) (beta_change: 12.117792 %) (delta_change:  1.036629 %) (delta_peak/R:  2.541543 %)
iter:  10500 (Jcost: 3.916982e-02) (lr = 3.650e-03) (elapsed time: 7881.176) (secs/iter:  0.745) (n_accepted: 81%) (u_error:  0.500974 %) (beta_change: 12.181849 %) (delta_change:  1.039002 %) (delta_peak/R:  2.541197 %)
-> Saved file: /media/rafael/DATA/Dropbox/20220924_FIML_solver/data/output/field_inversion/Beta_k__1__Beta_e__1/u_imp_100/FI_run_T31_LL2_u_imp_100_k_imp_1_e_imp_1/FI_run_T31_LL2_u_imp_100_k_imp_1_e_imp_1_state_iter_10500.dat
iter:  10600 (Jcost: 3.915748e-02) (lr = 4.332e-02) (elapsed time: 7956.577) (secs/iter:  0.754) (n_accepted: 82%) (u_error:  0.500822 %) (beta_change: 12.249583 %) (delta_change:  1.041375 %) (delta_peak/R:  2.540199 %)
iter:  10700 (Jcost: 3.914617e-02) (lr = 3.718e-02) (elapsed time: 8032.018) (secs/iter:  0.754) (n_accepted: 79%) (u_error:  0.500802 %) (beta_change: 12.314372 %) (delta_change:  1.043680 %) (delta_peak/R:  2.539560 %)
iter:  10800 (Jcost: 3.913592e-02) (lr = 5.541e-03) (elapsed time: 8106.004) (secs/iter:  0.740) (n_accepted: 77%) (u_error:  0.500762 %) (beta_change: 12.375543 %) (delta_change:  1.045763 %) (delta_peak/R:  2.538922 %)
iter:  10900 (Jcost: 3.912568e-02) (lr = 8.258e-04) (elapsed time: 8182.360) (secs/iter:  0.764) (n_accepted: 77%) (u_error:  0.500763 %) (beta_change: 12.436969 %) (delta_change:  1.047855 %) (delta_peak/R:  2.538383 %)
iter:  11000 (Jcost: 3.911302e-02) (lr = 5.645e-02) (elapsed time: 8253.235) (secs/iter:  0.709) (n_accepted: 84%) (u_error:  0.500661 %) (beta_change: 12.514684 %) (delta_change:  1.050433 %) (delta_peak/R:  2.537446 %)
-> Saved file: /media/rafael/DATA/Dropbox/20220924_FIML_solver/data/output/field_inversion/Beta_k__1__Beta_e__1/u_imp_100/FI_run_T31_LL2_u_imp_100_k_imp_1_e_imp_1/FI_run_T31_LL2_u_imp_100_k_imp_1_e_imp_1_state_iter_11000.dat
iter:  11100 (Jcost: 3.910312e-02) (lr = 4.845e-02) (elapsed time: 8332.753) (secs/iter:  0.795) (n_accepted: 79%) (u_error:  0.500733 %) (beta_change: 12.574396 %) (delta_change:  1.052463 %) (delta_peak/R:  2.537102 %)
iter:  11200 (Jcost: 3.909283e-02) (lr = 1.733e-02) (elapsed time: 8406.079) (secs/iter:  0.733) (n_accepted: 78%) (u_error:  0.500683 %) (beta_change: 12.637930 %) (delta_change:  1.054549 %) (delta_peak/R:  2.536420 %)
iter:  11300 (Jcost: 3.908296e-02) (lr = 6.198e-03) (elapsed time: 8465.122) (secs/iter:  0.590) (n_accepted: 78%) (u_error:  0.500671 %) (beta_change: 12.699367 %) (delta_change:  1.056566 %) (delta_peak/R:  2.535849 %)
iter:  11400 (Jcost: 3.907138e-02) (lr = 2.217e-03) (elapsed time: 8536.827) (secs/iter:  0.717) (n_accepted: 78%) (u_error:  0.500618 %) (beta_change: 12.772245 %) (delta_change:  1.058921 %) (delta_peak/R:  2.535078 %)
iter:  11500 (Jcost: 3.906509e-02) (lr = 1.903e-03) (elapsed time: 8612.364) (secs/iter:  0.755) (n_accepted: 79%) (u_error:  0.500661 %) (beta_change: 12.812121 %) (delta_change:  1.060233 %) (delta_peak/R:  2.534838 %)
-> Saved file: /media/rafael/DATA/Dropbox/20220924_FIML_solver/data/output/field_inversion/Beta_k__1__Beta_e__1/u_imp_100/FI_run_T31_LL2_u_imp_100_k_imp_1_e_imp_1/FI_run_T31_LL2_u_imp_100_k_imp_1_e_imp_1_state_iter_11500.dat
iter:  11600 (Jcost: 3.905464e-02) (lr = 6.806e-04) (elapsed time: 8686.175) (secs/iter:  0.738) (n_accepted: 78%) (u_error:  0.500594 %) (beta_change: 12.878682 %) (delta_change:  1.062344 %) (delta_peak/R:  2.534085 %)
iter:  11700 (Jcost: 3.904591e-02) (lr = 4.652e-02) (elapsed time: 8745.891) (secs/iter:  0.597) (n_accepted: 84%) (u_error:  0.500569 %) (beta_change: 12.934867 %) (delta_change:  1.064127 %) (delta_peak/R:  2.533531 %)
iter:  11800 (Jcost: 3.903734e-02) (lr = 3.993e-02) (elapsed time: 8808.904) (secs/iter:  0.630) (n_accepted: 79%) (u_error:  0.500575 %) (beta_change: 12.990341 %) (delta_change:  1.065888 %) (delta_peak/R:  2.533063 %)
iter:  11900 (Jcost: 3.902939e-02) (lr = 1.033e-03) (elapsed time: 8885.346) (secs/iter:  0.764) (n_accepted: 75%) (u_error:  0.500568 %) (beta_change: 13.042348 %) (delta_change:  1.067522 %) (delta_peak/R:  2.532590 %)
iter:  12000 (Jcost: 3.902105e-02) (lr = 2.943e-02) (elapsed time: 8958.397) (secs/iter:  0.731) (n_accepted: 83%) (u_error:  0.500599 %) (beta_change: 13.097901 %) (delta_change:  1.069273 %) (delta_peak/R:  2.532182 %)
-> Saved file: /media/rafael/DATA/Dropbox/20220924_FIML_solver/data/output/field_inversion/Beta_k__1__Beta_e__1/u_imp_100/FI_run_T31_LL2_u_imp_100_k_imp_1_e_imp_1/FI_run_T31_LL2_u_imp_100_k_imp_1_e_imp_1_state_iter_12000.dat
iter:  12100 (Jcost: 3.901508e-02) (lr = 7.613e-04) (elapsed time: 9040.139) (secs/iter:  0.817) (n_accepted: 75%) (u_error:  0.500530 %) (beta_change: 13.136732 %) (delta_change:  1.070449 %) (delta_peak/R:  2.531671 %)
iter:  12200 (Jcost: 3.900649e-02) (lr = 6.535e-04) (elapsed time: 9102.828) (secs/iter:  0.627) (n_accepted: 79%) (u_error:  0.500511 %) (beta_change: 13.194046 %) (delta_change:  1.072210 %) (delta_peak/R:  2.531125 %)
iter:  12300 (Jcost: 3.899884e-02) (lr = 3.231e-03) (elapsed time: 9178.649) (secs/iter:  0.758) (n_accepted: 81%) (u_error:  0.500415 %) (beta_change: 13.246438 %) (delta_change:  1.073773 %) (delta_peak/R:  2.530425 %)
iter:  12400 (Jcost: 3.898997e-02) (lr = 3.834e-02) (elapsed time: 9248.174) (secs/iter:  0.695) (n_accepted: 82%) (u_error:  0.500442 %) (beta_change: 13.305648 %) (delta_change:  1.075589 %) (delta_peak/R:  2.529977 %)
iter:  12500 (Jcost: 3.898263e-02) (lr = 1.371e-02) (elapsed time: 9321.011) (secs/iter:  0.728) (n_accepted: 78%) (u_error:  0.500467 %) (beta_change: 13.355711 %) (delta_change:  1.077115 %) (delta_peak/R:  2.529605 %)
-> Saved file: /media/rafael/DATA/Dropbox/20220924_FIML_solver/data/output/field_inversion/Beta_k__1__Beta_e__1/u_imp_100/FI_run_T31_LL2_u_imp_100_k_imp_1_e_imp_1/FI_run_T31_LL2_u_imp_100_k_imp_1_e_imp_1_state_iter_12500.dat
iter:  12600 (Jcost: 3.897553e-02) (lr = 2.044e-03) (elapsed time: 9378.517) (secs/iter:  0.575) (n_accepted: 77%) (u_error:  0.500436 %) (beta_change: 13.404490 %) (delta_change:  1.078567 %) (delta_peak/R:  2.529102 %)
iter:  12700 (Jcost: 3.896632e-02) (lr = 7.310e-04) (elapsed time: 9432.709) (secs/iter:  0.542) (n_accepted: 78%) (u_error:  0.500414 %) (beta_change: 13.468393 %) (delta_change:  1.080464 %) (delta_peak/R:  2.528490 %)
iter:  12800 (Jcost: 3.896094e-02) (lr = 8.674e-03) (elapsed time: 9504.710) (secs/iter:  0.720) (n_accepted: 82%) (u_error:  0.500396 %) (beta_change: 13.505951 %) (delta_change:  1.081570 %) (delta_peak/R:  2.528119 %)
iter:  12900 (Jcost: 3.895281e-02) (lr = 1.293e-03) (elapsed time: 9557.197) (secs/iter:  0.525) (n_accepted: 77%) (u_error:  0.500393 %) (beta_change: 13.563161 %) (delta_change:  1.083255 %) (delta_peak/R:  2.527614 %)
iter:  13000 (Jcost: 3.894453e-02) (lr = 1.534e-02) (elapsed time: 9625.638) (secs/iter:  0.684) (n_accepted: 82%) (u_error:  0.500319 %) (beta_change: 13.622214 %) (delta_change:  1.084949 %) (delta_peak/R:  2.526915 %)
-> Saved file: /media/rafael/DATA/Dropbox/20220924_FIML_solver/data/output/field_inversion/Beta_k__1__Beta_e__1/u_imp_100/FI_run_T31_LL2_u_imp_100_k_imp_1_e_imp_1/FI_run_T31_LL2_u_imp_100_k_imp_1_e_imp_1_state_iter_13000.dat
iter:  13100 (Jcost: 3.893882e-02) (lr = 1.317e-02) (elapsed time: 9704.394) (secs/iter:  0.788) (n_accepted: 79%) (u_error:  0.500349 %) (beta_change: 13.662624 %) (delta_change:  1.086138 %) (delta_peak/R:  2.526639 %)
iter:  13200 (Jcost: 3.893091e-02) (lr = 4.710e-03) (elapsed time: 9778.167) (secs/iter:  0.738) (n_accepted: 78%) (u_error:  0.500314 %) (beta_change: 13.719518 %) (delta_change:  1.087766 %) (delta_peak/R:  2.526058 %)
iter:  13300 (Jcost: 3.892387e-02) (lr = 7.019e-04) (elapsed time: 9852.443) (secs/iter:  0.743) (n_accepted: 77%) (u_error:  0.500313 %) (beta_change: 13.770509 %) (delta_change:  1.089229 %) (delta_peak/R:  2.525612 %)
iter:  13400 (Jcost: 3.891713e-02) (lr = 6.025e-04) (elapsed time: 9926.450) (secs/iter:  0.740) (n_accepted: 79%) (u_error:  0.500298 %) (beta_change: 13.819769 %) (delta_change:  1.090626 %) (delta_peak/R:  2.525147 %)
iter:  13500 (Jcost: 3.891195e-02) (lr = 7.149e-03) (elapsed time: 9990.447) (secs/iter:  0.640) (n_accepted: 82%) (u_error:  0.500285 %) (beta_change: 13.858963 %) (delta_change:  1.091701 %) (delta_peak/R:  2.524785 %)
-> Saved file: /media/rafael/DATA/Dropbox/20220924_FIML_solver/data/output/field_inversion/Beta_k__1__Beta_e__1/u_imp_100/FI_run_T31_LL2_u_imp_100_k_imp_1_e_imp_1/FI_run_T31_LL2_u_imp_100_k_imp_1_e_imp_1_state_iter_13500.dat
iter:  13600 (Jcost: 3.890484e-02) (lr = 1.065e-03) (elapsed time: 10062.182) (secs/iter:  0.717) (n_accepted: 77%) (u_error:  0.500253 %) (beta_change: 13.913212 %) (delta_change:  1.093172 %) (delta_peak/R:  2.524247 %)
iter:  13700 (Jcost: 3.889869e-02) (lr = 9.146e-04) (elapsed time: 10114.331) (secs/iter:  0.521) (n_accepted: 79%) (u_error:  0.500290 %) (beta_change: 13.960605 %) (delta_change:  1.094480 %) (delta_peak/R:  2.523941 %)
iter:  13800 (Jcost: 3.889222e-02) (lr = 6.251e-02) (elapsed time: 10160.438) (secs/iter:  0.461) (n_accepted: 84%) (u_error:  0.500127 %) (beta_change: 14.012954 %) (delta_change:  1.095822 %) (delta_peak/R:  2.523093 %)
iter:  13900 (Jcost: 3.888729e-02) (lr = 2.236e-02) (elapsed time: 10227.839) (secs/iter:  0.674) (n_accepted: 78%) (u_error:  0.500224 %) (beta_change: 14.048627 %) (delta_change:  1.096827 %) (delta_peak/R:  2.523036 %)
iter:  14000 (Jcost: 3.887984e-02) (lr = 3.332e-03) (elapsed time: 10302.926) (secs/iter:  0.751) (n_accepted: 77%) (u_error:  0.500202 %) (beta_change: 14.106961 %) (delta_change:  1.098379 %) (delta_peak/R:  2.522490 %)
-> Saved file: /media/rafael/DATA/Dropbox/20220924_FIML_solver/data/output/field_inversion/Beta_k__1__Beta_e__1/u_imp_100/FI_run_T31_LL2_u_imp_100_k_imp_1_e_imp_1/FI_run_T31_LL2_u_imp_100_k_imp_1_e_imp_1_state_iter_14000.dat
iter:  14100 (Jcost: 3.887389e-02) (lr = 1.192e-03) (elapsed time: 10374.273) (secs/iter:  0.713) (n_accepted: 78%) (u_error:  0.500207 %) (beta_change: 14.154000 %) (delta_change:  1.099633 %) (delta_peak/R:  2.522108 %)
iter:  14200 (Jcost: 3.886862e-02) (lr = 1.414e-02) (elapsed time: 10440.127) (secs/iter:  0.659) (n_accepted: 82%) (u_error:  0.500176 %) (beta_change: 14.195804 %) (delta_change:  1.100725 %) (delta_peak/R:  2.521678 %)
iter:  14300 (Jcost: 3.886317e-02) (lr = 5.058e-03) (elapsed time: 10511.898) (secs/iter:  0.718) (n_accepted: 78%) (u_error:  0.500164 %) (beta_change: 14.239313 %) (delta_change:  1.101864 %) (delta_peak/R:  2.521282 %)
iter:  14400 (Jcost: 3.885695e-02) (lr = 1.809e-03) (elapsed time: 10583.916) (secs/iter:  0.720) (n_accepted: 78%) (u_error:  0.500170 %) (beta_change: 14.289418 %) (delta_change:  1.103179 %) (delta_peak/R:  2.520877 %)
iter:  14500 (Jcost: 3.885054e-02) (lr = 6.470e-04) (elapsed time: 10655.045) (secs/iter:  0.711) (n_accepted: 78%) (u_error:  0.500136 %) (beta_change: 14.341300 %) (delta_change:  1.104513 %) (delta_peak/R:  2.520358 %)
-> Saved file: /media/rafael/DATA/Dropbox/20220924_FIML_solver/data/output/field_inversion/Beta_k__1__Beta_e__1/u_imp_100/FI_run_T31_LL2_u_imp_100_k_imp_1_e_imp_1/FI_run_T31_LL2_u_imp_100_k_imp_1_e_imp_1_state_iter_14500.dat
iter:  14600 (Jcost: 3.884478e-02) (lr = 1.333e-03) (elapsed time: 10733.603) (secs/iter:  0.786) (n_accepted: 80%) (u_error:  0.500108 %) (beta_change: 14.388370 %) (delta_change:  1.105717 %) (delta_peak/R:  2.519893 %)
iter:  14700 (Jcost: 3.884001e-02) (lr = 3.796e-02) (elapsed time: 10797.953) (secs/iter:  0.643) (n_accepted: 83%) (u_error:  0.500111 %) (beta_change: 14.427555 %) (delta_change:  1.106726 %) (delta_peak/R:  2.519571 %)
iter:  14800 (Jcost: 3.883437e-02) (lr = 5.658e-03) (elapsed time: 10856.375) (secs/iter:  0.584) (n_accepted: 77%) (u_error:  0.500108 %) (beta_change: 14.474196 %) (delta_change:  1.108033 %) (delta_peak/R:  2.519172 %)
iter:  14900 (Jcost: 3.882923e-02) (lr = 2.024e-03) (elapsed time: 10928.378) (secs/iter:  0.720) (n_accepted: 78%) (u_error:  0.500078 %) (beta_change: 14.516905 %) (delta_change:  1.109248 %) (delta_peak/R:  2.518740 %)
iter:  15000 (Jcost: 3.882384e-02) (lr = 1.737e-03) (elapsed time: 10997.188) (secs/iter:  0.688) (n_accepted: 79%) (u_error:  0.500069 %) (beta_change: 14.562089 %) (delta_change:  1.110536 %) (delta_peak/R:  2.518338 %)
-> Saved file: /media/rafael/DATA/Dropbox/20220924_FIML_solver/data/output/field_inversion/Beta_k__1__Beta_e__1/u_imp_100/FI_run_T31_LL2_u_imp_100_k_imp_1_e_imp_1/FI_run_T31_LL2_u_imp_100_k_imp_1_e_imp_1_state_iter_15000.dat
iter:  15000 (Jcost: 3.882383e-02) (lr = 2.084e-03) (elapsed time: 11002.583) (secs/iter:   None) (n_accepted: 0%) (u_error:  0.500069 %) (beta_change: 14.562173 %) (delta_change:  1.110538 %) (delta_peak/R:  2.518337 %)
