# ------------------------------------------------------------------------
#                  Input Arguments
# ------------------------------------------------------------------------
# Begin_Input_Arguments
{ 'all_b_mode': ['Beta_k', 'Beta_e'],
  'args_mk_solver': { 'torch': "<module 'torch' from "
                               "'/home/rafael/anaconda3/lib/python3.9/site-packages/torch/__init__.py'>",
                      'y_grid': [0.0, 0.000309700312, 0.000638645973, 0.00098802599, 0.00135910194, 0.00175321227, 0.00217177688, 0.00261630193, 0.00308838486, 0.00358971984, 0.00412210331, 0.00468744001, 0.00528774917, 0.00592517114, 0.00660197432, 0.0073205624, 0.00808348206, 0.00889343092, 0.00975326602, 0.0106660126, 0.0116348733, 0.0126632377, 0.0137546927, 0.0149130326, 0.0161422702, 0.0174466482, 0.0188306506, 0.0202990157, 0.0218567475, 0.02350913, 0.0252617393, 0.0271204584, 0.0290914903, 0.0311813732, 0.033396994, 0.0357456039, 0.0382348325, 0.0408727029, 0.0436676462, 0.0466285159, 0.0497646022, 0.0530856456, 0.0566018496, 0.0603238931, 0.0642629411, 0.068430655, 0.0728392004, 0.0775012535, 0.0824300053, 0.0876391634, 0.0931429507, 0.0989561006, 0.105093849, 0.111571922, 0.118406518, 0.125614286, 0.133212296, 0.141218006, 0.14964922, 0.158524039, 0.167860801, 0.177678022, 0.187994313, 0.1988283, 0.21019853, 0.222123362, 0.234620856, 0.247708641, 0.261403784, 0.275722637, 0.290680679, 0.306292354, 0.322570888, 0.339528108, 0.357174255, 0.375517785, 0.394565175, 0.414320726, 0.43478637, 0.45596148, 0.47784269, 0.500423731, 0.523695275, 0.547644806, 0.572256506, 0.597511177, 0.623386184, 0.649855436, 0.676889401, 0.704455158, 0.73251649, 0.761034018, 0.789965372, 0.819265404, 0.848886442, 0.878778572, 0.908889961, 0.939167201, 0.969555687, 1.0],
                      'Ret': 395.0,
                      'cp': 1.0,
                      'A_sca_rho': 1.0,
                      'A_sca_mu': 0.002531645569620253,
                      'A_sca_k': 0.002531645569620253,
                      'b_exp_rho': 0.0,
                      'b_exp_mu': 0.0,
                      'b_exp_k': 0.0,
                      'tensor_device': 'cpu',
                      'as_tensor': '<function '
                                   'Build_arguments_fi_run._mk_args_MK_solver.<locals>.<lambda> '
                                   'at 0x7f9cf00def70>',
                      'ref_dns': { 'u_dns': [0.0, 0.120381471, 0.248666719, 0.385331678, 0.530866476, 0.68577174, 0.850553547, 1.02571674, 1.21175621, 1.40914563, 1.61832389, 1.83975112, 2.07398461, 2.32158582, 2.58309986, 2.85902812, 3.14969352, 3.45523595, 3.77561427, 4.1105833, 4.45969945, 4.82220689, 5.19703527, 5.58302588, 5.97868682, 6.38220753, 6.79157066, 7.20438736, 7.61838508, 8.03118634, 8.44041358, 8.84371142, 9.23897932, 9.62442009, 9.99846968, 10.359791, 10.7071296, 11.0399954, 11.3585517, 11.6623493, 11.9507188, 12.2239542, 12.4837095, 12.7294683, 12.9618973, 13.1819569, 13.3908308, 13.5892095, 13.7777455, 13.9571422, 14.1280082, 14.2929724, 14.4513903, 14.6044792, 14.7527293, 14.8976973, 15.0396337, 15.1788101, 15.3159472, 15.4518774, 15.5866923, 15.7211385, 15.8541139, 15.9877341, 16.1211467, 16.2547974, 16.3900719, 16.5243874, 16.6614631, 16.7984493, 16.9356252, 17.0737482, 17.2118784, 17.3511631, 17.4905898, 17.6303318, 17.7706578, 17.9106951, 18.0501151, 18.1895179, 18.3276958, 18.4648416, 18.6023221, 18.7379569, 18.8708692, 19.001601, 19.128471, 19.2508119, 19.3685307, 19.4813292, 19.5880825, 19.6865059, 19.7774642, 19.8580885, 19.9279556, 19.9863673, 20.0324121, 20.0657981, 20.0852279, 20.0922802],
                                   'T_dns': [1.0, 1.00543, 1.01120435, 1.01734746, 1.02388617, 1.03085368, 1.03827482, 1.04616817, 1.05454982, 1.06343228, 1.07282606, 1.08278839, 1.09335018, 1.10451888, 1.1162933, 1.12870044, 1.14180456, 1.15557724, 1.16996512, 1.18502394, 1.20075391, 1.21703757, 1.23388237, 1.25127367, 1.26900164, 1.28708528, 1.30541256, 1.32388341, 1.34244565, 1.3608524, 1.37910614, 1.39704215, 1.41463642, 1.43175751, 1.44835412, 1.46436356, 1.47973659, 1.49447195, 1.50855929, 1.52194936, 1.53468185, 1.54679572, 1.55825013, 1.56921025, 1.57956581, 1.5893825, 1.59878237, 1.6077704, 1.61629822, 1.62446845, 1.63235338, 1.63987474, 1.64717531, 1.65428842, 1.66118964, 1.6678842, 1.67445015, 1.68097008, 1.687257, 1.69342016, 1.69961804, 1.70554671, 1.71153147, 1.71741924, 1.72321199, 1.72903384, 1.73476262, 1.74042761, 1.74604477, 1.75165256, 1.75724318, 1.76273586, 1.76821389, 1.77370948, 1.77917438, 1.78455039, 1.78991359, 1.79517979, 1.80034231, 1.8055449, 1.81063875, 1.81569026, 1.8206115, 1.82557253, 1.8303505, 1.83491381, 1.83938757, 1.84355563, 1.84762793, 1.85137906, 1.85490647, 1.85818761, 1.86111582, 1.86368583, 1.86585324, 1.8676793, 1.86911538, 1.870161, 1.87075449, 1.8709],
                                   'mu_dns': [0.002531645569620253, 0.002531645569620253, 0.002531645569620253, 0.002531645569620253, 0.002531645569620253, 0.002531645569620253, 0.002531645569620253, 0.002531645569620253, 0.002531645569620253, 0.002531645569620253, 0.002531645569620253, 0.002531645569620253, 0.002531645569620253, 0.002531645569620253, 0.002531645569620253, 0.002531645569620253, 0.002531645569620253, 0.002531645569620253, 0.002531645569620253, 0.002531645569620253, 0.002531645569620253, 0.002531645569620253, 0.002531645569620253, 0.002531645569620253, 0.002531645569620253, 0.002531645569620253, 0.002531645569620253, 0.002531645569620253, 0.002531645569620253, 0.002531645569620253, 0.002531645569620253, 0.002531645569620253, 0.002531645569620253, 0.002531645569620253, 0.002531645569620253, 0.002531645569620253, 0.002531645569620253, 0.002531645569620253, 0.002531645569620253, 0.002531645569620253, 0.002531645569620253, 0.002531645569620253, 0.002531645569620253, 0.002531645569620253, 0.002531645569620253, 0.002531645569620253, 0.002531645569620253, 0.002531645569620253, 0.002531645569620253, 0.002531645569620253, 0.002531645569620253, 0.002531645569620253, 0.002531645569620253, 0.002531645569620253, 0.002531645569620253, 0.002531645569620253, 0.002531645569620253, 0.002531645569620253, 0.002531645569620253, 0.002531645569620253, 0.002531645569620253, 0.002531645569620253, 0.002531645569620253, 0.002531645569620253, 0.002531645569620253, 0.002531645569620253, 0.002531645569620253, 0.002531645569620253, 0.002531645569620253, 0.002531645569620253, 0.002531645569620253, 0.002531645569620253, 0.002531645569620253, 0.002531645569620253, 0.002531645569620253, 0.002531645569620253, 0.002531645569620253, 0.002531645569620253, 0.002531645569620253, 0.002531645569620253, 0.002531645569620253, 0.002531645569620253, 0.002531645569620253, 0.002531645569620253, 0.002531645569620253, 0.002531645569620253, 0.002531645569620253, 0.002531645569620253, 0.002531645569620253, 0.002531645569620253, 0.002531645569620253, 0.002531645569620253, 0.002531645569620253, 0.002531645569620253, 0.002531645569620253, 0.002531645569620253, 0.002531645569620253, 0.002531645569620253, 0.002531645569620253, 0.002531645569620253],
                                   'rho_dns': [1.0, 1.0, 1.0, 1.0, 1.0, 1.0, 1.0, 1.0, 1.0, 1.0, 1.0, 1.0, 1.0, 1.0, 1.0, 1.0, 1.0, 1.0, 1.0, 1.0, 1.0, 1.0, 1.0, 1.0, 1.0, 1.0, 1.0, 1.0, 1.0, 1.0, 1.0, 1.0, 1.0, 1.0, 1.0, 1.0, 1.0, 1.0, 1.0, 1.0, 1.0, 1.0, 1.0, 1.0, 1.0, 1.0, 1.0, 1.0, 1.0, 1.0, 1.0, 1.0, 1.0, 1.0, 1.0, 1.0, 1.0, 1.0, 1.0, 1.0, 1.0, 1.0, 1.0, 1.0, 1.0, 1.0, 1.0, 1.0, 1.0, 1.0, 1.0, 1.0, 1.0, 1.0, 1.0, 1.0, 1.0, 1.0, 1.0, 1.0, 1.0, 1.0, 1.0, 1.0, 1.0, 1.0, 1.0, 1.0, 1.0, 1.0, 1.0, 1.0, 1.0, 1.0, 1.0, 1.0, 1.0, 1.0, 1.0, 1.0]},
                      'case': 'cProp',
                      'constant_Sq_heat': 0.04443037974683545,
                      'use_visc_heating': False,
                      'Pr_turb': 1.0,
                      'fprint': '<function '
                                'Build_arguments_fi_run._mk_args_MK_solver.<locals>.<lambda> '
                                'at 0x7f9cf00dec10>',
                      'compressible_correction': False,
                      'bool_solve_energy': False,
                      'output_last': False},
  'u_imp': 100,
  'k_imp': 1,
  'e_imp': 1,
  'solve_sparse_adj': True,
  'all_ref_beta_distrib': {'K': [1.0, 1.00026047, 1.00045179, 1.00055308, 1.00054887, 1.00042227, 1.00015451, 0.99972572, 0.99911613, 0.9983079, 0.99728729, 0.9960472, 0.99458974, 0.99292855, 0.99109037, 0.98911567, 0.98705844, 0.9849856, 0.9829768, 0.98112483, 0.97953644, 0.9783319, 0.97764096, 0.97759309, 0.97830346, 0.97985975, 0.98231267, 0.98566966, 0.98989157, 0.99489285, 1.00054535, 1.00668499, 1.01312007, 1.01964019, 1.02602549, 1.03205573, 1.03751866, 1.04221617, 1.04596636, 1.04860024, 1.04994928, 1.04982085, 1.04796975, 1.04409051, 1.03785124, 1.02897084, 1.01732328, 1.00302893, 0.98649325, 0.96837673, 0.94951031, 0.9307863, 0.91306212, 0.89709106, 0.88347725, 0.8726575, 0.86490492, 0.86034688, 0.85898533, 0.86071763, 0.86535874, 0.87266069, 0.88233006, 0.89403654, 0.907421, 0.92210578, 0.93769867, 0.95380513, 0.97003144, 0.98599454, 1.00133741, 1.01572808, 1.02886579, 1.04048574, 1.05036626, 1.05833819, 1.06428781, 1.0681647, 1.06998487, 1.06982278, 1.06780781, 1.0641167, 1.0589596, 1.05259119, 1.04532022, 1.03748948, 1.02946196, 1.0216036, 1.01425055, 1.00768431, 1.00212081, 0.99770182, 0.99447235, 0.99237348, 0.99125195, 0.99087529, 0.99097113, 0.99127283, 0.9915589, 0.99584097], 'E': [1.0, 1.0001592, 1.00038437, 1.00063815, 1.00093169, 1.00127492, 1.00167706, 1.00214721, 1.00269434, 1.00332681, 1.00405161, 1.0048732, 1.005792, 1.00680231, 1.00788928, 1.00902444, 1.01015927, 1.01121798, 1.01209743, 1.01269142, 1.01295091, 1.01293634, 1.01276687, 1.01246139, 1.01185018, 1.01069445, 1.00881493, 1.00607765, 1.00236486, 0.9975762, 0.99163649, 0.98450343, 0.97617472, 0.96669459, 0.95616079, 0.94474077, 0.93272762, 0.92069788, 0.90981011, 0.90210926, 0.90044972, 0.90769578, 0.92543485, 0.95303635, 0.98774969, 1.0257206, 1.06319588, 1.0973106, 1.12632009, 1.14945845, 1.1666555, 1.17826331, 1.18484172, 1.18701723, 1.18540888, 1.18059213, 1.17308335, 1.16333574, 1.15174576, 1.13866304, 1.124398, 1.1092296, 1.09341146, 1.07718255, 1.06077453, 1.04441391, 1.02832792, 1.01274072, 0.9978766, 0.98395549, 0.97118262, 0.95975157, 0.94983913, 0.9416003, 0.93515994, 0.93060206, 0.92796436, 0.92722879, 0.9283171, 0.93109706, 0.93538605, 0.94095967, 0.94756654, 0.95492318, 0.96271152, 0.97060142, 0.97826664, 0.98540176, 0.99174993, 0.99712113, 1.00139717, 1.00453396, 1.00657443, 1.00764695, 1.00794918, 1.00772745, 1.00723818, 1.00670958, 1.00631554, 1.00308197]},
  'all_ref_delta_distrib': {'K': [-0.0, -0.007232412676077609, -0.012718113026078072, -0.015814280763203528, -0.015975624334188008, -0.01254214065520902, -0.0046956736267650965, 0.008553615666588356, 0.028371750028393483, 0.056085464982057145, 0.09314824096607864, 0.14107643917343923, 0.20135307028141258, 0.2752935397496047, 0.36387694212668853, 0.46754034877402906, 0.5859291679540964, 0.7175905711511031, 0.8595934126126328, 1.00709698723821, 1.1529250629194403, 1.2872645122153752, 1.3976081800034814, 1.4691263874633653, 1.4857985333634067, 1.4325323152155578, 1.297874314103579, 1.0765200612612598, 0.7710069602318654, 0.3921671871240911, -0.04180425305668099, -0.5074109386276783, -0.9785091335467673, -1.428985337726909, -1.8350606785291186, -2.1769946111452527, -2.440126559211963, -2.6152533582679616, -2.6984071638882328, -2.6901823972977446, -2.59461617825856, -2.41766401900959, -2.1657882267788615, -1.845625565265177, -1.4650324735785127, -1.0348669474509828, -0.5705106882096665, -0.09194302224734596, 0.3780419960447553, 0.8168408981600989, 1.2050836919035663, 1.528771444950686, 1.779983287968012, 1.9564646883642265, 2.0606644131732526, 2.0984765455831504, 2.0779637517604774, 2.0082458082908157, 1.898704904494958, 1.7584451136967536, 1.5959226658949963, 1.4187437531618468, 1.2335691702155567, 1.0461594249434703, 0.8614304040054896, 0.6834898329646094, 0.5157305218823943, 0.3608435295538119, 0.22090598435193864, 0.09740516816603458, -0.008772478669021918, -0.09723751787048031, -0.168058421945559, -0.22171819681475644, -0.25908728200516895, -0.28140329080019366, -0.2902112372922063, -0.28732398940786236, -0.27475252966464064, -0.2545918003344599, -0.2289360384992839, -0.1997886829433771, -0.1689688561218837, -0.13810910558660563, -0.10863998127478985, -0.08170759623856216, -0.0581412833613522, -0.0384413996082959, -0.022768305950304636, -0.010978799999929382, -0.002699403700429307, 0.002597901350369443, 0.005539068190222495, 0.006775554423703973, 0.006913151586369006, 0.006463953141227425, 0.005812022302443178, 0.005209639273846204, 0.004800149015111988, 0.0023258161254142737], 'E': [-0.0, -0.09660214847611491, -0.31328084181243243, -0.5875219422328926, -0.9189592550256853, -1.3179351091782336, -1.7987150755397805, -2.3787572582083847, -3.078751849057016, -3.922542471237247, -4.9368118669488945, -6.150218442379189, -7.591928154311746, -9.289287171315538, -11.264348827213277, -13.529029372829019, -16.078239387229537, -18.879878799470386, -21.862578585256546, -24.90563505828148, -27.83868307908517, -30.441338722464096, -32.42276877653402, -33.39781022783144, -32.891922091554974, -30.387818797740035, -25.40541852512476, -17.591522721231872, -6.800791668615447, 6.848055121299711, 22.954708023366816, 40.86190383111551, 59.71444636730555, 78.5384652334813, 96.32414410903297, 112.08451090551073, 124.83928113545022, 133.46588317013953, 136.47712174080996, 132.04892850915903, 118.70251762472869, 96.5047525409702, 67.85247611727738, 36.96361151017031, 8.299702788287695, -14.953577875015482, -31.483154803549347, -41.54542727647689, -46.283754094305145, -47.11350247697096, -45.34532406184597, -42.026653149635436, -37.916935697139245, -33.52709997129188, -29.179238292590885, -25.062003465738254, -21.274359348055174, -17.857516864823022, -14.817558176785228, -12.140524065916464, -9.80185966348725, -7.772361161954165, -6.021711324303152, -4.520838273237021, -3.2430244001027684, -2.164174806625881, -1.2630088142449076, -0.5206245128432817, 0.07962639701806551, 0.5526172067740662, 0.9120372904236199, 1.1704453047964516, 1.339614171023805, 1.4308057035660182, 1.4550544538239725, 1.4233887486688963, 1.3468159436009834, 1.2362974978783545, 1.1025302578505511, 0.9555278203727227, 0.8042956652273734, 0.6565022359132829, 0.5181991598662963, 0.3938770685084185, 0.2865237491898289, 0.19756628991813532, 0.1270335895717393, 0.07380848275199729, 0.03588571340260877, 0.010717116395733268, -0.00443016907222463, -0.012197003552538041, -0.014968837033651344, -0.014738163747224161, -0.013024256418089032, -0.010874583150212466, -0.008911139703990703, -0.007431351723116044, -0.006533384642189104, -0.0031140735265883907]},
  'fname_print': '/media/rafael/DATA/Dropbox/20220924_FIML_solver/data/output/field_inversion/Beta_k__1__Beta_e__1/u_imp_100/FI_run_cProp_u_imp_100_k_imp_1_e_imp_1/FI_run_cProp_u_imp_100_k_imp_1_e_imp_1.log',
  'folder': '/media/rafael/DATA/Dropbox/20220924_FIML_solver/data/output/field_inversion/Beta_k__1__Beta_e__1/u_imp_100/FI_run_cProp_u_imp_100_k_imp_1_e_imp_1',
  'iters_limit': 15000}
# End_Input_Arguments

# ------------------------------------------------------------------------
#                  Iterations
# ------------------------------------------------------------------------

iter:      0 (Jcost: 1.062153e+00) (lr = 1.000e-03) (elapsed time:  0.002) (secs/iter:   None) (n_accepted: 0%) (u_error:  2.442983 %) (beta_change: 16.401595 %) (delta_change:  3.274089 %) (delta_peak/R:  0.000000 %)
-> Saved file: /media/rafael/DATA/Dropbox/20220924_FIML_solver/data/output/field_inversion/Beta_k__1__Beta_e__1/u_imp_100/FI_run_cProp_u_imp_100_k_imp_1_e_imp_1/FI_run_cProp_u_imp_100_k_imp_1_e_imp_1_state_iter_0.dat
iter:    100 (Jcost: 1.104910e-01) (lr = 9.889e-03) (elapsed time: 104.151) (secs/iter:  1.041) (n_accepted: 82%) (u_error:  0.682459 %) (beta_change:  8.316271 %) (delta_change:  2.488725 %) (delta_peak/R:  3.342044 %)
iter:    200 (Jcost: 8.476236e-02) (lr = 4.889e-02) (elapsed time: 196.979) (secs/iter:  0.928) (n_accepted: 81%) (u_error:  0.616276 %) (beta_change:  6.131784 %) (delta_change:  1.633021 %) (delta_peak/R:  3.508347 %)
iter:    300 (Jcost: 7.840383e-02) (lr = 7.286e-03) (elapsed time: 288.136) (secs/iter:  0.912) (n_accepted: 77%) (u_error:  0.596674 %) (beta_change:  5.238778 %) (delta_change:  1.283949 %) (delta_peak/R:  3.500676 %)
iter:    400 (Jcost: 7.468288e-02) (lr = 1.086e-03) (elapsed time: 379.012) (secs/iter:  0.909) (n_accepted: 77%) (u_error:  0.587474 %) (beta_change:  4.409451 %) (delta_change:  1.015461 %) (delta_peak/R:  3.452889 %)
iter:    500 (Jcost: 7.203197e-02) (lr = 9.321e-04) (elapsed time: 467.354) (secs/iter:  0.883) (n_accepted: 79%) (u_error:  0.582262 %) (beta_change:  3.630069 %) (delta_change:  0.791057 %) (delta_peak/R:  3.364679 %)
-> Saved file: /media/rafael/DATA/Dropbox/20220924_FIML_solver/data/output/field_inversion/Beta_k__1__Beta_e__1/u_imp_100/FI_run_cProp_u_imp_100_k_imp_1_e_imp_1/FI_run_cProp_u_imp_100_k_imp_1_e_imp_1_state_iter_500.dat
iter:    600 (Jcost: 7.033182e-02) (lr = 1.920e-03) (elapsed time: 559.659) (secs/iter:  0.923) (n_accepted: 80%) (u_error:  0.580317 %) (beta_change:  3.021635 %) (delta_change:  0.639597 %) (delta_peak/R:  3.313494 %)
iter:    700 (Jcost: 6.897232e-02) (lr = 5.469e-02) (elapsed time: 641.526) (secs/iter:  0.819) (n_accepted: 83%) (u_error:  0.577591 %) (beta_change:  2.462110 %) (delta_change:  0.550375 %) (delta_peak/R:  3.258663 %)
iter:    800 (Jcost: 6.805343e-02) (lr = 1.415e-03) (elapsed time: 726.335) (secs/iter:  0.848) (n_accepted: 75%) (u_error:  0.576360 %) (beta_change:  2.029809 %) (delta_change:  0.486016 %) (delta_peak/R:  3.216593 %)
iter:    900 (Jcost: 6.709973e-02) (lr = 1.215e-03) (elapsed time: 809.206) (secs/iter:  0.829) (n_accepted: 79%) (u_error:  0.575248 %) (beta_change:  1.526087 %) (delta_change:  0.416985 %) (delta_peak/R:  3.176382 %)
iter:   1000 (Jcost: 6.634956e-02) (lr = 1.043e-03) (elapsed time: 891.194) (secs/iter:  0.820) (n_accepted: 79%) (u_error:  0.574149 %) (beta_change:  1.205349 %) (delta_change:  0.370804 %) (delta_peak/R:  3.150106 %)
-> Saved file: /media/rafael/DATA/Dropbox/20220924_FIML_solver/data/output/field_inversion/Beta_k__1__Beta_e__1/u_imp_100/FI_run_cProp_u_imp_100_k_imp_1_e_imp_1/FI_run_cProp_u_imp_100_k_imp_1_e_imp_1_state_iter_1000.dat
iter:   1100 (Jcost: 6.566806e-02) (lr = 1.237e-02) (elapsed time: 980.852) (secs/iter:  0.897) (n_accepted: 82%) (u_error:  0.572586 %) (beta_change:  0.894793 %) (delta_change:  0.369236 %) (delta_peak/R:  3.120178 %)
iter:   1200 (Jcost: 6.523886e-02) (lr = 2.549e-02) (elapsed time: 1064.299) (secs/iter:  0.834) (n_accepted: 80%) (u_error:  0.572566 %) (beta_change:  0.700611 %) (delta_change:  0.369117 %) (delta_peak/R:  3.102631 %)
iter:   1300 (Jcost: 6.477909e-02) (lr = 2.188e-02) (elapsed time: 1149.267) (secs/iter:  0.850) (n_accepted: 79%) (u_error:  0.571784 %) (beta_change:  0.668778 %) (delta_change:  0.368279 %) (delta_peak/R:  3.079661 %)
iter:   1400 (Jcost: 6.438521e-02) (lr = 1.878e-02) (elapsed time: 1232.200) (secs/iter:  0.829) (n_accepted: 79%) (u_error:  0.571347 %) (beta_change:  0.784924 %) (delta_change:  0.368016 %) (delta_peak/R:  3.059539 %)
iter:   1500 (Jcost: 6.396389e-02) (lr = 2.799e-03) (elapsed time: 1317.460) (secs/iter:  0.853) (n_accepted: 77%) (u_error:  0.570716 %) (beta_change:  1.087074 %) (delta_change:  0.367595 %) (delta_peak/R:  3.036598 %)
-> Saved file: /media/rafael/DATA/Dropbox/20220924_FIML_solver/data/output/field_inversion/Beta_k__1__Beta_e__1/u_imp_100/FI_run_cProp_u_imp_100_k_imp_1_e_imp_1/FI_run_cProp_u_imp_100_k_imp_1_e_imp_1_state_iter_1500.dat
iter:   1600 (Jcost: 6.361905e-02) (lr = 1.001e-03) (elapsed time: 1402.889) (secs/iter:  0.854) (n_accepted: 78%) (u_error:  0.570335 %) (beta_change:  1.438289 %) (delta_change:  0.367342 %) (delta_peak/R:  3.017806 %)
iter:   1700 (Jcost: 6.333281e-02) (lr = 8.593e-04) (elapsed time: 1486.976) (secs/iter:  0.841) (n_accepted: 79%) (u_error:  0.569980 %) (beta_change:  1.764090 %) (delta_change:  0.369407 %) (delta_peak/R:  3.002014 %)
iter:   1800 (Jcost: 6.309041e-02) (lr = 4.249e-03) (elapsed time: 1569.920) (secs/iter:  0.829) (n_accepted: 81%) (u_error:  0.569262 %) (beta_change:  2.059765 %) (delta_change:  0.382807 %) (delta_peak/R:  2.987293 %)
iter:   1900 (Jcost: 6.285387e-02) (lr = 8.753e-03) (elapsed time: 1651.383) (secs/iter:  0.815) (n_accepted: 80%) (u_error:  0.569160 %) (beta_change:  2.354247 %) (delta_change:  0.404858 %) (delta_peak/R:  2.975180 %)
iter:   2000 (Jcost: 6.269416e-02) (lr = 7.514e-03) (elapsed time: 1734.334) (secs/iter:  0.830) (n_accepted: 79%) (u_error:  0.569121 %) (beta_change:  2.564723 %) (delta_change:  0.419692 %) (delta_peak/R:  2.967161 %)
-> Saved file: /media/rafael/DATA/Dropbox/20220924_FIML_solver/data/output/field_inversion/Beta_k__1__Beta_e__1/u_imp_100/FI_run_cProp_u_imp_100_k_imp_1_e_imp_1/FI_run_cProp_u_imp_100_k_imp_1_e_imp_1_state_iter_2000.dat
iter:   2100 (Jcost: 6.249439e-02) (lr = 6.450e-03) (elapsed time: 1821.665) (secs/iter:  0.873) (n_accepted: 79%) (u_error:  0.568917 %) (beta_change:  2.838838 %) (delta_change:  0.443386 %) (delta_peak/R:  2.956813 %)
iter:   2200 (Jcost: 6.228238e-02) (lr = 9.612e-04) (elapsed time: 1905.229) (secs/iter:  0.836) (n_accepted: 77%) (u_error:  0.568654 %) (beta_change:  3.142202 %) (delta_change:  0.480418 %) (delta_peak/R:  2.945957 %)
iter:   2300 (Jcost: 6.210585e-02) (lr = 6.570e-02) (elapsed time: 1985.091) (secs/iter:  0.799) (n_accepted: 84%) (u_error:  0.568466 %) (beta_change:  3.404277 %) (delta_change:  0.510927 %) (delta_peak/R:  2.937266 %)
iter:   2400 (Jcost: 6.194858e-02) (lr = 9.791e-03) (elapsed time: 2068.943) (secs/iter:  0.839) (n_accepted: 77%) (u_error:  0.568220 %) (beta_change:  3.644549 %) (delta_change:  0.537772 %) (delta_peak/R:  2.929478 %)
iter:   2500 (Jcost: 6.179668e-02) (lr = 3.502e-03) (elapsed time: 2152.514) (secs/iter:  0.836) (n_accepted: 78%) (u_error:  0.568145 %) (beta_change:  3.881737 %) (delta_change:  0.563321 %) (delta_peak/R:  2.922650 %)
-> Saved file: /media/rafael/DATA/Dropbox/20220924_FIML_solver/data/output/field_inversion/Beta_k__1__Beta_e__1/u_imp_100/FI_run_cProp_u_imp_100_k_imp_1_e_imp_1/FI_run_cProp_u_imp_100_k_imp_1_e_imp_1_state_iter_2500.dat
iter:   2600 (Jcost: 6.164038e-02) (lr = 3.006e-03) (elapsed time: 2238.588) (secs/iter:  0.861) (n_accepted: 79%) (u_error:  0.567979 %) (beta_change:  4.131797 %) (delta_change:  0.589108 %) (delta_peak/R:  2.915556 %)
iter:   2700 (Jcost: 6.145394e-02) (lr = 4.480e-04) (elapsed time: 2319.837) (secs/iter:  0.812) (n_accepted: 77%) (u_error:  0.567822 %) (beta_change:  4.437610 %) (delta_change:  0.619210 %) (delta_peak/R:  2.907468 %)
iter:   2800 (Jcost: 6.132148e-02) (lr = 3.062e-02) (elapsed time: 2399.493) (secs/iter:  0.797) (n_accepted: 84%) (u_error:  0.567967 %) (beta_change:  4.664660 %) (delta_change:  0.640653 %) (delta_peak/R:  2.902538 %)
iter:   2900 (Jcost: 6.118693e-02) (lr = 6.308e-02) (elapsed time: 2481.416) (secs/iter:  0.819) (n_accepted: 80%) (u_error:  0.567849 %) (beta_change:  4.894791 %) (delta_change:  0.661985 %) (delta_peak/R:  2.897022 %)
iter:   3000 (Jcost: 6.109093e-02) (lr = 2.256e-02) (elapsed time: 2561.385) (secs/iter:  0.800) (n_accepted: 78%) (u_error:  0.567439 %) (beta_change:  5.056558 %) (delta_change:  0.677701 %) (delta_peak/R:  2.892362 %)
-> Saved file: /media/rafael/DATA/Dropbox/20220924_FIML_solver/data/output/field_inversion/Beta_k__1__Beta_e__1/u_imp_100/FI_run_cProp_u_imp_100_k_imp_1_e_imp_1/FI_run_cProp_u_imp_100_k_imp_1_e_imp_1_state_iter_3000.dat
iter:   3100 (Jcost: 6.095638e-02) (lr = 3.362e-03) (elapsed time: 2647.096) (secs/iter:  0.857) (n_accepted: 77%) (u_error:  0.567305 %) (beta_change:  5.301161 %) (delta_change:  0.700815 %) (delta_peak/R:  2.887039 %)
iter:   3200 (Jcost: 6.081713e-02) (lr = 1.203e-03) (elapsed time: 2726.956) (secs/iter:  0.799) (n_accepted: 78%) (u_error:  0.567216 %) (beta_change:  5.559268 %) (delta_change:  0.725831 %) (delta_peak/R:  2.881816 %)
iter:   3300 (Jcost: 6.068044e-02) (lr = 5.946e-03) (elapsed time: 2806.044) (secs/iter:  0.791) (n_accepted: 81%) (u_error:  0.567209 %) (beta_change:  5.818748 %) (delta_change:  0.750247 %) (delta_peak/R:  2.877025 %)
iter:   3400 (Jcost: 6.058604e-02) (lr = 2.940e-02) (elapsed time: 2884.279) (secs/iter:  0.782) (n_accepted: 81%) (u_error:  0.567002 %) (beta_change:  5.998500 %) (delta_change:  0.766597 %) (delta_peak/R:  2.873250 %)
iter:   3500 (Jcost: 6.048374e-02) (lr = 2.524e-02) (elapsed time: 2963.985) (secs/iter:  0.797) (n_accepted: 79%) (u_error:  0.566846 %) (beta_change:  6.197374 %) (delta_change:  0.784296 %) (delta_peak/R:  2.869389 %)
-> Saved file: /media/rafael/DATA/Dropbox/20220924_FIML_solver/data/output/field_inversion/Beta_k__1__Beta_e__1/u_imp_100/FI_run_cProp_u_imp_100_k_imp_1_e_imp_1/FI_run_cProp_u_imp_100_k_imp_1_e_imp_1_state_iter_3500.dat
iter:   3600 (Jcost: 6.039731e-02) (lr = 9.026e-03) (elapsed time: 3043.236) (secs/iter:  0.793) (n_accepted: 78%) (u_error:  0.566804 %) (beta_change:  6.367469 %) (delta_change:  0.799123 %) (delta_peak/R:  2.866432 %)
iter:   3700 (Jcost: 6.024496e-02) (lr = 5.605e-04) (elapsed time: 3107.938) (secs/iter:  0.647) (n_accepted: 76%) (u_error:  0.566686 %) (beta_change:  6.672380 %) (delta_change:  0.824932 %) (delta_peak/R:  2.861167 %)
iter:   3800 (Jcost: 6.016076e-02) (lr = 3.831e-02) (elapsed time: 3153.449) (secs/iter:  0.455) (n_accepted: 84%) (u_error:  0.566595 %) (beta_change:  6.843538 %) (delta_change:  0.838926 %) (delta_peak/R:  2.858240 %)
iter:   3900 (Jcost: 6.006616e-02) (lr = 5.709e-03) (elapsed time: 3201.581) (secs/iter:  0.481) (n_accepted: 77%) (u_error:  0.566559 %) (beta_change:  7.038308 %) (delta_change:  0.854516 %) (delta_peak/R:  2.855169 %)
iter:   4000 (Jcost: 5.998144e-02) (lr = 8.508e-04) (elapsed time: 3251.203) (secs/iter:  0.496) (n_accepted: 77%) (u_error:  0.566429 %) (beta_change:  7.214707 %) (delta_change:  0.868226 %) (delta_peak/R:  2.852173 %)
-> Saved file: /media/rafael/DATA/Dropbox/20220924_FIML_solver/data/output/field_inversion/Beta_k__1__Beta_e__1/u_imp_100/FI_run_cProp_u_imp_100_k_imp_1_e_imp_1/FI_run_cProp_u_imp_100_k_imp_1_e_imp_1_state_iter_4000.dat
iter:   4100 (Jcost: 5.988839e-02) (lr = 2.423e-02) (elapsed time: 3300.879) (secs/iter:  0.497) (n_accepted: 83%) (u_error:  0.566617 %) (beta_change:  7.415061 %) (delta_change:  0.883577 %) (delta_peak/R:  2.849796 %)
iter:   4200 (Jcost: 5.981400e-02) (lr = 2.080e-02) (elapsed time: 3358.672) (secs/iter:  0.578) (n_accepted: 79%) (u_error:  0.566365 %) (beta_change:  7.569949 %) (delta_change:  0.894958 %) (delta_peak/R:  2.846862 %)
iter:   4300 (Jcost: 5.972943e-02) (lr = 7.439e-03) (elapsed time: 3430.249) (secs/iter:  0.716) (n_accepted: 78%) (u_error:  0.566241 %) (beta_change:  7.757444 %) (delta_change:  0.908136 %) (delta_peak/R:  2.843948 %)
iter:   4400 (Jcost: 5.965127e-02) (lr = 2.661e-03) (elapsed time: 3502.736) (secs/iter:  0.725) (n_accepted: 78%) (u_error:  0.566137 %) (beta_change:  7.934842 %) (delta_change:  0.920178 %) (delta_peak/R:  2.841294 %)
iter:   4500 (Jcost: 5.958136e-02) (lr = 9.517e-04) (elapsed time: 3570.810) (secs/iter:  0.681) (n_accepted: 78%) (u_error:  0.566102 %) (beta_change:  8.095248 %) (delta_change:  0.930843 %) (delta_peak/R:  2.839100 %)
-> Saved file: /media/rafael/DATA/Dropbox/20220924_FIML_solver/data/output/field_inversion/Beta_k__1__Beta_e__1/u_imp_100/FI_run_cProp_u_imp_100_k_imp_1_e_imp_1/FI_run_cProp_u_imp_100_k_imp_1_e_imp_1_state_iter_4500.dat
iter:   4600 (Jcost: 5.950846e-02) (lr = 1.961e-03) (elapsed time: 3652.687) (secs/iter:  0.819) (n_accepted: 80%) (u_error:  0.566165 %) (beta_change:  8.265498 %) (delta_change:  0.941961 %) (delta_peak/R:  2.837088 %)
iter:   4700 (Jcost: 5.944841e-02) (lr = 9.694e-03) (elapsed time: 3729.375) (secs/iter:  0.767) (n_accepted: 81%) (u_error:  0.565945 %) (beta_change:  8.405555 %) (delta_change:  0.950775 %) (delta_peak/R:  2.834675 %)
iter:   4800 (Jcost: 5.938102e-02) (lr = 3.467e-03) (elapsed time: 3807.821) (secs/iter:  0.784) (n_accepted: 78%) (u_error:  0.565944 %) (beta_change:  8.565132 %) (delta_change:  0.960738 %) (delta_peak/R:  2.832665 %)
iter:   4900 (Jcost: 5.931145e-02) (lr = 1.240e-03) (elapsed time: 3887.430) (secs/iter:  0.796) (n_accepted: 78%) (u_error:  0.565917 %) (beta_change:  8.732614 %) (delta_change:  0.971606 %) (delta_peak/R:  2.830516 %)
iter:   5000 (Jcost: 5.924680e-02) (lr = 1.065e-03) (elapsed time: 3965.749) (secs/iter:  0.783) (n_accepted: 79%) (u_error:  0.565836 %) (beta_change:  8.891086 %) (delta_change:  0.981904 %) (delta_peak/R:  2.828356 %)
-> Saved file: /media/rafael/DATA/Dropbox/20220924_FIML_solver/data/output/field_inversion/Beta_k__1__Beta_e__1/u_imp_100/FI_run_cProp_u_imp_100_k_imp_1_e_imp_1/FI_run_cProp_u_imp_100_k_imp_1_e_imp_1_state_iter_5000.dat
iter:   5100 (Jcost: 5.918659e-02) (lr = 2.193e-03) (elapsed time: 4046.818) (secs/iter:  0.811) (n_accepted: 80%) (u_error:  0.565998 %) (beta_change:  9.044329 %) (delta_change:  0.991783 %) (delta_peak/R:  2.826979 %)
iter:   5200 (Jcost: 5.911486e-02) (lr = 6.246e-02) (elapsed time: 4118.051) (secs/iter:  0.712) (n_accepted: 83%) (u_error:  0.565796 %) (beta_change:  9.221128 %) (delta_change:  1.002758 %) (delta_peak/R:  2.824298 %)
iter:   5300 (Jcost: 5.906777e-02) (lr = 2.234e-02) (elapsed time: 4195.171) (secs/iter:  0.771) (n_accepted: 78%) (u_error:  0.565676 %) (beta_change:  9.340172 %) (delta_change:  1.010011 %) (delta_peak/R:  2.822551 %)
iter:   5400 (Jcost: 5.899872e-02) (lr = 3.329e-03) (elapsed time: 4274.247) (secs/iter:  0.791) (n_accepted: 77%) (u_error:  0.565630 %) (beta_change:  9.517594 %) (delta_change:  1.020690 %) (delta_peak/R:  2.820345 %)
iter:   5500 (Jcost: 5.894410e-02) (lr = 1.191e-03) (elapsed time: 4352.705) (secs/iter:  0.785) (n_accepted: 78%) (u_error:  0.565520 %) (beta_change:  9.659751 %) (delta_change:  1.029029 %) (delta_peak/R:  2.818383 %)
-> Saved file: /media/rafael/DATA/Dropbox/20220924_FIML_solver/data/output/field_inversion/Beta_k__1__Beta_e__1/u_imp_100/FI_run_cProp_u_imp_100_k_imp_1_e_imp_1/FI_run_cProp_u_imp_100_k_imp_1_e_imp_1_state_iter_5500.dat
iter:   5600 (Jcost: 5.889727e-02) (lr = 3.391e-02) (elapsed time: 4434.489) (secs/iter:  0.818) (n_accepted: 83%) (u_error:  0.565477 %) (beta_change:  9.782778 %) (delta_change:  1.036149 %) (delta_peak/R:  2.816843 %)
iter:   5700 (Jcost: 5.885288e-02) (lr = 1.213e-02) (elapsed time: 4510.514) (secs/iter:  0.760) (n_accepted: 78%) (u_error:  0.565490 %) (beta_change:  9.900305 %) (delta_change:  1.042875 %) (delta_peak/R:  2.815536 %)
iter:   5800 (Jcost: 5.879696e-02) (lr = 1.807e-03) (elapsed time: 4588.987) (secs/iter:  0.785) (n_accepted: 77%) (u_error:  0.565393 %) (beta_change: 10.050302 %) (delta_change:  1.051259 %) (delta_peak/R:  2.813552 %)
iter:   5900 (Jcost: 5.874771e-02) (lr = 6.465e-04) (elapsed time: 4669.218) (secs/iter:  0.802) (n_accepted: 78%) (u_error:  0.565412 %) (beta_change: 10.183621 %) (delta_change:  1.058627 %) (delta_peak/R:  2.812102 %)
iter:   6000 (Jcost: 5.869065e-02) (lr = 1.841e-02) (elapsed time: 4740.621) (secs/iter:  0.714) (n_accepted: 83%) (u_error:  0.565633 %) (beta_change: 10.349815 %) (delta_change:  1.067605 %) (delta_peak/R:  2.810897 %)
-> Saved file: /media/rafael/DATA/Dropbox/20220924_FIML_solver/data/output/field_inversion/Beta_k__1__Beta_e__1/u_imp_100/FI_run_cProp_u_imp_100_k_imp_1_e_imp_1/FI_run_cProp_u_imp_100_k_imp_1_e_imp_1_state_iter_6000.dat
iter:   6100 (Jcost: 5.865478e-02) (lr = 6.585e-03) (elapsed time: 4823.781) (secs/iter:  0.832) (n_accepted: 78%) (u_error:  0.565314 %) (beta_change: 10.445400 %) (delta_change:  1.072351 %) (delta_peak/R:  2.808956 %)
iter:   6200 (Jcost: 5.860910e-02) (lr = 2.355e-03) (elapsed time: 4902.900) (secs/iter:  0.791) (n_accepted: 78%) (u_error:  0.565210 %) (beta_change: 10.578194 %) (delta_change:  1.079023 %) (delta_peak/R:  2.807235 %)
iter:   6300 (Jcost: 5.855584e-02) (lr = 8.424e-04) (elapsed time: 4977.930) (secs/iter:  0.750) (n_accepted: 78%) (u_error:  0.565217 %) (beta_change: 10.734145 %) (delta_change:  1.086788 %) (delta_peak/R:  2.805591 %)
iter:   6400 (Jcost: 5.850163e-02) (lr = 2.399e-02) (elapsed time: 5052.473) (secs/iter:  0.745) (n_accepted: 83%) (u_error:  0.564937 %) (beta_change: 10.900245 %) (delta_change:  1.094752 %) (delta_peak/R:  2.803027 %)
iter:   6500 (Jcost: 5.845814e-02) (lr = 4.943e-02) (elapsed time: 5129.885) (secs/iter:  0.774) (n_accepted: 80%) (u_error:  0.565281 %) (beta_change: 11.028008 %) (delta_change:  1.101051 %) (delta_peak/R:  2.802666 %)
-> Saved file: /media/rafael/DATA/Dropbox/20220924_FIML_solver/data/output/field_inversion/Beta_k__1__Beta_e__1/u_imp_100/FI_run_cProp_u_imp_100_k_imp_1_e_imp_1/FI_run_cProp_u_imp_100_k_imp_1_e_imp_1_state_iter_6500.dat
iter:   6600 (Jcost: 5.842391e-02) (lr = 1.768e-02) (elapsed time: 5209.739) (secs/iter:  0.799) (n_accepted: 78%) (u_error:  0.565111 %) (beta_change: 11.129879 %) (delta_change:  1.105778 %) (delta_peak/R:  2.801108 %)
iter:   6700 (Jcost: 5.838133e-02) (lr = 2.634e-03) (elapsed time: 5288.196) (secs/iter:  0.785) (n_accepted: 77%) (u_error:  0.565092 %) (beta_change: 11.260450 %) (delta_change:  1.111856 %) (delta_peak/R:  2.799686 %)
iter:   6800 (Jcost: 5.834151e-02) (lr = 9.423e-04) (elapsed time: 5365.792) (secs/iter:  0.776) (n_accepted: 78%) (u_error:  0.565010 %) (beta_change: 11.383680 %) (delta_change:  1.117471 %) (delta_peak/R:  2.798163 %)
iter:   6900 (Jcost: 5.830952e-02) (lr = 4.659e-03) (elapsed time: 5439.532) (secs/iter:  0.737) (n_accepted: 81%) (u_error:  0.564972 %) (beta_change: 11.483658 %) (delta_change:  1.121982 %) (delta_peak/R:  2.797016 %)
iter:   7000 (Jcost: 5.826837e-02) (lr = 3.999e-03) (elapsed time: 5515.804) (secs/iter:  0.763) (n_accepted: 79%) (u_error:  0.564941 %) (beta_change: 11.613463 %) (delta_change:  1.127767 %) (delta_peak/R:  2.795580 %)
-> Saved file: /media/rafael/DATA/Dropbox/20220924_FIML_solver/data/output/field_inversion/Beta_k__1__Beta_e__1/u_imp_100/FI_run_cProp_u_imp_100_k_imp_1_e_imp_1/FI_run_cProp_u_imp_100_k_imp_1_e_imp_1_state_iter_7000.dat
iter:   7100 (Jcost: 5.823111e-02) (lr = 5.960e-04) (elapsed time: 5600.840) (secs/iter:  0.850) (n_accepted: 77%) (u_error:  0.564962 %) (beta_change: 11.732360 %) (delta_change:  1.133015 %) (delta_peak/R:  2.794412 %)
iter:   7200 (Jcost: 5.819778e-02) (lr = 4.074e-02) (elapsed time: 5678.237) (secs/iter:  0.774) (n_accepted: 84%) (u_error:  0.564799 %) (beta_change: 11.840291 %) (delta_change:  1.137621 %) (delta_peak/R:  2.792830 %)
iter:   7300 (Jcost: 5.816923e-02) (lr = 1.054e-03) (elapsed time: 5754.061) (secs/iter:  0.758) (n_accepted: 75%) (u_error:  0.564750 %) (beta_change: 11.933364 %) (delta_change:  1.141594 %) (delta_peak/R:  2.791733 %)
iter:   7400 (Jcost: 5.813170e-02) (lr = 2.171e-03) (elapsed time: 5831.034) (secs/iter:  0.770) (n_accepted: 80%) (u_error:  0.564634 %) (beta_change: 12.058745 %) (delta_change:  1.146853 %) (delta_peak/R:  2.790114 %)
iter:   7500 (Jcost: 5.809074e-02) (lr = 6.184e-02) (elapsed time: 5904.971) (secs/iter:  0.739) (n_accepted: 83%) (u_error:  0.564658 %) (beta_change: 12.192354 %) (delta_change:  1.152451 %) (delta_peak/R:  2.788815 %)
-> Saved file: /media/rafael/DATA/Dropbox/20220924_FIML_solver/data/output/field_inversion/Beta_k__1__Beta_e__1/u_imp_100/FI_run_cProp_u_imp_100_k_imp_1_e_imp_1/FI_run_cProp_u_imp_100_k_imp_1_e_imp_1_state_iter_7500.dat
iter:   7600 (Jcost: 5.806181e-02) (lr = 9.216e-03) (elapsed time: 5988.145) (secs/iter:  0.832) (n_accepted: 77%) (u_error:  0.564727 %) (beta_change: 12.287481 %) (delta_change:  1.156412 %) (delta_peak/R:  2.788043 %)
iter:   7700 (Jcost: 5.803180e-02) (lr = 5.722e-04) (elapsed time: 6066.068) (secs/iter:  0.779) (n_accepted: 76%) (u_error:  0.564735 %) (beta_change: 12.388576 %) (delta_change:  1.160539 %) (delta_peak/R:  2.787036 %)
iter:   7800 (Jcost: 5.799252e-02) (lr = 1.630e-02) (elapsed time: 6137.243) (secs/iter:  0.712) (n_accepted: 83%) (u_error:  0.564817 %) (beta_change: 12.524056 %) (delta_change:  1.166038 %) (delta_peak/R:  2.785897 %)
iter:   7900 (Jcost: 5.796351e-02) (lr = 3.357e-02) (elapsed time: 6211.333) (secs/iter:  0.741) (n_accepted: 80%) (u_error:  0.564618 %) (beta_change: 12.622507 %) (delta_change:  1.169844 %) (delta_peak/R:  2.784330 %)
iter:   8000 (Jcost: 5.793623e-02) (lr = 1.201e-02) (elapsed time: 6291.405) (secs/iter:  0.801) (n_accepted: 78%) (u_error:  0.564657 %) (beta_change: 12.717006 %) (delta_change:  1.173578 %) (delta_peak/R:  2.783486 %)
-> Saved file: /media/rafael/DATA/Dropbox/20220924_FIML_solver/data/output/field_inversion/Beta_k__1__Beta_e__1/u_imp_100/FI_run_cProp_u_imp_100_k_imp_1_e_imp_1/FI_run_cProp_u_imp_100_k_imp_1_e_imp_1_state_iter_8000.dat
iter:   8100 (Jcost: 5.790203e-02) (lr = 4.295e-03) (elapsed time: 6370.674) (secs/iter:  0.793) (n_accepted: 78%) (u_error:  0.564634 %) (beta_change: 12.836913 %) (delta_change:  1.178223 %) (delta_peak/R:  2.782209 %)
iter:   8200 (Jcost: 5.786861e-02) (lr = 6.401e-04) (elapsed time: 6450.392) (secs/iter:  0.797) (n_accepted: 77%) (u_error:  0.564570 %) (beta_change: 12.955182 %) (delta_change:  1.182881 %) (delta_peak/R:  2.780835 %)
iter:   8300 (Jcost: 5.784006e-02) (lr = 7.596e-03) (elapsed time: 6527.149) (secs/iter:  0.768) (n_accepted: 82%) (u_error:  0.564426 %) (beta_change: 13.060764 %) (delta_change:  1.187199 %) (delta_peak/R:  2.779383 %)
iter:   8400 (Jcost: 5.781568e-02) (lr = 1.565e-02) (elapsed time: 6603.660) (secs/iter:  0.765) (n_accepted: 80%) (u_error:  0.564574 %) (beta_change: 13.150716 %) (delta_change:  1.190923 %) (delta_peak/R:  2.778936 %)
iter:   8500 (Jcost: 5.778771e-02) (lr = 1.343e-02) (elapsed time: 6680.281) (secs/iter:  0.766) (n_accepted: 79%) (u_error:  0.564492 %) (beta_change: 13.255674 %) (delta_change:  1.195096 %) (delta_peak/R:  2.777686 %)
-> Saved file: /media/rafael/DATA/Dropbox/20220924_FIML_solver/data/output/field_inversion/Beta_k__1__Beta_e__1/u_imp_100/FI_run_cProp_u_imp_100_k_imp_1_e_imp_1/FI_run_cProp_u_imp_100_k_imp_1_e_imp_1_state_iter_8500.dat
iter:   8600 (Jcost: 5.775591e-02) (lr = 4.804e-03) (elapsed time: 6757.356) (secs/iter:  0.771) (n_accepted: 78%) (u_error:  0.564441 %) (beta_change: 13.376625 %) (delta_change:  1.199875 %) (delta_peak/R:  2.776374 %)
iter:   8700 (Jcost: 5.772838e-02) (lr = 7.160e-04) (elapsed time: 6835.560) (secs/iter:  0.782) (n_accepted: 77%) (u_error:  0.564424 %) (beta_change: 13.482389 %) (delta_change:  1.204018 %) (delta_peak/R:  2.775305 %)
iter:   8800 (Jcost: 5.769748e-02) (lr = 1.475e-03) (elapsed time: 6909.673) (secs/iter:  0.741) (n_accepted: 80%) (u_error:  0.564307 %) (beta_change: 13.603186 %) (delta_change:  1.208649 %) (delta_peak/R:  2.773810 %)
iter:   8900 (Jcost: 5.767270e-02) (lr = 4.201e-02) (elapsed time: 6983.531) (secs/iter:  0.739) (n_accepted: 83%) (u_error:  0.564394 %) (beta_change: 13.699439 %) (delta_change:  1.212390 %) (delta_peak/R:  2.773135 %)
iter:   9000 (Jcost: 5.764620e-02) (lr = 3.606e-02) (elapsed time: 7060.960) (secs/iter:  0.774) (n_accepted: 79%) (u_error:  0.564335 %) (beta_change: 13.804091 %) (delta_change:  1.216340 %) (delta_peak/R:  2.771966 %)
-> Saved file: /media/rafael/DATA/Dropbox/20220924_FIML_solver/data/output/field_inversion/Beta_k__1__Beta_e__1/u_imp_100/FI_run_cProp_u_imp_100_k_imp_1_e_imp_1/FI_run_cProp_u_imp_100_k_imp_1_e_imp_1_state_iter_9000.dat
iter:   9100 (Jcost: 5.762045e-02) (lr = 1.290e-02) (elapsed time: 7139.797) (secs/iter:  0.788) (n_accepted: 78%) (u_error:  0.564307 %) (beta_change: 13.906863 %) (delta_change:  1.220194 %) (delta_peak/R:  2.770903 %)
iter:   9200 (Jcost: 5.759137e-02) (lr = 1.922e-03) (elapsed time: 7214.172) (secs/iter:  0.744) (n_accepted: 77%) (u_error:  0.564273 %) (beta_change: 14.024027 %) (delta_change:  1.224541 %) (delta_peak/R:  2.769687 %)
iter:   9300 (Jcost: 5.756692e-02) (lr = 6.874e-04) (elapsed time: 7290.361) (secs/iter:  0.762) (n_accepted: 78%) (u_error:  0.564268 %) (beta_change: 14.123540 %) (delta_change:  1.228205 %) (delta_peak/R:  2.768726 %)
iter:   9400 (Jcost: 5.755226e-02) (lr = 1.416e-03) (elapsed time: 7367.298) (secs/iter:  0.769) (n_accepted: 80%) (u_error:  0.564235 %) (beta_change: 14.183597 %) (delta_change:  1.230383 %) (delta_peak/R:  2.768061 %)
iter:   9500 (Jcost: 5.752520e-02) (lr = 1.681e-02) (elapsed time: 7443.428) (secs/iter:  0.761) (n_accepted: 82%) (u_error:  0.564396 %) (beta_change: 14.299821 %) (delta_change:  1.234680 %) (delta_peak/R:  2.767417 %)
-> Saved file: /media/rafael/DATA/Dropbox/20220924_FIML_solver/data/output/field_inversion/Beta_k__1__Beta_e__1/u_imp_100/FI_run_cProp_u_imp_100_k_imp_1_e_imp_1/FI_run_cProp_u_imp_100_k_imp_1_e_imp_1_state_iter_9500.dat
iter:   9600 (Jcost: 5.750400e-02) (lr = 3.462e-02) (elapsed time: 7544.450) (secs/iter:  1.010) (n_accepted: 80%) (u_error:  0.564204 %) (beta_change: 14.383818 %) (delta_change:  1.237596 %) (delta_peak/R:  2.766072 %)
iter:   9700 (Jcost: 5.748267e-02) (lr = 1.238e-02) (elapsed time: 7640.719) (secs/iter:  0.963) (n_accepted: 78%) (u_error:  0.564163 %) (beta_change: 14.473443 %) (delta_change:  1.240767 %) (delta_peak/R:  2.765107 %)
iter:   9800 (Jcost: 5.745493e-02) (lr = 7.689e-04) (elapsed time: 7737.320) (secs/iter:  0.966) (n_accepted: 76%) (u_error:  0.564139 %) (beta_change: 14.591139 %) (delta_change:  1.244904 %) (delta_peak/R:  2.763926 %)
iter:   9900 (Jcost: 5.743171e-02) (lr = 5.256e-02) (elapsed time: 7828.421) (secs/iter:  0.911) (n_accepted: 84%) (u_error:  0.564080 %) (beta_change: 14.690783 %) (delta_change:  1.248350 %) (delta_peak/R:  2.762817 %)
iter:  10000 (Jcost: 5.741350e-02) (lr = 1.880e-02) (elapsed time: 7928.465) (secs/iter:  1.000) (n_accepted: 78%) (u_error:  0.564084 %) (beta_change: 14.769360 %) (delta_change:  1.251071 %) (delta_peak/R:  2.762090 %)
-> Saved file: /media/rafael/DATA/Dropbox/20220924_FIML_solver/data/output/field_inversion/Beta_k__1__Beta_e__1/u_imp_100/FI_run_cProp_u_imp_100_k_imp_1_e_imp_1/FI_run_cProp_u_imp_100_k_imp_1_e_imp_1_state_iter_10000.dat
iter:  10100 (Jcost: 5.739183e-02) (lr = 1.614e-02) (elapsed time: 8029.394) (secs/iter:  1.009) (n_accepted: 79%) (u_error:  0.564106 %) (beta_change: 14.864016 %) (delta_change:  1.254330 %) (delta_peak/R:  2.761263 %)
iter:  10200 (Jcost: 5.737317e-02) (lr = 5.771e-03) (elapsed time: 8130.661) (secs/iter:  1.013) (n_accepted: 78%) (u_error:  0.564072 %) (beta_change: 14.945875 %) (delta_change:  1.257097 %) (delta_peak/R:  2.760398 %)
iter:  10300 (Jcost: 5.735082e-02) (lr = 2.064e-03) (elapsed time: 8202.680) (secs/iter:  0.720) (n_accepted: 78%) (u_error:  0.564045 %) (beta_change: 15.044884 %) (delta_change:  1.260424 %) (delta_peak/R:  2.759393 %)
iter:  10400 (Jcost: 5.733048e-02) (lr = 7.383e-04) (elapsed time: 8278.867) (secs/iter:  0.762) (n_accepted: 78%) (u_error:  0.563996 %) (beta_change: 15.135706 %) (delta_change:  1.263435 %) (delta_peak/R:  2.758401 %)
iter:  10500 (Jcost: 5.731687e-02) (lr = 3.650e-03) (elapsed time: 8352.823) (secs/iter:  0.740) (n_accepted: 81%) (u_error:  0.564001 %) (beta_change: 15.197077 %) (delta_change:  1.265474 %) (delta_peak/R:  2.757841 %)
-> Saved file: /media/rafael/DATA/Dropbox/20220924_FIML_solver/data/output/field_inversion/Beta_k__1__Beta_e__1/u_imp_100/FI_run_cProp_u_imp_100_k_imp_1_e_imp_1/FI_run_cProp_u_imp_100_k_imp_1_e_imp_1_state_iter_10500.dat
iter:  10600 (Jcost: 5.729813e-02) (lr = 3.133e-03) (elapsed time: 8433.634) (secs/iter:  0.808) (n_accepted: 79%) (u_error:  0.563955 %) (beta_change: 15.281955 %) (delta_change:  1.268249 %) (delta_peak/R:  2.756918 %)
iter:  10700 (Jcost: 5.727625e-02) (lr = 1.121e-03) (elapsed time: 8490.346) (secs/iter:  0.567) (n_accepted: 78%) (u_error:  0.563941 %) (beta_change: 15.382043 %) (delta_change:  1.271747 %) (delta_peak/R:  2.755946 %)
iter:  10800 (Jcost: 5.725657e-02) (lr = 2.309e-03) (elapsed time: 8537.487) (secs/iter:  0.471) (n_accepted: 80%) (u_error:  0.563780 %) (beta_change: 15.475171 %) (delta_change:  1.275445 %) (delta_peak/R:  2.754620 %)
iter:  10900 (Jcost: 5.723848e-02) (lr = 6.576e-02) (elapsed time: 8594.283) (secs/iter:  0.568) (n_accepted: 83%) (u_error:  0.564003 %) (beta_change: 15.559066 %) (delta_change:  1.278881 %) (delta_peak/R:  2.754477 %)
iter:  11000 (Jcost: 5.722409e-02) (lr = 2.352e-02) (elapsed time: 8667.132) (secs/iter:  0.728) (n_accepted: 78%) (u_error:  0.563840 %) (beta_change: 15.624709 %) (delta_change:  1.281428 %) (delta_peak/R:  2.753403 %)
-> Saved file: /media/rafael/DATA/Dropbox/20220924_FIML_solver/data/output/field_inversion/Beta_k__1__Beta_e__1/u_imp_100/FI_run_cProp_u_imp_100_k_imp_1_e_imp_1/FI_run_cProp_u_imp_100_k_imp_1_e_imp_1_state_iter_11000.dat
iter:  11100 (Jcost: 5.720581e-02) (lr = 8.412e-03) (elapsed time: 8742.226) (secs/iter:  0.751) (n_accepted: 78%) (u_error:  0.563852 %) (beta_change: 15.710967 %) (delta_change:  1.284832 %) (delta_peak/R:  2.752639 %)
iter:  11200 (Jcost: 5.718912e-02) (lr = 3.009e-03) (elapsed time: 8816.631) (secs/iter:  0.744) (n_accepted: 78%) (u_error:  0.563828 %) (beta_change: 15.792088 %) (delta_change:  1.287930 %) (delta_peak/R:  2.751836 %)
iter:  11300 (Jcost: 5.716767e-02) (lr = 1.076e-03) (elapsed time: 8891.107) (secs/iter:  0.745) (n_accepted: 78%) (u_error:  0.563783 %) (beta_change: 15.898518 %) (delta_change:  1.291911 %) (delta_peak/R:  2.750755 %)
iter:  11400 (Jcost: 5.714926e-02) (lr = 3.065e-02) (elapsed time: 8952.430) (secs/iter:  0.613) (n_accepted: 83%) (u_error:  0.563839 %) (beta_change: 15.991187 %) (delta_change:  1.295378 %) (delta_peak/R:  2.750086 %)
iter:  11500 (Jcost: 5.713362e-02) (lr = 6.314e-02) (elapsed time: 9024.574) (secs/iter:  0.721) (n_accepted: 80%) (u_error:  0.563717 %) (beta_change: 16.069856 %) (delta_change:  1.298236 %) (delta_peak/R:  2.749036 %)
-> Saved file: /media/rafael/DATA/Dropbox/20220924_FIML_solver/data/output/field_inversion/Beta_k__1__Beta_e__1/u_imp_100/FI_run_cProp_u_imp_100_k_imp_1_e_imp_1/FI_run_cProp_u_imp_100_k_imp_1_e_imp_1_state_iter_11500.dat
iter:  11600 (Jcost: 5.712091e-02) (lr = 2.258e-02) (elapsed time: 9103.367) (secs/iter:  0.788) (n_accepted: 78%) (u_error:  0.563720 %) (beta_change: 16.134269 %) (delta_change:  1.300597 %) (delta_peak/R:  2.748471 %)
iter:  11700 (Jcost: 5.710487e-02) (lr = 1.938e-02) (elapsed time: 9175.212) (secs/iter:  0.718) (n_accepted: 79%) (u_error:  0.563727 %) (beta_change: 16.216252 %) (delta_change:  1.303583 %) (delta_peak/R:  2.747762 %)
iter:  11800 (Jcost: 5.708781e-02) (lr = 6.933e-03) (elapsed time: 9245.102) (secs/iter:  0.699) (n_accepted: 78%) (u_error:  0.563704 %) (beta_change: 16.304260 %) (delta_change:  1.306753 %) (delta_peak/R:  2.746914 %)
iter:  11900 (Jcost: 5.707249e-02) (lr = 1.428e-02) (elapsed time: 9319.052) (secs/iter:  0.739) (n_accepted: 80%) (u_error:  0.563814 %) (beta_change: 16.386573 %) (delta_change:  1.309741 %) (delta_peak/R:  2.746498 %)
iter:  12000 (Jcost: 5.706006e-02) (lr = 2.943e-02) (elapsed time: 9391.928) (secs/iter:  0.729) (n_accepted: 80%) (u_error:  0.563659 %) (beta_change: 16.449062 %) (delta_change:  1.311906 %) (delta_peak/R:  2.745502 %)
-> Saved file: /media/rafael/DATA/Dropbox/20220924_FIML_solver/data/output/field_inversion/Beta_k__1__Beta_e__1/u_imp_100/FI_run_cProp_u_imp_100_k_imp_1_e_imp_1/FI_run_cProp_u_imp_100_k_imp_1_e_imp_1_state_iter_12000.dat
iter:  12100 (Jcost: 5.704587e-02) (lr = 7.613e-04) (elapsed time: 9493.284) (secs/iter:  1.014) (n_accepted: 75%) (u_error:  0.563652 %) (beta_change: 16.523873 %) (delta_change:  1.314548 %) (delta_peak/R:  2.744822 %)
iter:  12200 (Jcost: 5.703070e-02) (lr = 6.535e-04) (elapsed time: 9591.046) (secs/iter:  0.978) (n_accepted: 79%) (u_error:  0.563652 %) (beta_change: 16.604521 %) (delta_change:  1.317377 %) (delta_peak/R:  2.744110 %)
iter:  12300 (Jcost: 5.702076e-02) (lr = 1.861e-02) (elapsed time: 9683.277) (secs/iter:  0.922) (n_accepted: 83%) (u_error:  0.563621 %) (beta_change: 16.657643 %) (delta_change:  1.319217 %) (delta_peak/R:  2.743552 %)
iter:  12400 (Jcost: 5.700406e-02) (lr = 1.156e-03) (elapsed time: 9781.810) (secs/iter:  0.985) (n_accepted: 76%) (u_error:  0.563571 %) (beta_change: 16.747685 %) (delta_change:  1.322316 %) (delta_peak/R:  2.742615 %)
iter:  12500 (Jcost: 5.699241e-02) (lr = 3.291e-02) (elapsed time: 9878.044) (secs/iter:  0.962) (n_accepted: 83%) (u_error:  0.563576 %) (beta_change: 16.810816 %) (delta_change:  1.324487 %) (delta_peak/R:  2.742075 %)
-> Saved file: /media/rafael/DATA/Dropbox/20220924_FIML_solver/data/output/field_inversion/Beta_k__1__Beta_e__1/u_imp_100/FI_run_cProp_u_imp_100_k_imp_1_e_imp_1/FI_run_cProp_u_imp_100_k_imp_1_e_imp_1_state_iter_12500.dat
iter:  12600 (Jcost: 5.697832e-02) (lr = 1.177e-02) (elapsed time: 9975.497) (secs/iter:  0.975) (n_accepted: 78%) (u_error:  0.563570 %) (beta_change: 16.887740 %) (delta_change:  1.327112 %) (delta_peak/R:  2.741384 %)
iter:  12700 (Jcost: 5.696555e-02) (lr = 1.754e-03) (elapsed time: 10073.168) (secs/iter:  0.977) (n_accepted: 77%) (u_error:  0.563528 %) (beta_change: 16.958132 %) (delta_change:  1.329483 %) (delta_peak/R:  2.740645 %)
iter:  12800 (Jcost: 5.695180e-02) (lr = 1.506e-03) (elapsed time: 10169.267) (secs/iter:  0.961) (n_accepted: 79%) (u_error:  0.563563 %) (beta_change: 17.034390 %) (delta_change:  1.332063 %) (delta_peak/R:  2.740077 %)
iter:  12900 (Jcost: 5.693754e-02) (lr = 5.386e-04) (elapsed time: 10264.165) (secs/iter:  0.949) (n_accepted: 78%) (u_error:  0.563519 %) (beta_change: 17.113931 %) (delta_change:  1.334705 %) (delta_peak/R:  2.739256 %)
iter:  13000 (Jcost: 5.692421e-02) (lr = 1.534e-02) (elapsed time: 10359.322) (secs/iter:  0.952) (n_accepted: 83%) (u_error:  0.563368 %) (beta_change: 17.191814 %) (delta_change:  1.337233 %) (delta_peak/R:  2.738144 %)
-> Saved file: /media/rafael/DATA/Dropbox/20220924_FIML_solver/data/output/field_inversion/Beta_k__1__Beta_e__1/u_imp_100/FI_run_cProp_u_imp_100_k_imp_1_e_imp_1/FI_run_cProp_u_imp_100_k_imp_1_e_imp_1_state_iter_13000.dat
iter:  13100 (Jcost: 5.691365e-02) (lr = 3.160e-02) (elapsed time: 10460.270) (secs/iter:  1.009) (n_accepted: 80%) (u_error:  0.563529 %) (beta_change: 17.249180 %) (delta_change:  1.339183 %) (delta_peak/R:  2.738104 %)
iter:  13200 (Jcost: 5.690249e-02) (lr = 1.130e-02) (elapsed time: 10555.787) (secs/iter:  0.955) (n_accepted: 78%) (u_error:  0.563481 %) (beta_change: 17.312490 %) (delta_change:  1.341240 %) (delta_peak/R:  2.737418 %)
iter:  13300 (Jcost: 5.688939e-02) (lr = 4.043e-03) (elapsed time: 10648.317) (secs/iter:  0.925) (n_accepted: 78%) (u_error:  0.563457 %) (beta_change: 17.387709 %) (delta_change:  1.343680 %) (delta_peak/R:  2.736695 %)
iter:  13400 (Jcost: 5.687548e-02) (lr = 1.446e-03) (elapsed time: 10744.117) (secs/iter:  0.958) (n_accepted: 78%) (u_error:  0.563466 %) (beta_change: 17.468369 %) (delta_change:  1.346289 %) (delta_peak/R:  2.736019 %)
iter:  13500 (Jcost: 5.686504e-02) (lr = 1.716e-02) (elapsed time: 10832.067) (secs/iter:  0.880) (n_accepted: 82%) (u_error:  0.563426 %) (beta_change: 17.529037 %) (delta_change:  1.348221 %) (delta_peak/R:  2.735378 %)
-> Saved file: /media/rafael/DATA/Dropbox/20220924_FIML_solver/data/output/field_inversion/Beta_k__1__Beta_e__1/u_imp_100/FI_run_cProp_u_imp_100_k_imp_1_e_imp_1/FI_run_cProp_u_imp_100_k_imp_1_e_imp_1_state_iter_13500.dat
iter:  13600 (Jcost: 5.685433e-02) (lr = 1.065e-03) (elapsed time: 10908.193) (secs/iter:  0.761) (n_accepted: 76%) (u_error:  0.563387 %) (beta_change: 17.591924 %) (delta_change:  1.350213 %) (delta_peak/R:  2.734721 %)
iter:  13700 (Jcost: 5.684674e-02) (lr = 1.264e-02) (elapsed time: 10956.529) (secs/iter:  0.483) (n_accepted: 82%) (u_error:  0.563395 %) (beta_change: 17.636644 %) (delta_change:  1.351636 %) (delta_peak/R:  2.734359 %)
iter:  13800 (Jcost: 5.683500e-02) (lr = 1.884e-03) (elapsed time: 11024.047) (secs/iter:  0.675) (n_accepted: 77%) (u_error:  0.563338 %) (beta_change: 17.706612 %) (delta_change:  1.353823 %) (delta_peak/R:  2.733591 %)
iter:  13900 (Jcost: 5.682382e-02) (lr = 3.882e-03) (elapsed time: 11095.561) (secs/iter:  0.715) (n_accepted: 80%) (u_error:  0.563509 %) (beta_change: 17.777011 %) (delta_change:  1.356095 %) (delta_peak/R:  2.733472 %)
iter:  14000 (Jcost: 5.681400e-02) (lr = 4.606e-02) (elapsed time: 11167.283) (secs/iter:  0.717) (n_accepted: 82%) (u_error:  0.563349 %) (beta_change: 17.832136 %) (delta_change:  1.357753 %) (delta_peak/R:  2.732541 %)
-> Saved file: /media/rafael/DATA/Dropbox/20220924_FIML_solver/data/output/field_inversion/Beta_k__1__Beta_e__1/u_imp_100/FI_run_cProp_u_imp_100_k_imp_1_e_imp_1/FI_run_cProp_u_imp_100_k_imp_1_e_imp_1_state_iter_14000.dat
iter:  14100 (Jcost: 5.680280e-02) (lr = 1.647e-02) (elapsed time: 11246.489) (secs/iter:  0.792) (n_accepted: 78%) (u_error:  0.563370 %) (beta_change: 17.900155 %) (delta_change:  1.359869 %) (delta_peak/R:  2.732017 %)
iter:  14200 (Jcost: 5.679339e-02) (lr = 5.892e-03) (elapsed time: 11320.029) (secs/iter:  0.735) (n_accepted: 78%) (u_error:  0.563328 %) (beta_change: 17.957213 %) (delta_change:  1.361611 %) (delta_peak/R:  2.731404 %)
iter:  14300 (Jcost: 5.678143e-02) (lr = 8.781e-04) (elapsed time: 11393.007) (secs/iter:  0.730) (n_accepted: 77%) (u_error:  0.563375 %) (beta_change: 18.031491 %) (delta_change:  1.363903 %) (delta_peak/R:  2.730904 %)
iter:  14400 (Jcost: 5.677329e-02) (lr = 2.501e-02) (elapsed time: 11464.897) (secs/iter:  0.719) (n_accepted: 83%) (u_error:  0.563283 %) (beta_change: 18.080811 %) (delta_change:  1.365369 %) (delta_peak/R:  2.730218 %)
iter:  14500 (Jcost: 5.676420e-02) (lr = 3.727e-03) (elapsed time: 11539.416) (secs/iter:  0.745) (n_accepted: 77%) (u_error:  0.563285 %) (beta_change: 18.137176 %) (delta_change:  1.367076 %) (delta_peak/R:  2.729740 %)
-> Saved file: /media/rafael/DATA/Dropbox/20220924_FIML_solver/data/output/field_inversion/Beta_k__1__Beta_e__1/u_imp_100/FI_run_cProp_u_imp_100_k_imp_1_e_imp_1/FI_run_cProp_u_imp_100_k_imp_1_e_imp_1_state_iter_14500.dat
iter:  14600 (Jcost: 5.675418e-02) (lr = 1.333e-03) (elapsed time: 11619.941) (secs/iter:  0.805) (n_accepted: 78%) (u_error:  0.563256 %) (beta_change: 18.199748 %) (delta_change:  1.368949 %) (delta_peak/R:  2.729124 %)
iter:  14700 (Jcost: 5.674484e-02) (lr = 1.144e-03) (elapsed time: 11694.089) (secs/iter:  0.741) (n_accepted: 79%) (u_error:  0.563179 %) (beta_change: 18.259582 %) (delta_change:  1.370710 %) (delta_peak/R:  2.728391 %)
iter:  14800 (Jcost: 5.673508e-02) (lr = 2.357e-03) (elapsed time: 11767.755) (secs/iter:  0.737) (n_accepted: 80%) (u_error:  0.563157 %) (beta_change: 18.321510 %) (delta_change:  1.372545 %) (delta_peak/R:  2.727801 %)
iter:  14900 (Jcost: 5.672568e-02) (lr = 6.714e-02) (elapsed time: 11836.853) (secs/iter:  0.691) (n_accepted: 83%) (u_error:  0.563226 %) (beta_change: 18.379992 %) (delta_change:  1.374300 %) (delta_peak/R:  2.727499 %)
iter:  15000 (Jcost: 5.671575e-02) (lr = 2.401e-02) (elapsed time: 11910.353) (secs/iter:  0.735) (n_accepted: 78%) (u_error:  0.563250 %) (beta_change: 18.443836 %) (delta_change:  1.376187 %) (delta_peak/R:  2.727026 %)
-> Saved file: /media/rafael/DATA/Dropbox/20220924_FIML_solver/data/output/field_inversion/Beta_k__1__Beta_e__1/u_imp_100/FI_run_cProp_u_imp_100_k_imp_1_e_imp_1/FI_run_cProp_u_imp_100_k_imp_1_e_imp_1_state_iter_15000.dat
iter:  15000 (Jcost: 5.671547e-02) (lr = 2.881e-02) (elapsed time: 11916.180) (secs/iter:   None) (n_accepted: 0%) (u_error:  0.563204 %) (beta_change: 18.445392 %) (delta_change:  1.376216 %) (delta_peak/R:  2.726882 %)
