# ------------------------------------------------------------------------
#                  Input Arguments
# ------------------------------------------------------------------------
# Begin_Input_Arguments
{ 'all_b_mode': ['Beta_k', 'Beta_e'],
  'args_mk_solver': { 'torch': "<module 'torch' from "
                               "'/home/rafael/anaconda3/lib/python3.9/site-packages/torch/__init__.py'>",
                      'y_grid': [0.0, 0.000309700312, 0.000638645973, 0.00098802599, 0.00135910194, 0.00175321227, 0.00217177688, 0.00261630193, 0.00308838486, 0.00358971984, 0.00412210331, 0.00468744001, 0.00528774917, 0.00592517114, 0.00660197432, 0.0073205624, 0.00808348206, 0.00889343092, 0.00975326602, 0.0106660126, 0.0116348733, 0.0126632377, 0.0137546927, 0.0149130326, 0.0161422702, 0.0174466482, 0.0188306506, 0.0202990157, 0.0218567475, 0.02350913, 0.0252617393, 0.0271204584, 0.0290914903, 0.0311813732, 0.033396994, 0.0357456039, 0.0382348325, 0.0408727029, 0.0436676462, 0.0466285159, 0.0497646022, 0.0530856456, 0.0566018496, 0.0603238931, 0.0642629411, 0.068430655, 0.0728392004, 0.0775012535, 0.0824300053, 0.0876391634, 0.0931429507, 0.0989561006, 0.105093849, 0.111571922, 0.118406518, 0.125614286, 0.133212296, 0.141218006, 0.14964922, 0.158524039, 0.167860801, 0.177678022, 0.187994313, 0.1988283, 0.21019853, 0.222123362, 0.234620856, 0.247708641, 0.261403784, 0.275722637, 0.290680679, 0.306292354, 0.322570888, 0.339528108, 0.357174255, 0.375517785, 0.394565175, 0.414320726, 0.43478637, 0.45596148, 0.47784269, 0.500423731, 0.523695275, 0.547644806, 0.572256506, 0.597511177, 0.623386184, 0.649855436, 0.676889401, 0.704455158, 0.73251649, 0.761034018, 0.789965372, 0.819265404, 0.848886442, 0.878778572, 0.908889961, 0.939167201, 0.969555687, 1.0],
                      'Ret': 395,
                      'cp': 1.0,
                      'A_sca_rho': 1.0,
                      'A_sca_mu': 0.002531645569620253,
                      'A_sca_k': 0.002531645569620253,
                      'b_exp_rho': -1,
                      'b_exp_mu': 0.7,
                      'b_exp_k': 0,
                      'tensor_device': 'cpu',
                      'as_tensor': '<function '
                                   'Build_arguments_fi_run._mk_args_MK_solver.<locals>.<lambda> '
                                   'at 0x7fd120f64310>',
                      'ref_dns': { 'u_dns': [3.2375269606590145e-17, 0.1199916829284229, 0.247264514837938, 0.382197655762907, 0.5251747511438843, 0.676579880837571, 0.8367923534697237, 1.0061800579287525, 1.1850910489693507, 1.3738430657243734, 1.5727113693015706, 1.7820060918763398, 2.002176711759234, 2.233705998627426, 2.4770984775750806, 2.7328713472758133, 3.0014626774288184, 3.283248226925312, 3.578568778984372, 3.887722417218001, 4.210958137316892, 4.548458689255665, 4.900342681723476, 5.266712373825317, 5.647606585900122, 6.042934395438226, 6.452411481882431, 6.8756069299100036, 7.312075248550506, 7.761277288678814, 8.222429202667298, 8.69449725305808, 9.17631244155016, 9.666612819335883, 10.164380007405601, 10.668359137915045, 11.176268286355516, 11.686457053756145, 12.197969248585286, 12.708926607693993, 13.21713193794244, 13.720835225294183, 14.219054376473908, 14.709910299040391, 15.191133738346272, 15.66218895512571, 16.121983923076982, 16.568753713430585, 17.001942221856645, 17.420853104860022, 17.825328320936247, 18.21460796201732, 18.5891757722107, 18.947364329568444, 19.290100155267417, 19.618221159821456, 19.93130589097558, 20.230752551486994, 20.516087023223516, 20.78805737992168, 21.049129080868376, 21.29786165376538, 21.536712285664436, 21.767029518088112, 21.988792542668985, 22.202197591336752, 22.40995599384509, 22.61238076431313, 22.80928064749847, 23.002543658246477, 23.19414298245076, 23.38316072669632, 23.57116851604587, 23.757971104567453, 23.94319922541075, 24.12775133463945, 24.31153601860968, 24.49472663877128, 24.678458913885045, 24.86157261469509, 25.044331691253035, 25.225573694638992, 25.4054216463792, 25.5832240116621, 25.75807818257277, 25.92983580928113, 26.098401682841008, 26.261476631698066, 26.41877814978081, 26.570166966717334, 26.714039990299515, 26.84731470405247, 26.97047175828903, 27.081532194399813, 27.17767969076408, 27.25886600682195, 27.323700535574556, 27.370994417750513, 27.39940185298088, 27.409446879785932],
                                   'T_dns': [1.0, 1.0053487903989333, 1.0110462867306078, 1.0171139580946988, 1.0235741430116407, 1.0304499581683417, 1.0377651670152876, 1.0455439967246736, 1.0538108906008734, 1.0625901843330814, 1.0719057091670183, 1.0817829044383995, 1.0922516592527118, 1.103343133936842, 1.1150892002299622, 1.1275225974701497, 1.1406794598482997, 1.1545986535718156, 1.169320767108532, 1.1848849931876855, 1.2013216431310616, 1.2186559229329987, 1.2369065859144863, 1.2560801613897856, 1.2761704850566518, 1.297176295122419, 1.3191224132907353, 1.3420284952188961, 1.3658570489677024, 1.3905304778485796, 1.4159871125558294, 1.442175097904738, 1.469038705876853, 1.4965101242022962, 1.524472281691262, 1.5527749599399236, 1.5812637522209299, 1.6098270016699445, 1.6383858759423195, 1.6667917634029006, 1.6948479948802897, 1.7224182732710054, 1.7494867113832837, 1.77587901455417, 1.8014592197316937, 1.8262052107428253, 1.8500505233472526, 1.87294158700567, 1.894879327567687, 1.915778171487216, 1.9356428309982103, 1.9546231733902724, 1.9726460981542013, 1.989658303153589, 2.0058839357832583, 2.0212109573674444, 2.035761961444675, 2.0495408678954155, 2.0626727362702715, 2.0752151644103805, 2.0871185691309853, 2.098597403199676, 2.1095765442030285, 2.1202055134365265, 2.130454625901164, 2.140350321913519, 2.1499531128709175, 2.1593215402434716, 2.1684161785498572, 2.177338389526175, 2.1861036084100705, 2.194715467844455, 2.2031715710547513, 2.2115626398963646, 2.219717424440458, 2.227776621632075, 2.2356431914982737, 2.2434145259205898, 2.2510605382677173, 2.258551803522322, 2.265973184314005, 2.2731583103035042, 2.280116035466779, 2.286837837364563, 2.2933212270272443, 2.299587163317961, 2.3056214469223186, 2.3113803449528407, 2.3168441469047516, 2.3220061198432247, 2.326769882390049, 2.3312196977275557, 2.335322147769678, 2.3389031533001785, 2.3419928932503433, 2.344599764266534, 2.346628348055543, 2.3480112014841756, 2.348917554911661, 2.3492166594614377],
                                   'mu_dns': [0.002531645569620253, 0.002541116851182164, 0.002551188986090177, 0.002561896818532239, 0.002573276292477524, 0.0025853642462883623, 0.002598198136296681, 0.002611815670777538, 0.002626254333949769, 0.002641550782716695, 0.00265774012523829, 0.0026748595553382007, 0.00269295318482477, 0.0027120664241626524, 0.0027322449449304416, 0.002753534882571704, 0.0027759870722675285, 0.0027996557755832225, 0.002824596836270535, 0.0028508623187012997, 0.0028784879476094274, 0.002907499688629952, 0.0029379116793815294, 0.002969716923209366, 0.003002887012938952, 0.0030374015270519645, 0.0030732824366994102, 0.003110542363161212, 0.003149100915659753, 0.003188814549757668, 0.0032295678632946615, 0.0032712632821048477, 0.0033137990676161268, 0.0033570566181696944, 0.003400842951641284, 0.003444917832604723, 0.0034890398140267416, 0.003533038334299608, 0.0035767965761922304, 0.0036200939892242533, 0.0036626416701805893, 0.0037042470303647124, 0.0037449011449282596, 0.003784358463041607, 0.003822434120301543, 0.0038591140061549527, 0.003894318040543962, 0.003927985422699231, 0.003960135033553007, 0.003990658445626315, 0.004019578927253472, 0.004047128880626804, 0.004073214947514116, 0.004097772592671864, 0.004121136169392843, 0.00414315379902537, 0.004164010356954332, 0.004183719046086242, 0.004202465280884885, 0.0042203366657521495, 0.004237267575878379, 0.004253567178132925, 0.004269132223574603, 0.004284177697560209, 0.004298664063482943, 0.004312631075896641, 0.004326166166168405, 0.004339353455001388, 0.0043521389403776735, 0.004364666399431221, 0.004376958442138522, 0.004389021027215057, 0.004400851636221917, 0.004412577800133818, 0.00442396098450525, 0.004435198419832892, 0.00444615550693043, 0.00445696859222335, 0.004467596342159725, 0.0044779984998455655, 0.004488293416560649, 0.004498250968316412, 0.004507884380287202, 0.004517182769600565, 0.004526143593769728, 0.0045347966521845215, 0.0045431231220920435, 0.0045510635034828285, 0.004558591520749042, 0.004565698787162249, 0.004572253572781058, 0.0045783727411595025, 0.00458401112602466, 0.004588930411869472, 0.004593173022587386, 0.004596751286207179, 0.004599534950980738, 0.004601432117363253, 0.004602675381292658, 0.004603085637666109],
                                   'rho_dns': [1.0, 0.9946796669474175, 0.9890744005733626, 0.9831740013412484, 0.9769687978417675, 0.9704498428798353, 0.9636091398944292, 0.956439904138566, 0.9489368623148401, 0.9410965909003148, 0.9329178783618043, 0.924399891971988, 0.9155399229918975, 0.9063363601420139, 0.89678924322267, 0.8869001847446115, 0.876670471591547, 0.8661018241329522, 0.8551973317576287, 0.8439637650483773, 0.8324165353365752, 0.8205761619680567, 0.8084684901735458, 0.796127532890539, 0.7835943643185009, 0.7709052375996638, 0.7580797581214318, 0.7451406609938573, 0.7321410397638519, 0.7191500049299128, 0.7062211167974681, 0.6933970787963601, 0.6807172581631271, 0.6682213396538448, 0.6559646980859448, 0.6440083243219543, 0.632405567126592, 0.6211847602025906, 0.6103568241668641, 0.5999549685549279, 0.5900234139113059, 0.5805790704373582, 0.5715962250489575, 0.5631014229035458, 0.5551055439095304, 0.5475835870565943, 0.5405257788261499, 0.5339194809586834, 0.527738091524606, 0.5219811014047109, 0.5166242366543937, 0.5116075638587212, 0.5069333018911486, 0.5025988625358484, 0.4985333309474457, 0.49475290857440457, 0.4912165660519326, 0.4879141546598466, 0.48480788174288947, 0.4818777431612131, 0.47912946336171525, 0.47650873791958687, 0.4740287821022334, 0.4716523910831427, 0.4693833831720347, 0.46721323596502584, 0.46512642253144787, 0.46310842612501624, 0.4611660851325859, 0.4592763370224766, 0.45743486088808444, 0.4556399290255845, 0.45389111458135684, 0.45216896956030184, 0.45050779391528994, 0.4488780384396876, 0.4472985688426534, 0.4457490973896801, 0.44423505410011793, 0.4427615954792142, 0.44131148899837375, 0.43991656694886483, 0.43857417098304946, 0.43728505085102026, 0.4360488134914561, 0.43486066366675535, 0.4337225442341629, 0.4326419068949914, 0.4316216096520675, 0.4306620863116059, 0.429780360992469, 0.4289599993405974, 0.4282064472154466, 0.4275508366342599, 0.42698677817597747, 0.42651202786964026, 0.42614332211089895, 0.4258923464112526, 0.42572801157238077, 0.4256738074679123]},
                      'case': 'T31_GL',
                      'constant_Sq_heat': 0.04443037974683545,
                      'use_visc_heating': False,
                      'Pr_turb': 1.0,
                      'fprint': '<function '
                                'Build_arguments_fi_run._mk_args_MK_solver.<locals>.<lambda> '
                                'at 0x7fd120f64ee0>',
                      'compressible_correction': False,
                      'bool_solve_energy': False,
                      'output_last': False},
  'u_imp': 100,
  'k_imp': 1,
  'e_imp': 1,
  'solve_sparse_adj': True,
  'all_ref_beta_distrib': {'K': [1.0, 1.00031351, 1.00054943, 1.00069711, 1.00075349, 1.00071627, 1.00058321, 1.0003523, 1.00002206, 0.99959183, 0.99906209, 0.99843472, 0.99771332, 0.99690343, 0.99601281, 0.99505172, 0.99403314, 0.99297307, 0.99189081, 0.99080923, 0.98975511, 0.98875942, 0.98785751, 0.98708935, 0.98649949, 0.98613672, 0.98605317, 0.98630309, 0.98694058, 0.98801545, 0.9895682, 0.99162597, 0.99420011, 0.99728493, 1.00085693, 1.00487386, 1.00927443, 1.01397894, 1.01889047, 1.02389595, 1.02886881, 1.03367419, 1.03817604, 1.04223633, 1.04572466, 1.04852673, 1.05054403, 1.05170027, 1.05194658, 1.05125655, 1.04963277, 1.04710931, 1.04373583, 1.03958679, 1.03476816, 1.029391, 1.0235909, 1.01751416, 1.01132348, 1.00519394, 0.99931024, 0.99386189, 0.98903964, 0.98501202, 0.9819235, 0.97988712, 0.97897342, 0.97920737, 0.98057716, 0.98301932, 0.98641351, 0.99058935, 0.99534183, 1.00044815, 1.00570173, 1.0109221, 1.01596264, 1.02071778, 1.02510779, 1.02909498, 1.03271619, 1.03607968, 1.03936911, 1.04278382, 1.04649233, 1.05052925, 1.05469298, 1.0585894, 1.06166556, 1.06319594, 1.06252121, 1.05938143, 1.05396374, 1.04685689, 1.03903712, 1.03163462, 1.02568388, 1.02203645, 1.0212933, 1.0119208], 'E': [1.0, 1.00018918, 1.00029186, 1.00040339, 1.00052529, 1.00065907, 1.00080639, 1.00096904, 1.00114893, 1.00134805, 1.00156839, 1.00181195, 1.00208057, 1.00237588, 1.00269901, 1.00305042, 1.0034295, 1.00383405, 1.00425956, 1.00469812, 1.00513702, 1.00555718, 1.00593172, 1.0062256, 1.00639798, 1.00640854, 1.00622613, 1.00583285, 1.00521568, 1.00434608, 1.00316088, 1.00156216, 0.9994396, 0.99669362, 0.99324158, 0.98901466, 0.98395757, 0.97803172, 0.97121967, 0.96353313, 0.95501942, 0.94576286, 0.93588355, 0.92555884, 0.91502003, 0.90455223, 0.89451855, 0.8853706, 0.87766284, 0.87209887, 0.86954795, 0.87107456, 0.87802786, 0.89204386, 0.91503993, 0.94929506, 0.99740429, 1.06252536, 1.14864105, 1.25792953, 1.38352527, 1.50740964, 1.60909402, 1.67599552, 1.70547301, 1.70158874, 1.67111533, 1.62097216, 1.55704891, 1.48412932, 1.40606019, 1.32594939, 1.24632898, 1.16932319, 1.09668344, 1.02992854, 0.9703961, 0.91925051, 0.8774788, 0.84573747, 0.82416903, 0.81232445, 0.80915511, 0.81316163, 0.82254935, 0.8355219, 0.85054794, 0.86640627, 0.88227735, 0.89784268, 0.9130236, 0.92766387, 0.94150441, 0.95420014, 0.96526831, 0.97422187, 0.98069788, 0.98443786, 0.98527052, 0.99150093]},
  'all_ref_delta_distrib': {'K': [-0.0, -0.0031030209346502207, -0.005721446761789563, -0.007643753570841208, -0.008707811087892339, -0.008733431508358733, -0.007510712553811926, -0.0047973146853321855, -0.00031798229888422446, 0.006234849465459537, 0.015198276710763809, 0.02693459846121577, 0.04182263112746348, 0.06024640123129192, 0.08257738412467874, 0.10914960167040912, 0.14022702549720323, 0.17595909393357642, 0.21632484931209137, 0.26106546423715177, 0.309604800362257, 0.3609607984184864, 0.41365767817115545, 0.4656453046989628, 0.5142464609509361, 0.5561406492957545, 0.5874077097287528, 0.6036485965701562, 0.6001893659334934, 0.5723550923563282, 0.5158176631545746, 0.42703566491579764, 0.30373306789231735, 0.1453438912484607, -0.04666552963154459, -0.2686507824889695, -0.5148366552916808, -0.7775309197847406, -1.0474802072514617, -1.31438690816242, -1.567533623316646, -1.796425313634583, -1.9914518771285636, -2.144448852357399, -2.2492354048660474, -2.302009239054731, -2.301481080996738, -2.248968529878424, -2.1483040967042024, -2.0054185648487484, -1.82796903192464, -1.624875929727678, -1.40555164620434, -1.1794620370793913, -0.9556508742167723, -0.7418905849918384, -0.5446126224904018, -0.3685144784208169, -0.21658864128922736, -0.0901779821982033, 0.010870033069208944, 0.08792292782398528, 0.14310845489168167, 0.17907527854977812, 0.1985340309384784, 0.20404276632901044, 0.19798387256143937, 0.1825474432594366, 0.15967678043078495, 0.13122168356014793, 0.0990217990478524, 0.06487002730737584, 0.03043903377989983, -0.002780669523339347, -0.033630280503420304, -0.06126459402879755, -0.08513320423764678, -0.10495986717690821, -0.12063534319872146, -0.1322759210751136, -0.14032511234758588, -0.14549047748721747, -0.1486596491551118, -0.15061559356516518, -0.15187124570339733, -0.15240395311932758, -0.15155033021225395, -0.14840383582104427, -0.1420941339463559, -0.13188698221313971, -0.11773440676699133, -0.10063181169347256, -0.08221839299862095, -0.06427802034838331, -0.04844121669287782, -0.03581944370059569, -0.02689274969756845, -0.02172771854197223, -0.02021449918672928, -0.011171735723703141], 'E': [-0.0, -0.04219333106910528, -0.09252025847047254, -0.15241552349863524, -0.22372726575944984, -0.308611500395173, -0.4096181175528476, -0.5297326457487516, -0.6724232595275388, -0.8416699241620497, -1.0419588614126876, -1.278310445352541, -1.5561562830493894, -1.8812706015722795, -2.259465324237557, -2.6962925242368287, -3.196459242584545, -3.763046928573691, -4.396464920526038, -5.093004110356752, -5.843083548432651, -6.629079280292642, -7.422876631284325, -8.18334741865117, -8.854134763451434, -9.362007776170294, -9.616187854126593, -9.509074448889695, -8.918094319442817, -7.708417378556798, -5.738027779113048, -2.8667097503106493, 1.029844404975766, 6.04327490572704, 12.216334238135257, 19.529514308235477, 27.89208718198403, 37.137346271166365, 47.023065145773394, 57.23793841968758, 67.41355265498838, 77.14077674300262, 85.99103503618424, 93.5366413836596, 99.37608115783443, 103.15858144961388, 104.6019916021039, 103.51305687549782, 99.8038353469256, 93.49512270554939, 84.7232848874288, 73.74128641294863, 60.901362778670446, 46.64895908119875, 31.503168830839204, 16.008162470888035, 0.6929140756197439, -14.033245039067875, -27.937750621940822, -40.52628990396725, -50.42601395082682, -56.046587182175024, -56.90355318658196, -53.88838340010127, -48.47770077397735, -42.00689105238981, -35.38986074231074, -29.140671029589857, -23.4918008914364, -18.513134952259712, -14.19466801888508, -10.490868179025728, -7.344748999912399, -4.7007950788473565, -2.5092384036058393, -0.7281423053867769, 0.6762652787734609, 1.7325267368223238, 2.466694702695515, 2.9079584611382474, 3.0929993265882936, 3.0672673960938, 2.8826228373817964, 2.5925022531213435, 2.247054571493097, 1.8875039297607388, 1.54306640500104, 1.2319817042584822, 0.9627117707479724, 0.7358076015938844, 0.5484506653766301, 0.39744108402311584, 0.27930967527270983, 0.19016816147531224, 0.1260298326867958, 0.08261961149296379, 0.0555942472748517, 0.041268765404532504, 0.03707042287083754, 0.02100993432331142]},
  'fname_print': '/media/rafael/DATA/Dropbox/20220924_FIML_solver/data/output/field_inversion/Beta_k__1__Beta_e__1/u_imp_100/FI_run_T31_GL_u_imp_100_k_imp_1_e_imp_1/FI_run_T31_GL_u_imp_100_k_imp_1_e_imp_1.log',
  'folder': '/media/rafael/DATA/Dropbox/20220924_FIML_solver/data/output/field_inversion/Beta_k__1__Beta_e__1/u_imp_100/FI_run_T31_GL_u_imp_100_k_imp_1_e_imp_1',
  'iters_limit': 15000}
# End_Input_Arguments

# ------------------------------------------------------------------------
#                  Iterations
# ------------------------------------------------------------------------

iter:      0 (Jcost: 1.084036e+01) (lr = 1.000e-03) (elapsed time:  0.002) (secs/iter:   None) (n_accepted: 0%) (u_error:  6.185887 %) (beta_change: 38.433447 %) (delta_change:  4.214775 %) (delta_peak/R:  0.000000 %)
-> Saved file: /media/rafael/DATA/Dropbox/20220924_FIML_solver/data/output/field_inversion/Beta_k__1__Beta_e__1/u_imp_100/FI_run_T31_GL_u_imp_100_k_imp_1_e_imp_1/FI_run_T31_GL_u_imp_100_k_imp_1_e_imp_1_state_iter_0.dat
iter:    100 (Jcost: 2.291534e-01) (lr = 2.373e-02) (elapsed time: 125.382) (secs/iter:  1.254) (n_accepted: 83%) (u_error:  0.873715 %) (beta_change: 34.615663 %) (delta_change:  2.993384 %) (delta_peak/R:  5.285660 %)
iter:    200 (Jcost: 1.722114e-01) (lr = 2.037e-02) (elapsed time: 236.917) (secs/iter:  1.115) (n_accepted: 79%) (u_error:  0.550232 %) (beta_change: 34.222321 %) (delta_change:  2.438506 %) (delta_peak/R:  5.392547 %)
iter:    300 (Jcost: 1.400380e-01) (lr = 3.036e-03) (elapsed time: 342.763) (secs/iter:  1.058) (n_accepted: 77%) (u_error:  0.487676 %) (beta_change: 34.174662 %) (delta_change:  2.417977 %) (delta_peak/R:  5.455870 %)
iter:    400 (Jcost: 1.238445e-01) (lr = 4.525e-04) (elapsed time: 449.786) (secs/iter:  1.070) (n_accepted: 77%) (u_error:  0.483007 %) (beta_change: 34.062327 %) (delta_change:  2.413640 %) (delta_peak/R:  5.428329 %)
iter:    500 (Jcost: 1.163503e-01) (lr = 3.093e-02) (elapsed time: 552.466) (secs/iter:  1.027) (n_accepted: 84%) (u_error:  0.477665 %) (beta_change: 33.937882 %) (delta_change:  2.371586 %) (delta_peak/R:  5.342356 %)
-> Saved file: /media/rafael/DATA/Dropbox/20220924_FIML_solver/data/output/field_inversion/Beta_k__1__Beta_e__1/u_imp_100/FI_run_T31_GL_u_imp_100_k_imp_1_e_imp_1/FI_run_T31_GL_u_imp_100_k_imp_1_e_imp_1_state_iter_500.dat
iter:    600 (Jcost: 1.113549e-01) (lr = 4.609e-03) (elapsed time: 669.891) (secs/iter:  1.174) (n_accepted: 77%) (u_error:  0.475537 %) (beta_change: 33.801709 %) (delta_change:  2.344136 %) (delta_peak/R:  5.283938 %)
iter:    700 (Jcost: 1.071848e-01) (lr = 6.868e-04) (elapsed time: 783.307) (secs/iter:  1.134) (n_accepted: 77%) (u_error:  0.473675 %) (beta_change: 33.624665 %) (delta_change:  2.308258 %) (delta_peak/R:  5.194813 %)
iter:    800 (Jcost: 1.044787e-01) (lr = 1.956e-02) (elapsed time: 891.370) (secs/iter:  1.081) (n_accepted: 83%) (u_error:  0.472349 %) (beta_change: 33.473052 %) (delta_change:  2.275277 %) (delta_peak/R:  5.113485 %)
iter:    900 (Jcost: 1.023713e-01) (lr = 2.915e-03) (elapsed time: 999.207) (secs/iter:  1.078) (n_accepted: 77%) (u_error:  0.471271 %) (beta_change: 33.317290 %) (delta_change:  2.238181 %) (delta_peak/R:  5.055108 %)
iter:   1000 (Jcost: 9.972038e-02) (lr = 4.344e-04) (elapsed time: 1107.379) (secs/iter:  1.082) (n_accepted: 77%) (u_error:  0.470390 %) (beta_change: 33.048499 %) (delta_change:  2.176487 %) (delta_peak/R:  4.957665 %)
-> Saved file: /media/rafael/DATA/Dropbox/20220924_FIML_solver/data/output/field_inversion/Beta_k__1__Beta_e__1/u_imp_100/FI_run_T31_GL_u_imp_100_k_imp_1_e_imp_1/FI_run_T31_GL_u_imp_100_k_imp_1_e_imp_1_state_iter_1000.dat
iter:   1100 (Jcost: 9.831883e-02) (lr = 5.155e-03) (elapsed time: 1218.082) (secs/iter:  1.107) (n_accepted: 82%) (u_error:  0.470890 %) (beta_change: 32.838015 %) (delta_change:  2.143342 %) (delta_peak/R:  4.893261 %)
iter:   1200 (Jcost: 9.739866e-02) (lr = 1.062e-02) (elapsed time: 1323.362) (secs/iter:  1.053) (n_accepted: 80%) (u_error:  0.469814 %) (beta_change: 32.686051 %) (delta_change:  2.120968 %) (delta_peak/R:  4.844323 %)
iter:   1300 (Jcost: 9.642157e-02) (lr = 9.116e-03) (elapsed time: 1430.141) (secs/iter:  1.068) (n_accepted: 79%) (u_error:  0.469440 %) (beta_change: 32.478286 %) (delta_change:  2.088744 %) (delta_peak/R:  4.789639 %)
iter:   1400 (Jcost: 9.563814e-02) (lr = 3.261e-03) (elapsed time: 1534.308) (secs/iter:  1.042) (n_accepted: 78%) (u_error:  0.469397 %) (beta_change: 32.285453 %) (delta_change:  2.063492 %) (delta_peak/R:  4.745290 %)
iter:   1500 (Jcost: 9.470432e-02) (lr = 1.166e-03) (elapsed time: 1634.793) (secs/iter:  1.005) (n_accepted: 78%) (u_error:  0.468982 %) (beta_change: 32.022492 %) (delta_change:  2.034420 %) (delta_peak/R:  4.690888 %)
-> Saved file: /media/rafael/DATA/Dropbox/20220924_FIML_solver/data/output/field_inversion/Beta_k__1__Beta_e__1/u_imp_100/FI_run_T31_GL_u_imp_100_k_imp_1_e_imp_1/FI_run_T31_GL_u_imp_100_k_imp_1_e_imp_1_state_iter_1500.dat
iter:   1600 (Jcost: 9.393551e-02) (lr = 3.321e-02) (elapsed time: 1737.131) (secs/iter:  1.023) (n_accepted: 83%) (u_error:  0.468691 %) (beta_change: 31.757675 %) (delta_change:  2.005542 %) (delta_peak/R:  4.648095 %)
iter:   1700 (Jcost: 9.341633e-02) (lr = 2.851e-02) (elapsed time: 1838.321) (secs/iter:  1.012) (n_accepted: 79%) (u_error:  0.468831 %) (beta_change: 31.549734 %) (delta_change:  1.985486 %) (delta_peak/R:  4.619322 %)
iter:   1800 (Jcost: 9.296031e-02) (lr = 1.020e-02) (elapsed time: 1935.623) (secs/iter:  0.973) (n_accepted: 78%) (u_error:  0.468722 %) (beta_change: 31.345973 %) (delta_change:  1.965375 %) (delta_peak/R:  4.592442 %)
iter:   1900 (Jcost: 9.247756e-02) (lr = 1.520e-03) (elapsed time: 2032.317) (secs/iter:  0.967) (n_accepted: 77%) (u_error:  0.468485 %) (beta_change: 31.106416 %) (delta_change:  1.941284 %) (delta_peak/R:  4.563242 %)
iter:   2000 (Jcost: 9.209767e-02) (lr = 5.435e-04) (elapsed time: 2122.881) (secs/iter:  0.906) (n_accepted: 78%) (u_error:  0.468415 %) (beta_change: 30.898140 %) (delta_change:  1.920525 %) (delta_peak/R:  4.540894 %)
-> Saved file: /media/rafael/DATA/Dropbox/20220924_FIML_solver/data/output/field_inversion/Beta_k__1__Beta_e__1/u_imp_100/FI_run_T31_GL_u_imp_100_k_imp_1_e_imp_1/FI_run_T31_GL_u_imp_100_k_imp_1_e_imp_1_state_iter_2000.dat
iter:   2100 (Jcost: 9.170448e-02) (lr = 1.548e-02) (elapsed time: 2224.609) (secs/iter:  1.017) (n_accepted: 83%) (u_error:  0.468660 %) (beta_change: 30.659772 %) (delta_change:  1.897128 %) (delta_peak/R:  4.519134 %)
iter:   2200 (Jcost: 9.139457e-02) (lr = 3.189e-02) (elapsed time: 2323.720) (secs/iter:  0.991) (n_accepted: 80%) (u_error:  0.468364 %) (beta_change: 30.464920 %) (delta_change:  1.877900 %) (delta_peak/R:  4.500928 %)
iter:   2300 (Jcost: 9.108791e-02) (lr = 1.141e-02) (elapsed time: 2422.690) (secs/iter:  0.990) (n_accepted: 78%) (u_error:  0.468215 %) (beta_change: 30.255829 %) (delta_change:  1.857168 %) (delta_peak/R:  4.483665 %)
iter:   2400 (Jcost: 9.080606e-02) (lr = 4.080e-03) (elapsed time: 2521.740) (secs/iter:  0.990) (n_accepted: 78%) (u_error:  0.468195 %) (beta_change: 30.052029 %) (delta_change:  1.837262 %) (delta_peak/R:  4.468833 %)
iter:   2500 (Jcost: 9.047092e-02) (lr = 6.080e-04) (elapsed time: 2618.926) (secs/iter:  0.972) (n_accepted: 77%) (u_error:  0.468160 %) (beta_change: 29.799817 %) (delta_change:  1.815092 %) (delta_peak/R:  4.451852 %)
-> Saved file: /media/rafael/DATA/Dropbox/20220924_FIML_solver/data/output/field_inversion/Beta_k__1__Beta_e__1/u_imp_100/FI_run_T31_GL_u_imp_100_k_imp_1_e_imp_1/FI_run_T31_GL_u_imp_100_k_imp_1_e_imp_1_state_iter_2500.dat
iter:   2600 (Jcost: 9.023168e-02) (lr = 1.252e-03) (elapsed time: 2722.015) (secs/iter:  1.031) (n_accepted: 80%) (u_error:  0.467820 %) (beta_change: 29.612189 %) (delta_change:  1.797974 %) (delta_peak/R:  4.438670 %)
iter:   2700 (Jcost: 8.998932e-02) (lr = 2.580e-03) (elapsed time: 2820.101) (secs/iter:  0.981) (n_accepted: 80%) (u_error:  0.467758 %) (beta_change: 29.417172 %) (delta_change:  1.780112 %) (delta_peak/R:  4.427246 %)
iter:   2800 (Jcost: 8.978710e-02) (lr = 3.062e-02) (elapsed time: 2914.636) (secs/iter:  0.945) (n_accepted: 82%) (u_error:  0.468000 %) (beta_change: 29.253204 %) (delta_change:  1.765046 %) (delta_peak/R:  4.419656 %)
iter:   2900 (Jcost: 8.955979e-02) (lr = 4.563e-03) (elapsed time: 3014.040) (secs/iter:  0.994) (n_accepted: 77%) (u_error:  0.467982 %) (beta_change: 29.056760 %) (delta_change:  1.747021 %) (delta_peak/R:  4.410923 %)
iter:   3000 (Jcost: 8.932611e-02) (lr = 2.833e-04) (elapsed time: 3110.359) (secs/iter:  0.963) (n_accepted: 76%) (u_error:  0.467890 %) (beta_change: 28.846998 %) (delta_change:  1.727790 %) (delta_peak/R:  4.402328 %)
-> Saved file: /media/rafael/DATA/Dropbox/20220924_FIML_solver/data/output/field_inversion/Beta_k__1__Beta_e__1/u_imp_100/FI_run_T31_GL_u_imp_100_k_imp_1_e_imp_1/FI_run_T31_GL_u_imp_100_k_imp_1_e_imp_1_state_iter_3000.dat
iter:   3100 (Jcost: 8.911734e-02) (lr = 1.401e-03) (elapsed time: 3208.977) (secs/iter:  0.986) (n_accepted: 81%) (u_error:  0.467971 %) (beta_change: 28.651927 %) (delta_change:  1.709912 %) (delta_peak/R:  4.395692 %)
iter:   3200 (Jcost: 8.896661e-02) (lr = 1.662e-02) (elapsed time: 3295.911) (secs/iter:  0.869) (n_accepted: 82%) (u_error:  0.467846 %) (beta_change: 28.508387 %) (delta_change:  1.696797 %) (delta_peak/R:  4.390304 %)
iter:   3300 (Jcost: 8.879044e-02) (lr = 5.946e-03) (elapsed time: 3392.577) (secs/iter:  0.967) (n_accepted: 78%) (u_error:  0.467842 %) (beta_change: 28.335312 %) (delta_change:  1.681000 %) (delta_peak/R:  4.384784 %)
iter:   3400 (Jcost: 8.860068e-02) (lr = 5.104e-03) (elapsed time: 3491.467) (secs/iter:  0.989) (n_accepted: 79%) (u_error:  0.467763 %) (beta_change: 28.143932 %) (delta_change:  1.663588 %) (delta_peak/R:  4.378713 %)
iter:   3500 (Jcost: 8.839724e-02) (lr = 1.826e-03) (elapsed time: 3587.022) (secs/iter:  0.956) (n_accepted: 78%) (u_error:  0.467702 %) (beta_change: 27.932534 %) (delta_change:  1.644418 %) (delta_peak/R:  4.372519 %)
-> Saved file: /media/rafael/DATA/Dropbox/20220924_FIML_solver/data/output/field_inversion/Beta_k__1__Beta_e__1/u_imp_100/FI_run_T31_GL_u_imp_100_k_imp_1_e_imp_1/FI_run_T31_GL_u_imp_100_k_imp_1_e_imp_1_state_iter_3500.dat
iter:   3600 (Jcost: 8.821256e-02) (lr = 1.567e-03) (elapsed time: 3691.938) (secs/iter:  1.049) (n_accepted: 79%) (u_error:  0.467893 %) (beta_change: 27.731100 %) (delta_change:  1.626197 %) (delta_peak/R:  4.368087 %)
iter:   3700 (Jcost: 8.809963e-02) (lr = 5.605e-04) (elapsed time: 3789.074) (secs/iter:  0.971) (n_accepted: 78%) (u_error:  0.467658 %) (beta_change: 27.611651 %) (delta_change:  1.615466 %) (delta_peak/R:  4.364031 %)
iter:   3800 (Jcost: 8.791486e-02) (lr = 1.155e-03) (elapsed time: 3881.602) (secs/iter:  0.925) (n_accepted: 80%) (u_error:  0.467500 %) (beta_change: 27.404563 %) (delta_change:  1.597060 %) (delta_peak/R:  4.358343 %)
iter:   3900 (Jcost: 8.775539e-02) (lr = 5.709e-03) (elapsed time: 3972.390) (secs/iter:  0.908) (n_accepted: 81%) (u_error:  0.467855 %) (beta_change: 27.215884 %) (delta_change:  1.581732 %) (delta_peak/R:  4.355634 %)
iter:   4000 (Jcost: 8.759224e-02) (lr = 2.823e-02) (elapsed time: 4065.024) (secs/iter:  0.926) (n_accepted: 81%) (u_error:  0.467554 %) (beta_change: 27.032104 %) (delta_change:  1.566895 %) (delta_peak/R:  4.350261 %)
-> Saved file: /media/rafael/DATA/Dropbox/20220924_FIML_solver/data/output/field_inversion/Beta_k__1__Beta_e__1/u_imp_100/FI_run_T31_GL_u_imp_100_k_imp_1_e_imp_1/FI_run_T31_GL_u_imp_100_k_imp_1_e_imp_1_state_iter_4000.dat
iter:   4100 (Jcost: 8.743926e-02) (lr = 1.010e-02) (elapsed time: 4168.428) (secs/iter:  1.034) (n_accepted: 78%) (u_error:  0.467556 %) (beta_change: 26.848811 %) (delta_change:  1.552095 %) (delta_peak/R:  4.346418 %)
iter:   4200 (Jcost: 8.729251e-02) (lr = 6.269e-04) (elapsed time: 4268.438) (secs/iter:  1.000) (n_accepted: 76%) (u_error:  0.467442 %) (beta_change: 26.669906 %) (delta_change:  1.537692 %) (delta_peak/R:  4.342286 %)
iter:   4300 (Jcost: 8.720087e-02) (lr = 5.382e-04) (elapsed time: 4365.759) (secs/iter:  0.973) (n_accepted: 79%) (u_error:  0.467444 %) (beta_change: 26.556090 %) (delta_change:  1.528539 %) (delta_peak/R:  4.340061 %)
iter:   4400 (Jcost: 8.708609e-02) (lr = 6.386e-03) (elapsed time: 4458.135) (secs/iter:  0.924) (n_accepted: 82%) (u_error:  0.467443 %) (beta_change: 26.411371 %) (delta_change:  1.516923 %) (delta_peak/R:  4.337279 %)
iter:   4500 (Jcost: 8.696057e-02) (lr = 3.965e-04) (elapsed time: 4553.799) (secs/iter:  0.957) (n_accepted: 76%) (u_error:  0.467365 %) (beta_change: 26.250688 %) (delta_change:  1.504062 %) (delta_peak/R:  4.333927 %)
-> Saved file: /media/rafael/DATA/Dropbox/20220924_FIML_solver/data/output/field_inversion/Beta_k__1__Beta_e__1/u_imp_100/FI_run_T31_GL_u_imp_100_k_imp_1_e_imp_1/FI_run_T31_GL_u_imp_100_k_imp_1_e_imp_1_state_iter_4500.dat
iter:   4600 (Jcost: 8.684101e-02) (lr = 4.705e-03) (elapsed time: 4655.835) (secs/iter:  1.020) (n_accepted: 82%) (u_error:  0.467065 %) (beta_change: 26.087424 %) (delta_change:  1.491052 %) (delta_peak/R:  4.329610 %)
iter:   4700 (Jcost: 8.670961e-02) (lr = 2.327e-02) (elapsed time: 4716.422) (secs/iter:  0.606) (n_accepted: 81%) (u_error:  0.467311 %) (beta_change: 25.920677 %) (delta_change:  1.477740 %) (delta_peak/R:  4.327756 %)
iter:   4800 (Jcost: 8.659437e-02) (lr = 1.997e-02) (elapsed time: 4810.639) (secs/iter:  0.942) (n_accepted: 79%) (u_error:  0.467298 %) (beta_change: 25.765195 %) (delta_change:  1.465388 %) (delta_peak/R:  4.325006 %)
iter:   4900 (Jcost: 8.648148e-02) (lr = 5.167e-04) (elapsed time: 4908.634) (secs/iter:  0.980) (n_accepted: 75%) (u_error:  0.467258 %) (beta_change: 25.610515 %) (delta_change:  1.453137 %) (delta_peak/R:  4.322205 %)
iter:   5000 (Jcost: 8.636059e-02) (lr = 3.532e-02) (elapsed time: 4999.531) (secs/iter:  0.909) (n_accepted: 84%) (u_error:  0.467125 %) (beta_change: 25.441203 %) (delta_change:  1.439776 %) (delta_peak/R:  4.318801 %)
-> Saved file: /media/rafael/DATA/Dropbox/20220924_FIML_solver/data/output/field_inversion/Beta_k__1__Beta_e__1/u_imp_100/FI_run_T31_GL_u_imp_100_k_imp_1_e_imp_1/FI_run_T31_GL_u_imp_100_k_imp_1_e_imp_1_state_iter_5000.dat
iter:   5100 (Jcost: 8.627659e-02) (lr = 9.138e-04) (elapsed time: 5099.668) (secs/iter:  1.001) (n_accepted: 75%) (u_error:  0.467207 %) (beta_change: 25.323395 %) (delta_change:  1.430486 %) (delta_peak/R:  4.317248 %)
iter:   5200 (Jcost: 8.616831e-02) (lr = 2.602e-02) (elapsed time: 5191.333) (secs/iter:  0.917) (n_accepted: 83%) (u_error:  0.467135 %) (beta_change: 25.168190 %) (delta_change:  1.418299 %) (delta_peak/R:  4.314436 %)
iter:   5300 (Jcost: 8.605467e-02) (lr = 9.308e-03) (elapsed time: 5285.074) (secs/iter:  0.937) (n_accepted: 78%) (u_error:  0.467125 %) (beta_change: 25.002951 %) (delta_change:  1.405357 %) (delta_peak/R:  4.311785 %)
iter:   5400 (Jcost: 8.595011e-02) (lr = 1.387e-03) (elapsed time: 5379.646) (secs/iter:  0.946) (n_accepted: 77%) (u_error:  0.467039 %) (beta_change: 24.850637 %) (delta_change:  1.393262 %) (delta_peak/R:  4.308993 %)
iter:   5500 (Jcost: 8.582946e-02) (lr = 4.961e-04) (elapsed time: 5477.008) (secs/iter:  0.974) (n_accepted: 78%) (u_error:  0.467074 %) (beta_change: 24.675221 %) (delta_change:  1.379204 %) (delta_peak/R:  4.306394 %)
-> Saved file: /media/rafael/DATA/Dropbox/20220924_FIML_solver/data/output/field_inversion/Beta_k__1__Beta_e__1/u_imp_100/FI_run_T31_GL_u_imp_100_k_imp_1_e_imp_1/FI_run_T31_GL_u_imp_100_k_imp_1_e_imp_1_state_iter_5500.dat
iter:   5600 (Jcost: 8.573085e-02) (lr = 2.453e-03) (elapsed time: 5576.887) (secs/iter:  0.999) (n_accepted: 81%) (u_error:  0.467324 %) (beta_change: 24.520603 %) (delta_change:  1.366836 %) (delta_peak/R:  4.305129 %)
iter:   5700 (Jcost: 8.563195e-02) (lr = 2.911e-02) (elapsed time: 5670.258) (secs/iter:  0.934) (n_accepted: 82%) (u_error:  0.467060 %) (beta_change: 24.380104 %) (delta_change:  1.355699 %) (delta_peak/R:  4.301806 %)
iter:   5800 (Jcost: 8.554054e-02) (lr = 1.041e-02) (elapsed time: 5760.901) (secs/iter:  0.906) (n_accepted: 78%) (u_error:  0.467040 %) (beta_change: 24.240548 %) (delta_change:  1.344647 %) (delta_peak/R:  4.299619 %)
iter:   5900 (Jcost: 8.544555e-02) (lr = 8.937e-03) (elapsed time: 5855.209) (secs/iter:  0.943) (n_accepted: 79%) (u_error:  0.466974 %) (beta_change: 24.093764 %) (delta_change:  1.333070 %) (delta_peak/R:  4.297143 %)
iter:   6000 (Jcost: 8.537869e-02) (lr = 7.671e-03) (elapsed time: 5951.458) (secs/iter:  0.962) (n_accepted: 79%) (u_error:  0.466962 %) (beta_change: 23.988995 %) (delta_change:  1.324830 %) (delta_peak/R:  4.295549 %)
-> Saved file: /media/rafael/DATA/Dropbox/20220924_FIML_solver/data/output/field_inversion/Beta_k__1__Beta_e__1/u_imp_100/FI_run_T31_GL_u_imp_100_k_imp_1_e_imp_1/FI_run_T31_GL_u_imp_100_k_imp_1_e_imp_1_state_iter_6000.dat
iter:   6100 (Jcost: 8.528588e-02) (lr = 6.585e-03) (elapsed time: 6051.320) (secs/iter:  0.999) (n_accepted: 79%) (u_error:  0.466889 %) (beta_change: 23.841668 %) (delta_change:  1.313288 %) (delta_peak/R:  4.293079 %)
iter:   6200 (Jcost: 8.520398e-02) (lr = 2.355e-03) (elapsed time: 6147.815) (secs/iter:  0.965) (n_accepted: 78%) (u_error:  0.466899 %) (beta_change: 23.710115 %) (delta_change:  1.303011 %) (delta_peak/R:  4.291231 %)
iter:   6300 (Jcost: 8.509114e-02) (lr = 3.510e-04) (elapsed time: 6243.371) (secs/iter:  0.956) (n_accepted: 77%) (u_error:  0.466897 %) (beta_change: 23.525819 %) (delta_change:  1.288674 %) (delta_peak/R:  4.288597 %)
iter:   6400 (Jcost: 8.503099e-02) (lr = 1.735e-03) (elapsed time: 6341.432) (secs/iter:  0.981) (n_accepted: 81%) (u_error:  0.466859 %) (beta_change: 23.426400 %) (delta_change:  1.280975 %) (delta_peak/R:  4.287025 %)
iter:   6500 (Jcost: 8.497372e-02) (lr = 3.575e-03) (elapsed time: 6432.929) (secs/iter:  0.915) (n_accepted: 80%) (u_error:  0.466797 %) (beta_change: 23.330613 %) (delta_change:  1.273961 %) (delta_peak/R:  4.285408 %)
-> Saved file: /media/rafael/DATA/Dropbox/20220924_FIML_solver/data/output/field_inversion/Beta_k__1__Beta_e__1/u_imp_100/FI_run_T31_GL_u_imp_100_k_imp_1_e_imp_1/FI_run_T31_GL_u_imp_100_k_imp_1_e_imp_1_state_iter_6500.dat
iter:   6600 (Jcost: 8.487183e-02) (lr = 1.279e-03) (elapsed time: 6529.723) (secs/iter:  0.968) (n_accepted: 78%) (u_error:  0.466744 %) (beta_change: 23.158022 %) (delta_change:  1.261496 %) (delta_peak/R:  4.282776 %)
iter:   6700 (Jcost: 8.477841e-02) (lr = 4.574e-04) (elapsed time: 6620.816) (secs/iter:  0.911) (n_accepted: 78%) (u_error:  0.466756 %) (beta_change: 22.997856 %) (delta_change:  1.249956 %) (delta_peak/R:  4.280629 %)
iter:   6800 (Jcost: 8.468247e-02) (lr = 3.126e-02) (elapsed time: 6712.326) (secs/iter:  0.915) (n_accepted: 84%) (u_error:  0.466559 %) (beta_change: 22.826094 %) (delta_change:  1.237643 %) (delta_peak/R:  4.277414 %)
iter:   6900 (Jcost: 8.461296e-02) (lr = 1.118e-02) (elapsed time: 6791.732) (secs/iter:  0.794) (n_accepted: 78%) (u_error:  0.466750 %) (beta_change: 22.707406 %) (delta_change:  1.229117 %) (delta_peak/R:  4.276667 %)
iter:   7000 (Jcost: 8.454432e-02) (lr = 6.943e-04) (elapsed time: 6880.422) (secs/iter:  0.887) (n_accepted: 76%) (u_error:  0.466687 %) (beta_change: 22.584640 %) (delta_change:  1.220351 %) (delta_peak/R:  4.274746 %)
-> Saved file: /media/rafael/DATA/Dropbox/20220924_FIML_solver/data/output/field_inversion/Beta_k__1__Beta_e__1/u_imp_100/FI_run_T31_GL_u_imp_100_k_imp_1_e_imp_1/FI_run_T31_GL_u_imp_100_k_imp_1_e_imp_1_state_iter_7000.dat
iter:   7100 (Jcost: 8.447440e-02) (lr = 1.430e-03) (elapsed time: 6966.202) (secs/iter:  0.858) (n_accepted: 80%) (u_error:  0.466458 %) (beta_change: 22.451471 %) (delta_change:  1.210886 %) (delta_peak/R:  4.271948 %)
iter:   7200 (Jcost: 8.441713e-02) (lr = 2.947e-03) (elapsed time: 7022.877) (secs/iter:  0.567) (n_accepted: 80%) (u_error:  0.466698 %) (beta_change: 22.353118 %) (delta_change:  1.203858 %) (delta_peak/R:  4.271724 %)
iter:   7300 (Jcost: 8.433698e-02) (lr = 1.054e-03) (elapsed time: 7111.911) (secs/iter:  0.890) (n_accepted: 78%) (u_error:  0.466652 %) (beta_change: 22.204858 %) (delta_change:  1.193341 %) (delta_peak/R:  4.269577 %)
iter:   7400 (Jcost: 8.426344e-02) (lr = 9.047e-04) (elapsed time: 7208.107) (secs/iter:  0.962) (n_accepted: 79%) (u_error:  0.466608 %) (beta_change: 22.066908 %) (delta_change:  1.183583 %) (delta_peak/R:  4.267580 %)
iter:   7500 (Jcost: 8.418995e-02) (lr = 7.766e-04) (elapsed time: 7278.102) (secs/iter:  0.700) (n_accepted: 79%) (u_error:  0.466412 %) (beta_change: 21.922677 %) (delta_change:  1.173429 %) (delta_peak/R:  4.264842 %)
-> Saved file: /media/rafael/DATA/Dropbox/20220924_FIML_solver/data/output/field_inversion/Beta_k__1__Beta_e__1/u_imp_100/FI_run_T31_GL_u_imp_100_k_imp_1_e_imp_1/FI_run_T31_GL_u_imp_100_k_imp_1_e_imp_1_state_iter_7500.dat
iter:   7600 (Jcost: 8.412873e-02) (lr = 2.212e-02) (elapsed time: 7364.330) (secs/iter:  0.862) (n_accepted: 83%) (u_error:  0.466609 %) (beta_change: 21.809349 %) (delta_change:  1.165425 %) (delta_peak/R:  4.264265 %)
iter:   7700 (Jcost: 8.407353e-02) (lr = 7.911e-03) (elapsed time: 7458.295) (secs/iter:  0.940) (n_accepted: 78%) (u_error:  0.466554 %) (beta_change: 21.702273 %) (delta_change:  1.157910 %) (delta_peak/R:  4.262653 %)
iter:   7800 (Jcost: 8.400974e-02) (lr = 6.791e-03) (elapsed time: 7549.930) (secs/iter:  0.916) (n_accepted: 79%) (u_error:  0.466528 %) (beta_change: 21.577005 %) (delta_change:  1.149135 %) (delta_peak/R:  4.260944 %)
iter:   7900 (Jcost: 8.394122e-02) (lr = 1.012e-03) (elapsed time: 7646.707) (secs/iter:  0.968) (n_accepted: 77%) (u_error:  0.466533 %) (beta_change: 21.440800 %) (delta_change:  1.139614 %) (delta_peak/R:  4.259247 %)
iter:   8000 (Jcost: 8.387544e-02) (lr = 8.687e-04) (elapsed time: 7739.649) (secs/iter:  0.929) (n_accepted: 79%) (u_error:  0.466506 %) (beta_change: 21.308505 %) (delta_change:  1.130396 %) (delta_peak/R:  4.257468 %)
-> Saved file: /media/rafael/DATA/Dropbox/20220924_FIML_solver/data/output/field_inversion/Beta_k__1__Beta_e__1/u_imp_100/FI_run_T31_GL_u_imp_100_k_imp_1_e_imp_1/FI_run_T31_GL_u_imp_100_k_imp_1_e_imp_1_state_iter_8000.dat
iter:   8100 (Jcost: 8.380908e-02) (lr = 3.107e-04) (elapsed time: 7838.297) (secs/iter:  0.986) (n_accepted: 78%) (u_error:  0.466485 %) (beta_change: 21.173384 %) (delta_change:  1.121006 %) (delta_peak/R:  4.255686 %)
iter:   8200 (Jcost: 8.374075e-02) (lr = 5.097e-02) (elapsed time: 7928.829) (secs/iter:  0.905) (n_accepted: 85%) (u_error:  0.466495 %) (beta_change: 21.032205 %) (delta_change:  1.111218 %) (delta_peak/R:  4.253981 %)
iter:   8300 (Jcost: 8.369031e-02) (lr = 7.596e-03) (elapsed time: 8026.689) (secs/iter:  0.979) (n_accepted: 77%) (u_error:  0.466455 %) (beta_change: 20.927268 %) (delta_change:  1.103969 %) (delta_peak/R:  4.252508 %)
iter:   8400 (Jcost: 8.363374e-02) (lr = 4.716e-04) (elapsed time: 8125.219) (secs/iter:  0.985) (n_accepted: 76%) (u_error:  0.466420 %) (beta_change: 20.808179 %) (delta_change:  1.095759 %) (delta_peak/R:  4.250888 %)
iter:   8500 (Jcost: 8.357911e-02) (lr = 3.224e-02) (elapsed time: 8215.771) (secs/iter:  0.906) (n_accepted: 84%) (u_error:  0.466317 %) (beta_change: 20.690786 %) (delta_change:  1.087697 %) (delta_peak/R:  4.248995 %)
-> Saved file: /media/rafael/DATA/Dropbox/20220924_FIML_solver/data/output/field_inversion/Beta_k__1__Beta_e__1/u_imp_100/FI_run_T31_GL_u_imp_100_k_imp_1_e_imp_1/FI_run_T31_GL_u_imp_100_k_imp_1_e_imp_1_state_iter_8500.dat
iter:   8600 (Jcost: 8.353603e-02) (lr = 8.341e-04) (elapsed time: 8318.175) (secs/iter:  1.024) (n_accepted: 75%) (u_error:  0.466411 %) (beta_change: 20.599173 %) (delta_change:  1.081394 %) (delta_peak/R:  4.248299 %)
iter:   8700 (Jcost: 8.349925e-02) (lr = 7.160e-04) (elapsed time: 8414.805) (secs/iter:  0.966) (n_accepted: 79%) (u_error:  0.466337 %) (beta_change: 20.519396 %) (delta_change:  1.075938 %) (delta_peak/R:  4.247005 %)
iter:   8800 (Jcost: 8.344007e-02) (lr = 1.475e-03) (elapsed time: 8508.842) (secs/iter:  0.940) (n_accepted: 80%) (u_error:  0.466185 %) (beta_change: 20.385590 %) (delta_change:  1.066811 %) (delta_peak/R:  4.244710 %)
iter:   8900 (Jcost: 8.339250e-02) (lr = 1.750e-02) (elapsed time: 8603.327) (secs/iter:  0.945) (n_accepted: 82%) (u_error:  0.466340 %) (beta_change: 20.285113 %) (delta_change:  1.059937 %) (delta_peak/R:  4.244197 %)
iter:   9000 (Jcost: 8.334150e-02) (lr = 1.502e-02) (elapsed time: 8695.464) (secs/iter:  0.921) (n_accepted: 79%) (u_error:  0.466320 %) (beta_change: 20.171304 %) (delta_change:  1.052197 %) (delta_peak/R:  4.242745 %)
-> Saved file: /media/rafael/DATA/Dropbox/20220924_FIML_solver/data/output/field_inversion/Beta_k__1__Beta_e__1/u_imp_100/FI_run_T31_GL_u_imp_100_k_imp_1_e_imp_1/FI_run_T31_GL_u_imp_100_k_imp_1_e_imp_1_state_iter_9000.dat
iter:   9100 (Jcost: 8.328756e-02) (lr = 9.329e-04) (elapsed time: 8796.561) (secs/iter:  1.011) (n_accepted: 76%) (u_error:  0.466302 %) (beta_change: 20.049655 %) (delta_change:  1.043943 %) (delta_peak/R:  4.241219 %)
iter:   9200 (Jcost: 8.322108e-02) (lr = 1.922e-03) (elapsed time: 8885.146) (secs/iter:  0.886) (n_accepted: 80%) (u_error:  0.466339 %) (beta_change: 19.897371 %) (delta_change:  1.033634 %) (delta_peak/R:  4.239580 %)
iter:   9300 (Jcost: 8.318601e-02) (lr = 6.874e-04) (elapsed time: 8978.219) (secs/iter:  0.931) (n_accepted: 78%) (u_error:  0.466300 %) (beta_change: 19.816834 %) (delta_change:  1.028204 %) (delta_peak/R:  4.238459 %)
iter:   9400 (Jcost: 8.313438e-02) (lr = 5.901e-04) (elapsed time: 9072.230) (secs/iter:  0.940) (n_accepted: 79%) (u_error:  0.466241 %) (beta_change: 19.696768 %) (delta_change:  1.020127 %) (delta_peak/R:  4.236785 %)
iter:   9500 (Jcost: 8.308932e-02) (lr = 1.681e-02) (elapsed time: 9166.421) (secs/iter:  0.942) (n_accepted: 83%) (u_error:  0.466322 %) (beta_change: 19.589657 %) (delta_change:  1.012921 %) (delta_peak/R:  4.235894 %)
-> Saved file: /media/rafael/DATA/Dropbox/20220924_FIML_solver/data/output/field_inversion/Beta_k__1__Beta_e__1/u_imp_100/FI_run_T31_GL_u_imp_100_k_imp_1_e_imp_1/FI_run_T31_GL_u_imp_100_k_imp_1_e_imp_1_state_iter_9500.dat
iter:   9600 (Jcost: 8.304203e-02) (lr = 1.443e-02) (elapsed time: 9261.272) (secs/iter:  0.949) (n_accepted: 79%) (u_error:  0.466253 %) (beta_change: 19.478386 %) (delta_change:  1.005474 %) (delta_peak/R:  4.234295 %)
iter:   9700 (Jcost: 8.299597e-02) (lr = 2.150e-03) (elapsed time: 9357.158) (secs/iter:  0.959) (n_accepted: 77%) (u_error:  0.466209 %) (beta_change: 19.368044 %) (delta_change:  0.998105 %) (delta_peak/R:  4.232822 %)
iter:   9800 (Jcost: 8.294947e-02) (lr = 1.845e-03) (elapsed time: 9451.243) (secs/iter:  0.941) (n_accepted: 79%) (u_error:  0.466202 %) (beta_change: 19.255373 %) (delta_change:  0.990594 %) (delta_peak/R:  4.231490 %)
iter:   9900 (Jcost: 8.290678e-02) (lr = 6.600e-04) (elapsed time: 9546.700) (secs/iter:  0.955) (n_accepted: 78%) (u_error:  0.466180 %) (beta_change: 19.150954 %) (delta_change:  0.983652 %) (delta_peak/R:  4.230191 %)
iter:  10000 (Jcost: 8.284923e-02) (lr = 3.264e-03) (elapsed time: 9634.223) (secs/iter:  0.875) (n_accepted: 81%) (u_error:  0.466243 %) (beta_change: 19.007363 %) (delta_change:  0.974119 %) (delta_peak/R:  4.228830 %)
-> Saved file: /media/rafael/DATA/Dropbox/20220924_FIML_solver/data/output/field_inversion/Beta_k__1__Beta_e__1/u_imp_100/FI_run_T31_GL_u_imp_100_k_imp_1_e_imp_1/FI_run_T31_GL_u_imp_100_k_imp_1_e_imp_1_state_iter_10000.dat
iter:  10100 (Jcost: 8.280754e-02) (lr = 1.614e-02) (elapsed time: 9719.687) (secs/iter:  0.855) (n_accepted: 81%) (u_error:  0.466137 %) (beta_change: 18.904361 %) (delta_change:  0.967322 %) (delta_peak/R:  4.227184 %)
iter:  10200 (Jcost: 8.276477e-02) (lr = 2.405e-03) (elapsed time: 9812.238) (secs/iter:  0.926) (n_accepted: 77%) (u_error:  0.466145 %) (beta_change: 18.796355 %) (delta_change:  0.960194 %) (delta_peak/R:  4.225998 %)
iter:  10300 (Jcost: 8.272250e-02) (lr = 2.064e-03) (elapsed time: 9905.677) (secs/iter:  0.934) (n_accepted: 79%) (u_error:  0.466117 %) (beta_change: 18.688645 %) (delta_change:  0.953109 %) (delta_peak/R:  4.224654 %)
iter:  10400 (Jcost: 8.268193e-02) (lr = 7.383e-04) (elapsed time: 9998.655) (secs/iter:  0.930) (n_accepted: 78%) (u_error:  0.466090 %) (beta_change: 18.584201 %) (delta_change:  0.946256 %) (delta_peak/R:  4.223358 %)
iter:  10500 (Jcost: 8.263454e-02) (lr = 1.521e-03) (elapsed time: 10085.842) (secs/iter:  0.872) (n_accepted: 80%) (u_error:  0.466269 %) (beta_change: 18.454702 %) (delta_change:  0.937749 %) (delta_peak/R:  4.222707 %)
-> Saved file: /media/rafael/DATA/Dropbox/20220924_FIML_solver/data/output/field_inversion/Beta_k__1__Beta_e__1/u_imp_100/FI_run_T31_GL_u_imp_100_k_imp_1_e_imp_1/FI_run_T31_GL_u_imp_100_k_imp_1_e_imp_1_state_iter_10500.dat
iter:  10600 (Jcost: 8.259344e-02) (lr = 4.332e-02) (elapsed time: 10169.725) (secs/iter:  0.839) (n_accepted: 83%) (u_error:  0.466080 %) (beta_change: 18.353109 %) (delta_change:  0.931143 %) (delta_peak/R:  4.220735 %)
iter:  10700 (Jcost: 8.255442e-02) (lr = 1.549e-02) (elapsed time: 10264.069) (secs/iter:  0.943) (n_accepted: 78%) (u_error:  0.466102 %) (beta_change: 18.249344 %) (delta_change:  0.924379 %) (delta_peak/R:  4.219678 %)
iter:  10800 (Jcost: 8.252032e-02) (lr = 5.541e-03) (elapsed time: 10354.803) (secs/iter:  0.907) (n_accepted: 78%) (u_error:  0.466055 %) (beta_change: 18.158462 %) (delta_change:  0.918479 %) (delta_peak/R:  4.218463 %)
iter:  10900 (Jcost: 8.247986e-02) (lr = 8.258e-04) (elapsed time: 10447.899) (secs/iter:  0.931) (n_accepted: 77%) (u_error:  0.466003 %) (beta_change: 18.049058 %) (delta_change:  0.911392 %) (delta_peak/R:  4.217024 %)
iter:  11000 (Jcost: 8.244299e-02) (lr = 7.089e-04) (elapsed time: 10540.590) (secs/iter:  0.927) (n_accepted: 79%) (u_error:  0.466013 %) (beta_change: 17.948839 %) (delta_change:  0.904907 %) (delta_peak/R:  4.215966 %)
-> Saved file: /media/rafael/DATA/Dropbox/20220924_FIML_solver/data/output/field_inversion/Beta_k__1__Beta_e__1/u_imp_100/FI_run_T31_GL_u_imp_100_k_imp_1_e_imp_1/FI_run_T31_GL_u_imp_100_k_imp_1_e_imp_1_state_iter_11000.dat
iter:  11100 (Jcost: 8.241375e-02) (lr = 1.460e-03) (elapsed time: 10635.836) (secs/iter:  0.952) (n_accepted: 80%) (u_error:  0.466004 %) (beta_change: 17.868546 %) (delta_change:  0.899725 %) (delta_peak/R:  4.215049 %)
iter:  11200 (Jcost: 8.237533e-02) (lr = 1.254e-03) (elapsed time: 10726.220) (secs/iter:  0.904) (n_accepted: 79%) (u_error:  0.465982 %) (beta_change: 17.762118 %) (delta_change:  0.892874 %) (delta_peak/R:  4.213787 %)
iter:  11300 (Jcost: 8.233998e-02) (lr = 4.484e-04) (elapsed time: 10817.507) (secs/iter:  0.913) (n_accepted: 78%) (u_error:  0.466008 %) (beta_change: 17.663347 %) (delta_change:  0.886524 %) (delta_peak/R:  4.212830 %)
iter:  11400 (Jcost: 8.231221e-02) (lr = 1.277e-02) (elapsed time: 10902.245) (secs/iter:  0.847) (n_accepted: 83%) (u_error:  0.465987 %) (beta_change: 17.585197 %) (delta_change:  0.881516 %) (delta_peak/R:  4.211891 %)
iter:  11500 (Jcost: 8.228174e-02) (lr = 1.903e-03) (elapsed time: 10987.765) (secs/iter:  0.855) (n_accepted: 77%) (u_error:  0.465968 %) (beta_change: 17.498763 %) (delta_change:  0.876167 %) (delta_peak/R:  4.210870 %)
-> Saved file: /media/rafael/DATA/Dropbox/20220924_FIML_solver/data/output/field_inversion/Beta_k__1__Beta_e__1/u_imp_100/FI_run_T31_GL_u_imp_100_k_imp_1_e_imp_1/FI_run_T31_GL_u_imp_100_k_imp_1_e_imp_1_state_iter_11500.dat
iter:  11600 (Jcost: 8.224178e-02) (lr = 6.806e-04) (elapsed time: 11074.711) (secs/iter:  0.869) (n_accepted: 78%) (u_error:  0.466088 %) (beta_change: 17.380550 %) (delta_change:  0.868878 %) (delta_peak/R:  4.210135 %)
iter:  11700 (Jcost: 8.221751e-02) (lr = 8.077e-03) (elapsed time: 11151.786) (secs/iter:  0.771) (n_accepted: 82%) (u_error:  0.465946 %) (beta_change: 17.314299 %) (delta_change:  0.864832 %) (delta_peak/R:  4.208791 %)
iter:  11800 (Jcost: 8.218567e-02) (lr = 1.204e-03) (elapsed time: 11235.073) (secs/iter:  0.833) (n_accepted: 77%) (u_error:  0.465764 %) (beta_change: 17.215431 %) (delta_change:  0.858797 %) (delta_peak/R:  4.206920 %)
iter:  11900 (Jcost: 8.215303e-02) (lr = 3.428e-02) (elapsed time: 11306.925) (secs/iter:  0.719) (n_accepted: 83%) (u_error:  0.465912 %) (beta_change: 17.126015 %) (delta_change:  0.853301 %) (delta_peak/R:  4.206627 %)
iter:  12000 (Jcost: 8.212592e-02) (lr = 2.129e-03) (elapsed time: 11395.713) (secs/iter:  0.888) (n_accepted: 76%) (u_error:  0.465906 %) (beta_change: 17.045917 %) (delta_change:  0.848406 %) (delta_peak/R:  4.205749 %)
-> Saved file: /media/rafael/DATA/Dropbox/20220924_FIML_solver/data/output/field_inversion/Beta_k__1__Beta_e__1/u_imp_100/FI_run_T31_GL_u_imp_100_k_imp_1_e_imp_1/FI_run_T31_GL_u_imp_100_k_imp_1_e_imp_1_state_iter_12000.dat
iter:  12100 (Jcost: 8.209032e-02) (lr = 3.172e-04) (elapsed time: 11473.432) (secs/iter:  0.777) (n_accepted: 77%) (u_error:  0.465912 %) (beta_change: 16.939842 %) (delta_change:  0.841932 %) (delta_peak/R:  4.204651 %)
iter:  12200 (Jcost: 8.206575e-02) (lr = 9.034e-03) (elapsed time: 11564.297) (secs/iter:  0.909) (n_accepted: 83%) (u_error:  0.465872 %) (beta_change: 16.865955 %) (delta_change:  0.837436 %) (delta_peak/R:  4.203692 %)
iter:  12300 (Jcost: 8.203582e-02) (lr = 5.610e-04) (elapsed time: 11654.154) (secs/iter:  0.899) (n_accepted: 76%) (u_error:  0.465898 %) (beta_change: 16.775455 %) (delta_change:  0.831926 %) (delta_peak/R:  4.202855 %)
iter:  12400 (Jcost: 8.200689e-02) (lr = 1.598e-02) (elapsed time: 11746.289) (secs/iter:  0.921) (n_accepted: 83%) (u_error:  0.465964 %) (beta_change: 16.685460 %) (delta_change:  0.826450 %) (delta_peak/R:  4.202204 %)
iter:  12500 (Jcost: 8.198193e-02) (lr = 1.371e-02) (elapsed time: 11835.446) (secs/iter:  0.892) (n_accepted: 79%) (u_error:  0.465860 %) (beta_change: 16.610556 %) (delta_change:  0.821923 %) (delta_peak/R:  4.200960 %)
-> Saved file: /media/rafael/DATA/Dropbox/20220924_FIML_solver/data/output/field_inversion/Beta_k__1__Beta_e__1/u_imp_100/FI_run_T31_GL_u_imp_100_k_imp_1_e_imp_1/FI_run_T31_GL_u_imp_100_k_imp_1_e_imp_1_state_iter_12500.dat
iter:  12600 (Jcost: 8.195106e-02) (lr = 1.177e-02) (elapsed time: 11933.475) (secs/iter:  0.980) (n_accepted: 79%) (u_error:  0.465830 %) (beta_change: 16.514838 %) (delta_change:  0.816132 %) (delta_peak/R:  4.199826 %)
iter:  12700 (Jcost: 8.192244e-02) (lr = 7.310e-04) (elapsed time: 12026.834) (secs/iter:  0.934) (n_accepted: 76%) (u_error:  0.465833 %) (beta_change: 16.425580 %) (delta_change:  0.810735 %) (delta_peak/R:  4.198911 %)
iter:  12800 (Jcost: 8.188941e-02) (lr = 1.506e-03) (elapsed time: 12114.788) (secs/iter:  0.880) (n_accepted: 80%) (u_error:  0.465904 %) (beta_change: 16.320628 %) (delta_change:  0.804380 %) (delta_peak/R:  4.198138 %)
iter:  12900 (Jcost: 8.186662e-02) (lr = 3.102e-03) (elapsed time: 12208.442) (secs/iter:  0.937) (n_accepted: 80%) (u_error:  0.465807 %) (beta_change: 16.250433 %) (delta_change:  0.800102 %) (delta_peak/R:  4.196972 %)
iter:  13000 (Jcost: 8.183920e-02) (lr = 4.624e-04) (elapsed time: 12302.972) (secs/iter:  0.945) (n_accepted: 77%) (u_error:  0.465825 %) (beta_change: 16.164132 %) (delta_change:  0.794829 %) (delta_peak/R:  4.196148 %)
-> Saved file: /media/rafael/DATA/Dropbox/20220924_FIML_solver/data/output/field_inversion/Beta_k__1__Beta_e__1/u_imp_100/FI_run_T31_GL_u_imp_100_k_imp_1_e_imp_1/FI_run_T31_GL_u_imp_100_k_imp_1_e_imp_1_state_iter_13000.dat
iter:  13100 (Jcost: 8.181384e-02) (lr = 1.317e-02) (elapsed time: 12394.968) (secs/iter:  0.920) (n_accepted: 83%) (u_error:  0.465814 %) (beta_change: 16.083643 %) (delta_change:  0.789924 %) (delta_peak/R:  4.195262 %)
iter:  13200 (Jcost: 8.178709e-02) (lr = 3.407e-04) (elapsed time: 12488.837) (secs/iter:  0.939) (n_accepted: 75%) (u_error:  0.465790 %) (beta_change: 15.998060 %) (delta_change:  0.784720 %) (delta_peak/R:  4.194267 %)
iter:  13300 (Jcost: 8.176269e-02) (lr = 2.329e-02) (elapsed time: 12576.898) (secs/iter:  0.881) (n_accepted: 84%) (u_error:  0.465796 %) (beta_change: 15.919391 %) (delta_change:  0.779941 %) (delta_peak/R:  4.193479 %)
iter:  13400 (Jcost: 8.173974e-02) (lr = 3.470e-03) (elapsed time: 12668.386) (secs/iter:  0.915) (n_accepted: 77%) (u_error:  0.465777 %) (beta_change: 15.844884 %) (delta_change:  0.775426 %) (delta_peak/R:  4.192627 %)
iter:  13500 (Jcost: 8.171146e-02) (lr = 2.979e-03) (elapsed time: 12758.852) (secs/iter:  0.905) (n_accepted: 79%) (u_error:  0.465765 %) (beta_change: 15.752355 %) (delta_change:  0.769826 %) (delta_peak/R:  4.191619 %)
-> Saved file: /media/rafael/DATA/Dropbox/20220924_FIML_solver/data/output/field_inversion/Beta_k__1__Beta_e__1/u_imp_100/FI_run_T31_GL_u_imp_100_k_imp_1_e_imp_1/FI_run_T31_GL_u_imp_100_k_imp_1_e_imp_1_state_iter_13500.dat
iter:  13600 (Jcost: 8.168595e-02) (lr = 1.065e-03) (elapsed time: 12855.545) (secs/iter:  0.967) (n_accepted: 78%) (u_error:  0.465790 %) (beta_change: 15.668021 %) (delta_change:  0.764727 %) (delta_peak/R:  4.190867 %)
iter:  13700 (Jcost: 8.166081e-02) (lr = 5.268e-03) (elapsed time: 12942.752) (secs/iter:  0.872) (n_accepted: 81%) (u_error:  0.465778 %) (beta_change: 15.584462 %) (delta_change:  0.759689 %) (delta_peak/R:  4.189961 %)
iter:  13800 (Jcost: 8.163508e-02) (lr = 4.522e-03) (elapsed time: 13034.624) (secs/iter:  0.919) (n_accepted: 79%) (u_error:  0.465753 %) (beta_change: 15.498364 %) (delta_change:  0.754509 %) (delta_peak/R:  4.188971 %)
iter:  13900 (Jcost: 8.160693e-02) (lr = 1.617e-03) (elapsed time: 13118.053) (secs/iter:  0.834) (n_accepted: 78%) (u_error:  0.465758 %) (beta_change: 15.403095 %) (delta_change:  0.748785 %) (delta_peak/R:  4.188026 %)
iter:  14000 (Jcost: 8.158132e-02) (lr = 7.997e-03) (elapsed time: 13212.905) (secs/iter:  0.949) (n_accepted: 81%) (u_error:  0.465793 %) (beta_change: 15.314815 %) (delta_change:  0.743485 %) (delta_peak/R:  4.187290 %)
-> Saved file: /media/rafael/DATA/Dropbox/20220924_FIML_solver/data/output/field_inversion/Beta_k__1__Beta_e__1/u_imp_100/FI_run_T31_GL_u_imp_100_k_imp_1_e_imp_1/FI_run_T31_GL_u_imp_100_k_imp_1_e_imp_1_state_iter_14000.dat
iter:  14100 (Jcost: 8.156254e-02) (lr = 1.192e-03) (elapsed time: 13307.919) (secs/iter:  0.950) (n_accepted: 77%) (u_error:  0.465744 %) (beta_change: 15.251304 %) (delta_change:  0.739692 %) (delta_peak/R:  4.186430 %)
iter:  14200 (Jcost: 8.154515e-02) (lr = 1.414e-02) (elapsed time: 13395.239) (secs/iter:  0.873) (n_accepted: 82%) (u_error:  0.465718 %) (beta_change: 15.191390 %) (delta_change:  0.736114 %) (delta_peak/R:  4.185715 %)
iter:  14300 (Jcost: 8.152100e-02) (lr = 5.058e-03) (elapsed time: 13486.692) (secs/iter:  0.915) (n_accepted: 78%) (u_error:  0.465719 %) (beta_change: 15.107391 %) (delta_change:  0.731101 %) (delta_peak/R:  4.184876 %)
iter:  14400 (Jcost: 8.149511e-02) (lr = 1.809e-03) (elapsed time: 13576.415) (secs/iter:  0.897) (n_accepted: 78%) (u_error:  0.465694 %) (beta_change: 15.016699 %) (delta_change:  0.725702 %) (delta_peak/R:  4.183857 %)
iter:  14500 (Jcost: 8.146957e-02) (lr = 6.470e-04) (elapsed time: 13668.324) (secs/iter:  0.919) (n_accepted: 78%) (u_error:  0.465696 %) (beta_change: 14.926372 %) (delta_change:  0.720332 %) (delta_peak/R:  4.182969 %)
-> Saved file: /media/rafael/DATA/Dropbox/20220924_FIML_solver/data/output/field_inversion/Beta_k__1__Beta_e__1/u_imp_100/FI_run_T31_GL_u_imp_100_k_imp_1_e_imp_1/FI_run_T31_GL_u_imp_100_k_imp_1_e_imp_1_state_iter_14500.dat
iter:  14600 (Jcost: 8.144712e-02) (lr = 1.333e-03) (elapsed time: 13762.254) (secs/iter:  0.939) (n_accepted: 80%) (u_error:  0.465595 %) (beta_change: 14.844494 %) (delta_change:  0.715490 %) (delta_peak/R:  4.181706 %)
iter:  14700 (Jcost: 8.142512e-02) (lr = 3.796e-02) (elapsed time: 13848.693) (secs/iter:  0.864) (n_accepted: 83%) (u_error:  0.465778 %) (beta_change: 14.764445 %) (delta_change:  0.710719 %) (delta_peak/R:  4.181728 %)
iter:  14800 (Jcost: 8.140354e-02) (lr = 1.358e-02) (elapsed time: 13932.466) (secs/iter:  0.838) (n_accepted: 78%) (u_error:  0.465662 %) (beta_change: 14.689376 %) (delta_change:  0.706300 %) (delta_peak/R:  4.180473 %)
iter:  14900 (Jcost: 8.138291e-02) (lr = 4.857e-03) (elapsed time: 14020.201) (secs/iter:  0.877) (n_accepted: 78%) (u_error:  0.465658 %) (beta_change: 14.614229 %) (delta_change:  0.701865 %) (delta_peak/R:  4.179714 %)
iter:  15000 (Jcost: 8.135548e-02) (lr = 3.016e-04) (elapsed time: 14108.845) (secs/iter:  0.886) (n_accepted: 76%) (u_error:  0.465636 %) (beta_change: 14.513456 %) (delta_change:  0.695933 %) (delta_peak/R:  4.178627 %)
-> Saved file: /media/rafael/DATA/Dropbox/20220924_FIML_solver/data/output/field_inversion/Beta_k__1__Beta_e__1/u_imp_100/FI_run_T31_GL_u_imp_100_k_imp_1_e_imp_1/FI_run_T31_GL_u_imp_100_k_imp_1_e_imp_1_state_iter_15000.dat
iter:  15000 (Jcost: 8.135546e-02) (lr = 3.619e-04) (elapsed time: 14114.690) (secs/iter:   None) (n_accepted: 0%) (u_error:  0.465642 %) (beta_change: 14.513415 %) (delta_change:  0.695930 %) (delta_peak/R:  4.178654 %)
