# ------------------------------------------------------------------------
#                  Input Arguments
# ------------------------------------------------------------------------
# Begin_Input_Arguments
{ 'all_b_mode': ['Beta_e'],
  'args_mk_solver': { 'torch': "<module 'torch' from "
                               "'/home/rafael/anaconda3/lib/python3.9/site-packages/torch/__init__.py'>",
                      'y_grid': [0.0, 0.000309700312, 0.000638645973, 0.00098802599, 0.00135910194, 0.00175321227, 0.00217177688, 0.00261630193, 0.00308838486, 0.00358971984, 0.00412210331, 0.00468744001, 0.00528774917, 0.00592517114, 0.00660197432, 0.0073205624, 0.00808348206, 0.00889343092, 0.00975326602, 0.0106660126, 0.0116348733, 0.0126632377, 0.0137546927, 0.0149130326, 0.0161422702, 0.0174466482, 0.0188306506, 0.0202990157, 0.0218567475, 0.02350913, 0.0252617393, 0.0271204584, 0.0290914903, 0.0311813732, 0.033396994, 0.0357456039, 0.0382348325, 0.0408727029, 0.0436676462, 0.0466285159, 0.0497646022, 0.0530856456, 0.0566018496, 0.0603238931, 0.0642629411, 0.068430655, 0.0728392004, 0.0775012535, 0.0824300053, 0.0876391634, 0.0931429507, 0.0989561006, 0.105093849, 0.111571922, 0.118406518, 0.125614286, 0.133212296, 0.141218006, 0.14964922, 0.158524039, 0.167860801, 0.177678022, 0.187994313, 0.1988283, 0.21019853, 0.222123362, 0.234620856, 0.247708641, 0.261403784, 0.275722637, 0.290680679, 0.306292354, 0.322570888, 0.339528108, 0.357174255, 0.375517785, 0.394565175, 0.414320726, 0.43478637, 0.45596148, 0.47784269, 0.500423731, 0.523695275, 0.547644806, 0.572256506, 0.597511177, 0.623386184, 0.649855436, 0.676889401, 0.704455158, 0.73251649, 0.761034018, 0.789965372, 0.819265404, 0.848886442, 0.878778572, 0.908889961, 0.939167201, 0.969555687, 1.0],
                      'Ret': 150,
                      'cp': 1.0,
                      'A_sca_rho': 1.0,
                      'A_sca_mu': 0.006666666666666667,
                      'A_sca_k': 0.006666666666666667,
                      'b_exp_rho': 0.6,
                      'b_exp_mu': -0.75,
                      'b_exp_k': 0,
                      'tensor_device': 'cpu',
                      'as_tensor': '<function '
                                   'Build_arguments_fi_run._mk_args_MK_solver.<locals>.<lambda> '
                                   'at 0x7f18093e11f0>',
                      'ref_dns': { 'u_dns': [1.181641713641707e-18, 0.04446944117491168, 0.08634890875985152, 0.12598481292496402, 0.16403302810472378, 0.20155602909207807, 0.24014266092441955, 0.28205655019235354, 0.3304176417897605, 0.3894251404959034, 0.4640084619344531, 0.5552879697024384, 0.6615451670339068, 0.7798133831681449, 0.9056428759369325, 1.0365660503454044, 1.1743095938383277, 1.3215402193178074, 1.4813853637629097, 1.6549125072747972, 1.8419310031846408, 2.041968645499402, 2.2552361272684047, 2.4823813894531224, 2.723811878250482, 2.9790279799695942, 3.2469510121362424, 3.5264205574951633, 3.8160810862981993, 4.114165923, 4.418458618967077, 4.726505105596008, 5.035719453672192, 5.343564106474831, 5.647599517000001, 5.9456447668239, 6.235750994267832, 6.516369394854723, 6.786288217374553, 7.044703882712242, 7.291268936912438, 7.52588274123959, 7.748521508027567, 7.959692770372112, 8.159966519808503, 8.349573424999999, 8.529647516458882, 8.700170451649868, 8.862466967349164, 9.016158723216867, 9.163376569350987, 9.304244665807062, 9.438171914, 9.567036031999999, 9.690956751000002, 9.810714091, 9.927112638, 10.039509499999998, 10.149903080000001, 10.256820160000002, 10.362341429999997, 10.467409500000002, 10.56979107, 10.672909070000001, 10.774895779999998, 10.876193880000002, 10.977744229999999, 11.079207060000003, 11.1804785, 11.283019569999997, 11.38575114, 11.488732890000001, 11.590912709999998, 11.693809739999999, 11.797179830000003, 11.90055804, 12.00530153, 12.10912074, 12.212346900000002, 12.314937339999998, 12.41710918, 12.51747966, 12.618675549999999, 12.717135590000002, 12.81538505, 12.911123640000005, 13.005588050000002, 13.094694540000003, 13.180754530000002, 13.263719690000006, 13.342658009999997, 13.415612960000004, 13.481352049999998, 13.539447390000001, 13.590184779999998, 13.631448589999998, 13.665006770000002, 13.690521569999998, 13.705226560000002, 13.710379040000001],
                                   'T_dns': [1.0, 1.009636256697621, 1.0198488831627162, 1.0306696526906824, 1.0421318091492453, 1.0542702803033772, 1.0671218063214671, 1.080725352861447, 1.0951224277378722, 1.1103577831460978, 1.126479529370428, 1.1435345853010832, 1.1615705340966922, 1.1806381391786742, 1.2007924465071103, 1.222087715823354, 1.2445744817634028, 1.2683056306632607, 1.293336414580213, 1.3197138104861623, 1.3474807365598969, 1.3766787575257828, 1.4073286596270649, 1.4394324469937985, 1.472983432413843, 1.5079748253164709, 1.544398151581284, 1.5822028943686208, 1.6212940636280246, 1.6615328359999992, 1.7027281129171878, 1.7447099548496185, 1.7873709663495763, 1.8305461760306332, 1.8740053499999998, 1.917462877206402, 1.9606632646047404, 2.003466917432077, 2.0457644279209406, 2.0874381766442385, 2.128324859506329, 2.1682622833864307, 2.2071337437591003, 2.2449901739759524, 2.281806723893477, 2.3174418609999994, 2.3522109020119193, 2.385701882550681, 2.4183849768999077, 2.4498073713110893, 2.480376653401916, 2.5100072530473323, 2.5387269319999994, 2.566589944999999, 2.5935743589999998, 2.619745514999999, 2.645406323999999, 2.670249153999999, 2.694604610999999, 2.7181647489999987, 2.7415005219999995, 2.764107378, 2.786596113, 2.808452283, 2.8301306609999997, 2.851524581, 2.8726155419999992, 2.893515635, 2.914077602999999, 2.9346124929999977, 2.9548380689999996, 2.9748743449999986, 2.9946409879999996, 3.0143866109999995, 3.03383954, 3.052888355999998, 3.071821722, 3.090492546999999, 3.1088462579999994, 3.1271916419999988, 3.1451113499999988, 3.162860233999998, 3.180073908, 3.196783533999999, 3.213332059000001, 3.229006191999999, 3.2442122429999998, 3.2584002019999994, 3.272033622, 3.2848194490000013, 3.2971161989999986, 3.30815416, 3.3185026309999985, 3.3272484759999994, 3.3349938059999986, 3.341246319, 3.3462163799999978, 3.349712530999999, 3.352016874, 3.35270894],
                                   'mu_dns': [0.006666666666666667, 0.006618888078103401, 0.006569115116537984, 0.0065173211859622104, 0.006463485097883258, 0.006407590782111668, 0.006349627452073689, 0.0062895885539559935, 0.006227471318397708, 0.006163274845087349, 0.006097000953149628, 0.006028673484333127, 0.005958329975147009, 0.005886011883339098, 0.005811761457037872, 0.005735640952272983, 0.005657741122274597, 0.005578157860847995, 0.005496992086956814, 0.00541438233151959, 0.005330486121899571, 0.005245468490203015, 0.005159553166199446, 0.005073004818859618, 0.0049860926524882875, 0.004899064670705368, 0.004812151437742045, 0.0047256560609457, 0.004639940340836569, 0.004555405529487607, 0.004472493942735013, 0.004391534628742854, 0.004312684785037013, 0.004236168480796791, 0.004162273568565934, 0.004091320646253866, 0.004023522942271464, 0.003958877917542361, 0.0038973285942996406, 0.003838826856839395, 0.00378338295244863, 0.003730996824493289, 0.0036816055248261514, 0.0036349455322886182, 0.0035908693104390425, 0.0035493767918643887, 0.003509954987974167, 0.0034729346476342076, 0.0034376737959546256, 0.00340455055996414, 0.0033730324148339335, 0.0033431241792048995, 0.003314719233431665, 0.003287693890113811, 0.0032620056805108444, 0.003237534550228166, 0.003213952473942776, 0.0031915003863291643, 0.0031698408251185986, 0.003149212082237196, 0.003129085940722318, 0.0031098723161416984, 0.0030910300041147583, 0.003072970944182524, 0.003055300113032107, 0.0030380918606288765, 0.003021347034372024, 0.003004964639675603, 0.0029890481164179888, 0.002973347503593544, 0.0029580702025100098, 0.0029431152642236517, 0.0029285333056961833, 0.002914134059702101, 0.002900108762786238, 0.0028865265011351116, 0.0028731727287742005, 0.002860144436954169, 0.002847470981636052, 0.002834933450843538, 0.002822810482608797, 0.002810921648116736, 0.0027995023139430527, 0.00278852035340861, 0.002777742833055286, 0.0027676239652959156, 0.0027578890897728718, 0.0027488777304801875, 0.0027402830393992565, 0.0027322794351827863, 0.0027246332431594108, 0.002717812153193096, 0.0027114532209634216, 0.0027061060662541656, 0.0027013911155705484, 0.002697598869625771, 0.0026945932985260523, 0.002692483729144063, 0.002691095399467032, 0.0026906787668899523],
                                   'rho_dns': [1.0, 1.0057706609462613, 1.0118624852936102, 1.0182905027090452, 1.0250701599518646, 1.0322174065175629, 1.0397487257797031, 1.0476813279041566, 1.0560332778500905, 1.0648238371236902, 1.0740734525304538, 1.0838010874198485, 1.0940252660782528, 1.104765453240453, 1.116042590275375, 1.1278761864091336, 1.140282699712569, 1.153278915701175, 1.1668818998796036, 1.1811032292222954, 1.1959514209948947, 1.2114334654101062, 1.2275447102742134, 1.2442704088065795, 1.2615913924808313, 1.2794887002707953, 1.2979428306556873, 1.3169136668947738, 1.3363403304660848, 1.3561425954682258, 1.376217841820522, 1.3964775021596465, 1.416866132535485, 1.4373032683200306, 1.4576810093582724, 1.4778698145062987, 1.4977585488848442, 1.5172924796626146, 1.5364321054562278, 1.5551352771440559, 1.5733406032404238, 1.5909886785692555, 1.608041268863003, 1.624533482061496, 1.6404663007624944, 1.6557902026522073, 1.6706510773774153, 1.6848828275725831, 1.6986944262947314, 1.7119030364133772, 1.724688155999272, 1.7370206676800901, 1.748918590263709, 1.7604102683674427, 1.7714921099191308, 1.7821959947401447, 1.7926496986630196, 1.8027316006564245, 1.8125793551191642, 1.8220717115598437, 1.831441284011762, 1.8404878131981217, 1.8494577571507116, 1.8581476893543296, 1.8667402507345416, 1.8751942895952158, 1.8835038120352463, 1.8917140962729244, 1.8997684362856366, 1.9077895132790101, 1.9156678531650064, 1.9234512157888561, 1.9311093149042953, 1.9387391095240478, 1.9462362812903495, 1.9535590965443992, 1.9608194414425375, 1.9679616017193364, 1.974965653434934, 1.9819500181201017, 1.9887565157299685, 1.9954828543861158, 2.0019919558316825, 2.0082969918687685, 2.0145282603641665, 2.020418454469911, 2.026121827927293, 2.0314337074707853, 2.0365292616802604, 2.041300312536643, 2.045881860959798, 2.049988589323738, 2.053833814199517, 2.057079806356473, 2.0599516121060373, 2.0622679670466297, 2.064107978138676, 2.065401664821971, 2.066254049475701, 2.066510001373344]},
                      'case': 'T31_SReStar_tauLL',
                      'constant_Sq_heat': 0.21,
                      'use_visc_heating': False,
                      'Pr_turb': 1.0,
                      'fprint': '<function '
                                'Build_arguments_fi_run._mk_args_MK_solver.<locals>.<lambda> '
                                'at 0x7f18093e1820>',
                      'compressible_correction': False,
                      'bool_solve_energy': False,
                      'output_last': False},
  'u_imp': 1,
  'k_imp': 0,
  'e_imp': 1,
  'solve_sparse_adj': True,
  'all_ref_beta_distrib': {'K': [1.0, 1.0, 1.0, 1.0, 1.0, 1.0, 1.0, 1.0, 1.0, 1.0, 1.0, 1.0, 1.0, 1.0, 1.0, 1.0, 1.0, 1.0, 1.0, 1.0, 1.0, 1.0, 1.0, 1.0, 1.0, 1.0, 1.0, 1.0, 1.0, 1.0, 1.0, 1.0, 1.0, 1.0, 1.0, 1.0, 1.0, 1.0, 1.0, 1.0, 1.0, 1.0, 1.0, 1.0, 1.0, 1.0, 1.0, 1.0, 1.0, 1.0, 1.0, 1.0, 1.0, 1.0, 1.0, 1.0, 1.0, 1.0, 1.0, 1.0, 1.0, 1.0, 1.0, 1.0, 1.0, 1.0, 1.0, 1.0, 1.0, 1.0, 1.0, 1.0, 1.0, 1.0, 1.0, 1.0, 1.0, 1.0, 1.0, 1.0, 1.0, 1.0, 1.0, 1.0, 1.0, 1.0, 1.0, 1.0, 1.0, 1.0, 1.0, 1.0, 1.0, 1.0, 1.0, 1.0, 1.0, 1.0, 1.0, 1.0], 'E': [1.0, 1.00002818, 1.00004482, 1.00006592, 1.00008933, 1.00011664, 1.0001488, 1.00018646, 1.00023026, 1.00028097, 1.00033956, 1.00040721, 1.00048538, 1.00057594, 1.00068117, 1.00080367, 1.00094597, 1.00110978, 1.00129569, 1.00150492, 1.00174409, 1.00202543, 1.00234578, 1.00267133, 1.00303125, 1.00337786, 1.00373423, 1.00407491, 1.00449143, 1.00510712, 1.00589799, 1.00686012, 1.00794987, 1.00922528, 1.01072155, 1.0123702, 1.01440346, 1.01652507, 1.01928006, 1.02224376, 1.02538474, 1.02937106, 1.03400114, 1.03848177, 1.04461843, 1.05044714, 1.05848709, 1.06600565, 1.07509847, 1.08503364, 1.09752453, 1.11006128, 1.11933354, 1.12833371, 1.14208242, 1.16144812, 1.18281339, 1.20130731, 1.2132219, 1.21697755, 1.2125898, 1.20118962, 1.18420681, 1.16318173, 1.13943173, 1.11408027, 1.08802113, 1.06195836, 1.03645223, 1.01195081, 0.9888256, 0.96738669, 0.94789712, 0.93059015, 0.91567367, 0.90332388, 0.89367843, 0.88682184, 0.88277405, 0.88148817, 0.88284775, 0.88666624, 0.89269136, 0.90060437, 0.9100281, 0.92054995, 0.93172334, 0.94309246, 0.95421682, 0.96471516, 0.97426597, 0.98262409, 0.98961681, 0.99518443, 0.9993591, 1.00227648, 1.0041373, 1.00519303, 1.00568792, 1.00290795]},
  'all_ref_delta_distrib': {'K': [-0.0, -0.0, -0.0, -0.0, -0.0, -0.0, -0.0, -0.0, -0.0, -0.0, -0.0, -0.0, -0.0, -0.0, -0.0, -0.0, -0.0, -0.0, -0.0, -0.0, -0.0, -0.0, -0.0, -0.0, -0.0, -0.0, -0.0, -0.0, -0.0, -0.0, -0.0, -0.0, -0.0, -0.0, -0.0, -0.0, -0.0, -0.0, -0.0, -0.0, -0.0, -0.0, -0.0, -0.0, -0.0, -0.0, -0.0, -0.0, -0.0, -0.0, -0.0, -0.0, -0.0, -0.0, -0.0, -0.0, -0.0, -0.0, -0.0, -0.0, -0.0, -0.0, -0.0, -0.0, -0.0, -0.0, -0.0, -0.0, -0.0, -0.0, -0.0, -0.0, -0.0, -0.0, -0.0, -0.0, -0.0, -0.0, -0.0, -0.0, -0.0, -0.0, -0.0, -0.0, -0.0, -0.0, -0.0, -0.0, -0.0, -0.0, -0.0, -0.0, -0.0, -0.0, -0.0, -0.0, -0.0, -0.0, -0.0, -0.0], 'E': [-0.0, -0.004156061684029001, -0.008966083972609718, -0.015028165061821775, -0.021973581842606504, -0.03021899253257039, -0.040095109054408655, -0.0518797121230434, -0.0658686582463301, -0.0824226919216072, -0.10200052177715223, -0.12517701427741562, -0.15268488903116928, -0.1854845594325122, -0.22480494410595273, -0.27216267657745113, -0.32928688191864497, -0.3979161028742201, -0.47973233457969944, -0.5770744712103238, -0.6950756717228636, -0.842597135673132, -1.0245228403990352, -1.2347326668330192, -1.4997835040915035, -1.8160173926866177, -2.214522047367818, -2.679497127119517, -3.2270648290860926, -3.898928066168842, -4.682454092107715, -5.593576302801889, -6.5768294532134925, -7.634066491277822, -8.73722889145567, -9.769018004339722, -10.851646267157776, -11.705992955781781, -12.674786892518702, -13.417232658954624, -13.912977789747215, -14.507793225353437, -15.033980063486378, -15.148635292508546, -15.569736105769577, -15.551195905168667, -15.886865190601739, -15.767206402259397, -15.755645320854931, -15.653766413030953, -15.746300279828539, -15.585593960410254, -14.826013176439337, -13.996687767600662, -13.613668553113841, -13.604851116651657, -13.571463999197618, -13.19487297077648, -12.375471220817605, -11.188145494579462, -9.774994784958038, -8.280203067165672, -6.812257227508868, -5.442484036349663, -4.208927010864297, -3.1269589476938466, -2.1972360409021245, -1.412201852320956, -0.7602740895917665, -0.22849449117991052, 0.1961067007569544, 0.5257831313440074, 0.7718561832975854, 0.9446279332648618, 1.053408578207916, 1.1068952268783236, 1.1134792686042954, 1.0812827548009447, 1.018340130394028, 0.9325563000059005, 0.8313607939213679, 0.7217879378393556, 0.6100399850776391, 0.5014848651305998, 0.4004437276204262, 0.30993501288042136, 0.23191082028499235, 0.1671473433283029, 0.11548181930996433, 0.07590116717230108, 0.04689381714555431, 0.026655943956041133, 0.013344540969282156, 0.005171383383997441, 0.0005760353173428367, -0.0017265154443981026, -0.0026950321452808373, -0.0029929233934026527, -0.0030258330139789603, -0.0015043947127272046]},
  'fname_print': '/media/rafael/DATA/Dropbox/20220924_FIML_solver/data/output/field_inversion/Beta_e/u_imp_1/FI_run_T31_SReStar_tauLL_u_imp_1_k_imp_0_e_imp_1/FI_run_T31_SReStar_tauLL_u_imp_1_k_imp_0_e_imp_1.log',
  'folder': '/media/rafael/DATA/Dropbox/20220924_FIML_solver/data/output/field_inversion/Beta_e/u_imp_1/FI_run_T31_SReStar_tauLL_u_imp_1_k_imp_0_e_imp_1',
  'iters_limit': 15000}
# End_Input_Arguments

# ------------------------------------------------------------------------
#                  Iterations
# ------------------------------------------------------------------------

iter:      0 (Jcost: 1.307054e-01) (lr = 1.000e-03) (elapsed time:  0.002) (secs/iter:   None) (n_accepted: 0%) (u_error:  5.579277 %) (beta_change: 21.697755 %) (delta_change:  1.258705 %) (delta_peak/R:  0.000000 %)
-> Saved file: /media/rafael/DATA/Dropbox/20220924_FIML_solver/data/output/field_inversion/Beta_e/u_imp_1/FI_run_T31_SReStar_tauLL_u_imp_1_k_imp_0_e_imp_1/FI_run_T31_SReStar_tauLL_u_imp_1_k_imp_0_e_imp_1_state_iter_0.dat
iter:    100 (Jcost: 7.942410e-03) (lr = 7.874e-01) (elapsed time: 178.632) (secs/iter:  1.786) (n_accepted: 87%) (u_error:  1.368040 %) (beta_change:  9.662072 %) (delta_change:  0.331626 %) (delta_peak/R:  1.483838 %)
iter:    200 (Jcost: 7.624269e-03) (lr = 6.759e-01) (elapsed time: 337.749) (secs/iter:  1.591) (n_accepted: 79%) (u_error:  1.368537 %) (beta_change:  4.106362 %) (delta_change:  0.183594 %) (delta_peak/R:  1.302970 %)
iter:    300 (Jcost: 7.559111e-03) (lr = 5.802e-01) (elapsed time: 461.035) (secs/iter:  1.233) (n_accepted: 79%) (u_error:  1.368638 %) (beta_change:  1.676041 %) (delta_change:  0.123261 %) (delta_peak/R:  1.236672 %)
iter:    400 (Jcost: 7.525849e-03) (lr = 2.869e+00) (elapsed time: 570.702) (secs/iter:  1.097) (n_accepted: 81%) (u_error:  1.368644 %) (beta_change:  1.181358 %) (delta_change:  0.081272 %) (delta_peak/R:  1.214727 %)
iter:    500 (Jcost: 7.506280e-03) (lr = 2.462e+00) (elapsed time: 682.187) (secs/iter:  1.115) (n_accepted: 79%) (u_error:  1.368622 %) (beta_change:  2.473519 %) (delta_change:  0.073533 %) (delta_peak/R:  1.205445 %)
-> Saved file: /media/rafael/DATA/Dropbox/20220924_FIML_solver/data/output/field_inversion/Beta_e/u_imp_1/FI_run_T31_SReStar_tauLL_u_imp_1_k_imp_0_e_imp_1/FI_run_T31_SReStar_tauLL_u_imp_1_k_imp_0_e_imp_1_state_iter_500.dat
iter:    600 (Jcost: 7.491246e-03) (lr = 2.114e+00) (elapsed time: 795.519) (secs/iter:  1.133) (n_accepted: 79%) (u_error:  1.368594 %) (beta_change:  3.584033 %) (delta_change:  0.080693 %) (delta_peak/R:  1.199268 %)
iter:    700 (Jcost: 7.478742e-03) (lr = 7.560e-01) (elapsed time: 896.915) (secs/iter:  1.014) (n_accepted: 78%) (u_error:  1.368561 %) (beta_change:  4.588461 %) (delta_change:  0.102650 %) (delta_peak/R:  1.194291 %)
iter:    800 (Jcost: 7.469648e-03) (lr = 3.738e+00) (elapsed time: 999.000) (secs/iter:  1.021) (n_accepted: 81%) (u_error:  1.368532 %) (beta_change:  5.375904 %) (delta_change:  0.118975 %) (delta_peak/R:  1.190483 %)
iter:    900 (Jcost: 7.463175e-03) (lr = 3.209e+00) (elapsed time: 1094.711) (secs/iter:  0.957) (n_accepted: 79%) (u_error:  1.368510 %) (beta_change:  5.968854 %) (delta_change:  0.130643 %) (delta_peak/R:  1.188018 %)
iter:   1000 (Jcost: 7.457055e-03) (lr = 2.754e+00) (elapsed time: 1198.390) (secs/iter:  1.037) (n_accepted: 79%) (u_error:  1.368486 %) (beta_change:  6.563018 %) (delta_change:  0.141757 %) (delta_peak/R:  1.185625 %)
-> Saved file: /media/rafael/DATA/Dropbox/20220924_FIML_solver/data/output/field_inversion/Beta_e/u_imp_1/FI_run_T31_SReStar_tauLL_u_imp_1_k_imp_0_e_imp_1/FI_run_T31_SReStar_tauLL_u_imp_1_k_imp_0_e_imp_1_state_iter_1000.dat
iter:   1100 (Jcost: 7.452443e-03) (lr = 9.852e-01) (elapsed time: 1305.454) (secs/iter:  1.071) (n_accepted: 78%) (u_error:  1.368465 %) (beta_change:  7.027790 %) (delta_change:  0.150051 %) (delta_peak/R:  1.183275 %)
iter:   1200 (Jcost: 7.448858e-03) (lr = 8.457e-01) (elapsed time: 1406.646) (secs/iter:  1.012) (n_accepted: 79%) (u_error:  1.368448 %) (beta_change:  7.400116 %) (delta_change:  0.156318 %) (delta_peak/R:  1.181850 %)
iter:   1300 (Jcost: 7.445203e-03) (lr = 4.181e+00) (elapsed time: 1503.790) (secs/iter:  0.971) (n_accepted: 81%) (u_error:  1.368429 %) (beta_change:  7.836418 %) (delta_change:  0.164289 %) (delta_peak/R:  1.180058 %)
iter:   1400 (Jcost: 7.442565e-03) (lr = 6.231e-01) (elapsed time: 1580.314) (secs/iter:  0.765) (n_accepted: 77%) (u_error:  1.368414 %) (beta_change:  8.187372 %) (delta_change:  0.170123 %) (delta_peak/R:  1.178952 %)
iter:   1500 (Jcost: 7.440443e-03) (lr = 3.081e+00) (elapsed time: 1676.856) (secs/iter:  0.965) (n_accepted: 81%) (u_error:  1.368401 %) (beta_change:  8.480915 %) (delta_change:  0.174838 %) (delta_peak/R:  1.177866 %)
-> Saved file: /media/rafael/DATA/Dropbox/20220924_FIML_solver/data/output/field_inversion/Beta_e/u_imp_1/FI_run_T31_SReStar_tauLL_u_imp_1_k_imp_0_e_imp_1/FI_run_T31_SReStar_tauLL_u_imp_1_k_imp_0_e_imp_1_state_iter_1500.dat
iter:   1600 (Jcost: 7.438320e-03) (lr = 2.645e+00) (elapsed time: 1783.845) (secs/iter:  1.070) (n_accepted: 79%) (u_error:  1.368387 %) (beta_change:  8.789258 %) (delta_change:  0.179607 %) (delta_peak/R:  1.176568 %)
iter:   1700 (Jcost: 7.436649e-03) (lr = 2.270e+00) (elapsed time: 1884.395) (secs/iter:  1.006) (n_accepted: 79%) (u_error:  1.368376 %) (beta_change:  9.030863 %) (delta_change:  0.183152 %) (delta_peak/R:  1.175906 %)
iter:   1800 (Jcost: 7.435176e-03) (lr = 4.677e+00) (elapsed time: 1979.130) (secs/iter:  0.947) (n_accepted: 80%) (u_error:  1.368365 %) (beta_change:  9.251837 %) (delta_change:  0.186267 %) (delta_peak/R:  1.175161 %)
iter:   1900 (Jcost: 7.433790e-03) (lr = 1.673e+00) (elapsed time: 2058.023) (secs/iter:  0.789) (n_accepted: 78%) (u_error:  1.368354 %) (beta_change:  9.462601 %) (delta_change:  0.189097 %) (delta_peak/R:  1.174411 %)
iter:   2000 (Jcost: 7.432654e-03) (lr = 1.436e+00) (elapsed time: 2112.346) (secs/iter:  0.543) (n_accepted: 79%) (u_error:  1.368344 %) (beta_change:  9.640044 %) (delta_change:  0.191338 %) (delta_peak/R:  1.173954 %)
-> Saved file: /media/rafael/DATA/Dropbox/20220924_FIML_solver/data/output/field_inversion/Beta_e/u_imp_1/FI_run_T31_SReStar_tauLL_u_imp_1_k_imp_0_e_imp_1/FI_run_T31_SReStar_tauLL_u_imp_1_k_imp_0_e_imp_1_state_iter_2000.dat
iter:   2100 (Jcost: 7.431716e-03) (lr = 2.958e+00) (elapsed time: 2167.327) (secs/iter:  0.550) (n_accepted: 80%) (u_error:  1.368335 %) (beta_change:  9.779513 %) (delta_change:  0.193029 %) (delta_peak/R:  1.173288 %)
iter:   2200 (Jcost: 7.430817e-03) (lr = 1.058e+00) (elapsed time: 2219.236) (secs/iter:  0.519) (n_accepted: 78%) (u_error:  1.368327 %) (beta_change: 10.050980 %) (delta_change:  0.194578 %) (delta_peak/R:  1.172860 %)
iter:   2300 (Jcost: 7.430082e-03) (lr = 2.180e+00) (elapsed time: 2281.631) (secs/iter:  0.624) (n_accepted: 80%) (u_error:  1.368319 %) (beta_change: 10.292024 %) (delta_change:  0.195743 %) (delta_peak/R:  1.172290 %)
iter:   2400 (Jcost: 7.429388e-03) (lr = 7.796e-01) (elapsed time: 2368.141) (secs/iter:  0.865) (n_accepted: 78%) (u_error:  1.368312 %) (beta_change: 10.533148 %) (delta_change:  0.196731 %) (delta_peak/R:  1.171962 %)
iter:   2500 (Jcost: 7.428787e-03) (lr = 1.606e+00) (elapsed time: 2457.401) (secs/iter:  0.893) (n_accepted: 80%) (u_error:  1.368305 %) (beta_change: 10.755745 %) (delta_change:  0.197498 %) (delta_peak/R:  1.171630 %)
-> Saved file: /media/rafael/DATA/Dropbox/20220924_FIML_solver/data/output/field_inversion/Beta_e/u_imp_1/FI_run_T31_SReStar_tauLL_u_imp_1_k_imp_0_e_imp_1/FI_run_T31_SReStar_tauLL_u_imp_1_k_imp_0_e_imp_1_state_iter_2500.dat
iter:   2600 (Jcost: 7.428201e-03) (lr = 5.745e-01) (elapsed time: 2547.274) (secs/iter:  0.899) (n_accepted: 78%) (u_error:  1.368298 %) (beta_change: 10.990299 %) (delta_change:  0.198153 %) (delta_peak/R:  1.171413 %)
iter:   2700 (Jcost: 7.427692e-03) (lr = 4.931e-01) (elapsed time: 2622.991) (secs/iter:  0.757) (n_accepted: 79%) (u_error:  1.368291 %) (beta_change: 11.201050 %) (delta_change:  0.198874 %) (delta_peak/R:  1.171031 %)
iter:   2800 (Jcost: 7.427249e-03) (lr = 1.016e+00) (elapsed time: 2703.747) (secs/iter:  0.808) (n_accepted: 80%) (u_error:  1.368285 %) (beta_change: 11.411549 %) (delta_change:  0.199826 %) (delta_peak/R:  1.170741 %)
iter:   2900 (Jcost: 7.426814e-03) (lr = 5.023e+00) (elapsed time: 2794.609) (secs/iter:  0.909) (n_accepted: 81%) (u_error:  1.368279 %) (beta_change: 11.631281 %) (delta_change:  0.200694 %) (delta_peak/R:  1.170479 %)
iter:   3000 (Jcost: 7.426448e-03) (lr = 3.119e-01) (elapsed time: 2881.834) (secs/iter:  0.872) (n_accepted: 76%) (u_error:  1.368274 %) (beta_change: 11.826616 %) (delta_change:  0.201362 %) (delta_peak/R:  1.170260 %)
-> Saved file: /media/rafael/DATA/Dropbox/20220924_FIML_solver/data/output/field_inversion/Beta_e/u_imp_1/FI_run_T31_SReStar_tauLL_u_imp_1_k_imp_0_e_imp_1/FI_run_T31_SReStar_tauLL_u_imp_1_k_imp_0_e_imp_1_state_iter_3000.dat
iter:   3100 (Jcost: 7.426132e-03) (lr = 3.701e+00) (elapsed time: 2974.869) (secs/iter:  0.930) (n_accepted: 82%) (u_error:  1.368269 %) (beta_change: 12.003060 %) (delta_change:  0.201882 %) (delta_peak/R:  1.170121 %)
iter:   3200 (Jcost: 7.425830e-03) (lr = 3.177e+00) (elapsed time: 3061.420) (secs/iter:  0.866) (n_accepted: 79%) (u_error:  1.368264 %) (beta_change: 12.181339 %) (delta_change:  0.202331 %) (delta_peak/R:  1.169978 %)
iter:   3300 (Jcost: 7.425559e-03) (lr = 1.136e+00) (elapsed time: 3148.562) (secs/iter:  0.871) (n_accepted: 78%) (u_error:  1.368260 %) (beta_change: 12.348219 %) (delta_change:  0.202685 %) (delta_peak/R:  1.169808 %)
iter:   3400 (Jcost: 7.425293e-03) (lr = 5.618e+00) (elapsed time: 3228.950) (secs/iter:  0.804) (n_accepted: 81%) (u_error:  1.368255 %) (beta_change: 12.519838 %) (delta_change:  0.202983 %) (delta_peak/R:  1.169660 %)
iter:   3500 (Jcost: 7.425042e-03) (lr = 8.373e-01) (elapsed time: 3317.124) (secs/iter:  0.882) (n_accepted: 77%) (u_error:  1.368251 %) (beta_change: 12.689435 %) (delta_change:  0.203216 %) (delta_peak/R:  1.169503 %)
-> Saved file: /media/rafael/DATA/Dropbox/20220924_FIML_solver/data/output/field_inversion/Beta_e/u_imp_1/FI_run_T31_SReStar_tauLL_u_imp_1_k_imp_0_e_imp_1/FI_run_T31_SReStar_tauLL_u_imp_1_k_imp_0_e_imp_1_state_iter_3500.dat
iter:   3600 (Jcost: 7.424842e-03) (lr = 1.725e+00) (elapsed time: 3404.603) (secs/iter:  0.875) (n_accepted: 80%) (u_error:  1.368247 %) (beta_change: 12.829548 %) (delta_change:  0.203362 %) (delta_peak/R:  1.169430 %)
iter:   3700 (Jcost: 7.424621e-03) (lr = 3.554e+00) (elapsed time: 3480.259) (secs/iter:  0.757) (n_accepted: 80%) (u_error:  1.368243 %) (beta_change: 12.991442 %) (delta_change:  0.203484 %) (delta_peak/R:  1.169314 %)
iter:   3800 (Jcost: 7.424424e-03) (lr = 3.050e+00) (elapsed time: 3566.779) (secs/iter:  0.865) (n_accepted: 79%) (u_error:  1.368239 %) (beta_change: 13.141836 %) (delta_change:  0.203552 %) (delta_peak/R:  1.169245 %)
iter:   3900 (Jcost: 7.424260e-03) (lr = 1.091e+00) (elapsed time: 3626.243) (secs/iter:  0.595) (n_accepted: 78%) (u_error:  1.368235 %) (beta_change: 13.270945 %) (delta_change:  0.203581 %) (delta_peak/R:  1.169128 %)
iter:   4000 (Jcost: 7.424099e-03) (lr = 9.365e-01) (elapsed time: 3684.699) (secs/iter:  0.585) (n_accepted: 79%) (u_error:  1.368232 %) (beta_change: 13.403848 %) (delta_change:  0.203582 %) (delta_peak/R:  1.169012 %)
-> Saved file: /media/rafael/DATA/Dropbox/20220924_FIML_solver/data/output/field_inversion/Beta_e/u_imp_1/FI_run_T31_SReStar_tauLL_u_imp_1_k_imp_0_e_imp_1/FI_run_T31_SReStar_tauLL_u_imp_1_k_imp_0_e_imp_1_state_iter_4000.dat
iter:   4100 (Jcost: 7.423935e-03) (lr = 4.631e+00) (elapsed time: 3730.290) (secs/iter:  0.456) (n_accepted: 81%) (u_error:  1.368229 %) (beta_change: 13.540506 %) (delta_change:  0.203551 %) (delta_peak/R:  1.168991 %)
iter:   4200 (Jcost: 7.423791e-03) (lr = 1.656e+00) (elapsed time: 3781.632) (secs/iter:  0.513) (n_accepted: 78%) (u_error:  1.368226 %) (beta_change: 13.675824 %) (delta_change:  0.203500 %) (delta_peak/R:  1.168921 %)
iter:   4300 (Jcost: 7.423651e-03) (lr = 3.412e+00) (elapsed time: 3825.120) (secs/iter:  0.435) (n_accepted: 80%) (u_error:  1.368222 %) (beta_change: 13.819890 %) (delta_change:  0.203425 %) (delta_peak/R:  1.168914 %)
iter:   4400 (Jcost: 7.423522e-03) (lr = 1.220e+00) (elapsed time: 3875.537) (secs/iter:  0.504) (n_accepted: 78%) (u_error:  1.368220 %) (beta_change: 13.954054 %) (delta_change:  0.203339 %) (delta_peak/R:  1.168849 %)
iter:   4500 (Jcost: 7.423405e-03) (lr = 1.048e+00) (elapsed time: 3926.321) (secs/iter:  0.508) (n_accepted: 79%) (u_error:  1.368217 %) (beta_change: 14.084043 %) (delta_change:  0.203240 %) (delta_peak/R:  1.168825 %)
-> Saved file: /media/rafael/DATA/Dropbox/20220924_FIML_solver/data/output/field_inversion/Beta_e/u_imp_1/FI_run_T31_SReStar_tauLL_u_imp_1_k_imp_0_e_imp_1/FI_run_T31_SReStar_tauLL_u_imp_1_k_imp_0_e_imp_1_state_iter_4500.dat
iter:   4600 (Jcost: 7.423286e-03) (lr = 8.992e-01) (elapsed time: 3988.723) (secs/iter:  0.624) (n_accepted: 79%) (u_error:  1.368214 %) (beta_change: 14.214411 %) (delta_change:  0.203133 %) (delta_peak/R:  1.168677 %)
iter:   4700 (Jcost: 7.423180e-03) (lr = 1.853e+00) (elapsed time: 4069.066) (secs/iter:  0.803) (n_accepted: 80%) (u_error:  1.368211 %) (beta_change: 14.336979 %) (delta_change:  0.203017 %) (delta_peak/R:  1.168649 %)
iter:   4800 (Jcost: 7.423079e-03) (lr = 3.817e+00) (elapsed time: 4145.052) (secs/iter:  0.760) (n_accepted: 80%) (u_error:  1.368209 %) (beta_change: 14.455237 %) (delta_change:  0.202895 %) (delta_peak/R:  1.168640 %)
iter:   4900 (Jcost: 7.422979e-03) (lr = 5.688e-01) (elapsed time: 4226.813) (secs/iter:  0.818) (n_accepted: 77%) (u_error:  1.368206 %) (beta_change: 14.576740 %) (delta_change:  0.202763 %) (delta_peak/R:  1.168603 %)
iter:   5000 (Jcost: 7.422876e-03) (lr = 4.882e-01) (elapsed time: 4304.083) (secs/iter:  0.773) (n_accepted: 79%) (u_error:  1.368204 %) (beta_change: 14.707838 %) (delta_change:  0.202612 %) (delta_peak/R:  1.168608 %)
-> Saved file: /media/rafael/DATA/Dropbox/20220924_FIML_solver/data/output/field_inversion/Beta_e/u_imp_1/FI_run_T31_SReStar_tauLL_u_imp_1_k_imp_0_e_imp_1/FI_run_T31_SReStar_tauLL_u_imp_1_k_imp_0_e_imp_1_state_iter_5000.dat
iter:   5100 (Jcost: 7.422780e-03) (lr = 2.414e+00) (elapsed time: 4352.684) (secs/iter:  0.486) (n_accepted: 81%) (u_error:  1.368201 %) (beta_change: 14.829499 %) (delta_change:  0.202467 %) (delta_peak/R:  1.168553 %)
iter:   5200 (Jcost: 7.422699e-03) (lr = 2.072e+00) (elapsed time: 4431.280) (secs/iter:  0.786) (n_accepted: 79%) (u_error:  1.368199 %) (beta_change: 14.936144 %) (delta_change:  0.202336 %) (delta_peak/R:  1.168513 %)
iter:   5300 (Jcost: 7.422620e-03) (lr = 1.779e+00) (elapsed time: 4510.313) (secs/iter:  0.790) (n_accepted: 79%) (u_error:  1.368197 %) (beta_change: 15.042905 %) (delta_change:  0.202201 %) (delta_peak/R:  1.168489 %)
iter:   5400 (Jcost: 7.422543e-03) (lr = 1.527e+00) (elapsed time: 4588.899) (secs/iter:  0.786) (n_accepted: 79%) (u_error:  1.368195 %) (beta_change: 15.148463 %) (delta_change:  0.202064 %) (delta_peak/R:  1.168468 %)
iter:   5500 (Jcost: 7.422460e-03) (lr = 1.311e+00) (elapsed time: 4638.945) (secs/iter:  0.500) (n_accepted: 79%) (u_error:  1.368193 %) (beta_change: 15.265739 %) (delta_change:  0.201909 %) (delta_peak/R:  1.168470 %)
-> Saved file: /media/rafael/DATA/Dropbox/20220924_FIML_solver/data/output/field_inversion/Beta_e/u_imp_1/FI_run_T31_SReStar_tauLL_u_imp_1_k_imp_0_e_imp_1/FI_run_T31_SReStar_tauLL_u_imp_1_k_imp_0_e_imp_1_state_iter_5500.dat
iter:   5600 (Jcost: 7.422390e-03) (lr = 6.480e+00) (elapsed time: 4685.628) (secs/iter:  0.467) (n_accepted: 81%) (u_error:  1.368191 %) (beta_change: 15.365530 %) (delta_change:  0.201778 %) (delta_peak/R:  1.168426 %)
iter:   5700 (Jcost: 7.422318e-03) (lr = 2.318e+00) (elapsed time: 4750.656) (secs/iter:  0.650) (n_accepted: 78%) (u_error:  1.368189 %) (beta_change: 15.471196 %) (delta_change:  0.201637 %) (delta_peak/R:  1.168408 %)
iter:   5800 (Jcost: 7.422249e-03) (lr = 4.775e+00) (elapsed time: 4825.790) (secs/iter:  0.751) (n_accepted: 80%) (u_error:  1.368187 %) (beta_change: 15.578159 %) (delta_change:  0.201495 %) (delta_peak/R:  1.168343 %)
iter:   5900 (Jcost: 7.422185e-03) (lr = 1.708e+00) (elapsed time: 4898.136) (secs/iter:  0.723) (n_accepted: 78%) (u_error:  1.368185 %) (beta_change: 15.674094 %) (delta_change:  0.201363 %) (delta_peak/R:  1.168419 %)
iter:   6000 (Jcost: 7.422126e-03) (lr = 6.108e-01) (elapsed time: 4974.922) (secs/iter:  0.768) (n_accepted: 78%) (u_error:  1.368183 %) (beta_change: 15.763766 %) (delta_change:  0.201245 %) (delta_peak/R:  1.168365 %)
-> Saved file: /media/rafael/DATA/Dropbox/20220924_FIML_solver/data/output/field_inversion/Beta_e/u_imp_1/FI_run_T31_SReStar_tauLL_u_imp_1_k_imp_0_e_imp_1/FI_run_T31_SReStar_tauLL_u_imp_1_k_imp_0_e_imp_1_state_iter_6000.dat
iter:   6100 (Jcost: 7.422063e-03) (lr = 5.244e-01) (elapsed time: 5054.394) (secs/iter:  0.795) (n_accepted: 79%) (u_error:  1.368182 %) (beta_change: 15.864386 %) (delta_change:  0.201110 %) (delta_peak/R:  1.168375 %)
iter:   6200 (Jcost: 7.422006e-03) (lr = 6.222e+00) (elapsed time: 5129.605) (secs/iter:  0.752) (n_accepted: 82%) (u_error:  1.368180 %) (beta_change: 15.967289 %) (delta_change:  0.200990 %) (delta_peak/R:  1.168296 %)
iter:   6300 (Jcost: 7.421948e-03) (lr = 3.864e-01) (elapsed time: 5194.951) (secs/iter:  0.653) (n_accepted: 76%) (u_error:  1.368178 %) (beta_change: 16.070449 %) (delta_change:  0.200868 %) (delta_peak/R:  1.168331 %)
iter:   6400 (Jcost: 7.421893e-03) (lr = 1.910e+00) (elapsed time: 5243.019) (secs/iter:  0.481) (n_accepted: 81%) (u_error:  1.368177 %) (beta_change: 16.176095 %) (delta_change:  0.200748 %) (delta_peak/R:  1.168290 %)
iter:   6500 (Jcost: 7.421844e-03) (lr = 6.833e-01) (elapsed time: 5319.563) (secs/iter:  0.765) (n_accepted: 78%) (u_error:  1.368175 %) (beta_change: 16.267457 %) (delta_change:  0.200643 %) (delta_peak/R:  1.168312 %)
-> Saved file: /media/rafael/DATA/Dropbox/20220924_FIML_solver/data/output/field_inversion/Beta_e/u_imp_1/FI_run_T31_SReStar_tauLL_u_imp_1_k_imp_0_e_imp_1/FI_run_T31_SReStar_tauLL_u_imp_1_k_imp_0_e_imp_1_state_iter_6500.dat
iter:   6600 (Jcost: 7.421791e-03) (lr = 5.865e-01) (elapsed time: 5400.331) (secs/iter:  0.808) (n_accepted: 79%) (u_error:  1.368174 %) (beta_change: 16.369554 %) (delta_change:  0.200529 %) (delta_peak/R:  1.168305 %)
iter:   6700 (Jcost: 7.421744e-03) (lr = 1.208e+00) (elapsed time: 5474.212) (secs/iter:  0.739) (n_accepted: 80%) (u_error:  1.368172 %) (beta_change: 16.463509 %) (delta_change:  0.200425 %) (delta_peak/R:  1.168298 %)
iter:   6800 (Jcost: 7.421693e-03) (lr = 2.489e+00) (elapsed time: 5552.878) (secs/iter:  0.787) (n_accepted: 80%) (u_error:  1.368171 %) (beta_change: 16.566516 %) (delta_change:  0.200315 %) (delta_peak/R:  1.168251 %)
iter:   6900 (Jcost: 7.421645e-03) (lr = 5.128e+00) (elapsed time: 5596.776) (secs/iter:  0.439) (n_accepted: 80%) (u_error:  1.368169 %) (beta_change: 16.662832 %) (delta_change:  0.200213 %) (delta_peak/R:  1.168251 %)
iter:   7000 (Jcost: 7.421602e-03) (lr = 4.402e+00) (elapsed time: 5642.513) (secs/iter:  0.457) (n_accepted: 79%) (u_error:  1.368168 %) (beta_change: 16.751304 %) (delta_change:  0.200119 %) (delta_peak/R:  1.168284 %)
-> Saved file: /media/rafael/DATA/Dropbox/20220924_FIML_solver/data/output/field_inversion/Beta_e/u_imp_1/FI_run_T31_SReStar_tauLL_u_imp_1_k_imp_0_e_imp_1/FI_run_T31_SReStar_tauLL_u_imp_1_k_imp_0_e_imp_1_state_iter_7000.dat
iter:   7100 (Jcost: 7.421557e-03) (lr = 1.574e+00) (elapsed time: 5692.579) (secs/iter:  0.501) (n_accepted: 78%) (u_error:  1.368167 %) (beta_change: 16.844544 %) (delta_change:  0.200024 %) (delta_peak/R:  1.168273 %)
iter:   7200 (Jcost: 7.421512e-03) (lr = 5.631e-01) (elapsed time: 5741.288) (secs/iter:  0.487) (n_accepted: 78%) (u_error:  1.368165 %) (beta_change: 16.939266 %) (delta_change:  0.199930 %) (delta_peak/R:  1.168262 %)
iter:   7300 (Jcost: 7.421470e-03) (lr = 2.784e+00) (elapsed time: 5796.781) (secs/iter:  0.555) (n_accepted: 81%) (u_error:  1.368164 %) (beta_change: 17.031251 %) (delta_change:  0.199839 %) (delta_peak/R:  1.168263 %)
iter:   7400 (Jcost: 7.421426e-03) (lr = 9.959e-01) (elapsed time: 5873.410) (secs/iter:  0.766) (n_accepted: 78%) (u_error:  1.368163 %) (beta_change: 17.126169 %) (delta_change:  0.199748 %) (delta_peak/R:  1.168283 %)
iter:   7500 (Jcost: 7.421387e-03) (lr = 8.549e-01) (elapsed time: 5946.394) (secs/iter:  0.730) (n_accepted: 79%) (u_error:  1.368161 %) (beta_change: 17.214145 %) (delta_change:  0.199668 %) (delta_peak/R:  1.168218 %)
-> Saved file: /media/rafael/DATA/Dropbox/20220924_FIML_solver/data/output/field_inversion/Beta_e/u_imp_1/FI_run_T31_SReStar_tauLL_u_imp_1_k_imp_0_e_imp_1/FI_run_T31_SReStar_tauLL_u_imp_1_k_imp_0_e_imp_1_state_iter_7500.dat
iter:   7600 (Jcost: 7.421346e-03) (lr = 4.227e+00) (elapsed time: 6003.057) (secs/iter:  0.567) (n_accepted: 81%) (u_error:  1.368160 %) (beta_change: 17.303298 %) (delta_change:  0.199585 %) (delta_peak/R:  1.168244 %)
iter:   7700 (Jcost: 7.421308e-03) (lr = 1.512e+00) (elapsed time: 6044.801) (secs/iter:  0.417) (n_accepted: 78%) (u_error:  1.368159 %) (beta_change: 17.390351 %) (delta_change:  0.199507 %) (delta_peak/R:  1.168243 %)
iter:   7800 (Jcost: 7.421271e-03) (lr = 1.298e+00) (elapsed time: 6088.995) (secs/iter:  0.442) (n_accepted: 79%) (u_error:  1.368158 %) (beta_change: 17.474872 %) (delta_change:  0.199433 %) (delta_peak/R:  1.168269 %)
iter:   7900 (Jcost: 7.421235e-03) (lr = 1.114e+00) (elapsed time: 6133.464) (secs/iter:  0.445) (n_accepted: 79%) (u_error:  1.368157 %) (beta_change: 17.557931 %) (delta_change:  0.199363 %) (delta_peak/R:  1.168255 %)
iter:   8000 (Jcost: 7.421200e-03) (lr = 9.562e-01) (elapsed time: 6175.723) (secs/iter:  0.423) (n_accepted: 79%) (u_error:  1.368156 %) (beta_change: 17.641018 %) (delta_change:  0.199294 %) (delta_peak/R:  1.168249 %)
-> Saved file: /media/rafael/DATA/Dropbox/20220924_FIML_solver/data/output/field_inversion/Beta_e/u_imp_1/FI_run_T31_SReStar_tauLL_u_imp_1_k_imp_0_e_imp_1/FI_run_T31_SReStar_tauLL_u_imp_1_k_imp_0_e_imp_1_state_iter_8000.dat
iter:   8100 (Jcost: 7.421165e-03) (lr = 4.728e+00) (elapsed time: 6220.119) (secs/iter:  0.444) (n_accepted: 81%) (u_error:  1.368155 %) (beta_change: 17.724148 %) (delta_change:  0.199227 %) (delta_peak/R:  1.168240 %)
iter:   8191 (Jcost: 7.421146e-03) (lr = 5.119e-11) (elapsed time: 6245.549) (secs/iter:  0.279) (n_accepted: 48%) (u_error:  1.368154 %) (beta_change: 17.769355 %) (delta_change:  0.199192 %) (delta_peak/R:  1.168238 %)
-> Saved file: /media/rafael/DATA/Dropbox/20220924_FIML_solver/data/output/field_inversion/Beta_e/u_imp_1/FI_run_T31_SReStar_tauLL_u_imp_1_k_imp_0_e_imp_1/FI_run_T31_SReStar_tauLL_u_imp_1_k_imp_0_e_imp_1_state_iter_8191.dat
