# ------------------------------------------------------------------------
#                  Input Arguments
# ------------------------------------------------------------------------
# Begin_Input_Arguments
{ 'all_b_mode': ['Beta_k', 'Beta_e'],
  'args_mk_solver': { 'torch': "<module 'torch' from "
                               "'/home/rafael/anaconda3/lib/python3.9/site-packages/torch/__init__.py'>",
                      'y_grid': [0.0, 0.000309700312, 0.000638645973, 0.00098802599, 0.00135910194, 0.00175321227, 0.00217177688, 0.00261630193, 0.00308838486, 0.00358971984, 0.00412210331, 0.00468744001, 0.00528774917, 0.00592517114, 0.00660197432, 0.0073205624, 0.00808348206, 0.00889343092, 0.00975326602, 0.0106660126, 0.0116348733, 0.0126632377, 0.0137546927, 0.0149130326, 0.0161422702, 0.0174466482, 0.0188306506, 0.0202990157, 0.0218567475, 0.02350913, 0.0252617393, 0.0271204584, 0.0290914903, 0.0311813732, 0.033396994, 0.0357456039, 0.0382348325, 0.0408727029, 0.0436676462, 0.0466285159, 0.0497646022, 0.0530856456, 0.0566018496, 0.0603238931, 0.0642629411, 0.068430655, 0.0728392004, 0.0775012535, 0.0824300053, 0.0876391634, 0.0931429507, 0.0989561006, 0.105093849, 0.111571922, 0.118406518, 0.125614286, 0.133212296, 0.141218006, 0.14964922, 0.158524039, 0.167860801, 0.177678022, 0.187994313, 0.1988283, 0.21019853, 0.222123362, 0.234620856, 0.247708641, 0.261403784, 0.275722637, 0.290680679, 0.306292354, 0.322570888, 0.339528108, 0.357174255, 0.375517785, 0.394565175, 0.414320726, 0.43478637, 0.45596148, 0.47784269, 0.500423731, 0.523695275, 0.547644806, 0.572256506, 0.597511177, 0.623386184, 0.649855436, 0.676889401, 0.704455158, 0.73251649, 0.761034018, 0.789965372, 0.819265404, 0.848886442, 0.878778572, 0.908889961, 0.939167201, 0.969555687, 1.0],
                      'Ret': 395,
                      'cp': 1.0,
                      'A_sca_rho': 1.0,
                      'A_sca_mu': 0.002531645569620253,
                      'A_sca_k': 0.002531645569620253,
                      'b_exp_rho': 0,
                      'b_exp_mu': 1.2,
                      'b_exp_k': 0,
                      'tensor_device': 'cpu',
                      'as_tensor': '<function '
                                   'Build_arguments_fi_run._mk_args_MK_solver.<locals>.<lambda> '
                                   'at 0x7fd1c798dc10>',
                      'ref_dns': { 'u_dns': [1.7432837480471617e-17, 0.11990110421919825, 0.24661234633075435, 0.3804347075635376, 0.521664697751676, 0.6705896534408367, 0.8274819131129758, 0.9925916092532061, 1.1661377906517532, 1.3482976173947114, 1.539194070183328, 1.7389728291622486, 1.947906440838165, 2.1662897969270527, 2.3944300921508157, 2.6326377130265963, 2.8811208780048094, 3.1400086170049932, 3.409387272416332, 3.689296098267596, 3.979724479723237, 4.280603494983008, 4.591810631479703, 4.913203786122452, 5.2446003103781536, 5.585713048882576, 5.936082779405661, 6.2951528920284305, 6.662351015369341, 7.03705553470482, 7.4184400530757815, 7.8055065489947415, 8.197331372069778, 8.593025129125996, 8.991372736866596, 9.391132388089986, 9.791454204834835, 10.190856048516816, 10.587565635627154, 10.981482134651019, 11.371221106896328, 11.754774966560896, 12.131499378846142, 12.500355847588121, 12.860331547011493, 13.210972338708814, 13.550997256179743, 13.879864905739856, 14.197846503078345, 14.5032770147596, 14.796780006270996, 15.078013806367027, 15.34760624768268, 15.60341456953914, 15.848546299395847, 16.081088828507934, 16.3027295587461, 16.51351193923378, 16.713331659266785, 16.903383929301672, 17.085175957854318, 17.257771062685364, 17.42258164878426, 17.580770185379276, 17.733736266214297, 17.880323301675922, 18.022139688712297, 18.160710318871264, 18.296176811679892, 18.42838256640673, 18.558274209869317, 18.686874236898227, 18.813007593188473, 18.938396316307408, 19.062070598496312, 19.185171185032868, 19.308199615235832, 19.430247399923623, 19.550958948008347, 19.672066935508653, 19.79123496491779, 19.910414471803136, 20.028276324991158, 20.14404665088518, 20.258331274133766, 20.370904457308143, 20.480208052437145, 20.58635986447408, 20.688186636600427, 20.786033151876968, 20.87744701778078, 20.963467549441695, 21.042483568160513, 21.112677130881796, 21.17412489176391, 21.226294013282413, 21.26740753401386, 21.298271306027438, 21.316120364361833, 21.323284376550788],
                                   'T_dns': [1.0, 1.005659799930168, 1.011686170839201, 1.0181015792152606, 1.0249294243421223, 1.0321939543353287, 1.0399201435831131, 1.048133520382824, 1.0568599322720746, 1.0661252381676911, 1.0759549366358159, 1.0863768723919975, 1.0974248658255439, 1.109135072649456, 1.1215455800706864, 1.1346958412923076, 1.1486217701769552, 1.1633563916187803, 1.1789309474394374, 1.1953743788971758, 1.2127131616085507, 1.2309693114880964, 1.2501589305706104, 1.2702913786069068, 1.2913664510192553, 1.3133763432969523, 1.336308545550176, 1.360136930994465, 1.3848144067540173, 1.4102704313912537, 1.4364131748409603, 1.4631279032145141, 1.4903133973764866, 1.5178670214597136, 1.5456142076339745, 1.5733802836139144, 1.6011165797480214, 1.6286422976637158, 1.655691359353327, 1.6822944519791476, 1.7082531114145751, 1.7333294200904505, 1.7576235287057773, 1.780997576974859, 1.8032754214822753, 1.8245306089923896, 1.8447786687681547, 1.863931355756318, 1.8820260121798713, 1.8991382288509482, 1.9151846639439463, 1.9303544565185626, 1.944617175556832, 1.958001203598023, 1.9705555641340902, 1.9824925925247423, 1.9936878654895733, 2.0041822168598986, 2.014231941076856, 2.0236222925673, 2.032695803657889, 2.041233426346869, 2.049527649347405, 2.0574065361691614, 2.0650879965726436, 2.072365158499107, 2.079575956070667, 2.0864037832935782, 2.093205011316531, 2.0997966285264877, 2.106292783507256, 2.11259846490907, 2.1187574972296748, 2.1247893884747797, 2.130649410295704, 2.136454640484929, 2.142141143416726, 2.1476760332735285, 2.1531431407819435, 2.158448627082768, 2.163639392656871, 2.16864936531881, 2.1735115882466025, 2.1783139721826674, 2.1829307121810775, 2.187322980957127, 2.1915306743542735, 2.1955326033696068, 2.1993111620174415, 2.202873047926701, 2.206107922566592, 2.209098210101015, 2.211834672840017, 2.214237044551139, 2.2163035887916025, 2.2180398014092098, 2.2194198137140684, 2.2203947368651575, 2.2209937469522822, 2.2211973858335856],
                                   'mu_dns': [0.002531645569620253, 0.0025488496155176925, 0.0025671892207454004, 0.0025867367768301567, 0.002607568091296754, 0.0026297621942359324, 0.0026534010290074107, 0.0026785689910582755, 0.0027053522740502945, 0.002733837986436556, 0.00276411306282222, 0.002796272670450763, 0.0028304315725656425, 0.0028667130978398186, 0.00290524804887922, 0.0029461731019589927, 0.00298961563687231, 0.003035695736453334, 0.003084529628976669, 0.0031362280598173915, 0.0031908957354739474, 0.0032486249505062313, 0.003309490795401082, 0.0033735482425770653, 0.0034408227717012347, 0.0035113161315587053, 0.0035850151821179353, 0.0036618627614678446, 0.0037417329811891566, 0.0038244217969509065, 0.003909652520554679, 0.003997069095026588, 0.0040863544172998435, 0.004177181775941734, 0.004268981038841252, 0.004361173341583123, 0.004453592224148201, 0.0045456265817119135, 0.004636370812642977, 0.0047259086168078305, 0.0048135509037213284, 0.004898467539758267, 0.004980970087159492, 0.005060563732435493, 0.005136619313444046, 0.005209359013519114, 0.0052788099452865025, 0.005344644231179513, 0.00540696614599695, 0.005466014703545753, 0.005521482383492977, 0.005574005327402124, 0.005623463040053902, 0.005669939824158915, 0.005713593340884427, 0.005755151920269972, 0.005794173600335005, 0.00583079200400966, 0.005865894917356026, 0.005898726367426333, 0.005930479009561461, 0.00596038221566953, 0.0059894568749744624, 0.006017097414714699, 0.006044065736711382, 0.006069633148841754, 0.00609498511563006, 0.00611900683414935, 0.006142950606959215, 0.006166171296289735, 0.006189069963275969, 0.006211310733101746, 0.006233047078284302, 0.006254346971760994, 0.006275051542569782, 0.006295573757020154, 0.0063156870717765694, 0.006335274385156038, 0.006354631738758096, 0.006373426242290053, 0.006391823295805061, 0.006409587958713615, 0.0064268365720710225, 0.006443880485144219, 0.006460272624818619, 0.006475874197452658, 0.006490826026169407, 0.006505052009726538, 0.0065184887214041805, 0.006531159164142017, 0.006542669904163785, 0.006553313326444218, 0.006563055827693097, 0.006571610867653204, 0.006578971484318321, 0.006585156587112307, 0.006590073448800205, 0.006593547382297046, 0.006595681980007775, 0.006596407681977733],
                                   'rho_dns': [1.0, 1.0, 1.0, 1.0, 1.0, 1.0, 1.0, 1.0, 1.0, 1.0, 1.0, 1.0, 1.0, 1.0, 1.0, 1.0, 1.0, 1.0, 1.0, 1.0, 1.0, 1.0, 1.0, 1.0, 1.0, 1.0, 1.0, 1.0, 1.0, 1.0, 1.0, 1.0, 1.0, 1.0, 1.0, 1.0, 1.0, 1.0, 1.0, 1.0, 1.0, 1.0, 1.0, 1.0, 1.0, 1.0, 1.0, 1.0, 1.0, 1.0, 1.0, 1.0, 1.0, 1.0, 1.0, 1.0, 1.0, 1.0, 1.0, 1.0, 1.0, 1.0, 1.0, 1.0, 1.0, 1.0, 1.0, 1.0, 1.0, 1.0, 1.0, 1.0, 1.0, 1.0, 1.0, 1.0, 1.0, 1.0, 1.0, 1.0, 1.0, 1.0, 1.0, 1.0, 1.0, 1.0, 1.0, 1.0, 1.0, 1.0, 1.0, 1.0, 1.0, 1.0, 1.0, 1.0, 1.0, 1.0, 1.0, 1.0]},
                      'case': 'T31_SReStar_tauGL',
                      'constant_Sq_heat': 0.0469620253164557,
                      'use_visc_heating': False,
                      'Pr_turb': 1.0,
                      'fprint': '<function '
                                'Build_arguments_fi_run._mk_args_MK_solver.<locals>.<lambda> '
                                'at 0x7fd1c798dd30>',
                      'compressible_correction': False,
                      'bool_solve_energy': False,
                      'output_last': False},
  'u_imp': 10,
  'k_imp': 1,
  'e_imp': 1,
  'solve_sparse_adj': True,
  'all_ref_beta_distrib': {'K': [1.0, 1.0001115, 1.00020874, 1.00028869, 1.00035013, 1.00039195, 1.00041305, 1.00041232, 1.00038877, 1.00034155, 1.00026999, 1.00017371, 1.00005257, 0.99990681, 0.99973698, 0.99954406, 0.99932944, 0.99909496, 0.99884299, 0.99857642, 0.99829873, 0.99801408, 0.99772733, 0.99744412, 0.99717099, 0.99691541, 0.99668589, 0.99649199, 0.99634422, 0.99625373, 0.99623171, 0.99628866, 0.99643375, 0.99667434, 0.99701557, 0.99746031, 0.99800895, 0.99865889, 0.99940454, 1.00023714, 1.00114447, 1.00211106, 1.00311816, 1.00414398, 1.00516408, 1.00615156, 1.0070779, 1.00791361, 1.00862889, 1.00919464, 1.00958328, 1.00976968, 1.00973196, 1.00945254, 1.00891874, 1.00812356, 1.00706626, 1.00575331, 1.00419939, 1.00242799, 1.00047243, 0.99837715, 0.99619832, 0.99400442, 0.99187401, 0.98989628, 0.9881632, 0.98676653, 0.98578356, 0.98527699, 0.98528579, 0.98582464, 0.98688251, 0.98842407, 0.99039081, 0.99270285, 0.99526208, 0.99795821, 1.00067607, 1.00329794, 1.00571103, 1.00781166, 1.00950952, 1.01073763, 1.01144968, 1.01161597, 1.01123116, 1.01031299, 1.00888722, 1.00695359, 1.004448, 1.00121094, 0.99706065, 0.99203391, 0.98655182, 0.98139283, 0.97750563, 0.97574139, 0.97669524, 0.99040609], 'E': [1.0, 1.00003299, 1.00005175, 1.00007271, 1.0000962, 1.00012256, 1.00015222, 1.00018563, 1.00022331, 1.00026586, 1.00031393, 1.00036824, 1.00042958, 1.00049882, 1.00057686, 1.00066464, 1.00076308, 1.00087305, 1.00099522, 1.0011299, 1.00127678, 1.0014345, 1.00160018, 1.00176883, 1.00193322, 1.00208454, 1.00221458, 1.00231882, 1.00239837, 1.00245728, 1.00249481, 1.00249733, 1.00243718, 1.00227983, 1.00199061, 1.0015355, 1.00087913, 0.99998422, 0.99881254, 0.99732648, 0.99549133, 0.99327803, 0.99066586, 0.98764725, 0.98423264, 0.9804551, 0.97637757, 0.97210115, 0.96777326, 0.96359831, 0.95985219, 0.95689455, 0.95519074, 0.95532982, 0.9580497, 0.96426159, 0.97507511, 0.99181072, 1.01599833, 1.04934132, 1.09365474, 1.15072506, 1.22224248, 1.30956754, 1.41177978, 1.52075405, 1.6201632, 1.69248935, 1.72748411, 1.72387022, 1.68665519, 1.62333195, 1.54147783, 1.44765754, 1.34723092, 1.24454895, 1.14322121, 1.04633992, 0.95663093, 0.87661253, 0.8085685, 0.75447795, 0.71585526, 0.69347198, 0.68723114, 0.69605885, 0.71782267, 0.74951815, 0.78764687, 0.82865801, 0.86930838, 0.90699049, 0.93988352, 0.96686613, 0.98751811, 1.00201846, 1.01089911, 1.01480878, 1.01425557, 1.00464244]},
  'all_ref_delta_distrib': {'K': [-0.0, -0.000884141488920334, -0.0017262200565240176, -0.0024937306062667894, -0.003164601343932135, -0.003713380130713782, -0.004109437473525153, -0.004315671479029464, -0.004288681988812622, -0.003977996560311484, -0.003325579607523556, -0.002266432928410065, -0.0007275968203361088, 0.001370028258761189, 0.004112001471054043, 0.007587255721183925, 0.011885928110442966, 0.017095054271465245, 0.02329180816899478, 0.03053643753309237, 0.03886165924605577, 0.04825927893153858, 0.0586665264753666, 0.06995023334989676, 0.0818904541744553, 0.09416927731625334, 0.10636255661396649, 0.11794059798743109, 0.1282770938989731, 0.13666620898052068, 0.14235000218297297, 0.14455849949474314, 0.14256699763533723, 0.13577038131388194, 0.12376221153879037, 0.1063858713139275, 0.08376915701195625, 0.05634777851812714, 0.024843628062588472, -0.009770476822682499, -0.0463175935637132, -0.08349408782413931, -0.11993915306137315, -0.15431110769439915, -0.18535881107715738, -0.21197160845113852, -0.23323722474150269, -0.24847454431862612, -0.2572507863218135, -0.25939544596689446, -0.2549953818540345, -0.24438258149423767, -0.22811069818804902, -0.206930604010225, -0.1817490715870859, -0.15358745658927334, -0.12353314012028263, -0.09269458742672598, -0.062153564031482325, -0.03291191988799622, -0.00584906630924028, 0.018309693602747475, 0.0390217596996331, 0.055938093792167, 0.06891895541156463, 0.07799588245649669, 0.08337341176012787, 0.0853555824235778, 0.08434176014080878, 0.0807394497577559, 0.07496850840487164, 0.06743722062332146, 0.0585436431754073, 0.04867355307154755, 0.03820610667266228, 0.027518394814081405, 0.016985256952364625, 0.006968493695144148, -0.002197819460131032, -0.010207253744144827, -0.01680249000958078, -0.021789028866695995, -0.025052181700545437, -0.026587964055776257, -0.026494414567050987, -0.024956538672363065, -0.022249376869465015, -0.01870691520405304, -0.01466225695542534, -0.010372181852374231, -0.00596998612672001, -0.0014579008836817923, 0.0031715633529600076, 0.007718758678358236, 0.011766338102392629, 0.014843066782042806, 0.01659326400742259, 0.01685852441570537, 0.015602888721876025, 0.006343156545758989], 'E': [-0.0, -0.005803360517285866, -0.012710186640305486, -0.0209319042411691, -0.030736806395651836, -0.042439690770254536, -0.05643415871407863, -0.07317913617831011, -0.093225931022212, -0.11723536366855296, -0.14597797884497238, -0.1803532944590857, -0.22139942285083664, -0.27030787680985646, -0.32840225791983746, -0.39714111545113334, -0.4780788517391321, -0.5728344680127165, -0.6829808979068913, -0.8099265780200138, -0.9547450686983845, -1.1179129363466365, -1.29903997783647, -1.4964531430612937, -1.7068627556053972, -1.9249523208572732, -2.143113542556471, -2.351217994029699, -2.5365661495816054, -2.683668913700434, -2.774072136832133, -2.786378883467685, -2.6968255026443693, -2.481135500822293, -2.116858679866874, -1.5858210377051485, -0.8762457307411622, 0.015083033880206981, 1.081629193341434, 2.3061645604300414, 3.660627996207466, 5.106951327333992, 6.598008061364588, 8.079745271651237, 9.493260445658834, 10.777050465410573, 11.86991270967485, 12.71348194603907, 13.25458941086496, 13.447886857492183, 13.257868409906767, 12.660972884524934, 11.64708031121915, 10.221319605557305, 8.404716239940342, 6.234756968412141, 3.765196948583379, 1.0652621056836915, -1.782363762033383, -4.684442229513694, -7.543428726707716, -10.262773043393194, -12.761739528778666, -14.978857079650801, -16.807520659850347, -17.991161545396718, -18.24143218415427, -17.4829678993228, -15.920220944464397, -13.881706207139093, -11.670523207467689, -9.49530522471498, -7.472494161574217, -5.652636641432506, -4.048031946126889, -2.652826837697959, -1.4550891319211299, -0.4431495393329111, 0.39168702922072224, 1.0540234220686653, 1.5459979533704442, 1.8697910659502013, 2.031055387712585, 2.0427727016624173, 1.9267996946010588, 1.7136531226623941, 1.4401493783131953, 1.1441357922814381, 0.8585318380042947, 0.6069479474824657, 0.4021946672533439, 0.24715300265828485, 0.13753814756565022, 0.06534734232675515, 0.021356349487846316, -0.0030336512252878674, -0.014667864582376153, -0.018313600565946102, -0.016720346185239626, -0.005349383514797286]},
  'fname_print': '/media/rafael/DATA/Dropbox/20220924_FIML_solver/data/output/field_inversion/Beta_k__1__Beta_e__1/u_imp_10/FI_run_T31_SReStar_tauGL_u_imp_10_k_imp_1_e_imp_1/FI_run_T31_SReStar_tauGL_u_imp_10_k_imp_1_e_imp_1.log',
  'folder': '/media/rafael/DATA/Dropbox/20220924_FIML_solver/data/output/field_inversion/Beta_k__1__Beta_e__1/u_imp_10/FI_run_T31_SReStar_tauGL_u_imp_10_k_imp_1_e_imp_1',
  'iters_limit': 15000}
# End_Input_Arguments

# ------------------------------------------------------------------------
#                  Iterations
# ------------------------------------------------------------------------

iter:      0 (Jcost: 5.144114e-01) (lr = 1.000e-03) (elapsed time:  0.002) (secs/iter:   None) (n_accepted: 0%) (u_error:  4.484660 %) (beta_change: 37.587136 %) (delta_change:  0.964631 %) (delta_peak/R:  0.000000 %)
-> Saved file: /media/rafael/DATA/Dropbox/20220924_FIML_solver/data/output/field_inversion/Beta_k__1__Beta_e__1/u_imp_10/FI_run_T31_SReStar_tauGL_u_imp_10_k_imp_1_e_imp_1/FI_run_T31_SReStar_tauGL_u_imp_10_k_imp_1_e_imp_1_state_iter_0.dat
iter:    100 (Jcost: 2.647059e-02) (lr = 7.874e-01) (elapsed time: 105.464) (secs/iter:  1.055) (n_accepted: 87%) (u_error:  0.870337 %) (beta_change: 34.843650 %) (delta_change:  1.157427 %) (delta_peak/R:  1.305516 %)
iter:    200 (Jcost: 2.376111e-02) (lr = 1.173e-01) (elapsed time: 172.528) (secs/iter:  0.671) (n_accepted: 77%) (u_error:  0.864323 %) (beta_change: 33.634804 %) (delta_change:  1.058764 %) (delta_peak/R:  1.234362 %)
iter:    300 (Jcost: 2.169194e-02) (lr = 4.197e-02) (elapsed time: 238.051) (secs/iter:  0.655) (n_accepted: 78%) (u_error:  0.869016 %) (beta_change: 32.010165 %) (delta_change:  0.982905 %) (delta_peak/R:  1.179387 %)
iter:    400 (Jcost: 2.055617e-02) (lr = 1.501e-02) (elapsed time: 298.181) (secs/iter:  0.601) (n_accepted: 78%) (u_error:  0.870591 %) (beta_change: 30.620203 %) (delta_change:  0.917021 %) (delta_peak/R:  1.133764 %)
iter:    500 (Jcost: 1.965325e-02) (lr = 3.093e-02) (elapsed time: 357.752) (secs/iter:  0.596) (n_accepted: 80%) (u_error:  0.870951 %) (beta_change: 29.090637 %) (delta_change:  0.842787 %) (delta_peak/R:  1.079620 %)
-> Saved file: /media/rafael/DATA/Dropbox/20220924_FIML_solver/data/output/field_inversion/Beta_k__1__Beta_e__1/u_imp_10/FI_run_T31_SReStar_tauGL_u_imp_10_k_imp_1_e_imp_1/FI_run_T31_SReStar_tauGL_u_imp_10_k_imp_1_e_imp_1_state_iter_500.dat
iter:    600 (Jcost: 1.914244e-02) (lr = 6.371e-02) (elapsed time: 436.022) (secs/iter:  0.783) (n_accepted: 80%) (u_error:  0.870324 %) (beta_change: 27.875907 %) (delta_change:  0.791763 %) (delta_peak/R:  1.057720 %)
iter:    700 (Jcost: 1.885866e-02) (lr = 1.313e-01) (elapsed time: 500.854) (secs/iter:  0.648) (n_accepted: 80%) (u_error:  0.873684 %) (beta_change: 27.341731 %) (delta_change:  0.757972 %) (delta_peak/R:  1.048974 %)
iter:    800 (Jcost: 1.850113e-02) (lr = 1.956e-02) (elapsed time: 555.188) (secs/iter:  0.543) (n_accepted: 77%) (u_error:  0.874343 %) (beta_change: 26.600435 %) (delta_change:  0.706323 %) (delta_peak/R:  1.032341 %)
iter:    900 (Jcost: 1.825514e-02) (lr = 1.679e-02) (elapsed time: 616.346) (secs/iter:  0.612) (n_accepted: 79%) (u_error:  0.873185 %) (beta_change: 26.011623 %) (delta_change:  0.667744 %) (delta_peak/R:  1.014423 %)
iter:   1000 (Jcost: 1.810618e-02) (lr = 1.992e-01) (elapsed time: 685.215) (secs/iter:  0.689) (n_accepted: 82%) (u_error:  0.874595 %) (beta_change: 25.630248 %) (delta_change:  0.640817 %) (delta_peak/R:  1.001562 %)
-> Saved file: /media/rafael/DATA/Dropbox/20220924_FIML_solver/data/output/field_inversion/Beta_k__1__Beta_e__1/u_imp_10/FI_run_T31_SReStar_tauGL_u_imp_10_k_imp_1_e_imp_1/FI_run_T31_SReStar_tauGL_u_imp_10_k_imp_1_e_imp_1_state_iter_1000.dat
iter:   1100 (Jcost: 1.795729e-02) (lr = 7.126e-02) (elapsed time: 768.429) (secs/iter:  0.832) (n_accepted: 78%) (u_error:  0.874788 %) (beta_change: 25.178010 %) (delta_change:  0.609081 %) (delta_peak/R:  0.985557 %)
iter:   1200 (Jcost: 1.781350e-02) (lr = 1.062e-02) (elapsed time: 846.496) (secs/iter:  0.781) (n_accepted: 77%) (u_error:  0.874987 %) (beta_change: 24.675692 %) (delta_change:  0.573795 %) (delta_peak/R:  0.971619 %)
iter:   1300 (Jcost: 1.770284e-02) (lr = 5.251e-02) (elapsed time: 924.540) (secs/iter:  0.780) (n_accepted: 81%) (u_error:  0.876220 %) (beta_change: 24.216088 %) (delta_change:  0.546690 %) (delta_peak/R:  0.968255 %)
iter:   1400 (Jcost: 1.759394e-02) (lr = 6.231e-01) (elapsed time: 997.968) (secs/iter:  0.734) (n_accepted: 82%) (u_error:  0.875102 %) (beta_change: 23.740509 %) (delta_change:  0.520986 %) (delta_peak/R:  0.969662 %)
iter:   1500 (Jcost: 1.750911e-02) (lr = 3.869e-02) (elapsed time: 1076.294) (secs/iter:  0.783) (n_accepted: 76%) (u_error:  0.875227 %) (beta_change: 23.307922 %) (delta_change:  0.497308 %) (delta_peak/R:  0.971932 %)
-> Saved file: /media/rafael/DATA/Dropbox/20220924_FIML_solver/data/output/field_inversion/Beta_k__1__Beta_e__1/u_imp_10/FI_run_T31_SReStar_tauGL_u_imp_10_k_imp_1_e_imp_1/FI_run_T31_SReStar_tauGL_u_imp_10_k_imp_1_e_imp_1_state_iter_1500.dat
iter:   1600 (Jcost: 1.743181e-02) (lr = 1.384e-02) (elapsed time: 1158.412) (secs/iter:  0.821) (n_accepted: 78%) (u_error:  0.875218 %) (beta_change: 22.867568 %) (delta_change:  0.473110 %) (delta_peak/R:  0.973108 %)
iter:   1700 (Jcost: 1.736895e-02) (lr = 6.842e-02) (elapsed time: 1235.644) (secs/iter:  0.772) (n_accepted: 81%) (u_error:  0.874258 %) (beta_change: 22.445956 %) (delta_change:  0.450048 %) (delta_peak/R:  0.971967 %)
iter:   1800 (Jcost: 1.732097e-02) (lr = 2.447e-02) (elapsed time: 1309.898) (secs/iter:  0.743) (n_accepted: 78%) (u_error:  0.875536 %) (beta_change: 22.142305 %) (delta_change:  0.433633 %) (delta_peak/R:  0.973834 %)
iter:   1900 (Jcost: 1.726806e-02) (lr = 8.753e-03) (elapsed time: 1385.722) (secs/iter:  0.758) (n_accepted: 78%) (u_error:  0.875364 %) (beta_change: 21.750294 %) (delta_change:  0.412796 %) (delta_peak/R:  0.972826 %)
iter:   2000 (Jcost: 1.722496e-02) (lr = 1.039e-01) (elapsed time: 1462.174) (secs/iter:  0.765) (n_accepted: 82%) (u_error:  0.876154 %) (beta_change: 21.384316 %) (delta_change:  0.394938 %) (delta_peak/R:  0.972900 %)
-> Saved file: /media/rafael/DATA/Dropbox/20220924_FIML_solver/data/output/field_inversion/Beta_k__1__Beta_e__1/u_imp_10/FI_run_T31_SReStar_tauGL_u_imp_10_k_imp_1_e_imp_1/FI_run_T31_SReStar_tauGL_u_imp_10_k_imp_1_e_imp_1_state_iter_2000.dat
iter:   2100 (Jcost: 1.718054e-02) (lr = 5.136e-01) (elapsed time: 1538.548) (secs/iter:  0.764) (n_accepted: 81%) (u_error:  0.875340 %) (beta_change: 21.017147 %) (delta_change:  0.380519 %) (delta_peak/R:  0.973775 %)
iter:   2200 (Jcost: 1.714468e-02) (lr = 4.408e-01) (elapsed time: 1612.462) (secs/iter:  0.739) (n_accepted: 79%) (u_error:  0.875290 %) (beta_change: 20.681327 %) (delta_change:  0.372444 %) (delta_peak/R:  0.975338 %)
iter:   2300 (Jcost: 1.711170e-02) (lr = 2.737e-02) (elapsed time: 1687.005) (secs/iter:  0.745) (n_accepted: 76%) (u_error:  0.875449 %) (beta_change: 20.351562 %) (delta_change:  0.366423 %) (delta_peak/R:  0.976906 %)
iter:   2400 (Jcost: 1.707625e-02) (lr = 9.791e-03) (elapsed time: 1758.955) (secs/iter:  0.719) (n_accepted: 78%) (u_error:  0.875257 %) (beta_change: 19.973030 %) (delta_change:  0.359000 %) (delta_peak/R:  0.977757 %)
iter:   2500 (Jcost: 1.705337e-02) (lr = 1.162e-01) (elapsed time: 1830.459) (secs/iter:  0.715) (n_accepted: 82%) (u_error:  0.875192 %) (beta_change: 19.713254 %) (delta_change:  0.353636 %) (delta_peak/R:  0.978224 %)
-> Saved file: /media/rafael/DATA/Dropbox/20220924_FIML_solver/data/output/field_inversion/Beta_k__1__Beta_e__1/u_imp_10/FI_run_T31_SReStar_tauGL_u_imp_10_k_imp_1_e_imp_1/FI_run_T31_SReStar_tauGL_u_imp_10_k_imp_1_e_imp_1_state_iter_2500.dat
iter:   2600 (Jcost: 1.702617e-02) (lr = 1.731e-02) (elapsed time: 1906.889) (secs/iter:  0.764) (n_accepted: 77%) (u_error:  0.875377 %) (beta_change: 19.388579 %) (delta_change:  0.346676 %) (delta_peak/R:  0.978996 %)
iter:   2700 (Jcost: 1.700010e-02) (lr = 4.931e-01) (elapsed time: 1977.216) (secs/iter:  0.703) (n_accepted: 83%) (u_error:  0.875517 %) (beta_change: 19.056749 %) (delta_change:  0.339279 %) (delta_peak/R:  0.979442 %)
iter:   2800 (Jcost: 1.698283e-02) (lr = 1.764e-01) (elapsed time: 2048.762) (secs/iter:  0.715) (n_accepted: 78%) (u_error:  0.875284 %) (beta_change: 18.830691 %) (delta_change:  0.334075 %) (delta_peak/R:  0.979071 %)
iter:   2900 (Jcost: 1.696143e-02) (lr = 1.095e-02) (elapsed time: 2124.209) (secs/iter:  0.754) (n_accepted: 76%) (u_error:  0.875248 %) (beta_change: 18.535112 %) (delta_change:  0.327138 %) (delta_peak/R:  0.978842 %)
iter:   3000 (Jcost: 1.694362e-02) (lr = 3.119e-01) (elapsed time: 2193.882) (secs/iter:  0.697) (n_accepted: 83%) (u_error:  0.875120 %) (beta_change: 18.277585 %) (delta_change:  0.320963 %) (delta_peak/R:  0.978328 %)
-> Saved file: /media/rafael/DATA/Dropbox/20220924_FIML_solver/data/output/field_inversion/Beta_k__1__Beta_e__1/u_imp_10/FI_run_T31_SReStar_tauGL_u_imp_10_k_imp_1_e_imp_1/FI_run_T31_SReStar_tauGL_u_imp_10_k_imp_1_e_imp_1_state_iter_3000.dat
iter:   3100 (Jcost: 1.692523e-02) (lr = 1.937e-02) (elapsed time: 2272.411) (secs/iter:  0.785) (n_accepted: 76%) (u_error:  0.875274 %) (beta_change: 18.001328 %) (delta_change:  0.314246 %) (delta_peak/R:  0.978081 %)
iter:   3200 (Jcost: 1.690465e-02) (lr = 1.662e-02) (elapsed time: 2341.740) (secs/iter:  0.693) (n_accepted: 79%) (u_error:  0.874916 %) (beta_change: 17.674610 %) (delta_change:  0.306149 %) (delta_peak/R:  0.976728 %)
iter:   3300 (Jcost: 1.688965e-02) (lr = 1.973e-01) (elapsed time: 2414.066) (secs/iter:  0.723) (n_accepted: 82%) (u_error:  0.875098 %) (beta_change: 17.432793 %) (delta_change:  0.300349 %) (delta_peak/R:  0.976293 %)
iter:   3400 (Jcost: 1.687433e-02) (lr = 1.225e-02) (elapsed time: 2468.968) (secs/iter:  0.549) (n_accepted: 76%) (u_error:  0.875093 %) (beta_change: 17.173239 %) (delta_change:  0.295977 %) (delta_peak/R:  0.975380 %)
iter:   3500 (Jcost: 1.686455e-02) (lr = 6.057e-02) (elapsed time: 2512.600) (secs/iter:  0.436) (n_accepted: 81%) (u_error:  0.875111 %) (beta_change: 17.002842 %) (delta_change:  0.293022 %) (delta_peak/R:  0.974743 %)
-> Saved file: /media/rafael/DATA/Dropbox/20220924_FIML_solver/data/output/field_inversion/Beta_k__1__Beta_e__1/u_imp_10/FI_run_T31_SReStar_tauGL_u_imp_10_k_imp_1_e_imp_1/FI_run_T31_SReStar_tauGL_u_imp_10_k_imp_1_e_imp_1_state_iter_3500.dat
iter:   3600 (Jcost: 1.684693e-02) (lr = 9.026e-03) (elapsed time: 2565.677) (secs/iter:  0.531) (n_accepted: 77%) (u_error:  0.875126 %) (beta_change: 16.685472 %) (delta_change:  0.287355 %) (delta_peak/R:  0.973390 %)
iter:   3700 (Jcost: 1.683316e-02) (lr = 1.071e-01) (elapsed time: 2637.523) (secs/iter:  0.718) (n_accepted: 82%) (u_error:  0.875434 %) (beta_change: 16.419937 %) (delta_change:  0.282475 %) (delta_peak/R:  0.973215 %)
iter:   3800 (Jcost: 1.682014e-02) (lr = 5.296e-01) (elapsed time: 2706.211) (secs/iter:  0.687) (n_accepted: 81%) (u_error:  0.875011 %) (beta_change: 16.177452 %) (delta_change:  0.277854 %) (delta_peak/R:  0.973246 %)
iter:   3900 (Jcost: 1.680790e-02) (lr = 4.546e-01) (elapsed time: 2777.803) (secs/iter:  0.716) (n_accepted: 79%) (u_error:  0.874914 %) (beta_change: 15.933854 %) (delta_change:  0.273133 %) (delta_peak/R:  0.973701 %)
iter:   4000 (Jcost: 1.679544e-02) (lr = 6.775e-02) (elapsed time: 2848.671) (secs/iter:  0.709) (n_accepted: 77%) (u_error:  0.875113 %) (beta_change: 15.679897 %) (delta_change:  0.268136 %) (delta_peak/R:  0.974557 %)
-> Saved file: /media/rafael/DATA/Dropbox/20220924_FIML_solver/data/output/field_inversion/Beta_k__1__Beta_e__1/u_imp_10/FI_run_T31_SReStar_tauGL_u_imp_10_k_imp_1_e_imp_1/FI_run_T31_SReStar_tauGL_u_imp_10_k_imp_1_e_imp_1_state_iter_4000.dat
iter:   4100 (Jcost: 1.678269e-02) (lr = 1.010e-02) (elapsed time: 2924.731) (secs/iter:  0.761) (n_accepted: 77%) (u_error:  0.874989 %) (beta_change: 15.412650 %) (delta_change:  0.262753 %) (delta_peak/R:  0.974816 %)
iter:   4200 (Jcost: 1.677152e-02) (lr = 1.198e-01) (elapsed time: 2995.932) (secs/iter:  0.712) (n_accepted: 82%) (u_error:  0.875344 %) (beta_change: 15.160421 %) (delta_change:  0.257619 %) (delta_peak/R:  0.975707 %)
iter:   4300 (Jcost: 1.676318e-02) (lr = 2.468e-01) (elapsed time: 3064.627) (secs/iter:  0.687) (n_accepted: 80%) (u_error:  0.874921 %) (beta_change: 14.986966 %) (delta_change:  0.253999 %) (delta_peak/R:  0.975204 %)
iter:   4400 (Jcost: 1.675263e-02) (lr = 3.678e-02) (elapsed time: 3136.242) (secs/iter:  0.716) (n_accepted: 77%) (u_error:  0.874953 %) (beta_change: 14.749578 %) (delta_change:  0.249017 %) (delta_peak/R:  0.975416 %)
iter:   4500 (Jcost: 1.674371e-02) (lr = 1.819e-01) (elapsed time: 3206.032) (secs/iter:  0.698) (n_accepted: 81%) (u_error:  0.875094 %) (beta_change: 14.542410 %) (delta_change:  0.244615 %) (delta_peak/R:  0.975711 %)
-> Saved file: /media/rafael/DATA/Dropbox/20220924_FIML_solver/data/output/field_inversion/Beta_k__1__Beta_e__1/u_imp_10/FI_run_T31_SReStar_tauGL_u_imp_10_k_imp_1_e_imp_1/FI_run_T31_SReStar_tauGL_u_imp_10_k_imp_1_e_imp_1_state_iter_4500.dat
iter:   4600 (Jcost: 1.673435e-02) (lr = 1.561e-01) (elapsed time: 3278.045) (secs/iter:  0.720) (n_accepted: 79%) (u_error:  0.874932 %) (beta_change: 14.325942 %) (delta_change:  0.239956 %) (delta_peak/R:  0.975462 %)
iter:   4700 (Jcost: 1.672536e-02) (lr = 1.340e-01) (elapsed time: 3347.190) (secs/iter:  0.691) (n_accepted: 79%) (u_error:  0.874889 %) (beta_change: 14.111200 %) (delta_change:  0.235446 %) (delta_peak/R:  0.975332 %)
iter:   4800 (Jcost: 1.671519e-02) (lr = 4.793e-02) (elapsed time: 3414.454) (secs/iter:  0.673) (n_accepted: 78%) (u_error:  0.874853 %) (beta_change: 13.862748 %) (delta_change:  0.230941 %) (delta_peak/R:  0.975125 %)
iter:   4900 (Jcost: 1.670639e-02) (lr = 4.114e-02) (elapsed time: 3484.410) (secs/iter:  0.700) (n_accepted: 79%) (u_error:  0.874831 %) (beta_change: 13.642806 %) (delta_change:  0.226952 %) (delta_peak/R:  0.974883 %)
iter:   5000 (Jcost: 1.669747e-02) (lr = 1.472e-02) (elapsed time: 3553.062) (secs/iter:  0.687) (n_accepted: 78%) (u_error:  0.874838 %) (beta_change: 13.418438 %) (delta_change:  0.222830 %) (delta_peak/R:  0.974610 %)
-> Saved file: /media/rafael/DATA/Dropbox/20220924_FIML_solver/data/output/field_inversion/Beta_k__1__Beta_e__1/u_imp_10/FI_run_T31_SReStar_tauGL_u_imp_10_k_imp_1_e_imp_1/FI_run_T31_SReStar_tauGL_u_imp_10_k_imp_1_e_imp_1_state_iter_5000.dat
iter:   5100 (Jcost: 1.669013e-02) (lr = 1.746e-01) (elapsed time: 3625.937) (secs/iter:  0.729) (n_accepted: 82%) (u_error:  0.874590 %) (beta_change: 13.232012 %) (delta_change:  0.219319 %) (delta_peak/R:  0.973917 %)
iter:   5200 (Jcost: 1.668437e-02) (lr = 1.084e-02) (elapsed time: 3694.863) (secs/iter:  0.689) (n_accepted: 76%) (u_error:  0.874770 %) (beta_change: 13.089398 %) (delta_change:  0.216623 %) (delta_peak/R:  0.973940 %)
iter:   5300 (Jcost: 1.667649e-02) (lr = 9.308e-03) (elapsed time: 3764.159) (secs/iter:  0.693) (n_accepted: 79%) (u_error:  0.874724 %) (beta_change: 12.886318 %) (delta_change:  0.212800 %) (delta_peak/R:  0.973444 %)
iter:   5400 (Jcost: 1.666840e-02) (lr = 1.105e-01) (elapsed time: 3830.282) (secs/iter:  0.661) (n_accepted: 82%) (u_error:  0.874930 %) (beta_change: 12.670419 %) (delta_change:  0.208733 %) (delta_peak/R:  0.973259 %)
iter:   5500 (Jcost: 1.666251e-02) (lr = 3.950e-02) (elapsed time: 3895.481) (secs/iter:  0.652) (n_accepted: 78%) (u_error:  0.874725 %) (beta_change: 12.516545 %) (delta_change:  0.205851 %) (delta_peak/R:  0.972529 %)
-> Saved file: /media/rafael/DATA/Dropbox/20220924_FIML_solver/data/output/field_inversion/Beta_k__1__Beta_e__1/u_imp_10/FI_run_T31_SReStar_tauGL_u_imp_10_k_imp_1_e_imp_1/FI_run_T31_SReStar_tauGL_u_imp_10_k_imp_1_e_imp_1_state_iter_5500.dat
iter:   5600 (Jcost: 1.665566e-02) (lr = 1.413e-02) (elapsed time: 3971.739) (secs/iter:  0.763) (n_accepted: 78%) (u_error:  0.874742 %) (beta_change: 12.330553 %) (delta_change:  0.202364 %) (delta_peak/R:  0.972024 %)
iter:   5700 (Jcost: 1.665156e-02) (lr = 2.911e-02) (elapsed time: 4040.495) (secs/iter:  0.688) (n_accepted: 80%) (u_error:  0.874699 %) (beta_change: 12.217864 %) (delta_change:  0.200316 %) (delta_peak/R:  0.971613 %)
iter:   5800 (Jcost: 1.664408e-02) (lr = 5.997e-02) (elapsed time: 4109.359) (secs/iter:  0.689) (n_accepted: 80%) (u_error:  0.874391 %) (beta_change: 12.001463 %) (delta_change:  0.196499 %) (delta_peak/R:  0.970418 %)
iter:   5900 (Jcost: 1.663782e-02) (lr = 7.116e-01) (elapsed time: 4178.608) (secs/iter:  0.692) (n_accepted: 82%) (u_error:  0.874552 %) (beta_change: 11.830329 %) (delta_change:  0.193469 %) (delta_peak/R:  0.970072 %)
iter:   6000 (Jcost: 1.663233e-02) (lr = 2.545e-01) (elapsed time: 4247.148) (secs/iter:  0.685) (n_accepted: 78%) (u_error:  0.874656 %) (beta_change: 11.673298 %) (delta_change:  0.190692 %) (delta_peak/R:  0.969654 %)
-> Saved file: /media/rafael/DATA/Dropbox/20220924_FIML_solver/data/output/field_inversion/Beta_k__1__Beta_e__1/u_imp_10/FI_run_T31_SReStar_tauGL_u_imp_10_k_imp_1_e_imp_1/FI_run_T31_SReStar_tauGL_u_imp_10_k_imp_1_e_imp_1_state_iter_6000.dat
iter:   6100 (Jcost: 1.662652e-02) (lr = 2.185e-01) (elapsed time: 4322.228) (secs/iter:  0.751) (n_accepted: 79%) (u_error:  0.874565 %) (beta_change: 11.503116 %) (delta_change:  0.187690 %) (delta_peak/R:  0.968843 %)
iter:   6200 (Jcost: 1.662049e-02) (lr = 3.256e-02) (elapsed time: 4384.145) (secs/iter:  0.619) (n_accepted: 77%) (u_error:  0.874649 %) (beta_change: 11.324411 %) (delta_change:  0.184546 %) (delta_peak/R:  0.968241 %)
iter:   6300 (Jcost: 1.661426e-02) (lr = 1.165e-02) (elapsed time: 4445.933) (secs/iter:  0.618) (n_accepted: 78%) (u_error:  0.874582 %) (beta_change: 11.136774 %) (delta_change:  0.181254 %) (delta_peak/R:  0.967320 %)
iter:   6400 (Jcost: 1.660997e-02) (lr = 1.382e-01) (elapsed time: 4514.382) (secs/iter:  0.684) (n_accepted: 82%) (u_error:  0.874515 %) (beta_change: 11.004961 %) (delta_change:  0.178943 %) (delta_peak/R:  0.966618 %)
iter:   6500 (Jcost: 1.660474e-02) (lr = 8.581e-03) (elapsed time: 4583.185) (secs/iter:  0.688) (n_accepted: 76%) (u_error:  0.874581 %) (beta_change: 10.843708 %) (delta_change:  0.176113 %) (delta_peak/R:  0.965968 %)
-> Saved file: /media/rafael/DATA/Dropbox/20220924_FIML_solver/data/output/field_inversion/Beta_k__1__Beta_e__1/u_imp_10/FI_run_T31_SReStar_tauGL_u_imp_10_k_imp_1_e_imp_1/FI_run_T31_SReStar_tauGL_u_imp_10_k_imp_1_e_imp_1_state_iter_6500.dat
iter:   6600 (Jcost: 1.660001e-02) (lr = 5.865e-01) (elapsed time: 4654.146) (secs/iter:  0.710) (n_accepted: 84%) (u_error:  0.874475 %) (beta_change: 10.694695 %) (delta_change:  0.173503 %) (delta_peak/R:  0.965076 %)
iter:   6700 (Jcost: 1.659595e-02) (lr = 1.517e-02) (elapsed time: 4722.514) (secs/iter:  0.684) (n_accepted: 75%) (u_error:  0.874571 %) (beta_change: 10.566115 %) (delta_change:  0.171246 %) (delta_peak/R:  0.964585 %)
iter:   6800 (Jcost: 1.659128e-02) (lr = 1.303e-02) (elapsed time: 4790.438) (secs/iter:  0.679) (n_accepted: 79%) (u_error:  0.874440 %) (beta_change: 10.415466 %) (delta_change:  0.168611 %) (delta_peak/R:  0.963602 %)
iter:   6900 (Jcost: 1.658768e-02) (lr = 2.684e-02) (elapsed time: 4856.555) (secs/iter:  0.661) (n_accepted: 80%) (u_error:  0.874493 %) (beta_change: 10.299102 %) (delta_change:  0.166573 %) (delta_peak/R:  0.963070 %)
iter:   7000 (Jcost: 1.658267e-02) (lr = 2.304e-02) (elapsed time: 4924.346) (secs/iter:  0.678) (n_accepted: 79%) (u_error:  0.874458 %) (beta_change: 10.134289 %) (delta_change:  0.163690 %) (delta_peak/R:  0.963169 %)
-> Saved file: /media/rafael/DATA/Dropbox/20220924_FIML_solver/data/output/field_inversion/Beta_k__1__Beta_e__1/u_imp_10/FI_run_T31_SReStar_tauGL_u_imp_10_k_imp_1_e_imp_1/FI_run_T31_SReStar_tauGL_u_imp_10_k_imp_1_e_imp_1_state_iter_7000.dat
iter:   7100 (Jcost: 1.657741e-02) (lr = 1.977e-02) (elapsed time: 4993.230) (secs/iter:  0.689) (n_accepted: 79%) (u_error:  0.874463 %) (beta_change:  9.958801 %) (delta_change:  0.160622 %) (delta_peak/R:  0.963356 %)
iter:   7200 (Jcost: 1.657299e-02) (lr = 5.631e-01) (elapsed time: 5061.460) (secs/iter:  0.682) (n_accepted: 83%) (u_error:  0.874411 %) (beta_change:  9.808802 %) (delta_change:  0.158004 %) (delta_peak/R:  0.963397 %)
iter:   7300 (Jcost: 1.656871e-02) (lr = 4.834e-01) (elapsed time: 5129.610) (secs/iter:  0.681) (n_accepted: 79%) (u_error:  0.874472 %) (beta_change:  9.663726 %) (delta_change:  0.155453 %) (delta_peak/R:  0.963590 %)
iter:   7400 (Jcost: 1.656499e-02) (lr = 1.729e-01) (elapsed time: 5198.639) (secs/iter:  0.690) (n_accepted: 78%) (u_error:  0.874423 %) (beta_change:  9.535668 %) (delta_change:  0.153204 %) (delta_peak/R:  0.963578 %)
iter:   7500 (Jcost: 1.656011e-02) (lr = 2.577e-02) (elapsed time: 5262.040) (secs/iter:  0.634) (n_accepted: 77%) (u_error:  0.874369 %) (beta_change:  9.365114 %) (delta_change:  0.150212 %) (delta_peak/R:  0.963551 %)
-> Saved file: /media/rafael/DATA/Dropbox/20220924_FIML_solver/data/output/field_inversion/Beta_k__1__Beta_e__1/u_imp_10/FI_run_T31_SReStar_tauGL_u_imp_10_k_imp_1_e_imp_1/FI_run_T31_SReStar_tauGL_u_imp_10_k_imp_1_e_imp_1_state_iter_7500.dat
iter:   7600 (Jcost: 1.655555e-02) (lr = 9.216e-03) (elapsed time: 5334.932) (secs/iter:  0.729) (n_accepted: 78%) (u_error:  0.874410 %) (beta_change:  9.204195 %) (delta_change:  0.147390 %) (delta_peak/R:  0.963641 %)
iter:   7700 (Jcost: 1.655194e-02) (lr = 6.299e-01) (elapsed time: 5400.490) (secs/iter:  0.656) (n_accepted: 84%) (u_error:  0.874432 %) (beta_change:  9.075123 %) (delta_change:  0.145130 %) (delta_peak/R:  0.963675 %)
iter:   7800 (Jcost: 1.654829e-02) (lr = 9.387e-02) (elapsed time: 5467.666) (secs/iter:  0.672) (n_accepted: 77%) (u_error:  0.874382 %) (beta_change:  8.942741 %) (delta_change:  0.142817 %) (delta_peak/R:  0.963576 %)
iter:   7900 (Jcost: 1.654404e-02) (lr = 3.357e-02) (elapsed time: 5530.238) (secs/iter:  0.626) (n_accepted: 78%) (u_error:  0.874382 %) (beta_change:  8.786728 %) (delta_change:  0.140094 %) (delta_peak/R:  0.963530 %)
iter:   8000 (Jcost: 1.654031e-02) (lr = 1.201e-02) (elapsed time: 5597.233) (secs/iter:  0.670) (n_accepted: 78%) (u_error:  0.874366 %) (beta_change:  8.647957 %) (delta_change:  0.137676 %) (delta_peak/R:  0.963439 %)
-> Saved file: /media/rafael/DATA/Dropbox/20220924_FIML_solver/data/output/field_inversion/Beta_k__1__Beta_e__1/u_imp_10/FI_run_T31_SReStar_tauGL_u_imp_10_k_imp_1_e_imp_1/FI_run_T31_SReStar_tauGL_u_imp_10_k_imp_1_e_imp_1_state_iter_8000.dat
iter:   8100 (Jcost: 1.653562e-02) (lr = 3.420e-01) (elapsed time: 5664.191) (secs/iter:  0.670) (n_accepted: 83%) (u_error:  0.874048 %) (beta_change:  8.458842 %) (delta_change:  0.134396 %) (delta_peak/R:  0.962814 %)
iter:   8200 (Jcost: 1.653260e-02) (lr = 2.936e-01) (elapsed time: 5733.563) (secs/iter:  0.694) (n_accepted: 79%) (u_error:  0.874352 %) (beta_change:  8.355838 %) (delta_change:  0.132597 %) (delta_peak/R:  0.963212 %)
iter:   8300 (Jcost: 1.652952e-02) (lr = 4.375e-02) (elapsed time: 5803.572) (secs/iter:  0.700) (n_accepted: 77%) (u_error:  0.874332 %) (beta_change:  8.236873 %) (delta_change:  0.130535 %) (delta_peak/R:  0.963070 %)
iter:   8400 (Jcost: 1.652616e-02) (lr = 3.756e-02) (elapsed time: 5872.389) (secs/iter:  0.688) (n_accepted: 79%) (u_error:  0.874310 %) (beta_change:  8.106507 %) (delta_change:  0.128258 %) (delta_peak/R:  0.962896 %)
iter:   8500 (Jcost: 1.652294e-02) (lr = 1.343e-02) (elapsed time: 5941.100) (secs/iter:  0.687) (n_accepted: 78%) (u_error:  0.874302 %) (beta_change:  7.980400 %) (delta_change:  0.126060 %) (delta_peak/R:  0.962732 %)
-> Saved file: /media/rafael/DATA/Dropbox/20220924_FIML_solver/data/output/field_inversion/Beta_k__1__Beta_e__1/u_imp_10/FI_run_T31_SReStar_tauGL_u_imp_10_k_imp_1_e_imp_1/FI_run_T31_SReStar_tauGL_u_imp_10_k_imp_1_e_imp_1_state_iter_8500.dat
iter:   8600 (Jcost: 1.651926e-02) (lr = 2.767e-02) (elapsed time: 6008.126) (secs/iter:  0.670) (n_accepted: 80%) (u_error:  0.874224 %) (beta_change:  7.833486 %) (delta_change:  0.123505 %) (delta_peak/R:  0.962410 %)
iter:   8700 (Jcost: 1.651578e-02) (lr = 1.368e-01) (elapsed time: 6066.141) (secs/iter:  0.580) (n_accepted: 81%) (u_error:  0.874441 %) (beta_change:  7.690980 %) (delta_change:  0.121024 %) (delta_peak/R:  0.962538 %)
iter:   8800 (Jcost: 1.651324e-02) (lr = 2.819e-01) (elapsed time: 6128.082) (secs/iter:  0.619) (n_accepted: 80%) (u_error:  0.874287 %) (beta_change:  7.591093 %) (delta_change:  0.119298 %) (delta_peak/R:  0.962131 %)
iter:   8900 (Jcost: 1.651057e-02) (lr = 4.201e-02) (elapsed time: 6184.538) (secs/iter:  0.565) (n_accepted: 77%) (u_error:  0.874265 %) (beta_change:  7.481650 %) (delta_change:  0.117399 %) (delta_peak/R:  0.961905 %)
iter:   9000 (Jcost: 1.650703e-02) (lr = 1.502e-02) (elapsed time: 6252.510) (secs/iter:  0.680) (n_accepted: 78%) (u_error:  0.874333 %) (beta_change:  7.334736 %) (delta_change:  0.114839 %) (delta_peak/R:  0.961733 %)
-> Saved file: /media/rafael/DATA/Dropbox/20220924_FIML_solver/data/output/field_inversion/Beta_k__1__Beta_e__1/u_imp_10/FI_run_T31_SReStar_tauGL_u_imp_10_k_imp_1_e_imp_1/FI_run_T31_SReStar_tauGL_u_imp_10_k_imp_1_e_imp_1_state_iter_9000.dat
iter:   9100 (Jcost: 1.650406e-02) (lr = 3.095e-02) (elapsed time: 6325.439) (secs/iter:  0.729) (n_accepted: 80%) (u_error:  0.874408 %) (beta_change:  7.207226 %) (delta_change:  0.112630 %) (delta_peak/R:  0.961592 %)
iter:   9200 (Jcost: 1.650079e-02) (lr = 8.815e-01) (elapsed time: 6390.169) (secs/iter:  0.647) (n_accepted: 83%) (u_error:  0.874339 %) (beta_change:  7.071022 %) (delta_change:  0.110281 %) (delta_peak/R:  0.961185 %)
iter:   9300 (Jcost: 1.649802e-02) (lr = 7.567e-01) (elapsed time: 6458.593) (secs/iter:  0.684) (n_accepted: 79%) (u_error:  0.874234 %) (beta_change:  6.954056 %) (delta_change:  0.108271 %) (delta_peak/R:  0.960746 %)
iter:   9400 (Jcost: 1.649572e-02) (lr = 1.128e-01) (elapsed time: 6529.120) (secs/iter:  0.705) (n_accepted: 77%) (u_error:  0.874206 %) (beta_change:  6.854227 %) (delta_change:  0.106557 %) (delta_peak/R:  0.960460 %)
iter:   9500 (Jcost: 1.649329e-02) (lr = 4.033e-02) (elapsed time: 6596.708) (secs/iter:  0.676) (n_accepted: 78%) (u_error:  0.874202 %) (beta_change:  6.747820 %) (delta_change:  0.104733 %) (delta_peak/R:  0.960184 %)
-> Saved file: /media/rafael/DATA/Dropbox/20220924_FIML_solver/data/output/field_inversion/Beta_k__1__Beta_e__1/u_imp_10/FI_run_T31_SReStar_tauGL_u_imp_10_k_imp_1_e_imp_1/FI_run_T31_SReStar_tauGL_u_imp_10_k_imp_1_e_imp_1_state_iter_9500.dat
iter:   9600 (Jcost: 1.649043e-02) (lr = 8.309e-02) (elapsed time: 6669.386) (secs/iter:  0.727) (n_accepted: 80%) (u_error:  0.873960 %) (beta_change:  6.612266 %) (delta_change:  0.102424 %) (delta_peak/R:  0.959440 %)
iter:   9700 (Jcost: 1.648810e-02) (lr = 4.108e-01) (elapsed time: 6740.743) (secs/iter:  0.714) (n_accepted: 81%) (u_error:  0.874171 %) (beta_change:  6.515931 %) (delta_change:  0.100775 %) (delta_peak/R:  0.959506 %)
iter:   9800 (Jcost: 1.648594e-02) (lr = 1.063e-02) (elapsed time: 6810.206) (secs/iter:  0.695) (n_accepted: 75%) (u_error:  0.874177 %) (beta_change:  6.417999 %) (delta_change:  0.099109 %) (delta_peak/R:  0.959232 %)
iter:   9900 (Jcost: 1.648423e-02) (lr = 1.261e-01) (elapsed time: 6880.316) (secs/iter:  0.701) (n_accepted: 82%) (u_error:  0.874151 %) (beta_change:  6.339831 %) (delta_change:  0.097782 %) (delta_peak/R:  0.958958 %)
iter:  10000 (Jcost: 1.648181e-02) (lr = 4.511e-02) (elapsed time: 6950.097) (secs/iter:  0.698) (n_accepted: 78%) (u_error:  0.874158 %) (beta_change:  6.228258 %) (delta_change:  0.095892 %) (delta_peak/R:  0.958628 %)
-> Saved file: /media/rafael/DATA/Dropbox/20220924_FIML_solver/data/output/field_inversion/Beta_k__1__Beta_e__1/u_imp_10/FI_run_T31_SReStar_tauGL_u_imp_10_k_imp_1_e_imp_1/FI_run_T31_SReStar_tauGL_u_imp_10_k_imp_1_e_imp_1_state_iter_10000.dat
iter:  10100 (Jcost: 1.647954e-02) (lr = 3.873e-02) (elapsed time: 7018.196) (secs/iter:  0.681) (n_accepted: 79%) (u_error:  0.874145 %) (beta_change:  6.122666 %) (delta_change:  0.094094 %) (delta_peak/R:  0.958267 %)
iter:  10200 (Jcost: 1.647726e-02) (lr = 3.324e-02) (elapsed time: 7060.222) (secs/iter:  0.420) (n_accepted: 79%) (u_error:  0.874134 %) (beta_change:  6.015813 %) (delta_change:  0.092279 %) (delta_peak/R:  0.957896 %)
iter:  10300 (Jcost: 1.647511e-02) (lr = 2.854e-02) (elapsed time: 7103.412) (secs/iter:  0.432) (n_accepted: 79%) (u_error:  0.873960 %) (beta_change:  5.908495 %) (delta_change:  0.090466 %) (delta_peak/R:  0.957253 %)
iter:  10400 (Jcost: 1.647282e-02) (lr = 8.127e-01) (elapsed time: 7169.789) (secs/iter:  0.664) (n_accepted: 83%) (u_error:  0.874262 %) (beta_change:  5.800944 %) (delta_change:  0.088640 %) (delta_peak/R:  0.957351 %)
iter:  10500 (Jcost: 1.647113e-02) (lr = 2.907e-01) (elapsed time: 7238.327) (secs/iter:  0.685) (n_accepted: 78%) (u_error:  0.874129 %) (beta_change:  5.721775 %) (delta_change:  0.087310 %) (delta_peak/R:  0.956853 %)
-> Saved file: /media/rafael/DATA/Dropbox/20220924_FIML_solver/data/output/field_inversion/Beta_k__1__Beta_e__1/u_imp_10/FI_run_T31_SReStar_tauGL_u_imp_10_k_imp_1_e_imp_1/FI_run_T31_SReStar_tauGL_u_imp_10_k_imp_1_e_imp_1_state_iter_10500.dat
iter:  10600 (Jcost: 1.646923e-02) (lr = 1.805e-02) (elapsed time: 7310.823) (secs/iter:  0.725) (n_accepted: 76%) (u_error:  0.874147 %) (beta_change:  5.628628 %) (delta_change:  0.085743 %) (delta_peak/R:  0.956536 %)
iter:  10700 (Jcost: 1.646728e-02) (lr = 1.549e-02) (elapsed time: 7377.488) (secs/iter:  0.667) (n_accepted: 79%) (u_error:  0.874104 %) (beta_change:  5.532564 %) (delta_change:  0.084133 %) (delta_peak/R:  0.956102 %)
iter:  10800 (Jcost: 1.646506e-02) (lr = 4.412e-01) (elapsed time: 7438.546) (secs/iter:  0.611) (n_accepted: 83%) (u_error:  0.873986 %) (beta_change:  5.419336 %) (delta_change:  0.082244 %) (delta_peak/R:  0.955474 %)
iter:  10900 (Jcost: 1.646355e-02) (lr = 1.578e-01) (elapsed time: 7479.632) (secs/iter:  0.411) (n_accepted: 78%) (u_error:  0.874087 %) (beta_change:  5.345002 %) (delta_change:  0.081001 %) (delta_peak/R:  0.955335 %)
iter:  11000 (Jcost: 1.646163e-02) (lr = 5.645e-02) (elapsed time: 7522.957) (secs/iter:  0.433) (n_accepted: 78%) (u_error:  0.874095 %) (beta_change:  5.246889 %) (delta_change:  0.079369 %) (delta_peak/R:  0.954948 %)
-> Saved file: /media/rafael/DATA/Dropbox/20220924_FIML_solver/data/output/field_inversion/Beta_k__1__Beta_e__1/u_imp_10/FI_run_T31_SReStar_tauGL_u_imp_10_k_imp_1_e_imp_1/FI_run_T31_SReStar_tauGL_u_imp_10_k_imp_1_e_imp_1_state_iter_11000.dat
iter:  11100 (Jcost: 1.645979e-02) (lr = 2.019e-02) (elapsed time: 7569.241) (secs/iter:  0.463) (n_accepted: 78%) (u_error:  0.874051 %) (beta_change:  5.151571 %) (delta_change:  0.077789 %) (delta_peak/R:  0.954479 %)
iter:  11200 (Jcost: 1.645800e-02) (lr = 5.750e-01) (elapsed time: 7610.999) (secs/iter:  0.418) (n_accepted: 83%) (u_error:  0.874024 %) (beta_change:  5.057867 %) (delta_change:  0.076240 %) (delta_peak/R:  0.954035 %)
iter:  11300 (Jcost: 1.645617e-02) (lr = 2.056e-01) (elapsed time: 7650.627) (secs/iter:  0.396) (n_accepted: 78%) (u_error:  0.874054 %) (beta_change:  4.962030 %) (delta_change:  0.074658 %) (delta_peak/R:  0.953665 %)
iter:  11400 (Jcost: 1.645436e-02) (lr = 7.355e-02) (elapsed time: 7709.521) (secs/iter:  0.589) (n_accepted: 78%) (u_error:  0.874058 %) (beta_change:  4.865136 %) (delta_change:  0.073341 %) (delta_peak/R:  0.953239 %)
iter:  11500 (Jcost: 1.645225e-02) (lr = 2.631e-02) (elapsed time: 7775.480) (secs/iter:  0.660) (n_accepted: 78%) (u_error:  0.874080 %) (beta_change:  4.750881 %) (delta_change:  0.072341 %) (delta_peak/R:  0.952754 %)
-> Saved file: /media/rafael/DATA/Dropbox/20220924_FIML_solver/data/output/field_inversion/Beta_k__1__Beta_e__1/u_imp_10/FI_run_T31_SReStar_tauGL_u_imp_10_k_imp_1_e_imp_1/FI_run_T31_SReStar_tauGL_u_imp_10_k_imp_1_e_imp_1_state_iter_11500.dat
iter:  11600 (Jcost: 1.645061e-02) (lr = 9.409e-03) (elapsed time: 7849.019) (secs/iter:  0.735) (n_accepted: 78%) (u_error:  0.874042 %) (beta_change:  4.661882 %) (delta_change:  0.071519 %) (delta_peak/R:  0.952278 %)
iter:  11700 (Jcost: 1.644889e-02) (lr = 2.680e-01) (elapsed time: 7912.290) (secs/iter:  0.633) (n_accepted: 83%) (u_error:  0.873855 %) (beta_change:  4.560297 %) (delta_change:  0.070466 %) (delta_peak/R:  0.951502 %)
iter:  11800 (Jcost: 1.644770e-02) (lr = 1.664e-02) (elapsed time: 7979.978) (secs/iter:  0.677) (n_accepted: 76%) (u_error:  0.874043 %) (beta_change:  4.500097 %) (delta_change:  0.070083 %) (delta_peak/R:  0.951508 %)
iter:  11900 (Jcost: 1.644605e-02) (lr = 1.428e-02) (elapsed time: 8048.921) (secs/iter:  0.689) (n_accepted: 79%) (u_error:  0.874022 %) (beta_change:  4.407546 %) (delta_change:  0.069246 %) (delta_peak/R:  0.951022 %)
iter:  12000 (Jcost: 1.644407e-02) (lr = 7.062e-02) (elapsed time: 8114.453) (secs/iter:  0.655) (n_accepted: 81%) (u_error:  0.873874 %) (beta_change:  4.290462 %) (delta_change:  0.068091 %) (delta_peak/R:  0.950204 %)
-> Saved file: /media/rafael/DATA/Dropbox/20220924_FIML_solver/data/output/field_inversion/Beta_k__1__Beta_e__1/u_imp_10/FI_run_T31_SReStar_tauGL_u_imp_10_k_imp_1_e_imp_1/FI_run_T31_SReStar_tauGL_u_imp_10_k_imp_1_e_imp_1_state_iter_12000.dat
iter:  12100 (Jcost: 1.644297e-02) (lr = 2.526e-02) (elapsed time: 8185.508) (secs/iter:  0.711) (n_accepted: 78%) (u_error:  0.874035 %) (beta_change:  4.230656 %) (delta_change:  0.067692 %) (delta_peak/R:  0.950154 %)
iter:  12200 (Jcost: 1.644151e-02) (lr = 5.204e-02) (elapsed time: 8252.791) (secs/iter:  0.673) (n_accepted: 80%) (u_error:  0.874077 %) (beta_change:  4.145149 %) (delta_change:  0.066972 %) (delta_peak/R:  0.949781 %)
iter:  12300 (Jcost: 1.644047e-02) (lr = 1.861e-02) (elapsed time: 8321.541) (secs/iter:  0.687) (n_accepted: 78%) (u_error:  0.874029 %) (beta_change:  4.084770 %) (delta_change:  0.066401 %) (delta_peak/R:  0.949390 %)
iter:  12400 (Jcost: 1.643896e-02) (lr = 1.598e-02) (elapsed time: 8387.414) (secs/iter:  0.659) (n_accepted: 79%) (u_error:  0.873980 %) (beta_change:  3.996033 %) (delta_change:  0.065580 %) (delta_peak/R:  0.948844 %)
iter:  12500 (Jcost: 1.643732e-02) (lr = 3.291e-02) (elapsed time: 8448.956) (secs/iter:  0.615) (n_accepted: 80%) (u_error:  0.874041 %) (beta_change:  3.896928 %) (delta_change:  0.064758 %) (delta_peak/R:  0.948410 %)
-> Saved file: /media/rafael/DATA/Dropbox/20220924_FIML_solver/data/output/field_inversion/Beta_k__1__Beta_e__1/u_imp_10/FI_run_T31_SReStar_tauGL_u_imp_10_k_imp_1_e_imp_1/FI_run_T31_SReStar_tauGL_u_imp_10_k_imp_1_e_imp_1_state_iter_12500.dat
iter:  12600 (Jcost: 1.643578e-02) (lr = 9.374e-01) (elapsed time: 8517.561) (secs/iter:  0.686) (n_accepted: 83%) (u_error:  0.873979 %) (beta_change:  3.804608 %) (delta_change:  0.063897 %) (delta_peak/R:  0.947808 %)
iter:  12700 (Jcost: 1.643450e-02) (lr = 1.397e-01) (elapsed time: 8583.897) (secs/iter:  0.663) (n_accepted: 77%) (u_error:  0.873955 %) (beta_change:  3.725890 %) (delta_change:  0.063188 %) (delta_peak/R:  0.947335 %)
iter:  12800 (Jcost: 1.643320e-02) (lr = 8.674e-03) (elapsed time: 8651.549) (secs/iter:  0.677) (n_accepted: 76%) (u_error:  0.873971 %) (beta_change:  3.645398 %) (delta_change:  0.062496 %) (delta_peak/R:  0.946910 %)
iter:  12900 (Jcost: 1.643172e-02) (lr = 4.289e-02) (elapsed time: 8710.737) (secs/iter:  0.592) (n_accepted: 81%) (u_error:  0.874051 %) (beta_change:  3.551352 %) (delta_change:  0.061736 %) (delta_peak/R:  0.946501 %)
iter:  13000 (Jcost: 1.643062e-02) (lr = 8.836e-02) (elapsed time: 8774.373) (secs/iter:  0.636) (n_accepted: 80%) (u_error:  0.873950 %) (beta_change:  3.484032 %) (delta_change:  0.061063 %) (delta_peak/R:  0.945951 %)
-> Saved file: /media/rafael/DATA/Dropbox/20220924_FIML_solver/data/output/field_inversion/Beta_k__1__Beta_e__1/u_imp_10/FI_run_T31_SReStar_tauGL_u_imp_10_k_imp_1_e_imp_1/FI_run_T31_SReStar_tauGL_u_imp_10_k_imp_1_e_imp_1_state_iter_13000.dat
iter:  13100 (Jcost: 1.642929e-02) (lr = 7.585e-02) (elapsed time: 8844.182) (secs/iter:  0.698) (n_accepted: 79%) (u_error:  0.873942 %) (beta_change:  3.400002 %) (delta_change:  0.060935 %) (delta_peak/R:  0.945447 %)
iter:  13200 (Jcost: 1.642795e-02) (lr = 6.511e-02) (elapsed time: 8909.739) (secs/iter:  0.656) (n_accepted: 79%) (u_error:  0.873933 %) (beta_change:  3.314198 %) (delta_change:  0.060885 %) (delta_peak/R:  0.944923 %)
iter:  13300 (Jcost: 1.642661e-02) (lr = 5.589e-02) (elapsed time: 8977.097) (secs/iter:  0.674) (n_accepted: 79%) (u_error:  0.874069 %) (beta_change:  3.223105 %) (delta_change:  0.061130 %) (delta_peak/R:  0.944590 %)
iter:  13400 (Jcost: 1.642550e-02) (lr = 6.632e-01) (elapsed time: 9043.127) (secs/iter:  0.660) (n_accepted: 82%) (u_error:  0.873912 %) (beta_change:  3.154409 %) (delta_change:  0.060783 %) (delta_peak/R:  0.943924 %)
iter:  13500 (Jcost: 1.642429e-02) (lr = 5.693e-01) (elapsed time: 9107.970) (secs/iter:  0.648) (n_accepted: 79%) (u_error:  0.873933 %) (beta_change:  3.075100 %) (delta_change:  0.060799 %) (delta_peak/R:  0.943471 %)
-> Saved file: /media/rafael/DATA/Dropbox/20220924_FIML_solver/data/output/field_inversion/Beta_k__1__Beta_e__1/u_imp_10/FI_run_T31_SReStar_tauGL_u_imp_10_k_imp_1_e_imp_1/FI_run_T31_SReStar_tauGL_u_imp_10_k_imp_1_e_imp_1_state_iter_13500.dat
iter:  13600 (Jcost: 1.642308e-02) (lr = 2.036e-01) (elapsed time: 9176.156) (secs/iter:  0.682) (n_accepted: 78%) (u_error:  0.873924 %) (beta_change:  2.993981 %) (delta_change:  0.060751 %) (delta_peak/R:  0.942952 %)
iter:  13700 (Jcost: 1.642188e-02) (lr = 1.264e-02) (elapsed time: 9246.616) (secs/iter:  0.705) (n_accepted: 76%) (u_error:  0.873903 %) (beta_change:  2.912903 %) (delta_change:  0.060679 %) (delta_peak/R:  0.942820 %)
iter:  13800 (Jcost: 1.642081e-02) (lr = 3.601e-01) (elapsed time: 9311.366) (secs/iter:  0.647) (n_accepted: 83%) (u_error:  0.873973 %) (beta_change:  2.838767 %) (delta_change:  0.060796 %) (delta_peak/R:  0.942855 %)
iter:  13900 (Jcost: 1.641973e-02) (lr = 3.091e-01) (elapsed time: 9374.770) (secs/iter:  0.634) (n_accepted: 79%) (u_error:  0.873887 %) (beta_change:  2.766678 %) (delta_change:  0.060594 %) (delta_peak/R:  0.942640 %)
iter:  14000 (Jcost: 1.641867e-02) (lr = 1.105e-01) (elapsed time: 9441.043) (secs/iter:  0.663) (n_accepted: 78%) (u_error:  0.873893 %) (beta_change:  2.698077 %) (delta_change:  0.060581 %) (delta_peak/R:  0.942564 %)
-> Saved file: /media/rafael/DATA/Dropbox/20220924_FIML_solver/data/output/field_inversion/Beta_k__1__Beta_e__1/u_imp_10/FI_run_T31_SReStar_tauGL_u_imp_10_k_imp_1_e_imp_1/FI_run_T31_SReStar_tauGL_u_imp_10_k_imp_1_e_imp_1_state_iter_14000.dat
iter:  14100 (Jcost: 1.641767e-02) (lr = 3.954e-02) (elapsed time: 9515.014) (secs/iter:  0.740) (n_accepted: 78%) (u_error:  0.873879 %) (beta_change:  2.632446 %) (delta_change:  0.060527 %) (delta_peak/R:  0.942453 %)
iter:  14200 (Jcost: 1.641650e-02) (lr = 1.414e-02) (elapsed time: 9577.988) (secs/iter:  0.630) (n_accepted: 78%) (u_error:  0.873889 %) (beta_change:  2.554864 %) (delta_change:  0.060519 %) (delta_peak/R:  0.942358 %)
iter:  14300 (Jcost: 1.641547e-02) (lr = 9.666e-01) (elapsed time: 9644.025) (secs/iter:  0.660) (n_accepted: 84%) (u_error:  0.873763 %) (beta_change:  2.483185 %) (delta_change:  0.060234 %) (delta_peak/R:  0.942049 %)
iter:  14400 (Jcost: 1.641450e-02) (lr = 3.457e-01) (elapsed time: 9706.557) (secs/iter:  0.625) (n_accepted: 78%) (u_error:  0.873880 %) (beta_change:  2.421229 %) (delta_change:  0.060451 %) (delta_peak/R:  0.942133 %)
iter:  14500 (Jcost: 1.641361e-02) (lr = 5.152e-02) (elapsed time: 9773.164) (secs/iter:  0.666) (n_accepted: 77%) (u_error:  0.873880 %) (beta_change:  2.360814 %) (delta_change:  0.060428 %) (delta_peak/R:  0.942029 %)
-> Saved file: /media/rafael/DATA/Dropbox/20220924_FIML_solver/data/output/field_inversion/Beta_k__1__Beta_e__1/u_imp_10/FI_run_T31_SReStar_tauGL_u_imp_10_k_imp_1_e_imp_1/FI_run_T31_SReStar_tauGL_u_imp_10_k_imp_1_e_imp_1_state_iter_14500.dat
iter:  14600 (Jcost: 1.641259e-02) (lr = 4.423e-02) (elapsed time: 9842.895) (secs/iter:  0.697) (n_accepted: 79%) (u_error:  0.873874 %) (beta_change:  2.291323 %) (delta_change:  0.060392 %) (delta_peak/R:  0.941895 %)
iter:  14700 (Jcost: 1.641154e-02) (lr = 1.582e-02) (elapsed time: 9907.664) (secs/iter:  0.648) (n_accepted: 78%) (u_error:  0.873855 %) (beta_change:  2.219213 %) (delta_change:  0.060325 %) (delta_peak/R:  0.941727 %)
iter:  14800 (Jcost: 1.641055e-02) (lr = 3.259e-02) (elapsed time: 9967.091) (secs/iter:  0.594) (n_accepted: 80%) (u_error:  0.873945 %) (beta_change:  2.148452 %) (delta_change:  0.060484 %) (delta_peak/R:  0.941728 %)
iter:  14900 (Jcost: 1.640964e-02) (lr = 9.281e-01) (elapsed time: 10018.344) (secs/iter:  0.513) (n_accepted: 83%) (u_error:  0.873766 %) (beta_change:  2.084728 %) (delta_change:  0.060094 %) (delta_peak/R:  0.941313 %)
iter:  15000 (Jcost: 1.640891e-02) (lr = 3.319e-01) (elapsed time: 10083.838) (secs/iter:  0.655) (n_accepted: 78%) (u_error:  0.873864 %) (beta_change:  2.034920 %) (delta_change:  0.060277 %) (delta_peak/R:  0.941359 %)
-> Saved file: /media/rafael/DATA/Dropbox/20220924_FIML_solver/data/output/field_inversion/Beta_k__1__Beta_e__1/u_imp_10/FI_run_T31_SReStar_tauGL_u_imp_10_k_imp_1_e_imp_1/FI_run_T31_SReStar_tauGL_u_imp_10_k_imp_1_e_imp_1_state_iter_15000.dat
iter:  15000 (Jcost: 1.640889e-02) (lr = 3.983e-01) (elapsed time: 10089.626) (secs/iter:   None) (n_accepted: 0%) (u_error:  0.873836 %) (beta_change:  2.033308 %) (delta_change:  0.060221 %) (delta_peak/R:  0.941312 %)
