# ------------------------------------------------------------------------
#                  Input Arguments
# ------------------------------------------------------------------------
# Begin_Input_Arguments
{ 'all_b_mode': ['Beta_e'],
  'args_mk_solver': { 'torch': "<module 'torch' from "
                               "'/home/rafael/anaconda3/lib/python3.9/site-packages/torch/__init__.py'>",
                      'y_grid': [0.0, 0.000309700312, 0.000638645973, 0.00098802599, 0.00135910194, 0.00175321227, 0.00217177688, 0.00261630193, 0.00308838486, 0.00358971984, 0.00412210331, 0.00468744001, 0.00528774917, 0.00592517114, 0.00660197432, 0.0073205624, 0.00808348206, 0.00889343092, 0.00975326602, 0.0106660126, 0.0116348733, 0.0126632377, 0.0137546927, 0.0149130326, 0.0161422702, 0.0174466482, 0.0188306506, 0.0202990157, 0.0218567475, 0.02350913, 0.0252617393, 0.0271204584, 0.0290914903, 0.0311813732, 0.033396994, 0.0357456039, 0.0382348325, 0.0408727029, 0.0436676462, 0.0466285159, 0.0497646022, 0.0530856456, 0.0566018496, 0.0603238931, 0.0642629411, 0.068430655, 0.0728392004, 0.0775012535, 0.0824300053, 0.0876391634, 0.0931429507, 0.0989561006, 0.105093849, 0.111571922, 0.118406518, 0.125614286, 0.133212296, 0.141218006, 0.14964922, 0.158524039, 0.167860801, 0.177678022, 0.187994313, 0.1988283, 0.21019853, 0.222123362, 0.234620856, 0.247708641, 0.261403784, 0.275722637, 0.290680679, 0.306292354, 0.322570888, 0.339528108, 0.357174255, 0.375517785, 0.394565175, 0.414320726, 0.43478637, 0.45596148, 0.47784269, 0.500423731, 0.523695275, 0.547644806, 0.572256506, 0.597511177, 0.623386184, 0.649855436, 0.676889401, 0.704455158, 0.73251649, 0.761034018, 0.789965372, 0.819265404, 0.848886442, 0.878778572, 0.908889961, 0.939167201, 0.969555687, 1.0],
                      'Ret': 1232.47993,
                      'cp': 238.932924,
                      'A_sca_rho': 1.0,
                      'A_sca_mu': 0.0008113722387349545,
                      'A_sca_k': 0.27694791636195537,
                      'b_exp_rho': -1.0,
                      'b_exp_mu': 0.75,
                      'b_exp_k': 0.75,
                      'tensor_device': 'cpu',
                      'as_tensor': '<function '
                                   'Build_arguments_fi_run._mk_args_MK_solver.<locals>.<lambda> '
                                   'at 0x7f157e95cca0>',
                      'ref_dns': { 'u_dns': [0.0, 0.376127909, 0.765259807, 1.16765383, 1.58367006, 2.01381875, 2.45882299, 2.9194628, 3.39591431, 3.88819425, 4.39630859, 4.92018105, 5.45972274, 6.01468583, 6.58449834, 7.16844278, 7.76557067, 8.37475167, 8.99460146, 9.62352828, 10.2597257, 10.9012005, 11.5457932, 12.1912057, 12.8350462, 13.4748724, 14.1082368, 14.732743, 15.3460902, 15.9461281, 16.5308959, 17.0986615, 17.6479447, 18.1775346, 18.6864898, 19.1741394, 19.6400795, 20.0841649, 20.5065045, 20.9074456, 21.287545, 21.6475341, 21.988276, 22.3107164, 22.6158603, 22.904777, 23.1786091, 23.4385851, 23.6860461, 23.9224582, 24.1493859, 24.3684324, 24.5811997, 24.789156, 24.9934411, 25.1949596, 25.3946815, 25.5937018, 25.7930175, 25.993019, 26.1936087, 26.3947821, 26.5969514, 26.800676, 27.0060671, 27.2130789, 27.4216035, 27.6315654, 27.8432223, 28.0568609, 28.2722665, 28.4885311, 28.7054446, 28.9229467, 29.1405271, 29.3580671, 29.5755341, 29.793808, 30.0133028, 30.2337655, 30.4543877, 30.6746214, 30.893983, 31.1112348, 31.3251298, 31.5349637, 31.7385869, 31.9343679, 32.1216675, 32.2989275, 32.4646491, 32.6176423, 32.7570306, 32.8811162, 32.9882221, 33.0769316, 33.1458562, 33.1944445, 33.2240006, 33.2340956],
                                   'T_dns': [1.0, 1.0327926872222553, 1.0659759782866198, 1.0995168176252683, 1.133416241330319, 1.1677260628395112, 1.2025704672546866, 1.2380964898781495, 1.2742553110562163, 1.3109397881401084, 1.3480446410128568, 1.3855067550295268, 1.4233000908323383, 1.4613848174543551, 1.4996654723311538, 1.5380488189738402, 1.576433169795077, 1.6147230456458428, 1.6528021702599565, 1.6905547308132698, 1.7278583679848292, 1.7645910124602675, 1.8006318765838218, 1.8358611321645664, 1.8701657214749525, 1.9034408381887908, 1.9355913993318528, 1.9665344156049558, 1.9962002456901002, 2.0245343234787834, 2.0514971229312637, 2.077064743081937, 2.1012281306229372, 2.1239926211562956, 2.145376240422902, 2.1654087840390095, 2.1841307185144054, 2.2015913669302085, 2.2178480610673432, 2.2329642707410216, 2.2470075484644196, 2.260048120205814, 2.272157004379466, 2.2834046078488193, 2.2938602311232885, 2.3035919852995828, 2.3126663736841224, 2.3211474134558663, 2.3290953755360366, 2.3365662378180776, 2.3436127098061714, 2.350283743122601, 2.3566241069679212, 2.3626722558550917, 2.368457174896596, 2.374001011832709, 2.3793297847352166, 2.3844713852045425, 2.3894462604984055, 2.394265283614551, 2.398936229696574, 2.403466733625357, 2.407861361079222, 2.412123095492907, 2.416251571932043, 2.4202540558927685, 2.4241323559174757, 2.427897478664909, 2.431567019269939, 2.435112825386833, 2.4385079197710735, 2.441758346495182, 2.444875733505422, 2.4478633639571075, 2.450716594154856, 2.4534429356170833, 2.4560588008023667, 2.4585684011122226, 2.4609723335193365, 2.463267369988073, 2.4654699895007894, 2.4675795940346577, 2.4695868532575336, 2.471480557386828, 2.473261506309929, 2.4749378421787265, 2.476497555015463, 2.4779311465818754, 2.479239221828591, 2.4804234220288177, 2.481485043356376, 2.482422086832412, 2.4832313196778513, 2.4839250268335946, 2.4845149852403963, 2.4849957294487557, 2.485362415440069, 2.4856145766476976, 2.4857605198544404, 2.4858077099230775],
                                   'mu_dns': [0.0008113722387349545, 0.0008312468447284621, 0.0008511982217219448, 0.0008712073917154086, 0.0008912760117088529, 0.0009114353617022676, 0.0009317578166956288, 0.0009523268156889098, 0.0009731112276821204, 0.0009940476496752813, 0.0010150755096684121, 0.001036159539661525, 0.0010572860496546235, 0.0010784340396477153, 0.0010995524196408166, 0.0011205925596339437, 0.0011415023696271132, 0.0011622342696203409, 0.0011827305096136454, 0.0012029347496070454, 0.00122278822960056, 0.001242233369594208, 0.0012612141795880077, 0.0012796759695819769, 0.0012975682595761323, 0.0013148453695704884, 0.0013314669995650587, 0.0013473992695598542, 0.0013626151795548837, 0.0013770953195501538, 0.0013908276895456676, 0.0014038078595414276, 0.0014160384595374323, 0.0014275288595336788, 0.0014382942495301618, 0.0014483551395268756, 0.0014577367895238108, 0.0014664682995209589, 0.0014745821995183082, 0.0014821135395158478, 0.0014890988995135662, 0.0014955757295114505, 0.0015015814595094885, 0.0015071528495076685, 0.001512325789505979, 0.0015171352995044078, 0.001521615359502944, 0.0015257985095015777, 0.0015297152595002983, 0.0015333938494990964, 0.0015368607794979641, 0.0015401405894968927, 0.001543255669495875, 0.0015462252294949049, 0.001549063769493978, 0.0015517823894930897, 0.0015543940494922367, 0.0015569125894914137, 0.0015593481694906183, 0.001561706239489848, 0.0015639907194891019, 0.0015662054494883781, 0.0015683527594876768, 0.001570434199486997, 0.0015724496794863386, 0.0015744028294857003, 0.0015762946094850824, 0.0015781304594844827, 0.0015799190194838986, 0.0015816466294833343, 0.001583300219482794, 0.001584882809482277, 0.0015864001294817814, 0.0015878538394813065, 0.001589241739480853, 0.00159056753948042, 0.0015918392694800046, 0.0015930590194796063, 0.0015942271194792246, 0.0015953420394788605, 0.001596411819478511, 0.0015974361994781762, 0.001598410679477858, 0.0015993298494775578, 0.0016001941294772754, 0.0016010074994770094, 0.0016017641594767626, 0.0016024595294765352, 0.0016030939294763282, 0.0016036681794761405, 0.0016041829294759723, 0.0016046372294758239, 0.001605029529475696, 0.0016053657994755859, 0.0016056517594754927, 0.0016058847694754165, 0.0016060624894753586, 0.0016061846994753185, 0.0016062554294752952, 0.0016062782994752877],
                                   'rho_dns': [1.0, 0.9682485288403303, 0.9381074436661647, 0.9094904088504946, 0.8822883981495403, 0.8563652313868386, 0.8315521021257666, 0.8076914910714411, 0.7847720871346504, 0.7628115410386215, 0.7418151963043653, 0.7217575781351487, 0.7025925217325079, 0.6842824614408819, 0.6668153787961463, 0.6501744207750069, 0.6343434147163952, 0.6193012496455879, 0.605033087440052, 0.5915218133866232, 0.5787511398670265, 0.5667035550667107, 0.5553606003561432, 0.5447035086041356, 0.5347119715205374, 0.5253643716878245, 0.5166379641618527, 0.5085087716058987, 0.5009517467794385, 0.49394074894303946, 0.4874488922368844, 0.4814486420467595, 0.4759121512919859, 0.47081142845760116, 0.4661187073661622, 0.4618065685199442, 0.4578480543875948, 0.454216897386526, 0.4508875145931991, 0.4478351996506171, 0.4450363331816082, 0.4424684550118932, 0.44011043166143504, 0.4379425339524446, 0.4359463521063384, 0.4341046532465469, 0.4324013231562582, 0.43082140936113095, 0.42935124533912744, 0.42797845137650187, 0.42669166104782946, 0.42548054162660126, 0.42433581029883444, 0.423249563083426, 0.4222157827462761, 0.42122981204123766, 0.42028642116598597, 0.4193801637565967, 0.4185070057995001, 0.4176646618249127, 0.4168514309054741, 0.41606567131121197, 0.4153063029973587, 0.41457254062552484, 0.413864190143246, 0.4131797641512994, 0.41251872966380343, 0.41187900592486965, 0.4112574286766906, 0.41065859026106677, 0.41008683707448434, 0.4095409365285334, 0.40901874328239035, 0.4085195336979284, 0.40804391759743885, 0.4075904866108014, 0.4071563757648275, 0.4067407681427996, 0.406343454731139, 0.40596486284184485, 0.40560217899974554, 0.4052554180693856, 0.4049260299069619, 0.40461576645269287, 0.40432441027717514, 0.40405055147554103, 0.40379607804367734, 0.40356246434830395, 0.40334954013128216, 0.4031569735710962, 0.40298449619000426, 0.40283238104604807, 0.40270110644775925, 0.4025886406381431, 0.4024930442926035, 0.4024151784847651, 0.4023558068584278, 0.40231498857263764, 0.4022913679788258, 0.4022837309612113]},
                      'case': 'Supersonic_M3.0R400',
                      'constant_Sq_heat': 0.0,
                      'use_visc_heating': True,
                      'Pr_turb': 1.0,
                      'fprint': '<function '
                                'Build_arguments_fi_run._mk_args_MK_solver.<locals>.<lambda> '
                                'at 0x7f157e95cc10>',
                      'compressible_correction': False,
                      'bool_solve_energy': False,
                      'output_last': False},
  'u_imp': 100,
  'k_imp': 0,
  'e_imp': 1,
  'solve_sparse_adj': True,
  'all_ref_beta_distrib': {'K': [1.0, 1.0, 1.0, 1.0, 1.0, 1.0, 1.0, 1.0, 1.0, 1.0, 1.0, 1.0, 1.0, 1.0, 1.0, 1.0, 1.0, 1.0, 1.0, 1.0, 1.0, 1.0, 1.0, 1.0, 1.0, 1.0, 1.0, 1.0, 1.0, 1.0, 1.0, 1.0, 1.0, 1.0, 1.0, 1.0, 1.0, 1.0, 1.0, 1.0, 1.0, 1.0, 1.0, 1.0, 1.0, 1.0, 1.0, 1.0, 1.0, 1.0, 1.0, 1.0, 1.0, 1.0, 1.0, 1.0, 1.0, 1.0, 1.0, 1.0, 1.0, 1.0, 1.0, 1.0, 1.0, 1.0, 1.0, 1.0, 1.0, 1.0, 1.0, 1.0, 1.0, 1.0, 1.0, 1.0, 1.0, 1.0, 1.0, 1.0, 1.0, 1.0, 1.0, 1.0, 1.0, 1.0, 1.0, 1.0, 1.0, 1.0, 1.0, 1.0, 1.0, 1.0, 1.0, 1.0, 1.0, 1.0, 1.0, 1.0], 'E': [1.0, 1.00114153, 1.0017007, 1.00223204, 1.00282221, 1.00348739, 1.00423325, 1.00505567, 1.00594315, 1.00687388, 1.00780991, 1.00868231, 1.00938824, 1.00980352, 1.00982057, 1.0093945, 1.00853267, 1.00720213, 1.00524051, 1.00239565, 0.99843583, 0.99318674, 0.98651122, 0.97830456, 0.96850209, 0.95708716, 0.94409874, 0.92963153, 0.91384157, 0.89693936, 0.87919604, 0.86093629, 0.84255699, 0.82453043, 0.80745401, 0.79209331, 0.77947234, 0.77100811, 0.76873715, 0.77629054, 0.80210736, 0.86159471, 0.966905, 1.11017984, 1.26510295, 1.40491143, 1.51453684, 1.59053456, 1.63602743, 1.65640232, 1.65703841, 1.64247383, 1.61627926, 1.581192, 1.53930722, 1.49225518, 1.44134399, 1.38767491, 1.3322177, 1.27586225, 1.21944478, 1.16377615, 1.10966397, 1.0579324, 1.00941946, 0.96495494, 0.92532909, 0.89124863, 0.86328785, 0.84182577, 0.82697013, 0.81848707, 0.81577394, 0.81789793, 0.82368606, 0.83187134, 0.84128728, 0.85106803, 0.8607827, 0.87044883, 0.88044478, 0.89136844, 0.90386186, 0.91841092, 0.93517086, 0.9538757, 0.97381333, 0.99390776, 1.01291482, 1.02962352, 1.04303382, 1.05251852, 1.05792676, 1.05959402, 1.05826862, 1.05498411, 1.05088843, 1.04706388, 1.04438269, 1.02170604]},
  'all_ref_delta_distrib': {'K': [-0.0, -0.0, -0.0, -0.0, -0.0, -0.0, -0.0, -0.0, -0.0, -0.0, -0.0, -0.0, -0.0, -0.0, -0.0, -0.0, -0.0, -0.0, -0.0, -0.0, -0.0, -0.0, -0.0, -0.0, -0.0, -0.0, -0.0, -0.0, -0.0, -0.0, -0.0, -0.0, -0.0, -0.0, -0.0, -0.0, -0.0, -0.0, -0.0, -0.0, -0.0, -0.0, -0.0, -0.0, -0.0, -0.0, -0.0, -0.0, -0.0, -0.0, -0.0, -0.0, -0.0, -0.0, -0.0, -0.0, -0.0, -0.0, -0.0, -0.0, -0.0, -0.0, -0.0, -0.0, -0.0, -0.0, -0.0, -0.0, -0.0, -0.0, -0.0, -0.0, -0.0, -0.0, -0.0, -0.0, -0.0, -0.0, -0.0, -0.0, -0.0, -0.0, -0.0, -0.0, -0.0, -0.0, -0.0, -0.0, -0.0, -0.0, -0.0, -0.0, -0.0, -0.0, -0.0, -0.0, -0.0, -0.0, -0.0, -0.0], 'E': [-0.0, -2.6665434139470294, -6.168681961075369, -10.252274829236061, -15.248012564199666, -21.3506748858591, -28.72925809797819, -37.504889841678555, -47.71918861951267, -59.28634208683678, -71.93512354125247, -85.14003931089785, -98.05418271779261, -109.46000670887523, -117.75603369984523, -120.98479256776942, -116.88657825431551, -102.96129329166733, -76.58182429899861, -35.257052469048084, 22.973157182264544, 99.15477804093454, 193.1471735969781, 303.47715632932125, 427.3313956525817, 560.6827399976603, 698.522982719169, 835.1870976779069, 964.688831537076, 1081.0945033544629, 1178.827028958284, 1252.9803294988283, 1299.5140154884573, 1315.4767005323872, 1299.080975161311, 1249.816651993506, 1168.4732286035905, 1057.1218813614007, 918.8542491414134, 755.3678871913509, 560.6898455646738, 325.14446836440897, 63.83401851952565, -173.429808727235, -340.07516034004675, -424.6284131009613, -444.01336300785186, -423.01537859774515, -381.97045953455296, -333.9439959824762, -286.1168712575672, -241.89747508877895, -202.56388561494606, -168.29894519633777, -138.77538187072557, -113.46976920106177, -91.82215124492295, -73.30678614938383, -57.46395263543654, -43.90447328044612, -32.306200241772515, -22.407457018433036, -14.000768162681378, -6.925051966896169, -1.0570508442158983, 3.6990279014545835, 7.42120478741217, 10.179436982866543, 12.04460133646361, 13.097526957259634, 13.43624406487747, 13.179332635686581, 12.463120497587749, 11.432195841071648, 10.226555646562744, 8.967798885668644, 7.747238661579071, 6.619687588821442, 5.605468865098102, 4.700029992120138, 3.886267202036242, 3.145356413089324, 2.4642584519430777, 1.8396083724781953, 1.2773921378739521, 0.7890162702494783, 0.38639996687614137, 0.07706546520574035, -0.13925863866523716, -0.2709135876833456, -0.3324043491507786, -0.34166574151384416, -0.31711337236928855, -0.2750766840529275, -0.22819974051791467, -0.1849455386218374, -0.14996320013198394, -0.12505106317414313, -0.1103752084845426, -0.05278495703674976]},
  'fname_print': '/media/rafael/DATA/Dropbox/20220924_FIML_solver/data/output/field_inversion/Beta_e/u_imp_100/FI_run_Supersonic_M3.0R400_u_imp_100_k_imp_0_e_imp_1/FI_run_Supersonic_M3.0R400_u_imp_100_k_imp_0_e_imp_1.log',
  'folder': '/media/rafael/DATA/Dropbox/20220924_FIML_solver/data/output/field_inversion/Beta_e/u_imp_100/FI_run_Supersonic_M3.0R400_u_imp_100_k_imp_0_e_imp_1',
  'iters_limit': 15000}
# End_Input_Arguments

# ------------------------------------------------------------------------
#                  Iterations
# ------------------------------------------------------------------------

iter:      0 (Jcost: 1.607535e+01) (lr = 1.000e-03) (elapsed time:  0.002) (secs/iter:   None) (n_accepted: 0%) (u_error:  6.688066 %) (beta_change: 65.703841 %) (delta_change:  7.686544 %) (delta_peak/R:  0.000000 %)
-> Saved file: /media/rafael/DATA/Dropbox/20220924_FIML_solver/data/output/field_inversion/Beta_e/u_imp_100/FI_run_Supersonic_M3.0R400_u_imp_100_k_imp_0_e_imp_1/FI_run_Supersonic_M3.0R400_u_imp_100_k_imp_0_e_imp_1_state_iter_0.dat
iter:    100 (Jcost: 3.209452e-01) (lr = 7.153e-04) (elapsed time: 118.243) (secs/iter:  1.182) (n_accepted: 79%) (u_error:  1.010024 %) (beta_change: 50.699720 %) (delta_change:  5.721114 %) (delta_peak/R:  9.432548 %)
iter:    200 (Jcost: 2.100975e-01) (lr = 6.140e-04) (elapsed time: 223.870) (secs/iter:  1.056) (n_accepted: 79%) (u_error:  0.716449 %) (beta_change: 43.794596 %) (delta_change:  5.237469 %) (delta_peak/R:  9.988452 %)
iter:    300 (Jcost: 1.801136e-01) (lr = 1.265e-03) (elapsed time: 330.711) (secs/iter:  1.068) (n_accepted: 80%) (u_error:  0.677267 %) (beta_change: 40.767738 %) (delta_change:  4.804618 %) (delta_peak/R:  9.768035 %)
iter:    400 (Jcost: 1.666119e-01) (lr = 1.086e-03) (elapsed time: 442.252) (secs/iter:  1.115) (n_accepted: 79%) (u_error:  0.670553 %) (beta_change: 38.489975 %) (delta_change:  4.504597 %) (delta_peak/R:  9.616793 %)
iter:    500 (Jcost: 1.576987e-01) (lr = 2.237e-03) (elapsed time: 547.069) (secs/iter:  1.048) (n_accepted: 80%) (u_error:  0.660414 %) (beta_change: 36.541916 %) (delta_change:  4.266874 %) (delta_peak/R:  9.398814 %)
-> Saved file: /media/rafael/DATA/Dropbox/20220924_FIML_solver/data/output/field_inversion/Beta_e/u_imp_100/FI_run_Supersonic_M3.0R400_u_imp_100_k_imp_0_e_imp_1/FI_run_Supersonic_M3.0R400_u_imp_100_k_imp_0_e_imp_1_state_iter_500.dat
iter:    600 (Jcost: 1.523220e-01) (lr = 1.106e-02) (elapsed time: 661.134) (secs/iter:  1.141) (n_accepted: 81%) (u_error:  0.659289 %) (beta_change: 35.209262 %) (delta_change:  4.079871 %) (delta_peak/R:  9.257015 %)
iter:    700 (Jcost: 1.483339e-01) (lr = 1.648e-03) (elapsed time: 770.349) (secs/iter:  1.092) (n_accepted: 77%) (u_error:  0.657051 %) (beta_change: 34.051215 %) (delta_change:  3.903050 %) (delta_peak/R:  9.070961 %)
iter:    800 (Jcost: 1.445930e-01) (lr = 5.896e-04) (elapsed time: 878.939) (secs/iter:  1.086) (n_accepted: 78%) (u_error:  0.654455 %) (beta_change: 32.857826 %) (delta_change:  3.708287 %) (delta_peak/R:  8.921162 %)
iter:    900 (Jcost: 1.418841e-01) (lr = 2.915e-03) (elapsed time: 989.773) (secs/iter:  1.108) (n_accepted: 81%) (u_error:  0.654474 %) (beta_change: 31.867907 %) (delta_change:  3.569967 %) (delta_peak/R:  8.825329 %)
iter:   1000 (Jcost: 1.391299e-01) (lr = 3.459e-02) (elapsed time: 1094.322) (secs/iter:  1.045) (n_accepted: 82%) (u_error:  0.651431 %) (beta_change: 30.880759 %) (delta_change:  3.467744 %) (delta_peak/R:  8.689513 %)
-> Saved file: /media/rafael/DATA/Dropbox/20220924_FIML_solver/data/output/field_inversion/Beta_e/u_imp_100/FI_run_Supersonic_M3.0R400_u_imp_100_k_imp_0_e_imp_1/FI_run_Supersonic_M3.0R400_u_imp_100_k_imp_0_e_imp_1_state_iter_1000.dat
iter:   1100 (Jcost: 1.373286e-01) (lr = 5.155e-03) (elapsed time: 1208.051) (secs/iter:  1.137) (n_accepted: 77%) (u_error:  0.650710 %) (beta_change: 30.157352 %) (delta_change:  3.387600 %) (delta_peak/R:  8.594615 %)
iter:   1200 (Jcost: 1.350939e-01) (lr = 1.844e-03) (elapsed time: 1295.693) (secs/iter:  0.876) (n_accepted: 78%) (u_error:  0.649665 %) (beta_change: 29.197886 %) (delta_change:  3.276026 %) (delta_peak/R:  8.465233 %)
iter:   1300 (Jcost: 1.334467e-01) (lr = 5.251e-02) (elapsed time: 1386.496) (secs/iter:  0.908) (n_accepted: 83%) (u_error:  0.648843 %) (beta_change: 28.440021 %) (delta_change:  3.183572 %) (delta_peak/R:  8.363795 %)
iter:   1400 (Jcost: 1.318414e-01) (lr = 7.826e-03) (elapsed time: 1494.570) (secs/iter:  1.081) (n_accepted: 77%) (u_error:  0.648122 %) (beta_change: 27.652777 %) (delta_change:  3.083776 %) (delta_peak/R:  8.262085 %)
iter:   1500 (Jcost: 1.302528e-01) (lr = 2.799e-03) (elapsed time: 1602.626) (secs/iter:  1.081) (n_accepted: 78%) (u_error:  0.647318 %) (beta_change: 26.818065 %) (delta_change:  2.973886 %) (delta_peak/R:  8.159097 %)
-> Saved file: /media/rafael/DATA/Dropbox/20220924_FIML_solver/data/output/field_inversion/Beta_e/u_imp_100/FI_run_Supersonic_M3.0R400_u_imp_100_k_imp_0_e_imp_1/FI_run_Supersonic_M3.0R400_u_imp_100_k_imp_0_e_imp_1_state_iter_1500.dat
iter:   1600 (Jcost: 1.287886e-01) (lr = 4.171e-04) (elapsed time: 1715.348) (secs/iter:  1.127) (n_accepted: 77%) (u_error:  0.646562 %) (beta_change: 25.990321 %) (delta_change:  2.860814 %) (delta_peak/R:  8.080896 %)
iter:   1700 (Jcost: 1.278527e-01) (lr = 4.950e-03) (elapsed time: 1825.289) (secs/iter:  1.099) (n_accepted: 82%) (u_error:  0.646632 %) (beta_change: 25.420590 %) (delta_change:  2.780230 %) (delta_peak/R:  8.030364 %)
iter:   1800 (Jcost: 1.268907e-01) (lr = 2.447e-02) (elapsed time: 1926.781) (secs/iter:  1.015) (n_accepted: 81%) (u_error:  0.645567 %) (beta_change: 24.814588 %) (delta_change:  2.693743 %) (delta_peak/R:  7.969262 %)
iter:   1900 (Jcost: 1.261040e-01) (lr = 3.647e-03) (elapsed time: 2036.220) (secs/iter:  1.094) (n_accepted: 77%) (u_error:  0.645286 %) (beta_change: 24.288239 %) (delta_change:  2.616576 %) (delta_peak/R:  7.920986 %)
iter:   2000 (Jcost: 1.253485e-01) (lr = 5.435e-04) (elapsed time: 2145.326) (secs/iter:  1.091) (n_accepted: 77%) (u_error:  0.645159 %) (beta_change: 23.754848 %) (delta_change:  2.536911 %) (delta_peak/R:  7.873920 %)
-> Saved file: /media/rafael/DATA/Dropbox/20220924_FIML_solver/data/output/field_inversion/Beta_e/u_imp_100/FI_run_Supersonic_M3.0R400_u_imp_100_k_imp_0_e_imp_1/FI_run_Supersonic_M3.0R400_u_imp_100_k_imp_0_e_imp_1_state_iter_2000.dat
iter:   2100 (Jcost: 1.247849e-01) (lr = 1.548e-02) (elapsed time: 2255.503) (secs/iter:  1.102) (n_accepted: 83%) (u_error:  0.644817 %) (beta_change: 23.339345 %) (delta_change:  2.474259 %) (delta_peak/R:  7.836359 %)
iter:   2200 (Jcost: 1.240980e-01) (lr = 5.536e-03) (elapsed time: 2359.126) (secs/iter:  1.036) (n_accepted: 78%) (u_error:  0.644358 %) (beta_change: 22.808342 %) (delta_change:  2.393284 %) (delta_peak/R:  7.789192 %)
iter:   2300 (Jcost: 1.235050e-01) (lr = 1.980e-03) (elapsed time: 2465.080) (secs/iter:  1.060) (n_accepted: 78%) (u_error:  0.644038 %) (beta_change: 22.325819 %) (delta_change:  2.318725 %) (delta_peak/R:  7.748102 %)
iter:   2400 (Jcost: 1.228907e-01) (lr = 7.083e-04) (elapsed time: 2568.471) (secs/iter:  1.034) (n_accepted: 78%) (u_error:  0.643781 %) (beta_change: 21.800251 %) (delta_change:  2.257112 %) (delta_peak/R:  7.705172 %)
iter:   2500 (Jcost: 1.223384e-01) (lr = 6.080e-04) (elapsed time: 2675.747) (secs/iter:  1.073) (n_accepted: 79%) (u_error:  0.643451 %) (beta_change: 21.302240 %) (delta_change:  2.204951 %) (delta_peak/R:  7.665185 %)
-> Saved file: /media/rafael/DATA/Dropbox/20220924_FIML_solver/data/output/field_inversion/Beta_e/u_imp_100/FI_run_Supersonic_M3.0R400_u_imp_100_k_imp_0_e_imp_1/FI_run_Supersonic_M3.0R400_u_imp_100_k_imp_0_e_imp_1_state_iter_2500.dat
iter:   2600 (Jcost: 1.218878e-01) (lr = 3.006e-03) (elapsed time: 2786.346) (secs/iter:  1.106) (n_accepted: 81%) (u_error:  0.642550 %) (beta_change: 20.849586 %) (delta_change:  2.156493 %) (delta_peak/R:  7.626050 %)
iter:   2700 (Jcost: 1.215082e-01) (lr = 1.486e-02) (elapsed time: 2888.740) (secs/iter:  1.024) (n_accepted: 81%) (u_error:  0.643013 %) (beta_change: 20.502011 %) (delta_change:  2.117949 %) (delta_peak/R:  7.604200 %)
iter:   2800 (Jcost: 1.211107e-01) (lr = 9.229e-04) (elapsed time: 2994.704) (secs/iter:  1.060) (n_accepted: 76%) (u_error:  0.642748 %) (beta_change: 20.093643 %) (delta_change:  2.072153 %) (delta_peak/R:  7.574035 %)
iter:   2900 (Jcost: 1.207377e-01) (lr = 7.922e-04) (elapsed time: 3102.506) (secs/iter:  1.078) (n_accepted: 79%) (u_error:  0.642603 %) (beta_change: 19.694639 %) (delta_change:  2.026440 %) (delta_peak/R:  7.546118 %)
iter:   3000 (Jcost: 1.204350e-01) (lr = 2.256e-02) (elapsed time: 3208.685) (secs/iter:  1.062) (n_accepted: 83%) (u_error:  0.642323 %) (beta_change: 19.356398 %) (delta_change:  1.987093 %) (delta_peak/R:  7.522046 %)
-> Saved file: /media/rafael/DATA/Dropbox/20220924_FIML_solver/data/output/field_inversion/Beta_e/u_imp_100/FI_run_Supersonic_M3.0R400_u_imp_100_k_imp_0_e_imp_1/FI_run_Supersonic_M3.0R400_u_imp_100_k_imp_0_e_imp_1_state_iter_3000.dat
iter:   3100 (Jcost: 1.200901e-01) (lr = 8.070e-03) (elapsed time: 3312.797) (secs/iter:  1.041) (n_accepted: 78%) (u_error:  0.642179 %) (beta_change: 18.957989 %) (delta_change:  1.939916 %) (delta_peak/R:  7.495578 %)
iter:   3200 (Jcost: 1.197672e-01) (lr = 5.011e-04) (elapsed time: 3421.015) (secs/iter:  1.082) (n_accepted: 76%) (u_error:  0.642111 %) (beta_change: 18.568731 %) (delta_change:  1.893006 %) (delta_peak/R:  7.470914 %)
iter:   3300 (Jcost: 1.194653e-01) (lr = 1.032e-03) (elapsed time: 3527.587) (secs/iter:  1.066) (n_accepted: 80%) (u_error:  0.641991 %) (beta_change: 18.188697 %) (delta_change:  1.846539 %) (delta_peak/R:  7.447173 %)
iter:   3400 (Jcost: 1.191703e-01) (lr = 7.056e-02) (elapsed time: 3628.894) (secs/iter:  1.013) (n_accepted: 84%) (u_error:  0.641584 %) (beta_change: 17.801491 %) (delta_change:  1.798703 %) (delta_peak/R:  7.421821 %)
iter:   3500 (Jcost: 1.189841e-01) (lr = 1.052e-02) (elapsed time: 3733.142) (secs/iter:  1.042) (n_accepted: 77%) (u_error:  0.641634 %) (beta_change: 17.550965 %) (delta_change:  1.767228 %) (delta_peak/R:  7.407787 %)
-> Saved file: /media/rafael/DATA/Dropbox/20220924_FIML_solver/data/output/field_inversion/Beta_e/u_imp_100/FI_run_Supersonic_M3.0R400_u_imp_100_k_imp_0_e_imp_1/FI_run_Supersonic_M3.0R400_u_imp_100_k_imp_0_e_imp_1_state_iter_3500.dat
iter:   3600 (Jcost: 1.187444e-01) (lr = 6.529e-04) (elapsed time: 3843.112) (secs/iter:  1.100) (n_accepted: 76%) (u_error:  0.641514 %) (beta_change: 17.216000 %) (delta_change:  1.724876 %) (delta_peak/R:  7.388878 %)
iter:   3700 (Jcost: 1.184918e-01) (lr = 1.345e-03) (elapsed time: 3946.340) (secs/iter:  1.032) (n_accepted: 80%) (u_error:  0.641429 %) (beta_change: 16.848930 %) (delta_change:  1.677966 %) (delta_peak/R:  7.370632 %)
iter:   3800 (Jcost: 1.182835e-01) (lr = 3.831e-02) (elapsed time: 4042.069) (secs/iter:  0.957) (n_accepted: 83%) (u_error:  0.640927 %) (beta_change: 16.529854 %) (delta_change:  1.637097 %) (delta_peak/R:  7.352257 %)
iter:   3900 (Jcost: 1.181022e-01) (lr = 2.379e-03) (elapsed time: 4142.078) (secs/iter:  1.000) (n_accepted: 76%) (u_error:  0.641100 %) (beta_change: 16.255510 %) (delta_change:  1.601323 %) (delta_peak/R:  7.340846 %)
iter:   4000 (Jcost: 1.179047e-01) (lr = 2.042e-03) (elapsed time: 4245.549) (secs/iter:  1.035) (n_accepted: 79%) (u_error:  0.640947 %) (beta_change: 15.939512 %) (delta_change:  1.560086 %) (delta_peak/R:  7.325629 %)
-> Saved file: /media/rafael/DATA/Dropbox/20220924_FIML_solver/data/output/field_inversion/Beta_e/u_imp_100/FI_run_Supersonic_M3.0R400_u_imp_100_k_imp_0_e_imp_1/FI_run_Supersonic_M3.0R400_u_imp_100_k_imp_0_e_imp_1_state_iter_4000.dat
iter:   4100 (Jcost: 1.177301e-01) (lr = 7.303e-04) (elapsed time: 4355.618) (secs/iter:  1.101) (n_accepted: 78%) (u_error:  0.640843 %) (beta_change: 15.651207 %) (delta_change:  1.522229 %) (delta_peak/R:  7.312278 %)
iter:   4200 (Jcost: 1.175562e-01) (lr = 6.269e-04) (elapsed time: 4461.560) (secs/iter:  1.059) (n_accepted: 79%) (u_error:  0.640770 %) (beta_change: 15.355233 %) (delta_change:  1.483161 %) (delta_peak/R:  7.299078 %)
iter:   4300 (Jcost: 1.173735e-01) (lr = 1.785e-02) (elapsed time: 4561.980) (secs/iter:  1.004) (n_accepted: 83%) (u_error:  0.640570 %) (beta_change: 15.033674 %) (delta_change:  1.440630 %) (delta_peak/R:  7.284223 %)
iter:   4400 (Jcost: 1.172311e-01) (lr = 1.533e-02) (elapsed time: 4660.650) (secs/iter:  0.987) (n_accepted: 79%) (u_error:  0.640570 %) (beta_change: 14.776470 %) (delta_change:  1.406392 %) (delta_peak/R:  7.273656 %)
iter:   4500 (Jcost: 1.170796e-01) (lr = 2.284e-03) (elapsed time: 4762.646) (secs/iter:  1.020) (n_accepted: 77%) (u_error:  0.640489 %) (beta_change: 14.494727 %) (delta_change:  1.368865 %) (delta_peak/R:  7.261759 %)
-> Saved file: /media/rafael/DATA/Dropbox/20220924_FIML_solver/data/output/field_inversion/Beta_e/u_imp_100/FI_run_Supersonic_M3.0R400_u_imp_100_k_imp_0_e_imp_1/FI_run_Supersonic_M3.0R400_u_imp_100_k_imp_0_e_imp_1_state_iter_4500.dat
iter:   4600 (Jcost: 1.169462e-01) (lr = 8.169e-04) (elapsed time: 4860.253) (secs/iter:  0.976) (n_accepted: 78%) (u_error:  0.640402 %) (beta_change: 14.239863 %) (delta_change:  1.334878 %) (delta_peak/R:  7.251118 %)
iter:   4700 (Jcost: 1.168205e-01) (lr = 1.683e-03) (elapsed time: 4998.820) (secs/iter:  1.386) (n_accepted: 80%) (u_error:  0.640594 %) (beta_change: 13.983480 %) (delta_change:  1.300445 %) (delta_peak/R:  7.242494 %)
iter:   4800 (Jcost: 1.166917e-01) (lr = 4.793e-02) (elapsed time: 5102.597) (secs/iter:  1.038) (n_accepted: 83%) (u_error:  0.639953 %) (beta_change: 13.725982 %) (delta_change:  1.266514 %) (delta_peak/R:  7.228394 %)
iter:   4900 (Jcost: 1.165904e-01) (lr = 1.714e-02) (elapsed time: 5206.958) (secs/iter:  1.044) (n_accepted: 78%) (u_error:  0.640215 %) (beta_change: 13.526396 %) (delta_change:  1.239627 %) (delta_peak/R:  7.222721 %)
iter:   5000 (Jcost: 1.164662e-01) (lr = 6.132e-03) (elapsed time: 5306.707) (secs/iter:  0.997) (n_accepted: 78%) (u_error:  0.640069 %) (beta_change: 13.265609 %) (delta_change:  1.204916 %) (delta_peak/R:  7.212172 %)
-> Saved file: /media/rafael/DATA/Dropbox/20220924_FIML_solver/data/output/field_inversion/Beta_e/u_imp_100/FI_run_Supersonic_M3.0R400_u_imp_100_k_imp_0_e_imp_1/FI_run_Supersonic_M3.0R400_u_imp_100_k_imp_0_e_imp_1_state_iter_5000.dat
iter:   5100 (Jcost: 1.163494e-01) (lr = 2.193e-03) (elapsed time: 5409.594) (secs/iter:  1.029) (n_accepted: 78%) (u_error:  0.640010 %) (beta_change: 13.013955 %) (delta_change:  1.171414 %) (delta_peak/R:  7.202726 %)
iter:   5200 (Jcost: 1.162109e-01) (lr = 3.268e-04) (elapsed time: 5494.906) (secs/iter:  0.853) (n_accepted: 77%) (u_error:  0.639943 %) (beta_change: 12.707484 %) (delta_change:  1.130714 %) (delta_peak/R:  7.191487 %)
iter:   5300 (Jcost: 1.161118e-01) (lr = 2.234e-02) (elapsed time: 5597.312) (secs/iter:  1.024) (n_accepted: 84%) (u_error:  0.640064 %) (beta_change: 12.477448 %) (delta_change:  1.100123 %) (delta_peak/R:  7.184382 %)
iter:   5400 (Jcost: 1.160285e-01) (lr = 5.780e-04) (elapsed time: 5700.246) (secs/iter:  1.029) (n_accepted: 75%) (u_error:  0.639804 %) (beta_change: 12.290360 %) (delta_change:  1.075625 %) (delta_peak/R:  7.176285 %)
iter:   5500 (Jcost: 1.159577e-01) (lr = 6.858e-03) (elapsed time: 5803.191) (secs/iter:  1.029) (n_accepted: 82%) (u_error:  0.639697 %) (beta_change: 12.123142 %) (delta_change:  1.053691 %) (delta_peak/R:  7.169981 %)
-> Saved file: /media/rafael/DATA/Dropbox/20220924_FIML_solver/data/output/field_inversion/Beta_e/u_imp_100/FI_run_Supersonic_M3.0R400_u_imp_100_k_imp_0_e_imp_1/FI_run_Supersonic_M3.0R400_u_imp_100_k_imp_0_e_imp_1_state_iter_5500.dat
iter:   5600 (Jcost: 1.158666e-01) (lr = 5.887e-03) (elapsed time: 5913.579) (secs/iter:  1.104) (n_accepted: 79%) (u_error:  0.639698 %) (beta_change: 11.906018 %) (delta_change:  1.025194 %) (delta_peak/R:  7.162837 %)
iter:   5700 (Jcost: 1.157769e-01) (lr = 8.774e-04) (elapsed time: 6016.535) (secs/iter:  1.030) (n_accepted: 77%) (u_error:  0.639687 %) (beta_change: 11.687342 %) (delta_change:  0.996632 %) (delta_peak/R:  7.155693 %)
iter:   5800 (Jcost: 1.156863e-01) (lr = 7.531e-04) (elapsed time: 6119.622) (secs/iter:  1.031) (n_accepted: 79%) (u_error:  0.639609 %) (beta_change: 11.462288 %) (delta_change:  0.967453 %) (delta_peak/R:  7.148014 %)
iter:   5900 (Jcost: 1.155963e-01) (lr = 6.465e-04) (elapsed time: 6221.386) (secs/iter:  1.018) (n_accepted: 79%) (u_error:  0.639553 %) (beta_change: 11.233992 %) (delta_change:  0.938008 %) (delta_peak/R:  7.140515 %)
iter:   6000 (Jcost: 1.155184e-01) (lr = 1.841e-02) (elapsed time: 6323.831) (secs/iter:  1.024) (n_accepted: 83%) (u_error:  0.639537 %) (beta_change: 11.032682 %) (delta_change:  0.912171 %) (delta_peak/R:  7.134234 %)
-> Saved file: /media/rafael/DATA/Dropbox/20220924_FIML_solver/data/output/field_inversion/Beta_e/u_imp_100/FI_run_Supersonic_M3.0R400_u_imp_100_k_imp_0_e_imp_1/FI_run_Supersonic_M3.0R400_u_imp_100_k_imp_0_e_imp_1_state_iter_6000.dat
iter:   6100 (Jcost: 1.154464e-01) (lr = 2.744e-03) (elapsed time: 6432.213) (secs/iter:  1.084) (n_accepted: 77%) (u_error:  0.639502 %) (beta_change: 10.843683 %) (delta_change:  0.888079 %) (delta_peak/R:  7.128293 %)
iter:   6200 (Jcost: 1.153669e-01) (lr = 9.814e-04) (elapsed time: 6523.482) (secs/iter:  0.913) (n_accepted: 78%) (u_error:  0.639383 %) (beta_change: 10.631536 %) (delta_change:  0.861293 %) (delta_peak/R:  7.121192 %)
iter:   6300 (Jcost: 1.152964e-01) (lr = 8.424e-04) (elapsed time: 6626.591) (secs/iter:  1.031) (n_accepted: 79%) (u_error:  0.639133 %) (beta_change: 10.430826 %) (delta_change:  0.836273 %) (delta_peak/R:  7.113657 %)
iter:   6400 (Jcost: 1.152326e-01) (lr = 2.399e-02) (elapsed time: 6730.244) (secs/iter:  1.037) (n_accepted: 83%) (u_error:  0.639387 %) (beta_change: 10.264409 %) (delta_change:  0.815233 %) (delta_peak/R:  7.110575 %)
iter:   6500 (Jcost: 1.151727e-01) (lr = 8.581e-03) (elapsed time: 6834.366) (secs/iter:  1.041) (n_accepted: 78%) (u_error:  0.639290 %) (beta_change: 10.097520 %) (delta_change:  0.794608 %) (delta_peak/R:  7.105193 %)
-> Saved file: /media/rafael/DATA/Dropbox/20220924_FIML_solver/data/output/field_inversion/Beta_e/u_imp_100/FI_run_Supersonic_M3.0R400_u_imp_100_k_imp_0_e_imp_1/FI_run_Supersonic_M3.0R400_u_imp_100_k_imp_0_e_imp_1_state_iter_6500.dat
iter:   6600 (Jcost: 1.151075e-01) (lr = 5.328e-04) (elapsed time: 6942.095) (secs/iter:  1.077) (n_accepted: 76%) (u_error:  0.639264 %) (beta_change:  9.912856 %) (delta_change:  0.771875 %) (delta_peak/R:  7.099859 %)
iter:   6700 (Jcost: 1.150638e-01) (lr = 6.323e-03) (elapsed time: 7042.068) (secs/iter:  1.000) (n_accepted: 82%) (u_error:  0.639236 %) (beta_change:  9.787582 %) (delta_change:  0.756573 %) (delta_peak/R:  7.096213 %)
iter:   6800 (Jcost: 1.149969e-01) (lr = 5.427e-03) (elapsed time: 7124.341) (secs/iter:  0.823) (n_accepted: 79%) (u_error:  0.639205 %) (beta_change:  9.593462 %) (delta_change:  0.733016 %) (delta_peak/R:  7.090722 %)
iter:   6900 (Jcost: 1.149158e-01) (lr = 1.941e-03) (elapsed time: 7189.437) (secs/iter:  0.651) (n_accepted: 78%) (u_error:  0.639117 %) (beta_change:  9.353953 %) (delta_change:  0.704295 %) (delta_peak/R:  7.083728 %)
iter:   7000 (Jcost: 1.148568e-01) (lr = 6.943e-04) (elapsed time: 7273.839) (secs/iter:  0.844) (n_accepted: 78%) (u_error:  0.639124 %) (beta_change:  9.177652 %) (delta_change:  0.683313 %) (delta_peak/R:  7.079140 %)
-> Saved file: /media/rafael/DATA/Dropbox/20220924_FIML_solver/data/output/field_inversion/Beta_e/u_imp_100/FI_run_Supersonic_M3.0R400_u_imp_100_k_imp_0_e_imp_1/FI_run_Supersonic_M3.0R400_u_imp_100_k_imp_0_e_imp_1_state_iter_7000.dat
iter:   7100 (Jcost: 1.147935e-01) (lr = 3.433e-03) (elapsed time: 7370.142) (secs/iter:  0.963) (n_accepted: 81%) (u_error:  0.638876 %) (beta_change:  8.976712 %) (delta_change:  0.659894 %) (delta_peak/R:  7.072287 %)
iter:   7200 (Jcost: 1.147498e-01) (lr = 5.116e-04) (elapsed time: 7471.067) (secs/iter:  1.009) (n_accepted: 77%) (u_error:  0.639061 %) (beta_change:  8.850950 %) (delta_change:  0.660830 %) (delta_peak/R:  7.070321 %)
iter:   7300 (Jcost: 1.146927e-01) (lr = 4.392e-04) (elapsed time: 7555.997) (secs/iter:  0.849) (n_accepted: 79%) (u_error:  0.639046 %) (beta_change:  8.673658 %) (delta_change:  0.664280 %) (delta_peak/R:  7.065751 %)
iter:   7400 (Jcost: 1.146286e-01) (lr = 2.171e-03) (elapsed time: 7655.120) (secs/iter:  0.991) (n_accepted: 81%) (u_error:  0.639208 %) (beta_change:  8.464181 %) (delta_change:  0.667026 %) (delta_peak/R:  7.061645 %)
iter:   7500 (Jcost: 1.145898e-01) (lr = 4.473e-03) (elapsed time: 7754.740) (secs/iter:  0.996) (n_accepted: 80%) (u_error:  0.638988 %) (beta_change:  8.348215 %) (delta_change:  0.670686 %) (delta_peak/R:  7.057346 %)
-> Saved file: /media/rafael/DATA/Dropbox/20220924_FIML_solver/data/output/field_inversion/Beta_e/u_imp_100/FI_run_Supersonic_M3.0R400_u_imp_100_k_imp_0_e_imp_1/FI_run_Supersonic_M3.0R400_u_imp_100_k_imp_0_e_imp_1_state_iter_7500.dat
iter:   7600 (Jcost: 1.145256e-01) (lr = 1.600e-03) (elapsed time: 7858.192) (secs/iter:  1.035) (n_accepted: 78%) (u_error:  0.639000 %) (beta_change:  8.141025 %) (delta_change:  0.674337 %) (delta_peak/R:  7.052435 %)
iter:   7700 (Jcost: 1.144901e-01) (lr = 3.296e-03) (elapsed time: 7962.603) (secs/iter:  1.044) (n_accepted: 80%) (u_error:  0.638897 %) (beta_change:  8.025666 %) (delta_change:  0.677106 %) (delta_peak/R:  7.049010 %)
iter:   7800 (Jcost: 1.144269e-01) (lr = 4.912e-04) (elapsed time: 8053.357) (secs/iter:  0.908) (n_accepted: 77%) (u_error:  0.638890 %) (beta_change:  7.817597 %) (delta_change:  0.680809 %) (delta_peak/R:  7.044084 %)
iter:   7900 (Jcost: 1.143837e-01) (lr = 3.357e-02) (elapsed time: 8160.671) (secs/iter:  1.073) (n_accepted: 84%) (u_error:  0.638880 %) (beta_change:  7.673833 %) (delta_change:  0.683362 %) (delta_peak/R:  7.040700 %)
iter:   8000 (Jcost: 1.143258e-01) (lr = 5.004e-03) (elapsed time: 8263.695) (secs/iter:  1.030) (n_accepted: 77%) (u_error:  0.638855 %) (beta_change:  7.478843 %) (delta_change:  0.686864 %) (delta_peak/R:  7.036092 %)
-> Saved file: /media/rafael/DATA/Dropbox/20220924_FIML_solver/data/output/field_inversion/Beta_e/u_imp_100/FI_run_Supersonic_M3.0R400_u_imp_100_k_imp_0_e_imp_1/FI_run_Supersonic_M3.0R400_u_imp_100_k_imp_0_e_imp_1_state_iter_8000.dat
iter:   8100 (Jcost: 1.142763e-01) (lr = 1.790e-03) (elapsed time: 8370.850) (secs/iter:  1.072) (n_accepted: 78%) (u_error:  0.638827 %) (beta_change:  7.310094 %) (delta_change:  0.689887 %) (delta_peak/R:  7.032130 %)
iter:   8200 (Jcost: 1.142196e-01) (lr = 1.536e-03) (elapsed time: 8470.165) (secs/iter:  0.993) (n_accepted: 79%) (u_error:  0.638695 %) (beta_change:  7.112132 %) (delta_change:  0.694081 %) (delta_peak/R:  7.026886 %)
iter:   8300 (Jcost: 1.141824e-01) (lr = 1.823e-02) (elapsed time: 8570.155) (secs/iter:  1.000) (n_accepted: 82%) (u_error:  0.638762 %) (beta_change:  6.984816 %) (delta_change:  0.695683 %) (delta_peak/R:  7.024568 %)
iter:   8400 (Jcost: 1.141434e-01) (lr = 6.520e-03) (elapsed time: 8672.522) (secs/iter:  1.024) (n_accepted: 78%) (u_error:  0.638766 %) (beta_change:  6.847925 %) (delta_change:  0.697865 %) (delta_peak/R:  7.021649 %)
iter:   8500 (Jcost: 1.140874e-01) (lr = 9.717e-04) (elapsed time: 8775.206) (secs/iter:  1.027) (n_accepted: 77%) (u_error:  0.638785 %) (beta_change:  6.648717 %) (delta_change:  0.700897 %) (delta_peak/R:  7.017556 %)
-> Saved file: /media/rafael/DATA/Dropbox/20220924_FIML_solver/data/output/field_inversion/Beta_e/u_imp_100/FI_run_Supersonic_M3.0R400_u_imp_100_k_imp_0_e_imp_1/FI_run_Supersonic_M3.0R400_u_imp_100_k_imp_0_e_imp_1_state_iter_8500.dat
iter:   8600 (Jcost: 1.140387e-01) (lr = 8.341e-04) (elapsed time: 8854.337) (secs/iter:  0.791) (n_accepted: 79%) (u_error:  0.638608 %) (beta_change:  6.471612 %) (delta_change:  0.704911 %) (delta_peak/R:  7.012680 %)
iter:   8700 (Jcost: 1.139949e-01) (lr = 1.718e-03) (elapsed time: 8924.912) (secs/iter:  0.706) (n_accepted: 80%) (u_error:  0.638845 %) (beta_change:  6.310902 %) (delta_change:  0.705733 %) (delta_peak/R:  7.010955 %)
iter:   8800 (Jcost: 1.139587e-01) (lr = 2.039e-02) (elapsed time: 9015.660) (secs/iter:  0.907) (n_accepted: 82%) (u_error:  0.638661 %) (beta_change:  6.182933 %) (delta_change:  0.708970 %) (delta_peak/R:  7.007134 %)
iter:   8900 (Jcost: 1.139239e-01) (lr = 7.293e-03) (elapsed time: 9117.206) (secs/iter:  1.015) (n_accepted: 78%) (u_error:  0.638678 %) (beta_change:  6.054894 %) (delta_change:  0.710781 %) (delta_peak/R:  7.004679 %)
iter:   9000 (Jcost: 1.138833e-01) (lr = 1.087e-03) (elapsed time: 9223.672) (secs/iter:  1.065) (n_accepted: 77%) (u_error:  0.638690 %) (beta_change:  5.903661 %) (delta_change:  0.712955 %) (delta_peak/R:  7.001757 %)
-> Saved file: /media/rafael/DATA/Dropbox/20220924_FIML_solver/data/output/field_inversion/Beta_e/u_imp_100/FI_run_Supersonic_M3.0R400_u_imp_100_k_imp_0_e_imp_1/FI_run_Supersonic_M3.0R400_u_imp_100_k_imp_0_e_imp_1_state_iter_9000.dat
iter:   9100 (Jcost: 1.138390e-01) (lr = 3.887e-04) (elapsed time: 9330.424) (secs/iter:  1.068) (n_accepted: 78%) (u_error:  0.638640 %) (beta_change:  5.737744 %) (delta_change:  0.715749 %) (delta_peak/R:  6.998175 %)
iter:   9200 (Jcost: 1.138012e-01) (lr = 2.657e-02) (elapsed time: 9435.091) (secs/iter:  1.047) (n_accepted: 84%) (u_error:  0.638580 %) (beta_change:  5.594501 %) (delta_change:  0.718248 %) (delta_peak/R:  6.995012 %)
iter:   9300 (Jcost: 1.137683e-01) (lr = 1.650e-03) (elapsed time: 9540.683) (secs/iter:  1.056) (n_accepted: 76%) (u_error:  0.638572 %) (beta_change:  5.469009 %) (delta_change:  0.720112 %) (delta_peak/R:  6.992559 %)
iter:   9400 (Jcost: 1.137263e-01) (lr = 1.416e-03) (elapsed time: 9641.200) (secs/iter:  1.005) (n_accepted: 79%) (u_error:  0.638673 %) (beta_change:  5.306131 %) (delta_change:  0.721722 %) (delta_peak/R:  6.990158 %)
iter:   9500 (Jcost: 1.136890e-01) (lr = 4.033e-02) (elapsed time: 9738.185) (secs/iter:  0.970) (n_accepted: 83%) (u_error:  0.638644 %) (beta_change:  5.162160 %) (delta_change:  0.723952 %) (delta_peak/R:  6.987280 %)
-> Saved file: /media/rafael/DATA/Dropbox/20220924_FIML_solver/data/output/field_inversion/Beta_e/u_imp_100/FI_run_Supersonic_M3.0R400_u_imp_100_k_imp_0_e_imp_1/FI_run_Supersonic_M3.0R400_u_imp_100_k_imp_0_e_imp_1_state_iter_9500.dat
iter:   9600 (Jcost: 1.136599e-01) (lr = 1.443e-02) (elapsed time: 9841.841) (secs/iter:  1.037) (n_accepted: 78%) (u_error:  0.638572 %) (beta_change:  5.049509 %) (delta_change:  0.726015 %) (delta_peak/R:  6.984731 %)
iter:   9700 (Jcost: 1.136264e-01) (lr = 3.732e-04) (elapsed time: 9939.708) (secs/iter:  0.979) (n_accepted: 75%) (u_error:  0.638571 %) (beta_change:  4.917890 %) (delta_change:  0.728040 %) (delta_peak/R:  6.982320 %)
iter:   9800 (Jcost: 1.135913e-01) (lr = 2.551e-02) (elapsed time: 10031.892) (secs/iter:  0.922) (n_accepted: 84%) (u_error:  0.638533 %) (beta_change:  4.778960 %) (delta_change:  0.730505 %) (delta_peak/R:  6.979559 %)
iter:   9900 (Jcost: 1.135621e-01) (lr = 1.584e-03) (elapsed time: 10133.692) (secs/iter:  1.018) (n_accepted: 76%) (u_error:  0.638542 %) (beta_change:  4.662287 %) (delta_change:  0.732266 %) (delta_peak/R:  6.977542 %)
iter:  10000 (Jcost: 1.135197e-01) (lr = 5.666e-04) (elapsed time: 10231.775) (secs/iter:  0.981) (n_accepted: 78%) (u_error:  0.638500 %) (beta_change:  4.505891 %) (delta_change:  0.735195 %) (delta_peak/R:  6.974260 %)
-> Saved file: /media/rafael/DATA/Dropbox/20220924_FIML_solver/data/output/field_inversion/Beta_e/u_imp_100/FI_run_Supersonic_M3.0R400_u_imp_100_k_imp_0_e_imp_1/FI_run_Supersonic_M3.0R400_u_imp_100_k_imp_0_e_imp_1_state_iter_10000.dat
iter:  10100 (Jcost: 1.134812e-01) (lr = 6.723e-03) (elapsed time: 10324.290) (secs/iter:  0.925) (n_accepted: 82%) (u_error:  0.638295 %) (beta_change:  4.357020 %) (delta_change:  0.739149 %) (delta_peak/R:  6.970007 %)
iter:  10200 (Jcost: 1.134506e-01) (lr = 3.324e-02) (elapsed time: 10424.375) (secs/iter:  1.001) (n_accepted: 81%) (u_error:  0.638467 %) (beta_change:  4.253916 %) (delta_change:  0.739704 %) (delta_peak/R:  6.969170 %)
iter:  10300 (Jcost: 1.134154e-01) (lr = 4.954e-03) (elapsed time: 10523.901) (secs/iter:  0.995) (n_accepted: 77%) (u_error:  0.638464 %) (beta_change:  4.124422 %) (delta_change:  0.741893 %) (delta_peak/R:  6.966686 %)
iter:  10400 (Jcost: 1.133781e-01) (lr = 7.383e-04) (elapsed time: 10618.740) (secs/iter:  0.948) (n_accepted: 77%) (u_error:  0.638470 %) (beta_change:  3.985948 %) (delta_change:  0.744144 %) (delta_peak/R:  6.964121 %)
iter:  10500 (Jcost: 1.133467e-01) (lr = 6.337e-04) (elapsed time: 10721.179) (secs/iter:  1.024) (n_accepted: 79%) (u_error:  0.638446 %) (beta_change:  3.868988 %) (delta_change:  0.746233 %) (delta_peak/R:  6.961779 %)
-> Saved file: /media/rafael/DATA/Dropbox/20220924_FIML_solver/data/output/field_inversion/Beta_e/u_imp_100/FI_run_Supersonic_M3.0R400_u_imp_100_k_imp_0_e_imp_1/FI_run_Supersonic_M3.0R400_u_imp_100_k_imp_0_e_imp_1_state_iter_10500.dat
iter:  10600 (Jcost: 1.133174e-01) (lr = 1.306e-03) (elapsed time: 10826.196) (secs/iter:  1.050) (n_accepted: 80%) (u_error:  0.638306 %) (beta_change:  3.755145 %) (delta_change:  0.749041 %) (delta_peak/R:  6.958756 %)
iter:  10700 (Jcost: 1.132830e-01) (lr = 3.718e-02) (elapsed time: 10918.208) (secs/iter:  0.920) (n_accepted: 83%) (u_error:  0.638401 %) (beta_change:  3.629120 %) (delta_change:  0.750419 %) (delta_peak/R:  6.957081 %)
iter:  10800 (Jcost: 1.132527e-01) (lr = 3.192e-02) (elapsed time: 11017.476) (secs/iter:  0.993) (n_accepted: 79%) (u_error:  0.638413 %) (beta_change:  3.514303 %) (delta_change:  0.752166 %) (delta_peak/R:  6.955085 %)
iter:  10900 (Jcost: 1.132265e-01) (lr = 1.982e-03) (elapsed time: 11120.200) (secs/iter:  1.027) (n_accepted: 76%) (u_error:  0.638394 %) (beta_change:  3.414297 %) (delta_change:  0.753880 %) (delta_peak/R:  6.953165 %)
iter:  11000 (Jcost: 1.131980e-01) (lr = 7.089e-04) (elapsed time: 11224.669) (secs/iter:  1.045) (n_accepted: 78%) (u_error:  0.638385 %) (beta_change:  3.305241 %) (delta_change:  0.755657 %) (delta_peak/R:  6.951162 %)
-> Saved file: /media/rafael/DATA/Dropbox/20220924_FIML_solver/data/output/field_inversion/Beta_e/u_imp_100/FI_run_Supersonic_M3.0R400_u_imp_100_k_imp_0_e_imp_1/FI_run_Supersonic_M3.0R400_u_imp_100_k_imp_0_e_imp_1_state_iter_11000.dat
iter:  11100 (Jcost: 1.131743e-01) (lr = 2.019e-02) (elapsed time: 11326.940) (secs/iter:  1.023) (n_accepted: 83%) (u_error:  0.638369 %) (beta_change:  3.224453 %) (delta_change:  0.757194 %) (delta_peak/R:  6.949440 %)
iter:  11200 (Jcost: 1.131492e-01) (lr = 5.223e-04) (elapsed time: 11420.823) (secs/iter:  0.939) (n_accepted: 75%) (u_error:  0.638391 %) (beta_change:  3.152305 %) (delta_change:  0.758542 %) (delta_peak/R:  6.947889 %)
iter:  11300 (Jcost: 1.131182e-01) (lr = 1.076e-03) (elapsed time: 11516.775) (secs/iter:  0.960) (n_accepted: 80%) (u_error:  0.638466 %) (beta_change:  3.061141 %) (delta_change:  0.759910 %) (delta_peak/R:  6.946253 %)
iter:  11400 (Jcost: 1.130897e-01) (lr = 3.065e-02) (elapsed time: 11615.072) (secs/iter:  0.983) (n_accepted: 83%) (u_error:  0.638327 %) (beta_change:  2.979938 %) (delta_change:  0.762531 %) (delta_peak/R:  6.943448 %)
iter:  11500 (Jcost: 1.130622e-01) (lr = 4.567e-03) (elapsed time: 11708.552) (secs/iter:  0.935) (n_accepted: 77%) (u_error:  0.638363 %) (beta_change:  2.900069 %) (delta_change:  0.763923 %) (delta_peak/R:  6.941834 %)
-> Saved file: /media/rafael/DATA/Dropbox/20220924_FIML_solver/data/output/field_inversion/Beta_e/u_imp_100/FI_run_Supersonic_M3.0R400_u_imp_100_k_imp_0_e_imp_1/FI_run_Supersonic_M3.0R400_u_imp_100_k_imp_0_e_imp_1_state_iter_11500.dat
iter:  11600 (Jcost: 1.130369e-01) (lr = 1.634e-03) (elapsed time: 11812.502) (secs/iter:  1.040) (n_accepted: 78%) (u_error:  0.638335 %) (beta_change:  2.826597 %) (delta_change:  0.765608 %) (delta_peak/R:  6.939961 %)
iter:  11700 (Jcost: 1.130086e-01) (lr = 1.402e-03) (elapsed time: 11878.180) (secs/iter:  0.657) (n_accepted: 79%) (u_error:  0.638299 %) (beta_change:  2.779656 %) (delta_change:  0.767530 %) (delta_peak/R:  6.937830 %)
iter:  11800 (Jcost: 1.129783e-01) (lr = 5.015e-04) (elapsed time: 11953.741) (secs/iter:  0.756) (n_accepted: 78%) (u_error:  0.638314 %) (beta_change:  2.740906 %) (delta_change:  0.769205 %) (delta_peak/R:  6.935922 %)
iter:  11900 (Jcost: 1.129468e-01) (lr = 3.428e-02) (elapsed time: 12045.432) (secs/iter:  0.917) (n_accepted: 84%) (u_error:  0.638219 %) (beta_change:  2.699869 %) (delta_change:  0.771749 %) (delta_peak/R:  6.933159 %)
iter:  12000 (Jcost: 1.129241e-01) (lr = 1.226e-02) (elapsed time: 12151.113) (secs/iter:  1.057) (n_accepted: 78%) (u_error:  0.638326 %) (beta_change:  2.672156 %) (delta_change:  0.772308 %) (delta_peak/R:  6.932408 %)
-> Saved file: /media/rafael/DATA/Dropbox/20220924_FIML_solver/data/output/field_inversion/Beta_e/u_imp_100/FI_run_Supersonic_M3.0R400_u_imp_100_k_imp_0_e_imp_1/FI_run_Supersonic_M3.0R400_u_imp_100_k_imp_0_e_imp_1_state_iter_12000.dat
iter:  12100 (Jcost: 1.129008e-01) (lr = 4.385e-03) (elapsed time: 12263.704) (secs/iter:  1.126) (n_accepted: 78%) (u_error:  0.638335 %) (beta_change:  2.671690 %) (delta_change:  0.773611 %) (delta_peak/R:  6.930929 %)
iter:  12200 (Jcost: 1.128758e-01) (lr = 1.568e-03) (elapsed time: 12361.219) (secs/iter:  0.975) (n_accepted: 78%) (u_error:  0.638316 %) (beta_change:  2.694130 %) (delta_change:  0.775199 %) (delta_peak/R:  6.929160 %)
iter:  12300 (Jcost: 1.128481e-01) (lr = 5.610e-04) (elapsed time: 12454.115) (secs/iter:  0.929) (n_accepted: 78%) (u_error:  0.638288 %) (beta_change:  2.719807 %) (delta_change:  0.777000 %) (delta_peak/R:  6.927162 %)
iter:  12400 (Jcost: 1.128226e-01) (lr = 1.156e-03) (elapsed time: 12549.616) (secs/iter:  0.955) (n_accepted: 80%) (u_error:  0.638354 %) (beta_change:  2.744565 %) (delta_change:  0.778043 %) (delta_peak/R:  6.925915 %)
iter:  12500 (Jcost: 1.127956e-01) (lr = 3.291e-02) (elapsed time: 12640.176) (secs/iter:  0.906) (n_accepted: 83%) (u_error:  0.638266 %) (beta_change:  2.770808 %) (delta_change:  0.780196 %) (delta_peak/R:  6.923590 %)
-> Saved file: /media/rafael/DATA/Dropbox/20220924_FIML_solver/data/output/field_inversion/Beta_e/u_imp_100/FI_run_Supersonic_M3.0R400_u_imp_100_k_imp_0_e_imp_1/FI_run_Supersonic_M3.0R400_u_imp_100_k_imp_0_e_imp_1_state_iter_12500.dat
iter:  12600 (Jcost: 1.127750e-01) (lr = 4.905e-03) (elapsed time: 12714.370) (secs/iter:  0.742) (n_accepted: 77%) (u_error:  0.638265 %) (beta_change:  2.791768 %) (delta_change:  0.781393 %) (delta_peak/R:  6.922244 %)
iter:  12700 (Jcost: 1.127514e-01) (lr = 4.210e-03) (elapsed time: 12791.491) (secs/iter:  0.771) (n_accepted: 79%) (u_error:  0.638251 %) (beta_change:  2.835930 %) (delta_change:  0.782848 %) (delta_peak/R:  6.920623 %)
iter:  12800 (Jcost: 1.127299e-01) (lr = 1.506e-03) (elapsed time: 12888.623) (secs/iter:  0.971) (n_accepted: 78%) (u_error:  0.638258 %) (beta_change:  2.903664 %) (delta_change:  0.784043 %) (delta_peak/R:  6.919273 %)
iter:  12900 (Jcost: 1.127026e-01) (lr = 1.293e-03) (elapsed time: 12980.949) (secs/iter:  0.923) (n_accepted: 79%) (u_error:  0.638110 %) (beta_change:  2.993757 %) (delta_change:  0.786694 %) (delta_peak/R:  6.916457 %)
iter:  13000 (Jcost: 1.126769e-01) (lr = 3.682e-02) (elapsed time: 13073.580) (secs/iter:  0.926) (n_accepted: 83%) (u_error:  0.638214 %) (beta_change:  3.072885 %) (delta_change:  0.787386 %) (delta_peak/R:  6.915567 %)
-> Saved file: /media/rafael/DATA/Dropbox/20220924_FIML_solver/data/output/field_inversion/Beta_e/u_imp_100/FI_run_Supersonic_M3.0R400_u_imp_100_k_imp_0_e_imp_1/FI_run_Supersonic_M3.0R400_u_imp_100_k_imp_0_e_imp_1_state_iter_13000.dat
iter:  13100 (Jcost: 1.126574e-01) (lr = 5.487e-03) (elapsed time: 13162.267) (secs/iter:  0.887) (n_accepted: 77%) (u_error:  0.638247 %) (beta_change:  3.136043 %) (delta_change:  0.788273 %) (delta_peak/R:  6.914535 %)
iter:  13200 (Jcost: 1.126354e-01) (lr = 4.710e-03) (elapsed time: 13238.705) (secs/iter:  0.764) (n_accepted: 79%) (u_error:  0.638229 %) (beta_change:  3.208054 %) (delta_change:  0.789655 %) (delta_peak/R:  6.913004 %)
iter:  13300 (Jcost: 1.126144e-01) (lr = 1.684e-03) (elapsed time: 13301.255) (secs/iter:  0.626) (n_accepted: 78%) (u_error:  0.638253 %) (beta_change:  3.277673 %) (delta_change:  0.790688 %) (delta_peak/R:  6.911819 %)
iter:  13400 (Jcost: 1.125882e-01) (lr = 6.025e-04) (elapsed time: 13359.615) (secs/iter:  0.584) (n_accepted: 78%) (u_error:  0.638227 %) (beta_change:  3.365082 %) (delta_change:  0.792356 %) (delta_peak/R:  6.909978 %)
iter:  13500 (Jcost: 1.125649e-01) (lr = 1.716e-02) (elapsed time: 13422.357) (secs/iter:  0.627) (n_accepted: 83%) (u_error:  0.638123 %) (beta_change:  3.445528 %) (delta_change:  0.794427 %) (delta_peak/R:  6.907769 %)
-> Saved file: /media/rafael/DATA/Dropbox/20220924_FIML_solver/data/output/field_inversion/Beta_e/u_imp_100/FI_run_Supersonic_M3.0R400_u_imp_100_k_imp_0_e_imp_1/FI_run_Supersonic_M3.0R400_u_imp_100_k_imp_0_e_imp_1_state_iter_13500.dat
iter:  13600 (Jcost: 1.125457e-01) (lr = 1.473e-02) (elapsed time: 13504.761) (secs/iter:  0.824) (n_accepted: 79%) (u_error:  0.638229 %) (beta_change:  3.509269 %) (delta_change:  0.794762 %) (delta_peak/R:  6.907281 %)
iter:  13700 (Jcost: 1.125236e-01) (lr = 5.268e-03) (elapsed time: 13595.845) (secs/iter:  0.911) (n_accepted: 78%) (u_error:  0.638208 %) (beta_change:  3.585247 %) (delta_change:  0.796156 %) (delta_peak/R:  6.905743 %)
iter:  13800 (Jcost: 1.125045e-01) (lr = 7.851e-04) (elapsed time: 13695.918) (secs/iter:  1.001) (n_accepted: 77%) (u_error:  0.638084 %) (beta_change:  3.654310 %) (delta_change:  0.798139 %) (delta_peak/R:  6.903656 %)
iter:  13900 (Jcost: 1.124785e-01) (lr = 2.236e-02) (elapsed time: 13785.500) (secs/iter:  0.896) (n_accepted: 83%) (u_error:  0.638104 %) (beta_change:  3.744393 %) (delta_change:  0.799451 %) (delta_peak/R:  6.902167 %)
iter:  14000 (Jcost: 1.124629e-01) (lr = 1.919e-02) (elapsed time: 13878.001) (secs/iter:  0.925) (n_accepted: 79%) (u_error:  0.638192 %) (beta_change:  3.797873 %) (delta_change:  0.799697 %) (delta_peak/R:  6.901798 %)
-> Saved file: /media/rafael/DATA/Dropbox/20220924_FIML_solver/data/output/field_inversion/Beta_e/u_imp_100/FI_run_Supersonic_M3.0R400_u_imp_100_k_imp_0_e_imp_1/FI_run_Supersonic_M3.0R400_u_imp_100_k_imp_0_e_imp_1_state_iter_14000.dat
iter:  14100 (Jcost: 1.124378e-01) (lr = 2.860e-03) (elapsed time: 13978.977) (secs/iter:  1.010) (n_accepted: 77%) (u_error:  0.638194 %) (beta_change:  3.887500 %) (delta_change:  0.801101 %) (delta_peak/R:  6.900227 %)
iter:  14200 (Jcost: 1.124164e-01) (lr = 4.262e-04) (elapsed time: 14078.594) (secs/iter:  0.996) (n_accepted: 77%) (u_error:  0.638186 %) (beta_change:  3.964645 %) (delta_change:  0.802360 %) (delta_peak/R:  6.898828 %)
iter:  14300 (Jcost: 1.124020e-01) (lr = 1.214e-02) (elapsed time: 14173.926) (secs/iter:  0.953) (n_accepted: 83%) (u_error:  0.638158 %) (beta_change:  4.017031 %) (delta_change:  0.803363 %) (delta_peak/R:  6.897738 %)
iter:  14400 (Jcost: 1.123815e-01) (lr = 4.342e-03) (elapsed time: 14265.550) (secs/iter:  0.916) (n_accepted: 78%) (u_error:  0.638160 %) (beta_change:  4.091921 %) (delta_change:  0.804502 %) (delta_peak/R:  6.896464 %)
iter:  14500 (Jcost: 1.123619e-01) (lr = 1.553e-03) (elapsed time: 14359.601) (secs/iter:  0.941) (n_accepted: 78%) (u_error:  0.638191 %) (beta_change:  4.164613 %) (delta_change:  0.805389 %) (delta_peak/R:  6.895442 %)
-> Saved file: /media/rafael/DATA/Dropbox/20220924_FIML_solver/data/output/field_inversion/Beta_e/u_imp_100/FI_run_Supersonic_M3.0R400_u_imp_100_k_imp_0_e_imp_1/FI_run_Supersonic_M3.0R400_u_imp_100_k_imp_0_e_imp_1_state_iter_14500.dat
iter:  14600 (Jcost: 1.123437e-01) (lr = 5.554e-04) (elapsed time: 14464.842) (secs/iter:  1.052) (n_accepted: 78%) (u_error:  0.638162 %) (beta_change:  4.232230 %) (delta_change:  0.806606 %) (delta_peak/R:  6.894114 %)
iter:  14700 (Jcost: 1.123227e-01) (lr = 2.746e-03) (elapsed time: 14555.886) (secs/iter:  0.910) (n_accepted: 81%) (u_error:  0.638219 %) (beta_change:  4.311776 %) (delta_change:  0.807407 %) (delta_peak/R:  6.893163 %)
iter:  14800 (Jcost: 1.123053e-01) (lr = 3.259e-02) (elapsed time: 14653.124) (secs/iter:  0.972) (n_accepted: 82%) (u_error:  0.638144 %) (beta_change:  4.376840 %) (delta_change:  0.808883 %) (delta_peak/R:  6.891594 %)
iter:  14900 (Jcost: 1.122920e-01) (lr = 8.431e-04) (elapsed time: 14752.030) (secs/iter:  0.989) (n_accepted: 75%) (u_error:  0.638157 %) (beta_change:  4.427280 %) (delta_change:  0.809535 %) (delta_peak/R:  6.890855 %)
iter:  15000 (Jcost: 1.122714e-01) (lr = 7.238e-04) (elapsed time: 14847.787) (secs/iter:  0.958) (n_accepted: 79%) (u_error:  0.638025 %) (beta_change:  4.509745 %) (delta_change:  0.811644 %) (delta_peak/R:  6.888641 %)
-> Saved file: /media/rafael/DATA/Dropbox/20220924_FIML_solver/data/output/field_inversion/Beta_e/u_imp_100/FI_run_Supersonic_M3.0R400_u_imp_100_k_imp_0_e_imp_1/FI_run_Supersonic_M3.0R400_u_imp_100_k_imp_0_e_imp_1_state_iter_15000.dat
iter:  15000 (Jcost: 1.122705e-01) (lr = 8.685e-04) (elapsed time: 14853.963) (secs/iter:   None) (n_accepted: 0%) (u_error:  0.638154 %) (beta_change:  4.510080 %) (delta_change:  0.810761 %) (delta_peak/R:  6.889492 %)
