# ------------------------------------------------------------------------
#                  Input Arguments
# ------------------------------------------------------------------------
# Begin_Input_Arguments
{ 'all_b_mode': ['Beta_k'],
  'args_mk_solver': { 'torch': "<module 'torch' from "
                               "'/home/rafael/anaconda3/lib/python3.9/site-packages/torch/__init__.py'>",
                      'y_grid': [0.0, 0.000309700312, 0.000638645973, 0.00098802599, 0.00135910194, 0.00175321227, 0.00217177688, 0.00261630193, 0.00308838486, 0.00358971984, 0.00412210331, 0.00468744001, 0.00528774917, 0.00592517114, 0.00660197432, 0.0073205624, 0.00808348206, 0.00889343092, 0.00975326602, 0.0106660126, 0.0116348733, 0.0126632377, 0.0137546927, 0.0149130326, 0.0161422702, 0.0174466482, 0.0188306506, 0.0202990157, 0.0218567475, 0.02350913, 0.0252617393, 0.0271204584, 0.0290914903, 0.0311813732, 0.033396994, 0.0357456039, 0.0382348325, 0.0408727029, 0.0436676462, 0.0466285159, 0.0497646022, 0.0530856456, 0.0566018496, 0.0603238931, 0.0642629411, 0.068430655, 0.0728392004, 0.0775012535, 0.0824300053, 0.0876391634, 0.0931429507, 0.0989561006, 0.105093849, 0.111571922, 0.118406518, 0.125614286, 0.133212296, 0.141218006, 0.14964922, 0.158524039, 0.167860801, 0.177678022, 0.187994313, 0.1988283, 0.21019853, 0.222123362, 0.234620856, 0.247708641, 0.261403784, 0.275722637, 0.290680679, 0.306292354, 0.322570888, 0.339528108, 0.357174255, 0.375517785, 0.394565175, 0.414320726, 0.43478637, 0.45596148, 0.47784269, 0.500423731, 0.523695275, 0.547644806, 0.572256506, 0.597511177, 0.623386184, 0.649855436, 0.676889401, 0.704455158, 0.73251649, 0.761034018, 0.789965372, 0.819265404, 0.848886442, 0.878778572, 0.908889961, 0.939167201, 0.969555687, 1.0],
                      'Ret': 395,
                      'cp': 1.0,
                      'A_sca_rho': 1.0,
                      'A_sca_mu': 0.002531645569620253,
                      'A_sca_k': 0.0006329113924050633,
                      'b_exp_rho': 0,
                      'b_exp_mu': 0,
                      'b_exp_k': 0,
                      'tensor_device': 'cpu',
                      'as_tensor': '<function '
                                   'Build_arguments_fi_run._mk_args_MK_solver.<locals>.<lambda> '
                                   'at 0x7f26df15bca0>',
                      'ref_dns': { 'u_dns': [-9.526574105747637e-18, 0.12038649024958871, 0.24689575088318755, 0.38027690761403127, 0.521480839878463, 0.6717138625136883, 0.8325041832075781, 1.0053507107553097, 1.1900984302319433, 1.385665446036992, 1.5907379136224058, 1.8068735297540415, 2.0378174119242547, 2.2867469975400496, 2.549831687623964, 2.8197863725588572, 3.0976967502752015, 3.395765010783277, 3.7203889260112906, 4.0575506082109705, 4.396731478378956, 4.748700685983278, 5.1203225355431705, 5.502301083317172, 5.888808923754546, 6.280307555769733, 6.680559205476818, 7.088898861896688, 7.495650266698722, 7.897362424631678, 8.2969810682372, 8.696423943926225, 9.08581856581912, 9.462512839054547, 9.832539214430396, 10.190815494193028, 10.536821933971217, 10.869125796824333, 11.185190265757429, 11.492078899145831, 11.77994156231776, 12.060532327699734, 12.323060235381506, 12.578494361264458, 12.817076564101116, 13.048897378190878, 13.26677902507513, 13.477035699840137, 13.673864113035354, 13.863882973971421, 14.042319254532087, 14.213531828612032, 14.376961251750032, 14.533855222070228, 14.686037476574468, 14.833740416966469, 14.976321007542737, 15.117247947939068, 15.256087018498087, 15.395625529082425, 15.536485748473405, 15.67659496757863, 15.813027992569296, 15.94317086077088, 16.072690811089167, 16.202786522328694, 16.33558316088698, 16.468725762906143, 16.600183038353137, 16.732264522159163, 16.86521239373159, 17.001479172338815, 17.142345576774403, 17.293889577796907, 17.45603090916597, 17.624175378426933, 17.78961283115261, 17.946873715292146, 18.092907570080143, 18.226924038694822, 18.35437652679384, 18.480073574285026, 18.60600356423181, 18.73221156465441, 18.862238720336535, 18.998930494431207, 19.13961993197575, 19.274082395875503, 19.39609596740083, 19.50428863029533, 19.60605423483713, 19.70447825142063, 19.798156977138888, 19.879924572584724, 19.95092128945099, 20.015260626879225, 20.066744383803712, 20.10321466796754, 20.1222420418397, 20.126558754237927],
                                   'T_dns': [0.9999999999999998, 1.0105820477323388, 1.0217093654009475, 1.033445414618854, 1.045870140809361, 1.059084327378435, 1.0732149850884274, 1.0883843072311268, 1.1045677059694698, 1.1216563363320435, 1.1395149489019325, 1.1582384567264865, 1.1780926987636497, 1.1992816379158018, 1.2214054472707319, 1.243752912875036, 1.2662776811680079, 1.2898195696472408, 1.3147458460082666, 1.3398059143128305, 1.364004525965996, 1.3880019693140344, 1.4121848181934982, 1.435761811618881, 1.4582702173341997, 1.4797764673812845, 1.5005066213774068, 1.5204459983213654, 1.539108761489302, 1.5564331768413342, 1.5726907602155198, 1.5880578244324375, 1.6021457770106422, 1.615097540558066, 1.6271640474385969, 1.6383019877090268, 1.6485793574027672, 1.6580045123089286, 1.666717512410129, 1.6750093261150925, 1.6826544775959607, 1.6899265778411465, 1.6966912554262854, 1.7031926603615901, 1.7092342484924943, 1.7150614902385573, 1.7205684801977428, 1.7258017755086574, 1.7306222433716465, 1.7352013183072588, 1.739426758536641, 1.7435831313500956, 1.747642092999725, 1.7515606132643347, 1.7553609698172217, 1.7588011772042984, 1.7619401838417996, 1.7649786223779156, 1.767843373455479, 1.7707511274149128, 1.7736631377108751, 1.7766830932730482, 1.7796602474359835, 1.7825959283589874, 1.7852831975422667, 1.7876391746525346, 1.7899256439294267, 1.7924711055320341, 1.79517272137204, 1.7977147668334992, 1.8004617520113457, 1.8033045428206547, 1.8062267235197267, 1.8092804608531452, 1.8121562973041072, 1.8149153684377133, 1.8176875662593641, 1.8204888182144119, 1.8233981241417394, 1.8260683576518086, 1.8283286531297323, 1.830850876117076, 1.8334016313498602, 1.8360124545756265, 1.8385326268544222, 1.8405439547404887, 1.8427051780107555, 1.844849982161492, 1.8469488353992298, 1.8488149821359527, 1.8505961483523272, 1.8523654581824693, 1.8544421650618155, 1.8563426918469546, 1.8576362768321513, 1.8587190199447137, 1.859643478141278, 1.8600377902503726, 1.860099568421179, 1.860150766379606],
                                   'mu_dns': [0.002531645569620253, 0.002531645569620253, 0.002531645569620253, 0.002531645569620253, 0.002531645569620253, 0.002531645569620253, 0.002531645569620253, 0.002531645569620253, 0.002531645569620253, 0.002531645569620253, 0.002531645569620253, 0.002531645569620253, 0.002531645569620253, 0.002531645569620253, 0.002531645569620253, 0.002531645569620253, 0.002531645569620253, 0.002531645569620253, 0.002531645569620253, 0.002531645569620253, 0.002531645569620253, 0.002531645569620253, 0.002531645569620253, 0.002531645569620253, 0.002531645569620253, 0.002531645569620253, 0.002531645569620253, 0.002531645569620253, 0.002531645569620253, 0.002531645569620253, 0.002531645569620253, 0.002531645569620253, 0.002531645569620253, 0.002531645569620253, 0.002531645569620253, 0.002531645569620253, 0.002531645569620253, 0.002531645569620253, 0.002531645569620253, 0.002531645569620253, 0.002531645569620253, 0.002531645569620253, 0.002531645569620253, 0.002531645569620253, 0.002531645569620253, 0.002531645569620253, 0.002531645569620253, 0.002531645569620253, 0.002531645569620253, 0.002531645569620253, 0.002531645569620253, 0.002531645569620253, 0.002531645569620253, 0.002531645569620253, 0.002531645569620253, 0.002531645569620253, 0.002531645569620253, 0.002531645569620253, 0.002531645569620253, 0.002531645569620253, 0.002531645569620253, 0.002531645569620253, 0.002531645569620253, 0.002531645569620253, 0.002531645569620253, 0.002531645569620253, 0.002531645569620253, 0.002531645569620253, 0.002531645569620253, 0.002531645569620253, 0.002531645569620253, 0.002531645569620253, 0.002531645569620253, 0.002531645569620253, 0.002531645569620253, 0.002531645569620253, 0.002531645569620253, 0.002531645569620253, 0.002531645569620253, 0.002531645569620253, 0.002531645569620253, 0.002531645569620253, 0.002531645569620253, 0.002531645569620253, 0.002531645569620253, 0.002531645569620253, 0.002531645569620253, 0.002531645569620253, 0.002531645569620253, 0.002531645569620253, 0.002531645569620253, 0.002531645569620253, 0.002531645569620253, 0.002531645569620253, 0.002531645569620253, 0.002531645569620253, 0.002531645569620253, 0.002531645569620253, 0.002531645569620253, 0.002531645569620253],
                                   'rho_dns': [1.0, 1.0, 1.0, 1.0, 1.0, 1.0, 1.0, 1.0, 1.0, 1.0, 1.0, 1.0, 1.0, 1.0, 1.0, 1.0, 1.0, 1.0, 1.0, 1.0, 1.0, 1.0, 1.0, 1.0, 1.0, 1.0, 1.0, 1.0, 1.0, 1.0, 1.0, 1.0, 1.0, 1.0, 1.0, 1.0, 1.0, 1.0, 1.0, 1.0, 1.0, 1.0, 1.0, 1.0, 1.0, 1.0, 1.0, 1.0, 1.0, 1.0, 1.0, 1.0, 1.0, 1.0, 1.0, 1.0, 1.0, 1.0, 1.0, 1.0, 1.0, 1.0, 1.0, 1.0, 1.0, 1.0, 1.0, 1.0, 1.0, 1.0, 1.0, 1.0, 1.0, 1.0, 1.0, 1.0, 1.0, 1.0, 1.0, 1.0, 1.0, 1.0, 1.0, 1.0, 1.0, 1.0, 1.0, 1.0, 1.0, 1.0, 1.0, 1.0, 1.0, 1.0, 1.0, 1.0, 1.0, 1.0, 1.0, 1.0]},
                      'case': 'T61_CP395_Pr4',
                      'constant_Sq_heat': 0.021518987341772152,
                      'use_visc_heating': False,
                      'Pr_turb': 1.0,
                      'fprint': '<function '
                                'Build_arguments_fi_run._mk_args_MK_solver.<locals>.<lambda> '
                                'at 0x7f26df15bc10>',
                      'compressible_correction': False,
                      'bool_solve_energy': False,
                      'output_last': False},
  'u_imp': 100,
  'k_imp': 1,
  'e_imp': 0,
  'solve_sparse_adj': True,
  'all_ref_beta_distrib': {'K': [1.0, 1.00047833, 1.0008534, 1.00109171, 1.00116798, 1.00105338, 1.00071424, 1.00011258, 0.99920752, 0.99795766, 0.99632455, 0.9942773, 0.99179807, 0.98888827, 0.98557469, 0.9819144, 0.9779956, 0.97393308, 0.96986191, 0.96593591, 0.9623301, 0.95923904, 0.95687019, 0.95543658, 0.95514493, 0.9561773, 0.95867186, 0.96271101, 0.96832134, 0.97547466, 0.98408282, 0.99399656, 1.00501835, 1.01691412, 1.02941049, 1.04219742, 1.05493418, 1.06724069, 1.07867683, 1.08870768, 1.09668781, 1.10187262, 1.10347572, 1.10077382, 1.09322656, 1.08058802, 1.06297027, 1.04086035, 1.01507385, 0.98666905, 0.95683866, 0.92680725, 0.89773522, 0.87065505, 0.84642779, 0.82572618, 0.80903622, 0.79666243, 0.78874443, 0.78528336, 0.78617315, 0.79123942, 0.80026937, 0.81301609, 0.829176, 0.84837127, 0.87015378, 0.89401974, 0.91942036, 0.94575222, 0.97234539, 0.99846089, 1.0233019, 1.04604583, 1.06592241, 1.08233744, 1.09498599, 1.10389841, 1.10939935, 1.11200212, 1.1122633, 1.11065764, 1.1075217, 1.10305175, 1.09732806, 1.09037716, 1.08228957, 1.0733353, 1.06397139, 1.05472369, 1.04603352, 1.03818455, 1.03133358, 1.02556306, 1.02089014, 1.01726139, 1.01458991, 1.0127865, 1.01176315, 1.00572219], 'E': [1.0, 1.0, 1.0, 1.0, 1.0, 1.0, 1.0, 1.0, 1.0, 1.0, 1.0, 1.0, 1.0, 1.0, 1.0, 1.0, 1.0, 1.0, 1.0, 1.0, 1.0, 1.0, 1.0, 1.0, 1.0, 1.0, 1.0, 1.0, 1.0, 1.0, 1.0, 1.0, 1.0, 1.0, 1.0, 1.0, 1.0, 1.0, 1.0, 1.0, 1.0, 1.0, 1.0, 1.0, 1.0, 1.0, 1.0, 1.0, 1.0, 1.0, 1.0, 1.0, 1.0, 1.0, 1.0, 1.0, 1.0, 1.0, 1.0, 1.0, 1.0, 1.0, 1.0, 1.0, 1.0, 1.0, 1.0, 1.0, 1.0, 1.0, 1.0, 1.0, 1.0, 1.0, 1.0, 1.0, 1.0, 1.0, 1.0, 1.0, 1.0, 1.0, 1.0, 1.0, 1.0, 1.0, 1.0, 1.0, 1.0, 1.0, 1.0, 1.0, 1.0, 1.0, 1.0, 1.0, 1.0, 1.0, 1.0, 1.0]},
  'all_ref_delta_distrib': {'K': [-0.0, -0.014946844824059202, -0.02694616377365813, -0.034892964658021025, -0.03786658578141422, -0.03472315652874522, -0.02400053633878963, -0.003867263943402374, 0.027912580614858646, 0.07399042734683034, 0.13740512784047942, 0.2214949568007748, 0.3297307682239162, 0.4654384410327828, 0.6313953319900416, 0.8293057169329937, 1.0592628469873577, 1.319309771769123, 1.6050346593062876, 1.9089641483824238, 2.219815176500717, 2.522020879342762, 2.795512215312966, 3.015630552598223, 3.154276485904963, 3.1832788670184184, 3.079063568826887, 2.826862704457178, 2.4232062452908, 1.8768443943559106, 1.208457743800387, 0.44859541182897783, -0.36634266564260193, -1.1981636097827542, -2.009453751499782, -2.7658987427884933, -3.438062262783174, -4.001544307964964, -4.436113414208224, -4.724120242111773, -4.850256233826762, -4.802642297819918, -4.575516863902691, -4.172713571788276, -3.609955027293013, -2.9152108641623204, -2.1263490966168663, -1.2872718715212301, -0.44292368733174264, 0.3653054897028797, 1.103083935249079, 1.744977564138651, 2.2750665866022683, 2.686196749481893, 2.9786513664450807, 3.1584209533743497, 3.2354616397476557, 3.2222800141387746, 3.1326860298158836, 2.9807399538975905, 2.779944896150184, 2.5426064880274586, 2.2795287700228464, 2.0001215136242387, 1.7127778729386396, 1.4251013480857293, 1.1438765095496202, 0.8749693437459654, 0.6233042267848689, 0.39301233866994095, 0.18755756083459907, 0.009766084808874613, -0.13823281581374758, -0.25515546838158426, -0.34088256513935167, -0.39684496990478607, -0.42614455852258215, -0.43323550586028786, -0.4232596437162716, -0.40129393913721395, -0.37169399244970786, -0.33775272124474287, -0.3017338264880939, -0.26509919754722777, -0.22876948045008305, -0.19340618157376455, -0.15970417503278356, -0.12853609741198818, -0.10081267023090562, -0.07718668778278094, -0.05785363347341753, -0.04258607353236248, -0.03091547849525528, -0.02228612366968207, -0.016122654292915716, -0.011871486277106129, -0.00905879399910039, -0.007317709858320019, -0.006385070286293971, -0.0030494622848405784], 'E': [-0.0, -0.0, -0.0, -0.0, -0.0, -0.0, -0.0, -0.0, -0.0, -0.0, -0.0, -0.0, -0.0, -0.0, -0.0, -0.0, -0.0, -0.0, -0.0, -0.0, -0.0, -0.0, -0.0, -0.0, -0.0, -0.0, -0.0, -0.0, -0.0, -0.0, -0.0, -0.0, -0.0, -0.0, -0.0, -0.0, -0.0, -0.0, -0.0, -0.0, -0.0, -0.0, -0.0, -0.0, -0.0, -0.0, -0.0, -0.0, -0.0, -0.0, -0.0, -0.0, -0.0, -0.0, -0.0, -0.0, -0.0, -0.0, -0.0, -0.0, -0.0, -0.0, -0.0, -0.0, -0.0, -0.0, -0.0, -0.0, -0.0, -0.0, -0.0, -0.0, -0.0, -0.0, -0.0, -0.0, -0.0, -0.0, -0.0, -0.0, -0.0, -0.0, -0.0, -0.0, -0.0, -0.0, -0.0, -0.0, -0.0, -0.0, -0.0, -0.0, -0.0, -0.0, -0.0, -0.0, -0.0, -0.0, -0.0, -0.0]},
  'fname_print': '/media/rafael/DATA/Dropbox/20220924_FIML_solver/data/output/field_inversion/Beta_k/u_imp_100/FI_run_T61_CP395_Pr4_u_imp_100_k_imp_1_e_imp_0/FI_run_T61_CP395_Pr4_u_imp_100_k_imp_1_e_imp_0.log',
  'folder': '/media/rafael/DATA/Dropbox/20220924_FIML_solver/data/output/field_inversion/Beta_k/u_imp_100/FI_run_T61_CP395_Pr4_u_imp_100_k_imp_1_e_imp_0',
  'iters_limit': 15000}
# End_Input_Arguments

# ------------------------------------------------------------------------
#                  Iterations
# ------------------------------------------------------------------------

iter:      0 (Jcost: 6.670407e-01) (lr = 1.000e-03) (elapsed time:  0.000) (secs/iter:   None) (n_accepted: 0%) (u_error:  1.762993 %) (beta_change: 21.471664 %) (delta_change:  5.121048 %) (delta_peak/R:  0.000000 %)
-> Saved file: /media/rafael/DATA/Dropbox/20220924_FIML_solver/data/output/field_inversion/Beta_k/u_imp_100/FI_run_T61_CP395_Pr4_u_imp_100_k_imp_1_e_imp_0/FI_run_T61_CP395_Pr4_u_imp_100_k_imp_1_e_imp_0_state_iter_0.dat
iter:    100 (Jcost: 1.900667e-01) (lr = 1.717e-03) (elapsed time: 68.132) (secs/iter:  0.681) (n_accepted: 80%) (u_error:  0.967990 %) (beta_change:  7.168563 %) (delta_change:  2.266069 %) (delta_peak/R:  5.037418 %)
iter:    200 (Jcost: 1.744579e-01) (lr = 4.889e-02) (elapsed time: 128.674) (secs/iter:  0.605) (n_accepted: 83%) (u_error:  0.941040 %) (beta_change:  2.860788 %) (delta_change:  0.824134 %) (delta_peak/R:  5.009504 %)
iter:    300 (Jcost: 1.710291e-01) (lr = 4.197e-02) (elapsed time: 205.992) (secs/iter:  0.773) (n_accepted: 79%) (u_error:  0.935348 %) (beta_change:  1.361429 %) (delta_change:  0.829149 %) (delta_peak/R:  4.841543 %)
iter:    400 (Jcost: 1.688135e-01) (lr = 1.501e-02) (elapsed time: 294.604) (secs/iter:  0.886) (n_accepted: 78%) (u_error:  0.933814 %) (beta_change:  1.590532 %) (delta_change:  0.836053 %) (delta_peak/R:  4.694818 %)
iter:    500 (Jcost: 1.671176e-01) (lr = 2.237e-03) (elapsed time: 382.857) (secs/iter:  0.883) (n_accepted: 77%) (u_error:  0.932531 %) (beta_change:  2.007669 %) (delta_change:  0.838708 %) (delta_peak/R:  4.596254 %)
-> Saved file: /media/rafael/DATA/Dropbox/20220924_FIML_solver/data/output/field_inversion/Beta_k/u_imp_100/FI_run_T61_CP395_Pr4_u_imp_100_k_imp_1_e_imp_0/FI_run_T61_CP395_Pr4_u_imp_100_k_imp_1_e_imp_0_state_iter_500.dat
iter:    600 (Jcost: 1.661163e-01) (lr = 4.609e-03) (elapsed time: 474.627) (secs/iter:  0.918) (n_accepted: 80%) (u_error:  0.932257 %) (beta_change:  3.120958 %) (delta_change:  0.840045 %) (delta_peak/R:  4.552796 %)
iter:    700 (Jcost: 1.654794e-01) (lr = 5.469e-02) (elapsed time: 556.818) (secs/iter:  0.822) (n_accepted: 82%) (u_error:  0.931460 %) (beta_change:  3.961237 %) (delta_change:  0.839168 %) (delta_peak/R:  4.524998 %)
iter:    800 (Jcost: 1.648468e-01) (lr = 8.150e-03) (elapsed time: 640.881) (secs/iter:  0.841) (n_accepted: 77%) (u_error:  0.931002 %) (beta_change:  4.973101 %) (delta_change:  0.847795 %) (delta_peak/R:  4.500257 %)
iter:    900 (Jcost: 1.644277e-01) (lr = 6.996e-03) (elapsed time: 723.960) (secs/iter:  0.831) (n_accepted: 79%) (u_error:  0.930667 %) (beta_change:  5.786472 %) (delta_change:  0.930079 %) (delta_peak/R:  4.483489 %)
iter:   1000 (Jcost: 1.641352e-01) (lr = 2.502e-03) (elapsed time: 811.038) (secs/iter:  0.871) (n_accepted: 78%) (u_error:  0.930481 %) (beta_change:  6.455914 %) (delta_change:  0.988655 %) (delta_peak/R:  4.471496 %)
-> Saved file: /media/rafael/DATA/Dropbox/20220924_FIML_solver/data/output/field_inversion/Beta_k/u_imp_100/FI_run_T61_CP395_Pr4_u_imp_100_k_imp_1_e_imp_0/FI_run_T61_CP395_Pr4_u_imp_100_k_imp_1_e_imp_0_state_iter_1000.dat
iter:   1100 (Jcost: 1.638868e-01) (lr = 7.126e-02) (elapsed time: 894.999) (secs/iter:  0.840) (n_accepted: 83%) (u_error:  0.930323 %) (beta_change:  7.118663 %) (delta_change:  1.038634 %) (delta_peak/R:  4.460651 %)
iter:   1200 (Jcost: 1.637032e-01) (lr = 2.549e-02) (elapsed time: 973.093) (secs/iter:  0.781) (n_accepted: 78%) (u_error:  0.930063 %) (beta_change:  7.686885 %) (delta_change:  1.074650 %) (delta_peak/R:  4.451215 %)
iter:   1300 (Jcost: 1.635532e-01) (lr = 1.583e-03) (elapsed time: 1055.263) (secs/iter:  0.822) (n_accepted: 76%) (u_error:  0.930031 %) (beta_change:  8.217406 %) (delta_change:  1.103236 %) (delta_peak/R:  4.444238 %)
iter:   1400 (Jcost: 1.634597e-01) (lr = 4.508e-02) (elapsed time: 1135.226) (secs/iter:  0.800) (n_accepted: 83%) (u_error:  0.929857 %) (beta_change:  8.588671 %) (delta_change:  1.119983 %) (delta_peak/R:  4.438712 %)
iter:   1500 (Jcost: 1.633580e-01) (lr = 1.612e-02) (elapsed time: 1190.640) (secs/iter:  0.554) (n_accepted: 78%) (u_error:  0.929850 %) (beta_change:  9.034528 %) (delta_change:  1.137471 %) (delta_peak/R:  4.433649 %)
-> Saved file: /media/rafael/DATA/Dropbox/20220924_FIML_solver/data/output/field_inversion/Beta_k/u_imp_100/FI_run_T61_CP395_Pr4_u_imp_100_k_imp_1_e_imp_0/FI_run_T61_CP395_Pr4_u_imp_100_k_imp_1_e_imp_0_state_iter_1500.dat
iter:   1600 (Jcost: 1.632733e-01) (lr = 5.766e-03) (elapsed time: 1278.224) (secs/iter:  0.876) (n_accepted: 78%) (u_error:  0.929711 %) (beta_change:  9.449056 %) (delta_change:  1.150728 %) (delta_peak/R:  4.428439 %)
iter:   1700 (Jcost: 1.631886e-01) (lr = 2.062e-03) (elapsed time: 1357.309) (secs/iter:  0.791) (n_accepted: 78%) (u_error:  0.929682 %) (beta_change:  9.909462 %) (delta_change:  1.163351 %) (delta_peak/R:  4.423795 %)
iter:   1800 (Jcost: 1.631252e-01) (lr = 1.410e-01) (elapsed time: 1439.312) (secs/iter:  0.820) (n_accepted: 84%) (u_error:  0.929748 %) (beta_change: 10.296011 %) (delta_change:  1.176911 %) (delta_peak/R:  4.420760 %)
iter:   1900 (Jcost: 1.630728e-01) (lr = 1.210e-01) (elapsed time: 1520.156) (secs/iter:  0.808) (n_accepted: 79%) (u_error:  0.929556 %) (beta_change: 10.636593 %) (delta_change:  1.186706 %) (delta_peak/R:  4.416763 %)
iter:   2000 (Jcost: 1.630250e-01) (lr = 1.803e-02) (elapsed time: 1601.455) (secs/iter:  0.813) (n_accepted: 77%) (u_error:  0.929550 %) (beta_change: 10.975132 %) (delta_change:  1.195207 %) (delta_peak/R:  4.414128 %)
-> Saved file: /media/rafael/DATA/Dropbox/20220924_FIML_solver/data/output/field_inversion/Beta_k/u_imp_100/FI_run_T61_CP395_Pr4_u_imp_100_k_imp_1_e_imp_0/FI_run_T61_CP395_Pr4_u_imp_100_k_imp_1_e_imp_0_state_iter_2000.dat
iter:   2100 (Jcost: 1.629826e-01) (lr = 1.548e-02) (elapsed time: 1682.270) (secs/iter:  0.808) (n_accepted: 79%) (u_error:  0.929523 %) (beta_change: 11.298205 %) (delta_change:  1.201937 %) (delta_peak/R:  4.411680 %)
iter:   2200 (Jcost: 1.629356e-01) (lr = 2.307e-03) (elapsed time: 1760.530) (secs/iter:  0.783) (n_accepted: 77%) (u_error:  0.929514 %) (beta_change: 11.684112 %) (delta_change:  1.208569 %) (delta_peak/R:  4.409128 %)
iter:   2300 (Jcost: 1.629118e-01) (lr = 2.737e-02) (elapsed time: 1837.612) (secs/iter:  0.771) (n_accepted: 82%) (u_error:  0.929499 %) (beta_change: 11.890513 %) (delta_change:  1.211483 %) (delta_peak/R:  4.407802 %)
iter:   2400 (Jcost: 1.628835e-01) (lr = 9.791e-03) (elapsed time: 1915.146) (secs/iter:  0.775) (n_accepted: 78%) (u_error:  0.929453 %) (beta_change: 12.146983 %) (delta_change:  1.214575 %) (delta_peak/R:  4.406084 %)
iter:   2500 (Jcost: 1.628536e-01) (lr = 8.404e-03) (elapsed time: 1991.643) (secs/iter:  0.765) (n_accepted: 79%) (u_error:  0.929442 %) (beta_change: 12.432532 %) (delta_change:  1.217500 %) (delta_peak/R:  4.404531 %)
-> Saved file: /media/rafael/DATA/Dropbox/20220924_FIML_solver/data/output/field_inversion/Beta_k/u_imp_100/FI_run_T61_CP395_Pr4_u_imp_100_k_imp_1_e_imp_0/FI_run_T61_CP395_Pr4_u_imp_100_k_imp_1_e_imp_0_state_iter_2500.dat
iter:   2600 (Jcost: 1.628242e-01) (lr = 3.006e-03) (elapsed time: 2068.759) (secs/iter:  0.771) (n_accepted: 78%) (u_error:  0.929411 %) (beta_change: 12.726299 %) (delta_change:  1.219944 %) (delta_peak/R:  4.402936 %)
iter:   2700 (Jcost: 1.627960e-01) (lr = 1.486e-02) (elapsed time: 2143.147) (secs/iter:  0.744) (n_accepted: 81%) (u_error:  0.929547 %) (beta_change: 13.031501 %) (delta_change:  1.222220 %) (delta_peak/R:  4.402442 %)
iter:   2800 (Jcost: 1.627746e-01) (lr = 3.062e-02) (elapsed time: 2219.853) (secs/iter:  0.767) (n_accepted: 80%) (u_error:  0.929321 %) (beta_change: 13.260183 %) (delta_change:  1.223184 %) (delta_peak/R:  4.400121 %)
iter:   2900 (Jcost: 1.627574e-01) (lr = 6.308e-02) (elapsed time: 2292.289) (secs/iter:  0.724) (n_accepted: 80%) (u_error:  0.929408 %) (beta_change: 13.449578 %) (delta_change:  1.224214 %) (delta_peak/R:  4.399947 %)
iter:   3000 (Jcost: 1.627393e-01) (lr = 2.256e-02) (elapsed time: 2350.663) (secs/iter:  0.584) (n_accepted: 78%) (u_error:  0.929416 %) (beta_change: 13.658792 %) (delta_change:  1.225096 %) (delta_peak/R:  4.399256 %)
-> Saved file: /media/rafael/DATA/Dropbox/20220924_FIML_solver/data/output/field_inversion/Beta_k/u_imp_100/FI_run_T61_CP395_Pr4_u_imp_100_k_imp_1_e_imp_0/FI_run_T61_CP395_Pr4_u_imp_100_k_imp_1_e_imp_0_state_iter_3000.dat
iter:   3100 (Jcost: 1.627204e-01) (lr = 1.937e-02) (elapsed time: 2410.860) (secs/iter:  0.602) (n_accepted: 79%) (u_error:  0.929396 %) (beta_change: 13.884543 %) (delta_change:  1.225873 %) (delta_peak/R:  4.398386 %)
iter:   3200 (Jcost: 1.627036e-01) (lr = 2.886e-03) (elapsed time: 2486.246) (secs/iter:  0.754) (n_accepted: 77%) (u_error:  0.929381 %) (beta_change: 14.090275 %) (delta_change:  1.226484 %) (delta_peak/R:  4.397660 %)
iter:   3300 (Jcost: 1.626864e-01) (lr = 2.478e-03) (elapsed time: 2559.239) (secs/iter:  0.730) (n_accepted: 79%) (u_error:  0.929380 %) (beta_change: 14.306554 %) (delta_change:  1.227060 %) (delta_peak/R:  4.397025 %)
iter:   3400 (Jcost: 1.626737e-01) (lr = 7.056e-02) (elapsed time: 2633.170) (secs/iter:  0.739) (n_accepted: 83%) (u_error:  0.929365 %) (beta_change: 14.471468 %) (delta_change:  1.227431 %) (delta_peak/R:  4.396486 %)
iter:   3500 (Jcost: 1.626614e-01) (lr = 1.052e-02) (elapsed time: 2706.000) (secs/iter:  0.728) (n_accepted: 77%) (u_error:  0.929386 %) (beta_change: 14.633181 %) (delta_change:  1.227813 %) (delta_peak/R:  4.396200 %)
-> Saved file: /media/rafael/DATA/Dropbox/20220924_FIML_solver/data/output/field_inversion/Beta_k/u_imp_100/FI_run_T61_CP395_Pr4_u_imp_100_k_imp_1_e_imp_0/FI_run_T61_CP395_Pr4_u_imp_100_k_imp_1_e_imp_0_state_iter_3500.dat
iter:   3600 (Jcost: 1.626447e-01) (lr = 3.761e-03) (elapsed time: 2784.291) (secs/iter:  0.783) (n_accepted: 78%) (u_error:  0.929390 %) (beta_change: 14.857523 %) (delta_change:  1.228261 %) (delta_peak/R:  4.395679 %)
iter:   3700 (Jcost: 1.626290e-01) (lr = 1.345e-03) (elapsed time: 2856.439) (secs/iter:  0.721) (n_accepted: 78%) (u_error:  0.929387 %) (beta_change: 15.075549 %) (delta_change:  1.231336 %) (delta_peak/R:  4.395168 %)
iter:   3800 (Jcost: 1.626179e-01) (lr = 9.194e-02) (elapsed time: 2927.897) (secs/iter:  0.715) (n_accepted: 84%) (u_error:  0.929375 %) (beta_change: 15.231626 %) (delta_change:  1.234663 %) (delta_peak/R:  4.394762 %)
iter:   3900 (Jcost: 1.626071e-01) (lr = 1.370e-02) (elapsed time: 3000.162) (secs/iter:  0.723) (n_accepted: 77%) (u_error:  0.929390 %) (beta_change: 15.388140 %) (delta_change:  1.237780 %) (delta_peak/R:  4.394537 %)
iter:   4000 (Jcost: 1.625963e-01) (lr = 4.901e-03) (elapsed time: 3075.382) (secs/iter:  0.752) (n_accepted: 78%) (u_error:  0.929377 %) (beta_change: 15.546409 %) (delta_change:  1.240717 %) (delta_peak/R:  4.394150 %)
-> Saved file: /media/rafael/DATA/Dropbox/20220924_FIML_solver/data/output/field_inversion/Beta_k/u_imp_100/FI_run_T61_CP395_Pr4_u_imp_100_k_imp_1_e_imp_0/FI_run_T61_CP395_Pr4_u_imp_100_k_imp_1_e_imp_0_state_iter_4000.dat
iter:   4100 (Jcost: 1.625846e-01) (lr = 1.753e-03) (elapsed time: 3123.293) (secs/iter:  0.479) (n_accepted: 78%) (u_error:  0.929389 %) (beta_change: 15.721410 %) (delta_change:  1.243718 %) (delta_peak/R:  4.393905 %)
iter:   4200 (Jcost: 1.625742e-01) (lr = 1.198e-01) (elapsed time: 3172.533) (secs/iter:  0.492) (n_accepted: 84%) (u_error:  0.929420 %) (beta_change: 15.879881 %) (delta_change:  1.246218 %) (delta_peak/R:  4.393820 %)
iter:   4300 (Jcost: 1.625658e-01) (lr = 4.285e-02) (elapsed time: 3223.447) (secs/iter:  0.509) (n_accepted: 78%) (u_error:  0.929403 %) (beta_change: 16.009643 %) (delta_change:  1.248129 %) (delta_peak/R:  4.393500 %)
iter:   4400 (Jcost: 1.625549e-01) (lr = 1.533e-02) (elapsed time: 3271.462) (secs/iter:  0.480) (n_accepted: 78%) (u_error:  0.929369 %) (beta_change: 16.180526 %) (delta_change:  1.250465 %) (delta_peak/R:  4.393016 %)
iter:   4500 (Jcost: 1.625451e-01) (lr = 5.482e-03) (elapsed time: 3343.847) (secs/iter:  0.724) (n_accepted: 78%) (u_error:  0.929405 %) (beta_change: 16.339161 %) (delta_change:  1.252430 %) (delta_peak/R:  4.393002 %)
-> Saved file: /media/rafael/DATA/Dropbox/20220924_FIML_solver/data/output/field_inversion/Beta_k/u_imp_100/FI_run_T61_CP395_Pr4_u_imp_100_k_imp_1_e_imp_0/FI_run_T61_CP395_Pr4_u_imp_100_k_imp_1_e_imp_0_state_iter_4500.dat
iter:   4600 (Jcost: 1.625356e-01) (lr = 1.561e-01) (elapsed time: 3415.896) (secs/iter:  0.720) (n_accepted: 83%) (u_error:  0.929373 %) (beta_change: 16.493491 %) (delta_change:  1.254193 %) (delta_peak/R:  4.392581 %)
iter:   4700 (Jcost: 1.625284e-01) (lr = 2.327e-02) (elapsed time: 3487.925) (secs/iter:  0.720) (n_accepted: 77%) (u_error:  0.929381 %) (beta_change: 16.613413 %) (delta_change:  1.255469 %) (delta_peak/R:  4.392464 %)
iter:   4800 (Jcost: 1.625202e-01) (lr = 1.445e-03) (elapsed time: 3561.847) (secs/iter:  0.739) (n_accepted: 76%) (u_error:  0.929390 %) (beta_change: 16.750356 %) (delta_change:  1.258584 %) (delta_peak/R:  4.392332 %)
iter:   4900 (Jcost: 1.625097e-01) (lr = 9.874e-02) (elapsed time: 3628.617) (secs/iter:  0.668) (n_accepted: 84%) (u_error:  0.929474 %) (beta_change: 16.935536 %) (delta_change:  1.262565 %) (delta_peak/R:  4.392614 %)
iter:   5000 (Jcost: 1.625041e-01) (lr = 1.472e-02) (elapsed time: 3700.385) (secs/iter:  0.718) (n_accepted: 77%) (u_error:  0.929394 %) (beta_change: 17.027242 %) (delta_change:  1.264465 %) (delta_peak/R:  4.392009 %)
-> Saved file: /media/rafael/DATA/Dropbox/20220924_FIML_solver/data/output/field_inversion/Beta_k/u_imp_100/FI_run_T61_CP395_Pr4_u_imp_100_k_imp_1_e_imp_0/FI_run_T61_CP395_Pr4_u_imp_100_k_imp_1_e_imp_0_state_iter_5000.dat
iter:   5100 (Jcost: 1.624965e-01) (lr = 7.276e-02) (elapsed time: 3776.456) (secs/iter:  0.761) (n_accepted: 81%) (u_error:  0.929297 %) (beta_change: 17.169739 %) (delta_change:  1.267298 %) (delta_peak/R:  4.391237 %)
iter:   5200 (Jcost: 1.624905e-01) (lr = 4.518e-03) (elapsed time: 3846.348) (secs/iter:  0.699) (n_accepted: 76%) (u_error:  0.929407 %) (beta_change: 17.267642 %) (delta_change:  1.269128 %) (delta_peak/R:  4.391803 %)
iter:   5300 (Jcost: 1.624834e-01) (lr = 1.616e-03) (elapsed time: 3920.038) (secs/iter:  0.737) (n_accepted: 78%) (u_error:  0.929388 %) (beta_change: 17.397186 %) (delta_change:  1.271483 %) (delta_peak/R:  4.391538 %)
iter:   5400 (Jcost: 1.624753e-01) (lr = 1.918e-02) (elapsed time: 3972.756) (secs/iter:  0.527) (n_accepted: 82%) (u_error:  0.929443 %) (beta_change: 17.546714 %) (delta_change:  1.274053 %) (delta_peak/R:  4.391724 %)
iter:   5500 (Jcost: 1.624699e-01) (lr = 6.858e-03) (elapsed time: 4046.291) (secs/iter:  0.735) (n_accepted: 78%) (u_error:  0.929390 %) (beta_change: 17.645553 %) (delta_change:  1.275692 %) (delta_peak/R:  4.391291 %)
-> Saved file: /media/rafael/DATA/Dropbox/20220924_FIML_solver/data/output/field_inversion/Beta_k/u_imp_100/FI_run_T61_CP395_Pr4_u_imp_100_k_imp_1_e_imp_0/FI_run_T61_CP395_Pr4_u_imp_100_k_imp_1_e_imp_0_state_iter_5500.dat
iter:   5600 (Jcost: 1.624634e-01) (lr = 2.453e-03) (elapsed time: 4125.140) (secs/iter:  0.788) (n_accepted: 78%) (u_error:  0.929393 %) (beta_change: 17.768412 %) (delta_change:  1.277629 %) (delta_peak/R:  4.391184 %)
iter:   5700 (Jcost: 1.624580e-01) (lr = 6.986e-02) (elapsed time: 4195.219) (secs/iter:  0.701) (n_accepted: 83%) (u_error:  0.929390 %) (beta_change: 17.870513 %) (delta_change:  1.279172 %) (delta_peak/R:  4.391062 %)
iter:   5800 (Jcost: 1.624515e-01) (lr = 2.499e-02) (elapsed time: 4263.044) (secs/iter:  0.678) (n_accepted: 78%) (u_error:  0.929395 %) (beta_change: 17.997063 %) (delta_change:  1.281001 %) (delta_peak/R:  4.390973 %)
iter:   5900 (Jcost: 1.624448e-01) (lr = 3.724e-03) (elapsed time: 4335.879) (secs/iter:  0.728) (n_accepted: 77%) (u_error:  0.929387 %) (beta_change: 18.127474 %) (delta_change:  1.282792 %) (delta_peak/R:  4.390804 %)
iter:   6000 (Jcost: 1.624391e-01) (lr = 3.196e-03) (elapsed time: 4408.494) (secs/iter:  0.726) (n_accepted: 79%) (u_error:  0.929405 %) (beta_change: 18.240814 %) (delta_change:  1.284266 %) (delta_peak/R:  4.390815 %)
-> Saved file: /media/rafael/DATA/Dropbox/20220924_FIML_solver/data/output/field_inversion/Beta_k/u_imp_100/FI_run_T61_CP395_Pr4_u_imp_100_k_imp_1_e_imp_0/FI_run_T61_CP395_Pr4_u_imp_100_k_imp_1_e_imp_0_state_iter_6000.dat
iter:   6100 (Jcost: 1.624336e-01) (lr = 3.793e-02) (elapsed time: 4484.029) (secs/iter:  0.755) (n_accepted: 82%) (u_error:  0.929457 %) (beta_change: 18.354370 %) (delta_change:  1.285669 %) (delta_peak/R:  4.391039 %)
iter:   6200 (Jcost: 1.624295e-01) (lr = 1.357e-02) (elapsed time: 4554.232) (secs/iter:  0.702) (n_accepted: 78%) (u_error:  0.929389 %) (beta_change: 18.434466 %) (delta_change:  1.286637 %) (delta_peak/R:  4.390546 %)
iter:   6300 (Jcost: 1.624244e-01) (lr = 1.610e-01) (elapsed time: 4623.241) (secs/iter:  0.690) (n_accepted: 82%) (u_error:  0.929409 %) (beta_change: 18.539090 %) (delta_change:  1.287833 %) (delta_peak/R:  4.390583 %)
iter:   6400 (Jcost: 1.624198e-01) (lr = 5.758e-02) (elapsed time: 4695.979) (secs/iter:  0.727) (n_accepted: 78%) (u_error:  0.929422 %) (beta_change: 18.633724 %) (delta_change:  1.288869 %) (delta_peak/R:  4.390590 %)
iter:   6500 (Jcost: 1.624144e-01) (lr = 2.059e-02) (elapsed time: 4765.121) (secs/iter:  0.691) (n_accepted: 78%) (u_error:  0.929400 %) (beta_change: 18.746864 %) (delta_change:  1.290059 %) (delta_peak/R:  4.390362 %)
-> Saved file: /media/rafael/DATA/Dropbox/20220924_FIML_solver/data/output/field_inversion/Beta_k/u_imp_100/FI_run_T61_CP395_Pr4_u_imp_100_k_imp_1_e_imp_0/FI_run_T61_CP395_Pr4_u_imp_100_k_imp_1_e_imp_0_state_iter_6500.dat
iter:   6600 (Jcost: 1.624095e-01) (lr = 1.768e-02) (elapsed time: 4841.775) (secs/iter:  0.767) (n_accepted: 79%) (u_error:  0.929404 %) (beta_change: 18.849698 %) (delta_change:  1.291083 %) (delta_peak/R:  4.390313 %)
iter:   6700 (Jcost: 1.624043e-01) (lr = 2.634e-03) (elapsed time: 4912.725) (secs/iter:  0.709) (n_accepted: 77%) (u_error:  0.929394 %) (beta_change: 18.961880 %) (delta_change:  1.292148 %) (delta_peak/R:  4.390165 %)
iter:   6800 (Jcost: 1.623996e-01) (lr = 2.261e-03) (elapsed time: 4982.026) (secs/iter:  0.693) (n_accepted: 79%) (u_error:  0.929406 %) (beta_change: 19.062757 %) (delta_change:  1.293054 %) (delta_peak/R:  4.390167 %)
iter:   6900 (Jcost: 1.623947e-01) (lr = 1.941e-03) (elapsed time: 5051.706) (secs/iter:  0.697) (n_accepted: 79%) (u_error:  0.929403 %) (beta_change: 19.170280 %) (delta_change:  1.293975 %) (delta_peak/R:  4.390073 %)
iter:   7000 (Jcost: 1.623897e-01) (lr = 9.598e-03) (elapsed time: 5118.685) (secs/iter:  0.670) (n_accepted: 81%) (u_error:  0.929450 %) (beta_change: 19.284244 %) (delta_change:  1.294890 %) (delta_peak/R:  4.390286 %)
-> Saved file: /media/rafael/DATA/Dropbox/20220924_FIML_solver/data/output/field_inversion/Beta_k/u_imp_100/FI_run_T61_CP395_Pr4_u_imp_100_k_imp_1_e_imp_0/FI_run_T61_CP395_Pr4_u_imp_100_k_imp_1_e_imp_0_state_iter_7000.dat
iter:   7100 (Jcost: 1.623861e-01) (lr = 4.746e-02) (elapsed time: 5190.525) (secs/iter:  0.718) (n_accepted: 81%) (u_error:  0.929405 %) (beta_change: 19.360794 %) (delta_change:  1.295488 %) (delta_peak/R:  4.389958 %)
iter:   7200 (Jcost: 1.623816e-01) (lr = 4.074e-02) (elapsed time: 5259.523) (secs/iter:  0.690) (n_accepted: 79%) (u_error:  0.929402 %) (beta_change: 19.462138 %) (delta_change:  1.296234 %) (delta_peak/R:  4.389870 %)
iter:   7300 (Jcost: 1.623774e-01) (lr = 6.071e-03) (elapsed time: 5330.163) (secs/iter:  0.706) (n_accepted: 77%) (u_error:  0.929407 %) (beta_change: 19.558551 %) (delta_change:  1.296907 %) (delta_peak/R:  4.389843 %)
iter:   7400 (Jcost: 1.623727e-01) (lr = 5.211e-03) (elapsed time: 5399.713) (secs/iter:  0.695) (n_accepted: 79%) (u_error:  0.929343 %) (beta_change: 19.670188 %) (delta_change:  1.297655 %) (delta_peak/R:  4.389374 %)
iter:   7500 (Jcost: 1.623687e-01) (lr = 1.484e-01) (elapsed time: 5468.968) (secs/iter:  0.693) (n_accepted: 83%) (u_error:  0.929459 %) (beta_change: 19.763574 %) (delta_change:  1.298215 %) (delta_peak/R:  4.390040 %)
-> Saved file: /media/rafael/DATA/Dropbox/20220924_FIML_solver/data/output/field_inversion/Beta_k/u_imp_100/FI_run_T61_CP395_Pr4_u_imp_100_k_imp_1_e_imp_0/FI_run_T61_CP395_Pr4_u_imp_100_k_imp_1_e_imp_0_state_iter_7500.dat
iter:   7600 (Jcost: 1.623658e-01) (lr = 3.840e-03) (elapsed time: 5541.748) (secs/iter:  0.728) (n_accepted: 75%) (u_error:  0.929396 %) (beta_change: 19.827266 %) (delta_change:  1.298605 %) (delta_peak/R:  4.389611 %)
iter:   7700 (Jcost: 1.623632e-01) (lr = 7.911e-03) (elapsed time: 5611.151) (secs/iter:  0.694) (n_accepted: 80%) (u_error:  0.929409 %) (beta_change: 19.887200 %) (delta_change:  1.298946 %) (delta_peak/R:  4.389656 %)
iter:   7800 (Jcost: 1.623598e-01) (lr = 2.829e-03) (elapsed time: 5678.973) (secs/iter:  0.678) (n_accepted: 78%) (u_error:  0.929404 %) (beta_change: 19.969796 %) (delta_change:  1.299400 %) (delta_peak/R:  4.389575 %)
iter:   7900 (Jcost: 1.623561e-01) (lr = 5.829e-03) (elapsed time: 5745.345) (secs/iter:  0.664) (n_accepted: 80%) (u_error:  0.929386 %) (beta_change: 20.057820 %) (delta_change:  1.299862 %) (delta_peak/R:  4.389419 %)
iter:   8000 (Jcost: 1.623524e-01) (lr = 1.201e-02) (elapsed time: 5814.350) (secs/iter:  0.690) (n_accepted: 80%) (u_error:  0.929370 %) (beta_change: 20.148135 %) (delta_change:  1.300310 %) (delta_peak/R:  4.389272 %)
-> Saved file: /media/rafael/DATA/Dropbox/20220924_FIML_solver/data/output/field_inversion/Beta_k/u_imp_100/FI_run_T61_CP395_Pr4_u_imp_100_k_imp_1_e_imp_0/FI_run_T61_CP395_Pr4_u_imp_100_k_imp_1_e_imp_0_state_iter_8000.dat
iter:   8100 (Jcost: 1.623495e-01) (lr = 5.937e-02) (elapsed time: 5887.538) (secs/iter:  0.732) (n_accepted: 81%) (u_error:  0.929398 %) (beta_change: 20.217067 %) (delta_change:  1.300628 %) (delta_peak/R:  4.389409 %)
iter:   8200 (Jcost: 1.623460e-01) (lr = 5.097e-02) (elapsed time: 5955.148) (secs/iter:  0.676) (n_accepted: 79%) (u_error:  0.929402 %) (beta_change: 20.301808 %) (delta_change:  1.301004 %) (delta_peak/R:  4.389390 %)
iter:   8300 (Jcost: 1.623427e-01) (lr = 4.375e-02) (elapsed time: 6023.752) (secs/iter:  0.686) (n_accepted: 79%) (u_error:  0.929408 %) (beta_change: 20.382870 %) (delta_change:  1.301344 %) (delta_peak/R:  4.389387 %)
iter:   8400 (Jcost: 1.623398e-01) (lr = 1.565e-02) (elapsed time: 6089.632) (secs/iter:  0.659) (n_accepted: 78%) (u_error:  0.929403 %) (beta_change: 20.454181 %) (delta_change:  1.301629 %) (delta_peak/R:  4.389321 %)
iter:   8500 (Jcost: 1.623353e-01) (lr = 2.332e-03) (elapsed time: 6152.699) (secs/iter:  0.631) (n_accepted: 77%) (u_error:  0.929404 %) (beta_change: 20.565819 %) (delta_change:  1.302047 %) (delta_peak/R:  4.389272 %)
-> Saved file: /media/rafael/DATA/Dropbox/20220924_FIML_solver/data/output/field_inversion/Beta_k/u_imp_100/FI_run_T61_CP395_Pr4_u_imp_100_k_imp_1_e_imp_0/FI_run_T61_CP395_Pr4_u_imp_100_k_imp_1_e_imp_0_state_iter_8500.dat
iter:   8600 (Jcost: 1.623321e-01) (lr = 4.804e-03) (elapsed time: 6226.612) (secs/iter:  0.739) (n_accepted: 80%) (u_error:  0.929420 %) (beta_change: 20.647230 %) (delta_change:  1.302327 %) (delta_peak/R:  4.389336 %)
iter:   8700 (Jcost: 1.623286e-01) (lr = 1.368e-01) (elapsed time: 6289.792) (secs/iter:  0.632) (n_accepted: 83%) (u_error:  0.929404 %) (beta_change: 20.734865 %) (delta_change:  1.302615 %) (delta_peak/R:  4.389199 %)
iter:   8800 (Jcost: 1.623262e-01) (lr = 2.039e-02) (elapsed time: 6358.973) (secs/iter:  0.692) (n_accepted: 77%) (u_error:  0.929406 %) (beta_change: 20.794724 %) (delta_change:  1.302798 %) (delta_peak/R:  4.389182 %)
iter:   8900 (Jcost: 1.623229e-01) (lr = 3.039e-03) (elapsed time: 6423.482) (secs/iter:  0.645) (n_accepted: 77%) (u_error:  0.929392 %) (beta_change: 20.879292 %) (delta_change:  1.303045 %) (delta_peak/R:  4.389062 %)
iter:   9000 (Jcost: 1.623202e-01) (lr = 2.608e-03) (elapsed time: 6491.358) (secs/iter:  0.679) (n_accepted: 79%) (u_error:  0.929397 %) (beta_change: 20.950568 %) (delta_change:  1.303236 %) (delta_peak/R:  4.389065 %)
-> Saved file: /media/rafael/DATA/Dropbox/20220924_FIML_solver/data/output/field_inversion/Beta_k/u_imp_100/FI_run_T61_CP395_Pr4_u_imp_100_k_imp_1_e_imp_0/FI_run_T61_CP395_Pr4_u_imp_100_k_imp_1_e_imp_0_state_iter_9000.dat
iter:   9100 (Jcost: 1.623170e-01) (lr = 2.239e-03) (elapsed time: 6561.016) (secs/iter:  0.697) (n_accepted: 79%) (u_error:  0.929375 %) (beta_change: 21.034391 %) (delta_change:  1.303452 %) (delta_peak/R:  4.388892 %)
iter:   9200 (Jcost: 1.623142e-01) (lr = 4.613e-03) (elapsed time: 6629.971) (secs/iter:  0.690) (n_accepted: 80%) (u_error:  0.929415 %) (beta_change: 21.107019 %) (delta_change:  1.303615 %) (delta_peak/R:  4.389111 %)
iter:   9300 (Jcost: 1.623116e-01) (lr = 1.314e-01) (elapsed time: 6693.752) (secs/iter:  0.638) (n_accepted: 83%) (u_error:  0.929392 %) (beta_change: 21.173802 %) (delta_change:  1.303765 %) (delta_peak/R:  4.388948 %)
iter:   9400 (Jcost: 1.623094e-01) (lr = 1.958e-02) (elapsed time: 6760.668) (secs/iter:  0.669) (n_accepted: 77%) (u_error:  0.929389 %) (beta_change: 21.231437 %) (delta_change:  1.303885 %) (delta_peak/R:  4.388906 %)
iter:   9500 (Jcost: 1.623071e-01) (lr = 7.002e-03) (elapsed time: 6827.690) (secs/iter:  0.670) (n_accepted: 78%) (u_error:  0.929393 %) (beta_change: 21.292517 %) (delta_change:  1.304002 %) (delta_peak/R:  4.388911 %)
-> Saved file: /media/rafael/DATA/Dropbox/20220924_FIML_solver/data/output/field_inversion/Beta_k/u_imp_100/FI_run_T61_CP395_Pr4_u_imp_100_k_imp_1_e_imp_0/FI_run_T61_CP395_Pr4_u_imp_100_k_imp_1_e_imp_0_state_iter_9500.dat
iter:   9600 (Jcost: 1.623046e-01) (lr = 6.011e-03) (elapsed time: 6900.159) (secs/iter:  0.725) (n_accepted: 79%) (u_error:  0.929392 %) (beta_change: 21.356788 %) (delta_change:  1.304119 %) (delta_peak/R:  4.388878 %)
iter:   9700 (Jcost: 1.623020e-01) (lr = 5.160e-03) (elapsed time: 6968.143) (secs/iter:  0.680) (n_accepted: 79%) (u_error:  0.929425 %) (beta_change: 21.428038 %) (delta_change:  1.304233 %) (delta_peak/R:  4.389062 %)
iter:   9800 (Jcost: 1.622995e-01) (lr = 1.063e-02) (elapsed time: 7033.799) (secs/iter:  0.657) (n_accepted: 80%) (u_error:  0.929409 %) (beta_change: 21.494291 %) (delta_change:  1.304338 %) (delta_peak/R:  4.388941 %)
iter:   9900 (Jcost: 1.622971e-01) (lr = 2.190e-02) (elapsed time: 7100.395) (secs/iter:  0.666) (n_accepted: 80%) (u_error:  0.929444 %) (beta_change: 21.561515 %) (delta_change:  1.304428 %) (delta_peak/R:  4.389140 %)
iter:  10000 (Jcost: 1.622951e-01) (lr = 4.511e-02) (elapsed time: 7166.782) (secs/iter:  0.664) (n_accepted: 80%) (u_error:  0.929390 %) (beta_change: 21.610977 %) (delta_change:  1.304503 %) (delta_peak/R:  4.388786 %)
-> Saved file: /media/rafael/DATA/Dropbox/20220924_FIML_solver/data/output/field_inversion/Beta_k/u_imp_100/FI_run_T61_CP395_Pr4_u_imp_100_k_imp_1_e_imp_0/FI_run_T61_CP395_Pr4_u_imp_100_k_imp_1_e_imp_0_state_iter_10000.dat
iter:  10100 (Jcost: 1.622926e-01) (lr = 6.723e-03) (elapsed time: 7240.556) (secs/iter:  0.738) (n_accepted: 77%) (u_error:  0.929392 %) (beta_change: 21.679243 %) (delta_change:  1.304586 %) (delta_peak/R:  4.388781 %)
iter:  10200 (Jcost: 1.622904e-01) (lr = 2.405e-03) (elapsed time: 7309.968) (secs/iter:  0.694) (n_accepted: 78%) (u_error:  0.929389 %) (beta_change: 21.739539 %) (delta_change:  1.304653 %) (delta_peak/R:  4.388744 %)
iter:  10300 (Jcost: 1.622888e-01) (lr = 2.854e-02) (elapsed time: 7373.591) (secs/iter:  0.636) (n_accepted: 82%) (u_error:  0.929389 %) (beta_change: 21.784073 %) (delta_change:  1.304699 %) (delta_peak/R:  4.388733 %)
iter:  10400 (Jcost: 1.622867e-01) (lr = 1.772e-03) (elapsed time: 7440.232) (secs/iter:  0.666) (n_accepted: 76%) (u_error:  0.929377 %) (beta_change: 21.839561 %) (delta_change:  1.304754 %) (delta_peak/R:  4.388643 %)
iter:  10500 (Jcost: 1.622853e-01) (lr = 1.521e-03) (elapsed time: 7507.993) (secs/iter:  0.678) (n_accepted: 79%) (u_error:  0.929387 %) (beta_change: 21.877451 %) (delta_change:  1.304785 %) (delta_peak/R:  4.388695 %)
-> Saved file: /media/rafael/DATA/Dropbox/20220924_FIML_solver/data/output/field_inversion/Beta_k/u_imp_100/FI_run_T61_CP395_Pr4_u_imp_100_k_imp_1_e_imp_0/FI_run_T61_CP395_Pr4_u_imp_100_k_imp_1_e_imp_0_state_iter_10500.dat
iter:  10600 (Jcost: 1.622832e-01) (lr = 1.040e-01) (elapsed time: 7577.531) (secs/iter:  0.695) (n_accepted: 84%) (u_error:  0.929373 %) (beta_change: 21.934938 %) (delta_change:  1.304834 %) (delta_peak/R:  4.388595 %)
iter:  10700 (Jcost: 1.622815e-01) (lr = 1.549e-02) (elapsed time: 7645.512) (secs/iter:  0.680) (n_accepted: 77%) (u_error:  0.929379 %) (beta_change: 21.981402 %) (delta_change:  1.304866 %) (delta_peak/R:  4.388618 %)
iter:  10800 (Jcost: 1.622796e-01) (lr = 1.330e-02) (elapsed time: 7711.817) (secs/iter:  0.663) (n_accepted: 79%) (u_error:  0.929379 %) (beta_change: 22.035126 %) (delta_change:  1.304901 %) (delta_peak/R:  4.388611 %)
iter:  10900 (Jcost: 1.622776e-01) (lr = 4.757e-03) (elapsed time: 7781.198) (secs/iter:  0.694) (n_accepted: 78%) (u_error:  0.929422 %) (beta_change: 22.093451 %) (delta_change:  1.304928 %) (delta_peak/R:  4.388864 %)
iter:  11000 (Jcost: 1.622761e-01) (lr = 2.352e-02) (elapsed time: 7850.829) (secs/iter:  0.696) (n_accepted: 81%) (u_error:  0.929381 %) (beta_change: 22.130988 %) (delta_change:  1.304954 %) (delta_peak/R:  4.388602 %)
-> Saved file: /media/rafael/DATA/Dropbox/20220924_FIML_solver/data/output/field_inversion/Beta_k/u_imp_100/FI_run_T61_CP395_Pr4_u_imp_100_k_imp_1_e_imp_0/FI_run_T61_CP395_Pr4_u_imp_100_k_imp_1_e_imp_0_state_iter_11000.dat
iter:  11100 (Jcost: 1.622743e-01) (lr = 8.412e-03) (elapsed time: 7922.845) (secs/iter:  0.720) (n_accepted: 78%) (u_error:  0.929376 %) (beta_change: 22.181276 %) (delta_change:  1.304978 %) (delta_peak/R:  4.388559 %)
iter:  11200 (Jcost: 1.622722e-01) (lr = 3.009e-03) (elapsed time: 7974.870) (secs/iter:  0.520) (n_accepted: 78%) (u_error:  0.929372 %) (beta_change: 22.240688 %) (delta_change:  1.305002 %) (delta_peak/R:  4.388519 %)
iter:  11300 (Jcost: 1.622702e-01) (lr = 3.570e-02) (elapsed time: 8039.737) (secs/iter:  0.649) (n_accepted: 82%) (u_error:  0.929398 %) (beta_change: 22.297009 %) (delta_change:  1.305015 %) (delta_peak/R:  4.388674 %)
iter:  11400 (Jcost: 1.622687e-01) (lr = 7.355e-02) (elapsed time: 8107.361) (secs/iter:  0.676) (n_accepted: 80%) (u_error:  0.929368 %) (beta_change: 22.337957 %) (delta_change:  1.305031 %) (delta_peak/R:  4.388480 %)
iter:  11500 (Jcost: 1.622672e-01) (lr = 4.567e-03) (elapsed time: 8175.612) (secs/iter:  0.683) (n_accepted: 76%) (u_error:  0.929375 %) (beta_change: 22.379605 %) (delta_change:  1.305039 %) (delta_peak/R:  4.388512 %)
-> Saved file: /media/rafael/DATA/Dropbox/20220924_FIML_solver/data/output/field_inversion/Beta_k/u_imp_100/FI_run_T61_CP395_Pr4_u_imp_100_k_imp_1_e_imp_0/FI_run_T61_CP395_Pr4_u_imp_100_k_imp_1_e_imp_0_state_iter_11500.dat
iter:  11600 (Jcost: 1.622655e-01) (lr = 1.634e-03) (elapsed time: 8249.421) (secs/iter:  0.738) (n_accepted: 78%) (u_error:  0.929365 %) (beta_change: 22.427740 %) (delta_change:  1.305048 %) (delta_peak/R:  4.388446 %)
iter:  11700 (Jcost: 1.622642e-01) (lr = 1.938e-02) (elapsed time: 8298.042) (secs/iter:  0.486) (n_accepted: 82%) (u_error:  0.929370 %) (beta_change: 22.463992 %) (delta_change:  1.305052 %) (delta_peak/R:  4.388469 %)
iter:  11800 (Jcost: 1.622626e-01) (lr = 6.933e-03) (elapsed time: 8343.192) (secs/iter:  0.451) (n_accepted: 78%) (u_error:  0.929372 %) (beta_change: 22.509315 %) (delta_change:  1.305055 %) (delta_peak/R:  4.388478 %)
iter:  11900 (Jcost: 1.622607e-01) (lr = 2.480e-03) (elapsed time: 8385.349) (secs/iter:  0.422) (n_accepted: 78%) (u_error:  0.929364 %) (beta_change: 22.562637 %) (delta_change:  1.305058 %) (delta_peak/R:  4.388419 %)
iter:  12000 (Jcost: 1.622590e-01) (lr = 2.129e-03) (elapsed time: 8432.838) (secs/iter:  0.475) (n_accepted: 79%) (u_error:  0.929362 %) (beta_change: 22.611018 %) (delta_change:  1.305057 %) (delta_peak/R:  4.388404 %)
-> Saved file: /media/rafael/DATA/Dropbox/20220924_FIML_solver/data/output/field_inversion/Beta_k/u_imp_100/FI_run_T61_CP395_Pr4_u_imp_100_k_imp_1_e_imp_0/FI_run_T61_CP395_Pr4_u_imp_100_k_imp_1_e_imp_0_state_iter_12000.dat
iter:  12100 (Jcost: 1.622575e-01) (lr = 6.062e-02) (elapsed time: 8482.612) (secs/iter:  0.498) (n_accepted: 83%) (u_error:  0.929340 %) (beta_change: 22.654262 %) (delta_change:  1.305058 %) (delta_peak/R:  4.388258 %)
iter:  12200 (Jcost: 1.622563e-01) (lr = 1.568e-03) (elapsed time: 8540.349) (secs/iter:  0.577) (n_accepted: 75%) (u_error:  0.929361 %) (beta_change: 22.687346 %) (delta_change:  1.305051 %) (delta_peak/R:  4.388384 %)
iter:  12300 (Jcost: 1.622546e-01) (lr = 3.231e-03) (elapsed time: 8605.651) (secs/iter:  0.653) (n_accepted: 80%) (u_error:  0.929357 %) (beta_change: 22.734413 %) (delta_change:  1.305046 %) (delta_peak/R:  4.388356 %)
iter:  12400 (Jcost: 1.622529e-01) (lr = 3.834e-02) (elapsed time: 8667.413) (secs/iter:  0.618) (n_accepted: 82%) (u_error:  0.929381 %) (beta_change: 22.784421 %) (delta_change:  1.305033 %) (delta_peak/R:  4.388502 %)
iter:  12500 (Jcost: 1.622517e-01) (lr = 5.714e-03) (elapsed time: 8735.588) (secs/iter:  0.682) (n_accepted: 77%) (u_error:  0.929353 %) (beta_change: 22.817467 %) (delta_change:  1.305031 %) (delta_peak/R:  4.388321 %)
-> Saved file: /media/rafael/DATA/Dropbox/20220924_FIML_solver/data/output/field_inversion/Beta_k/u_imp_100/FI_run_T61_CP395_Pr4_u_imp_100_k_imp_1_e_imp_0/FI_run_T61_CP395_Pr4_u_imp_100_k_imp_1_e_imp_0_state_iter_12500.dat
iter:  12600 (Jcost: 1.622502e-01) (lr = 2.044e-03) (elapsed time: 8808.543) (secs/iter:  0.730) (n_accepted: 78%) (u_error:  0.929358 %) (beta_change: 22.858917 %) (delta_change:  1.305021 %) (delta_peak/R:  4.388348 %)
iter:  12700 (Jcost: 1.622490e-01) (lr = 5.821e-02) (elapsed time: 8872.707) (secs/iter:  0.642) (n_accepted: 83%) (u_error:  0.929364 %) (beta_change: 22.892392 %) (delta_change:  1.305011 %) (delta_peak/R:  4.388383 %)
iter:  12800 (Jcost: 1.622475e-01) (lr = 2.082e-02) (elapsed time: 8935.204) (secs/iter:  0.625) (n_accepted: 78%) (u_error:  0.929352 %) (beta_change: 22.935954 %) (delta_change:  1.305001 %) (delta_peak/R:  4.388307 %)
iter:  12900 (Jcost: 1.622459e-01) (lr = 3.102e-03) (elapsed time: 9002.155) (secs/iter:  0.670) (n_accepted: 77%) (u_error:  0.929348 %) (beta_change: 22.980634 %) (delta_change:  1.304987 %) (delta_peak/R:  4.388279 %)
iter:  13000 (Jcost: 1.622446e-01) (lr = 2.663e-03) (elapsed time: 9069.236) (secs/iter:  0.671) (n_accepted: 79%) (u_error:  0.929330 %) (beta_change: 23.019289 %) (delta_change:  1.304977 %) (delta_peak/R:  4.388170 %)
-> Saved file: /media/rafael/DATA/Dropbox/20220924_FIML_solver/data/output/field_inversion/Beta_k/u_imp_100/FI_run_T61_CP395_Pr4_u_imp_100_k_imp_1_e_imp_0/FI_run_T61_CP395_Pr4_u_imp_100_k_imp_1_e_imp_0_state_iter_13000.dat
iter:  13100 (Jcost: 1.622433e-01) (lr = 7.585e-02) (elapsed time: 9116.920) (secs/iter:  0.477) (n_accepted: 83%) (u_error:  0.929375 %) (beta_change: 23.058263 %) (delta_change:  1.304956 %) (delta_peak/R:  4.388446 %)
iter:  13200 (Jcost: 1.622421e-01) (lr = 4.710e-03) (elapsed time: 9164.069) (secs/iter:  0.471) (n_accepted: 76%) (u_error:  0.929345 %) (beta_change: 23.089933 %) (delta_change:  1.304948 %) (delta_peak/R:  4.388261 %)
iter:  13300 (Jcost: 1.622407e-01) (lr = 4.043e-03) (elapsed time: 9208.508) (secs/iter:  0.444) (n_accepted: 79%) (u_error:  0.929339 %) (beta_change: 23.130947 %) (delta_change:  1.304933 %) (delta_peak/R:  4.388220 %)
iter:  13400 (Jcost: 1.622391e-01) (lr = 3.470e-03) (elapsed time: 9248.817) (secs/iter:  0.403) (n_accepted: 79%) (u_error:  0.929342 %) (beta_change: 23.174499 %) (delta_change:  1.304914 %) (delta_peak/R:  4.388235 %)
iter:  13500 (Jcost: 1.622377e-01) (lr = 4.118e-02) (elapsed time: 9291.084) (secs/iter:  0.423) (n_accepted: 82%) (u_error:  0.929322 %) (beta_change: 23.216416 %) (delta_change:  1.304899 %) (delta_peak/R:  4.388115 %)
-> Saved file: /media/rafael/DATA/Dropbox/20220924_FIML_solver/data/output/field_inversion/Beta_k/u_imp_100/FI_run_T61_CP395_Pr4_u_imp_100_k_imp_1_e_imp_0/FI_run_T61_CP395_Pr4_u_imp_100_k_imp_1_e_imp_0_state_iter_13500.dat
iter:  13600 (Jcost: 1.622366e-01) (lr = 8.484e-02) (elapsed time: 9334.549) (secs/iter:  0.435) (n_accepted: 80%) (u_error:  0.929337 %) (beta_change: 23.248096 %) (delta_change:  1.304882 %) (delta_peak/R:  4.388203 %)
iter:  13700 (Jcost: 1.622355e-01) (lr = 3.034e-02) (elapsed time: 9384.418) (secs/iter:  0.499) (n_accepted: 78%) (u_error:  0.929340 %) (beta_change: 23.278393 %) (delta_change:  1.304867 %) (delta_peak/R:  4.388227 %)
iter:  13800 (Jcost: 1.622343e-01) (lr = 1.085e-02) (elapsed time: 9448.729) (secs/iter:  0.643) (n_accepted: 78%) (u_error:  0.929334 %) (beta_change: 23.313590 %) (delta_change:  1.304851 %) (delta_peak/R:  4.388191 %)
iter:  13900 (Jcost: 1.622330e-01) (lr = 9.316e-03) (elapsed time: 9513.131) (secs/iter:  0.644) (n_accepted: 79%) (u_error:  0.929336 %) (beta_change: 23.350515 %) (delta_change:  1.304833 %) (delta_peak/R:  4.388202 %)
iter:  14000 (Jcost: 1.622316e-01) (lr = 3.332e-03) (elapsed time: 9575.346) (secs/iter:  0.622) (n_accepted: 78%) (u_error:  0.929333 %) (beta_change: 23.391298 %) (delta_change:  1.304813 %) (delta_peak/R:  4.388183 %)
-> Saved file: /media/rafael/DATA/Dropbox/20220924_FIML_solver/data/output/field_inversion/Beta_k/u_imp_100/FI_run_T61_CP395_Pr4_u_imp_100_k_imp_1_e_imp_0/FI_run_T61_CP395_Pr4_u_imp_100_k_imp_1_e_imp_0_state_iter_14000.dat
iter:  14100 (Jcost: 1.622303e-01) (lr = 3.954e-02) (elapsed time: 9645.722) (secs/iter:  0.704) (n_accepted: 82%) (u_error:  0.929309 %) (beta_change: 23.429506 %) (delta_change:  1.304797 %) (delta_peak/R:  4.388034 %)
iter:  14200 (Jcost: 1.622293e-01) (lr = 1.414e-02) (elapsed time: 9715.088) (secs/iter:  0.694) (n_accepted: 78%) (u_error:  0.929336 %) (beta_change: 23.456257 %) (delta_change:  1.304779 %) (delta_peak/R:  4.388206 %)
iter:  14300 (Jcost: 1.622282e-01) (lr = 5.058e-03) (elapsed time: 9775.458) (secs/iter:  0.604) (n_accepted: 78%) (u_error:  0.929324 %) (beta_change: 23.488134 %) (delta_change:  1.304763 %) (delta_peak/R:  4.388134 %)
iter:  14400 (Jcost: 1.622272e-01) (lr = 6.002e-02) (elapsed time: 9817.416) (secs/iter:  0.420) (n_accepted: 82%) (u_error:  0.929336 %) (beta_change: 23.516669 %) (delta_change:  1.304746 %) (delta_peak/R:  4.388211 %)
iter:  14500 (Jcost: 1.622260e-01) (lr = 5.152e-02) (elapsed time: 9883.462) (secs/iter:  0.660) (n_accepted: 79%) (u_error:  0.929325 %) (beta_change: 23.548893 %) (delta_change:  1.304730 %) (delta_peak/R:  4.388146 %)
-> Saved file: /media/rafael/DATA/Dropbox/20220924_FIML_solver/data/output/field_inversion/Beta_k/u_imp_100/FI_run_T61_CP395_Pr4_u_imp_100_k_imp_1_e_imp_0/FI_run_T61_CP395_Pr4_u_imp_100_k_imp_1_e_imp_0_state_iter_14500.dat
iter:  14600 (Jcost: 1.622248e-01) (lr = 1.843e-02) (elapsed time: 9935.739) (secs/iter:  0.523) (n_accepted: 78%) (u_error:  0.929326 %) (beta_change: 23.583171 %) (delta_change:  1.304712 %) (delta_peak/R:  4.388151 %)
iter:  14700 (Jcost: 1.622237e-01) (lr = 2.746e-03) (elapsed time: 10003.089) (secs/iter:  0.674) (n_accepted: 77%) (u_error:  0.929326 %) (beta_change: 23.616259 %) (delta_change:  1.304693 %) (delta_peak/R:  4.388155 %)
iter:  14800 (Jcost: 1.622226e-01) (lr = 2.357e-03) (elapsed time: 10069.008) (secs/iter:  0.659) (n_accepted: 79%) (u_error:  0.929324 %) (beta_change: 23.647638 %) (delta_change:  1.304676 %) (delta_peak/R:  4.388143 %)
iter:  14900 (Jcost: 1.622216e-01) (lr = 4.857e-03) (elapsed time: 10135.134) (secs/iter:  0.661) (n_accepted: 80%) (u_error:  0.929311 %) (beta_change: 23.676656 %) (delta_change:  1.304662 %) (delta_peak/R:  4.388069 %)
iter:  15000 (Jcost: 1.622204e-01) (lr = 5.763e-02) (elapsed time: 10193.335) (secs/iter:  0.582) (n_accepted: 82%) (u_error:  0.929312 %) (beta_change: 23.708802 %) (delta_change:  1.304644 %) (delta_peak/R:  4.388079 %)
-> Saved file: /media/rafael/DATA/Dropbox/20220924_FIML_solver/data/output/field_inversion/Beta_k/u_imp_100/FI_run_T61_CP395_Pr4_u_imp_100_k_imp_1_e_imp_0/FI_run_T61_CP395_Pr4_u_imp_100_k_imp_1_e_imp_0_state_iter_15000.dat
iter:  15000 (Jcost: 1.622204e-01) (lr = 6.916e-02) (elapsed time: 10198.954) (secs/iter:   None) (n_accepted: 0%) (u_error:  0.929323 %) (beta_change: 23.709582 %) (delta_change:  1.304642 %) (delta_peak/R:  4.388146 %)
