# ------------------------------------------------------------------------
#                  Input Arguments
# ------------------------------------------------------------------------
# Begin_Input_Arguments
{ 'all_b_mode': ['Beta_k'],
  'args_mk_solver': { 'torch': "<module 'torch' from "
                               "'/home/rafael/anaconda3/lib/python3.9/site-packages/torch/__init__.py'>",
                      'y_grid': [0.0, 0.000309700312, 0.000638645973, 0.00098802599, 0.00135910194, 0.00175321227, 0.00217177688, 0.00261630193, 0.00308838486, 0.00358971984, 0.00412210331, 0.00468744001, 0.00528774917, 0.00592517114, 0.00660197432, 0.0073205624, 0.00808348206, 0.00889343092, 0.00975326602, 0.0106660126, 0.0116348733, 0.0126632377, 0.0137546927, 0.0149130326, 0.0161422702, 0.0174466482, 0.0188306506, 0.0202990157, 0.0218567475, 0.02350913, 0.0252617393, 0.0271204584, 0.0290914903, 0.0311813732, 0.033396994, 0.0357456039, 0.0382348325, 0.0408727029, 0.0436676462, 0.0466285159, 0.0497646022, 0.0530856456, 0.0566018496, 0.0603238931, 0.0642629411, 0.068430655, 0.0728392004, 0.0775012535, 0.0824300053, 0.0876391634, 0.0931429507, 0.0989561006, 0.105093849, 0.111571922, 0.118406518, 0.125614286, 0.133212296, 0.141218006, 0.14964922, 0.158524039, 0.167860801, 0.177678022, 0.187994313, 0.1988283, 0.21019853, 0.222123362, 0.234620856, 0.247708641, 0.261403784, 0.275722637, 0.290680679, 0.306292354, 0.322570888, 0.339528108, 0.357174255, 0.375517785, 0.394565175, 0.414320726, 0.43478637, 0.45596148, 0.47784269, 0.500423731, 0.523695275, 0.547644806, 0.572256506, 0.597511177, 0.623386184, 0.649855436, 0.676889401, 0.704455158, 0.73251649, 0.761034018, 0.789965372, 0.819265404, 0.848886442, 0.878778572, 0.908889961, 0.939167201, 0.969555687, 1.0],
                      'Ret': 395,
                      'cp': 1.0,
                      'A_sca_rho': 1.0,
                      'A_sca_mu': 0.002531645569620253,
                      'A_sca_k': 0.002531645569620253,
                      'b_exp_rho': 0,
                      'b_exp_mu': -1,
                      'b_exp_k': 0,
                      'tensor_device': 'cpu',
                      'as_tensor': '<function '
                                   'Build_arguments_fi_run._mk_args_MK_solver.<locals>.<lambda> '
                                   'at 0x7fc69dc065e0>',
                      'ref_dns': { 'u_dns': [2.9063609013822637e-17, 0.12133384177926108, 0.2515246490276547, 0.39117665330258616, 0.5409160186685206, 0.7013857811431133, 0.8732388068355148, 1.0571282339657548, 1.2537209860674692, 1.463822691633067, 1.688321297208589, 1.9281424415474309, 2.1841427221845766, 2.4569740971853116, 2.747162177824178, 3.055040966910935, 3.3806437331273917, 3.7236672210687702, 4.08346787082722, 4.45896053635653, 4.8485854254406355, 5.250400743916656, 5.661892487869514, 6.08021133873265, 6.502148027551147, 6.924771820753812, 7.344928846710284, 7.759311987255628, 8.165218244976112, 8.560403211032932, 8.942607826228647, 9.310351089344403, 9.662648499182685, 9.998636504221665, 10.318405122827002, 10.62148678174103, 10.908017360991648, 11.179244972560841, 11.435761735936536, 11.678426256190537, 11.907825343046122, 12.124255553280793, 12.33020063190289, 12.525514119181011, 12.711401186375193, 12.888595855356252, 13.059530915227034, 13.222643030611694, 13.381054579791694, 13.534479626921446, 13.683964995152161, 13.831456074386178, 13.97502774275032, 14.117778137209287, 14.259508673786966, 14.399648732181534, 14.539118307777127, 14.678175716995886, 14.817848579656008, 14.95678059435819, 15.095697878622753, 15.235613145949378, 15.37598203463026, 15.517073764794107, 15.658669438741795, 15.800596527444812, 15.944626496890827, 16.089563113703637, 16.236249029380748, 16.382947035672764, 16.529919210881634, 16.677067664708076, 16.824301484147327, 16.972362558285504, 17.119844000353748, 17.266699903030606, 17.412509551399612, 17.558021620441504, 17.705197887966754, 17.852853109788505, 18.000361597866654, 18.147302132455298, 18.293836813076275, 18.43758915160994, 18.577919652944807, 18.715872307825492, 18.84895337930182, 18.978522277162632, 19.1006942887214, 19.217839213074217, 19.327924969194285, 19.429748289261955, 19.523399709253166, 19.60872467013527, 19.683455223462666, 19.74764505341299, 19.798986669427183, 19.83832564127951, 19.86290784727528, 19.871125207309184],
                                   'T_dns': [1.0, 1.0053882470469622, 1.01112711038934, 1.0172360926530903, 1.0237347774936532, 1.0306425255481857, 1.037978080730124, 1.0457590646840713, 1.0540028484307205, 1.0627339168598289, 1.071980830828823, 1.0817739353989206, 1.092137545185662, 1.1030800597668011, 1.1146010461869078, 1.1266942968482996, 1.1393515299985135, 1.1525550518015086, 1.1662814053608008, 1.180499819215067, 1.1951676533816475, 1.2102312917702727, 1.225612420879443, 1.2411856112732294, 1.256830076268626, 1.2725241072822089, 1.2882060857911937, 1.3037103148068672, 1.3189516938703556, 1.3338972599550016, 1.3484634783482712, 1.3625643079387342, 1.3761722306551856, 1.3893256836722365, 1.4019560442359946, 1.4140918432216742, 1.425633075685037, 1.4366566664117133, 1.4472574732087324, 1.4572802863178267, 1.466931716023452, 1.4761972197052369, 1.4849497959001008, 1.493419979334427, 1.5015007076738316, 1.5093620844950315, 1.5168638347426127, 1.5242287079167516, 1.5312160424865358, 1.5380559933027997, 1.544763513949661, 1.551225328365958, 1.5576096369457075, 1.563803316325649, 1.5699509243999443, 1.5760711056808387, 1.5820496575587788, 1.58800632043759, 1.593794252261077, 1.5996255381510671, 1.605369209156568, 1.6110986504116234, 1.6168062730355501, 1.6225026459691192, 1.6281388929516356, 1.6337642163026524, 1.639372969519115, 1.6450745721072757, 1.6507093987731938, 1.6563409394933148, 1.662000811181022, 1.6675940311969493, 1.6731637601110005, 1.6786713191574287, 1.6842299164128065, 1.6896844899086867, 1.6951668542299165, 1.700548217820561, 1.7059313848331839, 1.7113346031432592, 1.7166387208936864, 1.7219033310773746, 1.7270882913235168, 1.7322488140738272, 1.7371615553626845, 1.741893864194896, 1.7465748091404354, 1.7509531847416275, 1.7551224640932128, 1.7590547379397896, 1.762723948939309, 1.7661548368212605, 1.7691527020463271, 1.7719062509689594, 1.7741861028201924, 1.7761200716466572, 1.7777195457970938, 1.7787748155086684, 1.7794655345253911, 1.7795944087804545],
                                   'mu_dns': [0.002531645569620253, 0.0025180775457205027, 0.0025037856700780474, 0.0024887492568390654, 0.0024729506365099027, 0.002456376005127193, 0.002439016407590678, 0.0024208688742134643, 0.002401934276923027, 0.002382200783711478, 0.002361651903479339, 0.0023402722942170635, 0.0023180647719512988, 0.002295069652655548, 0.0022713468449371264, 0.002246967590678343, 0.0022220056786368264, 0.0021965506685890173, 0.002170698733584853, 0.0021445539663899177, 0.0021182346781701547, 0.0020918692045361633, 0.0020656167696176423, 0.0020396994185448605, 0.002014310142176417, 0.0019894676691251147, 0.001965248881793134, 0.0019418773794048667, 0.0019194376726499715, 0.001897931456659306, 0.001877429837937664, 0.0018580007966376919, 0.001839628436925337, 0.0018222117386678268, 0.0018057952530172875, 0.0017902978379767023, 0.0017758044568401735, 0.0017621785558156044, 0.0017492710291606307, 0.0017372399759946467, 0.0017258100987024945, 0.0017149778741120819, 0.001704869468725506, 0.0016952000138290187, 0.0016860768407777522, 0.0016772950610238991, 0.0016689998875540682, 0.0016609354990304536, 0.0016533562210523367, 0.0016460035139447904, 0.0016388563988978002, 0.001632029546788704, 0.0016253402069240643, 0.0016189028013885213, 0.0016125635077337728, 0.0016063016195748483, 0.0016002314197436586, 0.0015942289001234166, 0.0015884393898576742, 0.0015826488820292685, 0.0015769864995419554, 0.0015713783690237946, 0.0015658311152313223, 0.001560333707873927, 0.0015549321870388221, 0.0015495782955447408, 0.0015442767550101018, 0.0015389245038158453, 0.0015336712637013946, 0.001528456798510758, 0.0015232517051668943, 0.0015181426188021995, 0.001513088933657217, 0.001508124634482321, 0.0015031472514229728, 0.001498294850156947, 0.0014934491925105119, 0.0014887231911982093, 0.0014840254374403298, 0.0014793399052238554, 0.0014747689999106348, 0.0014702599872643445, 0.001465846061454207, 0.0014614791761158373, 0.0014573460722780596, 0.0014533868117104717, 0.0014494916314899704, 0.00144586708067459, 0.001442432435008592, 0.0014392079535770015, 0.001436212159676863, 0.0014334222101255454, 0.0014309932470453076, 0.0014287694782022659, 0.0014269334911349075, 0.0014253797420763009, 0.0014240972799143714, 0.0014232524249542455, 0.0014226999739534035, 0.0014225969451967288],
                                   'rho_dns': [1.0, 1.0, 1.0, 1.0, 1.0, 1.0, 1.0, 1.0, 1.0, 1.0, 1.0, 1.0, 1.0, 1.0, 1.0, 1.0, 1.0, 1.0, 1.0, 1.0, 1.0, 1.0, 1.0, 1.0, 1.0, 1.0, 1.0, 1.0, 1.0, 1.0, 1.0, 1.0, 1.0, 1.0, 1.0, 1.0, 1.0, 1.0, 1.0, 1.0, 1.0, 1.0, 1.0, 1.0, 1.0, 1.0, 1.0, 1.0, 1.0, 1.0, 1.0, 1.0, 1.0, 1.0, 1.0, 1.0, 1.0, 1.0, 1.0, 1.0, 1.0, 1.0, 1.0, 1.0, 1.0, 1.0, 1.0, 1.0, 1.0, 1.0, 1.0, 1.0, 1.0, 1.0, 1.0, 1.0, 1.0, 1.0, 1.0, 1.0, 1.0, 1.0, 1.0, 1.0, 1.0, 1.0, 1.0, 1.0, 1.0, 1.0, 1.0, 1.0, 1.0, 1.0, 1.0, 1.0, 1.0, 1.0, 1.0, 1.0]},
                      'case': 'T31_LL2',
                      'constant_Sq_heat': 0.04443037974683545,
                      'use_visc_heating': False,
                      'Pr_turb': 1.0,
                      'fprint': '<function '
                                'Build_arguments_fi_run._mk_args_MK_solver.<locals>.<lambda> '
                                'at 0x7fc693e99ee0>',
                      'compressible_correction': False,
                      'bool_solve_energy': False,
                      'output_last': False},
  'u_imp': 1,
  'k_imp': 1,
  'e_imp': 0,
  'solve_sparse_adj': True,
  'all_ref_beta_distrib': {'K': [1.0, 0.9999057, 0.99980996, 0.99971465, 0.99962111, 0.99953123, 0.99944757, 0.9993735, 0.99931323, 0.99927172, 0.99925453, 0.99926756, 0.99931724, 0.99941119, 0.99955866, 0.99976923, 1.00005131, 1.00041444, 1.00087128, 1.00143179, 1.00210049, 1.00287968, 1.0037652, 1.0047459, 1.00580784, 1.0069346, 1.00810836, 1.00931175, 1.01052935, 1.01174722, 1.01295088, 1.01412903, 1.01527825, 1.01638499, 1.01742351, 1.01839269, 1.01929616, 1.02010085, 1.02078298, 1.02135015, 1.02177713, 1.02200974, 1.02204521, 1.02193789, 1.02170742, 1.02126492, 1.02046506, 1.01921249, 1.01753264, 1.01553755, 1.01334264, 1.01098644, 1.0084027, 1.0054521, 1.00198226, 0.99789244, 0.99317569, 0.98793293, 0.98236073, 0.97672429, 0.97132056, 0.96644564, 0.96236555, 0.95929787, 0.95740011, 0.95676656, 0.95742881, 0.95936242, 0.9624942, 0.96671331, 0.97187924, 0.97782971, 0.98438756, 0.99136624, 0.99857582, 1.0058274, 1.01293603, 1.0197227, 1.0260167, 1.03166144, 1.03652175, 1.04048999, 1.0434909, 1.04548691, 1.04647958, 1.0465086, 1.04565011, 1.04401248, 1.04173257, 1.03896683, 1.03588233, 1.03264915, 1.02942951, 1.02637, 1.02359441, 1.0212019, 1.01926666, 1.01784247, 1.01696932, 1.00833684], 'E': [1.0, 1.0, 1.0, 1.0, 1.0, 1.0, 1.0, 1.0, 1.0, 1.0, 1.0, 1.0, 1.0, 1.0, 1.0, 1.0, 1.0, 1.0, 1.0, 1.0, 1.0, 1.0, 1.0, 1.0, 1.0, 1.0, 1.0, 1.0, 1.0, 1.0, 1.0, 1.0, 1.0, 1.0, 1.0, 1.0, 1.0, 1.0, 1.0, 1.0, 1.0, 1.0, 1.0, 1.0, 1.0, 1.0, 1.0, 1.0, 1.0, 1.0, 1.0, 1.0, 1.0, 1.0, 1.0, 1.0, 1.0, 1.0, 1.0, 1.0, 1.0, 1.0, 1.0, 1.0, 1.0, 1.0, 1.0, 1.0, 1.0, 1.0, 1.0, 1.0, 1.0, 1.0, 1.0, 1.0, 1.0, 1.0, 1.0, 1.0, 1.0, 1.0, 1.0, 1.0, 1.0, 1.0, 1.0, 1.0, 1.0, 1.0, 1.0, 1.0, 1.0, 1.0, 1.0, 1.0, 1.0, 1.0, 1.0, 1.0]},
  'all_ref_delta_distrib': {'K': [-0.0, 0.004081518324096637, 0.008289457750277706, 0.012565735151571828, 0.016880098037998417, 0.021180996140195127, 0.025386539208135814, 0.029372163344683795, 0.03295995049358649, 0.035909696170682466, 0.037908856805214115, 0.038564301706878724, 0.03736714984524625, 0.033624063022226126, 0.026388208690413816, 0.014489839596230337, -0.0033908535952508214, -0.02886567806084418, -0.06398076971668604, -0.1107712090938254, -0.17085066309901542, -0.2452889738569709, -0.3338186371980963, -0.4344189448508604, -0.5436058033148721, -0.6567323920248147, -0.768621339598989, -0.8743634132939431, -0.9699737564705596, -1.0526231438936922, -1.1204982881923438, -1.1730098515603924, -1.21091602312882, -1.234599717188608, -1.2439322912118655, -1.2408579280945529, -1.2275417069687133, -1.203738869577472, -1.1700226460062346, -1.1287335691872122, -1.0802514025342502, -1.0237095261807105, -0.9608939255798334, -0.8957018635699803, -0.8299069592092158, -0.7610502467599531, -0.6854755671416588, -0.6021641300391096, -0.5141288460196844, -0.42624353363094025, -0.34240463306266583, -0.26373151337536516, -0.1886805733676337, -0.11452014473622249, -0.038949725248531485, 0.03874131205602856, 0.11736425701763634, 0.19417781042150023, 0.2656076703928635, 0.327995918622434, 0.3782544499727072, 0.41423674133122407, 0.43491343345801386, 0.44032440306646126, 0.43142866621744047, 0.4098772664568428, 0.37778987454925056, 0.3375238619281172, 0.2914938440342383, 0.24201061501581414, 0.19118966178170338, 0.14089011005125474, 0.0926835437299961, 0.04784681015047705, 0.007361723397632386, -0.028069027203596185, -0.057995877306556344, -0.08219283340487293, -0.10063145190586802, -0.11346839753406054, -0.1210333008218047, -0.12380682831315523, -0.12239178547388231, -0.11748428209416273, -0.10983431705146313, -0.10020482228788379, -0.08933563282206633, -0.07790952198749744, -0.06652749278501364, -0.05568391842900095, -0.04575318114206505, -0.03698797912532389, -0.02952215645184074, -0.0233853205158, -0.01852318252987375, -0.014824990755765073, -0.012151051274149196, -0.010360817579612366, -0.009337521393266436, -0.004502286098427147], 'E': [-0.0, -0.0, -0.0, -0.0, -0.0, -0.0, -0.0, -0.0, -0.0, -0.0, -0.0, -0.0, -0.0, -0.0, -0.0, -0.0, -0.0, -0.0, -0.0, -0.0, -0.0, -0.0, -0.0, -0.0, -0.0, -0.0, -0.0, -0.0, -0.0, -0.0, -0.0, -0.0, -0.0, -0.0, -0.0, -0.0, -0.0, -0.0, -0.0, -0.0, -0.0, -0.0, -0.0, -0.0, -0.0, -0.0, -0.0, -0.0, -0.0, -0.0, -0.0, -0.0, -0.0, -0.0, -0.0, -0.0, -0.0, -0.0, -0.0, -0.0, -0.0, -0.0, -0.0, -0.0, -0.0, -0.0, -0.0, -0.0, -0.0, -0.0, -0.0, -0.0, -0.0, -0.0, -0.0, -0.0, -0.0, -0.0, -0.0, -0.0, -0.0, -0.0, -0.0, -0.0, -0.0, -0.0, -0.0, -0.0, -0.0, -0.0, -0.0, -0.0, -0.0, -0.0, -0.0, -0.0, -0.0, -0.0, -0.0, -0.0]},
  'fname_print': '/media/rafael/DATA/Dropbox/20220924_FIML_solver/data/output/field_inversion/Beta_k/u_imp_1/FI_run_T31_LL2_u_imp_1_k_imp_1_e_imp_0/FI_run_T31_LL2_u_imp_1_k_imp_1_e_imp_0.log',
  'folder': '/media/rafael/DATA/Dropbox/20220924_FIML_solver/data/output/field_inversion/Beta_k/u_imp_1/FI_run_T31_LL2_u_imp_1_k_imp_1_e_imp_0',
  'iters_limit': 15000}
# End_Input_Arguments

# ------------------------------------------------------------------------
#                  Iterations
# ------------------------------------------------------------------------

iter:      0 (Jcost: 1.450760e-02) (lr = 1.000e-03) (elapsed time:  0.001) (secs/iter:   None) (n_accepted: 0%) (u_error:  2.472956 %) (beta_change:  4.650860 %) (delta_change:  0.992264 %) (delta_peak/R:  0.000000 %)
-> Saved file: /media/rafael/DATA/Dropbox/20220924_FIML_solver/data/output/field_inversion/Beta_k/u_imp_1/FI_run_T31_LL2_u_imp_1_k_imp_1_e_imp_0/FI_run_T31_LL2_u_imp_1_k_imp_1_e_imp_0_state_iter_0.dat
iter:    100 (Jcost: 5.597292e-03) (lr = 7.874e-01) (elapsed time: 94.754) (secs/iter:  0.948) (n_accepted: 87%) (u_error:  1.663643 %) (beta_change:  2.247462 %) (delta_change:  0.138445 %) (delta_peak/R:  0.934449 %)
iter:    200 (Jcost: 5.507310e-03) (lr = 1.622e+00) (elapsed time: 185.897) (secs/iter:  0.911) (n_accepted: 80%) (u_error:  1.653769 %) (beta_change:  0.667954 %) (delta_change:  0.064403 %) (delta_peak/R:  0.940456 %)
iter:    300 (Jcost: 5.481148e-03) (lr = 5.802e-01) (elapsed time: 275.913) (secs/iter:  0.900) (n_accepted: 78%) (u_error:  1.645393 %) (beta_change:  1.337594 %) (delta_change:  0.080907 %) (delta_peak/R:  0.945735 %)
iter:    400 (Jcost: 5.472352e-03) (lr = 1.195e+00) (elapsed time: 363.132) (secs/iter:  0.872) (n_accepted: 80%) (u_error:  1.645308 %) (beta_change:  1.940604 %) (delta_change:  0.092894 %) (delta_peak/R:  0.943315 %)
iter:    500 (Jcost: 5.468274e-03) (lr = 1.781e-01) (elapsed time: 448.536) (secs/iter:  0.854) (n_accepted: 77%) (u_error:  1.643541 %) (beta_change:  2.353164 %) (delta_change:  0.109401 %) (delta_peak/R:  0.943788 %)
-> Saved file: /media/rafael/DATA/Dropbox/20220924_FIML_solver/data/output/field_inversion/Beta_k/u_imp_1/FI_run_T31_LL2_u_imp_1_k_imp_1_e_imp_0/FI_run_T31_LL2_u_imp_1_k_imp_1_e_imp_0_state_iter_500.dat
iter:    600 (Jcost: 5.466092e-03) (lr = 3.670e-01) (elapsed time: 535.638) (secs/iter:  0.871) (n_accepted: 80%) (u_error:  1.643036 %) (beta_change:  2.636517 %) (delta_change:  0.120367 %) (delta_peak/R:  0.943303 %)
iter:    700 (Jcost: 5.464769e-03) (lr = 7.560e-01) (elapsed time: 613.091) (secs/iter:  0.775) (n_accepted: 80%) (u_error:  1.642573 %) (beta_change:  2.830459 %) (delta_change:  0.127137 %) (delta_peak/R:  0.943068 %)
iter:    800 (Jcost: 5.463907e-03) (lr = 1.558e+00) (elapsed time: 688.031) (secs/iter:  0.749) (n_accepted: 80%) (u_error:  1.642328 %) (beta_change:  2.971714 %) (delta_change:  0.131074 %) (delta_peak/R:  0.942782 %)
iter:    900 (Jcost: 5.463421e-03) (lr = 1.337e+00) (elapsed time: 765.142) (secs/iter:  0.771) (n_accepted: 79%) (u_error:  1.641987 %) (beta_change:  3.070193 %) (delta_change:  0.133229 %) (delta_peak/R:  0.942798 %)
iter:   1000 (Jcost: 5.462997e-03) (lr = 1.148e+00) (elapsed time: 837.012) (secs/iter:  0.719) (n_accepted: 79%) (u_error:  1.642324 %) (beta_change:  3.153602 %) (delta_change:  0.135435 %) (delta_peak/R:  0.942097 %)
-> Saved file: /media/rafael/DATA/Dropbox/20220924_FIML_solver/data/output/field_inversion/Beta_k/u_imp_1/FI_run_T31_LL2_u_imp_1_k_imp_1_e_imp_0/FI_run_T31_LL2_u_imp_1_k_imp_1_e_imp_0_state_iter_1000.dat
iter:   1100 (Jcost: 5.462729e-03) (lr = 2.364e+00) (elapsed time: 913.738) (secs/iter:  0.767) (n_accepted: 80%) (u_error:  1.641666 %) (beta_change:  3.222858 %) (delta_change:  0.136420 %) (delta_peak/R:  0.942578 %)
iter:   1200 (Jcost: 5.462493e-03) (lr = 8.457e-01) (elapsed time: 990.779) (secs/iter:  0.770) (n_accepted: 78%) (u_error:  1.641394 %) (beta_change:  3.286037 %) (delta_change:  0.136967 %) (delta_peak/R:  0.942660 %)
iter:   1300 (Jcost: 5.462296e-03) (lr = 3.025e-01) (elapsed time: 1057.302) (secs/iter:  0.665) (n_accepted: 78%) (u_error:  1.641418 %) (beta_change:  3.335467 %) (delta_change:  0.137125 %) (delta_peak/R:  0.942454 %)
iter:   1400 (Jcost: 5.462128e-03) (lr = 1.495e+00) (elapsed time: 1128.849) (secs/iter:  0.715) (n_accepted: 81%) (u_error:  1.641521 %) (beta_change:  3.373613 %) (delta_change:  0.137031 %) (delta_peak/R:  0.942189 %)
iter:   1500 (Jcost: 5.462001e-03) (lr = 1.284e+00) (elapsed time: 1200.851) (secs/iter:  0.720) (n_accepted: 79%) (u_error:  1.641354 %) (beta_change:  3.398445 %) (delta_change:  0.136827 %) (delta_peak/R:  0.942254 %)
-> Saved file: /media/rafael/DATA/Dropbox/20220924_FIML_solver/data/output/field_inversion/Beta_k/u_imp_1/FI_run_T31_LL2_u_imp_1_k_imp_1_e_imp_0/FI_run_T31_LL2_u_imp_1_k_imp_1_e_imp_0_state_iter_1500.dat
iter:   1600 (Jcost: 5.461881e-03) (lr = 1.102e+00) (elapsed time: 1277.150) (secs/iter:  0.763) (n_accepted: 79%) (u_error:  1.641324 %) (beta_change:  3.483753 %) (delta_change:  0.136550 %) (delta_peak/R:  0.942178 %)
iter:   1700 (Jcost: 5.461770e-03) (lr = 2.270e+00) (elapsed time: 1347.592) (secs/iter:  0.704) (n_accepted: 80%) (u_error:  1.641192 %) (beta_change:  3.642197 %) (delta_change:  0.136237 %) (delta_peak/R:  0.942223 %)
iter:   1800 (Jcost: 5.461671e-03) (lr = 3.383e-01) (elapsed time: 1416.813) (secs/iter:  0.692) (n_accepted: 77%) (u_error:  1.641072 %) (beta_change:  3.790882 %) (delta_change:  0.135932 %) (delta_peak/R:  0.942268 %)
iter:   1900 (Jcost: 5.461563e-03) (lr = 4.015e+00) (elapsed time: 1480.088) (secs/iter:  0.633) (n_accepted: 82%) (u_error:  1.641283 %) (beta_change:  3.961816 %) (delta_change:  0.135589 %) (delta_peak/R:  0.941953 %)
iter:   2000 (Jcost: 5.461471e-03) (lr = 5.983e-01) (elapsed time: 1550.664) (secs/iter:  0.706) (n_accepted: 77%) (u_error:  1.641341 %) (beta_change:  4.112590 %) (delta_change:  0.135296 %) (delta_peak/R:  0.941818 %)
-> Saved file: /media/rafael/DATA/Dropbox/20220924_FIML_solver/data/output/field_inversion/Beta_k/u_imp_1/FI_run_T31_LL2_u_imp_1_k_imp_1_e_imp_0/FI_run_T31_LL2_u_imp_1_k_imp_1_e_imp_0_state_iter_2000.dat
iter:   2100 (Jcost: 5.461382e-03) (lr = 5.136e-01) (elapsed time: 1621.792) (secs/iter:  0.711) (n_accepted: 79%) (u_error:  1.641154 %) (beta_change:  4.261763 %) (delta_change:  0.135020 %) (delta_peak/R:  0.941952 %)
iter:   2200 (Jcost: 5.461292e-03) (lr = 1.837e-01) (elapsed time: 1691.309) (secs/iter:  0.695) (n_accepted: 78%) (u_error:  1.641051 %) (beta_change:  4.418242 %) (delta_change:  0.134751 %) (delta_peak/R:  0.941995 %)
iter:   2300 (Jcost: 5.461202e-03) (lr = 2.180e+00) (elapsed time: 1761.329) (secs/iter:  0.700) (n_accepted: 82%) (u_error:  1.641138 %) (beta_change:  4.576238 %) (delta_change:  0.134503 %) (delta_peak/R:  0.941838 %)
iter:   2400 (Jcost: 5.461114e-03) (lr = 7.796e-01) (elapsed time: 1835.376) (secs/iter:  0.740) (n_accepted: 78%) (u_error:  1.641210 %) (beta_change:  4.734715 %) (delta_change:  0.134276 %) (delta_peak/R:  0.941699 %)
iter:   2500 (Jcost: 5.461031e-03) (lr = 2.788e-01) (elapsed time: 1907.293) (secs/iter:  0.719) (n_accepted: 78%) (u_error:  1.641092 %) (beta_change:  4.885126 %) (delta_change:  0.134077 %) (delta_peak/R:  0.941771 %)
-> Saved file: /media/rafael/DATA/Dropbox/20220924_FIML_solver/data/output/field_inversion/Beta_k/u_imp_1/FI_run_T31_LL2_u_imp_1_k_imp_1_e_imp_0/FI_run_T31_LL2_u_imp_1_k_imp_1_e_imp_0_state_iter_2500.dat
iter:   2600 (Jcost: 5.460954e-03) (lr = 1.379e+00) (elapsed time: 1955.314) (secs/iter:  0.480) (n_accepted: 81%) (u_error:  1.641024 %) (beta_change:  5.027744 %) (delta_change:  0.133905 %) (delta_peak/R:  0.941792 %)
iter:   2700 (Jcost: 5.460872e-03) (lr = 4.931e-01) (elapsed time: 1999.185) (secs/iter:  0.439) (n_accepted: 78%) (u_error:  1.640936 %) (beta_change:  5.179559 %) (delta_change:  0.133736 %) (delta_peak/R:  0.941835 %)
iter:   2800 (Jcost: 5.460794e-03) (lr = 1.016e+00) (elapsed time: 2043.891) (secs/iter:  0.447) (n_accepted: 80%) (u_error:  1.641004 %) (beta_change:  5.325585 %) (delta_change:  0.133590 %) (delta_peak/R:  0.941713 %)
iter:   2900 (Jcost: 5.460716e-03) (lr = 3.633e-01) (elapsed time: 2119.106) (secs/iter:  0.752) (n_accepted: 78%) (u_error:  1.640958 %) (beta_change:  5.472602 %) (delta_change:  0.133454 %) (delta_peak/R:  0.941714 %)
iter:   3000 (Jcost: 5.460630e-03) (lr = 1.797e+00) (elapsed time: 2167.096) (secs/iter:  0.480) (n_accepted: 81%) (u_error:  1.640987 %) (beta_change:  5.638001 %) (delta_change:  0.133315 %) (delta_peak/R:  0.941630 %)
-> Saved file: /media/rafael/DATA/Dropbox/20220924_FIML_solver/data/output/field_inversion/Beta_k/u_imp_1/FI_run_T31_LL2_u_imp_1_k_imp_1_e_imp_0/FI_run_T31_LL2_u_imp_1_k_imp_1_e_imp_0_state_iter_3000.dat
iter:   3100 (Jcost: 5.460550e-03) (lr = 6.426e-01) (elapsed time: 2240.450) (secs/iter:  0.734) (n_accepted: 78%) (u_error:  1.640674 %) (beta_change:  5.792890 %) (delta_change:  0.133191 %) (delta_peak/R:  0.941917 %)
iter:   3200 (Jcost: 5.460480e-03) (lr = 5.516e-01) (elapsed time: 2310.177) (secs/iter:  0.697) (n_accepted: 79%) (u_error:  1.640915 %) (beta_change:  5.925669 %) (delta_change:  0.133099 %) (delta_peak/R:  0.941617 %)
iter:   3300 (Jcost: 5.460400e-03) (lr = 4.735e-01) (elapsed time: 2379.874) (secs/iter:  0.697) (n_accepted: 79%) (u_error:  1.640767 %) (beta_change:  6.081641 %) (delta_change:  0.132994 %) (delta_peak/R:  0.941729 %)
iter:   3400 (Jcost: 5.460322e-03) (lr = 5.618e+00) (elapsed time: 2446.084) (secs/iter:  0.662) (n_accepted: 82%) (u_error:  1.640691 %) (beta_change:  6.234870 %) (delta_change:  0.132899 %) (delta_peak/R:  0.941765 %)
iter:   3500 (Jcost: 5.460242e-03) (lr = 3.489e-01) (elapsed time: 2505.174) (secs/iter:  0.591) (n_accepted: 76%) (u_error:  1.640730 %) (beta_change:  6.390315 %) (delta_change:  0.132811 %) (delta_peak/R:  0.941679 %)
-> Saved file: /media/rafael/DATA/Dropbox/20220924_FIML_solver/data/output/field_inversion/Beta_k/u_imp_1/FI_run_T31_LL2_u_imp_1_k_imp_1_e_imp_0/FI_run_T31_LL2_u_imp_1_k_imp_1_e_imp_0_state_iter_3500.dat
iter:   3600 (Jcost: 5.460170e-03) (lr = 7.187e-01) (elapsed time: 2582.702) (secs/iter:  0.775) (n_accepted: 80%) (u_error:  1.641057 %) (beta_change:  6.533308 %) (delta_change:  0.132739 %) (delta_peak/R:  0.941287 %)
iter:   3700 (Jcost: 5.460101e-03) (lr = 6.170e-01) (elapsed time: 2653.822) (secs/iter:  0.711) (n_accepted: 79%) (u_error:  1.640872 %) (beta_change:  6.669244 %) (delta_change:  0.132669 %) (delta_peak/R:  0.941447 %)
iter:   3800 (Jcost: 5.460023e-03) (lr = 3.050e+00) (elapsed time: 2722.237) (secs/iter:  0.684) (n_accepted: 81%) (u_error:  1.640646 %) (beta_change:  6.825424 %) (delta_change:  0.132592 %) (delta_peak/R:  0.941644 %)
iter:   3900 (Jcost: 5.459950e-03) (lr = 2.618e+00) (elapsed time: 2784.628) (secs/iter:  0.624) (n_accepted: 79%) (u_error:  1.640619 %) (beta_change:  6.969990 %) (delta_change:  0.132528 %) (delta_peak/R:  0.941634 %)
iter:   4000 (Jcost: 5.459885e-03) (lr = 2.248e+00) (elapsed time: 2852.064) (secs/iter:  0.674) (n_accepted: 79%) (u_error:  1.640833 %) (beta_change:  7.099166 %) (delta_change:  0.132475 %) (delta_peak/R:  0.941368 %)
-> Saved file: /media/rafael/DATA/Dropbox/20220924_FIML_solver/data/output/field_inversion/Beta_k/u_imp_1/FI_run_T31_LL2_u_imp_1_k_imp_1_e_imp_0/FI_run_T31_LL2_u_imp_1_k_imp_1_e_imp_0_state_iter_4000.dat
iter:   4100 (Jcost: 5.459811e-03) (lr = 1.929e+00) (elapsed time: 2921.407) (secs/iter:  0.693) (n_accepted: 79%) (u_error:  1.641152 %) (beta_change:  7.252144 %) (delta_change:  0.132418 %) (delta_peak/R:  0.940984 %)
iter:   4200 (Jcost: 5.459743e-03) (lr = 1.656e+00) (elapsed time: 2992.983) (secs/iter:  0.716) (n_accepted: 79%) (u_error:  1.640778 %) (beta_change:  7.385032 %) (delta_change:  0.132362 %) (delta_peak/R:  0.941349 %)
iter:   4300 (Jcost: 5.459670e-03) (lr = 2.468e-01) (elapsed time: 3056.738) (secs/iter:  0.638) (n_accepted: 77%) (u_error:  1.640785 %) (beta_change:  7.533181 %) (delta_change:  0.132308 %) (delta_peak/R:  0.941301 %)
iter:   4400 (Jcost: 5.459600e-03) (lr = 5.085e-01) (elapsed time: 3121.151) (secs/iter:  0.644) (n_accepted: 80%) (u_error:  1.640899 %) (beta_change:  7.676492 %) (delta_change:  0.132259 %) (delta_peak/R:  0.941141 %)
iter:   4500 (Jcost: 5.459536e-03) (lr = 1.048e+00) (elapsed time: 3166.230) (secs/iter:  0.451) (n_accepted: 80%) (u_error:  1.640736 %) (beta_change:  7.807042 %) (delta_change:  0.132213 %) (delta_peak/R:  0.941281 %)
-> Saved file: /media/rafael/DATA/Dropbox/20220924_FIML_solver/data/output/field_inversion/Beta_k/u_imp_1/FI_run_T31_LL2_u_imp_1_k_imp_1_e_imp_0/FI_run_T31_LL2_u_imp_1_k_imp_1_e_imp_0_state_iter_4500.dat
iter:   4600 (Jcost: 5.459460e-03) (lr = 2.158e+00) (elapsed time: 3208.272) (secs/iter:  0.420) (n_accepted: 80%) (u_error:  1.640720 %) (beta_change:  7.961816 %) (delta_change:  0.132162 %) (delta_peak/R:  0.941256 %)
iter:   4700 (Jcost: 5.459386e-03) (lr = 1.853e+00) (elapsed time: 3250.633) (secs/iter:  0.424) (n_accepted: 79%) (u_error:  1.640696 %) (beta_change:  8.114155 %) (delta_change:  0.132114 %) (delta_peak/R:  0.941242 %)
iter:   4800 (Jcost: 5.459312e-03) (lr = 1.590e+00) (elapsed time: 3288.057) (secs/iter:  0.374) (n_accepted: 79%) (u_error:  1.641030 %) (beta_change:  8.270207 %) (delta_change:  0.132071 %) (delta_peak/R:  0.940842 %)
iter:   4900 (Jcost: 5.459241e-03) (lr = 2.370e-01) (elapsed time: 3325.595) (secs/iter:  0.375) (n_accepted: 77%) (u_error:  1.640496 %) (beta_change:  8.414506 %) (delta_change:  0.132023 %) (delta_peak/R:  0.941377 %)
iter:   5000 (Jcost: 5.459171e-03) (lr = 2.812e+00) (elapsed time: 3371.390) (secs/iter:  0.458) (n_accepted: 82%) (u_error:  1.640673 %) (beta_change:  8.559539 %) (delta_change:  0.131984 %) (delta_peak/R:  0.941150 %)
-> Saved file: /media/rafael/DATA/Dropbox/20220924_FIML_solver/data/output/field_inversion/Beta_k/u_imp_1/FI_run_T31_LL2_u_imp_1_k_imp_1_e_imp_0/FI_run_T31_LL2_u_imp_1_k_imp_1_e_imp_0_state_iter_5000.dat
iter:   5100 (Jcost: 5.459098e-03) (lr = 2.414e+00) (elapsed time: 3446.547) (secs/iter:  0.752) (n_accepted: 79%) (u_error:  1.640586 %) (beta_change:  8.711788 %) (delta_change:  0.131941 %) (delta_peak/R:  0.941203 %)
iter:   5200 (Jcost: 5.459037e-03) (lr = 8.634e-01) (elapsed time: 3515.926) (secs/iter:  0.694) (n_accepted: 78%) (u_error:  1.640643 %) (beta_change:  8.839217 %) (delta_change:  0.131908 %) (delta_peak/R:  0.941109 %)
iter:   5300 (Jcost: 5.458964e-03) (lr = 1.779e+00) (elapsed time: 3579.735) (secs/iter:  0.638) (n_accepted: 80%) (u_error:  1.640640 %) (beta_change:  8.992660 %) (delta_change:  0.131868 %) (delta_peak/R:  0.941072 %)
iter:   5400 (Jcost: 5.458893e-03) (lr = 1.527e+00) (elapsed time: 3630.206) (secs/iter:  0.505) (n_accepted: 79%) (u_error:  1.640390 %) (beta_change:  9.142750 %) (delta_change:  0.131827 %) (delta_peak/R:  0.941302 %)
iter:   5500 (Jcost: 5.458830e-03) (lr = 5.461e-01) (elapsed time: 3672.437) (secs/iter:  0.422) (n_accepted: 78%) (u_error:  1.640595 %) (beta_change:  9.274491 %) (delta_change:  0.131797 %) (delta_peak/R:  0.941048 %)
-> Saved file: /media/rafael/DATA/Dropbox/20220924_FIML_solver/data/output/field_inversion/Beta_k/u_imp_1/FI_run_T31_LL2_u_imp_1_k_imp_1_e_imp_0/FI_run_T31_LL2_u_imp_1_k_imp_1_e_imp_0_state_iter_5500.dat
iter:   5600 (Jcost: 5.458758e-03) (lr = 1.125e+00) (elapsed time: 3724.369) (secs/iter:  0.519) (n_accepted: 80%) (u_error:  1.640726 %) (beta_change:  9.427098 %) (delta_change:  0.131762 %) (delta_peak/R:  0.940868 %)
iter:   5700 (Jcost: 5.458691e-03) (lr = 4.024e-01) (elapsed time: 3768.203) (secs/iter:  0.438) (n_accepted: 78%) (u_error:  1.640594 %) (beta_change:  9.568807 %) (delta_change:  0.131727 %) (delta_peak/R:  0.940974 %)
iter:   5800 (Jcost: 5.458619e-03) (lr = 3.454e-01) (elapsed time: 3810.628) (secs/iter:  0.424) (n_accepted: 79%) (u_error:  1.640625 %) (beta_change:  9.720688 %) (delta_change:  0.131693 %) (delta_peak/R:  0.940901 %)
iter:   5900 (Jcost: 5.458558e-03) (lr = 1.708e+00) (elapsed time: 3852.964) (secs/iter:  0.423) (n_accepted: 81%) (u_error:  1.640539 %) (beta_change:  9.852125 %) (delta_change:  0.131662 %) (delta_peak/R:  0.940960 %)
iter:   6000 (Jcost: 5.458491e-03) (lr = 6.108e-01) (elapsed time: 3897.794) (secs/iter:  0.448) (n_accepted: 78%) (u_error:  1.640383 %) (beta_change:  9.995637 %) (delta_change:  0.131628 %) (delta_peak/R:  0.941090 %)
-> Saved file: /media/rafael/DATA/Dropbox/20220924_FIML_solver/data/output/field_inversion/Beta_k/u_imp_1/FI_run_T31_LL2_u_imp_1_k_imp_1_e_imp_0/FI_run_T31_LL2_u_imp_1_k_imp_1_e_imp_0_state_iter_6000.dat
iter:   6100 (Jcost: 5.458431e-03) (lr = 5.244e-01) (elapsed time: 3944.335) (secs/iter:  0.465) (n_accepted: 79%) (u_error:  1.640501 %) (beta_change: 10.123718 %) (delta_change:  0.131602 %) (delta_peak/R:  0.940932 %)
iter:   6200 (Jcost: 5.458359e-03) (lr = 1.080e+00) (elapsed time: 3986.190) (secs/iter:  0.419) (n_accepted: 80%) (u_error:  1.640482 %) (beta_change: 10.279144 %) (delta_change:  0.131568 %) (delta_peak/R:  0.940913 %)
iter:   6300 (Jcost: 5.458294e-03) (lr = 9.273e-01) (elapsed time: 4029.635) (secs/iter:  0.434) (n_accepted: 79%) (u_error:  1.640429 %) (beta_change: 10.417933 %) (delta_change:  0.131538 %) (delta_peak/R:  0.940934 %)
iter:   6400 (Jcost: 5.458230e-03) (lr = 7.960e-01) (elapsed time: 4069.746) (secs/iter:  0.401) (n_accepted: 79%) (u_error:  1.640478 %) (beta_change: 10.556567 %) (delta_change:  0.131510 %) (delta_peak/R:  0.940846 %)
iter:   6500 (Jcost: 5.458160e-03) (lr = 2.847e-01) (elapsed time: 4127.148) (secs/iter:  0.574) (n_accepted: 78%) (u_error:  1.640515 %) (beta_change: 10.707845 %) (delta_change:  0.131480 %) (delta_peak/R:  0.940769 %)
-> Saved file: /media/rafael/DATA/Dropbox/20220924_FIML_solver/data/output/field_inversion/Beta_k/u_imp_1/FI_run_T31_LL2_u_imp_1_k_imp_1_e_imp_0/FI_run_T31_LL2_u_imp_1_k_imp_1_e_imp_0_state_iter_6500.dat
iter:   6600 (Jcost: 5.458097e-03) (lr = 1.408e+00) (elapsed time: 4172.796) (secs/iter:  0.456) (n_accepted: 81%) (u_error:  1.640176 %) (beta_change: 10.848388 %) (delta_change:  0.131447 %) (delta_peak/R:  0.941102 %)
iter:   6700 (Jcost: 5.458033e-03) (lr = 5.035e-01) (elapsed time: 4213.395) (secs/iter:  0.406) (n_accepted: 78%) (u_error:  1.640445 %) (beta_change: 10.983761 %) (delta_change:  0.131424 %) (delta_peak/R:  0.940774 %)
iter:   6800 (Jcost: 5.457960e-03) (lr = 1.037e+00) (elapsed time: 4253.364) (secs/iter:  0.400) (n_accepted: 80%) (u_error:  1.640371 %) (beta_change: 11.143581 %) (delta_change:  0.131392 %) (delta_peak/R:  0.940813 %)
iter:   6900 (Jcost: 5.457900e-03) (lr = 8.903e-01) (elapsed time: 4296.916) (secs/iter:  0.436) (n_accepted: 79%) (u_error:  1.640405 %) (beta_change: 11.275816 %) (delta_change:  0.131367 %) (delta_peak/R:  0.940743 %)
iter:   7000 (Jcost: 5.457829e-03) (lr = 7.643e-01) (elapsed time: 4338.791) (secs/iter:  0.419) (n_accepted: 79%) (u_error:  1.640158 %) (beta_change: 11.432330 %) (delta_change:  0.131334 %) (delta_peak/R:  0.940971 %)
-> Saved file: /media/rafael/DATA/Dropbox/20220924_FIML_solver/data/output/field_inversion/Beta_k/u_imp_1/FI_run_T31_LL2_u_imp_1_k_imp_1_e_imp_0/FI_run_T31_LL2_u_imp_1_k_imp_1_e_imp_0_state_iter_7000.dat
iter:   7100 (Jcost: 5.457765e-03) (lr = 1.574e+00) (elapsed time: 4383.661) (secs/iter:  0.449) (n_accepted: 80%) (u_error:  1.640313 %) (beta_change: 11.572852 %) (delta_change:  0.131309 %) (delta_peak/R:  0.940768 %)
iter:   7200 (Jcost: 5.457702e-03) (lr = 2.346e-01) (elapsed time: 4426.605) (secs/iter:  0.429) (n_accepted: 77%) (u_error:  1.640356 %) (beta_change: 11.710868 %) (delta_change:  0.131284 %) (delta_peak/R:  0.940686 %)
iter:   7300 (Jcost: 5.457635e-03) (lr = 4.834e-01) (elapsed time: 4488.709) (secs/iter:  0.621) (n_accepted: 80%) (u_error:  1.640334 %) (beta_change: 11.858217 %) (delta_change:  0.131257 %) (delta_peak/R:  0.940673 %)
iter:   7400 (Jcost: 5.457572e-03) (lr = 1.729e-01) (elapsed time: 4556.196) (secs/iter:  0.675) (n_accepted: 78%) (u_error:  1.640380 %) (beta_change: 11.997673 %) (delta_change:  0.131232 %) (delta_peak/R:  0.940588 %)
iter:   7500 (Jcost: 5.457508e-03) (lr = 8.549e-01) (elapsed time: 4623.004) (secs/iter:  0.668) (n_accepted: 81%) (u_error:  1.640226 %) (beta_change: 12.140945 %) (delta_change:  0.131205 %) (delta_peak/R:  0.940718 %)
-> Saved file: /media/rafael/DATA/Dropbox/20220924_FIML_solver/data/output/field_inversion/Beta_k/u_imp_1/FI_run_T31_LL2_u_imp_1_k_imp_1_e_imp_0/FI_run_T31_LL2_u_imp_1_k_imp_1_e_imp_0_state_iter_7500.dat
iter:   7600 (Jcost: 5.457442e-03) (lr = 1.761e+00) (elapsed time: 4689.856) (secs/iter:  0.669) (n_accepted: 80%) (u_error:  1.640272 %) (beta_change: 12.288314 %) (delta_change:  0.131179 %) (delta_peak/R:  0.940631 %)
iter:   7700 (Jcost: 5.457377e-03) (lr = 6.299e-01) (elapsed time: 4732.508) (secs/iter:  0.427) (n_accepted: 78%) (u_error:  1.640454 %) (beta_change: 12.434098 %) (delta_change:  0.131156 %) (delta_peak/R:  0.940400 %)
iter:   7800 (Jcost: 5.457306e-03) (lr = 3.114e+00) (elapsed time: 4771.114) (secs/iter:  0.386) (n_accepted: 81%) (u_error:  1.640571 %) (beta_change: 12.593530 %) (delta_change:  0.131130 %) (delta_peak/R:  0.940234 %)
iter:   7900 (Jcost: 5.457243e-03) (lr = 1.114e+00) (elapsed time: 4808.478) (secs/iter:  0.374) (n_accepted: 78%) (u_error:  1.640263 %) (beta_change: 12.732979 %) (delta_change:  0.131102 %) (delta_peak/R:  0.940530 %)
iter:   8000 (Jcost: 5.457174e-03) (lr = 3.984e-01) (elapsed time: 4871.502) (secs/iter:  0.630) (n_accepted: 78%) (u_error:  1.640544 %) (beta_change: 12.890531 %) (delta_change:  0.131079 %) (delta_peak/R:  0.940189 %)
-> Saved file: /media/rafael/DATA/Dropbox/20220924_FIML_solver/data/output/field_inversion/Beta_k/u_imp_1/FI_run_T31_LL2_u_imp_1_k_imp_1_e_imp_0/FI_run_T31_LL2_u_imp_1_k_imp_1_e_imp_0_state_iter_8000.dat
iter:   8100 (Jcost: 5.457108e-03) (lr = 1.425e-01) (elapsed time: 4937.396) (secs/iter:  0.659) (n_accepted: 78%) (u_error:  1.640244 %) (beta_change: 13.035135 %) (delta_change:  0.131051 %) (delta_peak/R:  0.940475 %)
iter:   8200 (Jcost: 5.457043e-03) (lr = 1.691e+00) (elapsed time: 4984.990) (secs/iter:  0.476) (n_accepted: 82%) (u_error:  1.640258 %) (beta_change: 13.181065 %) (delta_change:  0.131026 %) (delta_peak/R:  0.940423 %)
iter:   8300 (Jcost: 5.456977e-03) (lr = 1.452e+00) (elapsed time: 5027.430) (secs/iter:  0.424) (n_accepted: 79%) (u_error:  1.640281 %) (beta_change: 13.330681 %) (delta_change:  0.131002 %) (delta_peak/R:  0.940361 %)
iter:   8400 (Jcost: 5.456911e-03) (lr = 5.192e-01) (elapsed time: 5071.146) (secs/iter:  0.437) (n_accepted: 78%) (u_error:  1.640069 %) (beta_change: 13.480355 %) (delta_change:  0.130975 %) (delta_peak/R:  0.940550 %)
iter:   8500 (Jcost: 5.456850e-03) (lr = 4.456e-01) (elapsed time: 5116.016) (secs/iter:  0.449) (n_accepted: 79%) (u_error:  1.640319 %) (beta_change: 13.619523 %) (delta_change:  0.130955 %) (delta_peak/R:  0.940248 %)
-> Saved file: /media/rafael/DATA/Dropbox/20220924_FIML_solver/data/output/field_inversion/Beta_k/u_imp_1/FI_run_T31_LL2_u_imp_1_k_imp_1_e_imp_0/FI_run_T31_LL2_u_imp_1_k_imp_1_e_imp_0_state_iter_8500.dat
iter:   8600 (Jcost: 5.456788e-03) (lr = 2.203e+00) (elapsed time: 5167.074) (secs/iter:  0.511) (n_accepted: 81%) (u_error:  1.640023 %) (beta_change: 13.760463 %) (delta_change:  0.130929 %) (delta_peak/R:  0.940530 %)
iter:   8700 (Jcost: 5.456726e-03) (lr = 7.881e-01) (elapsed time: 5236.886) (secs/iter:  0.698) (n_accepted: 78%) (u_error:  1.640099 %) (beta_change: 13.899768 %) (delta_change:  0.130908 %) (delta_peak/R:  0.940414 %)
iter:   8800 (Jcost: 5.456666e-03) (lr = 1.624e+00) (elapsed time: 5306.087) (secs/iter:  0.692) (n_accepted: 80%) (u_error:  1.640148 %) (beta_change: 14.036508 %) (delta_change:  0.130886 %) (delta_peak/R:  0.940327 %)
iter:   8900 (Jcost: 5.456585e-03) (lr = 1.394e+00) (elapsed time: 5368.908) (secs/iter:  0.628) (n_accepted: 79%) (u_error:  1.639957 %) (beta_change: 14.222986 %) (delta_change:  0.130855 %) (delta_peak/R:  0.940485 %)
iter:   9000 (Jcost: 5.456526e-03) (lr = 4.985e-01) (elapsed time: 5438.426) (secs/iter:  0.695) (n_accepted: 78%) (u_error:  1.640269 %) (beta_change: 14.358426 %) (delta_change:  0.130837 %) (delta_peak/R:  0.940117 %)
-> Saved file: /media/rafael/DATA/Dropbox/20220924_FIML_solver/data/output/field_inversion/Beta_k/u_imp_1/FI_run_T31_LL2_u_imp_1_k_imp_1_e_imp_0/FI_run_T31_LL2_u_imp_1_k_imp_1_e_imp_0_state_iter_9000.dat
iter:   9100 (Jcost: 5.456466e-03) (lr = 4.279e-01) (elapsed time: 5507.453) (secs/iter:  0.690) (n_accepted: 79%) (u_error:  1.640102 %) (beta_change: 14.495608 %) (delta_change:  0.130814 %) (delta_peak/R:  0.940262 %)
iter:   9200 (Jcost: 5.456401e-03) (lr = 8.815e-01) (elapsed time: 5572.915) (secs/iter:  0.655) (n_accepted: 80%) (u_error:  1.640074 %) (beta_change: 14.643092 %) (delta_change:  0.130791 %) (delta_peak/R:  0.940254 %)
iter:   9300 (Jcost: 5.456339e-03) (lr = 1.816e+00) (elapsed time: 5642.012) (secs/iter:  0.691) (n_accepted: 80%) (u_error:  1.639950 %) (beta_change: 14.787809 %) (delta_change:  0.130767 %) (delta_peak/R:  0.940352 %)
iter:   9400 (Jcost: 5.456276e-03) (lr = 6.495e-01) (elapsed time: 5710.465) (secs/iter:  0.685) (n_accepted: 78%) (u_error:  1.640089 %) (beta_change: 14.931126 %) (delta_change:  0.130747 %) (delta_peak/R:  0.940166 %)
iter:   9500 (Jcost: 5.456214e-03) (lr = 1.338e+00) (elapsed time: 5780.996) (secs/iter:  0.705) (n_accepted: 80%) (u_error:  1.640038 %) (beta_change: 15.075034 %) (delta_change:  0.130725 %) (delta_peak/R:  0.940185 %)
-> Saved file: /media/rafael/DATA/Dropbox/20220924_FIML_solver/data/output/field_inversion/Beta_k/u_imp_1/FI_run_T31_LL2_u_imp_1_k_imp_1_e_imp_0/FI_run_T31_LL2_u_imp_1_k_imp_1_e_imp_0_state_iter_9500.dat
iter:   9600 (Jcost: 5.456158e-03) (lr = 1.149e+00) (elapsed time: 5855.126) (secs/iter:  0.741) (n_accepted: 79%) (u_error:  1.640029 %) (beta_change: 15.204998 %) (delta_change:  0.130705 %) (delta_peak/R:  0.940162 %)
iter:   9700 (Jcost: 5.456092e-03) (lr = 9.860e-01) (elapsed time: 5920.731) (secs/iter:  0.656) (n_accepted: 79%) (u_error:  1.639850 %) (beta_change: 15.358446 %) (delta_change:  0.130680 %) (delta_peak/R:  0.940315 %)
iter:   9800 (Jcost: 5.456032e-03) (lr = 8.464e-01) (elapsed time: 5990.605) (secs/iter:  0.699) (n_accepted: 79%) (u_error:  1.640020 %) (beta_change: 15.495885 %) (delta_change:  0.130662 %) (delta_peak/R:  0.940099 %)
iter:   9900 (Jcost: 5.455970e-03) (lr = 3.027e-01) (elapsed time: 6060.825) (secs/iter:  0.702) (n_accepted: 78%) (u_error:  1.640226 %) (beta_change: 15.642271 %) (delta_change:  0.130643 %) (delta_peak/R:  0.939841 %)
iter:  10000 (Jcost: 5.455909e-03) (lr = 6.237e-01) (elapsed time: 6130.113) (secs/iter:  0.693) (n_accepted: 80%) (u_error:  1.639975 %) (beta_change: 15.783260 %) (delta_change:  0.130619 %) (delta_peak/R:  0.940075 %)
-> Saved file: /media/rafael/DATA/Dropbox/20220924_FIML_solver/data/output/field_inversion/Beta_k/u_imp_1/FI_run_T31_LL2_u_imp_1_k_imp_1_e_imp_0/FI_run_T31_LL2_u_imp_1_k_imp_1_e_imp_0_state_iter_10000.dat
iter:  10100 (Jcost: 5.455847e-03) (lr = 5.354e-01) (elapsed time: 6203.542) (secs/iter:  0.734) (n_accepted: 79%) (u_error:  1.639975 %) (beta_change: 15.926002 %) (delta_change:  0.130598 %) (delta_peak/R:  0.940039 %)
iter:  10200 (Jcost: 5.455782e-03) (lr = 1.103e+00) (elapsed time: 6271.996) (secs/iter:  0.685) (n_accepted: 80%) (u_error:  1.639936 %) (beta_change: 16.077155 %) (delta_change:  0.130576 %) (delta_peak/R:  0.940043 %)
iter:  10300 (Jcost: 5.455722e-03) (lr = 2.272e+00) (elapsed time: 6341.210) (secs/iter:  0.692) (n_accepted: 80%) (u_error:  1.639992 %) (beta_change: 16.219446 %) (delta_change:  0.130556 %) (delta_peak/R:  0.939947 %)
iter:  10400 (Jcost: 5.455664e-03) (lr = 3.386e-01) (elapsed time: 6409.304) (secs/iter:  0.681) (n_accepted: 77%) (u_error:  1.640047 %) (beta_change: 16.354718 %) (delta_change:  0.130538 %) (delta_peak/R:  0.939854 %)
iter:  10500 (Jcost: 5.455603e-03) (lr = 1.674e+00) (elapsed time: 6475.046) (secs/iter:  0.657) (n_accepted: 81%) (u_error:  1.639915 %) (beta_change: 16.497046 %) (delta_change:  0.130516 %) (delta_peak/R:  0.939961 %)
-> Saved file: /media/rafael/DATA/Dropbox/20220924_FIML_solver/data/output/field_inversion/Beta_k/u_imp_1/FI_run_T31_LL2_u_imp_1_k_imp_1_e_imp_0/FI_run_T31_LL2_u_imp_1_k_imp_1_e_imp_0_state_iter_10500.dat
iter:  10600 (Jcost: 5.455541e-03) (lr = 1.437e+00) (elapsed time: 6549.912) (secs/iter:  0.749) (n_accepted: 79%) (u_error:  1.639876 %) (beta_change: 16.643413 %) (delta_change:  0.130494 %) (delta_peak/R:  0.939965 %)
iter:  10700 (Jcost: 5.455482e-03) (lr = 2.961e+00) (elapsed time: 6617.184) (secs/iter:  0.673) (n_accepted: 80%) (u_error:  1.639904 %) (beta_change: 16.780654 %) (delta_change:  0.130475 %) (delta_peak/R:  0.939901 %)
iter:  10800 (Jcost: 5.455426e-03) (lr = 1.059e+00) (elapsed time: 6679.795) (secs/iter:  0.626) (n_accepted: 78%) (u_error:  1.639870 %) (beta_change: 16.912838 %) (delta_change:  0.130457 %) (delta_peak/R:  0.939904 %)
iter:  10900 (Jcost: 5.455359e-03) (lr = 2.182e+00) (elapsed time: 6748.486) (secs/iter:  0.687) (n_accepted: 80%) (u_error:  1.639692 %) (beta_change: 17.072660 %) (delta_change:  0.130432 %) (delta_peak/R:  0.940055 %)
iter:  11000 (Jcost: 5.455295e-03) (lr = 7.803e-01) (elapsed time: 6818.404) (secs/iter:  0.699) (n_accepted: 78%) (u_error:  1.639776 %) (beta_change: 17.221268 %) (delta_change:  0.130413 %) (delta_peak/R:  0.939928 %)
-> Saved file: /media/rafael/DATA/Dropbox/20220924_FIML_solver/data/output/field_inversion/Beta_k/u_imp_1/FI_run_T31_LL2_u_imp_1_k_imp_1_e_imp_0/FI_run_T31_LL2_u_imp_1_k_imp_1_e_imp_0_state_iter_11000.dat
iter:  11100 (Jcost: 5.455232e-03) (lr = 2.791e-01) (elapsed time: 6895.661) (secs/iter:  0.773) (n_accepted: 78%) (u_error:  1.640002 %) (beta_change: 17.370876 %) (delta_change:  0.130395 %) (delta_peak/R:  0.939648 %)
iter:  11200 (Jcost: 5.455169e-03) (lr = 5.750e-01) (elapsed time: 6966.691) (secs/iter:  0.710) (n_accepted: 80%) (u_error:  1.639514 %) (beta_change: 17.523364 %) (delta_change:  0.130368 %) (delta_peak/R:  0.940147 %)
iter:  11300 (Jcost: 5.455107e-03) (lr = 4.935e-01) (elapsed time: 7034.810) (secs/iter:  0.681) (n_accepted: 79%) (u_error:  1.639625 %) (beta_change: 17.667313 %) (delta_change:  0.130349 %) (delta_peak/R:  0.939978 %)
iter:  11400 (Jcost: 5.455045e-03) (lr = 1.017e+00) (elapsed time: 7102.092) (secs/iter:  0.673) (n_accepted: 80%) (u_error:  1.639854 %) (beta_change: 17.813370 %) (delta_change:  0.130332 %) (delta_peak/R:  0.939694 %)
iter:  11500 (Jcost: 5.454977e-03) (lr = 2.095e+00) (elapsed time: 7171.613) (secs/iter:  0.695) (n_accepted: 80%) (u_error:  1.639761 %) (beta_change: 17.974751 %) (delta_change:  0.130309 %) (delta_peak/R:  0.939754 %)
-> Saved file: /media/rafael/DATA/Dropbox/20220924_FIML_solver/data/output/field_inversion/Beta_k/u_imp_1/FI_run_T31_LL2_u_imp_1_k_imp_1_e_imp_0/FI_run_T31_LL2_u_imp_1_k_imp_1_e_imp_0_state_iter_11500.dat
iter:  11600 (Jcost: 5.454912e-03) (lr = 1.798e+00) (elapsed time: 7245.687) (secs/iter:  0.741) (n_accepted: 79%) (u_error:  1.639859 %) (beta_change: 18.128507 %) (delta_change:  0.130290 %) (delta_peak/R:  0.939609 %)
iter:  11700 (Jcost: 5.454858e-03) (lr = 1.543e+00) (elapsed time: 7312.204) (secs/iter:  0.665) (n_accepted: 79%) (u_error:  1.639739 %) (beta_change: 18.257893 %) (delta_change:  0.130271 %) (delta_peak/R:  0.939706 %)
iter:  11800 (Jcost: 5.454789e-03) (lr = 5.521e-01) (elapsed time: 7378.346) (secs/iter:  0.661) (n_accepted: 78%) (u_error:  1.639544 %) (beta_change: 18.422011 %) (delta_change:  0.130247 %) (delta_peak/R:  0.939876 %)
iter:  11900 (Jcost: 5.454730e-03) (lr = 2.730e+00) (elapsed time: 7446.341) (secs/iter:  0.680) (n_accepted: 81%) (u_error:  1.639761 %) (beta_change: 18.562170 %) (delta_change:  0.130231 %) (delta_peak/R:  0.939605 %)
iter:  12000 (Jcost: 5.454671e-03) (lr = 2.343e+00) (elapsed time: 7517.113) (secs/iter:  0.708) (n_accepted: 79%) (u_error:  1.639788 %) (beta_change: 18.702113 %) (delta_change:  0.130213 %) (delta_peak/R:  0.939541 %)
-> Saved file: /media/rafael/DATA/Dropbox/20220924_FIML_solver/data/output/field_inversion/Beta_k/u_imp_1/FI_run_T31_LL2_u_imp_1_k_imp_1_e_imp_0/FI_run_T31_LL2_u_imp_1_k_imp_1_e_imp_0_state_iter_12000.dat
iter:  12100 (Jcost: 5.454608e-03) (lr = 8.380e-01) (elapsed time: 7586.173) (secs/iter:  0.691) (n_accepted: 78%) (u_error:  1.639584 %) (beta_change: 18.854452 %) (delta_change:  0.130190 %) (delta_peak/R:  0.939721 %)
iter:  12200 (Jcost: 5.454545e-03) (lr = 7.194e-01) (elapsed time: 7653.826) (secs/iter:  0.677) (n_accepted: 79%) (u_error:  1.639802 %) (beta_change: 19.003755 %) (delta_change:  0.130173 %) (delta_peak/R:  0.939449 %)
iter:  12300 (Jcost: 5.454486e-03) (lr = 6.175e-01) (elapsed time: 7718.046) (secs/iter:  0.642) (n_accepted: 79%) (u_error:  1.639652 %) (beta_change: 19.143741 %) (delta_change:  0.130153 %) (delta_peak/R:  0.939574 %)
iter:  12400 (Jcost: 5.454423e-03) (lr = 1.272e+00) (elapsed time: 7777.387) (secs/iter:  0.593) (n_accepted: 80%) (u_error:  1.639637 %) (beta_change: 19.296652 %) (delta_change:  0.130133 %) (delta_peak/R:  0.939552 %)
iter:  12500 (Jcost: 5.454359e-03) (lr = 1.092e+00) (elapsed time: 7847.421) (secs/iter:  0.700) (n_accepted: 79%) (u_error:  1.639605 %) (beta_change: 19.449941 %) (delta_change:  0.130113 %) (delta_peak/R:  0.939547 %)
-> Saved file: /media/rafael/DATA/Dropbox/20220924_FIML_solver/data/output/field_inversion/Beta_k/u_imp_1/FI_run_T31_LL2_u_imp_1_k_imp_1_e_imp_0/FI_run_T31_LL2_u_imp_1_k_imp_1_e_imp_0_state_iter_12500.dat
iter:  12600 (Jcost: 5.454297e-03) (lr = 9.374e-01) (elapsed time: 7917.297) (secs/iter:  0.699) (n_accepted: 79%) (u_error:  1.639606 %) (beta_change: 19.597535 %) (delta_change:  0.130094 %) (delta_peak/R:  0.939507 %)
iter:  12700 (Jcost: 5.454234e-03) (lr = 8.046e-01) (elapsed time: 7987.951) (secs/iter:  0.707) (n_accepted: 79%) (u_error:  1.639568 %) (beta_change: 19.749510 %) (delta_change:  0.130074 %) (delta_peak/R:  0.939510 %)
iter:  12800 (Jcost: 5.454173e-03) (lr = 6.907e-01) (elapsed time: 8055.333) (secs/iter:  0.674) (n_accepted: 79%) (u_error:  1.639596 %) (beta_change: 19.896711 %) (delta_change:  0.130056 %) (delta_peak/R:  0.939443 %)
iter:  12900 (Jcost: 5.454112e-03) (lr = 1.423e+00) (elapsed time: 8124.405) (secs/iter:  0.691) (n_accepted: 80%) (u_error:  1.639506 %) (beta_change: 20.043671 %) (delta_change:  0.130036 %) (delta_peak/R:  0.939501 %)
iter:  13000 (Jcost: 5.454048e-03) (lr = 2.931e+00) (elapsed time: 8193.986) (secs/iter:  0.696) (n_accepted: 80%) (u_error:  1.639542 %) (beta_change: 20.197032 %) (delta_change:  0.130017 %) (delta_peak/R:  0.939424 %)
-> Saved file: /media/rafael/DATA/Dropbox/20220924_FIML_solver/data/output/field_inversion/Beta_k/u_imp_1/FI_run_T31_LL2_u_imp_1_k_imp_1_e_imp_0/FI_run_T31_LL2_u_imp_1_k_imp_1_e_imp_0_state_iter_13000.dat
iter:  13100 (Jcost: 5.453989e-03) (lr = 1.048e+00) (elapsed time: 8248.929) (secs/iter:  0.549) (n_accepted: 78%) (u_error:  1.639530 %) (beta_change: 20.339126 %) (delta_change:  0.129999 %) (delta_peak/R:  0.939400 %)
iter:  13200 (Jcost: 5.453921e-03) (lr = 3.750e-01) (elapsed time: 8290.885) (secs/iter:  0.420) (n_accepted: 78%) (u_error:  1.639312 %) (beta_change: 20.504534 %) (delta_change:  0.129975 %) (delta_peak/R:  0.939599 %)
iter:  13300 (Jcost: 5.453862e-03) (lr = 3.219e-01) (elapsed time: 8334.228) (secs/iter:  0.433) (n_accepted: 79%) (u_error:  1.639435 %) (beta_change: 20.644872 %) (delta_change:  0.129959 %) (delta_peak/R:  0.939424 %)
iter:  13400 (Jcost: 5.453800e-03) (lr = 3.820e+00) (elapsed time: 8389.165) (secs/iter:  0.549) (n_accepted: 82%) (u_error:  1.639483 %) (beta_change: 20.796493 %) (delta_change:  0.129941 %) (delta_peak/R:  0.939334 %)
iter:  13500 (Jcost: 5.453738e-03) (lr = 1.366e+00) (elapsed time: 8456.953) (secs/iter:  0.678) (n_accepted: 78%) (u_error:  1.639424 %) (beta_change: 20.945699 %) (delta_change:  0.129922 %) (delta_peak/R:  0.939359 %)
-> Saved file: /media/rafael/DATA/Dropbox/20220924_FIML_solver/data/output/field_inversion/Beta_k/u_imp_1/FI_run_T31_LL2_u_imp_1_k_imp_1_e_imp_0/FI_run_T31_LL2_u_imp_1_k_imp_1_e_imp_0_state_iter_13500.dat
iter:  13600 (Jcost: 5.453679e-03) (lr = 1.173e+00) (elapsed time: 8534.850) (secs/iter:  0.779) (n_accepted: 79%) (u_error:  1.639455 %) (beta_change: 21.087899 %) (delta_change:  0.129904 %) (delta_peak/R:  0.939289 %)
iter:  13700 (Jcost: 5.453617e-03) (lr = 4.195e-01) (elapsed time: 8595.512) (secs/iter:  0.607) (n_accepted: 78%) (u_error:  1.639366 %) (beta_change: 21.238035 %) (delta_change:  0.129885 %) (delta_peak/R:  0.939345 %)
iter:  13800 (Jcost: 5.453557e-03) (lr = 2.074e+00) (elapsed time: 8657.323) (secs/iter:  0.618) (n_accepted: 81%) (u_error:  1.639440 %) (beta_change: 21.384403 %) (delta_change:  0.129868 %) (delta_peak/R:  0.939228 %)
iter:  13900 (Jcost: 5.453494e-03) (lr = 3.091e-01) (elapsed time: 8727.566) (secs/iter:  0.702) (n_accepted: 77%) (u_error:  1.639250 %) (beta_change: 21.538801 %) (delta_change:  0.129846 %) (delta_peak/R:  0.939397 %)
iter:  14000 (Jcost: 5.453430e-03) (lr = 1.528e+00) (elapsed time: 8792.057) (secs/iter:  0.645) (n_accepted: 81%) (u_error:  1.639594 %) (beta_change: 21.693765 %) (delta_change:  0.129832 %) (delta_peak/R:  0.938984 %)
-> Saved file: /media/rafael/DATA/Dropbox/20220924_FIML_solver/data/output/field_inversion/Beta_k/u_imp_1/FI_run_T31_LL2_u_imp_1_k_imp_1_e_imp_0/FI_run_T31_LL2_u_imp_1_k_imp_1_e_imp_0_state_iter_14000.dat
iter:  14100 (Jcost: 5.453371e-03) (lr = 1.312e+00) (elapsed time: 8864.791) (secs/iter:  0.727) (n_accepted: 79%) (u_error:  1.639413 %) (beta_change: 21.834678 %) (delta_change:  0.129812 %) (delta_peak/R:  0.939142 %)
iter:  14200 (Jcost: 5.453310e-03) (lr = 4.692e-01) (elapsed time: 8931.577) (secs/iter:  0.668) (n_accepted: 78%) (u_error:  1.639357 %) (beta_change: 21.983705 %) (delta_change:  0.129793 %) (delta_peak/R:  0.939164 %)
iter:  14300 (Jcost: 5.453247e-03) (lr = 2.320e+00) (elapsed time: 8996.116) (secs/iter:  0.645) (n_accepted: 81%) (u_error:  1.639355 %) (beta_change: 22.135879 %) (delta_change:  0.129775 %) (delta_peak/R:  0.939127 %)
iter:  14400 (Jcost: 5.453185e-03) (lr = 8.297e-01) (elapsed time: 9065.269) (secs/iter:  0.692) (n_accepted: 78%) (u_error:  1.639364 %) (beta_change: 22.287789 %) (delta_change:  0.129757 %) (delta_peak/R:  0.939077 %)
iter:  14500 (Jcost: 5.453119e-03) (lr = 4.103e+00) (elapsed time: 9130.945) (secs/iter:  0.657) (n_accepted: 81%) (u_error:  1.639539 %) (beta_change: 22.448938 %) (delta_change:  0.129740 %) (delta_peak/R:  0.938849 %)
-> Saved file: /media/rafael/DATA/Dropbox/20220924_FIML_solver/data/output/field_inversion/Beta_k/u_imp_1/FI_run_T31_LL2_u_imp_1_k_imp_1_e_imp_0/FI_run_T31_LL2_u_imp_1_k_imp_1_e_imp_0_state_iter_14500.dat
iter:  14600 (Jcost: 5.453062e-03) (lr = 1.467e+00) (elapsed time: 9206.998) (secs/iter:  0.761) (n_accepted: 78%) (u_error:  1.639290 %) (beta_change: 22.587344 %) (delta_change:  0.129720 %) (delta_peak/R:  0.939079 %)
iter:  14700 (Jcost: 5.453000e-03) (lr = 2.187e-01) (elapsed time: 9277.496) (secs/iter:  0.705) (n_accepted: 77%) (u_error:  1.639290 %) (beta_change: 22.737973 %) (delta_change:  0.129702 %) (delta_peak/R:  0.939041 %)
iter:  14800 (Jcost: 5.452938e-03) (lr = 1.081e+00) (elapsed time: 9343.836) (secs/iter:  0.663) (n_accepted: 81%) (u_error:  1.639337 %) (beta_change: 22.888529 %) (delta_change:  0.129685 %) (delta_peak/R:  0.938951 %)
iter:  14900 (Jcost: 5.452874e-03) (lr = 9.281e-01) (elapsed time: 9413.076) (secs/iter:  0.692) (n_accepted: 79%) (u_error:  1.639320 %) (beta_change: 23.044686 %) (delta_change:  0.129666 %) (delta_peak/R:  0.938928 %)
iter:  15000 (Jcost: 5.452809e-03) (lr = 4.589e+00) (elapsed time: 9474.471) (secs/iter:  0.614) (n_accepted: 81%) (u_error:  1.639275 %) (beta_change: 23.204565 %) (delta_change:  0.129646 %) (delta_peak/R:  0.938935 %)
-> Saved file: /media/rafael/DATA/Dropbox/20220924_FIML_solver/data/output/field_inversion/Beta_k/u_imp_1/FI_run_T31_LL2_u_imp_1_k_imp_1_e_imp_0/FI_run_T31_LL2_u_imp_1_k_imp_1_e_imp_0_state_iter_15000.dat
iter:  15000 (Jcost: 5.452806e-03) (lr = 5.507e+00) (elapsed time: 9480.185) (secs/iter:   None) (n_accepted: 0%) (u_error:  1.639010 %) (beta_change: 23.212710 %) (delta_change:  0.129642 %) (delta_peak/R:  0.939231 %)
