# ------------------------------------------------------------------------
#                  Input Arguments
# ------------------------------------------------------------------------
# Begin_Input_Arguments
{ 'all_b_mode': ['Beta_k'],
  'args_mk_solver': { 'torch': "<module 'torch' from "
                               "'/home/rafael/anaconda3/lib/python3.9/site-packages/torch/__init__.py'>",
                      'y_grid': [0.0, 0.000309700312, 0.000638645973, 0.00098802599, 0.00135910194, 0.00175321227, 0.00217177688, 0.00261630193, 0.00308838486, 0.00358971984, 0.00412210331, 0.00468744001, 0.00528774917, 0.00592517114, 0.00660197432, 0.0073205624, 0.00808348206, 0.00889343092, 0.00975326602, 0.0106660126, 0.0116348733, 0.0126632377, 0.0137546927, 0.0149130326, 0.0161422702, 0.0174466482, 0.0188306506, 0.0202990157, 0.0218567475, 0.02350913, 0.0252617393, 0.0271204584, 0.0290914903, 0.0311813732, 0.033396994, 0.0357456039, 0.0382348325, 0.0408727029, 0.0436676462, 0.0466285159, 0.0497646022, 0.0530856456, 0.0566018496, 0.0603238931, 0.0642629411, 0.068430655, 0.0728392004, 0.0775012535, 0.0824300053, 0.0876391634, 0.0931429507, 0.0989561006, 0.105093849, 0.111571922, 0.118406518, 0.125614286, 0.133212296, 0.141218006, 0.14964922, 0.158524039, 0.167860801, 0.177678022, 0.187994313, 0.1988283, 0.21019853, 0.222123362, 0.234620856, 0.247708641, 0.261403784, 0.275722637, 0.290680679, 0.306292354, 0.322570888, 0.339528108, 0.357174255, 0.375517785, 0.394565175, 0.414320726, 0.43478637, 0.45596148, 0.47784269, 0.500423731, 0.523695275, 0.547644806, 0.572256506, 0.597511177, 0.623386184, 0.649855436, 0.676889401, 0.704455158, 0.73251649, 0.761034018, 0.789965372, 0.819265404, 0.848886442, 0.878778572, 0.908889961, 0.939167201, 0.969555687, 1.0],
                      'Ret': 186.000942,
                      'cp': 1.0,
                      'A_sca_rho': 1.0,
                      'A_sca_mu': 0.005376316857578065,
                      'A_sca_k': 0.005376316857578065,
                      'b_exp_rho': 0.0,
                      'b_exp_mu': 0.0,
                      'b_exp_k': 0.0,
                      'tensor_device': 'cpu',
                      'as_tensor': '<function '
                                   'Build_arguments_fi_run._mk_args_MK_solver.<locals>.<lambda> '
                                   'at 0x7f56f95f55e0>',
                      'ref_dns': { 'u_dns': [0.0, 0.0575939886, 0.118744757, 0.183641201, 0.252567608, 0.325772594, 0.403508168, 0.485883298, 0.573365193, 0.666267797, 0.764924011, 0.869686801, 0.980525995, 1.09809124, 1.2229199, 1.3554553, 1.49616717, 1.64496055, 1.80196912, 1.96863948, 2.14555646, 2.33333901, 2.53116846, 2.7381198, 2.95773788, 3.19078068, 3.43804936, 3.6924413, 3.95895119, 4.24165469, 4.54150586, 4.84771981, 5.1604823, 5.492104, 5.84367774, 6.18873404, 6.54101664, 6.91433543, 7.29912866, 7.65809896, 8.0383122, 8.44094928, 8.79517435, 9.16835643, 9.56226277, 9.89886039, 10.2549083, 10.6106237, 10.9261949, 11.2597195, 11.559796, 11.8529162, 12.1434155, 12.4009629, 12.6717479, 12.899244, 13.1390572, 13.3482087, 13.5618992, 13.7518461, 13.9446612, 14.1161648, 14.2914379, 14.4481731, 14.606311, 14.7549823, 14.8997973, 15.0430376, 15.1779805, 15.3133319, 15.4459637, 15.5750633, 15.70432, 15.8324247, 15.9579372, 16.0836919, 16.2094084, 16.3335969, 16.4568952, 16.5799419, 16.7024993, 16.8242591, 16.94379, 17.0620734, 17.1786605, 17.2931545, 17.4051661, 17.5141969, 17.6189767, 17.7191889, 17.8143381, 17.903482, 17.9856476, 18.0597648, 18.124784, 18.1797827, 18.2238583, 18.2563427, 18.2765821, 18.2834784],
                                   'T_dns': [1.0, 1.0, 1.0, 1.0, 1.0, 1.0, 1.0, 1.0, 1.0, 1.0, 1.0, 1.0, 1.0, 1.0, 1.0, 1.0, 1.0, 1.0, 1.0, 1.0, 1.0, 1.0, 1.0, 1.0, 1.0, 1.0, 1.0, 1.0, 1.0, 1.0, 1.0, 1.0, 1.0, 1.0, 1.0, 1.0, 1.0, 1.0, 1.0, 1.0, 1.0, 1.0, 1.0, 1.0, 1.0, 1.0, 1.0, 1.0, 1.0, 1.0, 1.0, 1.0, 1.0, 1.0, 1.0, 1.0, 1.0, 1.0, 1.0, 1.0, 1.0, 1.0, 1.0, 1.0, 1.0, 1.0, 1.0, 1.0, 1.0, 1.0, 1.0, 1.0, 1.0, 1.0, 1.0, 1.0, 1.0, 1.0, 1.0, 1.0, 1.0, 1.0, 1.0, 1.0, 1.0, 1.0, 1.0, 1.0, 1.0, 1.0, 1.0, 1.0, 1.0, 1.0, 1.0, 1.0, 1.0, 1.0, 1.0, 1.0],
                                   'mu_dns': [0.005376316857578065, 0.005376316857578065, 0.005376316857578065, 0.005376316857578065, 0.005376316857578065, 0.005376316857578065, 0.005376316857578065, 0.005376316857578065, 0.005376316857578065, 0.005376316857578065, 0.005376316857578065, 0.005376316857578065, 0.005376316857578065, 0.005376316857578065, 0.005376316857578065, 0.005376316857578065, 0.005376316857578065, 0.005376316857578065, 0.005376316857578065, 0.005376316857578065, 0.005376316857578065, 0.005376316857578065, 0.005376316857578065, 0.005376316857578065, 0.005376316857578065, 0.005376316857578065, 0.005376316857578065, 0.005376316857578065, 0.005376316857578065, 0.005376316857578065, 0.005376316857578065, 0.005376316857578065, 0.005376316857578065, 0.005376316857578065, 0.005376316857578065, 0.005376316857578065, 0.005376316857578065, 0.005376316857578065, 0.005376316857578065, 0.005376316857578065, 0.005376316857578065, 0.005376316857578065, 0.005376316857578065, 0.005376316857578065, 0.005376316857578065, 0.005376316857578065, 0.005376316857578065, 0.005376316857578065, 0.005376316857578065, 0.005376316857578065, 0.005376316857578065, 0.005376316857578065, 0.005376316857578065, 0.005376316857578065, 0.005376316857578065, 0.005376316857578065, 0.005376316857578065, 0.005376316857578065, 0.005376316857578065, 0.005376316857578065, 0.005376316857578065, 0.005376316857578065, 0.005376316857578065, 0.005376316857578065, 0.005376316857578065, 0.005376316857578065, 0.005376316857578065, 0.005376316857578065, 0.005376316857578065, 0.005376316857578065, 0.005376316857578065, 0.005376316857578065, 0.005376316857578065, 0.005376316857578065, 0.005376316857578065, 0.005376316857578065, 0.005376316857578065, 0.005376316857578065, 0.005376316857578065, 0.005376316857578065, 0.005376316857578065, 0.005376316857578065, 0.005376316857578065, 0.005376316857578065, 0.005376316857578065, 0.005376316857578065, 0.005376316857578065, 0.005376316857578065, 0.005376316857578065, 0.005376316857578065, 0.005376316857578065, 0.005376316857578065, 0.005376316857578065, 0.005376316857578065, 0.005376316857578065, 0.005376316857578065, 0.005376316857578065, 0.005376316857578065, 0.005376316857578065, 0.005376316857578065],
                                   'rho_dns': [1.0, 1.0, 1.0, 1.0, 1.0, 1.0, 1.0, 1.0, 1.0, 1.0, 1.0, 1.0, 1.0, 1.0, 1.0, 1.0, 1.0, 1.0, 1.0, 1.0, 1.0, 1.0, 1.0, 1.0, 1.0, 1.0, 1.0, 1.0, 1.0, 1.0, 1.0, 1.0, 1.0, 1.0, 1.0, 1.0, 1.0, 1.0, 1.0, 1.0, 1.0, 1.0, 1.0, 1.0, 1.0, 1.0, 1.0, 1.0, 1.0, 1.0, 1.0, 1.0, 1.0, 1.0, 1.0, 1.0, 1.0, 1.0, 1.0, 1.0, 1.0, 1.0, 1.0, 1.0, 1.0, 1.0, 1.0, 1.0, 1.0, 1.0, 1.0, 1.0, 1.0, 1.0, 1.0, 1.0, 1.0, 1.0, 1.0, 1.0, 1.0, 1.0, 1.0, 1.0, 1.0, 1.0, 1.0, 1.0, 1.0, 1.0, 1.0, 1.0, 1.0, 1.0, 1.0, 1.0, 1.0, 1.0, 1.0, 1.0]},
                      'case': 'Jimenez_Re180',
                      'constant_Sq_heat': 0.0,
                      'use_visc_heating': False,
                      'Pr_turb': 1.0,
                      'fprint': '<function '
                                'Build_arguments_fi_run._mk_args_MK_solver.<locals>.<lambda> '
                                'at 0x7f57060c0ee0>',
                      'compressible_correction': False,
                      'bool_solve_energy': False,
                      'output_last': False},
  'u_imp': 0.1,
  'k_imp': 1,
  'e_imp': 0,
  'solve_sparse_adj': True,
  'all_ref_beta_distrib': {'K': [1.0, 0.99999538, 0.99999039, 0.99998503, 0.99997929, 0.99997314, 0.99996658, 0.9999596, 0.99995223, 0.99994449, 0.99993643, 0.99992813, 0.99991967, 0.99991118, 0.99990281, 0.99989474, 0.99988722, 0.99988051, 0.99987493, 0.99987085, 0.99986871, 0.99986899, 0.99987224, 0.99987908, 0.9998902, 0.99990637, 0.99992844, 0.99995733, 0.99999407, 1.00003976, 1.0000956, 1.0001628, 1.00024252, 1.00033573, 1.00044305, 1.00056471, 1.00070048, 1.00084966, 1.00101121, 1.00118412, 1.00136776, 1.00156144, 1.00176347, 1.00197122, 1.0021821, 1.00239397, 1.00260494, 1.00281302, 1.00301608, 1.00321185, 1.00339786, 1.00357145, 1.00372974, 1.0038696, 1.00398768, 1.00408036, 1.00414376, 1.00417373, 1.00416585, 1.00411545, 1.00401761, 1.00386722, 1.00365898, 1.00338747, 1.00304722, 1.00263269, 1.00213846, 1.0015592, 1.00088988, 1.00012581, 0.99926275, 0.99829705, 0.99722574, 0.99604664, 0.99475854, 0.9933612, 0.99185546, 0.99024327, 0.98852772, 0.98671295, 0.98480394, 0.9828064, 0.98072644, 0.9785701, 0.97634252, 0.97404715, 0.97168548, 0.96926043, 0.96678932, 0.96432945, 0.96200474, 0.96000526, 0.95853773, 0.95774176, 0.95761963, 0.95802254, 0.95869786, 0.95936601, 0.95978969, 0.97996111], 'E': [1.0, 1.0, 1.0, 1.0, 1.0, 1.0, 1.0, 1.0, 1.0, 1.0, 1.0, 1.0, 1.0, 1.0, 1.0, 1.0, 1.0, 1.0, 1.0, 1.0, 1.0, 1.0, 1.0, 1.0, 1.0, 1.0, 1.0, 1.0, 1.0, 1.0, 1.0, 1.0, 1.0, 1.0, 1.0, 1.0, 1.0, 1.0, 1.0, 1.0, 1.0, 1.0, 1.0, 1.0, 1.0, 1.0, 1.0, 1.0, 1.0, 1.0, 1.0, 1.0, 1.0, 1.0, 1.0, 1.0, 1.0, 1.0, 1.0, 1.0, 1.0, 1.0, 1.0, 1.0, 1.0, 1.0, 1.0, 1.0, 1.0, 1.0, 1.0, 1.0, 1.0, 1.0, 1.0, 1.0, 1.0, 1.0, 1.0, 1.0, 1.0, 1.0, 1.0, 1.0, 1.0, 1.0, 1.0, 1.0, 1.0, 1.0, 1.0, 1.0, 1.0, 1.0, 1.0, 1.0, 1.0, 1.0, 1.0, 1.0]},
  'all_ref_delta_distrib': {'K': [-0.0, 5.5559038550528995e-05, 0.0001162120576677182, 0.00018214884729926152, 0.00025372720228242717, 0.0003316063381513298, 0.0004161437291921863, 0.0005078934488086475, 0.0006069889962495322, 0.0007137705605853676, 0.0008282816025121666, 0.0009502518268008549, 0.001079473387263987, 0.0012151134393574559, 0.001356058033089671, 0.0015007118962397418, 0.0016463202501303038, 0.0017896672284434983, 0.0019261703967124206, 0.002049754544869854, 0.0021521909187197006, 0.002223140459925721, 0.0022491576274005685, 0.0022130478603038296, 0.0020931411695049294, 0.001862313517946119, 0.0014871656183221876, 0.0009274983299202872, 0.00013489925730097467, -0.0009467171300762735, -0.002381695700266105, -0.004239847110576482, -0.006593121649918248, -0.009508064331569692, -0.013034228193043746, -0.017193141081501644, -0.021966693019459024, -0.02729038524869434, -0.03305579517648158, -0.03912676093862236, -0.045360278199518815, -0.05160351231806116, -0.057674525564705155, -0.06337704497888487, -0.06854388588909188, -0.07305605022245541, -0.07683694611626733, -0.07983952653450496, -0.08204190156772079, -0.08344331325975442, -0.08405839586124478, -0.08391376580100063, -0.08304413789055382, -0.0814892371913766, -0.07929267288157378, -0.07649957774720802, -0.07315603375211852, -0.06930837447178238, -0.06500290185026168, -0.0602860187538803, -0.055204049673325865, -0.04980388000186557, -0.04413260761408174, -0.03823802964762467, -0.032168862385605186, -0.025973859035324433, -0.01970304682790579, -0.013406459381119852, -0.007135074365070787, -0.0009399365332819002, 0.005128132150522657, 0.011018735630480878, 0.01668256346827657, 0.022071923290720896, 0.027140937054254962, 0.031846776299771735, 0.0361501570873417, 0.04001618432002456, 0.04341506534187721, 0.046323145196971886, 0.04872406127980806, 0.05060922044054409, 0.05197873964953806, 0.052842353808537, 0.05322069241747721, 0.053145734699326555, 0.05265983611921242, 0.05180884814512829, 0.05062445363475447, 0.04910044537107146, 0.04718546837941757, 0.04481733174578103, 0.04199258818896262, 0.038824774903296, 0.03554574918163646, 0.03244832429546542, 0.029809893888851993, 0.027840158012274206, 0.02666846596141978, 0.01314464355489632], 'E': [-0.0, -0.0, -0.0, -0.0, -0.0, -0.0, -0.0, -0.0, -0.0, -0.0, -0.0, -0.0, -0.0, -0.0, -0.0, -0.0, -0.0, -0.0, -0.0, -0.0, -0.0, -0.0, -0.0, -0.0, -0.0, -0.0, -0.0, -0.0, -0.0, -0.0, -0.0, -0.0, -0.0, -0.0, -0.0, -0.0, -0.0, -0.0, -0.0, -0.0, -0.0, -0.0, -0.0, -0.0, -0.0, -0.0, -0.0, -0.0, -0.0, -0.0, -0.0, -0.0, -0.0, -0.0, -0.0, -0.0, -0.0, -0.0, -0.0, -0.0, -0.0, -0.0, -0.0, -0.0, -0.0, -0.0, -0.0, -0.0, -0.0, -0.0, -0.0, -0.0, -0.0, -0.0, -0.0, -0.0, -0.0, -0.0, -0.0, -0.0, -0.0, -0.0, -0.0, -0.0, -0.0, -0.0, -0.0, -0.0, -0.0, -0.0, -0.0, -0.0, -0.0, -0.0, -0.0, -0.0, -0.0, -0.0, -0.0, -0.0]},
  'fname_print': '/media/rafael/DATA/Dropbox/20220924_FIML_solver/data/output/field_inversion/Beta_k/u_imp_0.1/FI_run_Jimenez_Re180_u_imp_0.1_k_imp_1_e_imp_0/FI_run_Jimenez_Re180_u_imp_0.1_k_imp_1_e_imp_0.log',
  'folder': '/media/rafael/DATA/Dropbox/20220924_FIML_solver/data/output/field_inversion/Beta_k/u_imp_0.1/FI_run_Jimenez_Re180_u_imp_0.1_k_imp_1_e_imp_0',
  'iters_limit': 15000}
# End_Input_Arguments

# ------------------------------------------------------------------------
#                  Iterations
# ------------------------------------------------------------------------

iter:      0 (Jcost: 1.467746e-03) (lr = 1.000e-03) (elapsed time:  0.001) (secs/iter:   None) (n_accepted: 0%) (u_error:  2.983254 %) (beta_change:  4.238037 %) (delta_change:  0.202166 %) (delta_peak/R:  0.000000 %)
-> Saved file: /media/rafael/DATA/Dropbox/20220924_FIML_solver/data/output/field_inversion/Beta_k/u_imp_0.1/FI_run_Jimenez_Re180_u_imp_0.1_k_imp_1_e_imp_0/FI_run_Jimenez_Re180_u_imp_0.1_k_imp_1_e_imp_0_state_iter_0.dat
iter:    100 (Jcost: 1.365205e-03) (lr = 1.089e+01) (elapsed time: 123.269) (secs/iter:  1.233) (n_accepted: 90%) (u_error:  2.819284 %) (beta_change:  3.357848 %) (delta_change:  0.072182 %) (delta_peak/R:  0.187051 %)
iter:    200 (Jcost: 1.360631e-03) (lr = 6.759e-01) (elapsed time: 238.023) (secs/iter:  1.148) (n_accepted: 76%) (u_error:  2.813689 %) (beta_change:  2.636436 %) (delta_change:  0.049529 %) (delta_peak/R:  0.190881 %)
iter:    300 (Jcost: 1.358950e-03) (lr = 5.802e-01) (elapsed time: 342.700) (secs/iter:  1.047) (n_accepted: 79%) (u_error:  2.811387 %) (beta_change:  2.004280 %) (delta_change:  0.034730 %) (delta_peak/R:  0.192439 %)
iter:    400 (Jcost: 1.358205e-03) (lr = 6.885e+00) (elapsed time: 445.892) (secs/iter:  1.032) (n_accepted: 82%) (u_error:  2.810917 %) (beta_change:  1.517409 %) (delta_change:  0.025332 %) (delta_peak/R:  0.192902 %)
iter:    500 (Jcost: 1.357768e-03) (lr = 1.026e+00) (elapsed time: 552.890) (secs/iter:  1.070) (n_accepted: 77%) (u_error:  2.810043 %) (beta_change:  1.090238 %) (delta_change:  0.017841 %) (delta_peak/R:  0.193471 %)
-> Saved file: /media/rafael/DATA/Dropbox/20220924_FIML_solver/data/output/field_inversion/Beta_k/u_imp_0.1/FI_run_Jimenez_Re180_u_imp_0.1_k_imp_1_e_imp_0/FI_run_Jimenez_Re180_u_imp_0.1_k_imp_1_e_imp_0_state_iter_500.dat
iter:    600 (Jcost: 1.357511e-03) (lr = 8.807e-01) (elapsed time: 657.258) (secs/iter:  1.044) (n_accepted: 79%) (u_error:  2.809946 %) (beta_change:  0.740891 %) (delta_change:  0.012046 %) (delta_peak/R:  0.193627 %)
iter:    700 (Jcost: 1.357345e-03) (lr = 1.814e+00) (elapsed time: 765.139) (secs/iter:  1.079) (n_accepted: 80%) (u_error:  2.809767 %) (beta_change:  0.438509 %) (delta_change:  0.008384 %) (delta_peak/R:  0.193791 %)
iter:    800 (Jcost: 1.357242e-03) (lr = 3.738e+00) (elapsed time: 859.448) (secs/iter:  0.943) (n_accepted: 80%) (u_error:  2.809658 %) (beta_change:  0.196979 %) (delta_change:  0.008267 %) (delta_peak/R:  0.193899 %)
iter:    900 (Jcost: 1.357166e-03) (lr = 3.209e+00) (elapsed time: 951.362) (secs/iter:  0.919) (n_accepted: 79%) (u_error:  2.809295 %) (beta_change:  0.104485 %) (delta_change:  0.008056 %) (delta_peak/R:  0.194116 %)
iter:   1000 (Jcost: 1.357117e-03) (lr = 6.611e+00) (elapsed time: 1047.335) (secs/iter:  0.960) (n_accepted: 80%) (u_error:  2.809174 %) (beta_change:  0.210280 %) (delta_change:  0.007960 %) (delta_peak/R:  0.194208 %)
-> Saved file: /media/rafael/DATA/Dropbox/20220924_FIML_solver/data/output/field_inversion/Beta_k/u_imp_0.1/FI_run_Jimenez_Re180_u_imp_0.1_k_imp_1_e_imp_0/FI_run_Jimenez_Re180_u_imp_0.1_k_imp_1_e_imp_0_state_iter_1000.dat
iter:   1100 (Jcost: 1.357084e-03) (lr = 9.852e-01) (elapsed time: 1150.429) (secs/iter:  1.031) (n_accepted: 77%) (u_error:  2.809312 %) (beta_change:  0.367315 %) (delta_change:  0.007993 %) (delta_peak/R:  0.194173 %)
iter:   1200 (Jcost: 1.357058e-03) (lr = 4.871e+00) (elapsed time: 1235.302) (secs/iter:  0.849) (n_accepted: 81%) (u_error:  2.808884 %) (beta_change:  0.512084 %) (delta_change:  0.008193 %) (delta_peak/R:  0.194395 %)
iter:   1300 (Jcost: 1.357042e-03) (lr = 1.742e+00) (elapsed time: 1322.908) (secs/iter:  0.876) (n_accepted: 78%) (u_error:  2.808879 %) (beta_change:  0.624540 %) (delta_change:  0.010011 %) (delta_peak/R:  0.194415 %)
iter:   1400 (Jcost: 1.357029e-03) (lr = 8.614e+00) (elapsed time: 1403.597) (secs/iter:  0.807) (n_accepted: 81%) (u_error:  2.808937 %) (beta_change:  0.730643 %) (delta_change:  0.011727 %) (delta_peak/R:  0.194404 %)
iter:   1500 (Jcost: 1.357020e-03) (lr = 1.284e+00) (elapsed time: 1492.451) (secs/iter:  0.889) (n_accepted: 77%) (u_error:  2.808825 %) (beta_change:  0.819583 %) (delta_change:  0.013164 %) (delta_peak/R:  0.194469 %)
-> Saved file: /media/rafael/DATA/Dropbox/20220924_FIML_solver/data/output/field_inversion/Beta_k/u_imp_0.1/FI_run_Jimenez_Re180_u_imp_0.1_k_imp_1_e_imp_0/FI_run_Jimenez_Re180_u_imp_0.1_k_imp_1_e_imp_0_state_iter_1500.dat
iter:   1600 (Jcost: 1.357014e-03) (lr = 6.347e+00) (elapsed time: 1579.905) (secs/iter:  0.875) (n_accepted: 81%) (u_error:  2.808880 %) (beta_change:  0.892638 %) (delta_change:  0.014345 %) (delta_peak/R:  0.194453 %)
iter:   1700 (Jcost: 1.357010e-03) (lr = 1.308e+01) (elapsed time: 1653.941) (secs/iter:  0.740) (n_accepted: 80%) (u_error:  2.808743 %) (beta_change:  0.959837 %) (delta_change:  0.015431 %) (delta_peak/R:  0.194525 %)
iter:   1738 (Jcost: 1.357010e-03) (lr = 5.709e-11) (elapsed time: 1666.040) (secs/iter:  0.318) (n_accepted: 3%) (u_error:  2.808841 %) (beta_change:  0.960021 %) (delta_change:  0.015434 %) (delta_peak/R:  0.194479 %)
-> Saved file: /media/rafael/DATA/Dropbox/20220924_FIML_solver/data/output/field_inversion/Beta_k/u_imp_0.1/FI_run_Jimenez_Re180_u_imp_0.1_k_imp_1_e_imp_0/FI_run_Jimenez_Re180_u_imp_0.1_k_imp_1_e_imp_0_state_iter_1738.dat
